0.1 -0.0549537
0.2 -0.109959
0.3 -0.165018
0.4 -0.220129
0.5 -0.275294
0.6 -0.330513
0.7 -0.385786
0.8 -0.441115
0.9 -0.496499
1 -0.55194
0.247713 -0.56194
0.495403 -0.57194
0.743046 -0.58194
0.990658 -0.59194
1.23823 -0.60194
1.48576 -0.61194
1.73325 -0.62194
1.9807 -0.63194
2.22811 -0.64194
2.47548 -0.65194
2.72282 -0.66194
2.97023 -0.67194
3.21764 -0.68194
3.46501 -0.69194
3.71239 -0.70194
3.95973 -0.71194
4.20702 -0.72194
4.45427 -0.73194
4.70149 -0.74194
4.94866 -0.75194
5.19578 -0.76194
5.44283 -0.77194
5.68985 -0.78194
5.93687 -0.79194
6.18389 -0.80194
6.43088 -0.81194
6.67785 -0.82194
6.92477 -0.83194
7.17166 -0.84194
7.41853 -0.85194
7.66535 -0.86194
7.91213 -0.87194
8.15887 -0.88194
8.40556 -0.89194
8.65221 -0.90194
8.89882 -0.91194
9.14539 -0.92194
9.39192 -0.93194
9.63841 -0.94194
9.88486 -0.95194
10.1313 -0.96194
10.3776 -0.97194
10.6239 -0.98194
10.8702 -0.99194
11.1165 -1.00194
11.3626 -1.01194
11.6088 -1.02194
11.8549 -1.03194
12.1009 -1.04194
12.3469 -1.05194
12.5929 -1.06194
12.8388 -1.07194
13.0847 -1.08194
13.3305 -1.09194
13.5763 -1.10194
13.8221 -1.11194
14.0677 -1.12194
14.3134 -1.13194
14.559 -1.14194
14.8046 -1.15194
15.0501 -1.16194
15.2956 -1.17194
15.541 -1.18194
15.7864 -1.19194
16.0317 -1.20194
16.277 -1.21194
16.5223 -1.22194
16.7674 -1.23194
17.0126 -1.24194
17.2577 -1.25194
17.5028 -1.26194
17.7478 -1.27194
17.9927 -1.28194
18.2376 -1.29194
18.4825 -1.30194
18.7273 -1.31194
18.9721 -1.32194
19.2168 -1.33194
19.4615 -1.34194
19.7061 -1.35194
19.9507 -1.36194
20.1952 -1.37194
20.4397 -1.38194
20.6841 -1.39194
20.9285 -1.40194
21.1729 -1.41194
21.4172 -1.42194
21.6615 -1.43194
21.9057 -1.44194
22.1499 -1.45194
22.394 -1.46194
22.6381 -1.47194
22.8822 -1.48194
23.1262 -1.49194
23.3701 -1.50194
23.614 -1.51194
23.8579 -1.52194
24.1017 -1.53194
24.3454 -1.54194
24.5892 -1.55194
24.8328 -1.56194
25.0765 -1.57194
25.32 -1.58194
25.5636 -1.59194
25.8071 -1.60194
26.0505 -1.61194
26.2939 -1.62194
26.5372 -1.63194
26.7805 -1.64194
27.0238 -1.65194
27.267 -1.66194
27.5102 -1.67194
27.7533 -1.68194
27.9963 -1.69194
28.2394 -1.70194
28.4823 -1.71194
28.7252 -1.72194
28.9681 -1.73194
29.2109 -1.74194
29.4537 -1.75194
29.6964 -1.76194
29.9391 -1.77194
30.1818 -1.78194
30.4243 -1.79194
30.6669 -1.80194
30.9094 -1.81194
31.1518 -1.82194
31.3942 -1.83194
31.6365 -1.84194
31.8788 -1.85194
32.1211 -1.86194
32.3633 -1.87194
32.6054 -1.88194
32.8475 -1.89194
33.0896 -1.90194
33.3316 -1.91194
33.5735 -1.92194
33.8154 -1.93194
34.0573 -1.94194
34.2991 -1.95194
34.5408 -1.96194
34.7825 -1.97194
35.0242 -1.98194
35.2658 -1.99194
35.5073 -2.00194
35.7488 -2.01194
35.9903 -2.02194
36.2317 -2.03194
36.473 -2.04194
36.7144 -2.05194
36.9556 -2.06194
37.1968 -2.07194
37.438 -2.08194
37.6791 -2.09194
37.9202 -2.10194
38.1612 -2.11194
38.4021 -2.12194
38.6431 -2.13194
38.8839 -2.14194
39.1247 -2.15194
39.3655 -2.16194
39.6062 -2.17194
39.8469 -2.18194
40.0875 -2.19194
40.3281 -2.20194
40.5686 -2.21194
40.809 -2.22194
41.0495 -2.23194
41.2898 -2.24194
41.5301 -2.25194
41.7704 -2.26194
42.0106 -2.27194
42.2508 -2.28194
42.4909 -2.29194
42.731 -2.30194
42.971 -2.31194
43.211 -2.32194
43.4509 -2.33194
43.6907 -2.34194
43.9305 -2.35194
44.1703 -2.36194
44.41 -2.37194
44.6497 -2.38194
44.8893 -2.39194
45.1288 -2.40194
45.3683 -2.41194
45.6078 -2.42194
45.8472 -2.43194
46.0865 -2.44194
46.3258 -2.45194
46.5651 -2.46194
46.8043 -2.47194
47.0434 -2.48194
47.2825 -2.49194
47.5216 -2.50194
47.7605 -2.51194
47.9995 -2.52194
48.2384 -2.53194
48.4772 -2.54194
48.716 -2.55194
48.9547 -2.56194
49.1934 -2.57194
49.432 -2.58194
49.6706 -2.59194
49.9091 -2.60194
50.1476 -2.61194
50.386 -2.62194
50.6243 -2.63194
50.8627 -2.64194
51.1009 -2.65194
51.3391 -2.66194
51.5773 -2.67194
51.8154 -2.68194
52.0534 -2.69194
52.2914 -2.70194
52.5293 -2.71194
52.7672 -2.72194
53.0051 -2.73194
53.2428 -2.74194
53.4806 -2.75194
53.7182 -2.76194
53.9559 -2.77194
54.1934 -2.78194
54.4309 -2.79194
54.6684 -2.80194
54.9058 -2.81194
55.1431 -2.82194
55.3804 -2.83194
55.6177 -2.84194
55.8549 -2.85194
56.092 -2.86194
56.3291 -2.87194
56.5661 -2.88194
56.8031 -2.89194
57.04 -2.90194
57.2768 -2.91194
57.5137 -2.92194
57.7504 -2.93194
57.9871 -2.94194
58.2237 -2.95194
58.4603 -2.96194
58.6969 -2.97194
58.9333 -2.98194
59.1698 -2.99194
59.4061 -3.00194
59.6424 -3.01194
59.8787 -3.02194
60.1149 -3.03194
60.351 -3.04194
60.5871 -3.05194
60.8232 -3.06194
61.0591 -3.07194
61.2951 -3.08194
61.5309 -3.09194
61.7667 -3.10194
62.0025 -3.11194
62.2382 -3.12194
62.4738 -3.13194
62.7094 -3.14194
62.9449 -3.15194
63.1804 -3.16194
63.4158 -3.17194
63.6512 -3.18194
63.8865 -3.19194
64.1217 -3.20194
64.3569 -3.21194
64.5921 -3.22194
64.8271 -3.23194
65.0622 -3.24194
65.2971 -3.25194
65.532 -3.26194
65.7669 -3.27194
66.0017 -3.28194
66.2364 -3.29194
66.4711 -3.30194
66.7057 -3.31194
66.9402 -3.32194
67.1747 -3.33194
67.4092 -3.34194
67.6436 -3.35194
67.8779 -3.36194
68.1122 -3.37194
68.3464 -3.38194
68.5805 -3.39194
68.8146 -3.40194
69.0487 -3.41194
69.2827 -3.42194
69.5166 -3.43194
69.7504 -3.44194
69.9842 -3.45194
70.218 -3.46194
70.4517 -3.47194
70.6853 -3.48194
70.9189 -3.49194
71.1524 -3.50194
71.3858 -3.51194
71.6192 -3.52194
71.8525 -3.53194
72.0858 -3.54194
72.319 -3.55194
72.5522 -3.56194
72.7852 -3.57194
73.0183 -3.58194
73.2512 -3.59194
73.4842 -3.60194
73.717 -3.61194
73.9498 -3.62194
74.1825 -3.63194
74.4152 -3.64194
74.6478 -3.65194
74.88 -3.66194
75.1093 -3.67194
75.3321 -3.68194
75.5462 -3.69194
75.7434 -3.70194
75.8698 -3.71194
75.9664 -3.72194
76.0611 -3.73194
76.1557 -3.74194
76.2373 -3.75194
76.2979 -3.76194
76.3508 -3.77194
76.4021 -3.78194
76.4517 -3.79194
76.4995 -3.80194
76.5447 -3.81194
76.5878 -3.82194
76.6278 -3.83194
76.6661 -3.84194
76.7042 -3.85194
76.7419 -3.86194
76.7792 -3.87194
76.816 -3.88194
76.8524 -3.89194
76.8882 -3.90194
76.9237 -3.91194
76.9586 -3.92194
76.993 -3.93194
77.0273 -3.94194
77.0616 -3.95194
77.0957 -3.96194
77.1298 -3.97194
77.1637 -3.98194
77.1975 -3.99194
77.2313 -4.00194
77.2649 -4.01194
77.2975 -4.02194
77.3293 -4.03194
77.3594 -4.04194
77.3893 -4.05194
77.4161 -4.06194
77.4427 -4.07194
77.4671 -4.08194
77.4902 -4.09194
77.5117 -4.10194
77.5332 -4.11194
77.5545 -4.12194
77.5758 -4.13194
77.597 -4.14194
77.6179 -4.15194
77.6387 -4.16194
77.659 -4.17194
77.6791 -4.18194
77.6991 -4.19194
77.719 -4.20194
77.7382 -4.21194
77.7573 -4.22194
77.7763 -4.23194
77.795 -4.24194
77.8132 -4.25194
77.8314 -4.26194
77.8493 -4.27194
77.867 -4.28194
77.8847 -4.29194
77.9022 -4.30194
77.9197 -4.31194
77.9371 -4.32194
77.9545 -4.33194
77.9717 -4.34194
77.9888 -4.35194
78.0059 -4.36194
78.0227 -4.37194
78.0388 -4.38194
78.0548 -4.39194
78.0705 -4.40194
78.0845 -4.41194
78.0984 -4.42194
78.1122 -4.43194
78.126 -4.44194
78.1376 -4.45194
78.1487 -4.46194
78.1598 -4.47194
78.1708 -4.48194
78.1806 -4.49194
78.1891 -4.50194
78.1976 -4.51194
78.2052 -4.52194
78.2121 -4.53194
78.219 -4.54194
78.2259 -4.55194
78.2326 -4.56194
78.239 -4.57194
78.2453 -4.58194
78.2516 -4.59194
78.2578 -4.60194
78.2638 -4.61194
78.2692 -4.62194
78.2746 -4.63194
78.2799 -4.64194
78.2852 -4.65194
78.2904 -4.66194
78.2955 -4.67194
78.3005 -4.68194
78.305 -4.69194
78.3092 -4.70194
78.3133 -4.71194
78.3174 -4.72194
78.3215 -4.73194
78.3254 -4.74194
78.3293 -4.75194
78.3332 -4.76194
78.3365 -4.77194
78.3397 -4.78194
78.3428 -4.79194
78.3458 -4.80194
78.3488 -4.81194
78.3516 -4.82194
78.3542 -4.83194
78.3567 -4.84194
78.3591 -4.85194
78.3615 -4.86194
78.3639 -4.87194
78.3661 -4.88194
78.3684 -4.89194
78.3704 -4.90194
78.3723 -4.91194
78.3741 -4.92194
78.3757 -4.93194
78.3769 -4.94194
78.378 -4.95194
78.3791 -4.96194
78.3801 -4.97194
78.381 -4.98194
78.3812 -4.99194
78.3815 -5.00194
78.3817 -5.01194
78.3817 -5.02194
78.3817 -5.03194
78.3812 -5.04194
78.3806 -5.05194
78.3799 -5.06194
78.3792 -5.07194
78.3781 -5.08194
78.3769 -5.09194
78.3755 -5.10194
78.3742 -5.11194
78.3728 -5.12194
78.3713 -5.13194
78.3699 -5.14194
78.3684 -5.15194
78.3668 -5.16194
78.3652 -5.17194
78.3634 -5.18194
78.3612 -5.19194
78.3591 -5.20194
78.3569 -5.21194
78.3547 -5.22194
78.3524 -5.23194
78.3501 -5.24194
78.3473 -5.25194
78.3446 -5.26194
78.3418 -5.27194
78.3389 -5.28194
78.336 -5.29194
78.3329 -5.30194
78.3297 -5.31194
78.3266 -5.32194
78.3234 -5.33194
78.3201 -5.34194
78.3167 -5.35194
78.313 -5.36194
78.3091 -5.37194
78.3052 -5.38194
78.3013 -5.39194
78.2973 -5.40194
78.2933 -5.41194
78.2893 -5.42194
78.2852 -5.43194
78.2811 -5.44194
78.277 -5.45194
78.2729 -5.46194
78.2686 -5.47194
78.264 -5.48194
78.2594 -5.49194
78.2548 -5.50194
78.2501 -5.51194
78.2455 -5.52194
78.2408 -5.53194
78.236 -5.54194
78.2311 -5.55194
78.2261 -5.56194
78.221 -5.57194
78.2159 -5.58194
78.2106 -5.59194
78.2053 -5.60194
78.1999 -5.61194
78.1945 -5.62194
78.1891 -5.63194
78.1837 -5.64194
78.1782 -5.65194
78.1726 -5.66194
78.1669 -5.67194
78.1611 -5.68194
78.1554 -5.69194
78.1496 -5.70194
78.1438 -5.71194
78.138 -5.72194
78.132 -5.73194
78.126 -5.74194
78.1199 -5.75194
78.1138 -5.76194
78.1075 -5.77194
78.1012 -5.78194
78.0948 -5.79194
78.0884 -5.80194
78.0819 -5.81194
78.0751 -5.82194
78.0683 -5.83194
78.0615 -5.84194
78.0546 -5.85194
78.0478 -5.86194
78.0409 -5.87194
78.034 -5.88194
78.0269 -5.89194
78.0195 -5.90194
78.0122 -5.91194
78.0048 -5.92194
77.9975 -5.93194
77.9901 -5.94194
77.9827 -5.95194
77.9753 -5.96194
77.9677 -5.97194
77.96 -5.98194
77.9522 -5.99194
77.9444 -6.00194
77.9366 -6.01194
77.9288 -6.02194
77.9208 -6.03194
77.9128 -6.04194
77.9049 -6.05194
77.8969 -6.06194
77.8888 -6.07194
77.8808 -6.08194
77.8728 -6.09194
77.8648 -6.10194
77.8568 -6.11194
77.8487 -6.12194
77.8407 -6.13194
77.8326 -6.14194
77.8246 -6.15194
77.8165 -6.16194
77.8084 -6.17194
77.8004 -6.18194
77.7923 -6.19194
77.7842 -6.20194
77.7761 -6.21194
77.768 -6.22194
77.7599 -6.23194
77.7517 -6.24194
77.7436 -6.25194
77.7355 -6.26194
77.7274 -6.27194
77.7192 -6.28194
77.7111 -6.29194
77.7029 -6.30194
77.6947 -6.31194
77.6866 -6.32194
77.6784 -6.33194
77.6702 -6.34194
77.662 -6.35194
77.6538 -6.36194
77.6456 -6.37194
77.6374 -6.38194
77.6292 -6.39194
77.621 -6.40194
77.6127 -6.41194
77.6045 -6.42194
77.5962 -6.43194
77.588 -6.44194
77.5797 -6.45194
77.5715 -6.46194
77.5632 -6.47194
77.5548 -6.48194
77.5464 -6.49194
77.538 -6.50194
77.5296 -6.51194
77.5212 -6.52194
77.5128 -6.53194
77.5044 -6.54194
77.496 -6.55194
77.4876 -6.56194
77.4791 -6.57194
77.4707 -6.58194
77.4622 -6.59194
77.4537 -6.60194
77.445 -6.61194
77.4364 -6.62194
77.4277 -6.63194
77.4191 -6.64194
77.4104 -6.65194
77.4017 -6.66194
77.393 -6.67194
77.3844 -6.68194
77.3757 -6.69194
77.367 -6.70194
77.3583 -6.71194
77.3496 -6.72194
77.3409 -6.73194
77.3322 -6.74194
77.3235 -6.75194
77.3147 -6.76194
77.306 -6.77194
77.2972 -6.78194
77.2883 -6.79194
77.2793 -6.80194
77.2703 -6.81194
77.2614 -6.82194
77.2524 -6.83194
77.2434 -6.84194
77.2344 -6.85194
77.2254 -6.86194
77.2164 -6.87194
77.2074 -6.88194
77.1984 -6.89194
77.1894 -6.90194
77.1803 -6.91194
77.1713 -6.92194
77.1623 -6.93194
77.1532 -6.94194
77.1442 -6.95194
77.1351 -6.96194
77.1261 -6.97194
77.1169 -6.98194
77.1076 -6.99194
77.0984 -7.00194
77.0892 -7.01194
77.0799 -7.02194
77.0707 -7.03194
77.0618 -7.04194
77.053 -7.05194
77.0443 -7.06194
77.0355 -7.07194
77.0267 -7.08194
77.0179 -7.09194
77.0091 -7.10194
77.0009 -7.11194
76.9928 -7.12194
76.9848 -7.13194
76.9767 -7.14194
76.9687 -7.15194
76.9606 -7.16194
76.9526 -7.17194
76.9445 -7.18194
76.9365 -7.19194
76.9284 -7.20194
76.9207 -7.21194
76.9137 -7.22194
76.9066 -7.23194
76.8996 -7.24194
76.8926 -7.25194
76.8856 -7.26194
76.8785 -7.27194
76.8715 -7.28194
76.8645 -7.29194
76.8574 -7.30194
76.851 -7.31194
76.8449 -7.32194
76.8387 -7.33194
76.8326 -7.34194
76.8264 -7.35194
76.8202 -7.36194
76.8142 -7.37194
76.8084 -7.38194
76.8026 -7.39194
76.7969 -7.40194
76.7911 -7.41194
76.7853 -7.42194
76.7796 -7.43194
76.7738 -7.44194
76.768 -7.45194
76.7622 -7.46194
76.7564 -7.47194
76.7506 -7.48194
76.7448 -7.49194
76.739 -7.50194
76.7331 -7.51194
76.7273 -7.52194
76.7215 -7.53194
76.7156 -7.54194
76.7098 -7.55194
76.7043 -7.56194
76.6989 -7.57194
76.6935 -7.58194
76.688 -7.59194
76.6826 -7.60194
76.6776 -7.61194
76.6729 -7.62194
76.6683 -7.63194
76.6636 -7.64194
76.659 -7.65194
76.6543 -7.66194
76.6496 -7.67194
76.6449 -7.68194
76.6407 -7.69194
76.637 -7.70194
76.6332 -7.71194
76.6294 -7.72194
76.6256 -7.73194
76.6218 -7.74194
76.618 -7.75194
76.6142 -7.76194
76.6109 -7.77194
76.6078 -7.78194
76.6046 -7.79194
76.6015 -7.80194
76.5983 -7.81194
76.5951 -7.82194
76.5922 -7.83194
76.5893 -7.84194
76.5864 -7.85194
76.5834 -7.86194
76.5805 -7.87194
76.5776 -7.88194
76.5747 -7.89194
76.5718 -7.90194
76.5688 -7.91194
76.5659 -7.92194
76.563 -7.93194
76.56 -7.94194
76.5571 -7.95194
76.5542 -7.96194
76.5513 -7.97194
76.5483 -7.98194
76.5453 -7.99194
76.5422 -8.00194
76.5391 -8.01194
76.536 -8.02194
76.5329 -8.03194
76.5298 -8.04194
76.5268 -8.05194
76.5237 -8.06194
76.5206 -8.07194
76.5175 -8.08194
76.5144 -8.09194
76.5113 -8.10194
76.5083 -8.11194
76.5051 -8.12194
76.502 -8.13194
76.4989 -8.14194
76.4958 -8.15194
76.4927 -8.16194
76.4895 -8.17194
76.4864 -8.18194
76.4833 -8.19194
76.4802 -8.20194
76.4771 -8.21194
76.4739 -8.22194
76.4708 -8.23194
76.4677 -8.24194
76.4646 -8.25194
76.4615 -8.26194
76.4583 -8.27194
76.4551 -8.28194
76.4521 -8.29194
76.449 -8.30194
76.4459 -8.31194
76.4429 -8.32194
76.4398 -8.33194
76.4368 -8.34194
76.4337 -8.35194
76.4307 -8.36194
76.4278 -8.37194
76.4249 -8.38194
76.4221 -8.39194
76.4192 -8.40194
76.4164 -8.41194
76.4135 -8.42194
76.4107 -8.43194
76.4078 -8.44194
76.405 -8.45194
76.4022 -8.46194
76.3993 -8.47194
76.3965 -8.48194
76.3937 -8.49194
76.3911 -8.50194
76.3886 -8.51194
76.386 -8.52194
76.3834 -8.53194
76.3808 -8.54194
76.3782 -8.55194
76.3756 -8.56194
76.3731 -8.57194
76.3705 -8.58194
76.3679 -8.59194
76.3653 -8.60194
76.3629 -8.61194
76.3605 -8.62194
76.3582 -8.63194
76.3558 -8.64194
76.3534 -8.65194
76.3511 -8.66194
76.3487 -8.67194
76.3463 -8.68194
76.3441 -8.69194
76.3418 -8.70194
76.3396 -8.71194
76.3373 -8.72194
76.3351 -8.73194
76.3328 -8.74194
76.3306 -8.75194
76.3285 -8.76194
76.3264 -8.77194
76.3243 -8.78194
76.3222 -8.79194
76.3201 -8.80194
76.3181 -8.81194
76.316 -8.82194
76.3139 -8.83194
76.3118 -8.84194
76.31 -8.85194
76.3082 -8.86194
76.3064 -8.87194
76.3047 -8.88194
76.3029 -8.89194
76.3011 -8.90194
76.2994 -8.91194
76.2976 -8.92194
76.2958 -8.93194
76.2941 -8.94194
76.2923 -8.95194
76.2905 -8.96194
76.2887 -8.97194
76.2873 -8.98194
76.2859 -8.99194
76.2845 -9.00194
76.2831 -9.01194
76.2817 -9.02194
76.2803 -9.03194
76.2789 -9.04194
76.2776 -9.05194
76.2763 -9.06194
76.275 -9.07194
76.2737 -9.08194
76.2725 -9.09194
76.2714 -9.10194
76.2704 -9.11194
76.2694 -9.12194
76.2685 -9.13194
76.2675 -9.14194
76.2665 -9.15194
76.2657 -9.16194
76.2649 -9.17194
76.2642 -9.18194
76.2635 -9.19194
76.2628 -9.20194
76.2622 -9.21194
76.2615 -9.22194
76.2608 -9.23194
76.2602 -9.24194
76.2595 -9.25194
76.2588 -9.26194
76.2582 -9.27194
76.2575 -9.28194
76.2568 -9.29194
76.2562 -9.30194
76.2555 -9.31194
76.255 -9.32194
76.2545 -9.33194
76.2541 -9.34194
76.2536 -9.35194
76.2532 -9.36194
76.2527 -9.37194
76.2523 -9.38194
76.2518 -9.39194
76.2514 -9.40194
76.2509 -9.41194
76.2505 -9.42194
76.25 -9.43194
76.2496 -9.44194
76.2491 -9.45194
76.2486 -9.46194
76.2482 -9.47194
76.2478 -9.48194
76.2475 -9.49194
76.2472 -9.50194
76.2469 -9.51194
76.2466 -9.52194
76.2464 -9.53194
76.2461 -9.54194
76.2458 -9.55194
76.2455 -9.56194
76.2452 -9.57194
76.2449 -9.58194
76.2447 -9.59194
76.2445 -9.60194
76.2442 -9.61194
76.244 -9.62194
76.2438 -9.63194
76.2436 -9.64194
76.2434 -9.65194
76.2432 -9.66194
76.243 -9.67194
76.2428 -9.68194
76.2426 -9.69194
76.2424 -9.70194
76.2423 -9.71194
76.2422 -9.72194
76.2421 -9.73194
76.242 -9.74194
76.2419 -9.75194
76.2418 -9.76194
76.2417 -9.77194
76.2416 -9.78194
76.2415 -9.79194
76.2414 -9.80194
76.2413 -9.81194
76.2412 -9.82194
76.2413 -9.83194
76.2414 -9.84194
76.2415 -9.85194
76.2416 -9.86194
76.2417 -9.87194
76.2418 -9.88194
76.2419 -9.89194
76.242 -9.90194
76.2421 -9.91194
76.2422 -9.92194
76.2423 -9.93194
76.2424 -9.94194
76.2425 -9.95194
76.2426 -9.96194
76.2427 -9.97194
76.2428 -9.98194
76.2429 -9.99194
76.243 -10.0019
76.2433 -10.0119
76.2437 -10.0219
76.244 -10.0319
76.2444 -10.0419
76.2447 -10.0519
76.245 -10.0619
76.2454 -10.0719
76.2457 -10.0819
76.2461 -10.0919
76.2464 -10.1019
76.2468 -10.1119
76.2471 -10.1219
76.2475 -10.1319
76.2478 -10.1419
76.2482 -10.1519
76.2485 -10.1619
76.2489 -10.1719
76.2494 -10.1819
76.25 -10.1919
76.2505 -10.2019
76.2511 -10.2119
76.2517 -10.2219
76.2522 -10.2319
76.2528 -10.2419
76.2533 -10.2519
76.2539 -10.2619
76.2544 -10.2719
76.255 -10.2819
76.2556 -10.2919
76.2563 -10.3019
76.2569 -10.3119
76.2576 -10.3219
76.2582 -10.3319
76.2589 -10.3419
76.2595 -10.3519
76.2602 -10.3619
76.2608 -10.3719
76.2615 -10.3819
76.2621 -10.3919
76.2628 -10.4019
76.2634 -10.4119
76.2641 -10.4219
76.2647 -10.4319
76.2654 -10.4419
76.266 -10.4519
76.2667 -10.4619
76.2673 -10.4719
76.268 -10.4819
76.2686 -10.4919
76.2693 -10.5019
76.27 -10.5119
76.2706 -10.5219
76.2713 -10.5319
76.2719 -10.5419
76.2726 -10.5519
76.2732 -10.5619
76.2739 -10.5719
76.2745 -10.5819
76.2752 -10.5919
76.2758 -10.6019
76.2765 -10.6119
76.2771 -10.6219
76.2778 -10.6319
76.2784 -10.6419
76.2791 -10.6519
76.2797 -10.6619
76.2804 -10.6719
76.281 -10.6819
76.2817 -10.6919
76.2823 -10.7019
76.283 -10.7119
76.2836 -10.7219
76.2843 -10.7319
76.2849 -10.7419
76.2856 -10.7519
76.2861 -10.7619
76.2866 -10.7719
76.2872 -10.7819
76.2877 -10.7919
76.2883 -10.8019
76.2888 -10.8119
76.2894 -10.8219
76.2899 -10.8319
76.2904 -10.8419
76.291 -10.8519
76.2915 -10.8619
76.2921 -10.8719
76.2926 -10.8819
76.2932 -10.8919
76.2937 -10.9019
76.2942 -10.9119
76.2947 -10.9219
76.2952 -10.9319
76.2956 -10.9419
76.2961 -10.9519
76.2966 -10.9619
76.297 -10.9719
76.297 -10.9819
76.2971 -10.9919
76.2972 -11.0019
76.2972 -11.0119
76.2973 -11.0219
76.2974 -11.0319
76.2974 -11.0419
76.2975 -11.0519
76.2976 -11.0619
76.2977 -11.0719
76.2977 -11.0819
76.2978 -11.0919
76.2979 -11.1019
76.2979 -11.1119
76.298 -11.1219
76.2979 -11.1319
76.2978 -11.1419
76.2977 -11.1519
76.2976 -11.1619
76.2975 -11.1719
76.2974 -11.1819
76.2973 -11.1919
76.2972 -11.2019
76.2971 -11.2119
76.297 -11.2219
76.2969 -11.2319
76.2969 -11.2419
76.2968 -11.2519
76.2967 -11.2619
76.2966 -11.2719
76.2965 -11.2819
76.2964 -11.2919
76.2963 -11.3019
76.2962 -11.3119
76.2959 -11.3219
76.2954 -11.3319
76.2949 -11.3419
76.2944 -11.3519
76.294 -11.3619
76.2935 -11.3719
76.293 -11.3819
76.2925 -11.3919
76.292 -11.4019
76.2916 -11.4119
76.2911 -11.4219
76.2906 -11.4319
76.2901 -11.4419
76.2897 -11.4519
76.2892 -11.4619
76.2887 -11.4719
76.2882 -11.4819
76.2878 -11.4919
76.2873 -11.5019
76.2868 -11.5119
76.2863 -11.5219
76.2859 -11.5319
76.2854 -11.5419
76.2849 -11.5519
76.2844 -11.5619
76.2839 -11.5719
76.2835 -11.5819
76.283 -11.5919
76.2825 -11.6019
76.282 -11.6119
76.2816 -11.6219
76.2811 -11.6319
76.2806 -11.6419
76.2801 -11.6519
76.2797 -11.6619
76.2792 -11.6719
76.2787 -11.6819
76.2782 -11.6919
76.2778 -11.7019
76.2773 -11.7119
76.2768 -11.7219
76.2763 -11.7319
76.2759 -11.7419
76.2754 -11.7519
76.2749 -11.7619
76.2745 -11.7719
76.274 -11.7819
76.2735 -11.7919
76.273 -11.8019
76.2726 -11.8119
76.2721 -11.8219
76.2716 -11.8319
76.2711 -11.8419
76.2707 -11.8519
76.2702 -11.8619
76.2697 -11.8719
76.2692 -11.8819
76.2688 -11.8919
76.2683 -11.9019
76.2678 -11.9119
76.2673 -11.9219
76.2668 -11.9319
76.2663 -11.9419
76.2658 -11.9519
76.2653 -11.9619
76.2648 -11.9719
76.2642 -11.9819
76.2637 -11.9919
76.2632 -12.0019
76.2627 -12.0119
76.2622 -12.0219
76.2617 -12.0319
76.2612 -12.0419
76.2607 -12.0519
76.2602 -12.0619
76.2597 -12.0719
76.2592 -12.0819
76.2587 -12.0919
76.2582 -12.1019
76.2577 -12.1119
76.2572 -12.1219
76.2567 -12.1319
76.2562 -12.1419
76.2557 -12.1519
76.2552 -12.1619
76.2547 -12.1719
76.2542 -12.1819
76.2537 -12.1919
76.2531 -12.2019
76.2524 -12.2119
76.2518 -12.2219
76.2511 -12.2319
76.2504 -12.2419
76.2498 -12.2519
76.2491 -12.2619
76.2484 -12.2719
76.2478 -12.2819
76.2471 -12.2919
76.2465 -12.3019
76.2458 -12.3119
76.2451 -12.3219
76.2445 -12.3319
76.2438 -12.3419
76.2431 -12.3519
76.2425 -12.3619
76.2418 -12.3719
76.2412 -12.3819
76.2405 -12.3919
76.2398 -12.4019
76.2392 -12.4119
76.2385 -12.4219
76.2379 -12.4319
76.2372 -12.4419
76.2365 -12.4519
76.2359 -12.4619
76.2352 -12.4719
76.2345 -12.4819
76.2339 -12.4919
76.2332 -12.5019
76.2326 -12.5119
76.2319 -12.5219
76.2312 -12.5319
76.2306 -12.5419
76.2299 -12.5519
76.2293 -12.5619
76.2286 -12.5719
76.228 -12.5819
76.2275 -12.5919
76.227 -12.6019
76.2265 -12.6119
76.2259 -12.6219
76.2254 -12.6319
76.2249 -12.6419
76.2244 -12.6519
76.2238 -12.6619
76.2233 -12.6719
76.2228 -12.6819
76.2223 -12.6919
76.2218 -12.7019
76.2212 -12.7119
76.2207 -12.7219
76.2202 -12.7319
76.2197 -12.7419
76.2191 -12.7519
76.2186 -12.7619
76.2181 -12.7719
76.2176 -12.7819
76.2171 -12.7919
76.2165 -12.8019
76.216 -12.8119
76.2155 -12.8219
76.215 -12.8319
76.2144 -12.8419
76.2139 -12.8519
76.2134 -12.8619
76.2129 -12.8719
76.2124 -12.8819
76.2118 -12.8919
76.2113 -12.9019
76.2108 -12.9119
76.2103 -12.9219
76.2097 -12.9319
76.2094 -12.9419
76.209 -12.9519
76.2087 -12.9619
76.2084 -12.9719
76.2081 -12.9819
76.2078 -12.9919
76.2074 -13.0019
76.2071 -13.0119
76.2068 -13.0219
76.2065 -13.0319
76.2061 -13.0419
76.2058 -13.0519
76.2055 -13.0619
76.2051 -13.0719
76.2041 -13.0819
76.2031 -13.0919
76.2021 -13.1019
76.2011 -13.1119
76.2001 -13.1219
76.1991 -13.1319
76.1981 -13.1419
76.1971 -13.1519
76.1961 -13.1619
76.1951 -13.1719
76.1941 -13.1819
76.1931 -13.1919
76.1921 -13.2019
76.191 -13.2119
76.19 -13.2219
76.189 -13.2319
76.188 -13.2419
76.1871 -13.2519
76.1863 -13.2619
76.1855 -13.2719
76.1847 -13.2819
76.184 -13.2919
76.1832 -13.3019
76.1824 -13.3119
76.1816 -13.3219
76.1808 -13.3319
76.1801 -13.3419
76.1793 -13.3519
76.1785 -13.3619
76.1777 -13.3719
76.1769 -13.3819
76.1761 -13.3919
76.1754 -13.4019
76.1746 -13.4119
76.1738 -13.4219
76.173 -13.4319
76.1725 -13.4419
76.172 -13.4519
76.1716 -13.4619
76.1711 -13.4719
76.1706 -13.4819
76.1701 -13.4919
76.1697 -13.5019
76.1692 -13.5119
76.1687 -13.5219
76.1682 -13.5319
76.1678 -13.5419
76.1673 -13.5519
76.1668 -13.5619
76.1663 -13.5719
76.1659 -13.5819
76.1654 -13.5919
76.1649 -13.6019
76.1645 -13.6119
76.164 -13.6219
76.1635 -13.6319
76.163 -13.6419
76.1626 -13.6519
76.1621 -13.6619
76.1616 -13.6719
76.1611 -13.6819
76.1607 -13.6919
76.1602 -13.7019
76.1597 -13.7119
76.1593 -13.7219
76.1588 -13.7319
76.1583 -13.7419
76.1578 -13.7519
76.1576 -13.7619
76.1574 -13.7719
76.1572 -13.7819
76.157 -13.7919
76.1568 -13.8019
76.1566 -13.8119
76.1564 -13.8219
76.1561 -13.8319
76.1559 -13.8419
76.1557 -13.8519
76.1555 -13.8619
76.1553 -13.8719
76.1551 -13.8819
76.1549 -13.8919
76.1547 -13.9019
76.1545 -13.9119
76.1543 -13.9219
76.1541 -13.9319
76.1539 -13.9419
76.1537 -13.9519
76.1535 -13.9619
76.1533 -13.9719
76.1531 -13.9819
76.153 -13.9919
76.1529 -14.0019
76.1528 -14.0119
76.1526 -14.0219
76.1525 -14.0319
76.1524 -14.0419
76.1523 -14.0519
76.1522 -14.0619
76.1521 -14.0719
76.152 -14.0819
76.1518 -14.0919
76.1517 -14.1019
76.1516 -14.1119
76.1515 -14.1219
76.1514 -14.1319
76.1513 -14.1419
76.1511 -14.1519
76.151 -14.1619
76.1509 -14.1719
76.1508 -14.1819
76.1507 -14.1919
76.1506 -14.2019
76.1505 -14.2119
76.1503 -14.2219
76.1502 -14.2319
76.1501 -14.2419
76.15 -14.2519
76.1499 -14.2619
76.1498 -14.2719
76.1497 -14.2819
76.1495 -14.2919
76.1494 -14.3019
76.1493 -14.3119
76.1492 -14.3219
76.1491 -14.3319
76.149 -14.3419
76.1489 -14.3519
76.1487 -14.3619
76.1486 -14.3719
76.1485 -14.3819
76.1484 -14.3919
76.1483 -14.4019
76.1482 -14.4119
76.1481 -14.4219
76.148 -14.4319
76.1478 -14.4419
76.1477 -14.4519
76.1476 -14.4619
76.1475 -14.4719
76.1474 -14.4819
76.1473 -14.4919
76.1472 -14.5019
76.147 -14.5119
76.1469 -14.5219
76.1468 -14.5319
76.1467 -14.5419
76.1466 -14.5519
76.1465 -14.5619
76.1464 -14.5719
76.1463 -14.5819
76.1461 -14.5919
76.146 -14.6019
76.1459 -14.6119
76.1458 -14.6219
76.1457 -14.6319
76.1456 -14.6419
76.1455 -14.6519
76.1454 -14.6619
76.1453 -14.6719
76.1451 -14.6819
76.145 -14.6919
76.1449 -14.7019
76.1448 -14.7119
76.1447 -14.7219
76.1446 -14.7319
76.1445 -14.7419
76.1444 -14.7519
76.1443 -14.7619
76.1441 -14.7719
76.144 -14.7819
76.1439 -14.7919
76.1438 -14.8019
76.1437 -14.8119
76.1436 -14.8219
76.1435 -14.8319
76.1434 -14.8419
76.1433 -14.8519
76.1431 -14.8619
76.143 -14.8719
76.1429 -14.8819
76.1428 -14.8919
76.1427 -14.9019
76.1426 -14.9119
76.1425 -14.9219
76.1424 -14.9319
76.1423 -14.9419
76.1422 -14.9519
76.142 -14.9619
76.1419 -14.9719
76.1418 -14.9819
76.1417 -14.9919
76.1416 -15.0019
76.1415 -15.0119
76.1414 -15.0219
76.1413 -15.0319
76.1412 -15.0419
76.1411 -15.0519
76.141 -15.0619
76.1408 -15.0719
76.1407 -15.0819
76.1406 -15.0919
76.1405 -15.1019
76.1404 -15.1119
76.1403 -15.1219
76.1402 -15.1319
76.1401 -15.1419
76.14 -15.1519
76.1399 -15.1619
76.1398 -15.1719
76.1396 -15.1819
76.1395 -15.1919
76.1394 -15.2019
76.1393 -15.2119
76.1392 -15.2219
76.1391 -15.2319
76.139 -15.2419
76.1389 -15.2519
76.1388 -15.2619
76.1387 -15.2719
76.1386 -15.2819
76.1385 -15.2919
76.1384 -15.3019
76.1382 -15.3119
76.1381 -15.3219
76.138 -15.3319
76.1379 -15.3419
76.1378 -15.3519
76.1377 -15.3619
76.1376 -15.3719
76.1375 -15.3819
76.1374 -15.3919
76.1373 -15.4019
76.1372 -15.4119
76.1371 -15.4219
76.137 -15.4319
76.1369 -15.4419
76.1368 -15.4519
76.1366 -15.4619
76.1365 -15.4719
76.1364 -15.4819
76.1363 -15.4919
76.1362 -15.5019
76.1361 -15.5119
76.136 -15.5219
76.1359 -15.5319
76.1358 -15.5419
76.1357 -15.5519
76.1356 -15.5619
76.1355 -15.5719
76.1354 -15.5819
76.1353 -15.5919
76.1352 -15.6019
76.1351 -15.6119
76.135 -15.6219
76.1348 -15.6319
76.1347 -15.6419
76.1346 -15.6519
76.1345 -15.6619
76.1344 -15.6719
76.1343 -15.6819
76.1342 -15.6919
76.1341 -15.7019
76.134 -15.7119
76.1339 -15.7219
76.1338 -15.7319
76.1337 -15.7419
76.1336 -15.7519
76.1335 -15.7619
76.1334 -15.7719
76.1333 -15.7819
76.1332 -15.7919
76.1331 -15.8019
76.133 -15.8119
76.1329 -15.8219
76.1328 -15.8319
76.1327 -15.8419
76.1325 -15.8519
76.1324 -15.8619
76.1323 -15.8719
76.1322 -15.8819
76.1321 -15.8919
76.132 -15.9019
76.1319 -15.9119
76.1318 -15.9219
76.1317 -15.9319
76.1316 -15.9419
76.1315 -15.9519
76.1314 -15.9619
76.1313 -15.9719
76.1312 -15.9819
76.1311 -15.9919
76.131 -16.0019
76.1309 -16.0119
76.1308 -16.0219
76.1307 -16.0319
76.1306 -16.0419
76.1305 -16.0519
76.1304 -16.0619
76.1303 -16.0719
76.1302 -16.0819
76.1301 -16.0919
76.13 -16.1019
76.1299 -16.1119
76.1298 -16.1219
76.1297 -16.1319
76.1296 -16.1419
76.1295 -16.1519
76.1294 -16.1619
76.1293 -16.1719
76.1292 -16.1819
76.1291 -16.1919
76.129 -16.2019
76.1289 -16.2119
76.1288 -16.2219
76.1287 -16.2319
76.1286 -16.2419
76.1285 -16.2519
76.1284 -16.2619
76.1282 -16.2719
76.1281 -16.2819
76.128 -16.2919
76.1279 -16.3019
76.1278 -16.3119
76.1277 -16.3219
76.1276 -16.3319
76.1275 -16.3419
76.1274 -16.3519
76.1273 -16.3619
76.1272 -16.3719
76.1271 -16.3819
76.127 -16.3919
76.1269 -16.4019
76.1268 -16.4119
76.1267 -16.4219
76.1266 -16.4319
76.1265 -16.4419
76.1264 -16.4519
76.1263 -16.4619
76.1262 -16.4719
76.1261 -16.4819
76.126 -16.4919
76.1259 -16.5019
76.1258 -16.5119
76.1257 -16.5219
76.1256 -16.5319
76.1255 -16.5419
76.1254 -16.5519
76.1253 -16.5619
76.1252 -16.5719
76.1251 -16.5819
76.1251 -16.5919
76.125 -16.6019
76.1249 -16.6119
76.1248 -16.6219
76.1247 -16.6319
76.1246 -16.6419
76.1245 -16.6519
76.1244 -16.6619
76.1243 -16.6719
76.1242 -16.6819
76.1241 -16.6919
76.124 -16.7019
76.1239 -16.7119
76.1238 -16.7219
76.1237 -16.7319
76.1236 -16.7419
76.1235 -16.7519
76.1234 -16.7619
76.1233 -16.7719
76.1232 -16.7819
76.1231 -16.7919
76.123 -16.8019
76.1229 -16.8119
76.1228 -16.8219
76.1227 -16.8319
76.1226 -16.8419
76.1225 -16.8519
76.1224 -16.8619
76.1223 -16.8719
76.1222 -16.8819
76.1221 -16.8919
76.122 -16.9019
76.1219 -16.9119
76.1218 -16.9219
76.1217 -16.9319
76.1216 -16.9419
76.1215 -16.9519
76.1214 -16.9619
76.1213 -16.9719
76.1212 -16.9819
76.1211 -16.9919
76.121 -17.0019
76.1209 -17.0119
76.1209 -17.0219
76.1208 -17.0319
76.1207 -17.0419
76.1206 -17.0519
76.1205 -17.0619
76.1204 -17.0719
76.1203 -17.0819
76.1202 -17.0919
76.1201 -17.1019
76.12 -17.1119
76.1199 -17.1219
76.1198 -17.1319
76.1197 -17.1419
76.1196 -17.1519
76.1195 -17.1619
76.1194 -17.1719
76.1193 -17.1819
76.1192 -17.1919
76.1191 -17.2019
76.119 -17.2119
76.1189 -17.2219
76.1188 -17.2319
76.1188 -17.2419
76.1187 -17.2519
76.1186 -17.2619
76.1185 -17.2719
76.1184 -17.2819
76.1183 -17.2919
76.1182 -17.3019
76.1181 -17.3119
76.118 -17.3219
76.1179 -17.3319
76.1178 -17.3419
76.1177 -17.3519
76.1176 -17.3619
76.1175 -17.3719
76.1174 -17.3819
76.1173 -17.3919
76.1172 -17.4019
76.1172 -17.4119
76.1171 -17.4219
76.117 -17.4319
76.1169 -17.4419
76.1168 -17.4519
76.1167 -17.4619
76.1166 -17.4719
76.1165 -17.4819
76.1164 -17.4919
76.1163 -17.5019
76.1162 -17.5119
76.1161 -17.5219
76.116 -17.5319
76.1159 -17.5419
76.1158 -17.5519
76.1158 -17.5619
76.1157 -17.5719
76.1156 -17.5819
76.1155 -17.5919
76.1154 -17.6019
76.1153 -17.6119
76.1152 -17.6219
76.1151 -17.6319
76.115 -17.6419
76.1149 -17.6519
76.1148 -17.6619
76.1147 -17.6719
76.1146 -17.6819
76.1146 -17.6919
76.1145 -17.7019
76.1144 -17.7119
76.1143 -17.7219
76.1142 -17.7319
76.1141 -17.7419
76.114 -17.7519
76.1139 -17.7619
76.1138 -17.7719
76.1137 -17.7819
76.1136 -17.7919
76.1135 -17.8019
76.1135 -17.8119
76.1134 -17.8219
76.1133 -17.8319
76.1132 -17.8419
76.1131 -17.8519
76.113 -17.8619
76.1129 -17.8719
76.1128 -17.8819
76.1127 -17.8919
76.1126 -17.9019
76.1126 -17.9119
76.1125 -17.9219
76.1124 -17.9319
76.1123 -17.9419
76.1122 -17.9519
76.1121 -17.9619
76.112 -17.9719
76.1119 -17.9819
76.1118 -17.9919
76.1117 -18.0019
76.1117 -18.0119
76.1116 -18.0219
76.1115 -18.0319
76.1114 -18.0419
76.1113 -18.0519
76.1112 -18.0619
76.1111 -18.0719
76.111 -18.0819
76.1109 -18.0919
76.1108 -18.1019
76.1108 -18.1119
76.1107 -18.1219
76.1106 -18.1319
76.1105 -18.1419
76.1104 -18.1519
76.1103 -18.1619
76.1102 -18.1719
76.1101 -18.1819
76.11 -18.1919
76.11 -18.2019
76.1099 -18.2119
76.1098 -18.2219
76.1097 -18.2319
76.1096 -18.2419
76.1095 -18.2519
76.1094 -18.2619
76.1093 -18.2719
76.1093 -18.2819
76.1092 -18.2919
76.1091 -18.3019
76.109 -18.3119
76.1089 -18.3219
76.1088 -18.3319
76.1087 -18.3419
76.1086 -18.3519
76.1086 -18.3619
76.1085 -18.3719
76.1084 -18.3819
76.1083 -18.3919
76.1082 -18.4019
76.1081 -18.4119
76.108 -18.4219
76.1079 -18.4319
76.1079 -18.4419
76.1078 -18.4519
76.1077 -18.4619
76.1076 -18.4719
76.1075 -18.4819
76.1074 -18.4919
76.1073 -18.5019
76.1073 -18.5119
76.1072 -18.5219
76.1071 -18.5319
76.107 -18.5419
76.1069 -18.5519
76.1068 -18.5619
76.1067 -18.5719
76.1066 -18.5819
76.1066 -18.5919
76.1065 -18.6019
76.1064 -18.6119
76.1063 -18.6219
76.1062 -18.6319
76.1061 -18.6419
76.106 -18.6519
76.106 -18.6619
76.1059 -18.6719
76.1058 -18.6819
76.1057 -18.6919
76.1056 -18.7019
76.1055 -18.7119
76.1055 -18.7219
76.1054 -18.7319
76.1053 -18.7419
76.1052 -18.7519
76.1051 -18.7619
76.105 -18.7719
76.1049 -18.7819
76.1049 -18.7919
76.1048 -18.8019
76.1047 -18.8119
76.1046 -18.8219
76.1045 -18.8319
76.1044 -18.8419
76.1044 -18.8519
76.1043 -18.8619
76.1042 -18.8719
76.1041 -18.8819
76.104 -18.8919
76.1039 -18.9019
76.1039 -18.9119
76.1038 -18.9219
76.1037 -18.9319
76.1036 -18.9419
76.1035 -18.9519
76.1034 -18.9619
76.1033 -18.9719
76.1033 -18.9819
76.1032 -18.9919
76.1031 -19.0019
76.103 -19.0119
76.1029 -19.0219
76.1028 -19.0319
76.1028 -19.0419
76.1027 -19.0519
76.1026 -19.0619
76.1025 -19.0719
76.1024 -19.0819
76.1023 -19.0919
76.1023 -19.1019
76.1022 -19.1119
76.1021 -19.1219
76.102 -19.1319
76.1019 -19.1419
76.1019 -19.1519
76.1018 -19.1619
76.1017 -19.1719
76.1016 -19.1819
76.1015 -19.1919
76.1014 -19.2019
76.1014 -19.2119
76.1013 -19.2219
76.1012 -19.2319
76.1011 -19.2419
76.101 -19.2519
76.101 -19.2619
76.1009 -19.2719
76.1008 -19.2819
76.1007 -19.2919
76.1006 -19.3019
76.1005 -19.3119
76.1005 -19.3219
76.1004 -19.3319
76.1003 -19.3419
76.1002 -19.3519
76.1001 -19.3619
76.1001 -19.3719
76.1 -19.3819
76.0999 -19.3919
76.0998 -19.4019
76.0997 -19.4119
76.0997 -19.4219
76.0996 -19.4319
76.0995 -19.4419
76.0994 -19.4519
76.0993 -19.4619
76.0992 -19.4719
76.0992 -19.4819
76.0991 -19.4919
76.099 -19.5019
76.0989 -19.5119
76.0988 -19.5219
76.0988 -19.5319
76.0987 -19.5419
76.0986 -19.5519
76.0985 -19.5619
76.0984 -19.5719
76.0984 -19.5819
76.0983 -19.5919
76.0982 -19.6019
76.0981 -19.6119
76.0981 -19.6219
76.098 -19.6319
76.0979 -19.6419
76.0978 -19.6519
76.0977 -19.6619
76.0977 -19.6719
76.0976 -19.6819
76.0975 -19.6919
76.0974 -19.7019
76.0973 -19.7119
76.0973 -19.7219
76.0972 -19.7319
76.0971 -19.7419
76.097 -19.7519
76.0969 -19.7619
76.0969 -19.7719
76.0968 -19.7819
76.0967 -19.7919
76.0966 -19.8019
76.0966 -19.8119
76.0965 -19.8219
76.0964 -19.8319
76.0963 -19.8419
76.0962 -19.8519
76.0962 -19.8619
76.0961 -19.8719
76.096 -19.8819
76.0959 -19.8919
76.0959 -19.9019
76.0958 -19.9119
76.0957 -19.9219
76.0956 -19.9319
76.0955 -19.9419
76.0955 -19.9519
76.0954 -19.9619
76.0953 -19.9719
76.0952 -19.9819
76.0952 -19.9919
76.0951 -20.0019
76.095 -20.0119
76.0949 -20.0219
76.0949 -20.0319
76.0948 -20.0419
76.0947 -20.0519
76.0946 -20.0619
76.0945 -20.0719
76.0945 -20.0819
76.0944 -20.0919
76.0943 -20.1019
76.0942 -20.1119
76.0942 -20.1219
76.0941 -20.1319
76.094 -20.1419
76.0939 -20.1519
76.0939 -20.1619
76.0938 -20.1719
76.0937 -20.1819
76.0936 -20.1919
76.0936 -20.2019
76.0935 -20.2119
76.0934 -20.2219
76.0933 -20.2319
76.0933 -20.2419
76.0932 -20.2519
76.0931 -20.2619
76.093 -20.2719
76.093 -20.2819
76.0929 -20.2919
76.0928 -20.3019
76.0927 -20.3119
76.0927 -20.3219
76.0926 -20.3319
76.0925 -20.3419
76.0924 -20.3519
76.0924 -20.3619
76.0923 -20.3719
76.0922 -20.3819
76.0921 -20.3919
76.0921 -20.4019
76.092 -20.4119
76.0919 -20.4219
76.0918 -20.4319
76.0918 -20.4419
76.0917 -20.4519
76.0916 -20.4619
76.0915 -20.4719
76.0915 -20.4819
76.0914 -20.4919
76.0913 -20.5019
76.0913 -20.5119
76.0912 -20.5219
76.0911 -20.5319
76.091 -20.5419
76.091 -20.5519
76.0909 -20.5619
76.0908 -20.5719
76.0907 -20.5819
76.0907 -20.5919
76.0906 -20.6019
76.0905 -20.6119
76.0904 -20.6219
76.0904 -20.6319
76.0903 -20.6419
76.0902 -20.6519
76.0902 -20.6619
76.0901 -20.6719
76.09 -20.6819
76.0899 -20.6919
76.0899 -20.7019
76.0898 -20.7119
76.0897 -20.7219
76.0897 -20.7319
76.0896 -20.7419
76.0895 -20.7519
76.0894 -20.7619
76.0894 -20.7719
76.0893 -20.7819
76.0892 -20.7919
76.0892 -20.8019
76.0891 -20.8119
76.089 -20.8219
76.0889 -20.8319
76.0889 -20.8419
76.0888 -20.8519
76.0887 -20.8619
76.0887 -20.8719
76.0886 -20.8819
76.0885 -20.8919
76.0884 -20.9019
76.0884 -20.9119
76.0883 -20.9219
76.0882 -20.9319
76.0882 -20.9419
76.0881 -20.9519
76.088 -20.9619
76.0879 -20.9719
76.0879 -20.9819
76.0878 -20.9919
76.0877 -21.0019
76.0877 -21.0119
76.0876 -21.0219
76.0875 -21.0319
76.0875 -21.0419
76.0874 -21.0519
76.0873 -21.0619
76.0872 -21.0719
76.0872 -21.0819
76.0871 -21.0919
76.087 -21.1019
76.087 -21.1119
76.0869 -21.1219
76.0868 -21.1319
76.0868 -21.1419
76.0867 -21.1519
76.0866 -21.1619
76.0865 -21.1719
76.0865 -21.1819
76.0864 -21.1919
76.0863 -21.2019
76.0863 -21.2119
76.0862 -21.2219
76.0861 -21.2319
76.0861 -21.2419
76.086 -21.2519
76.0859 -21.2619
76.0859 -21.2719
76.0858 -21.2819
76.0857 -21.2919
76.0857 -21.3019
76.0856 -21.3119
76.0855 -21.3219
76.0855 -21.3319
76.0854 -21.3419
76.0853 -21.3519
76.0852 -21.3619
76.0852 -21.3719
76.0851 -21.3819
76.085 -21.3919
76.085 -21.4019
76.0849 -21.4119
76.0848 -21.4219
76.0848 -21.4319
76.0847 -21.4419
76.0846 -21.4519
76.0846 -21.4619
76.0845 -21.4719
76.0844 -21.4819
76.0844 -21.4919
76.0843 -21.5019
76.0842 -21.5119
76.0842 -21.5219
76.0841 -21.5319
76.084 -21.5419
76.084 -21.5519
76.0839 -21.5619
76.0839 -21.5719
76.0838 -21.5819
76.0838 -21.5919
76.0837 -21.6019
76.0837 -21.6119
76.0836 -21.6219
76.0835 -21.6319
76.0835 -21.6419
76.0834 -21.6519
76.0834 -21.6619
76.0833 -21.6719
76.0833 -21.6819
76.0832 -21.6919
76.0832 -21.7019
76.0831 -21.7119
76.083 -21.7219
76.083 -21.7319
76.0829 -21.7419
76.0829 -21.7519
76.0828 -21.7619
76.0828 -21.7719
76.0827 -21.7819
76.0827 -21.7919
76.0826 -21.8019
76.0826 -21.8119
76.0825 -21.8219
76.0824 -21.8319
76.0824 -21.8419
76.0823 -21.8519
76.0823 -21.8619
76.0823 -21.8719
76.0822 -21.8819
76.0822 -21.8919
76.0822 -21.9019
76.0821 -21.9119
76.0821 -21.9219
76.0821 -21.9319
76.082 -21.9419
76.082 -21.9519
76.082 -21.9619
76.0819 -21.9719
76.0819 -21.9819
76.0819 -21.9919
76.0818 -22.0019
76.0818 -22.0119
76.0818 -22.0219
76.0817 -22.0319
76.0817 -22.0419
76.0817 -22.0519
76.0816 -22.0619
76.0816 -22.0719
76.0816 -22.0819
76.0815 -22.0919
76.0815 -22.1019
76.0815 -22.1119
76.0814 -22.1219
76.0814 -22.1319
76.0814 -22.1419
76.0813 -22.1519
76.0813 -22.1619
76.0813 -22.1719
76.0812 -22.1819
76.0812 -22.1919
76.0812 -22.2019
76.0811 -22.2119
76.0811 -22.2219
76.0811 -22.2319
76.0811 -22.2419
76.081 -22.2519
76.081 -22.2619
76.081 -22.2719
76.0809 -22.2819
76.0809 -22.2919
76.0809 -22.3019
76.0808 -22.3119
76.0808 -22.3219
76.0808 -22.3319
76.0808 -22.3419
76.0808 -22.3519
76.0808 -22.3619
76.0808 -22.3719
76.0808 -22.3819
76.0808 -22.3919
76.0808 -22.4019
76.0807 -22.4119
76.0807 -22.4219
76.0807 -22.4319
76.0807 -22.4419
76.0807 -22.4519
76.0807 -22.4619
76.0807 -22.4719
76.0807 -22.4819
76.0807 -22.4919
76.0807 -22.5019
76.0807 -22.5119
76.0807 -22.5219
76.0807 -22.5319
76.0807 -22.5419
76.0807 -22.5519
76.0807 -22.5619
76.0807 -22.5719
76.0806 -22.5819
76.0806 -22.5919
76.0806 -22.6019
76.0806 -22.6119
76.0806 -22.6219
76.0806 -22.6319
76.0806 -22.6419
76.0806 -22.6519
76.0806 -22.6619
76.0806 -22.6719
76.0806 -22.6819
76.0806 -22.6919
76.0806 -22.7019
76.0806 -22.7119
76.0806 -22.7219
76.0806 -22.7319
76.0806 -22.7419
76.0806 -22.7519
76.0806 -22.7619
76.0806 -22.7719
76.0806 -22.7819
76.0806 -22.7919
76.0806 -22.8019
76.0807 -22.8119
76.0807 -22.8219
76.0807 -22.8319
76.0807 -22.8419
76.0807 -22.8519
76.0807 -22.8619
76.0808 -22.8719
76.0808 -22.8819
76.0808 -22.8919
76.0808 -22.9019
76.0808 -22.9119
76.0808 -22.9219
76.0809 -22.9319
76.0809 -22.9419
76.0809 -22.9519
76.0809 -22.9619
76.0809 -22.9719
76.0809 -22.9819
76.081 -22.9919
76.081 -23.0019
76.081 -23.0119
76.081 -23.0219
76.081 -23.0319
76.081 -23.0419
76.0811 -23.0519
76.0811 -23.0619
76.0811 -23.0719
76.0811 -23.0819
76.0812 -23.0919
76.0812 -23.1019
76.0812 -23.1119
76.0812 -23.1219
76.0813 -23.1319
76.0813 -23.1419
76.0813 -23.1519
76.0813 -23.1619
76.0814 -23.1719
76.0814 -23.1819
76.0814 -23.1919
76.0815 -23.2019
76.0815 -23.2119
76.0815 -23.2219
76.0815 -23.2319
76.0816 -23.2419
76.0816 -23.2519
76.0816 -23.2619
76.0816 -23.2719
76.0817 -23.2819
76.0817 -23.2919
76.0817 -23.3019
76.0818 -23.3119
76.0818 -23.3219
76.0818 -23.3319
76.0818 -23.3419
76.0819 -23.3519
76.0819 -23.3619
76.0819 -23.3719
76.0819 -23.3819
76.082 -23.3919
76.082 -23.4019
76.082 -23.4119
76.0821 -23.4219
76.0821 -23.4319
76.0821 -23.4419
76.0821 -23.4519
76.0822 -23.4619
76.0822 -23.4719
76.0822 -23.4819
76.0823 -23.4919
76.0823 -23.5019
76.0823 -23.5119
76.0823 -23.5219
76.0824 -23.5319
76.0824 -23.5419
76.0824 -23.5519
76.0825 -23.5619
76.0825 -23.5719
76.0825 -23.5819
76.0826 -23.5919
76.0826 -23.6019
76.0826 -23.6119
76.0826 -23.6219
76.0827 -23.6319
76.0827 -23.6419
76.0827 -23.6519
76.0828 -23.6619
76.0828 -23.6719
76.0828 -23.6819
76.0829 -23.6919
76.0829 -23.7019
76.0829 -23.7119
76.0829 -23.7219
76.083 -23.7319
76.083 -23.7419
76.083 -23.7519
76.0831 -23.7619
76.0831 -23.7719
76.0831 -23.7819
76.0832 -23.7919
76.0832 -23.8019
76.0832 -23.8119
76.0832 -23.8219
76.0833 -23.8319
76.0833 -23.8419
76.0833 -23.8519
76.0834 -23.8619
76.0834 -23.8719
76.0834 -23.8819
76.0835 -23.8919
76.0835 -23.9019
76.0835 -23.9119
76.0836 -23.9219
76.0836 -23.9319
76.0836 -23.9419
76.0837 -23.9519
76.0837 -23.9619
76.0837 -23.9719
76.0838 -23.9819
76.0838 -23.9919
76.0838 -24.0019
76.0838 -24.0119
76.0839 -24.0219
76.0839 -24.0319
76.0839 -24.0419
76.084 -24.0519
76.084 -24.0619
76.084 -24.0719
76.0841 -24.0819
76.0841 -24.0919
76.0841 -24.1019
76.0842 -24.1119
76.0842 -24.1219
76.0842 -24.1319
76.0843 -24.1419
76.0843 -24.1519
76.0843 -24.1619
76.0844 -24.1719
76.0844 -24.1819
76.0844 -24.1919
76.0845 -24.2019
76.0845 -24.2119
76.0845 -24.2219
76.0846 -24.2319
76.0846 -24.2419
76.0846 -24.2519
76.0847 -24.2619
76.0847 -24.2719
76.0847 -24.2819
76.0848 -24.2919
76.0848 -24.3019
76.0848 -24.3119
76.0849 -24.3219
76.0849 -24.3319
76.0849 -24.3419
76.085 -24.3519
76.085 -24.3619
76.0851 -24.3719
76.0851 -24.3819
76.0851 -24.3919
76.0852 -24.4019
76.0852 -24.4119
76.0852 -24.4219
76.0853 -24.4319
76.0853 -24.4419
76.0853 -24.4519
76.0854 -24.4619
76.0854 -24.4719
76.0854 -24.4819
76.0855 -24.4919
76.0855 -24.5019
76.0855 -24.5119
76.0856 -24.5219
76.0856 -24.5319
76.0857 -24.5419
76.0857 -24.5519
76.0857 -24.5619
76.0858 -24.5719
76.0858 -24.5819
76.0858 -24.5919
76.0859 -24.6019
76.0859 -24.6119
76.0859 -24.6219
76.086 -24.6319
76.086 -24.6419
76.086 -24.6519
76.0861 -24.6619
76.0861 -24.6719
76.0862 -24.6819
76.0862 -24.6919
76.0862 -24.7019
76.0863 -24.7119
76.0863 -24.7219
76.0863 -24.7319
76.0864 -24.7419
76.0864 -24.7519
76.0865 -24.7619
76.0865 -24.7719
76.0865 -24.7819
76.0866 -24.7919
76.0866 -24.8019
76.0866 -24.8119
76.0867 -24.8219
76.0867 -24.8319
76.0868 -24.8419
76.0868 -24.8519
76.0868 -24.8619
76.0869 -24.8719
76.0869 -24.8819
76.0869 -24.8919
76.087 -24.9019
76.087 -24.9119
76.0871 -24.9219
76.0871 -24.9319
76.0871 -24.9419
76.0872 -24.9519
76.0872 -24.9619
76.0872 -24.9719
76.0873 -24.9819
76.0873 -24.9919
76.0874 -25.0019
76.0874 -25.0119
76.0874 -25.0219
76.0875 -25.0319
76.0875 -25.0419
76.0876 -25.0519
76.0876 -25.0619
76.0876 -25.0719
76.0877 -25.0819
76.0877 -25.0919
76.0878 -25.1019
76.0878 -25.1119
76.0878 -25.1219
76.0879 -25.1319
76.0879 -25.1419
76.088 -25.1519
76.088 -25.1619
76.088 -25.1719
76.0881 -25.1819
76.0881 -25.1919
76.0882 -25.2019
76.0882 -25.2119
76.0882 -25.2219
76.0883 -25.2319
76.0883 -25.2419
76.0884 -25.2519
76.0884 -25.2619
76.0884 -25.2719
76.0885 -25.2819
76.0885 -25.2919
76.0886 -25.3019
76.0886 -25.3119
76.0886 -25.3219
76.0887 -25.3319
76.0887 -25.3419
76.0888 -25.3519
76.0888 -25.3619
76.0888 -25.3719
76.0889 -25.3819
76.0889 -25.3919
76.089 -25.4019
76.089 -25.4119
76.0891 -25.4219
76.0891 -25.4319
76.0891 -25.4419
76.0892 -25.4519
76.0892 -25.4619
76.0893 -25.4719
76.0893 -25.4819
76.0893 -25.4919
76.0894 -25.5019
76.0894 -25.5119
76.0895 -25.5219
76.0895 -25.5319
76.0896 -25.5419
76.0896 -25.5519
76.0896 -25.5619
76.0897 -25.5719
76.0897 -25.5819
76.0898 -25.5919
76.0898 -25.6019
76.0899 -25.6119
76.0899 -25.6219
76.0899 -25.6319
76.09 -25.6419
76.09 -25.6519
76.0901 -25.6619
76.0901 -25.6719
76.0902 -25.6819
76.0902 -25.6919
76.0902 -25.7019
76.0903 -25.7119
76.0903 -25.7219
76.0904 -25.7319
76.0904 -25.7419
76.0905 -25.7519
76.0905 -25.7619
76.0905 -25.7719
76.0906 -25.7819
76.0906 -25.7919
76.0907 -25.8019
76.0907 -25.8119
76.0908 -25.8219
76.0908 -25.8319
76.0909 -25.8419
76.0909 -25.8519
76.0909 -25.8619
76.091 -25.8719
76.091 -25.8819
76.0911 -25.8919
76.0911 -25.9019
76.0912 -25.9119
76.0912 -25.9219
76.0913 -25.9319
76.0913 -25.9419
76.0913 -25.9519
76.0914 -25.9619
76.0914 -25.9719
76.0915 -25.9819
76.0915 -25.9919
76.0916 -26.0019
76.0916 -26.0119
76.0917 -26.0219
76.0917 -26.0319
76.0918 -26.0419
76.0918 -26.0519
76.0918 -26.0619
76.0919 -26.0719
76.0919 -26.0819
76.092 -26.0919
76.092 -26.1019
76.0921 -26.1119
76.0921 -26.1219
76.0922 -26.1319
76.0922 -26.1419
76.0923 -26.1519
76.0923 -26.1619
76.0924 -26.1719
76.0924 -26.1819
76.0925 -26.1919
76.0925 -26.2019
76.0925 -26.2119
76.0926 -26.2219
76.0926 -26.2319
76.0927 -26.2419
76.0927 -26.2519
76.0928 -26.2619
76.0928 -26.2719
76.0929 -26.2819
76.0929 -26.2919
76.093 -26.3019
76.093 -26.3119
76.0931 -26.3219
76.0931 -26.3319
76.0932 -26.3419
76.0932 -26.3519
76.0933 -26.3619
76.0933 -26.3719
76.0933 -26.3819
76.0934 -26.3919
76.0934 -26.4019
76.0935 -26.4119
76.0935 -26.4219
76.0936 -26.4319
76.0936 -26.4419
76.0937 -26.4519
76.0937 -26.4619
76.0938 -26.4719
76.0938 -26.4819
76.0939 -26.4919
76.0939 -26.5019
76.094 -26.5119
76.094 -26.5219
76.0941 -26.5319
76.0941 -26.5419
76.0942 -26.5519
76.0942 -26.5619
76.0943 -26.5719
76.0943 -26.5819
76.0944 -26.5919
76.0944 -26.6019
76.0945 -26.6119
76.0945 -26.6219
76.0946 -26.6319
76.0946 -26.6419
76.0947 -26.6519
76.0947 -26.6619
76.0948 -26.6719
76.0948 -26.6819
76.0949 -26.6919
76.0949 -26.7019
76.095 -26.7119
76.095 -26.7219
76.0951 -26.7319
76.0951 -26.7419
76.0952 -26.7519
76.0952 -26.7619
76.0953 -26.7719
76.0953 -26.7819
76.0954 -26.7919
76.0954 -26.8019
76.0955 -26.8119
76.0955 -26.8219
76.0956 -26.8319
76.0956 -26.8419
76.0957 -26.8519
76.0957 -26.8619
76.0958 -26.8719
76.0958 -26.8819
76.0959 -26.8919
76.0959 -26.9019
76.096 -26.9119
76.096 -26.9219
76.0961 -26.9319
76.0961 -26.9419
76.0962 -26.9519
76.0962 -26.9619
76.0963 -26.9719
76.0963 -26.9819
76.0964 -26.9919
76.0964 -27.0019
76.0965 -27.0119
76.0966 -27.0219
76.0966 -27.0319
76.0967 -27.0419
76.0967 -27.0519
76.0968 -27.0619
76.0968 -27.0719
76.0969 -27.0819
76.0969 -27.0919
76.097 -27.1019
76.097 -27.1119
76.0971 -27.1219
76.0971 -27.1319
76.0972 -27.1419
76.0972 -27.1519
76.0973 -27.1619
76.0973 -27.1719
76.0974 -27.1819
76.0974 -27.1919
76.0975 -27.2019
76.0976 -27.2119
76.0976 -27.2219
76.0977 -27.2319
76.0977 -27.2419
76.0978 -27.2519
76.0978 -27.2619
76.0979 -27.2719
76.0979 -27.2819
76.098 -27.2919
76.098 -27.3019
76.0981 -27.3119
76.0981 -27.3219
76.0982 -27.3319
76.0983 -27.3419
76.0983 -27.3519
76.0984 -27.3619
76.0984 -27.3719
76.0985 -27.3819
76.0985 -27.3919
76.0986 -27.4019
76.0986 -27.4119
76.0987 -27.4219
76.0987 -27.4319
76.0988 -27.4419
76.0989 -27.4519
76.0989 -27.4619
76.099 -27.4719
76.099 -27.4819
76.0991 -27.4919
76.0991 -27.5019
76.0992 -27.5119
76.0992 -27.5219
76.0993 -27.5319
76.0994 -27.5419
76.0994 -27.5519
76.0995 -27.5619
76.0995 -27.5719
76.0996 -27.5819
76.0996 -27.5919
76.0997 -27.6019
76.0997 -27.6119
76.0998 -27.6219
76.0999 -27.6319
76.0999 -27.6419
76.1 -27.6519
76.1 -27.6619
76.1001 -27.6719
76.1001 -27.6819
76.1002 -27.6919
76.1003 -27.7019
76.1003 -27.7119
76.1004 -27.7219
76.1004 -27.7319
76.1005 -27.7419
76.1005 -27.7519
76.1006 -27.7619
76.1006 -27.7719
76.1007 -27.7819
76.1008 -27.7919
76.1008 -27.8019
76.1009 -27.8119
76.1009 -27.8219
76.101 -27.8319
76.101 -27.8419
76.1011 -27.8519
76.1012 -27.8619
76.1012 -27.8719
76.1013 -27.8819
76.1013 -27.8919
76.1014 -27.9019
76.1015 -27.9119
76.1015 -27.9219
76.1016 -27.9319
76.1016 -27.9419
76.1017 -27.9519
76.1017 -27.9619
76.1018 -27.9719
76.1019 -27.9819
76.1019 -27.9919
76.102 -28.0019
76.102 -28.0119
76.1021 -28.0219
76.1022 -28.0319
76.1022 -28.0419
76.1023 -28.0519
76.1023 -28.0619
76.1024 -28.0719
76.1025 -28.0819
76.1025 -28.0919
76.1026 -28.1019
76.1026 -28.1119
76.1027 -28.1219
76.1027 -28.1319
76.1028 -28.1419
76.1029 -28.1519
76.1029 -28.1619
76.103 -28.1719
76.103 -28.1819
76.1031 -28.1919
76.1032 -28.2019
76.1032 -28.2119
76.1033 -28.2219
76.1033 -28.2319
76.1034 -28.2419
76.1035 -28.2519
76.1035 -28.2619
76.1036 -28.2719
76.1036 -28.2819
76.1037 -28.2919
76.1038 -28.3019
76.1038 -28.3119
76.1039 -28.3219
76.104 -28.3319
76.104 -28.3419
76.1041 -28.3519
76.1041 -28.3619
76.1042 -28.3719
76.1043 -28.3819
76.1043 -28.3919
76.1044 -28.4019
76.1044 -28.4119
76.1045 -28.4219
76.1046 -28.4319
76.1046 -28.4419
76.1047 -28.4519
76.1047 -28.4619
76.1048 -28.4719
76.1049 -28.4819
76.1049 -28.4919
76.105 -28.5019
76.1051 -28.5119
76.1051 -28.5219
76.1052 -28.5319
76.1052 -28.5419
76.1053 -28.5519
76.1054 -28.5619
76.1054 -28.5719
76.1055 -28.5819
76.1056 -28.5919
76.1056 -28.6019
76.1057 -28.6119
76.1057 -28.6219
76.1058 -28.6319
76.1059 -28.6419
76.1059 -28.6519
76.106 -28.6619
76.1061 -28.6719
76.1061 -28.6819
76.1062 -28.6919
76.1062 -28.7019
76.1063 -28.7119
76.1064 -28.7219
76.1064 -28.7319
76.1065 -28.7419
76.1066 -28.7519
76.1066 -28.7619
76.1067 -28.7719
76.1068 -28.7819
76.1068 -28.7919
76.1069 -28.8019
76.1069 -28.8119
76.107 -28.8219
76.1071 -28.8319
76.1071 -28.8419
76.1072 -28.8519
76.1073 -28.8619
76.1073 -28.8719
76.1074 -28.8819
76.1075 -28.8919
76.1075 -28.9019
76.1076 -28.9119
76.1077 -28.9219
76.1077 -28.9319
76.1078 -28.9419
76.1078 -28.9519
76.1079 -28.9619
76.108 -28.9719
76.108 -28.9819
76.1081 -28.9919
76.1082 -29.0019
76.1082 -29.0119
76.1083 -29.0219
76.1084 -29.0319
76.1084 -29.0419
76.1085 -29.0519
76.1086 -29.0619
76.1086 -29.0719
76.1087 -29.0819
76.1088 -29.0919
76.1088 -29.1019
76.1089 -29.1119
76.109 -29.1219
76.109 -29.1319
76.1091 -29.1419
76.1092 -29.1519
76.1092 -29.1619
76.1093 -29.1719
76.1094 -29.1819
76.1094 -29.1919
76.1095 -29.2019
76.1096 -29.2119
76.1096 -29.2219
76.1097 -29.2319
76.1098 -29.2419
76.1098 -29.2519
76.1099 -29.2619
76.11 -29.2719
76.11 -29.2819
76.1101 -29.2919
76.1102 -29.3019
76.1102 -29.3119
76.1103 -29.3219
76.1104 -29.3319
76.1104 -29.3419
76.1105 -29.3519
76.1106 -29.3619
76.1106 -29.3719
76.1107 -29.3819
76.1108 -29.3919
76.1108 -29.4019
76.1109 -29.4119
76.111 -29.4219
76.111 -29.4319
76.1111 -29.4419
76.1112 -29.4519
76.1112 -29.4619
76.1113 -29.4719
76.1114 -29.4819
76.1115 -29.4919
76.1115 -29.5019
76.1116 -29.5119
76.1117 -29.5219
76.1117 -29.5319
76.1118 -29.5419
76.1119 -29.5519
76.1119 -29.5619
76.112 -29.5719
76.1121 -29.5819
76.1121 -29.5919
76.1122 -29.6019
76.1123 -29.6119
76.1123 -29.6219
76.1124 -29.6319
76.1125 -29.6419
76.1126 -29.6519
76.1126 -29.6619
76.1127 -29.6719
76.1128 -29.6819
76.1128 -29.6919
76.1129 -29.7019
76.113 -29.7119
76.113 -29.7219
76.1131 -29.7319
76.1132 -29.7419
76.1133 -29.7519
76.1133 -29.7619
76.1134 -29.7719
76.1135 -29.7819
76.1135 -29.7919
76.1136 -29.8019
76.1137 -29.8119
76.1137 -29.8219
76.1138 -29.8319
76.1139 -29.8419
76.114 -29.8519
76.114 -29.8619
76.1141 -29.8719
76.1142 -29.8819
76.1142 -29.8919
76.1143 -29.9019
76.1144 -29.9119
76.1145 -29.9219
76.1145 -29.9319
76.1146 -29.9419
76.1147 -29.9519
76.1147 -29.9619
76.1148 -29.9719
76.1149 -29.9819
76.115 -29.9919
76.115 -30.0019
76.1151 -30.0119
76.1152 -30.0219
76.1152 -30.0319
76.1153 -30.0419
76.1154 -30.0519
76.1155 -30.0619
76.1155 -30.0719
76.1156 -30.0819
76.1157 -30.0919
76.1158 -30.1019
76.1158 -30.1119
76.1159 -30.1219
76.116 -30.1319
76.116 -30.1419
76.1161 -30.1519
76.1162 -30.1619
76.1163 -30.1719
76.1163 -30.1819
76.1164 -30.1919
76.1165 -30.2019
76.1166 -30.2119
76.1166 -30.2219
76.1167 -30.2319
76.1168 -30.2419
76.1168 -30.2519
76.1169 -30.2619
76.117 -30.2719
76.1171 -30.2819
76.1171 -30.2919
76.1172 -30.3019
76.1173 -30.3119
76.1174 -30.3219
76.1174 -30.3319
76.1175 -30.3419
76.1176 -30.3519
76.1177 -30.3619
76.1177 -30.3719
76.1178 -30.3819
76.1179 -30.3919
76.118 -30.4019
76.118 -30.4119
76.1181 -30.4219
76.1182 -30.4319
76.1183 -30.4419
76.1183 -30.4519
76.1184 -30.4619
76.1185 -30.4719
76.1186 -30.4819
76.1186 -30.4919
76.1187 -30.5019
76.1188 -30.5119
76.1189 -30.5219
76.1189 -30.5319
76.119 -30.5419
76.1191 -30.5519
76.1192 -30.5619
76.1192 -30.5719
76.1193 -30.5819
76.1194 -30.5919
76.1195 -30.6019
76.1195 -30.6119
76.1196 -30.6219
76.1197 -30.6319
76.1198 -30.6419
76.1198 -30.6519
76.1199 -30.6619
76.12 -30.6719
76.1201 -30.6819
76.1201 -30.6919
76.1202 -30.7019
76.1203 -30.7119
76.1204 -30.7219
76.1205 -30.7319
76.1205 -30.7419
76.1206 -30.7519
76.1207 -30.7619
76.1208 -30.7719
76.1208 -30.7819
76.1209 -30.7919
76.121 -30.8019
76.1211 -30.8119
76.1211 -30.8219
76.1212 -30.8319
76.1213 -30.8419
76.1214 -30.8519
76.1215 -30.8619
76.1215 -30.8719
76.1216 -30.8819
76.1217 -30.8919
76.1218 -30.9019
76.1218 -30.9119
76.1219 -30.9219
76.122 -30.9319
76.1221 -30.9419
76.1222 -30.9519
76.1222 -30.9619
76.1223 -30.9719
76.1224 -30.9819
76.1225 -30.9919
76.1225 -31.0019
76.1226 -31.0119
76.1227 -31.0219
76.1228 -31.0319
76.1229 -31.0419
76.1229 -31.0519
76.123 -31.0619
76.1231 -31.0719
76.1232 -31.0819
76.1233 -31.0919
76.1233 -31.1019
76.1234 -31.1119
76.1235 -31.1219
76.1236 -31.1319
76.1237 -31.1419
76.1237 -31.1519
76.1238 -31.1619
76.1239 -31.1719
76.124 -31.1819
76.1241 -31.1919
76.1241 -31.2019
76.1242 -31.2119
76.1243 -31.2219
76.1244 -31.2319
76.1245 -31.2419
76.1245 -31.2519
76.1246 -31.2619
76.1247 -31.2719
76.1248 -31.2819
76.1249 -31.2919
76.1249 -31.3019
76.125 -31.3119
76.1251 -31.3219
76.1252 -31.3319
76.1253 -31.3419
76.1253 -31.3519
76.1254 -31.3619
76.1255 -31.3719
76.1256 -31.3819
76.1257 -31.3919
76.1257 -31.4019
76.1258 -31.4119
76.1259 -31.4219
76.126 -31.4319
76.1261 -31.4419
76.1261 -31.4519
76.1262 -31.4619
76.1263 -31.4719
76.1264 -31.4819
76.1265 -31.4919
76.1266 -31.5019
76.1266 -31.5119
76.1267 -31.5219
76.1268 -31.5319
76.1269 -31.5419
76.127 -31.5519
76.127 -31.5619
76.1271 -31.5719
76.1272 -31.5819
76.1273 -31.5919
76.1274 -31.6019
76.1275 -31.6119
76.1275 -31.6219
76.1276 -31.6319
76.1277 -31.6419
76.1278 -31.6519
76.1279 -31.6619
76.128 -31.6719
76.128 -31.6819
76.1281 -31.6919
76.1282 -31.7019
76.1283 -31.7119
76.1284 -31.7219
76.1285 -31.7319
76.1285 -31.7419
76.1286 -31.7519
76.1287 -31.7619
76.1288 -31.7719
76.1289 -31.7819
76.129 -31.7919
76.129 -31.8019
76.1291 -31.8119
76.1292 -31.8219
76.1293 -31.8319
76.1294 -31.8419
76.1295 -31.8519
76.1295 -31.8619
76.1296 -31.8719
76.1297 -31.8819
76.1298 -31.8919
76.1299 -31.9019
76.13 -31.9119
76.13 -31.9219
76.1301 -31.9319
76.1302 -31.9419
76.1303 -31.9519
76.1304 -31.9619
76.1305 -31.9719
76.1306 -31.9819
76.1306 -31.9919
76.1307 -32.0019
76.1308 -32.0119
76.1309 -32.0219
76.131 -32.0319
76.1311 -32.0419
76.1312 -32.0519
76.1312 -32.0619
76.1313 -32.0719
76.1314 -32.0819
76.1315 -32.0919
76.1316 -32.1019
76.1317 -32.1119
76.1318 -32.1219
76.1318 -32.1319
76.1319 -32.1419
76.132 -32.1519
76.1321 -32.1619
76.1322 -32.1719
76.1323 -32.1819
76.1324 -32.1919
76.1324 -32.2019
76.1325 -32.2119
76.1326 -32.2219
76.1327 -32.2319
76.1328 -32.2419
76.1329 -32.2519
76.133 -32.2619
76.133 -32.2719
76.1331 -32.2819
76.1332 -32.2919
76.1333 -32.3019
76.1334 -32.3119
76.1335 -32.3219
76.1336 -32.3319
76.1337 -32.3419
76.1337 -32.3519
76.1338 -32.3619
76.1339 -32.3719
76.134 -32.3819
76.1341 -32.3919
76.1342 -32.4019
76.1343 -32.4119
76.1344 -32.4219
76.1344 -32.4319
76.1345 -32.4419
76.1346 -32.4519
76.1347 -32.4619
76.1348 -32.4719
76.1349 -32.4819
76.135 -32.4919
76.1351 -32.5019
76.1352 -32.5119
76.1352 -32.5219
76.1353 -32.5319
76.1354 -32.5419
76.1355 -32.5519
76.1356 -32.5619
76.1357 -32.5719
76.1358 -32.5819
76.1359 -32.5919
76.136 -32.6019
76.136 -32.6119
76.1361 -32.6219
76.1362 -32.6319
76.1363 -32.6419
76.1364 -32.6519
76.1365 -32.6619
76.1366 -32.6719
76.1367 -32.6819
76.1368 -32.6919
76.1368 -32.7019
76.1369 -32.7119
76.137 -32.7219
76.1371 -32.7319
76.1372 -32.7419
76.1373 -32.7519
76.1374 -32.7619
76.1375 -32.7719
76.1376 -32.7819
76.1377 -32.7919
76.1377 -32.8019
76.1378 -32.8119
76.1379 -32.8219
76.138 -32.8319
76.1381 -32.8419
76.1382 -32.8519
76.1383 -32.8619
76.1384 -32.8719
76.1385 -32.8819
76.1386 -32.8919
76.1387 -32.9019
76.1387 -32.9119
76.1388 -32.9219
76.1389 -32.9319
76.139 -32.9419
76.1391 -32.9519
76.1392 -32.9619
76.1393 -32.9719
76.1394 -32.9819
76.1395 -32.9919
76.1396 -33.0019
76.1397 -33.0119
76.1398 -33.0219
76.1398 -33.0319
76.1399 -33.0419
76.14 -33.0519
76.1401 -33.0619
76.1402 -33.0719
76.1403 -33.0819
76.1404 -33.0919
76.1405 -33.1019
76.1406 -33.1119
76.1407 -33.1219
76.1408 -33.1319
76.1409 -33.1419
76.141 -33.1519
76.141 -33.1619
76.1411 -33.1719
76.1412 -33.1819
76.1413 -33.1919
76.1414 -33.2019
76.1415 -33.2119
76.1416 -33.2219
76.1417 -33.2319
76.1418 -33.2419
76.1419 -33.2519
76.142 -33.2619
76.1421 -33.2719
76.1422 -33.2819
76.1423 -33.2919
76.1423 -33.3019
76.1424 -33.3119
76.1425 -33.3219
76.1426 -33.3319
76.1427 -33.3419
76.1428 -33.3519
76.1429 -33.3619
76.143 -33.3719
76.1431 -33.3819
76.1432 -33.3919
76.1433 -33.4019
76.1434 -33.4119
76.1435 -33.4219
76.1436 -33.4319
76.1437 -33.4419
76.1438 -33.4519
76.1439 -33.4619
76.144 -33.4719
76.144 -33.4819
76.1441 -33.4919
76.1442 -33.5019
76.1443 -33.5119
76.1444 -33.5219
76.1445 -33.5319
76.1446 -33.5419
76.1447 -33.5519
76.1448 -33.5619
76.1449 -33.5719
76.145 -33.5819
76.1451 -33.5919
76.1452 -33.6019
76.1453 -33.6119
76.1454 -33.6219
76.1455 -33.6319
76.1456 -33.6419
76.1457 -33.6519
76.1458 -33.6619
76.1459 -33.6719
76.146 -33.6819
76.1461 -33.6919
76.1462 -33.7019
76.1462 -33.7119
76.1463 -33.7219
76.1464 -33.7319
76.1465 -33.7419
76.1466 -33.7519
76.1467 -33.7619
76.1468 -33.7719
76.1469 -33.7819
76.147 -33.7919
76.1471 -33.8019
76.1472 -33.8119
76.1473 -33.8219
76.1474 -33.8319
76.1475 -33.8419
76.1476 -33.8519
76.1477 -33.8619
76.1478 -33.8719
76.1479 -33.8819
76.148 -33.8919
76.1481 -33.9019
76.1482 -33.9119
76.1483 -33.9219
76.1484 -33.9319
76.1485 -33.9419
76.1486 -33.9519
76.1487 -33.9619
76.1488 -33.9719
76.1489 -33.9819
76.149 -33.9919
76.1491 -34.0019
76.1492 -34.0119
76.1493 -34.0219
76.1494 -34.0319
76.1495 -34.0419
76.1496 -34.0519
76.1497 -34.0619
76.1498 -34.0719
76.1499 -34.0819
76.15 -34.0919
76.1501 -34.1019
76.1502 -34.1119
76.1503 -34.1219
76.1504 -34.1319
76.1505 -34.1419
76.1506 -34.1519
76.1507 -34.1619
76.1508 -34.1719
76.1509 -34.1819
76.151 -34.1919
76.1511 -34.2019
76.1512 -34.2119
76.1513 -34.2219
76.1514 -34.2319
76.1515 -34.2419
76.1516 -34.2519
76.1517 -34.2619
76.1518 -34.2719
76.1519 -34.2819
76.152 -34.2919
76.1521 -34.3019
76.1522 -34.3119
76.1523 -34.3219
76.1524 -34.3319
76.1525 -34.3419
76.1526 -34.3519
76.1527 -34.3619
76.1528 -34.3719
76.1529 -34.3819
76.153 -34.3919
76.1531 -34.4019
76.1532 -34.4119
76.1533 -34.4219
76.1534 -34.4319
76.1535 -34.4419
76.1536 -34.4519
76.1537 -34.4619
76.1538 -34.4719
76.1539 -34.4819
76.154 -34.4919
76.1541 -34.5019
76.1542 -34.5119
76.1543 -34.5219
76.1544 -34.5319
76.1545 -34.5419
76.1546 -34.5519
76.1547 -34.5619
76.1548 -34.5719
76.1549 -34.5819
76.155 -34.5919
76.1551 -34.6019
76.1552 -34.6119
76.1553 -34.6219
76.1554 -34.6319
76.1555 -34.6419
76.1556 -34.6519
76.1557 -34.6619
76.1558 -34.6719
76.1559 -34.6819
76.156 -34.6919
76.1561 -34.7019
76.1562 -34.7119
76.1563 -34.7219
76.1564 -34.7319
76.1565 -34.7419
76.1566 -34.7519
76.1567 -34.7619
76.1568 -34.7719
76.1569 -34.7819
76.1571 -34.7919
76.1572 -34.8019
76.1573 -34.8119
76.1574 -34.8219
76.1575 -34.8319
76.1576 -34.8419
76.1577 -34.8519
76.1578 -34.8619
76.1579 -34.8719
76.158 -34.8819
76.1581 -34.8919
76.1582 -34.9019
76.1583 -34.9119
76.1584 -34.9219
76.1585 -34.9319
76.1586 -34.9419
76.1587 -34.9519
76.1588 -34.9619
76.1589 -34.9719
76.159 -34.9819
76.1591 -34.9919
76.1592 -35.0019
76.1593 -35.0119
76.1595 -35.0219
76.1596 -35.0319
76.1597 -35.0419
76.1598 -35.0519
76.1599 -35.0619
76.16 -35.0719
76.1601 -35.0819
76.1602 -35.0919
76.1603 -35.1019
76.1604 -35.1119
76.1605 -35.1219
76.1606 -35.1319
76.1607 -35.1419
76.1608 -35.1519
76.1609 -35.1619
76.161 -35.1719
76.1611 -35.1819
76.1612 -35.1919
76.1614 -35.2019
76.1615 -35.2119
76.1616 -35.2219
76.1617 -35.2319
76.1618 -35.2419
76.1619 -35.2519
76.162 -35.2619
76.1621 -35.2719
76.1622 -35.2819
76.1623 -35.2919
76.1624 -35.3019
76.1625 -35.3119
76.1626 -35.3219
76.1627 -35.3319
76.1629 -35.3419
76.163 -35.3519
76.1631 -35.3619
76.1632 -35.3719
76.1633 -35.3819
76.1634 -35.3919
76.1635 -35.4019
76.1636 -35.4119
76.1637 -35.4219
76.1638 -35.4319
76.1639 -35.4419
76.164 -35.4519
76.1641 -35.4619
76.1643 -35.4719
76.1644 -35.4819
76.1645 -35.4919
76.1646 -35.5019
76.1647 -35.5119
76.1648 -35.5219
76.1649 -35.5319
76.165 -35.5419
76.1651 -35.5519
76.1652 -35.5619
76.1653 -35.5719
76.1654 -35.5819
76.1656 -35.5919
76.1657 -35.6019
76.1658 -35.6119
76.1659 -35.6219
76.166 -35.6319
76.1661 -35.6419
76.1662 -35.6519
76.1663 -35.6619
76.1664 -35.6719
76.1665 -35.6819
76.1666 -35.6919
76.1668 -35.7019
76.1669 -35.7119
76.167 -35.7219
76.1671 -35.7319
76.1672 -35.7419
76.1673 -35.7519
76.1674 -35.7619
76.1675 -35.7719
76.1676 -35.7819
76.1677 -35.7919
76.1679 -35.8019
76.168 -35.8119
76.1681 -35.8219
76.1682 -35.8319
76.1683 -35.8419
76.1684 -35.8519
76.1685 -35.8619
76.1686 -35.8719
76.1687 -35.8819
76.1689 -35.8919
76.169 -35.9019
76.1691 -35.9119
76.1692 -35.9219
76.1693 -35.9319
76.1694 -35.9419
76.1695 -35.9519
76.1696 -35.9619
76.1697 -35.9719
76.1699 -35.9819
76.17 -35.9919
76.1701 -36.0019
76.1702 -36.0119
76.1703 -36.0219
76.1704 -36.0319
76.1705 -36.0419
76.1706 -36.0519
76.1707 -36.0619
76.1709 -36.0719
76.171 -36.0819
76.1711 -36.0919
76.1712 -36.1019
76.1713 -36.1119
76.1714 -36.1219
76.1715 -36.1319
76.1716 -36.1419
76.1718 -36.1519
76.1719 -36.1619
76.172 -36.1719
76.1721 -36.1819
76.1722 -36.1919
76.1723 -36.2019
76.1724 -36.2119
76.1725 -36.2219
76.1727 -36.2319
76.1728 -36.2419
76.1729 -36.2519
76.173 -36.2619
76.1731 -36.2719
76.1732 -36.2819
76.1733 -36.2919
76.1735 -36.3019
76.1736 -36.3119
76.1737 -36.3219
76.1738 -36.3319
76.1739 -36.3419
76.174 -36.3519
76.1741 -36.3619
76.1743 -36.3719
76.1744 -36.3819
76.1745 -36.3919
76.1746 -36.4019
76.1747 -36.4119
76.1748 -36.4219
76.1749 -36.4319
76.1751 -36.4419
76.1752 -36.4519
76.1753 -36.4619
76.1754 -36.4719
76.1755 -36.4819
76.1756 -36.4919
76.1757 -36.5019
76.1759 -36.5119
76.176 -36.5219
76.1761 -36.5319
76.1762 -36.5419
76.1763 -36.5519
76.1764 -36.5619
76.1765 -36.5719
76.1767 -36.5819
76.1768 -36.5919
76.1769 -36.6019
76.177 -36.6119
76.1771 -36.6219
76.1772 -36.6319
76.1774 -36.6419
76.1775 -36.6519
76.1776 -36.6619
76.1777 -36.6719
76.1778 -36.6819
76.1779 -36.6919
76.1781 -36.7019
76.1782 -36.7119
76.1783 -36.7219
76.1784 -36.7319
76.1785 -36.7419
76.1786 -36.7519
76.1788 -36.7619
76.1789 -36.7719
76.179 -36.7819
76.1791 -36.7919
76.1792 -36.8019
76.1793 -36.8119
76.1795 -36.8219
76.1796 -36.8319
76.1797 -36.8419
76.1798 -36.8519
76.1799 -36.8619
76.18 -36.8719
76.1802 -36.8819
76.1803 -36.8919
76.1804 -36.9019
76.1805 -36.9119
76.1806 -36.9219
76.1807 -36.9319
76.1809 -36.9419
76.181 -36.9519
76.1811 -36.9619
76.1812 -36.9719
76.1813 -36.9819
76.1815 -36.9919
76.1816 -37.0019
76.1817 -37.0119
76.1818 -37.0219
76.1819 -37.0319
76.1821 -37.0419
76.1822 -37.0519
76.1823 -37.0619
76.1824 -37.0719
76.1825 -37.0819
76.1826 -37.0919
76.1828 -37.1019
76.1829 -37.1119
76.183 -37.1219
76.1831 -37.1319
76.1832 -37.1419
76.1834 -37.1519
76.1835 -37.1619
76.1836 -37.1719
76.1837 -37.1819
76.1838 -37.1919
76.184 -37.2019
76.1841 -37.2119
76.1842 -37.2219
76.1843 -37.2319
76.1844 -37.2419
76.1846 -37.2519
76.1847 -37.2619
76.1848 -37.2719
76.1849 -37.2819
76.185 -37.2919
76.1852 -37.3019
76.1853 -37.3119
76.1854 -37.3219
76.1855 -37.3319
76.1856 -37.3419
76.1858 -37.3519
76.1859 -37.3619
76.186 -37.3719
76.1861 -37.3819
76.1862 -37.3919
76.1864 -37.4019
76.1865 -37.4119
76.1866 -37.4219
76.1867 -37.4319
76.1868 -37.4419
76.187 -37.4519
76.1871 -37.4619
76.1872 -37.4719
76.1873 -37.4819
76.1875 -37.4919
76.1876 -37.5019
76.1877 -37.5119
76.1878 -37.5219
76.1879 -37.5319
76.1881 -37.5419
76.1882 -37.5519
76.1883 -37.5619
76.1884 -37.5719
76.1886 -37.5819
76.1887 -37.5919
76.1888 -37.6019
76.1889 -37.6119
76.189 -37.6219
76.1892 -37.6319
76.1893 -37.6419
76.1894 -37.6519
76.1895 -37.6619
76.1897 -37.6719
76.1898 -37.6819
76.1899 -37.6919
76.19 -37.7019
76.1901 -37.7119
76.1903 -37.7219
76.1904 -37.7319
76.1905 -37.7419
76.1906 -37.7519
76.1908 -37.7619
76.1909 -37.7719
76.191 -37.7819
76.1911 -37.7919
76.1913 -37.8019
76.1914 -37.8119
76.1915 -37.8219
76.1916 -37.8319
76.1918 -37.8419
76.1919 -37.8519
76.192 -37.8619
76.1921 -37.8719
76.1922 -37.8819
76.1924 -37.8919
76.1925 -37.9019
76.1926 -37.9119
76.1927 -37.9219
76.1929 -37.9319
76.193 -37.9419
76.1931 -37.9519
76.1932 -37.9619
76.1934 -37.9719
76.1935 -37.9819
76.1936 -37.9919
76.1937 -38.0019
76.1939 -38.0119
76.194 -38.0219
76.1941 -38.0319
76.1942 -38.0419
76.1944 -38.0519
76.1945 -38.0619
76.1946 -38.0719
76.1947 -38.0819
76.1949 -38.0919
76.195 -38.1019
76.1951 -38.1119
76.1952 -38.1219
76.1954 -38.1319
76.1955 -38.1419
76.1956 -38.1519
76.1958 -38.1619
76.1959 -38.1719
76.196 -38.1819
76.1961 -38.1919
76.1963 -38.2019
76.1964 -38.2119
76.1965 -38.2219
76.1966 -38.2319
76.1968 -38.2419
76.1969 -38.2519
76.197 -38.2619
76.1971 -38.2719
76.1973 -38.2819
76.1974 -38.2919
76.1975 -38.3019
76.1977 -38.3119
76.1978 -38.3219
76.1979 -38.3319
76.198 -38.3419
76.1982 -38.3519
76.1983 -38.3619
76.1984 -38.3719
76.1985 -38.3819
76.1987 -38.3919
76.1988 -38.4019
76.1989 -38.4119
76.1991 -38.4219
76.1992 -38.4319
76.1993 -38.4419
76.1994 -38.4519
76.1996 -38.4619
76.1997 -38.4719
76.1998 -38.4819
76.1999 -38.4919
76.2001 -38.5019
76.2002 -38.5119
76.2003 -38.5219
76.2005 -38.5319
76.2006 -38.5419
76.2007 -38.5519
76.2008 -38.5619
76.201 -38.5719
76.2011 -38.5819
76.2012 -38.5919
76.2014 -38.6019
76.2015 -38.6119
76.2016 -38.6219
76.2018 -38.6319
76.2019 -38.6419
76.202 -38.6519
76.2021 -38.6619
76.2023 -38.6719
76.2024 -38.6819
76.2025 -38.6919
76.2027 -38.7019
76.2028 -38.7119
76.2029 -38.7219
76.203 -38.7319
76.2032 -38.7419
76.2033 -38.7519
76.2034 -38.7619
76.2036 -38.7719
76.2037 -38.7819
76.2038 -38.7919
76.204 -38.8019
76.2041 -38.8119
76.2042 -38.8219
76.2043 -38.8319
76.2045 -38.8419
76.2046 -38.8519
76.2047 -38.8619
76.2049 -38.8719
76.205 -38.8819
76.2051 -38.8919
76.2053 -38.9019
76.2054 -38.9119
76.2055 -38.9219
76.2057 -38.9319
76.2058 -38.9419
76.2059 -38.9519
76.2061 -38.9619
76.2062 -38.9719
76.2063 -38.9819
76.2064 -38.9919
76.2066 -39.0019
76.2067 -39.0119
76.2068 -39.0219
76.207 -39.0319
76.2071 -39.0419
76.2072 -39.0519
76.2074 -39.0619
76.2075 -39.0719
76.2076 -39.0819
76.2078 -39.0919
76.2079 -39.1019
76.208 -39.1119
76.2082 -39.1219
76.2083 -39.1319
76.2084 -39.1419
76.2086 -39.1519
76.2087 -39.1619
76.2088 -39.1719
76.209 -39.1819
76.2091 -39.1919
76.2092 -39.2019
76.2094 -39.2119
76.2095 -39.2219
76.2096 -39.2319
76.2098 -39.2419
76.2099 -39.2519
76.21 -39.2619
76.2102 -39.2719
76.2103 -39.2819
76.2104 -39.2919
76.2106 -39.3019
76.2107 -39.3119
76.2108 -39.3219
76.211 -39.3319
76.2111 -39.3419
76.2112 -39.3519
76.2114 -39.3619
76.2115 -39.3719
76.2116 -39.3819
76.2118 -39.3919
76.2119 -39.4019
76.212 -39.4119
76.2122 -39.4219
76.2123 -39.4319
76.2124 -39.4419
76.2126 -39.4519
76.2127 -39.4619
76.2128 -39.4719
76.213 -39.4819
76.2131 -39.4919
76.2132 -39.5019
76.2134 -39.5119
76.2135 -39.5219
76.2137 -39.5319
76.2138 -39.5419
76.2139 -39.5519
76.2141 -39.5619
76.2142 -39.5719
76.2143 -39.5819
76.2145 -39.5919
76.2146 -39.6019
76.2147 -39.6119
76.2149 -39.6219
76.215 -39.6319
76.2151 -39.6419
76.2153 -39.6519
76.2154 -39.6619
76.2156 -39.6719
76.2157 -39.6819
76.2158 -39.6919
76.216 -39.7019
76.2161 -39.7119
76.2162 -39.7219
76.2164 -39.7319
76.2165 -39.7419
76.2166 -39.7519
76.2168 -39.7619
76.2169 -39.7719
76.2171 -39.7819
76.2172 -39.7919
76.2173 -39.8019
76.2175 -39.8119
76.2176 -39.8219
76.2177 -39.8319
76.2179 -39.8419
76.218 -39.8519
76.2181 -39.8619
76.2183 -39.8719
76.2184 -39.8819
76.2186 -39.8919
76.2187 -39.9019
76.2188 -39.9119
76.219 -39.9219
76.2191 -39.9319
76.2193 -39.9419
76.2194 -39.9519
76.2195 -39.9619
76.2197 -39.9719
76.2198 -39.9819
76.2199 -39.9919
76.2201 -40.0019
76.2202 -40.0119
76.2204 -40.0219
76.2205 -40.0319
76.2206 -40.0419
76.2208 -40.0519
76.2209 -40.0619
76.2211 -40.0719
76.2212 -40.0819
76.2213 -40.0919
76.2215 -40.1019
76.2216 -40.1119
76.2217 -40.1219
76.2219 -40.1319
76.222 -40.1419
76.2222 -40.1519
76.2223 -40.1619
76.2224 -40.1719
76.2226 -40.1819
76.2227 -40.1919
76.2229 -40.2019
76.223 -40.2119
76.2231 -40.2219
76.2233 -40.2319
76.2234 -40.2419
76.2236 -40.2519
76.2237 -40.2619
76.2238 -40.2719
76.224 -40.2819
76.2241 -40.2919
76.2243 -40.3019
76.2244 -40.3119
76.2245 -40.3219
76.2247 -40.3319
76.2248 -40.3419
76.225 -40.3519
76.2251 -40.3619
76.2252 -40.3719
76.2254 -40.3819
76.2255 -40.3919
76.2257 -40.4019
76.2258 -40.4119
76.226 -40.4219
76.2261 -40.4319
76.2262 -40.4419
76.2264 -40.4519
76.2265 -40.4619
76.2267 -40.4719
76.2268 -40.4819
76.2269 -40.4919
76.2271 -40.5019
76.2272 -40.5119
76.2274 -40.5219
76.2275 -40.5319
76.2276 -40.5419
76.2278 -40.5519
