0.1 1.32768
0.2 2.65592
0.3 3.98472
0.4 5.31409
0.5 6.64404
0.6 7.97457
0.7 9.3057
0.8 10.6374
0.9 11.9698
1 13.3027
0.247713 13.4837
0.495403 13.6646
0.743046 13.8455
0.990658 14.0265
1.23823 14.2074
1.48576 14.3883
1.73325 14.5691
1.9807 14.75
2.22811 14.9308
2.47548 15.1117
2.72282 15.2925
2.97023 15.4736
3.21764 15.6548
3.46501 15.836
3.71239 16.0173
3.95973 16.1986
4.20702 16.3798
4.45427 16.5611
4.70149 16.7423
4.94866 16.9235
5.19578 17.1047
5.44283 17.2858
5.68985 17.4668
5.93687 17.648
6.18389 17.8293
6.43088 18.0106
6.67785 18.192
6.92477 18.3733
7.17166 18.5546
7.41853 18.736
7.66535 18.9174
7.91213 19.0987
8.15887 19.28
8.40556 19.4613
8.65221 19.6426
8.89882 19.8239
9.14539 20.0051
9.39192 20.1864
9.63841 20.3676
9.88486 20.5488
10.1313 20.73
10.3776 20.9112
10.6239 21.0924
10.8702 21.2735
11.1165 21.4546
11.3626 21.6357
11.6088 21.8168
11.8549 21.9979
12.1009 22.1789
12.3469 22.3599
12.5929 22.5409
12.8388 22.7219
13.0847 22.9028
13.3305 23.0837
13.5763 23.2646
13.8221 23.4455
14.0677 23.6264
14.3134 23.8072
14.559 23.9881
14.8046 24.1689
15.0501 24.3497
15.2956 24.5304
15.541 24.7112
15.7864 24.8919
16.0317 25.0726
16.277 25.2532
16.5223 25.4338
16.7674 25.6144
17.0126 25.795
17.2577 25.9755
17.5028 26.1561
17.7478 26.3366
17.9927 26.517
18.2376 26.6974
18.4825 26.8778
18.7273 27.0581
18.9721 27.2384
19.2168 27.4187
19.4615 27.5989
19.7061 27.7791
19.9507 27.9593
20.1952 28.1395
20.4397 28.3197
20.6841 28.4999
20.9285 28.6801
21.1729 28.8602
21.4172 29.0404
21.6615 29.2205
21.9057 29.4006
22.1499 29.5806
22.394 29.7607
22.6381 29.9407
22.8822 30.1207
23.1262 30.3007
23.3701 30.4807
23.614 30.6606
23.8579 30.8405
24.1017 31.0204
24.3454 31.2002
24.5892 31.3801
24.8328 31.5599
25.0765 31.7397
25.32 31.9194
25.5636 32.0992
25.8071 32.2789
26.0505 32.4587
26.2939 32.6384
26.5372 32.8181
26.7805 32.9977
27.0238 33.1774
27.267 33.357
27.5102 33.5366
27.7533 33.7162
27.9963 33.8958
28.2394 34.0753
28.4823 34.2548
28.7252 34.4343
28.9681 34.6137
29.2109 34.7931
29.4537 34.9725
29.6964 35.1519
29.9391 35.3313
30.1818 35.5106
30.4243 35.69
30.6669 35.8693
30.9094 36.0486
31.1518 36.2278
31.3942 36.4071
31.6365 36.5863
31.8788 36.7654
32.1211 36.9446
32.3633 37.1237
32.6054 37.3028
32.8475 37.4819
33.0896 37.661
33.3316 37.84
33.5735 38.019
33.8154 38.1979
34.0573 38.3768
34.2991 38.5557
34.5408 38.7346
34.7825 38.9134
35.0242 39.0922
35.2658 39.271
35.5073 39.4498
35.7488 39.6285
35.9903 39.8073
36.2317 39.986
36.473 40.1647
36.7144 40.3433
36.9556 40.522
37.1968 40.7006
37.438 40.8792
37.6791 41.0577
37.9202 41.2363
38.1612 41.4148
38.4021 41.5933
38.6431 41.7718
38.8839 41.9503
39.1247 42.1287
39.3655 42.3071
39.6062 42.4855
39.8469 42.6639
40.0875 42.8423
40.3281 43.0206
40.5686 43.1991
40.809 43.3775
41.0495 43.556
41.2898 43.7344
41.5301 43.9128
41.7704 44.0912
42.0106 44.2696
42.2508 44.4479
42.4909 44.6263
42.731 44.8046
42.971 44.9828
43.211 45.1611
43.4509 45.3394
43.6907 45.5176
43.9305 45.6958
44.1703 45.874
44.41 46.0521
44.6497 46.2303
44.8893 46.4084
45.1288 46.5865
45.3683 46.7646
45.6078 46.9426
45.8472 47.1207
46.0865 47.2987
46.3258 47.4767
46.5651 47.6547
46.8043 47.8326
47.0434 48.0105
47.2825 48.1884
47.5216 48.3663
47.7605 48.5442
47.9995 48.7221
48.2384 48.8999
48.4772 49.0777
48.716 49.2555
48.9547 49.4332
49.1934 49.611
49.432 49.7887
49.6706 49.9664
49.9091 50.1441
50.1476 50.3217
50.386 50.4994
50.6243 50.6774
50.8627 50.8553
51.1009 51.0332
51.3391 51.2111
51.5773 51.389
51.8154 51.5668
52.0534 51.7446
52.2914 51.9224
52.5293 52.1002
52.7672 52.278
53.0051 52.4558
53.2428 52.6335
53.4806 52.8112
53.7182 52.9889
53.9559 53.1666
54.1934 53.3443
54.4309 53.5219
54.6684 53.6996
54.9058 53.8772
55.1431 54.0548
55.3804 54.2323
55.6177 54.4099
55.8549 54.5874
56.092 54.7649
56.3291 54.9424
56.5661 55.1199
56.8031 55.2974
57.04 55.4748
57.2768 55.6524
57.5137 55.83
57.7504 56.0076
57.9871 56.1852
58.2237 56.3628
58.4603 56.5404
58.6969 56.7179
58.9333 56.8955
59.1698 57.073
59.4061 57.2505
59.6424 57.428
59.8787 57.6054
60.1149 57.7829
60.351 57.9603
60.5871 58.1378
60.8232 58.3152
61.0591 58.4925
61.2951 58.6699
61.5309 58.8473
61.7667 59.0246
62.0025 59.2019
62.2382 59.3792
62.4738 59.5565
62.7094 59.7338
62.9449 59.911
63.1804 60.0882
63.4158 60.2655
63.6512 60.4427
63.8865 60.6198
64.1217 60.797
64.3569 60.9742
64.5921 61.1513
64.8271 61.3284
65.0622 61.5055
65.2971 61.6826
65.532 61.8596
65.7669 62.0367
66.0017 62.2137
66.2364 62.3907
66.4711 62.5677
66.7057 62.7447
66.9402 62.9217
67.1747 63.0986
67.4092 63.2756
67.6436 63.4525
67.8779 63.6294
68.1122 63.8063
68.3464 63.9831
68.5805 64.16
68.8146 64.3368
69.0487 64.5136
69.2827 64.6904
69.5166 64.8672
69.7504 65.0439
69.9842 65.2207
70.218 65.3974
70.4517 65.5741
70.6853 65.7508
70.9189 65.9275
71.1524 66.1041
71.3858 66.2808
71.6192 66.4574
71.8525 66.634
72.0858 66.8106
72.319 66.9872
72.5522 67.1637
72.7852 67.3403
73.0183 67.5168
73.2512 67.6933
73.4842 67.8698
73.717 68.0463
73.9498 68.2227
74.1825 68.3992
74.4152 68.5756
74.6478 68.752
74.88 68.9282
75.1093 69
75.3321 69
75.5462 69
75.7434 69
75.8698 69
75.9664 69
76.0611 69
76.1557 69
76.2373 69
76.2979 69
76.3508 69
76.4021 69
76.4517 69
76.4995 69
76.5447 69
76.5878 69
76.6278 69
76.6661 69
76.7042 69
76.7419 69
76.7792 69
76.816 69
76.8524 69
76.8882 69
76.9237 69
76.9586 69
76.993 69
77.0273 69
77.0616 69
77.0957 69
77.1298 69
77.1637 69
77.1975 69
77.2313 69
77.2649 69
77.2975 69
77.3293 69
77.3594 69
77.3893 69
77.4161 69
77.4427 69
77.4671 69
77.4902 69
77.5117 69
77.5332 69
77.5545 69
77.5758 69
77.597 69
77.6179 69
77.6387 69
77.659 69
77.6791 69
77.6991 69
77.719 69
77.7382 69
77.7573 69
77.7763 69
77.795 69
77.8132 69
77.8314 69
77.8493 69
77.867 69
77.8847 69
77.9022 69
77.9197 69
77.9371 69
77.9545 69
77.9717 69
77.9888 69
78.0059 69
78.0227 69
78.0388 69
78.0548 69
78.0705 69
78.0845 69
78.0984 69
78.1122 69
78.126 69
78.1376 69
78.1487 69
78.1598 69
78.1708 69
78.1806 69
78.1891 69
78.1976 69
78.2052 69
78.2121 69
78.219 69
78.2259 69
78.2326 69
78.239 69
78.2453 69
78.2516 69
78.2578 69
78.2638 69
78.2692 69
78.2746 69
78.2799 69
78.2852 69
78.2904 69
78.2955 69
78.3005 69
78.305 69
78.3092 69
78.3133 69
78.3174 69
78.3215 69
78.3254 69
78.3293 69
78.3332 69
78.3365 69
78.3397 69
78.3428 69
78.3458 69
78.3488 69
78.3516 69
78.3542 69
78.3567 69
78.3591 69
78.3615 69
78.3639 69
78.3661 69
78.3684 69
78.3704 69
78.3723 69
78.3741 69
78.3757 69
78.3769 69
78.378 69
78.3791 69
78.3801 69
78.381 69
78.3812 69
78.3815 69
78.3817 69
78.3817 69
78.3817 69
78.3812 69
78.3806 69
78.3799 69
78.3792 69
78.3781 69
78.3769 69
78.3755 69
78.3742 69
78.3728 69
78.3713 69
78.3699 69
78.3684 69
78.3668 69
78.3652 69
78.3634 69
78.3612 69
78.3591 69
78.3569 69
78.3547 69
78.3524 69
78.3501 69
78.3473 69
78.3446 69
78.3418 69
78.3389 69
78.336 69
78.3329 69
78.3297 69
78.3266 69
78.3234 69
78.3201 69
78.3167 69
78.313 69
78.3091 69
78.3052 69
78.3013 69
78.2973 69
78.2933 69
78.2893 69
78.2852 69
78.2811 69
78.277 69
78.2729 69
78.2686 69
78.264 69
78.2594 69
78.2548 69
78.2501 69
78.2455 69
78.2408 69
78.236 69
78.2311 69
78.2261 69
78.221 69
78.2159 69
78.2106 69
78.2053 69
78.1999 69
78.1945 69
78.1891 69
78.1837 69
78.1782 69
78.1726 69
78.1669 69
78.1611 69
78.1554 69
78.1496 69
78.1438 69
78.138 69
78.132 69
78.126 69
78.1199 69
78.1138 69
78.1075 69
78.1012 69
78.0948 69
78.0884 69
78.0819 69
78.0751 69
78.0683 69
78.0615 69
78.0546 69
78.0478 69
78.0409 69
78.034 69
78.0269 69
78.0195 69
78.0122 69
78.0048 69
77.9975 69
77.9901 69
77.9827 69
77.9753 69
77.9677 69
77.96 69
77.9522 69
77.9444 69
77.9366 69
77.9288 69
77.9208 69
77.9128 69
77.9049 69
77.8969 69
77.8888 69
77.8808 69
77.8728 69
77.8648 69
77.8568 69
77.8487 69
77.8407 69
77.8326 69
77.8246 69
77.8165 69
77.8084 69
77.8004 69
77.7923 69
77.7842 69
77.7761 69
77.768 69
77.7599 69
77.7517 69
77.7436 69
77.7355 69
77.7274 69
77.7192 69
77.7111 69
77.7029 69
77.6947 69
77.6866 69
77.6784 69
77.6702 69
77.662 69
77.6538 69
77.6456 69
77.6374 69
77.6292 69
77.621 69
77.6127 69
77.6045 69
77.5962 69
77.588 69
77.5797 69
77.5715 69
77.5632 69
77.5548 69
77.5464 69
77.538 69
77.5296 69
77.5212 69
77.5128 69
77.5044 69
77.496 69
77.4876 69
77.4791 69
77.4707 69
77.4622 69
77.4537 69
77.445 69
77.4364 69
77.4277 69
77.4191 69
77.4104 69
77.4017 69
77.393 69
77.3844 69
77.3757 69
77.367 69
77.3583 69
77.3496 69
77.3409 69
77.3322 69
77.3235 69
77.3147 69
77.306 69
77.2972 69
77.2883 69
77.2793 69
77.2703 69
77.2614 69
77.2524 69
77.2434 69
77.2344 69
77.2254 69
77.2164 69
77.2074 69
77.1984 69
77.1894 69
77.1803 69
77.1713 69
77.1623 69
77.1532 69
77.1442 69
77.1351 69
77.1261 69
77.1169 69
77.1076 69
77.0984 69
77.0892 69
77.0799 69
77.0707 69
77.0618 69
77.053 69
77.0443 69
77.0355 69
77.0267 69
77.0179 69
77.0091 69
77.0009 69
76.9928 69
76.9848 69
76.9767 69
76.9687 69
76.9606 69
76.9526 69
76.9445 69
76.9365 69
76.9284 69
76.9207 69
76.9137 69
76.9066 69
76.8996 69
76.8926 69
76.8856 69
76.8785 69
76.8715 69
76.8645 69
76.8574 69
76.851 69
76.8449 69
76.8387 69
76.8326 69
76.8264 69
76.8202 69
76.8142 69
76.8084 69
76.8026 69
76.7969 69
76.7911 69
76.7853 69
76.7796 69
76.7738 69
76.768 69
76.7622 69
76.7564 69
76.7506 69
76.7448 69
76.739 69
76.7331 69
76.7273 69
76.7215 69
76.7156 69
76.7098 69
76.7043 69
76.6989 69
76.6935 69
76.688 69
76.6826 69
76.6776 69
76.6729 69
76.6683 69
76.6636 69
76.659 69
76.6543 69
76.6496 69
76.6449 69
76.6407 69
76.637 69
76.6332 69
76.6294 69
76.6256 69
76.6218 69
76.618 69
76.6142 69
76.6109 69
76.6078 69
76.6046 69
76.6015 69
76.5983 69
76.5951 69
76.5922 69
76.5893 69
76.5864 69
76.5834 69
76.5805 69
76.5776 69
76.5747 69
76.5718 69
76.5688 69
76.5659 69
76.563 69
76.56 69
76.5571 69
76.5542 69
76.5513 69
76.5483 69
76.5453 69
76.5422 69
76.5391 69
76.536 69
76.5329 69
76.5298 69
76.5268 69
76.5237 69
76.5206 69
76.5175 69
76.5144 69
76.5113 69
76.5083 69
76.5051 69
76.502 69
76.4989 69
76.4958 69
76.4927 69
76.4895 69
76.4864 69
76.4833 69
76.4802 69
76.4771 69
76.4739 69
76.4708 69
76.4677 69
76.4646 69
76.4615 69
76.4583 69
76.4551 69
76.4521 69
76.449 69
76.4459 69
76.4429 69
76.4398 69
76.4368 69
76.4337 69
76.4307 69
76.4278 69
76.4249 69
76.4221 69
76.4192 69
76.4164 69
76.4135 69
76.4107 69
76.4078 69
76.405 69
76.4022 69
76.3993 69
76.3965 69
76.3937 69
76.3911 69
76.3886 69
76.386 69
76.3834 69
76.3808 69
76.3782 69
76.3756 69
76.3731 69
76.3705 69
76.3679 69
76.3653 69
76.3629 69
76.3605 69
76.3582 69
76.3558 69
76.3534 69
76.3511 69
76.3487 69
76.3463 69
76.3441 69
76.3418 69
76.3396 69
76.3373 69
76.3351 69
76.3328 69
76.3306 69
76.3285 69
76.3264 69
76.3243 69
76.3222 69
76.3201 69
76.3181 69
76.316 69
76.3139 69
76.3118 69
76.31 69
76.3082 69
76.3064 69
76.3047 69
76.3029 69
76.3011 69
76.2994 69
76.2976 69
76.2958 69
76.2941 69
76.2923 69
76.2905 69
76.2887 69
76.2873 69
76.2859 69
76.2845 69
76.2831 69
76.2817 69
76.2803 69
76.2789 69
76.2776 69
76.2763 69
76.275 69
76.2737 69
76.2725 69
76.2714 69
76.2704 69
76.2694 69
76.2685 69
76.2675 69
76.2665 69
76.2657 69
76.2649 69
76.2642 69
76.2635 69
76.2628 69
76.2622 69
76.2615 69
76.2608 69
76.2602 69
76.2595 69
76.2588 69
76.2582 69
76.2575 69
76.2568 69
76.2562 69
76.2555 69
76.255 69
76.2545 69
76.2541 69
76.2536 69
76.2532 69
76.2527 69
76.2523 69
76.2518 69
76.2514 69
76.2509 69
76.2505 69
76.25 69
76.2496 69
76.2491 69
76.2486 69
76.2482 69
76.2478 69
76.2475 69
76.2472 69
76.2469 69
76.2466 69
76.2464 69
76.2461 69
76.2458 69
76.2455 69
76.2452 69
76.2449 69
76.2447 69
76.2445 69
76.2442 69
76.244 69
76.2438 69
76.2436 69
76.2434 69
76.2432 69
76.243 69
76.2428 69
76.2426 69
76.2424 69
76.2423 69
76.2422 69
76.2421 69
76.242 69
76.2419 69
76.2418 69
76.2417 69
76.2416 69
76.2415 69
76.2414 69
76.2413 69
76.2412 69
76.2413 69
76.2414 69
76.2415 69
76.2416 69
76.2417 69
76.2418 69
76.2419 69
76.242 69
76.2421 69
76.2422 69
76.2423 69
76.2424 69
76.2425 69
76.2426 69
76.2427 69
76.2428 69
76.2429 69
76.243 69
76.2433 69
76.2437 69
76.244 69
76.2444 69
76.2447 69
76.245 69
76.2454 69
76.2457 69
76.2461 69
76.2464 69
76.2468 69
76.2471 69
76.2475 69
76.2478 69
76.2482 69
76.2485 69
76.2489 69
76.2494 69
76.25 69
76.2505 69
76.2511 69
76.2517 69
76.2522 69
76.2528 69
76.2533 69
76.2539 69
76.2544 69
76.255 69
76.2556 69
76.2563 69
76.2569 69
76.2576 69
76.2582 69
76.2589 69
76.2595 69
76.2602 69
76.2608 69
76.2615 69
76.2621 69
76.2628 69
76.2634 69
76.2641 69
76.2647 69
76.2654 69
76.266 69
76.2667 69
76.2673 69
76.268 69
76.2686 69
76.2693 69
76.27 69
76.2706 69
76.2713 69
76.2719 69
76.2726 69
76.2732 69
76.2739 69
76.2745 69
76.2752 69
76.2758 69
76.2765 69
76.2771 69
76.2778 69
76.2784 69
76.2791 69
76.2797 69
76.2804 69
76.281 69
76.2817 69
76.2823 69
76.283 69
76.2836 69
76.2843 69
76.2849 69
76.2856 69
76.2861 69
76.2866 69
76.2872 69
76.2877 69
76.2883 69
76.2888 69
76.2894 69
76.2899 69
76.2904 69
76.291 69
76.2915 69
76.2921 69
76.2926 69
76.2932 69
76.2937 69
76.2942 69
76.2947 69
76.2952 69
76.2956 69
76.2961 69
76.2966 69
76.297 69
76.297 69
76.2971 69
76.2972 69
76.2972 69
76.2973 69
76.2974 69
76.2974 69
76.2975 69
76.2976 69
76.2977 69
76.2977 69
76.2978 69
76.2979 69
76.2979 69
76.298 69
76.2979 69
76.2978 69
76.2977 69
76.2976 69
76.2975 69
76.2974 69
76.2973 69
76.2972 69
76.2971 69
76.297 69
76.2969 69
76.2969 69
76.2968 69
76.2967 69
76.2966 69
76.2965 69
76.2964 69
76.2963 69
76.2962 69
76.2959 69
76.2954 69
76.2949 69
76.2944 69
76.294 69
76.2935 69
76.293 69
76.2925 69
76.292 69
76.2916 69
76.2911 69
76.2906 69
76.2901 69
76.2897 69
76.2892 69
76.2887 69
76.2882 69
76.2878 69
76.2873 69
76.2868 69
76.2863 69
76.2859 69
76.2854 69
76.2849 69
76.2844 69
76.2839 69
76.2835 69
76.283 69
76.2825 69
76.282 69
76.2816 69
76.2811 69
76.2806 69
76.2801 69
76.2797 69
76.2792 69
76.2787 69
76.2782 69
76.2778 69
76.2773 69
76.2768 69
76.2763 69
76.2759 69
76.2754 69
76.2749 69
76.2745 69
76.274 69
76.2735 69
76.273 69
76.2726 69
76.2721 69
76.2716 69
76.2711 69
76.2707 69
76.2702 69
76.2697 69
76.2692 69
76.2688 69
76.2683 69
76.2678 69
76.2673 69
76.2668 69
76.2663 69
76.2658 69
76.2653 69
76.2648 69
76.2642 69
76.2637 69
76.2632 69
76.2627 69
76.2622 69
76.2617 69
76.2612 69
76.2607 69
76.2602 69
76.2597 69
76.2592 69
76.2587 69
76.2582 69
76.2577 69
76.2572 69
76.2567 69
76.2562 69
76.2557 69
76.2552 69
76.2547 69
76.2542 69
76.2537 69
76.2531 69
76.2524 69
76.2518 69
76.2511 69
76.2504 69
76.2498 69
76.2491 69
76.2484 69
76.2478 69
76.2471 69
76.2465 69
76.2458 69
76.2451 69
76.2445 69
76.2438 69
76.2431 69
76.2425 69
76.2418 69
76.2412 69
76.2405 69
76.2398 69
76.2392 69
76.2385 69
76.2379 69
76.2372 69
76.2365 69
76.2359 69
76.2352 69
76.2345 69
76.2339 69
76.2332 69
76.2326 69
76.2319 69
76.2312 69
76.2306 69
76.2299 69
76.2293 69
76.2286 69
76.228 69
76.2275 69
76.227 69
76.2265 69
76.2259 69
76.2254 69
76.2249 69
76.2244 69
76.2238 69
76.2233 69
76.2228 69
76.2223 69
76.2218 69
76.2212 69
76.2207 69
76.2202 69
76.2197 69
76.2191 69
76.2186 69
76.2181 69
76.2176 69
76.2171 69
76.2165 69
76.216 69
76.2155 69
76.215 69
76.2144 69
76.2139 69
76.2134 69
76.2129 69
76.2124 69
76.2118 69
76.2113 69
76.2108 69
76.2103 69
76.2097 69
76.2094 69
76.209 69
76.2087 69
76.2084 69
76.2081 69
76.2078 69
76.2074 69
76.2071 69
76.2068 69
76.2065 69
76.2061 69
76.2058 69
76.2055 69
76.2051 69
76.2041 69
76.2031 69
76.2021 69
76.2011 69
76.2001 69
76.1991 69
76.1981 69
76.1971 69
76.1961 69
76.1951 69
76.1941 69
76.1931 69
76.1921 69
76.191 69
76.19 69
76.189 69
76.188 69
76.1871 69
76.1863 69
76.1855 69
76.1847 69
76.184 69
76.1832 69
76.1824 69
76.1816 69
76.1808 69
76.1801 69
76.1793 69
76.1785 69
76.1777 69
76.1769 69
76.1761 69
76.1754 69
76.1746 69
76.1738 69
76.173 69
76.1725 69
76.172 69
76.1716 69
76.1711 69
76.1706 69
76.1701 69
76.1697 69
76.1692 69
76.1687 69
76.1682 69
76.1678 69
76.1673 69
76.1668 69
76.1663 69
76.1659 69
76.1654 69
76.1649 69
76.1645 69
76.164 69
76.1635 69
76.163 69
76.1626 69
76.1621 69
76.1616 69
76.1611 69
76.1607 69
76.1602 69
76.1597 69
76.1593 69
76.1588 69
76.1583 69
76.1578 69
76.1576 69
76.1574 69
76.1572 69
76.157 69
76.1568 69
76.1566 69
76.1564 69
76.1561 69
76.1559 69
76.1557 69
76.1555 69
76.1553 69
76.1551 69
76.1549 69
76.1547 69
76.1545 69
76.1543 69
76.1541 69
76.1539 69
76.1537 69
76.1535 69
76.1533 69
76.1531 69
76.153 69
76.1529 69
76.1528 69
76.1526 69
76.1525 69
76.1524 69
76.1523 69
76.1522 69
76.1521 69
76.152 69
76.1518 69
76.1517 69
76.1516 69
76.1515 69
76.1514 69
76.1513 69
76.1511 69
76.151 69
76.1509 69
76.1508 69
76.1507 69
76.1506 69
76.1505 69
76.1503 69
76.1502 69
76.1501 69
76.15 69
76.1499 69
76.1498 69
76.1497 69
76.1495 69
76.1494 69
76.1493 69
76.1492 69
76.1491 69
76.149 69
76.1489 69
76.1487 69
76.1486 69
76.1485 69
76.1484 69
76.1483 69
76.1482 69
76.1481 69
76.148 69
76.1478 69
76.1477 69
76.1476 69
76.1475 69
76.1474 69
76.1473 69
76.1472 69
76.147 69
76.1469 69
76.1468 69
76.1467 69
76.1466 69
76.1465 69
76.1464 69
76.1463 69
76.1461 69
76.146 69
76.1459 69
76.1458 69
76.1457 69
76.1456 69
76.1455 69
76.1454 69
76.1453 69
76.1451 69
76.145 69
76.1449 69
76.1448 69
76.1447 69
76.1446 69
76.1445 69
76.1444 69
76.1443 69
76.1441 69
76.144 69
76.1439 69
76.1438 69
76.1437 69
76.1436 69
76.1435 69
76.1434 69
76.1433 69
76.1431 69
76.143 69
76.1429 69
76.1428 69
76.1427 69
76.1426 69
76.1425 69
76.1424 69
76.1423 69
76.1422 69
76.142 69
76.1419 69
76.1418 69
76.1417 69
76.1416 69
76.1415 69
76.1414 69
76.1413 69
76.1412 69
76.1411 69
76.141 69
76.1408 69
76.1407 69
76.1406 69
76.1405 69
76.1404 69
76.1403 69
76.1402 69
76.1401 69
76.14 69
76.1399 69
76.1398 69
76.1396 69
76.1395 69
76.1394 69
76.1393 69
76.1392 69
76.1391 69
76.139 69
76.1389 69
76.1388 69
76.1387 69
76.1386 69
76.1385 69
76.1384 69
76.1382 69
76.1381 69
76.138 69
76.1379 69
76.1378 69
76.1377 69
76.1376 69
76.1375 69
76.1374 69
76.1373 69
76.1372 69
76.1371 69
76.137 69
76.1369 69
76.1368 69
76.1366 69
76.1365 69
76.1364 69
76.1363 69
76.1362 69
76.1361 69
76.136 69
76.1359 69
76.1358 69
76.1357 69
76.1356 69
76.1355 69
76.1354 69
76.1353 69
76.1352 69
76.1351 69
76.135 69
76.1348 69
76.1347 69
76.1346 69
76.1345 69
76.1344 69
76.1343 69
76.1342 69
76.1341 69
76.134 69
76.1339 69
76.1338 69
76.1337 69
76.1336 69
76.1335 69
76.1334 69
76.1333 69
76.1332 69
76.1331 69
76.133 69
76.1329 69
76.1328 69
76.1327 69
76.1325 69
76.1324 69
76.1323 69
76.1322 69
76.1321 69
76.132 69
76.1319 69
76.1318 69
76.1317 69
76.1316 69
76.1315 69
76.1314 69
76.1313 69
76.1312 69
76.1311 69
76.131 69
76.1309 69
76.1308 69
76.1307 69
76.1306 69
76.1305 69
76.1304 69
76.1303 69
76.1302 69
76.1301 69
76.13 69
76.1299 69
76.1298 69
76.1297 69
76.1296 69
76.1295 69
76.1294 69
76.1293 69
76.1292 69
76.1291 69
76.129 69
76.1289 69
76.1288 69
76.1287 69
76.1286 69
76.1285 69
76.1284 69
76.1282 69
76.1281 69
76.128 69
76.1279 69
76.1278 69
76.1277 69
76.1276 69
76.1275 69
76.1274 69
76.1273 69
76.1272 69
76.1271 69
76.127 69
76.1269 69
76.1268 69
76.1267 69
76.1266 69
76.1265 69
76.1264 69
76.1263 69
76.1262 69
76.1261 69
76.126 69
76.1259 69
76.1258 69
76.1257 69
76.1256 69
76.1255 69
76.1254 69
76.1253 69
76.1252 69
76.1251 69
76.1251 69
76.125 69
76.1249 69
76.1248 69
76.1247 69
76.1246 69
76.1245 69
76.1244 69
76.1243 69
76.1242 69
76.1241 69
76.124 69
76.1239 69
76.1238 69
76.1237 69
76.1236 69
76.1235 69
76.1234 69
76.1233 69
76.1232 69
76.1231 69
76.123 69
76.1229 69
76.1228 69
76.1227 69
76.1226 69
76.1225 69
76.1224 69
76.1223 69
76.1222 69
76.1221 69
76.122 69
76.1219 69
76.1218 69
76.1217 69
76.1216 69
76.1215 69
76.1214 69
76.1213 69
76.1212 69
76.1211 69
76.121 69
76.1209 69
76.1209 69
76.1208 69
76.1207 69
76.1206 69
76.1205 69
76.1204 69
76.1203 69
76.1202 69
76.1201 69
76.12 69
76.1199 69
76.1198 69
76.1197 69
76.1196 69
76.1195 69
76.1194 69
76.1193 69
76.1192 69
76.1191 69
76.119 69
76.1189 69
76.1188 69
76.1188 69
76.1187 69
76.1186 69
76.1185 69
76.1184 69
76.1183 69
76.1182 69
76.1181 69
76.118 69
76.1179 69
76.1178 69
76.1177 69
76.1176 69
76.1175 69
76.1174 69
76.1173 69
76.1172 69
76.1172 69
76.1171 69
76.117 69
76.1169 69
76.1168 69
76.1167 69
76.1166 69
76.1165 69
76.1164 69
76.1163 69
76.1162 69
76.1161 69
76.116 69
76.1159 69
76.1158 69
76.1158 69
76.1157 69
76.1156 69
76.1155 69
76.1154 69
76.1153 69
76.1152 69
76.1151 69
76.115 69
76.1149 69
76.1148 69
76.1147 69
76.1146 69
76.1146 69
76.1145 69
76.1144 69
76.1143 69
76.1142 69
76.1141 69
76.114 69
76.1139 69
76.1138 69
76.1137 69
76.1136 69
76.1135 69
76.1135 69
76.1134 69
76.1133 69
76.1132 69
76.1131 69
76.113 69
76.1129 69
76.1128 69
76.1127 69
76.1126 69
76.1126 69
76.1125 69
76.1124 69
76.1123 69
76.1122 69
76.1121 69
76.112 69
76.1119 69
76.1118 69
76.1117 69
76.1117 69
76.1116 69
76.1115 69
76.1114 69
76.1113 69
76.1112 69
76.1111 69
76.111 69
76.1109 69
76.1108 69
76.1108 69
76.1107 69
76.1106 69
76.1105 69
76.1104 69
76.1103 69
76.1102 69
76.1101 69
76.11 69
76.11 69
76.1099 69
76.1098 69
76.1097 69
76.1096 69
76.1095 69
76.1094 69
76.1093 69
76.1093 69
76.1092 69
76.1091 69
76.109 69
76.1089 69
76.1088 69
76.1087 69
76.1086 69
76.1086 69
76.1085 69
76.1084 69
76.1083 69
76.1082 69
76.1081 69
76.108 69
76.1079 69
76.1079 69
76.1078 69
76.1077 69
76.1076 69
76.1075 69
76.1074 69
76.1073 69
76.1073 69
76.1072 69
76.1071 69
76.107 69
76.1069 69
76.1068 69
76.1067 69
76.1066 69
76.1066 69
76.1065 69
76.1064 69
76.1063 69
76.1062 69
76.1061 69
76.106 69
76.106 69
76.1059 69
76.1058 69
76.1057 69
76.1056 69
76.1055 69
76.1055 69
76.1054 69
76.1053 69
76.1052 69
76.1051 69
76.105 69
76.1049 69
76.1049 69
76.1048 69
76.1047 69
76.1046 69
76.1045 69
76.1044 69
76.1044 69
76.1043 69
76.1042 69
76.1041 69
76.104 69
76.1039 69
76.1039 69
76.1038 69
76.1037 69
76.1036 69
76.1035 69
76.1034 69
76.1033 69
76.1033 69
76.1032 69
76.1031 69
76.103 69
76.1029 69
76.1028 69
76.1028 69
76.1027 69
76.1026 69
76.1025 69
76.1024 69
76.1023 69
76.1023 69
76.1022 69
76.1021 69
76.102 69
76.1019 69
76.1019 69
76.1018 69
76.1017 69
76.1016 69
76.1015 69
76.1014 69
76.1014 69
76.1013 69
76.1012 69
76.1011 69
76.101 69
76.101 69
76.1009 69
76.1008 69
76.1007 69
76.1006 69
76.1005 69
76.1005 69
76.1004 69
76.1003 69
76.1002 69
76.1001 69
76.1001 69
76.1 69
76.0999 69
76.0998 69
76.0997 69
76.0997 69
76.0996 69
76.0995 69
76.0994 69
76.0993 69
76.0992 69
76.0992 69
76.0991 69
76.099 69
76.0989 69
76.0988 69
76.0988 69
76.0987 69
76.0986 69
76.0985 69
76.0984 69
76.0984 69
76.0983 69
76.0982 69
76.0981 69
76.0981 69
76.098 69
76.0979 69
76.0978 69
76.0977 69
76.0977 69
76.0976 69
76.0975 69
76.0974 69
76.0973 69
76.0973 69
76.0972 69
76.0971 69
76.097 69
76.0969 69
76.0969 69
76.0968 69
76.0967 69
76.0966 69
76.0966 69
76.0965 69
76.0964 69
76.0963 69
76.0962 69
76.0962 69
76.0961 69
76.096 69
76.0959 69
76.0959 69
76.0958 69
76.0957 69
76.0956 69
76.0955 69
76.0955 69
76.0954 69
76.0953 69
76.0952 69
76.0952 69
76.0951 69
76.095 69
76.0949 69
76.0949 69
76.0948 69
76.0947 69
76.0946 69
76.0945 69
76.0945 69
76.0944 69
76.0943 69
76.0942 69
76.0942 69
76.0941 69
76.094 69
76.0939 69
76.0939 69
76.0938 69
76.0937 69
76.0936 69
76.0936 69
76.0935 69
76.0934 69
76.0933 69
76.0933 69
76.0932 69
76.0931 69
76.093 69
76.093 69
76.0929 69
76.0928 69
76.0927 69
76.0927 69
76.0926 69
76.0925 69
76.0924 69
76.0924 69
76.0923 69
76.0922 69
76.0921 69
76.0921 69
76.092 69
76.0919 69
76.0918 69
76.0918 69
76.0917 69
76.0916 69
76.0915 69
76.0915 69
76.0914 69
76.0913 69
76.0913 69
76.0912 69
76.0911 69
76.091 69
76.091 69
76.0909 69
76.0908 69
76.0907 69
76.0907 69
76.0906 69
76.0905 69
76.0904 69
76.0904 69
76.0903 69
76.0902 69
76.0902 69
76.0901 69
76.09 69
76.0899 69
76.0899 69
76.0898 69
76.0897 69
76.0897 69
76.0896 69
76.0895 69
76.0894 69
76.0894 69
76.0893 69
76.0892 69
76.0892 69
76.0891 69
76.089 69
76.0889 69
76.0889 69
76.0888 69
76.0887 69
76.0887 69
76.0886 69
76.0885 69
76.0884 69
76.0884 69
76.0883 69
76.0882 69
76.0882 69
76.0881 69
76.088 69
76.0879 69
76.0879 69
76.0878 69
76.0877 69
76.0877 69
76.0876 69
76.0875 69
76.0875 69
76.0874 69
76.0873 69
76.0872 69
76.0872 69
76.0871 69
76.087 69
76.087 69
76.0869 69
76.0868 69
76.0868 69
76.0867 69
76.0866 69
76.0865 69
76.0865 69
76.0864 69
76.0863 69
76.0863 69
76.0862 69
76.0861 69
76.0861 69
76.086 69
76.0859 69
76.0859 69
76.0858 69
76.0857 69
76.0857 69
76.0856 69
76.0855 69
76.0855 69
76.0854 69
76.0853 69
76.0852 69
76.0852 69
76.0851 69
76.085 69
76.085 69
76.0849 69
76.0848 69
76.0848 69
76.0847 69
76.0846 69
76.0846 69
76.0845 69
76.0844 69
76.0844 69
76.0843 69
76.0842 69
76.0842 69
76.0841 69
76.084 69
76.084 69
76.0839 69
76.0839 69
76.0838 69
76.0838 69
76.0837 69
76.0837 69
76.0836 69
76.0835 69
76.0835 69
76.0834 69
76.0834 69
76.0833 69
76.0833 69
76.0832 69
76.0832 69
76.0831 69
76.083 69
76.083 69
76.0829 69
76.0829 69
76.0828 69
76.0828 69
76.0827 69
76.0827 69
76.0826 69
76.0826 69
76.0825 69
76.0824 69
76.0824 69
76.0823 69
76.0823 69
76.0823 69
76.0822 69
76.0822 69
76.0822 69
76.0821 69
76.0821 69
76.0821 69
76.082 69
76.082 69
76.082 69
76.0819 69
76.0819 69
76.0819 69
76.0818 69
76.0818 69
76.0818 69
76.0817 69
76.0817 69
76.0817 69
76.0816 69
76.0816 69
76.0816 69
76.0815 69
76.0815 69
76.0815 69
76.0814 69
76.0814 69
76.0814 69
76.0813 69
76.0813 69
76.0813 69
76.0812 69
76.0812 69
76.0812 69
76.0811 69
76.0811 69
76.0811 69
76.0811 69
76.081 69
76.081 69
76.081 69
76.0809 69
76.0809 69
76.0809 69
76.0808 69
76.0808 69
76.0808 69
76.0808 69
76.0808 69
76.0808 69
76.0808 69
76.0808 69
76.0808 69
76.0808 69
76.0807 69
76.0807 69
76.0807 69
76.0807 69
76.0807 69
76.0807 69
76.0807 69
76.0807 69
76.0807 69
76.0807 69
76.0807 69
76.0807 69
76.0807 69
76.0807 69
76.0807 69
76.0807 69
76.0807 69
76.0806 69
76.0806 69
76.0806 69
76.0806 69
76.0806 69
76.0806 69
76.0806 69
76.0806 69
76.0806 69
76.0806 69
76.0806 69
76.0806 69
76.0806 69
76.0806 69
76.0806 69
76.0806 69
76.0806 69
76.0806 69
76.0806 69
76.0806 69
76.0806 69
76.0806 69
76.0806 69
76.0807 69
76.0807 69
76.0807 69
76.0807 69
76.0807 69
76.0807 69
76.0808 69
76.0808 69
76.0808 69
76.0808 69
76.0808 69
76.0808 69
76.0809 69
76.0809 69
76.0809 69
76.0809 69
76.0809 69
76.0809 69
76.081 69
76.081 69
76.081 69
76.081 69
76.081 69
76.081 69
76.0811 69
76.0811 69
76.0811 69
76.0811 69
76.0812 69
76.0812 69
76.0812 69
76.0812 69
76.0813 69
76.0813 69
76.0813 69
76.0813 69
76.0814 69
76.0814 69
76.0814 69
76.0815 69
76.0815 69
76.0815 69
76.0815 69
76.0816 69
76.0816 69
76.0816 69
76.0816 69
76.0817 69
76.0817 69
76.0817 69
76.0818 69
76.0818 69
76.0818 69
76.0818 69
76.0819 69
76.0819 69
76.0819 69
76.0819 69
76.082 69
76.082 69
76.082 69
76.0821 69
76.0821 69
76.0821 69
76.0821 69
76.0822 69
76.0822 69
76.0822 69
76.0823 69
76.0823 69
76.0823 69
76.0823 69
76.0824 69
76.0824 69
76.0824 69
76.0825 69
76.0825 69
76.0825 69
76.0826 69
76.0826 69
76.0826 69
76.0826 69
76.0827 69
76.0827 69
76.0827 69
76.0828 69
76.0828 69
76.0828 69
76.0829 69
76.0829 69
76.0829 69
76.0829 69
76.083 69
76.083 69
76.083 69
76.0831 69
76.0831 69
76.0831 69
76.0832 69
76.0832 69
76.0832 69
76.0832 69
76.0833 69
76.0833 69
76.0833 69
76.0834 69
76.0834 69
76.0834 69
76.0835 69
76.0835 69
76.0835 69
76.0836 69
76.0836 69
76.0836 69
76.0837 69
76.0837 69
76.0837 69
76.0838 69
76.0838 69
76.0838 69
76.0838 69
76.0839 69
76.0839 69
76.0839 69
76.084 69
76.084 69
76.084 69
76.0841 69
76.0841 69
76.0841 69
76.0842 69
76.0842 69
76.0842 69
76.0843 69
76.0843 69
76.0843 69
76.0844 69
76.0844 69
76.0844 69
76.0845 69
76.0845 69
76.0845 69
76.0846 69
76.0846 69
76.0846 69
76.0847 69
76.0847 69
76.0847 69
76.0848 69
76.0848 69
76.0848 69
76.0849 69
76.0849 69
76.0849 69
76.085 69
76.085 69
76.0851 69
76.0851 69
76.0851 69
76.0852 69
76.0852 69
76.0852 69
76.0853 69
76.0853 69
76.0853 69
76.0854 69
76.0854 69
76.0854 69
76.0855 69
76.0855 69
76.0855 69
76.0856 69
76.0856 69
76.0857 69
76.0857 69
76.0857 69
76.0858 69
76.0858 69
76.0858 69
76.0859 69
76.0859 69
76.0859 69
76.086 69
76.086 69
76.086 69
76.0861 69
76.0861 69
76.0862 69
76.0862 69
76.0862 69
76.0863 69
76.0863 69
76.0863 69
76.0864 69
76.0864 69
76.0865 69
76.0865 69
76.0865 69
76.0866 69
76.0866 69
76.0866 69
76.0867 69
76.0867 69
76.0868 69
76.0868 69
76.0868 69
76.0869 69
76.0869 69
76.0869 69
76.087 69
76.087 69
76.0871 69
76.0871 69
76.0871 69
76.0872 69
76.0872 69
76.0872 69
76.0873 69
76.0873 69
76.0874 69
76.0874 69
76.0874 69
76.0875 69
76.0875 69
76.0876 69
76.0876 69
76.0876 69
76.0877 69
76.0877 69
76.0878 69
76.0878 69
76.0878 69
76.0879 69
76.0879 69
76.088 69
76.088 69
76.088 69
76.0881 69
76.0881 69
76.0882 69
76.0882 69
76.0882 69
76.0883 69
76.0883 69
76.0884 69
76.0884 69
76.0884 69
76.0885 69
76.0885 69
76.0886 69
76.0886 69
76.0886 69
76.0887 69
76.0887 69
76.0888 69
76.0888 69
76.0888 69
76.0889 69
76.0889 69
76.089 69
76.089 69
76.0891 69
76.0891 69
76.0891 69
76.0892 69
76.0892 69
76.0893 69
76.0893 69
76.0893 69
76.0894 69
76.0894 69
76.0895 69
76.0895 69
76.0896 69
76.0896 69
76.0896 69
76.0897 69
76.0897 69
76.0898 69
76.0898 69
76.0899 69
76.0899 69
76.0899 69
76.09 69
76.09 69
76.0901 69
76.0901 69
76.0902 69
76.0902 69
76.0902 69
76.0903 69
76.0903 69
76.0904 69
76.0904 69
76.0905 69
76.0905 69
76.0905 69
76.0906 69
76.0906 69
76.0907 69
76.0907 69
76.0908 69
76.0908 69
76.0909 69
76.0909 69
76.0909 69
76.091 69
76.091 69
76.0911 69
76.0911 69
76.0912 69
76.0912 69
76.0913 69
76.0913 69
76.0913 69
76.0914 69
76.0914 69
76.0915 69
76.0915 69
76.0916 69
76.0916 69
76.0917 69
76.0917 69
76.0918 69
76.0918 69
76.0918 69
76.0919 69
76.0919 69
76.092 69
76.092 69
76.0921 69
76.0921 69
76.0922 69
76.0922 69
76.0923 69
76.0923 69
76.0924 69
76.0924 69
76.0925 69
76.0925 69
76.0925 69
76.0926 69
76.0926 69
76.0927 69
76.0927 69
76.0928 69
76.0928 69
76.0929 69
76.0929 69
76.093 69
76.093 69
76.0931 69
76.0931 69
76.0932 69
76.0932 69
76.0933 69
76.0933 69
76.0933 69
76.0934 69
76.0934 69
76.0935 69
76.0935 69
76.0936 69
76.0936 69
76.0937 69
76.0937 69
76.0938 69
76.0938 69
76.0939 69
76.0939 69
76.094 69
76.094 69
76.0941 69
76.0941 69
76.0942 69
76.0942 69
76.0943 69
76.0943 69
76.0944 69
76.0944 69
76.0945 69
76.0945 69
76.0946 69
76.0946 69
76.0947 69
76.0947 69
76.0948 69
76.0948 69
76.0949 69
76.0949 69
76.095 69
76.095 69
76.0951 69
76.0951 69
76.0952 69
76.0952 69
76.0953 69
76.0953 69
76.0954 69
76.0954 69
76.0955 69
76.0955 69
76.0956 69
76.0956 69
76.0957 69
76.0957 69
76.0958 69
76.0958 69
76.0959 69
76.0959 69
76.096 69
76.096 69
76.0961 69
76.0961 69
76.0962 69
76.0962 69
76.0963 69
76.0963 69
76.0964 69
76.0964 69
76.0965 69
76.0966 69
76.0966 69
76.0967 69
76.0967 69
76.0968 69
76.0968 69
76.0969 69
76.0969 69
76.097 69
76.097 69
76.0971 69
76.0971 69
76.0972 69
76.0972 69
76.0973 69
76.0973 69
76.0974 69
76.0974 69
76.0975 69
76.0976 69
76.0976 69
76.0977 69
76.0977 69
76.0978 69
76.0978 69
76.0979 69
76.0979 69
76.098 69
76.098 69
76.0981 69
76.0981 69
76.0982 69
76.0983 69
76.0983 69
76.0984 69
76.0984 69
76.0985 69
76.0985 69
76.0986 69
76.0986 69
76.0987 69
76.0987 69
76.0988 69
76.0989 69
76.0989 69
76.099 69
76.099 69
76.0991 69
76.0991 69
76.0992 69
76.0992 69
76.0993 69
76.0994 69
76.0994 69
76.0995 69
76.0995 69
76.0996 69
76.0996 69
76.0997 69
76.0997 69
76.0998 69
76.0999 69
76.0999 69
76.1 69
76.1 69
76.1001 69
76.1001 69
76.1002 69
76.1003 69
76.1003 69
76.1004 69
76.1004 69
76.1005 69
76.1005 69
76.1006 69
76.1006 69
76.1007 69
76.1008 69
76.1008 69
76.1009 69
76.1009 69
76.101 69
76.101 69
76.1011 69
76.1012 69
76.1012 69
76.1013 69
76.1013 69
76.1014 69
76.1015 69
76.1015 69
76.1016 69
76.1016 69
76.1017 69
76.1017 69
76.1018 69
76.1019 69
76.1019 69
76.102 69
76.102 69
76.1021 69
76.1022 69
76.1022 69
76.1023 69
76.1023 69
76.1024 69
76.1025 69
76.1025 69
76.1026 69
76.1026 69
76.1027 69
76.1027 69
76.1028 69
76.1029 69
76.1029 69
76.103 69
76.103 69
76.1031 69
76.1032 69
76.1032 69
76.1033 69
76.1033 69
76.1034 69
76.1035 69
76.1035 69
76.1036 69
76.1036 69
76.1037 69
76.1038 69
76.1038 69
76.1039 69
76.104 69
76.104 69
76.1041 69
76.1041 69
76.1042 69
76.1043 69
76.1043 69
76.1044 69
76.1044 69
76.1045 69
76.1046 69
76.1046 69
76.1047 69
76.1047 69
76.1048 69
76.1049 69
76.1049 69
76.105 69
76.1051 69
76.1051 69
76.1052 69
76.1052 69
76.1053 69
76.1054 69
76.1054 69
76.1055 69
76.1056 69
76.1056 69
76.1057 69
76.1057 69
76.1058 69
76.1059 69
76.1059 69
76.106 69
76.1061 69
76.1061 69
76.1062 69
76.1062 69
76.1063 69
76.1064 69
76.1064 69
76.1065 69
76.1066 69
76.1066 69
76.1067 69
76.1068 69
76.1068 69
76.1069 69
76.1069 69
76.107 69
76.1071 69
76.1071 69
76.1072 69
76.1073 69
76.1073 69
76.1074 69
76.1075 69
76.1075 69
76.1076 69
76.1077 69
76.1077 69
76.1078 69
76.1078 69
76.1079 69
76.108 69
76.108 69
76.1081 69
76.1082 69
76.1082 69
76.1083 69
76.1084 69
76.1084 69
76.1085 69
76.1086 69
76.1086 69
76.1087 69
76.1088 69
76.1088 69
76.1089 69
76.109 69
76.109 69
76.1091 69
76.1092 69
76.1092 69
76.1093 69
76.1094 69
76.1094 69
76.1095 69
76.1096 69
76.1096 69
76.1097 69
76.1098 69
76.1098 69
76.1099 69
76.11 69
76.11 69
76.1101 69
76.1102 69
76.1102 69
76.1103 69
76.1104 69
76.1104 69
76.1105 69
76.1106 69
76.1106 69
76.1107 69
76.1108 69
76.1108 69
76.1109 69
76.111 69
76.111 69
76.1111 69
76.1112 69
76.1112 69
76.1113 69
76.1114 69
76.1115 69
76.1115 69
76.1116 69
76.1117 69
76.1117 69
76.1118 69
76.1119 69
76.1119 69
76.112 69
76.1121 69
76.1121 69
76.1122 69
76.1123 69
76.1123 69
76.1124 69
76.1125 69
76.1126 69
76.1126 69
76.1127 69
76.1128 69
76.1128 69
76.1129 69
76.113 69
76.113 69
76.1131 69
76.1132 69
76.1133 69
76.1133 69
76.1134 69
76.1135 69
76.1135 69
76.1136 69
76.1137 69
76.1137 69
76.1138 69
76.1139 69
76.114 69
76.114 69
76.1141 69
76.1142 69
76.1142 69
76.1143 69
76.1144 69
76.1145 69
76.1145 69
76.1146 69
76.1147 69
76.1147 69
76.1148 69
76.1149 69
76.115 69
76.115 69
76.1151 69
76.1152 69
76.1152 69
76.1153 69
76.1154 69
76.1155 69
76.1155 69
76.1156 69
76.1157 69
76.1158 69
76.1158 69
76.1159 69
76.116 69
76.116 69
76.1161 69
76.1162 69
76.1163 69
76.1163 69
76.1164 69
76.1165 69
76.1166 69
76.1166 69
76.1167 69
76.1168 69
76.1168 69
76.1169 69
76.117 69
76.1171 69
76.1171 69
76.1172 69
76.1173 69
76.1174 69
76.1174 69
76.1175 69
76.1176 69
76.1177 69
76.1177 69
76.1178 69
76.1179 69
76.118 69
76.118 69
76.1181 69
76.1182 69
76.1183 69
76.1183 69
76.1184 69
76.1185 69
76.1186 69
76.1186 69
76.1187 69
76.1188 69
76.1189 69
76.1189 69
76.119 69
76.1191 69
76.1192 69
76.1192 69
76.1193 69
76.1194 69
76.1195 69
76.1195 69
76.1196 69
76.1197 69
76.1198 69
76.1198 69
76.1199 69
76.12 69
76.1201 69
76.1201 69
76.1202 69
76.1203 69
76.1204 69
76.1205 69
76.1205 69
76.1206 69
76.1207 69
76.1208 69
76.1208 69
76.1209 69
76.121 69
76.1211 69
76.1211 69
76.1212 69
76.1213 69
76.1214 69
76.1215 69
76.1215 69
76.1216 69
76.1217 69
76.1218 69
76.1218 69
76.1219 69
76.122 69
76.1221 69
76.1222 69
76.1222 69
76.1223 69
76.1224 69
76.1225 69
76.1225 69
76.1226 69
76.1227 69
76.1228 69
76.1229 69
76.1229 69
76.123 69
76.1231 69
76.1232 69
76.1233 69
76.1233 69
76.1234 69
76.1235 69
76.1236 69
76.1237 69
76.1237 69
76.1238 69
76.1239 69
76.124 69
76.1241 69
76.1241 69
76.1242 69
76.1243 69
76.1244 69
76.1245 69
76.1245 69
76.1246 69
76.1247 69
76.1248 69
76.1249 69
76.1249 69
76.125 69
76.1251 69
76.1252 69
76.1253 69
76.1253 69
76.1254 69
76.1255 69
76.1256 69
76.1257 69
76.1257 69
76.1258 69
76.1259 69
76.126 69
76.1261 69
76.1261 69
76.1262 69
76.1263 69
76.1264 69
76.1265 69
76.1266 69
76.1266 69
76.1267 69
76.1268 69
76.1269 69
76.127 69
76.127 69
76.1271 69
76.1272 69
76.1273 69
76.1274 69
76.1275 69
76.1275 69
76.1276 69
76.1277 69
76.1278 69
76.1279 69
76.128 69
76.128 69
76.1281 69
76.1282 69
76.1283 69
76.1284 69
76.1285 69
76.1285 69
76.1286 69
76.1287 69
76.1288 69
76.1289 69
76.129 69
76.129 69
76.1291 69
76.1292 69
76.1293 69
76.1294 69
76.1295 69
76.1295 69
76.1296 69
76.1297 69
76.1298 69
76.1299 69
76.13 69
76.13 69
76.1301 69
76.1302 69
76.1303 69
76.1304 69
76.1305 69
76.1306 69
76.1306 69
76.1307 69
76.1308 69
76.1309 69
76.131 69
76.1311 69
76.1312 69
76.1312 69
76.1313 69
76.1314 69
76.1315 69
76.1316 69
76.1317 69
76.1318 69
76.1318 69
76.1319 69
76.132 69
76.1321 69
76.1322 69
76.1323 69
76.1324 69
76.1324 69
76.1325 69
76.1326 69
76.1327 69
76.1328 69
76.1329 69
76.133 69
76.133 69
76.1331 69
76.1332 69
76.1333 69
76.1334 69
76.1335 69
76.1336 69
76.1337 69
76.1337 69
76.1338 69
76.1339 69
76.134 69
76.1341 69
76.1342 69
76.1343 69
76.1344 69
76.1344 69
76.1345 69
76.1346 69
76.1347 69
76.1348 69
76.1349 69
76.135 69
76.1351 69
76.1352 69
76.1352 69
76.1353 69
76.1354 69
76.1355 69
76.1356 69
76.1357 69
76.1358 69
76.1359 69
76.136 69
76.136 69
76.1361 69
76.1362 69
76.1363 69
76.1364 69
76.1365 69
76.1366 69
76.1367 69
76.1368 69
76.1368 69
76.1369 69
76.137 69
76.1371 69
76.1372 69
76.1373 69
76.1374 69
76.1375 69
76.1376 69
76.1377 69
76.1377 69
76.1378 69
76.1379 69
76.138 69
76.1381 69
76.1382 69
76.1383 69
76.1384 69
76.1385 69
76.1386 69
76.1387 69
76.1387 69
76.1388 69
76.1389 69
76.139 69
76.1391 69
76.1392 69
76.1393 69
76.1394 69
76.1395 69
76.1396 69
76.1397 69
76.1398 69
76.1398 69
76.1399 69
76.14 69
76.1401 69
76.1402 69
76.1403 69
76.1404 69
76.1405 69
76.1406 69
76.1407 69
76.1408 69
76.1409 69
76.141 69
76.141 69
76.1411 69
76.1412 69
76.1413 69
76.1414 69
76.1415 69
76.1416 69
76.1417 69
76.1418 69
76.1419 69
76.142 69
76.1421 69
76.1422 69
76.1423 69
76.1423 69
76.1424 69
76.1425 69
76.1426 69
76.1427 69
76.1428 69
76.1429 69
76.143 69
76.1431 69
76.1432 69
76.1433 69
76.1434 69
76.1435 69
76.1436 69
76.1437 69
76.1438 69
76.1439 69
76.144 69
76.144 69
76.1441 69
76.1442 69
76.1443 69
76.1444 69
76.1445 69
76.1446 69
76.1447 69
76.1448 69
76.1449 69
76.145 69
76.1451 69
76.1452 69
76.1453 69
76.1454 69
76.1455 69
76.1456 69
76.1457 69
76.1458 69
76.1459 69
76.146 69
76.1461 69
76.1462 69
76.1462 69
76.1463 69
76.1464 69
76.1465 69
76.1466 69
76.1467 69
76.1468 69
76.1469 69
76.147 69
76.1471 69
76.1472 69
76.1473 69
76.1474 69
76.1475 69
76.1476 69
76.1477 69
76.1478 69
76.1479 69
76.148 69
76.1481 69
76.1482 69
76.1483 69
76.1484 69
76.1485 69
76.1486 69
76.1487 69
76.1488 69
76.1489 69
76.149 69
76.1491 69
76.1492 69
76.1493 69
76.1494 69
76.1495 69
76.1496 69
76.1497 69
76.1498 69
76.1499 69
76.15 69
76.1501 69
76.1502 69
76.1503 69
76.1504 69
76.1505 69
76.1506 69
76.1507 69
76.1508 69
76.1509 69
76.151 69
76.1511 69
76.1512 69
76.1513 69
76.1514 69
76.1515 69
76.1516 69
76.1517 69
76.1518 69
76.1519 69
76.152 69
76.1521 69
76.1522 69
76.1523 69
76.1524 69
76.1525 69
76.1526 69
76.1527 69
76.1528 69
76.1529 69
76.153 69
76.1531 69
76.1532 69
76.1533 69
76.1534 69
76.1535 69
76.1536 69
76.1537 69
76.1538 69
76.1539 69
76.154 69
76.1541 69
76.1542 69
76.1543 69
76.1544 69
76.1545 69
76.1546 69
76.1547 69
76.1548 69
76.1549 69
76.155 69
76.1551 69
76.1552 69
76.1553 69
76.1554 69
76.1555 69
76.1556 69
76.1557 69
76.1558 69
76.1559 69
76.156 69
76.1561 69
76.1562 69
76.1563 69
76.1564 69
76.1565 69
76.1566 69
76.1567 69
76.1568 69
76.1569 69
76.1571 69
76.1572 69
76.1573 69
76.1574 69
76.1575 69
76.1576 69
76.1577 69
76.1578 69
76.1579 69
76.158 69
76.1581 69
76.1582 69
76.1583 69
76.1584 69
76.1585 69
76.1586 69
76.1587 69
76.1588 69
76.1589 69
76.159 69
76.1591 69
76.1592 69
76.1593 69
76.1595 69
76.1596 69
76.1597 69
76.1598 69
76.1599 69
76.16 69
76.1601 69
76.1602 69
76.1603 69
76.1604 69
76.1605 69
76.1606 69
76.1607 69
76.1608 69
76.1609 69
76.161 69
76.1611 69
76.1612 69
76.1614 69
76.1615 69
76.1616 69
76.1617 69
76.1618 69
76.1619 69
76.162 69
76.1621 69
76.1622 69
76.1623 69
76.1624 69
76.1625 69
76.1626 69
76.1627 69
76.1629 69
76.163 69
76.1631 69
76.1632 69
76.1633 69
76.1634 69
76.1635 69
76.1636 69
76.1637 69
76.1638 69
76.1639 69
76.164 69
76.1641 69
76.1643 69
76.1644 69
76.1645 69
76.1646 69
76.1647 69
76.1648 69
76.1649 69
76.165 69
76.1651 69
76.1652 69
76.1653 69
76.1654 69
76.1656 69
76.1657 69
76.1658 69
76.1659 69
76.166 69
76.1661 69
76.1662 69
76.1663 69
76.1664 69
76.1665 69
76.1666 69
76.1668 69
76.1669 69
76.167 69
76.1671 69
76.1672 69
76.1673 69
76.1674 69
76.1675 69
76.1676 69
76.1677 69
76.1679 69
76.168 69
76.1681 69
76.1682 69
76.1683 69
76.1684 69
76.1685 69
76.1686 69
76.1687 69
76.1689 69
76.169 69
76.1691 69
76.1692 69
76.1693 69
76.1694 69
76.1695 69
76.1696 69
76.1697 69
76.1699 69
76.17 69
76.1701 69
76.1702 69
76.1703 69
76.1704 69
76.1705 69
76.1706 69
76.1707 69
76.1709 69
76.171 69
76.1711 69
76.1712 69
76.1713 69
76.1714 69
76.1715 69
76.1716 69
76.1718 69
76.1719 69
76.172 69
76.1721 69
76.1722 69
76.1723 69
76.1724 69
76.1725 69
76.1727 69
76.1728 69
76.1729 69
76.173 69
76.1731 69
76.1732 69
76.1733 69
76.1735 69
76.1736 69
76.1737 69
76.1738 69
76.1739 69
76.174 69
76.1741 69
76.1743 69
76.1744 69
76.1745 69
76.1746 69
76.1747 69
76.1748 69
76.1749 69
76.1751 69
76.1752 69
76.1753 69
76.1754 69
76.1755 69
76.1756 69
76.1757 69
76.1759 69
76.176 69
76.1761 69
76.1762 69
76.1763 69
76.1764 69
76.1765 69
76.1767 69
76.1768 69
76.1769 69
76.177 69
76.1771 69
76.1772 69
76.1774 69
76.1775 69
76.1776 69
76.1777 69
76.1778 69
76.1779 69
76.1781 69
76.1782 69
76.1783 69
76.1784 69
76.1785 69
76.1786 69
76.1788 69
76.1789 69
76.179 69
76.1791 69
76.1792 69
76.1793 69
76.1795 69
76.1796 69
76.1797 69
76.1798 69
76.1799 69
76.18 69
76.1802 69
76.1803 69
76.1804 69
76.1805 69
76.1806 69
76.1807 69
76.1809 69
76.181 69
76.1811 69
76.1812 69
76.1813 69
76.1815 69
76.1816 69
76.1817 69
76.1818 69
76.1819 69
76.1821 69
76.1822 69
76.1823 69
76.1824 69
76.1825 69
76.1826 69
76.1828 69
76.1829 69
76.183 69
76.1831 69
76.1832 69
76.1834 69
76.1835 69
76.1836 69
76.1837 69
76.1838 69
76.184 69
76.1841 69
76.1842 69
76.1843 69
76.1844 69
76.1846 69
76.1847 69
76.1848 69
76.1849 69
76.185 69
76.1852 69
76.1853 69
76.1854 69
76.1855 69
76.1856 69
76.1858 69
76.1859 69
76.186 69
76.1861 69
76.1862 69
76.1864 69
76.1865 69
76.1866 69
76.1867 69
76.1868 69
76.187 69
76.1871 69
76.1872 69
76.1873 69
76.1875 69
76.1876 69
76.1877 69
76.1878 69
76.1879 69
76.1881 69
76.1882 69
76.1883 69
76.1884 69
76.1886 69
76.1887 69
76.1888 69
76.1889 69
76.189 69
76.1892 69
76.1893 69
76.1894 69
76.1895 69
76.1897 69
76.1898 69
76.1899 69
76.19 69
76.1901 69
76.1903 69
76.1904 69
76.1905 69
76.1906 69
76.1908 69
76.1909 69
76.191 69
76.1911 69
76.1913 69
76.1914 69
76.1915 69
76.1916 69
76.1918 69
76.1919 69
76.192 69
76.1921 69
76.1922 69
76.1924 69
76.1925 69
76.1926 69
76.1927 69
76.1929 69
76.193 69
76.1931 69
76.1932 69
76.1934 69
76.1935 69
76.1936 69
76.1937 69
76.1939 69
76.194 69
76.1941 69
76.1942 69
76.1944 69
76.1945 69
76.1946 69
76.1947 69
76.1949 69
76.195 69
76.1951 69
76.1952 69
76.1954 69
76.1955 69
76.1956 69
76.1958 69
76.1959 69
76.196 69
76.1961 69
76.1963 69
76.1964 69
76.1965 69
76.1966 69
76.1968 69
76.1969 69
76.197 69
76.1971 69
76.1973 69
76.1974 69
76.1975 69
76.1977 69
76.1978 69
76.1979 69
76.198 69
76.1982 69
76.1983 69
76.1984 69
76.1985 69
76.1987 69
76.1988 69
76.1989 69
76.1991 69
76.1992 69
76.1993 69
76.1994 69
76.1996 69
76.1997 69
76.1998 69
76.1999 69
76.2001 69
76.2002 69
76.2003 69
76.2005 69
76.2006 69
76.2007 69
76.2008 69
76.201 69
76.2011 69
76.2012 69
76.2014 69
76.2015 69
76.2016 69
76.2018 69
76.2019 69
76.202 69
76.2021 69
76.2023 69
76.2024 69
76.2025 69
76.2027 69
76.2028 69
76.2029 69
76.203 69
76.2032 69
76.2033 69
76.2034 69
76.2036 69
76.2037 69
76.2038 69
76.204 69
76.2041 69
76.2042 69
76.2043 69
76.2045 69
76.2046 69
76.2047 69
76.2049 69
76.205 69
76.2051 69
76.2053 69
76.2054 69
76.2055 69
76.2057 69
76.2058 69
76.2059 69
76.2061 69
76.2062 69
76.2063 69
76.2064 69
76.2066 69
76.2067 69
76.2068 69
76.207 69
76.2071 69
76.2072 69
76.2074 69
76.2075 69
76.2076 69
76.2078 69
76.2079 69
76.208 69
76.2082 69
76.2083 69
76.2084 69
76.2086 69
76.2087 69
76.2088 69
76.209 69
76.2091 69
76.2092 69
76.2094 69
76.2095 69
76.2096 69
76.2098 69
76.2099 69
76.21 69
76.2102 69
76.2103 69
76.2104 69
76.2106 69
76.2107 69
76.2108 69
76.211 69
76.2111 69
76.2112 69
76.2114 69
76.2115 69
76.2116 69
76.2118 69
76.2119 69
76.212 69
76.2122 69
76.2123 69
76.2124 69
76.2126 69
76.2127 69
76.2128 69
76.213 69
76.2131 69
76.2132 69
76.2134 69
76.2135 69
76.2137 69
76.2138 69
76.2139 69
76.2141 69
76.2142 69
76.2143 69
76.2145 69
76.2146 69
76.2147 69
76.2149 69
76.215 69
76.2151 69
76.2153 69
76.2154 69
76.2156 69
76.2157 69
76.2158 69
76.216 69
76.2161 69
76.2162 69
76.2164 69
76.2165 69
76.2166 69
76.2168 69
76.2169 69
76.2171 69
76.2172 69
76.2173 69
76.2175 69
76.2176 69
76.2177 69
76.2179 69
76.218 69
76.2181 69
76.2183 69
76.2184 69
76.2186 69
76.2187 69
76.2188 69
76.219 69
76.2191 69
76.2193 69
76.2194 69
76.2195 69
76.2197 69
76.2198 69
76.2199 69
76.2201 69
76.2202 69
76.2204 69
76.2205 69
76.2206 69
76.2208 69
76.2209 69
76.2211 69
76.2212 69
76.2213 69
76.2215 69
76.2216 69
76.2217 69
76.2219 69
76.222 69
76.2222 69
76.2223 69
76.2224 69
76.2226 69
76.2227 69
76.2229 69
76.223 69
76.2231 69
76.2233 69
76.2234 69
76.2236 69
76.2237 69
76.2238 69
76.224 69
76.2241 69
76.2243 69
76.2244 69
76.2245 69
76.2247 69
76.2248 69
76.225 69
76.2251 69
76.2252 69
76.2254 69
76.2255 69
76.2257 69
76.2258 69
76.226 69
76.2261 69
76.2262 69
76.2264 69
76.2265 69
76.2267 69
76.2268 69
76.2269 69
76.2271 69
76.2272 69
76.2274 69
76.2275 69
76.2276 69
76.2278 69
