0.1 -0.41998
0.2 -0.842286
0.3 -1.26697
0.4 -1.69405
0.5 -2.12358
0.6 -2.55559
0.7 -2.99012
0.8 -3.42721
0.9 -3.8669
1 -4.30924
0.247713 -4.36879
0.495403 -4.42837
0.743046 -4.48799
0.990658 -4.54766
1.23823 -4.60737
1.48576 -4.66712
1.73325 -4.72691
1.9807 -4.78674
2.22811 -4.84661
2.47548 -4.90652
2.72282 -4.96649
2.97023 -5.02658
3.21764 -5.08675
3.46501 -5.14696
3.71239 -5.20726
3.95973 -5.2676
4.20702 -5.32798
4.45427 -5.3884
4.70149 -5.44887
4.94866 -5.50937
5.19578 -5.56991
5.44283 -5.63047
5.68985 -5.69107
5.93687 -5.75175
6.18389 -5.81253
6.43088 -5.87335
6.67785 -5.93424
6.92477 -5.99516
7.17166 -6.05614
7.41853 -6.11718
7.66535 -6.17826
7.91213 -6.23938
8.15887 -6.30055
8.40556 -6.36175
8.65221 -6.423
8.89882 -6.48429
9.14539 -6.54563
9.39192 -6.60702
9.63841 -6.66846
9.88486 -6.72993
10.1313 -6.79146
10.3776 -6.85302
10.6239 -6.91463
10.8702 -6.97628
11.1165 -7.03798
11.3626 -7.09972
11.6088 -7.1615
11.8549 -7.22332
12.1009 -7.28519
12.3469 -7.3471
12.5929 -7.40905
12.8388 -7.47104
13.0847 -7.53308
13.3305 -7.59516
13.5763 -7.65728
13.8221 -7.71945
14.0677 -7.78167
14.3134 -7.84393
14.559 -7.90624
14.8046 -7.96859
15.0501 -8.03099
15.2956 -8.09343
15.541 -8.15592
15.7864 -8.21844
16.0317 -8.281
16.277 -8.34361
16.5223 -8.40626
16.7674 -8.46896
17.0126 -8.5317
17.2577 -8.59449
17.5028 -8.65731
17.7478 -8.72018
17.9927 -8.7831
18.2376 -8.84606
18.4825 -8.90904
18.7273 -8.97207
18.9721 -9.03514
19.2168 -9.09825
19.4615 -9.1614
19.7061 -9.22461
19.9507 -9.28786
20.1952 -9.35117
20.4397 -9.41453
20.6841 -9.47794
20.9285 -9.5414
21.1729 -9.6049
21.4172 -9.66845
21.6615 -9.73205
21.9057 -9.7957
22.1499 -9.85941
22.394 -9.92307
22.6381 -9.98675
22.8822 -10.0505
23.1262 -10.1143
23.3701 -10.1781
23.614 -10.2419
23.8579 -10.3059
24.1017 -10.3698
24.3454 -10.4338
24.5892 -10.4979
24.8328 -10.5619
25.0765 -10.6261
25.32 -10.6903
25.5636 -10.7545
25.8071 -10.8188
26.0505 -10.8832
26.2939 -10.9475
26.5372 -11.012
26.7805 -11.0765
27.0238 -11.141
27.267 -11.2056
27.5102 -11.2702
27.7533 -11.3349
27.9963 -11.3996
28.2394 -11.4644
28.4823 -11.5292
28.7252 -11.5941
28.9681 -11.659
29.2109 -11.724
29.4537 -11.789
29.6964 -11.854
29.9391 -11.919
30.1818 -11.984
30.4243 -12.0489
30.6669 -12.114
30.9094 -12.1791
31.1518 -12.2442
31.3942 -12.3093
31.6365 -12.3746
31.8788 -12.4398
32.1211 -12.5051
32.3633 -12.5705
32.6054 -12.6359
32.8475 -12.7013
33.0896 -12.7668
33.3316 -12.8323
33.5735 -12.8979
33.8154 -12.9636
34.0573 -13.0292
34.2991 -13.0949
34.5408 -13.1607
34.7825 -13.2265
35.0242 -13.2924
35.2658 -13.3583
35.5073 -13.4242
35.7488 -13.4902
35.9903 -13.5563
36.2317 -13.6224
36.473 -13.6885
36.7144 -13.7547
36.9556 -13.821
37.1968 -13.8873
37.438 -13.9536
37.6791 -14.02
37.9202 -14.0865
38.1612 -14.153
38.4021 -14.2195
38.6431 -14.2861
38.8839 -14.3528
39.1247 -14.4195
39.3655 -14.4862
39.6062 -14.553
39.8469 -14.6199
40.0875 -14.6868
40.3281 -14.7538
40.5686 -14.8206
40.809 -14.8875
41.0495 -14.9544
41.2898 -15.0214
41.5301 -15.0885
41.7704 -15.1555
42.0106 -15.2227
42.2508 -15.2899
42.4909 -15.3571
42.731 -15.4244
42.971 -15.4917
43.211 -15.5591
43.4509 -15.6265
43.6907 -15.694
43.9305 -15.7616
44.1703 -15.8292
44.41 -15.8968
44.6497 -15.9645
44.8893 -16.0322
45.1288 -16.1
45.3683 -16.1679
45.6078 -16.2358
45.8472 -16.3038
46.0865 -16.3718
46.3258 -16.4398
46.5651 -16.5079
46.8043 -16.5761
47.0434 -16.6443
47.2825 -16.7126
47.5216 -16.7809
47.7605 -16.8493
47.9995 -16.9177
48.2384 -16.9862
48.4772 -17.0548
48.716 -17.1233
48.9547 -17.192
49.1934 -17.2607
49.432 -17.3294
49.6706 -17.3983
49.9091 -17.4671
50.1476 -17.536
50.386 -17.605
50.6243 -17.674
50.8627 -17.7431
51.1009 -17.8122
51.3391 -17.8813
51.5773 -17.9506
51.8154 -18.0198
52.0534 -18.0892
52.2914 -18.1585
52.5293 -18.228
52.7672 -18.2975
53.0051 -18.367
53.2428 -18.4366
53.4806 -18.5063
53.7182 -18.576
53.9559 -18.6458
54.1934 -18.7156
54.4309 -18.7855
54.6684 -18.8555
54.9058 -18.9255
55.1431 -18.9956
55.3804 -19.0657
55.6177 -19.1359
55.8549 -19.2061
56.092 -19.2764
56.3291 -19.3467
56.5661 -19.4171
56.8031 -19.4876
57.04 -19.5581
57.2768 -19.6288
57.5137 -19.6994
57.7504 -19.7702
57.9871 -19.841
58.2237 -19.9119
58.4603 -19.9828
58.6969 -20.0538
58.9333 -20.1248
59.1698 -20.1959
59.4061 -20.2671
59.6424 -20.3383
59.8787 -20.4096
60.1149 -20.481
60.351 -20.5524
60.5871 -20.6238
60.8232 -20.6954
61.0591 -20.767
61.2951 -20.8386
61.5309 -20.9103
61.7667 -20.9821
62.0025 -21.054
62.2382 -21.1259
62.4738 -21.1978
62.7094 -21.2699
62.9449 -21.342
63.1804 -21.4141
63.4158 -21.4863
63.6512 -21.5586
63.8865 -21.631
64.1217 -21.7034
64.3569 -21.7759
64.5921 -21.8484
64.8271 -21.921
65.0622 -21.9937
65.2971 -22.0664
65.532 -22.1392
65.7669 -22.2121
66.0017 -22.285
66.2364 -22.358
66.4711 -22.4311
66.7057 -22.5042
66.9402 -22.5774
67.1747 -22.6506
67.4092 -22.724
67.6436 -22.7974
67.8779 -22.8708
68.1122 -22.9443
68.3464 -23.0179
68.5805 -23.0916
68.8146 -23.1653
69.0487 -23.2391
69.2827 -23.313
69.5166 -23.3869
69.7504 -23.4609
69.9842 -23.535
70.218 -23.6091
70.4517 -23.6833
70.6853 -23.7576
70.9189 -23.832
71.1524 -23.9064
71.3858 -23.9809
71.6192 -24.0554
71.8525 -24.1301
72.0858 -24.2047
72.319 -24.2795
72.5522 -24.3544
72.7852 -24.4293
73.0183 -24.5042
73.2512 -24.5793
73.4842 -24.6544
73.717 -24.7296
73.9498 -24.8049
74.1825 -24.8802
74.4152 -24.9556
74.6478 -25.0311
74.88 -25.1066
75.1093 -25.1931
75.3321 -25.2859
75.5462 -25.4003
75.7434 -25.5292
75.8698 -25.6299
75.9664 -25.7433
76.0611 -25.865
76.1557 -25.9871
76.2373 -26.1146
76.2979 -26.219
76.3508 -26.3201
76.4021 -26.4238
76.4517 -26.53
76.4995 -26.6337
76.5447 -26.7341
76.5878 -26.8251
76.6278 -26.9022
76.6661 -26.9689
76.7042 -27.0358
76.7419 -27.1029
76.7792 -27.1701
76.816 -27.2375
76.8524 -27.3049
76.8882 -27.3724
76.9237 -27.4401
76.9586 -27.5079
76.993 -27.5757
77.0273 -27.6439
77.0616 -27.7123
77.0957 -27.781
77.1298 -27.8499
77.1637 -27.9192
77.1975 -27.9887
77.2313 -28.0585
77.2649 -28.1286
77.2975 -28.1985
77.3293 -28.2685
77.3594 -28.3379
77.3893 -28.4076
77.4161 -28.4762
77.4427 -28.545
77.4671 -28.6132
77.4902 -28.681
77.5117 -28.7485
77.5332 -28.8162
77.5545 -28.8841
77.5758 -28.9524
77.597 -29.0211
77.6179 -29.0913
77.6387 -29.1618
77.659 -29.2333
77.6791 -29.3055
77.6991 -29.378
77.719 -29.4509
77.7382 -29.5214
77.7573 -29.5923
77.7763 -29.6634
77.795 -29.7328
77.8132 -29.7991
77.8314 -29.8657
77.8493 -29.9289
77.867 -29.9922
77.8847 -30.0558
77.9022 -30.1197
77.9197 -30.1839
77.9371 -30.2484
77.9545 -30.3131
77.9717 -30.3782
77.9888 -30.4435
78.0059 -30.5092
78.0227 -30.5765
78.0388 -30.6484
78.0548 -30.7206
78.0705 -30.7939
78.0845 -30.8716
78.0984 -30.9496
78.1122 -31.028
78.126 -31.1069
78.1376 -31.1778
78.1487 -31.2476
78.1598 -31.3175
78.1708 -31.3879
78.1806 -31.4472
78.1891 -31.4935
78.1976 -31.54
78.2052 -31.5741
78.2121 -31.6001
78.219 -31.6264
78.2259 -31.653
78.2326 -31.681
78.239 -31.7149
78.2453 -31.7491
78.2516 -31.7836
78.2578 -31.8182
78.2638 -31.8553
78.2692 -31.9008
78.2746 -31.9464
78.2799 -31.9922
78.2852 -32.0382
78.2904 -32.0844
78.2955 -32.1307
78.3005 -32.1772
78.305 -32.2275
78.3092 -32.279
78.3133 -32.3307
78.3174 -32.3824
78.3215 -32.4344
78.3254 -32.4864
78.3293 -32.5386
78.3332 -32.591
78.3365 -32.6412
78.3397 -32.6911
78.3428 -32.7411
78.3458 -32.7912
78.3488 -32.8415
78.3516 -32.8912
78.3542 -32.9379
78.3567 -32.9848
78.3591 -33.0318
78.3615 -33.0791
78.3639 -33.1265
78.3661 -33.1742
78.3684 -33.222
78.3704 -33.27
78.3723 -33.3181
78.3741 -33.3664
78.3757 -33.4148
78.3769 -33.4633
78.378 -33.512
78.3791 -33.5609
78.3801 -33.61
78.381 -33.6592
78.3812 -33.7084
78.3815 -33.7578
78.3817 -33.8075
78.3817 -33.8608
78.3817 -33.9143
78.3812 -33.9679
78.3806 -34.0215
78.3799 -34.0753
78.3792 -34.1293
78.3781 -34.1848
78.3769 -34.2442
78.3755 -34.3037
78.3742 -34.3634
78.3728 -34.4233
78.3713 -34.4833
78.3699 -34.5435
78.3684 -34.6039
78.3668 -34.6644
78.3652 -34.7266
78.3634 -34.7943
78.3612 -34.8643
78.3591 -34.9343
78.3569 -35.0045
78.3547 -35.0748
78.3524 -35.1451
78.3501 -35.2174
78.3473 -35.2981
78.3446 -35.3788
78.3418 -35.4595
78.3389 -35.5403
78.336 -35.6205
78.3329 -35.6999
78.3297 -35.7793
78.3266 -35.8587
78.3234 -35.9382
78.3201 -36.0177
78.3167 -36.0984
78.313 -36.1825
78.3091 -36.2659
78.3052 -36.348
78.3013 -36.4302
78.2973 -36.5123
78.2933 -36.5945
78.2893 -36.6766
78.2852 -36.7588
78.2811 -36.841
78.277 -36.9231
78.2729 -37.0053
78.2686 -37.0863
78.264 -37.1658
78.2594 -37.2453
78.2548 -37.3249
78.2501 -37.4044
78.2455 -37.484
78.2408 -37.5636
78.236 -37.6431
78.2311 -37.7221
78.2261 -37.7979
78.221 -37.8737
78.2159 -37.9496
78.2106 -38.0254
78.2053 -38.1012
78.1999 -38.1771
78.1945 -38.2531
78.1891 -38.3291
78.1837 -38.4051
78.1782 -38.4812
78.1726 -38.5572
78.1669 -38.6333
78.1611 -38.7093
78.1554 -38.7855
78.1496 -38.8617
78.1438 -38.9379
78.138 -39.0142
78.132 -39.0904
78.126 -39.1667
78.1199 -39.243
78.1138 -39.3193
78.1075 -39.3956
78.1012 -39.4719
78.0948 -39.5482
78.0884 -39.6246
78.0819 -39.701
78.0751 -39.7773
78.0683 -39.8536
78.0615 -39.93
78.0546 -40.0064
78.0478 -40.0828
78.0409 -40.1593
78.034 -40.2359
78.0269 -40.3124
78.0195 -40.3888
78.0122 -40.4652
78.0048 -40.5418
77.9975 -40.6183
77.9901 -40.695
77.9827 -40.7716
77.9753 -40.8484
77.9677 -40.925
77.96 -41.0016
77.9522 -41.0783
77.9444 -41.1551
77.9366 -41.2318
77.9288 -41.3087
77.9208 -41.3855
77.9128 -41.4623
77.9049 -41.5392
77.8969 -41.6162
77.8888 -41.6932
77.8808 -41.7703
77.8728 -41.8474
77.8648 -41.9246
77.8568 -42.0019
77.8487 -42.0792
77.8407 -42.1566
77.8326 -42.234
77.8246 -42.3115
77.8165 -42.389
77.8084 -42.4666
77.8004 -42.5443
77.7923 -42.622
77.7842 -42.6998
77.7761 -42.7776
77.768 -42.8555
77.7599 -42.9335
77.7517 -43.0115
77.7436 -43.0896
77.7355 -43.1677
77.7274 -43.2459
77.7192 -43.3242
77.7111 -43.4025
77.7029 -43.4809
77.6947 -43.5593
77.6866 -43.6378
77.6784 -43.7164
77.6702 -43.795
77.662 -43.8737
77.6538 -43.9524
77.6456 -44.0312
77.6374 -44.1101
77.6292 -44.189
77.621 -44.268
77.6127 -44.347
77.6045 -44.4261
77.5962 -44.5053
77.588 -44.5845
77.5797 -44.6638
77.5715 -44.7431
77.5632 -44.8228
77.5548 -44.9071
77.5464 -44.9915
77.538 -45.0759
77.5296 -45.1604
77.5212 -45.2449
77.5128 -45.3295
77.5044 -45.414
77.496 -45.4986
77.4876 -45.5833
77.4791 -45.668
77.4707 -45.7527
77.4622 -45.8375
77.4537 -45.9276
77.445 -46.0199
77.4364 -46.1121
77.4277 -46.2043
77.4191 -46.2966
77.4104 -46.3888
77.4017 -46.481
77.393 -46.5732
77.3844 -46.6655
77.3757 -46.7577
77.367 -46.8499
77.3583 -46.942
77.3496 -47.0342
77.3409 -47.1264
77.3322 -47.2186
77.3235 -47.3108
77.3147 -47.4029
77.306 -47.4951
77.2972 -47.5882
77.2883 -47.6836
77.2793 -47.7791
77.2703 -47.8745
77.2614 -47.97
77.2524 -48.0653
77.2434 -48.1607
77.2344 -48.256
77.2254 -48.3513
77.2164 -48.4465
77.2074 -48.5417
77.1984 -48.6369
77.1894 -48.732
77.1803 -48.8272
77.1713 -48.9223
77.1623 -49.0173
77.1532 -49.1124
77.1442 -49.2074
77.1351 -49.3023
77.1261 -49.3973
77.1169 -49.491
77.1076 -49.584
77.0984 -49.6769
77.0892 -49.7698
77.0799 -49.8627
77.0707 -49.9555
77.0618 -50.0358
77.053 -50.1143
77.0443 -50.1928
77.0355 -50.2713
77.0267 -50.3497
77.0179 -50.4281
77.0091 -50.5065
77.0009 -50.5707
76.9928 -50.6284
76.9848 -50.6862
76.9767 -50.7439
76.9687 -50.8016
76.9606 -50.8593
76.9526 -50.917
76.9445 -50.9747
76.9365 -51.0324
76.9284 -51.0902
76.9207 -51.1458
76.9137 -51.1969
76.9066 -51.2479
76.8996 -51.2989
76.8926 -51.3499
76.8856 -51.4009
76.8785 -51.4519
76.8715 -51.5029
76.8645 -51.554
76.8574 -51.605
76.851 -51.6602
76.8449 -51.7173
76.8387 -51.7744
76.8326 -51.8315
76.8264 -51.8887
76.8202 -51.9458
76.8142 -52.0041
76.8084 -52.0676
76.8026 -52.1311
76.7969 -52.1946
76.7911 -52.2581
76.7853 -52.3215
76.7796 -52.385
76.7738 -52.4485
76.768 -52.512
76.7622 -52.5754
76.7564 -52.6389
76.7506 -52.7024
76.7448 -52.7658
76.739 -52.8293
76.7331 -52.8927
76.7273 -52.9562
76.7215 -53.0196
76.7156 -53.0831
76.7098 -53.1465
76.7043 -53.2102
76.6989 -53.2738
76.6935 -53.3375
76.688 -53.4012
76.6826 -53.4648
76.6776 -53.5287
76.6729 -53.5928
76.6683 -53.6569
76.6636 -53.721
76.659 -53.7851
76.6543 -53.8491
76.6496 -53.9132
76.6449 -53.9772
76.6407 -54.0416
76.637 -54.1061
76.6332 -54.1707
76.6294 -54.2352
76.6256 -54.2997
76.6218 -54.3643
76.618 -54.4288
76.6142 -54.4933
76.6109 -54.5581
76.6078 -54.623
76.6046 -54.6879
76.6015 -54.7527
76.5983 -54.8176
76.5951 -54.8824
76.5922 -54.9474
76.5893 -55.0124
76.5864 -55.0774
76.5834 -55.1424
76.5805 -55.2074
76.5776 -55.2724
76.5747 -55.3374
76.5718 -55.4024
76.5688 -55.4673
76.5659 -55.5323
76.563 -55.5973
76.56 -55.6623
76.5571 -55.7273
76.5542 -55.7922
76.5513 -55.8572
76.5483 -55.9222
76.5453 -55.9871
76.5422 -56.052
76.5391 -56.1169
76.536 -56.1818
76.5329 -56.2467
76.5298 -56.3116
76.5268 -56.3765
76.5237 -56.4414
76.5206 -56.5063
76.5175 -56.5712
76.5144 -56.6361
76.5113 -56.701
76.5083 -56.7659
76.5051 -56.8308
76.502 -56.8957
76.4989 -56.9606
76.4958 -57.0254
76.4927 -57.0903
76.4895 -57.1552
76.4864 -57.2201
76.4833 -57.285
76.4802 -57.3498
76.4771 -57.4147
76.4739 -57.4796
76.4708 -57.5445
76.4677 -57.6094
76.4646 -57.6742
76.4615 -57.7391
76.4583 -57.804
76.4551 -57.8688
76.4521 -57.9292
76.449 -57.9895
76.4459 -58.0498
76.4429 -58.1101
76.4398 -58.1704
76.4368 -58.2307
76.4337 -58.291
76.4307 -58.3513
76.4278 -58.4077
76.4249 -58.4619
76.4221 -58.5161
76.4192 -58.5703
76.4164 -58.6245
76.4135 -58.6787
76.4107 -58.7329
76.4078 -58.7871
76.405 -58.8413
76.4022 -58.8955
76.3993 -58.9497
76.3965 -59.0039
76.3937 -59.0569
76.3911 -59.1086
76.3886 -59.1603
76.386 -59.2121
76.3834 -59.2638
76.3808 -59.3155
76.3782 -59.3672
76.3756 -59.4189
76.3731 -59.4706
76.3705 -59.5224
76.3679 -59.5741
76.3653 -59.6258
76.3629 -59.6789
76.3605 -59.7325
76.3582 -59.786
76.3558 -59.8396
76.3534 -59.8931
76.3511 -59.9467
76.3487 -60.0002
76.3463 -60.0538
76.3441 -60.1091
76.3418 -60.1648
76.3396 -60.2205
76.3373 -60.2762
76.3351 -60.3319
76.3328 -60.3876
76.3306 -60.4433
76.3285 -60.4941
76.3264 -60.5434
76.3243 -60.5927
76.3222 -60.642
76.3201 -60.6913
76.3181 -60.7405
76.316 -60.7898
76.3139 -60.8391
76.3118 -60.8884
76.31 -60.9309
76.3082 -60.9719
76.3064 -61.0128
76.3047 -61.0537
76.3029 -61.0946
76.3011 -61.1355
76.2994 -61.1764
76.2976 -61.2173
76.2958 -61.2582
76.2941 -61.2991
76.2923 -61.34
76.2905 -61.3809
76.2887 -61.4218
76.2873 -61.4598
76.2859 -61.4973
76.2845 -61.5348
76.2831 -61.5723
76.2817 -61.6098
76.2803 -61.6473
76.2789 -61.6848
76.2776 -61.7223
76.2763 -61.7598
76.275 -61.7974
76.2737 -61.8349
76.2725 -61.8724
76.2714 -61.9115
76.2704 -61.9515
76.2694 -61.9915
76.2685 -62.0315
76.2675 -62.0715
76.2665 -62.1116
76.2657 -62.1516
76.2649 -62.1917
76.2642 -62.2327
76.2635 -62.2756
76.2628 -62.3186
76.2622 -62.3615
76.2615 -62.4044
76.2608 -62.4474
76.2602 -62.4903
76.2595 -62.5332
76.2588 -62.5762
76.2582 -62.6191
76.2575 -62.6621
76.2568 -62.705
76.2562 -62.7479
76.2555 -62.7909
76.255 -62.8339
76.2545 -62.8769
76.2541 -62.9199
76.2536 -62.9629
76.2532 -63.0059
76.2527 -63.0489
76.2523 -63.0919
76.2518 -63.1349
76.2514 -63.178
76.2509 -63.221
76.2505 -63.264
76.25 -63.307
76.2496 -63.35
76.2491 -63.393
76.2486 -63.436
76.2482 -63.479
76.2478 -63.5221
76.2475 -63.5651
76.2472 -63.6082
76.2469 -63.6513
76.2466 -63.6943
76.2464 -63.7374
76.2461 -63.7805
76.2458 -63.8235
76.2455 -63.8666
76.2452 -63.9097
76.2449 -63.9527
76.2447 -63.9958
76.2445 -64.0389
76.2442 -64.082
76.244 -64.1251
76.2438 -64.1682
76.2436 -64.2113
76.2434 -64.2544
76.2432 -64.2975
76.243 -64.3406
76.2428 -64.3837
76.2426 -64.4268
76.2424 -64.4699
76.2423 -64.513
76.2422 -64.5562
76.2421 -64.5993
76.242 -64.6424
76.2419 -64.6856
76.2418 -64.7287
76.2417 -64.7718
76.2416 -64.815
76.2415 -64.8581
76.2414 -64.9012
76.2413 -64.9444
76.2412 -64.9875
76.2413 -65.0307
76.2414 -65.0739
76.2415 -65.1171
76.2416 -65.1603
76.2417 -65.2035
76.2418 -65.2467
76.2419 -65.2899
76.242 -65.3331
76.2421 -65.3763
76.2422 -65.4196
76.2423 -65.4628
76.2424 -65.506
76.2425 -65.5492
76.2426 -65.5924
76.2427 -65.6356
76.2428 -65.6788
76.2429 -65.722
76.243 -65.7652
76.2433 -65.8085
76.2437 -65.8518
76.244 -65.895
76.2444 -65.9383
76.2447 -65.9816
76.245 -66.0249
76.2454 -66.0682
76.2457 -66.1115
76.2461 -66.1548
76.2464 -66.1981
76.2468 -66.2414
76.2471 -66.2847
76.2475 -66.3279
76.2478 -66.3712
76.2482 -66.4145
76.2485 -66.4578
76.2489 -66.5011
76.2494 -66.5445
76.25 -66.5878
76.2505 -66.6312
76.2511 -66.6746
76.2517 -66.7179
76.2522 -66.7613
76.2528 -66.8046
76.2533 -66.848
76.2539 -66.8914
76.2544 -66.9347
76.255 -66.9781
76.2556 -67.0215
76.2563 -67.0649
76.2569 -67.1083
76.2576 -67.1516
76.2582 -67.195
76.2589 -67.2384
76.2595 -67.2818
76.2602 -67.3252
76.2608 -67.3686
76.2615 -67.412
76.2621 -67.4554
76.2628 -67.4988
76.2634 -67.5422
76.2641 -67.5856
76.2647 -67.629
76.2654 -67.6723
76.266 -67.7157
76.2667 -67.7591
76.2673 -67.8025
76.268 -67.8459
76.2686 -67.8893
76.2693 -67.9327
76.27 -67.9761
76.2706 -68.0195
76.2713 -68.0629
76.2719 -68.1063
76.2726 -68.1496
76.2732 -68.193
76.2739 -68.2364
76.2745 -68.2798
76.2752 -68.3232
76.2758 -68.3666
76.2765 -68.41
76.2771 -68.4534
76.2778 -68.4968
76.2784 -68.5402
76.2791 -68.5835
76.2797 -68.6269
76.2804 -68.6703
76.281 -68.7137
76.2817 -68.7571
76.2823 -68.8005
76.283 -68.8439
76.2836 -68.8873
76.2843 -68.9307
76.2849 -68.9741
76.2856 -69
76.2861 -69
76.2866 -69
76.2872 -69
76.2877 -69
76.2883 -69
76.2888 -69
76.2894 -69
76.2899 -69
76.2904 -69
76.291 -69
76.2915 -69
76.2921 -69
76.2926 -69
76.2932 -69
76.2937 -69
76.2942 -69
76.2947 -69
76.2952 -69
76.2956 -69
76.2961 -69
76.2966 -69
76.297 -69
76.297 -69
76.2971 -69
76.2972 -69
76.2972 -69
76.2973 -69
76.2974 -69
76.2974 -69
76.2975 -69
76.2976 -69
76.2977 -69
76.2977 -69
76.2978 -69
76.2979 -69
76.2979 -69
76.298 -69
76.2979 -69
76.2978 -69
76.2977 -69
76.2976 -69
76.2975 -69
76.2974 -69
76.2973 -69
76.2972 -69
76.2971 -69
76.297 -69
76.2969 -69
76.2969 -69
76.2968 -69
76.2967 -69
76.2966 -69
76.2965 -69
76.2964 -69
76.2963 -69
76.2962 -69
76.2959 -69
76.2954 -69
76.2949 -69
76.2944 -69
76.294 -69
76.2935 -69
76.293 -69
76.2925 -69
76.292 -69
76.2916 -69
76.2911 -69
76.2906 -69
76.2901 -69
76.2897 -69
76.2892 -69
76.2887 -69
76.2882 -69
76.2878 -69
76.2873 -69
76.2868 -69
76.2863 -69
76.2859 -69
76.2854 -69
76.2849 -69
76.2844 -69
76.2839 -69
76.2835 -69
76.283 -69
76.2825 -69
76.282 -69
76.2816 -69
76.2811 -69
76.2806 -69
76.2801 -69
76.2797 -69
76.2792 -69
76.2787 -69
76.2782 -69
76.2778 -69
76.2773 -69
76.2768 -69
76.2763 -69
76.2759 -69
76.2754 -69
76.2749 -69
76.2745 -69
76.274 -69
76.2735 -69
76.273 -69
76.2726 -69
76.2721 -69
76.2716 -69
76.2711 -69
76.2707 -69
76.2702 -69
76.2697 -69
76.2692 -69
76.2688 -69
76.2683 -69
76.2678 -69
76.2673 -69
76.2668 -69
76.2663 -69
76.2658 -69
76.2653 -69
76.2648 -69
76.2642 -69
76.2637 -69
76.2632 -69
76.2627 -69
76.2622 -69
76.2617 -69
76.2612 -69
76.2607 -69
76.2602 -69
76.2597 -69
76.2592 -69
76.2587 -69
76.2582 -69
76.2577 -69
76.2572 -69
76.2567 -69
76.2562 -69
76.2557 -69
76.2552 -69
76.2547 -69
76.2542 -69
76.2537 -69
76.2531 -69
76.2524 -69
76.2518 -69
76.2511 -69
76.2504 -69
76.2498 -69
76.2491 -69
76.2484 -69
76.2478 -69
76.2471 -69
76.2465 -69
76.2458 -69
76.2451 -69
76.2445 -69
76.2438 -69
76.2431 -69
76.2425 -69
76.2418 -69
76.2412 -69
76.2405 -69
76.2398 -69
76.2392 -69
76.2385 -69
76.2379 -69
76.2372 -69
76.2365 -69
76.2359 -69
76.2352 -69
76.2345 -69
76.2339 -69
76.2332 -69
76.2326 -69
76.2319 -69
76.2312 -69
76.2306 -69
76.2299 -69
76.2293 -69
76.2286 -69
76.228 -69
76.2275 -69
76.227 -69
76.2265 -69
76.2259 -69
76.2254 -69
76.2249 -69
76.2244 -69
76.2238 -69
76.2233 -69
76.2228 -69
76.2223 -69
76.2218 -69
76.2212 -69
76.2207 -69
76.2202 -69
76.2197 -69
76.2191 -69
76.2186 -69
76.2181 -69
76.2176 -69
76.2171 -69
76.2165 -69
76.216 -69
76.2155 -69
76.215 -69
76.2144 -69
76.2139 -69
76.2134 -69
76.2129 -69
76.2124 -69
76.2118 -69
76.2113 -69
76.2108 -69
76.2103 -69
76.2097 -69
76.2094 -69
76.209 -69
76.2087 -69
76.2084 -69
76.2081 -69
76.2078 -69
76.2074 -69
76.2071 -69
76.2068 -69
76.2065 -69
76.2061 -69
76.2058 -69
76.2055 -69
76.2051 -69
76.2041 -69
76.2031 -69
76.2021 -69
76.2011 -69
76.2001 -69
76.1991 -69
76.1981 -69
76.1971 -69
76.1961 -69
76.1951 -69
76.1941 -69
76.1931 -69
76.1921 -69
76.191 -69
76.19 -69
76.189 -69
76.188 -69
76.1871 -69
76.1863 -69
76.1855 -69
76.1847 -69
76.184 -69
76.1832 -69
76.1824 -69
76.1816 -69
76.1808 -69
76.1801 -69
76.1793 -69
76.1785 -69
76.1777 -69
76.1769 -69
76.1761 -69
76.1754 -69
76.1746 -69
76.1738 -69
76.173 -69
76.1725 -69
76.172 -69
76.1716 -69
76.1711 -69
76.1706 -69
76.1701 -69
76.1697 -69
76.1692 -69
76.1687 -69
76.1682 -69
76.1678 -69
76.1673 -69
76.1668 -69
76.1663 -69
76.1659 -69
76.1654 -69
76.1649 -69
76.1645 -69
76.164 -69
76.1635 -69
76.163 -69
76.1626 -69
76.1621 -69
76.1616 -69
76.1611 -69
76.1607 -69
76.1602 -69
76.1597 -69
76.1593 -69
76.1588 -69
76.1583 -69
76.1578 -69
76.1576 -69
76.1574 -69
76.1572 -69
76.157 -69
76.1568 -69
76.1566 -69
76.1564 -69
76.1561 -69
76.1559 -69
76.1557 -69
76.1555 -69
76.1553 -69
76.1551 -69
76.1549 -69
76.1547 -69
76.1545 -69
76.1543 -69
76.1541 -69
76.1539 -69
76.1537 -69
76.1535 -69
76.1533 -69
76.1531 -69
76.153 -69
76.1529 -69
76.1528 -69
76.1526 -69
76.1525 -69
76.1524 -69
76.1523 -69
76.1522 -69
76.1521 -69
76.152 -69
76.1518 -69
76.1517 -69
76.1516 -69
76.1515 -69
76.1514 -69
76.1513 -69
76.1511 -69
76.151 -69
76.1509 -69
76.1508 -69
76.1507 -69
76.1506 -69
76.1505 -69
76.1503 -69
76.1502 -69
76.1501 -69
76.15 -69
76.1499 -69
76.1498 -69
76.1497 -69
76.1495 -69
76.1494 -69
76.1493 -69
76.1492 -69
76.1491 -69
76.149 -69
76.1489 -69
76.1487 -69
76.1486 -69
76.1485 -69
76.1484 -69
76.1483 -69
76.1482 -69
76.1481 -69
76.148 -69
76.1478 -69
76.1477 -69
76.1476 -69
76.1475 -69
76.1474 -69
76.1473 -69
76.1472 -69
76.147 -69
76.1469 -69
76.1468 -69
76.1467 -69
76.1466 -69
76.1465 -69
76.1464 -69
76.1463 -69
76.1461 -69
76.146 -69
76.1459 -69
76.1458 -69
76.1457 -69
76.1456 -69
76.1455 -69
76.1454 -69
76.1453 -69
76.1451 -69
76.145 -69
76.1449 -69
76.1448 -69
76.1447 -69
76.1446 -69
76.1445 -69
76.1444 -69
76.1443 -69
76.1441 -69
76.144 -69
76.1439 -69
76.1438 -69
76.1437 -69
76.1436 -69
76.1435 -69
76.1434 -69
76.1433 -69
76.1431 -69
76.143 -69
76.1429 -69
76.1428 -69
76.1427 -69
76.1426 -69
76.1425 -69
76.1424 -69
76.1423 -69
76.1422 -69
76.142 -69
76.1419 -69
76.1418 -69
76.1417 -69
76.1416 -69
76.1415 -69
76.1414 -69
76.1413 -69
76.1412 -69
76.1411 -69
76.141 -69
76.1408 -69
76.1407 -69
76.1406 -69
76.1405 -69
76.1404 -69
76.1403 -69
76.1402 -69
76.1401 -69
76.14 -69
76.1399 -69
76.1398 -69
76.1396 -69
76.1395 -69
76.1394 -69
76.1393 -69
76.1392 -69
76.1391 -69
76.139 -69
76.1389 -69
76.1388 -69
76.1387 -69
76.1386 -69
76.1385 -69
76.1384 -69
76.1382 -69
76.1381 -69
76.138 -69
76.1379 -69
76.1378 -69
76.1377 -69
76.1376 -69
76.1375 -69
76.1374 -69
76.1373 -69
76.1372 -69
76.1371 -69
76.137 -69
76.1369 -69
76.1368 -69
76.1366 -69
76.1365 -69
76.1364 -69
76.1363 -69
76.1362 -69
76.1361 -69
76.136 -69
76.1359 -69
76.1358 -69
76.1357 -69
76.1356 -69
76.1355 -69
76.1354 -69
76.1353 -69
76.1352 -69
76.1351 -69
76.135 -69
76.1348 -69
76.1347 -69
76.1346 -69
76.1345 -69
76.1344 -69
76.1343 -69
76.1342 -69
76.1341 -69
76.134 -69
76.1339 -69
76.1338 -69
76.1337 -69
76.1336 -69
76.1335 -69
76.1334 -69
76.1333 -69
76.1332 -69
76.1331 -69
76.133 -69
76.1329 -69
76.1328 -69
76.1327 -69
76.1325 -69
76.1324 -69
76.1323 -69
76.1322 -69
76.1321 -69
76.132 -69
76.1319 -69
76.1318 -69
76.1317 -69
76.1316 -69
76.1315 -69
76.1314 -69
76.1313 -69
76.1312 -69
76.1311 -69
76.131 -69
76.1309 -69
76.1308 -69
76.1307 -69
76.1306 -69
76.1305 -69
76.1304 -69
76.1303 -69
76.1302 -69
76.1301 -69
76.13 -69
76.1299 -69
76.1298 -69
76.1297 -69
76.1296 -69
76.1295 -69
76.1294 -69
76.1293 -69
76.1292 -69
76.1291 -69
76.129 -69
76.1289 -69
76.1288 -69
76.1287 -69
76.1286 -69
76.1285 -69
76.1284 -69
76.1282 -69
76.1281 -69
76.128 -69
76.1279 -69
76.1278 -69
76.1277 -69
76.1276 -69
76.1275 -69
76.1274 -69
76.1273 -69
76.1272 -69
76.1271 -69
76.127 -69
76.1269 -69
76.1268 -69
76.1267 -69
76.1266 -69
76.1265 -69
76.1264 -69
76.1263 -69
76.1262 -69
76.1261 -69
76.126 -69
76.1259 -69
76.1258 -69
76.1257 -69
76.1256 -69
76.1255 -69
76.1254 -69
76.1253 -69
76.1252 -69
76.1251 -69
76.1251 -69
76.125 -69
76.1249 -69
76.1248 -69
76.1247 -69
76.1246 -69
76.1245 -69
76.1244 -69
76.1243 -69
76.1242 -69
76.1241 -69
76.124 -69
76.1239 -69
76.1238 -69
76.1237 -69
76.1236 -69
76.1235 -69
76.1234 -69
76.1233 -69
76.1232 -69
76.1231 -69
76.123 -69
76.1229 -69
76.1228 -69
76.1227 -69
76.1226 -69
76.1225 -69
76.1224 -69
76.1223 -69
76.1222 -69
76.1221 -69
76.122 -69
76.1219 -69
76.1218 -69
76.1217 -69
76.1216 -69
76.1215 -69
76.1214 -69
76.1213 -69
76.1212 -69
76.1211 -69
76.121 -69
76.1209 -69
76.1209 -69
76.1208 -69
76.1207 -69
76.1206 -69
76.1205 -69
76.1204 -69
76.1203 -69
76.1202 -69
76.1201 -69
76.12 -69
76.1199 -69
76.1198 -69
76.1197 -69
76.1196 -69
76.1195 -69
76.1194 -69
76.1193 -69
76.1192 -69
76.1191 -69
76.119 -69
76.1189 -69
76.1188 -69
76.1188 -69
76.1187 -69
76.1186 -69
76.1185 -69
76.1184 -69
76.1183 -69
76.1182 -69
76.1181 -69
76.118 -69
76.1179 -69
76.1178 -69
76.1177 -69
76.1176 -69
76.1175 -69
76.1174 -69
76.1173 -69
76.1172 -69
76.1172 -69
76.1171 -69
76.117 -69
76.1169 -69
76.1168 -69
76.1167 -69
76.1166 -69
76.1165 -69
76.1164 -69
76.1163 -69
76.1162 -69
76.1161 -69
76.116 -69
76.1159 -69
76.1158 -69
76.1158 -69
76.1157 -69
76.1156 -69
76.1155 -69
76.1154 -69
76.1153 -69
76.1152 -69
76.1151 -69
76.115 -69
76.1149 -69
76.1148 -69
76.1147 -69
76.1146 -69
76.1146 -69
76.1145 -69
76.1144 -69
76.1143 -69
76.1142 -69
76.1141 -69
76.114 -69
76.1139 -69
76.1138 -69
76.1137 -69
76.1136 -69
76.1135 -69
76.1135 -69
76.1134 -69
76.1133 -69
76.1132 -69
76.1131 -69
76.113 -69
76.1129 -69
76.1128 -69
76.1127 -69
76.1126 -69
76.1126 -69
76.1125 -69
76.1124 -69
76.1123 -69
76.1122 -69
76.1121 -69
76.112 -69
76.1119 -69
76.1118 -69
76.1117 -69
76.1117 -69
76.1116 -69
76.1115 -69
76.1114 -69
76.1113 -69
76.1112 -69
76.1111 -69
76.111 -69
76.1109 -69
76.1108 -69
76.1108 -69
76.1107 -69
76.1106 -69
76.1105 -69
76.1104 -69
76.1103 -69
76.1102 -69
76.1101 -69
76.11 -69
76.11 -69
76.1099 -69
76.1098 -69
76.1097 -69
76.1096 -69
76.1095 -69
76.1094 -69
76.1093 -69
76.1093 -69
76.1092 -69
76.1091 -69
76.109 -69
76.1089 -69
76.1088 -69
76.1087 -69
76.1086 -69
76.1086 -69
76.1085 -69
76.1084 -69
76.1083 -69
76.1082 -69
76.1081 -69
76.108 -69
76.1079 -69
76.1079 -69
76.1078 -69
76.1077 -69
76.1076 -69
76.1075 -69
76.1074 -69
76.1073 -69
76.1073 -69
76.1072 -69
76.1071 -69
76.107 -69
76.1069 -69
76.1068 -69
76.1067 -69
76.1066 -69
76.1066 -69
76.1065 -69
76.1064 -69
76.1063 -69
76.1062 -69
76.1061 -69
76.106 -69
76.106 -69
76.1059 -69
76.1058 -69
76.1057 -69
76.1056 -69
76.1055 -69
76.1055 -69
76.1054 -69
76.1053 -69
76.1052 -69
76.1051 -69
76.105 -69
76.1049 -69
76.1049 -69
76.1048 -69
76.1047 -69
76.1046 -69
76.1045 -69
76.1044 -69
76.1044 -69
76.1043 -69
76.1042 -69
76.1041 -69
76.104 -69
76.1039 -69
76.1039 -69
76.1038 -69
76.1037 -69
76.1036 -69
76.1035 -69
76.1034 -69
76.1033 -69
76.1033 -69
76.1032 -69
76.1031 -69
76.103 -69
76.1029 -69
76.1028 -69
76.1028 -69
76.1027 -69
76.1026 -69
76.1025 -69
76.1024 -69
76.1023 -69
76.1023 -69
76.1022 -69
76.1021 -69
76.102 -69
76.1019 -69
76.1019 -69
76.1018 -69
76.1017 -69
76.1016 -69
76.1015 -69
76.1014 -69
76.1014 -69
76.1013 -69
76.1012 -69
76.1011 -69
76.101 -69
76.101 -69
76.1009 -69
76.1008 -69
76.1007 -69
76.1006 -69
76.1005 -69
76.1005 -69
76.1004 -69
76.1003 -69
76.1002 -69
76.1001 -69
76.1001 -69
76.1 -69
76.0999 -69
76.0998 -69
76.0997 -69
76.0997 -69
76.0996 -69
76.0995 -69
76.0994 -69
76.0993 -69
76.0992 -69
76.0992 -69
76.0991 -69
76.099 -69
76.0989 -69
76.0988 -69
76.0988 -69
76.0987 -69
76.0986 -69
76.0985 -69
76.0984 -69
76.0984 -69
76.0983 -69
76.0982 -69
76.0981 -69
76.0981 -69
76.098 -69
76.0979 -69
76.0978 -69
76.0977 -69
76.0977 -69
76.0976 -69
76.0975 -69
76.0974 -69
76.0973 -69
76.0973 -69
76.0972 -69
76.0971 -69
76.097 -69
76.0969 -69
76.0969 -69
76.0968 -69
76.0967 -69
76.0966 -69
76.0966 -69
76.0965 -69
76.0964 -69
76.0963 -69
76.0962 -69
76.0962 -69
76.0961 -69
76.096 -69
76.0959 -69
76.0959 -69
76.0958 -69
76.0957 -69
76.0956 -69
76.0955 -69
76.0955 -69
76.0954 -69
76.0953 -69
76.0952 -69
76.0952 -69
76.0951 -69
76.095 -69
76.0949 -69
76.0949 -69
76.0948 -69
76.0947 -69
76.0946 -69
76.0945 -69
76.0945 -69
76.0944 -69
76.0943 -69
76.0942 -69
76.0942 -69
76.0941 -69
76.094 -69
76.0939 -69
76.0939 -69
76.0938 -69
76.0937 -69
76.0936 -69
76.0936 -69
76.0935 -69
76.0934 -69
76.0933 -69
76.0933 -69
76.0932 -69
76.0931 -69
76.093 -69
76.093 -69
76.0929 -69
76.0928 -69
76.0927 -69
76.0927 -69
76.0926 -69
76.0925 -69
76.0924 -69
76.0924 -69
76.0923 -69
76.0922 -69
76.0921 -69
76.0921 -69
76.092 -69
76.0919 -69
76.0918 -69
76.0918 -69
76.0917 -69
76.0916 -69
76.0915 -69
76.0915 -69
76.0914 -69
76.0913 -69
76.0913 -69
76.0912 -69
76.0911 -69
76.091 -69
76.091 -69
76.0909 -69
76.0908 -69
76.0907 -69
76.0907 -69
76.0906 -69
76.0905 -69
76.0904 -69
76.0904 -69
76.0903 -69
76.0902 -69
76.0902 -69
76.0901 -69
76.09 -69
76.0899 -69
76.0899 -69
76.0898 -69
76.0897 -69
76.0897 -69
76.0896 -69
76.0895 -69
76.0894 -69
76.0894 -69
76.0893 -69
76.0892 -69
76.0892 -69
76.0891 -69
76.089 -69
76.0889 -69
76.0889 -69
76.0888 -69
76.0887 -69
76.0887 -69
76.0886 -69
76.0885 -69
76.0884 -69
76.0884 -69
76.0883 -69
76.0882 -69
76.0882 -69
76.0881 -69
76.088 -69
76.0879 -69
76.0879 -69
76.0878 -69
76.0877 -69
76.0877 -69
76.0876 -69
76.0875 -69
76.0875 -69
76.0874 -69
76.0873 -69
76.0872 -69
76.0872 -69
76.0871 -69
76.087 -69
76.087 -69
76.0869 -69
76.0868 -69
76.0868 -69
76.0867 -69
76.0866 -69
76.0865 -69
76.0865 -69
76.0864 -69
76.0863 -69
76.0863 -69
76.0862 -69
76.0861 -69
76.0861 -69
76.086 -69
76.0859 -69
76.0859 -69
76.0858 -69
76.0857 -69
76.0857 -69
76.0856 -69
76.0855 -69
76.0855 -69
76.0854 -69
76.0853 -69
76.0852 -69
76.0852 -69
76.0851 -69
76.085 -69
76.085 -69
76.0849 -69
76.0848 -69
76.0848 -69
76.0847 -69
76.0846 -69
76.0846 -69
76.0845 -69
76.0844 -69
76.0844 -69
76.0843 -69
76.0842 -69
76.0842 -69
76.0841 -69
76.084 -69
76.084 -69
76.0839 -69
76.0839 -69
76.0838 -69
76.0838 -69
76.0837 -69
76.0837 -69
76.0836 -69
76.0835 -69
76.0835 -69
76.0834 -69
76.0834 -69
76.0833 -69
76.0833 -69
76.0832 -69
76.0832 -69
76.0831 -69
76.083 -69
76.083 -69
76.0829 -69
76.0829 -69
76.0828 -69
76.0828 -69
76.0827 -69
76.0827 -69
76.0826 -69
76.0826 -69
76.0825 -69
76.0824 -69
76.0824 -69
76.0823 -69
76.0823 -69
76.0823 -69
76.0822 -69
76.0822 -69
76.0822 -69
76.0821 -69
76.0821 -69
76.0821 -69
76.082 -69
76.082 -69
76.082 -69
76.0819 -69
76.0819 -69
76.0819 -69
76.0818 -69
76.0818 -69
76.0818 -69
76.0817 -69
76.0817 -69
76.0817 -69
76.0816 -69
76.0816 -69
76.0816 -69
76.0815 -69
76.0815 -69
76.0815 -69
76.0814 -69
76.0814 -69
76.0814 -69
76.0813 -69
76.0813 -69
76.0813 -69
76.0812 -69
76.0812 -69
76.0812 -69
76.0811 -69
76.0811 -69
76.0811 -69
76.0811 -69
76.081 -69
76.081 -69
76.081 -69
76.0809 -69
76.0809 -69
76.0809 -69
76.0808 -69
76.0808 -69
76.0808 -69
76.0808 -69
76.0808 -69
76.0808 -69
76.0808 -69
76.0808 -69
76.0808 -69
76.0808 -69
76.0807 -69
76.0807 -69
76.0807 -69
76.0807 -69
76.0807 -69
76.0807 -69
76.0807 -69
76.0807 -69
76.0807 -69
76.0807 -69
76.0807 -69
76.0807 -69
76.0807 -69
76.0807 -69
76.0807 -69
76.0807 -69
76.0807 -69
76.0806 -69
76.0806 -69
76.0806 -69
76.0806 -69
76.0806 -69
76.0806 -69
76.0806 -69
76.0806 -69
76.0806 -69
76.0806 -69
76.0806 -69
76.0806 -69
76.0806 -69
76.0806 -69
76.0806 -69
76.0806 -69
76.0806 -69
76.0806 -69
76.0806 -69
76.0806 -69
76.0806 -69
76.0806 -69
76.0806 -69
76.0807 -69
76.0807 -69
76.0807 -69
76.0807 -69
76.0807 -69
76.0807 -69
76.0808 -69
76.0808 -69
76.0808 -69
76.0808 -69
76.0808 -69
76.0808 -69
76.0809 -69
76.0809 -69
76.0809 -69
76.0809 -69
76.0809 -69
76.0809 -69
76.081 -69
76.081 -69
76.081 -69
76.081 -69
76.081 -69
76.081 -69
76.0811 -69
76.0811 -69
76.0811 -69
76.0811 -69
76.0812 -69
76.0812 -69
76.0812 -69
76.0812 -69
76.0813 -69
76.0813 -69
76.0813 -69
76.0813 -69
76.0814 -69
76.0814 -69
76.0814 -69
76.0815 -69
76.0815 -69
76.0815 -69
76.0815 -69
76.0816 -69
76.0816 -69
76.0816 -69
76.0816 -69
76.0817 -69
76.0817 -69
76.0817 -69
76.0818 -69
76.0818 -69
76.0818 -69
76.0818 -69
76.0819 -69
76.0819 -69
76.0819 -69
76.0819 -69
76.082 -69
76.082 -69
76.082 -69
76.0821 -69
76.0821 -69
76.0821 -69
76.0821 -69
76.0822 -69
76.0822 -69
76.0822 -69
76.0823 -69
76.0823 -69
76.0823 -69
76.0823 -69
76.0824 -69
76.0824 -69
76.0824 -69
76.0825 -69
76.0825 -69
76.0825 -69
76.0826 -69
76.0826 -69
76.0826 -69
76.0826 -69
76.0827 -69
76.0827 -69
76.0827 -69
76.0828 -69
76.0828 -69
76.0828 -69
76.0829 -69
76.0829 -69
76.0829 -69
76.0829 -69
76.083 -69
76.083 -69
76.083 -69
76.0831 -69
76.0831 -69
76.0831 -69
76.0832 -69
76.0832 -69
76.0832 -69
76.0832 -69
76.0833 -69
76.0833 -69
76.0833 -69
76.0834 -69
76.0834 -69
76.0834 -69
76.0835 -69
76.0835 -69
76.0835 -69
76.0836 -69
76.0836 -69
76.0836 -69
76.0837 -69
76.0837 -69
76.0837 -69
76.0838 -69
76.0838 -69
76.0838 -69
76.0838 -69
76.0839 -69
76.0839 -69
76.0839 -69
76.084 -69
76.084 -69
76.084 -69
76.0841 -69
76.0841 -69
76.0841 -69
76.0842 -69
76.0842 -69
76.0842 -69
76.0843 -69
76.0843 -69
76.0843 -69
76.0844 -69
76.0844 -69
76.0844 -69
76.0845 -69
76.0845 -69
76.0845 -69
76.0846 -69
76.0846 -69
76.0846 -69
76.0847 -69
76.0847 -69
76.0847 -69
76.0848 -69
76.0848 -69
76.0848 -69
76.0849 -69
76.0849 -69
76.0849 -69
76.085 -69
76.085 -69
76.0851 -69
76.0851 -69
76.0851 -69
76.0852 -69
76.0852 -69
76.0852 -69
76.0853 -69
76.0853 -69
76.0853 -69
76.0854 -69
76.0854 -69
76.0854 -69
76.0855 -69
76.0855 -69
76.0855 -69
76.0856 -69
76.0856 -69
76.0857 -69
76.0857 -69
76.0857 -69
76.0858 -69
76.0858 -69
76.0858 -69
76.0859 -69
76.0859 -69
76.0859 -69
76.086 -69
76.086 -69
76.086 -69
76.0861 -69
76.0861 -69
76.0862 -69
76.0862 -69
76.0862 -69
76.0863 -69
76.0863 -69
76.0863 -69
76.0864 -69
76.0864 -69
76.0865 -69
76.0865 -69
76.0865 -69
76.0866 -69
76.0866 -69
76.0866 -69
76.0867 -69
76.0867 -69
76.0868 -69
76.0868 -69
76.0868 -69
76.0869 -69
76.0869 -69
76.0869 -69
76.087 -69
76.087 -69
76.0871 -69
76.0871 -69
76.0871 -69
76.0872 -69
76.0872 -69
76.0872 -69
76.0873 -69
76.0873 -69
76.0874 -69
76.0874 -69
76.0874 -69
76.0875 -69
76.0875 -69
76.0876 -69
76.0876 -69
76.0876 -69
76.0877 -69
76.0877 -69
76.0878 -69
76.0878 -69
76.0878 -69
76.0879 -69
76.0879 -69
76.088 -69
76.088 -69
76.088 -69
76.0881 -69
76.0881 -69
76.0882 -69
76.0882 -69
76.0882 -69
76.0883 -69
76.0883 -69
76.0884 -69
76.0884 -69
76.0884 -69
76.0885 -69
76.0885 -69
76.0886 -69
76.0886 -69
76.0886 -69
76.0887 -69
76.0887 -69
76.0888 -69
76.0888 -69
76.0888 -69
76.0889 -69
76.0889 -69
76.089 -69
76.089 -69
76.0891 -69
76.0891 -69
76.0891 -69
76.0892 -69
76.0892 -69
76.0893 -69
76.0893 -69
76.0893 -69
76.0894 -69
76.0894 -69
76.0895 -69
76.0895 -69
76.0896 -69
76.0896 -69
76.0896 -69
76.0897 -69
76.0897 -69
76.0898 -69
76.0898 -69
76.0899 -69
76.0899 -69
76.0899 -69
76.09 -69
76.09 -69
76.0901 -69
76.0901 -69
76.0902 -69
76.0902 -69
76.0902 -69
76.0903 -69
76.0903 -69
76.0904 -69
76.0904 -69
76.0905 -69
76.0905 -69
76.0905 -69
76.0906 -69
76.0906 -69
76.0907 -69
76.0907 -69
76.0908 -69
76.0908 -69
76.0909 -69
76.0909 -69
76.0909 -69
76.091 -69
76.091 -69
76.0911 -69
76.0911 -69
76.0912 -69
76.0912 -69
76.0913 -69
76.0913 -69
76.0913 -69
76.0914 -69
76.0914 -69
76.0915 -69
76.0915 -69
76.0916 -69
76.0916 -69
76.0917 -69
76.0917 -69
76.0918 -69
76.0918 -69
76.0918 -69
76.0919 -69
76.0919 -69
76.092 -69
76.092 -69
76.0921 -69
76.0921 -69
76.0922 -69
76.0922 -69
76.0923 -69
76.0923 -69
76.0924 -69
76.0924 -69
76.0925 -69
76.0925 -69
76.0925 -69
76.0926 -69
76.0926 -69
76.0927 -69
76.0927 -69
76.0928 -69
76.0928 -69
76.0929 -69
76.0929 -69
76.093 -69
76.093 -69
76.0931 -69
76.0931 -69
76.0932 -69
76.0932 -69
76.0933 -69
76.0933 -69
76.0933 -69
76.0934 -69
76.0934 -69
76.0935 -69
76.0935 -69
76.0936 -69
76.0936 -69
76.0937 -69
76.0937 -69
76.0938 -69
76.0938 -69
76.0939 -69
76.0939 -69
76.094 -69
76.094 -69
76.0941 -69
76.0941 -69
76.0942 -69
76.0942 -69
76.0943 -69
76.0943 -69
76.0944 -69
76.0944 -69
76.0945 -69
76.0945 -69
76.0946 -69
76.0946 -69
76.0947 -69
76.0947 -69
76.0948 -69
76.0948 -69
76.0949 -69
76.0949 -69
76.095 -69
76.095 -69
76.0951 -69
76.0951 -69
76.0952 -69
76.0952 -69
76.0953 -69
76.0953 -69
76.0954 -69
76.0954 -69
76.0955 -69
76.0955 -69
76.0956 -69
76.0956 -69
76.0957 -69
76.0957 -69
76.0958 -69
76.0958 -69
76.0959 -69
76.0959 -69
76.096 -69
76.096 -69
76.0961 -69
76.0961 -69
76.0962 -69
76.0962 -69
76.0963 -69
76.0963 -69
76.0964 -69
76.0964 -69
76.0965 -69
76.0966 -69
76.0966 -69
76.0967 -69
76.0967 -69
76.0968 -69
76.0968 -69
76.0969 -69
76.0969 -69
76.097 -69
76.097 -69
76.0971 -69
76.0971 -69
76.0972 -69
76.0972 -69
76.0973 -69
76.0973 -69
76.0974 -69
76.0974 -69
76.0975 -69
76.0976 -69
76.0976 -69
76.0977 -69
76.0977 -69
76.0978 -69
76.0978 -69
76.0979 -69
76.0979 -69
76.098 -69
76.098 -69
76.0981 -69
76.0981 -69
76.0982 -69
76.0983 -69
76.0983 -69
76.0984 -69
76.0984 -69
76.0985 -69
76.0985 -69
76.0986 -69
76.0986 -69
76.0987 -69
76.0987 -69
76.0988 -69
76.0989 -69
76.0989 -69
76.099 -69
76.099 -69
76.0991 -69
76.0991 -69
76.0992 -69
76.0992 -69
76.0993 -69
76.0994 -69
76.0994 -69
76.0995 -69
76.0995 -69
76.0996 -69
76.0996 -69
76.0997 -69
76.0997 -69
76.0998 -69
76.0999 -69
76.0999 -69
76.1 -69
76.1 -69
76.1001 -69
76.1001 -69
76.1002 -69
76.1003 -69
76.1003 -69
76.1004 -69
76.1004 -69
76.1005 -69
76.1005 -69
76.1006 -69
76.1006 -69
76.1007 -69
76.1008 -69
76.1008 -69
76.1009 -69
76.1009 -69
76.101 -69
76.101 -69
76.1011 -69
76.1012 -69
76.1012 -69
76.1013 -69
76.1013 -69
76.1014 -69
76.1015 -69
76.1015 -69
76.1016 -69
76.1016 -69
76.1017 -69
76.1017 -69
76.1018 -69
76.1019 -69
76.1019 -69
76.102 -69
76.102 -69
76.1021 -69
76.1022 -69
76.1022 -69
76.1023 -69
76.1023 -69
76.1024 -69
76.1025 -69
76.1025 -69
76.1026 -69
76.1026 -69
76.1027 -69
76.1027 -69
76.1028 -69
76.1029 -69
76.1029 -69
76.103 -69
76.103 -69
76.1031 -69
76.1032 -69
76.1032 -69
76.1033 -69
76.1033 -69
76.1034 -69
76.1035 -69
76.1035 -69
76.1036 -69
76.1036 -69
76.1037 -69
76.1038 -69
76.1038 -69
76.1039 -69
76.104 -69
76.104 -69
76.1041 -69
76.1041 -69
76.1042 -69
76.1043 -69
76.1043 -69
76.1044 -69
76.1044 -69
76.1045 -69
76.1046 -69
76.1046 -69
76.1047 -69
76.1047 -69
76.1048 -69
76.1049 -69
76.1049 -69
76.105 -69
76.1051 -69
76.1051 -69
76.1052 -69
76.1052 -69
76.1053 -69
76.1054 -69
76.1054 -69
76.1055 -69
76.1056 -69
76.1056 -69
76.1057 -69
76.1057 -69
76.1058 -69
76.1059 -69
76.1059 -69
76.106 -69
76.1061 -69
76.1061 -69
76.1062 -69
76.1062 -69
76.1063 -69
76.1064 -69
76.1064 -69
76.1065 -69
76.1066 -69
76.1066 -69
76.1067 -69
76.1068 -69
76.1068 -69
76.1069 -69
76.1069 -69
76.107 -69
76.1071 -69
76.1071 -69
76.1072 -69
76.1073 -69
76.1073 -69
76.1074 -69
76.1075 -69
76.1075 -69
76.1076 -69
76.1077 -69
76.1077 -69
76.1078 -69
76.1078 -69
76.1079 -69
76.108 -69
76.108 -69
76.1081 -69
76.1082 -69
76.1082 -69
76.1083 -69
76.1084 -69
76.1084 -69
76.1085 -69
76.1086 -69
76.1086 -69
76.1087 -69
76.1088 -69
76.1088 -69
76.1089 -69
76.109 -69
76.109 -69
76.1091 -69
76.1092 -69
76.1092 -69
76.1093 -69
76.1094 -69
76.1094 -69
76.1095 -69
76.1096 -69
76.1096 -69
76.1097 -69
76.1098 -69
76.1098 -69
76.1099 -69
76.11 -69
76.11 -69
76.1101 -69
76.1102 -69
76.1102 -69
76.1103 -69
76.1104 -69
76.1104 -69
76.1105 -69
76.1106 -69
76.1106 -69
76.1107 -69
76.1108 -69
76.1108 -69
76.1109 -69
76.111 -69
76.111 -69
76.1111 -69
76.1112 -69
76.1112 -69
76.1113 -69
76.1114 -69
76.1115 -69
76.1115 -69
76.1116 -69
76.1117 -69
76.1117 -69
76.1118 -69
76.1119 -69
76.1119 -69
76.112 -69
76.1121 -69
76.1121 -69
76.1122 -69
76.1123 -69
76.1123 -69
76.1124 -69
76.1125 -69
76.1126 -69
76.1126 -69
76.1127 -69
76.1128 -69
76.1128 -69
76.1129 -69
76.113 -69
76.113 -69
76.1131 -69
76.1132 -69
76.1133 -69
76.1133 -69
76.1134 -69
76.1135 -69
76.1135 -69
76.1136 -69
76.1137 -69
76.1137 -69
76.1138 -69
76.1139 -69
76.114 -69
76.114 -69
76.1141 -69
76.1142 -69
76.1142 -69
76.1143 -69
76.1144 -69
76.1145 -69
76.1145 -69
76.1146 -69
76.1147 -69
76.1147 -69
76.1148 -69
76.1149 -69
76.115 -69
76.115 -69
76.1151 -69
76.1152 -69
76.1152 -69
76.1153 -69
76.1154 -69
76.1155 -69
76.1155 -69
76.1156 -69
76.1157 -69
76.1158 -69
76.1158 -69
76.1159 -69
76.116 -69
76.116 -69
76.1161 -69
76.1162 -69
76.1163 -69
76.1163 -69
76.1164 -69
76.1165 -69
76.1166 -69
76.1166 -69
76.1167 -69
76.1168 -69
76.1168 -69
76.1169 -69
76.117 -69
76.1171 -69
76.1171 -69
76.1172 -69
76.1173 -69
76.1174 -69
76.1174 -69
76.1175 -69
76.1176 -69
76.1177 -69
76.1177 -69
76.1178 -69
76.1179 -69
76.118 -69
76.118 -69
76.1181 -69
76.1182 -69
76.1183 -69
76.1183 -69
76.1184 -69
76.1185 -69
76.1186 -69
76.1186 -69
76.1187 -69
76.1188 -69
76.1189 -69
76.1189 -69
76.119 -69
76.1191 -69
76.1192 -69
76.1192 -69
76.1193 -69
76.1194 -69
76.1195 -69
76.1195 -69
76.1196 -69
76.1197 -69
76.1198 -69
76.1198 -69
76.1199 -69
76.12 -69
76.1201 -69
76.1201 -69
76.1202 -69
76.1203 -69
76.1204 -69
76.1205 -69
76.1205 -69
76.1206 -69
76.1207 -69
76.1208 -69
76.1208 -69
76.1209 -69
76.121 -69
76.1211 -69
76.1211 -69
76.1212 -69
76.1213 -69
76.1214 -69
76.1215 -69
76.1215 -69
76.1216 -69
76.1217 -69
76.1218 -69
76.1218 -69
76.1219 -69
76.122 -69
76.1221 -69
76.1222 -69
76.1222 -69
76.1223 -69
76.1224 -69
76.1225 -69
76.1225 -69
76.1226 -69
76.1227 -69
76.1228 -69
76.1229 -69
76.1229 -69
76.123 -69
76.1231 -69
76.1232 -69
76.1233 -69
76.1233 -69
76.1234 -69
76.1235 -69
76.1236 -69
76.1237 -69
76.1237 -69
76.1238 -69
76.1239 -69
76.124 -69
76.1241 -69
76.1241 -69
76.1242 -69
76.1243 -69
76.1244 -69
76.1245 -69
76.1245 -69
76.1246 -69
76.1247 -69
76.1248 -69
76.1249 -69
76.1249 -69
76.125 -69
76.1251 -69
76.1252 -69
76.1253 -69
76.1253 -69
76.1254 -69
76.1255 -69
76.1256 -69
76.1257 -69
76.1257 -69
76.1258 -69
76.1259 -69
76.126 -69
76.1261 -69
76.1261 -69
76.1262 -69
76.1263 -69
76.1264 -69
76.1265 -69
76.1266 -69
76.1266 -69
76.1267 -69
76.1268 -69
76.1269 -69
76.127 -69
76.127 -69
76.1271 -69
76.1272 -69
76.1273 -69
76.1274 -69
76.1275 -69
76.1275 -69
76.1276 -69
76.1277 -69
76.1278 -69
76.1279 -69
76.128 -69
76.128 -69
76.1281 -69
76.1282 -69
76.1283 -69
76.1284 -69
76.1285 -69
76.1285 -69
76.1286 -69
76.1287 -69
76.1288 -69
76.1289 -69
76.129 -69
76.129 -69
76.1291 -69
76.1292 -69
76.1293 -69
76.1294 -69
76.1295 -69
76.1295 -69
76.1296 -69
76.1297 -69
76.1298 -69
76.1299 -69
76.13 -69
76.13 -69
76.1301 -69
76.1302 -69
76.1303 -69
76.1304 -69
76.1305 -69
76.1306 -69
76.1306 -69
76.1307 -69
76.1308 -69
76.1309 -69
76.131 -69
76.1311 -69
76.1312 -69
76.1312 -69
76.1313 -69
76.1314 -69
76.1315 -69
76.1316 -69
76.1317 -69
76.1318 -69
76.1318 -69
76.1319 -69
76.132 -69
76.1321 -69
76.1322 -69
76.1323 -69
76.1324 -69
76.1324 -69
76.1325 -69
76.1326 -69
76.1327 -69
76.1328 -69
76.1329 -69
76.133 -69
76.133 -69
76.1331 -69
76.1332 -69
76.1333 -69
76.1334 -69
76.1335 -69
76.1336 -69
76.1337 -69
76.1337 -69
76.1338 -69
76.1339 -69
76.134 -69
76.1341 -69
76.1342 -69
76.1343 -69
76.1344 -69
76.1344 -69
76.1345 -69
76.1346 -69
76.1347 -69
76.1348 -69
76.1349 -69
76.135 -69
76.1351 -69
76.1352 -69
76.1352 -69
76.1353 -69
76.1354 -69
76.1355 -69
76.1356 -69
76.1357 -69
76.1358 -69
76.1359 -69
76.136 -69
76.136 -69
76.1361 -69
76.1362 -69
76.1363 -69
76.1364 -69
76.1365 -69
76.1366 -69
76.1367 -69
76.1368 -69
76.1368 -69
76.1369 -69
76.137 -69
76.1371 -69
76.1372 -69
76.1373 -69
76.1374 -69
76.1375 -69
76.1376 -69
76.1377 -69
76.1377 -69
76.1378 -69
76.1379 -69
76.138 -69
76.1381 -69
76.1382 -69
76.1383 -69
76.1384 -69
76.1385 -69
76.1386 -69
76.1387 -69
76.1387 -69
76.1388 -69
76.1389 -69
76.139 -69
76.1391 -69
76.1392 -69
76.1393 -69
76.1394 -69
76.1395 -69
76.1396 -69
76.1397 -69
76.1398 -69
76.1398 -69
76.1399 -69
76.14 -69
76.1401 -69
76.1402 -69
76.1403 -69
76.1404 -69
76.1405 -69
76.1406 -69
76.1407 -69
76.1408 -69
76.1409 -69
76.141 -69
76.141 -69
76.1411 -69
76.1412 -69
76.1413 -69
76.1414 -69
76.1415 -69
76.1416 -69
76.1417 -69
76.1418 -69
76.1419 -69
76.142 -69
76.1421 -69
76.1422 -69
76.1423 -69
76.1423 -69
76.1424 -69
76.1425 -69
76.1426 -69
76.1427 -69
76.1428 -69
76.1429 -69
76.143 -69
76.1431 -69
76.1432 -69
76.1433 -69
76.1434 -69
76.1435 -69
76.1436 -69
76.1437 -69
76.1438 -69
76.1439 -69
76.144 -69
76.144 -69
76.1441 -69
76.1442 -69
76.1443 -69
76.1444 -69
76.1445 -69
76.1446 -69
76.1447 -69
76.1448 -69
76.1449 -69
76.145 -69
76.1451 -69
76.1452 -69
76.1453 -69
76.1454 -69
76.1455 -69
76.1456 -69
76.1457 -69
76.1458 -69
76.1459 -69
76.146 -69
76.1461 -69
76.1462 -69
76.1462 -69
76.1463 -69
76.1464 -69
76.1465 -69
76.1466 -69
76.1467 -69
76.1468 -69
76.1469 -69
76.147 -69
76.1471 -69
76.1472 -69
76.1473 -69
76.1474 -69
76.1475 -69
76.1476 -69
76.1477 -69
76.1478 -69
76.1479 -69
76.148 -69
76.1481 -69
76.1482 -69
76.1483 -69
76.1484 -69
76.1485 -69
76.1486 -69
76.1487 -69
76.1488 -69
76.1489 -69
76.149 -69
76.1491 -69
76.1492 -69
76.1493 -69
76.1494 -69
76.1495 -69
76.1496 -69
76.1497 -69
76.1498 -69
76.1499 -69
76.15 -69
76.1501 -69
76.1502 -69
76.1503 -69
76.1504 -69
76.1505 -69
76.1506 -69
76.1507 -69
76.1508 -69
76.1509 -69
76.151 -69
76.1511 -69
76.1512 -69
76.1513 -69
76.1514 -69
76.1515 -69
76.1516 -69
76.1517 -69
76.1518 -69
76.1519 -69
76.152 -69
76.1521 -69
76.1522 -69
76.1523 -69
76.1524 -69
76.1525 -69
76.1526 -69
76.1527 -69
76.1528 -69
76.1529 -69
76.153 -69
76.1531 -69
76.1532 -69
76.1533 -69
76.1534 -69
76.1535 -69
76.1536 -69
76.1537 -69
76.1538 -69
76.1539 -69
76.154 -69
76.1541 -69
76.1542 -69
76.1543 -69
76.1544 -69
76.1545 -69
76.1546 -69
76.1547 -69
76.1548 -69
76.1549 -69
76.155 -69
76.1551 -69
76.1552 -69
76.1553 -69
76.1554 -69
76.1555 -69
76.1556 -69
76.1557 -69
76.1558 -69
76.1559 -69
76.156 -69
76.1561 -69
76.1562 -69
76.1563 -69
76.1564 -69
76.1565 -69
76.1566 -69
76.1567 -69
76.1568 -69
76.1569 -69
76.1571 -69
76.1572 -69
76.1573 -69
76.1574 -69
76.1575 -69
76.1576 -69
76.1577 -69
76.1578 -69
76.1579 -69
76.158 -69
76.1581 -69
76.1582 -69
76.1583 -69
76.1584 -69
76.1585 -69
76.1586 -69
76.1587 -69
76.1588 -69
76.1589 -69
76.159 -69
76.1591 -69
76.1592 -69
76.1593 -69
76.1595 -69
76.1596 -69
76.1597 -69
76.1598 -69
76.1599 -69
76.16 -69
76.1601 -69
76.1602 -69
76.1603 -69
76.1604 -69
76.1605 -69
76.1606 -69
76.1607 -69
76.1608 -69
76.1609 -69
76.161 -69
76.1611 -69
76.1612 -69
76.1614 -69
76.1615 -69
76.1616 -69
76.1617 -69
76.1618 -69
76.1619 -69
76.162 -69
76.1621 -69
76.1622 -69
76.1623 -69
76.1624 -69
76.1625 -69
76.1626 -69
76.1627 -69
76.1629 -69
76.163 -69
76.1631 -69
76.1632 -69
76.1633 -69
76.1634 -69
76.1635 -69
76.1636 -69
76.1637 -69
76.1638 -69
76.1639 -69
76.164 -69
76.1641 -69
76.1643 -69
76.1644 -69
76.1645 -69
76.1646 -69
76.1647 -69
76.1648 -69
76.1649 -69
76.165 -69
76.1651 -69
76.1652 -69
76.1653 -69
76.1654 -69
76.1656 -69
76.1657 -69
76.1658 -69
76.1659 -69
76.166 -69
76.1661 -69
76.1662 -69
76.1663 -69
76.1664 -69
76.1665 -69
76.1666 -69
76.1668 -69
76.1669 -69
76.167 -69
76.1671 -69
76.1672 -69
76.1673 -69
76.1674 -69
76.1675 -69
76.1676 -69
76.1677 -69
76.1679 -69
76.168 -69
76.1681 -69
76.1682 -69
76.1683 -69
76.1684 -69
76.1685 -69
76.1686 -69
76.1687 -69
76.1689 -69
76.169 -69
76.1691 -69
76.1692 -69
76.1693 -69
76.1694 -69
76.1695 -69
76.1696 -69
76.1697 -69
76.1699 -69
76.17 -69
76.1701 -69
76.1702 -69
76.1703 -69
76.1704 -69
76.1705 -69
76.1706 -69
76.1707 -69
76.1709 -69
76.171 -69
76.1711 -69
76.1712 -69
76.1713 -69
76.1714 -69
76.1715 -69
76.1716 -69
76.1718 -69
76.1719 -69
76.172 -69
76.1721 -69
76.1722 -69
76.1723 -69
76.1724 -69
76.1725 -69
76.1727 -69
76.1728 -69
76.1729 -69
76.173 -69
76.1731 -69
76.1732 -69
76.1733 -69
76.1735 -69
76.1736 -69
76.1737 -69
76.1738 -69
76.1739 -69
76.174 -69
76.1741 -69
76.1743 -69
76.1744 -69
76.1745 -69
76.1746 -69
76.1747 -69
76.1748 -69
76.1749 -69
76.1751 -69
76.1752 -69
76.1753 -69
76.1754 -69
76.1755 -69
76.1756 -69
76.1757 -69
76.1759 -69
76.176 -69
76.1761 -69
76.1762 -69
76.1763 -69
76.1764 -69
76.1765 -69
76.1767 -69
76.1768 -69
76.1769 -69
76.177 -69
76.1771 -69
76.1772 -69
76.1774 -69
76.1775 -69
76.1776 -69
76.1777 -69
76.1778 -69
76.1779 -69
76.1781 -69
76.1782 -69
76.1783 -69
76.1784 -69
76.1785 -69
76.1786 -69
76.1788 -69
76.1789 -69
76.179 -69
76.1791 -69
76.1792 -69
76.1793 -69
76.1795 -69
76.1796 -69
76.1797 -69
76.1798 -69
76.1799 -69
76.18 -69
76.1802 -69
76.1803 -69
76.1804 -69
76.1805 -69
76.1806 -69
76.1807 -69
76.1809 -69
76.181 -69
76.1811 -69
76.1812 -69
76.1813 -69
76.1815 -69
76.1816 -69
76.1817 -69
76.1818 -69
76.1819 -69
76.1821 -69
76.1822 -69
76.1823 -69
76.1824 -69
76.1825 -69
76.1826 -69
76.1828 -69
76.1829 -69
76.183 -69
76.1831 -69
76.1832 -69
76.1834 -69
76.1835 -69
76.1836 -69
76.1837 -69
76.1838 -69
76.184 -69
76.1841 -69
76.1842 -69
76.1843 -69
76.1844 -69
76.1846 -69
76.1847 -69
76.1848 -69
76.1849 -69
76.185 -69
76.1852 -69
76.1853 -69
76.1854 -69
76.1855 -69
76.1856 -69
76.1858 -69
76.1859 -69
76.186 -69
76.1861 -69
76.1862 -69
76.1864 -69
76.1865 -69
76.1866 -69
76.1867 -69
76.1868 -69
76.187 -69
76.1871 -69
76.1872 -69
76.1873 -69
76.1875 -69
76.1876 -69
76.1877 -69
76.1878 -69
76.1879 -69
76.1881 -69
76.1882 -69
76.1883 -69
76.1884 -69
76.1886 -69
76.1887 -69
76.1888 -69
76.1889 -69
76.189 -69
76.1892 -69
76.1893 -69
76.1894 -69
76.1895 -69
76.1897 -69
76.1898 -69
76.1899 -69
76.19 -69
76.1901 -69
76.1903 -69
76.1904 -69
76.1905 -69
76.1906 -69
76.1908 -69
76.1909 -69
76.191 -69
76.1911 -69
76.1913 -69
76.1914 -69
76.1915 -69
76.1916 -69
76.1918 -69
76.1919 -69
76.192 -69
76.1921 -69
76.1922 -69
76.1924 -69
76.1925 -69
76.1926 -69
76.1927 -69
76.1929 -69
76.193 -69
76.1931 -69
76.1932 -69
76.1934 -69
76.1935 -69
76.1936 -69
76.1937 -69
76.1939 -69
76.194 -69
76.1941 -69
76.1942 -69
76.1944 -69
76.1945 -69
76.1946 -69
76.1947 -69
76.1949 -69
76.195 -69
76.1951 -69
76.1952 -69
76.1954 -69
76.1955 -69
76.1956 -69
76.1958 -69
76.1959 -69
76.196 -69
76.1961 -69
76.1963 -69
76.1964 -69
76.1965 -69
76.1966 -69
76.1968 -69
76.1969 -69
76.197 -69
76.1971 -69
76.1973 -69
76.1974 -69
76.1975 -69
76.1977 -69
76.1978 -69
76.1979 -69
76.198 -69
76.1982 -69
76.1983 -69
76.1984 -69
76.1985 -69
76.1987 -69
76.1988 -69
76.1989 -69
76.1991 -69
76.1992 -69
76.1993 -69
76.1994 -69
76.1996 -69
76.1997 -69
76.1998 -69
76.1999 -69
76.2001 -69
76.2002 -69
76.2003 -69
76.2005 -69
76.2006 -69
76.2007 -69
76.2008 -69
76.201 -69
76.2011 -69
76.2012 -69
76.2014 -69
76.2015 -69
76.2016 -69
76.2018 -69
76.2019 -69
76.202 -69
76.2021 -69
76.2023 -69
76.2024 -69
76.2025 -69
76.2027 -69
76.2028 -69
76.2029 -69
76.203 -69
76.2032 -69
76.2033 -69
76.2034 -69
76.2036 -69
76.2037 -69
76.2038 -69
76.204 -69
76.2041 -69
76.2042 -69
76.2043 -69
76.2045 -69
76.2046 -69
76.2047 -69
76.2049 -69
76.205 -69
76.2051 -69
76.2053 -69
76.2054 -69
76.2055 -69
76.2057 -69
76.2058 -69
76.2059 -69
76.2061 -69
76.2062 -69
76.2063 -69
76.2064 -69
76.2066 -69
76.2067 -69
76.2068 -69
76.207 -69
76.2071 -69
76.2072 -69
76.2074 -69
76.2075 -69
76.2076 -69
76.2078 -69
76.2079 -69
76.208 -69
76.2082 -69
76.2083 -69
76.2084 -69
76.2086 -69
76.2087 -69
76.2088 -69
76.209 -69
76.2091 -69
76.2092 -69
76.2094 -69
76.2095 -69
76.2096 -69
76.2098 -69
76.2099 -69
76.21 -69
76.2102 -69
76.2103 -69
76.2104 -69
76.2106 -69
76.2107 -69
76.2108 -69
76.211 -69
76.2111 -69
76.2112 -69
76.2114 -69
76.2115 -69
76.2116 -69
76.2118 -69
76.2119 -69
76.212 -69
76.2122 -69
76.2123 -69
76.2124 -69
76.2126 -69
76.2127 -69
76.2128 -69
76.213 -69
76.2131 -69
76.2132 -69
76.2134 -69
76.2135 -69
76.2137 -69
76.2138 -69
76.2139 -69
76.2141 -69
76.2142 -69
76.2143 -69
76.2145 -69
76.2146 -69
76.2147 -69
76.2149 -69
76.215 -69
76.2151 -69
76.2153 -69
76.2154 -69
76.2156 -69
76.2157 -69
76.2158 -69
76.216 -69
76.2161 -69
76.2162 -69
76.2164 -69
76.2165 -69
76.2166 -69
76.2168 -69
76.2169 -69
76.2171 -69
76.2172 -69
76.2173 -69
76.2175 -69
76.2176 -69
76.2177 -69
76.2179 -69
76.218 -69
76.2181 -69
76.2183 -69
76.2184 -69
76.2186 -69
76.2187 -69
76.2188 -69
76.219 -69
76.2191 -69
76.2193 -69
76.2194 -69
76.2195 -69
76.2197 -69
76.2198 -69
76.2199 -69
76.2201 -69
76.2202 -69
76.2204 -69
76.2205 -69
76.2206 -69
76.2208 -69
76.2209 -69
76.2211 -69
76.2212 -69
76.2213 -69
76.2215 -69
76.2216 -69
76.2217 -69
76.2219 -69
76.222 -69
76.2222 -69
76.2223 -69
76.2224 -69
76.2226 -69
76.2227 -69
76.2229 -69
76.223 -69
76.2231 -69
76.2233 -69
76.2234 -69
76.2236 -69
76.2237 -69
76.2238 -69
76.224 -69
76.2241 -69
76.2243 -69
76.2244 -69
76.2245 -69
76.2247 -69
76.2248 -69
76.225 -69
76.2251 -69
76.2252 -69
76.2254 -69
76.2255 -69
76.2257 -69
76.2258 -69
76.226 -69
76.2261 -69
76.2262 -69
76.2264 -69
76.2265 -69
76.2267 -69
76.2268 -69
76.2269 -69
76.2271 -69
76.2272 -69
76.2274 -69
76.2275 -69
76.2276 -69
76.2278 -69
