0.1 0.590971
0.2 1.1934
0.3 1.78011
0.4 2.37344
0.5 2.96675
0.6 3.56003
0.7 4.1533
0.8 4.74655
0.9 5.33975
1 5.93288
0.606484 6.5018
1.20812 7.14733
1.81032 7.78994
2.41249 8.43162
3.01447 9.07318
3.61595 9.71593
4.21731 10.3578
4.81879 10.9988
5.42033 11.6394
6.0214 12.2802
6.62155 12.9232
7.22198 13.563
7.82199 14.2034
8.42138 14.8449
9.02076 15.4863
9.61881 16.1284
10.2193 16.7688
10.818 17.409
11.4174 18.0478
12.0164 18.6868
12.6154 19.3252
13.2142 19.9631
13.8129 20.6006
14.4113 21.2384
15.0095 21.8756
15.6075 22.5132
16.2051 23.1498
16.8028 23.7867
17.4002 24.4234
17.9974 25.0598
18.5943 25.6969
19.191 26.333
19.7876 26.9692
20.3836 27.6054
20.9797 28.2414
21.5755 28.8774
22.1707 29.5141
22.7652 30.1513
23.3579 30.7944
23.9525 31.4301
24.5471 32.0659
25.1416 32.7015
25.7359 33.337
26.33 33.9724
26.9239 34.6076
27.5175 35.2428
28.1109 35.8778
28.7041 36.5127
29.2971 37.1476
29.8899 37.7822
30.4824 38.4168
31.0747 39.0513
31.6668 39.6856
32.2587 40.3198
32.8502 40.9542
33.4407 41.5922
34.0324 42.2233
34.6233 42.8571
35.2141 43.4907
35.8046 44.1243
36.3949 44.7577
36.9849 45.391
37.5747 46.0242
38.1643 46.6573
38.7537 47.2903
39.3428 47.9231
39.9317 48.5558
40.5203 49.1884
41.1088 49.8209
41.697 50.4532
42.2849 51.0854
42.8717 51.7237
43.46 52.3501
44.0473 52.982
44.6343 53.6138
45.2201 54.2518
45.8066 54.8836
46.3929 55.5153
46.9789 56.1469
47.5646 56.7794
48.1501 57.4107
48.7354 58.0419
49.3205 58.673
49.9053 59.304
50.4898 59.9349
51.0741 60.5656
51.6582 61.1963
52.242 61.8268
52.8256 62.4572
53.4089 63.0874
53.992 63.7176
54.5748 64.3476
55.1573 64.9775
55.7396 65.6073
56.3217 66.2369
56.9035 66.8664
57.4862 67.4847
58.0664 68.1247
58.6485 68.7424
59.2203 69
59.7167 69
59.9288 69
60.151 69
60.3728 69
60.5943 69
60.8155 69
61.0364 69
61.254 69
61.4742 69
61.6936 69
61.9116 69
62.1243 69
62.3412 69
62.5578 69
62.7741 69
62.9901 69
63.2057 69
63.421 69
63.6326 69
63.8338 69
64.0248 69
64.1818 69
64.2478 69
64.3167 69
64.3836 69
64.4476 69
64.5072 69
64.5613 69
64.609 69
64.6543 69
64.6922 69
64.7234 69
64.753 69
64.7816 69
64.8094 69
64.8363 69
64.8631 69
64.8895 69
64.9155 69
64.9414 69
64.9672 69
64.9928 69
65.0184 69
65.0437 69
65.0689 69
65.094 69
65.119 69
65.1438 69
65.1685 69
65.193 69
65.2174 69
65.2416 69
65.2657 69
65.2897 69
65.3135 69
65.3372 69
65.3607 69
65.384 69
65.4073 69
65.4303 69
65.4532 69
65.476 69
65.4986 69
65.5211 69
65.5434 69
65.5655 69
65.5875 69
65.6093 69
65.631 69
65.6525 69
65.6738 69
65.695 69
65.716 69
65.7368 69
65.7575 69
65.778 69
65.7983 69
65.8185 69
65.8385 69
65.8583 69
65.878 69
65.8974 69
65.9167 69
65.9358 69
65.9547 69
65.9735 69
65.9921 69
66.0104 69
66.0285 69
66.046 69
66.0632 69
66.0803 69
66.0973 69
66.1136 69
66.1288 69
66.1439 69
66.1587 69
66.1732 69
66.1874 69
66.2015 69
66.2154 69
66.2276 69
66.239 69
66.2502 69
66.2613 69
66.2722 69
66.283 69
66.2936 69
66.304 69
66.3142 69
66.3238 69
66.3321 69
66.3395 69
66.3467 69
66.3538 69
66.3608 69
66.3672 69
66.3724 69
66.3776 69
66.3826 69
66.3875 69
66.3921 69
66.3965 69
66.4005 69
66.4044 69
66.4069 69
66.4093 69
66.4111 69
66.4129 69
66.4146 69
66.416 69
66.4165 69
66.4169 69
66.4173 69
66.4175 69
66.4176 69
66.417 69
66.415 69
66.4129 69
66.4106 69
66.4083 69
66.4059 69
66.4034 69
66.4005 69
66.3969 69
66.3931 69
66.3889 69
66.3847 69
66.3801 69
66.3753 69
66.3704 69
66.3654 69
66.3604 69
66.3553 69
66.3501 69
66.3448 69
66.3394 69
66.3337 69
66.328 69
66.3221 69
66.3162 69
66.3102 69
66.3041 69
66.2979 69
66.2916 69
66.2853 69
66.2783 69
66.2712 69
66.2639 69
66.2566 69
66.2492 69
66.2411 69
66.2327 69
66.2242 69
66.2156 69
66.2068 69
66.198 69
66.1891 69
66.18 69
66.1704 69
66.1589 69
66.1465 69
66.1339 69
66.1212 69
66.1083 69
66.0953 69
66.0826 69
66.0698 69
66.0569 69
66.0438 69
66.0306 69
66.0173 69
66.0038 69
65.9902 69
65.976 69
65.9602 69
65.9442 69
65.9287 69
65.9138 69
65.8989 69
65.8838 69
65.8687 69
65.8534 69
65.8377 69
65.8217 69
65.8056 69
65.7892 69
65.7727 69
65.7561 69
65.7393 69
65.7224 69
65.7055 69
65.6884 69
65.671 69
65.6536 69
65.636 69
65.6183 69
65.6005 69
65.5826 69
65.5646 69
65.5465 69
65.5282 69
65.509 69
65.4888 69
65.4686 69
65.4482 69
65.4274 69
65.4064 69
65.3853 69
65.364 69
65.3427 69
65.3208 69
65.2987 69
65.2765 69
65.2534 69
65.2297 69
65.206 69
65.1822 69
65.1583 69
65.1346 69
65.1122 69
65.0896 69
65.0656 69
65.0414 69
65.017 69
64.9925 69
64.9678 69
64.943 69
64.918 69
64.8923 69
64.8659 69
64.8394 69
64.8127 69
64.7859 69
64.7589 69
64.7345 69
64.7102 69
64.6857 69
64.6608 69
64.6352 69
64.6095 69
64.5836 69
64.5574 69
64.531 69
64.5036 69
64.4759 69
64.4479 69
64.4197 69
64.3911 69
64.3622 69
64.333 69
64.305 69
64.2813 69
64.2579 69
64.2343 69
64.2102 69
64.1858 69
64.1612 69
64.1365 69
64.1115 69
64.0863 69
64.0608 69
64.039 69
64.0178 69
63.9965 69
63.9751 69
63.9536 69
63.9321 69
63.9106 69
63.8908 69
63.871 69
63.8511 69
63.8312 69
63.8113 69
63.7913 69
63.7712 69
63.7511 69
63.731 69
63.7118 69
63.6931 69
63.6743 69
63.6554 69
63.6362 69
63.6163 69
63.5964 69
63.5764 69
63.5568 69
63.5389 69
63.5209 69
63.5029 69
63.4849 69
63.4666 69
63.4478 69
63.4293 69
63.4107 69
63.3922 69
63.374 69
63.3558 69
63.3376 69
63.3216 69
63.3061 69
63.2907 69
63.2755 69
63.2602 69
63.245 69
63.2298 69
63.2145 69
63.1992 69
63.1839 69
63.1708 69
63.1589 69
63.147 69
63.1351 69
63.1232 69
63.1113 69
63.0996 69
63.0886 69
63.0776 69
63.0666 69
63.0556 69
63.0458 69
63.036 69
63.0262 69
63.0164 69
63.0066 69
62.9968 69
62.9869 69
62.9771 69
62.9684 69
62.9596 69
62.9509 69
62.9426 69
62.9344 69
62.9266 69
62.9189 69
62.9112 69
62.9035 69
62.8962 69
62.8896 69
62.883 69
62.8764 69
62.8698 69
62.8632 69
62.8565 69
62.8499 69
62.8433 69
62.8373 69
62.8321 69
62.8269 69
62.8216 69
62.8164 69
62.8111 69
62.8059 69
62.8006 69
62.7961 69
62.7919 69
62.7878 69
62.7837 69
62.7795 69
62.7753 69
62.7716 69
62.7678 69
62.7641 69
62.7603 69
62.7566 69
62.7528 69
62.7491 69
62.7453 69
62.7415 69
62.7377 69
62.7339 69
62.7301 69
62.7263 69
62.7225 69
62.7187 69
62.7149 69
62.711 69
62.7072 69
62.7033 69
62.6995 69
62.6956 69
62.6917 69
62.6879 69
62.684 69
62.6801 69
62.6762 69
62.6723 69
62.6684 69
62.6644 69
62.6605 69
62.6565 69
62.6526 69
62.6486 69
62.6447 69
62.6407 69
62.6367 69
62.6325 69
62.6283 69
62.6242 69
62.6203 69
62.6164 69
62.6125 69
62.6086 69
62.6048 69
62.6009 69
62.597 69
62.5931 69
62.5891 69
62.5852 69
62.5815 69
62.5781 69
62.5747 69
62.5713 69
62.5679 69
62.5645 69
62.5611 69
62.5577 69
62.5542 69
62.5508 69
62.5473 69
62.5439 69
62.5404 69
62.5369 69
62.5333 69
62.5297 69
62.5266 69
62.5237 69
62.5207 69
62.5178 69
62.5148 69
62.5118 69
62.5088 69
62.5059 69
62.5029 69
62.4999 69
62.4969 69
62.4939 69
62.4908 69
62.4878 69
62.4848 69
62.4823 69
62.4798 69
62.4773 69
62.4748 69
62.4722 69
62.4695 69
62.467 69
62.4644 69
62.4618 69
62.4591 69
62.4566 69
62.4542 69
62.4517 69
62.4492 69
62.4466 69
62.4441 69
62.4416 69
62.4392 69
62.4373 69
62.4355 69
62.4336 69
62.4317 69
62.4298 69
62.4279 69
62.4261 69
62.4242 69
62.4223 69
62.4204 69
62.4181 69
62.4155 69
62.413 69
62.4104 69
62.4078 69
62.4053 69
62.4027 69
62.4001 69
62.3981 69
62.3963 69
62.3944 69
62.3925 69
62.3906 69
62.3887 69
62.3867 69
62.3847 69
62.3827 69
62.3807 69
62.3787 69
62.3767 69
62.3747 69
62.3727 69
62.3707 69
62.3687 69
62.3667 69
62.3653 69
62.3639 69
62.3625 69
62.3611 69
62.3597 69
62.3583 69
62.3569 69
62.3555 69
62.3541 69
62.3526 69
62.3512 69
62.3498 69
62.3487 69
62.3475 69
62.3463 69
62.3451 69
62.3439 69
62.3428 69
62.3416 69
62.3404 69
62.3392 69
62.3381 69
62.3369 69
62.3357 69
62.3345 69
62.3333 69
62.3322 69
62.3306 69
62.329 69
62.3273 69
62.3257 69
62.324 69
62.3223 69
62.3206 69
62.3188 69
62.3171 69
62.3154 69
62.3137 69
62.312 69
62.3103 69
62.3086 69
62.3069 69
62.3052 69
62.3034 69
62.3017 69
62.3 69
62.2983 69
62.2966 69
62.2949 69
62.2932 69
62.2915 69
62.2898 69
62.2881 69
62.2863 69
62.2846 69
62.2829 69
62.2812 69
62.2795 69
62.2778 69
62.2761 69
62.2744 69
62.2727 69
62.2709 69
62.2692 69
62.2678 69
62.2665 69
62.2651 69
62.2638 69
62.2624 69
62.261 69
62.2597 69
62.2583 69
62.257 69
62.2556 69
62.2542 69
62.2529 69
62.2515 69
62.2502 69
62.2488 69
62.2474 69
62.2461 69
62.2447 69
62.2434 69
62.242 69
62.2406 69
62.2393 69
62.2379 69
62.2366 69
62.2352 69
62.2338 69
62.2325 69
62.2311 69
62.2297 69
62.2284 69
62.227 69
62.2262 69
62.2253 69
62.2245 69
62.2237 69
62.2228 69
62.222 69
62.2211 69
62.2203 69
62.2194 69
62.2186 69
62.2177 69
62.2169 69
62.216 69
62.2152 69
62.2143 69
62.2135 69
62.2126 69
62.2118 69
62.211 69
62.2101 69
62.2093 69
62.2084 69
62.2076 69
62.2067 69
62.2059 69
62.205 69
62.2042 69
62.2034 69
62.2025 69
62.2017 69
62.2008 69
62.2 69
62.1991 69
62.1983 69
62.1974 69
62.1966 69
62.1957 69
62.1949 69
62.194 69
62.1931 69
62.1923 69
62.1915 69
62.1906 69
62.1898 69
62.1881 69
62.1864 69
62.1848 69
62.1833 69
62.1819 69
62.1804 69
62.1789 69
62.1774 69
62.1759 69
62.1744 69
62.173 69
62.1715 69
62.17 69
62.1685 69
62.1673 69
62.1666 69
62.1658 69
62.165 69
62.1643 69
62.1635 69
62.1627 69
62.162 69
62.1612 69
62.1605 69
62.1597 69
62.1589 69
62.1582 69
62.1574 69
62.1566 69
62.1559 69
62.1551 69
62.1544 69
62.1536 69
62.1528 69
62.1521 69
62.1513 69
62.1506 69
62.1498 69
62.149 69
62.1483 69
62.1475 69
62.1468 69
62.146 69
62.1457 69
62.1451 69
62.1454 69
62.1452 69
62.1452 69
62.1448 69
62.1465 69
62.1443 69
62.1426 69
62.1421 69
62.141 69
62.1402 69
62.1393 69
62.1382 69
62.1371 69
62.1358 69
62.135 69
62.1335 69
62.1319 69
62.1179 69
61.9808 69
62.0218 69
62.07 69
62.1035 69
62.1029 69
62.1029 69
62.1029 69
62.1029 69
62.1028 69
62.1028 69
62.1027 69
62.1025 69
62.1024 69
62.1022 69
62.1021 69
62.102 69
62.1018 69
62.1016 69
62.1015 69
62.1013 69
62.1012 69
62.101 69
62.1009 69
62.1007 69
62.1003 69
62.0998 69
62.0994 69
62.099 69
62.0986 69
62.0982 69
62.0977 69
62.0973 69
62.0969 69
62.0965 69
62.096 69
62.0956 69
62.0952 69
62.0948 69
62.0944 69
62.0939 69
62.0935 69
62.0931 69
62.0927 69
62.0922 69
62.0918 69
62.0914 69
62.091 69
62.0906 69
62.0901 69
62.0897 69
62.0893 69
62.0889 69
62.0885 69
62.088 69
62.0876 69
62.0872 69
62.0868 69
62.0864 69
62.0859 69
62.0855 69
62.0851 69
62.0847 69
62.0843 69
62.0838 69
62.0834 69
62.083 69
62.0826 69
62.0822 69
62.0818 69
62.0813 69
62.0809 69
62.0805 69
62.0801 69
62.0797 69
62.0793 69
62.0788 69
62.0784 69
62.078 69
62.0776 69
62.0772 69
62.0768 69
62.0763 69
62.0759 69
62.0755 69
62.0751 69
62.0747 69
62.0743 69
62.0739 69
62.0734 69
62.073 69
62.0726 69
62.0722 69
62.0718 69
62.0714 69
62.071 69
62.0705 69
62.0701 69
62.0697 69
62.0693 69
62.0689 69
62.0685 69
62.0681 69
62.0676 69
62.0672 69
62.0668 69
62.0664 69
62.066 69
62.0656 69
62.0652 69
62.0648 69
62.0644 69
62.0639 69
62.0635 69
62.0631 69
62.0627 69
62.0623 69
62.0619 69
62.0615 69
62.0611 69
62.0607 69
62.0602 69
62.0598 69
62.0594 69
62.059 69
62.0586 69
62.0582 69
62.0578 69
62.0574 69
62.057 69
62.0566 69
62.0562 69
62.0558 69
62.0553 69
62.0549 69
62.0545 69
62.0541 69
62.0537 69
62.0533 69
62.0529 69
62.0525 69
62.0521 69
62.0517 69
62.0513 69
62.0509 69
62.0505 69
62.0501 69
62.0496 69
62.0492 69
62.0488 69
62.0484 69
62.048 69
62.0476 69
62.0472 69
62.0468 69
62.0464 69
62.046 69
62.0456 69
62.0452 69
62.0448 69
62.0444 69
62.044 69
62.0436 69
62.0432 69
62.0428 69
62.0424 69
62.042 69
62.0416 69
62.0412 69
62.0408 69
62.0404 69
62.0399 69
62.0395 69
62.0391 69
62.0387 69
62.0383 69
62.0379 69
62.0375 69
62.0371 69
62.0367 69
62.0363 69
62.0359 69
62.0355 69
62.0351 69
62.0347 69
62.0343 69
62.0339 69
62.0335 69
62.0331 69
62.0327 69
62.0323 69
62.0319 69
62.0315 69
62.0311 69
62.0307 69
62.0303 69
62.0299 69
62.0295 69
62.0291 69
62.0287 69
62.0283 69
62.0279 69
62.0276 69
62.0272 69
62.0268 69
62.0264 69
62.026 69
62.0256 69
62.0252 69
62.0248 69
62.0244 69
62.024 69
62.0236 69
62.0232 69
62.0228 69
62.0224 69
62.022 69
62.0216 69
62.0212 69
62.0208 69
62.0204 69
62.02 69
62.0196 69
62.0192 69
62.0188 69
62.0184 69
62.0181 69
62.0177 69
62.0173 69
62.0169 69
62.0165 69
62.0161 69
62.0157 69
62.0153 69
62.0149 69
62.0145 69
62.0141 69
62.0137 69
62.0133 69
62.0129 69
62.0126 69
62.0122 69
62.0118 69
62.0114 69
62.011 69
62.0106 69
62.0102 69
62.0098 69
62.0094 69
62.009 69
62.0086 69
62.0083 69
62.0079 69
62.0075 69
62.0071 69
62.0067 69
62.0063 69
62.0059 69
62.0055 69
62.0051 69
62.0047 69
62.0044 69
62.004 69
62.0036 69
62.0032 69
62.0028 69
62.0024 69
62.002 69
62.0016 69
62.0013 69
62.0009 69
62.0005 69
62.0001 69
61.9997 69
61.9993 69
61.9989 69
61.9985 69
61.9982 69
61.9978 69
61.9974 69
61.997 69
61.9966 69
61.9962 69
61.9958 69
61.9954 69
61.9951 69
61.9947 69
61.9943 69
61.9939 69
61.9935 69
61.9931 69
61.9927 69
61.9924 69
61.992 69
61.9916 69
61.9912 69
61.9908 69
61.9904 69
61.9901 69
61.9897 69
61.9893 69
61.9889 69
61.9885 69
61.9881 69
61.9878 69
61.9874 69
61.987 69
61.9866 69
61.9862 69
61.9858 69
61.9855 69
61.9851 69
61.9847 69
61.9843 69
61.9839 69
61.9836 69
61.9832 69
61.9828 69
61.9824 69
61.982 69
61.9817 69
61.9813 69
61.9809 69
61.9805 69
61.9801 69
61.9798 69
61.9794 69
61.979 69
61.9786 69
61.9782 69
61.9779 69
61.9775 69
61.9771 69
61.9767 69
61.9763 69
61.976 69
61.9756 69
61.9752 69
61.9748 69
61.9745 69
61.9741 69
61.9737 69
61.9733 69
61.9729 69
61.9726 69
61.9722 69
61.9718 69
61.9714 69
61.9711 69
61.9707 69
61.9703 69
61.9699 69
61.9696 69
61.9692 69
61.9688 69
61.9684 69
61.9681 69
61.9677 69
61.9673 69
61.9669 69
61.9666 69
61.9662 69
61.9658 69
61.9654 69
61.9651 69
61.9647 69
61.9643 69
61.9639 69
61.9636 69
61.9632 69
61.9628 69
61.9624 69
61.9621 69
61.9617 69
61.9613 69
61.961 69
61.9606 69
61.9602 69
61.9598 69
61.9595 69
61.9591 69
61.9587 69
61.9583 69
61.958 69
61.9576 69
61.9572 69
61.9569 69
61.9565 69
61.9561 69
61.9558 69
61.9554 69
61.955 69
61.9546 69
61.9543 69
61.9539 69
61.9535 69
61.9532 69
61.9528 69
61.9524 69
61.9521 69
61.9517 69
61.9513 69
61.951 69
61.9506 69
61.9502 69
61.9499 69
61.9495 69
61.9491 69
61.9487 69
61.9484 69
61.948 69
61.9476 69
61.9473 69
61.9469 69
61.9465 69
61.9462 69
61.9458 69
61.9454 69
61.9451 69
61.9447 69
61.9443 69
61.944 69
61.9436 69
61.9433 69
61.9429 69
61.9425 69
61.9422 69
61.9418 69
61.9414 69
61.9411 69
61.9407 69
61.9403 69
61.94 69
61.9396 69
61.9392 69
61.9389 69
61.9385 69
61.9382 69
61.9378 69
61.9374 69
61.9371 69
61.9367 69
61.9363 69
61.936 69
61.9356 69
61.9353 69
61.9349 69
61.9345 69
61.9342 69
61.9338 69
61.9334 69
61.9331 69
61.9327 69
61.9324 69
61.932 69
61.9316 69
61.9313 69
61.9309 69
61.9306 69
61.9302 69
61.9298 69
61.9295 69
61.9291 69
61.9288 69
61.9284 69
61.928 69
61.9277 69
61.9273 69
61.927 69
61.9266 69
61.9263 69
61.9259 69
61.9255 69
61.9252 69
61.9248 69
61.9245 69
61.9241 69
61.9238 69
61.9234 69
61.923 69
61.9227 69
61.9223 69
61.922 69
61.9216 69
61.9213 69
61.9209 69
61.9205 69
61.9202 69
61.9198 69
61.9195 69
61.9191 69
61.9188 69
61.9184 69
61.9181 69
61.9177 69
61.9173 69
61.917 69
61.9166 69
61.9163 69
61.9159 69
61.9156 69
61.9152 69
61.9149 69
61.9145 69
61.9142 69
61.9138 69
61.9135 69
61.9131 69
61.9128 69
61.9124 69
61.912 69
61.9117 69
61.9113 69
61.911 69
61.9106 69
61.9103 69
61.9099 69
61.9096 69
61.9092 69
61.9089 69
61.9085 69
61.9082 69
61.9078 69
61.9075 69
61.9071 69
61.9068 69
61.9064 69
61.9061 69
61.9057 69
61.9054 69
61.905 69
61.9047 69
61.9043 69
61.904 69
61.9036 69
61.9033 69
61.9029 69
61.9026 69
61.9022 69
61.9019 69
61.9015 69
61.9012 69
61.9009 69
61.9005 69
61.9002 69
61.8998 69
61.8995 69
61.8991 69
61.8988 69
61.8984 69
61.8981 69
61.8977 69
61.8974 69
61.897 69
61.8967 69
61.8964 69
61.8961 69
61.8957 69
61.8954 69
61.8951 69
61.8948 69
61.8945 69
61.8942 69
61.8939 69
61.8936 69
61.8933 69
61.893 69
61.8927 69
61.8924 69
61.892 69
61.8917 69
61.8914 69
61.8911 69
61.8908 69
61.8905 69
61.8902 69
61.8899 69
61.8896 69
61.8893 69
61.889 69
61.8887 69
61.8884 69
61.888 69
61.8877 69
61.8874 69
61.8871 69
61.8868 69
61.8865 69
61.8862 69
61.886 69
61.8857 69
61.8855 69
61.8852 69
61.885 69
61.8847 69
61.8845 69
61.8843 69
61.884 69
61.8838 69
61.8835 69
61.8833 69
61.883 69
61.8828 69
61.8826 69
61.8823 69
61.8821 69
61.8818 69
61.8816 69
61.8814 69
61.8811 69
61.8809 69
61.8806 69
61.8804 69
61.8802 69
61.8799 69
61.8797 69
61.8794 69
61.8792 69
61.879 69
61.8787 69
61.8785 69
61.8782 69
61.878 69
61.8778 69
61.8775 69
61.8773 69
61.877 69
61.8768 69
61.8766 69
61.8763 69
61.8761 69
61.8759 69
61.8756 69
61.8754 69
61.8751 69
61.8749 69
61.8747 69
61.8745 69
61.8743 69
61.8742 69
61.874 69
61.8738 69
61.8737 69
61.8735 69
61.8734 69
61.8732 69
61.873 69
61.8729 69
61.8727 69
61.8726 69
61.8724 69
61.8722 69
61.8721 69
61.8719 69
61.8718 69
61.8716 69
61.8714 69
61.8713 69
61.8711 69
61.871 69
61.8708 69
61.8706 69
61.8705 69
61.8703 69
61.8702 69
61.87 69
61.8699 69
61.8697 69
61.8695 69
61.8694 69
61.8692 69
61.8691 69
61.8689 69
61.8688 69
61.8686 69
61.8684 69
61.8683 69
61.8681 69
61.868 69
61.8679 69
61.8678 69
61.8677 69
61.8676 69
61.8675 69
61.8674 69
61.8673 69
61.8672 69
61.8671 69
61.867 69
61.8669 69
61.8669 69
61.8668 69
61.8667 69
61.8666 69
61.8665 69
61.8664 69
61.8663 69
61.8662 69
61.8661 69
61.866 69
61.866 69
61.8659 69
61.8658 69
61.8657 69
61.8656 69
61.8655 69
61.8654 69
61.8653 69
61.8653 69
61.8652 69
61.8652 69
61.8651 69
61.865 69
61.865 69
61.8649 69
61.8649 69
61.8648 69
61.8647 69
61.8647 69
61.8646 69
61.8646 69
61.8645 69
61.8644 69
61.8644 69
61.8643 69
61.8643 69
61.8642 69
61.8641 69
61.8641 69
61.864 69
61.864 69
61.8639 69
61.8639 69
61.8638 69
61.8637 69
61.8637 69
61.8636 69
61.8636 69
61.8635 69
61.8635 69
61.8634 69
61.8634 69
61.8633 69
61.8632 69
61.8632 69
61.8631 69
61.8631 69
61.863 69
61.863 69
61.8629 69
61.8628 69
61.8628 69
61.8627 69
61.8627 69
61.8626 69
61.8626 69
61.8625 69
61.8625 69
61.8624 69
61.8623 69
61.8623 69
61.8622 69
61.8622 69
61.8621 69
61.8621 69
61.862 69
61.862 69
61.8619 69
61.8618 69
61.8618 69
61.8617 69
61.8617 69
61.8616 69
61.8616 69
61.8615 69
61.8615 69
61.8614 69
61.8614 69
61.8613 69
61.8613 69
61.8612 69
61.8612 69
61.8611 69
61.8611 69
61.861 69
61.861 69
61.8609 69
61.8609 69
61.8608 69
61.8608 69
61.8607 69
61.8606 69
61.8606 69
61.8605 69
61.8605 69
61.8604 69
61.8604 69
61.8603 69
61.8603 69
61.8602 69
61.8602 69
61.8602 69
61.8601 69
61.8601 69
61.86 69
61.86 69
61.8599 69
61.8599 69
61.8598 69
61.8598 69
61.8597 69
61.8597 69
61.8596 69
61.8596 69
61.8595 69
61.8595 69
61.8594 69
61.8594 69
61.8593 69
61.8593 69
61.8592 69
61.8592 69
61.8592 69
61.8591 69
61.8591 69
61.859 69
61.859 69
61.8589 69
61.8589 69
61.8588 69
61.8588 69
61.8587 69
61.8587 69
61.8587 69
61.8586 69
61.8586 69
61.8585 69
61.8585 69
61.8584 69
61.8584 69
61.8583 69
61.8583 69
61.8583 69
61.8582 69
61.8582 69
61.8581 69
61.8581 69
61.858 69
61.858 69
61.858 69
61.8579 69
61.8579 69
61.8578 69
61.8578 69
61.8578 69
61.8577 69
61.8577 69
61.8576 69
61.8576 69
61.8576 69
61.8575 69
61.8575 69
61.8574 69
61.8574 69
61.8574 69
61.8573 69
61.8573 69
61.8572 69
61.8572 69
61.8572 69
61.8571 69
61.8571 69
61.857 69
61.857 69
61.857 69
61.8569 69
61.8569 69
61.8568 69
61.8568 69
61.8568 69
61.8567 69
61.8567 69
61.8567 69
61.8566 69
61.8566 69
61.8565 69
61.8565 69
61.8565 69
61.8564 69
61.8564 69
61.8564 69
61.8563 69
61.8563 69
61.8563 69
61.8562 69
61.8562 69
61.8562 69
61.8561 69
61.8561 69
61.856 69
61.856 69
61.856 69
61.8559 69
61.8559 69
61.8559 69
61.8558 69
61.8558 69
61.8558 69
61.8557 69
61.8557 69
61.8557 69
61.8556 69
61.8556 69
61.8556 69
61.8555 69
61.8555 69
61.8555 69
61.8555 69
61.8554 69
61.8554 69
61.8554 69
61.8553 69
61.8553 69
61.8553 69
61.8552 69
61.8552 69
61.8552 69
61.8551 69
61.8551 69
61.8551 69
61.855 69
61.855 69
61.855 69
61.855 69
61.8549 69
61.8549 69
61.8549 69
61.8548 69
61.8548 69
61.8548 69
61.8548 69
61.8547 69
61.8547 69
61.8547 69
61.8546 69
61.8546 69
61.8546 69
61.8546 69
61.8545 69
61.8545 69
61.8545 69
61.8544 69
61.8544 69
61.8544 69
61.8544 69
61.8543 69
61.8543 69
61.8543 69
61.8543 69
61.8542 69
61.8542 69
61.8542 69
61.8542 69
61.8541 69
61.8541 69
61.8541 69
61.8541 69
61.854 69
61.854 69
61.854 69
61.854 69
61.8539 69
61.8539 69
61.8539 69
61.8539 69
61.8538 69
61.8538 69
61.8538 69
61.8538 69
61.8537 69
61.8537 69
61.8537 69
61.8537 69
61.8537 69
61.8536 69
61.8536 69
61.8536 69
61.8536 69
61.8536 69
61.8535 69
61.8535 69
61.8535 69
61.8535 69
61.8534 69
61.8534 69
61.8534 69
61.8534 69
61.8534 69
61.8533 69
61.8533 69
61.8533 69
61.8533 69
61.8533 69
61.8532 69
61.8532 69
61.8532 69
61.8532 69
61.8532 69
61.8531 69
61.8531 69
61.8531 69
61.8531 69
61.8531 69
61.8531 69
61.853 69
61.853 69
61.853 69
61.853 69
61.853 69
61.853 69
61.8529 69
61.8529 69
61.8529 69
61.8529 69
61.8529 69
61.8529 69
61.8528 69
61.8528 69
61.8528 69
61.8528 69
61.8528 69
61.8528 69
61.8527 69
61.8527 69
61.8527 69
61.8527 69
61.8527 69
61.8527 69
61.8527 69
61.8526 69
61.8526 69
61.8526 69
61.8526 69
61.8526 69
61.8526 69
61.8526 69
61.8525 69
61.8525 69
61.8525 69
61.8525 69
61.8525 69
61.8525 69
61.8525 69
61.8525 69
61.8524 69
61.8524 69
61.8524 69
61.8524 69
61.8524 69
61.8524 69
61.8524 69
61.8524 69
61.8524 69
61.8523 69
61.8523 69
61.8523 69
61.8523 69
61.8523 69
61.8523 69
61.8523 69
61.8523 69
61.8523 69
61.8523 69
61.8523 69
61.8522 69
61.8522 69
61.8522 69
61.8522 69
61.8522 69
61.8522 69
61.8522 69
61.8522 69
61.8522 69
61.8522 69
61.8522 69
61.8521 69
61.8521 69
61.8521 69
61.8521 69
61.8521 69
61.8521 69
61.8521 69
61.8521 69
61.8521 69
61.8521 69
61.8521 69
61.8521 69
61.8521 69
61.852 69
61.852 69
61.852 69
61.852 69
61.852 69
61.852 69
61.852 69
61.852 69
61.852 69
61.852 69
61.852 69
61.852 69
61.852 69
61.852 69
61.852 69
61.852 69
61.852 69
61.852 69
61.852 69
61.8519 69
61.8519 69
61.8519 69
61.8519 69
61.8519 69
61.8519 69
61.8519 69
61.8519 69
61.8519 69
61.8519 69
61.8519 69
61.8519 69
61.8519 69
61.8519 69
61.8519 69
61.8519 69
61.8519 69
61.8519 69
61.8519 69
61.8519 69
61.8519 69
61.8519 69
61.8519 69
61.8519 69
61.8519 69
61.8519 69
61.8519 69
61.8519 69
61.8519 69
61.8519 69
61.8519 69
61.8519 69
61.8519 69
61.8519 69
61.8519 69
61.8519 69
61.8519 69
61.8519 69
61.8519 69
61.8519 69
61.8519 69
61.8519 69
61.8519 69
61.8519 69
61.8519 69
61.8519 69
61.8519 69
61.8519 69
61.8519 69
61.8519 69
61.8519 69
61.8519 69
61.8519 69
61.852 69
61.852 69
61.852 69
61.852 69
61.852 69
61.852 69
61.852 69
61.852 69
61.852 69
61.852 69
61.852 69
61.852 69
61.852 69
61.852 69
61.852 69
61.852 69
61.852 69
61.852 69
61.852 69
61.8521 69
61.8521 69
61.8521 69
61.8521 69
61.8521 69
61.8521 69
61.8521 69
61.8521 69
61.8521 69
61.8521 69
61.8521 69
61.8521 69
61.8521 69
61.8522 69
61.8522 69
61.8522 69
61.8522 69
61.8522 69
61.8522 69
61.8522 69
61.8522 69
61.8522 69
61.8522 69
61.8522 69
61.8523 69
61.8523 69
61.8523 69
61.8523 69
61.8523 69
61.8523 69
61.8523 69
61.8523 69
61.8523 69
61.8524 69
61.8524 69
61.8524 69
61.8524 69
61.8524 69
61.8524 69
61.8524 69
61.8524 69
61.8525 69
61.8525 69
61.8525 69
61.8525 69
61.8525 69
61.8525 69
61.8525 69
61.8525 69
61.8526 69
61.8526 69
61.8526 69
61.8526 69
61.8526 69
61.8526 69
61.8526 69
61.8527 69
61.8527 69
61.8527 69
61.8527 69
61.8527 69
61.8527 69
61.8528 69
61.8528 69
61.8528 69
61.8528 69
61.8528 69
61.8528 69
61.8529 69
61.8529 69
61.8529 69
61.8529 69
61.8529 69
61.8529 69
61.853 69
61.853 69
61.853 69
61.853 69
61.853 69
61.853 69
61.8531 69
61.8531 69
61.8531 69
61.8531 69
61.8531 69
61.8532 69
61.8532 69
61.8532 69
61.8532 69
61.8532 69
61.8533 69
61.8533 69
61.8533 69
61.8533 69
61.8533 69
61.8534 69
61.8534 69
61.8534 69
61.8534 69
61.8534 69
61.8535 69
61.8535 69
61.8535 69
61.8535 69
61.8536 69
61.8536 69
61.8536 69
61.8536 69
61.8536 69
61.8537 69
61.8537 69
61.8537 69
61.8537 69
61.8538 69
61.8538 69
61.8538 69
61.8538 69
61.8539 69
61.8539 69
61.8539 69
61.8539 69
61.8539 69
61.854 69
61.854 69
61.854 69
61.854 69
61.8541 69
61.8541 69
61.8541 69
61.8541 69
61.8542 69
61.8542 69
61.8542 69
61.8543 69
61.8543 69
61.8543 69
61.8543 69
61.8544 69
61.8544 69
61.8544 69
61.8544 69
61.8545 69
61.8545 69
61.8545 69
61.8546 69
61.8546 69
61.8546 69
61.8546 69
61.8547 69
61.8547 69
61.8547 69
61.8547 69
61.8548 69
61.8548 69
61.8548 69
61.8549 69
61.8549 69
61.8549 69
61.855 69
61.855 69
61.855 69
61.855 69
61.8551 69
61.8551 69
61.8551 69
61.8552 69
61.8552 69
61.8552 69
61.8553 69
61.8553 69
61.8553 69
61.8554 69
61.8554 69
61.8554 69
61.8555 69
61.8555 69
61.8555 69
61.8556 69
61.8556 69
61.8556 69
61.8557 69
61.8557 69
61.8557 69
61.8558 69
61.8558 69
61.8558 69
61.8559 69
61.8559 69
61.8559 69
61.856 69
61.856 69
61.856 69
61.8561 69
61.8561 69
61.8561 69
61.8562 69
61.8562 69
61.8562 69
61.8563 69
61.8563 69
61.8563 69
61.8564 69
61.8564 69
61.8565 69
61.8565 69
61.8565 69
61.8566 69
61.8566 69
61.8566 69
61.8567 69
61.8567 69
61.8568 69
61.8568 69
61.8568 69
61.8569 69
61.8569 69
61.8569 69
61.857 69
61.857 69
61.8571 69
61.8571 69
61.8571 69
61.8572 69
61.8572 69
61.8573 69
61.8573 69
61.8573 69
61.8574 69
61.8574 69
61.8575 69
61.8575 69
61.8575 69
61.8576 69
61.8576 69
61.8577 69
61.8577 69
61.8577 69
61.8578 69
61.8578 69
61.8579 69
61.8579 69
61.8579 69
61.858 69
61.858 69
61.8581 69
61.8581 69
61.8582 69
61.8582 69
61.8582 69
61.8583 69
61.8583 69
61.8584 69
61.8584 69
61.8585 69
61.8585 69
61.8586 69
61.8586 69
61.8586 69
61.8587 69
61.8587 69
61.8588 69
61.8588 69
61.8589 69
61.8589 69
61.859 69
61.859 69
61.859 69
61.8591 69
61.8591 69
61.8592 69
61.8592 69
61.8593 69
61.8593 69
61.8594 69
61.8594 69
61.8595 69
61.8595 69
61.8596 69
61.8596 69
61.8597 69
61.8597 69
61.8598 69
61.8598 69
61.8599 69
61.8599 69
61.8599 69
61.86 69
61.86 69
61.8601 69
61.8601 69
61.8602 69
61.8602 69
61.8603 69
61.8603 69
61.8604 69
61.8604 69
61.8605 69
61.8605 69
61.8606 69
61.8606 69
61.8607 69
61.8607 69
61.8608 69
61.8608 69
61.8609 69
61.8609 69
61.861 69
61.8611 69
61.8611 69
61.8612 69
61.8612 69
61.8613 69
61.8613 69
61.8614 69
61.8614 69
61.8615 69
61.8615 69
61.8616 69
61.8616 69
61.8617 69
61.8617 69
61.8618 69
61.8618 69
61.8619 69
61.862 69
61.862 69
61.8621 69
61.8621 69
61.8622 69
61.8622 69
61.8623 69
61.8623 69
61.8624 69
61.8625 69
61.8625 69
61.8626 69
61.8626 69
61.8627 69
61.8627 69
61.8628 69
61.8628 69
61.8629 69
61.863 69
61.863 69
61.8631 69
61.8631 69
61.8632 69
61.8632 69
61.8633 69
61.8634 69
61.8634 69
61.8635 69
61.8635 69
61.8636 69
61.8637 69
61.8637 69
61.8638 69
61.8638 69
61.8639 69
61.8639 69
61.864 69
61.8641 69
61.8641 69
61.8642 69
61.8642 69
61.8643 69
61.8644 69
61.8644 69
61.8645 69
61.8646 69
61.8646 69
61.8647 69
61.8647 69
61.8648 69
61.8649 69
61.8649 69
61.865 69
61.865 69
61.8651 69
61.8652 69
61.8652 69
61.8653 69
61.8654 69
61.8654 69
61.8655 69
61.8655 69
61.8656 69
61.8657 69
61.8657 69
61.8658 69
61.8659 69
61.8659 69
61.866 69
61.8661 69
61.8661 69
61.8662 69
61.8663 69
61.8663 69
61.8664 69
61.8664 69
61.8665 69
61.8666 69
61.8666 69
61.8667 69
61.8668 69
61.8668 69
61.8669 69
61.867 69
61.867 69
61.8671 69
61.8672 69
61.8672 69
61.8673 69
61.8674 69
61.8674 69
61.8675 69
61.8676 69
61.8676 69
61.8677 69
61.8678 69
61.8679 69
61.8679 69
61.868 69
61.8681 69
61.8681 69
61.8682 69
61.8683 69
61.8683 69
61.8684 69
61.8685 69
61.8685 69
61.8686 69
61.8687 69
61.8688 69
61.8688 69
61.8689 69
61.869 69
61.869 69
61.8691 69
61.8692 69
61.8693 69
61.8693 69
61.8694 69
61.8695 69
61.8695 69
61.8696 69
61.8697 69
61.8698 69
61.8698 69
61.8699 69
61.87 69
61.87 69
61.8701 69
61.8702 69
61.8703 69
61.8703 69
61.8704 69
61.8705 69
61.8706 69
61.8706 69
61.8707 69
61.8708 69
61.8709 69
61.8709 69
61.871 69
61.8711 69
61.8712 69
61.8712 69
61.8713 69
61.8714 69
61.8715 69
61.8715 69
61.8716 69
61.8717 69
61.8718 69
61.8718 69
61.8719 69
61.872 69
61.8721 69
61.8721 69
61.8722 69
61.8723 69
61.8724 69
61.8725 69
61.8725 69
61.8726 69
61.8727 69
61.8728 69
61.8728 69
61.8729 69
61.873 69
61.8731 69
61.8732 69
61.8732 69
61.8733 69
61.8734 69
61.8735 69
61.8736 69
61.8736 69
61.8737 69
61.8738 69
61.8739 69
61.874 69
61.874 69
61.8741 69
61.8742 69
61.8743 69
61.8744 69
61.8744 69
61.8745 69
61.8746 69
61.8747 69
61.8748 69
61.8749 69
61.8749 69
61.875 69
61.8751 69
61.8752 69
61.8753 69
61.8754 69
61.8754 69
61.8755 69
61.8756 69
61.8757 69
61.8758 69
61.8759 69
61.8759 69
61.876 69
61.8761 69
61.8762 69
61.8763 69
61.8764 69
61.8764 69
61.8765 69
61.8766 69
61.8767 69
61.8768 69
61.8769 69
61.877 69
61.877 69
61.8771 69
61.8772 69
61.8773 69
61.8774 69
61.8775 69
61.8776 69
61.8776 69
61.8777 69
61.8778 69
61.8779 69
61.878 69
61.8781 69
61.8782 69
61.8783 69
61.8783 69
61.8784 69
61.8785 69
61.8786 69
61.8787 69
61.8788 69
61.8789 69
61.879 69
61.8791 69
61.8791 69
61.8792 69
61.8793 69
61.8794 69
61.8795 69
61.8796 69
61.8797 69
61.8798 69
61.8799 69
61.88 69
61.88 69
61.8801 69
61.8802 69
61.8803 69
61.8804 69
61.8805 69
61.8806 69
61.8807 69
61.8808 69
61.8809 69
61.881 69
61.8811 69
61.8812 69
61.8812 69
61.8813 69
61.8814 69
61.8815 69
61.8816 69
61.8817 69
61.8818 69
61.8819 69
61.882 69
61.8821 69
61.8822 69
61.8823 69
61.8824 69
61.8825 69
61.8826 69
61.8827 69
61.8828 69
61.8828 69
61.8829 69
61.883 69
61.8831 69
61.8832 69
61.8833 69
61.8834 69
61.8835 69
61.8836 69
61.8837 69
61.8838 69
61.8839 69
61.884 69
61.8841 69
61.8842 69
61.8843 69
61.8844 69
61.8845 69
61.8846 69
61.8847 69
61.8848 69
61.8849 69
61.885 69
61.8851 69
61.8852 69
61.8853 69
61.8854 69
61.8855 69
61.8856 69
61.8857 69
61.8858 69
61.8859 69
61.886 69
61.8861 69
61.8862 69
61.8863 69
61.8864 69
61.8865 69
61.8866 69
61.8867 69
61.8868 69
61.8869 69
61.887 69
61.8871 69
61.8872 69
61.8873 69
61.8874 69
61.8875 69
61.8876 69
61.8877 69
61.8878 69
61.8879 69
61.888 69
61.8881 69
61.8882 69
61.8883 69
61.8884 69
61.8885 69
61.8886 69
61.8887 69
61.8888 69
61.8889 69
61.889 69
61.8891 69
61.8893 69
61.8894 69
61.8895 69
61.8896 69
61.8897 69
61.8898 69
61.8899 69
61.89 69
61.8901 69
61.8902 69
61.8903 69
61.8904 69
61.8905 69
61.8906 69
61.8907 69
61.8908 69
61.8909 69
61.8911 69
61.8912 69
61.8913 69
61.8914 69
61.8915 69
61.8916 69
61.8917 69
61.8918 69
61.8919 69
61.892 69
61.8921 69
61.8922 69
61.8924 69
61.8925 69
61.8926 69
61.8927 69
61.8928 69
61.8929 69
61.893 69
61.8931 69
61.8932 69
61.8933 69
61.8935 69
61.8936 69
61.8937 69
61.8938 69
61.8939 69
61.894 69
61.8941 69
61.8942 69
61.8943 69
61.8945 69
61.8946 69
61.8947 69
61.8948 69
61.8949 69
61.895 69
61.8951 69
61.8952 69
61.8954 69
61.8955 69
61.8956 69
61.8957 69
61.8958 69
61.8959 69
61.896 69
61.8961 69
61.8963 69
61.8964 69
61.8965 69
61.8966 69
61.8967 69
61.8968 69
61.897 69
61.8971 69
61.8972 69
61.8973 69
61.8974 69
61.8975 69
61.8976 69
61.8978 69
61.8979 69
61.898 69
61.8981 69
61.8982 69
61.8983 69
61.8985 69
61.8986 69
61.8987 69
61.8988 69
61.8989 69
61.899 69
61.8992 69
61.8993 69
61.8994 69
61.8995 69
61.8996 69
61.8998 69
61.8999 69
61.9 69
61.9001 69
61.9002 69
61.9004 69
61.9005 69
61.9006 69
61.9007 69
61.9008 69
61.901 69
61.9011 69
61.9012 69
61.9013 69
61.9014 69
61.9016 69
61.9017 69
61.9018 69
61.9019 69
61.902 69
61.9022 69
61.9023 69
61.9024 69
61.9025 69
61.9026 69
61.9028 69
61.9029 69
61.903 69
61.9031 69
61.9033 69
61.9034 69
61.9035 69
61.9036 69
61.9038 69
61.9039 69
61.904 69
61.9041 69
61.9042 69
61.9044 69
61.9045 69
61.9046 69
61.9047 69
61.9049 69
61.905 69
61.9051 69
61.9052 69
61.9054 69
61.9055 69
61.9056 69
61.9058 69
61.9059 69
61.906 69
61.9061 69
61.9063 69
61.9064 69
61.9065 69
61.9066 69
61.9068 69
61.9069 69
61.907 69
61.9071 69
61.9073 69
61.9074 69
61.9075 69
61.9077 69
61.9078 69
61.9079 69
61.908 69
61.9082 69
61.9083 69
61.9084 69
61.9086 69
61.9087 69
61.9088 69
61.9089 69
61.9091 69
61.9092 69
61.9093 69
61.9095 69
61.9096 69
61.9097 69
61.9099 69
61.91 69
61.9101 69
61.9102 69
61.9104 69
61.9105 69
61.9106 69
61.9108 69
61.9109 69
61.911 69
61.9112 69
61.9113 69
61.9114 69
61.9116 69
61.9117 69
61.9118 69
61.912 69
61.9121 69
61.9122 69
61.9124 69
61.9125 69
61.9126 69
61.9128 69
61.9129 69
61.913 69
61.9132 69
61.9133 69
61.9134 69
61.9136 69
61.9137 69
61.9138 69
61.914 69
61.9141 69
61.9142 69
61.9144 69
61.9145 69
61.9147 69
61.9148 69
61.9149 69
61.9151 69
61.9152 69
61.9153 69
61.9155 69
61.9156 69
61.9157 69
61.9159 69
61.916 69
61.9162 69
61.9163 69
61.9164 69
61.9166 69
61.9167 69
61.9168 69
61.917 69
61.9171 69
61.9173 69
61.9174 69
61.9175 69
61.9177 69
61.9178 69
61.918 69
61.9181 69
61.9182 69
61.9184 69
61.9185 69
61.9187 69
61.9188 69
61.9189 69
61.9191 69
61.9192 69
61.9194 69
61.9195 69
61.9196 69
61.9198 69
61.9199 69
61.9201 69
61.9202 69
61.9204 69
61.9205 69
61.9206 69
61.9208 69
61.9209 69
61.9211 69
61.9212 69
61.9213 69
61.9215 69
61.9216 69
61.9218 69
61.9219 69
61.9221 69
61.9222 69
61.9224 69
61.9225 69
61.9226 69
61.9228 69
61.9229 69
61.9231 69
61.9232 69
61.9234 69
61.9235 69
61.9237 69
61.9238 69
61.9239 69
61.9241 69
61.9242 69
61.9244 69
61.9245 69
61.9247 69
61.9248 69
61.925 69
61.9251 69
61.9253 69
61.9254 69
61.9256 69
61.9257 69
61.9259 69
61.926 69
61.9262 69
61.9263 69
61.9264 69
61.9266 69
61.9267 69
61.9269 69
61.927 69
61.9272 69
61.9273 69
61.9275 69
61.9276 69
61.9278 69
61.9279 69
61.9281 69
61.9282 69
61.9284 69
61.9285 69
61.9287 69
61.9288 69
61.929 69
61.9291 69
61.9293 69
61.9294 69
61.9296 69
61.9297 69
61.9299 69
61.93 69
61.9302 69
61.9304 69
61.9305 69
61.9307 69
61.9308 69
61.931 69
61.9311 69
61.9313 69
61.9314 69
61.9316 69
61.9317 69
61.9319 69
61.932 69
61.9322 69
61.9323 69
61.9325 69
61.9326 69
61.9328 69
61.933 69
61.9331 69
61.9333 69
61.9334 69
61.9336 69
61.9337 69
61.9339 69
61.934 69
61.9342 69
61.9344 69
61.9345 69
61.9347 69
61.9348 69
61.935 69
61.9351 69
61.9353 69
61.9354 69
61.9356 69
61.9358 69
61.9359 69
61.9361 69
61.9362 69
61.9364 69
61.9366 69
61.9367 69
61.9369 69
61.937 69
61.9372 69
61.9373 69
61.9375 69
61.9377 69
61.9378 69
61.938 69
61.9381 69
61.9383 69
61.9385 69
61.9386 69
61.9388 69
61.9389 69
61.9391 69
61.9393 69
61.9394 69
61.9396 69
61.9397 69
61.9399 69
61.9401 69
61.9402 69
61.9404 69
61.9405 69
61.9407 69
61.9409 69
61.941 69
61.9412 69
61.9414 69
61.9415 69
61.9417 69
61.9418 69
61.942 69
61.9422 69
61.9423 69
61.9425 69
61.9427 69
61.9428 69
61.943 69
61.9432 69
61.9433 69
61.9435 69
61.9436 69
61.9438 69
61.944 69
61.9441 69
61.9443 69
61.9445 69
61.9446 69
61.9448 69
61.945 69
61.9451 69
61.9453 69
61.9455 69
61.9456 69
61.9458 69
61.946 69
61.9461 69
61.9463 69
61.9465 69
61.9466 69
61.9468 69
61.947 69
61.9471 69
61.9473 69
61.9475 69
61.9476 69
61.9478 69
61.948 69
61.9481 69
61.9483 69
61.9485 69
61.9486 69
61.9488 69
61.949 69
61.9492 69
61.9493 69
61.9495 69
61.9497 69
61.9498 69
61.95 69
61.9502 69
61.9503 69
61.9505 69
61.9507 69
61.9509 69
61.951 69
61.9512 69
61.9514 69
61.9515 69
61.9517 69
61.9519 69
61.9521 69
61.9522 69
61.9524 69
61.9526 69
61.9527 69
61.9529 69
61.9531 69
61.9533 69
61.9534 69
61.9536 69
61.9538 69
61.954 69
61.9541 69
61.9543 69
61.9545 69
61.9547 69
61.9548 69
61.955 69
61.9552 69
61.9554 69
61.9555 69
61.9557 69
61.9559 69
61.9561 69
61.9562 69
61.9564 69
61.9566 69
61.9568 69
61.9569 69
61.9571 69
61.9573 69
61.9575 69
61.9576 69
61.9578 69
61.958 69
61.9582 69
61.9583 69
61.9585 69
61.9587 69
61.9589 69
61.9591 69
61.9592 69
61.9594 69
61.9596 69
61.9598 69
61.9599 69
61.9601 69
61.9603 69
61.9605 69
61.9607 69
61.9608 69
61.961 69
61.9612 69
61.9614 69
61.9616 69
61.9617 69
61.9619 69
61.9621 69
61.9623 69
61.9625 69
61.9626 69
61.9628 69
61.963 69
61.9632 69
61.9634 69
61.9635 69
61.9637 69
61.9639 69
61.9641 69
61.9643 69
61.9645 69
61.9646 69
61.9648 69
61.965 69
61.9652 69
61.9654 69
61.9656 69
61.9657 69
61.9659 69
61.9661 69
61.9663 69
61.9665 69
61.9667 69
61.9668 69
61.967 69
61.9672 69
61.9674 69
61.9676 69
61.9678 69
61.9679 69
61.9681 69
61.9683 69
61.9685 69
61.9687 69
61.9689 69
61.9691 69
61.9692 69
61.9694 69
61.9696 69
61.9698 69
61.97 69
61.9702 69
61.9704 69
61.9706 69
61.9707 69
61.9709 69
61.9711 69
61.9713 69
61.9715 69
61.9717 69
61.9719 69
61.9721 69
61.9722 69
61.9724 69
61.9726 69
61.9728 69
61.973 69
61.9732 69
61.9734 69
61.9736 69
61.9738 69
61.9739 69
61.9741 69
61.9743 69
61.9745 69
61.9747 69
61.9749 69
61.9751 69
61.9753 69
61.9755 69
61.9757 69
61.9759 69
61.976 69
61.9762 69
61.9764 69
61.9766 69
61.9768 69
61.977 69
61.9772 69
61.9774 69
61.9776 69
61.9778 69
61.978 69
61.9782 69
61.9784 69
61.9785 69
61.9787 69
61.9789 69
61.9791 69
61.9793 69
61.9795 69
61.9797 69
61.9799 69
61.9801 69
61.9803 69
61.9805 69
61.9807 69
61.9809 69
61.9811 69
61.9813 69
61.9815 69
61.9817 69
61.9819 69
61.9821 69
61.9822 69
61.9824 69
61.9826 69
61.9828 69
61.983 69
61.9832 69
61.9834 69
61.9836 69
61.9838 69
61.984 69
61.9842 69
61.9844 69
61.9846 69
61.9848 69
61.985 69
61.9852 69
61.9854 69
61.9856 69
61.9858 69
61.986 69
61.9862 69
61.9864 69
61.9866 69
61.9868 69
61.987 69
61.9872 69
61.9874 69
61.9876 69
61.9878 69
61.988 69
61.9882 69
61.9884 69
61.9886 69
61.9888 69
61.989 69
61.9892 69
61.9894 69
61.9896 69
61.9898 69
61.99 69
61.9902 69
61.9904 69
61.9906 69
61.9908 69
61.991 69
61.9912 69
61.9914 69
61.9916 69
61.9918 69
61.992 69
61.9922 69
61.9925 69
61.9927 69
61.9929 69
61.9931 69
61.9933 69
61.9935 69
61.9937 69
61.9939 69
61.9941 69
61.9943 69
61.9945 69
61.9947 69
61.9949 69
61.9951 69
61.9953 69
61.9955 69
61.9957 69
61.9959 69
61.9961 69
61.9964 69
61.9966 69
61.9968 69
61.997 69
61.9972 69
61.9974 69
61.9976 69
61.9978 69
61.998 69
61.9982 69
61.9984 69
61.9986 69
61.9988 69
61.9991 69
61.9993 69
61.9995 69
61.9997 69
61.9999 69
62.0001 69
62.0003 69
62.0005 69
62.0007 69
62.0009 69
62.0011 69
62.0014 69
62.0016 69
62.0018 69
62.002 69
62.0022 69
62.0024 69
62.0026 69
62.0028 69
62.003 69
62.0033 69
62.0035 69
62.0037 69
62.0039 69
62.0041 69
62.0043 69
62.0045 69
62.0047 69
62.005 69
62.0052 69
62.0054 69
62.0056 69
62.0058 69
62.006 69
62.0062 69
62.0064 69
62.0067 69
62.0069 69
62.0071 69
62.0073 69
62.0075 69
62.0077 69
62.0079 69
62.0082 69
62.0084 69
62.0086 69
62.0088 69
62.009 69
62.0092 69
62.0095 69
62.0097 69
62.0099 69
62.0101 69
62.0103 69
62.0105 69
62.0108 69
62.011 69
62.0112 69
62.0114 69
62.0116 69
62.0118 69
62.0121 69
62.0123 69
62.0125 69
62.0127 69
62.0129 69
62.0131 69
62.0134 69
62.0136 69
62.0138 69
62.014 69
62.0142 69
62.0145 69
62.0147 69
62.0149 69
62.0151 69
62.0153 69
62.0156 69
62.0158 69
62.016 69
62.0162 69
62.0164 69
62.0167 69
62.0169 69
62.0171 69
62.0173 69
62.0175 69
62.0178 69
62.018 69
62.0182 69
62.0184 69
62.0187 69
62.0189 69
62.0191 69
62.0193 69
62.0195 69
62.0198 69
62.02 69
62.0202 69
62.0204 69
62.0207 69
62.0209 69
62.0211 69
62.0213 69
62.0216 69
62.0218 69
62.022 69
62.0222 69
62.0225 69
62.0227 69
62.0229 69
62.0231 69
62.0234 69
62.0236 69
62.0238 69
62.024 69
62.0243 69
62.0245 69
62.0247 69
62.0249 69
62.0252 69
62.0254 69
62.0256 69
62.0258 69
62.0261 69
62.0263 69
62.0265 69
62.0268 69
62.027 69
62.0272 69
62.0274 69
62.0277 69
62.0279 69
62.0281 69
62.0284 69
62.0286 69
62.0288 69
62.029 69
62.0293 69
62.0295 69
62.0297 69
62.03 69
62.0302 69
62.0304 69
62.0306 69
62.0309 69
62.0311 69
62.0313 69
62.0316 69
62.0318 69
62.032 69
62.0323 69
62.0325 69
62.0327 69
62.033 69
62.0332 69
62.0334 69
62.0337 69
62.0339 69
62.0341 69
62.0343 69
62.0346 69
62.0348 69
62.035 69
62.0353 69
62.0355 69
62.0357 69
62.036 69
62.0362 69
62.0364 69
62.0367 69
62.0369 69
62.0372 69
62.0374 69
62.0376 69
62.0379 69
62.0381 69
62.0383 69
62.0386 69
62.0388 69
62.039 69
62.0393 69
62.0395 69
62.0397 69
62.04 69
62.0402 69
62.0404 69
62.0407 69
62.0409 69
62.0412 69
62.0414 69
62.0416 69
62.0419 69
62.0421 69
62.0423 69
62.0426 69
62.0428 69
62.0431 69
62.0433 69
62.0435 69
62.0438 69
62.044 69
62.0442 69
62.0445 69
62.0447 69
62.045 69
62.0452 69
62.0454 69
62.0457 69
62.0459 69
62.0462 69
62.0464 69
62.0466 69
62.0469 69
62.0471 69
62.0474 69
62.0476 69
62.0478 69
62.0481 69
62.0483 69
62.0486 69
62.0488 69
62.0491 69
62.0493 69
62.0495 69
62.0498 69
62.05 69
62.0503 69
62.0505 69
62.0508 69
62.051 69
62.0512 69
62.0515 69
62.0517 69
62.052 69
62.0522 69
62.0525 69
62.0527 69
62.0529 69
62.0532 69
62.0534 69
62.0537 69
62.0539 69
62.0542 69
62.0544 69
62.0547 69
62.0549 69
62.0551 69
62.0554 69
62.0556 69
62.0559 69
62.0561 69
62.0564 69
62.0566 69
62.0569 69
62.0571 69
62.0574 69
62.0576 69
62.0579 69
62.0581 69
62.0584 69
62.0586 69
62.0588 69
62.0591 69
62.0593 69
62.0596 69
62.0598 69
62.0601 69
62.0603 69
62.0606 69
62.0608 69
62.0611 69
62.0613 69
62.0616 69
62.0618 69
62.0621 69
62.0623 69
62.0626 69
62.0628 69
62.0631 69
62.0633 69
62.0636 69
62.0638 69
62.0641 69
62.0643 69
62.0646 69
62.0648 69
62.0651 69
62.0653 69
62.0656 69
62.0658 69
62.0661 69
62.0664 69
62.0666 69
62.0669 69
62.0671 69
62.0674 69
62.0676 69
62.0679 69
62.0681 69
62.0684 69
62.0686 69
62.0689 69
62.0691 69
62.0694 69
62.0696 69
62.0699 69
62.0702 69
62.0704 69
62.0707 69
62.0709 69
62.0712 69
62.0714 69
62.0717 69
62.0719 69
62.0722 69
62.0725 69
62.0727 69
62.073 69
62.0732 69
62.0735 69
62.0737 69
62.074 69
62.0742 69
62.0745 69
62.0748 69
62.075 69
62.0753 69
62.0755 69
62.0758 69
62.076 69
62.0763 69
62.0766 69
62.0768 69
62.0771 69
62.0773 69
62.0776 69
62.0779 69
62.0781 69
62.0784 69
62.0786 69
62.0789 69
62.0792 69
62.0794 69
62.0797 69
62.0799 69
62.0802 69
62.0805 69
62.0807 69
62.081 69
62.0812 69
62.0815 69
62.0818 69
62.082 69
62.0823 69
62.0825 69
62.0828 69
62.0831 69
62.0833 69
62.0836 69
62.0839 69
62.0841 69
62.0844 69
62.0846 69
62.0849 69
62.0852 69
62.0854 69
62.0857 69
62.086 69
62.0862 69
62.0865 69
62.0868 69
62.087 69
62.0873 69
62.0876 69
62.0878 69
62.0881 69
62.0883 69
62.0886 69
62.0889 69
62.0891 69
62.0894 69
62.0897 69
62.0899 69
62.0902 69
62.0905 69
62.0907 69
62.091 69
62.0913 69
62.0915 69
62.0918 69
62.0921 69
62.0923 69
62.0926 69
62.0929 69
62.0931 69
62.0934 69
62.0937 69
62.0939 69
62.0942 69
62.0945 69
62.0948 69
62.095 69
62.0953 69
62.0956 69
62.0958 69
62.0961 69
62.0964 69
62.0966 69
62.0969 69
62.0972 69
62.0974 69
62.0977 69
62.098 69
62.0983 69
62.0985 69
62.0988 69
62.0991 69
62.0993 69
62.0996 69
62.0999 69
62.1002 69
62.1004 69
62.1007 69
62.101 69
62.1012 69
62.1015 69
62.1018 69
62.1021 69
62.1023 69
62.1026 69
62.1029 69
62.1032 69
62.1034 69
62.1037 69
62.104 69
62.1043 69
62.1045 69
62.1048 69
62.1051 69
62.1053 69
62.1056 69
62.1059 69
62.1062 69
62.1064 69
62.1067 69
62.107 69
62.1073 69
62.1075 69
62.1078 69
62.1081 69
62.1084 69
62.1087 69
62.1089 69
62.1092 69
62.1095 69
62.1098 69
62.11 69
62.1103 69
62.1106 69
62.1109 69
62.1111 69
62.1114 69
62.1117 69
62.112 69
62.1123 69
62.1125 69
62.1128 69
62.1131 69
62.1134 69
62.1137 69
62.1139 69
62.1142 69
62.1145 69
62.1148 69
62.1151 69
62.1153 69
62.1156 69
62.1159 69
62.1162 69
62.1165 69
62.1167 69
62.117 69
62.1173 69
62.1176 69
62.1179 69
62.1181 69
62.1184 69
62.1187 69
62.119 69
62.1193 69
62.1196 69
62.1198 69
62.1201 69
62.1204 69
62.1207 69
62.121 69
62.1212 69
62.1215 69
62.1218 69
62.1221 69
62.1224 69
62.1227 69
62.1229 69
62.1232 69
62.1235 69
62.1238 69
62.1241 69
62.1244 69
62.1247 69
62.1249 69
62.1252 69
62.1255 69
62.1258 69
62.1261 69
62.1264 69
62.1267 69
62.1269 69
62.1272 69
62.1275 69
62.1278 69
62.1281 69
62.1284 69
62.1287 69
62.129 69
62.1292 69
62.1295 69
62.1298 69
62.1301 69
62.1304 69
62.1307 69
62.131 69
62.1313 69
62.1315 69
62.1318 69
62.1321 69
62.1324 69
62.1327 69
62.133 69
62.1333 69
62.1336 69
62.1339 69
62.1341 69
62.1344 69
62.1347 69
62.135 69
62.1353 69
62.1356 69
62.1359 69
62.1362 69
62.1365 69
62.1368 69
62.1371 69
62.1373 69
62.1376 69
62.1379 69
62.1382 69
62.1385 69
62.1388 69
62.1391 69
62.1394 69
62.1397 69
62.14 69
62.1403 69
62.1406 69
62.1409 69
62.1412 69
62.1414 69
62.1417 69
62.142 69
62.1423 69
62.1426 69
62.1429 69
62.1432 69
62.1435 69
62.1438 69
62.1441 69
62.1444 69
62.1447 69
62.145 69
62.1453 69
62.1456 69
62.1459 69
62.1462 69
62.1465 69
62.1468 69
62.1471 69
62.1474 69
62.1477 69
62.1479 69
62.1482 69
62.1485 69
62.1488 69
62.1491 69
62.1494 69
62.1497 69
62.15 69
62.1503 69
62.1506 69
62.1509 69
62.1512 69
62.1515 69
62.1518 69
62.1521 69
62.1524 69
62.1527 69
62.153 69
62.1533 69
62.1536 69
62.1539 69
62.1542 69
62.1545 69
62.1548 69
62.1551 69
62.1554 69
62.1557 69
62.156 69
62.1563 69
62.1566 69
62.1569 69
62.1572 69
62.1575 69
62.1578 69
62.1581 69
62.1584 69
62.1587 69
62.159 69
62.1593 69
62.1597 69
