0.1 -0.0779208
0.2 -0.115624
0.3 -0.173683
0.4 -0.231837
0.5 -0.290121
0.6 -0.348537
0.7 -0.407085
0.8 -0.465765
0.9 -0.524578
1 -0.583525
0.428875 -0.623353
0.857873 -0.663207
1.28689 -0.703096
1.71627 -0.742976
2.14577 -0.782875
2.57526 -0.822812
3.00471 -0.862789
3.43413 -0.902806
3.86343 -0.942877
4.29266 -0.982994
4.72178 -1.02316
5.15079 -1.06339
5.57964 -1.10367
6.00833 -1.14402
6.43691 -1.18443
6.86537 -1.22489
7.29374 -1.2654
7.72204 -1.30596
8.15025 -1.34657
8.57839 -1.38723
9.00639 -1.42795
9.43427 -1.46873
9.86206 -1.50956
10.2897 -1.55045
10.7173 -1.5914
11.1446 -1.63245
11.5718 -1.67357
11.9989 -1.71472
12.426 -1.75591
12.853 -1.79714
13.28 -1.83842
13.7069 -1.87975
14.1337 -1.92113
14.5604 -1.96255
14.9871 -2.00403
15.4136 -2.04555
15.8401 -2.08712
16.2665 -2.12875
16.6928 -2.17042
17.1191 -2.21215
17.5452 -2.25393
17.9713 -2.29576
18.3973 -2.33764
18.8232 -2.37957
19.249 -2.42155
19.6747 -2.46358
20.1004 -2.50566
20.526 -2.54779
20.9515 -2.58997
21.3769 -2.6322
21.8022 -2.67449
22.2274 -2.71683
22.6526 -2.75922
23.0777 -2.80166
23.5027 -2.84416
23.9276 -2.8867
24.3524 -2.9293
24.7771 -2.97196
25.2018 -3.01467
25.6263 -3.05743
26.0508 -3.10024
26.4752 -3.14311
26.8995 -3.18603
27.3237 -3.22901
27.7478 -3.27204
28.1719 -3.31512
28.5958 -3.35826
29.0197 -3.40146
29.4435 -3.4447
29.8671 -3.488
30.2907 -3.53136
30.7143 -3.57477
31.1377 -3.61824
31.561 -3.66176
31.9843 -3.70533
32.4075 -3.74896
32.8305 -3.79265
33.2535 -3.83639
33.6764 -3.88019
34.0993 -3.92404
34.522 -3.96794
34.9446 -4.01191
35.3672 -4.05593
35.7896 -4.1
36.212 -4.14413
36.6343 -4.18831
37.0565 -4.23255
37.4786 -4.27684
37.9006 -4.32119
38.3226 -4.3656
38.7444 -4.41006
39.1662 -4.45458
39.5878 -4.49916
40.0094 -4.54379
40.4309 -4.58848
40.8523 -4.63323
41.2736 -4.67804
41.6948 -4.7229
42.1159 -4.76783
42.537 -4.81281
42.9579 -4.85785
43.3788 -4.90295
43.7995 -4.9481
44.2202 -4.99332
44.6408 -5.03859
45.0612 -5.08392
45.4816 -5.12931
45.9019 -5.17476
46.3221 -5.22027
46.7422 -5.26584
47.1623 -5.31146
47.5822 -5.35715
48.002 -5.4029
48.4218 -5.4487
48.8414 -5.49457
49.261 -5.5405
49.6805 -5.58648
50.0998 -5.63253
50.5191 -5.67864
50.9383 -5.72481
51.3574 -5.77105
51.7764 -5.81734
52.1952 -5.86369
52.614 -5.91011
53.0328 -5.95659
53.4514 -6.00313
53.8699 -6.04974
54.2883 -6.09641
54.7066 -6.14314
55.1248 -6.18993
55.543 -6.23679
55.961 -6.28371
56.3789 -6.33069
56.7968 -6.37774
57.2145 -6.42484
57.6322 -6.47202
58.0497 -6.51926
58.4672 -6.56656
58.8845 -6.61392
59.3018 -6.66135
59.719 -6.70885
60.136 -6.7564
60.553 -6.80403
60.9678 -6.8572
61.3311 -6.93937
61.5081 -6.90217
61.6927 -6.87187
61.8772 -6.84195
62.0615 -6.81242
62.2456 -6.78327
62.4295 -6.75452
62.613 -6.72612
62.7961 -6.6981
62.9789 -6.67047
63.1616 -6.64325
63.3441 -6.61643
63.5261 -6.59098
63.7061 -6.57242
63.8813 -6.55903
64.0531 -6.53982
64.2198 -6.51279
64.3815 -6.45839
64.5374 -6.36722
64.6907 -6.25396
64.8419 -6.12592
64.9921 -5.9871
65.1421 -5.84859
65.2921 -5.7104
65.442 -5.57253
65.5918 -5.43499
65.7416 -5.29776
65.8913 -5.16084
66.0408 -5.02424
66.1903 -4.88793
66.3395 -4.75187
66.4886 -4.61614
66.6376 -4.48073
66.7866 -4.34566
66.9355 -4.21092
67.0843 -4.07651
67.2329 -3.94242
67.3812 -3.80848
67.5291 -3.67475
67.677 -3.54137
67.8247 -3.40832
67.972 -3.27536
68.1189 -3.14265
68.2657 -3.01028
68.4125 -2.87827
68.5591 -2.74662
68.7057 -2.61534
68.8522 -2.48443
68.9986 -2.35388
69.1462 -2.22445
69.295 -2.09619
69.4448 -1.96893
69.5945 -1.84209
69.7447 -1.71592
69.8948 -1.59011
70.0448 -1.46467
70.1947 -1.33963
70.3454 -1.21546
70.496 -1.09166
70.6464 -0.968223
70.7967 -0.845159
70.947 -0.722472
71.0971 -0.600163
71.2471 -0.478235
71.397 -0.35669
71.5468 -0.235533
71.6967 -0.114925
71.8467 0.00522771
71.9965 0.124987
72.1466 0.244125
72.2967 0.362611
72.4453 0.480221
72.5899 0.59602
72.7306 0.710251
72.8588 0.820702
72.9311 0.91547
72.9854 1.00511
73.0396 1.09448
73.0937 1.1836
73.147 1.27228
73.1987 1.36028
73.2454 1.44665
73.2906 1.53243
73.3298 1.61636
73.3661 1.69932
73.3967 1.78059
73.424 1.86076
73.4511 1.94071
73.4782 2.02044
73.5052 2.09994
73.532 2.17921
73.5588 2.25826
73.5854 2.33708
73.612 2.41567
73.6385 2.49403
73.6649 2.57216
73.6911 2.65006
73.7173 2.72772
73.7433 2.80515
73.7693 2.88234
73.7952 2.9593
73.8209 3.03601
73.8466 3.11249
73.8721 3.18873
73.8975 3.26472
73.9229 3.34048
73.9481 3.41598
73.9732 3.49124
73.9982 3.56626
74.0232 3.64102
74.048 3.71554
74.0726 3.78981
74.0972 3.86382
74.1217 3.93758
74.146 4.01109
74.1703 4.08434
74.1944 4.15733
74.2185 4.23006
74.2424 4.30253
74.2662 4.37475
74.2898 4.4467
74.3134 4.51838
74.3369 4.5898
74.3602 4.66095
74.3834 4.73183
74.4065 4.80245
74.4295 4.87279
74.4524 4.94286
74.4751 5.01265
74.4978 5.08217
74.5203 5.15141
74.5427 5.22037
74.5649 5.28905
74.5871 5.35745
74.6091 5.42556
74.631 5.49339
74.6527 5.56093
74.6744 5.62819
74.6959 5.69515
74.7173 5.76182
74.7386 5.82819
74.7597 5.89427
74.7807 5.96005
74.8016 6.02554
74.8223 6.09072
74.8429 6.1556
74.8634 6.22017
74.8837 6.28444
74.904 6.3484
74.924 6.41206
74.944 6.4754
74.9638 6.53842
74.9834 6.60113
75.003 6.66352
75.0224 6.7256
75.0416 6.78735
75.0607 6.84878
75.0797 6.90988
75.0985 6.97066
75.1172 7.03111
75.1357 7.09122
75.1541 7.15101
75.1724 7.21045
75.1903 7.26952
75.2077 7.32818
75.2249 7.3865
75.242 7.44448
75.259 7.50211
75.2746 7.55916
75.2899 7.61584
75.3051 7.67216
75.3201 7.72814
75.335 7.78377
75.3497 7.83905
75.3635 7.89383
75.3759 7.94802
75.3882 8.00187
75.4004 8.05535
75.4117 8.10836
75.423 8.16101
75.434 8.21107
75.444 8.24022
75.4538 8.26898
75.4623 8.29723
75.4681 8.2847
75.4733 8.27078
75.4782 8.25646
75.483 8.2417
75.4869 8.22032
75.4884 8.18305
75.4892 8.14542
75.4899 8.10731
75.4905 8.06873
75.491 8.02967
75.4897 7.99497
75.4872 7.96431
75.4846 7.93319
75.482 7.9016
75.4789 7.87398
75.4747 7.85884
75.4702 7.84327
75.4656 7.82726
75.4608 7.81079
75.456 7.79386
75.4511 7.77647
75.4461 7.75861
75.4403 7.74036
75.4341 7.72165
75.4279 7.70247
75.4217 7.68281
75.4153 7.66267
75.4087 7.64205
75.3994 7.62126
75.3899 7.59998
75.3803 7.57822
75.3706 7.55597
75.3608 7.53323
75.3508 7.50999
75.3407 7.48626
75.3305 7.46201
75.3187 7.43747
75.3048 7.41267
75.2907 7.38737
75.2765 7.36157
75.2622 7.33527
75.2476 7.30846
75.233 7.28114
75.2181 7.25331
75.2031 7.22496
75.1879 7.19608
75.1725 7.16669
75.1569 7.13676
75.1411 7.1063
75.1247 7.07537
75.1065 7.04416
75.088 7.01242
75.0694 6.98015
75.0505 6.94734
75.0313 6.91395
75.0119 6.8768
74.9922 6.83903
74.9724 6.80058
74.9524 6.7615
74.9322 6.72177
74.9117 6.6814
74.8909 6.64038
74.8668 6.59842
74.842 6.55187
74.8167 6.50462
74.7907 6.45667
74.7638 6.40807
74.7377 6.35839
74.7115 6.30784
74.6767 6.25866
74.6348 6.21052
74.5942 6.16122
74.5543 6.1109
74.5136 6.05995
74.472 6.00839
74.4132 5.96044
74.3446 5.91296
74.2934 5.85945
74.2416 5.80525
74.1891 5.75036
74.1471 5.69126
74.1082 5.63017
74.0661 5.56907
74.0232 5.50716
73.9799 5.44431
73.9361 5.38055
73.8917 5.31592
73.8469 5.25032
73.8017 5.18375
73.756 5.11619
73.7239 5.04244
73.6926 4.96761
73.661 4.89172
73.6222 4.78355
73.5817 4.67449
73.5405 4.56397
73.4989 4.45183
73.4569 4.33803
73.4128 4.17147
73.3677 3.98827
73.3222 3.80222
73.2761 3.61322
73.2286 3.42196
73.1798 3.22828
73.1305 3.04382
73.0796 2.96131
73.0215 2.87585
72.959 2.77694
72.9026 2.67357
72.8616 2.56041
72.8211 2.48813
72.8038 2.47351
72.7721 2.46022
72.7283 2.44802
72.6409 2.4394
72.6498 2.42145
72.4482 2.4178
72.2033 2.43334
72.1558 2.42629
72.1266 2.42607
72.0973 2.42614
72.0737 2.45625
72.0507 2.48983
72.027 2.53244
72.0024 2.59023
71.9776 2.64868
71.9527 2.70784
71.9304 2.74415
71.91 2.7311
71.8893 2.71242
71.8684 2.69359
71.8473 2.67462
71.8261 2.62256
71.8028 2.5681
71.7794 2.51321
71.7542 2.38252
71.7286 2.24307
71.7041 2.10223
71.6797 1.96052
71.6549 1.81831
71.6295 1.67582
71.6039 1.53263
71.5793 1.38795
71.5565 1.24132
71.532 1.06252
71.5065 0.861583
71.4809 0.659618
71.4544 0.457349
71.4278 0.25401
71.4011 0.0496272
71.3775 -0.158818
71.3542 -0.368846
71.3308 -0.580055
71.3074 -0.792463
71.283 -1.00518
71.2573 -1.21794
71.2331 -1.43353
71.2121 -1.6536
71.1906 -1.86788
71.1681 -2.07448
71.1456 -2.28237
71.124 -2.49245
71.1059 -2.70736
71.0878 -2.92377
71.0697 -3.14161
71.0509 -3.36026
71.031 -3.57938
71.011 -3.79998
70.991 -4.0221
70.9709 -4.24576
70.9543 -4.47458
70.937 -4.66112
70.9196 -4.84762
70.9022 -5.0355
70.8846 -5.22477
70.8671 -5.41545
70.849 -5.60718
70.83 -5.79963
70.8141 -5.99642
70.7983 -6.19473
70.7824 -6.39463
70.7664 -6.59615
70.7504 -6.79934
70.7354 -7.00517
70.7203 -7.21271
70.705 -7.42191
70.6897 -7.63293
70.6743 -7.84581
70.6588 -8.06059
70.6433 -8.2773
70.6278 -8.496
70.6122 -8.71672
70.5965 -8.93952
70.5808 -9.16444
70.565 -9.39154
70.5492 -9.62087
70.5333 -9.85248
70.5175 -10.0739
70.5031 -10.2114
70.4887 -10.3496
70.4742 -10.4885
70.4597 -10.6281
70.4451 -10.7684
70.4305 -10.9094
70.4158 -11.0512
70.4011 -11.1937
70.3863 -11.337
70.3715 -11.481
70.3583 -11.5558
70.3455 -11.6114
70.3327 -11.667
70.3199 -11.7223
70.307 -11.7776
70.294 -11.8327
70.2811 -11.8877
70.268 -11.9426
70.255 -11.9973
70.2419 -12.0518
70.2287 -12.1061
70.2155 -12.1602
70.2022 -12.2141
70.1889 -12.2678
70.1756 -12.3213
70.1644 -12.352
70.1538 -12.377
70.1431 -12.4017
70.1324 -12.4261
70.1216 -12.4501
70.1109 -12.4739
70.1001 -12.4973
70.0892 -12.5203
70.0783 -12.543
70.0675 -12.5653
70.0565 -12.5873
70.0472 -12.634
70.0386 -12.6942
70.0301 -12.7546
70.0216 -12.8152
70.013 -12.8759
70.0044 -12.9367
69.9964 -12.9565
69.9887 -12.9676
69.9819 -12.9969
69.9751 -13.0263
69.9683 -13.0557
69.9614 -13.0852
69.9546 -13.1148
69.9477 -13.1444
69.9409 -13.1741
69.934 -13.2039
69.9271 -13.2337
69.9212 -13.2243
69.9156 -13.2006
69.91 -13.1768
69.9044 -13.153
69.8987 -13.1291
69.8931 -13.1052
69.8875 -13.0811
69.8819 -13.0571
69.8762 -13.0329
69.8706 -13.0087
69.8649 -12.9844
69.8592 -12.96
69.8536 -12.9356
69.8479 -12.9111
69.8429 -12.8793
69.839 -12.8369
69.835 -12.7945
69.8311 -12.752
69.8272 -12.7095
69.8232 -12.6669
69.8193 -12.6242
69.8153 -12.5815
69.8113 -12.5387
69.8074 -12.4958
69.8036 -12.4552
69.8011 -12.4315
69.7987 -12.4079
69.7962 -12.3842
69.7937 -12.3606
69.7913 -12.3369
69.7888 -12.3132
69.7864 -12.2908
69.7844 -12.2817
69.7824 -12.2727
69.7805 -12.2637
69.7785 -12.2547
69.7765 -12.2457
69.7746 -12.2367
69.7726 -12.2278
69.7707 -12.2189
69.7687 -12.21
69.7667 -12.2011
69.7648 -12.1923
69.7628 -12.1834
69.7608 -12.1746
69.7589 -12.1658
69.7569 -12.157
69.7549 -12.1483
69.753 -12.1395
69.751 -12.1308
69.749 -12.1221
69.7471 -12.1134
69.7451 -12.1047
69.7431 -12.0961
69.7412 -12.0875
69.7392 -12.0788
69.7372 -12.0703
69.7352 -12.0617
69.7333 -12.0531
69.7313 -12.0446
69.7293 -12.0361
69.7274 -12.0276
69.7254 -12.0191
69.7234 -12.0107
69.7215 -12.0023
69.7195 -11.9939
69.7175 -11.9855
69.7155 -11.9771
69.7136 -11.9688
69.7116 -11.9604
69.7096 -11.9521
69.7077 -11.9438
69.7057 -11.9356
69.7037 -11.9273
69.7017 -11.9191
69.6998 -11.9109
69.6978 -11.9027
69.6958 -11.8945
69.6938 -11.8864
69.6919 -11.8782
69.6899 -11.8701
69.6879 -11.862
69.6859 -11.854
69.684 -11.8459
69.682 -11.8379
69.68 -11.8299
69.678 -11.8219
69.6761 -11.8139
69.6741 -11.806
69.6721 -11.7981
69.6701 -11.7901
69.6682 -11.7823
69.6662 -11.7744
69.6642 -11.7666
69.6622 -11.7587
69.6602 -11.7509
69.6583 -11.7432
69.6563 -11.7354
69.6543 -11.7277
69.6523 -11.7199
69.6504 -11.7122
69.6484 -11.7046
69.6464 -11.6969
69.6444 -11.6893
69.6425 -11.6817
69.641 -11.6741
69.6395 -11.6665
69.638 -11.659
69.6365 -11.6514
69.635 -11.6439
69.6335 -11.6364
69.632 -11.629
69.6305 -11.6215
69.6292 -11.6141
69.6286 -11.6067
69.6279 -11.5994
69.6272 -11.592
69.6265 -11.5847
69.6259 -11.5774
69.6252 -11.5701
69.6245 -11.5628
69.6238 -11.5556
69.6232 -11.5484
69.6225 -11.5412
69.6218 -11.534
69.6212 -11.5269
69.6215 -11.5197
69.6219 -11.5126
69.6222 -11.5056
69.6226 -11.4985
69.623 -11.4915
69.6233 -11.4845
69.6237 -11.4775
69.624 -11.4705
69.6244 -11.4636
69.6247 -11.4567
69.6256 -11.4498
69.6268 -11.4429
69.628 -11.4361
69.6293 -11.4293
69.6305 -11.4225
69.6318 -11.4157
69.633 -11.4089
69.6344 -11.4022
69.636 -11.3955
69.6375 -11.3888
69.639 -11.3822
69.6404 -11.3756
69.6419 -11.3689
69.6433 -11.3624
69.6447 -11.3558
69.6462 -11.3493
69.6476 -11.3427
69.6491 -11.3363
69.6505 -11.3298
69.652 -11.3233
69.6533 -11.3169
69.6543 -11.3105
69.6554 -11.3041
69.6564 -11.2978
69.6575 -11.2914
69.6585 -11.2851
69.6596 -11.2788
69.6606 -11.2726
69.6617 -11.2663
69.6628 -11.2601
69.6638 -11.2539
69.6649 -11.2478
69.6659 -11.2416
69.667 -11.2355
69.668 -11.2294
69.6691 -11.2233
69.6701 -11.2173
69.6708 -11.2113
69.6714 -11.2052
69.672 -11.1993
69.6726 -11.1933
69.6732 -11.1874
69.6738 -11.1814
69.6744 -11.1756
69.675 -11.1697
69.6756 -11.1639
69.6762 -11.158
69.6768 -11.1522
69.6774 -11.1465
69.678 -11.1407
69.6786 -11.135
69.6792 -11.1293
69.6798 -11.1236
69.6804 -11.118
69.681 -11.1124
69.6816 -11.1068
69.682 -11.1012
69.6823 -11.0956
69.6825 -11.0901
69.6827 -11.0846
69.683 -11.0791
69.6832 -11.0737
69.6834 -11.0682
69.6837 -11.0628
69.6839 -11.0574
69.6841 -11.0521
69.6844 -11.0467
69.6846 -11.0414
69.6848 -11.0361
69.6851 -11.0309
69.6852 -11.0256
69.6852 -11.0204
69.6853 -11.0152
69.6853 -11.0101
69.6853 -11.0049
69.6853 -10.9998
69.6853 -10.9947
69.6853 -10.9897
69.6853 -10.9846
69.6854 -10.9796
69.6854 -10.9746
69.6854 -10.9697
69.6854 -10.9647
69.6854 -10.9598
69.6854 -10.9549
69.6854 -10.9501
69.6855 -10.9452
69.6855 -10.9404
69.6855 -10.9356
69.6855 -10.9309
69.6855 -10.9262
69.6855 -10.9214
69.6855 -10.9168
69.6855 -10.9121
69.6855 -10.9075
69.6856 -10.9029
69.6856 -10.8983
69.6856 -10.8937
69.6856 -10.8892
69.6856 -10.8847
69.6856 -10.8802
69.6856 -10.8758
69.6856 -10.8714
69.6856 -10.867
69.6856 -10.8626
69.6856 -10.8583
69.6856 -10.854
69.6856 -10.8497
69.6856 -10.8454
69.6856 -10.8412
69.6856 -10.837
69.6856 -10.8328
69.6856 -10.8286
69.6857 -10.8245
69.6857 -10.8204
69.6857 -10.8163
69.6857 -10.8123
69.6857 -10.8082
69.6857 -10.8042
69.6857 -10.8003
69.6857 -10.7963
69.6857 -10.7924
69.6857 -10.7885
69.6857 -10.7847
69.6857 -10.7808
69.6857 -10.777
69.6856 -10.7733
69.6856 -10.7695
69.6856 -10.7658
69.6856 -10.7621
69.6856 -10.7584
69.6856 -10.7548
69.6856 -10.7512
69.6856 -10.7476
69.6856 -10.744
69.6856 -10.7405
69.6856 -10.737
69.6856 -10.7335
69.6856 -10.7301
69.6856 -10.7267
69.6856 -10.7233
69.6856 -10.7199
69.6856 -10.7166
69.6856 -10.7133
69.6855 -10.71
69.6855 -10.7067
69.6855 -10.7035
69.6855 -10.7003
69.6855 -10.6972
69.6855 -10.694
69.6855 -10.6909
69.6855 -10.6878
69.6855 -10.6848
69.6855 -10.6818
69.6854 -10.6788
69.6854 -10.6758
69.6854 -10.6729
69.6854 -10.6699
69.6854 -10.6671
69.6854 -10.6642
69.6854 -10.6614
69.6853 -10.6586
69.6853 -10.6558
69.6853 -10.6531
69.6853 -10.6504
69.6853 -10.6477
69.6853 -10.6451
69.6852 -10.6425
69.6852 -10.6399
69.6852 -10.6373
69.6852 -10.6348
69.6852 -10.6323
69.6851 -10.6298
69.6851 -10.6274
69.6851 -10.625
69.6851 -10.6226
69.6851 -10.6202
69.685 -10.6179
69.685 -10.6156
69.685 -10.6134
69.685 -10.6111
69.685 -10.6089
69.6849 -10.6068
69.6849 -10.6046
69.6849 -10.6025
69.6849 -10.6004
69.6848 -10.5984
69.6848 -10.5964
69.6848 -10.5944
69.6848 -10.5924
69.6847 -10.5905
69.6847 -10.5886
69.6847 -10.5867
69.6846 -10.5849
69.6846 -10.5831
69.6846 -10.5813
69.6846 -10.5796
69.6845 -10.5778
69.6845 -10.5762
69.6845 -10.5745
69.6844 -10.5729
69.6844 -10.5713
69.6844 -10.5697
69.6843 -10.5682
69.6843 -10.5667
69.6843 -10.5653
69.6842 -10.5638
69.6842 -10.5624
69.6842 -10.5611
69.6841 -10.5597
69.6841 -10.5584
69.6841 -10.5571
69.684 -10.5559
69.684 -10.5547
69.684 -10.5535
69.6839 -10.5524
69.6839 -10.5513
69.6839 -10.5502
69.6838 -10.5491
69.6838 -10.5481
69.6837 -10.5471
69.6837 -10.5462
69.6837 -10.5453
69.6836 -10.5444
69.6836 -10.5435
69.6835 -10.5427
69.6835 -10.5419
69.6835 -10.5411
69.6834 -10.5404
69.6834 -10.5397
69.6833 -10.5391
69.6833 -10.5384
69.6832 -10.5378
69.6832 -10.5373
69.6831 -10.5368
69.6831 -10.5363
69.6831 -10.5358
69.683 -10.5354
69.683 -10.535
69.6829 -10.5346
69.6829 -10.5343
69.6828 -10.534
69.6828 -10.5338
69.6827 -10.5335
69.6827 -10.5333
69.6826 -10.5332
69.6826 -10.5331
69.6825 -10.533
69.6825 -10.5329
69.6824 -10.5329
69.6824 -10.5338
69.6822 -10.5471
69.6821 -10.5604
69.682 -10.5737
69.6819 -10.587
69.6817 -10.6004
69.6816 -10.6139
69.6815 -10.6274
69.6814 -10.6409
69.6813 -10.6544
69.6811 -10.668
69.681 -10.6817
69.6809 -10.6953
69.6807 -10.709
69.6806 -10.7228
69.6805 -10.7366
69.6804 -10.7504
69.6802 -10.7643
69.6801 -10.7782
69.68 -10.7922
69.6798 -10.8062
69.6797 -10.8202
69.6795 -10.8512
69.6791 -10.8966
69.6788 -10.942
69.6784 -10.9875
69.6781 -11.0329
69.6777 -11.0784
69.6774 -11.1239
69.677 -11.1694
69.6767 -11.2149
69.6763 -11.2605
69.676 -11.3061
69.6756 -11.3517
69.6753 -11.3973
69.6749 -11.4429
69.6746 -11.4886
69.6742 -11.5343
69.6739 -11.58
69.6735 -11.6257
69.6732 -11.6714
69.6728 -11.7172
69.6725 -11.763
69.6721 -11.8088
69.6718 -11.8546
69.6714 -11.9005
69.6711 -11.9463
69.6707 -11.9922
69.6704 -12.0381
69.67 -12.0841
69.6697 -12.13
69.6693 -12.176
69.6689 -12.222
69.6685 -12.2711
69.6679 -12.338
69.6673 -12.4049
69.6667 -12.4718
69.6661 -12.5387
69.6655 -12.6056
69.6648 -12.6724
69.6642 -12.7393
69.6636 -12.8062
69.663 -12.873
69.6624 -12.9398
69.6617 -13.0067
69.6611 -13.0735
69.6605 -13.1403
69.6599 -13.2071
69.6593 -13.2738
69.6586 -13.3406
69.658 -13.4074
69.6574 -13.4741
69.6568 -13.5409
69.6562 -13.6076
69.6555 -13.6743
69.6549 -13.741
69.6543 -13.8077
69.6537 -13.8744
69.6531 -13.9411
69.6524 -14.0078
69.6518 -14.0744
69.6512 -14.1411
69.6506 -14.2077
69.6499 -14.2744
69.6493 -14.341
69.6487 -14.4076
69.6481 -14.4742
69.6475 -14.5408
69.6468 -14.6073
69.6462 -14.6739
69.6456 -14.7405
69.645 -14.807
69.6443 -14.8736
69.6437 -14.9401
69.6431 -15.0066
69.6425 -15.0731
69.6418 -15.1396
69.6412 -15.2061
69.6406 -15.2725
69.64 -15.3388
69.6391 -15.4015
69.6383 -15.4643
69.6375 -15.527
69.6367 -15.5897
69.6359 -15.6524
69.6351 -15.7151
69.6343 -15.7778
69.6335 -15.8404
69.6327 -15.9031
69.6318 -15.9657
69.631 -16.0283
69.6302 -16.0909
69.6294 -16.1535
69.6286 -16.216
69.6278 -16.2785
69.627 -16.3411
69.6262 -16.4036
69.6253 -16.466
69.6245 -16.5285
69.6237 -16.5909
69.6229 -16.6534
69.6221 -16.7158
69.6213 -16.7782
69.6205 -16.8406
69.6197 -16.9029
69.6188 -16.9653
69.618 -17.0276
69.6172 -17.0899
69.6164 -17.1522
69.6156 -17.2145
69.6148 -17.2767
69.614 -17.339
69.6132 -17.4012
69.6123 -17.4634
69.6115 -17.5256
69.6107 -17.5877
69.6099 -17.6499
69.609 -17.6993
69.608 -17.7474
69.6071 -17.7955
69.6061 -17.8437
69.6052 -17.8918
69.6042 -17.9399
69.6032 -17.988
69.6023 -18.0362
69.6013 -18.0843
69.6004 -18.1324
69.5994 -18.1805
69.5985 -18.2286
69.5975 -18.2768
69.5966 -18.3249
69.5956 -18.373
69.5947 -18.4211
69.5937 -18.4693
69.5928 -18.5174
69.5918 -18.5655
69.5909 -18.6136
69.5899 -18.6618
69.589 -18.7099
69.588 -18.758
69.5871 -18.8061
69.5861 -18.8543
69.5852 -18.9024
69.5842 -18.9505
69.5833 -18.9986
69.5823 -19.0467
69.5814 -19.0949
69.5804 -19.143
69.5795 -19.1911
69.5785 -19.2392
69.5776 -19.2874
69.5766 -19.3355
69.5757 -19.3836
69.5747 -19.4317
69.5738 -19.4799
69.5728 -19.528
69.5719 -19.5761
69.5709 -19.6242
69.57 -19.6724
69.569 -19.7205
69.5681 -19.7686
69.5671 -19.8167
69.5662 -19.8648
69.5652 -19.913
69.5643 -19.9611
69.5633 -20.0092
69.5624 -20.0573
69.5615 -20.1055
69.5605 -20.1536
69.5596 -20.2017
69.5586 -20.2498
69.5577 -20.2979
69.5567 -20.3461
69.5558 -20.3942
69.5548 -20.4423
69.5539 -20.4904
69.5529 -20.5386
69.552 -20.5867
69.551 -20.6348
69.5501 -20.6829
69.5491 -20.7311
69.5482 -20.7792
69.5472 -20.8273
69.5463 -20.8754
69.5454 -20.9235
69.5444 -20.9717
69.5435 -21.0198
69.5425 -21.0679
69.5416 -21.116
69.5406 -21.1642
69.5397 -21.2123
69.5387 -21.2604
69.5378 -21.3085
69.5368 -21.3566
69.5359 -21.4048
69.535 -21.4529
69.534 -21.501
69.5331 -21.5491
69.5321 -21.5973
69.5312 -21.6454
69.5302 -21.6935
69.5293 -21.7416
69.5283 -21.7897
69.5274 -21.8379
69.5265 -21.886
69.5255 -21.9341
69.5246 -21.9822
69.5236 -22.0303
69.5227 -22.0785
69.5217 -22.1266
69.5208 -22.1747
69.5199 -22.2228
69.5189 -22.271
69.518 -22.3191
69.517 -22.3672
69.5161 -22.4153
69.5151 -22.4634
69.5142 -22.5116
69.5133 -22.5597
69.5123 -22.6078
69.5114 -22.6559
69.5104 -22.704
69.5095 -22.7522
69.5085 -22.8003
69.5076 -22.8484
69.5067 -22.8965
69.5057 -22.9446
69.5048 -22.9928
69.5038 -23.0409
69.5029 -23.089
69.502 -23.1371
69.501 -23.1853
69.5001 -23.2334
69.4991 -23.2815
69.4982 -23.3296
69.4973 -23.3777
69.4963 -23.4259
69.4954 -23.474
69.4944 -23.5221
69.4935 -23.5702
69.4926 -23.6183
69.4916 -23.6665
69.4907 -23.7146
69.4897 -23.7627
69.4888 -23.8108
69.4879 -23.8589
69.4869 -23.9071
69.486 -23.9552
69.485 -24.0033
69.4841 -24.0514
69.4832 -24.0995
69.4822 -24.1477
69.4813 -24.1958
69.4803 -24.2439
69.4794 -24.292
69.4785 -24.3401
69.4775 -24.3883
69.4766 -24.4364
69.4756 -24.4845
69.4747 -24.5326
69.4738 -24.5807
69.4728 -24.6289
69.4719 -24.677
69.471 -24.7251
69.47 -24.7732
69.4691 -24.8213
69.4681 -24.8694
69.4672 -24.9176
69.4663 -24.9657
69.4653 -25.0138
69.4644 -25.0619
69.4635 -25.11
69.4625 -25.1582
69.4616 -25.2063
69.4607 -25.2544
69.4597 -25.3025
69.4588 -25.3506
69.4578 -25.3988
69.4569 -25.4469
69.456 -25.495
69.455 -25.5431
69.4541 -25.5912
69.4532 -25.6393
69.4522 -25.6875
69.4513 -25.7356
69.4504 -25.7837
69.4494 -25.8318
69.4485 -25.8799
69.4475 -25.9281
69.4466 -25.9762
69.4457 -26.0243
69.4447 -26.0724
69.4438 -26.1205
69.4429 -26.1687
69.4419 -26.2168
69.441 -26.2649
69.4401 -26.313
69.4391 -26.3611
69.4382 -26.4092
69.4373 -26.4574
69.4363 -26.5055
69.4354 -26.5536
69.4345 -26.6017
69.4335 -26.6498
69.4326 -26.698
69.4317 -26.7461
69.4307 -26.7942
69.4298 -26.8423
69.4289 -26.8904
69.4279 -26.9385
69.427 -26.9867
69.4261 -27.0348
69.4251 -27.0829
69.4242 -27.131
69.4233 -27.1791
69.4223 -27.2273
69.4214 -27.2754
69.4205 -27.3156
69.4197 -27.3343
69.4189 -27.3531
69.4181 -27.3718
69.4173 -27.3906
69.4166 -27.4093
69.4158 -27.4281
69.415 -27.4468
69.4142 -27.4656
69.4134 -27.4843
69.4126 -27.5031
69.4118 -27.5218
69.411 -27.5406
69.4102 -27.5593
69.4094 -27.5781
69.4086 -27.5968
69.4079 -27.6156
69.4071 -27.6343
69.4063 -27.6531
69.4055 -27.6718
69.4047 -27.6906
69.4039 -27.7093
69.4031 -27.7281
69.4023 -27.7468
69.4015 -27.7656
69.4007 -27.7843
69.4 -27.8031
69.3992 -27.8218
69.3984 -27.8406
69.3976 -27.8593
69.3968 -27.8781
69.396 -27.8968
69.3952 -27.9156
69.3944 -27.9343
69.3936 -27.9531
69.3929 -27.9718
69.3921 -27.9906
69.3913 -28.003
69.3907 -27.9969
69.3901 -27.9909
69.3895 -27.9848
69.3889 -27.9787
69.3883 -27.9727
69.3877 -27.9666
69.3871 -27.9605
69.3865 -27.9545
69.386 -27.9484
69.3854 -27.9423
69.3848 -27.9363
69.3842 -27.9302
69.3836 -27.9241
69.383 -27.9181
69.3824 -27.912
69.3818 -27.9059
69.3812 -27.8999
69.3806 -27.8938
69.38 -27.8877
69.3794 -27.8817
69.3788 -27.8756
69.3782 -27.8696
69.3776 -27.8635
69.377 -27.8574
69.3764 -27.8514
69.3758 -27.8453
69.3752 -27.8392
69.3746 -27.8332
69.374 -27.8271
69.3734 -27.821
69.3729 -27.815
69.3723 -27.8089
69.3717 -27.8028
69.3711 -27.7968
69.3705 -27.7907
69.3699 -27.7846
69.3693 -27.7786
69.3687 -27.7725
69.3681 -27.7664
69.3675 -27.7604
69.3669 -27.7543
69.3663 -27.7483
69.3657 -27.7422
69.3651 -27.7361
69.3645 -27.7301
69.3639 -27.724
69.3636 -27.7099
69.3633 -27.6957
69.363 -27.6815
69.3626 -27.6673
69.3623 -27.6531
69.362 -27.6389
69.3617 -27.6247
69.3613 -27.6104
69.361 -27.5962
69.3607 -27.582
69.3603 -27.5678
69.36 -27.5536
69.3597 -27.5394
69.3594 -27.5252
69.359 -27.511
69.3587 -27.4968
69.3584 -27.4826
69.3581 -27.4684
69.3577 -27.4542
69.3574 -27.44
69.3571 -27.4258
69.3568 -27.4116
69.3564 -27.3974
69.3561 -27.3832
69.3558 -27.369
69.3555 -27.3548
69.3551 -27.3406
69.3548 -27.3264
69.3545 -27.3122
69.3542 -27.298
69.3538 -27.2838
69.3535 -27.2696
69.3533 -27.2615
69.3532 -27.2555
69.3531 -27.2496
69.353 -27.2436
69.3529 -27.2376
69.3528 -27.2317
69.3527 -27.2257
69.3526 -27.2198
69.3525 -27.2138
69.3524 -27.2079
69.3522 -27.2019
69.3521 -27.1959
69.352 -27.19
69.3519 -27.184
69.3518 -27.1781
69.3517 -27.1721
69.3516 -27.1662
69.3515 -27.1602
69.3514 -27.1543
69.3513 -27.1483
69.3511 -27.1423
69.351 -27.1364
69.3509 -27.1311
69.3509 -27.1311
69.3509 -27.1311
69.3508 -27.1311
69.3508 -27.1311
69.3507 -27.131
69.3507 -27.131
69.3507 -27.131
69.3506 -27.131
69.3506 -27.131
69.3505 -27.131
69.3505 -27.131
69.3505 -27.1309
69.3504 -27.1309
69.3504 -27.1309
69.3503 -27.1309
69.3503 -27.1309
69.3503 -27.1309
69.3502 -27.1308
69.3502 -27.1308
69.3501 -27.1308
69.3501 -27.1308
69.3501 -27.1308
69.35 -27.1308
69.35 -27.1308
69.35 -27.1307
69.3499 -27.1307
69.3499 -27.1307
69.3498 -27.1307
69.3498 -27.1307
69.3498 -27.1307
69.3497 -27.1306
69.3497 -27.1306
69.3497 -27.1306
69.3496 -27.1306
69.3496 -27.1306
69.3495 -27.1306
69.3495 -27.1306
69.3495 -27.1305
69.3494 -27.1305
69.3494 -27.1305
69.3494 -27.1305
69.3493 -27.1305
69.3493 -27.1305
69.3492 -27.1305
69.3492 -27.1304
69.3492 -27.1304
69.3491 -27.1304
69.3491 -27.1304
69.3491 -27.1304
69.349 -27.1304
69.349 -27.1304
69.349 -27.1303
69.3489 -27.1303
69.3489 -27.1303
69.3489 -27.1303
69.3488 -27.1303
69.3488 -27.1303
69.3488 -27.1302
69.3487 -27.1302
69.3487 -27.1302
69.3486 -27.1302
69.3486 -27.1302
69.3486 -27.1302
69.3485 -27.1302
69.3485 -27.1301
69.3485 -27.1301
69.3484 -27.1301
69.3484 -27.1301
69.3484 -27.1301
69.3483 -27.1301
69.3483 -27.1301
69.3483 -27.13
69.3482 -27.13
69.3482 -27.13
69.3482 -27.13
69.3481 -27.13
69.3481 -27.13
69.3481 -27.1299
69.348 -27.1299
69.348 -27.1299
69.348 -27.1299
69.3479 -27.1299
69.3479 -27.1299
69.3479 -27.1299
69.3478 -27.1298
69.3478 -27.1298
69.3478 -27.1298
69.3478 -27.1298
69.3477 -27.1298
69.3477 -27.1298
69.3477 -27.1298
69.3476 -27.1297
69.3476 -27.1297
69.3476 -27.1297
69.3475 -27.1297
69.3475 -27.1297
69.3475 -27.1297
69.3474 -27.1297
69.3474 -27.1296
69.3474 -27.1296
69.3473 -27.1296
69.3473 -27.1296
69.3473 -27.1296
69.3473 -27.1296
69.3472 -27.1296
69.3472 -27.1295
69.3472 -27.1295
69.3471 -27.1295
69.3471 -27.1295
69.3471 -27.1295
69.347 -27.1295
69.347 -27.1294
69.347 -27.1294
69.347 -27.1294
69.3469 -27.1294
69.3469 -27.1294
69.3469 -27.1294
69.3468 -27.1294
69.3468 -27.1293
69.3468 -27.1293
69.3468 -27.1293
69.3467 -27.1293
69.3467 -27.1293
69.3467 -27.1293
69.3466 -27.1293
69.3466 -27.1292
69.3466 -27.1292
69.3466 -27.1292
69.3465 -27.1292
69.3465 -27.1292
69.3465 -27.1292
69.3464 -27.1292
69.3464 -27.1291
69.3464 -27.1291
69.3464 -27.1291
69.3463 -27.1291
69.3463 -27.1291
69.3463 -27.1291
69.3463 -27.1291
69.3462 -27.129
69.3462 -27.129
69.3462 -27.129
69.3462 -27.129
69.3461 -27.129
69.3461 -27.129
69.3461 -27.129
69.3461 -27.1289
69.346 -27.1289
69.346 -27.1289
69.346 -27.1289
69.3459 -27.1289
69.3459 -27.1289
69.3459 -27.1288
69.3459 -27.1288
69.3458 -27.1288
69.3458 -27.1288
69.3458 -27.1288
69.3458 -27.1288
69.3457 -27.1288
69.3457 -27.1287
69.3457 -27.1287
69.3457 -27.1287
69.3456 -27.1287
69.3456 -27.1287
69.3456 -27.1287
69.3456 -27.1287
69.3456 -27.1286
69.3455 -27.1286
69.3455 -27.1286
69.3455 -27.1286
69.3455 -27.1286
69.3454 -27.1286
69.3454 -27.1286
69.3454 -27.1285
69.3454 -27.1285
69.3453 -27.1285
69.3453 -27.1285
69.3453 -27.1285
69.3453 -27.1285
69.3453 -27.1285
69.3452 -27.1284
69.3452 -27.1284
69.3452 -27.1284
69.3452 -27.1284
69.3451 -27.1284
69.3451 -27.1284
69.3451 -27.1284
69.3451 -27.1283
69.3451 -27.1283
69.345 -27.1283
69.345 -27.1283
69.345 -27.1283
69.345 -27.1283
69.3449 -27.1283
69.3449 -27.1282
69.3449 -27.1282
69.3449 -27.1282
69.3449 -27.1282
69.3448 -27.1282
69.3448 -27.1282
69.3448 -27.1282
69.3448 -27.1281
69.3448 -27.1281
69.3447 -27.1281
69.3447 -27.1281
69.3447 -27.1281
69.3447 -27.1281
69.3447 -27.1281
69.3446 -27.128
69.3446 -27.128
69.3446 -27.128
69.3446 -27.128
69.3446 -27.128
69.3445 -27.128
69.3445 -27.128
69.3445 -27.1279
69.3445 -27.1279
69.3445 -27.1279
69.3444 -27.1279
69.3444 -27.1279
69.3444 -27.1279
69.3444 -27.1279
69.3444 -27.1278
69.3444 -27.1278
69.3443 -27.1278
69.3443 -27.1278
69.3443 -27.1278
69.3443 -27.1278
69.3443 -27.1278
69.3442 -27.1277
69.3442 -27.1277
69.3442 -27.1277
69.3442 -27.1277
69.3442 -27.1277
69.3442 -27.1277
69.3441 -27.1277
69.3441 -27.1276
69.3441 -27.1276
69.3441 -27.1276
69.3441 -27.1276
69.3441 -27.1276
69.344 -27.1276
69.344 -27.1276
69.344 -27.1275
69.344 -27.1275
69.344 -27.1275
69.344 -27.1275
69.3439 -27.1275
69.3439 -27.1275
69.3439 -27.1275
69.3439 -27.1274
69.3439 -27.1274
69.3439 -27.1274
69.3439 -27.1274
69.3438 -27.1274
69.3438 -27.1274
69.3438 -27.1274
69.3438 -27.1273
69.3438 -27.1273
69.3438 -27.1273
69.3438 -27.1273
69.3437 -27.1273
69.3437 -27.1273
69.3437 -27.1273
69.3437 -27.1272
69.3437 -27.1272
69.3437 -27.1272
69.3437 -27.1272
69.3436 -27.1272
69.3436 -27.1272
69.3436 -27.1272
69.3436 -27.1271
69.3436 -27.1271
69.3436 -27.1271
69.3436 -27.1271
69.3435 -27.1271
69.3435 -27.1271
69.3435 -27.1271
69.3435 -27.127
69.3435 -27.127
69.3435 -27.127
69.3435 -27.127
69.3435 -27.127
69.3434 -27.127
69.3434 -27.127
69.3434 -27.1269
69.3434 -27.1269
69.3434 -27.1269
69.3434 -27.1269
69.3434 -27.1269
69.3434 -27.1269
69.3434 -27.1269
69.3433 -27.1268
69.3433 -27.1268
69.3433 -27.1268
69.3433 -27.1268
69.3433 -27.1268
69.3433 -27.1268
69.3433 -27.1268
69.3433 -27.1267
69.3433 -27.1267
69.3432 -27.1267
69.3432 -27.1267
69.3432 -27.1267
69.3432 -27.1267
69.3432 -27.1267
69.3432 -27.1266
69.3432 -27.1266
69.3432 -27.1266
69.3432 -27.1266
69.3432 -27.1266
69.3431 -27.1266
69.3431 -27.1266
69.3431 -27.1265
69.3431 -27.1265
69.3431 -27.1265
69.3431 -27.1265
69.3431 -27.1265
69.3431 -27.1265
69.3431 -27.1265
69.3431 -27.1264
69.3431 -27.1264
69.3431 -27.1264
69.343 -27.1264
69.343 -27.1264
69.343 -27.1264
69.343 -27.1264
69.343 -27.1264
69.343 -27.1263
69.343 -27.1263
69.343 -27.1263
69.343 -27.1263
69.343 -27.1263
69.343 -27.1263
69.343 -27.1263
69.343 -27.1262
69.3429 -27.1262
69.3429 -27.1262
69.3429 -27.1262
69.3429 -27.1262
69.3429 -27.1262
69.3429 -27.1262
69.3429 -27.1261
69.3429 -27.1261
69.3429 -27.1261
69.3429 -27.1261
69.3429 -27.1261
69.3429 -27.1261
69.3429 -27.1261
69.3429 -27.126
69.3429 -27.126
69.3429 -27.126
69.3429 -27.126
69.3428 -27.126
69.3428 -27.126
69.3428 -27.126
69.3428 -27.1259
69.3428 -27.1259
69.3428 -27.1259
69.3428 -27.1259
69.3428 -27.1259
69.3428 -27.1259
69.3428 -27.1259
69.3428 -27.1259
69.3428 -27.1258
69.3428 -27.1258
69.3428 -27.1258
69.3428 -27.1258
69.3428 -27.1258
69.3428 -27.1258
69.3428 -27.1258
69.3428 -27.1257
69.3428 -27.1257
69.3428 -27.1257
69.3428 -27.1257
69.3428 -27.1257
69.3428 -27.1257
69.3428 -27.1257
69.3428 -27.1256
69.3427 -27.1256
69.3427 -27.1256
69.3427 -27.1256
69.3427 -27.1256
69.3427 -27.1256
69.3427 -27.1256
69.3427 -27.1255
69.3427 -27.1255
69.3427 -27.1255
69.3427 -27.1255
69.3427 -27.1255
69.3427 -27.1255
69.3427 -27.1255
69.3427 -27.1255
69.3427 -27.1254
69.3427 -27.1254
69.3427 -27.1254
69.3427 -27.1254
69.3427 -27.1254
69.3427 -27.1254
69.3427 -27.1254
69.3427 -27.1253
69.3427 -27.1253
69.3427 -27.1253
69.3427 -27.1253
69.3427 -27.1253
69.3427 -27.1253
69.3427 -27.1253
69.3427 -27.1252
69.3427 -27.1252
69.3427 -27.1252
69.3427 -27.1252
69.3427 -27.1252
69.3427 -27.1252
69.3427 -27.1252
69.3427 -27.1251
69.3427 -27.1251
69.3427 -27.1251
69.3427 -27.1251
69.3427 -27.1251
69.3427 -27.1251
69.3427 -27.1251
69.3427 -27.1251
69.3427 -27.125
69.3427 -27.125
69.3427 -27.125
69.3427 -27.125
69.3427 -27.125
69.3427 -27.125
69.3427 -27.125
69.3427 -27.1249
69.3428 -27.1249
69.3428 -27.1249
69.3428 -27.1249
69.3428 -27.1249
69.3428 -27.1249
69.3428 -27.1249
69.3428 -27.1248
69.3428 -27.1248
69.3428 -27.1248
69.3428 -27.1248
69.3428 -27.1248
69.3428 -27.1248
69.3428 -27.1248
69.3428 -27.1248
69.3428 -27.1247
69.3428 -27.1247
69.3428 -27.1247
69.3428 -27.1247
69.3428 -27.1247
69.3428 -27.1247
69.3428 -27.1247
69.3428 -27.1246
69.3428 -27.1246
69.3428 -27.1246
69.3428 -27.1246
69.3428 -27.1246
69.3429 -27.1246
69.3429 -27.1246
69.3429 -27.1245
69.3429 -27.1245
69.3429 -27.1245
69.3429 -27.1245
69.3429 -27.1245
69.3429 -27.1245
69.3429 -27.1245
69.3429 -27.1245
69.3429 -27.1244
69.3429 -27.1244
69.3429 -27.1244
69.3429 -27.1244
69.3429 -27.1244
69.3429 -27.1244
69.343 -27.1244
69.343 -27.1243
69.343 -27.1243
69.343 -27.1243
69.343 -27.1243
69.343 -27.1243
69.343 -27.1243
69.343 -27.1243
69.343 -27.1243
69.343 -27.1242
69.343 -27.1242
69.343 -27.1242
69.343 -27.1242
69.343 -27.1242
69.3431 -27.1242
69.3431 -27.1242
69.3431 -27.1241
69.3431 -27.1241
69.3431 -27.1241
69.3431 -27.1241
69.3431 -27.1241
69.3431 -27.1241
69.3431 -27.1241
69.3431 -27.1241
69.3431 -27.124
69.3432 -27.124
69.3432 -27.124
69.3432 -27.124
69.3432 -27.124
69.3432 -27.124
69.3432 -27.124
69.3432 -27.1239
69.3432 -27.1239
69.3432 -27.1239
69.3432 -27.1239
69.3433 -27.1239
69.3433 -27.1239
69.3433 -27.1239
69.3433 -27.1239
69.3433 -27.1238
69.3433 -27.1238
69.3433 -27.1238
69.3433 -27.1238
69.3433 -27.1238
69.3433 -27.1238
69.3434 -27.1238
69.3434 -27.1237
69.3434 -27.1237
69.3434 -27.1237
69.3434 -27.1237
69.3434 -27.1237
69.3434 -27.1237
69.3434 -27.1237
69.3435 -27.1237
69.3435 -27.1236
69.3435 -27.1236
69.3435 -27.1236
69.3435 -27.1236
69.3435 -27.1236
69.3435 -27.1236
69.3435 -27.1236
69.3436 -27.1235
69.3436 -27.1235
69.3436 -27.1235
69.3436 -27.1235
69.3436 -27.1235
69.3436 -27.1235
69.3436 -27.1235
69.3436 -27.1235
69.3437 -27.1234
69.3437 -27.1234
69.3437 -27.1234
69.3437 -27.1234
69.3437 -27.1234
69.3437 -27.1234
69.3437 -27.1234
69.3438 -27.1233
69.3438 -27.1233
69.3438 -27.1233
69.3438 -27.1233
69.3438 -27.1233
69.3438 -27.1233
69.3439 -27.1233
69.3439 -27.1233
69.3439 -27.1232
69.3439 -27.1232
69.3439 -27.1232
69.3439 -27.1232
69.3439 -27.1232
69.344 -27.1232
69.344 -27.1232
69.344 -27.1231
69.344 -27.1231
69.344 -27.1231
69.344 -27.1231
69.3441 -27.1231
69.3441 -27.1231
69.3441 -27.1231
69.3441 -27.1231
69.3441 -27.123
69.3441 -27.123
69.3442 -27.123
69.3442 -27.123
69.3442 -27.123
69.3442 -27.123
69.3442 -27.123
69.3442 -27.1229
69.3443 -27.1229
69.3443 -27.1229
69.3443 -27.1229
69.3443 -27.1229
69.3443 -27.1229
69.3443 -27.1229
69.3444 -27.1229
69.3444 -27.1228
69.3444 -27.1228
69.3444 -27.1228
69.3444 -27.1228
69.3445 -27.1228
69.3445 -27.1228
69.3445 -27.1228
69.3445 -27.1228
69.3445 -27.1227
69.3446 -27.1227
69.3446 -27.1227
69.3446 -27.1227
69.3446 -27.1227
69.3446 -27.1227
69.3446 -27.1227
69.3447 -27.1226
69.3447 -27.1226
69.3447 -27.1226
69.3447 -27.1226
69.3447 -27.1226
69.3448 -27.1226
69.3448 -27.1226
69.3448 -27.1226
69.3448 -27.1225
69.3449 -27.1225
69.3449 -27.1225
69.3449 -27.1225
69.3449 -27.1225
69.3449 -27.1225
69.345 -27.1225
69.345 -27.1225
69.345 -27.1224
69.345 -27.1224
69.345 -27.1224
69.3451 -27.1224
69.3451 -27.1224
69.3451 -27.1224
69.3451 -27.1224
69.3452 -27.1223
69.3452 -27.1223
69.3452 -27.1223
69.3452 -27.1223
69.3452 -27.1223
69.3453 -27.1223
69.3453 -27.1223
69.3453 -27.1223
69.3453 -27.1222
69.3454 -27.1222
69.3454 -27.1222
69.3454 -27.1222
69.3454 -27.1222
69.3454 -27.1222
69.3455 -27.1222
69.3455 -27.1222
69.3455 -27.1221
69.3455 -27.1221
69.3456 -27.1221
69.3456 -27.1221
69.3456 -27.1221
69.3456 -27.1221
69.3457 -27.1221
69.3457 -27.1221
69.3457 -27.122
69.3457 -27.122
69.3458 -27.122
69.3458 -27.122
69.3458 -27.122
69.3458 -27.122
69.3459 -27.122
69.3459 -27.1219
69.3459 -27.1219
69.3459 -27.1219
69.346 -27.1219
69.346 -27.1219
69.346 -27.1219
69.346 -27.1219
69.3461 -27.1219
69.3461 -27.1218
69.3461 -27.1218
69.3461 -27.1218
69.3462 -27.1218
69.3462 -27.1218
69.3462 -27.1218
69.3462 -27.1218
69.3463 -27.1218
69.3463 -27.1217
69.3463 -27.1217
69.3464 -27.1217
69.3464 -27.1217
69.3464 -27.1217
69.3464 -27.1217
69.3465 -27.1217
69.3465 -27.1217
69.3465 -27.1216
69.3465 -27.1216
69.3466 -27.1216
69.3466 -27.1216
69.3466 -27.1216
69.3467 -27.1216
69.3467 -27.1216
69.3467 -27.1215
69.3467 -27.1215
69.3468 -27.1215
69.3468 -27.1215
69.3468 -27.1215
69.3469 -27.1215
69.3469 -27.1215
69.3469 -27.1215
69.3469 -27.1214
69.347 -27.1214
69.347 -27.1214
69.347 -27.1214
69.3471 -27.1214
69.3471 -27.1214
69.3471 -27.1214
69.3471 -27.1214
69.3472 -27.1213
69.3472 -27.1213
69.3472 -27.1213
69.3473 -27.1213
69.3473 -27.1213
69.3473 -27.1213
69.3474 -27.1213
69.3474 -27.1213
69.3474 -27.1212
69.3475 -27.1212
69.3475 -27.1212
69.3475 -27.1212
69.3475 -27.1212
69.3476 -27.1212
69.3476 -27.1212
69.3476 -27.1212
69.3477 -27.1211
69.3477 -27.1211
69.3477 -27.1211
69.3478 -27.1211
69.3478 -27.1211
69.3478 -27.1211
69.3479 -27.1211
69.3479 -27.1211
69.3479 -27.121
69.348 -27.121
69.348 -27.121
69.348 -27.121
69.3481 -27.121
69.3481 -27.121
69.3481 -27.121
69.3482 -27.121
69.3482 -27.1209
69.3482 -27.1209
69.3483 -27.1209
69.3483 -27.1209
69.3483 -27.1209
69.3484 -27.1209
69.3484 -27.1209
69.3484 -27.1209
69.3485 -27.1208
69.3485 -27.1208
69.3485 -27.1208
69.3486 -27.1208
69.3486 -27.1208
69.3486 -27.1208
69.3487 -27.1208
69.3487 -27.1208
69.3487 -27.1207
69.3488 -27.1207
69.3488 -27.1207
69.3488 -27.1207
69.3489 -27.1207
69.3489 -27.1207
69.3489 -27.1207
69.349 -27.1207
69.349 -27.1206
69.349 -27.1206
69.3491 -27.1206
69.3491 -27.1206
69.3492 -27.1206
69.3492 -27.1206
69.3492 -27.1206
69.3493 -27.1206
69.3493 -27.1205
69.3493 -27.1205
69.3494 -27.1205
69.3494 -27.1205
69.3494 -27.1205
69.3495 -27.1205
69.3495 -27.1205
69.3496 -27.1204
69.3496 -27.1204
69.3496 -27.1204
69.3497 -27.1204
69.3497 -27.1204
69.3497 -27.1204
69.3498 -27.1204
69.3498 -27.1204
69.3499 -27.1204
69.3499 -27.1203
69.3499 -27.1203
69.35 -27.1203
69.35 -27.1203
69.35 -27.1203
69.3501 -27.1203
69.3501 -27.1203
69.3502 -27.1203
69.3502 -27.1202
69.3502 -27.1202
69.3503 -27.1202
69.3503 -27.1202
69.3504 -27.1202
69.3504 -27.1202
69.3504 -27.1202
69.3505 -27.1202
69.3505 -27.1201
69.3506 -27.1201
69.3506 -27.1201
69.3506 -27.1201
69.3507 -27.1201
69.3507 -27.1201
69.3508 -27.1201
69.3508 -27.1201
69.3508 -27.12
69.3509 -27.12
69.3509 -27.12
69.351 -27.12
69.351 -27.12
69.351 -27.12
69.3511 -27.12
69.3511 -27.12
69.3512 -27.1199
69.3512 -27.1199
69.3512 -27.1199
69.3513 -27.1199
69.3513 -27.1199
69.3514 -27.1199
69.3514 -27.1199
69.3514 -27.1199
69.3515 -27.1198
69.3515 -27.1198
69.3516 -27.1198
69.3516 -27.1198
69.3517 -27.1198
69.3517 -27.1198
69.3517 -27.1198
69.3518 -27.1198
69.3518 -27.1197
69.3519 -27.1197
69.3519 -27.1197
69.352 -27.1197
69.352 -27.1197
69.352 -27.1197
69.3521 -27.1197
69.3521 -27.1197
69.3522 -27.1196
69.3522 -27.1196
69.3523 -27.1196
69.3523 -27.1196
69.3524 -27.1196
69.3524 -27.1196
69.3524 -27.1196
69.3525 -27.1196
69.3525 -27.1195
69.3526 -27.1195
69.3526 -27.1195
69.3527 -27.1195
69.3527 -27.1195
69.3527 -27.1195
69.3528 -27.1195
69.3528 -27.1195
69.3529 -27.1194
69.3529 -27.1194
69.353 -27.1194
69.353 -27.1194
69.3531 -27.1194
69.3531 -27.1194
69.3532 -27.1194
69.3532 -27.1194
69.3532 -27.1194
69.3533 -27.1193
69.3533 -27.1193
69.3534 -27.1193
69.3534 -27.1193
69.3535 -27.1193
69.3535 -27.1193
69.3536 -27.1193
69.3536 -27.1193
69.3537 -27.1192
69.3537 -27.1192
69.3538 -27.1192
69.3538 -27.1192
69.3539 -27.1192
69.3539 -27.1192
69.3539 -27.1192
69.354 -27.1192
69.354 -27.1191
69.3541 -27.1191
69.3541 -27.1191
69.3542 -27.1191
69.3542 -27.1191
69.3543 -27.1191
69.3543 -27.1191
69.3544 -27.1191
69.3544 -27.119
69.3545 -27.119
69.3545 -27.119
69.3546 -27.119
69.3546 -27.119
69.3547 -27.119
69.3547 -27.119
69.3548 -27.119
69.3548 -27.1189
69.3549 -27.1189
69.3549 -27.1189
69.355 -27.1189
69.355 -27.1189
69.3551 -27.1189
69.3551 -27.1189
69.3552 -27.1189
69.3552 -27.1189
69.3553 -27.1188
69.3553 -27.1188
69.3554 -27.1188
69.3554 -27.1188
69.3555 -27.1188
69.3555 -27.1188
69.3556 -27.1188
69.3556 -27.1188
69.3557 -27.1187
69.3557 -27.1187
69.3558 -27.1187
69.3558 -27.1187
69.3559 -27.1187
69.3559 -27.1187
69.356 -27.1187
69.356 -27.1187
69.3561 -27.1186
69.3561 -27.1186
69.3562 -27.1186
69.3562 -27.1186
69.3563 -27.1186
69.3563 -27.1186
69.3564 -27.1186
69.3564 -27.1186
69.3565 -27.1186
69.3566 -27.1185
69.3566 -27.1185
69.3567 -27.1185
69.3567 -27.1185
69.3568 -27.1185
69.3568 -27.1185
69.3569 -27.1185
69.3569 -27.1185
69.357 -27.1184
69.357 -27.1184
69.3571 -27.1184
69.3571 -27.1184
69.3572 -27.1184
69.3572 -27.1184
69.3573 -27.1184
69.3574 -27.1184
69.3574 -27.1183
69.3575 -27.1183
69.3575 -27.1183
69.3576 -27.1183
69.3576 -27.1183
69.3577 -27.1183
69.3577 -27.1183
69.3578 -27.1183
69.3578 -27.1183
69.3579 -27.1182
69.358 -27.1182
69.358 -27.1182
69.3581 -27.1182
69.3581 -27.1182
69.3582 -27.1182
69.3582 -27.1182
69.3583 -27.1182
69.3583 -27.1181
69.3584 -27.1181
69.3585 -27.1181
69.3585 -27.1181
69.3586 -27.1181
69.3586 -27.1181
69.3587 -27.1181
69.3587 -27.1181
69.3588 -27.1181
69.3589 -27.118
69.3589 -27.118
69.359 -27.118
69.359 -27.118
69.3591 -27.118
69.3591 -27.118
69.3592 -27.118
69.3593 -27.118
69.3593 -27.1179
69.3594 -27.1179
69.3594 -27.1179
69.3595 -27.1179
69.3595 -27.1179
69.3596 -27.1179
69.3597 -27.1179
69.3597 -27.1179
69.3598 -27.1179
69.3598 -27.1178
69.3599 -27.1178
69.36 -27.1178
69.36 -27.1178
69.3601 -27.1178
69.3601 -27.1178
69.3602 -27.1178
69.3602 -27.1178
69.3603 -27.1177
69.3604 -27.1177
69.3604 -27.1177
69.3605 -27.1177
69.3605 -27.1177
69.3606 -27.1177
69.3607 -27.1177
69.3607 -27.1177
69.3608 -27.1177
69.3608 -27.1176
69.3609 -27.1176
69.361 -27.1176
69.361 -27.1176
69.3611 -27.1176
69.3611 -27.1176
69.3612 -27.1176
69.3613 -27.1176
69.3613 -27.1175
69.3614 -27.1175
69.3615 -27.1175
69.3615 -27.1175
69.3616 -27.1175
69.3616 -27.1175
69.3617 -27.1175
69.3618 -27.1175
69.3618 -27.1175
69.3619 -27.1174
69.3619 -27.1174
69.362 -27.1174
69.3621 -27.1174
69.3621 -27.1174
69.3622 -27.1174
69.3623 -27.1174
69.3623 -27.1174
69.3624 -27.1173
69.3624 -27.1173
69.3625 -27.1173
69.3626 -27.1173
69.3626 -27.1173
69.3627 -27.1173
69.3628 -27.1173
69.3628 -27.1173
69.3629 -27.1173
69.363 -27.1172
69.363 -27.1172
69.3631 -27.1172
69.3631 -27.1172
69.3632 -27.1172
69.3633 -27.1172
69.3633 -27.1172
69.3634 -27.1172
69.3635 -27.1171
69.3635 -27.1171
69.3636 -27.1171
69.3637 -27.1171
69.3637 -27.1171
69.3638 -27.1171
69.3639 -27.1171
69.3639 -27.1171
69.364 -27.1171
69.3641 -27.117
69.3641 -27.117
69.3642 -27.117
69.3642 -27.117
69.3643 -27.117
69.3644 -27.117
69.3644 -27.117
69.3645 -27.117
69.3646 -27.117
69.3646 -27.1169
69.3647 -27.1169
69.3648 -27.1169
69.3648 -27.1169
69.3649 -27.1169
69.365 -27.1169
69.365 -27.1169
69.3651 -27.1169
69.3652 -27.1168
69.3652 -27.1168
69.3653 -27.1168
69.3654 -27.1168
69.3654 -27.1168
69.3655 -27.1168
69.3656 -27.1168
69.3657 -27.1168
69.3657 -27.1168
69.3658 -27.1167
69.3659 -27.1167
69.3659 -27.1167
69.366 -27.1167
69.3661 -27.1167
69.3661 -27.1167
69.3662 -27.1167
69.3663 -27.1167
69.3663 -27.1167
69.3664 -27.1166
69.3665 -27.1166
69.3665 -27.1166
69.3666 -27.1166
69.3667 -27.1166
69.3667 -27.1166
69.3668 -27.1166
69.3669 -27.1166
69.367 -27.1165
69.367 -27.1165
69.3671 -27.1165
69.3672 -27.1165
69.3672 -27.1165
69.3673 -27.1165
69.3674 -27.1165
69.3674 -27.1165
69.3675 -27.1165
69.3676 -27.1164
69.3677 -27.1164
69.3677 -27.1164
69.3678 -27.1164
69.3679 -27.1164
69.3679 -27.1164
69.368 -27.1164
69.3681 -27.1164
69.3682 -27.1164
69.3682 -27.1163
69.3683 -27.1163
69.3684 -27.1163
69.3684 -27.1163
69.3685 -27.1163
69.3686 -27.1163
69.3687 -27.1163
69.3687 -27.1163
69.3688 -27.1163
69.3689 -27.1162
69.3689 -27.1162
69.369 -27.1162
69.3691 -27.1162
69.3692 -27.1162
69.3692 -27.1162
69.3693 -27.1162
69.3694 -27.1162
69.3695 -27.1162
69.3695 -27.1161
69.3696 -27.1161
69.3697 -27.1161
69.3698 -27.1161
69.3698 -27.1161
69.3699 -27.1161
69.37 -27.1161
69.37 -27.1161
69.3701 -27.116
69.3702 -27.116
69.3703 -27.116
69.3703 -27.116
69.3704 -27.116
69.3705 -27.116
69.3706 -27.116
69.3706 -27.116
69.3707 -27.116
69.3708 -27.1159
69.3709 -27.1159
69.3709 -27.1159
69.371 -27.1159
69.3711 -27.1159
69.3712 -27.1159
69.3712 -27.1159
69.3713 -27.1159
69.3714 -27.1159
69.3715 -27.1158
69.3716 -27.1158
69.3716 -27.1158
69.3717 -27.1158
69.3718 -27.1158
69.3719 -27.1158
69.3719 -27.1158
69.372 -27.1158
69.3721 -27.1158
69.3722 -27.1157
69.3722 -27.1157
69.3723 -27.1157
69.3724 -27.1157
69.3725 -27.1157
69.3725 -27.1157
69.3726 -27.1157
69.3727 -27.1157
69.3728 -27.1157
69.3729 -27.1156
69.3729 -27.1156
69.373 -27.1156
69.3731 -27.1156
69.3732 -27.1156
69.3732 -27.1156
69.3733 -27.1156
69.3734 -27.1156
69.3735 -27.1156
69.3736 -27.1155
69.3736 -27.1155
69.3737 -27.1155
69.3738 -27.1155
69.3739 -27.1155
69.374 -27.1155
69.374 -27.1155
69.3741 -27.1155
69.3742 -27.1155
69.3743 -27.1154
69.3744 -27.1154
69.3744 -27.1154
69.3745 -27.1154
69.3746 -27.1154
69.3747 -27.1154
69.3748 -27.1154
69.3748 -27.1154
69.3749 -27.1154
69.375 -27.1153
69.3751 -27.1153
69.3752 -27.1153
69.3752 -27.1153
69.3753 -27.1153
69.3754 -27.1153
69.3755 -27.1153
69.3756 -27.1153
69.3756 -27.1153
69.3757 -27.1152
69.3758 -27.1152
69.3759 -27.1152
69.376 -27.1152
69.376 -27.1152
69.3761 -27.1152
69.3762 -27.1152
69.3763 -27.1152
69.3764 -27.1152
69.3765 -27.1151
69.3765 -27.1151
69.3766 -27.1151
69.3767 -27.1151
69.3768 -27.1151
69.3769 -27.1151
69.377 -27.1151
69.377 -27.1151
69.3771 -27.1151
69.3772 -27.115
69.3773 -27.115
69.3774 -27.115
69.3775 -27.115
69.3775 -27.115
69.3776 -27.115
69.3777 -27.115
69.3778 -27.115
69.3779 -27.115
69.378 -27.1149
69.378 -27.1149
69.3781 -27.1149
69.3782 -27.1149
69.3783 -27.1149
69.3784 -27.1149
69.3785 -27.1149
69.3785 -27.1149
69.3786 -27.1149
69.3787 -27.1148
69.3788 -27.1148
69.3789 -27.1148
69.379 -27.1148
69.3791 -27.1148
69.3791 -27.1148
69.3792 -27.1148
69.3793 -27.1148
69.3794 -27.1148
69.3795 -27.1148
69.3796 -27.1147
69.3797 -27.1147
69.3797 -27.1147
69.3798 -27.1147
69.3799 -27.1147
69.38 -27.1147
69.3801 -27.1147
69.3802 -27.1147
69.3803 -27.1147
69.3803 -27.1146
69.3804 -27.1146
69.3805 -27.1146
69.3806 -27.1146
69.3807 -27.1146
69.3808 -27.1146
69.3809 -27.1146
69.381 -27.1146
69.381 -27.1146
69.3811 -27.1145
69.3812 -27.1145
69.3813 -27.1145
69.3814 -27.1145
69.3815 -27.1145
69.3816 -27.1145
69.3817 -27.1145
69.3818 -27.1145
69.3818 -27.1145
69.3819 -27.1144
69.382 -27.1144
69.3821 -27.1144
69.3822 -27.1144
69.3823 -27.1144
69.3824 -27.1144
69.3825 -27.1144
69.3826 -27.1144
69.3826 -27.1144
69.3827 -27.1143
69.3828 -27.1143
69.3829 -27.1143
69.383 -27.1143
69.3831 -27.1143
69.3832 -27.1143
69.3833 -27.1143
69.3834 -27.1143
69.3835 -27.1143
69.3835 -27.1143
69.3836 -27.1142
69.3837 -27.1142
69.3838 -27.1142
69.3839 -27.1142
69.384 -27.1142
69.3841 -27.1142
69.3842 -27.1142
69.3843 -27.1142
69.3844 -27.1142
69.3845 -27.1141
69.3845 -27.1141
69.3846 -27.1141
69.3847 -27.1141
69.3848 -27.1141
69.3849 -27.1141
69.385 -27.1141
69.3851 -27.1141
69.3852 -27.1141
69.3853 -27.114
69.3854 -27.114
69.3855 -27.114
69.3856 -27.114
69.3857 -27.114
69.3857 -27.114
69.3858 -27.114
69.3859 -27.114
69.386 -27.114
69.3861 -27.114
69.3862 -27.1139
69.3863 -27.1139
69.3864 -27.1139
69.3865 -27.1139
69.3866 -27.1139
69.3867 -27.1139
69.3868 -27.1139
69.3869 -27.1139
69.387 -27.1139
69.3871 -27.1138
69.3871 -27.1138
69.3872 -27.1138
69.3873 -27.1138
69.3874 -27.1138
69.3875 -27.1138
69.3876 -27.1138
69.3877 -27.1138
69.3878 -27.1138
69.3879 -27.1137
69.388 -27.1137
69.3881 -27.1137
69.3882 -27.1137
69.3883 -27.1137
69.3884 -27.1137
69.3885 -27.1137
69.3886 -27.1137
69.3887 -27.1137
69.3888 -27.1137
69.3889 -27.1136
69.389 -27.1136
69.3891 -27.1136
69.3892 -27.1136
69.3893 -27.1136
69.3893 -27.1136
69.3894 -27.1136
69.3895 -27.1136
69.3896 -27.1136
69.3897 -27.1135
69.3898 -27.1135
69.3899 -27.1135
69.39 -27.1135
69.3901 -27.1135
69.3902 -27.1135
69.3903 -27.1135
69.3904 -27.1135
69.3905 -27.1135
69.3906 -27.1135
69.3907 -27.1134
69.3908 -27.1134
69.3909 -27.1134
69.391 -27.1134
69.3911 -27.1134
69.3912 -27.1134
69.3913 -27.1134
69.3914 -27.1134
69.3915 -27.1134
69.3916 -27.1133
69.3917 -27.1133
69.3918 -27.1133
69.3919 -27.1133
69.392 -27.1133
69.3921 -27.1133
69.3922 -27.1133
69.3923 -27.1133
69.3924 -27.1133
69.3925 -27.1133
69.3926 -27.1132
69.3927 -27.1132
69.3928 -27.1132
69.3929 -27.1132
69.393 -27.1132
69.3931 -27.1132
69.3932 -27.1132
69.3933 -27.1132
69.3934 -27.1132
69.3935 -27.1131
69.3936 -27.1131
69.3937 -27.1131
69.3938 -27.1131
69.3939 -27.1131
69.394 -27.1131
69.3941 -27.1131
69.3942 -27.1131
69.3943 -27.1131
69.3944 -27.1131
69.3945 -27.113
69.3946 -27.113
69.3947 -27.113
69.3948 -27.113
69.3949 -27.113
69.395 -27.113
69.3951 -27.113
69.3952 -27.113
69.3953 -27.113
69.3954 -27.113
69.3955 -27.1129
69.3956 -27.1129
69.3957 -27.1129
69.3958 -27.1129
69.396 -27.1129
69.3961 -27.1129
69.3962 -27.1129
69.3963 -27.1129
69.3964 -27.1129
69.3965 -27.1128
69.3966 -27.1128
69.3967 -27.1128
69.3968 -27.1128
69.3969 -27.1128
69.397 -27.1128
69.3971 -27.1128
69.3972 -27.1128
69.3973 -27.1128
69.3974 -27.1128
69.3975 -27.1127
69.3976 -27.1127
69.3977 -27.1127
69.3978 -27.1127
69.3979 -27.1127
69.398 -27.1127
69.3981 -27.1127
69.3982 -27.1127
69.3984 -27.1127
69.3985 -27.1127
69.3986 -27.1126
69.3987 -27.1126
69.3988 -27.1126
69.3989 -27.1126
69.399 -27.1126
69.3991 -27.1126
69.3992 -27.1126
69.3993 -27.1126
69.3994 -27.1126
69.3995 -27.1125
69.3996 -27.1125
69.3997 -27.1125
69.3998 -27.1125
69.4 -27.1125
69.4001 -27.1125
69.4002 -27.1125
69.4003 -27.1125
69.4004 -27.1125
69.4005 -27.1125
69.4006 -27.1124
69.4007 -27.1124
69.4008 -27.1124
69.4009 -27.1124
69.401 -27.1124
69.4011 -27.1124
69.4012 -27.1124
69.4014 -27.1124
69.4015 -27.1124
69.4016 -27.1124
69.4017 -27.1123
69.4018 -27.1123
69.4019 -27.1123
69.402 -27.1123
69.4021 -27.1123
69.4022 -27.1123
69.4023 -27.1123
69.4024 -27.1123
69.4026 -27.1123
69.4027 -27.1123
69.4028 -27.1122
69.4029 -27.1122
69.403 -27.1122
69.4031 -27.1122
69.4032 -27.1122
69.4033 -27.1122
69.4034 -27.1122
69.4035 -27.1122
69.4037 -27.1122
69.4038 -27.1122
69.4039 -27.1121
69.404 -27.1121
69.4041 -27.1121
69.4042 -27.1121
69.4043 -27.1121
69.4044 -27.1121
69.4045 -27.1121
69.4047 -27.1121
69.4048 -27.1121
69.4049 -27.1121
69.405 -27.112
69.4051 -27.112
69.4052 -27.112
69.4053 -27.112
69.4054 -27.112
69.4055 -27.112
69.4057 -27.112
69.4058 -27.112
69.4059 -27.112
69.406 -27.1119
69.4061 -27.1119
69.4062 -27.1119
69.4063 -27.1119
69.4065 -27.1119
69.4066 -27.1119
69.4067 -27.1119
69.4068 -27.1119
69.4069 -27.1119
69.407 -27.1119
69.4071 -27.1118
69.4072 -27.1118
69.4074 -27.1118
69.4075 -27.1118
69.4076 -27.1118
69.4077 -27.1118
69.4078 -27.1118
69.4079 -27.1118
69.408 -27.1118
69.4082 -27.1118
69.4083 -27.1117
69.4084 -27.1117
69.4085 -27.1117
69.4086 -27.1117
69.4087 -27.1117
69.4088 -27.1117
69.409 -27.1117
69.4091 -27.1117
69.4092 -27.1117
69.4093 -27.1117
69.4094 -27.1116
69.4095 -27.1116
69.4097 -27.1116
69.4098 -27.1116
69.4099 -27.1116
69.41 -27.1116
69.4101 -27.1116
69.4102 -27.1116
69.4104 -27.1116
69.4105 -27.1116
69.4106 -27.1115
69.4107 -27.1115
69.4108 -27.1115
69.4109 -27.1115
69.4111 -27.1115
69.4112 -27.1115
69.4113 -27.1115
69.4114 -27.1115
69.4115 -27.1115
69.4116 -27.1115
69.4118 -27.1115
69.4119 -27.1114
69.412 -27.1114
69.4121 -27.1114
69.4122 -27.1114
69.4124 -27.1114
69.4125 -27.1114
69.4126 -27.1114
69.4127 -27.1114
69.4128 -27.1114
69.4129 -27.1114
69.4131 -27.1113
69.4132 -27.1113
69.4133 -27.1113
69.4134 -27.1113
69.4135 -27.1113
69.4137 -27.1113
69.4138 -27.1113
69.4139 -27.1113
69.414 -27.1113
69.4141 -27.1113
69.4143 -27.1112
69.4144 -27.1112
69.4145 -27.1112
69.4146 -27.1112
69.4147 -27.1112
69.4149 -27.1112
69.415 -27.1112
69.4151 -27.1112
69.4152 -27.1112
69.4153 -27.1112
69.4155 -27.1111
69.4156 -27.1111
69.4157 -27.1111
69.4158 -27.1111
69.4159 -27.1111
69.4161 -27.1111
69.4162 -27.1111
69.4163 -27.1111
69.4164 -27.1111
69.4166 -27.1111
69.4167 -27.111
69.4168 -27.111
69.4169 -27.111
69.417 -27.111
69.4172 -27.111
69.4173 -27.111
69.4174 -27.111
69.4175 -27.111
69.4177 -27.111
69.4178 -27.111
69.4179 -27.1109
69.418 -27.1109
69.4181 -27.1109
69.4183 -27.1109
69.4184 -27.1109
69.4185 -27.1109
69.4186 -27.1109
69.4188 -27.1109
69.4189 -27.1109
69.419 -27.1109
69.4191 -27.1109
69.4193 -27.1108
69.4194 -27.1108
69.4195 -27.1108
69.4196 -27.1108
69.4198 -27.1108
69.4199 -27.1108
69.42 -27.1108
69.4201 -27.1108
69.4203 -27.1108
69.4204 -27.1108
69.4205 -27.1107
69.4206 -27.1107
69.4208 -27.1107
69.4209 -27.1107
69.421 -27.1107
69.4211 -27.1107
69.4213 -27.1107
69.4214 -27.1107
69.4215 -27.1107
69.4216 -27.1107
69.4218 -27.1106
69.4219 -27.1106
69.422 -27.1106
69.4221 -27.1106
69.4223 -27.1106
69.4224 -27.1106
69.4225 -27.1106
69.4226 -27.1106
69.4228 -27.1106
69.4229 -27.1106
69.423 -27.1106
69.4231 -27.1105
69.4233 -27.1105
69.4234 -27.1105
69.4235 -27.1105
69.4237 -27.1105
69.4238 -27.1105
69.4239 -27.1105
69.424 -27.1105
69.4242 -27.1105
69.4243 -27.1105
69.4244 -27.1104
69.4246 -27.1104
69.4247 -27.1104
69.4248 -27.1104
69.4249 -27.1104
69.4251 -27.1104
69.4252 -27.1104
69.4253 -27.1104
69.4255 -27.1104
69.4256 -27.1104
69.4257 -27.1104
69.4258 -27.1103
69.426 -27.1103
69.4261 -27.1103
69.4262 -27.1103
69.4264 -27.1103
69.4265 -27.1103
69.4266 -27.1103
69.4267 -27.1103
69.4269 -27.1103
69.427 -27.1103
69.4271 -27.1102
69.4273 -27.1102
69.4274 -27.1102
69.4275 -27.1102
69.4277 -27.1102
69.4278 -27.1102
69.4279 -27.1102
69.4281 -27.1102
69.4282 -27.1102
69.4283 -27.1102
69.4284 -27.1102
69.4286 -27.1101
69.4287 -27.1101
69.4288 -27.1101
69.429 -27.1101
69.4291 -27.1101
69.4292 -27.1101
69.4294 -27.1101
69.4295 -27.1101
69.4296 -27.1101
69.4298 -27.1101
69.4299 -27.11
69.43 -27.11
69.4302 -27.11
69.4303 -27.11
69.4304 -27.11
69.4306 -27.11
69.4307 -27.11
69.4308 -27.11
69.431 -27.11
69.4311 -27.11
69.4312 -27.11
69.4314 -27.1099
69.4315 -27.1099
69.4316 -27.1099
69.4318 -27.1099
69.4319 -27.1099
69.432 -27.1099
69.4322 -27.1099
69.4323 -27.1099
69.4324 -27.1099
69.4326 -27.1099
69.4327 -27.1098
69.4328 -27.1098
69.433 -27.1098
69.4331 -27.1098
69.4332 -27.1098
69.4334 -27.1098
69.4335 -27.1098
69.4336 -27.1098
69.4338 -27.1098
69.4339 -27.1098
69.434 -27.1098
69.4342 -27.1097
69.4343 -27.1097
69.4345 -27.1097
69.4346 -27.1097
69.4347 -27.1097
69.4349 -27.1097
69.435 -27.1097
69.4351 -27.1097
69.4353 -27.1097
69.4354 -27.1097
69.4355 -27.1097
69.4357 -27.1096
69.4358 -27.1096
69.436 -27.1096
69.4361 -27.1096
69.4362 -27.1096
69.4364 -27.1096
69.4365 -27.1096
69.4366 -27.1096
69.4368 -27.1096
69.4369 -27.1096
69.4371 -27.1096
69.4372 -27.1095
69.4373 -27.1095
69.4375 -27.1095
69.4376 -27.1095
69.4377 -27.1095
69.4379 -27.1095
69.438 -27.1095
69.4382 -27.1095
69.4383 -27.1095
69.4384 -27.1095
69.4386 -27.1094
69.4387 -27.1094
69.4389 -27.1094
69.439 -27.1094
69.4391 -27.1094
69.4393 -27.1094
69.4394 -27.1094
69.4395 -27.1094
69.4397 -27.1094
69.4398 -27.1094
69.44 -27.1094
69.4401 -27.1093
69.4402 -27.1093
69.4404 -27.1093
69.4405 -27.1093
69.4407 -27.1093
69.4408 -27.1093
69.4409 -27.1093
69.4411 -27.1093
69.4412 -27.1093
69.4414 -27.1093
69.4415 -27.1093
69.4417 -27.1092
69.4418 -27.1092
69.4419 -27.1092
69.4421 -27.1092
69.4422 -27.1092
69.4424 -27.1092
69.4425 -27.1092
69.4426 -27.1092
69.4428 -27.1092
69.4429 -27.1092
69.4431 -27.1092
69.4432 -27.1091
69.4434 -27.1091
69.4435 -27.1091
69.4436 -27.1091
69.4438 -27.1091
69.4439 -27.1091
69.4441 -27.1091
69.4442 -27.1091
69.4443 -27.1091
69.4445 -27.1091
69.4446 -27.1091
69.4448 -27.109
69.4449 -27.109
69.4451 -27.109
69.4452 -27.109
69.4454 -27.109
69.4455 -27.109
69.4456 -27.109
69.4458 -27.109
69.4459 -27.109
69.4461 -27.109
69.4462 -27.109
69.4464 -27.1089
69.4465 -27.1089
69.4466 -27.1089
69.4468 -27.1089
69.4469 -27.1089
69.4471 -27.1089
69.4472 -27.1089
69.4474 -27.1089
69.4475 -27.1089
69.4477 -27.1089
69.4478 -27.1089
69.448 -27.1088
69.4481 -27.1088
69.4482 -27.1088
69.4484 -27.1088
69.4485 -27.1088
69.4487 -27.1088
69.4488 -27.1088
69.449 -27.1088
69.4491 -27.1088
69.4493 -27.1088
69.4494 -27.1088
69.4496 -27.1087
69.4497 -27.1087
69.4499 -27.1087
69.45 -27.1087
69.4501 -27.1087
69.4503 -27.1087
69.4504 -27.1087
69.4506 -27.1087
69.4507 -27.1087
69.4509 -27.1087
69.451 -27.1087
69.4512 -27.1086
69.4513 -27.1086
69.4515 -27.1086
69.4516 -27.1086
69.4518 -27.1086
69.4519 -27.1086
69.4521 -27.1086
69.4522 -27.1086
69.4524 -27.1086
69.4525 -27.1086
69.4527 -27.1086
69.4528 -27.1085
69.453 -27.1085
69.4531 -27.1085
69.4533 -27.1085
69.4534 -27.1085
69.4536 -27.1085
69.4537 -27.1085
69.4539 -27.1085
69.454 -27.1085
69.4542 -27.1085
69.4543 -27.1085
69.4545 -27.1085
69.4546 -27.1084
69.4548 -27.1084
69.4549 -27.1084
69.4551 -27.1084
69.4552 -27.1084
69.4554 -27.1084
69.4555 -27.1084
69.4557 -27.1084
69.4558 -27.1084
69.456 -27.1084
69.4561 -27.1084
69.4563 -27.1083
69.4564 -27.1083
69.4566 -27.1083
69.4567 -27.1083
69.4569 -27.1083
69.457 -27.1083
69.4572 -27.1083
69.4573 -27.1083
69.4575 -27.1083
69.4576 -27.1083
69.4578 -27.1083
69.4579 -27.1082
69.4581 -27.1082
69.4582 -27.1082
69.4584 -27.1082
69.4585 -27.1082
69.4587 -27.1082
69.4588 -27.1082
69.459 -27.1082
69.4591 -27.1082
69.4593 -27.1082
69.4595 -27.1082
69.4596 -27.1081
69.4598 -27.1081
69.4599 -27.1081
69.4601 -27.1081
69.4602 -27.1081
69.4604 -27.1081
69.4605 -27.1081
69.4607 -27.1081
69.4608 -27.1081
69.461 -27.1081
69.4611 -27.1081
69.4613 -27.1081
69.4615 -27.108
69.4616 -27.108
69.4618 -27.108
69.4619 -27.108
69.4621 -27.108
69.4622 -27.108
69.4624 -27.108
69.4625 -27.108
69.4627 -27.108
69.4629 -27.108
69.463 -27.108
69.4632 -27.1079
69.4633 -27.1079
69.4635 -27.1079
69.4636 -27.1079
69.4638 -27.1079
69.4639 -27.1079
69.4641 -27.1079
69.4643 -27.1079
69.4644 -27.1079
69.4646 -27.1079
69.4647 -27.1079
69.4649 -27.1079
69.465 -27.1078
69.4652 -27.1078
69.4654 -27.1078
69.4655 -27.1078
69.4657 -27.1078
69.4658 -27.1078
69.466 -27.1078
69.4661 -27.1078
69.4663 -27.1078
69.4665 -27.1078
69.4666 -27.1078
69.4668 -27.1077
69.4669 -27.1077
69.4671 -27.1077
69.4672 -27.1077
69.4674 -27.1077
69.4676 -27.1077
69.4677 -27.1077
69.4679 -27.1077
69.468 -27.1077
69.4682 -27.1077
69.4684 -27.1077
69.4685 -27.1077
69.4687 -27.1076
69.4688 -27.1076
69.469 -27.1076
69.4692 -27.1076
69.4693 -27.1076
69.4695 -27.1076
69.4696 -27.1076
69.4698 -27.1076
69.47 -27.1076
69.4701 -27.1076
69.4703 -27.1076
69.4704 -27.1075
69.4706 -27.1075
69.4708 -27.1075
69.4709 -27.1075
69.4711 -27.1075
69.4712 -27.1075
69.4714 -27.1075
69.4716 -27.1075
69.4717 -27.1075
69.4719 -27.1075
69.472 -27.1075
69.4722 -27.1075
69.4724 -27.1074
69.4725 -27.1074
69.4727 -27.1074
69.4728 -27.1074
69.473 -27.1074
69.4732 -27.1074
69.4733 -27.1074
69.4735 -27.1074
69.4737 -27.1074
69.4738 -27.1074
69.474 -27.1074
69.4741 -27.1074
69.4743 -27.1073
69.4745 -27.1073
69.4746 -27.1073
69.4748 -27.1073
69.475 -27.1073
69.4751 -27.1073
69.4753 -27.1073
69.4754 -27.1073
69.4756 -27.1073
69.4758 -27.1073
69.4759 -27.1073
69.4761 -27.1073
69.4763 -27.1072
69.4764 -27.1072
69.4766 -27.1072
69.4768 -27.1072
69.4769 -27.1072
69.4771 -27.1072
69.4773 -27.1072
69.4774 -27.1072
69.4776 -27.1072
69.4777 -27.1072
69.4779 -27.1072
69.4781 -27.1072
69.4782 -27.1071
69.4784 -27.1071
69.4786 -27.1071
69.4787 -27.1071
69.4789 -27.1071
69.4791 -27.1071
69.4792 -27.1071
69.4794 -27.1071
69.4796 -27.1071
69.4797 -27.1071
69.4799 -27.1071
69.4801 -27.107
69.4802 -27.107
69.4804 -27.107
69.4806 -27.107
69.4807 -27.107
69.4809 -27.107
69.4811 -27.107
69.4812 -27.107
69.4814 -27.107
69.4816 -27.107
69.4817 -27.107
69.4819 -27.107
69.4821 -27.1069
69.4822 -27.1069
69.4824 -27.1069
69.4826 -27.1069
69.4827 -27.1069
69.4829 -27.1069
69.4831 -27.1069
69.4832 -27.1069
69.4834 -27.1069
69.4836 -27.1069
69.4837 -27.1069
69.4839 -27.1069
69.4841 -27.1068
69.4843 -27.1068
69.4844 -27.1068
69.4846 -27.1068
69.4848 -27.1068
69.4849 -27.1068
69.4851 -27.1068
69.4853 -27.1068
69.4854 -27.1068
69.4856 -27.1068
69.4858 -27.1068
69.4859 -27.1068
69.4861 -27.1067
69.4863 -27.1067
69.4865 -27.1067
69.4866 -27.1067
69.4868 -27.1067
69.487 -27.1067
69.4871 -27.1067
69.4873 -27.1067
69.4875 -27.1067
69.4876 -27.1067
69.4878 -27.1067
69.488 -27.1067
69.4882 -27.1066
69.4883 -27.1066
69.4885 -27.1066
69.4887 -27.1066
69.4888 -27.1066
69.489 -27.1066
69.4892 -27.1066
69.4894 -27.1066
69.4895 -27.1066
69.4897 -27.1066
69.4899 -27.1066
69.49 -27.1066
69.4902 -27.1066
69.4904 -27.1065
69.4906 -27.1065
69.4907 -27.1065
69.4909 -27.1065
69.4911 -27.1065
69.4913 -27.1065
69.4914 -27.1065
69.4916 -27.1065
69.4918 -27.1065
69.4919 -27.1065
69.4921 -27.1065
69.4923 -27.1065
69.4925 -27.1064
69.4926 -27.1064
69.4928 -27.1064
69.493 -27.1064
69.4932 -27.1064
69.4933 -27.1064
69.4935 -27.1064
69.4937 -27.1064
69.4939 -27.1064
69.494 -27.1064
69.4942 -27.1064
69.4944 -27.1064
69.4946 -27.1063
69.4947 -27.1063
69.4949 -27.1063
69.4951 -27.1063
69.4953 -27.1063
69.4954 -27.1063
69.4956 -27.1063
69.4958 -27.1063
69.496 -27.1063
69.4961 -27.1063
69.4963 -27.1063
69.4965 -27.1063
69.4967 -27.1062
69.4968 -27.1062
69.497 -27.1062
69.4972 -27.1062
69.4974 -27.1062
69.4975 -27.1062
69.4977 -27.1062
69.4979 -27.1062
69.4981 -27.1062
69.4982 -27.1062
69.4984 -27.1062
69.4986 -27.1062
69.4988 -27.1062
69.499 -27.1061
69.4991 -27.1061
69.4993 -27.1061
69.4995 -27.1061
69.4997 -27.1061
69.4998 -27.1061
69.5 -27.1061
69.5002 -27.1061
69.5004 -27.1061
69.5006 -27.1061
69.5007 -27.1061
69.5009 -27.1061
69.5011 -27.106
69.5013 -27.106
69.5014 -27.106
69.5016 -27.106
69.5018 -27.106
69.502 -27.106
69.5022 -27.106
69.5023 -27.106
69.5025 -27.106
69.5027 -27.106
69.5029 -27.106
69.5031 -27.106
69.5032 -27.106
69.5034 -27.1059
69.5036 -27.1059
69.5038 -27.1059
69.504 -27.1059
69.5041 -27.1059
69.5043 -27.1059
69.5045 -27.1059
69.5047 -27.1059
69.5049 -27.1059
69.505 -27.1059
69.5052 -27.1059
69.5054 -27.1059
69.5056 -27.1058
69.5058 -27.1058
69.5059 -27.1058
69.5061 -27.1058
69.5063 -27.1058
69.5065 -27.1058
69.5067 -27.1058
69.5069 -27.1058
69.507 -27.1058
69.5072 -27.1058
69.5074 -27.1058
69.5076 -27.1058
69.5078 -27.1058
69.5079 -27.1057
69.5081 -27.1057
69.5083 -27.1057
69.5085 -27.1057
69.5087 -27.1057
69.5089 -27.1057
69.509 -27.1057
69.5092 -27.1057
69.5094 -27.1057
69.5096 -27.1057
69.5098 -27.1057
69.51 -27.1057
69.5101 -27.1056
69.5103 -27.1056
69.5105 -27.1056
69.5107 -27.1056
69.5109 -27.1056
69.5111 -27.1056
69.5112 -27.1056
69.5114 -27.1056
69.5116 -27.1056
69.5118 -27.1056
69.512 -27.1056
69.5122 -27.1056
69.5124 -27.1056
69.5125 -27.1055
69.5127 -27.1055
69.5129 -27.1055
69.5131 -27.1055
69.5133 -27.1055
69.5135 -27.1055
69.5137 -27.1055
69.5138 -27.1055
69.514 -27.1055
69.5142 -27.1055
69.5144 -27.1055
69.5146 -27.1055
69.5148 -27.1055
69.515 -27.1054
69.5151 -27.1054
69.5153 -27.1054
69.5155 -27.1054
69.5157 -27.1054
69.5159 -27.1054
69.5161 -27.1054
69.5163 -27.1054
69.5164 -27.1054
69.5166 -27.1054
69.5168 -27.1054
69.517 -27.1054
69.5172 -27.1054
69.5174 -27.1053
69.5176 -27.1053
69.5178 -27.1053
69.5179 -27.1053
69.5181 -27.1053
69.5183 -27.1053
69.5185 -27.1053
69.5187 -27.1053
69.5189 -27.1053
69.5191 -27.1053
69.5193 -27.1053
69.5195 -27.1053
69.5196 -27.1053
69.5198 -27.1052
69.52 -27.1052
69.5202 -27.1052
69.5204 -27.1052
69.5206 -27.1052
69.5208 -27.1052
69.521 -27.1052
69.5212 -27.1052
69.5213 -27.1052
69.5215 -27.1052
69.5217 -27.1052
69.5219 -27.1052
69.5221 -27.1052
69.5223 -27.1051
69.5225 -27.1051
69.5227 -27.1051
69.5229 -27.1051
69.5231 -27.1051
69.5232 -27.1051
69.5234 -27.1051
69.5236 -27.1051
69.5238 -27.1051
69.524 -27.1051
69.5242 -27.1051
69.5244 -27.1051
69.5246 -27.1051
69.5248 -27.105
69.525 -27.105
69.5252 -27.105
69.5254 -27.105
69.5255 -27.105
69.5257 -27.105
69.5259 -27.105
69.5261 -27.105
69.5263 -27.105
69.5265 -27.105
69.5267 -27.105
69.5269 -27.105
69.5271 -27.105
69.5273 -27.1049
69.5275 -27.1049
69.5277 -27.1049
69.5279 -27.1049
69.528 -27.1049
69.5282 -27.1049
69.5284 -27.1049
69.5286 -27.1049
69.5288 -27.1049
69.529 -27.1049
69.5292 -27.1049
69.5294 -27.1049
69.5296 -27.1049
69.5298 -27.1048
69.53 -27.1048
69.5302 -27.1048
69.5304 -27.1048
69.5306 -27.1048
69.5308 -27.1048
69.531 -27.1048
69.5312 -27.1048
69.5313 -27.1048
69.5315 -27.1048
69.5317 -27.1048
69.5319 -27.1048
69.5321 -27.1048
69.5323 -27.1048
69.5325 -27.1047
69.5327 -27.1047
69.5329 -27.1047
69.5331 -27.1047
69.5333 -27.1047
69.5335 -27.1047
69.5337 -27.1047
69.5339 -27.1047
69.5341 -27.1047
69.5343 -27.1047
69.5345 -27.1047
69.5347 -27.1047
69.5349 -27.1047
69.5351 -27.1046
69.5353 -27.1046
69.5355 -27.1046
69.5357 -27.1046
69.5359 -27.1046
69.5361 -27.1046
69.5363 -27.1046
69.5365 -27.1046
69.5367 -27.1046
69.5368 -27.1046
69.537 -27.1046
69.5372 -27.1046
69.5374 -27.1046
69.5376 -27.1045
69.5378 -27.1045
69.538 -27.1045
69.5382 -27.1045
69.5384 -27.1045
69.5386 -27.1045
69.5388 -27.1045
69.539 -27.1045
69.5392 -27.1045
69.5394 -27.1045
69.5396 -27.1045
69.5398 -27.1045
69.54 -27.1045
69.5402 -27.1045
69.5404 -27.1044
69.5406 -27.1044
69.5408 -27.1044
69.541 -27.1044
69.5412 -27.1044
69.5414 -27.1044
69.5416 -27.1044
69.5418 -27.1044
69.542 -27.1044
69.5422 -27.1044
69.5424 -27.1044
69.5426 -27.1044
69.5428 -27.1044
69.543 -27.1043
69.5432 -27.1043
69.5434 -27.1043
69.5436 -27.1043
69.5438 -27.1043
69.544 -27.1043
69.5442 -27.1043
69.5444 -27.1043
69.5446 -27.1043
69.5448 -27.1043
69.545 -27.1043
69.5452 -27.1043
69.5455 -27.1043
69.5457 -27.1043
69.5459 -27.1042
69.5461 -27.1042
69.5463 -27.1042
69.5465 -27.1042
69.5467 -27.1042
69.5469 -27.1042
69.5471 -27.1042
69.5473 -27.1042
69.5475 -27.1042
69.5477 -27.1042
69.5479 -27.1042
69.5481 -27.1042
69.5483 -27.1042
69.5485 -27.1042
69.5487 -27.1041
69.5489 -27.1041
69.5491 -27.1041
69.5493 -27.1041
69.5495 -27.1041
69.5497 -27.1041
69.5499 -27.1041
69.5501 -27.1041
69.5503 -27.1041
69.5505 -27.1041
69.5507 -27.1041
69.5509 -27.1041
69.5512 -27.1041
69.5514 -27.1041
69.5516 -27.104
69.5518 -27.104
69.552 -27.104
69.5522 -27.104
69.5524 -27.104
69.5526 -27.104
69.5528 -27.104
69.553 -27.104
69.5532 -27.104
69.5534 -27.104
69.5536 -27.104
69.5538 -27.104
69.554 -27.104
69.5542 -27.104
69.5544 -27.1039
69.5547 -27.1039
69.5549 -27.1039
69.5551 -27.1039
69.5553 -27.1039
69.5555 -27.1039
69.5557 -27.1039
69.5559 -27.1039
69.5561 -27.1039
69.5563 -27.1039
69.5565 -27.1039
69.5567 -27.1039
69.5569 -27.1039
69.5571 -27.1038
69.5574 -27.1038
69.5576 -27.1038
69.5578 -27.1038
69.558 -27.1038
69.5582 -27.1038
69.5584 -27.1038
69.5586 -27.1038
69.5588 -27.1038
69.559 -27.1038
69.5592 -27.1038
69.5594 -27.1038
69.5596 -27.1038
69.5599 -27.1038
69.5601 -27.1038
69.5603 -27.1037
69.5605 -27.1037
69.5607 -27.1037
69.5609 -27.1037
69.5611 -27.1037
69.5613 -27.1037
69.5615 -27.1037
69.5617 -27.1037
69.562 -27.1037
69.5622 -27.1037
69.5624 -27.1037
69.5626 -27.1037
69.5628 -27.1037
69.563 -27.1037
69.5632 -27.1036
69.5634 -27.1036
69.5636 -27.1036
69.5639 -27.1036
69.5641 -27.1036
69.5643 -27.1036
69.5645 -27.1036
69.5647 -27.1036
69.5649 -27.1036
69.5651 -27.1036
69.5653 -27.1036
69.5655 -27.1036
69.5658 -27.1036
69.566 -27.1036
69.5662 -27.1035
69.5664 -27.1035
69.5666 -27.1035
69.5668 -27.1035
69.567 -27.1035
69.5672 -27.1035
69.5675 -27.1035
69.5677 -27.1035
69.5679 -27.1035
69.5681 -27.1035
69.5683 -27.1035
69.5685 -27.1035
69.5687 -27.1035
69.569 -27.1035
69.5692 -27.1034
69.5694 -27.1034
69.5696 -27.1034
69.5698 -27.1034
69.57 -27.1034
69.5702 -27.1034
69.5705 -27.1034
69.5707 -27.1034
69.5709 -27.1034
69.5711 -27.1034
69.5713 -27.1034
69.5715 -27.1034
69.5717 -27.1034
69.572 -27.1034
69.5722 -27.1034
69.5724 -27.1033
69.5726 -27.1033
69.5728 -27.1033
69.573 -27.1033
69.5733 -27.1033
69.5735 -27.1033
69.5737 -27.1033
69.5739 -27.1033
69.5741 -27.1033
69.5743 -27.1033
69.5745 -27.1033
69.5748 -27.1033
69.575 -27.1033
69.5752 -27.1033
69.5754 -27.1032
69.5756 -27.1032
69.5758 -27.1032
