0.1 0.609488
0.2 1.37919
0.3 2.06967
0.4 2.7599
0.5 3.45031
0.6 4.14089
0.7 4.83165
0.8 5.52258
0.9 6.21369
1 6.90498
0.428875 7.34058
0.857873 7.77588
1.28689 8.21098
1.71627 8.64537
2.14577 9.07937
2.57526 9.51323
3.00471 9.94697
3.43413 10.3806
3.86343 10.8142
4.29266 11.2478
4.72178 11.6815
5.15079 12.1151
5.57964 12.5489
6.00833 12.9829
6.43691 13.4169
6.86537 13.851
7.29374 14.2851
7.72204 14.7191
8.15025 15.1531
8.57839 15.587
9.00639 16.0211
9.43427 16.4552
9.86206 16.8894
10.2897 17.3236
10.7173 17.758
11.1446 18.1929
11.5718 18.6279
11.9989 19.0627
12.426 19.4974
12.853 19.9319
13.28 20.3664
13.7069 20.8008
14.1337 21.2352
14.5604 21.6694
14.9871 22.1037
15.4136 22.5379
15.8401 22.972
16.2665 23.4061
16.6928 23.8402
17.1191 24.2743
17.5452 24.7083
17.9713 25.1423
18.3973 25.5762
18.8232 26.0101
19.249 26.444
19.6747 26.8777
20.1004 27.3114
20.526 27.7451
20.9515 28.1787
21.3769 28.6123
21.8022 29.0458
22.2274 29.4793
22.6526 29.9128
23.0777 30.3462
23.5027 30.7796
23.9276 31.2129
24.3524 31.6462
24.7771 32.0795
25.2018 32.5127
25.6263 32.946
26.0508 33.3791
26.4752 33.8122
26.8995 34.2453
27.3237 34.6784
27.7478 35.1115
28.1719 35.5445
28.5958 35.9774
29.0197 36.4103
29.4435 36.8432
29.8671 37.2761
30.2907 37.7089
30.7143 38.1416
31.1377 38.5744
31.561 39.0071
31.9843 39.4397
32.4075 39.8723
32.8305 40.3049
33.2535 40.7374
33.6764 41.1699
34.0993 41.6023
34.522 42.0347
34.9446 42.4671
35.3672 42.8994
35.7896 43.3317
36.212 43.7639
36.6343 44.196
37.0565 44.6281
37.4786 45.0601
37.9006 45.4921
38.3226 45.9241
38.7444 46.356
39.1662 46.7878
39.5878 47.2196
40.0094 47.6514
40.4309 48.0832
40.8523 48.5149
41.2736 48.9465
41.6948 49.3781
42.1159 49.8097
42.537 50.2412
42.9579 50.6727
43.3788 51.1042
43.7995 51.5355
44.2202 51.9669
44.6408 52.3982
45.0612 52.8294
45.4816 53.2606
45.9019 53.6918
46.3221 54.1229
46.7422 54.554
47.1623 54.985
47.5822 55.416
48.002 55.8469
48.4218 56.2778
48.8414 56.7086
49.261 57.1394
49.6805 57.5702
50.0998 58.0009
50.5191 58.4316
50.9383 58.8622
51.3574 59.2928
51.7764 59.7234
52.1952 60.1539
52.614 60.5843
53.0328 61.0147
53.4514 61.4451
53.8699 61.8755
54.2883 62.3058
54.7066 62.7361
55.1248 63.1663
55.543 63.5965
55.961 64.0266
56.3789 64.4567
56.7968 64.8868
57.2145 65.3168
57.6322 65.7468
58.0497 66.1767
58.4672 66.6066
58.8845 67.0364
59.3018 67.4662
59.719 67.896
60.136 68.3257
60.553 68.7553
60.9678 69
61.3311 69
61.5081 69
61.6927 69
61.8772 69
62.0615 69
62.2456 69
62.4295 69
62.613 69
62.7961 69
62.9789 69
63.1616 69
63.3441 69
63.5261 69
63.7061 69
63.8813 69
64.0531 69
64.2198 69
64.3815 69
64.5374 69
64.6907 69
64.8419 69
64.9921 69
65.1421 69
65.2921 69
65.442 69
65.5918 69
65.7416 69
65.8913 69
66.0408 69
66.1903 69
66.3395 69
66.4886 69
66.6376 69
66.7866 69
66.9355 69
67.0843 69
67.2329 69
67.3812 69
67.5291 69
67.677 69
67.8247 69
67.972 69
68.1189 69
68.2657 69
68.4125 69
68.5591 69
68.7057 69
68.8522 69
68.9986 69
69.1462 69
69.295 69
69.4448 69
69.5945 69
69.7447 69
69.8948 69
70.0448 69
70.1947 69
70.3454 69
70.496 69
70.6464 69
70.7967 69
70.947 69
71.0971 69
71.2471 69
71.397 69
71.5468 69
71.6967 69
71.8467 69
71.9965 69
72.1466 69
72.2967 69
72.4453 69
72.5899 69
72.7306 69
72.8588 69
72.9311 69
72.9854 69
73.0396 69
73.0937 69
73.147 69
73.1987 69
73.2454 69
73.2906 69
73.3298 69
73.3661 69
73.3967 69
73.424 69
73.4511 69
73.4782 69
73.5052 69
73.532 69
73.5588 69
73.5854 69
73.612 69
73.6385 69
73.6649 69
73.6911 69
73.7173 69
73.7433 69
73.7693 69
73.7952 69
73.8209 69
73.8466 69
73.8721 69
73.8975 69
73.9229 69
73.9481 69
73.9732 69
73.9982 69
74.0232 69
74.048 69
74.0726 69
74.0972 69
74.1217 69
74.146 69
74.1703 69
74.1944 69
74.2185 69
74.2424 69
74.2662 69
74.2898 69
74.3134 69
74.3369 69
74.3602 69
74.3834 69
74.4065 69
74.4295 69
74.4524 69
74.4751 69
74.4978 69
74.5203 69
74.5427 69
74.5649 69
74.5871 69
74.6091 69
74.631 69
74.6527 69
74.6744 69
74.6959 69
74.7173 69
74.7386 69
74.7597 69
74.7807 69
74.8016 69
74.8223 69
74.8429 69
74.8634 69
74.8837 69
74.904 69
74.924 69
74.944 69
74.9638 69
74.9834 69
75.003 69
75.0224 69
75.0416 69
75.0607 69
75.0797 69
75.0985 69
75.1172 69
75.1357 69
75.1541 69
75.1724 69
75.1903 69
75.2077 69
75.2249 69
75.242 69
75.259 69
75.2746 69
75.2899 69
75.3051 69
75.3201 69
75.335 69
75.3497 69
75.3635 69
75.3759 69
75.3882 69
75.4004 69
75.4117 69
75.423 69
75.434 69
75.444 69
75.4538 69
75.4623 69
75.4681 69
75.4733 69
75.4782 69
75.483 69
75.4869 69
75.4884 69
75.4892 69
75.4899 69
75.4905 69
75.491 69
75.4897 69
75.4872 69
75.4846 69
75.482 69
75.4789 69
75.4747 69
75.4702 69
75.4656 69
75.4608 69
75.456 69
75.4511 69
75.4461 69
75.4403 69
75.4341 69
75.4279 69
75.4217 69
75.4153 69
75.4087 69
75.3994 69
75.3899 69
75.3803 69
75.3706 69
75.3608 69
75.3508 69
75.3407 69
75.3305 69
75.3187 69
75.3048 69
75.2907 69
75.2765 69
75.2622 69
75.2476 69
75.233 69
75.2181 69
75.2031 69
75.1879 69
75.1725 69
75.1569 69
75.1411 69
75.1247 69
75.1065 69
75.088 69
75.0694 69
75.0505 69
75.0313 69
75.0119 69
74.9922 69
74.9724 69
74.9524 69
74.9322 69
74.9117 69
74.8909 69
74.8668 69
74.842 69
74.8167 69
74.7907 69
74.7638 69
74.7377 69
74.7115 69
74.6767 69
74.6348 69
74.5942 69
74.5543 69
74.5136 69
74.472 69
74.4132 69
74.3446 69
74.2934 69
74.2416 69
74.1891 69
74.1471 69
74.1082 69
74.0661 69
74.0232 69
73.9799 69
73.9361 69
73.8917 69
73.8469 69
73.8017 69
73.756 69
73.7239 69
73.6926 69
73.661 69
73.6222 69
73.5817 69
73.5405 69
73.4989 69
73.4569 69
73.4128 69
73.3677 69
73.3222 69
73.2761 69
73.2286 69
73.1798 69
73.1305 69
73.0796 69
73.0215 69
72.959 69
72.9026 69
72.8616 69
72.8211 69
72.8038 69
72.7721 69
72.7283 69
72.6409 69
72.6498 69
72.4482 69
72.2033 69
72.1558 69
72.1266 69
72.0973 69
72.0737 69
72.0507 69
72.027 69
72.0024 69
71.9776 69
71.9527 69
71.9304 69
71.91 69
71.8893 69
71.8684 69
71.8473 69
71.8261 69
71.8028 69
71.7794 69
71.7542 69
71.7286 69
71.7041 69
71.6797 69
71.6549 69
71.6295 69
71.6039 69
71.5793 69
71.5565 69
71.532 69
71.5065 69
71.4809 69
71.4544 69
71.4278 69
71.4011 69
71.3775 69
71.3542 69
71.3308 69
71.3074 69
71.283 69
71.2573 69
71.2331 69
71.2121 69
71.1906 69
71.1681 69
71.1456 69
71.124 69
71.1059 69
71.0878 69
71.0697 69
71.0509 69
71.031 69
71.011 69
70.991 69
70.9709 69
70.9543 69
70.937 69
70.9196 69
70.9022 69
70.8846 69
70.8671 69
70.849 69
70.83 69
70.8141 69
70.7983 69
70.7824 69
70.7664 69
70.7504 69
70.7354 69
70.7203 69
70.705 69
70.6897 69
70.6743 69
70.6588 69
70.6433 69
70.6278 69
70.6122 69
70.5965 69
70.5808 69
70.565 69
70.5492 69
70.5333 69
70.5175 69
70.5031 69
70.4887 69
70.4742 69
70.4597 69
70.4451 69
70.4305 69
70.4158 69
70.4011 69
70.3863 69
70.3715 69
70.3583 69
70.3455 69
70.3327 69
70.3199 69
70.307 69
70.294 69
70.2811 69
70.268 69
70.255 69
70.2419 69
70.2287 69
70.2155 69
70.2022 69
70.1889 69
70.1756 69
70.1644 69
70.1538 69
70.1431 69
70.1324 69
70.1216 69
70.1109 69
70.1001 69
70.0892 69
70.0783 69
70.0675 69
70.0565 69
70.0472 69
70.0386 69
70.0301 69
70.0216 69
70.013 69
70.0044 69
69.9964 69
69.9887 69
69.9819 69
69.9751 69
69.9683 69
69.9614 69
69.9546 69
69.9477 69
69.9409 69
69.934 69
69.9271 69
69.9212 69
69.9156 69
69.91 69
69.9044 69
69.8987 69
69.8931 69
69.8875 69
69.8819 69
69.8762 69
69.8706 69
69.8649 69
69.8592 69
69.8536 69
69.8479 69
69.8429 69
69.839 69
69.835 69
69.8311 69
69.8272 69
69.8232 69
69.8193 69
69.8153 69
69.8113 69
69.8074 69
69.8036 69
69.8011 69
69.7987 69
69.7962 69
69.7937 69
69.7913 69
69.7888 69
69.7864 69
69.7844 69
69.7824 69
69.7805 69
69.7785 69
69.7765 69
69.7746 69
69.7726 69
69.7707 69
69.7687 69
69.7667 69
69.7648 69
69.7628 69
69.7608 69
69.7589 69
69.7569 69
69.7549 69
69.753 69
69.751 69
69.749 69
69.7471 69
69.7451 69
69.7431 69
69.7412 69
69.7392 69
69.7372 69
69.7352 69
69.7333 69
69.7313 69
69.7293 69
69.7274 69
69.7254 69
69.7234 69
69.7215 69
69.7195 69
69.7175 69
69.7155 69
69.7136 69
69.7116 69
69.7096 69
69.7077 69
69.7057 69
69.7037 69
69.7017 69
69.6998 69
69.6978 69
69.6958 69
69.6938 69
69.6919 69
69.6899 69
69.6879 69
69.6859 69
69.684 69
69.682 69
69.68 69
69.678 69
69.6761 69
69.6741 69
69.6721 69
69.6701 69
69.6682 69
69.6662 69
69.6642 69
69.6622 69
69.6602 69
69.6583 69
69.6563 69
69.6543 69
69.6523 69
69.6504 69
69.6484 69
69.6464 69
69.6444 69
69.6425 69
69.641 69
69.6395 69
69.638 69
69.6365 69
69.635 69
69.6335 69
69.632 69
69.6305 69
69.6292 69
69.6286 69
69.6279 69
69.6272 69
69.6265 69
69.6259 69
69.6252 69
69.6245 69
69.6238 69
69.6232 69
69.6225 69
69.6218 69
69.6212 69
69.6215 69
69.6219 69
69.6222 69
69.6226 69
69.623 69
69.6233 69
69.6237 69
69.624 69
69.6244 69
69.6247 69
69.6256 69
69.6268 69
69.628 69
69.6293 69
69.6305 69
69.6318 69
69.633 69
69.6344 69
69.636 69
69.6375 69
69.639 69
69.6404 69
69.6419 69
69.6433 69
69.6447 69
69.6462 69
69.6476 69
69.6491 69
69.6505 69
69.652 69
69.6533 69
69.6543 69
69.6554 69
69.6564 69
69.6575 69
69.6585 69
69.6596 69
69.6606 69
69.6617 69
69.6628 69
69.6638 69
69.6649 69
69.6659 69
69.667 69
69.668 69
69.6691 69
69.6701 69
69.6708 69
69.6714 69
69.672 69
69.6726 69
69.6732 69
69.6738 69
69.6744 69
69.675 69
69.6756 69
69.6762 69
69.6768 69
69.6774 69
69.678 69
69.6786 69
69.6792 69
69.6798 69
69.6804 69
69.681 69
69.6816 69
69.682 69
69.6823 69
69.6825 69
69.6827 69
69.683 69
69.6832 69
69.6834 69
69.6837 69
69.6839 69
69.6841 69
69.6844 69
69.6846 69
69.6848 69
69.6851 69
69.6852 69
69.6852 69
69.6853 69
69.6853 69
69.6853 69
69.6853 69
69.6853 69
69.6853 69
69.6853 69
69.6854 69
69.6854 69
69.6854 69
69.6854 69
69.6854 69
69.6854 69
69.6854 69
69.6855 69
69.6855 69
69.6855 69
69.6855 69
69.6855 69
69.6855 69
69.6855 69
69.6855 69
69.6855 69
69.6856 69
69.6856 69
69.6856 69
69.6856 69
69.6856 69
69.6856 69
69.6856 69
69.6856 69
69.6856 69
69.6856 69
69.6856 69
69.6856 69
69.6856 69
69.6856 69
69.6856 69
69.6856 69
69.6856 69
69.6856 69
69.6857 69
69.6857 69
69.6857 69
69.6857 69
69.6857 69
69.6857 69
69.6857 69
69.6857 69
69.6857 69
69.6857 69
69.6857 69
69.6857 69
69.6857 69
69.6856 69
69.6856 69
69.6856 69
69.6856 69
69.6856 69
69.6856 69
69.6856 69
69.6856 69
69.6856 69
69.6856 69
69.6856 69
69.6856 69
69.6856 69
69.6856 69
69.6856 69
69.6856 69
69.6856 69
69.6856 69
69.6855 69
69.6855 69
69.6855 69
69.6855 69
69.6855 69
69.6855 69
69.6855 69
69.6855 69
69.6855 69
69.6855 69
69.6854 69
69.6854 69
69.6854 69
69.6854 69
69.6854 69
69.6854 69
69.6854 69
69.6853 69
69.6853 69
69.6853 69
69.6853 69
69.6853 69
69.6853 69
69.6852 69
69.6852 69
69.6852 69
69.6852 69
69.6852 69
69.6851 69
69.6851 69
69.6851 69
69.6851 69
69.6851 69
69.685 69
69.685 69
69.685 69
69.685 69
69.685 69
69.6849 69
69.6849 69
69.6849 69
69.6849 69
69.6848 69
69.6848 69
69.6848 69
69.6848 69
69.6847 69
69.6847 69
69.6847 69
69.6846 69
69.6846 69
69.6846 69
69.6846 69
69.6845 69
69.6845 69
69.6845 69
69.6844 69
69.6844 69
69.6844 69
69.6843 69
69.6843 69
69.6843 69
69.6842 69
69.6842 69
69.6842 69
69.6841 69
69.6841 69
69.6841 69
69.684 69
69.684 69
69.684 69
69.6839 69
69.6839 69
69.6839 69
69.6838 69
69.6838 69
69.6837 69
69.6837 69
69.6837 69
69.6836 69
69.6836 69
69.6835 69
69.6835 69
69.6835 69
69.6834 69
69.6834 69
69.6833 69
69.6833 69
69.6832 69
69.6832 69
69.6831 69
69.6831 69
69.6831 69
69.683 69
69.683 69
69.6829 69
69.6829 69
69.6828 69
69.6828 69
69.6827 69
69.6827 69
69.6826 69
69.6826 69
69.6825 69
69.6825 69
69.6824 69
69.6824 69
69.6822 69
69.6821 69
69.682 69
69.6819 69
69.6817 69
69.6816 69
69.6815 69
69.6814 69
69.6813 69
69.6811 69
69.681 69
69.6809 69
69.6807 69
69.6806 69
69.6805 69
69.6804 69
69.6802 69
69.6801 69
69.68 69
69.6798 69
69.6797 69
69.6795 69
69.6791 69
69.6788 69
69.6784 69
69.6781 69
69.6777 69
69.6774 69
69.677 69
69.6767 69
69.6763 69
69.676 69
69.6756 69
69.6753 69
69.6749 69
69.6746 69
69.6742 69
69.6739 69
69.6735 69
69.6732 69
69.6728 69
69.6725 69
69.6721 69
69.6718 69
69.6714 69
69.6711 69
69.6707 69
69.6704 69
69.67 69
69.6697 69
69.6693 69
69.6689 69
69.6685 69
69.6679 69
69.6673 69
69.6667 69
69.6661 69
69.6655 69
69.6648 69
69.6642 69
69.6636 69
69.663 69
69.6624 69
69.6617 69
69.6611 69
69.6605 69
69.6599 69
69.6593 69
69.6586 69
69.658 69
69.6574 69
69.6568 69
69.6562 69
69.6555 69
69.6549 69
69.6543 69
69.6537 69
69.6531 69
69.6524 69
69.6518 69
69.6512 69
69.6506 69
69.6499 69
69.6493 69
69.6487 69
69.6481 69
69.6475 69
69.6468 69
69.6462 69
69.6456 69
69.645 69
69.6443 69
69.6437 69
69.6431 69
69.6425 69
69.6418 69
69.6412 69
69.6406 69
69.64 69
69.6391 69
69.6383 69
69.6375 69
69.6367 69
69.6359 69
69.6351 69
69.6343 69
69.6335 69
69.6327 69
69.6318 69
69.631 69
69.6302 69
69.6294 69
69.6286 69
69.6278 69
69.627 69
69.6262 69
69.6253 69
69.6245 69
69.6237 69
69.6229 69
69.6221 69
69.6213 69
69.6205 69
69.6197 69
69.6188 69
69.618 69
69.6172 69
69.6164 69
69.6156 69
69.6148 69
69.614 69
69.6132 69
69.6123 69
69.6115 69
69.6107 69
69.6099 69
69.609 69
69.608 69
69.6071 69
69.6061 69
69.6052 69
69.6042 69
69.6032 69
69.6023 69
69.6013 69
69.6004 69
69.5994 69
69.5985 69
69.5975 69
69.5966 69
69.5956 69
69.5947 69
69.5937 69
69.5928 69
69.5918 69
69.5909 69
69.5899 69
69.589 69
69.588 69
69.5871 69
69.5861 69
69.5852 69
69.5842 69
69.5833 69
69.5823 69
69.5814 69
69.5804 69
69.5795 69
69.5785 69
69.5776 69
69.5766 69
69.5757 69
69.5747 69
69.5738 69
69.5728 69
69.5719 69
69.5709 69
69.57 69
69.569 69
69.5681 69
69.5671 69
69.5662 69
69.5652 69
69.5643 69
69.5633 69
69.5624 69
69.5615 69
69.5605 69
69.5596 69
69.5586 69
69.5577 69
69.5567 69
69.5558 69
69.5548 69
69.5539 69
69.5529 69
69.552 69
69.551 69
69.5501 69
69.5491 69
69.5482 69
69.5472 69
69.5463 69
69.5454 69
69.5444 69
69.5435 69
69.5425 69
69.5416 69
69.5406 69
69.5397 69
69.5387 69
69.5378 69
69.5368 69
69.5359 69
69.535 69
69.534 69
69.5331 69
69.5321 69
69.5312 69
69.5302 69
69.5293 69
69.5283 69
69.5274 69
69.5265 69
69.5255 69
69.5246 69
69.5236 69
69.5227 69
69.5217 69
69.5208 69
69.5199 69
69.5189 69
69.518 69
69.517 69
69.5161 69
69.5151 69
69.5142 69
69.5133 69
69.5123 69
69.5114 69
69.5104 69
69.5095 69
69.5085 69
69.5076 69
69.5067 69
69.5057 69
69.5048 69
69.5038 69
69.5029 69
69.502 69
69.501 69
69.5001 69
69.4991 69
69.4982 69
69.4973 69
69.4963 69
69.4954 69
69.4944 69
69.4935 69
69.4926 69
69.4916 69
69.4907 69
69.4897 69
69.4888 69
69.4879 69
69.4869 69
69.486 69
69.485 69
69.4841 69
69.4832 69
69.4822 69
69.4813 69
69.4803 69
69.4794 69
69.4785 69
69.4775 69
69.4766 69
69.4756 69
69.4747 69
69.4738 69
69.4728 69
69.4719 69
69.471 69
69.47 69
69.4691 69
69.4681 69
69.4672 69
69.4663 69
69.4653 69
69.4644 69
69.4635 69
69.4625 69
69.4616 69
69.4607 69
69.4597 69
69.4588 69
69.4578 69
69.4569 69
69.456 69
69.455 69
69.4541 69
69.4532 69
69.4522 69
69.4513 69
69.4504 69
69.4494 69
69.4485 69
69.4475 69
69.4466 69
69.4457 69
69.4447 69
69.4438 69
69.4429 69
69.4419 69
69.441 69
69.4401 69
69.4391 69
69.4382 69
69.4373 69
69.4363 69
69.4354 69
69.4345 69
69.4335 69
69.4326 69
69.4317 69
69.4307 69
69.4298 69
69.4289 69
69.4279 69
69.427 69
69.4261 69
69.4251 69
69.4242 69
69.4233 69
69.4223 69
69.4214 69
69.4205 69
69.4197 69
69.4189 69
69.4181 69
69.4173 69
69.4166 69
69.4158 69
69.415 69
69.4142 69
69.4134 69
69.4126 69
69.4118 69
69.411 69
69.4102 69
69.4094 69
69.4086 69
69.4079 69
69.4071 69
69.4063 69
69.4055 69
69.4047 69
69.4039 69
69.4031 69
69.4023 69
69.4015 69
69.4007 69
69.4 69
69.3992 69
69.3984 69
69.3976 69
69.3968 69
69.396 69
69.3952 69
69.3944 69
69.3936 69
69.3929 69
69.3921 69
69.3913 69
69.3907 69
69.3901 69
69.3895 69
69.3889 69
69.3883 69
69.3877 69
69.3871 69
69.3865 69
69.386 69
69.3854 69
69.3848 69
69.3842 69
69.3836 69
69.383 69
69.3824 69
69.3818 69
69.3812 69
69.3806 69
69.38 69
69.3794 69
69.3788 69
69.3782 69
69.3776 69
69.377 69
69.3764 69
69.3758 69
69.3752 69
69.3746 69
69.374 69
69.3734 69
69.3729 69
69.3723 69
69.3717 69
69.3711 69
69.3705 69
69.3699 69
69.3693 69
69.3687 69
69.3681 69
69.3675 69
69.3669 69
69.3663 69
69.3657 69
69.3651 69
69.3645 69
69.3639 69
69.3636 69
69.3633 69
69.363 69
69.3626 69
69.3623 69
69.362 69
69.3617 69
69.3613 69
69.361 69
69.3607 69
69.3603 69
69.36 69
69.3597 69
69.3594 69
69.359 69
69.3587 69
69.3584 69
69.3581 69
69.3577 69
69.3574 69
69.3571 69
69.3568 69
69.3564 69
69.3561 69
69.3558 69
69.3555 69
69.3551 69
69.3548 69
69.3545 69
69.3542 69
69.3538 69
69.3535 69
69.3533 69
69.3532 69
69.3531 69
69.353 69
69.3529 69
69.3528 69
69.3527 69
69.3526 69
69.3525 69
69.3524 69
69.3522 69
69.3521 69
69.352 69
69.3519 69
69.3518 69
69.3517 69
69.3516 69
69.3515 69
69.3514 69
69.3513 69
69.3511 69
69.351 69
69.3509 69
69.3509 69
69.3509 69
69.3508 69
69.3508 69
69.3507 69
69.3507 69
69.3507 69
69.3506 69
69.3506 69
69.3505 69
69.3505 69
69.3505 69
69.3504 69
69.3504 69
69.3503 69
69.3503 69
69.3503 69
69.3502 69
69.3502 69
69.3501 69
69.3501 69
69.3501 69
69.35 69
69.35 69
69.35 69
69.3499 69
69.3499 69
69.3498 69
69.3498 69
69.3498 69
69.3497 69
69.3497 69
69.3497 69
69.3496 69
69.3496 69
69.3495 69
69.3495 69
69.3495 69
69.3494 69
69.3494 69
69.3494 69
69.3493 69
69.3493 69
69.3492 69
69.3492 69
69.3492 69
69.3491 69
69.3491 69
69.3491 69
69.349 69
69.349 69
69.349 69
69.3489 69
69.3489 69
69.3489 69
69.3488 69
69.3488 69
69.3488 69
69.3487 69
69.3487 69
69.3486 69
69.3486 69
69.3486 69
69.3485 69
69.3485 69
69.3485 69
69.3484 69
69.3484 69
69.3484 69
69.3483 69
69.3483 69
69.3483 69
69.3482 69
69.3482 69
69.3482 69
69.3481 69
69.3481 69
69.3481 69
69.348 69
69.348 69
69.348 69
69.3479 69
69.3479 69
69.3479 69
69.3478 69
69.3478 69
69.3478 69
69.3478 69
69.3477 69
69.3477 69
69.3477 69
69.3476 69
69.3476 69
69.3476 69
69.3475 69
69.3475 69
69.3475 69
69.3474 69
69.3474 69
69.3474 69
69.3473 69
69.3473 69
69.3473 69
69.3473 69
69.3472 69
69.3472 69
69.3472 69
69.3471 69
69.3471 69
69.3471 69
69.347 69
69.347 69
69.347 69
69.347 69
69.3469 69
69.3469 69
69.3469 69
69.3468 69
69.3468 69
69.3468 69
69.3468 69
69.3467 69
69.3467 69
69.3467 69
69.3466 69
69.3466 69
69.3466 69
69.3466 69
69.3465 69
69.3465 69
69.3465 69
69.3464 69
69.3464 69
69.3464 69
69.3464 69
69.3463 69
69.3463 69
69.3463 69
69.3463 69
69.3462 69
69.3462 69
69.3462 69
69.3462 69
69.3461 69
69.3461 69
69.3461 69
69.3461 69
69.346 69
69.346 69
69.346 69
69.3459 69
69.3459 69
69.3459 69
69.3459 69
69.3458 69
69.3458 69
69.3458 69
69.3458 69
69.3457 69
69.3457 69
69.3457 69
69.3457 69
69.3456 69
69.3456 69
69.3456 69
69.3456 69
69.3456 69
69.3455 69
69.3455 69
69.3455 69
69.3455 69
69.3454 69
69.3454 69
69.3454 69
69.3454 69
69.3453 69
69.3453 69
69.3453 69
69.3453 69
69.3453 69
69.3452 69
69.3452 69
69.3452 69
69.3452 69
69.3451 69
69.3451 69
69.3451 69
69.3451 69
69.3451 69
69.345 69
69.345 69
69.345 69
69.345 69
69.3449 69
69.3449 69
69.3449 69
69.3449 69
69.3449 69
69.3448 69
69.3448 69
69.3448 69
69.3448 69
69.3448 69
69.3447 69
69.3447 69
69.3447 69
69.3447 69
69.3447 69
69.3446 69
69.3446 69
69.3446 69
69.3446 69
69.3446 69
69.3445 69
69.3445 69
69.3445 69
69.3445 69
69.3445 69
69.3444 69
69.3444 69
69.3444 69
69.3444 69
69.3444 69
69.3444 69
69.3443 69
69.3443 69
69.3443 69
69.3443 69
69.3443 69
69.3442 69
69.3442 69
69.3442 69
69.3442 69
69.3442 69
69.3442 69
69.3441 69
69.3441 69
69.3441 69
69.3441 69
69.3441 69
69.3441 69
69.344 69
69.344 69
69.344 69
69.344 69
69.344 69
69.344 69
69.3439 69
69.3439 69
69.3439 69
69.3439 69
69.3439 69
69.3439 69
69.3439 69
69.3438 69
69.3438 69
69.3438 69
69.3438 69
69.3438 69
69.3438 69
69.3438 69
69.3437 69
69.3437 69
69.3437 69
69.3437 69
69.3437 69
69.3437 69
69.3437 69
69.3436 69
69.3436 69
69.3436 69
69.3436 69
69.3436 69
69.3436 69
69.3436 69
69.3435 69
69.3435 69
69.3435 69
69.3435 69
69.3435 69
69.3435 69
69.3435 69
69.3435 69
69.3434 69
69.3434 69
69.3434 69
69.3434 69
69.3434 69
69.3434 69
69.3434 69
69.3434 69
69.3434 69
69.3433 69
69.3433 69
69.3433 69
69.3433 69
69.3433 69
69.3433 69
69.3433 69
69.3433 69
69.3433 69
69.3432 69
69.3432 69
69.3432 69
69.3432 69
69.3432 69
69.3432 69
69.3432 69
69.3432 69
69.3432 69
69.3432 69
69.3431 69
69.3431 69
69.3431 69
69.3431 69
69.3431 69
69.3431 69
69.3431 69
69.3431 69
69.3431 69
69.3431 69
69.3431 69
69.3431 69
69.343 69
69.343 69
69.343 69
69.343 69
69.343 69
69.343 69
69.343 69
69.343 69
69.343 69
69.343 69
69.343 69
69.343 69
69.343 69
69.3429 69
69.3429 69
69.3429 69
69.3429 69
69.3429 69
69.3429 69
69.3429 69
69.3429 69
69.3429 69
69.3429 69
69.3429 69
69.3429 69
69.3429 69
69.3429 69
69.3429 69
69.3429 69
69.3429 69
69.3428 69
69.3428 69
69.3428 69
69.3428 69
69.3428 69
69.3428 69
69.3428 69
69.3428 69
69.3428 69
69.3428 69
69.3428 69
69.3428 69
69.3428 69
69.3428 69
69.3428 69
69.3428 69
69.3428 69
69.3428 69
69.3428 69
69.3428 69
69.3428 69
69.3428 69
69.3428 69
69.3428 69
69.3428 69
69.3428 69
69.3427 69
69.3427 69
69.3427 69
69.3427 69
69.3427 69
69.3427 69
69.3427 69
69.3427 69
69.3427 69
69.3427 69
69.3427 69
69.3427 69
69.3427 69
69.3427 69
69.3427 69
69.3427 69
69.3427 69
69.3427 69
69.3427 69
69.3427 69
69.3427 69
69.3427 69
69.3427 69
69.3427 69
69.3427 69
69.3427 69
69.3427 69
69.3427 69
69.3427 69
69.3427 69
69.3427 69
69.3427 69
69.3427 69
69.3427 69
69.3427 69
69.3427 69
69.3427 69
69.3427 69
69.3427 69
69.3427 69
69.3427 69
69.3427 69
69.3427 69
69.3427 69
69.3427 69
69.3427 69
69.3427 69
69.3427 69
69.3427 69
69.3427 69
69.3427 69
69.3428 69
69.3428 69
69.3428 69
69.3428 69
69.3428 69
69.3428 69
69.3428 69
69.3428 69
69.3428 69
69.3428 69
69.3428 69
69.3428 69
69.3428 69
69.3428 69
69.3428 69
69.3428 69
69.3428 69
69.3428 69
69.3428 69
69.3428 69
69.3428 69
69.3428 69
69.3428 69
69.3428 69
69.3428 69
69.3428 69
69.3429 69
69.3429 69
69.3429 69
69.3429 69
69.3429 69
69.3429 69
69.3429 69
69.3429 69
69.3429 69
69.3429 69
69.3429 69
69.3429 69
69.3429 69
69.3429 69
69.3429 69
69.3429 69
69.343 69
69.343 69
69.343 69
69.343 69
69.343 69
69.343 69
69.343 69
69.343 69
69.343 69
69.343 69
69.343 69
69.343 69
69.343 69
69.343 69
69.3431 69
69.3431 69
69.3431 69
69.3431 69
69.3431 69
69.3431 69
69.3431 69
69.3431 69
69.3431 69
69.3431 69
69.3431 69
69.3432 69
69.3432 69
69.3432 69
69.3432 69
69.3432 69
69.3432 69
69.3432 69
69.3432 69
69.3432 69
69.3432 69
69.3433 69
69.3433 69
69.3433 69
69.3433 69
69.3433 69
69.3433 69
69.3433 69
69.3433 69
69.3433 69
69.3433 69
69.3434 69
69.3434 69
69.3434 69
69.3434 69
69.3434 69
69.3434 69
69.3434 69
69.3434 69
69.3435 69
69.3435 69
69.3435 69
69.3435 69
69.3435 69
69.3435 69
69.3435 69
69.3435 69
69.3436 69
69.3436 69
69.3436 69
69.3436 69
69.3436 69
69.3436 69
69.3436 69
69.3436 69
69.3437 69
69.3437 69
69.3437 69
69.3437 69
69.3437 69
69.3437 69
69.3437 69
69.3438 69
69.3438 69
69.3438 69
69.3438 69
69.3438 69
69.3438 69
69.3439 69
69.3439 69
69.3439 69
69.3439 69
69.3439 69
69.3439 69
69.3439 69
69.344 69
69.344 69
69.344 69
69.344 69
69.344 69
69.344 69
69.3441 69
69.3441 69
69.3441 69
69.3441 69
69.3441 69
69.3441 69
69.3442 69
69.3442 69
69.3442 69
69.3442 69
69.3442 69
69.3442 69
69.3443 69
69.3443 69
69.3443 69
69.3443 69
69.3443 69
69.3443 69
69.3444 69
69.3444 69
69.3444 69
69.3444 69
69.3444 69
69.3445 69
69.3445 69
69.3445 69
69.3445 69
69.3445 69
69.3446 69
69.3446 69
69.3446 69
69.3446 69
69.3446 69
69.3446 69
69.3447 69
69.3447 69
69.3447 69
69.3447 69
69.3447 69
69.3448 69
69.3448 69
69.3448 69
69.3448 69
69.3449 69
69.3449 69
69.3449 69
69.3449 69
69.3449 69
69.345 69
69.345 69
69.345 69
69.345 69
69.345 69
69.3451 69
69.3451 69
69.3451 69
69.3451 69
69.3452 69
69.3452 69
69.3452 69
69.3452 69
69.3452 69
69.3453 69
69.3453 69
69.3453 69
69.3453 69
69.3454 69
69.3454 69
69.3454 69
69.3454 69
69.3454 69
69.3455 69
69.3455 69
69.3455 69
69.3455 69
69.3456 69
69.3456 69
69.3456 69
69.3456 69
69.3457 69
69.3457 69
69.3457 69
69.3457 69
69.3458 69
69.3458 69
69.3458 69
69.3458 69
69.3459 69
69.3459 69
69.3459 69
69.3459 69
69.346 69
69.346 69
69.346 69
69.346 69
69.3461 69
69.3461 69
69.3461 69
69.3461 69
69.3462 69
69.3462 69
69.3462 69
69.3462 69
69.3463 69
69.3463 69
69.3463 69
69.3464 69
69.3464 69
69.3464 69
69.3464 69
69.3465 69
69.3465 69
69.3465 69
69.3465 69
69.3466 69
69.3466 69
69.3466 69
69.3467 69
69.3467 69
69.3467 69
69.3467 69
69.3468 69
69.3468 69
69.3468 69
69.3469 69
69.3469 69
69.3469 69
69.3469 69
69.347 69
69.347 69
69.347 69
69.3471 69
69.3471 69
69.3471 69
69.3471 69
69.3472 69
69.3472 69
69.3472 69
69.3473 69
69.3473 69
69.3473 69
69.3474 69
69.3474 69
69.3474 69
69.3475 69
69.3475 69
69.3475 69
69.3475 69
69.3476 69
69.3476 69
69.3476 69
69.3477 69
69.3477 69
69.3477 69
69.3478 69
69.3478 69
69.3478 69
69.3479 69
69.3479 69
69.3479 69
69.348 69
69.348 69
69.348 69
69.3481 69
69.3481 69
69.3481 69
69.3482 69
69.3482 69
69.3482 69
69.3483 69
69.3483 69
69.3483 69
69.3484 69
69.3484 69
69.3484 69
69.3485 69
69.3485 69
69.3485 69
69.3486 69
69.3486 69
69.3486 69
69.3487 69
69.3487 69
69.3487 69
69.3488 69
69.3488 69
69.3488 69
69.3489 69
69.3489 69
69.3489 69
69.349 69
69.349 69
69.349 69
69.3491 69
69.3491 69
69.3492 69
69.3492 69
69.3492 69
69.3493 69
69.3493 69
69.3493 69
69.3494 69
69.3494 69
69.3494 69
69.3495 69
69.3495 69
69.3496 69
69.3496 69
69.3496 69
69.3497 69
69.3497 69
69.3497 69
69.3498 69
69.3498 69
69.3499 69
69.3499 69
69.3499 69
69.35 69
69.35 69
69.35 69
69.3501 69
69.3501 69
69.3502 69
69.3502 69
69.3502 69
69.3503 69
69.3503 69
69.3504 69
69.3504 69
69.3504 69
69.3505 69
69.3505 69
69.3506 69
69.3506 69
69.3506 69
69.3507 69
69.3507 69
69.3508 69
69.3508 69
69.3508 69
69.3509 69
69.3509 69
69.351 69
69.351 69
69.351 69
69.3511 69
69.3511 69
69.3512 69
69.3512 69
69.3512 69
69.3513 69
69.3513 69
69.3514 69
69.3514 69
69.3514 69
69.3515 69
69.3515 69
69.3516 69
69.3516 69
69.3517 69
69.3517 69
69.3517 69
69.3518 69
69.3518 69
69.3519 69
69.3519 69
69.352 69
69.352 69
69.352 69
69.3521 69
69.3521 69
69.3522 69
69.3522 69
69.3523 69
69.3523 69
69.3524 69
69.3524 69
69.3524 69
69.3525 69
69.3525 69
69.3526 69
69.3526 69
69.3527 69
69.3527 69
69.3527 69
69.3528 69
69.3528 69
69.3529 69
69.3529 69
69.353 69
69.353 69
69.3531 69
69.3531 69
69.3532 69
69.3532 69
69.3532 69
69.3533 69
69.3533 69
69.3534 69
69.3534 69
69.3535 69
69.3535 69
69.3536 69
69.3536 69
69.3537 69
69.3537 69
69.3538 69
69.3538 69
69.3539 69
69.3539 69
69.3539 69
69.354 69
69.354 69
69.3541 69
69.3541 69
69.3542 69
69.3542 69
69.3543 69
69.3543 69
69.3544 69
69.3544 69
69.3545 69
69.3545 69
69.3546 69
69.3546 69
69.3547 69
69.3547 69
69.3548 69
69.3548 69
69.3549 69
69.3549 69
69.355 69
69.355 69
69.3551 69
69.3551 69
69.3552 69
69.3552 69
69.3553 69
69.3553 69
69.3554 69
69.3554 69
69.3555 69
69.3555 69
69.3556 69
69.3556 69
69.3557 69
69.3557 69
69.3558 69
69.3558 69
69.3559 69
69.3559 69
69.356 69
69.356 69
69.3561 69
69.3561 69
69.3562 69
69.3562 69
69.3563 69
69.3563 69
69.3564 69
69.3564 69
69.3565 69
69.3566 69
69.3566 69
69.3567 69
69.3567 69
69.3568 69
69.3568 69
69.3569 69
69.3569 69
69.357 69
69.357 69
69.3571 69
69.3571 69
69.3572 69
69.3572 69
69.3573 69
69.3574 69
69.3574 69
69.3575 69
69.3575 69
69.3576 69
69.3576 69
69.3577 69
69.3577 69
69.3578 69
69.3578 69
69.3579 69
69.358 69
69.358 69
69.3581 69
69.3581 69
69.3582 69
69.3582 69
69.3583 69
69.3583 69
69.3584 69
69.3585 69
69.3585 69
69.3586 69
69.3586 69
69.3587 69
69.3587 69
69.3588 69
69.3589 69
69.3589 69
69.359 69
69.359 69
69.3591 69
69.3591 69
69.3592 69
69.3593 69
69.3593 69
69.3594 69
69.3594 69
69.3595 69
69.3595 69
69.3596 69
69.3597 69
69.3597 69
69.3598 69
69.3598 69
69.3599 69
69.36 69
69.36 69
69.3601 69
69.3601 69
69.3602 69
69.3602 69
69.3603 69
69.3604 69
69.3604 69
69.3605 69
69.3605 69
69.3606 69
69.3607 69
69.3607 69
69.3608 69
69.3608 69
69.3609 69
69.361 69
69.361 69
69.3611 69
69.3611 69
69.3612 69
69.3613 69
69.3613 69
69.3614 69
69.3615 69
69.3615 69
69.3616 69
69.3616 69
69.3617 69
69.3618 69
69.3618 69
69.3619 69
69.3619 69
69.362 69
69.3621 69
69.3621 69
69.3622 69
69.3623 69
69.3623 69
69.3624 69
69.3624 69
69.3625 69
69.3626 69
69.3626 69
69.3627 69
69.3628 69
69.3628 69
69.3629 69
69.363 69
69.363 69
69.3631 69
69.3631 69
69.3632 69
69.3633 69
69.3633 69
69.3634 69
69.3635 69
69.3635 69
69.3636 69
69.3637 69
69.3637 69
69.3638 69
69.3639 69
69.3639 69
69.364 69
69.3641 69
69.3641 69
69.3642 69
69.3642 69
69.3643 69
69.3644 69
69.3644 69
69.3645 69
69.3646 69
69.3646 69
69.3647 69
69.3648 69
69.3648 69
69.3649 69
69.365 69
69.365 69
69.3651 69
69.3652 69
69.3652 69
69.3653 69
69.3654 69
69.3654 69
69.3655 69
69.3656 69
69.3657 69
69.3657 69
69.3658 69
69.3659 69
69.3659 69
69.366 69
69.3661 69
69.3661 69
69.3662 69
69.3663 69
69.3663 69
69.3664 69
69.3665 69
69.3665 69
69.3666 69
69.3667 69
69.3667 69
69.3668 69
69.3669 69
69.367 69
69.367 69
69.3671 69
69.3672 69
69.3672 69
69.3673 69
69.3674 69
69.3674 69
69.3675 69
69.3676 69
69.3677 69
69.3677 69
69.3678 69
69.3679 69
69.3679 69
69.368 69
69.3681 69
69.3682 69
69.3682 69
69.3683 69
69.3684 69
69.3684 69
69.3685 69
69.3686 69
69.3687 69
69.3687 69
69.3688 69
69.3689 69
69.3689 69
69.369 69
69.3691 69
69.3692 69
69.3692 69
69.3693 69
69.3694 69
69.3695 69
69.3695 69
69.3696 69
69.3697 69
69.3698 69
69.3698 69
69.3699 69
69.37 69
69.37 69
69.3701 69
69.3702 69
69.3703 69
69.3703 69
69.3704 69
69.3705 69
69.3706 69
69.3706 69
69.3707 69
69.3708 69
69.3709 69
69.3709 69
69.371 69
69.3711 69
69.3712 69
69.3712 69
69.3713 69
69.3714 69
69.3715 69
69.3716 69
69.3716 69
69.3717 69
69.3718 69
69.3719 69
69.3719 69
69.372 69
69.3721 69
69.3722 69
69.3722 69
69.3723 69
69.3724 69
69.3725 69
69.3725 69
69.3726 69
69.3727 69
69.3728 69
69.3729 69
69.3729 69
69.373 69
69.3731 69
69.3732 69
69.3732 69
69.3733 69
69.3734 69
69.3735 69
69.3736 69
69.3736 69
69.3737 69
69.3738 69
69.3739 69
69.374 69
69.374 69
69.3741 69
69.3742 69
69.3743 69
69.3744 69
69.3744 69
69.3745 69
69.3746 69
69.3747 69
69.3748 69
69.3748 69
69.3749 69
69.375 69
69.3751 69
69.3752 69
69.3752 69
69.3753 69
69.3754 69
69.3755 69
69.3756 69
69.3756 69
69.3757 69
69.3758 69
69.3759 69
69.376 69
69.376 69
69.3761 69
69.3762 69
69.3763 69
69.3764 69
69.3765 69
69.3765 69
69.3766 69
69.3767 69
69.3768 69
69.3769 69
69.377 69
69.377 69
69.3771 69
69.3772 69
69.3773 69
69.3774 69
69.3775 69
69.3775 69
69.3776 69
69.3777 69
69.3778 69
69.3779 69
69.378 69
69.378 69
69.3781 69
69.3782 69
69.3783 69
69.3784 69
69.3785 69
69.3785 69
69.3786 69
69.3787 69
69.3788 69
69.3789 69
69.379 69
69.3791 69
69.3791 69
69.3792 69
69.3793 69
69.3794 69
69.3795 69
69.3796 69
69.3797 69
69.3797 69
69.3798 69
69.3799 69
69.38 69
69.3801 69
69.3802 69
69.3803 69
69.3803 69
69.3804 69
69.3805 69
69.3806 69
69.3807 69
69.3808 69
69.3809 69
69.381 69
69.381 69
69.3811 69
69.3812 69
69.3813 69
69.3814 69
69.3815 69
69.3816 69
69.3817 69
69.3818 69
69.3818 69
69.3819 69
69.382 69
69.3821 69
69.3822 69
69.3823 69
69.3824 69
69.3825 69
69.3826 69
69.3826 69
69.3827 69
69.3828 69
69.3829 69
69.383 69
69.3831 69
69.3832 69
69.3833 69
69.3834 69
69.3835 69
69.3835 69
69.3836 69
69.3837 69
69.3838 69
69.3839 69
69.384 69
69.3841 69
69.3842 69
69.3843 69
69.3844 69
69.3845 69
69.3845 69
69.3846 69
69.3847 69
69.3848 69
69.3849 69
69.385 69
69.3851 69
69.3852 69
69.3853 69
69.3854 69
69.3855 69
69.3856 69
69.3857 69
69.3857 69
69.3858 69
69.3859 69
69.386 69
69.3861 69
69.3862 69
69.3863 69
69.3864 69
69.3865 69
69.3866 69
69.3867 69
69.3868 69
69.3869 69
69.387 69
69.3871 69
69.3871 69
69.3872 69
69.3873 69
69.3874 69
69.3875 69
69.3876 69
69.3877 69
69.3878 69
69.3879 69
69.388 69
69.3881 69
69.3882 69
69.3883 69
69.3884 69
69.3885 69
69.3886 69
69.3887 69
69.3888 69
69.3889 69
69.389 69
69.3891 69
69.3892 69
69.3893 69
69.3893 69
69.3894 69
69.3895 69
69.3896 69
69.3897 69
69.3898 69
69.3899 69
69.39 69
69.3901 69
69.3902 69
69.3903 69
69.3904 69
69.3905 69
69.3906 69
69.3907 69
69.3908 69
69.3909 69
69.391 69
69.3911 69
69.3912 69
69.3913 69
69.3914 69
69.3915 69
69.3916 69
69.3917 69
69.3918 69
69.3919 69
69.392 69
69.3921 69
69.3922 69
69.3923 69
69.3924 69
69.3925 69
69.3926 69
69.3927 69
69.3928 69
69.3929 69
69.393 69
69.3931 69
69.3932 69
69.3933 69
69.3934 69
69.3935 69
69.3936 69
69.3937 69
69.3938 69
69.3939 69
69.394 69
69.3941 69
69.3942 69
69.3943 69
69.3944 69
69.3945 69
69.3946 69
69.3947 69
69.3948 69
69.3949 69
69.395 69
69.3951 69
69.3952 69
69.3953 69
69.3954 69
69.3955 69
69.3956 69
69.3957 69
69.3958 69
69.396 69
69.3961 69
69.3962 69
69.3963 69
69.3964 69
69.3965 69
69.3966 69
69.3967 69
69.3968 69
69.3969 69
69.397 69
69.3971 69
69.3972 69
69.3973 69
69.3974 69
69.3975 69
69.3976 69
69.3977 69
69.3978 69
69.3979 69
69.398 69
69.3981 69
69.3982 69
69.3984 69
69.3985 69
69.3986 69
69.3987 69
69.3988 69
69.3989 69
69.399 69
69.3991 69
69.3992 69
69.3993 69
69.3994 69
69.3995 69
69.3996 69
69.3997 69
69.3998 69
69.4 69
69.4001 69
69.4002 69
69.4003 69
69.4004 69
69.4005 69
69.4006 69
69.4007 69
69.4008 69
69.4009 69
69.401 69
69.4011 69
69.4012 69
69.4014 69
69.4015 69
69.4016 69
69.4017 69
69.4018 69
69.4019 69
69.402 69
69.4021 69
69.4022 69
69.4023 69
69.4024 69
69.4026 69
69.4027 69
69.4028 69
69.4029 69
69.403 69
69.4031 69
69.4032 69
69.4033 69
69.4034 69
69.4035 69
69.4037 69
69.4038 69
69.4039 69
69.404 69
69.4041 69
69.4042 69
69.4043 69
69.4044 69
69.4045 69
69.4047 69
69.4048 69
69.4049 69
69.405 69
69.4051 69
69.4052 69
69.4053 69
69.4054 69
69.4055 69
69.4057 69
69.4058 69
69.4059 69
69.406 69
69.4061 69
69.4062 69
69.4063 69
69.4065 69
69.4066 69
69.4067 69
69.4068 69
69.4069 69
69.407 69
69.4071 69
69.4072 69
69.4074 69
69.4075 69
69.4076 69
69.4077 69
69.4078 69
69.4079 69
69.408 69
69.4082 69
69.4083 69
69.4084 69
69.4085 69
69.4086 69
69.4087 69
69.4088 69
69.409 69
69.4091 69
69.4092 69
69.4093 69
69.4094 69
69.4095 69
69.4097 69
69.4098 69
69.4099 69
69.41 69
69.4101 69
69.4102 69
69.4104 69
69.4105 69
69.4106 69
69.4107 69
69.4108 69
69.4109 69
69.4111 69
69.4112 69
69.4113 69
69.4114 69
69.4115 69
69.4116 69
69.4118 69
69.4119 69
69.412 69
69.4121 69
69.4122 69
69.4124 69
69.4125 69
69.4126 69
69.4127 69
69.4128 69
69.4129 69
69.4131 69
69.4132 69
69.4133 69
69.4134 69
69.4135 69
69.4137 69
69.4138 69
69.4139 69
69.414 69
69.4141 69
69.4143 69
69.4144 69
69.4145 69
69.4146 69
69.4147 69
69.4149 69
69.415 69
69.4151 69
69.4152 69
69.4153 69
69.4155 69
69.4156 69
69.4157 69
69.4158 69
69.4159 69
69.4161 69
69.4162 69
69.4163 69
69.4164 69
69.4166 69
69.4167 69
69.4168 69
69.4169 69
69.417 69
69.4172 69
69.4173 69
69.4174 69
69.4175 69
69.4177 69
69.4178 69
69.4179 69
69.418 69
69.4181 69
69.4183 69
69.4184 69
69.4185 69
69.4186 69
69.4188 69
69.4189 69
69.419 69
69.4191 69
69.4193 69
69.4194 69
69.4195 69
69.4196 69
69.4198 69
69.4199 69
69.42 69
69.4201 69
69.4203 69
69.4204 69
69.4205 69
69.4206 69
69.4208 69
69.4209 69
69.421 69
69.4211 69
69.4213 69
69.4214 69
69.4215 69
69.4216 69
69.4218 69
69.4219 69
69.422 69
69.4221 69
69.4223 69
69.4224 69
69.4225 69
69.4226 69
69.4228 69
69.4229 69
69.423 69
69.4231 69
69.4233 69
69.4234 69
69.4235 69
69.4237 69
69.4238 69
69.4239 69
69.424 69
69.4242 69
69.4243 69
69.4244 69
69.4246 69
69.4247 69
69.4248 69
69.4249 69
69.4251 69
69.4252 69
69.4253 69
69.4255 69
69.4256 69
69.4257 69
69.4258 69
69.426 69
69.4261 69
69.4262 69
69.4264 69
69.4265 69
69.4266 69
69.4267 69
69.4269 69
69.427 69
69.4271 69
69.4273 69
69.4274 69
69.4275 69
69.4277 69
69.4278 69
69.4279 69
69.4281 69
69.4282 69
69.4283 69
69.4284 69
69.4286 69
69.4287 69
69.4288 69
69.429 69
69.4291 69
69.4292 69
69.4294 69
69.4295 69
69.4296 69
69.4298 69
69.4299 69
69.43 69
69.4302 69
69.4303 69
69.4304 69
69.4306 69
69.4307 69
69.4308 69
69.431 69
69.4311 69
69.4312 69
69.4314 69
69.4315 69
69.4316 69
69.4318 69
69.4319 69
69.432 69
69.4322 69
69.4323 69
69.4324 69
69.4326 69
69.4327 69
69.4328 69
69.433 69
69.4331 69
69.4332 69
69.4334 69
69.4335 69
69.4336 69
69.4338 69
69.4339 69
69.434 69
69.4342 69
69.4343 69
69.4345 69
69.4346 69
69.4347 69
69.4349 69
69.435 69
69.4351 69
69.4353 69
69.4354 69
69.4355 69
69.4357 69
69.4358 69
69.436 69
69.4361 69
69.4362 69
69.4364 69
69.4365 69
69.4366 69
69.4368 69
69.4369 69
69.4371 69
69.4372 69
69.4373 69
69.4375 69
69.4376 69
69.4377 69
69.4379 69
69.438 69
69.4382 69
69.4383 69
69.4384 69
69.4386 69
69.4387 69
69.4389 69
69.439 69
69.4391 69
69.4393 69
69.4394 69
69.4395 69
69.4397 69
69.4398 69
69.44 69
69.4401 69
69.4402 69
69.4404 69
69.4405 69
69.4407 69
69.4408 69
69.4409 69
69.4411 69
69.4412 69
69.4414 69
69.4415 69
69.4417 69
69.4418 69
69.4419 69
69.4421 69
69.4422 69
69.4424 69
69.4425 69
69.4426 69
69.4428 69
69.4429 69
69.4431 69
69.4432 69
69.4434 69
69.4435 69
69.4436 69
69.4438 69
69.4439 69
69.4441 69
69.4442 69
69.4443 69
69.4445 69
69.4446 69
69.4448 69
69.4449 69
69.4451 69
69.4452 69
69.4454 69
69.4455 69
69.4456 69
69.4458 69
69.4459 69
69.4461 69
69.4462 69
69.4464 69
69.4465 69
69.4466 69
69.4468 69
69.4469 69
69.4471 69
69.4472 69
69.4474 69
69.4475 69
69.4477 69
69.4478 69
69.448 69
69.4481 69
69.4482 69
69.4484 69
69.4485 69
69.4487 69
69.4488 69
69.449 69
69.4491 69
69.4493 69
69.4494 69
69.4496 69
69.4497 69
69.4499 69
69.45 69
69.4501 69
69.4503 69
69.4504 69
69.4506 69
69.4507 69
69.4509 69
69.451 69
69.4512 69
69.4513 69
69.4515 69
69.4516 69
69.4518 69
69.4519 69
69.4521 69
69.4522 69
69.4524 69
69.4525 69
69.4527 69
69.4528 69
69.453 69
69.4531 69
69.4533 69
69.4534 69
69.4536 69
69.4537 69
69.4539 69
69.454 69
69.4542 69
69.4543 69
69.4545 69
69.4546 69
69.4548 69
69.4549 69
69.4551 69
69.4552 69
69.4554 69
69.4555 69
69.4557 69
69.4558 69
69.456 69
69.4561 69
69.4563 69
69.4564 69
69.4566 69
69.4567 69
69.4569 69
69.457 69
69.4572 69
69.4573 69
69.4575 69
69.4576 69
69.4578 69
69.4579 69
69.4581 69
69.4582 69
69.4584 69
69.4585 69
69.4587 69
69.4588 69
69.459 69
69.4591 69
69.4593 69
69.4595 69
69.4596 69
69.4598 69
69.4599 69
69.4601 69
69.4602 69
69.4604 69
69.4605 69
69.4607 69
69.4608 69
69.461 69
69.4611 69
69.4613 69
69.4615 69
69.4616 69
69.4618 69
69.4619 69
69.4621 69
69.4622 69
69.4624 69
69.4625 69
69.4627 69
69.4629 69
69.463 69
69.4632 69
69.4633 69
69.4635 69
69.4636 69
69.4638 69
69.4639 69
69.4641 69
69.4643 69
69.4644 69
69.4646 69
69.4647 69
69.4649 69
69.465 69
69.4652 69
69.4654 69
69.4655 69
69.4657 69
69.4658 69
69.466 69
69.4661 69
69.4663 69
69.4665 69
69.4666 69
69.4668 69
69.4669 69
69.4671 69
69.4672 69
69.4674 69
69.4676 69
69.4677 69
69.4679 69
69.468 69
69.4682 69
69.4684 69
69.4685 69
69.4687 69
69.4688 69
69.469 69
69.4692 69
69.4693 69
69.4695 69
69.4696 69
69.4698 69
69.47 69
69.4701 69
69.4703 69
69.4704 69
69.4706 69
69.4708 69
69.4709 69
69.4711 69
69.4712 69
69.4714 69
69.4716 69
69.4717 69
69.4719 69
69.472 69
69.4722 69
69.4724 69
69.4725 69
69.4727 69
69.4728 69
69.473 69
69.4732 69
69.4733 69
69.4735 69
69.4737 69
69.4738 69
69.474 69
69.4741 69
69.4743 69
69.4745 69
69.4746 69
69.4748 69
69.475 69
69.4751 69
69.4753 69
69.4754 69
69.4756 69
69.4758 69
69.4759 69
69.4761 69
69.4763 69
69.4764 69
69.4766 69
69.4768 69
69.4769 69
69.4771 69
69.4773 69
69.4774 69
69.4776 69
69.4777 69
69.4779 69
69.4781 69
69.4782 69
69.4784 69
69.4786 69
69.4787 69
69.4789 69
69.4791 69
69.4792 69
69.4794 69
69.4796 69
69.4797 69
69.4799 69
69.4801 69
69.4802 69
69.4804 69
69.4806 69
69.4807 69
69.4809 69
69.4811 69
69.4812 69
69.4814 69
69.4816 69
69.4817 69
69.4819 69
69.4821 69
69.4822 69
69.4824 69
69.4826 69
69.4827 69
69.4829 69
69.4831 69
69.4832 69
69.4834 69
69.4836 69
69.4837 69
69.4839 69
69.4841 69
69.4843 69
69.4844 69
69.4846 69
69.4848 69
69.4849 69
69.4851 69
69.4853 69
69.4854 69
69.4856 69
69.4858 69
69.4859 69
69.4861 69
69.4863 69
69.4865 69
69.4866 69
69.4868 69
69.487 69
69.4871 69
69.4873 69
69.4875 69
69.4876 69
69.4878 69
69.488 69
69.4882 69
69.4883 69
69.4885 69
69.4887 69
69.4888 69
69.489 69
69.4892 69
69.4894 69
69.4895 69
69.4897 69
69.4899 69
69.49 69
69.4902 69
69.4904 69
69.4906 69
69.4907 69
69.4909 69
69.4911 69
69.4913 69
69.4914 69
69.4916 69
69.4918 69
69.4919 69
69.4921 69
69.4923 69
69.4925 69
69.4926 69
69.4928 69
69.493 69
69.4932 69
69.4933 69
69.4935 69
69.4937 69
69.4939 69
69.494 69
69.4942 69
69.4944 69
69.4946 69
69.4947 69
69.4949 69
69.4951 69
69.4953 69
69.4954 69
69.4956 69
69.4958 69
69.496 69
69.4961 69
69.4963 69
69.4965 69
69.4967 69
69.4968 69
69.497 69
69.4972 69
69.4974 69
69.4975 69
69.4977 69
69.4979 69
69.4981 69
69.4982 69
69.4984 69
69.4986 69
69.4988 69
69.499 69
69.4991 69
69.4993 69
69.4995 69
69.4997 69
69.4998 69
69.5 69
69.5002 69
69.5004 69
69.5006 69
69.5007 69
69.5009 69
69.5011 69
69.5013 69
69.5014 69
69.5016 69
69.5018 69
69.502 69
69.5022 69
69.5023 69
69.5025 69
69.5027 69
69.5029 69
69.5031 69
69.5032 69
69.5034 69
69.5036 69
69.5038 69
69.504 69
69.5041 69
69.5043 69
69.5045 69
69.5047 69
69.5049 69
69.505 69
69.5052 69
69.5054 69
69.5056 69
69.5058 69
69.5059 69
69.5061 69
69.5063 69
69.5065 69
69.5067 69
69.5069 69
69.507 69
69.5072 69
69.5074 69
69.5076 69
69.5078 69
69.5079 69
69.5081 69
69.5083 69
69.5085 69
69.5087 69
69.5089 69
69.509 69
69.5092 69
69.5094 69
69.5096 69
69.5098 69
69.51 69
69.5101 69
69.5103 69
69.5105 69
69.5107 69
69.5109 69
69.5111 69
69.5112 69
69.5114 69
69.5116 69
69.5118 69
69.512 69
69.5122 69
69.5124 69
69.5125 69
69.5127 69
69.5129 69
69.5131 69
69.5133 69
69.5135 69
69.5137 69
69.5138 69
69.514 69
69.5142 69
69.5144 69
69.5146 69
69.5148 69
69.515 69
69.5151 69
69.5153 69
69.5155 69
69.5157 69
69.5159 69
69.5161 69
69.5163 69
69.5164 69
69.5166 69
69.5168 69
69.517 69
69.5172 69
69.5174 69
69.5176 69
69.5178 69
69.5179 69
69.5181 69
69.5183 69
69.5185 69
69.5187 69
69.5189 69
69.5191 69
69.5193 69
69.5195 69
69.5196 69
69.5198 69
69.52 69
69.5202 69
69.5204 69
69.5206 69
69.5208 69
69.521 69
69.5212 69
69.5213 69
69.5215 69
69.5217 69
69.5219 69
69.5221 69
69.5223 69
69.5225 69
69.5227 69
69.5229 69
69.5231 69
69.5232 69
69.5234 69
69.5236 69
69.5238 69
69.524 69
69.5242 69
69.5244 69
69.5246 69
69.5248 69
69.525 69
69.5252 69
69.5254 69
69.5255 69
69.5257 69
69.5259 69
69.5261 69
69.5263 69
69.5265 69
69.5267 69
69.5269 69
69.5271 69
69.5273 69
69.5275 69
69.5277 69
69.5279 69
69.528 69
69.5282 69
69.5284 69
69.5286 69
69.5288 69
69.529 69
69.5292 69
69.5294 69
69.5296 69
69.5298 69
69.53 69
69.5302 69
69.5304 69
69.5306 69
69.5308 69
69.531 69
69.5312 69
69.5313 69
69.5315 69
69.5317 69
69.5319 69
69.5321 69
69.5323 69
69.5325 69
69.5327 69
69.5329 69
69.5331 69
69.5333 69
69.5335 69
69.5337 69
69.5339 69
69.5341 69
69.5343 69
69.5345 69
69.5347 69
69.5349 69
69.5351 69
69.5353 69
69.5355 69
69.5357 69
69.5359 69
69.5361 69
69.5363 69
69.5365 69
69.5367 69
69.5368 69
69.537 69
69.5372 69
69.5374 69
69.5376 69
69.5378 69
69.538 69
69.5382 69
69.5384 69
69.5386 69
69.5388 69
69.539 69
69.5392 69
69.5394 69
69.5396 69
69.5398 69
69.54 69
69.5402 69
69.5404 69
69.5406 69
69.5408 69
69.541 69
69.5412 69
69.5414 69
69.5416 69
69.5418 69
69.542 69
69.5422 69
69.5424 69
69.5426 69
69.5428 69
69.543 69
69.5432 69
69.5434 69
69.5436 69
69.5438 69
69.544 69
69.5442 69
69.5444 69
69.5446 69
69.5448 69
69.545 69
69.5452 69
69.5455 69
69.5457 69
69.5459 69
69.5461 69
69.5463 69
69.5465 69
69.5467 69
69.5469 69
69.5471 69
69.5473 69
69.5475 69
69.5477 69
69.5479 69
69.5481 69
69.5483 69
69.5485 69
69.5487 69
69.5489 69
69.5491 69
69.5493 69
69.5495 69
69.5497 69
69.5499 69
69.5501 69
69.5503 69
69.5505 69
69.5507 69
69.5509 69
69.5512 69
69.5514 69
69.5516 69
69.5518 69
69.552 69
69.5522 69
69.5524 69
69.5526 69
69.5528 69
69.553 69
69.5532 69
69.5534 69
69.5536 69
69.5538 69
69.554 69
69.5542 69
69.5544 69
69.5547 69
69.5549 69
69.5551 69
69.5553 69
69.5555 69
69.5557 69
69.5559 69
69.5561 69
69.5563 69
69.5565 69
69.5567 69
69.5569 69
69.5571 69
69.5574 69
69.5576 69
69.5578 69
69.558 69
69.5582 69
69.5584 69
69.5586 69
69.5588 69
69.559 69
69.5592 69
69.5594 69
69.5596 69
69.5599 69
69.5601 69
69.5603 69
69.5605 69
69.5607 69
69.5609 69
69.5611 69
69.5613 69
69.5615 69
69.5617 69
69.562 69
69.5622 69
69.5624 69
69.5626 69
69.5628 69
69.563 69
69.5632 69
69.5634 69
69.5636 69
69.5639 69
69.5641 69
69.5643 69
69.5645 69
69.5647 69
69.5649 69
69.5651 69
69.5653 69
69.5655 69
69.5658 69
69.566 69
69.5662 69
69.5664 69
69.5666 69
69.5668 69
69.567 69
69.5672 69
69.5675 69
69.5677 69
69.5679 69
69.5681 69
69.5683 69
69.5685 69
69.5687 69
69.569 69
69.5692 69
69.5694 69
69.5696 69
69.5698 69
69.57 69
69.5702 69
69.5705 69
69.5707 69
69.5709 69
69.5711 69
69.5713 69
69.5715 69
69.5717 69
69.572 69
69.5722 69
69.5724 69
69.5726 69
69.5728 69
69.573 69
69.5733 69
69.5735 69
69.5737 69
69.5739 69
69.5741 69
69.5743 69
69.5745 69
69.5748 69
69.575 69
69.5752 69
69.5754 69
69.5756 69
69.5758 69
