0.1 -8.79177
0.2 -17.6799
0.3 -26.5203
0.4 -35.361
0.5 -44.2019
0.6 -53.043
0.7 -61.8843
0.8 -70.7259
0.9 -79.5676
1 -88.4095
0.97482 -96.4317
1.94783 -104.455
2.9194 -112.493
3.88855 -120.543
4.85497 -128.601
5.81921 -136.653
6.78096 -144.696
7.74029 -152.737
8.69717 -160.76
9.65173 -168.773
10.6039 -176.769
11.5536 -184.747
12.5008 -192.709
13.4456 -200.651
14.3879 -208.579
15.3277 -216.489
16.2652 -224.381
17.2001 -232.254
18.1327 -240.107
19.0627 -247.94
19.9903 -255.756
20.9155 -263.551
21.8382 -271.328
22.7585 -279.084
23.6763 -286.82
24.5916 -294.538
25.5045 -302.238
26.4151 -309.917
27.3231 -317.577
28.2288 -325.218
29.132 -332.838
30.0328 -340.438
30.9312 -348.018
31.8272 -355.577
32.7207 -363.116
33.6118 -370.636
34.5006 -378.135
35.3868 -385.616
36.2707 -393.078
37.1522 -400.523
38.0313 -407.946
38.908 -415.35
39.7823 -422.734
40.6542 -430.097
41.5237 -437.439
42.3909 -444.761
43.2556 -452.064
44.118 -459.348
44.978 -466.611
45.8356 -473.855
46.6909 -481.078
47.5438 -488.281
48.3943 -495.464
49.2424 -502.627
50.0882 -509.769
50.9316 -516.892
51.7727 -523.995
52.6114 -531.078
53.4478 -538.141
54.2818 -545.184
55.1134 -552.207
55.9428 -559.21
56.7697 -566.193
57.5944 -573.155
58.4167 -580.098
59.2367 -587.021
60.0543 -593.923
60.8696 -600.806
61.6826 -607.668
62.4933 -614.509
63.3017 -621.331
64.1077 -628.132
64.9114 -634.914
65.7128 -641.677
66.5119 -648.42
67.3087 -655.143
68.1031 -661.846
68.8953 -668.528
69.6851 -675.191
70.4727 -681.833
71.258 -688.455
72.0409 -695.057
72.8216 -701.639
73.6 -708.201
74.3761 -714.745
75.1499 -721.268
75.9214 -727.771
76.6907 -734.255
77.4576 -740.719
78.2223 -747.164
78.9847 -753.589
79.7449 -759.993
80.5027 -766.378
81.2583 -772.743
82.0117 -779.087
82.7627 -785.412
83.5116 -791.717
84.2581 -798.001
85.0024 -804.266
85.7444 -810.512
86.4842 -816.737
87.2218 -822.942
87.9571 -829.128
88.6901 -835.293
89.4209 -841.439
90.1495 -847.564
90.8758 -853.669
91.5999 -859.755
92.3218 -865.82
93.0414 -871.866
93.7588 -877.891
94.4739 -883.896
95.1869 -889.881
95.8976 -895.847
96.6061 -901.792
97.3123 -907.718
98.0164 -913.624
98.7182 -919.509
99.4178 -925.375
100.115 -931.22
100.81 -937.046
101.503 -942.852
102.194 -948.637
102.883 -954.402
103.569 -960.148
104.253 -965.873
104.935 -971.579
105.615 -977.264
106.293 -982.93
106.968 -988.576
107.641 -994.201
108.312 -999.807
108.981 -1005.39
109.648 -1010.96
110.312 -1016.5
110.974 -1022.03
111.634 -1027.54
112.292 -1033.02
112.948 -1038.49
113.601 -1043.93
114.253 -1049.36
114.902 -1054.76
115.549 -1060.15
116.194 -1065.51
116.836 -1070.86
117.477 -1076.18
118.115 -1081.49
118.751 -1086.77
119.385 -1092.04
120.017 -1097.28
120.647 -1102.51
121.274 -1107.71
121.9 -1112.89
122.523 -1118.06
123.144 -1123.2
123.763 -1128.32
124.379 -1133.43
124.994 -1138.51
125.606 -1143.57
126.217 -1148.61
126.825 -1153.64
127.431 -1158.64
128.031 -1163.63
128.621 -1168.62
129.199 -1173.63
129.754 -1178.69
130.26 -1183.89
130.749 -1189.11
131.235 -1194.32
131.719 -1199.5
132.201 -1204.66
132.679 -1209.81
133.156 -1214.94
133.63 -1220.04
134.101 -1225.13
134.57 -1230.2
135.036 -1235.24
135.499 -1240.27
135.96 -1245.28
136.419 -1250.27
136.875 -1255.24
137.328 -1260.19
137.778 -1265.13
138.226 -1270.04
138.672 -1274.94
139.114 -1279.81
139.554 -1284.66
139.99 -1289.52
140.423 -1294.36
140.85 -1299.21
141.274 -1304.08
141.694 -1308.92
142.108 -1313.8
142.518 -1318.7
142.925 -1323.56
143.322 -1328.47
143.711 -1333.37
144.084 -1338.24
144.45 -1343.09
144.812 -1347.92
145.155 -1352.68
145.492 -1357.42
145.825 -1362.13
146.15 -1366.81
146.458 -1371.42
146.759 -1376
147.041 -1380.5
147.295 -1384.87
147.522 -1389.1
147.706 -1393.13
147.868 -1397.03
147.987 -1400.69
148.067 -1404.09
148.075 -1407
147.93 -1409
147.445 -1408.87
147.214 -1410.32
147.016 -1411.96
146.767 -1413.11
146.635 -1414.97
146.538 -1416.99
145.851 -1414.45
145.638 -1415.16
145.685 -1417.53
145.721 -1419.77
145.745 -1421.9
145.758 -1423.88
145.784 -1425.97
145.9 -1428.81
146.009 -1431.59
146.06 -1433.75
146.085 -1435.64
146.169 -1437.93
146.23 -1440.03
146.299 -1442.26
146.358 -1444.49
146.407 -1446.69
146.452 -1448.96
146.468 -1451.12
146.445 -1453.12
146.463 -1455.26
146.503 -1457.57
146.539 -1459.78
146.562 -1461.87
146.606 -1464.17
146.604 -1466.53
146.551 -1468.67
146.427 -1470.49
145.852 -1468.96
145.931 -1472.48
145.605 -1472.86
132.037 -1373.61
131.977 -1374
131.899 -1374.2
131.795 -1374.11
131.749 -1374.5
131.765 -1375.39
131.783 -1376.3
131.819 -1377.39
131.833 -1378.25
131.836 -1378.99
131.82 -1379.52
131.797 -1379.99
131.749 -1380.25
131.657 -1380.15
131.555 -1380.37
131.447 -1380.93
131.359 -1381.73
131.301 -1382.96
131.241 -1384.24
131.177 -1385.47
131.108 -1386.69
131.034 -1387.9
130.955 -1389.06
130.865 -1390.16
130.769 -1391.19
130.664 -1392.13
130.548 -1392.93
130.422 -1393.64
130.279 -1394.08
130.116 -1394.24
129.941 -1394.23
129.749 -1394
129.567 -1393.88
129.389 -1393.91
129.205 -1393.87
129.019 -1393.77
128.837 -1393.63
128.649 -1393.42
128.447 -1393.04
128.234 -1392.55
128.023 -1392.03
127.823 -1391.6
127.623 -1391.17
127.434 -1390.87
127.268 -1390.82
127.1 -1390.74
126.944 -1390.78
126.798 -1390.96
126.651 -1391.1
126.501 -1391.2
126.35 -1391.26
126.195 -1391.27
126.038 -1391.23
125.878 -1391.15
125.717 -1391.04
125.552 -1390.88
125.384 -1390.64
125.213 -1390.35
125.041 -1390.03
124.872 -1389.72
124.704 -1389.41
124.547 -1389.23
124.389 -1389.02
124.247 -1389.01
124.103 -1388.97
123.962 -1388.99
123.824 -1389.08
123.685 -1389.16
123.545 -1389.23
123.404 -1389.28
123.264 -1389.33
123.127 -1389.4
122.99 -1389.46
122.848 -1389.41
122.705 -1389.37
122.561 -1389.29
122.417 -1389.21
122.272 -1389.1
122.126 -1388.97
121.979 -1388.83
121.831 -1388.65
121.683 -1388.46
121.534 -1388.25
121.384 -1388.03
121.234 -1387.79
121.081 -1387.49
120.926 -1387.18
120.772 -1386.86
120.617 -1386.52
120.461 -1386.17
120.303 -1385.76
120.144 -1385.32
119.99 -1384.93
119.836 -1384.52
119.681 -1384.09
119.525 -1383.65
119.369 -1383.2
119.215 -1382.78
119.06 -1382.35
118.905 -1381.89
118.751 -1381.46
118.598 -1381.08
118.444 -1380.68
118.29 -1380.27
118.135 -1379.83
117.979 -1379.38
117.823 -1378.91
117.665 -1378.42
117.505 -1377.88
117.345 -1377.32
117.184 -1376.76
117.023 -1376.18
116.861 -1375.59
116.698 -1374.99
116.536 -1374.4
116.375 -1373.82
116.212 -1373.22
116.05 -1372.62
115.886 -1372
115.724 -1371.38
115.571 -1370.96
115.418 -1370.58
115.265 -1370.18
115.111 -1369.77
114.956 -1369.35
114.801 -1368.93
114.646 -1368.5
114.491 -1368.06
114.335 -1367.61
114.203 -1367.35
114.07 -1367.07
113.937 -1366.77
113.803 -1366.46
113.669 -1366.14
113.534 -1365.81
113.4 -1365.47
113.264 -1365.13
113.129 -1364.77
112.996 -1364.5
112.862 -1364.23
112.729 -1363.95
112.595 -1363.67
112.461 -1363.38
112.327 -1363.08
112.193 -1362.77
112.058 -1362.45
111.922 -1362.12
111.787 -1361.78
111.65 -1361.41
111.513 -1361.04
111.376 -1360.65
111.238 -1360.26
111.1 -1359.86
110.962 -1359.46
110.824 -1359.04
110.685 -1358.61
110.546 -1358.18
110.407 -1357.74
110.268 -1357.29
110.128 -1356.83
109.988 -1356.36
109.847 -1355.89
109.706 -1355.4
109.562 -1354.83
109.415 -1354.24
109.268 -1353.63
109.121 -1353.01
108.974 -1352.37
108.823 -1350.83
108.675 -1350.95
108.525 -1350.61
108.379 -1350.1
108.254 -1349.79
108.139 -1349.57
108.023 -1349.34
107.909 -1349.12
107.794 -1348.9
107.679 -1348.68
107.563 -1348.44
107.448 -1348.19
107.344 -1348.07
107.242 -1347.97
107.141 -1347.86
107.038 -1347.75
106.936 -1347.62
106.834 -1347.48
106.731 -1347.34
106.628 -1347.18
106.525 -1347.02
106.421 -1346.84
106.317 -1346.66
106.211 -1346.45
106.106 -1346.23
106 -1346
105.894 -1345.76
105.787 -1345.51
105.68 -1345.26
105.576 -1345.04
105.472 -1344.83
105.367 -1344.61
105.263 -1344.38
105.158 -1344.14
105.053 -1343.89
104.948 -1343.63
104.842 -1343.36
104.736 -1343.09
104.63 -1342.8
104.524 -1342.5
104.418 -1342.2
104.311 -1341.88
104.204 -1341.55
104.096 -1341.19
103.987 -1340.82
103.879 -1340.44
103.77 -1340.05
103.661 -1339.65
103.552 -1339.25
103.443 -1338.84
103.333 -1338.41
103.224 -1338
103.115 -1337.58
103.006 -1337.16
102.896 -1336.74
102.788 -1336.38
102.68 -1336
102.571 -1335.62
102.463 -1335.24
102.355 -1334.85
102.247 -1334.46
102.138 -1334.06
102.03 -1333.65
101.921 -1333.24
101.812 -1332.81
101.703 -1332.38
101.594 -1331.94
101.483 -1331.44
101.37 -1330.87
101.257 -1330.3
101.156 -1329.89
101.063 -1329.61
100.972 -1329.39
100.882 -1329.16
100.792 -1328.98
100.702 -1328.82
100.613 -1328.66
100.524 -1328.5
100.434 -1328.35
100.345 -1328.19
100.255 -1328.02
100.166 -1327.84
100.076 -1327.66
99.9866 -1327.47
99.8963 -1327.26
99.8061 -1327.05
99.7158 -1326.83
99.6254 -1326.61
99.535 -1326.38
99.4446 -1326.15
99.3541 -1325.91
99.2635 -1325.67
99.1729 -1325.42
99.0837 -1325.25
98.9945 -1325.08
98.9054 -1324.9
98.8162 -1324.72
98.7269 -1324.54
98.6377 -1324.35
98.5484 -1324.16
98.4591 -1323.96
98.37 -1323.78
98.281 -1323.59
98.1919 -1323.41
98.1029 -1323.21
98.0138 -1323.02
97.9255 -1322.82
97.8425 -1322.69
97.7595 -1322.56
97.6765 -1322.42
97.5937 -1322.3
97.5115 -1322.21
97.4293 -1322.12
97.3472 -1322.03
97.2649 -1321.93
97.1827 -1321.83
97.1004 -1321.72
97.0181 -1321.61
96.9358 -1321.5
96.8535 -1321.38
96.7711 -1321.25
96.6887 -1321.1
96.6062 -1320.95
96.5238 -1320.8
96.4413 -1320.65
96.3588 -1320.49
96.2765 -1320.34
96.1942 -1320.19
96.1119 -1320.03
96.0296 -1319.87
95.9474 -1319.72
95.8656 -1319.59
95.7838 -1319.45
95.7017 -1319.31
95.6197 -1319.16
95.5376 -1319.01
95.4556 -1318.86
95.3738 -1318.71
95.2932 -1318.58
95.2126 -1318.45
95.1319 -1318.31
95.0513 -1318.17
94.9708 -1318.03
94.8902 -1317.88
94.8095 -1317.74
94.7372 -1317.66
94.6665 -1317.59
94.5958 -1317.52
94.5251 -1317.44
94.4544 -1317.37
94.3837 -1317.29
94.3129 -1317.18
94.242 -1317.03
94.1711 -1316.88
94.1002 -1316.73
94.0293 -1316.57
93.9586 -1316.42
93.8879 -1316.28
93.8174 -1316.13
93.7468 -1315.99
93.6763 -1315.84
93.6058 -1315.69
93.5353 -1315.54
93.4648 -1315.38
93.3943 -1315.23
93.3239 -1315.07
93.2534 -1314.91
93.183 -1314.75
93.1126 -1314.59
93.0422 -1314.42
92.9718 -1314.25
92.9014 -1314.09
92.8311 -1313.91
92.7607 -1313.74
92.6904 -1313.57
92.6201 -1313.39
92.5498 -1313.21
92.4795 -1313.03
92.4092 -1312.85
92.339 -1312.67
92.2687 -1312.48
92.1985 -1312.29
92.1283 -1312.1
92.0581 -1311.91
91.988 -1311.72
91.9178 -1311.53
91.8477 -1311.33
91.7777 -1311.13
91.7077 -1310.94
91.6377 -1310.74
91.5677 -1310.54
91.4977 -1310.34
91.4278 -1310.13
91.3578 -1309.93
91.2879 -1309.72
91.218 -1309.51
91.1482 -1309.3
91.0783 -1309.09
91.0085 -1308.87
90.9387 -1308.66
90.8689 -1308.44
90.7991 -1308.22
90.7294 -1308
90.6621 -1307.79
90.5983 -1307.59
90.5345 -1307.4
90.4707 -1307.2
90.407 -1307.01
90.3433 -1306.81
90.2796 -1306.61
90.2159 -1306.4
90.1522 -1306.2
90.0886 -1306
90.025 -1305.79
89.9614 -1305.58
89.8978 -1305.37
89.8343 -1305.16
89.7713 -1304.95
89.7086 -1304.75
89.6459 -1304.54
89.5832 -1304.34
89.5206 -1304.13
89.458 -1303.92
89.3954 -1303.71
89.3328 -1303.5
89.2703 -1303.28
89.2078 -1303.06
89.1453 -1302.84
89.0828 -1302.62
89.0203 -1302.4
88.9579 -1302.18
88.8955 -1301.95
88.8331 -1301.72
88.7707 -1301.49
88.7084 -1301.26
88.646 -1301.03
88.5837 -1300.79
88.5215 -1300.56
88.4592 -1300.32
88.397 -1300.08
88.3348 -1299.84
88.2726 -1299.59
88.2105 -1299.35
88.1483 -1299.1
88.0862 -1298.85
88.0241 -1298.6
87.962 -1298.35
87.8999 -1298.09
87.8379 -1297.83
87.7759 -1297.58
87.7139 -1297.32
87.6519 -1297.05
87.59 -1296.79
87.5281 -1296.52
87.4662 -1296.26
87.4044 -1295.99
87.3426 -1295.72
87.2808 -1295.45
87.219 -1295.17
87.1573 -1294.9
87.0956 -1294.62
87.0339 -1294.34
86.9722 -1294.06
86.9106 -1293.78
86.849 -1293.49
86.7875 -1293.21
86.726 -1292.92
86.6645 -1292.63
86.603 -1292.34
86.5416 -1292.05
86.4802 -1291.76
86.4188 -1291.46
86.3575 -1291.16
86.2967 -1290.87
86.2404 -1290.6
86.184 -1290.32
86.1277 -1290.04
86.0714 -1289.76
86.0152 -1289.48
85.959 -1289.2
85.9028 -1288.92
85.8466 -1288.63
85.7905 -1288.34
85.7344 -1288.06
85.6783 -1287.77
85.6222 -1287.47
85.5662 -1287.18
85.5102 -1286.88
85.4543 -1286.59
85.3984 -1286.29
85.3425 -1285.99
85.2866 -1285.68
85.2308 -1285.38
85.175 -1285.07
85.1192 -1284.77
85.0635 -1284.46
85.0078 -1284.15
84.9522 -1283.83
84.8965 -1283.52
84.8409 -1283.21
84.7854 -1282.89
84.7298 -1282.57
84.6743 -1282.25
84.6189 -1281.93
84.5634 -1281.6
84.508 -1281.28
84.4527 -1280.95
84.3973 -1280.62
84.342 -1280.29
84.2868 -1279.96
84.2316 -1279.62
84.1764 -1279.29
84.1212 -1278.95
84.0661 -1278.61
84.011 -1278.27
83.956 -1277.93
83.901 -1277.58
83.846 -1277.23
83.791 -1276.87
83.7361 -1276.52
83.6813 -1276.16
83.6265 -1275.79
83.5717 -1275.42
83.5169 -1275.05
83.4622 -1274.68
83.4075 -1274.3
83.3529 -1273.93
83.2983 -1273.54
83.2438 -1273.16
83.1893 -1272.77
83.1348 -1272.38
83.0804 -1271.98
83.026 -1271.58
82.9717 -1271.18
82.9174 -1270.78
82.8631 -1270.37
82.8089 -1269.96
82.7547 -1269.54
82.7006 -1269.13
82.6465 -1268.71
82.5925 -1268.28
82.5385 -1267.85
82.4845 -1267.42
82.4306 -1266.99
82.3768 -1266.55
82.323 -1266.12
82.2692 -1265.67
82.2155 -1265.23
82.1618 -1264.78
82.1082 -1264.33
82.0546 -1263.87
82.0011 -1263.41
81.9476 -1262.95
81.8942 -1262.49
81.8408 -1262.02
81.7875 -1261.55
81.7342 -1261.08
81.681 -1260.6
81.6278 -1260.12
81.5747 -1259.64
81.5216 -1259.15
81.4686 -1258.66
81.4156 -1258.17
81.3627 -1257.67
81.3098 -1257.17
81.257 -1256.67
81.2042 -1256.17
81.1515 -1255.66
81.0989 -1255.15
81.0463 -1254.63
80.9937 -1254.12
80.9412 -1253.59
80.8888 -1253.07
80.8364 -1252.55
80.7841 -1252.02
80.7326 -1251.49
80.6818 -1250.98
80.631 -1250.46
80.5803 -1249.93
80.5296 -1249.4
80.479 -1248.87
80.4284 -1248.34
80.3779 -1247.8
80.3275 -1247.26
80.2771 -1246.72
80.2268 -1246.18
80.1765 -1245.63
80.1263 -1245.08
80.0762 -1244.52
80.026 -1243.96
79.9759 -1243.39
79.9258 -1242.82
79.8759 -1242.25
79.8259 -1241.67
79.7761 -1241.09
79.7263 -1240.51
79.6766 -1239.92
79.6269 -1239.33
79.5773 -1238.74
79.5277 -1238.14
79.4782 -1237.55
79.4288 -1236.94
79.3795 -1236.34
79.33 -1235.75
79.2806 -1235.15
79.2312 -1234.55
79.1819 -1233.95
79.1327 -1233.35
79.0836 -1232.74
79.0345 -1232.13
78.9854 -1231.52
78.9365 -1230.9
78.8876 -1230.28
78.8387 -1229.66
78.79 -1229.03
78.7413 -1228.4
78.6927 -1227.77
78.6441 -1227.13
78.5956 -1226.49
78.5472 -1225.85
78.4988 -1225.21
78.4505 -1224.56
78.4023 -1223.91
78.3542 -1223.25
78.3061 -1222.59
78.2581 -1221.93
78.2101 -1221.27
78.1623 -1220.6
78.1145 -1219.93
78.0667 -1219.26
78.0191 -1218.58
77.9715 -1217.9
77.924 -1217.22
77.8766 -1216.54
77.8292 -1215.85
77.7819 -1215.16
77.7347 -1214.46
77.6875 -1213.76
77.6405 -1213.06
77.5935 -1212.36
77.5466 -1211.65
77.4997 -1210.94
77.4529 -1210.23
77.4063 -1209.51
77.3596 -1208.79
77.3131 -1208.07
77.2666 -1207.34
77.2203 -1206.61
77.1739 -1205.88
77.1277 -1205.15
77.0816 -1204.41
77.0355 -1203.67
76.9895 -1202.93
76.9435 -1202.18
76.8977 -1201.43
76.8519 -1200.68
76.8062 -1199.92
76.7606 -1199.17
76.7151 -1198.41
76.6697 -1197.64
76.6243 -1196.87
76.579 -1196.1
76.5338 -1195.33
76.4887 -1194.55
76.4437 -1193.77
76.3987 -1192.99
76.3539 -1192.2
76.3091 -1191.42
76.2644 -1190.62
76.2198 -1189.83
76.1752 -1189.03
76.1308 -1188.23
76.0864 -1187.43
76.0421 -1186.62
75.998 -1185.81
75.9538 -1185
75.9098 -1184.18
75.8659 -1183.36
75.8221 -1182.54
75.7783 -1181.72
75.7346 -1180.89
75.6911 -1180.06
75.6476 -1179.22
75.6042 -1178.38
75.5609 -1177.54
75.5176 -1176.7
75.4745 -1175.85
75.4315 -1175
75.3885 -1174.15
75.3457 -1173.29
75.3029 -1172.44
75.2602 -1171.57
75.2176 -1170.71
75.1751 -1169.84
75.1327 -1168.97
75.0904 -1168.1
75.0482 -1167.22
75.0061 -1166.34
74.964 -1165.45
74.9221 -1164.57
74.8803 -1163.68
74.8385 -1162.79
74.7969 -1161.89
74.7553 -1160.99
74.7138 -1160.09
74.6725 -1159.19
74.6312 -1158.28
74.59 -1157.37
74.5489 -1156.45
74.508 -1155.54
74.4671 -1154.62
74.4263 -1153.69
74.3856 -1152.77
74.345 -1151.84
74.3045 -1150.91
74.2641 -1149.97
74.2238 -1149.03
74.1836 -1148.09
74.1436 -1147.15
74.1036 -1146.2
74.0637 -1145.25
74.0239 -1144.3
73.9842 -1143.34
73.9446 -1142.38
73.9051 -1141.42
73.8657 -1140.46
73.8263 -1139.5
73.7883 -1138.57
73.7507 -1137.66
73.7131 -1136.75
73.6757 -1135.83
73.6383 -1134.91
73.6011 -1133.99
73.5639 -1133.07
73.5268 -1132.15
73.4898 -1131.23
73.4529 -1130.3
73.4161 -1129.37
73.3794 -1128.43
73.3428 -1127.5
73.3063 -1126.55
73.2699 -1125.61
73.2336 -1124.67
73.1974 -1123.72
73.1613 -1122.77
73.1252 -1121.82
73.0893 -1120.87
73.0535 -1119.91
73.0178 -1118.95
72.9821 -1117.99
72.9466 -1117.02
72.9112 -1116.05
72.8759 -1115.08
72.8406 -1114.11
72.8055 -1113.13
72.7705 -1112.15
72.7356 -1111.17
72.7007 -1110.19
72.666 -1109.2
72.6314 -1108.21
72.5968 -1107.22
72.5624 -1106.23
72.5281 -1105.24
72.4938 -1104.24
72.4597 -1103.24
72.4257 -1102.24
72.3917 -1101.23
72.3579 -1100.22
72.3242 -1099.21
72.2911 -1098.2
72.259 -1097.21
72.227 -1096.21
72.1951 -1095.22
72.1633 -1094.22
72.1315 -1093.22
72.0999 -1092.22
72.0683 -1091.21
72.0369 -1090.21
72.0056 -1089.2
71.9743 -1088.19
71.9432 -1087.17
71.9122 -1086.15
71.8813 -1085.13
71.8505 -1084.11
71.8198 -1083.08
71.7892 -1082.06
71.7587 -1081.03
71.7283 -1079.99
71.698 -1078.96
71.6679 -1077.92
71.6378 -1076.88
71.6078 -1075.84
71.578 -1074.79
71.5483 -1073.74
71.5186 -1072.69
71.4891 -1071.64
71.4597 -1070.58
71.4303 -1069.53
71.4011 -1068.47
71.372 -1067.41
71.3429 -1066.34
71.314 -1065.28
71.2852 -1064.21
71.2564 -1063.15
71.2278 -1062.08
71.1993 -1061.01
71.1709 -1059.93
71.1426 -1058.86
71.1144 -1057.78
71.0863 -1056.7
71.0583 -1055.61
71.0304 -1054.53
71.0025 -1053.46
70.9746 -1052.39
70.9468 -1051.32
70.9191 -1050.24
70.8915 -1049.17
70.8635 -1048.12
70.8357 -1047.07
70.8079 -1046.02
70.7802 -1044.97
70.7526 -1043.91
70.7252 -1042.86
70.6978 -1041.8
70.6705 -1040.74
70.6433 -1039.68
70.6162 -1038.62
70.5892 -1037.56
70.5623 -1036.49
70.5356 -1035.42
70.5089 -1034.35
70.4824 -1033.28
70.4559 -1032.2
70.4296 -1031.12
70.4034 -1030.04
70.3773 -1028.96
70.3514 -1027.87
70.3255 -1026.78
70.2997 -1025.69
70.2741 -1024.6
70.2485 -1023.5
70.2231 -1022.4
70.1978 -1021.3
70.1726 -1020.2
70.1475 -1019.1
70.1225 -1017.99
70.0977 -1016.88
70.073 -1015.77
70.0483 -1014.65
70.0238 -1013.54
69.9993 -1012.42
69.975 -1011.3
69.9508 -1010.18
69.9267 -1009.06
69.9025 -1007.95
69.8784 -1006.84
69.8544 -1005.73
69.8305 -1004.62
69.8068 -1003.5
69.783 -1002.39
69.7591 -1001.29
69.7353 -1000.19
69.7116 -999.085
69.688 -997.984
69.6645 -996.88
69.6411 -995.774
69.6178 -994.665
69.5946 -993.556
69.5715 -992.445
69.5486 -991.332
69.5257 -990.217
69.503 -989.1
69.4803 -987.98
69.4578 -986.861
69.4353 -985.743
69.4129 -984.625
69.3906 -983.504
69.3684 -982.381
69.3464 -981.256
69.3244 -980.129
69.3025 -979.001
69.2808 -977.871
69.2592 -976.737
69.2377 -975.603
69.2163 -974.466
69.195 -973.329
69.1738 -972.19
69.1528 -971.048
69.1316 -969.918
69.1104 -968.802
69.0892 -967.682
69.0682 -966.561
69.0473 -965.437
69.0266 -964.31
69.0059 -963.181
68.9854 -962.05
68.965 -960.916
68.9447 -959.779
68.9245 -958.641
68.9045 -957.5
68.8845 -956.356
68.8647 -955.21
68.845 -954.062
68.8255 -952.912
68.806 -951.76
68.7865 -950.615
68.7672 -949.467
68.7479 -948.317
68.7288 -947.165
68.7098 -946.01
68.691 -944.853
68.6722 -943.693
68.6536 -942.532
68.6351 -941.369
68.6167 -940.203
68.5984 -939.036
68.5802 -937.867
68.5622 -936.695
68.5443 -935.52
68.5263 -934.359
68.508 -933.216
68.49 -932.071
68.472 -930.924
68.4541 -929.774
68.4364 -928.623
68.4188 -927.469
68.4013 -926.312
68.3839 -925.154
68.3667 -923.994
68.3495 -922.832
68.3325 -921.668
68.3156 -920.502
68.2988 -919.334
68.2821 -918.165
68.2656 -916.994
68.2491 -915.82
68.2328 -914.644
68.2166 -913.467
68.2005 -912.29
68.1845 -911.11
68.1686 -909.932
68.1528 -908.751
68.137 -907.571
68.1215 -906.388
68.1059 -905.207
68.0904 -904.031
68.075 -902.852
68.0597 -901.672
68.0446 -900.489
68.0296 -899.303
68.0141 -898.15
67.9987 -896.998
67.9834 -895.846
67.9682 -894.691
67.9531 -893.534
67.9382 -892.375
67.923 -891.234
67.9078 -890.103
67.8927 -888.97
67.8777 -887.839
67.8628 -886.706
67.848 -885.57
67.8333 -884.434
67.8188 -883.295
67.8043 -882.154
67.79 -881.01
67.7758 -879.865
67.7617 -878.718
67.7477 -877.569
67.7339 -876.418
67.7202 -875.265
67.7066 -874.109
67.6931 -872.953
67.6797 -871.793
67.6664 -870.632
67.6533 -869.469
67.6403 -868.304
67.6274 -867.137
67.6146 -865.97
67.6019 -864.8
67.5893 -863.628
67.5769 -862.454
67.5646 -861.278
67.5524 -860.101
67.5401 -858.931
67.5276 -857.782
67.5151 -856.631
67.5027 -855.478
67.4905 -854.324
67.4783 -853.175
67.466 -852.028
67.4539 -850.881
67.4419 -849.733
67.4299 -848.585
67.4181 -847.436
67.4064 -846.284
67.3948 -845.131
67.3833 -843.976
67.3719 -842.819
67.3607 -841.66
67.3495 -840.503
67.3384 -839.345
67.3275 -838.185
67.3166 -837.024
67.3058 -835.862
67.2952 -834.697
67.2761 -831.083
67.2666 -832.21
67.2519 -831.586
67.2371 -830.651
67.2226 -829.641
67.2082 -828.63
67.1939 -827.617
67.1798 -826.603
67.1657 -825.586
67.1517 -824.567
67.1379 -823.546
67.1241 -822.523
67.1105 -821.498
67.097 -820.472
67.0835 -819.444
67.0702 -818.415
67.057 -817.384
67.0438 -816.352
67.0308 -815.318
67.0179 -814.282
67.0051 -813.244
66.9923 -812.207
66.9797 -811.167
66.9671 -810.126
66.9546 -809.089
66.9419 -808.067
66.9292 -807.043
66.9167 -806.018
66.9043 -804.99
66.892 -803.96
66.8798 -802.932
66.8676 -801.902
66.8556 -800.871
66.8436 -799.838
66.8317 -798.805
66.82 -797.771
66.8083 -796.735
66.7968 -795.697
66.7853 -794.658
66.7739 -793.619
66.7626 -792.579
66.7515 -791.536
66.7404 -790.492
66.7294 -789.448
66.7184 -788.406
66.7076 -787.363
66.6968 -786.318
66.682 -785.328
66.6666 -784.54
66.6512 -783.663
66.6358 -782.788
66.6205 -781.912
66.6052 -781.033
66.5901 -780.153
66.5751 -779.27
66.5602 -778.386
66.5453 -777.5
66.5306 -776.613
66.5159 -775.724
66.5013 -774.834
66.4869 -773.941
66.4725 -773.047
66.4582 -772.15
66.444 -771.252
66.4299 -770.352
66.4159 -769.45
66.402 -768.547
66.3882 -767.644
66.3744 -766.742
66.3607 -765.838
66.3471 -764.933
66.3336 -764.025
66.3202 -763.116
66.3069 -762.205
66.2936 -761.293
66.2805 -760.379
66.2674 -759.465
66.2545 -758.548
66.2416 -757.629
66.2289 -756.709
66.2162 -755.787
66.2036 -754.864
66.1911 -753.939
66.1787 -753.013
66.1664 -752.086
66.1542 -751.157
66.1421 -750.226
66.1301 -749.295
66.1181 -748.363
66.1063 -747.429
66.0945 -746.494
66.0828 -745.556
66.0713 -744.617
66.0598 -743.676
66.0485 -742.733
66.0372 -741.788
66.026 -740.842
66.0149 -739.897
66.0036 -738.967
65.9924 -738.036
65.9813 -737.102
65.9702 -736.167
65.9593 -735.229
65.9485 -734.291
65.9357 -733.415
65.9206 -732.673
65.9054 -731.901
65.8903 -731.127
65.8753 -730.352
65.8604 -729.575
65.8456 -728.797
65.8311 -728.022
65.817 -727.253
65.803 -726.483
65.789 -725.711
65.7752 -724.937
65.7614 -724.161
65.7478 -723.383
65.7342 -722.604
65.7207 -721.822
65.7072 -721.039
65.6939 -720.254
65.6806 -719.467
65.6674 -718.679
65.6543 -717.889
65.6413 -717.098
65.6283 -716.305
65.6155 -715.51
65.6027 -714.713
65.59 -713.916
65.5773 -713.118
65.5648 -712.319
65.5523 -711.519
65.5399 -710.717
65.5275 -709.914
65.5113 -708.796
65.4961 -708.428
65.4804 -707.685
65.4648 -706.94
65.4492 -706.192
65.4338 -705.442
65.4184 -704.69
65.4031 -703.937
65.3879 -703.181
65.3728 -702.424
65.3577 -701.664
65.3427 -700.903
65.3279 -700.139
65.313 -699.374
65.2983 -698.606
65.2837 -697.838
65.2691 -697.069
65.2546 -696.298
65.2401 -695.525
65.2258 -694.75
65.2115 -693.973
65.1973 -693.194
65.1832 -692.413
65.1692 -691.63
65.1553 -690.845
65.1415 -690.059
65.1277 -689.27
65.114 -688.479
65.1004 -687.687
65.0869 -686.892
65.0735 -686.095
65.0602 -685.297
65.0469 -684.496
65.0337 -683.694
65.0207 -682.891
65.0076 -682.086
64.9947 -681.279
64.9819 -680.469
64.9691 -679.658
64.9565 -678.845
64.9439 -678.03
64.9314 -677.213
64.9189 -676.398
64.9065 -675.581
64.8942 -674.763
64.882 -673.943
64.8699 -673.121
64.8579 -672.297
64.8459 -671.472
64.834 -670.648
64.8221 -669.823
64.8104 -668.996
64.7987 -668.167
64.7871 -667.336
64.7756 -666.505
64.7642 -665.673
64.7528 -664.839
64.7416 -664.004
64.7303 -663.169
64.7192 -662.333
64.7082 -661.494
64.6972 -660.654
64.6863 -659.813
64.6755 -658.97
64.6648 -658.126
64.6542 -657.28
64.6436 -656.436
64.6331 -655.59
64.6226 -654.75
64.612 -653.914
64.6015 -653.076
64.5911 -652.238
64.5808 -651.399
64.5706 -650.557
64.5605 -649.715
64.5504 -648.871
64.5404 -648.026
64.5305 -647.178
64.5207 -646.33
64.511 -645.48
64.5014 -644.629
64.4918 -643.777
64.4823 -642.923
64.4729 -642.067
64.4636 -641.21
64.4544 -640.351
64.4445 -639.534
64.4319 -638.826
64.4194 -638.121
64.407 -637.414
64.3946 -636.706
64.3823 -635.996
64.3701 -635.285
64.3579 -634.572
64.3458 -633.857
64.3338 -633.14
64.3219 -632.422
64.3101 -631.703
64.2982 -630.985
64.2865 -630.265
64.2748 -629.545
64.2632 -628.823
64.2516 -628.099
64.2402 -627.373
64.2288 -626.645
64.2175 -625.916
64.2063 -625.185
64.1951 -624.453
64.184 -623.722
64.1729 -622.989
64.162 -622.254
64.1511 -621.518
64.1403 -620.78
64.1295 -620.041
64.1188 -619.301
64.1082 -618.56
64.0977 -617.818
64.0872 -617.074
64.0768 -616.329
64.0665 -615.582
64.0563 -614.833
64.0461 -614.082
64.0361 -613.33
64.0261 -612.575
64.0162 -611.819
64.0063 -611.062
63.9966 -610.303
63.9869 -609.543
63.9773 -608.781
63.9678 -608.018
63.9583 -607.252
63.949 -606.486
63.9397 -605.717
63.9305 -604.947
63.9214 -604.174
63.9123 -603.4
63.9034 -602.625
63.8945 -601.847
63.8857 -601.068
63.877 -600.286
63.8684 -599.505
63.8598 -598.722
63.8513 -597.937
63.8429 -597.151
63.8346 -596.363
63.8264 -595.573
63.8182 -594.782
63.8102 -593.989
63.8021 -593.195
63.7942 -592.4
63.7864 -591.603
63.7786 -590.805
63.7709 -590.005
63.7633 -589.204
63.7558 -588.4
63.7484 -587.595
63.7411 -586.788
63.7338 -585.979
63.7267 -585.17
63.7196 -584.358
63.7126 -583.545
63.7056 -582.732
63.6987 -581.918
63.692 -581.102
63.6853 -580.285
63.6786 -579.466
63.6721 -578.646
63.6656 -577.825
63.6592 -577.002
63.6529 -576.178
63.6467 -575.354
63.6406 -574.528
63.6345 -573.701
63.6285 -572.871
63.6226 -572.041
63.6168 -571.211
63.611 -570.378
63.6054 -569.544
63.5998 -568.709
63.5943 -567.873
63.5889 -567.036
63.5835 -566.196
63.5783 -565.356
63.5731 -564.513
63.5681 -563.668
63.5631 -562.822
63.5582 -561.975
63.5534 -561.125
63.5487 -560.275
63.5441 -559.422
63.5395 -558.569
63.535 -557.715
63.5306 -556.859
63.5264 -556.001
63.5222 -555.142
63.518 -554.281
63.514 -553.418
63.5101 -552.553
63.5063 -551.686
63.5025 -550.82
63.4988 -549.953
63.4952 -549.084
63.4917 -548.214
63.4883 -547.342
63.4849 -546.469
63.4817 -545.594
63.4785 -544.717
63.4755 -543.84
63.4725 -542.96
63.4696 -542.079
63.4668 -541.196
63.4612 -540.437
63.455 -539.701
63.4488 -538.965
63.4428 -538.227
63.4368 -537.488
63.4308 -536.747
63.425 -536.004
63.4192 -535.261
63.4135 -534.516
63.4079 -533.77
63.4023 -533.024
63.3968 -532.278
63.3914 -531.532
63.386 -530.783
63.3807 -530.033
63.3755 -529.282
63.3703 -528.528
63.3653 -527.774
63.3603 -527.018
63.3553 -526.263
63.3505 -525.507
63.3457 -524.749
63.341 -523.99
63.3363 -523.229
63.3318 -522.467
63.3273 -521.706
63.3228 -520.942
63.3184 -520.18
63.3141 -519.416
63.3099 -518.65
63.3058 -517.883
63.3017 -517.114
63.2977 -516.343
63.2938 -515.571
63.29 -514.799
63.2862 -514.025
63.2825 -513.25
63.2789 -512.475
63.2753 -511.7
63.2718 -510.923
63.2684 -510.145
63.2651 -509.365
63.2618 -508.584
63.2587 -507.802
63.2556 -507.017
63.2526 -506.232
63.2497 -505.445
63.2468 -504.659
63.2439 -503.875
63.2412 -503.089
63.2385 -502.301
63.2359 -501.512
63.2333 -500.722
63.2309 -499.931
63.2285 -499.14
63.2261 -498.347
63.2239 -497.552
63.2218 -496.756
63.2197 -495.959
63.2177 -495.163
63.215 -494.393
63.2122 -493.628
63.2095 -492.861
63.2069 -492.093
63.2042 -491.327
63.2016 -490.561
63.1991 -489.796
63.1966 -489.03
63.1941 -488.262
63.1918 -487.494
63.1895 -486.723
63.1873 -485.952
63.1852 -485.18
63.1832 -484.406
63.1813 -483.631
63.1794 -482.854
63.1776 -482.076
63.1758 -481.298
63.1742 -480.518
63.1726 -479.738
63.171 -478.955
63.1696 -478.172
63.1683 -477.387
63.167 -476.603
63.1657 -475.816
63.1646 -475.029
63.1636 -474.239
63.1626 -473.448
63.1617 -472.656
63.1609 -471.862
63.1602 -471.067
63.1596 -470.273
63.159 -469.478
63.1584 -468.682
63.158 -467.884
63.1576 -467.086
63.1573 -466.287
63.1571 -465.488
63.1569 -464.687
63.1569 -463.886
63.1569 -463.083
63.157 -462.278
63.1571 -461.472
63.1574 -460.664
63.1578 -459.855
63.1582 -459.044
63.1587 -458.231
63.1593 -457.419
63.16 -456.606
63.1607 -455.792
63.1616 -454.976
63.1625 -454.159
63.1635 -453.34
63.1646 -452.519
63.1657 -451.699
63.167 -450.876
63.1683 -450.052
63.1697 -449.227
63.1712 -448.403
63.1727 -447.579
63.1743 -446.753
63.176 -445.926
63.1778 -445.098
63.1796 -444.268
63.1816 -443.438
63.1836 -442.607
63.1857 -441.774
63.1879 -440.94
63.1901 -440.105
63.1925 -439.269
63.1949 -438.433
63.1973 -437.596
63.1999 -436.759
63.2025 -435.92
63.2053 -435.08
63.208 -434.24
63.2109 -433.399
63.2138 -432.557
63.2169 -431.713
63.22 -430.868
63.2232 -430.022
63.2265 -429.174
63.2299 -428.325
63.2333 -427.475
63.2369 -426.625
63.2405 -425.774
63.2442 -424.921
63.248 -424.067
63.2519 -423.212
63.2558 -422.356
63.2599 -421.498
63.264 -420.639
63.2682 -419.779
63.2725 -418.918
63.2769 -418.057
63.2814 -417.194
63.2859 -416.331
63.2905 -415.466
63.2952 -414.601
63.2999 -413.737
63.3048 -412.872
63.3097 -412.005
63.3147 -411.136
63.3198 -410.267
63.325 -409.396
63.3302 -408.525
63.3355 -407.656
63.3408 -406.788
63.3462 -405.918
63.3517 -405.047
63.3573 -404.175
63.363 -403.302
63.3688 -402.427
63.3746 -401.554
63.3804 -400.681
63.3864 -399.806
63.3924 -398.93
63.3985 -398.053
63.4047 -397.177
63.411 -396.299
63.4174 -395.42
63.4238 -394.54
63.4303 -393.663
63.4368 -392.784
63.4434 -391.905
63.4501 -391.023
63.4569 -390.141
63.4638 -389.259
63.4708 -388.375
63.4778 -387.491
63.485 -386.604
63.4922 -385.717
63.4995 -384.828
63.507 -383.937
63.5145 -383.045
63.5221 -382.152
63.5298 -381.258
63.5376 -380.362
63.5455 -379.465
63.5535 -378.566
63.5616 -377.667
63.5697 -376.767
63.578 -375.865
63.5863 -374.963
63.5947 -374.061
63.6032 -373.159
63.6117 -372.255
63.6204 -371.35
63.6291 -370.444
63.638 -369.536
63.6469 -368.627
63.656 -367.716
63.6651 -366.804
63.6743 -365.891
63.6837 -364.977
63.6931 -364.061
63.7026 -363.144
63.7122 -362.226
63.7219 -361.307
63.7317 -360.387
63.7415 -359.465
63.7515 -358.542
63.7616 -357.618
63.7718 -356.692
63.782 -355.766
63.7923 -354.842
63.7987 -354.054
63.8041 -353.295
63.8096 -352.537
63.8152 -351.777
63.8208 -351.017
63.8265 -350.256
63.8323 -349.496
63.8381 -348.737
63.8439 -347.976
63.8499 -347.214
63.8559 -346.452
63.862 -345.689
63.8681 -344.925
63.8744 -344.159
63.8806 -343.396
63.8869 -342.632
63.8933 -341.869
63.8998 -341.104
63.9063 -340.337
63.9129 -339.57
63.9196 -338.801
63.9264 -338.031
63.9332 -337.262
63.9401 -336.493
63.9471 -335.723
63.9541 -334.951
63.9612 -334.179
63.9684 -333.407
63.9756 -332.635
63.9829 -331.862
63.9902 -331.089
63.9976 -330.315
64.0051 -329.54
64.0127 -328.764
64.0204 -327.987
64.0281 -327.208
64.0359 -326.43
64.0437 -325.652
64.0517 -324.872
64.0597 -324.092
64.0678 -323.31
64.076 -322.527
64.0842 -321.743
64.0925 -320.959
64.1009 -320.174
64.1094 -319.387
64.118 -318.599
64.1266 -317.81
64.1354 -317.02
64.1442 -316.229
64.1531 -315.436
64.1621 -314.642
64.1712 -313.847
64.1803 -313.051
64.1896 -312.253
64.1989 -311.454
64.2083 -310.654
64.2178 -309.853
64.2274 -309.05
64.2371 -308.247
64.2469 -307.442
64.2567 -306.636
64.2666 -305.829
64.2766 -305.021
64.2867 -304.212
64.2969 -303.402
64.3071 -302.59
64.3175 -301.779
64.3278 -300.967
64.3383 -300.154
64.3489 -299.34
64.3595 -298.524
64.3702 -297.709
64.381 -296.892
64.3919 -296.074
64.4028 -295.256
64.4138 -294.438
64.4249 -293.618
64.4361 -292.798
64.4473 -291.976
64.4587 -291.153
64.4701 -290.329
64.4816 -289.503
64.4932 -288.677
64.5049 -287.849
64.5167 -287.021
64.5286 -286.192
64.5405 -285.362
64.5525 -284.531
64.5645 -283.701
64.5766 -282.871
64.5888 -282.039
64.6011 -281.207
64.6135 -280.373
64.626 -279.538
64.6383 -278.707
64.6506 -277.875
64.663 -277.044
64.6755 -276.21
64.6881 -275.377
64.7007 -274.543
64.7134 -273.708
64.7262 -272.874
64.7389 -272.04
64.7518 -271.205
64.7647 -270.369
64.7777 -269.532
64.7909 -268.693
64.8041 -267.854
64.8173 -267.014
64.8307 -266.174
64.8441 -265.334
64.8575 -264.495
64.871 -263.656
64.8845 -262.818
64.8981 -261.978
64.9118 -261.138
64.9256 -260.297
64.9395 -259.454
64.9535 -258.611
64.9675 -257.768
64.9816 -256.923
64.9958 -256.078
65.0078 -255.305
65.0177 -254.604
65.0276 -253.902
65.0376 -253.2
65.0476 -252.498
65.0578 -251.794
65.068 -251.09
65.0782 -250.385
65.0826 -249.863
65.087 -249.341
65.0915 -248.817
65.0961 -248.293
65.1003 -247.779
65.1045 -247.266
65.1088 -246.753
65.113 -246.24
65.1174 -245.725
65.1218 -245.21
65.1262 -244.694
65.1307 -244.178
65.1353 -243.66
65.1399 -243.143
65.1446 -242.624
65.1493 -242.105
65.154 -241.585
65.1589 -241.064
65.1637 -240.542
65.1687 -240.02
65.1736 -239.497
65.1787 -238.973
65.1838 -238.449
65.1889 -237.924
65.1941 -237.399
65.1993 -236.872
65.2046 -236.346
65.21 -235.818
65.2154 -235.29
65.2207 -234.764
65.2257 -234.241
65.2308 -233.718
65.236 -233.194
65.2412 -232.67
65.2464 -232.145
65.2517 -231.619
65.2571 -231.093
65.2625 -230.566
65.2679 -230.04
65.2734 -229.513
65.2789 -228.986
65.2845 -228.458
65.2895 -227.948
65.2945 -227.436
65.2996 -226.924
65.3026 -226.481
65.3039 -226.09
65.3053 -225.699
65.3067 -225.307
65.3081 -224.914
65.3096 -224.52
65.3111 -224.126
65.3127 -223.732
65.3143 -223.336
65.316 -222.94
65.3176 -222.544
65.3194 -222.146
65.3212 -221.749
65.323 -221.35
65.3248 -220.951
65.3267 -220.551
65.3287 -220.151
65.3306 -219.751
65.3326 -219.35
65.3347 -218.949
65.3368 -218.547
65.3387 -218.148
65.3406 -217.753
65.3425 -217.357
65.3445 -216.961
65.3464 -216.563
65.3485 -216.166
65.3505 -215.767
65.3526 -215.368
65.3548 -214.969
65.357 -214.568
65.3592 -214.167
65.3614 -213.766
65.3637 -213.365
65.3661 -212.963
65.3684 -212.56
65.3708 -212.157
65.3733 -211.754
65.3757 -211.351
65.3783 -210.947
65.3808 -210.543
65.3834 -210.138
65.3857 -209.74
65.3872 -209.364
65.3887 -208.988
65.3901 -208.612
65.3916 -208.237
65.3931 -207.861
65.3946 -207.487
65.396 -207.113
65.3975 -206.739
65.3984 -206.378
65.3964 -205.949
65.3943 -205.511
65.3921 -205.068
65.3897 -204.618
65.3873 -204.161
65.3847 -203.697
65.3819 -203.224
65.3821 -202.703
65.2643 -199.897
65.2867 -199.203
65.2957 -198.73
65.2967 -198.325
65.2977 -197.919
65.2988 -197.512
65.3 -197.103
65.3012 -196.694
65.3024 -196.282
65.3036 -195.87
65.3049 -195.457
65.3063 -195.042
65.3077 -194.626
65.3091 -194.209
65.3106 -193.79
65.3121 -193.371
65.3136 -192.951
65.3152 -192.53
65.3168 -192.108
65.3151 -191.529
65.3076 -190.679
65.2993 -189.787
65.2898 -188.842
65.2782 -187.834
65.2646 -186.735
65.2481 -185.505
65.2454 -184.868
65.2475 -184.455
65.2497 -184.046
65.2519 -183.634
65.2541 -183.218
65.2563 -182.799
65.2585 -182.377
65.2607 -181.952
65.263 -181.524
65.2652 -181.092
65.2584 -180.259
65.2664 -180.075
65.2715 -179.753
65.2765 -179.432
65.2816 -179.109
65.2868 -178.785
65.2919 -178.459
65.2971 -178.132
65.3024 -177.804
65.3076 -177.474
65.3129 -177.142
65.3183 -176.81
65.3236 -176.476
65.329 -176.14
65.3345 -175.803
65.3399 -175.464
65.3454 -175.123
65.351 -174.781
65.3566 -174.438
65.3622 -174.092
65.3678 -173.746
65.3735 -173.399
65.3792 -173.05
65.385 -172.7
65.3908 -172.348
65.3966 -171.994
65.4024 -171.64
65.4083 -171.283
65.4143 -170.926
65.4203 -170.566
65.4263 -170.205
65.4323 -169.843
65.4384 -169.48
65.4445 -169.114
65.4507 -168.748
65.4569 -168.381
65.4631 -168.015
65.4693 -167.647
65.4756 -167.277
65.4819 -166.893
65.4881 -166.491
65.4944 -166.087
65.5008 -165.683
65.5071 -165.276
65.5136 -164.87
65.52 -164.462
65.5265 -164.054
65.533 -163.645
65.5395 -163.236
65.5461 -162.826
65.5527 -162.414
65.5594 -162.002
65.5661 -161.588
65.5729 -161.174
65.5797 -160.758
65.5865 -160.341
65.5934 -159.924
65.6003 -159.505
65.6073 -159.085
65.6143 -158.665
65.6213 -158.243
65.6281 -157.826
65.6349 -157.411
65.6417 -156.994
65.6486 -156.576
65.6555 -156.157
65.6625 -155.737
65.6695 -155.316
65.6765 -154.894
65.6836 -154.472
65.6907 -154.049
65.6979 -153.626
65.705 -153.202
65.7123 -152.776
65.7196 -152.35
65.7269 -151.922
65.7342 -151.493
65.7416 -151.063
65.7491 -150.632
65.7566 -150.2
65.7641 -149.768
65.7717 -149.336
65.7793 -148.901
65.7869 -148.466
65.7946 -148.029
65.8021 -147.594
65.8095 -147.161
65.8133 -146.783
65.8171 -146.405
65.8209 -146.026
65.8248 -145.646
65.8287 -145.265
65.8327 -144.883
65.8366 -144.499
65.8407 -144.114
65.8447 -143.728
65.8488 -143.34
65.853 -142.952
65.8572 -142.562
65.8614 -142.17
65.8656 -141.778
65.87 -141.383
65.8743 -140.988
65.8786 -140.592
65.8829 -140.198
65.8872 -139.803
65.8916 -139.406
65.896 -139.007
65.9004 -138.608
65.9049 -138.206
65.9094 -137.804
65.914 -137.4
65.9186 -136.995
65.9232 -136.589
65.9279 -136.182
65.9327 -135.774
65.9374 -135.364
65.9422 -134.952
65.9471 -134.539
65.952 -134.128
65.9569 -133.715
65.9618 -133.301
65.9632 -132.944
65.9646 -132.586
65.966 -132.227
65.9674 -131.866
65.9686 -131.507
65.9698 -131.149
65.9709 -130.789
65.9722 -130.428
65.9734 -130.066
65.9747 -129.703
65.976 -129.338
65.9774 -128.972
65.9788 -128.604
65.9802 -128.236
65.9817 -127.866
65.9832 -127.494
65.9848 -127.121
65.9864 -126.747
65.988 -126.371
65.9897 -125.995
65.9914 -125.616
65.9931 -125.237
65.9949 -124.856
65.9968 -124.473
65.9987 -124.09
66.0006 -123.706
66.0025 -123.322
66.0045 -122.937
66.0065 -122.55
66.0085 -122.162
66.0106 -121.773
66.0128 -121.383
66.0149 -120.991
66.0172 -120.598
66.0194 -120.204
66.0217 -119.808
66.0241 -119.411
66.0264 -119.013
66.0289 -118.614
66.0313 -118.215
66.0338 -117.815
66.0363 -117.413
66.0389 -117.01
66.0415 -116.606
66.0442 -116.2
66.0469 -115.793
66.0496 -115.384
66.0524 -114.974
66.0553 -114.563
66.0581 -114.15
66.0611 -113.736
66.064 -113.321
66.067 -112.906
66.07 -112.489
66.0731 -112.07
66.0762 -111.65
66.0794 -111.229
66.0826 -110.807
66.0859 -110.383
66.0892 -109.958
66.0925 -109.532
66.0959 -109.103
66.0993 -108.674
66.1029 -108.248
66.1066 -107.828
66.1104 -107.406
66.1142 -106.984
66.1178 -106.562
66.1215 -106.137
66.1252 -105.712
66.129 -105.286
66.1328 -104.858
66.1367 -104.428
66.1406 -103.998
66.1446 -103.565
66.1486 -103.131
66.1526 -102.697
66.1567 -102.261
66.1608 -101.823
66.165 -101.385
66.1692 -100.944
66.1735 -100.502
66.1778 -100.059
66.1822 -99.6135
66.1866 -99.167
66.1911 -98.719
66.1956 -98.2694
66.2002 -97.8184
66.2048 -97.3658
66.2094 -96.9121
66.2141 -96.4568
66.2189 -96
66.2237 -95.5417
66.2285 -95.082
66.2334 -94.6207
66.2384 -94.1588
66.2434 -93.697
66.2484 -93.235
66.2534 -92.7715
66.2585 -92.3066
66.2637 -91.8406
66.2689 -91.373
66.2741 -90.904
66.2794 -90.4337
66.2848 -89.9621
66.2902 -89.4889
66.2956 -89.0142
66.3011 -88.5383
66.3067 -88.0608
66.3123 -87.582
66.3179 -87.1021
66.3236 -86.6208
66.3294 -86.138
66.3352 -85.6537
66.341 -85.1679
66.3469 -84.6806
66.3529 -84.1919
66.3589 -83.702
66.3649 -83.2129
66.371 -82.7231
66.3771 -82.2335
66.3833 -81.7425
66.3895 -81.2509
66.3957 -80.7596
66.402 -80.2668
66.4083 -79.7725
66.4147 -79.2767
66.4212 -78.7795
66.4277 -78.2809
66.4342 -77.7809
66.4407 -77.2895
66.4469 -76.8089
66.4531 -76.3272
66.4594 -75.8445
66.4658 -75.3608
66.4722 -74.8763
66.4786 -74.3902
66.4851 -73.9027
66.4917 -73.4139
66.4982 -72.9238
66.5049 -72.434
66.5116 -71.943
66.5183 -71.4505
66.5251 -70.9565
66.5319 -70.4617
66.5388 -69.9661
66.5457 -69.469
66.5527 -68.9704
66.5597 -68.4704
66.5668 -67.9689
66.574 -67.4659
66.5811 -66.9615
66.5884 -66.4557
66.5957 -65.9485
66.603 -65.4407
66.6104 -64.9321
66.6179 -64.4221
66.6254 -63.9125
66.6329 -63.4017
66.6405 -62.8898
66.6481 -62.377
66.6558 -61.8631
66.6635 -61.3486
66.6713 -60.833
66.6791 -60.3167
66.687 -59.8004
66.6948 -59.2846
66.7028 -58.7677
66.7107 -58.2542
66.7186 -57.7448
66.7265 -57.2383
66.7345 -56.7309
66.7425 -56.2225
66.7505 -55.7159
66.7585 -55.2096
66.7666 -54.7026
66.7748 -54.1942
66.783 -53.6844
66.7912 -53.1741
66.7995 -52.6629
66.8079 -52.1506
66.8163 -51.6368
66.8247 -51.1217
66.8331 -50.6101
66.8415 -50.1014
66.8499 -49.5914
66.8583 -49.08
66.8669 -48.5673
66.8754 -48.0535
66.884 -47.5413
66.8926 -47.0277
66.9013 -46.513
66.9101 -45.9972
66.9189 -45.4801
66.9277 -44.9646
66.9365 -44.4506
66.9454 -43.9353
66.9543 -43.4187
66.9633 -42.9011
66.9724 -42.383
66.9814 -41.8635
66.9906 -41.3428
66.9998 -40.8215
67.009 -40.2996
67.0183 -39.7764
67.0276 -39.2519
67.037 -38.7262
67.0465 -38.2001
67.056 -37.6726
67.0655 -37.1452
67.0751 -36.6171
67.0848 -36.0878
67.0945 -35.5575
67.1042 -35.0259
67.114 -34.4938
67.1238 -33.9608
67.1337 -33.4275
67.1436 -32.8953
67.1536 -32.3638
67.1636 -31.831
67.1736 -31.297
67.1837 -30.7616
67.1939 -30.225
67.2041 -29.6873
67.2144 -29.1482
67.2247 -28.6079
67.2351 -28.0663
67.2455 -27.5256
67.256 -26.9838
67.2665 -26.4408
67.2771 -25.8971
67.2878 -25.3522
67.2984 -24.8062
67.3092 -24.2597
67.32 -23.7137
67.3308 -23.1676
67.3416 -22.6203
67.3526 -22.0717
67.3636 -21.5218
67.3746 -20.9717
67.3857 -20.4218
67.3968 -19.8711
67.4079 -19.3225
67.4191 -18.7726
67.4303 -18.2214
67.4416 -17.669
67.453 -17.1153
67.4644 -16.5604
67.4759 -16.0042
67.4874 -15.4467
67.499 -14.888
67.5107 -14.3279
67.5224 -13.7667
67.5342 -13.2052
67.5459 -12.6445
67.5578 -12.0826
67.5697 -11.5193
67.5817 -10.9549
67.5937 -10.3891
67.6058 -9.82212
67.618 -9.25386
67.6302 -8.68453
67.6424 -8.11548
67.6547 -7.54525
67.6671 -6.97452
67.6795 -6.40287
67.6919 -5.83115
67.7044 -5.25925
67.717 -4.68625
67.7295 -4.11676
67.7421 -3.54613
67.7548 -2.97446
67.7675 -2.40241
67.7802 -1.82917
67.7931 -1.25568
67.8059 -0.682012
67.8188 -0.107627
67.8318 0.467832
67.8448 1.04406
67.8579 1.62116
67.871 2.1995
67.8842 2.77874
67.8975 3.35902
67.9108 3.9404
67.9241 4.52131
67.9375 5.10345
67.951 5.68601
67.9645 6.26889
67.978 6.85299
67.9917 7.4369
68.0053 8.02108
68.019 8.60648
68.0328 9.1931
68.0467 9.78093
68.0606 10.37
68.0745 10.9602
68.0885 11.5512
68.1014 12.1363
68.1144 12.7224
68.1274 13.3098
68.1406 13.8984
68.1537 14.4874
68.1669 15.0764
68.1802 15.6666
68.1935 16.2576
68.2069 16.8491
68.2203 17.4419
68.2338 18.0358
68.2474 18.631
68.261 19.2272
68.2746 19.8215
68.2883 20.4163
68.302 21.0104
68.3158 21.6036
68.3296 22.198
68.3434 22.7934
68.3573 23.3872
68.3712 23.9819
68.3852 24.5779
68.3993 25.175
68.4134 25.7733
68.4276 26.3706
68.4418 26.9688
68.456 27.5681
68.4704 28.1684
68.4848 28.7685
68.4992 29.3687
68.5136 29.9698
68.5282 30.5721
68.5428 31.1752
68.5574 31.7795
68.5722 32.3849
68.5869 32.9901
68.6018 33.5963
68.6167 34.2036
68.6316 34.8122
68.6466 35.4217
68.6617 36.0323
68.6769 36.644
68.6921 37.2561
68.7073 37.8677
68.7226 38.479
68.7379 39.0906
68.7533 39.7033
68.7687 40.3172
68.7842 40.9322
68.7998 41.5467
68.8154 42.1622
68.8311 42.7789
68.8468 43.3964
68.8626 44.014
68.8785 44.6328
68.8944 45.2528
68.9104 45.8739
68.9264 46.4962
68.9426 47.1196
68.9587 47.7442
68.975 48.37
68.9913 48.9969
69.0077 49.6249
69.0242 50.2541
69.0407 50.8839
69.0572 51.5148
69.0738 52.1433
69.0904 52.7715
69.1071 53.4009
69.1239 54.0315
69.1407 54.6631
69.1576 55.296
69.1745 55.929
69.1915 56.5631
69.2086 57.1983
69.2257 57.8346
69.2426 58.4691
69.2589 59.0949
69.2752 59.7218
69.2915 60.3492
69.3079 60.9766
69.3244 61.6051
69.3409 62.2347
69.3575 62.8655
69.3741 63.495
69.3908 64.1248
69.4075 64.7556
69.4243 65.3862
69.4411 66.0155
69.4579 66.646
69.4748 67.2758
69.4917 67.9051
69.5087 68.5354
69.5258 69.1667
69.5429 69.799
69.5601 70.4324
69.5774 71.067
69.5947 71.7026
69.6121 72.3394
69.6295 72.9773
69.6471 73.6162
69.6646 74.2546
69.6823 74.8939
69.6999 75.533
69.7176 76.1717
69.7354 76.8115
69.7532 77.4523
69.7711 78.0935
69.789 78.7321
69.807 79.3705
69.8249 80.0077
69.8429 80.6452
69.861 81.2837
69.8791 81.9222
69.8973 82.5617
69.9155 83.2018
69.9338 83.8426
69.9522 84.4838
69.9706 85.1247
69.989 85.7657
70.0075 86.4079
70.0261 87.0504
70.0446 87.6874
70.0631 88.3232
70.0816 88.9567
70.1002 89.5912
70.1188 90.2255
70.1374 90.8596
70.1561 91.4935
70.1749 92.1284
70.1937 92.7642
70.2126 93.4008
70.2316 94.0385
70.2506 94.6773
70.2697 95.3171
70.2889 95.958
70.3081 96.5979
70.3273 97.2368
70.3466 97.8764
70.3659 98.517
70.3852 99.1555
70.4046 99.7911
70.4239 100.428
70.4434 101.065
70.4629 101.703
70.4824 102.341
70.5021 102.981
70.5217 103.619
70.5414 104.258
70.5612 104.897
70.581 105.538
70.6009 106.179
70.6208 106.819
70.6407 107.457
70.6607 108.096
70.6808 108.736
70.7009 109.376
70.721 110.018
70.7413 110.66
70.7616 111.303
70.7819 111.947
70.8024 112.592
70.8228 113.237
70.8434 113.883
70.864 114.53
70.8847 115.177
70.9054 115.824
70.9262 116.472
70.947 117.12
70.9679 117.769
70.9889 118.419
71.0099 119.069
71.0309 119.719
71.052 120.37
71.0732 121.022
71.0945 121.675
71.1158 122.325
71.137 122.975
71.1584 123.626
71.1798 124.278
71.2013 124.929
71.2228 125.582
71.2444 126.236
71.2661 126.89
71.2878 127.545
71.3095 128.197
71.3312 128.846
71.353 129.497
71.3748 130.148
71.3967 130.8
71.4187 131.453
71.4407 132.107
71.4628 132.762
71.485 133.418
71.5072 134.074
71.5295 134.732
71.5519 135.39
71.5742 136.045
71.5965 136.698
71.6189 137.351
71.6413 138.004
71.6639 138.659
71.6865 139.315
71.7091 139.971
71.7318 140.627
71.7545 141.283
71.7773 141.941
71.8002 142.6
71.8232 143.259
71.8462 143.92
71.8693 144.581
71.8925 145.244
71.9158 145.907
71.9391 146.572
71.9624 147.237
71.9859 147.903
72.0094 148.568
72.0329 149.233
72.0563 149.892
72.0798 150.553
72.1034 151.214
72.127 151.875
72.1507 152.536
72.1744 153.198
72.1982 153.86
72.222 154.524
72.2459 155.188
72.2699 155.853
72.294 156.52
72.3181 157.187
72.3424 157.855
72.3666 158.524
72.3909 159.191
72.4153 159.858
72.4397 160.526
72.4641 161.194
72.4886 161.864
72.5132 162.534
72.5379 163.205
72.5627 163.877
72.5875 164.55
72.6123 165.223
72.6373 165.897
72.6623 166.571
72.6873 167.245
72.7124 167.92
72.7375 168.595
72.7628 169.272
72.7881 169.949
72.8135 170.627
72.8388 171.306
72.8639 171.983
72.8891 172.662
72.9143 173.341
72.9396 174.02
72.9648 174.696
72.9901 175.371
73.0154 176.046
73.0408 176.723
73.0663 177.401
73.0919 178.079
73.1175 178.758
73.1431 179.435
73.1688 180.113
73.1945 180.792
73.2202 181.468
73.246 182.145
73.2719 182.822
73.2977 183.498
73.3236 184.174
73.3496 184.85
73.3755 185.526
73.4014 186.202
73.4273 186.88
73.4533 187.558
73.4794 188.237
73.5056 188.917
73.5317 189.596
73.558 190.275
73.5843 190.955
73.6107 191.637
73.6371 192.319
73.6637 193.002
73.6903 193.686
73.717 194.37
73.7437 195.056
73.7705 195.743
73.7974 196.43
73.8244 197.117
73.8513 197.803
73.8783 198.489
73.9054 199.176
73.9326 199.864
73.9598 200.552
73.9871 201.242
74.0144 201.932
74.0418 202.62
74.0692 203.31
74.0967 204
74.1242 204.688
74.1517 205.373
74.1792 206.059
74.2067 206.742
74.2343 207.425
74.2619 208.108
74.2896 208.791
74.3173 209.476
74.3451 210.161
74.3728 210.84
74.4006 211.52
74.4284 212.201
74.4563 212.882
74.4836 213.56
74.5109 214.239
74.5383 214.918
74.5656 215.595
74.593 216.272
74.6205 216.95
74.648 217.628
74.6756 218.307
74.7032 218.986
74.7309 219.664
74.7586 220.342
74.7863 221.019
74.8141 221.695
74.8419 222.371
74.8698 223.049
74.8978 223.727
74.9258 224.406
74.9539 225.086
74.982 225.766
75.0103 226.447
75.0385 227.127
75.0668 227.807
75.0951 228.484
75.1234 229.16
75.1517 229.837
75.1801 230.514
75.2086 231.191
75.2372 231.869
75.2658 232.548
75.2944 233.228
75.3232 233.908
75.352 234.589
75.3809 235.271
75.4099 235.953
75.4389 236.637
75.468 237.321
75.4971 238.005
75.5261 238.682
75.5549 239.349
75.5837 240.017
75.6125 240.685
75.6415 241.353
75.6704 242.02
75.6993 242.686
75.7284 243.353
75.7575 244.02
75.7866 244.688
75.8158 245.357
75.8451 246.026
75.8745 246.696
75.9039 247.367
75.9334 248.038
75.9629 248.707
75.9924 249.377
76.022 250.047
76.0516 250.717
76.0814 251.388
76.1111 252.06
76.141 252.732
76.1708 253.402
76.2008 254.074
76.2307 254.745
76.2608 255.418
76.2909 256.091
76.3211 256.764
76.3513 257.439
76.3817 258.114
76.412 258.789
76.4424 259.464
76.4729 260.139
76.5035 260.816
76.5341 261.492
76.5647 262.169
76.5955 262.846
76.6262 263.521
76.6569 264.196
76.6878 264.872
76.7187 265.549
76.7496 266.226
76.7807 266.904
76.8115 267.574
76.8424 268.243
76.8733 268.913
76.9041 269.577
76.9349 270.24
76.9658 270.904
76.9968 271.569
77.0277 272.232
77.0587 272.895
77.0898 273.558
77.1209 274.221
77.1521 274.885
77.1833 275.549
77.2146 276.214
77.2459 276.879
77.2774 277.546
77.3089 278.212
77.3404 278.88
77.3721 279.548
77.4038 280.217
77.4356 280.886
77.4674 281.556
77.4992 282.225
77.531 282.894
77.5627 283.559
77.5945 284.225
77.6264 284.891
77.6583 285.558
77.6903 286.226
77.7224 286.894
77.7545 287.561
77.7865 288.224
77.8185 288.887
77.8506 289.551
77.8828 290.214
77.915 290.876
77.9472 291.538
77.9794 292.2
78.0117 292.862
78.0441 293.525
78.0766 294.189
78.1091 294.852
78.1416 295.516
78.1742 296.18
78.2069 296.845
78.2396 297.51
78.2724 298.175
78.3052 298.839
78.338 299.503
78.3709 300.168
78.4037 300.829
78.4363 301.483
78.469 302.137
78.5015 302.783
78.534 303.429
78.5666 304.075
78.5992 304.721
78.6319 305.367
78.6646 306.014
78.6974 306.661
78.7302 307.309
78.7631 307.955
78.796 308.601
78.8289 309.247
78.8619 309.894
78.895 310.54
78.9281 311.187
78.9612 311.834
78.9944 312.481
79.0276 313.127
79.0608 313.772
79.0941 314.418
79.1275 315.064
79.1609 315.709
79.1943 316.354
79.2278 317.001
79.2613 317.647
79.2949 318.292
79.3284 318.937
79.3621 319.582
79.3957 320.224
79.4293 320.865
79.4627 321.501
79.4962 322.136
79.5298 322.772
79.5634 323.408
79.597 324.044
79.6308 324.681
79.6646 325.318
79.6984 325.956
79.7322 326.592
79.7661 327.228
79.8 327.862
79.8338 328.494
79.8677 329.128
79.9017 329.762
79.9357 330.395
79.9697 331.025
80.0037 331.656
80.0378 332.287
80.0719 332.918
80.106 333.548
80.1402 334.178
80.1744 334.808
80.2087 335.438
80.243 336.07
80.2774 336.7
80.3117 337.327
80.3461 337.956
80.3805 338.585
80.415 339.214
80.4496 339.845
80.4842 340.475
80.5189 341.105
80.5536 341.736
80.5884 342.366
80.6232 342.997
80.658 343.626
80.6928 344.254
80.7277 344.883
80.7626 345.511
80.7975 346.137
80.8324 346.763
80.8674 347.388
80.9023 348.013
80.9373 348.636
80.9723 349.261
81.0075 349.886
81.0425 350.507
81.0774 351.124
81.1124 351.741
81.1474 352.359
81.1825 352.977
81.2177 353.596
81.2529 354.215
81.2881 354.832
81.3233 355.449
81.3585 356.065
81.3937 356.679
81.429 357.293
81.4644 357.909
81.4998 358.525
81.5352 359.141
81.5707 359.757
81.6063 360.372
81.6418 360.988
81.6774 361.603
81.7131 362.218
81.7488 362.834
81.7845 363.45
81.8204 364.067
81.8563 364.684
81.8923 365.302
81.9283 365.921
81.9644 366.54
82.0006 367.16
82.0368 367.781
82.0731 368.402
82.1094 369.023
82.1459 369.645
82.1823 370.268
82.2189 370.891
82.2555 371.515
82.2922 372.139
82.329 372.764
82.3658 373.39
82.4027 374.016
82.4396 374.643
82.4766 375.271
82.5137 375.899
82.5509 376.527
82.5881 377.157
82.6254 377.786
82.6627 378.416
82.7001 379.045
82.7375 379.676
82.775 380.305
82.8123 380.93
82.8497 381.555
82.8871 382.18
82.9246 382.807
82.9622 383.434
82.9997 384.057
83.0372 384.68
83.0748 385.303
83.1124 385.927
83.1501 386.551
83.1879 387.176
83.2258 387.801
83.2637 388.427
83.3016 389.054
83.3397 389.681
83.3778 390.308
83.4158 390.933
83.4539 391.558
83.4921 392.184
83.5303 392.811
83.5687 393.438
83.607 394.066
83.6455 394.694
83.684 395.323
83.7226 395.953
83.7612 396.583
83.7999 397.214
83.8387 397.845
83.8775 398.477
83.9165 399.11
83.9554 399.743
83.9945 400.376
84.0336 401.011
84.0728 401.646
84.112 402.281
84.1513 402.916
84.1906 403.551
84.2301 404.187
84.2695 404.824
84.3091 405.461
84.3487 406.099
84.3884 406.738
84.4281 407.376
84.4679 408.014
84.5077 408.652
84.5476 409.291
84.5875 409.93
84.6275 410.569
84.6674 411.207
84.7075 411.845
84.7475 412.484
84.7877 413.123
84.8279 413.762
84.868 414.397
84.9079 415.027
84.948 415.659
84.9881 416.29
85.0281 416.92
85.0682 417.549
85.1084 418.179
85.1486 418.81
85.1889 419.441
85.2293 420.072
85.2697 420.704
85.3101 421.335
85.3506 421.967
85.3912 422.599
85.4318 423.231
85.4724 423.862
85.5131 424.494
85.5538 425.125
85.5946 425.757
85.6354 426.39
85.6763 427.023
85.7173 427.656
85.7584 428.29
85.7995 428.925
85.8406 429.559
85.8819 430.195
85.9232 430.83
85.9645 431.467
86.006 432.104
86.0474 432.741
86.0886 433.369
86.1298 433.996
86.171 434.623
86.2123 435.252
86.2537 435.88
86.2952 436.51
86.3367 437.14
86.3783 437.77
86.4199 438.401
86.4616 439.032
86.5034 439.664
86.5452 440.296
86.5871 440.928
86.629 441.561
86.671 442.194
86.713 442.825
86.7551 443.457
86.7972 444.09
86.8393 444.722
86.8815 445.355
86.9238 445.988
86.9662 446.621
87.0086 447.256
87.051 447.891
87.0936 448.526
87.1362 449.162
87.1789 449.798
87.2216 450.434
87.2644 451.071
87.3072 451.708
87.3502 452.346
87.3931 452.983
87.4361 453.62
87.4791 454.258
87.5222 454.895
87.5653 455.531
87.6084 456.168
87.6516 456.806
87.6949 457.443
87.7383 458.081
87.7817 458.72
87.8251 459.359
87.8687 459.998
87.9123 460.638
87.9559 461.279
87.9997 461.92
88.0435 462.562
88.0873 463.203
88.1312 463.845
88.1751 464.484
88.2188 465.119
88.2626 465.755
88.3065 466.392
88.3504 467.028
88.3943 467.663
88.4382 468.298
88.4822 468.934
88.5263 469.57
88.5705 470.207
88.6147 470.844
88.659 471.482
88.7033 472.12
88.7477 472.758
88.7922 473.398
88.8367 474.037
88.8813 474.677
88.9259 475.316
88.9706 475.954
89.0152 476.592
89.06 477.231
89.1048 477.87
89.1496 478.51
89.1946 479.15
89.2396 479.791
89.2845 480.43
89.3292 481.061
89.374 481.692
89.4188 482.324
89.4637 482.957
89.5086 483.59
89.5536 484.223
89.5986 484.854
89.6435 485.484
89.6886 486.115
89.7337 486.747
89.7789 487.379
89.8241 488.011
89.8694 488.644
89.9148 489.278
89.9602 489.912
90.0057 490.546
90.0513 491.181
90.0968 491.814
90.1424 492.448
90.1881 493.082
90.2338 493.715
90.2795 494.348
90.3253 494.982
90.3712 495.617
90.4171 496.252
90.4631 496.888
90.5092 497.524
90.5553 498.16
90.6015 498.797
90.6473 499.423
90.6931 500.049
90.739 500.676
90.7849 501.302
90.8309 501.929
90.8769 502.556
90.923 503.183
90.9692 503.81
91.0154 504.438
91.0616 505.066
91.108 505.695
91.1544 506.324
91.2008 506.953
91.2474 507.583
91.2939 508.213
91.3405 508.842
91.3871 509.472
91.4337 510.098
91.48 510.719
91.5263 511.339
91.5727 511.96
91.6191 512.582
91.6655 513.204
91.7121 513.827
91.7587 514.45
91.8054 515.073
91.8521 515.698
91.8989 516.322
91.9457 516.946
91.9926 517.57
92.0395 518.193
92.0865 518.817
92.1335 519.442
92.1806 520.067
92.2277 520.693
92.275 521.319
92.3223 521.945
92.3696 522.572
92.4171 523.2
92.4645 523.826
92.5119 524.451
92.5593 525.076
92.6068 525.701
92.6544 526.326
92.702 526.952
92.7497 527.578
92.7974 528.205
92.8452 528.832
92.8931 529.459
92.941 530.087
92.989 530.715
93.0371 531.344
93.0852 531.972
93.133 532.594
93.1809 533.216
93.2288 533.838
93.2768 534.459
93.3248 535.08
93.3728 535.702
93.4209 536.324
93.4691 536.947
93.5174 537.57
93.5657 538.193
93.6141 538.817
93.6625 539.442
93.7111 540.067
93.7597 540.692
93.8083 541.317
93.8569 541.943
93.9054 542.562
93.9537 543.177
94.0021 543.793
94.0505 544.409
94.0989 545.024
94.1474 545.639
94.1959 546.255
94.2445 546.872
94.2932 547.488
94.3419 548.105
94.3907 548.722
94.4395 549.34
94.4884 549.958
94.5374 550.577
94.5865 551.196
94.6356 551.815
94.6847 552.435
94.7338 553.052
94.7826 553.661
94.8314 554.271
94.8803 554.881
94.9293 555.492
94.9783 556.102
95.0272 556.711
95.0763 557.321
95.1254 557.931
95.1745 558.541
95.2238 559.152
95.2729 559.761
95.3219 560.364
95.3709 560.968
95.42 561.572
95.4692 562.177
95.5184 562.782
95.5677 563.387
95.617 563.993
95.6664 564.598
95.7158 565.203
95.7652 565.808
95.8147 566.414
95.8643 567.02
95.914 567.627
95.9636 568.232
96.0132 568.837
96.063 569.443
96.1128 570.049
96.1626 570.656
96.2125 571.261
96.2623 571.866
96.3122 572.471
96.3622 573.076
96.4122 573.682
96.4623 574.288
96.5125 574.895
96.5626 575.5
96.6128 576.105
96.663 576.71
96.713 577.311
96.763 577.909
96.8131 578.508
96.8632 579.108
96.9134 579.708
96.9636 580.308
97.0139 580.908
97.0643 581.509
97.1147 582.111
97.1651 582.712
97.2156 583.313
97.2662 583.914
97.3168 584.515
97.3671 585.111
97.4173 585.703
97.4676 586.295
97.518 586.887
97.5684 587.48
97.6188 588.074
97.6693 588.666
97.7198 589.259
97.7704 589.853
97.8211 590.446
97.8717 591.04
97.9225 591.633
97.9733 592.228
98.0241 592.821
98.0745 593.406
98.1249 593.99
98.1755 594.575
98.226 595.159
98.2766 595.744
98.3272 596.329
98.3779 596.913
98.4286 597.499
98.4792 598.079
98.5297 598.658
98.5802 599.236
98.6308 599.814
98.6814 600.392
98.732 600.971
98.7828 601.55
98.8335 602.129
98.8844 602.709
98.9352 603.288
98.9861 603.868
99.0371 604.448
99.0882 605.028
99.1393 605.609
99.1904 606.19
99.2416 606.771
99.2928 607.351
99.344 607.931
99.3953 608.511
99.4466 609.091
99.4979 609.67
99.5492 610.247
99.6005 610.824
99.6518 611.401
99.7032 611.978
99.7545 612.553
99.8057 613.125
99.8569 613.697
99.9082 614.269
99.9595 614.841
100.011 615.414
100.062 615.981
100.113 616.549
100.165 617.117
100.216 617.683
100.267 618.247
100.318 618.812
100.37 619.377
100.421 619.943
100.472 620.508
100.524 621.075
100.575 621.641
100.627 622.209
100.679 622.776
100.73 623.344
100.782 623.911
100.834 624.479
100.886 625.046
100.937 625.612
100.989 626.177
101.041 626.742
101.093 627.308
101.145 627.87
101.196 628.432
101.248 628.993
101.3 629.556
101.352 630.115
101.404 630.673
101.456 631.231
101.507 631.787
101.559 632.342
101.611 632.898
101.663 633.454
101.714 634.01
101.766 634.567
101.818 635.124
101.871 635.682
101.923 636.24
101.975 636.798
102.027 637.357
102.079 637.916
102.132 638.476
102.184 639.035
102.237 639.596
102.289 640.157
102.342 640.718
102.395 641.279
102.447 641.841
102.5 642.403
102.553 642.966
102.606 643.529
102.659 644.092
102.712 644.656
102.765 645.22
102.818 645.785
102.871 646.35
102.925 646.915
102.978 647.481
103.031 648.047
103.085 648.614
103.138 649.181
103.192 649.748
103.246 650.316
103.299 650.884
103.353 651.453
103.407 652.022
103.461 652.591
103.515 653.16
103.569 653.731
103.623 654.301
103.677 654.872
103.731 655.443
103.785 656.015
103.84 656.587
103.894 657.159
103.949 657.732
104.003 658.305
104.058 658.879
104.112 659.453
104.167 660.027
104.222 660.602
104.277 661.177
104.331 661.752
104.386 662.328
104.441 662.905
104.496 663.481
104.552 664.058
104.607 664.636
104.662 665.214
104.717 665.792
104.773 666.371
104.828 666.949
104.883 667.525
104.938 668.102
104.993 668.68
105.048 669.258
105.104 669.836
105.159 670.415
105.214 670.994
105.27 671.573
105.325 672.153
105.381 672.733
105.437 673.314
105.492 673.895
105.548 674.476
105.604 675.058
105.66 675.64
105.716 676.222
105.772 676.805
105.828 677.389
105.884 677.972
105.94 678.557
105.997 679.141
106.053 679.726
106.109 680.311
106.166 680.897
106.222 681.483
106.279 682.069
106.336 682.656
106.392 683.243
106.449 683.831
106.506 684.419
106.563 685.007
106.62 685.596
106.677 686.185
106.734 686.775
106.791 687.365
106.848 687.955
106.906 688.545
106.963 689.136
107.02 689.727
107.078 690.319
107.135 690.911
107.193 691.503
107.25 692.096
107.308 692.689
107.366 693.282
107.423 693.876
107.481 694.47
107.539 695.065
107.597 695.66
107.655 696.255
107.713 696.851
107.771 697.447
107.83 698.044
107.888 698.641
107.946 699.238
108.005 699.836
108.063 700.434
108.122 701.033
108.18 701.632
108.239 702.231
108.298 702.831
108.357 703.431
108.416 704.031
108.474 704.632
108.533 705.233
108.593 705.835
108.652 706.437
108.711 707.039
108.77 707.642
108.829 708.246
108.889 708.849
108.948 709.453
109.008 710.058
109.067 710.662
109.127 711.267
109.187 711.873
109.247 712.479
109.306 713.085
109.366 713.692
109.426 714.299
109.486 714.907
109.546 715.515
109.607 716.123
109.667 716.732
109.727 717.341
109.787 717.95
109.848 718.56
109.908 719.17
109.969 719.781
110.03 720.392
110.09 721.003
110.151 721.615
110.212 722.227
110.273 722.84
110.334 723.453
110.395 724.066
110.456 724.68
110.517 725.294
110.578 725.909
110.639 726.524
110.701 727.139
110.762 727.755
110.824 728.371
110.885 728.987
110.947 729.604
111.009 730.222
111.07 730.839
111.132 731.457
111.194 732.076
111.256 732.695
111.318 733.314
111.38 733.933
111.442 734.554
111.504 735.174
111.567 735.795
111.629 736.416
111.691 737.038
111.754 737.659
111.816 738.282
111.879 738.905
111.942 739.528
112.004 740.151
112.067 740.775
112.13 741.4
112.193 742.024
112.256 742.649
112.319 743.275
112.382 743.901
112.445 744.523
112.508 745.143
112.571 745.763
112.634 746.383
112.697 747.004
112.761 747.625
112.824 748.247
112.887 748.868
112.95 749.491
113.014 750.113
113.077 750.737
113.141 751.36
113.205 751.984
113.268 752.608
113.332 753.233
113.396 753.858
113.46 754.483
113.524 755.109
113.588 755.735
113.652 756.362
113.716 756.989
113.78 757.616
113.845 758.244
113.909 758.872
113.974 759.5
114.038 760.129
114.103 760.758
114.167 761.388
114.232 762.018
114.297 762.649
114.362 763.279
114.427 763.911
114.491 764.542
114.557 765.174
114.622 765.807
114.687 766.439
114.752 767.072
114.817 767.706
114.883 768.34
114.948 768.974
115.014 769.609
115.079 770.244
115.145 770.879
115.211 771.515
115.277 772.151
115.342 772.788
115.408 773.425
115.474 774.062
115.54 774.7
115.607 775.338
115.673 775.977
115.739 776.616
115.805 777.255
115.872 777.895
115.938 778.535
116.005 779.175
116.072 779.816
116.138 780.458
116.205 781.099
116.272 781.741
116.339 782.384
116.406 783.026
116.473 783.67
116.54 784.313
116.607 784.957
116.674 785.601
116.742 786.246
116.809 786.891
116.876 787.537
116.944 788.183
117.011 788.829
117.079 789.476
117.147 790.123
117.215 790.77
117.283 791.418
117.35 792.066
117.418 792.715
117.487 793.364
117.555 794.013
117.623 794.663
117.691 795.313
117.759 795.964
117.828 796.615
117.896 797.266
117.965 797.918
118.034 798.57
118.102 799.222
118.171 799.875
118.24 800.528
118.309 801.182
118.376 801.801
118.442 802.397
118.507 802.993
118.573 803.59
118.639 804.187
118.705 804.784
118.771 805.382
118.837 805.98
118.903 806.579
118.97 807.177
119.036 807.776
119.102 808.376
119.169 808.976
119.235 809.576
119.302 810.176
119.368 810.777
119.435 811.378
119.502 811.98
119.569 812.582
119.635 813.184
119.702 813.787
119.769 814.39
119.836 814.993
119.904 815.597
119.971 816.201
120.038 816.805
120.105 817.41
120.173 818.015
120.24 818.62
120.308 819.226
120.375 819.832
120.436 820.318
120.491 820.713
120.546 821.107
120.602 821.502
120.657 821.897
120.712 822.292
120.768 822.687
120.823 823.083
120.879 823.479
120.934 823.875
120.99 824.271
121.046 824.667
121.101 825.064
121.157 825.461
121.212 825.853
121.268 826.245
121.323 826.638
121.379 827.03
121.434 827.423
121.49 827.816
121.545 828.209
121.601 828.603
121.657 828.996
121.712 829.39
121.768 829.784
121.824 830.179
121.88 830.573
121.936 830.968
121.992 831.363
122.048 831.758
122.104 832.154
122.16 832.549
122.216 832.945
122.272 833.341
122.328 833.737
122.384 834.134
122.441 834.53
122.497 834.927
122.553 835.324
122.61 835.722
122.666 836.119
122.723 836.517
122.779 836.915
122.836 837.313
122.892 837.712
122.945 838.043
122.996 838.35
123.047 838.657
123.098 838.964
123.149 839.271
123.2 839.579
123.251 839.886
123.302 840.194
123.353 840.502
123.404 840.81
123.456 841.118
123.507 841.426
123.558 841.735
123.61 842.043
123.661 842.352
123.712 842.661
123.763 842.962
123.813 843.254
123.863 843.547
123.914 843.839
123.964 844.132
124.014 844.424
124.064 844.717
124.114 845.01
124.165 845.304
124.214 845.577
124.261 845.839
124.309 846.101
124.357 846.364
124.405 846.626
124.453 846.889
124.501 847.151
124.549 847.414
124.597 847.677
124.645 847.94
124.693 848.204
124.742 848.467
124.79 848.731
124.838 848.994
124.886 849.258
124.934 849.522
124.983 849.786
125.031 850.051
125.079 850.315
125.128 850.58
125.176 850.844
125.224 851.109
125.273 851.374
125.321 851.639
125.37 851.905
125.418 852.17
125.467 852.436
125.516 852.701
125.564 852.967
125.613 853.233
125.662 853.499
125.71 853.765
125.759 854.032
125.808 854.298
125.857 854.565
125.905 854.832
125.954 855.099
126.003 855.366
126.052 855.633
126.101 855.9
126.15 856.168
126.199 856.436
126.248 856.703
126.297 856.968
126.345 857.229
126.394 857.488
126.442 857.748
126.491 858.009
126.539 858.269
126.588 858.529
126.636 858.79
126.685 859.05
126.733 859.311
126.782 859.572
126.831 859.833
126.879 860.094
126.928 860.356
126.977 860.617
127.026 860.879
127.074 861.141
127.123 861.403
127.172 861.665
127.221 861.927
127.27 862.189
127.319 862.452
127.368 862.714
127.417 862.977
127.466 863.24
127.515 863.503
127.564 863.766
127.613 864.029
127.662 864.293
127.712 864.556
127.761 864.82
127.81 865.084
127.859 865.348
127.909 865.612
127.958 865.876
128.007 866.141
128.057 866.405
128.106 866.67
128.155 866.935
128.205 867.2
128.254 867.465
128.304 867.73
128.353 867.995
128.403 868.261
128.453 868.526
128.502 868.792
128.552 869.058
128.602 869.324
128.651 869.59
128.701 869.857
128.751 870.123
128.801 870.39
128.85 870.656
128.9 870.923
128.95 871.19
129 871.457
129.05 871.725
129.1 871.992
129.15 872.26
129.2 872.527
129.25 872.795
129.3 873.063
129.35 873.331
129.401 873.6
129.451 873.868
129.501 874.137
129.551 874.405
129.601 874.674
129.652 874.943
129.702 875.212
129.752 875.481
129.803 875.751
129.853 876.02
129.904 876.29
129.954 876.559
130.005 876.829
130.055 877.099
130.106 877.37
130.156 877.64
130.207 877.91
130.258 878.181
130.308 878.452
130.359 878.723
130.41 878.994
130.46 879.265
130.511 879.536
130.562 879.807
130.613 880.079
130.664 880.351
130.715 880.623
130.766 880.894
130.817 881.167
130.868 881.439
130.919 881.711
130.97 881.984
131.021 882.256
131.072 882.529
131.123 882.802
131.174 883.075
131.225 883.348
131.277 883.622
131.328 883.895
131.379 884.169
131.43 884.443
131.482 884.717
131.533 884.991
131.585 885.265
131.636 885.539
131.687 885.814
131.739 886.088
131.791 886.363
