0.1 -0.132814
0.2 -0.266153
0.3 -0.399716
0.4 -0.533605
0.5 -0.667823
0.6 -0.802373
0.7 -0.937256
0.8 -1.07247
0.9 -1.20803
1 -1.34393
0.97482 -1.51378
1.94783 -1.6837
2.9194 -1.85364
3.88855 -2.023
4.85497 -2.19
5.81921 -2.35707
6.78096 -2.52418
7.74029 -2.69131
8.69717 -2.85848
9.65173 -3.02571
10.6039 -3.19298
11.5536 -3.36031
12.5008 -3.52773
13.4456 -3.6952
14.3879 -3.86276
15.3277 -4.03036
16.2652 -4.198
17.2001 -4.36574
18.1327 -4.53354
19.0627 -4.70138
19.9903 -4.86918
20.9155 -5.03704
21.8382 -5.20476
22.7585 -5.37252
23.6763 -5.54025
24.5916 -5.70805
25.5045 -5.8759
26.4151 -6.0438
27.3231 -6.21177
28.2288 -6.37979
29.132 -6.54788
30.0328 -6.71602
30.9312 -6.88423
31.8272 -7.0525
32.7207 -7.22084
33.6118 -7.38924
34.5006 -7.55773
35.3868 -7.7263
36.2707 -7.89494
37.1522 -8.06367
38.0313 -8.23246
38.908 -8.40132
39.7823 -8.57025
40.6542 -8.73925
41.5237 -8.90833
42.3909 -9.07747
43.2556 -9.24669
44.118 -9.41599
44.978 -9.58538
45.8356 -9.75484
46.6909 -9.92437
47.5438 -10.094
48.3943 -10.2637
49.2424 -10.4334
50.0882 -10.6033
50.9316 -10.7732
51.7727 -10.9432
52.6114 -11.1133
53.4478 -11.2835
54.2818 -11.4538
55.1134 -11.6242
55.9428 -11.7946
56.7697 -11.9651
57.5944 -12.1357
58.4167 -12.3064
59.2367 -12.4772
60.0543 -12.6481
60.8696 -12.8191
61.6826 -12.9901
62.4933 -13.1613
63.3017 -13.3325
64.1077 -13.5038
64.9114 -13.6752
65.7128 -13.8468
66.5119 -14.0184
67.3087 -14.1901
68.1031 -14.362
68.8953 -14.5339
69.6851 -14.7059
70.4727 -14.878
71.258 -15.0502
72.0409 -15.2226
72.8216 -15.395
73.6 -15.5675
74.3761 -15.7402
75.1499 -15.9129
75.9214 -16.0858
76.6907 -16.2588
77.4576 -16.4319
78.2223 -16.6051
78.9847 -16.7784
79.7449 -16.9518
80.5027 -17.1254
81.2583 -17.2991
82.0117 -17.4728
82.7627 -17.6467
83.5116 -17.8207
84.2581 -17.9949
85.0024 -18.1691
85.7444 -18.3435
86.4842 -18.518
87.2218 -18.6926
87.9571 -18.8674
88.6901 -19.0423
89.4209 -19.2173
90.1495 -19.3924
90.8758 -19.5677
91.5999 -19.7431
92.3218 -19.9186
93.0414 -20.0942
93.7588 -20.27
94.4739 -20.446
95.1869 -20.622
95.8976 -20.7982
96.6061 -20.9746
97.3123 -21.1511
98.0164 -21.3277
98.7182 -21.5045
99.4178 -21.6814
100.115 -21.8584
100.81 -22.0356
101.503 -22.213
102.194 -22.3905
102.883 -22.5682
103.569 -22.746
104.253 -22.9239
104.935 -23.1021
105.615 -23.2803
106.293 -23.4588
106.968 -23.6374
107.641 -23.8162
108.312 -23.9951
108.981 -24.1742
109.648 -24.3535
110.312 -24.533
110.974 -24.7126
111.634 -24.8924
112.292 -25.0723
112.948 -25.2525
113.601 -25.4328
114.253 -25.6133
114.902 -25.794
115.549 -25.9749
116.194 -26.1559
116.836 -26.3372
117.477 -26.5186
118.115 -26.7002
118.751 -26.882
119.385 -27.0641
120.017 -27.2463
120.647 -27.4287
121.274 -27.6113
121.9 -27.7941
122.523 -27.9771
123.144 -28.1604
123.763 -28.3438
124.379 -28.5275
124.994 -28.7113
125.606 -28.8954
126.217 -29.0797
126.825 -29.2643
127.431 -29.449
128.031 -29.648
128.621 -29.8751
129.199 -30.1237
129.754 -30.3976
130.26 -30.6641
130.749 -30.9232
131.235 -31.1838
131.719 -31.446
132.201 -31.7098
132.679 -31.9753
133.156 -32.2425
133.63 -32.5114
134.101 -32.782
134.57 -33.0543
135.036 -33.3285
135.499 -33.6046
135.96 -33.8824
136.419 -34.1622
136.875 -34.4441
137.328 -34.728
137.778 -35.0139
138.226 -35.3019
138.672 -35.5922
139.114 -35.8847
139.554 -36.1796
139.99 -36.4833
140.423 -36.7908
140.85 -37.1079
141.274 -37.4296
141.694 -37.7545
142.108 -38.0782
142.518 -38.4045
142.925 -38.7336
143.322 -39.0775
143.711 -39.44
144.084 -39.8613
144.45 -40.3004
144.812 -40.7448
145.155 -41.2378
145.492 -41.7427
145.825 -42.2551
146.15 -42.7685
146.458 -43.3038
146.759 -43.8729
147.041 -44.5077
147.295 -45.2918
147.522 -46.2438
147.706 -47.4269
147.868 -48.7095
147.987 -50.1797
148.067 -51.8241
148.075 -53.9465
147.93 -56.9621
147.445 -61.5891
147.214 -65.0162
147.016 -68.0011
146.767 -69
146.635 -69
146.538 -69
145.851 -69
145.638 -69
145.685 -69
145.721 -69
145.745 -69
145.758 -69
145.784 -69
145.9 -69
146.009 -69
146.06 -69
146.085 -69
146.169 -69
146.23 -69
146.299 -69
146.358 -69
146.407 -69
146.452 -69
146.468 -69
146.445 -69
146.463 -69
146.503 -69
146.539 -69
146.562 -69
146.606 -69
146.604 -69
146.551 -69
146.427 -69
145.852 -68.9309
145.931 -69
145.605 -69
132.037 -64.9201
131.977 -65.019
131.899 -65.1114
131.795 -65.1939
131.749 -65.2953
131.765 -65.4158
131.783 -65.5372
131.819 -65.6643
131.833 -65.7836
131.836 -65.8983
131.82 -66.0059
131.797 -66.1102
131.749 -66.1929
131.657 -66.25
131.555 -66.337
131.447 -66.5474
131.359 -66.7538
131.301 -66.9707
131.241 -67.1846
131.177 -67.3968
131.108 -67.6072
131.034 -67.8055
130.955 -67.9968
130.865 -68.1601
130.769 -68.3233
130.664 -68.4578
130.548 -68.5885
130.422 -68.733
130.279 -68.8968
130.116 -69
129.941 -69
129.749 -69
129.567 -69
129.389 -69
129.205 -69
129.019 -69
128.837 -69
128.649 -69
128.447 -69
128.234 -69
128.023 -69
127.823 -69
127.623 -69
127.434 -69
127.268 -69
127.1 -69
126.944 -69
126.798 -69
126.651 -69
126.501 -69
126.35 -69
126.195 -69
126.038 -69
125.878 -69
125.717 -69
125.552 -69
125.384 -69
125.213 -69
125.041 -69
124.872 -69
124.704 -69
124.547 -69
124.389 -69
124.247 -69
124.103 -69
123.962 -69
123.824 -69
123.685 -69
123.545 -69
123.404 -69
123.264 -69
123.127 -69
122.99 -69
122.848 -69
122.705 -69
122.561 -69
122.417 -69
122.272 -69
122.126 -69
121.979 -69
121.831 -69
121.683 -69
121.534 -69
121.384 -69
121.234 -69
121.081 -69
120.926 -69
120.772 -69
120.617 -69
120.461 -69
120.303 -69
120.144 -69
119.99 -69
119.836 -69
119.681 -69
119.525 -69
119.369 -69
119.215 -69
119.06 -69
118.905 -69
118.751 -69
118.598 -69
118.444 -69
118.29 -69
118.135 -69
117.979 -69
117.823 -69
117.665 -69
117.505 -69
117.345 -69
117.184 -69
117.023 -69
116.861 -69
116.698 -69
116.536 -69
116.375 -69
116.212 -69
116.05 -69
115.886 -69
115.724 -69
115.571 -69
115.418 -69
115.265 -69
115.111 -69
114.956 -69
114.801 -69
114.646 -69
114.491 -69
114.335 -69
114.203 -69
114.07 -69
113.937 -69
113.803 -69
113.669 -69
113.534 -69
113.4 -69
113.264 -69
113.129 -69
112.996 -69
112.862 -69
112.729 -69
112.595 -69
112.461 -69
112.327 -69
112.193 -69
112.058 -69
111.922 -69
111.787 -69
111.65 -69
111.513 -69
111.376 -69
111.238 -69
111.1 -69
110.962 -69
110.824 -69
110.685 -69
110.546 -69
110.407 -69
110.268 -69
110.128 -69
109.988 -69
109.847 -69
109.706 -69
109.562 -69
109.415 -69
109.268 -69
109.121 -69
108.974 -69
108.823 -68.9257
108.675 -69
108.525 -69
108.379 -69
108.254 -69
108.139 -69
108.023 -69
107.909 -69
107.794 -69
107.679 -69
107.563 -69
107.448 -69
107.344 -69
107.242 -69
107.141 -69
107.038 -69
106.936 -69
106.834 -69
106.731 -69
106.628 -69
106.525 -69
106.421 -69
106.317 -69
106.211 -69
106.106 -69
106 -69
105.894 -69
105.787 -69
105.68 -69
105.576 -69
105.472 -69
105.367 -69
105.263 -69
105.158 -69
105.053 -69
104.948 -69
104.842 -69
104.736 -69
104.63 -69
104.524 -69
104.418 -69
104.311 -69
104.204 -69
104.096 -69
103.987 -69
103.879 -69
103.77 -69
103.661 -69
103.552 -69
103.443 -69
103.333 -69
103.224 -69
103.115 -69
103.006 -69
102.896 -69
102.788 -69
102.68 -69
102.571 -69
102.463 -69
102.355 -69
102.247 -69
102.138 -69
102.03 -69
101.921 -69
101.812 -69
101.703 -69
101.594 -69
101.483 -69
101.37 -69
101.257 -69
101.156 -69
101.063 -69
100.972 -69
100.882 -69
100.792 -69
100.702 -69
100.613 -69
100.524 -69
100.434 -69
100.345 -69
100.255 -69
100.166 -69
100.076 -69
99.9866 -69
99.8963 -69
99.8061 -69
99.7158 -69
99.6254 -69
99.535 -69
99.4446 -69
99.3541 -69
99.2635 -69
99.1729 -69
99.0837 -69
98.9945 -69
98.9054 -69
98.8162 -69
98.7269 -69
98.6377 -69
98.5484 -69
98.4591 -69
98.37 -69
98.281 -69
98.1919 -69
98.1029 -69
98.0138 -69
97.9255 -69
97.8425 -69
97.7595 -69
97.6765 -69
97.5937 -69
97.5115 -69
97.4293 -69
97.3472 -69
97.2649 -69
97.1827 -69
97.1004 -69
97.0181 -69
96.9358 -69
96.8535 -69
96.7711 -69
96.6887 -69
96.6062 -69
96.5238 -69
96.4413 -69
96.3588 -69
96.2765 -69
96.1942 -69
96.1119 -69
96.0296 -69
95.9474 -69
95.8656 -69
95.7838 -69
95.7017 -69
95.6197 -69
95.5376 -69
95.4556 -69
95.3738 -69
95.2932 -69
95.2126 -69
95.1319 -69
95.0513 -69
94.9708 -69
94.8902 -69
94.8095 -69
94.7372 -69
94.6665 -69
94.5958 -69
94.5251 -69
94.4544 -69
94.3837 -69
94.3129 -69
94.242 -69
94.1711 -69
94.1002 -69
94.0293 -69
93.9586 -69
93.8879 -69
93.8174 -69
93.7468 -69
93.6763 -69
93.6058 -69
93.5353 -69
93.4648 -69
93.3943 -69
93.3239 -69
93.2534 -69
93.183 -69
93.1126 -69
93.0422 -69
92.9718 -69
92.9014 -69
92.8311 -69
92.7607 -69
92.6904 -69
92.6201 -69
92.5498 -69
92.4795 -69
92.4092 -69
92.339 -69
92.2687 -69
92.1985 -69
92.1283 -69
92.0581 -69
91.988 -69
91.9178 -69
91.8477 -69
91.7777 -69
91.7077 -69
91.6377 -69
91.5677 -69
91.4977 -69
91.4278 -69
91.3578 -69
91.2879 -69
91.218 -69
91.1482 -69
91.0783 -69
91.0085 -69
90.9387 -69
90.8689 -69
90.7991 -69
90.7294 -69
90.6621 -69
90.5983 -69
90.5345 -69
90.4707 -69
90.407 -69
90.3433 -69
90.2796 -69
90.2159 -69
90.1522 -69
90.0886 -69
90.025 -69
89.9614 -69
89.8978 -69
89.8343 -69
89.7713 -69
89.7086 -69
89.6459 -69
89.5832 -69
89.5206 -69
89.458 -69
89.3954 -69
89.3328 -69
89.2703 -69
89.2078 -69
89.1453 -69
89.0828 -69
89.0203 -69
88.9579 -69
88.8955 -69
88.8331 -69
88.7707 -69
88.7084 -69
88.646 -69
88.5837 -69
88.5215 -69
88.4592 -69
88.397 -69
88.3348 -69
88.2726 -69
88.2105 -69
88.1483 -69
88.0862 -69
88.0241 -69
87.962 -69
87.8999 -69
87.8379 -69
87.7759 -69
87.7139 -69
87.6519 -69
87.59 -69
87.5281 -69
87.4662 -69
87.4044 -69
87.3426 -69
87.2808 -69
87.219 -69
87.1573 -69
87.0956 -69
87.0339 -69
86.9722 -69
86.9106 -69
86.849 -69
86.7875 -69
86.726 -69
86.6645 -69
86.603 -69
86.5416 -69
86.4802 -69
86.4188 -69
86.3575 -69
86.2967 -69
86.2404 -69
86.184 -69
86.1277 -69
86.0714 -69
86.0152 -69
85.959 -69
85.9028 -69
85.8466 -69
85.7905 -69
85.7344 -69
85.6783 -69
85.6222 -69
85.5662 -69
85.5102 -69
85.4543 -69
85.3984 -69
85.3425 -69
85.2866 -69
85.2308 -69
85.175 -69
85.1192 -69
85.0635 -69
85.0078 -69
84.9522 -69
84.8965 -69
84.8409 -69
84.7854 -69
84.7298 -69
84.6743 -69
84.6189 -69
84.5634 -69
84.508 -69
84.4527 -69
84.3973 -69
84.342 -69
84.2868 -69
84.2316 -69
84.1764 -69
84.1212 -69
84.0661 -69
84.011 -69
83.956 -69
83.901 -69
83.846 -69
83.791 -69
83.7361 -69
83.6813 -69
83.6265 -69
83.5717 -69
83.5169 -69
83.4622 -69
83.4075 -69
83.3529 -69
83.2983 -69
83.2438 -69
83.1893 -69
83.1348 -69
83.0804 -69
83.026 -69
82.9717 -69
82.9174 -69
82.8631 -69
82.8089 -69
82.7547 -69
82.7006 -69
82.6465 -69
82.5925 -69
82.5385 -69
82.4845 -69
82.4306 -69
82.3768 -69
82.323 -69
82.2692 -69
82.2155 -69
82.1618 -69
82.1082 -69
82.0546 -69
82.0011 -69
81.9476 -69
81.8942 -69
81.8408 -69
81.7875 -69
81.7342 -69
81.681 -69
81.6278 -69
81.5747 -69
81.5216 -69
81.4686 -69
81.4156 -69
81.3627 -69
81.3098 -69
81.257 -69
81.2042 -69
81.1515 -69
81.0989 -69
81.0463 -69
80.9937 -69
80.9412 -69
80.8888 -69
80.8364 -69
80.7841 -69
80.7326 -69
80.6818 -69
80.631 -69
80.5803 -69
80.5296 -69
80.479 -69
80.4284 -69
80.3779 -69
80.3275 -69
80.2771 -69
80.2268 -69
80.1765 -69
80.1263 -69
80.0762 -69
80.026 -69
79.9759 -69
79.9258 -69
79.8759 -69
79.8259 -69
79.7761 -69
79.7263 -69
79.6766 -69
79.6269 -69
79.5773 -69
79.5277 -69
79.4782 -69
79.4288 -69
79.3795 -69
79.33 -69
79.2806 -69
79.2312 -69
79.1819 -69
79.1327 -69
79.0836 -69
79.0345 -69
78.9854 -69
78.9365 -69
78.8876 -69
78.8387 -69
78.79 -69
78.7413 -69
78.6927 -69
78.6441 -69
78.5956 -69
78.5472 -69
78.4988 -69
78.4505 -69
78.4023 -69
78.3542 -69
78.3061 -69
78.2581 -69
78.2101 -69
78.1623 -69
78.1145 -69
78.0667 -69
78.0191 -69
77.9715 -69
77.924 -69
77.8766 -69
77.8292 -69
77.7819 -69
77.7347 -69
77.6875 -69
77.6405 -69
77.5935 -69
77.5466 -69
77.4997 -69
77.4529 -69
77.4063 -69
77.3596 -69
77.3131 -69
77.2666 -69
77.2203 -69
77.1739 -69
77.1277 -69
77.0816 -69
77.0355 -69
76.9895 -69
76.9435 -69
76.8977 -69
76.8519 -69
76.8062 -69
76.7606 -69
76.7151 -69
76.6697 -69
76.6243 -69
76.579 -69
76.5338 -69
76.4887 -69
76.4437 -69
76.3987 -69
76.3539 -69
76.3091 -69
76.2644 -69
76.2198 -69
76.1752 -69
76.1308 -69
76.0864 -69
76.0421 -69
75.998 -69
75.9538 -69
75.9098 -69
75.8659 -69
75.8221 -69
75.7783 -69
75.7346 -69
75.6911 -69
75.6476 -69
75.6042 -69
75.5609 -69
75.5176 -69
75.4745 -69
75.4315 -69
75.3885 -69
75.3457 -69
75.3029 -69
75.2602 -69
75.2176 -69
75.1751 -69
75.1327 -69
75.0904 -69
75.0482 -69
75.0061 -69
74.964 -69
74.9221 -69
74.8803 -69
74.8385 -69
74.7969 -69
74.7553 -69
74.7138 -69
74.6725 -69
74.6312 -69
74.59 -69
74.5489 -69
74.508 -69
74.4671 -69
74.4263 -69
74.3856 -69
74.345 -69
74.3045 -69
74.2641 -69
74.2238 -69
74.1836 -69
74.1436 -69
74.1036 -69
74.0637 -69
74.0239 -69
73.9842 -69
73.9446 -69
73.9051 -69
73.8657 -69
73.8263 -69
73.7883 -69
73.7507 -69
73.7131 -69
73.6757 -69
73.6383 -69
73.6011 -69
73.5639 -69
73.5268 -69
73.4898 -69
73.4529 -69
73.4161 -69
73.3794 -69
73.3428 -69
73.3063 -69
73.2699 -69
73.2336 -69
73.1974 -69
73.1613 -69
73.1252 -69
73.0893 -69
73.0535 -69
73.0178 -69
72.9821 -69
72.9466 -69
72.9112 -69
72.8759 -69
72.8406 -69
72.8055 -69
72.7705 -69
72.7356 -69
72.7007 -69
72.666 -69
72.6314 -69
72.5968 -69
72.5624 -69
72.5281 -69
72.4938 -69
72.4597 -69
72.4257 -69
72.3917 -69
72.3579 -69
72.3242 -69
72.2911 -69
72.259 -69
72.227 -69
72.1951 -69
72.1633 -69
72.1315 -69
72.0999 -69
72.0683 -69
72.0369 -69
72.0056 -69
71.9743 -69
71.9432 -69
71.9122 -69
71.8813 -69
71.8505 -69
71.8198 -69
71.7892 -69
71.7587 -69
71.7283 -69
71.698 -69
71.6679 -69
71.6378 -69
71.6078 -69
71.578 -69
71.5483 -69
71.5186 -69
71.4891 -69
71.4597 -69
71.4303 -69
71.4011 -69
71.372 -69
71.3429 -69
71.314 -69
71.2852 -69
71.2564 -69
71.2278 -69
71.1993 -69
71.1709 -69
71.1426 -69
71.1144 -69
71.0863 -69
71.0583 -69
71.0304 -69
71.0025 -69
70.9746 -69
70.9468 -69
70.9191 -69
70.8915 -69
70.8635 -69
70.8357 -69
70.8079 -69
70.7802 -69
70.7526 -69
70.7252 -69
70.6978 -69
70.6705 -69
70.6433 -69
70.6162 -69
70.5892 -69
70.5623 -69
70.5356 -69
70.5089 -69
70.4824 -69
70.4559 -69
70.4296 -69
70.4034 -69
70.3773 -69
70.3514 -69
70.3255 -69
70.2997 -69
70.2741 -69
70.2485 -69
70.2231 -69
70.1978 -69
70.1726 -69
70.1475 -69
70.1225 -69
70.0977 -69
70.073 -69
70.0483 -69
70.0238 -69
69.9993 -69
69.975 -69
69.9508 -69
69.9267 -69
69.9025 -69
69.8784 -69
69.8544 -69
69.8305 -69
69.8068 -69
69.783 -69
69.7591 -69
69.7353 -69
69.7116 -69
69.688 -69
69.6645 -69
69.6411 -69
69.6178 -69
69.5946 -69
69.5715 -69
69.5486 -69
69.5257 -69
69.503 -69
69.4803 -69
69.4578 -69
69.4353 -69
69.4129 -69
69.3906 -69
69.3684 -69
69.3464 -69
69.3244 -69
69.3025 -69
69.2808 -69
69.2592 -69
69.2377 -69
69.2163 -69
69.195 -69
69.1738 -69
69.1528 -69
69.1316 -69
69.1104 -69
69.0892 -69
69.0682 -69
69.0473 -69
69.0266 -69
69.0059 -69
68.9854 -69
68.965 -69
68.9447 -69
68.9245 -69
68.9045 -69
68.8845 -69
68.8647 -69
68.845 -69
68.8255 -69
68.806 -69
68.7865 -69
68.7672 -69
68.7479 -69
68.7288 -69
68.7098 -69
68.691 -69
68.6722 -69
68.6536 -69
68.6351 -69
68.6167 -69
68.5984 -69
68.5802 -69
68.5622 -69
68.5443 -69
68.5263 -69
68.508 -69
68.49 -69
68.472 -69
68.4541 -69
68.4364 -69
68.4188 -69
68.4013 -69
68.3839 -69
68.3667 -69
68.3495 -69
68.3325 -69
68.3156 -69
68.2988 -69
68.2821 -69
68.2656 -69
68.2491 -69
68.2328 -69
68.2166 -69
68.2005 -69
68.1845 -69
68.1686 -69
68.1528 -69
68.137 -69
68.1215 -69
68.1059 -69
68.0904 -69
68.075 -69
68.0597 -69
68.0446 -69
68.0296 -69
68.0141 -69
67.9987 -69
67.9834 -69
67.9682 -69
67.9531 -69
67.9382 -69
67.923 -69
67.9078 -69
67.8927 -69
67.8777 -69
67.8628 -69
67.848 -69
67.8333 -69
67.8188 -69
67.8043 -69
67.79 -69
67.7758 -69
67.7617 -69
67.7477 -69
67.7339 -69
67.7202 -69
67.7066 -69
67.6931 -69
67.6797 -69
67.6664 -69
67.6533 -69
67.6403 -69
67.6274 -69
67.6146 -69
67.6019 -69
67.5893 -69
67.5769 -69
67.5646 -69
67.5524 -69
67.5401 -69
67.5276 -69
67.5151 -69
67.5027 -69
67.4905 -69
67.4783 -69
67.466 -69
67.4539 -69
67.4419 -69
67.4299 -69
67.4181 -69
67.4064 -69
67.3948 -69
67.3833 -69
67.3719 -69
67.3607 -69
67.3495 -69
67.3384 -69
67.3275 -69
67.3166 -69
67.3058 -69
67.2952 -69
67.2761 -69
67.2666 -68.8526
67.2519 -69
67.2371 -69
67.2226 -69
67.2082 -69
67.1939 -69
67.1798 -69
67.1657 -69
67.1517 -69
67.1379 -69
67.1241 -69
67.1105 -69
67.097 -69
67.0835 -69
67.0702 -69
67.057 -69
67.0438 -69
67.0308 -69
67.0179 -69
67.0051 -69
66.9923 -69
66.9797 -69
66.9671 -69
66.9546 -69
66.9419 -69
66.9292 -69
66.9167 -69
66.9043 -69
66.892 -69
66.8798 -69
66.8676 -69
66.8556 -69
66.8436 -69
66.8317 -69
66.82 -69
66.8083 -69
66.7968 -69
66.7853 -69
66.7739 -69
66.7626 -69
66.7515 -69
66.7404 -69
66.7294 -69
66.7184 -69
66.7076 -69
66.6968 -69
66.682 -69
66.6666 -69
66.6512 -69
66.6358 -69
66.6205 -69
66.6052 -69
66.5901 -69
66.5751 -69
66.5602 -69
66.5453 -69
66.5306 -69
66.5159 -69
66.5013 -69
66.4869 -69
66.4725 -69
66.4582 -69
66.444 -69
66.4299 -69
66.4159 -69
66.402 -69
66.3882 -69
66.3744 -69
66.3607 -69
66.3471 -69
66.3336 -69
66.3202 -69
66.3069 -69
66.2936 -69
66.2805 -69
66.2674 -69
66.2545 -69
66.2416 -69
66.2289 -69
66.2162 -69
66.2036 -69
66.1911 -69
66.1787 -69
66.1664 -69
66.1542 -69
66.1421 -69
66.1301 -69
66.1181 -69
66.1063 -69
66.0945 -69
66.0828 -69
66.0713 -69
66.0598 -69
66.0485 -69
66.0372 -69
66.026 -69
66.0149 -69
66.0036 -69
65.9924 -69
65.9813 -69
65.9702 -69
65.9593 -69
65.9485 -69
65.9357 -69
65.9206 -69
65.9054 -69
65.8903 -69
65.8753 -69
65.8604 -69
65.8456 -69
65.8311 -69
65.817 -69
65.803 -69
65.789 -69
65.7752 -69
65.7614 -69
65.7478 -69
65.7342 -69
65.7207 -69
65.7072 -69
65.6939 -69
65.6806 -69
65.6674 -69
65.6543 -69
65.6413 -69
65.6283 -69
65.6155 -69
65.6027 -69
65.59 -69
65.5773 -69
65.5648 -69
65.5523 -69
65.5399 -69
65.5275 -69
65.5113 -68.8719
65.4961 -68.9181
65.4804 -68.8756
65.4648 -68.8327
65.4492 -68.7896
65.4338 -68.7464
65.4184 -68.703
65.4031 -68.6595
65.3879 -68.6158
65.3728 -68.572
65.3577 -68.528
65.3427 -68.4838
65.3279 -68.4395
65.313 -68.395
65.2983 -68.3504
65.2837 -68.3057
65.2691 -68.2609
65.2546 -68.216
65.2401 -68.1709
65.2258 -68.1257
65.2115 -68.0803
65.1973 -68.0347
65.1832 -67.989
65.1692 -67.9431
65.1553 -67.8971
65.1415 -67.8509
65.1277 -67.8045
65.114 -67.758
65.1004 -67.7114
65.0869 -67.6645
65.0735 -67.6176
65.0602 -67.5704
65.0469 -67.5231
65.0337 -67.4757
65.0207 -67.4282
65.0076 -67.3805
64.9947 -67.3326
64.9819 -67.2846
64.9691 -67.2364
64.9565 -67.1881
64.9439 -67.1396
64.9314 -67.0909
64.9189 -67.0424
64.9065 -66.9938
64.8942 -66.9451
64.882 -66.8962
64.8699 -66.8471
64.8579 -66.7979
64.8459 -66.7486
64.834 -66.6994
64.8221 -66.6501
64.8104 -66.6007
64.7987 -66.5511
64.7871 -66.5013
64.7756 -66.4516
64.7642 -66.4017
64.7528 -66.3517
64.7416 -66.3016
64.7303 -66.2516
64.7192 -66.2014
64.7082 -66.1511
64.6972 -66.1006
64.6863 -66.05
64.6755 -65.9993
64.6648 -65.9485
64.6542 -65.8976
64.6436 -65.8468
64.6331 -65.7958
64.6226 -65.7453
64.612 -65.6952
64.6015 -65.6449
64.5911 -65.5946
64.5808 -65.5441
64.5706 -65.4936
64.5605 -65.4429
64.5504 -65.3921
64.5404 -65.3413
64.5305 -65.2902
64.5207 -65.2391
64.511 -65.1878
64.5014 -65.1364
64.4918 -65.085
64.4823 -65.0334
64.4729 -64.9817
64.4636 -64.9299
64.4544 -64.8779
64.4445 -64.8293
64.4319 -64.7894
64.4194 -64.7499
64.407 -64.7102
64.3946 -64.6704
64.3823 -64.6304
64.3701 -64.5903
64.3579 -64.55
64.3458 -64.5097
64.3338 -64.4692
64.3219 -64.4286
64.3101 -64.3878
64.2982 -64.3472
64.2865 -64.3065
64.2748 -64.2657
64.2632 -64.2248
64.2516 -64.1837
64.2402 -64.1424
64.2288 -64.101
64.2175 -64.0595
64.2063 -64.0178
64.1951 -63.9761
64.184 -63.9344
64.1729 -63.8926
64.162 -63.8507
64.1511 -63.8086
64.1403 -63.7664
64.1295 -63.7241
64.1188 -63.6818
64.1082 -63.6393
64.0977 -63.5968
64.0872 -63.5541
64.0768 -63.5113
64.0665 -63.4683
64.0563 -63.4253
64.0461 -63.382
64.0361 -63.3386
64.0261 -63.2951
64.0162 -63.2514
64.0063 -63.2077
63.9966 -63.1638
63.9869 -63.1198
63.9773 -63.0756
63.9678 -63.0314
63.9583 -62.987
63.949 -62.9425
63.9397 -62.8978
63.9305 -62.853
63.9214 -62.808
63.9123 -62.7629
63.9034 -62.7176
63.8945 -62.6722
63.8857 -62.6267
63.877 -62.581
63.8684 -62.5353
63.8598 -62.4894
63.8513 -62.4435
63.8429 -62.3974
63.8346 -62.3511
63.8264 -62.3047
63.8182 -62.2582
63.8102 -62.2116
63.8021 -62.1649
63.7942 -62.1181
63.7864 -62.0711
63.7786 -62.024
63.7709 -61.9768
63.7633 -61.9294
63.7558 -61.8818
63.7484 -61.8342
63.7411 -61.7863
63.7338 -61.7384
63.7267 -61.6904
63.7196 -61.6422
63.7126 -61.5939
63.7056 -61.5456
63.6987 -61.4972
63.692 -61.4487
63.6853 -61.4
63.6786 -61.3512
63.6721 -61.3024
63.6656 -61.2535
63.6592 -61.2044
63.6529 -61.1552
63.6467 -61.106
63.6406 -61.0567
63.6345 -61.0073
63.6285 -60.9577
63.6226 -60.908
63.6168 -60.8583
63.611 -60.8085
63.6054 -60.7585
63.5998 -60.7084
63.5943 -60.6583
63.5889 -60.608
63.5835 -60.5577
63.5783 -60.5071
63.5731 -60.4565
63.5681 -60.4056
63.5631 -60.3547
63.5582 -60.3036
63.5534 -60.2524
63.5487 -60.2011
63.5441 -60.1496
63.5395 -60.0981
63.535 -60.0465
63.5306 -59.9948
63.5264 -59.9429
63.5222 -59.8909
63.518 -59.8388
63.514 -59.7865
63.5101 -59.734
63.5063 -59.6814
63.5025 -59.6289
63.4988 -59.5762
63.4952 -59.5235
63.4917 -59.4706
63.4883 -59.4176
63.4849 -59.3645
63.4817 -59.3112
63.4785 -59.2578
63.4755 -59.2043
63.4725 -59.1507
63.4696 -59.0969
63.4668 -59.043
63.4612 -58.9991
63.455 -58.957
63.4488 -58.9149
63.4428 -58.8727
63.4368 -58.8304
63.4308 -58.7879
63.425 -58.7453
63.4192 -58.7026
63.4135 -58.6598
63.4079 -58.6169
63.4023 -58.5741
63.3968 -58.5312
63.3914 -58.4883
63.386 -58.4452
63.3807 -58.4021
63.3755 -58.3587
63.3703 -58.3153
63.3653 -58.2717
63.3603 -58.2281
63.3553 -58.1845
63.3505 -58.1408
63.3457 -58.097
63.341 -58.0531
63.3363 -58.009
63.3318 -57.9649
63.3273 -57.9208
63.3228 -57.8766
63.3184 -57.8324
63.3141 -57.7881
63.3099 -57.7437
63.3058 -57.6991
63.3017 -57.6544
63.2977 -57.6096
63.2938 -57.5647
63.29 -57.5197
63.2862 -57.4746
63.2825 -57.4294
63.2789 -57.3843
63.2753 -57.3391
63.2718 -57.2938
63.2684 -57.2484
63.2651 -57.2028
63.2618 -57.1571
63.2587 -57.1114
63.2556 -57.0655
63.2526 -57.0194
63.2497 -56.9733
63.2468 -56.9273
63.2439 -56.8814
63.2412 -56.8353
63.2385 -56.7892
63.2359 -56.7429
63.2333 -56.6965
63.2309 -56.6501
63.2285 -56.6036
63.2261 -56.557
63.2239 -56.5103
63.2218 -56.4635
63.2197 -56.4166
63.2177 -56.3697
63.215 -56.3249
63.2122 -56.2806
63.2095 -56.2362
63.2069 -56.1916
63.2042 -56.1472
63.2016 -56.1028
63.1991 -56.0584
63.1966 -56.014
63.1941 -55.9695
63.1918 -55.9249
63.1895 -55.8801
63.1873 -55.8353
63.1852 -55.7904
63.1832 -55.7454
63.1813 -55.7003
63.1794 -55.655
63.1776 -55.6097
63.1758 -55.5642
63.1742 -55.5188
63.1726 -55.4732
63.171 -55.4275
63.1696 -55.3816
63.1683 -55.3358
63.167 -55.2898
63.1657 -55.2438
63.1646 -55.1976
63.1636 -55.1514
63.1626 -55.105
63.1617 -55.0584
63.1609 -55.0118
63.1602 -54.965
63.1596 -54.9184
63.159 -54.8716
63.1584 -54.8248
63.158 -54.7779
63.1576 -54.7309
63.1573 -54.6839
63.1571 -54.6368
63.1569 -54.5897
63.1569 -54.5424
63.1569 -54.495
63.157 -54.4475
63.1571 -54.3999
63.1574 -54.3522
63.1578 -54.3043
63.1582 -54.2563
63.1587 -54.2082
63.1593 -54.1601
63.16 -54.1119
63.1607 -54.0636
63.1616 -54.0152
63.1625 -53.9667
63.1635 -53.9181
63.1646 -53.8693
63.1657 -53.8205
63.167 -53.7716
63.1683 -53.7225
63.1697 -53.6734
63.1712 -53.6243
63.1727 -53.5752
63.1743 -53.5261
63.176 -53.4768
63.1778 -53.4274
63.1796 -53.3778
63.1816 -53.3283
63.1836 -53.2787
63.1857 -53.2289
63.1879 -53.1791
63.1901 -53.1291
63.1925 -53.079
63.1949 -53.029
63.1973 -52.9789
63.1999 -52.9287
63.2025 -52.8785
63.2053 -52.8281
63.208 -52.7777
63.2109 -52.7273
63.2138 -52.6768
63.2169 -52.6261
63.22 -52.5754
63.2232 -52.5245
63.2265 -52.4736
63.2299 -52.4225
63.2333 -52.3713
63.2369 -52.3201
63.2405 -52.2689
63.2442 -52.2175
63.248 -52.166
63.2519 -52.1145
63.2558 -52.0628
63.2599 -52.011
63.264 -51.9591
63.2682 -51.9071
63.2725 -51.8551
63.2769 -51.803
63.2814 -51.7509
63.2859 -51.6987
63.2905 -51.6463
63.2952 -51.594
63.2999 -51.5417
63.3048 -51.4893
63.3097 -51.4368
63.3147 -51.3842
63.3198 -51.3315
63.325 -51.2787
63.3302 -51.2259
63.3355 -51.1732
63.3408 -51.1206
63.3462 -51.0679
63.3517 -51.0152
63.3573 -50.9623
63.363 -50.9093
63.3688 -50.8562
63.3746 -50.8032
63.3804 -50.7503
63.3864 -50.6972
63.3924 -50.644
63.3985 -50.5908
63.4047 -50.5376
63.411 -50.4843
63.4174 -50.4308
63.4238 -50.3774
63.4303 -50.3241
63.4368 -50.2707
63.4434 -50.2172
63.4501 -50.1636
63.4569 -50.1099
63.4638 -50.0562
63.4708 -50.0025
63.4778 -49.9486
63.485 -49.8946
63.4922 -49.8405
63.4995 -49.7862
63.507 -49.7319
63.5145 -49.6774
63.5221 -49.6229
63.5298 -49.5683
63.5376 -49.5135
63.5455 -49.4586
63.5535 -49.4036
63.5616 -49.3486
63.5697 -49.2935
63.578 -49.2383
63.5863 -49.183
63.5947 -49.1278
63.6032 -49.0725
63.6117 -49.0171
63.6204 -48.9616
63.6291 -48.906
63.638 -48.8503
63.6469 -48.7945
63.656 -48.7386
63.6651 -48.6825
63.6743 -48.6264
63.6837 -48.5701
63.6931 -48.5138
63.7026 -48.4574
63.7122 -48.4009
63.7219 -48.3443
63.7317 -48.2876
63.7415 -48.2308
63.7515 -48.1739
63.7616 -48.1168
63.7718 -48.0597
63.782 -48.0025
63.7923 -47.9455
63.7987 -47.8995
63.8041 -47.8557
63.8096 -47.8121
63.8152 -47.7683
63.8208 -47.7244
63.8265 -47.6806
63.8323 -47.6368
63.8381 -47.593
63.8439 -47.5492
63.8499 -47.5053
63.8559 -47.4613
63.862 -47.4172
63.8681 -47.3731
63.8744 -47.3288
63.8806 -47.2848
63.8869 -47.2407
63.8933 -47.1966
63.8998 -47.1525
63.9063 -47.1082
63.9129 -47.0638
63.9196 -47.0193
63.9264 -46.9748
63.9332 -46.9302
63.9401 -46.8857
63.9471 -46.8412
63.9541 -46.7965
63.9612 -46.7518
63.9684 -46.707
63.9756 -46.6623
63.9829 -46.6175
63.9902 -46.5727
63.9976 -46.5278
64.0051 -46.4829
64.0127 -46.4378
64.0204 -46.3927
64.0281 -46.3474
64.0359 -46.3022
64.0437 -46.257
64.0517 -46.2117
64.0597 -46.1663
64.0678 -46.1208
64.076 -46.0752
64.0842 -46.0296
64.0925 -45.9839
64.1009 -45.9381
64.1094 -45.8922
64.118 -45.8462
64.1266 -45.8001
64.1354 -45.754
64.1442 -45.7077
64.1531 -45.6613
64.1621 -45.6149
64.1712 -45.5683
64.1803 -45.5216
64.1896 -45.4749
64.1989 -45.428
64.2083 -45.381
64.2178 -45.334
64.2274 -45.2868
64.2371 -45.2395
64.2469 -45.1922
64.2567 -45.1447
64.2666 -45.0972
64.2766 -45.0497
64.2867 -45.002
64.2969 -44.9542
64.3071 -44.9063
64.3175 -44.8584
64.3278 -44.8104
64.3383 -44.7624
64.3489 -44.7143
64.3595 -44.6661
64.3702 -44.6179
64.381 -44.5696
64.3919 -44.5212
64.4028 -44.4728
64.4138 -44.4243
64.4249 -44.3758
64.4361 -44.3272
64.4473 -44.2785
64.4587 -44.2297
64.4701 -44.1808
64.4816 -44.1318
64.4932 -44.0827
64.5049 -44.0335
64.5167 -43.9843
64.5286 -43.935
64.5405 -43.8856
64.5525 -43.8362
64.5645 -43.7869
64.5766 -43.7376
64.5888 -43.6881
64.6011 -43.6385
64.6135 -43.5889
64.626 -43.5392
64.6383 -43.4943
64.6506 -43.451
64.663 -43.4076
64.6755 -43.3641
64.6881 -43.3205
64.7007 -43.2769
64.7134 -43.2332
64.7262 -43.1896
64.7389 -43.146
64.7518 -43.1023
64.7647 -43.0586
64.7777 -43.0147
64.7909 -42.9708
64.8041 -42.9268
64.8173 -42.8827
64.8307 -42.8386
64.8441 -42.7946
64.8575 -42.7506
64.871 -42.7067
64.8845 -42.6628
64.8981 -42.6189
64.9118 -42.5748
64.9256 -42.5307
64.9395 -42.4865
64.9535 -42.4422
64.9675 -42.398
64.9816 -42.3536
64.9958 -42.3091
65.0078 -42.2703
65.0177 -42.237
65.0276 -42.2037
65.0376 -42.1703
65.0476 -42.1369
65.0578 -42.1034
65.068 -42.0699
65.0782 -42.0363
65.0826 -42.0168
65.087 -41.9973
65.0915 -41.9776
65.0961 -41.958
65.1003 -41.9391
65.1045 -41.9203
65.1088 -41.9015
65.113 -41.8826
65.1174 -41.8637
65.1218 -41.8448
65.1262 -41.8257
65.1307 -41.8067
65.1353 -41.7875
65.1399 -41.7684
65.1446 -41.7492
65.1493 -41.7299
65.154 -41.7105
65.1589 -41.6911
65.1637 -41.6716
65.1687 -41.6521
65.1736 -41.6326
65.1787 -41.613
65.1838 -41.5933
65.1889 -41.5736
65.1941 -41.5538
65.1993 -41.534
65.2046 -41.5141
65.21 -41.4943
65.2154 -41.4743
65.2207 -41.4554
65.2257 -41.4394
65.2308 -41.4234
65.236 -41.4074
65.2412 -41.3913
65.2464 -41.3751
65.2517 -41.3589
65.2571 -41.3427
65.2625 -41.3264
65.2679 -41.3102
65.2734 -41.2939
65.2789 -41.2777
65.2845 -41.2613
65.2895 -41.2463
65.2945 -41.2312
65.2996 -41.216
65.3026 -41.206
65.3039 -41.1999
65.3053 -41.1938
65.3067 -41.1876
65.3081 -41.1813
65.3096 -41.1751
65.3111 -41.1687
65.3127 -41.1623
65.3143 -41.1559
65.316 -41.1494
65.3176 -41.1429
65.3194 -41.1363
65.3212 -41.1297
65.323 -41.123
65.3248 -41.1163
65.3267 -41.1095
65.3287 -41.1028
65.3306 -41.096
65.3326 -41.0891
65.3347 -41.0823
65.3368 -41.0753
65.3387 -41.0687
65.3406 -41.0622
65.3425 -41.0557
65.3445 -41.0492
65.3464 -41.0426
65.3485 -41.036
65.3505 -41.0293
65.3526 -41.0226
65.3548 -41.0159
65.357 -41.0091
65.3592 -41.0022
65.3614 -40.9953
65.3637 -40.9884
65.3661 -40.9815
65.3684 -40.9745
65.3708 -40.9675
65.3733 -40.9605
65.3757 -40.9535
65.3783 -40.9464
65.3808 -40.9393
65.3834 -40.9322
65.3857 -40.9256
65.3872 -40.9206
65.3887 -40.9156
65.3901 -40.9107
65.3916 -40.9057
65.3931 -40.9008
65.3946 -40.8959
65.396 -40.8911
65.3975 -40.8863
65.3984 -40.8824
65.3964 -40.8728
65.3943 -40.8626
65.3921 -40.852
65.3897 -40.8407
65.3873 -40.8289
65.3847 -40.8165
65.3819 -40.8035
65.3821 -40.787
65.2643 -40.579
65.2867 -40.5505
65.2957 -40.5386
65.2967 -40.531
65.2977 -40.5233
65.2988 -40.5155
65.3 -40.5079
65.3012 -40.5002
65.3024 -40.4925
65.3036 -40.4847
65.3049 -40.4768
65.3063 -40.4688
65.3077 -40.4607
65.3091 -40.4525
65.3106 -40.4441
65.3121 -40.4357
65.3136 -40.4273
65.3152 -40.4188
65.3168 -40.4101
65.3151 -40.3888
65.3076 -40.3455
65.2993 -40.2987
65.2898 -40.2477
65.2782 -40.1814
65.2646 -40.1072
65.2481 -40.0219
65.2454 -39.9871
65.2475 -39.9713
65.2497 -39.9559
65.2519 -39.9403
65.2541 -39.9246
65.2563 -39.9086
65.2585 -39.8923
65.2607 -39.8758
65.263 -39.8591
65.2652 -39.8421
65.2584 -39.7905
65.2664 -39.7947
65.2715 -39.7872
65.2765 -39.7797
65.2816 -39.7721
65.2868 -39.7643
65.2919 -39.7565
65.2971 -39.7485
65.3024 -39.7404
65.3076 -39.7321
65.3129 -39.7238
65.3183 -39.7153
65.3236 -39.7067
65.329 -39.698
65.3345 -39.6892
65.3399 -39.6802
65.3454 -39.671
65.351 -39.6617
65.3566 -39.6523
65.3622 -39.6428
65.3678 -39.6331
65.3735 -39.6234
65.3792 -39.6136
65.385 -39.6037
65.3908 -39.5936
65.3966 -39.5834
65.4024 -39.573
65.4083 -39.5626
65.4143 -39.552
65.4203 -39.5414
65.4263 -39.5305
65.4323 -39.5196
65.4384 -39.5085
65.4445 -39.4974
65.4507 -39.4861
65.4569 -39.4748
65.4631 -39.4635
65.4693 -39.4521
65.4756 -39.4406
65.4819 -39.4278
65.4881 -39.4135
65.4944 -39.3992
65.5008 -39.3847
65.5071 -39.3701
65.5136 -39.3554
65.52 -39.3407
65.5265 -39.3259
65.533 -39.3111
65.5395 -39.2963
65.5461 -39.2814
65.5527 -39.2663
65.5594 -39.2512
65.5661 -39.236
65.5729 -39.2208
65.5797 -39.2054
65.5865 -39.19
65.5934 -39.1744
65.6003 -39.1588
65.6073 -39.1431
65.6143 -39.1274
65.6213 -39.1115
65.6281 -39.0854
65.6349 -39.0553
65.6417 -39.0251
65.6486 -38.9949
65.6555 -38.9645
65.6625 -38.934
65.6695 -38.9034
65.6765 -38.8728
65.6836 -38.8422
65.6907 -38.8114
65.6979 -38.7807
65.705 -38.7498
65.7123 -38.7189
65.7196 -38.6878
65.7269 -38.6566
65.7342 -38.6254
65.7416 -38.594
65.7491 -38.5625
65.7566 -38.5309
65.7641 -38.4994
65.7717 -38.4677
65.7793 -38.436
65.7869 -38.4041
65.7946 -38.3721
65.8021 -38.3402
65.8095 -38.3085
65.8133 -38.2817
65.8171 -38.255
65.8209 -38.2281
65.8248 -38.2011
65.8287 -38.174
65.8327 -38.1468
65.8366 -38.1195
65.8407 -38.092
65.8447 -38.0645
65.8488 -38.0368
65.853 -38.009
65.8572 -37.9811
65.8614 -37.9531
65.8656 -37.9249
65.87 -37.8966
65.8743 -37.8682
65.8786 -37.8359
65.8829 -37.7975
65.8872 -37.7591
65.8916 -37.7204
65.896 -37.6817
65.9004 -37.6428
65.9049 -37.6037
65.9094 -37.5645
65.914 -37.5252
65.9186 -37.4858
65.9232 -37.4463
65.9279 -37.4067
65.9327 -37.3669
65.9374 -37.327
65.9422 -37.2869
65.9471 -37.2467
65.952 -37.2066
65.9569 -37.1664
65.9618 -37.1261
65.9632 -37.0914
65.9646 -37.0565
65.966 -37.0215
65.9674 -36.9864
65.9686 -36.9514
65.9698 -36.9165
65.9709 -36.8814
65.9722 -36.8462
65.9734 -36.8109
65.9747 -36.7755
65.976 -36.7399
65.9774 -36.7042
65.9788 -36.6684
65.9802 -36.6324
65.9817 -36.5964
65.9832 -36.5601
65.9848 -36.5238
65.9864 -36.4873
65.988 -36.4506
65.9897 -36.4139
65.9914 -36.377
65.9931 -36.3399
65.9949 -36.3027
65.9968 -36.2654
65.9987 -36.228
66.0006 -36.1906
66.0025 -36.1531
66.0045 -36.1155
66.0065 -36.0777
66.0085 -36.0399
66.0106 -36.0019
66.0128 -35.9638
66.0149 -35.9256
66.0172 -35.8872
66.0194 -35.8487
66.0217 -35.8101
66.0241 -35.7713
66.0264 -35.7325
66.0289 -35.6935
66.0313 -35.6545
66.0338 -35.6154
66.0363 -35.5762
66.0389 -35.5369
66.0415 -35.4974
66.0442 -35.4577
66.0469 -35.418
66.0496 -35.378
66.0524 -35.338
66.0553 -35.2978
66.0581 -35.2575
66.0611 -35.217
66.064 -35.1765
66.067 -35.1359
66.07 -35.0952
66.0731 -35.0543
66.0762 -35.0132
66.0794 -34.9721
66.0826 -34.9308
66.0859 -34.8894
66.0892 -34.8478
66.0925 -34.8061
66.0959 -34.7643
66.0993 -34.7223
66.1029 -34.6806
66.1066 -34.6396
66.1104 -34.5984
66.1142 -34.5572
66.1178 -34.5159
66.1215 -34.4745
66.1252 -34.4329
66.129 -34.3912
66.1328 -34.3494
66.1367 -34.3074
66.1406 -34.2653
66.1446 -34.2231
66.1486 -34.1807
66.1526 -34.1382
66.1567 -34.0956
66.1608 -34.0528
66.165 -34.0099
66.1692 -33.9668
66.1735 -33.9236
66.1778 -33.8802
66.1822 -33.8367
66.1866 -33.7931
66.1911 -33.7492
66.1956 -33.7053
66.2002 -33.6612
66.2048 -33.6169
66.2094 -33.5725
66.2141 -33.528
66.2189 -33.4833
66.2237 -33.4385
66.2285 -33.3935
66.2334 -33.3483
66.2384 -33.3031
66.2434 -33.258
66.2484 -33.2128
66.2534 -33.1674
66.2585 -33.1219
66.2637 -33.0763
66.2689 -33.0306
66.2741 -32.9847
66.2794 -32.9386
66.2848 -32.8925
66.2902 -32.8462
66.2956 -32.7997
66.3011 -32.7531
66.3067 -32.7064
66.3123 -32.6595
66.3179 -32.6125
66.3236 -32.5654
66.3294 -32.5181
66.3352 -32.4707
66.341 -32.4232
66.3469 -32.3755
66.3529 -32.3276
66.3589 -32.2796
66.3649 -32.2317
66.371 -32.1838
66.3771 -32.1358
66.3833 -32.0878
66.3895 -32.0396
66.3957 -31.9915
66.402 -31.9433
66.4083 -31.8949
66.4147 -31.8463
66.4212 -31.7976
66.4277 -31.7488
66.4342 -31.6998
66.4407 -31.6517
66.4469 -31.6046
66.4531 -31.5575
66.4594 -31.5102
66.4658 -31.4629
66.4722 -31.4155
66.4786 -31.3679
66.4851 -31.3201
66.4917 -31.2723
66.4982 -31.2243
66.5049 -31.1763
66.5116 -31.1283
66.5183 -31.08
66.5251 -31.0317
66.5319 -30.9832
66.5388 -30.9347
66.5457 -30.886
66.5527 -30.8372
66.5597 -30.7882
66.5668 -30.7391
66.574 -30.6898
66.5811 -30.6404
66.5884 -30.5909
66.5957 -30.5412
66.603 -30.4915
66.6104 -30.4416
66.6179 -30.3917
66.6254 -30.3418
66.6329 -30.2917
66.6405 -30.2416
66.6481 -30.1913
66.6558 -30.141
66.6635 -30.0906
66.6713 -30.0401
66.6791 -29.9895
66.687 -29.9389
66.6948 -29.8884
66.7028 -29.8378
66.7107 -29.7875
66.7186 -29.7376
66.7265 -29.688
66.7345 -29.6383
66.7425 -29.5885
66.7505 -29.5389
66.7585 -29.4893
66.7666 -29.4397
66.7748 -29.3899
66.783 -29.34
66.7912 -29.29
66.7995 -29.2399
66.8079 -29.1897
66.8163 -29.1394
66.8247 -29.089
66.8331 -29.0389
66.8415 -28.9891
66.8499 -28.9391
66.8583 -28.889
66.8669 -28.8388
66.8754 -28.7885
66.884 -28.7384
66.8926 -28.6881
66.9013 -28.6377
66.9101 -28.5871
66.9189 -28.5365
66.9277 -28.486
66.9365 -28.4357
66.9454 -28.3852
66.9543 -28.3346
66.9633 -28.2839
66.9724 -28.2332
66.9814 -28.1823
66.9906 -28.1313
66.9998 -28.0803
67.009 -28.0291
67.0183 -27.9779
67.0276 -27.9265
67.037 -27.875
67.0465 -27.8235
67.056 -27.7718
67.0655 -27.7202
67.0751 -27.6684
67.0848 -27.6166
67.0945 -27.5646
67.1042 -27.5126
67.114 -27.4604
67.1238 -27.4082
67.1337 -27.356
67.1436 -27.3039
67.1536 -27.2518
67.1636 -27.1996
67.1736 -27.1473
67.1837 -27.0948
67.1939 -27.0423
67.2041 -26.9896
67.2144 -26.9368
67.2247 -26.8838
67.2351 -26.8308
67.2455 -26.7778
67.256 -26.7247
67.2665 -26.6715
67.2771 -26.6183
67.2878 -26.5649
67.2984 -26.5114
67.3092 -26.4578
67.32 -26.4043
67.3308 -26.3508
67.3416 -26.2972
67.3526 -26.2435
67.3636 -26.1896
67.3746 -26.1357
67.3857 -26.0818
67.3968 -26.0279
67.4079 -25.9741
67.4191 -25.9203
67.4303 -25.8663
67.4416 -25.8122
67.453 -25.7579
67.4644 -25.7036
67.4759 -25.6491
67.4874 -25.5945
67.499 -25.5397
67.5107 -25.4849
67.5224 -25.4299
67.5342 -25.3749
67.5459 -25.3199
67.5578 -25.2649
67.5697 -25.2097
67.5817 -25.1544
67.5937 -25.099
67.6058 -25.0434
67.618 -24.9878
67.6302 -24.932
67.6424 -24.8762
67.6547 -24.8204
67.6671 -24.7645
67.6795 -24.7085
67.6919 -24.6525
67.7044 -24.5964
67.717 -24.5403
67.7295 -24.4845
67.7421 -24.4286
67.7548 -24.3726
67.7675 -24.3166
67.7802 -24.2604
67.7931 -24.2043
67.8059 -24.1481
67.8188 -24.0918
67.8318 -24.0354
67.8448 -23.979
67.8579 -23.9225
67.871 -23.8658
67.8842 -23.8091
67.8975 -23.7522
67.9108 -23.6953
67.9241 -23.6384
67.9375 -23.5814
67.951 -23.5243
67.9645 -23.4672
67.978 -23.41
67.9917 -23.3528
68.0053 -23.2956
68.019 -23.2382
68.0328 -23.1808
68.0467 -23.1232
68.0606 -23.0655
68.0745 -23.0077
68.0885 -22.9498
68.1014 -22.8924
68.1144 -22.835
68.1274 -22.7774
68.1406 -22.7197
68.1537 -22.662
68.1669 -22.6042
68.1802 -22.5464
68.1935 -22.4885
68.2069 -22.4305
68.2203 -22.3724
68.2338 -22.3142
68.2474 -22.2558
68.261 -22.1974
68.2746 -22.1391
68.2883 -22.0808
68.302 -22.0226
68.3158 -21.9645
68.3296 -21.9062
68.3434 -21.8479
68.3573 -21.7897
68.3712 -21.7314
68.3852 -21.673
68.3993 -21.6145
68.4134 -21.5558
68.4276 -21.4973
68.4418 -21.4387
68.456 -21.3799
68.4704 -21.3211
68.4848 -21.2623
68.4992 -21.2035
68.5136 -21.1446
68.5282 -21.0855
68.5428 -21.0264
68.5574 -20.9672
68.5722 -20.9079
68.5869 -20.8486
68.6018 -20.7892
68.6167 -20.7296
68.6316 -20.67
68.6466 -20.6103
68.6617 -20.5504
68.6769 -20.4905
68.6921 -20.4305
68.7073 -20.3706
68.7226 -20.3107
68.7379 -20.2508
68.7533 -20.1907
68.7687 -20.1306
68.7842 -20.0703
68.7998 -20.0101
68.8154 -19.9498
68.8311 -19.8893
68.8468 -19.8288
68.8626 -19.7683
68.8785 -19.7077
68.8944 -19.6469
68.9104 -19.586
68.9264 -19.5251
68.9426 -19.464
68.9587 -19.4028
68.975 -19.3415
68.9913 -19.28
69.0077 -19.2185
69.0242 -19.1568
69.0407 -19.0951
69.0572 -19.0333
69.0738 -18.9717
69.0904 -18.9102
69.1071 -18.8485
69.1239 -18.7867
69.1407 -18.7248
69.1576 -18.6628
69.1745 -18.6008
69.1915 -18.5387
69.2086 -18.4764
69.2257 -18.4141
69.2426 -18.3519
69.2589 -18.2906
69.2752 -18.2291
69.2915 -18.1676
69.3079 -18.1061
69.3244 -18.0445
69.3409 -17.9828
69.3575 -17.921
69.3741 -17.8593
69.3908 -17.7975
69.4075 -17.7357
69.4243 -17.6739
69.4411 -17.6122
69.4579 -17.5504
69.4748 -17.4887
69.4917 -17.427
69.5087 -17.3652
69.5258 -17.3034
69.5429 -17.2414
69.5601 -17.1793
69.5774 -17.1171
69.5947 -17.0548
69.6121 -16.9924
69.6295 -16.9299
69.6471 -16.8673
69.6646 -16.8047
69.6823 -16.7421
69.6999 -16.6795
69.7176 -16.6169
69.7354 -16.5542
69.7532 -16.4914
69.7711 -16.4285
69.789 -16.3659
69.807 -16.3034
69.8249 -16.2409
69.8429 -16.1785
69.861 -16.1159
69.8791 -16.0533
69.8973 -15.9907
69.9155 -15.928
69.9338 -15.8652
69.9522 -15.8023
69.9706 -15.7395
69.989 -15.6767
70.0075 -15.6138
70.0261 -15.5509
70.0446 -15.4885
70.0631 -15.4262
70.0816 -15.3641
70.1002 -15.3019
70.1188 -15.2398
70.1374 -15.1777
70.1561 -15.1156
70.1749 -15.0534
70.1937 -14.9911
70.2126 -14.9287
70.2316 -14.8663
70.2506 -14.8037
70.2697 -14.741
70.2889 -14.6782
70.3081 -14.6156
70.3273 -14.5533
70.3466 -14.4909
70.3659 -14.4284
70.3852 -14.3661
70.4046 -14.3041
70.4239 -14.2421
70.4434 -14.1799
70.4629 -14.1177
70.4824 -14.0554
70.5021 -13.9931
70.5217 -13.9308
70.5414 -13.8685
70.5612 -13.8061
70.581 -13.7437
70.6009 -13.6812
70.6208 -13.6187
70.6407 -13.5565
70.6607 -13.4942
70.6808 -13.4318
70.7009 -13.3694
70.721 -13.3068
70.7413 -13.2442
70.7616 -13.1815
70.7819 -13.1187
70.8024 -13.0558
70.8228 -12.9929
70.8434 -12.9299
70.864 -12.8668
70.8847 -12.8037
70.9054 -12.7406
70.9262 -12.6775
70.947 -12.6142
70.9679 -12.551
70.9889 -12.4876
71.0099 -12.4242
71.0309 -12.3609
71.052 -12.2974
71.0732 -12.2338
71.0945 -12.1701
71.1158 -12.1067
71.137 -12.0433
71.1584 -11.9798
71.1798 -11.9163
71.2013 -11.8528
71.2228 -11.7892
71.2444 -11.7254
71.2661 -11.6616
71.2878 -11.5978
71.3095 -11.5342
71.3312 -11.4709
71.353 -11.4075
71.3748 -11.344
71.3967 -11.2804
71.4187 -11.2168
71.4407 -11.153
71.4628 -11.0892
71.485 -11.0252
71.5072 -10.9612
71.5295 -10.8971
71.5519 -10.833
71.5742 -10.7691
71.5965 -10.7055
71.6189 -10.6419
71.6413 -10.5781
71.6639 -10.5143
71.6865 -10.4504
71.7091 -10.3865
71.7318 -10.3225
71.7545 -10.2585
71.7773 -10.1944
71.8002 -10.1302
71.8232 -10.0659
71.8462 -10.0015
71.8693 -9.93706
71.8925 -9.87248
71.9158 -9.80781
71.9391 -9.74306
71.9624 -9.67824
71.9859 -9.61332
72.0094 -9.54844
72.0329 -9.48367
72.0563 -9.4194
72.0798 -9.35505
72.1034 -9.2906
72.127 -9.22617
72.1507 -9.16174
72.1744 -9.09726
72.1982 -9.0327
72.222 -8.96805
72.2459 -8.9033
72.2699 -8.83846
72.294 -8.77353
72.3181 -8.70851
72.3424 -8.64339
72.3666 -8.57819
72.3909 -8.5132
72.4153 -8.44819
72.4397 -8.38311
72.4641 -8.31798
72.4886 -8.25275
72.5132 -8.18744
72.5379 -8.12203
72.5627 -8.05655
72.5875 -7.99101
72.6123 -7.92539
72.6373 -7.85968
72.6623 -7.79398
72.6873 -7.72834
72.7124 -7.66261
72.7375 -7.59679
72.7628 -7.53087
72.7881 -7.46487
72.8135 -7.39877
72.8388 -7.33265
72.8639 -7.26661
72.8891 -7.20048
72.9143 -7.13427
72.9396 -7.06807
72.9648 -7.00224
72.9901 -6.93647
73.0154 -6.87061
73.0408 -6.80466
73.0663 -6.73862
73.0919 -6.67249
73.1175 -6.60653
73.1431 -6.54063
73.1688 -6.47473
73.1945 -6.40873
73.2202 -6.34301
73.246 -6.2772
73.2719 -6.21132
73.2977 -6.14557
73.3236 -6.07987
73.3496 -6.01415
73.3755 -5.94842
73.4014 -5.88264
73.4273 -5.81677
73.4533 -5.75081
73.4794 -5.68477
73.5056 -5.61864
73.5317 -5.55266
73.558 -5.4866
73.5843 -5.42045
73.6107 -5.35421
73.6371 -5.28788
73.6637 -5.22146
73.6903 -5.15496
73.717 -5.08836
73.7437 -5.02168
73.7705 -4.95491
73.7974 -4.88805
73.8244 -4.82131
73.8513 -4.75463
73.8783 -4.6879
73.9054 -4.6211
73.9326 -4.55421
73.9598 -4.48725
73.9871 -4.42025
74.0144 -4.35315
74.0418 -4.28618
74.0692 -4.21914
74.0967 -4.15201
74.1242 -4.08511
74.1517 -4.01852
74.1792 -3.95192
74.2067 -3.88547
74.2343 -3.8191
74.2619 -3.75271
74.2896 -3.68627
74.3173 -3.61974
74.3451 -3.55315
74.3728 -3.48709
74.4006 -3.42101
74.4284 -3.35485
74.4563 -3.28861
74.4836 -3.22269
74.5109 -3.15672
74.5383 -3.09065
74.5656 -3.02485
74.593 -2.95901
74.6205 -2.89315
74.648 -2.82722
74.6756 -2.76119
74.7032 -2.69519
74.7309 -2.62927
74.7586 -2.56334
74.7863 -2.49756
74.8141 -2.43186
74.8419 -2.36607
74.8698 -2.30022
74.8978 -2.2343
74.9258 -2.16829
74.9539 -2.10221
74.982 -2.0361
75.0103 -1.96991
75.0385 -1.90381
75.0668 -1.83773
75.0951 -1.77185
75.1234 -1.70616
75.1517 -1.64041
75.1801 -1.57463
75.2086 -1.5088
75.2372 -1.4429
75.2658 -1.37692
75.2944 -1.31085
75.3232 -1.24472
75.352 -1.17853
75.3809 -1.11227
75.4099 -1.04592
75.4389 -0.979489
75.468 -0.912978
75.4971 -0.846535
75.5261 -0.780743
75.5549 -0.715926
75.5837 -0.651082
75.6125 -0.586159
75.6415 -0.521222
75.6704 -0.456426
75.6993 -0.39173
75.7284 -0.326955
75.7575 -0.262142
75.7866 -0.197267
75.8158 -0.132313
75.8451 -0.067281
75.8745 -0.00220087
75.9039 0.0629559
75.9334 0.128113
75.9629 0.193175
75.9924 0.258241
76.022 0.323289
76.0516 0.388396
76.0814 0.45358
76.1111 0.518843
76.141 0.584114
76.1708 0.649252
76.2008 0.714451
76.2307 0.779699
76.2608 0.844992
76.2909 0.910347
76.3211 0.97578
76.3513 1.04129
76.3817 1.10688
76.412 1.17241
76.4424 1.23798
76.4729 1.30362
76.5035 1.36932
76.5341 1.43499
76.5647 1.50071
76.5955 1.56651
76.6262 1.63204
76.6569 1.69762
76.6878 1.76327
76.7187 1.82899
76.7496 1.8948
76.7807 1.96064
76.8115 2.02569
76.8424 2.09064
76.8733 2.15567
76.9041 2.22016
76.9349 2.28455
76.9658 2.34902
76.9968 2.41357
77.0277 2.47795
77.0587 2.54228
77.0898 2.60661
77.1209 2.67101
77.1521 2.73548
77.1833 2.79994
77.2146 2.86446
77.2459 2.92906
77.2774 2.99372
77.3089 3.05843
77.3404 3.12322
77.3721 3.18808
77.4038 3.25301
77.4356 3.31801
77.4674 3.38305
77.4992 3.44799
77.531 3.51295
77.5627 3.57751
77.5945 3.6421
77.6264 3.70677
77.6583 3.77151
77.6903 3.83632
77.7224 3.9012
77.7545 3.9659
77.7865 4.03029
77.8185 4.09464
77.8506 4.15904
77.8828 4.22344
77.915 4.28771
77.9472 4.35192
77.9794 4.41615
78.0117 4.48046
78.0441 4.5448
78.0766 4.60914
78.1091 4.67356
78.1416 4.73795
78.1742 4.80239
78.2069 4.86691
78.2396 4.93147
78.2724 4.99628
78.3052 5.06119
78.338 5.12611
78.3709 5.19107
78.4037 5.25567
78.4363 5.31953
78.469 5.38344
78.5015 5.4466
78.534 5.50968
78.5666 5.57278
78.5992 5.63587
78.6319 5.69902
78.6646 5.76221
78.6974 5.82545
78.7302 5.88868
78.7631 5.9518
78.796 6.01492
78.8289 6.07808
78.8619 6.14123
78.895 6.20436
78.9281 6.26753
78.9612 6.33071
78.9944 6.39392
79.0276 6.45701
79.0608 6.52003
79.0941 6.58312
79.1275 6.64622
79.1609 6.70924
79.1943 6.77229
79.2278 6.8354
79.2613 6.89857
79.2949 6.96154
79.3284 7.0245
79.3621 7.08752
79.3957 7.1502
79.4293 7.21284
79.4627 7.2749
79.4962 7.33695
79.5298 7.39902
79.5634 7.4611
79.597 7.52325
79.6308 7.58546
79.6646 7.64768
79.6984 7.70991
79.7322 7.77206
79.7661 7.83409
79.8 7.89602
79.8338 7.95777
79.8677 8.01959
79.9017 8.08147
79.9357 8.14328
79.9697 8.20482
80.0037 8.26638
80.0378 8.328
80.0719 8.38965
80.106 8.45114
80.1402 8.5126
80.1744 8.57409
80.2087 8.63565
80.243 8.69727
80.2774 8.75875
80.3117 8.82004
80.3461 8.88137
80.3805 8.94277
80.415 9.00422
80.4496 9.06575
80.4842 9.12727
80.5189 9.18879
80.5536 9.25033
80.5884 9.31186
80.6232 9.37344
80.658 9.43482
80.6928 9.49613
80.7277 9.5575
80.7626 9.61874
80.7975 9.6799
80.8324 9.74092
80.8674 9.80191
80.9023 9.8629
80.9373 9.92376
80.9723 9.98468
81.0075 10.0457
81.0425 10.1063
81.0774 10.1665
81.1124 10.2267
81.1474 10.2869
81.1825 10.3473
81.2177 10.4077
81.2529 10.4681
81.2881 10.5283
81.3233 10.5885
81.3585 10.6485
81.3937 10.7084
81.429 10.7684
81.4644 10.8284
81.4998 10.8885
81.5352 10.9486
81.5707 11.0087
81.6063 11.0687
81.6418 11.1288
81.6774 11.1888
81.7131 11.2488
81.7488 11.3088
81.7845 11.3689
81.8204 11.4291
81.8563 11.4893
81.8923 11.5496
81.9283 11.61
81.9644 11.6704
82.0006 11.7308
82.0368 11.7914
82.0731 11.8519
82.1094 11.9125
82.1459 11.9732
82.1823 12.0339
82.2189 12.0947
82.2555 12.1556
82.2922 12.2165
82.329 12.2774
82.3658 12.3385
82.4027 12.3996
82.4396 12.4607
82.4766 12.5219
82.5137 12.5832
82.5509 12.6445
82.5881 12.7059
82.6254 12.7673
82.6627 12.8287
82.7001 12.8901
82.7375 12.9516
82.775 13.013
82.8123 13.0739
82.8497 13.1348
82.8871 13.1958
82.9246 13.2569
82.9622 13.318
82.9997 13.3788
83.0372 13.4396
83.0748 13.5003
83.1124 13.5612
83.1501 13.622
83.1879 13.6829
83.2258 13.7439
83.2637 13.805
83.3016 13.8661
83.3397 13.9272
83.3778 13.9884
83.4158 14.0493
83.4539 14.1103
83.4921 14.1713
83.5303 14.2324
83.5687 14.2936
83.607 14.3548
83.6455 14.4161
83.684 14.4774
83.7226 14.5388
83.7612 14.6002
83.7999 14.6617
83.8387 14.7233
83.8775 14.7849
83.9165 14.8466
83.9554 14.9083
83.9945 14.9701
84.0336 15.0319
84.0728 15.0938
84.112 15.1557
84.1513 15.2177
84.1906 15.2796
84.2301 15.3416
84.2695 15.4037
84.3091 15.4659
84.3487 15.528
84.3884 15.5903
84.4281 15.6525
84.4679 15.7147
84.5077 15.7769
84.5476 15.8392
84.5875 15.9021
84.6275 15.9653
84.6674 16.0283
84.7075 16.0913
84.7475 16.1544
84.7877 16.2175
84.8279 16.2807
84.868 16.3434
84.9079 16.4056
84.948 16.468
84.9881 16.5303
85.0281 16.5925
85.0682 16.6547
85.1084 16.7169
85.1486 16.7791
85.1889 16.8414
85.2293 16.9038
85.2697 16.9662
85.3101 17.0285
85.3506 17.0909
85.3912 17.1533
85.4318 17.2157
85.4724 17.278
85.5131 17.3404
85.5538 17.4027
85.5946 17.4651
85.6354 17.5276
85.6763 17.5901
85.7173 17.6526
85.7584 17.7152
85.7995 17.7779
85.8406 17.8405
85.8819 17.9032
85.9232 17.966
85.9645 18.0288
86.006 18.0917
86.0474 18.1546
86.0886 18.2166
86.1298 18.2785
86.171 18.3405
86.2123 18.4025
86.2537 18.4645
86.2952 18.5266
86.3367 18.5888
86.3783 18.6511
86.4199 18.7133
86.4616 18.7756
86.5034 18.838
86.5452 18.9003
86.5871 18.9628
86.629 19.0252
86.671 19.0877
86.713 19.15
86.7551 19.2124
86.7972 19.2748
86.8393 19.3372
86.8815 19.3996
86.9238 19.4621
86.9662 19.5247
87.0086 19.5873
87.051 19.6499
87.0936 19.7126
87.1362 19.7754
87.1789 19.8381
87.2216 19.9009
87.2644 19.9638
87.3072 20.0267
87.3502 20.0896
87.3931 20.1525
87.4361 20.2154
87.4791 20.2783
87.5222 20.3411
87.5653 20.4039
87.6084 20.4668
87.6516 20.5297
87.6949 20.5926
87.7383 20.6555
87.7817 20.7185
87.8251 20.7816
87.8687 20.8447
87.9123 20.9078
87.9559 20.9711
87.9997 21.0343
88.0435 21.0976
88.0873 21.1609
88.1312 21.2242
88.1751 21.2872
88.2188 21.35
88.2626 21.4127
88.3065 21.4755
88.3504 21.5382
88.3943 21.6008
88.4382 21.6635
88.4822 21.7262
88.5263 21.789
88.5705 21.8518
88.6147 21.9147
88.659 21.9776
88.7033 22.0405
88.7477 22.1035
88.7922 22.1666
88.8367 22.2297
88.8813 22.2927
88.9259 22.3558
88.9706 22.4187
89.0152 22.4817
89.06 22.5447
89.1048 22.6077
89.1496 22.6708
89.1946 22.734
89.2396 22.7972
89.2845 22.8602
89.3292 22.9224
89.374 22.9847
89.4188 23.047
89.4637 23.1094
89.5086 23.1718
89.5536 23.2343
89.5986 23.2964
89.6435 23.3586
89.6886 23.4209
89.7337 23.4836
89.7789 23.5464
89.8241 23.6093
89.8694 23.6722
89.9148 23.7352
89.9602 23.7982
90.0057 23.8613
90.0513 23.9244
90.0968 23.9874
90.1424 24.0504
90.1881 24.1134
90.2338 24.1763
90.2795 24.2393
90.3253 24.3023
90.3712 24.3654
90.4171 24.4285
90.4631 24.4917
90.5092 24.5549
90.5553 24.6182
90.6015 24.6815
90.6473 24.7437
90.6931 24.806
90.739 24.8683
90.7849 24.9305
90.8309 24.9928
90.8769 25.0551
90.923 25.1175
90.9692 25.1798
91.0154 25.2422
91.0616 25.3046
91.108 25.367
91.1544 25.4296
91.2008 25.4921
91.2474 25.5548
91.2939 25.6174
91.3405 25.6799
91.3871 25.7424
91.4337 25.8046
91.48 25.8663
91.5263 25.928
91.5727 25.9897
91.6191 26.0515
91.6655 26.1133
91.7121 26.1752
91.7587 26.2371
91.8054 26.2991
91.8521 26.3611
91.8989 26.4231
91.9457 26.4851
91.9926 26.5471
92.0395 26.6091
92.0865 26.6711
92.1335 26.7331
92.1806 26.7952
92.2277 26.8574
92.275 26.9196
92.3223 26.9818
92.3696 27.0441
92.4171 27.1065
92.4645 27.1687
92.5119 27.2308
92.5593 27.2929
92.6068 27.355
92.6544 27.4171
92.702 27.4792
92.7497 27.5414
92.7974 27.6037
92.8452 27.666
92.8931 27.7283
92.941 27.7906
92.989 27.8531
93.0371 27.9155
93.0852 27.9779
93.133 28.0397
93.1809 28.1014
93.2288 28.1633
93.2768 28.225
93.3248 28.2867
93.3728 28.3484
93.4209 28.4102
93.4691 28.472
93.5174 28.5339
93.5657 28.5958
93.6141 28.6578
93.6625 28.7198
93.7111 28.7819
93.7597 28.844
93.8083 28.9061
93.8569 28.9682
93.9054 29.0297
93.9537 29.0908
94.0021 29.152
94.0505 29.2131
94.0989 29.2742
94.1474 29.3353
94.1959 29.3965
94.2445 29.4577
94.2932 29.5189
94.3419 29.5801
94.3907 29.6414
94.4395 29.7027
94.4884 29.7641
94.5374 29.8255
94.5865 29.887
94.6356 29.9485
94.6847 30.0101
94.7338 30.0713
94.7826 30.1318
94.8314 30.1923
94.8803 30.2529
94.9293 30.3135
94.9783 30.3741
95.0272 30.4346
95.0763 30.4951
95.1254 30.5557
95.1745 30.6162
95.2238 30.6769
95.2729 30.7373
95.3219 30.7972
95.3709 30.8571
95.42 30.9171
95.4692 30.9771
95.5184 31.0372
95.5677 31.0973
95.617 31.1574
95.6664 31.2175
95.7158 31.2775
95.7652 31.3376
95.8147 31.3977
95.8643 31.4579
95.914 31.5181
95.9636 31.5782
96.0132 31.6383
96.063 31.6984
96.1128 31.7586
96.1626 31.8188
96.2125 31.8788
96.2623 31.9388
96.3122 31.9989
96.3622 32.0589
96.4122 32.119
96.4623 32.1792
96.5125 32.2394
96.5626 32.2995
96.6128 32.3596
96.663 32.4196
96.713 32.4792
96.763 32.5386
96.8131 32.598
96.8632 32.6575
96.9134 32.717
96.9636 32.7766
97.0139 32.8362
97.0643 32.8958
97.1147 32.9554
97.1651 33.0151
97.2156 33.0747
97.2662 33.1343
97.3168 33.194
97.3671 33.2531
97.4173 33.3118
97.4676 33.3706
97.518 33.4294
97.5684 33.4882
97.6188 33.547
97.6693 33.6058
97.7198 33.6647
97.7704 33.7235
97.8211 33.7824
97.8717 33.8413
97.9225 33.9002
97.9733 33.9591
98.0241 34.018
98.0745 34.076
98.1249 34.1339
98.1755 34.1919
98.226 34.2499
98.2766 34.3079
98.3272 34.3659
98.3779 34.4239
98.4286 34.482
98.4792 34.5395
98.5297 34.5969
98.5802 34.6543
98.6308 34.7116
98.6814 34.769
98.732 34.8264
98.7828 34.8838
98.8335 34.9413
98.8844 34.9987
98.9352 35.0562
98.9861 35.1136
99.0371 35.1711
99.0882 35.2287
99.1393 35.2863
99.1904 35.3439
99.2416 35.4016
99.2928 35.4591
99.344 35.5166
99.3953 35.5741
99.4466 35.6316
99.4979 35.689
99.5492 35.7462
99.6005 35.8035
99.6518 35.8607
99.7032 35.9179
99.7545 35.9749
99.8057 36.0316
99.8569 36.0883
99.9082 36.145
99.9595 36.2017
100.011 36.2585
100.062 36.3148
100.113 36.3711
100.165 36.4274
100.216 36.4835
100.267 36.5394
100.318 36.5954
100.37 36.6515
100.421 36.7075
100.472 36.7636
100.524 36.8198
100.575 36.8759
100.627 36.9322
100.679 36.9884
100.73 37.0447
100.782 37.1009
100.834 37.1572
100.886 37.2135
100.937 37.2695
100.989 37.3255
101.041 37.3816
101.093 37.4377
101.145 37.4934
101.196 37.549
101.248 37.6047
101.3 37.6604
101.352 37.7159
101.404 37.7712
101.456 37.8265
101.507 37.8815
101.559 37.9366
101.611 37.9917
101.663 38.0468
101.714 38.1019
101.766 38.1571
101.818 38.2123
101.871 38.2676
101.923 38.3229
101.975 38.3782
102.027 38.4336
102.079 38.489
102.132 38.5444
102.184 38.5999
102.237 38.6555
102.289 38.711
102.342 38.7666
102.395 38.8223
102.447 38.8779
102.5 38.9336
102.553 38.9894
102.606 39.0452
102.659 39.101
102.712 39.1569
102.765 39.2128
102.818 39.2687
102.871 39.3247
102.925 39.3807
102.978 39.4368
103.031 39.4929
103.085 39.549
103.138 39.6052
103.192 39.6614
103.246 39.7176
103.299 39.7739
103.353 39.8302
103.407 39.8866
103.461 39.943
103.515 39.9994
103.569 40.0559
103.623 40.1124
103.677 40.169
103.731 40.2256
103.785 40.2822
103.84 40.3388
103.894 40.3955
103.949 40.4523
104.003 40.5091
104.058 40.5659
104.112 40.6227
104.167 40.6796
104.222 40.7365
104.277 40.7935
104.331 40.8505
104.386 40.9076
104.441 40.9646
104.496 41.0218
104.552 41.0789
104.607 41.1361
104.662 41.1933
104.717 41.2506
104.773 41.3079
104.828 41.3652
104.883 41.4223
104.938 41.4795
104.993 41.5367
105.048 41.5939
105.104 41.6512
105.159 41.7085
105.214 41.7658
105.27 41.8232
105.325 41.8807
105.381 41.9381
105.437 41.9956
105.492 42.0532
105.548 42.1108
105.604 42.1684
105.66 42.226
105.716 42.2837
105.772 42.3415
105.828 42.3992
105.884 42.457
105.94 42.5149
105.997 42.5728
106.053 42.6307
106.109 42.6887
106.166 42.7467
106.222 42.8047
106.279 42.8628
106.336 42.9209
106.392 42.979
106.449 43.0372
106.506 43.0954
106.563 43.1537
106.62 43.212
106.677 43.2703
106.734 43.3287
106.791 43.3871
106.848 43.4456
106.906 43.504
106.963 43.5625
107.02 43.621
107.078 43.6796
107.135 43.7382
107.193 43.7969
107.25 43.8555
107.308 43.9143
107.366 43.973
107.423 44.0318
107.481 44.0906
107.539 44.1495
107.597 44.2084
107.655 44.2674
107.713 44.3264
107.771 44.3854
107.83 44.4444
107.888 44.5035
107.946 44.5627
108.005 44.6219
108.063 44.6811
108.122 44.7403
108.18 44.7996
108.239 44.8589
108.298 44.9183
108.357 44.9777
108.416 45.0371
108.474 45.0966
108.533 45.1561
108.593 45.2157
108.652 45.2753
108.711 45.3349
108.77 45.3946
108.829 45.4543
108.889 45.514
108.948 45.5738
109.008 45.6336
109.067 45.6935
109.127 45.7534
109.187 45.8133
109.247 45.8733
109.306 45.9333
109.366 45.9934
109.426 46.0535
109.486 46.1136
109.546 46.1737
109.607 46.2339
109.667 46.2942
109.727 46.3545
109.787 46.4148
109.848 46.4751
109.908 46.5355
109.969 46.5959
110.03 46.6564
110.09 46.7169
110.151 46.7775
110.212 46.838
110.273 46.8987
110.334 46.9593
110.395 47.02
110.456 47.0807
110.517 47.1415
110.578 47.2023
110.639 47.2632
110.701 47.324
110.762 47.385
110.824 47.4459
110.885 47.5069
110.947 47.568
111.009 47.629
111.07 47.6901
111.132 47.7513
111.194 47.8125
111.256 47.8737
111.318 47.935
111.38 47.9963
111.442 48.0576
111.504 48.119
111.567 48.1804
111.629 48.2419
111.691 48.3034
111.754 48.3649
111.816 48.4265
111.879 48.4881
111.942 48.5497
112.004 48.6114
112.067 48.6731
112.13 48.7349
112.193 48.7967
112.256 48.8585
112.319 48.9204
112.382 48.9823
112.445 49.0438
112.508 49.1051
112.571 49.1664
112.634 49.2278
112.697 49.2892
112.761 49.3506
112.824 49.4121
112.887 49.4736
112.95 49.5352
113.014 49.5968
113.077 49.6584
113.141 49.72
113.205 49.7817
113.268 49.8435
113.332 49.9053
113.396 49.9671
113.46 50.0289
113.524 50.0908
113.588 50.1527
113.652 50.2147
113.716 50.2767
113.78 50.3387
113.845 50.4008
113.909 50.4629
113.974 50.5251
114.038 50.5872
114.103 50.6495
114.167 50.7117
114.232 50.774
114.297 50.8364
114.362 50.8987
114.427 50.9612
114.491 51.0236
114.557 51.0861
114.622 51.1486
114.687 51.2112
114.752 51.2738
114.817 51.3364
114.883 51.3991
114.948 51.4618
115.014 51.5245
115.079 51.5873
115.145 51.6502
115.211 51.713
115.277 51.7759
115.342 51.8389
115.408 51.9018
115.474 51.9648
115.54 52.0279
115.607 52.091
115.673 52.1541
115.739 52.2173
115.805 52.2805
115.872 52.3437
115.938 52.407
116.005 52.4703
116.072 52.5337
116.138 52.597
116.205 52.6605
116.272 52.7239
116.339 52.7874
116.406 52.851
116.473 52.9145
116.54 52.9782
116.607 53.0418
116.674 53.1055
116.742 53.1692
116.809 53.233
116.876 53.2968
116.944 53.3606
117.011 53.4245
117.079 53.4884
117.147 53.5524
117.215 53.6164
117.283 53.6804
117.35 53.7445
117.418 53.8086
117.487 53.8727
117.555 53.9369
117.623 54.0011
117.691 54.0653
117.759 54.1296
117.828 54.194
117.896 54.2583
117.965 54.3227
118.034 54.3872
118.102 54.4516
118.171 54.5162
118.24 54.5807
118.309 54.6453
118.376 54.7064
118.442 54.7653
118.507 54.8242
118.573 54.8832
118.639 54.9422
118.705 55.0012
118.771 55.0602
118.837 55.1193
118.903 55.1784
118.97 55.2376
119.036 55.2968
119.102 55.356
119.169 55.4152
119.235 55.4745
119.302 55.5338
119.368 55.5932
119.435 55.6526
119.502 55.712
119.569 55.7714
119.635 55.8309
119.702 55.8904
119.769 55.95
119.836 56.0096
119.904 56.0692
119.971 56.1289
120.038 56.1886
120.105 56.2483
120.173 56.308
120.24 56.3678
120.308 56.4276
120.375 56.4875
120.436 56.5355
120.491 56.5744
120.546 56.6133
120.602 56.6523
120.657 56.6912
120.712 56.7302
120.768 56.7691
120.823 56.8082
120.879 56.8472
120.934 56.8862
120.99 56.9253
121.046 56.9644
121.101 57.0035
121.157 57.0426
121.212 57.0814
121.268 57.12
121.323 57.1587
121.379 57.1974
121.434 57.2362
121.49 57.2749
121.545 57.3137
121.601 57.3525
121.657 57.3913
121.712 57.4302
121.768 57.469
121.824 57.5079
121.88 57.5468
121.936 57.5857
121.992 57.6247
122.048 57.6637
122.104 57.7026
122.16 57.7417
122.216 57.7807
122.272 57.8197
122.328 57.8588
122.384 57.8979
122.441 57.937
122.497 57.9761
122.553 58.0153
122.61 58.0545
122.666 58.0937
122.723 58.1329
122.779 58.1721
122.836 58.2114
122.892 58.2507
122.945 58.2833
122.996 58.3135
123.047 58.3438
123.098 58.374
123.149 58.4042
123.2 58.4345
123.251 58.4648
123.302 58.4951
123.353 58.5254
123.404 58.5558
123.456 58.5861
123.507 58.6165
123.558 58.6468
123.61 58.6772
123.661 58.7077
123.712 58.7381
123.763 58.7677
123.813 58.7965
123.863 58.8253
123.914 58.8541
123.964 58.8829
124.014 58.9117
124.064 58.9406
124.114 58.9694
124.165 58.9983
124.214 59.0252
124.261 59.0511
124.309 59.0769
124.357 59.1027
124.405 59.1285
124.453 59.1544
124.501 59.1803
124.549 59.2062
124.597 59.2321
124.645 59.258
124.693 59.2839
124.742 59.3099
124.79 59.3358
124.838 59.3618
124.886 59.3878
124.934 59.4138
124.983 59.4398
125.031 59.4658
125.079 59.4918
125.128 59.5179
125.176 59.5439
125.224 59.57
125.273 59.5961
125.321 59.6222
125.37 59.6483
125.418 59.6745
125.467 59.7006
125.516 59.7268
125.564 59.753
125.613 59.7791
125.662 59.8053
125.71 59.8316
125.759 59.8578
125.808 59.884
125.857 59.9103
125.905 59.9366
125.954 59.9628
126.003 59.9891
126.052 60.0155
126.101 60.0418
126.15 60.0681
126.199 60.0945
126.248 60.1208
126.297 60.1469
126.345 60.1705
126.394 60.1882
126.442 60.2059
126.491 60.2237
126.539 60.2414
126.588 60.2592
126.636 60.2769
126.685 60.2947
126.733 60.3125
126.782 60.3303
126.831 60.3481
126.879 60.3659
126.928 60.3837
126.977 60.4015
127.026 60.4194
127.074 60.4372
127.123 60.4551
127.172 60.4729
127.221 60.4908
127.27 60.5087
127.319 60.5266
127.368 60.5445
127.417 60.5624
127.466 60.5803
127.515 60.5982
127.564 60.6162
127.613 60.6341
127.662 60.6521
127.712 60.67
127.761 60.688
127.81 60.706
127.859 60.724
127.909 60.742
127.958 60.76
128.007 60.778
128.057 60.796
128.106 60.8141
128.155 60.8321
128.205 60.8502
128.254 60.8682
128.304 60.8863
128.353 60.9044
128.403 60.9225
128.453 60.9406
128.502 60.9587
128.552 60.9768
128.602 60.995
128.651 61.0131
128.701 61.0312
128.751 61.0494
128.801 61.0676
128.85 61.0857
128.9 61.1039
128.95 61.1221
129 61.1403
129.05 61.1585
129.1 61.1768
129.15 61.195
129.2 61.2132
129.25 61.2315
129.3 61.2497
129.35 61.268
129.401 61.2863
129.451 61.3046
129.501 61.3229
129.551 61.3412
129.601 61.3595
129.652 61.3778
129.702 61.3961
129.752 61.4145
129.803 61.4328
129.853 61.4512
129.904 61.4696
129.954 61.4879
130.005 61.5063
130.055 61.5247
130.106 61.5431
130.156 61.5616
130.207 61.58
130.258 61.5984
130.308 61.6169
130.359 61.6353
130.41 61.6538
130.46 61.6722
130.511 61.6907
130.562 61.7092
130.613 61.7277
130.664 61.7462
130.715 61.7647
130.766 61.7833
130.817 61.8018
130.868 61.8203
130.919 61.8389
130.97 61.8575
131.021 61.876
131.072 61.8946
131.123 61.9132
131.174 61.9318
131.225 61.9504
131.277 61.969
131.328 61.9877
131.379 62.0063
131.43 62.0249
131.482 62.0436
131.533 62.0623
131.585 62.0809
131.636 62.0996
131.687 62.1183
131.739 62.137
131.791 62.1557
