0.1 -0.223075
0.2 -0.44729
0.3 -0.672157
0.4 -0.897851
0.5 -1.12438
0.6 -1.35175
0.7 -1.57997
0.8 -1.80905
0.9 -2.039
1 -2.26983
0.97482 -2.44565
1.94783 -2.62186
2.9194 -2.79869
3.88855 -2.97585
4.85497 -3.15334
5.81921 -3.3311
6.78096 -3.50902
7.74029 -3.68723
8.69717 -3.86557
9.65173 -4.04412
10.6039 -4.22284
11.5536 -4.40167
12.5008 -4.58058
13.4456 -4.75961
14.3879 -4.93877
15.3277 -5.11806
16.2652 -5.29751
17.2001 -5.47707
18.1327 -5.65675
19.0627 -5.83656
19.9903 -6.01648
20.9155 -6.19652
21.8382 -6.37668
22.7585 -6.55695
23.6763 -6.73734
24.5916 -6.91785
25.5045 -7.09851
26.4151 -7.2793
27.3231 -7.46022
28.2288 -7.64127
29.132 -7.82245
30.0328 -8.00375
30.9312 -8.18518
31.8272 -8.36674
32.7207 -8.54827
33.6118 -8.72976
34.5006 -8.91135
35.3868 -9.09306
36.2707 -9.27489
37.1522 -9.45641
38.0313 -9.63805
38.908 -9.81981
39.7823 -10.0017
40.6542 -10.1837
41.5237 -10.3658
42.3909 -10.5481
43.2556 -10.7304
44.118 -10.9126
44.978 -11.095
45.8356 -11.2775
46.6909 -11.4601
47.5438 -11.6428
48.3943 -11.8257
49.2424 -12.0087
50.0882 -12.1918
50.9316 -12.3751
51.7727 -12.5585
52.6114 -12.742
53.4478 -12.9256
54.2818 -13.1094
55.1134 -13.2933
55.9428 -13.4774
56.7697 -13.6616
57.5944 -13.846
58.4167 -14.0305
59.2367 -14.2152
60.0543 -14.4001
60.8696 -14.5851
61.6826 -14.7702
62.4933 -14.9555
63.3017 -15.141
64.1077 -15.3266
64.9114 -15.5124
65.7128 -15.6983
66.5119 -15.8843
67.3087 -16.0706
68.1031 -16.257
68.8953 -16.4435
69.6851 -16.6302
70.4727 -16.8171
71.258 -17.0042
72.0409 -17.1914
72.8216 -17.3788
73.6 -17.5664
74.3761 -17.7541
75.1499 -17.942
75.9214 -18.1301
76.6907 -18.3184
77.4576 -18.5068
78.2223 -18.6955
78.9847 -18.8843
79.7449 -19.0733
80.5027 -19.2625
81.2583 -19.4518
82.0117 -19.6414
82.7627 -19.8312
83.5116 -20.0212
84.2581 -20.2113
85.0024 -20.4017
85.7444 -20.5923
86.4842 -20.7831
87.2218 -20.974
87.9571 -21.1652
88.6901 -21.3567
89.4209 -21.5483
90.1495 -21.7401
90.8758 -21.9322
91.5999 -22.1245
92.3218 -22.317
93.0414 -22.5097
93.7588 -22.7027
94.4739 -22.8959
95.1869 -23.0893
95.8976 -23.283
96.6061 -23.4769
97.3123 -23.6711
98.0164 -23.8655
98.7182 -24.0601
99.4178 -24.255
100.115 -24.4502
100.81 -24.6456
101.503 -24.8413
102.194 -25.0372
102.883 -25.2334
103.569 -25.4299
104.253 -25.6266
104.935 -25.8237
105.615 -26.021
106.293 -26.2185
106.968 -26.4164
107.641 -26.6145
108.312 -26.813
108.981 -27.0117
109.648 -27.2107
110.312 -27.4101
110.974 -27.6097
111.634 -27.8097
112.292 -28.0099
112.948 -28.2105
113.601 -28.4114
114.253 -28.6127
114.902 -28.8142
115.549 -29.0161
116.194 -29.2183
116.836 -29.4209
117.477 -29.6238
118.115 -29.8271
118.751 -30.0307
119.385 -30.2347
120.017 -30.4391
120.647 -30.6438
121.274 -30.8489
121.9 -31.0544
122.523 -31.2602
123.144 -31.4665
123.763 -31.6731
124.379 -31.8802
124.994 -32.0876
125.606 -32.2955
126.217 -32.5038
126.825 -32.7125
127.431 -32.9216
128.031 -33.1308
128.621 -33.3395
129.199 -33.5474
129.754 -33.7533
130.26 -33.9543
130.749 -34.1539
131.235 -34.3539
131.719 -34.5541
132.201 -34.7547
132.679 -34.9555
133.156 -35.1567
133.63 -35.3582
134.101 -35.56
134.57 -35.7622
135.036 -35.9647
135.499 -36.1675
135.96 -36.3707
136.419 -36.5743
136.875 -36.7782
137.328 -36.9825
137.778 -37.1872
138.226 -37.3923
138.672 -37.5977
139.114 -37.8035
139.554 -38.0096
139.99 -38.216
140.423 -38.4229
140.85 -38.6303
141.274 -38.838
141.694 -39.0461
142.108 -39.2547
142.518 -39.4637
142.925 -39.6733
143.322 -39.8826
143.711 -40.0919
144.084 -40.2989
144.45 -40.5056
144.812 -40.7126
145.155 -40.9163
145.492 -41.1199
145.825 -41.3236
146.15 -41.5263
146.458 -41.7265
146.759 -41.926
147.041 -42.1219
147.295 -42.312
147.522 -42.4961
147.706 -42.6706
147.868 -42.84
147.987 -42.9989
148.067 -43.1479
148.075 -43.2773
147.93 -43.3643
147.445 -43.3638
147.214 -43.4139
147.016 -43.5066
146.767 -43.5677
146.635 -43.659
146.538 -43.7594
145.851 -43.7335
145.638 -43.7547
145.685 -43.8814
145.721 -44.0107
145.745 -44.1488
145.758 -44.2833
145.784 -44.4228
145.9 -44.5931
146.009 -44.7622
146.06 -44.9106
146.085 -45.0972
146.169 -45.3152
146.23 -45.5244
146.299 -45.7422
146.358 -46.0406
146.407 -46.337
146.452 -46.6357
146.468 -46.9242
146.445 -47.216
146.463 -47.6184
146.503 -48.1036
146.539 -48.6127
146.562 -49.2131
146.606 -50.0054
146.604 -51.2081
146.551 -52.9292
146.427 -55.2366
145.852 -60.6949
145.931 -61.7784
145.605 -65.5761
132.037 -69
131.977 -69
131.899 -69
131.795 -69
131.749 -69
131.765 -69
131.783 -69
131.819 -69
131.833 -69
131.836 -69
131.82 -69
131.797 -69
131.749 -69
131.657 -69
131.555 -69
131.447 -69
131.359 -69
131.301 -69
131.241 -69
131.177 -69
131.108 -69
131.034 -69
130.955 -69
130.865 -69
130.769 -69
130.664 -69
130.548 -69
130.422 -69
130.279 -69
130.116 -69
129.941 -69
129.749 -69
129.567 -69
129.389 -69
129.205 -69
129.019 -69
128.837 -69
128.649 -69
128.447 -69
128.234 -69
128.023 -69
127.823 -69
127.623 -69
127.434 -69
127.268 -69
127.1 -69
126.944 -69
126.798 -69
126.651 -69
126.501 -69
126.35 -69
126.195 -69
126.038 -69
125.878 -69
125.717 -69
125.552 -69
125.384 -69
125.213 -69
125.041 -69
124.872 -69
124.704 -69
124.547 -69
124.389 -69
124.247 -69
124.103 -69
123.962 -69
123.824 -69
123.685 -69
123.545 -69
123.404 -69
123.264 -69
123.127 -69
122.99 -69
122.848 -69
122.705 -69
122.561 -69
122.417 -69
122.272 -69
122.126 -69
121.979 -69
121.831 -69
121.683 -69
121.534 -69
121.384 -69
121.234 -69
121.081 -69
120.926 -69
120.772 -69
120.617 -69
120.461 -69
120.303 -69
120.144 -69
119.99 -69
119.836 -69
119.681 -69
119.525 -69
119.369 -69
119.215 -69
119.06 -69
118.905 -69
118.751 -69
118.598 -69
118.444 -69
118.29 -69
118.135 -69
117.979 -69
117.823 -69
117.665 -69
117.505 -69
117.345 -69
117.184 -69
117.023 -69
116.861 -69
116.698 -69
116.536 -69
116.375 -69
116.212 -69
116.05 -69
115.886 -69
115.724 -69
115.571 -69
115.418 -69
115.265 -69
115.111 -69
114.956 -69
114.801 -69
114.646 -69
114.491 -69
114.335 -69
114.203 -69
114.07 -69
113.937 -69
113.803 -69
113.669 -69
113.534 -69
113.4 -69
113.264 -69
113.129 -69
112.996 -69
112.862 -69
112.729 -69
112.595 -69
112.461 -69
112.327 -69
112.193 -69
112.058 -69
111.922 -69
111.787 -69
111.65 -69
111.513 -69
111.376 -69
111.238 -69
111.1 -69
110.962 -69
110.824 -69
110.685 -69
110.546 -69
110.407 -69
110.268 -69
110.128 -69
109.988 -69
109.847 -69
109.706 -69
109.562 -69
109.415 -69
109.268 -69
109.121 -69
108.974 -69
108.823 -69
108.675 -69
108.525 -69
108.379 -69
108.254 -69
108.139 -69
108.023 -69
107.909 -69
107.794 -69
107.679 -69
107.563 -69
107.448 -69
107.344 -69
107.242 -69
107.141 -69
107.038 -69
106.936 -69
106.834 -69
106.731 -69
106.628 -69
106.525 -69
106.421 -69
106.317 -69
106.211 -69
106.106 -69
106 -69
105.894 -69
105.787 -69
105.68 -69
105.576 -69
105.472 -69
105.367 -69
105.263 -69
105.158 -69
105.053 -69
104.948 -69
104.842 -69
104.736 -69
104.63 -69
104.524 -69
104.418 -69
104.311 -69
104.204 -69
104.096 -69
103.987 -69
103.879 -69
103.77 -69
103.661 -69
103.552 -69
103.443 -69
103.333 -69
103.224 -69
103.115 -69
103.006 -69
102.896 -69
102.788 -69
102.68 -69
102.571 -69
102.463 -69
102.355 -69
102.247 -69
102.138 -69
102.03 -69
101.921 -69
101.812 -69
101.703 -69
101.594 -69
101.483 -69
101.37 -69
101.257 -69
101.156 -69
101.063 -69
100.972 -69
100.882 -69
100.792 -69
100.702 -69
100.613 -69
100.524 -69
100.434 -69
100.345 -69
100.255 -69
100.166 -69
100.076 -69
99.9866 -69
99.8963 -69
99.8061 -69
99.7158 -69
99.6254 -69
99.535 -69
99.4446 -69
99.3541 -69
99.2635 -69
99.1729 -69
99.0837 -69
98.9945 -69
98.9054 -69
98.8162 -69
98.7269 -69
98.6377 -69
98.5484 -69
98.4591 -69
98.37 -69
98.281 -69
98.1919 -69
98.1029 -69
98.0138 -69
97.9255 -69
97.8425 -69
97.7595 -69
97.6765 -69
97.5937 -69
97.5115 -69
97.4293 -69
97.3472 -69
97.2649 -69
97.1827 -69
97.1004 -69
97.0181 -69
96.9358 -69
96.8535 -69
96.7711 -69
96.6887 -69
96.6062 -69
96.5238 -69
96.4413 -69
96.3588 -69
96.2765 -69
96.1942 -69
96.1119 -69
96.0296 -69
95.9474 -69
95.8656 -69
95.7838 -69
95.7017 -69
95.6197 -69
95.5376 -69
95.4556 -69
95.3738 -69
95.2932 -69
95.2126 -69
95.1319 -69
95.0513 -69
94.9708 -69
94.8902 -69
94.8095 -69
94.7372 -69
94.6665 -69
94.5958 -69
94.5251 -69
94.4544 -69
94.3837 -69
94.3129 -69
94.242 -69
94.1711 -69
94.1002 -69
94.0293 -69
93.9586 -69
93.8879 -69
93.8174 -69
93.7468 -69
93.6763 -69
93.6058 -69
93.5353 -69
93.4648 -69
93.3943 -69
93.3239 -69
93.2534 -69
93.183 -69
93.1126 -69
93.0422 -69
92.9718 -69
92.9014 -69
92.8311 -69
92.7607 -69
92.6904 -69
92.6201 -69
92.5498 -69
92.4795 -69
92.4092 -69
92.339 -69
92.2687 -69
92.1985 -69
92.1283 -69
92.0581 -69
91.988 -69
91.9178 -69
91.8477 -69
91.7777 -69
91.7077 -69
91.6377 -69
91.5677 -69
91.4977 -69
91.4278 -69
91.3578 -69
91.2879 -69
91.218 -69
91.1482 -69
91.0783 -69
91.0085 -69
90.9387 -69
90.8689 -69
90.7991 -69
90.7294 -69
90.6621 -69
90.5983 -69
90.5345 -69
90.4707 -69
90.407 -69
90.3433 -69
90.2796 -69
90.2159 -69
90.1522 -69
90.0886 -69
90.025 -69
89.9614 -69
89.8978 -69
89.8343 -69
89.7713 -69
89.7086 -69
89.6459 -69
89.5832 -69
89.5206 -69
89.458 -69
89.3954 -69
89.3328 -69
89.2703 -69
89.2078 -69
89.1453 -69
89.0828 -69
89.0203 -69
88.9579 -69
88.8955 -69
88.8331 -69
88.7707 -69
88.7084 -69
88.646 -69
88.5837 -69
88.5215 -69
88.4592 -69
88.397 -69
88.3348 -69
88.2726 -69
88.2105 -69
88.1483 -69
88.0862 -69
88.0241 -69
87.962 -69
87.8999 -69
87.8379 -69
87.7759 -69
87.7139 -69
87.6519 -69
87.59 -69
87.5281 -69
87.4662 -69
87.4044 -69
87.3426 -69
87.2808 -69
87.219 -69
87.1573 -69
87.0956 -69
87.0339 -69
86.9722 -69
86.9106 -69
86.849 -69
86.7875 -69
86.726 -69
86.6645 -69
86.603 -69
86.5416 -69
86.4802 -69
86.4188 -69
86.3575 -69
86.2967 -69
86.2404 -69
86.184 -69
86.1277 -69
86.0714 -69
86.0152 -69
85.959 -69
85.9028 -69
85.8466 -69
85.7905 -69
85.7344 -69
85.6783 -69
85.6222 -69
85.5662 -69
85.5102 -69
85.4543 -69
85.3984 -69
85.3425 -69
85.2866 -69
85.2308 -69
85.175 -69
85.1192 -69
85.0635 -69
85.0078 -69
84.9522 -69
84.8965 -69
84.8409 -69
84.7854 -69
84.7298 -69
84.6743 -69
84.6189 -69
84.5634 -69
84.508 -69
84.4527 -69
84.3973 -69
84.342 -69
84.2868 -69
84.2316 -69
84.1764 -69
84.1212 -69
84.0661 -69
84.011 -69
83.956 -69
83.901 -69
83.846 -69
83.791 -69
83.7361 -69
83.6813 -69
83.6265 -69
83.5717 -69
83.5169 -69
83.4622 -69
83.4075 -69
83.3529 -69
83.2983 -69
83.2438 -69
83.1893 -69
83.1348 -69
83.0804 -69
83.026 -69
82.9717 -69
82.9174 -69
82.8631 -69
82.8089 -69
82.7547 -69
82.7006 -69
82.6465 -69
82.5925 -69
82.5385 -69
82.4845 -69
82.4306 -69
82.3768 -69
82.323 -69
82.2692 -69
82.2155 -69
82.1618 -69
82.1082 -69
82.0546 -69
82.0011 -69
81.9476 -69
81.8942 -69
81.8408 -69
81.7875 -69
81.7342 -69
81.681 -69
81.6278 -69
81.5747 -69
81.5216 -69
81.4686 -69
81.4156 -69
81.3627 -69
81.3098 -69
81.257 -69
81.2042 -69
81.1515 -69
81.0989 -69
81.0463 -69
80.9937 -69
80.9412 -69
80.8888 -69
80.8364 -69
80.7841 -69
80.7326 -69
80.6818 -69
80.631 -69
80.5803 -69
80.5296 -69
80.479 -69
80.4284 -69
80.3779 -69
80.3275 -69
80.2771 -69
80.2268 -69
80.1765 -69
80.1263 -69
80.0762 -69
80.026 -69
79.9759 -69
79.9258 -69
79.8759 -69
79.8259 -69
79.7761 -69
79.7263 -69
79.6766 -69
79.6269 -69
79.5773 -69
79.5277 -69
79.4782 -69
79.4288 -69
79.3795 -69
79.33 -69
79.2806 -69
79.2312 -69
79.1819 -69
79.1327 -69
79.0836 -69
79.0345 -69
78.9854 -69
78.9365 -69
78.8876 -69
78.8387 -69
78.79 -69
78.7413 -69
78.6927 -69
78.6441 -69
78.5956 -69
78.5472 -69
78.4988 -69
78.4505 -69
78.4023 -69
78.3542 -69
78.3061 -69
78.2581 -69
78.2101 -69
78.1623 -69
78.1145 -69
78.0667 -69
78.0191 -69
77.9715 -69
77.924 -69
77.8766 -69
77.8292 -69
77.7819 -69
77.7347 -69
77.6875 -69
77.6405 -69
77.5935 -69
77.5466 -69
77.4997 -69
77.4529 -69
77.4063 -69
77.3596 -69
77.3131 -69
77.2666 -69
77.2203 -69
77.1739 -69
77.1277 -69
77.0816 -69
77.0355 -69
76.9895 -69
76.9435 -69
76.8977 -69
76.8519 -69
76.8062 -69
76.7606 -69
76.7151 -69
76.6697 -69
76.6243 -69
76.579 -69
76.5338 -69
76.4887 -69
76.4437 -69
76.3987 -69
76.3539 -69
76.3091 -69
76.2644 -69
76.2198 -69
76.1752 -69
76.1308 -69
76.0864 -69
76.0421 -69
75.998 -69
75.9538 -69
75.9098 -69
75.8659 -69
75.8221 -69
75.7783 -69
75.7346 -69
75.6911 -69
75.6476 -69
75.6042 -69
75.5609 -69
75.5176 -69
75.4745 -69
75.4315 -69
75.3885 -69
75.3457 -69
75.3029 -69
75.2602 -69
75.2176 -69
75.1751 -69
75.1327 -69
75.0904 -69
75.0482 -69
75.0061 -69
74.964 -69
74.9221 -69
74.8803 -69
74.8385 -69
74.7969 -69
74.7553 -69
74.7138 -69
74.6725 -69
74.6312 -69
74.59 -69
74.5489 -69
74.508 -69
74.4671 -69
74.4263 -69
74.3856 -69
74.345 -69
74.3045 -69
74.2641 -69
74.2238 -69
74.1836 -69
74.1436 -69
74.1036 -69
74.0637 -69
74.0239 -69
73.9842 -69
73.9446 -69
73.9051 -69
73.8657 -69
73.8263 -69
73.7883 -69
73.7507 -69
73.7131 -69
73.6757 -69
73.6383 -69
73.6011 -69
73.5639 -69
73.5268 -69
73.4898 -69
73.4529 -69
73.4161 -69
73.3794 -69
73.3428 -69
73.3063 -69
73.2699 -69
73.2336 -69
73.1974 -69
73.1613 -69
73.1252 -69
73.0893 -69
73.0535 -69
73.0178 -69
72.9821 -69
72.9466 -69
72.9112 -69
72.8759 -69
72.8406 -69
72.8055 -69
72.7705 -69
72.7356 -69
72.7007 -69
72.666 -69
72.6314 -69
72.5968 -69
72.5624 -69
72.5281 -69
72.4938 -69
72.4597 -69
72.4257 -69
72.3917 -69
72.3579 -69
72.3242 -69
72.2911 -69
72.259 -69
72.227 -69
72.1951 -69
72.1633 -69
72.1315 -69
72.0999 -69
72.0683 -69
72.0369 -69
72.0056 -69
71.9743 -69
71.9432 -69
71.9122 -69
71.8813 -69
71.8505 -69
71.8198 -69
71.7892 -69
71.7587 -69
71.7283 -69
71.698 -69
71.6679 -69
71.6378 -69
71.6078 -69
71.578 -69
71.5483 -69
71.5186 -69
71.4891 -69
71.4597 -69
71.4303 -69
71.4011 -69
71.372 -69
71.3429 -69
71.314 -69
71.2852 -69
71.2564 -69
71.2278 -69
71.1993 -69
71.1709 -69
71.1426 -69
71.1144 -69
71.0863 -69
71.0583 -69
71.0304 -69
71.0025 -69
70.9746 -69
70.9468 -69
70.9191 -69
70.8915 -69
70.8635 -69
70.8357 -69
70.8079 -69
70.7802 -69
70.7526 -69
70.7252 -69
70.6978 -69
70.6705 -69
70.6433 -69
70.6162 -69
70.5892 -69
70.5623 -69
70.5356 -69
70.5089 -69
70.4824 -69
70.4559 -69
70.4296 -69
70.4034 -69
70.3773 -69
70.3514 -69
70.3255 -69
70.2997 -69
70.2741 -69
70.2485 -69
70.2231 -69
70.1978 -69
70.1726 -69
70.1475 -69
70.1225 -69
70.0977 -69
70.073 -69
70.0483 -69
70.0238 -69
69.9993 -69
69.975 -69
69.9508 -69
69.9267 -69
69.9025 -69
69.8784 -69
69.8544 -69
69.8305 -69
69.8068 -69
69.783 -69
69.7591 -69
69.7353 -69
69.7116 -69
69.688 -69
69.6645 -69
69.6411 -69
69.6178 -69
69.5946 -69
69.5715 -69
69.5486 -69
69.5257 -69
69.503 -69
69.4803 -69
69.4578 -69
69.4353 -69
69.4129 -69
69.3906 -69
69.3684 -69
69.3464 -69
69.3244 -69
69.3025 -69
69.2808 -69
69.2592 -69
69.2377 -69
69.2163 -69
69.195 -69
69.1738 -69
69.1528 -69
69.1316 -69
69.1104 -69
69.0892 -69
69.0682 -69
69.0473 -69
69.0266 -69
69.0059 -69
68.9854 -69
68.965 -69
68.9447 -69
68.9245 -69
68.9045 -69
68.8845 -69
68.8647 -69
68.845 -69
68.8255 -69
68.806 -69
68.7865 -69
68.7672 -69
68.7479 -69
68.7288 -69
68.7098 -69
68.691 -69
68.6722 -69
68.6536 -69
68.6351 -69
68.6167 -69
68.5984 -69
68.5802 -69
68.5622 -69
68.5443 -69
68.5263 -69
68.508 -69
68.49 -69
68.472 -69
68.4541 -69
68.4364 -69
68.4188 -69
68.4013 -69
68.3839 -69
68.3667 -69
68.3495 -69
68.3325 -69
68.3156 -69
68.2988 -69
68.2821 -69
68.2656 -69
68.2491 -69
68.2328 -69
68.2166 -69
68.2005 -69
68.1845 -69
68.1686 -69
68.1528 -69
68.137 -69
68.1215 -69
68.1059 -69
68.0904 -69
68.075 -69
68.0597 -69
68.0446 -69
68.0296 -69
68.0141 -69
67.9987 -69
67.9834 -69
67.9682 -69
67.9531 -69
67.9382 -69
67.923 -69
67.9078 -69
67.8927 -69
67.8777 -69
67.8628 -69
67.848 -69
67.8333 -69
67.8188 -69
67.8043 -69
67.79 -69
67.7758 -69
67.7617 -69
67.7477 -69
67.7339 -69
67.7202 -69
67.7066 -69
67.6931 -69
67.6797 -69
67.6664 -69
67.6533 -69
67.6403 -69
67.6274 -69
67.6146 -69
67.6019 -69
67.5893 -69
67.5769 -69
67.5646 -69
67.5524 -69
67.5401 -69
67.5276 -69
67.5151 -69
67.5027 -69
67.4905 -69
67.4783 -69
67.466 -69
67.4539 -69
67.4419 -69
67.4299 -69
67.4181 -69
67.4064 -69
67.3948 -69
67.3833 -69
67.3719 -69
67.3607 -69
67.3495 -69
67.3384 -69
67.3275 -69
67.3166 -69
67.3058 -69
67.2952 -69
67.2761 -69
67.2666 -69
67.2519 -69
67.2371 -69
67.2226 -69
67.2082 -69
67.1939 -69
67.1798 -69
67.1657 -69
67.1517 -69
67.1379 -69
67.1241 -69
67.1105 -69
67.097 -69
67.0835 -69
67.0702 -69
67.057 -69
67.0438 -69
67.0308 -69
67.0179 -69
67.0051 -69
66.9923 -69
66.9797 -69
66.9671 -69
66.9546 -69
66.9419 -69
66.9292 -69
66.9167 -69
66.9043 -69
66.892 -69
66.8798 -69
66.8676 -69
66.8556 -69
66.8436 -69
66.8317 -69
66.82 -69
66.8083 -69
66.7968 -69
66.7853 -69
66.7739 -69
66.7626 -69
66.7515 -69
66.7404 -69
66.7294 -69
66.7184 -69
66.7076 -69
66.6968 -69
66.682 -69
66.6666 -69
66.6512 -69
66.6358 -69
66.6205 -69
66.6052 -69
66.5901 -69
66.5751 -69
66.5602 -69
66.5453 -69
66.5306 -69
66.5159 -69
66.5013 -69
66.4869 -69
66.4725 -69
66.4582 -69
66.444 -69
66.4299 -69
66.4159 -69
66.402 -69
66.3882 -69
66.3744 -69
66.3607 -69
66.3471 -69
66.3336 -69
66.3202 -69
66.3069 -69
66.2936 -69
66.2805 -69
66.2674 -69
66.2545 -69
66.2416 -69
66.2289 -69
66.2162 -69
66.2036 -69
66.1911 -69
66.1787 -69
66.1664 -69
66.1542 -69
66.1421 -69
66.1301 -69
66.1181 -69
66.1063 -69
66.0945 -69
66.0828 -69
66.0713 -69
66.0598 -69
66.0485 -69
66.0372 -69
66.026 -69
66.0149 -69
66.0036 -69
65.9924 -69
65.9813 -69
65.9702 -69
65.9593 -69
65.9485 -69
65.9357 -69
65.9206 -69
65.9054 -69
65.8903 -69
65.8753 -69
65.8604 -69
65.8456 -69
65.8311 -69
65.817 -69
65.803 -69
65.789 -69
65.7752 -69
65.7614 -69
65.7478 -69
65.7342 -69
65.7207 -69
65.7072 -69
65.6939 -69
65.6806 -69
65.6674 -69
65.6543 -69
65.6413 -69
65.6283 -69
65.6155 -69
65.6027 -69
65.59 -69
65.5773 -69
65.5648 -69
65.5523 -69
65.5399 -69
65.5275 -69
65.5113 -69
65.4961 -69
65.4804 -69
65.4648 -69
65.4492 -69
65.4338 -69
65.4184 -69
65.4031 -69
65.3879 -69
65.3728 -69
65.3577 -69
65.3427 -69
65.3279 -69
65.313 -69
65.2983 -69
65.2837 -69
65.2691 -69
65.2546 -69
65.2401 -69
65.2258 -69
65.2115 -69
65.1973 -69
65.1832 -69
65.1692 -69
65.1553 -69
65.1415 -69
65.1277 -69
65.114 -69
65.1004 -69
65.0869 -69
65.0735 -69
65.0602 -69
65.0469 -69
65.0337 -69
65.0207 -69
65.0076 -69
64.9947 -69
64.9819 -69
64.9691 -69
64.9565 -69
64.9439 -69
64.9314 -69
64.9189 -69
64.9065 -69
64.8942 -69
64.882 -69
64.8699 -69
64.8579 -69
64.8459 -69
64.834 -69
64.8221 -69
64.8104 -69
64.7987 -69
64.7871 -69
64.7756 -69
64.7642 -69
64.7528 -69
64.7416 -69
64.7303 -69
64.7192 -69
64.7082 -69
64.6972 -69
64.6863 -69
64.6755 -69
64.6648 -69
64.6542 -69
64.6436 -69
64.6331 -69
64.6226 -69
64.612 -69
64.6015 -69
64.5911 -69
64.5808 -69
64.5706 -69
64.5605 -69
64.5504 -69
64.5404 -69
64.5305 -69
64.5207 -69
64.511 -69
64.5014 -69
64.4918 -69
64.4823 -69
64.4729 -69
64.4636 -69
64.4544 -69
64.4445 -69
64.4319 -69
64.4194 -69
64.407 -69
64.3946 -69
64.3823 -69
64.3701 -69
64.3579 -69
64.3458 -69
64.3338 -69
64.3219 -69
64.3101 -69
64.2982 -69
64.2865 -69
64.2748 -69
64.2632 -69
64.2516 -69
64.2402 -69
64.2288 -69
64.2175 -69
64.2063 -69
64.1951 -69
64.184 -69
64.1729 -69
64.162 -69
64.1511 -69
64.1403 -69
64.1295 -69
64.1188 -69
64.1082 -69
64.0977 -69
64.0872 -69
64.0768 -69
64.0665 -69
64.0563 -69
64.0461 -69
64.0361 -69
64.0261 -69
64.0162 -69
64.0063 -69
63.9966 -69
63.9869 -69
63.9773 -69
63.9678 -69
63.9583 -69
63.949 -69
63.9397 -69
63.9305 -69
63.9214 -69
63.9123 -69
63.9034 -69
63.8945 -69
63.8857 -69
63.877 -69
63.8684 -69
63.8598 -69
63.8513 -69
63.8429 -69
63.8346 -69
63.8264 -69
63.8182 -69
63.8102 -69
63.8021 -69
63.7942 -69
63.7864 -69
63.7786 -69
63.7709 -69
63.7633 -69
63.7558 -69
63.7484 -69
63.7411 -69
63.7338 -69
63.7267 -69
63.7196 -69
63.7126 -69
63.7056 -69
63.6987 -69
63.692 -69
63.6853 -69
63.6786 -69
63.6721 -69
63.6656 -69
63.6592 -69
63.6529 -69
63.6467 -69
63.6406 -69
63.6345 -69
63.6285 -69
63.6226 -69
63.6168 -69
63.611 -69
63.6054 -69
63.5998 -69
63.5943 -69
63.5889 -69
63.5835 -69
63.5783 -69
63.5731 -69
63.5681 -69
63.5631 -69
63.5582 -69
63.5534 -69
63.5487 -69
63.5441 -69
63.5395 -69
63.535 -69
63.5306 -69
63.5264 -69
63.5222 -69
63.518 -69
63.514 -69
63.5101 -69
63.5063 -69
63.5025 -69
63.4988 -69
63.4952 -69
63.4917 -69
63.4883 -69
63.4849 -69
63.4817 -69
63.4785 -69
63.4755 -69
63.4725 -69
63.4696 -69
63.4668 -69
63.4612 -69
63.455 -69
63.4488 -69
63.4428 -69
63.4368 -69
63.4308 -69
63.425 -69
63.4192 -69
63.4135 -69
63.4079 -69
63.4023 -69
63.3968 -69
63.3914 -69
63.386 -69
63.3807 -69
63.3755 -69
63.3703 -69
63.3653 -69
63.3603 -69
63.3553 -69
63.3505 -69
63.3457 -69
63.341 -69
63.3363 -69
63.3318 -69
63.3273 -69
63.3228 -69
63.3184 -69
63.3141 -69
63.3099 -69
63.3058 -69
63.3017 -69
63.2977 -69
63.2938 -69
63.29 -69
63.2862 -69
63.2825 -69
63.2789 -69
63.2753 -69
63.2718 -69
63.2684 -69
63.2651 -69
63.2618 -69
63.2587 -69
63.2556 -69
63.2526 -69
63.2497 -69
63.2468 -69
63.2439 -69
63.2412 -69
63.2385 -69
63.2359 -69
63.2333 -69
63.2309 -69
63.2285 -69
63.2261 -69
63.2239 -69
63.2218 -69
63.2197 -69
63.2177 -69
63.215 -69
63.2122 -69
63.2095 -69
63.2069 -69
63.2042 -69
63.2016 -69
63.1991 -69
63.1966 -69
63.1941 -69
63.1918 -69
63.1895 -69
63.1873 -69
63.1852 -69
63.1832 -69
63.1813 -69
63.1794 -69
63.1776 -69
63.1758 -69
63.1742 -69
63.1726 -69
63.171 -69
63.1696 -69
63.1683 -69
63.167 -69
63.1657 -69
63.1646 -69
63.1636 -69
63.1626 -69
63.1617 -69
63.1609 -69
63.1602 -69
63.1596 -69
63.159 -69
63.1584 -69
63.158 -69
63.1576 -69
63.1573 -69
63.1571 -69
63.1569 -69
63.1569 -69
63.1569 -69
63.157 -69
63.1571 -69
63.1574 -69
63.1578 -69
63.1582 -69
63.1587 -69
63.1593 -69
63.16 -69
63.1607 -69
63.1616 -69
63.1625 -69
63.1635 -69
63.1646 -69
63.1657 -69
63.167 -69
63.1683 -69
63.1697 -69
63.1712 -69
63.1727 -69
63.1743 -69
63.176 -69
63.1778 -69
63.1796 -69
63.1816 -69
63.1836 -69
63.1857 -69
63.1879 -69
63.1901 -69
63.1925 -69
63.1949 -69
63.1973 -69
63.1999 -69
63.2025 -69
63.2053 -69
63.208 -69
63.2109 -69
63.2138 -69
63.2169 -69
63.22 -69
63.2232 -69
63.2265 -69
63.2299 -69
63.2333 -69
63.2369 -69
63.2405 -69
63.2442 -69
63.248 -69
63.2519 -69
63.2558 -69
63.2599 -69
63.264 -69
63.2682 -69
63.2725 -69
63.2769 -69
63.2814 -69
63.2859 -69
63.2905 -69
63.2952 -69
63.2999 -69
63.3048 -69
63.3097 -69
63.3147 -69
63.3198 -69
63.325 -69
63.3302 -69
63.3355 -69
63.3408 -69
63.3462 -69
63.3517 -69
63.3573 -69
63.363 -69
63.3688 -69
63.3746 -69
63.3804 -69
63.3864 -69
63.3924 -69
63.3985 -69
63.4047 -69
63.411 -69
63.4174 -69
63.4238 -69
63.4303 -69
63.4368 -69
63.4434 -69
63.4501 -69
63.4569 -69
63.4638 -69
63.4708 -69
63.4778 -69
63.485 -69
63.4922 -69
63.4995 -69
63.507 -69
63.5145 -69
63.5221 -69
63.5298 -69
63.5376 -69
63.5455 -69
63.5535 -69
63.5616 -69
63.5697 -69
63.578 -69
63.5863 -69
63.5947 -69
63.6032 -69
63.6117 -69
63.6204 -69
63.6291 -69
63.638 -69
63.6469 -69
63.656 -69
63.6651 -69
63.6743 -69
63.6837 -69
63.6931 -69
63.7026 -69
63.7122 -69
63.7219 -69
63.7317 -69
63.7415 -69
63.7515 -69
63.7616 -69
63.7718 -69
63.782 -69
63.7923 -69
63.7987 -69
63.8041 -69
63.8096 -69
63.8152 -69
63.8208 -69
63.8265 -69
63.8323 -69
63.8381 -69
63.8439 -69
63.8499 -69
63.8559 -69
63.862 -69
63.8681 -69
63.8744 -69
63.8806 -69
63.8869 -69
63.8933 -69
63.8998 -69
63.9063 -69
63.9129 -69
63.9196 -69
63.9264 -69
63.9332 -69
63.9401 -69
63.9471 -69
63.9541 -69
63.9612 -69
63.9684 -69
63.9756 -69
63.9829 -69
63.9902 -69
63.9976 -69
64.0051 -69
64.0127 -69
64.0204 -69
64.0281 -69
64.0359 -69
64.0437 -69
64.0517 -69
64.0597 -69
64.0678 -69
64.076 -69
64.0842 -69
64.0925 -69
64.1009 -69
64.1094 -69
64.118 -69
64.1266 -69
64.1354 -69
64.1442 -69
64.1531 -69
64.1621 -69
64.1712 -69
64.1803 -69
64.1896 -69
64.1989 -69
64.2083 -69
64.2178 -69
64.2274 -69
64.2371 -69
64.2469 -69
64.2567 -69
64.2666 -69
64.2766 -69
64.2867 -69
64.2969 -69
64.3071 -69
64.3175 -69
64.3278 -69
64.3383 -69
64.3489 -69
64.3595 -69
64.3702 -69
64.381 -69
64.3919 -69
64.4028 -69
64.4138 -69
64.4249 -69
64.4361 -69
64.4473 -69
64.4587 -69
64.4701 -69
64.4816 -69
64.4932 -69
64.5049 -69
64.5167 -69
64.5286 -69
64.5405 -69
64.5525 -69
64.5645 -69
64.5766 -69
64.5888 -69
64.6011 -69
64.6135 -69
64.626 -69
64.6383 -69
64.6506 -69
64.663 -69
64.6755 -69
64.6881 -69
64.7007 -69
64.7134 -69
64.7262 -69
64.7389 -69
64.7518 -69
64.7647 -69
64.7777 -69
64.7909 -69
64.8041 -69
64.8173 -69
64.8307 -69
64.8441 -69
64.8575 -69
64.871 -69
64.8845 -69
64.8981 -69
64.9118 -69
64.9256 -69
64.9395 -69
64.9535 -69
64.9675 -69
64.9816 -69
64.9958 -69
65.0078 -69
65.0177 -69
65.0276 -69
65.0376 -69
65.0476 -69
65.0578 -69
65.068 -69
65.0782 -69
65.0826 -69
65.087 -69
65.0915 -69
65.0961 -69
65.1003 -69
65.1045 -69
65.1088 -69
65.113 -69
65.1174 -69
65.1218 -69
65.1262 -69
65.1307 -69
65.1353 -69
65.1399 -69
65.1446 -69
65.1493 -69
65.154 -69
65.1589 -69
65.1637 -69
65.1687 -69
65.1736 -69
65.1787 -69
65.1838 -69
65.1889 -69
65.1941 -69
65.1993 -69
65.2046 -69
65.21 -69
65.2154 -69
65.2207 -69
65.2257 -69
65.2308 -69
65.236 -69
65.2412 -69
65.2464 -69
65.2517 -69
65.2571 -69
65.2625 -69
65.2679 -69
65.2734 -69
65.2789 -69
65.2845 -69
65.2895 -69
65.2945 -69
65.2996 -69
65.3026 -69
65.3039 -69
65.3053 -69
65.3067 -69
65.3081 -69
65.3096 -69
65.3111 -69
65.3127 -69
65.3143 -69
65.316 -69
65.3176 -69
65.3194 -69
65.3212 -69
65.323 -69
65.3248 -69
65.3267 -69
65.3287 -69
65.3306 -69
65.3326 -69
65.3347 -69
65.3368 -69
65.3387 -69
65.3406 -69
65.3425 -69
65.3445 -69
65.3464 -69
65.3485 -69
65.3505 -69
65.3526 -69
65.3548 -69
65.357 -69
65.3592 -69
65.3614 -69
65.3637 -69
65.3661 -69
65.3684 -69
65.3708 -69
65.3733 -69
65.3757 -69
65.3783 -69
65.3808 -69
65.3834 -69
65.3857 -69
65.3872 -69
65.3887 -69
65.3901 -69
65.3916 -69
65.3931 -69
65.3946 -69
65.396 -69
65.3975 -69
65.3984 -69
65.3964 -68.8795
65.3943 -68.7545
65.3921 -68.6244
65.3897 -68.4891
65.3873 -68.3483
65.3847 -68.2019
65.3819 -68.0496
65.3821 -67.8116
65.2643 -65.7031
65.2867 -65.2692
65.2957 -65.1202
65.2967 -65.0432
65.2977 -64.9661
65.2988 -64.8889
65.3 -64.8118
65.3012 -64.7347
65.3024 -64.6577
65.3036 -64.5806
65.3049 -64.5034
65.3063 -64.4261
65.3077 -64.3485
65.3091 -64.2708
65.3106 -64.1929
65.3121 -64.115
65.3136 -64.0371
65.3152 -63.9589
65.3168 -63.8807
65.3151 -63.6726
65.3076 -63.2405
65.2993 -62.7733
65.2898 -62.2621
65.2782 -61.6892
65.2646 -61.0393
65.2481 -60.2767
65.2454 -60.0198
65.2475 -59.948
65.2497 -59.8809
65.2519 -59.8123
65.2541 -59.7422
65.2563 -59.6705
65.2585 -59.597
65.2607 -59.5219
65.263 -59.445
65.2652 -59.3663
65.2584 -58.9474
65.2664 -59.0809
65.2715 -59.1003
65.2765 -59.1196
65.2816 -59.1385
65.2868 -59.157
65.2919 -59.1754
65.2971 -59.1935
65.3024 -59.2112
65.3076 -59.2286
65.3129 -59.2457
65.3183 -59.2624
65.3236 -59.2788
65.329 -59.2949
65.3345 -59.3106
65.3399 -59.3259
65.3454 -59.341
65.351 -59.3558
65.3566 -59.3702
65.3622 -59.3842
65.3678 -59.3979
65.3735 -59.4115
65.3792 -59.4248
65.385 -59.4376
65.3908 -59.4501
65.3966 -59.4623
65.4024 -59.4741
65.4083 -59.4856
65.4143 -59.4967
65.4203 -59.5075
65.4263 -59.5179
65.4323 -59.5279
65.4384 -59.5377
65.4445 -59.5472
65.4507 -59.5563
65.4569 -59.5655
65.4631 -59.5747
65.4693 -59.5834
65.4756 -59.5918
65.4819 -59.6148
65.4881 -59.6564
65.4944 -59.6975
65.5008 -59.738
65.5071 -59.7778
65.5136 -59.8173
65.52 -59.8564
65.5265 -59.895
65.533 -59.9333
65.5395 -59.9716
65.5461 -60.0093
65.5527 -60.0464
65.5594 -60.0829
65.5661 -60.1188
65.5729 -60.1542
65.5797 -60.189
65.5865 -60.2236
65.5934 -60.2576
65.6003 -60.2909
65.6073 -60.3237
65.6143 -60.3562
65.6213 -60.388
65.6281 -60.4222
65.6349 -60.4569
65.6417 -60.4909
65.6486 -60.5244
65.6555 -60.5574
65.6625 -60.5899
65.6695 -60.6218
65.6765 -60.6534
65.6836 -60.6849
65.6907 -60.7158
65.6979 -60.7467
65.705 -60.7772
65.7123 -60.807
65.7196 -60.8362
65.7269 -60.865
65.7342 -60.8931
65.7416 -60.9206
65.7491 -60.9475
65.7566 -60.9743
65.7641 -61.0009
65.7717 -61.027
65.7793 -61.0524
65.7869 -61.0773
65.7946 -61.1014
65.8021 -61.122
65.8095 -61.139
65.8133 -61.1061
65.8171 -61.0713
65.8209 -61.036
65.8248 -61.0001
65.8287 -60.9635
65.8327 -60.9266
65.8366 -60.8895
65.8407 -60.852
65.8447 -60.8143
65.8488 -60.7762
65.853 -60.7378
65.8572 -60.6991
65.8614 -60.6601
65.8656 -60.6208
65.87 -60.581
65.8743 -60.541
65.8786 -60.501
65.8829 -60.4613
65.8872 -60.4213
65.8916 -60.3809
65.896 -60.3401
65.9004 -60.2991
65.9049 -60.2576
65.9094 -60.2158
65.914 -60.1738
65.9186 -60.1315
65.9232 -60.089
65.9279 -60.0461
65.9327 -60.0029
65.9374 -59.9594
65.9422 -59.9155
65.9471 -59.8712
65.952 -59.8273
65.9569 -59.783
65.9618 -59.7383
65.9632 -59.6787
65.9646 -59.6188
65.966 -59.5586
65.9674 -59.498
65.9686 -59.4357
65.9698 -59.3727
65.9709 -59.3093
65.9722 -59.2456
65.9734 -59.1816
65.9747 -59.1173
65.976 -59.0526
65.9774 -58.9876
65.9788 -58.9223
65.9802 -58.8567
65.9817 -58.7907
65.9832 -58.7244
65.9848 -58.6577
65.9864 -58.5906
65.988 -58.5232
65.9897 -58.4555
65.9914 -58.3875
65.9931 -58.3191
65.9949 -58.2503
65.9968 -58.1812
65.9987 -58.1117
66.0006 -58.0423
66.0025 -57.9728
66.0045 -57.9029
66.0065 -57.8327
66.0085 -57.7622
66.0106 -57.6914
66.0128 -57.6202
66.0149 -57.5488
66.0172 -57.477
66.0194 -57.4048
66.0217 -57.3324
66.0241 -57.2596
66.0264 -57.1865
66.0289 -57.1131
66.0313 -57.0397
66.0338 -56.9661
66.0363 -56.8921
66.0389 -56.8177
66.0415 -56.743
66.0442 -56.668
66.0469 -56.5926
66.0496 -56.5168
66.0524 -56.4408
66.0553 -56.3646
66.0581 -56.2881
66.0611 -56.2113
66.064 -56.1345
66.067 -56.0575
66.07 -55.9802
66.0731 -55.9026
66.0762 -55.8248
66.0794 -55.7467
66.0826 -55.6684
66.0859 -55.5899
66.0892 -55.511
66.0925 -55.4319
66.0959 -55.3526
66.0993 -55.2729
66.1029 -55.1976
66.1066 -55.1317
66.1104 -55.0654
66.1142 -54.998
66.1178 -54.9296
66.1215 -54.8609
66.1252 -54.792
66.129 -54.7228
66.1328 -54.6533
66.1367 -54.5836
66.1406 -54.5136
66.1446 -54.4432
66.1486 -54.3726
66.1526 -54.3018
66.1567 -54.2307
66.1608 -54.1594
66.165 -54.0877
66.1692 -54.0157
66.1735 -53.9434
66.1778 -53.8709
66.1822 -53.798
66.1866 -53.7248
66.1911 -53.6513
66.1956 -53.5775
66.2002 -53.5034
66.2048 -53.429
66.2094 -53.3543
66.2141 -53.2794
66.2189 -53.2042
66.2237 -53.1286
66.2285 -53.0528
66.2334 -52.9766
66.2384 -52.9003
66.2434 -52.8241
66.2484 -52.7478
66.2534 -52.6712
66.2585 -52.5943
66.2637 -52.5172
66.2689 -52.4398
66.2741 -52.3621
66.2794 -52.2842
66.2848 -52.206
66.2902 -52.1274
66.2956 -52.0486
66.3011 -51.9695
66.3067 -51.8901
66.3123 -51.8105
66.3179 -51.7306
66.3236 -51.6504
66.3294 -51.57
66.3352 -51.4892
66.341 -51.4082
66.3469 -51.3268
66.3529 -51.2451
66.3589 -51.1633
66.3649 -51.0816
66.371 -50.9997
66.3771 -50.9179
66.3833 -50.8358
66.3895 -50.7536
66.3957 -50.6714
66.402 -50.5889
66.4083 -50.5062
66.4147 -50.4231
66.4212 -50.3398
66.4277 -50.2562
66.4342 -50.1723
66.4407 -50.0971
66.4469 -50.037
66.4531 -49.9769
66.4594 -49.9166
66.4658 -49.856
66.4722 -49.7954
66.4786 -49.7345
66.4851 -49.6733
66.4917 -49.6118
66.4982 -49.5502
66.5049 -49.4886
66.5116 -49.4267
66.5183 -49.3646
66.5251 -49.3023
66.5319 -49.2398
66.5388 -49.1771
66.5457 -49.1142
66.5527 -49.051
66.5597 -48.9876
66.5668 -48.9239
66.574 -48.8599
66.5811 -48.7957
66.5884 -48.7312
66.5957 -48.6665
66.603 -48.6017
66.6104 -48.5367
66.6179 -48.4715
66.6254 -48.4063
66.6329 -48.3409
66.6405 -48.2754
66.6481 -48.2096
66.6558 -48.1437
66.6635 -48.0776
66.6713 -48.0114
66.6791 -47.945
66.687 -47.8786
66.6948 -47.8123
66.7028 -47.7459
66.7107 -47.68
66.7186 -47.6148
66.7265 -47.5502
66.7345 -47.4854
66.7425 -47.4204
66.7505 -47.3557
66.7585 -47.2911
66.7666 -47.2264
66.7748 -47.1614
66.783 -47.0962
66.7912 -47.0309
66.7995 -46.9654
66.8079 -46.8997
66.8163 -46.8337
66.8247 -46.7676
66.8331 -46.7075
66.8415 -46.6527
66.8499 -46.5977
66.8583 -46.5425
66.8669 -46.487
66.8754 -46.4314
66.884 -46.3761
66.8926 -46.3205
66.9013 -46.2647
66.9101 -46.2088
66.9189 -46.1526
66.9277 -46.0967
66.9365 -46.0411
66.9454 -45.9852
66.9543 -45.9291
66.9633 -45.8729
66.9724 -45.8165
66.9814 -45.76
66.9906 -45.7032
66.9998 -45.6463
67.009 -45.5894
67.0183 -45.5322
67.0276 -45.4748
67.037 -45.4172
67.0465 -45.3595
67.056 -45.3016
67.0655 -45.2437
67.0751 -45.1858
67.0848 -45.1276
67.0945 -45.0692
67.1042 -45.0106
67.114 -44.952
67.1238 -44.8931
67.1337 -44.8343
67.1436 -44.7756
67.1536 -44.717
67.1636 -44.6583
67.1736 -44.5993
67.1837 -44.5401
67.1939 -44.4806
67.2041 -44.421
67.2144 -44.3612
67.2247 -44.3011
67.2351 -44.2409
67.2455 -44.1808
67.256 -44.1205
67.2665 -44.06
67.2771 -43.9994
67.2878 -43.9386
67.2984 -43.8776
67.3092 -43.8165
67.32 -43.7555
67.3308 -43.6945
67.3416 -43.6333
67.3526 -43.5719
67.3636 -43.5103
67.3746 -43.4486
67.3857 -43.387
67.3968 -43.3253
67.4079 -43.2639
67.4191 -43.2022
67.4303 -43.1404
67.4416 -43.0784
67.453 -43.0161
67.4644 -42.9536
67.4759 -42.891
67.4874 -42.8281
67.499 -42.765
67.5107 -42.7016
67.5224 -42.6381
67.5342 -42.5746
67.5459 -42.5111
67.5578 -42.4475
67.5697 -42.3837
67.5817 -42.3196
67.5937 -42.2554
67.6058 -42.1909
67.618 -42.1262
67.6302 -42.0614
67.6424 -41.9965
67.6547 -41.9315
67.6671 -41.8664
67.6795 -41.8012
67.6919 -41.7359
67.7044 -41.6706
67.717 -41.6051
67.7295 -41.5402
67.7421 -41.4751
67.7548 -41.4098
67.7675 -41.3445
67.7802 -41.279
67.7931 -41.2134
67.8059 -41.1478
67.8188 -41.0821
67.8318 -41.0162
67.8448 -40.9502
67.8579 -40.884
67.871 -40.8176
67.8842 -40.751
67.8975 -40.6843
67.9108 -40.6174
67.9241 -40.5506
67.9375 -40.4836
67.951 -40.4165
67.9645 -40.3494
67.978 -40.282
67.9917 -40.2147
68.0053 -40.1474
68.019 -40.0799
68.0328 -40.0121
68.0467 -39.9442
68.0606 -39.876
68.0745 -39.8076
68.0885 -39.7384
68.1014 -39.6604
68.1144 -39.5823
68.1274 -39.504
68.1406 -39.4254
68.1537 -39.3468
68.1669 -39.2682
68.1802 -39.1893
68.1935 -39.1104
68.2069 -39.0313
68.2203 -38.952
68.2338 -38.8725
68.2474 -38.7928
68.261 -38.713
68.2746 -38.6334
68.2883 -38.5538
68.302 -38.4742
68.3158 -38.3949
68.3296 -38.3153
68.3434 -38.2356
68.3573 -38.1561
68.3712 -38.0764
68.3852 -37.9966
68.3993 -37.9165
68.4134 -37.8362
68.4276 -37.7561
68.4418 -37.6759
68.456 -37.5954
68.4704 -37.5148
68.4848 -37.4343
68.4992 -37.3537
68.5136 -37.2729
68.5282 -37.192
68.5428 -37.1109
68.5574 -37.0296
68.5722 -36.9481
68.5869 -36.8666
68.6018 -36.785
68.6167 -36.7032
68.6316 -36.6212
68.6466 -36.539
68.6617 -36.4566
68.6769 -36.374
68.6921 -36.2914
68.7073 -36.2089
68.7226 -36.1264
68.7379 -36.0439
68.7533 -35.9612
68.7687 -35.8783
68.7842 -35.7952
68.7998 -35.7122
68.8154 -35.629
68.8311 -35.5456
68.8468 -35.4621
68.8626 -35.3785
68.8785 -35.2947
68.8944 -35.2108
68.9104 -35.1266
68.9264 -35.0423
68.9426 -34.9577
68.9587 -34.873
68.975 -34.788
68.9913 -34.7029
69.0077 -34.6175
69.0242 -34.532
69.0407 -34.4463
69.0572 -34.3605
69.0738 -34.275
69.0904 -34.1896
69.1071 -34.104
69.1239 -34.0182
69.1407 -33.9322
69.1576 -33.846
69.1745 -33.7598
69.1915 -33.6733
69.2086 -33.5867
69.2257 -33.4999
69.2426 -33.4135
69.2589 -33.3289
69.2752 -33.2441
69.2915 -33.1592
69.3079 -33.0744
69.3244 -32.9893
69.3409 -32.904
69.3575 -32.8186
69.3741 -32.7334
69.3908 -32.6481
69.4075 -32.5627
69.4243 -32.4772
69.4411 -32.392
69.4579 -32.3067
69.4748 -32.2214
69.4917 -32.1362
69.5087 -32.0508
69.5258 -31.9653
69.5429 -31.8796
69.5601 -31.7937
69.5774 -31.7076
69.5947 -31.6214
69.6121 -31.5349
69.6295 -31.4482
69.6471 -31.3614
69.6646 -31.2746
69.6823 -31.1877
69.6999 -31.1008
69.7176 -31.0141
69.7354 -30.9271
69.7532 -30.84
69.7711 -30.7528
69.789 -30.666
69.807 -30.5793
69.8249 -30.4928
69.8429 -30.4063
69.861 -30.3196
69.8791 -30.2328
69.8973 -30.146
69.9155 -30.059
69.9338 -29.9719
69.9522 -29.8847
69.9706 -29.7976
69.989 -29.7104
70.0075 -29.6231
70.0261 -29.5357
70.0446 -29.4493
70.0631 -29.3632
70.0816 -29.2774
70.1002 -29.1914
70.1188 -29.1055
70.1374 -29.0196
70.1561 -28.9338
70.1749 -28.8478
70.1937 -28.7616
70.2126 -28.6753
70.2316 -28.5888
70.2506 -28.5021
70.2697 -28.4152
70.2889 -28.3282
70.3081 -28.2413
70.3273 -28.1546
70.3466 -28.0677
70.3659 -27.9807
70.3852 -27.8941
70.4046 -27.8079
70.4239 -27.7216
70.4434 -27.6351
70.4629 -27.5485
70.4824 -27.4619
70.5021 -27.3751
70.5217 -27.2884
70.5414 -27.2017
70.5612 -27.1149
70.581 -27.0279
70.6009 -26.9408
70.6208 -26.8538
70.6407 -26.7671
70.6607 -26.6804
70.6808 -26.5935
70.7009 -26.5065
70.721 -26.4193
70.7413 -26.3319
70.7616 -26.2445
70.7819 -26.1568
70.8024 -26.0691
70.8228 -25.9812
70.8434 -25.8931
70.864 -25.805
70.8847 -25.7168
70.9054 -25.6287
70.9262 -25.5405
70.947 -25.4521
70.9679 -25.3636
70.9889 -25.2749
71.0099 -25.1863
71.0309 -25.0977
71.052 -25.0088
71.0732 -24.9198
71.0945 -24.8307
71.1158 -24.7419
71.137 -24.6532
71.1584 -24.5643
71.1798 -24.4754
71.2013 -24.3865
71.2228 -24.2974
71.2444 -24.2081
71.2661 -24.1186
71.2878 -24.0292
71.3095 -23.9401
71.3312 -23.8515
71.353 -23.7628
71.3748 -23.674
71.3967 -23.585
71.4187 -23.4958
71.4407 -23.4065
71.4628 -23.317
71.485 -23.2273
71.5072 -23.1375
71.5295 -23.0476
71.5519 -22.9576
71.5742 -22.868
71.5965 -22.779
71.6189 -22.6898
71.6413 -22.6005
71.6639 -22.5111
71.6865 -22.4215
71.7091 -22.3319
71.7318 -22.2422
71.7545 -22.1524
71.7773 -22.0625
71.8002 -21.9724
71.8232 -21.8821
71.8462 -21.7917
71.8693 -21.7011
71.8925 -21.6103
71.9158 -21.5194
71.9391 -21.4283
71.9624 -21.3371
71.9859 -21.2457
72.0094 -21.1544
72.0329 -21.0633
72.0563 -20.9731
72.0798 -20.8826
72.1034 -20.7921
72.127 -20.7015
72.1507 -20.611
72.1744 -20.5203
72.1982 -20.4295
72.222 -20.3386
72.2459 -20.2475
72.2699 -20.1562
72.294 -20.0648
72.3181 -19.9732
72.3424 -19.8815
72.3666 -19.7896
72.3909 -19.6981
72.4153 -19.6065
72.4397 -19.5149
72.4641 -19.4232
72.4886 -19.3313
72.5132 -19.2392
72.5379 -19.147
72.5627 -19.0546
72.5875 -18.9622
72.6123 -18.8696
72.6373 -18.7769
72.6623 -18.6841
72.6873 -18.5915
72.7124 -18.4987
72.7375 -18.4057
72.7628 -18.3126
72.7881 -18.2194
72.8135 -18.1259
72.8388 -18.0308
72.8639 -17.9331
72.8891 -17.8353
72.9143 -17.7373
72.9396 -17.6394
72.9648 -17.5421
72.9901 -17.4449
73.0154 -17.3475
73.0408 -17.25
73.0663 -17.1523
73.0919 -17.0545
73.1175 -16.9567
73.1431 -16.859
73.1688 -16.7613
73.1945 -16.6635
73.2202 -16.5661
73.246 -16.4686
73.2719 -16.3709
73.2977 -16.2735
73.3236 -16.1762
73.3496 -16.0789
73.3755 -15.9806
73.4014 -15.8816
73.4273 -15.7824
73.4533 -15.6831
73.4794 -15.5836
73.5056 -15.484
73.5317 -15.3847
73.558 -15.2852
73.5843 -15.1856
73.6107 -15.0858
73.6371 -14.9858
73.6637 -14.8857
73.6903 -14.7855
73.717 -14.6851
73.7437 -14.5845
73.7705 -14.4838
73.7974 -14.3829
73.8244 -14.2822
73.8513 -14.1816
73.8783 -14.0809
73.9054 -13.9801
73.9326 -13.8792
73.9598 -13.7781
73.9871 -13.677
74.0144 -13.5757
74.0418 -13.4746
74.0692 -13.3733
74.0967 -13.272
74.1242 -13.171
74.1517 -13.0705
74.1792 -12.97
74.2067 -12.8698
74.2343 -12.7698
74.2619 -12.6697
74.2896 -12.5695
74.3173 -12.4692
74.3451 -12.3687
74.3728 -12.2693
74.4006 -12.1699
74.4284 -12.0703
74.4563 -11.9705
74.4836 -11.8656
74.5109 -11.7603
74.5383 -11.6548
74.5656 -11.5498
74.593 -11.4447
74.6205 -11.3396
74.648 -11.2344
74.6756 -11.129
74.7032 -11.0236
74.7309 -10.9184
74.7586 -10.8131
74.7863 -10.7081
74.8141 -10.6033
74.8419 -10.4983
74.8698 -10.3932
74.8978 -10.2879
74.9258 -10.1826
74.9539 -10.077
74.982 -9.97145
75.0103 -9.86574
75.0385 -9.76019
75.0668 -9.65468
75.0951 -9.54951
75.1234 -9.44468
75.1517 -9.33975
75.1801 -9.23476
75.2086 -9.12968
75.2372 -9.02448
75.2658 -8.91913
75.2944 -8.81363
75.3232 -8.70801
75.352 -8.60229
75.3809 -8.49644
75.4099 -8.39043
75.4389 -8.28428
75.468 -8.17799
75.4971 -8.07181
75.5261 -7.96677
75.5549 -7.86344
75.5837 -7.76006
75.6125 -7.65654
75.6415 -7.553
75.6704 -7.44973
75.6993 -7.34666
75.7284 -7.24344
75.7575 -7.14015
75.7866 -7.03676
75.8158 -6.93322
75.8451 -6.82954
75.8745 -6.72578
75.9039 -6.62188
75.9334 -6.51798
75.9629 -6.41427
75.9924 -6.31056
76.022 -6.20688
76.0516 -6.10309
76.0814 -5.99917
76.1111 -5.8951
76.141 -5.79102
76.1708 -5.6872
76.2008 -5.58326
76.2307 -5.47924
76.2608 -5.37513
76.2909 -5.27092
76.3211 -5.16656
76.3513 -5.06207
76.3817 -4.95744
76.412 -4.85291
76.4424 -4.74833
76.4729 -4.64361
76.5035 -4.53879
76.5341 -4.43402
76.5647 -4.32916
76.5955 -4.22416
76.6262 -4.11963
76.6569 -4.01502
76.6878 -3.91028
76.7187 -3.8054
76.7496 -3.70039
76.7807 -3.5953
76.8115 -3.4916
76.8424 -3.38808
76.8733 -3.28442
76.9041 -3.18178
76.9349 -3.07931
76.9658 -2.97672
76.9968 -2.87399
77.0277 -2.77154
77.0587 -2.6692
77.0898 -2.56684
77.1209 -2.46435
77.1521 -2.36174
77.1833 -2.25917
77.2146 -2.15647
77.2459 -2.05363
77.2774 -1.95069
77.3089 -1.84765
77.3404 -1.74449
77.3721 -1.64119
77.4038 -1.53776
77.4356 -1.4342
77.4674 -1.33058
77.4992 -1.22706
77.531 -1.1235
77.5627 -1.0207
77.5945 -0.917838
77.6264 -0.814847
77.6583 -0.711727
77.6903 -0.608476
77.7224 -0.505094
77.7545 -0.40207
77.7865 -0.299615
77.8185 -0.197235
77.8506 -0.09477
77.8828 0.00768528
77.915 0.109933
77.9472 0.212051
77.9794 0.314225
78.0117 0.416526
78.0441 0.518892
78.0766 0.621263
78.1091 0.723762
78.1416 0.826219
78.1742 0.928766
78.2069 1.03144
78.2396 1.1342
78.2724 1.23689
78.3052 1.33945
78.338 1.44203
78.3709 1.54469
78.4037 1.6467
78.4363 1.74742
78.469 1.84822
78.5015 1.94761
78.534 2.04685
78.5666 2.14612
78.5992 2.24538
78.6319 2.34475
78.6646 2.44419
78.6974 2.5437
78.7302 2.6432
78.7631 2.7425
78.796 2.8418
78.8289 2.94117
78.8619 3.04052
78.895 3.13983
78.9281 3.23923
78.9612 3.33864
78.9944 3.43809
79.0276 3.53735
79.0608 3.63648
79.0941 3.73573
79.1275 3.835
79.1609 3.93411
79.1943 4.0333
79.2278 4.13258
79.2613 4.23196
79.2949 4.33099
79.3284 4.42999
79.3621 4.5291
79.3957 4.62762
79.4293 4.72606
79.4627 4.82348
79.4962 4.92089
79.5298 5.01833
79.5634 5.11579
79.597 5.21337
79.6308 5.31106
79.6646 5.40876
79.6984 5.50648
79.7322 5.60407
79.7661 5.70144
79.8 5.79861
79.8338 5.89548
79.8677 5.99246
79.9017 6.08956
79.9357 6.18652
79.9697 6.283
80.0037 6.37951
80.0378 6.47614
80.0719 6.57282
80.106 6.66922
80.1402 6.76556
80.1744 6.86196
80.2087 6.95847
80.243 7.0551
80.2774 7.15148
80.3117 7.24752
80.3461 7.34363
80.3805 7.43986
80.415 7.53621
80.4496 7.63266
80.4842 7.72912
80.5189 7.82557
80.5536 7.92204
80.5884 8.0185
80.6232 8.11506
80.658 8.21125
80.6928 8.30733
80.7277 8.40352
80.7626 8.49946
80.7975 8.59527
80.8324 8.69081
80.8674 8.78628
80.9023 8.88176
80.9373 8.97701
80.9723 9.07236
81.0075 9.16782
81.0425 9.26267
81.0774 9.35663
81.1124 9.45068
81.1474 9.54483
81.1825 9.63909
81.2177 9.73346
81.2529 9.82783
81.2881 9.92185
81.3233 10.0159
81.3585 10.1096
81.3937 10.203
81.429 10.2965
81.4644 10.3902
81.4998 10.484
81.5352 10.5778
81.5707 10.6716
81.6063 10.7653
81.6418 10.859
81.6774 10.9526
81.7131 11.0462
81.7488 11.1399
81.7845 11.2337
81.8204 11.3277
81.8563 11.4217
81.8923 11.5158
81.9283 11.6101
81.9644 11.7044
82.0006 11.7988
82.0368 11.8934
82.0731 11.988
82.1094 12.0827
82.1459 12.1775
82.1823 12.2724
82.2189 12.3674
82.2555 12.4625
82.2922 12.5578
82.329 12.6531
82.3658 12.7485
82.4027 12.8441
82.4396 12.9397
82.4766 13.0355
82.5137 13.1314
82.5509 13.2273
82.5881 13.3234
82.6254 13.4195
82.6627 13.5156
82.7001 13.6117
82.7375 13.708
82.775 13.804
82.8123 13.8991
82.8497 13.9943
82.8871 14.0897
82.9246 14.1851
82.9622 14.2807
82.9997 14.3756
83.0372 14.4704
83.0748 14.5652
83.1124 14.6601
83.1501 14.7551
83.1879 14.8502
83.2258 14.9454
83.2637 15.0408
83.3016 15.1362
83.3397 15.2317
83.3778 15.3273
83.4158 15.4223
83.4539 15.5175
83.4921 15.6128
83.5303 15.7082
83.5687 15.8037
83.607 15.8993
83.6455 15.995
83.684 16.0908
83.7226 16.1867
83.7612 16.2827
83.7999 16.3788
83.8387 16.475
83.8775 16.5713
83.9165 16.6677
83.9554 16.7642
83.9945 16.8608
84.0336 16.9575
84.0728 17.0544
84.112 17.1512
84.1513 17.248
84.1906 17.3449
84.2301 17.4419
84.2695 17.5391
84.3091 17.6363
84.3487 17.7336
84.3884 17.831
84.4281 17.9284
84.4679 18.0257
84.5077 18.1231
84.5476 18.2205
84.5875 18.318
84.6275 18.4156
84.6674 18.5129
84.7075 18.6102
84.7475 18.7076
84.7877 18.805
84.8279 18.9026
84.868 18.9992
84.9079 19.0951
84.948 19.1911
84.9881 19.2871
85.0281 19.3828
85.0682 19.4784
85.1084 19.5741
85.1486 19.67
85.1889 19.7659
85.2293 19.8619
85.2697 19.9579
85.3101 20.0538
85.3506 20.1498
85.3912 20.2458
85.4318 20.3419
85.4724 20.4378
85.5131 20.5337
85.5538 20.6297
85.5946 20.7257
85.6354 20.8218
85.6763 20.918
85.7173 21.0143
85.7584 21.1107
85.7995 21.2071
85.8406 21.3036
85.8819 21.4001
85.9232 21.4968
85.9645 21.5936
86.006 21.6905
86.0474 21.7873
86.0886 21.8825
86.1298 21.9775
86.171 22.0726
86.2123 22.1678
86.2537 22.2631
86.2952 22.3585
86.3367 22.454
86.3783 22.5496
86.4199 22.6453
86.4616 22.7411
86.5034 22.8368
86.5452 22.9326
86.5871 23.0286
86.629 23.1246
86.671 23.2205
86.713 23.3163
86.7551 23.4122
86.7972 23.5081
86.8393 23.6039
86.8815 23.6998
86.9238 23.7958
86.9662 23.8919
87.0086 23.9881
87.051 24.0844
87.0936 24.1808
87.1362 24.2773
87.1789 24.3738
87.2216 24.4703
87.2644 24.5669
87.3072 24.6637
87.3502 24.7605
87.3931 24.8571
87.4361 24.9538
87.4791 25.0506
87.5222 25.1471
87.5653 25.2436
87.6084 25.3402
87.6516 25.4369
87.6949 25.5336
87.7383 25.6304
87.7817 25.7272
87.8251 25.8242
87.8687 25.9212
87.9123 26.0183
87.9559 26.1156
87.9997 26.2129
88.0435 26.3103
88.0873 26.4076
88.1312 26.505
88.1751 26.6019
88.2188 26.6981
88.2626 26.7945
88.3065 26.8909
88.3504 26.9871
88.3943 27.0832
88.4382 27.1794
88.4822 27.2756
88.5263 27.3719
88.5705 27.4684
88.6147 27.5649
88.659 27.6615
88.7033 27.7581
88.7477 27.8548
88.7922 27.9516
88.8367 28.0485
88.8813 28.1454
88.9259 28.2422
88.9706 28.3388
89.0152 28.4354
89.06 28.5322
89.1048 28.6289
89.1496 28.7258
89.1946 28.8227
89.2396 28.9198
89.2845 29.0165
89.3292 29.1117
89.374 29.207
89.4188 29.3024
89.4637 29.3979
89.5086 29.4935
89.5536 29.5891
89.5986 29.6841
89.6435 29.7792
89.6886 29.8744
89.7337 29.9697
89.7789 30.065
89.8241 30.1605
89.8694 30.256
89.9148 30.3516
89.9602 30.4473
90.0057 30.543
90.0513 30.6388
90.0968 30.7343
90.1424 30.83
90.1881 30.9256
90.2338 31.0211
90.2795 31.1166
90.3253 31.2123
90.3712 31.308
90.4171 31.4038
90.4631 31.4997
90.5092 31.5957
90.5553 31.6918
90.6015 31.7879
90.6473 31.8819
90.6931 31.9761
90.739 32.0703
90.7849 32.1645
90.8309 32.2587
90.8769 32.3529
90.923 32.4472
90.9692 32.5414
91.0154 32.6358
91.0616 32.7302
91.108 32.8247
91.1544 32.9193
91.2008 33.014
91.2474 33.1088
91.2939 33.2035
91.3405 33.298
91.3871 33.3926
91.4337 33.4867
91.48 33.5797
91.5263 33.6739
91.5727 33.7684
91.6191 33.8629
91.6655 33.9575
91.7121 34.0522
91.7587 34.147
91.8054 34.2418
91.8521 34.3368
91.8989 34.4318
91.9457 34.5267
91.9926 34.6216
92.0395 34.7164
92.0865 34.8113
92.1335 34.9063
92.1806 35.0014
92.2277 35.0965
92.275 35.1918
92.3223 35.2871
92.3696 35.3825
92.4171 35.478
92.4645 35.5733
92.5119 35.6683
92.5593 35.7633
92.6068 35.8584
92.6544 35.9534
92.702 36.0485
92.7497 36.1437
92.7974 36.2389
92.8452 36.3343
92.8931 36.4297
92.941 36.5252
92.989 36.6208
93.0371 36.7164
93.0852 36.8119
93.133 36.9062
93.1809 37.0006
93.2288 37.0951
93.2768 37.1893
93.3248 37.2835
93.3728 37.3777
93.4209 37.4721
93.4691 37.5665
93.5174 37.6611
93.5657 37.7557
93.6141 37.8504
93.6625 37.9452
93.7111 38.04
93.7597 38.135
93.8083 38.2299
93.8569 38.3247
93.9054 38.4185
93.9537 38.5116
94.0021 38.6048
94.0505 38.6978
94.0989 38.7908
94.1474 38.8838
94.1959 38.9769
94.2445 39.0701
94.2932 39.1634
94.3419 39.2566
94.3907 39.3499
94.4395 39.4434
94.4884 39.5368
94.5374 39.6304
94.5865 39.7241
94.6356 39.8178
94.6847 39.9115
94.7338 40.0048
94.7826 40.0966
94.8314 40.1885
94.8803 40.2805
94.9293 40.3725
94.9783 40.4645
95.0272 40.5563
95.0763 40.6481
95.1254 40.74
95.1745 40.8319
95.2238 40.924
95.2729 41.0156
95.3219 41.1063
95.3709 41.197
95.42 41.2878
95.4692 41.3787
95.5184 41.4696
95.5677 41.5606
95.617 41.6516
95.6664 41.7425
95.7158 41.8335
95.7652 41.9245
95.8147 42.0155
95.8643 42.1066
95.914 42.1977
95.9636 42.2887
96.0132 42.3796
96.063 42.4706
96.1128 42.5617
96.1626 42.6528
96.2125 42.7437
96.2623 42.8345
96.3122 42.9253
96.3622 43.0162
96.4122 43.1071
96.4623 43.1982
96.5125 43.2893
96.5626 43.3802
96.6128 43.471
96.663 43.5618
96.713 43.6517
96.763 43.7413
96.8131 43.831
96.8632 43.9207
96.9134 44.0105
96.9636 44.1004
97.0139 44.1903
97.0643 44.2803
97.1147 44.3703
97.1651 44.4603
97.2156 44.5503
97.2662 44.6403
97.3168 44.7303
97.3671 44.8193
97.4173 44.9075
97.4676 44.9958
97.518 45.0842
97.5684 45.1727
97.6188 45.2612
97.6693 45.3495
97.7198 45.4379
97.7704 45.5264
97.8211 45.615
97.8717 45.7035
97.9225 45.792
97.9733 45.8807
98.0241 45.9692
98.0745 46.056
98.1249 46.1428
98.1755 46.2296
98.226 46.3164
98.2766 46.4032
98.3272 46.4901
98.3779 46.5769
98.4286 46.6638
98.4792 46.7498
98.5297 46.8355
98.5802 46.9211
98.6308 47.0067
98.6814 47.0923
98.732 47.1779
98.7828 47.2637
98.8335 47.3494
98.8844 47.4352
98.9352 47.5209
98.9861 47.6067
99.0371 47.6926
99.0882 47.7785
99.1393 47.8645
99.1904 47.9505
99.2416 48.0366
99.2928 48.1225
99.344 48.2083
99.3953 48.2941
99.4466 48.38
99.4979 48.4655
99.5492 48.5508
99.6005 48.6361
99.6518 48.7213
99.7032 48.8065
99.7545 48.8914
99.8057 48.9757
99.8569 49.0599
99.9082 49.1442
99.9595 49.2285
100.011 49.3129
100.062 49.3964
100.113 49.4798
100.165 49.5633
100.216 49.6464
100.267 49.7293
100.318 49.8122
100.37 49.8951
100.421 49.9781
100.472 50.0612
100.524 50.1444
100.575 50.2276
100.627 50.3109
100.679 50.3943
100.73 50.4777
100.782 50.5609
100.834 50.6443
100.886 50.7277
100.937 50.8106
100.989 50.8935
101.041 50.9764
101.093 51.0594
101.145 51.1417
101.196 51.2239
101.248 51.3061
101.3 51.3884
101.352 51.4702
101.404 51.5517
101.456 51.6332
101.507 51.7142
101.559 51.7952
101.611 51.8763
101.663 51.9574
101.714 52.0386
101.766 52.1198
101.818 52.2011
101.871 52.2825
101.923 52.364
101.975 52.4455
102.027 52.527
102.079 52.6087
102.132 52.6904
102.184 52.7722
102.237 52.854
102.289 52.9359
102.342 53.0179
102.395 53.0999
102.447 53.182
102.5 53.2642
102.553 53.3464
102.606 53.4287
102.659 53.5111
102.712 53.5935
102.765 53.676
102.818 53.7586
102.871 53.8412
102.925 53.9239
102.978 54.0066
103.031 54.0895
103.085 54.1724
103.138 54.2553
103.192 54.3383
103.246 54.4214
103.299 54.5046
103.353 54.5878
103.407 54.6711
103.461 54.7544
103.515 54.8379
103.569 54.9213
103.623 55.0049
103.677 55.0885
103.731 55.1722
103.785 55.2559
103.84 55.3397
103.894 55.4236
103.949 55.5076
104.003 55.5916
104.058 55.6756
104.112 55.7598
104.167 55.844
104.222 55.9283
104.277 56.0126
104.331 56.097
104.386 56.1815
104.441 56.266
104.496 56.3506
104.552 56.4353
104.607 56.52
104.662 56.6048
104.717 56.6897
104.773 56.7746
104.828 56.8615
104.883 56.9512
104.938 57.041
104.993 57.1309
105.048 57.2209
105.104 57.3109
105.159 57.401
105.214 57.4911
105.27 57.5813
105.325 57.6716
105.381 57.762
105.437 57.8524
105.492 57.9429
105.548 58.0334
105.604 58.124
105.66 58.2147
105.716 58.3055
105.772 58.3963
105.828 58.4872
105.884 58.5781
105.94 58.6691
105.997 58.7602
106.053 58.8514
106.109 58.9426
106.166 59.0339
106.222 59.1252
106.279 59.2166
106.336 59.3081
106.392 59.3997
106.449 59.4913
106.506 59.583
106.563 59.6747
106.62 59.7665
106.677 59.8584
106.734 59.9504
106.791 60.0424
106.848 60.135
106.906 60.2278
106.963 60.3207
107.02 60.4137
107.078 60.5067
107.135 60.5998
107.193 60.693
107.25 60.7862
107.308 60.8795
107.366 60.9729
107.423 61.0663
107.481 61.1598
107.539 61.2534
107.597 61.347
107.655 61.4407
107.713 61.5345
107.771 61.6283
107.83 61.7222
107.888 61.8162
107.946 61.9102
108.005 62.0043
108.063 62.0985
108.122 62.1927
108.18 62.287
108.239 62.3814
108.298 62.4758
108.357 62.5704
108.416 62.6649
108.474 62.7596
108.533 62.8543
108.593 62.9491
108.652 63.0439
108.711 63.1388
108.77 63.2338
108.829 63.3288
108.889 63.4239
108.948 63.5191
109.008 63.6144
109.067 63.7097
109.127 63.805
109.187 63.9005
109.247 63.996
109.306 64.0916
109.366 64.1872
109.426 64.283
109.486 64.3787
109.546 64.4746
109.607 64.5705
109.667 64.6665
109.727 64.7625
109.787 64.8586
109.848 64.9548
109.908 65.0511
109.969 65.1474
110.03 65.2438
110.09 65.3402
110.151 65.4368
110.212 65.5334
110.273 65.63
110.334 65.7267
110.395 65.8235
110.456 65.9204
110.517 66.0173
110.578 66.1143
110.639 66.2114
110.701 66.3085
110.762 66.4057
110.824 66.5029
110.885 66.6003
110.947 66.6977
111.009 66.7951
111.07 66.8926
111.132 66.9902
111.194 67.0879
111.256 67.1856
111.318 67.2834
111.38 67.3813
111.442 67.4792
111.504 67.5772
111.567 67.6753
111.629 67.7734
111.691 67.8716
111.754 67.9699
111.816 68.0682
111.879 68.1666
111.942 68.2651
112.004 68.3636
112.067 68.4622
112.13 68.5609
112.193 68.6597
112.256 68.7585
112.319 68.8573
112.382 68.9563
112.445 69
112.508 69
112.571 69
112.634 69
112.697 69
112.761 69
112.824 69
112.887 69
112.95 69
113.014 69
113.077 69
113.141 69
113.205 69
113.268 69
113.332 69
113.396 69
113.46 69
113.524 69
113.588 69
113.652 69
113.716 69
113.78 69
113.845 69
113.909 69
113.974 69
114.038 69
114.103 69
114.167 69
114.232 69
114.297 69
114.362 69
114.427 69
114.491 69
114.557 69
114.622 69
114.687 69
114.752 69
114.817 69
114.883 69
114.948 69
115.014 69
115.079 69
115.145 69
115.211 69
115.277 69
115.342 69
115.408 69
115.474 69
115.54 69
115.607 69
115.673 69
115.739 69
115.805 69
115.872 69
115.938 69
116.005 69
116.072 69
116.138 69
116.205 69
116.272 69
116.339 69
116.406 69
116.473 69
116.54 69
116.607 69
116.674 69
116.742 69
116.809 69
116.876 69
116.944 69
117.011 69
117.079 69
117.147 69
117.215 69
117.283 69
117.35 69
117.418 69
117.487 69
117.555 69
117.623 69
117.691 69
117.759 69
117.828 69
117.896 69
117.965 69
118.034 69
118.102 69
118.171 69
118.24 69
118.309 69
118.376 69
118.442 69
118.507 69
118.573 69
118.639 69
118.705 69
118.771 69
118.837 69
118.903 69
118.97 69
119.036 69
119.102 69
119.169 69
119.235 69
119.302 69
119.368 69
119.435 69
119.502 69
119.569 69
119.635 69
119.702 69
119.769 69
119.836 69
119.904 69
119.971 69
120.038 69
120.105 69
120.173 69
120.24 69
120.308 69
120.375 69
120.436 69
120.491 69
120.546 69
120.602 69
120.657 69
120.712 69
120.768 69
120.823 69
120.879 69
120.934 69
120.99 69
121.046 69
121.101 69
121.157 69
121.212 69
121.268 69
121.323 69
121.379 69
121.434 69
121.49 69
121.545 69
121.601 69
121.657 69
121.712 69
121.768 69
121.824 69
121.88 69
121.936 69
121.992 69
122.048 69
122.104 69
122.16 69
122.216 69
122.272 69
122.328 69
122.384 69
122.441 69
122.497 69
122.553 69
122.61 69
122.666 69
122.723 69
122.779 69
122.836 69
122.892 69
122.945 69
122.996 69
123.047 69
123.098 69
123.149 69
123.2 69
123.251 69
123.302 69
123.353 69
123.404 69
123.456 69
123.507 69
123.558 69
123.61 69
123.661 69
123.712 69
123.763 69
123.813 69
123.863 69
123.914 69
123.964 69
124.014 69
124.064 69
124.114 69
124.165 69
124.214 69
124.261 69
124.309 69
124.357 69
124.405 69
124.453 69
124.501 69
124.549 69
124.597 69
124.645 69
124.693 69
124.742 69
124.79 69
124.838 69
124.886 69
124.934 69
124.983 69
125.031 69
125.079 69
125.128 69
125.176 69
125.224 69
125.273 69
125.321 69
125.37 69
125.418 69
125.467 69
125.516 69
125.564 69
125.613 69
125.662 69
125.71 69
125.759 69
125.808 69
125.857 69
125.905 69
125.954 69
126.003 69
126.052 69
126.101 69
126.15 69
126.199 69
126.248 69
126.297 69
126.345 69
126.394 69
126.442 69
126.491 69
126.539 69
126.588 69
126.636 69
126.685 69
126.733 69
126.782 69
126.831 69
126.879 69
126.928 69
126.977 69
127.026 69
127.074 69
127.123 69
127.172 69
127.221 69
127.27 69
127.319 69
127.368 69
127.417 69
127.466 69
127.515 69
127.564 69
127.613 69
127.662 69
127.712 69
127.761 69
127.81 69
127.859 69
127.909 69
127.958 69
128.007 69
128.057 69
128.106 69
128.155 69
128.205 69
128.254 69
128.304 69
128.353 69
128.403 69
128.453 69
128.502 69
128.552 69
128.602 69
128.651 69
128.701 69
128.751 69
128.801 69
128.85 69
128.9 69
128.95 69
129 69
129.05 69
129.1 69
129.15 69
129.2 69
129.25 69
129.3 69
129.35 69
129.401 69
129.451 69
129.501 69
129.551 69
129.601 69
129.652 69
129.702 69
129.752 69
129.803 69
129.853 69
129.904 69
129.954 69
130.005 69
130.055 69
130.106 69
130.156 69
130.207 69
130.258 69
130.308 69
130.359 69
130.41 69
130.46 69
130.511 69
130.562 69
130.613 69
130.664 69
130.715 69
130.766 69
130.817 69
130.868 69
130.919 69
130.97 69
131.021 69
131.072 69
131.123 69
131.174 69
131.225 69
131.277 69
131.328 69
131.379 69
131.43 69
131.482 69
131.533 69
131.585 69
131.636 69
131.687 69
131.739 69
131.791 69
