0.1 -13.2256
0.2 -26.54
0.3 -39.7768
0.4 -52.99
0.5 -66.1786
0.6 -79.3416
0.7 -92.4779
0.8 -105.586
0.9 -118.665
1 -131.714
0.239729 -133.731
0.479152 -135.745
0.718235 -137.755
0.956992 -139.763
1.19541 -141.769
1.43348 -143.771
1.67119 -145.769
1.90856 -147.764
2.14557 -149.755
2.38225 -151.743
2.61859 -153.729
2.8546 -155.712
3.09026 -157.691
3.32558 -159.667
3.56055 -161.641
3.79515 -163.613
4.02939 -165.581
4.26326 -167.547
4.49678 -169.508
4.72996 -171.466
4.96281 -173.422
5.19533 -175.375
5.4275 -177.325
5.65931 -179.27
5.89078 -181.213
6.12191 -183.151
6.35269 -185.085
6.58312 -187.016
6.81322 -188.944
7.04296 -190.868
7.27236 -192.789
7.50141 -194.707
7.73013 -196.62
7.9585 -198.53
8.18653 -200.436
8.41421 -202.338
8.64156 -204.236
8.86856 -206.131
9.09522 -208.023
9.32154 -209.911
9.54753 -211.796
9.77318 -213.677
9.99849 -215.554
10.2234 -217.429
10.4481 -219.3
10.6724 -221.167
10.8963 -223.031
11.1199 -224.892
11.3432 -226.75
11.5661 -228.604
11.7887 -230.455
12.011 -232.301
12.2329 -234.145
12.4545 -235.984
12.6757 -237.82
12.8967 -239.652
13.1173 -241.48
13.3375 -243.305
13.5574 -245.127
13.777 -246.946
13.9963 -248.76
14.2152 -250.571
14.4338 -252.378
14.6521 -254.182
14.87 -255.981
15.0876 -257.777
15.3049 -259.57
15.5218 -261.358
15.7384 -263.144
15.9547 -264.926
16.1707 -266.705
16.3863 -268.48
16.6016 -270.252
16.8166 -272.02
17.0312 -273.785
17.2456 -275.546
17.4596 -277.303
17.6732 -279.057
17.8866 -280.807
18.0996 -282.554
18.3124 -284.297
18.5248 -286.036
18.7368 -287.771
18.9486 -289.504
19.16 -291.232
19.3711 -292.957
19.5819 -294.678
19.7924 -296.396
20.0025 -298.109
20.2124 -299.819
20.4219 -301.526
20.6311 -303.228
20.8399 -304.927
21.0485 -306.622
21.2568 -308.313
21.4647 -310.002
21.6723 -311.687
21.8796 -313.369
22.0865 -315.047
22.2932 -316.722
22.4995 -318.393
22.7055 -320.061
22.9113 -321.724
23.1167 -323.385
23.3217 -325.041
23.5265 -326.695
23.731 -328.344
23.9351 -329.99
24.1389 -331.633
24.3425 -333.271
24.5457 -334.906
24.7486 -336.537
24.9512 -338.165
25.1535 -339.79
25.3555 -341.411
25.5571 -343.029
25.7585 -344.643
25.9596 -346.253
26.1603 -347.859
26.3608 -349.463
26.5609 -351.062
26.7607 -352.658
26.9603 -354.25
27.1595 -355.839
27.3584 -357.425
27.557 -359.007
27.7553 -360.586
27.9533 -362.162
28.151 -363.734
28.3484 -365.303
28.5455 -366.869
28.7422 -368.43
28.9387 -369.989
29.1349 -371.543
29.3308 -373.094
29.5264 -374.642
29.7217 -376.186
29.9166 -377.726
30.1113 -379.263
30.3057 -380.796
30.4998 -382.326
30.6936 -383.852
30.8871 -385.374
31.0803 -386.893
31.2732 -388.408
31.4658 -389.919
31.6581 -391.427
31.8501 -392.932
32.0418 -394.433
32.2333 -395.93
32.4244 -397.424
32.6152 -398.914
32.8058 -400.4
32.996 -401.883
33.186 -403.362
33.3757 -404.838
33.5651 -406.311
33.7541 -407.78
33.9429 -409.245
34.1314 -410.707
34.3197 -412.165
34.5076 -413.619
34.6952 -415.07
34.8826 -416.517
35.0697 -417.962
35.2564 -419.403
35.4429 -420.841
35.6291 -422.276
35.815 -423.706
36.0006 -425.133
36.1859 -426.557
36.371 -427.977
36.5558 -429.393
36.7402 -430.806
36.9244 -432.215
37.1083 -433.62
37.292 -435.022
37.4753 -436.421
37.6584 -437.816
37.8412 -439.208
38.0237 -440.596
38.2059 -441.981
38.3878 -443.362
38.5695 -444.739
38.7509 -446.113
38.932 -447.484
39.1128 -448.85
39.2933 -450.214
39.4736 -451.574
39.6536 -452.931
39.8333 -454.284
40.0127 -455.634
40.1918 -456.98
40.3707 -458.322
40.5493 -459.662
40.7276 -460.997
40.9057 -462.329
41.0834 -463.658
41.2609 -464.983
41.4381 -466.305
41.6151 -467.624
41.7918 -468.939
41.9682 -470.25
42.1443 -471.558
42.3201 -472.863
42.4957 -474.166
42.671 -475.464
42.846 -476.76
43.0208 -478.051
43.1952 -479.34
43.3694 -480.625
43.5434 -481.906
43.717 -483.184
43.8904 -484.459
44.0636 -485.73
44.2364 -486.997
44.409 -488.261
44.5813 -489.522
44.7534 -490.779
44.9252 -492.032
45.0967 -493.282
45.268 -494.529
45.439 -495.772
45.6097 -497.011
45.7801 -498.247
45.9503 -499.48
46.1203 -500.709
46.2899 -501.934
46.4594 -503.156
46.6285 -504.375
46.7974 -505.59
46.966 -506.802
47.1344 -508.01
47.3024 -509.215
47.4703 -510.417
47.6378 -511.615
47.8051 -512.81
47.9722 -514.002
48.139 -515.19
48.3055 -516.374
48.4718 -517.556
48.6378 -518.733
48.8035 -519.907
48.969 -521.078
49.1342 -522.246
49.2992 -523.409
49.4639 -524.57
49.6284 -525.727
49.7926 -526.88
49.9566 -528.03
50.1203 -529.176
50.2837 -530.319
50.4459 -531.463
50.6077 -532.604
50.7659 -533.755
50.9237 -534.904
51.0762 -536.069
51.2261 -537.241
51.3633 -538.462
51.479 -539.764
51.5965 -541.056
51.7136 -542.344
51.8304 -543.63
51.9469 -544.912
52.063 -546.191
52.1789 -547.467
52.2944 -548.74
52.4096 -550.009
52.5245 -551.276
52.639 -552.539
52.7532 -553.799
52.8672 -555.056
52.9808 -556.31
53.094 -557.562
53.207 -558.812
53.3197 -560.059
53.4315 -561.309
53.5426 -562.561
53.6511 -563.833
53.7593 -565.103
53.8644 -566.4
53.9688 -567.699
54.0701 -569.025
54.1696 -570.365
54.268 -571.71
54.366 -573.053
54.4638 -574.392
54.5611 -575.728
54.6582 -577.062
54.7549 -578.392
54.8512 -579.719
54.9473 -581.043
55.0429 -582.365
55.1383 -583.685
55.2334 -585.003
55.3282 -586.317
55.4226 -587.63
55.5167 -588.94
55.6104 -590.248
55.7038 -591.552
55.7968 -592.854
55.8895 -594.152
55.9819 -595.45
56.074 -596.747
56.1657 -598.04
56.2571 -599.33
56.3476 -600.617
56.4378 -601.902
56.5272 -603.183
56.6157 -604.46
56.7039 -605.735
56.7917 -607.006
56.8784 -608.274
56.9644 -609.537
57.05 -610.798
57.1353 -612.056
57.2198 -613.31
57.3035 -614.563
57.387 -615.813
57.4698 -617.06
57.5522 -618.304
57.6343 -619.545
57.716 -620.785
57.7975 -622.021
57.8787 -623.255
57.9596 -624.485
58.0402 -625.714
58.1205 -626.941
58.2003 -628.165
58.2798 -629.386
58.3589 -630.604
58.4373 -631.823
58.5154 -633.04
58.5931 -634.254
58.6701 -635.468
58.7462 -636.684
58.8219 -637.897
58.8965 -639.105
58.9708 -640.31
59.0448 -641.513
59.1181 -642.716
59.1908 -643.919
59.2624 -645.119
59.3338 -646.319
59.4049 -647.515
59.4756 -648.709
59.5462 -649.901
59.6159 -651.094
59.685 -652.284
59.7539 -653.472
59.8225 -654.657
59.8907 -655.839
59.9585 -657.022
60.026 -658.203
60.0932 -659.381
60.1603 -660.556
60.2271 -661.729
60.2938 -662.899
60.3602 -664.066
60.4264 -665.231
60.4924 -666.395
60.5582 -667.555
60.6239 -668.713
60.6893 -669.868
60.7544 -671.021
60.8194 -672.171
60.8842 -673.318
60.9488 -674.464
61.0132 -675.608
61.0774 -676.749
61.1414 -677.887
61.2052 -679.023
61.2688 -680.156
61.3321 -681.286
61.3953 -682.413
61.4582 -683.538
61.5209 -684.66
61.5831 -685.777
61.6452 -686.892
61.7068 -688.012
61.7681 -689.13
61.829 -690.243
61.8894 -691.353
61.9495 -692.46
62.0095 -693.564
62.0693 -694.665
62.1289 -695.766
62.1876 -696.884
62.2461 -697.999
62.304 -699.107
62.3615 -700.213
62.419 -701.316
62.4762 -702.416
62.5332 -703.513
62.5901 -704.609
62.6468 -705.701
62.7032 -706.791
62.7596 -707.879
62.8156 -708.963
62.8709 -710.054
62.9256 -711.157
62.9802 -712.258
63.0346 -713.356
63.0887 -714.452
63.1428 -715.545
63.1966 -716.636
63.2502 -717.723
63.3035 -718.807
63.3568 -719.889
63.4098 -720.969
63.4628 -722.046
63.5155 -723.121
63.5681 -724.194
63.6204 -725.263
63.6727 -726.331
63.7245 -727.4
63.7757 -728.485
63.8268 -729.568
63.8777 -730.649
63.9285 -731.728
63.979 -732.803
64.0293 -733.875
64.0794 -734.945
64.1294 -736.012
64.1792 -737.077
64.2288 -738.139
64.2782 -739.198
64.3271 -740.265
64.3757 -741.334
64.4241 -742.4
64.4724 -743.465
64.5205 -744.526
64.5684 -745.586
64.6161 -746.642
64.6637 -747.697
64.7111 -748.748
64.7583 -749.796
64.8053 -750.843
64.8521 -751.887
64.8988 -752.928
64.9453 -753.967
64.9915 -755.002
65.0376 -756.035
65.0835 -757.066
65.1292 -758.094
65.1747 -759.119
65.22 -760.141
65.2651 -761.161
65.31 -762.177
65.3548 -763.191
65.3994 -764.203
65.4438 -765.212
65.4881 -766.219
65.5321 -767.223
65.5759 -768.223
65.6195 -769.221
65.663 -770.216
65.7062 -771.209
65.7493 -772.199
65.7922 -773.187
65.835 -774.172
65.8775 -775.154
65.9197 -776.132
65.9617 -777.107
66.0035 -778.079
66.0452 -779.05
66.0851 -779.985
66.1238 -780.896
66.1623 -781.804
66.2005 -782.708
66.2384 -783.606
66.2761 -784.502
66.3137 -785.396
66.3151 -785.636
66.2706 -784.961
66.2329 -784.349
66.188 -784.155
66.1315 -782.941
66.1194 -783.146
66.1094 -783.335
66.0965 -783.474
66.0771 -783.511
66.0544 -783.495
66.0289 -783.431
66.0078 -783.414
65.9839 -783.316
65.9599 -783.223
65.9588 -783.424
65.9595 -783.644
65.9596 -783.851
65.9645 -784.119
65.9727 -784.452
65.9821 -784.858
65.9912 -785.261
66.0002 -785.66
66.0158 -786.103
66.0315 -786.54
66.047 -786.97
66.0622 -787.393
66.0776 -787.824
66.0938 -788.287
66.1097 -788.745
66.1253 -789.197
66.1406 -789.644
66.1557 -790.088
66.1705 -790.523
66.1848 -790.946
66.1961 -791.318
66.2049 -791.642
66.2145 -791.973
66.2273 -792.344
66.2399 -792.708
66.2514 -793.056
66.262 -793.391
66.2724 -793.719
66.2852 -794.074
66.2982 -794.428
66.3109 -794.777
66.3231 -795.118
66.3346 -795.451
66.3457 -795.777
66.3567 -796.098
66.3675 -796.414
66.381 -796.761
66.3962 -797.126
66.4132 -797.503
66.43 -797.875
66.4467 -798.243
66.4644 -798.625
66.4851 -799.051
66.5056 -799.474
66.5257 -799.889
66.5455 -800.297
66.5651 -800.702
66.5845 -801.103
66.6038 -801.5
66.623 -801.894
66.642 -802.285
66.661 -802.672
66.6798 -803.057
66.6985 -803.439
66.717 -803.811
66.7354 -804.18
66.7536 -804.544
66.7715 -804.902
66.7892 -805.257
66.8068 -805.608
66.8242 -805.955
66.8416 -806.299
66.8589 -806.64
66.876 -806.977
66.8931 -807.311
66.91 -807.64
66.9267 -807.967
66.9433 -808.291
66.9598 -808.611
66.9761 -808.926
66.9922 -809.237
67.0082 -809.545
67.0242 -809.849
67.0399 -810.148
67.0556 -810.445
67.0711 -810.737
67.0865 -811.024
67.1018 -811.308
67.1169 -811.587
67.1319 -811.863
67.1467 -812.131
67.1612 -812.388
67.1751 -812.618
67.1889 -812.842
67.2025 -813.062
67.2159 -813.276
67.2293 -813.486
67.2425 -813.69
67.2564 -813.897
67.2701 -814.099
67.2848 -814.325
67.2994 -814.546
67.3138 -814.761
67.3285 -814.982
67.3453 -815.241
67.3618 -815.493
67.3785 -815.743
67.3953 -815.99
67.4119 -816.232
67.4284 -816.469
67.4446 -816.701
67.4607 -816.928
67.4767 -817.149
67.4931 -817.376
67.5099 -817.605
67.5267 -817.83
67.5433 -818.049
67.5597 -818.263
67.5756 -818.473
67.5913 -818.676
67.6065 -818.86
67.6217 -819.04
67.6367 -819.215
67.6516 -819.386
67.6651 -819.542
67.6816 -819.804
67.69 -819.864
67.7065 -820.137
67.7111 -820.14
67.7272 -819.773
67.7457 -819.195
67.6228 -818.177
67.5942 -816.549
67.5452 -815.535
67.5008 -814.499
67.5048 -814.277
67.517 -814.185
67.5344 -814.135
67.5426 -814.295
67.5478 -814.486
67.5525 -814.667
67.5569 -814.838
67.5609 -815.002
67.5547 -815.163
67.5442 -815.312
67.5328 -815.447
67.4239 -814.912
66.9563 -809.385
67.0598 -810.39
67.0744 -810.477
67.0301 -809.486
66.8226 -805.108
66.735 -803.52
66.8513 -803.535
66.6984 -801.419
64.9041 -773.455
59.2684 -746.224
59.2181 -745.224
59.1716 -744.26
59.1246 -743.283
59.0923 -742.452
59.0655 -741.672
59.0384 -740.884
59.0107 -740.087
58.9826 -739.281
58.9541 -738.467
58.9251 -737.645
58.8955 -736.816
58.8655 -735.977
58.835 -735.129
58.8039 -734.273
58.7723 -733.408
58.7393 -732.521
58.7052 -731.62
58.6787 -730.801
58.652 -729.977
58.6327 -729.23
58.6136 -728.483
58.5939 -727.738
58.5741 -726.99
58.5541 -726.237
58.5335 -725.472
58.5126 -724.706
58.4912 -723.935
58.469 -723.163
58.4453 -722.408
58.4197 -721.679
58.3888 -721.021
58.3496 -720.485
58.2999 -720.102
58.2501 -719.715
58.2003 -719.324
58.1503 -718.929
58.1002 -718.531
58.05 -718.128
57.9995 -717.728
57.9479 -717.346
57.8959 -716.968
57.8437 -716.586
57.7914 -716.199
57.7391 -715.809
57.6865 -715.414
57.6339 -715.015
57.5812 -714.612
57.5283 -714.205
57.4753 -713.795
57.4222 -713.384
57.369 -712.969
57.3157 -712.549
57.2623 -712.125
57.2087 -711.697
57.155 -711.265
57.1011 -710.828
57.0472 -710.387
56.9941 -709.959
56.9421 -709.542
56.8898 -709.123
56.8374 -708.7
56.7849 -708.272
56.7322 -707.84
56.6794 -707.403
56.6265 -706.962
56.5734 -706.516
56.5196 -706.053
56.4657 -705.586
56.4117 -705.117
56.3576 -704.644
56.3071 -704.224
56.2593 -703.843
56.2114 -703.459
56.1634 -703.072
56.1154 -702.682
56.0673 -702.289
56.0192 -701.894
55.971 -701.495
55.9228 -701.094
55.8745 -700.691
55.8262 -700.285
55.7778 -699.877
55.7294 -699.467
55.681 -699.053
55.6324 -698.637
55.5839 -698.218
55.5352 -697.795
55.487 -697.375
55.4393 -696.961
55.3915 -696.543
55.3437 -696.123
55.2979 -695.735
55.2544 -695.382
55.2112 -695.031
55.168 -694.677
55.1247 -694.321
55.0814 -693.963
55.038 -693.601
54.9945 -693.235
54.9509 -692.864
54.9073 -692.491
54.8636 -692.115
54.8199 -691.737
54.7762 -691.356
54.7324 -690.973
54.6887 -690.588
54.6449 -690.201
54.6011 -689.811
54.5572 -689.419
54.5134 -689.024
54.4695 -688.627
54.4256 -688.228
54.3817 -687.826
54.3377 -687.422
54.2937 -687.015
54.2498 -686.606
54.2057 -686.194
54.1617 -685.78
54.1176 -685.364
54.0747 -684.964
54.0323 -684.571
53.9898 -684.176
53.9474 -683.778
53.9048 -683.376
53.8618 -682.962
53.8189 -682.546
53.7759 -682.128
53.7329 -681.707
53.6899 -681.284
53.6468 -680.859
53.6037 -680.43
53.5603 -679.997
53.5169 -679.562
53.4736 -679.124
53.4302 -678.684
53.3864 -678.251
53.3425 -677.815
53.2987 -677.377
53.2546 -676.93
53.2105 -676.481
53.1664 -676.029
53.1223 -675.575
53.0782 -675.119
53.034 -674.66
52.9899 -674.198
52.9457 -673.735
52.9015 -673.268
52.8619 -672.87
52.8243 -672.5
52.7868 -672.129
52.7491 -671.753
52.7114 -671.373
52.6736 -670.991
52.6359 -670.608
52.5982 -670.223
52.5604 -669.835
52.5227 -669.446
52.4849 -669.054
52.4461 -668.678
52.4062 -668.306
52.3662 -667.932
52.3263 -667.555
52.2863 -667.177
52.2463 -666.797
52.2064 -666.415
52.1664 -666.031
52.1264 -665.646
52.0871 -665.27
52.0478 -664.894
52.0085 -664.516
51.9692 -664.136
51.9299 -663.754
51.8906 -663.372
51.8515 -663
51.8124 -662.627
51.7733 -662.252
51.7342 -661.876
51.6951 -661.498
51.656 -661.118
51.6169 -660.737
51.5778 -660.353
51.5387 -659.968
51.4996 -659.582
51.4605 -659.193
51.4214 -658.803
51.3823 -658.411
51.3433 -658.022
51.3042 -657.63
51.2652 -657.237
51.2261 -656.842
51.1871 -656.445
51.1481 -656.046
51.1093 -655.652
51.0713 -655.273
51.0333 -654.897
50.9952 -654.52
50.9571 -654.141
50.919 -653.76
50.8809 -653.377
50.8426 -652.987
50.8044 -652.596
50.7662 -652.204
50.728 -651.811
50.6898 -651.416
50.6516 -651.021
50.6134 -650.623
50.5753 -650.223
50.5371 -649.822
50.499 -649.419
50.4609 -649.015
50.4228 -648.609
50.3847 -648.202
50.3508 -647.858
50.3196 -647.555
50.2885 -647.25
50.2574 -646.944
50.2263 -646.636
50.1952 -646.328
50.1641 -646.016
50.1328 -645.699
50.1016 -645.38
50.0704 -645.061
50.0392 -644.74
50.008 -644.418
49.9769 -644.095
49.948 -643.807
49.9198 -643.528
49.8916 -643.249
49.8635 -642.968
49.8353 -642.685
49.8072 -642.402
49.779 -642.118
49.7509 -641.832
49.7228 -641.546
49.6947 -641.258
49.6667 -640.969
49.6386 -640.679
49.6105 -640.388
49.5825 -640.095
49.5545 -639.802
49.5265 -639.507
49.4985 -639.211
49.4706 -638.915
49.4426 -638.617
49.4147 -638.318
49.3868 -638.017
49.3589 -637.716
49.3309 -637.411
49.303 -637.104
49.275 -636.796
49.2471 -636.488
49.2193 -636.178
49.1914 -635.868
49.1635 -635.556
49.1357 -635.243
49.1079 -634.93
49.0801 -634.615
49.0524 -634.299
49.0246 -633.983
48.9969 -633.665
48.9692 -633.346
48.9416 -633.034
48.914 -632.725
48.8865 -632.414
48.859 -632.103
48.8315 -631.791
48.804 -631.478
48.7766 -631.163
48.7492 -630.848
48.7218 -630.532
48.6944 -630.215
48.667 -629.897
48.6397 -629.577
48.6124 -629.257
48.5851 -628.936
48.5578 -628.614
48.5305 -628.291
48.5033 -627.967
48.4761 -627.642
48.4489 -627.316
48.4217 -626.988
48.3946 -626.66
48.3675 -626.331
48.3403 -626
48.3128 -625.686
48.2846 -625.4
48.2565 -625.114
48.2283 -624.826
48.2001 -624.538
48.172 -624.249
48.1439 -623.958
48.1158 -623.667
48.0877 -623.375
48.0596 -623.081
48.0316 -622.787
48.0035 -622.492
47.9755 -622.196
47.9475 -621.899
47.9196 -621.601
47.8916 -621.302
47.8637 -621.002
47.8358 -620.701
47.8079 -620.4
47.78 -620.097
47.7522 -619.797
47.7244 -619.495
47.6966 -619.193
47.6688 -618.89
47.6411 -618.585
47.6133 -618.28
47.5856 -617.974
47.5579 -617.667
47.5304 -617.363
47.5031 -617.061
47.4758 -616.759
47.4485 -616.456
47.4212 -616.151
47.3939 -615.846
47.3667 -615.54
47.3395 -615.233
47.3123 -614.925
47.2851 -614.616
47.2601 -614.34
47.2363 -614.081
47.2125 -613.822
47.1887 -613.561
47.1649 -613.3
47.1411 -613.037
47.1174 -612.774
47.0936 -612.51
47.0699 -612.245
47.0462 -611.979
47.0226 -611.712
46.9989 -611.444
46.9753 -611.175
46.9516 -610.906
46.928 -610.635
46.9044 -610.364
46.8809 -610.092
46.8573 -609.819
46.8338 -609.544
46.8102 -609.267
46.7867 -608.988
46.7631 -608.709
46.7392 -608.449
46.7149 -608.203
46.6907 -607.955
46.6664 -607.707
46.6422 -607.458
46.6179 -607.209
46.5937 -606.958
46.5695 -606.706
46.5454 -606.454
46.5212 -606.201
46.4971 -605.947
46.473 -605.691
46.4489 -605.433
46.4248 -605.174
46.4009 -604.918
46.377 -604.665
46.3532 -604.416
46.3294 -604.166
46.3057 -603.916
46.2819 -603.664
46.2582 -603.412
46.2345 -603.159
46.2108 -602.905
46.1871 -602.651
46.1635 -602.395
46.1398 -602.139
46.1162 -601.882
46.0926 -601.625
46.0691 -601.366
46.0455 -601.107
46.022 -600.847
45.9985 -600.586
45.975 -600.324
45.9515 -600.061
45.9281 -599.798
45.9046 -599.533
45.8812 -599.268
45.8578 -599.002
45.8345 -598.735
45.8111 -598.468
45.7878 -598.199
45.765 -597.938
45.7429 -597.689
45.7208 -597.438
45.6988 -597.187
45.6767 -596.934
45.6547 -596.681
45.6327 -596.427
45.6107 -596.173
45.5888 -595.917
45.5668 -595.661
45.5449 -595.404
45.523 -595.146
45.5012 -594.887
45.4793 -594.628
45.4575 -594.367
45.4357 -594.106
45.4139 -593.844
45.3921 -593.581
45.3703 -593.317
45.3486 -593.053
45.3269 -592.788
45.3052 -592.522
45.2835 -592.255
45.2618 -591.987
45.2402 -591.719
45.2186 -591.45
45.197 -591.18
45.1754 -590.908
45.1539 -590.636
45.1323 -590.362
45.1108 -590.088
45.0893 -589.813
45.0678 -589.538
45.0464 -589.261
45.025 -588.984
45.0035 -588.706
44.9822 -588.427
44.9608 -588.147
44.9394 -587.866
44.9181 -587.585
44.8968 -587.302
44.8755 -587.019
44.8543 -586.736
44.833 -586.451
44.8118 -586.165
44.7906 -585.879
44.7695 -585.592
44.7483 -585.304
44.7272 -585.015
44.7061 -584.725
44.685 -584.435
44.664 -584.143
44.6429 -583.851
44.6219 -583.558
44.6009 -583.265
44.58 -582.971
44.5612 -582.712
44.5423 -582.452
44.5235 -582.192
44.5047 -581.931
44.4859 -581.669
44.4671 -581.406
44.4484 -581.142
44.4296 -580.878
44.4109 -580.612
44.3922 -580.346
44.3736 -580.079
44.3549 -579.812
44.3363 -579.543
44.3177 -579.274
44.2991 -579.004
44.2805 -578.733
44.262 -578.462
44.2435 -578.189
44.225 -577.917
44.2065 -577.643
44.188 -577.368
44.1696 -577.093
44.1512 -576.816
44.1328 -576.539
44.1144 -576.261
44.0961 -575.983
44.0777 -575.703
44.0594 -575.423
44.0411 -575.142
44.0229 -574.86
44.0046 -574.577
43.9864 -574.294
43.9682 -574.009
43.95 -573.724
43.9319 -573.439
43.9137 -573.153
43.8956 -572.866
43.8775 -572.578
43.8595 -572.29
43.8414 -572.001
43.8234 -571.711
43.8054 -571.42
43.7874 -571.128
43.7695 -570.836
43.7515 -570.542
43.7336 -570.248
43.7157 -569.954
43.6979 -569.658
43.68 -569.362
43.6622 -569.065
43.6445 -568.77
43.6268 -568.477
43.6092 -568.182
43.5916 -567.887
43.5741 -567.592
43.5565 -567.295
43.539 -566.998
43.5215 -566.699
43.504 -566.4
43.4865 -566.101
43.4691 -565.8
43.4517 -565.499
43.4343 -565.196
43.417 -564.893
43.3996 -564.589
43.3823 -564.285
43.365 -563.979
43.3478 -563.673
43.3305 -563.366
43.3133 -563.059
43.2961 -562.75
43.2789 -562.441
43.2618 -562.132
43.2447 -561.821
43.2276 -561.51
43.2105 -561.199
43.1934 -560.886
43.1764 -560.573
43.1594 -560.258
43.1424 -559.943
43.1255 -559.627
43.1086 -559.31
43.0917 -558.993
43.0748 -558.674
43.0579 -558.355
43.0411 -558.035
43.0243 -557.714
43.0075 -557.392
42.9908 -557.07
42.974 -556.746
42.9573 -556.422
42.9407 -556.097
42.924 -555.772
42.9074 -555.445
42.8908 -555.118
42.8742 -554.789
42.8577 -554.46
42.8411 -554.13
42.8246 -553.8
42.8082 -553.468
42.7917 -553.136
42.7753 -552.803
42.7593 -552.477
42.7442 -552.166
42.729 -551.854
42.7138 -551.541
42.6987 -551.227
42.6836 -550.913
42.6686 -550.597
42.6535 -550.281
42.6385 -549.964
42.6235 -549.646
42.6085 -549.327
42.5936 -549.007
42.5787 -548.687
42.5638 -548.365
42.5489 -548.043
42.5341 -547.72
42.5193 -547.396
42.5045 -547.071
42.4897 -546.746
42.475 -546.419
42.4602 -546.092
42.4456 -545.764
42.4309 -545.435
42.4163 -545.105
42.4016 -544.774
42.3871 -544.443
42.3725 -544.111
42.358 -543.777
42.3434 -543.443
42.329 -543.109
42.3145 -542.773
42.3001 -542.437
42.2857 -542.101
42.2713 -541.763
42.2569 -541.425
42.2426 -541.086
42.2283 -540.746
42.214 -540.405
42.1997 -540.063
42.1855 -539.721
42.1713 -539.377
42.1571 -539.033
42.143 -538.688
42.1289 -538.342
42.1148 -537.995
42.1007 -537.647
42.0867 -537.299
42.0727 -536.95
42.0587 -536.599
42.0448 -536.248
42.0308 -535.896
42.0169 -535.543
42.0031 -535.19
41.9892 -534.835
41.9754 -534.48
41.9616 -534.124
41.9479 -533.767
41.9342 -533.409
41.9205 -533.05
41.9068 -532.69
41.8931 -532.33
41.8795 -531.969
41.8659 -531.606
41.8524 -531.243
41.8388 -530.88
41.8253 -530.515
41.8119 -530.149
41.7984 -529.783
41.785 -529.416
41.7716 -529.048
41.7583 -528.679
41.7449 -528.31
41.7316 -527.94
41.7184 -527.569
41.7051 -527.197
41.6919 -526.824
41.6787 -526.45
41.6656 -526.077
41.6524 -525.702
41.6393 -525.327
41.6262 -524.951
41.6132 -524.575
41.6002 -524.197
41.5872 -523.818
41.5742 -523.439
41.5613 -523.059
41.5484 -522.678
41.5355 -522.297
41.5227 -521.914
41.5099 -521.531
41.4971 -521.147
41.4843 -520.763
41.4716 -520.377
41.4589 -519.991
41.4463 -519.603
41.4336 -519.215
41.421 -518.826
41.4085 -518.436
41.3959 -518.046
41.3834 -517.654
41.3709 -517.262
41.3585 -516.869
41.3461 -516.475
41.3337 -516.08
41.3213 -515.684
41.309 -515.287
41.2967 -514.89
41.2845 -514.492
41.2722 -514.093
41.26 -513.692
41.2479 -513.292
41.2357 -512.89
41.2236 -512.487
41.2119 -512.092
41.2008 -511.707
41.1897 -511.321
41.1786 -510.935
41.1676 -510.547
41.1566 -510.158
41.1456 -509.769
41.1347 -509.379
41.1238 -508.988
41.1129 -508.596
41.1019 -508.206
41.091 -507.816
41.08 -507.426
41.0691 -507.035
41.0582 -506.644
41.0474 -506.252
41.0366 -505.859
41.0258 -505.465
41.015 -505.071
41.0043 -504.676
40.9936 -504.279
40.9829 -503.882
40.9723 -503.485
40.9617 -503.086
40.9511 -502.687
40.9406 -502.287
40.9301 -501.886
40.9196 -501.484
40.9091 -501.082
40.8987 -500.678
40.8883 -500.274
40.878 -499.869
40.8676 -499.463
40.8573 -499.057
40.8471 -498.65
40.8368 -498.242
40.8266 -497.834
40.8164 -497.424
40.8063 -497.014
40.7962 -496.603
40.7861 -496.191
40.7761 -495.778
40.7661 -495.364
40.7561 -494.95
40.7461 -494.535
40.7362 -494.118
40.7264 -493.701
40.7165 -493.283
40.7067 -492.864
40.6969 -492.445
40.6872 -492.025
40.6774 -491.604
40.6678 -491.182
40.6581 -490.759
40.6485 -490.335
40.6389 -489.911
40.6293 -489.485
40.6198 -489.06
40.6103 -488.635
40.6009 -488.208
40.5914 -487.78
40.582 -487.352
40.5727 -486.923
40.5633 -486.493
40.554 -486.062
40.5448 -485.63
40.5355 -485.197
40.5263 -484.764
40.5172 -484.33
40.5081 -483.895
40.499 -483.46
40.49 -483.025
40.481 -482.59
40.472 -482.154
40.4631 -481.716
40.4542 -481.278
40.4453 -480.84
40.4365 -480.402
40.4276 -479.963
40.4189 -479.523
40.4101 -479.082
40.4014 -478.64
40.3927 -478.198
40.384 -477.756
40.3754 -477.312
40.3668 -476.868
40.3583 -476.423
40.3497 -475.977
40.3413 -475.53
40.3328 -475.085
40.3243 -474.642
40.3159 -474.198
40.3075 -473.754
40.2992 -473.308
40.2908 -472.862
40.2825 -472.415
40.2743 -471.968
40.2661 -471.52
40.2579 -471.071
40.2497 -470.621
40.2416 -470.171
40.2335 -469.719
40.2255 -469.267
40.2175 -468.814
40.2095 -468.36
40.2016 -467.905
40.1936 -467.45
40.1858 -466.995
40.1779 -466.54
40.1701 -466.084
40.1623 -465.628
40.1545 -465.17
40.1468 -464.712
40.1391 -464.253
40.1315 -463.793
40.1239 -463.332
40.1163 -462.871
40.1087 -462.408
40.1012 -461.945
40.0938 -461.481
40.0864 -461.016
40.079 -460.55
40.0716 -460.086
40.0642 -459.621
40.0569 -459.155
40.0496 -458.689
40.0424 -458.222
40.0352 -457.754
40.028 -457.285
40.0209 -456.815
40.0138 -456.345
40.0067 -455.873
39.9997 -455.401
39.9927 -454.928
39.9857 -454.454
39.9788 -453.979
39.972 -453.504
39.9651 -453.029
39.9583 -452.554
39.9515 -452.078
39.9447 -451.601
39.938 -451.123
39.9313 -450.644
39.9247 -450.164
39.9181 -449.684
39.9115 -449.203
39.905 -448.722
39.8985 -448.24
39.8921 -447.757
39.8856 -447.274
39.8792 -446.79
39.8729 -446.305
39.8666 -445.819
39.86 -445.342
39.8534 -444.865
39.8468 -444.387
39.8402 -443.909
39.8337 -443.43
39.8273 -442.95
39.8208 -442.471
39.8144 -441.991
39.8081 -441.511
39.8017 -441.03
39.7954 -440.548
39.7891 -440.068
39.7829 -439.587
39.7767 -439.105
39.7705 -438.622
39.7644 -438.138
39.7583 -437.653
39.7522 -437.168
39.7462 -436.682
39.7402 -436.196
39.7342 -435.709
39.7283 -435.222
39.7224 -434.733
39.7166 -434.245
39.7107 -433.755
39.705 -433.265
39.6992 -432.774
39.6935 -432.282
39.6879 -431.79
39.6822 -431.296
39.6766 -430.802
39.6711 -430.307
39.6656 -429.811
39.6601 -429.315
39.6547 -428.818
39.6493 -428.32
39.6439 -427.822
39.6386 -427.322
39.6333 -426.822
39.6281 -426.322
39.6229 -425.821
39.6177 -425.319
39.6126 -424.817
39.6075 -424.313
39.6024 -423.809
39.5974 -423.304
39.5924 -422.798
39.5875 -422.291
39.5828 -421.79
39.5781 -421.289
39.5735 -420.787
39.5689 -420.285
39.5643 -419.781
39.5598 -419.277
39.5553 -418.773
39.5507 -418.269
39.5463 -417.764
39.5418 -417.259
39.5374 -416.759
39.5329 -416.259
39.5285 -415.758
39.5241 -415.258
39.5198 -414.757
39.5155 -414.255
39.5112 -413.752
39.507 -413.248
39.5028 -412.744
39.4987 -412.24
39.4946 -411.734
39.4905 -411.228
39.4865 -410.721
39.4825 -410.213
39.4785 -409.706
39.4746 -409.197
39.4707 -408.689
39.4668 -408.179
39.463 -407.669
39.4592 -407.158
39.4555 -406.646
39.4518 -406.134
39.4481 -405.621
39.4445 -405.107
39.4409 -404.594
39.4373 -404.079
39.4338 -403.564
39.4303 -403.048
39.4269 -402.532
39.4235 -402.016
39.4201 -401.499
39.4168 -400.981
39.4135 -400.463
39.4102 -399.943
39.407 -399.423
39.4038 -398.903
39.4007 -398.381
39.3976 -397.859
39.3945 -397.337
39.3915 -396.814
39.3885 -396.291
39.3856 -395.767
39.3827 -395.242
39.3798 -394.717
39.377 -394.19
39.3742 -393.664
39.3714 -393.138
39.3686 -392.612
39.3659 -392.086
39.3633 -391.559
39.3606 -391.03
39.358 -390.501
39.3555 -389.972
39.353 -389.441
39.3505 -388.91
39.3481 -388.378
39.3457 -387.846
39.3434 -387.313
39.3411 -386.779
39.3388 -386.245
39.3366 -385.711
39.3344 -385.176
39.3322 -384.641
39.3301 -384.107
39.3279 -383.572
39.3259 -383.037
39.3238 -382.501
39.3218 -381.964
39.3199 -381.427
39.318 -380.889
39.3161 -380.351
39.3143 -379.812
39.3125 -379.272
39.3107 -378.731
39.309 -378.19
39.3073 -377.648
39.3057 -377.106
39.3041 -376.564
39.3025 -376.024
39.3009 -375.482
39.2994 -374.941
39.2979 -374.398
39.2965 -373.855
39.2951 -373.311
39.2938 -372.767
39.2925 -372.221
39.2912 -371.675
39.29 -371.129
39.2888 -370.582
39.2876 -370.034
39.2865 -369.485
39.2855 -368.936
39.2844 -368.388
39.2829 -367.85
39.2814 -367.318
39.2799 -366.785
39.2785 -366.252
39.2771 -365.718
39.2758 -365.183
39.2745 -364.648
39.2732 -364.111
39.272 -363.574
39.2708 -363.038
39.2697 -362.5
39.2685 -361.963
39.2674 -361.426
39.2664 -360.888
39.2654 -360.349
39.2644 -359.81
39.2635 -359.271
39.2626 -358.73
39.2617 -358.19
39.2609 -357.649
39.2601 -357.108
39.2593 -356.567
39.2586 -356.024
39.2579 -355.482
39.2573 -354.939
39.2567 -354.396
39.2561 -353.852
39.2555 -353.31
39.255 -352.767
39.2545 -352.226
39.254 -351.683
39.2535 -351.141
39.2531 -350.598
39.2528 -350.054
39.2524 -349.509
39.2522 -348.964
39.2519 -348.419
39.2517 -347.873
39.2515 -347.328
39.2513 -346.783
39.2512 -346.239
39.2511 -345.694
39.251 -345.149
39.251 -344.603
39.251 -344.057
39.251 -343.511
39.2511 -342.964
39.2511 -342.418
39.2512 -341.872
39.2514 -341.325
39.2515 -340.777
39.2518 -340.229
39.252 -339.68
39.2523 -339.13
39.2527 -338.58
39.2531 -338.029
39.2535 -337.478
39.2539 -336.926
39.2544 -336.373
39.255 -335.82
39.2556 -335.266
39.2562 -334.711
39.2569 -334.155
39.2576 -333.599
39.2584 -333.042
39.2592 -332.485
39.2601 -331.927
39.2609 -331.369
39.2619 -330.809
39.2629 -330.25
39.2639 -329.69
39.2649 -329.13
39.266 -328.569
39.2671 -328.008
39.2683 -327.446
39.2695 -326.884
39.2707 -326.321
39.272 -325.757
39.2733 -325.193
39.2747 -324.629
39.2761 -324.063
39.2775 -323.498
39.279 -322.932
39.2806 -322.365
39.2821 -321.798
39.2837 -321.231
39.2853 -320.665
39.287 -320.098
39.2886 -319.534
39.2902 -318.973
39.2919 -318.411
39.2936 -317.848
39.2953 -317.285
39.2971 -316.722
39.2989 -316.16
39.3007 -315.597
39.3025 -315.035
39.3044 -314.474
39.3063 -313.912
39.3083 -313.349
39.3103 -312.785
39.3123 -312.221
39.3144 -311.656
39.3165 -311.09
39.3187 -310.524
39.3209 -309.957
39.3231 -309.391
39.3254 -308.824
39.3277 -308.257
39.3301 -307.689
39.3325 -307.12
39.3349 -306.55
39.3374 -305.98
39.3399 -305.409
39.3425 -304.838
39.3451 -304.267
39.3478 -303.695
39.3505 -303.122
39.3532 -302.551
39.3559 -301.978
39.3587 -301.405
39.3616 -300.832
39.3644 -300.258
39.3673 -299.685
39.3702 -299.112
39.3732 -298.538
39.3762 -297.964
39.3792 -297.39
39.3819 -296.822
39.3847 -296.254
39.3875 -295.685
39.3904 -295.115
39.3933 -294.545
39.3963 -293.974
39.3993 -293.402
39.4023 -292.83
39.4054 -292.257
39.4086 -291.683
39.4117 -291.108
39.415 -290.533
39.4182 -289.957
39.4215 -289.381
39.4249 -288.804
39.4283 -288.226
39.4317 -287.648
39.4352 -287.069
39.4388 -286.49
39.4423 -285.911
39.4459 -285.333
39.4495 -284.754
39.4532 -284.174
39.4569 -283.594
39.4606 -283.013
39.4644 -282.431
39.4682 -281.849
39.4721 -281.266
39.476 -280.683
39.48 -280.099
39.484 -279.515
39.4881 -278.931
39.4921 -278.346
39.4963 -277.76
39.5005 -277.173
39.5047 -276.586
39.5089 -275.999
39.5132 -275.411
39.5176 -274.823
39.522 -274.234
39.5264 -273.645
39.5309 -273.055
39.5354 -272.464
39.5399 -271.874
39.5445 -271.282
39.5492 -270.691
39.5539 -270.098
39.5586 -269.505
39.5634 -268.912
39.5682 -268.318
39.573 -267.723
39.5778 -267.131
39.5826 -266.544
39.5874 -265.954
39.5923 -265.363
39.5973 -264.771
39.6023 -264.179
39.6073 -263.587
39.6123 -262.994
39.6174 -262.401
39.6225 -261.81
39.6275 -261.219
39.6325 -260.628
39.6376 -260.036
39.6428 -259.444
39.6479 -258.852
39.6531 -258.259
39.6584 -257.666
39.6637 -257.073
39.669 -256.479
39.6744 -255.886
39.6798 -255.292
39.6852 -254.697
39.6907 -254.102
39.6962 -253.506
39.7018 -252.912
39.7073 -252.317
39.7129 -251.723
39.7186 -251.128
39.7242 -250.532
39.73 -249.936
39.7357 -249.339
39.7415 -248.743
39.7474 -248.147
39.7532 -247.551
39.7591 -246.956
39.765 -246.36
39.7709 -245.764
39.7769 -245.168
39.7829 -244.572
39.789 -243.977
39.795 -243.382
39.8011 -242.786
39.8073 -242.189
39.8134 -241.594
39.8196 -240.998
39.8258 -240.403
39.8321 -239.806
39.8384 -239.21
39.8449 -238.621
39.8514 -238.031
39.858 -237.44
39.8647 -236.848
39.8713 -236.256
39.8781 -235.663
39.8848 -235.069
39.8917 -234.475
39.8985 -233.88
39.9054 -233.285
39.9124 -232.688
39.9194 -232.092
39.9264 -231.495
39.9335 -230.897
39.9406 -230.298
39.9478 -229.699
39.9551 -229.099
39.9623 -228.499
39.9696 -227.898
39.977 -227.297
39.9844 -226.695
39.9919 -226.092
39.9994 -225.489
40.0069 -224.885
40.0145 -224.28
40.0221 -223.675
40.0298 -223.071
40.0374 -222.468
40.0451 -221.865
40.0529 -221.26
40.0607 -220.655
40.0685 -220.049
40.0764 -219.442
40.0844 -218.835
40.0923 -218.228
40.1004 -217.621
40.1084 -217.012
40.1165 -216.404
40.1247 -215.795
40.1328 -215.186
40.1411 -214.575
40.1494 -213.965
40.1577 -213.353
40.1661 -212.741
40.1745 -212.127
40.183 -211.514
40.1915 -210.899
40.2001 -210.284
40.2088 -209.668
40.2174 -209.051
40.2262 -208.434
40.2349 -207.817
40.2437 -207.199
40.2526 -206.581
40.2615 -205.962
40.2704 -205.343
40.2792 -204.729
40.2881 -204.115
40.2969 -203.501
40.3059 -202.885
40.3149 -202.27
40.3239 -201.653
40.333 -201.036
40.3421 -200.418
40.3513 -199.799
40.3605 -199.181
40.3698 -198.563
40.379 -197.944
40.3883 -197.326
40.3977 -196.707
40.4071 -196.089
40.4165 -195.47
40.4259 -194.851
40.4354 -194.232
40.4449 -193.612
40.4545 -192.993
40.4641 -192.373
40.4738 -191.752
40.4834 -191.132
40.4931 -190.513
40.5029 -189.892
40.5127 -189.272
40.5225 -188.651
40.5323 -188.032
40.5421 -187.413
40.552 -186.794
40.5619 -186.175
40.5719 -185.555
40.5819 -184.935
40.5919 -184.314
40.602 -183.693
40.6121 -183.072
40.6223 -182.451
40.6319 -181.846
40.6394 -181.307
40.6469 -180.766
40.6544 -180.225
40.662 -179.684
40.6696 -179.143
40.6772 -178.601
40.6849 -178.058
40.6927 -177.515
40.7004 -176.971
40.7082 -176.427
40.7161 -175.884
40.7239 -175.339
40.7319 -174.794
40.7398 -174.248
40.7478 -173.702
40.7558 -173.157
40.7638 -172.614
40.7718 -172.069
40.7799 -171.525
40.788 -170.979
40.7962 -170.434
40.8044 -169.888
40.8126 -169.342
40.8209 -168.795
40.8292 -168.248
40.8375 -167.7
40.8459 -167.151
40.8544 -166.602
40.8628 -166.052
40.8714 -165.502
40.8799 -164.951
40.8885 -164.4
40.8971 -163.85
40.9057 -163.298
40.9144 -162.747
40.9232 -162.194
40.9319 -161.642
40.9407 -161.089
40.9495 -160.537
40.9584 -159.984
40.9673 -159.431
40.9762 -158.878
40.9852 -158.324
40.9942 -157.77
41.0032 -157.217
41.0122 -156.663
41.0213 -156.109
41.0305 -155.554
41.0397 -154.998
41.0489 -154.442
41.0582 -153.885
41.0675 -153.328
41.0768 -152.77
41.0862 -152.213
41.0956 -151.656
41.1051 -151.097
41.1145 -150.539
41.124 -149.982
41.1335 -149.425
41.1431 -148.868
41.1527 -148.31
41.1623 -147.751
41.172 -147.192
41.1817 -146.633
41.1914 -146.076
41.2011 -145.517
41.2109 -144.958
41.2208 -144.399
41.2306 -143.839
41.2406 -143.278
41.2505 -142.718
41.2605 -142.158
41.2705 -141.597
41.2805 -141.036
41.2906 -140.476
41.3006 -139.916
41.3107 -139.357
41.3208 -138.797
41.3309 -138.237
41.3411 -137.675
41.3513 -137.115
41.3616 -136.553
41.3719 -135.992
41.3822 -135.43
41.3926 -134.867
41.403 -134.305
41.4134 -133.744
41.4239 -133.183
41.4343 -132.621
41.4448 -132.06
41.4554 -131.497
41.466 -130.934
41.4766 -130.37
41.4873 -129.805
41.4981 -129.24
41.5088 -128.675
41.5197 -128.109
41.5305 -127.542
41.5414 -126.975
41.5524 -126.407
41.5634 -125.839
41.5744 -125.271
41.5855 -124.703
41.5966 -124.134
41.6077 -123.565
41.6189 -122.996
41.63 -122.428
41.6413 -121.859
41.6525 -121.289
41.6638 -120.719
41.6752 -120.149
41.6866 -119.578
41.6963 -119.055
41.706 -118.534
41.7157 -118.012
41.7254 -117.491
41.7352 -116.97
41.745 -116.448
41.7548 -115.926
41.7647 -115.403
41.7746 -114.881
41.7846 -114.358
41.7945 -113.836
41.8045 -113.313
41.8145 -112.791
41.8246 -112.267
41.8347 -111.743
41.8449 -111.219
41.8551 -110.693
41.8653 -110.168
41.8755 -109.645
41.8857 -109.121
41.896 -108.597
41.9063 -108.073
41.9167 -107.548
41.927 -107.023
41.9375 -106.498
41.9479 -105.972
41.9584 -105.447
41.9689 -104.921
41.9794 -104.395
41.99 -103.87
42.0006 -103.343
42.0112 -102.816
42.0219 -102.289
42.0327 -101.761
42.0434 -101.233
42.0542 -100.705
42.0651 -100.176
42.0759 -99.6462
42.0869 -99.1162
42.0978 -98.5856
42.1088 -98.0545
42.1199 -97.5234
42.1309 -96.9918
42.142 -96.4601
42.1532 -95.9287
42.1643 -95.3972
42.1755 -94.8662
42.1867 -94.3351
42.1979 -93.8036
42.2092 -93.2722
42.2205 -92.7402
42.2318 -92.2083
42.2431 -91.6792
42.2539 -91.161
42.2648 -90.6424
42.2758 -90.1232
42.2868 -89.6035
42.2978 -89.0832
42.3089 -88.5626
42.32 -88.0414
42.3311 -87.5198
42.3423 -86.998
42.3535 -86.4759
42.3648 -85.954
42.376 -85.4322
42.3873 -84.9101
42.3987 -84.3875
42.41 -83.8654
42.4214 -83.3437
42.4328 -82.8214
42.4442 -82.2986
42.4557 -81.7752
42.4673 -81.2512
42.4788 -80.7269
42.4905 -80.202
42.5021 -79.6766
42.5138 -79.1506
42.5256 -78.6242
42.5373 -78.0976
42.5491 -77.5705
42.561 -77.0435
42.5728 -76.5166
42.5847 -75.9892
42.5967 -75.4619
42.6086 -74.9343
42.6206 -74.4061
42.6327 -73.8775
42.6447 -73.3485
42.6569 -72.8189
42.669 -72.2888
42.6812 -71.7584
42.6934 -71.2293
42.7057 -70.6997
42.7179 -70.1696
42.7303 -69.6393
42.7426 -69.1093
42.7549 -68.5792
42.7673 -68.0487
42.7798 -67.5177
42.7923 -66.9864
42.8048 -66.4546
42.8173 -65.9224
42.8299 -65.3897
42.8426 -64.8565
42.8552 -64.3229
42.868 -63.7888
42.8807 -63.2542
42.8935 -62.719
42.9064 -62.1834
42.9192 -61.6479
42.9321 -61.1123
42.945 -60.5773
42.958 -60.0421
42.971 -59.5064
42.984 -58.9701
42.9971 -58.4332
43.0102 -57.8958
43.0233 -57.359
43.0365 -56.8223
43.0496 -56.2858
43.0629 -55.7489
43.0761 -55.2123
43.0893 -54.676
43.1026 -54.1393
43.116 -53.6027
43.1293 -53.0658
43.1427 -52.5287
43.1561 -51.9921
43.1695 -51.4551
43.183 -50.9189
43.1964 -50.3834
43.2099 -49.848
43.2234 -49.3132
43.2369 -48.7795
43.2504 -48.2465
43.2639 -47.7144
43.2774 -47.184
43.2909 -46.655
43.3044 -46.126
43.3179 -45.5965
43.3315 -45.0666
43.3451 -44.5368
43.3588 -44.0065
43.3724 -43.4771
43.3861 -42.9474
43.3998 -42.4173
43.4136 -41.8867
43.4274 -41.3566
43.4412 -40.8264
43.455 -40.2959
43.4689 -39.7648
43.4829 -39.2333
43.4968 -38.7026
43.5108 -38.1722
43.5248 -37.6416
43.5388 -37.1108
43.5528 -36.5802
43.5669 -36.0493
43.581 -35.518
43.5951 -34.988
43.6093 -34.4575
43.6234 -33.9282
43.6376 -33.3987
43.6518 -32.8693
43.666 -32.3414
43.6802 -31.8158
43.6943 -31.2909
43.7085 -30.7677
43.7226 -30.2446
43.7369 -29.7212
43.7511 -29.1973
43.7654 -28.673
43.7797 -28.1481
43.7941 -27.6231
43.8084 -27.0981
43.8229 -26.5725
43.8373 -26.0464
43.8519 -25.5198
43.8664 -24.9927
43.881 -24.4651
43.8957 -23.937
43.9103 -23.4094
43.925 -22.8812
43.9397 -22.3526
43.9545 -21.8242
43.9693 -21.2959
43.9841 -20.7676
43.9989 -20.2391
44.0138 -19.7103
44.0287 -19.1816
44.0436 -18.6533
44.0586 -18.126
44.0735 -17.5982
44.0885 -17.0699
44.1036 -16.5411
44.1187 -16.0118
44.1338 -15.4837
44.1489 -14.9553
44.164 -14.4264
44.1792 -13.897
44.1945 -13.3672
44.2098 -12.8375
44.2251 -12.3075
44.2404 -11.7771
44.2558 -11.2462
44.2712 -10.7148
44.2867 -10.183
44.3022 -9.65182
44.3156 -9.17448
44.329 -8.69727
44.3425 -8.21964
44.356 -7.74157
44.3695 -7.26311
44.3831 -6.78418
44.3967 -6.30478
44.4103 -5.82499
44.424 -5.34563
44.4377 -4.86669
44.4514 -4.38733
44.4651 -3.90751
44.4789 -3.42721
44.4928 -2.94672
44.5066 -2.46657
44.5205 -1.98595
44.5344 -1.50486
44.5483 -1.02394
44.5623 -0.542617
44.5763 -0.0609868
44.5903 0.42111
44.6044 0.903554
44.6185 1.38633
44.6327 1.86949
44.6469 2.35311
44.6611 2.83719
44.6754 3.32175
44.6897 3.80677
44.704 4.2916
44.7183 4.77636
44.7327 5.26154
44.7471 5.74703
44.7616 6.23241
44.7761 6.71826
44.7906 7.20448
44.8051 7.69108
44.8197 8.17773
44.8343 8.66429
44.8489 9.15132
44.8636 9.63881
44.8783 10.1267
44.8931 10.6151
44.9079 11.1033
44.9227 11.5913
44.9375 12.0783
44.9523 12.5655
44.9672 13.0533
44.9821 13.5415
44.997 14.03
45.012 14.5185
45.027 15.0073
45.042 15.4964
45.0571 15.9856
45.0722 16.475
45.0872 16.9624
45.1023 17.4498
45.1174 17.9369
45.1326 18.4245
45.1477 18.9123
45.1629 19.3993
45.1779 19.8823
45.193 20.3657
45.2081 20.8495
45.2233 21.3338
45.2385 21.8185
45.2537 22.3034
45.2689 22.7881
45.2842 23.2727
45.2995 23.7574
45.3148 24.2423
45.3302 24.7276
45.3456 25.2133
45.361 25.6994
45.3765 26.186
45.392 26.673
45.4075 27.1599
45.423 27.6463
45.4386 28.1332
45.4542 28.6203
45.4698 29.1074
45.4855 29.5946
45.5011 30.081
45.5168 30.5672
45.5325 31.0536
45.5483 31.5406
45.564 32.028
45.5799 32.5156
45.5957 33.0036
45.6116 33.492
45.6275 33.9808
45.6435 34.4701
45.6595 34.9598
45.6755 35.4497
45.6916 35.9401
45.7077 36.4307
45.7239 36.9218
45.74 37.4133
45.7563 37.9047
45.7725 38.3966
45.7888 38.889
45.8051 39.3817
45.8214 39.8736
45.8378 40.365
45.8541 40.8562
45.8705 41.3477
45.8869 41.8385
45.9033 42.3294
45.9198 42.8201
45.9363 43.3113
45.9528 43.8026
45.9693 44.2939
45.9859 44.7856
46.0025 45.277
46.0171 45.7151
46.0317 46.1536
46.0464 46.5922
46.061 47.031
46.0757 47.4703
46.0905 47.9095
46.1052 48.3471
46.1199 48.7842
46.1347 49.2218
46.1495 49.6595
46.1643 50.0973
46.1791 50.5355
46.194 50.9742
46.2089 51.413
46.2238 51.8521
46.2388 52.2917
46.2538 52.7312
46.2688 53.171
46.2839 53.6113
46.299 54.0519
46.3131 54.4671
46.3257 54.8462
46.3384 55.2258
46.351 55.6042
46.3636 55.983
46.3763 56.3621
46.389 56.7415
46.4018 57.1213
46.4146 57.5014
46.4274 57.8819
46.4402 58.2627
46.4531 58.6438
46.4659 59.0253
46.4789 59.4072
46.4918 59.789
46.5046 60.1678
46.5175 60.5469
46.5303 60.9263
46.5432 61.3059
46.5562 61.6854
46.5691 62.0649
46.5821 62.4449
46.5951 62.8252
46.6081 63.2059
46.6212 63.5869
46.6343 63.9683
46.646 64.3145
46.6572 64.6475
46.6684 64.9806
46.6796 65.314
46.6909 65.6478
46.7022 65.982
46.7135 66.3164
46.7249 66.6512
46.7362 66.9863
46.7476 67.3218
46.7591 67.6575
46.7705 67.9935
46.782 68.3298
46.7935 68.6665
46.805 69.0035
46.8166 69.3409
46.8282 69.6785
46.8398 70.0166
46.8514 70.3549
46.8631 70.6936
46.8748 71.0326
46.8865 71.372
46.8982 71.7116
46.91 72.0517
46.9218 72.3918
46.9336 72.7318
46.9455 73.0721
46.9573 73.4129
46.9692 73.7539
46.9811 74.0951
46.9931 74.4367
47.005 74.7787
47.017 75.1209
47.029 75.4634
47.0411 75.8062
47.0532 76.1493
47.0653 76.4926
47.0774 76.8361
47.0895 77.18
47.1017 77.5243
47.1139 77.8689
47.1261 78.2138
47.1384 78.559
47.1507 78.9046
47.163 79.2506
47.1753 79.5968
47.1877 79.9435
47.2001 80.2904
47.2125 80.6377
47.225 80.9853
47.2374 81.3333
47.2499 81.6816
47.2625 82.0296
47.275 82.3773
47.2875 82.7252
47.3001 83.0733
47.3127 83.4218
47.3253 83.7705
47.338 84.1193
47.3507 84.4684
47.3634 84.8177
47.3761 85.1673
47.3888 85.5166
47.4016 85.8658
47.4143 86.2153
47.4271 86.5651
47.44 86.9152
47.4528 87.2655
47.4657 87.6152
47.4785 87.9642
47.4914 88.3128
47.5042 88.6596
47.517 89.0069
47.5298 89.3544
47.5426 89.7022
47.5555 90.0501
47.5684 90.3983
47.5814 90.7469
47.5943 91.0957
47.6073 91.4449
47.6203 91.7943
47.6334 92.1441
47.6464 92.4943
47.6595 92.8447
47.6727 93.1955
47.6858 93.5466
47.699 93.8979
47.7122 94.2495
47.7254 94.6014
47.7387 94.9537
47.752 95.3062
47.7653 95.6586
47.7786 96.0106
47.7919 96.3629
47.8053 96.7155
47.8184 97.1381
47.8315 97.4391
47.8444 97.7956
47.8573 98.1558
47.8701 98.5157
47.8829 98.8761
47.8957 99.2371
47.9086 99.5985
47.9215 99.9605
47.9344 100.323
47.9473 100.686
47.9603 101.049
47.9733 101.412
47.9863 101.777
47.9994 102.141
48.0125 102.506
48.0256 102.872
48.0387 103.238
48.0519 103.605
48.0651 103.971
48.0783 104.337
48.0915 104.704
48.1047 105.071
48.118 105.438
48.1313 105.805
48.1446 106.173
48.158 106.541
48.1714 106.91
48.1848 107.278
48.1982 107.647
48.2116 108.016
48.2251 108.385
48.2386 108.755
48.2521 109.125
48.2657 109.494
48.2792 109.864
48.2928 110.234
48.3064 110.604
48.3201 110.975
48.3337 111.346
48.3474 111.717
48.3611 112.089
48.3748 112.461
48.3886 112.833
48.4024 113.206
48.4162 113.579
48.43 113.951
48.4439 114.323
48.4578 114.696
48.4717 115.069
48.4856 115.443
48.4996 115.817
48.5135 116.192
48.5275 116.566
48.5416 116.941
48.5556 117.315
48.5697 117.69
48.5837 118.064
48.5978 118.439
48.612 118.814
48.6261 119.189
48.6403 119.565
48.6545 119.942
48.6688 120.319
48.6831 120.696
48.6974 121.074
48.7117 121.452
48.726 121.83
48.7404 122.209
48.7548 122.588
48.7693 122.968
48.7838 123.347
48.7982 123.728
48.8119 124.1
48.8242 124.459
48.8365 124.819
48.8488 125.179
48.8612 125.54
48.8735 125.9
48.8859 126.26
48.8984 126.62
48.9108 126.982
48.9233 127.343
48.9358 127.706
48.9483 128.068
48.9609 128.432
48.9735 128.794
48.986 129.156
48.9986 129.519
49.0113 129.883
49.024 130.246
49.0366 130.611
49.0494 130.976
49.0621 131.341
49.0749 131.707
49.0877 132.073
49.1006 132.44
49.1134 132.807
49.1263 133.175
49.1392 133.543
49.1518 133.907
49.1629 134.257
49.174 134.607
49.1851 134.956
49.1963 135.307
49.2074 135.657
49.2186 136.009
49.2299 136.36
49.2411 136.711
49.2524 137.063
49.2637 137.415
49.275 137.767
49.2863 138.12
49.2977 138.473
49.309 138.827
49.3203 139.181
49.3316 139.535
49.343 139.89
49.3544 140.246
49.3658 140.602
49.3773 140.958
49.3888 141.315
49.4003 141.673
49.4119 142.031
49.4234 142.39
49.435 142.748
49.4466 143.106
49.4582 143.465
49.4699 143.824
49.4816 144.183
49.4933 144.543
49.505 144.903
49.5168 145.263
49.5285 145.623
49.5403 145.984
49.5521 146.345
49.564 146.707
49.5759 147.069
49.5878 147.43
49.5997 147.793
49.6116 148.155
49.6236 148.519
49.6356 148.882
49.6476 149.245
49.6597 149.609
49.6718 149.973
49.6839 150.338
49.696 150.703
49.7082 151.069
49.7203 151.435
49.7326 151.802
49.7448 152.169
49.7571 152.537
49.7694 152.905
49.7817 153.274
49.7941 153.642
49.8064 154.011
49.8188 154.381
49.8313 154.751
49.8437 155.121
49.8562 155.491
49.8687 155.861
49.8812 156.232
49.8938 156.602
49.9063 156.973
49.9189 157.345
49.9315 157.717
49.9442 158.09
49.9569 158.463
49.9696 158.836
49.9824 159.21
49.9951 159.585
50.0079 159.96
50.0208 160.336
50.0336 160.712
50.0465 161.088
50.0594 161.465
50.0724 161.843
50.0854 162.221
50.0984 162.599
50.1114 162.978
50.1245 163.358
50.1375 163.735
50.1506 164.113
50.1637 164.491
50.1768 164.87
50.19 165.249
50.2032 165.629
50.2164 166.009
50.2296 166.39
50.2429 166.771
50.2562 167.153
50.2696 167.535
50.2829 167.918
50.2963 168.301
50.3098 168.685
50.3232 169.068
50.3367 169.452
50.3502 169.836
50.3637 170.219
50.3772 170.603
50.3908 170.987
50.4044 171.372
50.418 171.756
50.4316 172.141
50.4453 172.527
50.459 172.913
50.4727 173.299
50.4864 173.686
50.5002 174.073
50.514 174.46
50.5278 174.847
50.5417 175.234
50.5556 175.622
50.5695 176.01
50.5834 176.399
50.5974 176.788
50.6112 177.176
50.6245 177.562
50.6379 177.949
50.6513 178.336
50.6647 178.723
50.6782 179.111
50.6918 179.498
50.7054 179.885
50.7191 180.272
50.7328 180.659
50.7465 181.048
50.7603 181.436
50.7741 181.825
50.7879 182.213
50.8017 182.601
50.8155 182.988
50.8294 183.376
50.8432 183.764
50.8572 184.153
50.8711 184.542
50.885 184.931
50.899 185.32
50.913 185.709
50.9271 186.099
50.9411 186.489
50.9552 186.88
50.9693 187.269
50.9834 187.66
50.9976 188.05
51.0118 188.441
51.026 188.833
51.0402 189.225
51.0545 189.618
51.0688 190.01
51.0831 190.404
51.0975 190.798
51.1119 191.192
51.1263 191.586
51.1407 191.981
51.1552 192.377
51.1697 192.772
51.1843 193.168
51.1988 193.564
51.2134 193.96
51.228 194.357
51.2426 194.753
51.2573 195.149
51.2719 195.546
51.2866 195.943
51.3014 196.339
51.3161 196.736
51.3308 197.132
51.3456 197.529
51.3604 197.926
51.3753 198.323
51.3901 198.722
51.405 199.12
51.42 199.519
51.4349 199.918
51.4499 200.318
51.465 200.718
51.48 201.118
51.4951 201.519
51.5102 201.919
51.5253 202.319
51.5404 202.719
51.5556 203.12
51.5708 203.522
51.5859 203.921
51.6011 204.321
51.6164 204.722
51.6317 205.122
51.6469 205.522
51.6622 205.921
51.6775 206.321
51.6928 206.722
51.7082 207.122
51.7236 207.524
51.739 207.925
51.7545 208.327
51.77 208.728
51.7855 209.131
51.801 209.534
51.8166 209.936
51.8322 210.339
51.8478 210.742
51.8634 211.145
51.8791 211.548
51.8948 211.952
51.9105 212.356
51.9262 212.759
51.942 213.163
51.9578 213.567
51.9736 213.971
51.9894 214.375
52.0052 214.78
52.0211 215.186
52.0371 215.591
52.053 215.998
52.069 216.404
52.085 216.81
52.1011 217.217
52.1171 217.624
52.1332 218.031
52.1493 218.438
52.1654 218.845
52.1816 219.253
52.1978 219.661
52.214 220.07
52.2303 220.479
52.2466 220.888
52.2629 221.298
52.2793 221.709
52.2956 222.119
52.312 222.53
52.3285 222.941
52.345 223.353
52.3615 223.765
52.378 224.177
52.3946 224.59
52.4111 225.003
52.4278 225.417
52.4444 225.831
52.4611 226.245
52.4778 226.66
52.4946 227.075
52.5114 227.491
52.5282 227.907
52.545 228.322
52.5618 228.737
52.5787 229.153
52.5956 229.569
52.6125 229.985
52.6295 230.402
52.6465 230.819
52.6635 231.235
52.6805 231.65
52.6975 232.066
52.7145 232.481
52.7316 232.898
52.7487 233.314
52.7658 233.731
52.783 234.147
52.8002 234.564
52.8173 234.979
52.8345 235.394
52.8517 235.809
52.8689 236.224
52.8862 236.639
52.9034 237.054
52.9207 237.469
52.9381 237.884
52.9554 238.3
52.9728 238.717
52.9902 239.133
53.0076 239.55
53.0251 239.965
53.0425 240.381
53.06 240.797
53.0776 241.214
53.0951 241.631
53.1127 242.048
53.1303 242.466
53.148 242.883
53.1657 243.302
53.1834 243.72
53.2011 244.14
53.2189 244.559
53.2367 244.979
53.2545 245.4
53.2724 245.821
53.2903 246.242
53.3083 246.664
53.3262 247.085
53.3442 247.507
53.3622 247.929
53.3803 248.352
53.3983 248.775
53.4164 249.198
53.4346 249.622
53.4528 250.046
53.471 250.471
53.4892 250.896
53.5075 251.321
53.5258 251.747
53.5441 252.173
53.5625 252.599
53.5809 253.025
53.5993 253.452
53.6178 253.879
53.6363 254.307
53.6548 254.735
53.6733 255.164
53.6919 255.593
53.7106 256.023
53.7292 256.453
53.7479 256.883
53.7666 257.314
53.7854 257.745
53.8042 258.176
53.8229 258.605
53.8417 259.034
53.8605 259.463
53.8793 259.892
53.8982 260.323
53.9171 260.753
53.936 261.184
53.955 261.615
53.9739 262.047
53.993 262.479
54.012 262.911
54.0311 263.343
54.0502 263.775
54.0693 264.208
54.0885 264.642
54.1077 265.076
54.1269 265.509
54.1462 265.941
54.1654 266.373
54.1846 266.804
54.2039 267.236
54.2232 267.669
54.2426 268.101
54.2619 268.534
54.2813 268.968
54.3008 269.402
54.3202 269.836
54.3397 270.27
54.3593 270.704
54.3788 271.138
54.3983 271.572
54.4179 272.007
54.4376 272.442
54.4572 272.877
54.4767 273.311
54.4958 273.741
54.5149 274.171
54.5341 274.601
54.5533 275.031
54.5725 275.461
54.5918 275.892
54.6111 276.324
54.6304 276.756
54.6498 277.188
54.6692 277.621
54.6886 278.054
54.708 278.487
54.7271 278.918
54.7462 279.349
54.7653 279.781
54.7845 280.212
54.8037 280.644
54.823 281.077
54.8422 281.509
54.8615 281.941
54.8806 282.373
54.8998 282.806
54.9189 283.238
54.9381 283.671
54.9574 284.103
54.9766 284.536
54.9959 284.969
55.0152 285.402
55.0346 285.836
55.0539 286.27
55.0733 286.705
55.0928 287.139
55.1122 287.573
55.1317 288.007
55.1512 288.441
55.1706 288.873
55.1901 289.304
55.2096 289.737
55.2291 290.169
55.2487 290.602
55.2683 291.035
55.288 291.469
55.3076 291.902
55.3273 292.335
55.347 292.769
55.3667 293.202
55.3865 293.636
55.4062 294.069
55.4261 294.504
55.4459 294.938
55.4658 295.373
55.4857 295.809
55.5056 296.244
55.5256 296.678
55.5455 297.113
55.5655 297.549
55.5856 297.984
55.6056 298.42
55.6257 298.856
55.6458 299.292
55.666 299.729
55.6862 300.166
55.7064 300.603
55.7267 301.041
55.7469 301.479
55.7672 301.916
55.7876 302.354
55.8079 302.792
55.8283 303.229
55.8486 303.667
55.8691 304.104
55.8895 304.542
55.91 304.981
55.9305 305.419
55.951 305.859
55.9716 306.298
55.9922 306.738
56.0128 307.177
56.0334 307.615
56.0541 308.053
56.0747 308.49
56.0954 308.929
56.1161 309.367
56.1368 309.805
56.1576 310.244
56.1784 310.683
56.1992 311.122
56.22 311.561
56.2409 311.999
56.2618 312.438
56.2827 312.876
56.3036 313.316
56.3246 313.755
56.3455 314.194
56.3665 314.632
56.3875 315.071
56.4086 315.509
56.4296 315.948
56.4507 316.388
56.4719 316.828
56.4931 317.268
56.5143 317.708
56.5355 318.149
56.5568 318.589
56.5781 319.031
56.5994 319.471
56.6207 319.912
56.642 320.352
56.6634 320.793
56.6848 321.234
56.7062 321.675
56.7277 322.116
56.7492 322.558
56.7707 323
56.7923 323.442
56.8138 323.884
56.8354 324.326
56.8571 324.769
56.8787 325.211
56.9004 325.652
56.9221 326.095
56.9438 326.536
56.9655 326.978
56.9873 327.421
57.0091 327.863
57.0309 328.305
57.0527 328.747
57.0746 329.19
57.0965 329.634
57.1185 330.077
57.1404 330.521
57.1625 330.965
57.1845 331.41
57.2066 331.854
57.2286 332.297
57.2506 332.741
57.2726 333.185
57.2947 333.629
57.3169 334.073
57.339 334.518
57.3612 334.963
57.3834 335.409
57.4057 335.854
57.428 336.3
57.4503 336.747
57.4727 337.194
57.495 337.641
57.5175 338.089
57.5399 338.536
57.5624 338.984
57.5849 339.432
57.6074 339.88
57.63 340.327
57.6526 340.775
57.6752 341.224
57.6978 341.672
57.7205 342.121
57.7432 342.571
57.766 343.02
57.7888 343.47
57.8116 343.921
57.8344 344.37
57.8572 344.818
57.88 345.267
57.9029 345.715
57.9258 346.165
57.9487 346.614
57.9717 347.064
57.9947 347.514
58.0177 347.965
58.0408 348.416
58.0639 348.868
58.0871 349.32
58.1102 349.772
58.1335 350.224
58.1567 350.678
58.18 351.131
58.2033 351.584
58.2266 352.037
58.25 352.489
58.2733 352.942
58.2967 353.394
58.3201 353.847
58.3435 354.3
58.367 354.753
58.3905 355.206
58.414 355.659
58.4376 356.113
58.4612 356.568
58.4848 357.023
58.5085 357.478
58.5322 357.933
58.5559 358.388
58.5797 358.843
58.6035 359.299
58.6273 359.755
58.6512 360.212
58.6751 360.669
58.699 361.126
58.723 361.584
58.747 362.042
58.771 362.5
58.7951 362.959
58.8192 363.418
58.8434 363.878
58.8675 364.338
58.8918 364.798
58.916 365.259
58.9403 365.72
58.9646 366.181
58.989 366.643
59.0134 367.105
59.0378 367.567
59.0623 368.03
59.0868 368.494
59.1113 368.957
59.1359 369.421
59.1604 369.885
59.185 370.349
59.2097 370.814
59.2343 371.279
59.259 371.743
59.2837 372.208
59.3085 372.673
59.3332 373.138
59.358 373.602
59.3828 374.067
59.4077 374.533
59.4326 374.998
59.4575 375.465
59.4824 375.931
59.5074 376.398
59.5325 376.865
59.5575 377.332
59.5826 377.799
59.6077 378.267
59.6329 378.735
59.6581 379.203
59.6833 379.672
59.7085 380.14
59.7338 380.607
59.759 381.075
59.7843 381.543
59.8097 382.011
59.835 382.479
59.8604 382.946
59.8858 383.415
59.9112 383.883
59.9367 384.351
59.9622 384.82
59.9877 385.289
60.0133 385.758
60.0389 386.228
60.0646 386.698
60.0902 387.169
60.116 387.639
60.1417 388.11
60.1674 388.58
60.1932 389.051
60.219 389.522
60.2449 389.993
60.2708 390.464
60.2967 390.936
60.3227 391.408
60.3486 391.88
60.3746 392.352
60.4007 392.824
60.4267 393.297
60.4529 393.77
60.479 394.244
60.5052 394.717
60.5314 395.192
60.5577 395.666
60.584 396.141
60.6103 396.617
60.6367 397.092
60.6631 397.568
60.6895 398.045
60.716 398.521
60.7425 398.997
60.769 399.473
60.7955 399.948
60.822 400.423
60.8486 400.899
60.8752 401.374
60.9018 401.851
60.9285 402.327
60.9552 402.803
60.9819 403.28
61.0087 403.756
61.0355 404.233
61.0623 404.71
61.0892 405.188
61.1161 405.666
61.143 406.145
61.17 406.624
61.197 407.103
61.2241 407.582
61.2511 408.062
61.2782 408.541
61.3054 409.021
61.3325 409.501
61.3597 409.981
61.3869 410.46
61.4142 410.94
61.4415 411.42
61.4688 411.901
61.4961 412.382
61.5235 412.862
61.5509 413.343
61.5783 413.824
61.6058 414.305
61.6333 414.787
61.6608 415.269
61.6884 415.752
61.716 416.235
61.7437 416.717
61.7713 417.2
61.7991 417.684
61.8268 418.168
61.8546 418.652
61.8824 419.136
61.9103 419.621
61.9382 420.107
61.9662 420.592
61.9941 421.078
62.0222 421.565
62.0502 422.051
62.0783 422.537
62.1064 423.023
62.1345 423.51
62.1627 423.997
62.1909 424.485
62.2191 424.973
62.2474 425.461
62.2757 425.949
62.304 426.436
62.3324 426.924
62.3608 427.412
62.3892 427.9
62.4176 428.389
62.4461 428.877
62.4746 429.366
62.5032 429.855
62.5317 430.344
62.5603 430.833
62.589 431.322
62.6177 431.812
62.6464 432.302
62.6751 432.793
62.7039 433.282
62.7326 433.772
62.7615 434.262
62.7903 434.753
62.8192 435.243
62.8481 435.735
62.8771 436.226
62.9061 436.718
62.9352 437.211
62.9642 437.702
62.9933 438.194
63.0224 438.686
63.0516 439.178
63.0808 439.671
63.11 440.164
63.1392 440.657
63.1685 441.149
63.1978 441.642
63.2271 442.134
63.2565 442.628
63.2859 443.121
63.3153 443.614
63.3447 444.107
63.3742 444.6
63.4037 445.093
63.4331 445.585
63.4626 446.077
63.4922 446.569
63.5218 447.061
63.5514 447.554
63.5811 448.047
63.6108 448.54
63.6405 449.034
63.6703 449.528
63.7001 450.022
63.73 450.517
63.7599 451.012
63.7898 451.507
63.8197 452.002
63.8497 452.497
63.8797 452.992
63.9098 453.488
63.9398 453.983
63.9699 454.479
64.0001 454.974
64.0302 455.469
64.0603 455.963
64.0905 456.457
64.1206 456.952
64.1509 457.447
64.1811 457.942
64.2114 458.438
64.2418 458.933
64.2722 459.429
64.3026 459.925
64.333 460.422
64.3635 460.918
64.394 461.414
64.4245 461.911
64.4551 462.408
64.4856 462.905
64.5163 463.402
64.5469 463.899
64.5776 464.396
64.6083 464.894
64.639 465.391
64.6697 465.886
64.7005 466.382
64.7312 466.878
64.762 467.374
64.7929 467.871
64.8237 468.366
64.8546 468.863
64.8855 469.359
64.9165 469.856
64.9474 470.353
64.9784 470.85
65.0095 471.346
65.0405 471.842
65.0716 472.339
65.1027 472.836
65.1338 473.333
65.165 473.83
65.1962 474.328
65.2275 474.827
65.2588 475.325
65.2902 475.824
65.3215 476.324
65.3529 476.822
65.3844 477.321
65.4158 477.821
65.4474 478.321
65.4789 478.821
65.5105 479.321
65.5421 479.822
65.5737 480.321
65.6053 480.821
65.637 481.321
65.6687 481.821
65.7004 482.321
65.7322 482.822
65.764 483.322
65.7958 483.822
65.8277 484.322
65.8594 484.819
65.8912 485.316
65.923 485.814
65.9549 486.312
65.9868 486.81
66.0187 487.309
66.0507 487.808
66.0827 488.307
66.1147 488.806
66.1468 489.305
66.1789 489.805
66.211 490.304
66.2432 490.805
66.2754 491.304
66.3076 491.803
66.3398 492.301
66.372 492.8
66.4042 493.298
66.4365 493.797
66.4689 494.297
66.5012 494.796
66.5336 495.296
66.566 495.794
66.5984 496.292
66.6308 496.79
66.6633 497.289
66.6958 497.788
66.7283 498.287
66.7609 498.786
66.7934 499.285
66.826 499.784
66.8587 500.282
66.8913 500.781
66.924 501.279
66.9567 501.778
66.9895 502.278
67.0222 502.778
67.0551 503.278
67.0879 503.778
67.1208 504.277
67.1537 504.776
67.1866 505.276
67.2196 505.775
67.2525 506.276
67.2856 506.776
67.3186 507.276
67.3517 507.776
67.3848 508.277
67.4179 508.777
67.4511 509.278
67.4843 509.779
67.5176 510.281
67.5509 510.782
67.5842 511.284
67.6176 511.786
67.651 512.288
67.6844 512.79
67.7178 513.291
67.7512 513.792
67.7846 514.293
67.8181 514.795
67.8517 515.297
67.8853 515.799
67.9188 516.3
67.9524 516.802
67.9861 517.303
68.0197 517.805
68.0534 518.307
68.0872 518.81
68.121 519.312
68.1547 519.814
68.1885 520.315
68.2223 520.816
68.2561 521.318
68.29 521.82
68.3239 522.322
68.3579 522.824
68.3919 523.327
68.4259 523.83
68.46 524.334
68.4941 524.838
68.5283 525.342
68.5624 525.845
68.5965 526.345
68.6306 526.846
68.6646 527.346
68.6987 527.844
68.7328 528.342
68.7669 528.841
68.8011 529.34
68.8353 529.84
68.8695 530.339
68.9038 530.838
68.938 531.337
68.9724 531.837
69.0067 532.337
69.0411 532.837
69.0756 533.338
69.11 533.838
69.1445 534.339
69.1791 534.84
69.2136 535.341
69.2482 535.843
69.2829 536.345
69.3175 536.846
69.3522 537.347
69.3866 537.842
69.4212 538.338
69.4557 538.835
69.4903 539.331
69.5249 539.828
69.5596 540.325
69.5943 540.822
69.629 541.319
69.6638 541.817
69.6986 542.315
69.7334 542.812
69.7682 543.31
69.8031 543.807
69.838 544.305
69.8729 544.803
69.9079 545.301
69.9429 545.8
69.9779 546.299
70.013 546.798
70.0482 547.297
70.0833 547.797
70.1185 548.297
70.1537 548.797
70.1888 549.293
70.2239 549.787
70.259 550.282
70.2941 550.776
70.3292 551.271
70.3644 551.767
70.3997 552.262
70.435 552.758
70.4703 553.255
70.5056 553.751
70.541 554.248
70.5764 554.746
70.6119 555.243
70.6474 555.741
70.6829 556.237
70.7183 556.731
70.7537 557.225
70.7892 557.72
70.8247 558.214
70.8602 558.708
70.8957 559.203
70.9313 559.696
70.9668 560.19
71.0024 560.683
71.038 561.177
71.0737 561.67
71.1094 562.164
71.1451 562.659
71.1809 563.153
71.2166 563.647
71.2524 564.142
71.2883 564.636
71.3241 565.13
71.36 565.623
71.3959 566.117
71.4318 566.612
71.4677 567.105
71.5037 567.599
71.5396 568.092
71.5756 568.585
71.6117 569.079
71.6477 569.572
71.6837 570.064
71.7198 570.557
71.7558 571.049
71.7919 571.543
71.8281 572.036
71.8642 572.529
71.9003 573.021
71.9365 573.513
71.9727 574.005
72.0089 574.497
72.0452 574.99
72.0814 575.482
72.1176 575.972
72.1539 576.462
72.1901 576.952
72.2264 577.442
72.2627 577.933
72.2991 578.424
72.3355 578.915
72.3719 579.405
72.4082 579.894
72.4447 580.383
72.4811 580.873
72.5175 581.361
72.5539 581.847
72.5903 582.334
72.6267 582.82
72.6631 583.306
72.6995 583.792
72.736 584.278
72.7725 584.764
72.809 585.25
72.8455 585.736
72.8821 586.222
72.9188 586.709
72.9554 587.195
72.9921 587.682
73.0288 588.169
73.0655 588.655
73.1021 589.138
73.1387 589.621
73.1754 590.104
73.212 590.587
73.2487 591.068
73.2853 591.55
73.322 592.031
73.3587 592.513
73.3955 592.995
73.4323 593.478
73.4691 593.96
73.506 594.443
73.5429 594.925
73.5798 595.408
73.6165 595.886
73.6532 596.363
73.6899 596.839
73.7267 597.316
73.7634 597.791
73.8001 598.267
73.8369 598.742
73.8737 599.217
73.9104 599.69
73.9471 600.162
73.9838 600.633
74.0205 601.104
74.0572 601.575
74.0939 602.045
74.1307 602.515
74.1674 602.984
74.2042 603.454
74.241 603.924
74.2779 604.394
74.3147 604.864
74.3516 605.334
74.3885 605.804
74.4255 606.275
74.4625 606.746
74.4995 607.216
74.5365 607.686
74.5736 608.157
74.6106 608.627
74.6478 609.098
74.6849 609.569
74.722 610.038
74.7591 610.508
74.7963 610.977
74.8334 611.446
74.8706 611.915
74.9079 612.384
74.9451 612.854
74.9824 613.324
75.0198 613.794
75.0571 614.264
75.0945 614.734
75.1319 615.204
75.1693 615.673
75.2068 616.143
75.2443 616.613
75.2817 617.082
75.3192 617.551
75.3566 618.018
75.394 618.484
75.4314 618.951
75.4689 619.417
75.5064 619.882
75.5438 620.347
75.5813 620.812
75.6186 621.274
75.6559 621.734
75.6932 622.193
75.7305 622.652
75.7679 623.111
75.8052 623.57
75.8426 624.029
75.8799 624.485
75.9171 624.939
75.9543 625.394
75.9916 625.847
76.0288 626.301
76.066 626.752
76.1031 627.202
76.1403 627.652
76.1775 628.103
76.2148 628.554
76.252 629.003
76.2892 629.451
76.3264 629.901
76.3637 630.35
76.401 630.8
76.4383 631.249
76.4754 631.696
76.5125 632.143
76.5497 632.589
76.5868 633.035
76.6239 633.48
76.6611 633.926
76.6983 634.373
76.7355 634.819
76.7728 635.265
76.8101 635.712
76.8474 636.158
76.8847 636.604
76.9221 637.05
76.9594 637.496
76.9968 637.943
77.0343 638.389
77.0717 638.836
77.1092 639.283
77.1468 639.73
77.1844 640.178
77.2219 640.624
77.2595 641.071
77.2971 641.518
77.3347 641.964
77.3723 642.408
77.4098 642.852
77.4473 643.295
77.4849 643.737
77.522 644.17
77.5591 644.603
77.5962 645.035
77.6332 645.464
77.6702 645.892
77.7071 646.317
77.744 646.743
77.7809 647.167
77.8177 647.591
77.8545 648.012
77.8913 648.433
77.9281 648.854
77.9649 649.275
78.0017 649.695
78.0386 650.115
78.0754 650.535
78.1123 650.955
78.1491 651.374
78.186 651.792
78.2228 652.21
78.2597 652.627
78.2965 653.044
78.3333 653.461
78.3702 653.877
78.4071 654.293
78.4439 654.709
78.4808 655.125
78.5178 655.541
78.5547 655.956
78.5916 656.371
78.6285 656.785
78.6653 657.197
78.7021 657.608
78.7389 658.018
78.7756 658.427
78.8123 658.833
78.8489 659.238
78.8853 659.637
78.9216 660.035
78.9579 660.433
78.9941 660.828
79.0303 661.222
79.0666 661.617
79.1028 662.011
79.139 662.404
79.1752 662.797
79.2115 663.19
79.2478 663.583
79.2841 663.976
79.3204 664.37
79.3568 664.764
79.3932 665.158
79.4296 665.552
79.4661 665.947
79.5026 666.342
79.5391 666.737
79.5757 667.132
79.6123 667.528
79.6489 667.923
79.6854 668.318
79.722 668.713
79.7586 669.108
79.7953 669.503
79.832 669.899
79.8687 670.295
79.9054 670.691
79.9422 671.088
79.979 671.485
80.0159 671.881
80.0528 672.279
80.0897 672.676
80.1266 673.073
80.1636 673.471
80.2006 673.869
80.2376 674.268
80.2747 674.666
80.3118 675.065
80.3489 675.464
80.3861 675.863
80.4233 676.262
80.4605 676.662
80.4977 677.062
80.535 677.462
80.5724 677.862
80.6097 678.263
80.6471 678.663
80.6845 679.064
80.722 679.466
80.7594 679.867
80.797 680.269
80.8345 680.671
80.8721 681.073
80.9097 681.475
80.9473 681.878
80.985 682.28
81.0227 682.684
81.0604 683.087
81.0982 683.49
81.136 683.894
81.1739 684.298
81.2117 684.702
81.2496 685.107
81.2876 685.511
81.3255 685.916
81.3635 686.321
81.4015 686.726
81.4396 687.132
81.4777 687.538
81.5158 687.944
81.554 688.35
81.5922 688.756
81.6304 689.163
81.6687 689.57
81.7069 689.977
81.7453 690.385
81.7836 690.792
81.822 691.2
81.8604 691.608
81.8989 692.016
81.9374 692.425
81.9759 692.834
82.0144 693.243
82.053 693.652
82.0916 694.061
82.1303 694.471
82.1689 694.881
82.2077 695.291
82.2464 695.701
82.2852 696.112
82.324 696.523
82.3628 696.934
82.4017 697.345
82.4406 697.756
82.4795 698.168
82.5185 698.579
82.5574 698.991
82.5965 699.403
82.6355 699.816
82.6746 700.229
82.7137 700.641
82.7528 701.054
82.792 701.468
82.8312 701.881
82.8705 702.295
82.9097 702.709
82.949 703.123
82.9884 703.538
83.0278 703.953
83.0672 704.367
83.1066 704.783
83.1461 705.198
83.1856 705.614
83.2251 706.029
83.2647 706.446
83.3043 706.862
83.344 707.278
83.3836 707.695
83.4233 708.112
83.4631 708.529
83.5028 708.947
83.5427 709.364
83.5825 709.782
83.6224 710.2
83.6623 710.619
83.7022 711.037
83.7422 711.456
83.7822 711.875
83.8222 712.295
83.8623 712.714
83.9024 713.134
83.9426 713.554
83.9827 713.974
84.0229 714.394
84.0632 714.815
84.1035 715.236
84.1438 715.657
84.1841 716.078
84.2245 716.5
84.2649 716.922
84.3054 717.344
84.3458 717.766
84.3863 718.188
84.4269 718.611
84.4675 719.034
84.5081 719.457
84.5487 719.881
84.5894 720.304
84.6301 720.728
84.6709 721.152
84.7117 721.576
84.7525 722.001
84.7933 722.426
84.8342 722.851
84.8751 723.276
84.9161 723.701
84.9571 724.127
84.9981 724.553
85.0391 724.979
85.0802 725.406
85.1214 725.832
85.1625 726.259
85.2037 726.686
85.2449 727.113
85.2862 727.541
85.3275 727.969
85.3688 728.397
85.4102 728.825
85.4516 729.253
85.493 729.682
85.5345 730.111
85.576 730.54
85.6175 730.969
85.6591 731.399
85.7007 731.829
85.7423 732.259
85.784 732.689
85.8257 733.119
85.8674 733.55
85.9092 733.981
85.951 734.412
85.9928 734.844
86.0347 735.275
86.0766 735.707
86.1186 736.139
86.1606 736.572
86.2026 737.004
86.2446 737.437
86.2867 737.87
86.3288 738.303
86.371 738.737
86.4132 739.171
86.4554 739.605
86.4977 740.039
86.54 740.473
86.5823 740.908
86.6247 741.343
86.667 741.778
86.7095 742.213
86.7519 742.649
86.7945 743.084
86.837 743.521
86.8796 743.957
86.9222 744.393
86.9648 744.83
87.0075 745.267
87.0502 745.704
87.0929 746.141
87.1357 746.579
87.1785 747.017
87.2214 747.455
87.2643 747.893
87.3072 748.332
87.3502 748.771
87.3931 749.21
87.4362 749.649
87.4792 750.088
87.5223 750.528
87.5655 750.968
87.6086 751.408
87.6518 751.849
87.6951 752.289
87.7384 752.73
87.7817 753.171
87.825 753.612
87.8684 754.054
87.9118 754.496
87.9552 754.938
87.9987 755.38
88.0423 755.823
88.0858 756.265
88.1294 756.708
88.173 757.151
88.2167 757.595
88.2604 758.038
88.3041 758.482
88.3479 758.926
