0.1 0.436525
0.2 0.875114
0.3 1.31962
0.4 1.76887
0.5 2.22296
0.6 2.68199
0.7 3.14604
0.8 3.61524
0.9 4.08967
1 4.5694
0.239729 4.70913
0.479152 4.84879
0.718235 4.98839
0.956992 5.12791
1.19541 5.26733
1.43348 5.40671
1.67119 5.54606
1.90856 5.68537
2.14557 5.82464
2.38225 5.96384
2.61859 6.10292
2.8546 6.24194
3.09026 6.3809
3.32558 6.51982
3.56055 6.65867
3.79515 6.79743
4.02939 6.93617
4.26326 7.07487
4.49678 7.21354
4.72996 7.35217
4.96281 7.49069
5.19533 7.62913
5.4275 7.76754
5.65931 7.90592
5.89078 8.04427
6.12191 8.18259
6.35269 8.32088
6.58312 8.45914
6.81322 8.59733
7.04296 8.73548
7.27236 8.8736
7.50141 9.01168
7.73013 9.14974
7.9585 9.28776
8.18653 9.42576
8.41421 9.56374
8.64156 9.70168
8.86856 9.8396
9.09522 9.97747
9.32154 10.1153
9.54753 10.2531
9.77318 10.3908
9.99849 10.5285
10.2234 10.6662
10.4481 10.8039
10.6724 10.9415
10.8963 11.0795
11.1199 11.2179
11.3432 11.3566
11.5661 11.4955
11.7887 11.6345
12.011 11.7734
12.2329 11.9123
12.4545 12.0512
12.6757 12.19
12.8967 12.3288
13.1173 12.4676
13.3375 12.6063
13.5574 12.745
13.777 12.8836
13.9963 13.0222
14.2152 13.1608
14.4338 13.2994
14.6521 13.4379
14.87 13.5764
15.0876 13.7148
15.3049 13.8533
15.5218 13.9917
15.7384 14.13
15.9547 14.2683
16.1707 14.4066
16.3863 14.5449
16.6016 14.6831
16.8166 14.8212
17.0312 14.9593
17.2456 15.0974
17.4596 15.2355
17.6732 15.3735
17.8866 15.5115
18.0996 15.6494
18.3124 15.7874
18.5248 15.9253
18.7368 16.0631
18.9486 16.201
19.16 16.3388
19.3711 16.4766
19.5819 16.6143
19.7924 16.752
20.0025 16.8898
20.2124 17.0274
20.4219 17.1651
20.6311 17.3027
20.8399 17.4403
21.0485 17.5779
21.2568 17.7155
21.4647 17.853
21.6723 17.9905
21.8796 18.128
22.0865 18.2654
22.2932 18.4028
22.4995 18.5402
22.7055 18.6775
22.9113 18.8149
23.1167 18.9522
23.3217 19.0894
23.5265 19.2267
23.731 19.3639
23.9351 19.5011
24.1389 19.6383
24.3425 19.7755
24.5457 19.9126
24.7486 20.0497
24.9512 20.1868
25.1535 20.3238
25.3555 20.4608
25.5571 20.5979
25.7585 20.7348
25.9596 20.8718
26.1603 21.0088
26.3608 21.1457
26.5609 21.2827
26.7607 21.4196
26.9603 21.5565
27.1595 21.6933
27.3584 21.8302
27.557 21.967
27.7553 22.1037
27.9533 22.2405
28.151 22.3773
28.3484 22.5141
28.5455 22.6508
28.7422 22.7875
28.9387 22.9242
29.1349 23.0608
29.3308 23.1974
29.5264 23.334
29.7217 23.4706
29.9166 23.6072
30.1113 23.7437
30.3057 23.8803
30.4998 24.0168
30.6936 24.1533
30.8871 24.2898
31.0803 24.4262
31.2732 24.5626
31.4658 24.699
31.6581 24.8354
31.8501 24.9718
32.0418 25.1081
32.2333 25.2445
32.4244 25.3807
32.6152 25.517
32.8058 25.6533
32.996 25.7895
33.186 25.9257
33.3757 26.0619
33.5651 26.1981
33.7541 26.3342
33.9429 26.4704
34.1314 26.6065
34.3197 26.7425
34.5076 26.8786
34.6952 27.0146
34.8826 27.1507
35.0697 27.2866
35.2564 27.4226
35.4429 27.5586
35.6291 27.6945
35.815 27.8304
36.0006 27.9663
36.1859 28.1022
36.371 28.238
36.5558 28.3738
36.7402 28.5096
36.9244 28.6454
37.1083 28.7812
37.292 28.917
37.4753 29.0527
37.6584 29.1884
37.8412 29.3241
38.0237 29.4598
38.2059 29.5954
38.3878 29.7311
38.5695 29.8667
38.7509 30.0023
38.932 30.1379
39.1128 30.2734
39.2933 30.409
39.4736 30.5445
39.6536 30.68
39.8333 30.8155
40.0127 30.9509
40.1918 31.0864
40.3707 31.2218
40.5493 31.3572
40.7276 31.4926
40.9057 31.628
41.0834 31.7633
41.2609 31.8987
41.4381 32.034
41.6151 32.1693
41.7918 32.3046
41.9682 32.4398
42.1443 32.575
42.3201 32.7103
42.4957 32.8455
42.671 32.9806
42.846 33.1158
43.0208 33.251
43.1952 33.3861
43.3694 33.5212
43.5434 33.6563
43.717 33.7914
43.8904 33.9265
44.0636 34.0615
44.2364 34.1966
44.409 34.3316
44.5813 34.4666
44.7534 34.6016
44.9252 34.7366
45.0967 34.8716
45.268 35.0065
45.439 35.1415
45.6097 35.2764
45.7801 35.4113
45.9503 35.5462
46.1203 35.6811
46.2899 35.816
46.4594 35.9509
46.6285 36.0857
46.7974 36.2205
46.966 36.3554
47.1344 36.4902
47.3024 36.625
47.4703 36.7598
47.6378 36.8945
47.8051 37.0293
47.9722 37.164
48.139 37.2987
48.3055 37.4334
48.4718 37.5681
48.6378 37.7028
48.8035 37.8375
48.969 37.9721
49.1342 38.1068
49.2992 38.2414
49.4639 38.3761
49.6284 38.5107
49.7926 38.6453
49.9566 38.7799
50.1203 38.9145
50.2837 39.0491
50.4459 39.1829
50.6077 39.3167
50.7659 39.4482
50.9237 39.5796
51.0762 39.7076
51.2261 39.834
51.3633 39.9519
51.479 40.0557
51.5965 40.1607
51.7136 40.2656
51.8304 40.3705
51.9469 40.4753
52.063 40.5801
52.1789 40.6848
52.2944 40.7894
52.4096 40.8941
52.5245 40.9987
52.639 41.1032
52.7532 41.2077
52.8672 41.3121
52.9808 41.4164
53.094 41.5207
53.207 41.625
53.3197 41.7292
53.4315 41.8329
53.5426 41.9362
53.6511 42.0376
53.7593 42.1389
53.8644 42.2379
53.9688 42.3366
54.0701 42.4329
54.1696 42.5278
54.268 42.6221
54.366 42.7164
54.4638 42.8106
54.5611 42.9047
54.6582 42.9988
54.7549 43.0927
54.8512 43.1866
54.9473 43.2804
55.0429 43.3741
55.1383 43.4677
55.2334 43.5613
55.3282 43.6549
55.4226 43.7483
55.5167 43.8416
55.6104 43.9349
55.7038 44.028
55.7968 44.1211
55.8895 44.2141
55.9819 44.307
56.074 44.3997
56.1657 44.4924
56.2571 44.585
56.3476 44.6773
56.4378 44.7694
56.5272 44.8612
56.6157 44.9526
56.7039 45.044
56.7917 45.1352
56.8784 45.226
56.9644 45.3165
57.05 45.4068
57.1353 45.4971
57.2198 45.5871
57.3035 45.6767
57.387 45.7663
57.4698 45.8557
57.5522 45.9449
57.6343 46.034
57.716 46.1231
57.7975 46.2121
57.8787 46.3011
57.9596 46.3899
58.0402 46.4788
58.1205 46.5675
58.2003 46.6561
58.2798 46.7446
58.3589 46.833
58.4373 46.921
58.5154 47.009
58.5931 47.0968
58.6701 47.1843
58.7462 47.2713
58.8219 47.3581
58.8965 47.4445
58.9708 47.5308
59.0448 47.617
59.1181 47.7028
59.1908 47.7883
59.2624 47.8734
59.3338 47.9585
59.4049 48.0435
59.4756 48.1285
59.5462 48.2133
59.6159 48.2978
59.685 48.3819
59.7539 48.4661
59.8225 48.5502
59.8907 48.6342
59.9585 48.7179
60.026 48.8016
60.0932 48.8852
60.1603 48.9688
60.2271 49.0524
60.2938 49.1359
60.3602 49.2194
60.4264 49.3029
60.4924 49.3866
60.5582 49.4703
60.6239 49.554
60.6893 49.6382
60.7544 49.7223
60.8194 49.8065
60.8842 49.8906
60.9488 49.9751
61.0132 50.06
61.0774 50.1448
61.1414 50.2297
61.2052 50.3145
61.2688 50.3998
61.3321 50.4853
61.3953 50.5708
61.4582 50.6563
61.5209 50.7421
61.5831 50.8278
61.6452 50.9134
61.7068 50.9988
61.7681 51.0841
61.829 51.1693
61.8894 51.2543
61.9495 51.3393
62.0095 51.4243
62.0693 51.5093
62.1289 51.5943
62.1876 51.6785
62.2461 51.7627
62.304 51.8467
62.3615 51.9306
62.419 52.0146
62.4762 52.0985
62.5332 52.1825
62.5901 52.2664
62.6468 52.3504
62.7032 52.4343
62.7596 52.5183
62.8156 52.6022
62.8709 52.6856
62.9256 52.7686
62.9802 52.8515
63.0346 52.9344
63.0887 53.0174
63.1428 53.1003
63.1966 53.1832
63.2502 53.2661
63.3035 53.3489
63.3568 53.4319
63.4098 53.5148
63.4628 53.5978
63.5155 53.6808
63.5681 53.7638
63.6204 53.8468
63.6727 53.9298
63.7245 54.0144
63.7757 54.0987
63.8268 54.1829
63.8777 54.2673
63.9285 54.3517
63.979 54.4389
64.0293 54.5261
64.0794 54.6133
64.1294 54.7005
64.1792 54.7876
64.2288 54.8748
64.2782 54.9619
64.3271 55.0495
64.3757 55.1372
64.4241 55.2248
64.4724 55.3125
64.5205 55.4001
64.5684 55.4877
64.6161 55.5752
64.6637 55.6628
64.7111 55.7493
64.7583 55.8357
64.8053 55.9221
64.8521 56.0085
64.8988 56.0948
64.9453 56.1805
64.9915 56.2654
65.0376 56.3503
65.0835 56.4352
65.1292 56.52
65.1747 56.6048
65.22 56.6896
65.2651 56.7743
65.31 56.86
65.3548 56.9459
65.3994 57.0318
65.4438 57.1177
65.4881 57.2036
65.5321 57.2908
65.5759 57.3782
65.6195 57.4656
65.663 57.5538
65.7062 57.6435
65.7493 57.7331
65.7922 57.8227
65.835 57.9123
65.8775 58.0032
65.9197 58.0966
65.9617 58.1898
66.0035 58.283
66.0452 58.3761
66.0851 58.4685
66.1238 58.5606
66.1623 58.6525
66.2005 58.7443
66.2384 58.8364
66.2761 58.9284
66.3137 59.0203
66.3151 59.0983
66.2706 59.1595
66.2329 59.2227
66.188 59.2797
66.1315 59.3415
66.1194 59.41
66.1094 59.4812
66.0965 59.5508
66.0771 59.6178
66.0544 59.6834
66.0289 59.7479
66.0078 59.8143
65.9839 59.8796
65.9599 59.9449
65.9588 60.0201
65.9595 60.0962
65.9596 60.1721
65.9645 60.2501
65.9727 60.3292
65.9821 60.408
65.9912 60.4866
66.0002 60.5643
66.0158 60.6452
66.0315 60.7263
66.047 60.8075
66.0622 60.8885
66.0776 60.9696
66.0938 61.0506
66.1097 61.1316
66.1253 61.2123
66.1406 61.2929
66.1557 61.3734
66.1705 61.4539
66.1848 61.5342
66.1961 61.6135
66.2049 61.6918
66.2145 61.7706
66.2273 61.8508
66.2399 61.9309
66.2514 62.0106
66.262 62.09
66.2724 62.1692
66.2852 62.2499
66.2982 62.3321
66.3109 62.4141
66.3231 62.4959
66.3346 62.5774
66.3457 62.6588
66.3567 62.7401
66.3675 62.8214
66.381 62.9061
66.3962 62.992
66.4132 63.0789
66.43 63.1657
66.4467 63.2524
66.4644 63.3396
66.4851 63.4281
66.5056 63.5166
66.5257 63.6049
66.5455 63.6931
66.5651 63.7817
66.5845 63.8706
66.6038 63.9595
66.623 64.0483
66.642 64.1371
66.661 64.2258
66.6798 64.3145
66.6985 64.4032
66.717 64.4919
66.7354 64.5805
66.7536 64.669
66.7715 64.7562
66.7892 64.8429
66.8068 64.9296
66.8242 65.0164
66.8416 65.1031
66.8589 65.1897
66.876 65.2764
66.8931 65.3629
66.91 65.4482
66.9267 65.5334
66.9433 65.6185
66.9598 65.7035
66.9761 65.7884
66.9922 65.8732
67.0082 65.958
67.0242 66.0427
67.0399 66.1275
67.0556 66.2122
67.0711 66.2969
67.0865 66.3814
67.1018 66.466
67.1169 66.5505
67.1319 66.635
67.1467 66.7195
67.1612 66.8039
67.1751 66.8882
67.1889 66.9725
67.2025 67.0566
67.2159 67.1407
67.2293 67.2248
67.2425 67.309
67.2564 67.3933
67.2701 67.4777
67.2848 67.5623
67.2994 67.647
67.3138 67.7316
67.3285 67.8163
67.3453 67.9019
67.3618 67.9874
67.3785 68.0729
67.3953 68.1584
67.4119 68.2439
67.4284 68.3294
67.4446 68.4145
67.4607 68.4996
67.4767 68.5847
67.4931 68.6701
67.5099 68.7556
67.5267 68.8412
67.5433 68.9267
67.5597 69
67.5756 69
67.5913 69
67.6065 69
67.6217 69
67.6367 69
67.6516 69
67.6651 69
67.6816 69
67.69 69
67.7065 69
67.7111 69
67.7272 69
67.7457 69
67.6228 69
67.5942 69
67.5452 69
67.5008 69
67.5048 69
67.517 69
67.5344 69
67.5426 69
67.5478 69
67.5525 69
67.5569 69
67.5609 69
67.5547 69
67.5442 69
67.5328 69
67.4239 69
66.9563 69
67.0598 69
67.0744 69
67.0301 69
66.8226 69
66.735 69
66.8513 69
66.6984 69
64.9041 69
59.2684 69
59.2181 69
59.1716 69
59.1246 69
59.0923 69
59.0655 69
59.0384 69
59.0107 69
58.9826 69
58.9541 69
58.9251 69
58.8955 69
58.8655 69
58.835 69
58.8039 69
58.7723 69
58.7393 69
58.7052 69
58.6787 69
58.652 69
58.6327 69
58.6136 69
58.5939 69
58.5741 69
58.5541 69
58.5335 69
58.5126 69
58.4912 69
58.469 69
58.4453 69
58.4197 69
58.3888 69
58.3496 69
58.2999 69
58.2501 69
58.2003 69
58.1503 69
58.1002 69
58.05 69
57.9995 69
57.9479 69
57.8959 69
57.8437 69
57.7914 69
57.7391 69
57.6865 69
57.6339 69
57.5812 69
57.5283 69
57.4753 69
57.4222 69
57.369 69
57.3157 69
57.2623 69
57.2087 69
57.155 69
57.1011 69
57.0472 69
56.9941 69
56.9421 69
56.8898 69
56.8374 69
56.7849 69
56.7322 69
56.6794 69
56.6265 69
56.5734 69
56.5196 69
56.4657 69
56.4117 69
56.3576 69
56.3071 69
56.2593 69
56.2114 69
56.1634 69
56.1154 69
56.0673 69
56.0192 69
55.971 69
55.9228 69
55.8745 69
55.8262 69
55.7778 69
55.7294 69
55.681 69
55.6324 69
55.5839 69
55.5352 69
55.487 69
55.4393 69
55.3915 69
55.3437 69
55.2979 69
55.2544 69
55.2112 69
55.168 69
55.1247 69
55.0814 69
55.038 69
54.9945 69
54.9509 69
54.9073 69
54.8636 69
54.8199 69
54.7762 69
54.7324 69
54.6887 69
54.6449 69
54.6011 69
54.5572 69
54.5134 69
54.4695 69
54.4256 69
54.3817 69
54.3377 69
54.2937 69
54.2498 69
54.2057 69
54.1617 69
54.1176 69
54.0747 69
54.0323 69
53.9898 69
53.9474 69
53.9048 69
53.8618 69
53.8189 69
53.7759 69
53.7329 69
53.6899 69
53.6468 69
53.6037 69
53.5603 69
53.5169 69
53.4736 69
53.4302 69
53.3864 69
53.3425 69
53.2987 69
53.2546 69
53.2105 69
53.1664 69
53.1223 69
53.0782 69
53.034 69
52.9899 69
52.9457 69
52.9015 69
52.8619 69
52.8243 69
52.7868 69
52.7491 69
52.7114 69
52.6736 69
52.6359 69
52.5982 69
52.5604 69
52.5227 69
52.4849 69
52.4461 69
52.4062 69
52.3662 69
52.3263 69
52.2863 69
52.2463 69
52.2064 69
52.1664 69
52.1264 69
52.0871 69
52.0478 69
52.0085 69
51.9692 69
51.9299 69
51.8906 69
51.8515 69
51.8124 69
51.7733 69
51.7342 69
51.6951 69
51.656 69
51.6169 69
51.5778 69
51.5387 69
51.4996 69
51.4605 69
51.4214 69
51.3823 69
51.3433 69
51.3042 69
51.2652 69
51.2261 69
51.1871 69
51.1481 69
51.1093 69
51.0713 69
51.0333 69
50.9952 69
50.9571 69
50.919 69
50.8809 69
50.8426 69
50.8044 69
50.7662 69
50.728 69
50.6898 69
50.6516 69
50.6134 69
50.5753 69
50.5371 69
50.499 69
50.4609 69
50.4228 69
50.3847 69
50.3508 69
50.3196 69
50.2885 69
50.2574 69
50.2263 69
50.1952 69
50.1641 69
50.1328 69
50.1016 69
50.0704 69
50.0392 69
50.008 69
49.9769 69
49.948 69
49.9198 69
49.8916 69
49.8635 69
49.8353 69
49.8072 69
49.779 69
49.7509 69
49.7228 69
49.6947 69
49.6667 69
49.6386 69
49.6105 69
49.5825 69
49.5545 69
49.5265 69
49.4985 69
49.4706 69
49.4426 69
49.4147 69
49.3868 69
49.3589 69
49.3309 69
49.303 69
49.275 69
49.2471 69
49.2193 69
49.1914 69
49.1635 69
49.1357 69
49.1079 69
49.0801 69
49.0524 69
49.0246 69
48.9969 69
48.9692 69
48.9416 69
48.914 69
48.8865 69
48.859 69
48.8315 69
48.804 69
48.7766 69
48.7492 69
48.7218 69
48.6944 69
48.667 69
48.6397 69
48.6124 69
48.5851 69
48.5578 69
48.5305 69
48.5033 69
48.4761 69
48.4489 69
48.4217 69
48.3946 69
48.3675 69
48.3403 69
48.3128 69
48.2846 69
48.2565 69
48.2283 69
48.2001 69
48.172 69
48.1439 69
48.1158 69
48.0877 69
48.0596 69
48.0316 69
48.0035 69
47.9755 69
47.9475 69
47.9196 69
47.8916 69
47.8637 69
47.8358 69
47.8079 69
47.78 69
47.7522 69
47.7244 69
47.6966 69
47.6688 69
47.6411 69
47.6133 69
47.5856 69
47.5579 69
47.5304 69
47.5031 69
47.4758 69
47.4485 69
47.4212 69
47.3939 69
47.3667 69
47.3395 69
47.3123 69
47.2851 69
47.2601 69
47.2363 69
47.2125 69
47.1887 69
47.1649 69
47.1411 69
47.1174 69
47.0936 69
47.0699 69
47.0462 69
47.0226 69
46.9989 69
46.9753 69
46.9516 69
46.928 69
46.9044 69
46.8809 69
46.8573 69
46.8338 69
46.8102 69
46.7867 69
46.7631 69
46.7392 69
46.7149 69
46.6907 69
46.6664 69
46.6422 69
46.6179 69
46.5937 69
46.5695 69
46.5454 69
46.5212 69
46.4971 69
46.473 69
46.4489 69
46.4248 69
46.4009 69
46.377 69
46.3532 69
46.3294 69
46.3057 69
46.2819 69
46.2582 69
46.2345 69
46.2108 69
46.1871 69
46.1635 69
46.1398 69
46.1162 69
46.0926 69
46.0691 69
46.0455 69
46.022 69
45.9985 69
45.975 69
45.9515 69
45.9281 69
45.9046 69
45.8812 69
45.8578 69
45.8345 69
45.8111 69
45.7878 69
45.765 69
45.7429 69
45.7208 69
45.6988 69
45.6767 69
45.6547 69
45.6327 69
45.6107 69
45.5888 69
45.5668 69
45.5449 69
45.523 69
45.5012 69
45.4793 69
45.4575 69
45.4357 69
45.4139 69
45.3921 69
45.3703 69
45.3486 69
45.3269 69
45.3052 69
45.2835 69
45.2618 69
45.2402 69
45.2186 69
45.197 69
45.1754 69
45.1539 69
45.1323 69
45.1108 69
45.0893 69
45.0678 69
45.0464 69
45.025 69
45.0035 69
44.9822 69
44.9608 69
44.9394 69
44.9181 69
44.8968 69
44.8755 69
44.8543 69
44.833 69
44.8118 69
44.7906 69
44.7695 69
44.7483 69
44.7272 69
44.7061 69
44.685 69
44.664 69
44.6429 69
44.6219 69
44.6009 69
44.58 69
44.5612 69
44.5423 69
44.5235 69
44.5047 69
44.4859 69
44.4671 69
44.4484 69
44.4296 69
44.4109 69
44.3922 69
44.3736 69
44.3549 69
44.3363 69
44.3177 69
44.2991 69
44.2805 69
44.262 69
44.2435 69
44.225 69
44.2065 69
44.188 69
44.1696 69
44.1512 69
44.1328 69
44.1144 69
44.0961 69
44.0777 69
44.0594 69
44.0411 69
44.0229 69
44.0046 69
43.9864 69
43.9682 69
43.95 69
43.9319 69
43.9137 69
43.8956 69
43.8775 69
43.8595 69
43.8414 69
43.8234 69
43.8054 69
43.7874 69
43.7695 69
43.7515 69
43.7336 69
43.7157 69
43.6979 69
43.68 69
43.6622 69
43.6445 69
43.6268 69
43.6092 69
43.5916 69
43.5741 69
43.5565 69
43.539 69
43.5215 69
43.504 69
43.4865 69
43.4691 69
43.4517 69
43.4343 69
43.417 69
43.3996 69
43.3823 69
43.365 69
43.3478 69
43.3305 69
43.3133 69
43.2961 69
43.2789 69
43.2618 69
43.2447 69
43.2276 69
43.2105 69
43.1934 69
43.1764 69
43.1594 69
43.1424 69
43.1255 69
43.1086 69
43.0917 69
43.0748 69
43.0579 69
43.0411 69
43.0243 69
43.0075 69
42.9908 69
42.974 69
42.9573 69
42.9407 69
42.924 69
42.9074 69
42.8908 69
42.8742 69
42.8577 69
42.8411 69
42.8246 69
42.8082 69
42.7917 69
42.7753 69
42.7593 69
42.7442 69
42.729 69
42.7138 69
42.6987 69
42.6836 69
42.6686 69
42.6535 69
42.6385 69
42.6235 69
42.6085 69
42.5936 69
42.5787 69
42.5638 69
42.5489 69
42.5341 69
42.5193 69
42.5045 69
42.4897 69
42.475 69
42.4602 69
42.4456 69
42.4309 69
42.4163 69
42.4016 69
42.3871 69
42.3725 69
42.358 69
42.3434 69
42.329 69
42.3145 69
42.3001 69
42.2857 69
42.2713 69
42.2569 69
42.2426 69
42.2283 69
42.214 69
42.1997 69
42.1855 69
42.1713 69
42.1571 69
42.143 69
42.1289 69
42.1148 69
42.1007 69
42.0867 69
42.0727 69
42.0587 69
42.0448 69
42.0308 69
42.0169 69
42.0031 69
41.9892 69
41.9754 69
41.9616 69
41.9479 69
41.9342 69
41.9205 69
41.9068 69
41.8931 69
41.8795 69
41.8659 69
41.8524 69
41.8388 69
41.8253 69
41.8119 69
41.7984 69
41.785 69
41.7716 69
41.7583 69
41.7449 69
41.7316 69
41.7184 69
41.7051 69
41.6919 69
41.6787 69
41.6656 69
41.6524 69
41.6393 69
41.6262 69
41.6132 69
41.6002 69
41.5872 69
41.5742 69
41.5613 69
41.5484 69
41.5355 69
41.5227 69
41.5099 69
41.4971 69
41.4843 69
41.4716 69
41.4589 69
41.4463 69
41.4336 69
41.421 69
41.4085 69
41.3959 69
41.3834 69
41.3709 69
41.3585 69
41.3461 69
41.3337 69
41.3213 69
41.309 69
41.2967 69
41.2845 69
41.2722 69
41.26 69
41.2479 69
41.2357 69
41.2236 69
41.2119 69
41.2008 69
41.1897 69
41.1786 69
41.1676 69
41.1566 69
41.1456 69
41.1347 69
41.1238 69
41.1129 69
41.1019 69
41.091 69
41.08 69
41.0691 69
41.0582 69
41.0474 69
41.0366 69
41.0258 69
41.015 69
41.0043 69
40.9936 69
40.9829 69
40.9723 69
40.9617 69
40.9511 69
40.9406 69
40.9301 69
40.9196 69
40.9091 69
40.8987 69
40.8883 69
40.878 69
40.8676 69
40.8573 69
40.8471 69
40.8368 69
40.8266 69
40.8164 69
40.8063 69
40.7962 69
40.7861 69
40.7761 69
40.7661 69
40.7561 69
40.7461 69
40.7362 69
40.7264 69
40.7165 69
40.7067 69
40.6969 69
40.6872 69
40.6774 69
40.6678 69
40.6581 69
40.6485 69
40.6389 69
40.6293 69
40.6198 69
40.6103 69
40.6009 69
40.5914 69
40.582 69
40.5727 69
40.5633 69
40.554 69
40.5448 69
40.5355 69
40.5263 69
40.5172 69
40.5081 69
40.499 69
40.49 69
40.481 69
40.472 69
40.4631 69
40.4542 69
40.4453 69
40.4365 69
40.4276 69
40.4189 69
40.4101 69
40.4014 69
40.3927 69
40.384 69
40.3754 69
40.3668 69
40.3583 69
40.3497 69
40.3413 69
40.3328 69
40.3243 69
40.3159 69
40.3075 69
40.2992 69
40.2908 69
40.2825 69
40.2743 69
40.2661 69
40.2579 69
40.2497 69
40.2416 69
40.2335 69
40.2255 69
40.2175 69
40.2095 69
40.2016 69
40.1936 69
40.1858 69
40.1779 69
40.1701 69
40.1623 69
40.1545 69
40.1468 69
40.1391 69
40.1315 69
40.1239 69
40.1163 69
40.1087 69
40.1012 69
40.0938 69
40.0864 69
40.079 69
40.0716 69
40.0642 69
40.0569 69
40.0496 69
40.0424 69
40.0352 69
40.028 69
40.0209 69
40.0138 69
40.0067 69
39.9997 69
39.9927 69
39.9857 69
39.9788 69
39.972 69
39.9651 69
39.9583 69
39.9515 69
39.9447 69
39.938 69
39.9313 69
39.9247 69
39.9181 69
39.9115 69
39.905 69
39.8985 69
39.8921 69
39.8856 69
39.8792 69
39.8729 69
39.8666 69
39.86 69
39.8534 69
39.8468 69
39.8402 69
39.8337 69
39.8273 69
39.8208 69
39.8144 69
39.8081 69
39.8017 69
39.7954 69
39.7891 69
39.7829 69
39.7767 69
39.7705 69
39.7644 69
39.7583 69
39.7522 69
39.7462 69
39.7402 69
39.7342 69
39.7283 69
39.7224 69
39.7166 69
39.7107 69
39.705 69
39.6992 69
39.6935 69
39.6879 69
39.6822 69
39.6766 69
39.6711 69
39.6656 69
39.6601 69
39.6547 69
39.6493 69
39.6439 69
39.6386 69
39.6333 69
39.6281 69
39.6229 69
39.6177 69
39.6126 69
39.6075 69
39.6024 69
39.5974 69
39.5924 69
39.5875 69
39.5828 69
39.5781 69
39.5735 69
39.5689 69
39.5643 69
39.5598 69
39.5553 69
39.5507 69
39.5463 69
39.5418 69
39.5374 69
39.5329 69
39.5285 69
39.5241 69
39.5198 69
39.5155 69
39.5112 69
39.507 69
39.5028 69
39.4987 69
39.4946 69
39.4905 69
39.4865 69
39.4825 69
39.4785 69
39.4746 69
39.4707 69
39.4668 69
39.463 69
39.4592 69
39.4555 69
39.4518 69
39.4481 69
39.4445 69
39.4409 69
39.4373 69
39.4338 69
39.4303 69
39.4269 69
39.4235 69
39.4201 69
39.4168 69
39.4135 69
39.4102 69
39.407 69
39.4038 69
39.4007 69
39.3976 69
39.3945 69
39.3915 69
39.3885 69
39.3856 69
39.3827 69
39.3798 69
39.377 69
39.3742 69
39.3714 69
39.3686 69
39.3659 69
39.3633 69
39.3606 69
39.358 69
39.3555 69
39.353 69
39.3505 69
39.3481 69
39.3457 69
39.3434 69
39.3411 69
39.3388 69
39.3366 69
39.3344 69
39.3322 69
39.3301 69
39.3279 69
39.3259 69
39.3238 69
39.3218 69
39.3199 69
39.318 69
39.3161 69
39.3143 69
39.3125 69
39.3107 69
39.309 69
39.3073 69
39.3057 69
39.3041 69
39.3025 69
39.3009 69
39.2994 69
39.2979 69
39.2965 69
39.2951 69
39.2938 69
39.2925 69
39.2912 69
39.29 69
39.2888 69
39.2876 69
39.2865 69
39.2855 69
39.2844 69
39.2829 69
39.2814 69
39.2799 69
39.2785 69
39.2771 69
39.2758 69
39.2745 69
39.2732 69
39.272 69
39.2708 69
39.2697 69
39.2685 69
39.2674 69
39.2664 69
39.2654 69
39.2644 69
39.2635 69
39.2626 69
39.2617 69
39.2609 69
39.2601 69
39.2593 69
39.2586 69
39.2579 69
39.2573 69
39.2567 69
39.2561 69
39.2555 69
39.255 69
39.2545 69
39.254 69
39.2535 69
39.2531 69
39.2528 69
39.2524 69
39.2522 69
39.2519 69
39.2517 69
39.2515 69
39.2513 69
39.2512 69
39.2511 69
39.251 69
39.251 69
39.251 69
39.251 69
39.2511 69
39.2511 69
39.2512 69
39.2514 69
39.2515 69
39.2518 69
39.252 69
39.2523 69
39.2527 69
39.2531 69
39.2535 69
39.2539 69
39.2544 69
39.255 69
39.2556 69
39.2562 69
39.2569 69
39.2576 69
39.2584 69
39.2592 69
39.2601 69
39.2609 69
39.2619 69
39.2629 69
39.2639 69
39.2649 69
39.266 69
39.2671 69
39.2683 69
39.2695 69
39.2707 69
39.272 69
39.2733 69
39.2747 69
39.2761 69
39.2775 69
39.279 69
39.2806 69
39.2821 69
39.2837 69
39.2853 69
39.287 69
39.2886 69
39.2902 69
39.2919 69
39.2936 69
39.2953 69
39.2971 69
39.2989 69
39.3007 69
39.3025 69
39.3044 69
39.3063 69
39.3083 69
39.3103 69
39.3123 69
39.3144 69
39.3165 69
39.3187 69
39.3209 69
39.3231 69
39.3254 69
39.3277 69
39.3301 69
39.3325 69
39.3349 69
39.3374 69
39.3399 69
39.3425 69
39.3451 69
39.3478 69
39.3505 69
39.3532 69
39.3559 69
39.3587 69
39.3616 69
39.3644 69
39.3673 69
39.3702 69
39.3732 69
39.3762 69
39.3792 69
39.3819 69
39.3847 69
39.3875 69
39.3904 69
39.3933 69
39.3963 69
39.3993 69
39.4023 69
39.4054 69
39.4086 69
39.4117 69
39.415 69
39.4182 69
39.4215 69
39.4249 69
39.4283 69
39.4317 69
39.4352 69
39.4388 69
39.4423 69
39.4459 69
39.4495 69
39.4532 69
39.4569 69
39.4606 69
39.4644 69
39.4682 69
39.4721 69
39.476 69
39.48 69
39.484 69
39.4881 69
39.4921 69
39.4963 69
39.5005 69
39.5047 69
39.5089 69
39.5132 69
39.5176 69
39.522 69
39.5264 69
39.5309 69
39.5354 69
39.5399 69
39.5445 69
39.5492 69
39.5539 69
39.5586 69
39.5634 69
39.5682 69
39.573 69
39.5778 69
39.5826 69
39.5874 69
39.5923 69
39.5973 69
39.6023 69
39.6073 69
39.6123 69
39.6174 69
39.6225 69
39.6275 69
39.6325 69
39.6376 69
39.6428 69
39.6479 69
39.6531 69
39.6584 69
39.6637 69
39.669 69
39.6744 69
39.6798 69
39.6852 69
39.6907 69
39.6962 69
39.7018 69
39.7073 69
39.7129 69
39.7186 69
39.7242 69
39.73 69
39.7357 69
39.7415 69
39.7474 69
39.7532 69
39.7591 69
39.765 69
39.7709 69
39.7769 69
39.7829 69
39.789 69
39.795 69
39.8011 69
39.8073 69
39.8134 69
39.8196 69
39.8258 69
39.8321 69
39.8384 69
39.8449 69
39.8514 69
39.858 69
39.8647 69
39.8713 69
39.8781 69
39.8848 69
39.8917 69
39.8985 69
39.9054 69
39.9124 69
39.9194 69
39.9264 69
39.9335 69
39.9406 69
39.9478 69
39.9551 69
39.9623 69
39.9696 69
39.977 69
39.9844 69
39.9919 69
39.9994 69
40.0069 69
40.0145 69
40.0221 69
40.0298 69
40.0374 69
40.0451 69
40.0529 69
40.0607 69
40.0685 69
40.0764 69
40.0844 69
40.0923 69
40.1004 69
40.1084 69
40.1165 69
40.1247 69
40.1328 69
40.1411 69
40.1494 69
40.1577 69
40.1661 69
40.1745 69
40.183 69
40.1915 69
40.2001 69
40.2088 69
40.2174 69
40.2262 69
40.2349 69
40.2437 69
40.2526 69
40.2615 69
40.2704 69
40.2792 69
40.2881 69
40.2969 69
40.3059 69
40.3149 69
40.3239 69
40.333 69
40.3421 69
40.3513 69
40.3605 69
40.3698 69
40.379 69
40.3883 69
40.3977 69
40.4071 69
40.4165 69
40.4259 69
40.4354 69
40.4449 69
40.4545 69
40.4641 69
40.4738 69
40.4834 69
40.4931 69
40.5029 69
40.5127 69
40.5225 69
40.5323 69
40.5421 69
40.552 69
40.5619 69
40.5719 69
40.5819 69
40.5919 69
40.602 69
40.6121 69
40.6223 69
40.6319 69
40.6394 69
40.6469 69
40.6544 69
40.662 69
40.6696 69
40.6772 69
40.6849 69
40.6927 69
40.7004 69
40.7082 69
40.7161 69
40.7239 69
40.7319 69
40.7398 69
40.7478 69
40.7558 69
40.7638 69
40.7718 69
40.7799 69
40.788 69
40.7962 69
40.8044 69
40.8126 69
40.8209 69
40.8292 69
40.8375 69
40.8459 69
40.8544 69
40.8628 69
40.8714 69
40.8799 69
40.8885 69
40.8971 69
40.9057 69
40.9144 69
40.9232 69
40.9319 69
40.9407 69
40.9495 69
40.9584 69
40.9673 69
40.9762 69
40.9852 69
40.9942 69
41.0032 69
41.0122 69
41.0213 69
41.0305 69
41.0397 69
41.0489 69
41.0582 69
41.0675 69
41.0768 69
41.0862 69
41.0956 69
41.1051 69
41.1145 69
41.124 69
41.1335 69
41.1431 69
41.1527 69
41.1623 69
41.172 69
41.1817 69
41.1914 69
41.2011 69
41.2109 69
41.2208 69
41.2306 69
41.2406 69
41.2505 69
41.2605 69
41.2705 69
41.2805 69
41.2906 69
41.3006 69
41.3107 69
41.3208 69
41.3309 69
41.3411 69
41.3513 69
41.3616 69
41.3719 69
41.3822 69
41.3926 69
41.403 69
41.4134 69
41.4239 69
41.4343 69
41.4448 69
41.4554 69
41.466 69
41.4766 69
41.4873 69
41.4981 69
41.5088 69
41.5197 69
41.5305 69
41.5414 69
41.5524 69
41.5634 69
41.5744 69
41.5855 69
41.5966 69
41.6077 69
41.6189 69
41.63 69
41.6413 69
41.6525 69
41.6638 69
41.6752 69
41.6866 69
41.6963 69
41.706 69
41.7157 69
41.7254 69
41.7352 69
41.745 69
41.7548 69
41.7647 69
41.7746 69
41.7846 69
41.7945 69
41.8045 69
41.8145 69
41.8246 69
41.8347 69
41.8449 69
41.8551 69
41.8653 69
41.8755 69
41.8857 69
41.896 69
41.9063 69
41.9167 69
41.927 69
41.9375 69
41.9479 69
41.9584 69
41.9689 69
41.9794 69
41.99 69
42.0006 69
42.0112 69
42.0219 69
42.0327 69
42.0434 69
42.0542 69
42.0651 69
42.0759 69
42.0869 69
42.0978 69
42.1088 69
42.1199 69
42.1309 69
42.142 69
42.1532 69
42.1643 69
42.1755 69
42.1867 69
42.1979 69
42.2092 69
42.2205 69
42.2318 69
42.2431 69
42.2539 69
42.2648 69
42.2758 69
42.2868 69
42.2978 69
42.3089 69
42.32 69
42.3311 69
42.3423 69
42.3535 69
42.3648 69
42.376 69
42.3873 69
42.3987 69
42.41 69
42.4214 69
42.4328 69
42.4442 69
42.4557 69
42.4673 69
42.4788 69
42.4905 69
42.5021 69
42.5138 69
42.5256 69
42.5373 69
42.5491 69
42.561 69
42.5728 69
42.5847 69
42.5967 69
42.6086 69
42.6206 69
42.6327 69
42.6447 69
42.6569 69
42.669 69
42.6812 69
42.6934 69
42.7057 69
42.7179 69
42.7303 69
42.7426 69
42.7549 69
42.7673 69
42.7798 69
42.7923 69
42.8048 69
42.8173 69
42.8299 69
42.8426 69
42.8552 69
42.868 69
42.8807 69
42.8935 69
42.9064 69
42.9192 69
42.9321 69
42.945 69
42.958 69
42.971 69
42.984 69
42.9971 69
43.0102 69
43.0233 69
43.0365 69
43.0496 69
43.0629 69
43.0761 69
43.0893 69
43.1026 69
43.116 69
43.1293 69
43.1427 69
43.1561 69
43.1695 69
43.183 69
43.1964 69
43.2099 69
43.2234 69
43.2369 69
43.2504 69
43.2639 69
43.2774 69
43.2909 69
43.3044 69
43.3179 69
43.3315 69
43.3451 69
43.3588 69
43.3724 69
43.3861 69
43.3998 69
43.4136 69
43.4274 69
43.4412 69
43.455 69
43.4689 69
43.4829 69
43.4968 69
43.5108 69
43.5248 69
43.5388 69
43.5528 69
43.5669 69
43.581 69
43.5951 69
43.6093 69
43.6234 69
43.6376 69
43.6518 69
43.666 69
43.6802 69
43.6943 69
43.7085 69
43.7226 69
43.7369 69
43.7511 69
43.7654 69
43.7797 69
43.7941 69
43.8084 69
43.8229 69
43.8373 69
43.8519 69
43.8664 69
43.881 69
43.8957 69
43.9103 69
43.925 69
43.9397 69
43.9545 69
43.9693 69
43.9841 69
43.9989 69
44.0138 69
44.0287 69
44.0436 69
44.0586 69
44.0735 69
44.0885 69
44.1036 69
44.1187 69
44.1338 69
44.1489 69
44.164 69
44.1792 69
44.1945 69
44.2098 69
44.2251 69
44.2404 69
44.2558 69
44.2712 69
44.2867 69
44.3022 69
44.3156 69
44.329 69
44.3425 69
44.356 69
44.3695 69
44.3831 69
44.3967 69
44.4103 69
44.424 69
44.4377 69
44.4514 69
44.4651 69
44.4789 69
44.4928 69
44.5066 69
44.5205 69
44.5344 69
44.5483 69
44.5623 69
44.5763 69
44.5903 69
44.6044 69
44.6185 69
44.6327 69
44.6469 69
44.6611 69
44.6754 69
44.6897 69
44.704 69
44.7183 69
44.7327 69
44.7471 69
44.7616 69
44.7761 69
44.7906 69
44.8051 69
44.8197 69
44.8343 69
44.8489 69
44.8636 69
44.8783 69
44.8931 69
44.9079 69
44.9227 69
44.9375 69
44.9523 69
44.9672 69
44.9821 69
44.997 69
45.012 69
45.027 69
45.042 69
45.0571 69
45.0722 69
45.0872 69
45.1023 69
45.1174 69
45.1326 69
45.1477 69
45.1629 69
45.1779 69
45.193 69
45.2081 69
45.2233 69
45.2385 69
45.2537 69
45.2689 69
45.2842 69
45.2995 69
45.3148 69
45.3302 69
45.3456 69
45.361 69
45.3765 69
45.392 69
45.4075 69
45.423 69
45.4386 69
45.4542 69
45.4698 69
45.4855 69
45.5011 69
45.5168 69
45.5325 69
45.5483 69
45.564 69
45.5799 69
45.5957 69
45.6116 69
45.6275 69
45.6435 69
45.6595 69
45.6755 69
45.6916 69
45.7077 69
45.7239 69
45.74 69
45.7563 69
45.7725 69
45.7888 69
45.8051 69
45.8214 69
45.8378 69
45.8541 69
45.8705 69
45.8869 69
45.9033 69
45.9198 69
45.9363 69
45.9528 69
45.9693 69
45.9859 69
46.0025 69
46.0171 69
46.0317 69
46.0464 69
46.061 69
46.0757 69
46.0905 69
46.1052 69
46.1199 69
46.1347 69
46.1495 69
46.1643 69
46.1791 69
46.194 69
46.2089 69
46.2238 69
46.2388 69
46.2538 69
46.2688 69
46.2839 69
46.299 69
46.3131 69
46.3257 69
46.3384 69
46.351 69
46.3636 69
46.3763 69
46.389 69
46.4018 69
46.4146 69
46.4274 69
46.4402 69
46.4531 69
46.4659 69
46.4789 69
46.4918 69
46.5046 69
46.5175 69
46.5303 69
46.5432 69
46.5562 69
46.5691 69
46.5821 69
46.5951 69
46.6081 69
46.6212 69
46.6343 69
46.646 69
46.6572 69
46.6684 69
46.6796 69
46.6909 69
46.7022 69
46.7135 69
46.7249 69
46.7362 69
46.7476 69
46.7591 69
46.7705 69
46.782 69
46.7935 69
46.805 69
46.8166 69
46.8282 69
46.8398 69
46.8514 69
46.8631 69
46.8748 69
46.8865 69
46.8982 69
46.91 69
46.9218 69
46.9336 69
46.9455 69
46.9573 69
46.9692 69
46.9811 69
46.9931 69
47.005 69
47.017 69
47.029 69
47.0411 69
47.0532 69
47.0653 69
47.0774 69
47.0895 69
47.1017 69
47.1139 69
47.1261 69
47.1384 69
47.1507 69
47.163 69
47.1753 69
47.1877 69
47.2001 69
47.2125 69
47.225 69
47.2374 69
47.2499 69
47.2625 69
47.275 69
47.2875 69
47.3001 69
47.3127 69
47.3253 69
47.338 69
47.3507 69
47.3634 69
47.3761 69
47.3888 69
47.4016 69
47.4143 69
47.4271 69
47.44 69
47.4528 69
47.4657 69
47.4785 69
47.4914 69
47.5042 69
47.517 69
47.5298 69
47.5426 69
47.5555 69
47.5684 69
47.5814 69
47.5943 69
47.6073 69
47.6203 69
47.6334 69
47.6464 69
47.6595 69
47.6727 69
47.6858 69
47.699 69
47.7122 69
47.7254 69
47.7387 69
47.752 69
47.7653 69
47.7786 69
47.7919 69
47.8053 69
47.8184 69
47.8315 69
47.8444 69
47.8573 69
47.8701 69
47.8829 69
47.8957 69
47.9086 69
47.9215 69
47.9344 69
47.9473 69
47.9603 69
47.9733 69
47.9863 69
47.9994 69
48.0125 69
48.0256 69
48.0387 69
48.0519 69
48.0651 69
48.0783 69
48.0915 69
48.1047 69
48.118 69
48.1313 69
48.1446 69
48.158 69
48.1714 69
48.1848 69
48.1982 69
48.2116 69
48.2251 69
48.2386 69
48.2521 69
48.2657 69
48.2792 69
48.2928 69
48.3064 69
48.3201 69
48.3337 69
48.3474 69
48.3611 69
48.3748 69
48.3886 69
48.4024 69
48.4162 69
48.43 69
48.4439 69
48.4578 69
48.4717 69
48.4856 69
48.4996 69
48.5135 69
48.5275 69
48.5416 69
48.5556 69
48.5697 69
48.5837 69
48.5978 69
48.612 69
48.6261 69
48.6403 69
48.6545 69
48.6688 69
48.6831 69
48.6974 69
48.7117 69
48.726 69
48.7404 69
48.7548 69
48.7693 69
48.7838 69
48.7982 69
48.8119 69
48.8242 69
48.8365 69
48.8488 69
48.8612 69
48.8735 69
48.8859 69
48.8984 69
48.9108 69
48.9233 69
48.9358 69
48.9483 69
48.9609 69
48.9735 69
48.986 69
48.9986 69
49.0113 69
49.024 69
49.0366 69
49.0494 69
49.0621 69
49.0749 69
49.0877 69
49.1006 69
49.1134 69
49.1263 69
49.1392 69
49.1518 69
49.1629 69
49.174 69
49.1851 69
49.1963 69
49.2074 69
49.2186 69
49.2299 69
49.2411 69
49.2524 69
49.2637 69
49.275 69
49.2863 69
49.2977 69
49.309 69
49.3203 69
49.3316 69
49.343 69
49.3544 69
49.3658 69
49.3773 69
49.3888 69
49.4003 69
49.4119 69
49.4234 69
49.435 69
49.4466 69
49.4582 69
49.4699 69
49.4816 69
49.4933 69
49.505 69
49.5168 69
49.5285 69
49.5403 69
49.5521 69
49.564 69
49.5759 69
49.5878 69
49.5997 69
49.6116 69
49.6236 69
49.6356 69
49.6476 69
49.6597 69
49.6718 69
49.6839 69
49.696 69
49.7082 69
49.7203 69
49.7326 69
49.7448 69
49.7571 69
49.7694 69
49.7817 69
49.7941 69
49.8064 69
49.8188 69
49.8313 69
49.8437 69
49.8562 69
49.8687 69
49.8812 69
49.8938 69
49.9063 69
49.9189 69
49.9315 69
49.9442 69
49.9569 69
49.9696 69
49.9824 69
49.9951 69
50.0079 69
50.0208 69
50.0336 69
50.0465 69
50.0594 69
50.0724 69
50.0854 69
50.0984 69
50.1114 69
50.1245 69
50.1375 69
50.1506 69
50.1637 69
50.1768 69
50.19 69
50.2032 69
50.2164 69
50.2296 69
50.2429 69
50.2562 69
50.2696 69
50.2829 69
50.2963 69
50.3098 69
50.3232 69
50.3367 69
50.3502 69
50.3637 69
50.3772 69
50.3908 69
50.4044 69
50.418 69
50.4316 69
50.4453 69
50.459 69
50.4727 69
50.4864 69
50.5002 69
50.514 69
50.5278 69
50.5417 69
50.5556 69
50.5695 69
50.5834 69
50.5974 69
50.6112 69
50.6245 69
50.6379 69
50.6513 69
50.6647 69
50.6782 69
50.6918 69
50.7054 69
50.7191 69
50.7328 69
50.7465 69
50.7603 69
50.7741 69
50.7879 69
50.8017 69
50.8155 69
50.8294 69
50.8432 69
50.8572 69
50.8711 69
50.885 69
50.899 69
50.913 69
50.9271 69
50.9411 69
50.9552 69
50.9693 69
50.9834 69
50.9976 69
51.0118 69
51.026 69
51.0402 69
51.0545 69
51.0688 69
51.0831 69
51.0975 69
51.1119 69
51.1263 69
51.1407 69
51.1552 69
51.1697 69
51.1843 69
51.1988 69
51.2134 69
51.228 69
51.2426 69
51.2573 69
51.2719 69
51.2866 69
51.3014 69
51.3161 69
51.3308 69
51.3456 69
51.3604 69
51.3753 69
51.3901 69
51.405 69
51.42 69
51.4349 69
51.4499 69
51.465 69
51.48 69
51.4951 69
51.5102 69
51.5253 69
51.5404 69
51.5556 69
51.5708 69
51.5859 69
51.6011 69
51.6164 69
51.6317 69
51.6469 69
51.6622 69
51.6775 69
51.6928 69
51.7082 69
51.7236 69
51.739 69
51.7545 69
51.77 69
51.7855 69
51.801 69
51.8166 69
51.8322 69
51.8478 69
51.8634 69
51.8791 69
51.8948 69
51.9105 69
51.9262 69
51.942 69
51.9578 69
51.9736 69
51.9894 69
52.0052 69
52.0211 69
52.0371 69
52.053 69
52.069 69
52.085 69
52.1011 69
52.1171 69
52.1332 69
52.1493 69
52.1654 69
52.1816 69
52.1978 69
52.214 69
52.2303 69
52.2466 69
52.2629 69
52.2793 69
52.2956 69
52.312 69
52.3285 69
52.345 69
52.3615 69
52.378 69
52.3946 69
52.4111 69
52.4278 69
52.4444 69
52.4611 69
52.4778 69
52.4946 69
52.5114 69
52.5282 69
52.545 69
52.5618 69
52.5787 69
52.5956 69
52.6125 69
52.6295 69
52.6465 69
52.6635 69
52.6805 69
52.6975 69
52.7145 69
52.7316 69
52.7487 69
52.7658 69
52.783 69
52.8002 69
52.8173 69
52.8345 69
52.8517 69
52.8689 69
52.8862 69
52.9034 69
52.9207 69
52.9381 69
52.9554 69
52.9728 69
52.9902 69
53.0076 69
53.0251 69
53.0425 69
53.06 69
53.0776 69
53.0951 69
53.1127 69
53.1303 69
53.148 69
53.1657 69
53.1834 69
53.2011 69
53.2189 69
53.2367 69
53.2545 69
53.2724 69
53.2903 69
53.3083 69
53.3262 69
53.3442 69
53.3622 69
53.3803 69
53.3983 69
53.4164 69
53.4346 69
53.4528 69
53.471 69
53.4892 69
53.5075 69
53.5258 69
53.5441 69
53.5625 69
53.5809 69
53.5993 69
53.6178 69
53.6363 69
53.6548 69
53.6733 69
53.6919 69
53.7106 69
53.7292 69
53.7479 69
53.7666 69
53.7854 69
53.8042 69
53.8229 69
53.8417 69
53.8605 69
53.8793 69
53.8982 69
53.9171 69
53.936 69
53.955 69
53.9739 69
53.993 69
54.012 69
54.0311 69
54.0502 69
54.0693 69
54.0885 69
54.1077 69
54.1269 69
54.1462 69
54.1654 69
54.1846 69
54.2039 69
54.2232 69
54.2426 69
54.2619 69
54.2813 69
54.3008 69
54.3202 69
54.3397 69
54.3593 69
54.3788 69
54.3983 69
54.4179 69
54.4376 69
54.4572 69
54.4767 69
54.4958 69
54.5149 69
54.5341 69
54.5533 69
54.5725 69
54.5918 69
54.6111 69
54.6304 69
54.6498 69
54.6692 69
54.6886 69
54.708 69
54.7271 69
54.7462 69
54.7653 69
54.7845 69
54.8037 69
54.823 69
54.8422 69
54.8615 69
54.8806 69
54.8998 69
54.9189 69
54.9381 69
54.9574 69
54.9766 69
54.9959 69
55.0152 69
55.0346 69
55.0539 69
55.0733 69
55.0928 69
55.1122 69
55.1317 69
55.1512 69
55.1706 69
55.1901 69
55.2096 69
55.2291 69
55.2487 69
55.2683 69
55.288 69
55.3076 69
55.3273 69
55.347 69
55.3667 69
55.3865 69
55.4062 69
55.4261 69
55.4459 69
55.4658 69
55.4857 69
55.5056 69
55.5256 69
55.5455 69
55.5655 69
55.5856 69
55.6056 69
55.6257 69
55.6458 69
55.666 69
55.6862 69
55.7064 69
55.7267 69
55.7469 69
55.7672 69
55.7876 69
55.8079 69
55.8283 69
55.8486 69
55.8691 69
55.8895 69
55.91 69
55.9305 69
55.951 69
55.9716 69
55.9922 69
56.0128 69
56.0334 69
56.0541 69
56.0747 69
56.0954 69
56.1161 69
56.1368 69
56.1576 69
56.1784 69
56.1992 69
56.22 69
56.2409 69
56.2618 69
56.2827 69
56.3036 69
56.3246 69
56.3455 69
56.3665 69
56.3875 69
56.4086 69
56.4296 69
56.4507 69
56.4719 69
56.4931 69
56.5143 69
56.5355 69
56.5568 69
56.5781 69
56.5994 69
56.6207 69
56.642 69
56.6634 69
56.6848 69
56.7062 69
56.7277 69
56.7492 69
56.7707 69
56.7923 69
56.8138 69
56.8354 69
56.8571 69
56.8787 69
56.9004 69
56.9221 69
56.9438 69
56.9655 69
56.9873 69
57.0091 69
57.0309 69
57.0527 69
57.0746 69
57.0965 69
57.1185 69
57.1404 69
57.1625 69
57.1845 69
57.2066 69
57.2286 69
57.2506 69
57.2726 69
57.2947 69
57.3169 69
57.339 69
57.3612 69
57.3834 69
57.4057 69
57.428 69
57.4503 69
57.4727 69
57.495 69
57.5175 69
57.5399 69
57.5624 69
57.5849 69
57.6074 69
57.63 69
57.6526 69
57.6752 69
57.6978 69
57.7205 69
57.7432 69
57.766 69
57.7888 69
57.8116 69
57.8344 69
57.8572 69
57.88 69
57.9029 69
57.9258 69
57.9487 69
57.9717 69
57.9947 69
58.0177 69
58.0408 69
58.0639 69
58.0871 69
58.1102 69
58.1335 69
58.1567 69
58.18 69
58.2033 69
58.2266 69
58.25 69
58.2733 69
58.2967 69
58.3201 69
58.3435 69
58.367 69
58.3905 69
58.414 69
58.4376 69
58.4612 69
58.4848 69
58.5085 69
58.5322 69
58.5559 69
58.5797 69
58.6035 69
58.6273 69
58.6512 69
58.6751 69
58.699 69
58.723 69
58.747 69
58.771 69
58.7951 69
58.8192 69
58.8434 69
58.8675 69
58.8918 69
58.916 69
58.9403 69
58.9646 69
58.989 69
59.0134 69
59.0378 69
59.0623 69
59.0868 69
59.1113 69
59.1359 69
59.1604 69
59.185 69
59.2097 69
59.2343 69
59.259 69
59.2837 69
59.3085 69
59.3332 69
59.358 69
59.3828 69
59.4077 69
59.4326 69
59.4575 69
59.4824 69
59.5074 69
59.5325 69
59.5575 69
59.5826 69
59.6077 69
59.6329 69
59.6581 69
59.6833 69
59.7085 69
59.7338 69
59.759 69
59.7843 69
59.8097 69
59.835 69
59.8604 69
59.8858 69
59.9112 69
59.9367 69
59.9622 69
59.9877 69
60.0133 69
60.0389 69
60.0646 69
60.0902 69
60.116 69
60.1417 69
60.1674 69
60.1932 69
60.219 69
60.2449 69
60.2708 69
60.2967 69
60.3227 69
60.3486 69
60.3746 69
60.4007 69
60.4267 69
60.4529 69
60.479 69
60.5052 69
60.5314 69
60.5577 69
60.584 69
60.6103 69
60.6367 69
60.6631 69
60.6895 69
60.716 69
60.7425 69
60.769 69
60.7955 69
60.822 69
60.8486 69
60.8752 69
60.9018 69
60.9285 69
60.9552 69
60.9819 69
61.0087 69
61.0355 69
61.0623 69
61.0892 69
61.1161 69
61.143 69
61.17 69
61.197 69
61.2241 69
61.2511 69
61.2782 69
61.3054 69
61.3325 69
61.3597 69
61.3869 69
61.4142 69
61.4415 69
61.4688 69
61.4961 69
61.5235 69
61.5509 69
61.5783 69
61.6058 69
61.6333 69
61.6608 69
61.6884 69
61.716 69
61.7437 69
61.7713 69
61.7991 69
61.8268 69
61.8546 69
61.8824 69
61.9103 69
61.9382 69
61.9662 69
61.9941 69
62.0222 69
62.0502 69
62.0783 69
62.1064 69
62.1345 69
62.1627 69
62.1909 69
62.2191 69
62.2474 69
62.2757 69
62.304 69
62.3324 69
62.3608 69
62.3892 69
62.4176 69
62.4461 69
62.4746 69
62.5032 69
62.5317 69
62.5603 69
62.589 69
62.6177 69
62.6464 69
62.6751 69
62.7039 69
62.7326 69
62.7615 69
62.7903 69
62.8192 69
62.8481 69
62.8771 69
62.9061 69
62.9352 69
62.9642 69
62.9933 69
63.0224 69
63.0516 69
63.0808 69
63.11 69
63.1392 69
63.1685 69
63.1978 69
63.2271 69
63.2565 69
63.2859 69
63.3153 69
63.3447 69
63.3742 69
63.4037 69
63.4331 69
63.4626 69
63.4922 69
63.5218 69
63.5514 69
63.5811 69
63.6108 69
63.6405 69
63.6703 69
63.7001 69
63.73 69
63.7599 69
63.7898 69
63.8197 69
63.8497 69
63.8797 69
63.9098 69
63.9398 69
63.9699 69
64.0001 69
64.0302 69
64.0603 69
64.0905 69
64.1206 69
64.1509 69
64.1811 69
64.2114 69
64.2418 69
64.2722 69
64.3026 69
64.333 69
64.3635 69
64.394 69
64.4245 69
64.4551 69
64.4856 69
64.5163 69
64.5469 69
64.5776 69
64.6083 69
64.639 69
64.6697 69
64.7005 69
64.7312 69
64.762 69
64.7929 69
64.8237 69
64.8546 69
64.8855 69
64.9165 69
64.9474 69
64.9784 69
65.0095 69
65.0405 69
65.0716 69
65.1027 69
65.1338 69
65.165 69
65.1962 69
65.2275 69
65.2588 69
65.2902 69
65.3215 69
65.3529 69
65.3844 69
65.4158 69
65.4474 69
65.4789 69
65.5105 69
65.5421 69
65.5737 69
65.6053 69
65.637 69
65.6687 69
65.7004 69
65.7322 69
65.764 69
65.7958 69
65.8277 69
65.8594 69
65.8912 69
65.923 69
65.9549 69
65.9868 69
66.0187 69
66.0507 69
66.0827 69
66.1147 69
66.1468 69
66.1789 69
66.211 69
66.2432 69
66.2754 69
66.3076 69
66.3398 69
66.372 69
66.4042 69
66.4365 69
66.4689 69
66.5012 69
66.5336 69
66.566 69
66.5984 69
66.6308 69
66.6633 69
66.6958 69
66.7283 69
66.7609 69
66.7934 69
66.826 69
66.8587 69
66.8913 69
66.924 69
66.9567 69
66.9895 69
67.0222 69
67.0551 69
67.0879 69
67.1208 69
67.1537 69
67.1866 69
67.2196 69
67.2525 69
67.2856 69
67.3186 69
67.3517 69
67.3848 69
67.4179 69
67.4511 69
67.4843 69
67.5176 69
67.5509 69
67.5842 69
67.6176 69
67.651 69
67.6844 69
67.7178 69
67.7512 69
67.7846 69
67.8181 69
67.8517 69
67.8853 69
67.9188 69
67.9524 69
67.9861 69
68.0197 69
68.0534 69
68.0872 69
68.121 69
68.1547 69
68.1885 69
68.2223 69
68.2561 69
68.29 69
68.3239 69
68.3579 69
68.3919 69
68.4259 69
68.46 69
68.4941 69
68.5283 69
68.5624 69
68.5965 69
68.6306 69
68.6646 69
68.6987 69
68.7328 69
68.7669 69
68.8011 69
68.8353 69
68.8695 69
68.9038 69
68.938 69
68.9724 69
69.0067 69
69.0411 69
69.0756 69
69.11 69
69.1445 69
69.1791 69
69.2136 69
69.2482 69
69.2829 69
69.3175 69
69.3522 69
69.3866 69
69.4212 69
69.4557 69
69.4903 69
69.5249 69
69.5596 69
69.5943 69
69.629 69
69.6638 69
69.6986 69
69.7334 69
69.7682 69
69.8031 69
69.838 69
69.8729 69
69.9079 69
69.9429 69
69.9779 69
70.013 69
70.0482 69
70.0833 69
70.1185 69
70.1537 69
70.1888 69
70.2239 69
70.259 69
70.2941 69
70.3292 69
70.3644 69
70.3997 69
70.435 69
70.4703 69
70.5056 69
70.541 69
70.5764 69
70.6119 69
70.6474 69
70.6829 69
70.7183 69
70.7537 69
70.7892 69
70.8247 69
70.8602 69
70.8957 69
70.9313 69
70.9668 69
71.0024 69
71.038 69
71.0737 69
71.1094 69
71.1451 69
71.1809 69
71.2166 69
71.2524 69
71.2883 69
71.3241 69
71.36 69
71.3959 69
71.4318 69
71.4677 69
71.5037 69
71.5396 69
71.5756 69
71.6117 69
71.6477 69
71.6837 69
71.7198 69
71.7558 69
71.7919 69
71.8281 69
71.8642 69
71.9003 69
71.9365 69
71.9727 69
72.0089 69
72.0452 69
72.0814 69
72.1176 69
72.1539 69
72.1901 69
72.2264 69
72.2627 69
72.2991 69
72.3355 69
72.3719 69
72.4082 69
72.4447 69
72.4811 69
72.5175 69
72.5539 69
72.5903 69
72.6267 69
72.6631 69
72.6995 69
72.736 69
72.7725 69
72.809 69
72.8455 69
72.8821 69
72.9188 69
72.9554 69
72.9921 69
73.0288 69
73.0655 69
73.1021 69
73.1387 69
73.1754 69
73.212 69
73.2487 69
73.2853 69
73.322 69
73.3587 69
73.3955 69
73.4323 69
73.4691 69
73.506 69
73.5429 69
73.5798 69
73.6165 69
73.6532 69
73.6899 69
73.7267 69
73.7634 69
73.8001 69
73.8369 69
73.8737 69
73.9104 69
73.9471 69
73.9838 69
74.0205 69
74.0572 69
74.0939 69
74.1307 69
74.1674 69
74.2042 69
74.241 69
74.2779 69
74.3147 69
74.3516 69
74.3885 69
74.4255 69
74.4625 69
74.4995 69
74.5365 69
74.5736 69
74.6106 69
74.6478 69
74.6849 69
74.722 69
74.7591 69
74.7963 69
74.8334 69
74.8706 69
74.9079 69
74.9451 69
74.9824 69
75.0198 69
75.0571 69
75.0945 69
75.1319 69
75.1693 69
75.2068 69
75.2443 69
75.2817 69
75.3192 69
75.3566 69
75.394 69
75.4314 69
75.4689 69
75.5064 69
75.5438 69
75.5813 69
75.6186 69
75.6559 69
75.6932 69
75.7305 69
75.7679 69
75.8052 69
75.8426 69
75.8799 69
75.9171 69
75.9543 69
75.9916 69
76.0288 69
76.066 69
76.1031 69
76.1403 69
76.1775 69
76.2148 69
76.252 69
76.2892 69
76.3264 69
76.3637 69
76.401 69
76.4383 69
76.4754 69
76.5125 69
76.5497 69
76.5868 69
76.6239 69
76.6611 69
76.6983 69
76.7355 69
76.7728 69
76.8101 69
76.8474 69
76.8847 69
76.9221 69
76.9594 69
76.9968 69
77.0343 69
77.0717 69
77.1092 69
77.1468 69
77.1844 69
77.2219 69
77.2595 69
77.2971 69
77.3347 69
77.3723 69
77.4098 69
77.4473 69
77.4849 69
77.522 69
77.5591 69
77.5962 69
77.6332 69
77.6702 69
77.7071 69
77.744 69
77.7809 69
77.8177 69
77.8545 69
77.8913 69
77.9281 69
77.9649 69
78.0017 69
78.0386 69
78.0754 69
78.1123 69
78.1491 69
78.186 69
78.2228 69
78.2597 69
78.2965 69
78.3333 69
78.3702 69
78.4071 69
78.4439 69
78.4808 69
78.5178 69
78.5547 69
78.5916 69
78.6285 69
78.6653 69
78.7021 69
78.7389 69
78.7756 69
78.8123 69
78.8489 69
78.8853 69
78.9216 69
78.9579 69
78.9941 69
79.0303 69
79.0666 69
79.1028 69
79.139 69
79.1752 69
79.2115 69
79.2478 69
79.2841 69
79.3204 69
79.3568 69
79.3932 69
79.4296 69
79.4661 69
79.5026 69
79.5391 69
79.5757 69
79.6123 69
79.6489 69
79.6854 69
79.722 69
79.7586 69
79.7953 69
79.832 69
79.8687 69
79.9054 69
79.9422 69
79.979 69
80.0159 69
80.0528 69
80.0897 69
80.1266 69
80.1636 69
80.2006 69
80.2376 69
80.2747 69
80.3118 69
80.3489 69
80.3861 69
80.4233 69
80.4605 69
80.4977 69
80.535 69
80.5724 69
80.6097 69
80.6471 69
80.6845 69
80.722 69
80.7594 69
80.797 69
80.8345 69
80.8721 69
80.9097 69
80.9473 69
80.985 69
81.0227 69
81.0604 69
81.0982 69
81.136 69
81.1739 69
81.2117 69
81.2496 69
81.2876 69
81.3255 69
81.3635 69
81.4015 69
81.4396 69
81.4777 69
81.5158 69
81.554 69
81.5922 69
81.6304 69
81.6687 69
81.7069 69
81.7453 69
81.7836 69
81.822 69
81.8604 69
81.8989 69
81.9374 69
81.9759 69
82.0144 69
82.053 69
82.0916 69
82.1303 69
82.1689 69
82.2077 69
82.2464 69
82.2852 69
82.324 69
82.3628 69
82.4017 69
82.4406 69
82.4795 69
82.5185 69
82.5574 69
82.5965 69
82.6355 69
82.6746 69
82.7137 69
82.7528 69
82.792 69
82.8312 69
82.8705 69
82.9097 69
82.949 69
82.9884 69
83.0278 69
83.0672 69
83.1066 69
83.1461 69
83.1856 69
83.2251 69
83.2647 69
83.3043 69
83.344 69
83.3836 69
83.4233 69
83.4631 69
83.5028 69
83.5427 69
83.5825 69
83.6224 69
83.6623 69
83.7022 69
83.7422 69
83.7822 69
83.8222 69
83.8623 69
83.9024 69
83.9426 69
83.9827 69
84.0229 69
84.0632 69
84.1035 69
84.1438 69
84.1841 69
84.2245 69
84.2649 69
84.3054 69
84.3458 69
84.3863 69
84.4269 69
84.4675 69
84.5081 69
84.5487 69
84.5894 69
84.6301 69
84.6709 69
84.7117 69
84.7525 69
84.7933 69
84.8342 69
84.8751 69
84.9161 69
84.9571 69
84.9981 69
85.0391 69
85.0802 69
85.1214 69
85.1625 69
85.2037 69
85.2449 69
85.2862 69
85.3275 69
85.3688 69
85.4102 69
85.4516 69
85.493 69
85.5345 69
85.576 69
85.6175 69
85.6591 69
85.7007 69
85.7423 69
85.784 69
85.8257 69
85.8674 69
85.9092 69
85.951 69
85.9928 69
86.0347 69
86.0766 69
86.1186 69
86.1606 69
86.2026 69
86.2446 69
86.2867 69
86.3288 69
86.371 69
86.4132 69
86.4554 69
86.4977 69
86.54 69
86.5823 69
86.6247 69
86.667 69
86.7095 69
86.7519 69
86.7945 69
86.837 69
86.8796 69
86.9222 69
86.9648 69
87.0075 69
87.0502 69
87.0929 69
87.1357 69
87.1785 69
87.2214 69
87.2643 69
87.3072 69
87.3502 69
87.3931 69
87.4362 69
87.4792 69
87.5223 69
87.5655 69
87.6086 69
87.6518 69
87.6951 69
87.7384 69
87.7817 69
87.825 69
87.8684 69
87.9118 69
87.9552 69
87.9987 69
88.0423 69
88.0858 69
88.1294 69
88.173 69
88.2167 69
88.2604 69
88.3041 69
88.3479 69
