0.1 -0.425382
0.2 -0.855118
0.3 -1.28761
0.4 -1.72346
0.5 -2.16275
0.6 -2.60552
0.7 -3.05184
0.8 -3.50178
0.9 -3.95541
1 -4.41279
0.239729 -4.51218
0.479152 -4.61158
0.718235 -4.71099
0.956992 -4.81041
1.19541 -4.90984
1.43348 -5.00927
1.67119 -5.10872
1.90856 -5.20817
2.14557 -5.30762
2.38225 -5.40709
2.61859 -5.50656
2.8546 -5.60604
3.09026 -5.70553
3.32558 -5.80502
3.56055 -5.90454
3.79515 -6.00407
4.02939 -6.10363
4.26326 -6.20321
4.49678 -6.3028
4.72996 -6.4024
4.96281 -6.502
5.19533 -6.60161
5.4275 -6.70123
5.65931 -6.80087
5.89078 -6.90051
6.12191 -7.00017
6.35269 -7.09983
6.58312 -7.1995
6.81322 -7.29918
7.04296 -7.39888
7.27236 -7.49859
7.50141 -7.59832
7.73013 -7.69805
7.9585 -7.79779
8.18653 -7.89754
8.41421 -7.99729
8.64156 -8.09706
8.86856 -8.19685
9.09522 -8.29665
9.32154 -8.39646
9.54753 -8.49628
9.77318 -8.59611
9.99849 -8.69595
10.2234 -8.79583
10.4481 -8.89571
10.6724 -8.9956
10.8963 -9.09544
11.1199 -9.19517
11.3432 -9.29473
11.5661 -9.39413
11.7887 -9.49353
12.011 -9.59295
12.2329 -9.69238
12.4545 -9.79182
12.6757 -9.89128
12.8967 -9.99075
13.1173 -10.0902
13.3375 -10.1897
13.5574 -10.2893
13.777 -10.3888
13.9963 -10.4883
14.2152 -10.5879
14.4338 -10.6875
14.6521 -10.7871
14.87 -10.8867
15.0876 -10.9863
15.3049 -11.0859
15.5218 -11.1856
15.7384 -11.2852
15.9547 -11.3849
16.1707 -11.4846
16.3863 -11.5844
16.6016 -11.6841
16.8166 -11.7838
17.0312 -11.8836
17.2456 -11.9834
17.4596 -12.0832
17.6732 -12.183
17.8866 -12.2828
18.0996 -12.3827
18.3124 -12.4825
18.5248 -12.5824
18.7368 -12.6823
18.9486 -12.7822
19.16 -12.8822
19.3711 -12.9821
19.5819 -13.0821
19.7924 -13.1821
20.0025 -13.2821
20.2124 -13.3821
20.4219 -13.4821
20.6311 -13.5822
20.8399 -13.6823
21.0485 -13.7824
21.2568 -13.8825
21.4647 -13.9826
21.6723 -14.0828
21.8796 -14.183
22.0865 -14.2832
22.2932 -14.3834
22.4995 -14.4837
22.7055 -14.584
22.9113 -14.6843
23.1167 -14.7846
23.3217 -14.8849
23.5265 -14.9853
23.731 -15.0857
23.9351 -15.1861
24.1389 -15.2865
24.3425 -15.387
24.5457 -15.4875
24.7486 -15.5879
24.9512 -15.6885
25.1535 -15.789
25.3555 -15.8896
25.5571 -15.9902
25.7585 -16.0908
25.9596 -16.1914
26.1603 -16.292
26.3608 -16.3927
26.5609 -16.4934
26.7607 -16.5941
26.9603 -16.6948
27.1595 -16.7956
27.3584 -16.8964
27.557 -16.9972
27.7553 -17.098
27.9533 -17.1989
28.151 -17.2998
28.3484 -17.4007
28.5455 -17.5017
28.7422 -17.6026
28.9387 -17.7036
29.1349 -17.8047
29.3308 -17.9057
29.5264 -18.0068
29.7217 -18.1079
29.9166 -18.209
30.1113 -18.3102
30.3057 -18.4113
30.4998 -18.5125
30.6936 -18.6137
30.8871 -18.715
31.0803 -18.8162
31.2732 -18.9175
31.4658 -19.0188
31.6581 -19.1202
31.8501 -19.2216
32.0418 -19.323
32.2333 -19.4244
32.4244 -19.5259
32.6152 -19.6274
32.8058 -19.7289
32.996 -19.8304
33.186 -19.932
33.3757 -20.0336
33.5651 -20.1353
33.7541 -20.2369
33.9429 -20.3387
34.1314 -20.4404
34.3197 -20.5422
34.5076 -20.644
34.6952 -20.7458
34.8826 -20.8477
35.0697 -20.9496
35.2564 -21.0515
35.4429 -21.1535
35.6291 -21.2555
35.815 -21.3576
36.0006 -21.4597
36.1859 -21.5618
36.371 -21.664
36.5558 -21.7661
36.7402 -21.8684
36.9244 -21.9706
37.1083 -22.0729
37.292 -22.1752
37.4753 -22.2776
37.6584 -22.38
37.8412 -22.4824
38.0237 -22.5849
38.2059 -22.6874
38.3878 -22.79
38.5695 -22.8925
38.7509 -22.9952
38.932 -23.0978
39.1128 -23.2005
39.2933 -23.3032
39.4736 -23.406
39.6536 -23.5088
39.8333 -23.6117
40.0127 -23.7146
40.1918 -23.8175
40.3707 -23.9205
40.5493 -24.0235
40.7276 -24.1266
40.9057 -24.2297
41.0834 -24.3328
41.2609 -24.436
41.4381 -24.5392
41.6151 -24.6425
41.7918 -24.7458
41.9682 -24.8491
42.1443 -24.9525
42.3201 -25.056
42.4957 -25.1595
42.671 -25.263
42.846 -25.3666
43.0208 -25.4703
43.1952 -25.574
43.3694 -25.6777
43.5434 -25.7815
43.717 -25.8853
43.8904 -25.9892
44.0636 -26.0931
44.2364 -26.1971
44.409 -26.3011
44.5813 -26.4052
44.7534 -26.5093
44.9252 -26.6134
45.0967 -26.7176
45.268 -26.8219
45.439 -26.9262
45.6097 -27.0305
45.7801 -27.1349
45.9503 -27.2394
46.1203 -27.3438
46.2899 -27.4484
46.4594 -27.553
46.6285 -27.6576
46.7974 -27.7623
46.966 -27.8671
47.1344 -27.9719
47.3024 -28.0767
47.4703 -28.1816
47.6378 -28.2866
47.8051 -28.3916
47.9722 -28.4967
48.139 -28.6019
48.3055 -28.707
48.4718 -28.8123
48.6378 -28.9176
48.8035 -29.0229
48.969 -29.1283
49.1342 -29.2338
49.2992 -29.3393
49.4639 -29.4449
49.6284 -29.5505
49.7926 -29.6562
49.9566 -29.762
50.1203 -29.8678
50.2837 -29.9737
50.4459 -30.0794
50.6077 -30.1851
50.7659 -30.2901
50.9237 -30.3952
51.0762 -30.4992
51.2261 -30.6028
51.3633 -30.7036
51.479 -30.7997
51.5965 -30.8963
51.7136 -30.9929
51.8304 -31.0895
51.9469 -31.1861
52.063 -31.2827
52.1789 -31.3793
52.2944 -31.4759
52.4096 -31.5724
52.5245 -31.669
52.639 -31.7655
52.7532 -31.8621
52.8672 -31.9587
52.9808 -32.0553
53.094 -32.1519
53.207 -32.2485
53.3197 -32.3451
53.4315 -32.4417
53.5426 -32.5383
53.6511 -32.6346
53.7593 -32.731
53.8644 -32.827
53.9688 -32.923
54.0701 -33.0187
54.1696 -33.1143
54.268 -33.2098
54.366 -33.3053
54.4638 -33.4008
54.5611 -33.4964
54.6582 -33.5919
54.7549 -33.6874
54.8512 -33.7829
54.9473 -33.8785
55.0429 -33.974
55.1383 -34.0697
55.2334 -34.1654
55.3282 -34.2611
55.4226 -34.3568
55.5167 -34.4525
55.6104 -34.5483
55.7038 -34.6441
55.7968 -34.7398
55.8895 -34.8356
55.9819 -34.9315
56.074 -35.0274
56.1657 -35.1233
56.2571 -35.2192
56.3476 -35.3149
56.4378 -35.4107
56.5272 -35.5063
56.6157 -35.6017
56.7039 -35.6971
56.7917 -35.7926
56.8784 -35.8878
56.9644 -35.9828
57.05 -36.0778
57.1353 -36.1728
57.2198 -36.2677
57.3035 -36.3625
57.387 -36.4574
57.4698 -36.5521
57.5522 -36.6468
57.6343 -36.7416
57.716 -36.8364
57.7975 -36.9312
57.8787 -37.026
57.9596 -37.1209
58.0402 -37.2158
58.1205 -37.3108
58.2003 -37.4057
58.2798 -37.5007
58.3589 -37.5956
58.4373 -37.6905
58.5154 -37.7855
58.5931 -37.8804
58.6701 -37.9753
58.7462 -38.0701
58.8219 -38.1649
58.8965 -38.2594
58.9708 -38.354
59.0448 -38.4485
59.1181 -38.543
59.1908 -38.6374
59.2624 -38.7317
59.3338 -38.8261
59.4049 -38.9205
59.4756 -39.0149
59.5462 -39.1094
59.6159 -39.2038
59.685 -39.2981
59.7539 -39.3925
59.8225 -39.487
59.8907 -39.5814
59.9585 -39.6758
60.026 -39.7703
60.0932 -39.8649
60.1603 -39.9595
60.2271 -40.0541
60.2938 -40.1488
60.3602 -40.2436
60.4264 -40.3384
60.4924 -40.433
60.5582 -40.5277
60.6239 -40.6224
60.6893 -40.7165
60.7544 -40.8108
60.8194 -40.905
60.8842 -40.9993
60.9488 -41.0936
61.0132 -41.1876
61.0774 -41.2817
61.1414 -41.3759
61.2052 -41.4701
61.2688 -41.5641
61.3321 -41.6582
61.3953 -41.7522
61.4582 -41.8463
61.5209 -41.9404
61.5831 -42.0344
61.6452 -42.1285
61.7068 -42.2226
61.7681 -42.3168
61.829 -42.411
61.8894 -42.505
61.9495 -42.5991
62.0095 -42.6933
62.0693 -42.7875
62.1289 -42.8818
62.1876 -42.9763
62.2461 -43.071
62.304 -43.1654
62.3615 -43.2598
62.419 -43.3543
62.4762 -43.4488
62.5332 -43.5435
62.5901 -43.6382
62.6468 -43.7329
62.7032 -43.8278
62.7596 -43.9227
62.8156 -44.0176
62.8709 -44.1126
62.9256 -44.2079
62.9802 -44.3032
63.0346 -44.3986
63.0887 -44.4941
63.1428 -44.5896
63.1966 -44.6852
63.2502 -44.7809
63.3035 -44.8766
63.3568 -44.9724
63.4098 -45.0683
63.4628 -45.1644
63.5155 -45.2605
63.5681 -45.3567
63.6204 -45.4529
63.6727 -45.5493
63.7245 -45.6479
63.7757 -45.7471
63.8268 -45.8465
63.8777 -45.946
63.9285 -46.0456
63.979 -46.1489
64.0293 -46.2523
64.0794 -46.3558
64.1294 -46.4593
64.1792 -46.5629
64.2288 -46.6666
64.2782 -46.7704
64.3271 -46.8757
64.3757 -46.9818
64.4241 -47.088
64.4724 -47.1942
64.5205 -47.3005
64.5684 -47.4068
64.6161 -47.5132
64.6637 -47.6197
64.7111 -47.7259
64.7583 -47.8322
64.8053 -47.9385
64.8521 -48.0449
64.8988 -48.1514
64.9453 -48.2575
64.9915 -48.3631
65.0376 -48.4687
65.0835 -48.5745
65.1292 -48.6803
65.1747 -48.7862
65.22 -48.892
65.2651 -48.9979
65.31 -49.1053
65.3548 -49.2128
65.3994 -49.3205
65.4438 -49.4283
65.4881 -49.5362
65.5321 -49.6458
65.5759 -49.756
65.6195 -49.8661
65.663 -49.9774
65.7062 -50.0906
65.7493 -50.2038
65.7922 -50.3172
65.835 -50.4306
65.8775 -50.5463
65.9197 -50.6654
65.9617 -50.7845
66.0035 -50.9035
66.0452 -51.0227
66.0851 -51.14
66.1238 -51.2561
66.1623 -51.3722
66.2005 -51.4889
66.2384 -51.6069
66.2761 -51.7249
66.3137 -51.8429
66.3151 -51.9204
66.2706 -51.9437
66.2329 -51.9713
66.188 -52.0112
66.1315 -52.0151
66.1194 -52.0789
66.1094 -52.1478
66.0965 -52.2138
66.0771 -52.2731
66.0544 -52.3289
66.0289 -52.3816
66.0078 -52.4382
65.9839 -52.4907
65.9599 -52.5434
65.9588 -52.6178
65.9595 -52.694
65.9596 -52.7695
65.9645 -52.8497
65.9727 -52.9338
65.9821 -53.0212
65.9912 -53.1083
66.0002 -53.1948
66.0158 -53.2864
66.0315 -53.3779
66.047 -53.4692
66.0622 -53.5602
66.0776 -53.6517
66.0938 -53.7449
66.1097 -53.8378
66.1253 -53.9304
66.1406 -54.0226
66.1557 -54.1149
66.1705 -54.2068
66.1848 -54.2982
66.1961 -54.3863
66.2049 -54.4715
66.2145 -54.5575
66.2273 -54.6467
66.2399 -54.7357
66.2514 -54.8237
66.262 -54.9109
66.2724 -54.9976
66.2852 -55.0873
66.2982 -55.1789
66.3109 -55.2703
66.3231 -55.3611
66.3346 -55.4515
66.3457 -55.5414
66.3567 -55.6313
66.3675 -55.7209
66.381 -55.8163
66.3962 -55.914
66.4132 -56.0134
66.43 -56.1125
66.4467 -56.2115
66.4644 -56.3118
66.4851 -56.4156
66.5056 -56.5193
66.5257 -56.6227
66.5455 -56.7257
66.5651 -56.8297
66.5845 -56.9347
66.6038 -57.0396
66.623 -57.1443
66.642 -57.2491
66.661 -57.3537
66.6798 -57.4584
66.6985 -57.563
66.717 -57.6672
66.7354 -57.7713
66.7536 -57.8753
66.7715 -57.9785
66.7892 -58.0816
66.8068 -58.1845
66.8242 -58.2875
66.8416 -58.3904
66.8589 -58.4932
66.876 -58.5959
66.8931 -58.6985
66.91 -58.8002
66.9267 -58.9019
66.9433 -59.0034
66.9598 -59.1048
66.9761 -59.206
66.9922 -59.307
67.0082 -59.4079
67.0242 -59.5087
67.0399 -59.6095
67.0556 -59.7101
67.0711 -59.8106
67.0865 -59.9109
67.1018 -60.0111
67.1169 -60.1112
67.1319 -60.2112
67.1467 -60.3108
67.1612 -60.41
67.1751 -60.5078
67.1889 -60.6053
67.2025 -60.7026
67.2159 -60.7997
67.2293 -60.8966
67.2425 -60.9934
67.2564 -61.0907
67.2701 -61.1879
67.2848 -61.2867
67.2994 -61.3854
67.3138 -61.484
67.3285 -61.583
67.3453 -61.6851
67.3618 -61.7869
67.3785 -61.8888
67.3953 -61.9906
67.4119 -62.0923
67.4284 -62.1938
67.4446 -62.2949
67.4607 -62.3957
67.4767 -62.4964
67.4931 -62.5977
67.5099 -62.6996
67.5267 -62.8013
67.5433 -62.9029
67.5597 -63.0084
67.5756 -63.138
67.5913 -63.2674
67.6065 -63.3958
67.6217 -63.5242
67.6367 -63.6524
67.6516 -63.7806
67.6651 -63.9297
67.6816 -64.1687
67.69 -64.3929
67.7065 -64.6369
67.7111 -64.8562
67.7272 -65.0882
67.7457 -65.2948
67.6228 -65.3602
67.5942 -65.3843
67.5452 -65.5252
67.5008 -65.731
67.5048 -66.0981
67.517 -66.4926
67.5344 -66.9051
67.5426 -67.2993
67.5478 -67.6876
67.5525 -68.0765
67.5569 -68.4666
67.5609 -68.8603
67.5547 -69
67.5442 -69
67.5328 -69
67.4239 -69
66.9563 -69
67.0598 -69
67.0744 -69
67.0301 -69
66.8226 -69
66.735 -69
66.8513 -69
66.6984 -69
64.9041 -69
59.2684 -69
59.2181 -69
59.1716 -69
59.1246 -69
59.0923 -69
59.0655 -69
59.0384 -69
59.0107 -69
58.9826 -69
58.9541 -69
58.9251 -69
58.8955 -69
58.8655 -69
58.835 -69
58.8039 -69
58.7723 -69
58.7393 -69
58.7052 -69
58.6787 -69
58.652 -69
58.6327 -69
58.6136 -69
58.5939 -69
58.5741 -69
58.5541 -69
58.5335 -69
58.5126 -69
58.4912 -69
58.469 -69
58.4453 -69
58.4197 -69
58.3888 -69
58.3496 -69
58.2999 -69
58.2501 -69
58.2003 -69
58.1503 -69
58.1002 -69
58.05 -69
57.9995 -69
57.9479 -69
57.8959 -69
57.8437 -69
57.7914 -69
57.7391 -69
57.6865 -69
57.6339 -69
57.5812 -69
57.5283 -69
57.4753 -69
57.4222 -69
57.369 -69
57.3157 -69
57.2623 -69
57.2087 -69
57.155 -69
57.1011 -69
57.0472 -69
56.9941 -69
56.9421 -69
56.8898 -69
56.8374 -69
56.7849 -69
56.7322 -69
56.6794 -69
56.6265 -69
56.5734 -69
56.5196 -69
56.4657 -69
56.4117 -69
56.3576 -69
56.3071 -69
56.2593 -69
56.2114 -69
56.1634 -69
56.1154 -69
56.0673 -69
56.0192 -69
55.971 -69
55.9228 -69
55.8745 -69
55.8262 -69
55.7778 -69
55.7294 -69
55.681 -69
55.6324 -69
55.5839 -69
55.5352 -69
55.487 -69
55.4393 -69
55.3915 -69
55.3437 -69
55.2979 -69
55.2544 -69
55.2112 -69
55.168 -69
55.1247 -69
55.0814 -69
55.038 -69
54.9945 -69
54.9509 -69
54.9073 -69
54.8636 -69
54.8199 -69
54.7762 -69
54.7324 -69
54.6887 -69
54.6449 -69
54.6011 -69
54.5572 -69
54.5134 -69
54.4695 -69
54.4256 -69
54.3817 -69
54.3377 -69
54.2937 -69
54.2498 -69
54.2057 -69
54.1617 -69
54.1176 -69
54.0747 -69
54.0323 -69
53.9898 -69
53.9474 -69
53.9048 -69
53.8618 -69
53.8189 -69
53.7759 -69
53.7329 -69
53.6899 -69
53.6468 -69
53.6037 -69
53.5603 -69
53.5169 -69
53.4736 -69
53.4302 -69
53.3864 -69
53.3425 -69
53.2987 -69
53.2546 -69
53.2105 -69
53.1664 -69
53.1223 -69
53.0782 -69
53.034 -69
52.9899 -69
52.9457 -69
52.9015 -69
52.8619 -69
52.8243 -69
52.7868 -69
52.7491 -69
52.7114 -69
52.6736 -69
52.6359 -69
52.5982 -69
52.5604 -69
52.5227 -69
52.4849 -69
52.4461 -69
52.4062 -69
52.3662 -69
52.3263 -69
52.2863 -69
52.2463 -69
52.2064 -69
52.1664 -69
52.1264 -69
52.0871 -69
52.0478 -69
52.0085 -69
51.9692 -69
51.9299 -69
51.8906 -69
51.8515 -69
51.8124 -69
51.7733 -69
51.7342 -69
51.6951 -69
51.656 -69
51.6169 -69
51.5778 -69
51.5387 -69
51.4996 -69
51.4605 -69
51.4214 -69
51.3823 -69
51.3433 -69
51.3042 -69
51.2652 -69
51.2261 -69
51.1871 -69
51.1481 -69
51.1093 -69
51.0713 -69
51.0333 -69
50.9952 -69
50.9571 -69
50.919 -69
50.8809 -69
50.8426 -69
50.8044 -69
50.7662 -69
50.728 -69
50.6898 -69
50.6516 -69
50.6134 -69
50.5753 -69
50.5371 -69
50.499 -69
50.4609 -69
50.4228 -69
50.3847 -69
50.3508 -69
50.3196 -69
50.2885 -69
50.2574 -69
50.2263 -69
50.1952 -69
50.1641 -69
50.1328 -69
50.1016 -69
50.0704 -69
50.0392 -69
50.008 -69
49.9769 -69
49.948 -69
49.9198 -69
49.8916 -69
49.8635 -69
49.8353 -69
49.8072 -69
49.779 -69
49.7509 -69
49.7228 -69
49.6947 -69
49.6667 -69
49.6386 -69
49.6105 -69
49.5825 -69
49.5545 -69
49.5265 -69
49.4985 -69
49.4706 -69
49.4426 -69
49.4147 -69
49.3868 -69
49.3589 -69
49.3309 -69
49.303 -69
49.275 -69
49.2471 -69
49.2193 -69
49.1914 -69
49.1635 -69
49.1357 -69
49.1079 -69
49.0801 -69
49.0524 -69
49.0246 -69
48.9969 -69
48.9692 -69
48.9416 -69
48.914 -69
48.8865 -69
48.859 -69
48.8315 -69
48.804 -69
48.7766 -69
48.7492 -69
48.7218 -69
48.6944 -69
48.667 -69
48.6397 -69
48.6124 -69
48.5851 -69
48.5578 -69
48.5305 -69
48.5033 -69
48.4761 -69
48.4489 -69
48.4217 -69
48.3946 -69
48.3675 -69
48.3403 -69
48.3128 -69
48.2846 -69
48.2565 -69
48.2283 -69
48.2001 -69
48.172 -69
48.1439 -69
48.1158 -69
48.0877 -69
48.0596 -69
48.0316 -69
48.0035 -69
47.9755 -69
47.9475 -69
47.9196 -69
47.8916 -69
47.8637 -69
47.8358 -69
47.8079 -69
47.78 -69
47.7522 -69
47.7244 -69
47.6966 -69
47.6688 -69
47.6411 -69
47.6133 -69
47.5856 -69
47.5579 -69
47.5304 -69
47.5031 -69
47.4758 -69
47.4485 -69
47.4212 -69
47.3939 -69
47.3667 -69
47.3395 -69
47.3123 -69
47.2851 -69
47.2601 -69
47.2363 -69
47.2125 -69
47.1887 -69
47.1649 -69
47.1411 -69
47.1174 -69
47.0936 -69
47.0699 -69
47.0462 -69
47.0226 -69
46.9989 -69
46.9753 -69
46.9516 -69
46.928 -69
46.9044 -69
46.8809 -69
46.8573 -69
46.8338 -69
46.8102 -69
46.7867 -69
46.7631 -69
46.7392 -69
46.7149 -69
46.6907 -69
46.6664 -69
46.6422 -69
46.6179 -69
46.5937 -69
46.5695 -69
46.5454 -69
46.5212 -69
46.4971 -69
46.473 -69
46.4489 -69
46.4248 -69
46.4009 -69
46.377 -69
46.3532 -69
46.3294 -69
46.3057 -69
46.2819 -69
46.2582 -69
46.2345 -69
46.2108 -69
46.1871 -69
46.1635 -69
46.1398 -69
46.1162 -69
46.0926 -69
46.0691 -69
46.0455 -69
46.022 -69
45.9985 -69
45.975 -69
45.9515 -69
45.9281 -69
45.9046 -69
45.8812 -69
45.8578 -69
45.8345 -69
45.8111 -69
45.7878 -69
45.765 -69
45.7429 -69
45.7208 -69
45.6988 -69
45.6767 -69
45.6547 -69
45.6327 -69
45.6107 -69
45.5888 -69
45.5668 -69
45.5449 -69
45.523 -69
45.5012 -69
45.4793 -69
45.4575 -69
45.4357 -69
45.4139 -69
45.3921 -69
45.3703 -69
45.3486 -69
45.3269 -69
45.3052 -69
45.2835 -69
45.2618 -69
45.2402 -69
45.2186 -69
45.197 -69
45.1754 -69
45.1539 -69
45.1323 -69
45.1108 -69
45.0893 -69
45.0678 -69
45.0464 -69
45.025 -69
45.0035 -69
44.9822 -69
44.9608 -69
44.9394 -69
44.9181 -69
44.8968 -69
44.8755 -69
44.8543 -69
44.833 -69
44.8118 -69
44.7906 -69
44.7695 -69
44.7483 -69
44.7272 -69
44.7061 -69
44.685 -69
44.664 -69
44.6429 -69
44.6219 -69
44.6009 -69
44.58 -69
44.5612 -69
44.5423 -69
44.5235 -69
44.5047 -69
44.4859 -69
44.4671 -69
44.4484 -69
44.4296 -69
44.4109 -69
44.3922 -69
44.3736 -69
44.3549 -69
44.3363 -69
44.3177 -69
44.2991 -69
44.2805 -69
44.262 -69
44.2435 -69
44.225 -69
44.2065 -69
44.188 -69
44.1696 -69
44.1512 -69
44.1328 -69
44.1144 -69
44.0961 -69
44.0777 -69
44.0594 -69
44.0411 -69
44.0229 -69
44.0046 -69
43.9864 -69
43.9682 -69
43.95 -69
43.9319 -69
43.9137 -69
43.8956 -69
43.8775 -69
43.8595 -69
43.8414 -69
43.8234 -69
43.8054 -69
43.7874 -69
43.7695 -69
43.7515 -69
43.7336 -69
43.7157 -69
43.6979 -69
43.68 -69
43.6622 -69
43.6445 -69
43.6268 -69
43.6092 -69
43.5916 -69
43.5741 -69
43.5565 -69
43.539 -69
43.5215 -69
43.504 -69
43.4865 -69
43.4691 -69
43.4517 -69
43.4343 -69
43.417 -69
43.3996 -69
43.3823 -69
43.365 -69
43.3478 -69
43.3305 -69
43.3133 -69
43.2961 -69
43.2789 -69
43.2618 -69
43.2447 -69
43.2276 -69
43.2105 -69
43.1934 -69
43.1764 -69
43.1594 -69
43.1424 -69
43.1255 -69
43.1086 -69
43.0917 -69
43.0748 -69
43.0579 -69
43.0411 -69
43.0243 -69
43.0075 -69
42.9908 -69
42.974 -69
42.9573 -69
42.9407 -69
42.924 -69
42.9074 -69
42.8908 -69
42.8742 -69
42.8577 -69
42.8411 -69
42.8246 -69
42.8082 -69
42.7917 -69
42.7753 -69
42.7593 -69
42.7442 -69
42.729 -69
42.7138 -69
42.6987 -69
42.6836 -69
42.6686 -69
42.6535 -69
42.6385 -69
42.6235 -69
42.6085 -69
42.5936 -69
42.5787 -69
42.5638 -69
42.5489 -69
42.5341 -69
42.5193 -69
42.5045 -69
42.4897 -69
42.475 -69
42.4602 -69
42.4456 -69
42.4309 -69
42.4163 -69
42.4016 -69
42.3871 -69
42.3725 -69
42.358 -69
42.3434 -69
42.329 -69
42.3145 -69
42.3001 -69
42.2857 -69
42.2713 -69
42.2569 -69
42.2426 -69
42.2283 -69
42.214 -69
42.1997 -69
42.1855 -69
42.1713 -69
42.1571 -69
42.143 -69
42.1289 -69
42.1148 -69
42.1007 -69
42.0867 -69
42.0727 -69
42.0587 -69
42.0448 -69
42.0308 -69
42.0169 -69
42.0031 -69
41.9892 -69
41.9754 -69
41.9616 -69
41.9479 -69
41.9342 -69
41.9205 -69
41.9068 -69
41.8931 -69
41.8795 -69
41.8659 -69
41.8524 -69
41.8388 -69
41.8253 -69
41.8119 -69
41.7984 -69
41.785 -69
41.7716 -69
41.7583 -69
41.7449 -69
41.7316 -69
41.7184 -69
41.7051 -69
41.6919 -69
41.6787 -69
41.6656 -69
41.6524 -69
41.6393 -69
41.6262 -69
41.6132 -69
41.6002 -69
41.5872 -69
41.5742 -69
41.5613 -69
41.5484 -69
41.5355 -69
41.5227 -69
41.5099 -69
41.4971 -69
41.4843 -69
41.4716 -69
41.4589 -69
41.4463 -69
41.4336 -69
41.421 -69
41.4085 -69
41.3959 -69
41.3834 -69
41.3709 -69
41.3585 -69
41.3461 -69
41.3337 -69
41.3213 -69
41.309 -69
41.2967 -69
41.2845 -69
41.2722 -69
41.26 -69
41.2479 -69
41.2357 -69
41.2236 -69
41.2119 -69
41.2008 -69
41.1897 -69
41.1786 -69
41.1676 -69
41.1566 -69
41.1456 -69
41.1347 -69
41.1238 -69
41.1129 -69
41.1019 -69
41.091 -69
41.08 -69
41.0691 -69
41.0582 -69
41.0474 -69
41.0366 -69
41.0258 -69
41.015 -69
41.0043 -69
40.9936 -69
40.9829 -69
40.9723 -69
40.9617 -69
40.9511 -69
40.9406 -69
40.9301 -69
40.9196 -69
40.9091 -69
40.8987 -69
40.8883 -69
40.878 -69
40.8676 -69
40.8573 -69
40.8471 -69
40.8368 -69
40.8266 -69
40.8164 -69
40.8063 -69
40.7962 -69
40.7861 -69
40.7761 -69
40.7661 -69
40.7561 -69
40.7461 -69
40.7362 -69
40.7264 -69
40.7165 -69
40.7067 -69
40.6969 -69
40.6872 -69
40.6774 -69
40.6678 -69
40.6581 -69
40.6485 -69
40.6389 -69
40.6293 -69
40.6198 -69
40.6103 -69
40.6009 -69
40.5914 -69
40.582 -69
40.5727 -69
40.5633 -69
40.554 -69
40.5448 -69
40.5355 -69
40.5263 -69
40.5172 -69
40.5081 -69
40.499 -69
40.49 -69
40.481 -69
40.472 -69
40.4631 -69
40.4542 -69
40.4453 -69
40.4365 -69
40.4276 -69
40.4189 -69
40.4101 -69
40.4014 -69
40.3927 -69
40.384 -69
40.3754 -69
40.3668 -69
40.3583 -69
40.3497 -69
40.3413 -69
40.3328 -69
40.3243 -69
40.3159 -69
40.3075 -69
40.2992 -69
40.2908 -69
40.2825 -69
40.2743 -69
40.2661 -69
40.2579 -69
40.2497 -69
40.2416 -69
40.2335 -69
40.2255 -69
40.2175 -69
40.2095 -69
40.2016 -69
40.1936 -69
40.1858 -69
40.1779 -69
40.1701 -69
40.1623 -69
40.1545 -69
40.1468 -69
40.1391 -69
40.1315 -69
40.1239 -69
40.1163 -69
40.1087 -69
40.1012 -69
40.0938 -69
40.0864 -69
40.079 -69
40.0716 -69
40.0642 -69
40.0569 -69
40.0496 -69
40.0424 -69
40.0352 -69
40.028 -69
40.0209 -69
40.0138 -69
40.0067 -69
39.9997 -69
39.9927 -69
39.9857 -69
39.9788 -69
39.972 -69
39.9651 -69
39.9583 -69
39.9515 -69
39.9447 -69
39.938 -69
39.9313 -69
39.9247 -69
39.9181 -69
39.9115 -69
39.905 -69
39.8985 -69
39.8921 -69
39.8856 -69
39.8792 -69
39.8729 -69
39.8666 -69
39.86 -69
39.8534 -69
39.8468 -69
39.8402 -69
39.8337 -69
39.8273 -69
39.8208 -69
39.8144 -69
39.8081 -69
39.8017 -69
39.7954 -69
39.7891 -69
39.7829 -69
39.7767 -69
39.7705 -69
39.7644 -69
39.7583 -69
39.7522 -69
39.7462 -69
39.7402 -69
39.7342 -69
39.7283 -69
39.7224 -69
39.7166 -69
39.7107 -69
39.705 -69
39.6992 -69
39.6935 -69
39.6879 -69
39.6822 -69
39.6766 -69
39.6711 -69
39.6656 -69
39.6601 -69
39.6547 -69
39.6493 -69
39.6439 -69
39.6386 -69
39.6333 -69
39.6281 -69
39.6229 -69
39.6177 -69
39.6126 -69
39.6075 -69
39.6024 -69
39.5974 -69
39.5924 -69
39.5875 -69
39.5828 -69
39.5781 -69
39.5735 -69
39.5689 -69
39.5643 -69
39.5598 -69
39.5553 -69
39.5507 -69
39.5463 -69
39.5418 -69
39.5374 -69
39.5329 -69
39.5285 -69
39.5241 -69
39.5198 -69
39.5155 -69
39.5112 -69
39.507 -69
39.5028 -69
39.4987 -69
39.4946 -69
39.4905 -69
39.4865 -69
39.4825 -69
39.4785 -69
39.4746 -69
39.4707 -69
39.4668 -69
39.463 -69
39.4592 -69
39.4555 -69
39.4518 -69
39.4481 -69
39.4445 -69
39.4409 -69
39.4373 -69
39.4338 -69
39.4303 -69
39.4269 -69
39.4235 -69
39.4201 -69
39.4168 -69
39.4135 -69
39.4102 -69
39.407 -69
39.4038 -69
39.4007 -69
39.3976 -69
39.3945 -69
39.3915 -69
39.3885 -69
39.3856 -69
39.3827 -69
39.3798 -69
39.377 -69
39.3742 -69
39.3714 -69
39.3686 -69
39.3659 -69
39.3633 -69
39.3606 -69
39.358 -69
39.3555 -69
39.353 -69
39.3505 -69
39.3481 -69
39.3457 -69
39.3434 -69
39.3411 -69
39.3388 -69
39.3366 -69
39.3344 -69
39.3322 -69
39.3301 -69
39.3279 -69
39.3259 -69
39.3238 -69
39.3218 -69
39.3199 -69
39.318 -69
39.3161 -69
39.3143 -69
39.3125 -69
39.3107 -69
39.309 -69
39.3073 -69
39.3057 -69
39.3041 -69
39.3025 -69
39.3009 -69
39.2994 -69
39.2979 -69
39.2965 -69
39.2951 -69
39.2938 -69
39.2925 -69
39.2912 -69
39.29 -69
39.2888 -69
39.2876 -69
39.2865 -69
39.2855 -69
39.2844 -69
39.2829 -69
39.2814 -69
39.2799 -69
39.2785 -69
39.2771 -69
39.2758 -69
39.2745 -69
39.2732 -69
39.272 -69
39.2708 -69
39.2697 -69
39.2685 -69
39.2674 -69
39.2664 -69
39.2654 -69
39.2644 -69
39.2635 -69
39.2626 -69
39.2617 -69
39.2609 -69
39.2601 -69
39.2593 -69
39.2586 -69
39.2579 -69
39.2573 -69
39.2567 -69
39.2561 -69
39.2555 -69
39.255 -69
39.2545 -69
39.254 -69
39.2535 -69
39.2531 -69
39.2528 -69
39.2524 -69
39.2522 -69
39.2519 -69
39.2517 -69
39.2515 -69
39.2513 -69
39.2512 -69
39.2511 -69
39.251 -69
39.251 -69
39.251 -69
39.251 -69
39.2511 -69
39.2511 -69
39.2512 -69
39.2514 -69
39.2515 -69
39.2518 -69
39.252 -69
39.2523 -69
39.2527 -69
39.2531 -69
39.2535 -69
39.2539 -69
39.2544 -69
39.255 -69
39.2556 -69
39.2562 -69
39.2569 -69
39.2576 -69
39.2584 -69
39.2592 -69
39.2601 -69
39.2609 -69
39.2619 -69
39.2629 -69
39.2639 -69
39.2649 -69
39.266 -69
39.2671 -69
39.2683 -69
39.2695 -69
39.2707 -69
39.272 -69
39.2733 -69
39.2747 -69
39.2761 -69
39.2775 -69
39.279 -69
39.2806 -69
39.2821 -69
39.2837 -69
39.2853 -69
39.287 -69
39.2886 -69
39.2902 -69
39.2919 -69
39.2936 -69
39.2953 -69
39.2971 -69
39.2989 -69
39.3007 -69
39.3025 -69
39.3044 -69
39.3063 -69
39.3083 -69
39.3103 -69
39.3123 -69
39.3144 -69
39.3165 -69
39.3187 -69
39.3209 -69
39.3231 -69
39.3254 -69
39.3277 -69
39.3301 -69
39.3325 -69
39.3349 -69
39.3374 -69
39.3399 -69
39.3425 -69
39.3451 -69
39.3478 -69
39.3505 -69
39.3532 -69
39.3559 -69
39.3587 -69
39.3616 -69
39.3644 -69
39.3673 -69
39.3702 -69
39.3732 -69
39.3762 -69
39.3792 -69
39.3819 -69
39.3847 -69
39.3875 -69
39.3904 -69
39.3933 -69
39.3963 -69
39.3993 -69
39.4023 -69
39.4054 -69
39.4086 -69
39.4117 -69
39.415 -69
39.4182 -69
39.4215 -69
39.4249 -69
39.4283 -69
39.4317 -69
39.4352 -69
39.4388 -69
39.4423 -69
39.4459 -69
39.4495 -69
39.4532 -69
39.4569 -69
39.4606 -69
39.4644 -69
39.4682 -69
39.4721 -69
39.476 -69
39.48 -69
39.484 -69
39.4881 -69
39.4921 -69
39.4963 -69
39.5005 -69
39.5047 -69
39.5089 -69
39.5132 -69
39.5176 -69
39.522 -69
39.5264 -69
39.5309 -69
39.5354 -69
39.5399 -69
39.5445 -69
39.5492 -69
39.5539 -69
39.5586 -69
39.5634 -69
39.5682 -69
39.573 -69
39.5778 -69
39.5826 -69
39.5874 -69
39.5923 -69
39.5973 -69
39.6023 -69
39.6073 -69
39.6123 -69
39.6174 -69
39.6225 -69
39.6275 -69
39.6325 -69
39.6376 -69
39.6428 -69
39.6479 -69
39.6531 -69
39.6584 -69
39.6637 -69
39.669 -69
39.6744 -69
39.6798 -69
39.6852 -69
39.6907 -69
39.6962 -69
39.7018 -69
39.7073 -69
39.7129 -69
39.7186 -69
39.7242 -69
39.73 -69
39.7357 -69
39.7415 -69
39.7474 -69
39.7532 -69
39.7591 -69
39.765 -69
39.7709 -69
39.7769 -69
39.7829 -69
39.789 -69
39.795 -69
39.8011 -69
39.8073 -69
39.8134 -69
39.8196 -69
39.8258 -69
39.8321 -69
39.8384 -69
39.8449 -69
39.8514 -69
39.858 -69
39.8647 -69
39.8713 -69
39.8781 -69
39.8848 -69
39.8917 -69
39.8985 -69
39.9054 -69
39.9124 -69
39.9194 -69
39.9264 -69
39.9335 -69
39.9406 -69
39.9478 -69
39.9551 -69
39.9623 -69
39.9696 -69
39.977 -69
39.9844 -69
39.9919 -69
39.9994 -69
40.0069 -69
40.0145 -69
40.0221 -69
40.0298 -69
40.0374 -69
40.0451 -69
40.0529 -69
40.0607 -69
40.0685 -69
40.0764 -69
40.0844 -69
40.0923 -69
40.1004 -69
40.1084 -69
40.1165 -69
40.1247 -69
40.1328 -69
40.1411 -69
40.1494 -69
40.1577 -69
40.1661 -69
40.1745 -69
40.183 -69
40.1915 -69
40.2001 -69
40.2088 -69
40.2174 -69
40.2262 -69
40.2349 -69
40.2437 -69
40.2526 -69
40.2615 -69
40.2704 -69
40.2792 -69
40.2881 -69
40.2969 -69
40.3059 -69
40.3149 -69
40.3239 -69
40.333 -69
40.3421 -69
40.3513 -69
40.3605 -69
40.3698 -69
40.379 -69
40.3883 -69
40.3977 -69
40.4071 -69
40.4165 -69
40.4259 -69
40.4354 -69
40.4449 -69
40.4545 -69
40.4641 -69
40.4738 -69
40.4834 -69
40.4931 -69
40.5029 -69
40.5127 -69
40.5225 -69
40.5323 -69
40.5421 -69
40.552 -69
40.5619 -69
40.5719 -69
40.5819 -69
40.5919 -69
40.602 -69
40.6121 -69
40.6223 -69
40.6319 -69
40.6394 -69
40.6469 -69
40.6544 -69
40.662 -69
40.6696 -69
40.6772 -69
40.6849 -69
40.6927 -69
40.7004 -69
40.7082 -69
40.7161 -69
40.7239 -69
40.7319 -69
40.7398 -69
40.7478 -69
40.7558 -69
40.7638 -69
40.7718 -69
40.7799 -69
40.788 -69
40.7962 -69
40.8044 -69
40.8126 -69
40.8209 -69
40.8292 -69
40.8375 -69
40.8459 -69
40.8544 -69
40.8628 -69
40.8714 -69
40.8799 -69
40.8885 -69
40.8971 -69
40.9057 -69
40.9144 -69
40.9232 -69
40.9319 -69
40.9407 -69
40.9495 -69
40.9584 -69
40.9673 -69
40.9762 -69
40.9852 -69
40.9942 -69
41.0032 -69
41.0122 -69
41.0213 -69
41.0305 -69
41.0397 -69
41.0489 -69
41.0582 -69
41.0675 -69
41.0768 -69
41.0862 -69
41.0956 -69
41.1051 -69
41.1145 -69
41.124 -69
41.1335 -69
41.1431 -69
41.1527 -69
41.1623 -69
41.172 -69
41.1817 -69
41.1914 -69
41.2011 -69
41.2109 -69
41.2208 -69
41.2306 -69
41.2406 -69
41.2505 -69
41.2605 -69
41.2705 -69
41.2805 -69
41.2906 -69
41.3006 -69
41.3107 -69
41.3208 -69
41.3309 -69
41.3411 -69
41.3513 -69
41.3616 -69
41.3719 -69
41.3822 -69
41.3926 -69
41.403 -69
41.4134 -69
41.4239 -69
41.4343 -69
41.4448 -69
41.4554 -69
41.466 -69
41.4766 -69
41.4873 -69
41.4981 -69
41.5088 -69
41.5197 -69
41.5305 -69
41.5414 -69
41.5524 -69
41.5634 -69
41.5744 -69
41.5855 -69
41.5966 -69
41.6077 -69
41.6189 -69
41.63 -69
41.6413 -69
41.6525 -69
41.6638 -69
41.6752 -69
41.6866 -69
41.6963 -69
41.706 -69
41.7157 -69
41.7254 -69
41.7352 -69
41.745 -69
41.7548 -69
41.7647 -69
41.7746 -69
41.7846 -69
41.7945 -69
41.8045 -69
41.8145 -69
41.8246 -69
41.8347 -69
41.8449 -69
41.8551 -69
41.8653 -69
41.8755 -69
41.8857 -69
41.896 -69
41.9063 -69
41.9167 -69
41.927 -69
41.9375 -69
41.9479 -69
41.9584 -69
41.9689 -69
41.9794 -69
41.99 -69
42.0006 -69
42.0112 -69
42.0219 -69
42.0327 -69
42.0434 -69
42.0542 -69
42.0651 -69
42.0759 -69
42.0869 -69
42.0978 -69
42.1088 -69
42.1199 -69
42.1309 -69
42.142 -69
42.1532 -69
42.1643 -69
42.1755 -69
42.1867 -69
42.1979 -69
42.2092 -69
42.2205 -69
42.2318 -69
42.2431 -69
42.2539 -69
42.2648 -69
42.2758 -69
42.2868 -69
42.2978 -69
42.3089 -69
42.32 -69
42.3311 -69
42.3423 -69
42.3535 -69
42.3648 -69
42.376 -69
42.3873 -69
42.3987 -69
42.41 -69
42.4214 -69
42.4328 -69
42.4442 -69
42.4557 -69
42.4673 -69
42.4788 -69
42.4905 -69
42.5021 -69
42.5138 -69
42.5256 -69
42.5373 -69
42.5491 -69
42.561 -69
42.5728 -69
42.5847 -69
42.5967 -69
42.6086 -69
42.6206 -69
42.6327 -69
42.6447 -69
42.6569 -69
42.669 -69
42.6812 -69
42.6934 -69
42.7057 -69
42.7179 -69
42.7303 -69
42.7426 -69
42.7549 -69
42.7673 -69
42.7798 -69
42.7923 -69
42.8048 -69
42.8173 -69
42.8299 -69
42.8426 -69
42.8552 -69
42.868 -69
42.8807 -69
42.8935 -69
42.9064 -69
42.9192 -69
42.9321 -69
42.945 -69
42.958 -69
42.971 -69
42.984 -69
42.9971 -69
43.0102 -69
43.0233 -69
43.0365 -69
43.0496 -69
43.0629 -69
43.0761 -69
43.0893 -69
43.1026 -69
43.116 -69
43.1293 -69
43.1427 -69
43.1561 -69
43.1695 -69
43.183 -69
43.1964 -69
43.2099 -69
43.2234 -69
43.2369 -69
43.2504 -69
43.2639 -69
43.2774 -69
43.2909 -69
43.3044 -69
43.3179 -69
43.3315 -69
43.3451 -69
43.3588 -69
43.3724 -69
43.3861 -69
43.3998 -69
43.4136 -69
43.4274 -69
43.4412 -69
43.455 -69
43.4689 -69
43.4829 -69
43.4968 -69
43.5108 -69
43.5248 -69
43.5388 -69
43.5528 -69
43.5669 -69
43.581 -69
43.5951 -69
43.6093 -69
43.6234 -69
43.6376 -69
43.6518 -69
43.666 -69
43.6802 -69
43.6943 -69
43.7085 -69
43.7226 -69
43.7369 -69
43.7511 -69
43.7654 -69
43.7797 -69
43.7941 -69
43.8084 -69
43.8229 -69
43.8373 -69
43.8519 -69
43.8664 -69
43.881 -69
43.8957 -69
43.9103 -69
43.925 -69
43.9397 -69
43.9545 -69
43.9693 -69
43.9841 -69
43.9989 -69
44.0138 -69
44.0287 -69
44.0436 -69
44.0586 -69
44.0735 -69
44.0885 -69
44.1036 -69
44.1187 -69
44.1338 -69
44.1489 -69
44.164 -69
44.1792 -69
44.1945 -69
44.2098 -69
44.2251 -69
44.2404 -69
44.2558 -69
44.2712 -69
44.2867 -69
44.3022 -69
44.3156 -69
44.329 -69
44.3425 -69
44.356 -69
44.3695 -69
44.3831 -69
44.3967 -69
44.4103 -69
44.424 -69
44.4377 -69
44.4514 -69
44.4651 -69
44.4789 -69
44.4928 -69
44.5066 -69
44.5205 -69
44.5344 -69
44.5483 -69
44.5623 -69
44.5763 -69
44.5903 -69
44.6044 -69
44.6185 -69
44.6327 -69
44.6469 -69
44.6611 -69
44.6754 -69
44.6897 -69
44.704 -69
44.7183 -69
44.7327 -69
44.7471 -69
44.7616 -69
44.7761 -69
44.7906 -69
44.8051 -69
44.8197 -69
44.8343 -69
44.8489 -69
44.8636 -69
44.8783 -69
44.8931 -69
44.9079 -69
44.9227 -69
44.9375 -69
44.9523 -69
44.9672 -69
44.9821 -69
44.997 -69
45.012 -69
45.027 -69
45.042 -69
45.0571 -69
45.0722 -69
45.0872 -69
45.1023 -69
45.1174 -69
45.1326 -69
45.1477 -69
45.1629 -69
45.1779 -69
45.193 -69
45.2081 -69
45.2233 -69
45.2385 -69
45.2537 -69
45.2689 -69
45.2842 -69
45.2995 -69
45.3148 -69
45.3302 -69
45.3456 -69
45.361 -69
45.3765 -69
45.392 -69
45.4075 -69
45.423 -69
45.4386 -69
45.4542 -69
45.4698 -69
45.4855 -69
45.5011 -69
45.5168 -69
45.5325 -69
45.5483 -69
45.564 -69
45.5799 -69
45.5957 -69
45.6116 -69
45.6275 -69
45.6435 -69
45.6595 -69
45.6755 -69
45.6916 -69
45.7077 -69
45.7239 -69
45.74 -69
45.7563 -69
45.7725 -69
45.7888 -69
45.8051 -69
45.8214 -69
45.8378 -69
45.8541 -69
45.8705 -69
45.8869 -69
45.9033 -69
45.9198 -69
45.9363 -69
45.9528 -69
45.9693 -69
45.9859 -69
46.0025 -69
46.0171 -69
46.0317 -69
46.0464 -69
46.061 -69
46.0757 -69
46.0905 -69
46.1052 -69
46.1199 -69
46.1347 -69
46.1495 -69
46.1643 -69
46.1791 -69
46.194 -69
46.2089 -69
46.2238 -69
46.2388 -69
46.2538 -69
46.2688 -69
46.2839 -69
46.299 -69
46.3131 -69
46.3257 -69
46.3384 -69
46.351 -69
46.3636 -69
46.3763 -69
46.389 -69
46.4018 -69
46.4146 -69
46.4274 -69
46.4402 -69
46.4531 -69
46.4659 -69
46.4789 -69
46.4918 -69
46.5046 -69
46.5175 -69
46.5303 -69
46.5432 -69
46.5562 -69
46.5691 -69
46.5821 -69
46.5951 -69
46.6081 -69
46.6212 -69
46.6343 -69
46.646 -69
46.6572 -69
46.6684 -69
46.6796 -69
46.6909 -69
46.7022 -69
46.7135 -69
46.7249 -69
46.7362 -69
46.7476 -69
46.7591 -69
46.7705 -69
46.782 -69
46.7935 -69
46.805 -69
46.8166 -69
46.8282 -69
46.8398 -69
46.8514 -69
46.8631 -69
46.8748 -69
46.8865 -69
46.8982 -69
46.91 -69
46.9218 -69
46.9336 -69
46.9455 -69
46.9573 -69
46.9692 -69
46.9811 -69
46.9931 -69
47.005 -69
47.017 -69
47.029 -69
47.0411 -69
47.0532 -69
47.0653 -69
47.0774 -69
47.0895 -69
47.1017 -69
47.1139 -69
47.1261 -69
47.1384 -69
47.1507 -69
47.163 -69
47.1753 -69
47.1877 -69
47.2001 -69
47.2125 -69
47.225 -69
47.2374 -69
47.2499 -69
47.2625 -69
47.275 -69
47.2875 -69
47.3001 -69
47.3127 -69
47.3253 -69
47.338 -69
47.3507 -69
47.3634 -69
47.3761 -69
47.3888 -69
47.4016 -69
47.4143 -69
47.4271 -69
47.44 -69
47.4528 -69
47.4657 -69
47.4785 -69
47.4914 -69
47.5042 -69
47.517 -69
47.5298 -69
47.5426 -69
47.5555 -69
47.5684 -69
47.5814 -69
47.5943 -69
47.6073 -69
47.6203 -69
47.6334 -69
47.6464 -69
47.6595 -69
47.6727 -69
47.6858 -69
47.699 -69
47.7122 -69
47.7254 -69
47.7387 -69
47.752 -69
47.7653 -69
47.7786 -69
47.7919 -69
47.8053 -69
47.8184 -68.9496
47.8315 -68.96
47.8444 -68.9388
47.8573 -68.9133
47.8701 -68.8868
47.8829 -68.8603
47.8957 -68.8336
47.9086 -68.8068
47.9215 -68.78
47.9344 -68.7531
47.9473 -68.7261
47.9603 -68.6991
47.9733 -68.672
47.9863 -68.6448
47.9994 -68.6175
48.0125 -68.5901
48.0256 -68.5626
48.0387 -68.5351
48.0519 -68.5074
48.0651 -68.4799
48.0783 -68.4523
48.0915 -68.4247
48.1047 -68.397
48.118 -68.3693
48.1313 -68.3415
48.1446 -68.3137
48.158 -68.2858
48.1714 -68.2578
48.1848 -68.2298
48.1982 -68.2018
48.2116 -68.1738
48.2251 -68.1458
48.2386 -68.1177
48.2521 -68.0895
48.2657 -68.0613
48.2792 -68.0332
48.2928 -68.005
48.3064 -67.9767
48.3201 -67.9483
48.3337 -67.9199
48.3474 -67.8916
48.3611 -67.8632
48.3748 -67.8347
48.3886 -67.8061
48.4024 -67.7774
48.4162 -67.7488
48.43 -67.7202
48.4439 -67.6916
48.4578 -67.6629
48.4717 -67.6342
48.4856 -67.6054
48.4996 -67.5765
48.5135 -67.5475
48.5275 -67.5186
48.5416 -67.4897
48.5556 -67.4606
48.5697 -67.4317
48.5837 -67.4027
48.5978 -67.3737
48.612 -67.3446
48.6261 -67.3155
48.6403 -67.2863
48.6545 -67.2569
48.6688 -67.2275
48.6831 -67.1981
48.6974 -67.1686
48.7117 -67.1391
48.726 -67.1095
48.7404 -67.0798
48.7548 -67.05
48.7693 -67.0201
48.7838 -66.9902
48.7982 -66.9603
48.8119 -66.9227
48.8242 -66.8735
48.8365 -66.8243
48.8488 -66.775
48.8612 -66.7256
48.8735 -66.6764
48.8859 -66.6271
48.8984 -66.5777
48.9108 -66.5283
48.9233 -66.4788
48.9358 -66.4292
48.9483 -66.3796
48.9609 -66.3299
48.9735 -66.2804
48.986 -66.2308
48.9986 -66.1812
49.0113 -66.1315
49.024 -66.0818
49.0366 -66.032
49.0494 -65.9821
49.0621 -65.9322
49.0749 -65.8822
49.0877 -65.8321
49.1006 -65.782
49.1134 -65.7318
49.1263 -65.6816
49.1392 -65.6313
49.1518 -65.5822
49.1629 -65.5345
49.174 -65.4869
49.1851 -65.4393
49.1963 -65.3916
49.2074 -65.3438
49.2186 -65.2959
49.2299 -65.248
49.2411 -65.2002
49.2524 -65.1522
49.2637 -65.1042
49.275 -65.0562
49.2863 -65.008
49.2977 -64.9595
49.309 -64.9103
49.3203 -64.861
49.3316 -64.8117
49.343 -64.7622
49.3544 -64.7127
49.3658 -64.6631
49.3773 -64.6134
49.3888 -64.5636
49.4003 -64.5138
49.4119 -64.4638
49.4234 -64.4138
49.435 -64.3638
49.4466 -64.3139
49.4582 -64.2639
49.4699 -64.2139
49.4816 -64.1638
49.4933 -64.1136
49.505 -64.0633
49.5168 -64.0131
49.5285 -63.9628
49.5403 -63.9125
49.5521 -63.862
49.564 -63.8115
49.5759 -63.761
49.5878 -63.7105
49.5997 -63.6599
49.6116 -63.6092
49.6236 -63.5585
49.6356 -63.5078
49.6476 -63.4569
49.6597 -63.4061
49.6718 -63.3552
49.6839 -63.3043
49.696 -63.2532
49.7082 -63.2021
49.7203 -63.1509
49.7326 -63.0996
49.7448 -63.0482
49.7571 -62.9968
49.7694 -62.9452
49.7817 -62.8936
49.7941 -62.842
49.8064 -62.7904
49.8188 -62.7387
49.8313 -62.6869
49.8437 -62.635
49.8562 -62.5832
49.8687 -62.5314
49.8812 -62.4795
49.8938 -62.4276
49.9063 -62.3756
49.9189 -62.3236
49.9315 -62.2714
49.9442 -62.2192
49.9569 -62.1669
49.9696 -62.1146
49.9824 -62.0621
49.9951 -62.0096
50.0079 -61.9569
50.0208 -61.9042
50.0336 -61.8515
50.0465 -61.7987
50.0594 -61.7458
50.0724 -61.6928
50.0854 -61.6397
50.0984 -61.5865
50.1114 -61.5333
50.1245 -61.48
50.1375 -61.427
50.1506 -61.374
50.1637 -61.3209
50.1768 -61.2677
50.19 -61.2144
50.2032 -61.1611
50.2164 -61.1076
50.2296 -61.0541
50.2429 -61.0005
50.2562 -60.9468
50.2696 -60.8931
50.2829 -60.8392
50.2963 -60.7853
50.3098 -60.7313
50.3232 -60.6774
50.3367 -60.6234
50.3502 -60.5694
50.3637 -60.5155
50.3772 -60.4615
50.3908 -60.4075
50.4044 -60.3534
50.418 -60.2993
50.4316 -60.2451
50.4453 -60.1908
50.459 -60.1365
50.4727 -60.0821
50.4864 -60.0276
50.5002 -59.9731
50.514 -59.9187
50.5278 -59.8642
50.5417 -59.8096
50.5556 -59.755
50.5695 -59.7003
50.5834 -59.6456
50.5974 -59.5908
50.6112 -59.534
50.6245 -59.4715
50.6379 -59.4089
50.6513 -59.3463
50.6647 -59.2836
50.6782 -59.2209
50.6918 -59.1633
50.7054 -59.108
50.7191 -59.0527
50.7328 -58.9972
50.7465 -58.9417
50.7603 -58.8862
50.7741 -58.8306
50.7879 -58.775
50.8017 -58.7196
50.8155 -58.6642
50.8294 -58.6087
50.8432 -58.5532
50.8572 -58.4976
50.8711 -58.4419
50.885 -58.3863
50.899 -58.3307
50.913 -58.275
50.9271 -58.2192
50.9411 -58.1633
50.9552 -58.1075
50.9693 -58.0517
50.9834 -57.9958
50.9976 -57.9399
51.0118 -57.8839
51.026 -57.8278
51.0402 -57.7716
51.0545 -57.7154
51.0688 -57.6591
51.0831 -57.6027
51.0975 -57.5463
51.1119 -57.4898
51.1263 -57.4332
51.1407 -57.3765
51.1552 -57.3198
51.1697 -57.2631
51.1843 -57.2063
51.1988 -57.1495
51.2134 -57.0927
51.228 -57.0358
51.2426 -56.9789
51.2573 -56.9221
51.2719 -56.8651
51.2866 -56.8082
51.3014 -56.7513
51.3161 -56.6944
51.3308 -56.6376
51.3456 -56.5807
51.3604 -56.5237
51.3753 -56.4667
51.3901 -56.4095
51.405 -56.3524
51.42 -56.2951
51.4349 -56.2378
51.4499 -56.1803
51.465 -56.1229
51.48 -56.0654
51.4951 -56.0079
51.5102 -55.9504
51.5253 -55.8929
51.5404 -55.8354
51.5556 -55.7778
51.5708 -55.7201
51.5859 -55.6627
51.6011 -55.6053
51.6164 -55.5478
51.6317 -55.4902
51.6469 -55.4329
51.6622 -55.3755
51.6775 -55.3181
51.6928 -55.2606
51.7082 -55.203
51.7236 -55.1453
51.739 -55.0877
51.7545 -55.03
51.77 -54.9722
51.7855 -54.9143
51.801 -54.8564
51.8166 -54.7986
51.8322 -54.7407
51.8478 -54.6827
51.8634 -54.6247
51.8791 -54.5668
51.8948 -54.5088
51.9105 -54.4507
51.9262 -54.3927
51.942 -54.3346
51.9578 -54.2764
51.9736 -54.2183
51.9894 -54.1602
52.0052 -54.1019
52.0211 -54.0436
52.0371 -53.9852
52.053 -53.9267
52.069 -53.8682
52.085 -53.8097
52.1011 -53.7511
52.1171 -53.6925
52.1332 -53.6339
52.1493 -53.5754
52.1654 -53.5167
52.1816 -53.458
52.1978 -53.3992
52.214 -53.3403
52.2303 -53.2814
52.2466 -53.2223
52.2629 -53.1632
52.2793 -53.1041
52.2956 -53.0449
52.312 -52.9857
52.3285 -52.9264
52.345 -52.867
52.3615 -52.8076
52.378 -52.7482
52.3946 -52.6886
52.4111 -52.629
52.4278 -52.5693
52.4444 -52.5095
52.4611 -52.4497
52.4778 -52.3898
52.4946 -52.3298
52.5114 -52.2698
52.5282 -52.2097
52.545 -52.1498
52.5618 -52.0899
52.5787 -52.0299
52.5956 -51.9698
52.6125 -51.9097
52.6295 -51.8494
52.6465 -51.7891
52.6635 -51.7291
52.6805 -51.6691
52.6975 -51.6091
52.7145 -51.5491
52.7316 -51.489
52.7487 -51.4288
52.7658 -51.3686
52.783 -51.3085
52.8002 -51.2483
52.8173 -51.1884
52.8345 -51.1285
52.8517 -51.0685
52.8689 -51.0086
52.8862 -50.9488
52.9034 -50.8889
52.9207 -50.829
52.9381 -50.769
52.9554 -50.709
52.9728 -50.6489
52.9902 -50.5887
53.0076 -50.5286
53.0251 -50.4686
53.0425 -50.4086
53.06 -50.3486
53.0776 -50.2884
53.0951 -50.2282
53.1127 -50.1679
53.1303 -50.1076
53.148 -50.0473
53.1657 -49.9868
53.1834 -49.9263
53.2011 -49.8658
53.2189 -49.8051
53.2367 -49.7444
53.2545 -49.6836
53.2724 -49.6227
53.2903 -49.5618
53.3083 -49.5008
53.3262 -49.4399
53.3442 -49.3789
53.3622 -49.3178
53.3803 -49.2567
53.3983 -49.1955
53.4164 -49.1342
53.4346 -49.0729
53.4528 -49.0115
53.471 -48.95
53.4892 -48.8885
53.5075 -48.8269
53.5258 -48.7652
53.5441 -48.7036
53.5625 -48.6419
53.5809 -48.5801
53.5993 -48.5182
53.6178 -48.4563
53.6363 -48.3943
53.6548 -48.3323
53.6733 -48.2701
53.6919 -48.2079
53.7106 -48.1456
53.7292 -48.0832
53.7479 -48.0208
53.7666 -47.9584
53.7854 -47.8959
53.8042 -47.8333
53.8229 -47.7711
53.8417 -47.7089
53.8605 -47.6467
53.8793 -47.5844
53.8982 -47.5221
53.9171 -47.4596
53.936 -47.3971
53.955 -47.3345
53.9739 -47.2719
53.993 -47.2093
54.012 -47.1465
54.0311 -47.0838
54.0502 -47.0211
54.0693 -46.9582
54.0885 -46.8953
54.1077 -46.8323
54.1269 -46.7695
54.1462 -46.7068
54.1654 -46.6441
54.1846 -46.5815
54.2039 -46.5188
54.2232 -46.4561
54.2426 -46.3933
54.2619 -46.3305
54.2813 -46.2675
54.3008 -46.2046
54.3202 -46.1415
54.3397 -46.0784
54.3593 -46.0154
54.3788 -45.9525
54.3983 -45.8894
54.4179 -45.8263
54.4376 -45.7631
54.4572 -45.6999
54.4767 -45.6372
54.4958 -45.5752
54.5149 -45.5132
54.5341 -45.4512
54.5533 -45.3892
54.5725 -45.3271
54.5918 -45.2649
54.6111 -45.2027
54.6304 -45.1404
54.6498 -45.078
54.6692 -45.0156
54.6886 -44.953
54.708 -44.8893
54.7271 -44.8229
54.7462 -44.7565
54.7653 -44.69
54.7845 -44.6235
54.8037 -44.5569
54.823 -44.4903
54.8422 -44.4237
54.8615 -44.3563
54.8806 -44.2868
54.8998 -44.2172
54.9189 -44.1475
54.9381 -44.078
54.9574 -44.0084
54.9766 -43.9387
54.9959 -43.869
55.0152 -43.7992
55.0346 -43.7294
55.0539 -43.6595
55.0733 -43.5896
55.0928 -43.5197
55.1122 -43.4498
55.1317 -43.38
55.1512 -43.3101
55.1706 -43.2406
55.1901 -43.1711
55.2096 -43.1016
55.2291 -43.032
55.2487 -42.9623
55.2683 -42.8926
55.288 -42.8228
55.3076 -42.7531
55.3273 -42.6834
55.347 -42.6136
55.3667 -42.5438
55.3865 -42.4741
55.4062 -42.4043
55.4261 -42.3344
55.4459 -42.2644
55.4658 -42.1944
55.4857 -42.1243
55.5056 -42.0543
55.5256 -41.9843
55.5455 -41.9143
55.5655 -41.8443
55.5856 -41.7742
55.6056 -41.7041
55.6257 -41.6339
55.6458 -41.5637
55.666 -41.4934
55.6862 -41.423
55.7064 -41.3525
55.7267 -41.2821
55.7469 -41.2117
55.7672 -41.1412
55.7876 -41.0708
55.8079 -41.0003
55.8283 -40.9298
55.8486 -40.8594
55.8691 -40.789
55.8895 -40.7185
55.91 -40.6479
55.9305 -40.5772
55.951 -40.5065
55.9716 -40.4357
55.9922 -40.3649
56.0128 -40.2943
56.0334 -40.2238
56.0541 -40.1533
56.0747 -40.0829
56.0954 -40.0123
56.1161 -39.9417
56.1368 -39.8712
56.1576 -39.8005
56.1784 -39.7299
56.1992 -39.6592
56.22 -39.5887
56.2409 -39.5181
56.2618 -39.4475
56.2827 -39.3768
56.3036 -39.3061
56.3246 -39.2353
56.3455 -39.1648
56.3665 -39.0942
56.3875 -39.0237
56.4086 -38.9531
56.4296 -38.8824
56.4507 -38.8117
56.4719 -38.7409
56.4931 -38.6701
56.5143 -38.5992
56.5355 -38.5283
56.5568 -38.4573
56.5781 -38.3863
56.5994 -38.3154
56.6207 -38.2445
56.642 -38.1736
56.6634 -38.1027
56.6848 -38.0318
56.7062 -37.9608
56.7277 -37.8897
56.7492 -37.8186
56.7707 -37.7475
56.7923 -37.6764
56.8138 -37.6052
56.8354 -37.534
56.8571 -37.4627
56.8787 -37.3916
56.9004 -37.3205
56.9221 -37.2493
56.9438 -37.1782
56.9655 -37.1071
56.9873 -37.0359
57.0091 -36.9648
57.0309 -36.8936
57.0527 -36.8224
57.0746 -36.7511
57.0965 -36.6797
57.1185 -36.6083
57.1404 -36.5377
57.1625 -36.4678
57.1845 -36.3977
57.2066 -36.3269
57.2286 -36.2562
57.2506 -36.1854
57.2726 -36.1147
57.2947 -36.0438
57.3169 -35.9729
57.339 -35.9019
57.3612 -35.8309
57.3834 -35.7599
57.4057 -35.6888
57.428 -35.6176
57.4503 -35.5463
57.4727 -35.475
57.495 -35.4036
57.5175 -35.3322
57.5399 -35.2608
57.5624 -35.1893
57.5849 -35.1178
57.6074 -35.0464
57.63 -34.975
57.6526 -34.9034
57.6752 -34.8319
57.6978 -34.7603
57.7205 -34.6886
57.7432 -34.6169
57.766 -34.5451
57.7888 -34.4733
57.8116 -34.4014
57.8344 -34.3297
57.8572 -34.2582
57.88 -34.1866
57.9029 -34.115
57.9258 -34.0434
57.9487 -33.9716
57.9717 -33.8998
57.9947 -33.8279
58.0177 -33.756
58.0408 -33.684
58.0639 -33.6119
58.0871 -33.5398
58.1102 -33.4676
58.1335 -33.3953
58.1567 -33.323
58.18 -33.2506
58.2033 -33.1782
58.2266 -33.1059
58.25 -33.0337
58.2733 -32.9614
58.2967 -32.8892
58.3201 -32.817
58.3435 -32.7447
58.367 -32.6724
58.3905 -32.6001
58.414 -32.5277
58.4376 -32.4552
58.4612 -32.3827
58.4848 -32.3101
58.5085 -32.2374
58.5322 -32.1647
58.5559 -32.0921
58.5797 -32.0194
58.6035 -31.9466
58.6273 -31.8738
58.6512 -31.8009
58.6751 -31.7279
58.699 -31.6549
58.723 -31.5818
58.747 -31.5086
58.771 -31.4354
58.7951 -31.3621
58.8192 -31.2887
58.8434 -31.2153
58.8675 -31.1418
58.8918 -31.0682
58.916 -30.9946
58.9403 -30.921
58.9646 -30.8473
58.989 -30.7735
59.0134 -30.6996
59.0378 -30.6257
59.0623 -30.5517
59.0868 -30.4776
59.1113 -30.4035
59.1359 -30.3293
59.1604 -30.2551
59.185 -30.1808
59.2097 -30.1064
59.2343 -30.032
59.259 -29.9577
59.2837 -29.8834
59.3085 -29.809
59.3332 -29.7346
59.358 -29.6603
59.3828 -29.5859
59.4077 -29.5114
59.4326 -29.4369
59.4575 -29.3623
59.4824 -29.2876
59.5074 -29.2129
59.5325 -29.1382
59.5575 -29.0634
59.5826 -28.9887
59.6077 -28.9138
59.6329 -28.8389
59.6581 -28.7639
59.6833 -28.6889
59.7085 -28.6139
59.7338 -28.5392
59.759 -28.4644
59.7843 -28.3895
59.8097 -28.3146
59.835 -28.2398
59.8604 -28.1649
59.8858 -28.09
59.9112 -28.0151
59.9367 -27.9402
59.9622 -27.8652
59.9877 -27.7902
60.0133 -27.7151
60.0389 -27.6399
60.0646 -27.5647
60.0902 -27.4894
60.116 -27.414
60.1417 -27.3387
60.1674 -27.2634
60.1932 -27.1882
60.219 -27.1128
60.2449 -27.0374
60.2708 -26.9619
60.2967 -26.8864
60.3227 -26.8108
60.3486 -26.7353
60.3746 -26.6598
60.4007 -26.5842
60.4267 -26.5085
60.4529 -26.4328
60.479 -26.357
60.5052 -26.2812
60.5314 -26.2053
60.5577 -26.1293
60.584 -26.0532
60.6103 -25.9771
60.6367 -25.9009
60.6631 -25.8247
60.6895 -25.7484
60.716 -25.6721
60.7425 -25.5959
60.769 -25.5197
60.7955 -25.4437
60.822 -25.3676
60.8486 -25.2915
60.8752 -25.2154
60.9018 -25.1391
60.9285 -25.0629
60.9552 -24.9867
60.9819 -24.9104
61.0087 -24.8341
61.0355 -24.7577
61.0623 -24.6813
61.0892 -24.6048
61.1161 -24.5283
61.143 -24.4517
61.17 -24.375
61.197 -24.2982
61.2241 -24.2214
61.2511 -24.1447
61.2782 -24.0679
61.3054 -23.9911
61.3325 -23.9142
61.3597 -23.8374
61.3869 -23.7606
61.4142 -23.6837
61.4415 -23.6068
61.4688 -23.5299
61.4961 -23.4529
61.5235 -23.376
61.5509 -23.299
61.5783 -23.222
61.6058 -23.1449
61.6333 -23.0677
61.6608 -22.9905
61.6884 -22.9132
61.716 -22.8359
61.7437 -22.7586
61.7713 -22.6812
61.7991 -22.6038
61.8268 -22.5263
61.8546 -22.4487
61.8824 -22.3711
61.9103 -22.2934
61.9382 -22.2156
61.9662 -22.1378
61.9941 -22.06
62.0222 -21.982
62.0502 -21.9042
62.0783 -21.8263
62.1064 -21.7483
62.1345 -21.6703
62.1627 -21.5922
62.1909 -21.5141
62.2191 -21.4359
62.2474 -21.3576
62.2757 -21.2795
62.304 -21.2014
62.3324 -21.1232
62.3608 -21.045
62.3892 -20.9668
62.4176 -20.8885
62.4461 -20.8102
62.4746 -20.7319
62.5032 -20.6536
62.5317 -20.5753
62.5603 -20.4969
62.589 -20.4184
62.6177 -20.3399
62.6464 -20.2614
62.6751 -20.1828
62.7039 -20.1044
62.7326 -20.0259
62.7615 -19.9474
62.7903 -19.8688
62.8192 -19.7901
62.8481 -19.7114
62.8771 -19.6326
62.9061 -19.5537
62.9352 -19.4748
62.9642 -19.396
62.9933 -19.3172
63.0224 -19.2384
63.0516 -19.1594
63.0808 -19.0805
63.11 -19.0014
63.1392 -18.9225
63.1685 -18.8436
63.1978 -18.7647
63.2271 -18.6857
63.2565 -18.6067
63.2859 -18.5276
63.3153 -18.4487
63.3447 -18.3696
63.3742 -18.2906
63.4037 -18.2116
63.4331 -18.1328
63.4626 -18.054
63.4922 -17.9758
63.5218 -17.8987
63.5514 -17.8216
63.5811 -17.7443
63.6108 -17.667
63.6405 -17.5897
63.6703 -17.5123
63.7001 -17.4348
63.73 -17.3572
63.7599 -17.2796
63.7898 -17.202
63.8197 -17.1245
63.8497 -17.0469
63.8797 -16.9693
63.9098 -16.8916
63.9398 -16.814
63.9699 -16.7363
64.0001 -16.6586
64.0302 -16.5811
64.0603 -16.5037
64.0905 -16.4263
64.1206 -16.3489
64.1509 -16.2713
64.1811 -16.1938
64.2114 -16.1161
64.2418 -16.0385
64.2722 -15.9608
64.3026 -15.883
64.333 -15.8053
64.3635 -15.7276
64.394 -15.6498
64.4245 -15.5719
64.4551 -15.494
64.4856 -15.4162
64.5163 -15.3384
64.5469 -15.2605
64.5776 -15.1826
64.6083 -15.1045
64.639 -15.0267
64.6697 -14.9492
64.7005 -14.8716
64.7312 -14.794
64.762 -14.7163
64.7929 -14.6386
64.8237 -14.561
64.8546 -14.4833
64.8855 -14.4055
64.9165 -14.3278
64.9474 -14.2499
64.9784 -14.1722
65.0095 -14.0946
65.0405 -14.0169
65.0716 -13.9392
65.1027 -13.8615
65.1338 -13.7837
65.165 -13.7058
65.1962 -13.6278
65.2275 -13.5498
65.2588 -13.4718
65.2902 -13.3936
65.3215 -13.3155
65.3529 -13.2374
65.3844 -13.1592
65.4158 -13.081
65.4474 -13.0028
65.4789 -12.9244
65.5105 -12.8461
65.5421 -12.7677
65.5737 -12.6895
65.6053 -12.6113
65.637 -12.5331
65.6687 -12.4548
65.7004 -12.3765
65.7322 -12.2981
65.764 -12.2198
65.7958 -12.1414
65.8277 -12.0632
65.8594 -11.9856
65.8912 -11.9079
65.923 -11.8301
65.9549 -11.7522
65.9868 -11.6743
66.0187 -11.5963
66.0507 -11.5183
66.0827 -11.4403
66.1147 -11.3623
66.1468 -11.2842
66.1789 -11.2061
66.211 -11.1279
66.2432 -11.0497
66.2754 -10.9715
66.3076 -10.8936
66.3398 -10.8158
66.372 -10.7379
66.4042 -10.66
66.4365 -10.582
66.4689 -10.5039
66.5012 -10.4258
66.5336 -10.3477
66.566 -10.27
66.5984 -10.1922
66.6308 -10.1143
66.6633 -10.0364
66.6958 -9.95846
66.7283 -9.88052
66.7609 -9.80262
66.7934 -9.72467
66.826 -9.6468
66.8587 -9.56897
66.8913 -9.49113
66.924 -9.41326
66.9567 -9.33533
66.9895 -9.25734
67.0222 -9.17929
67.0551 -9.10118
67.0879 -9.02309
67.1208 -8.94509
67.1537 -8.86718
67.1866 -8.78922
67.2196 -8.71119
67.2525 -8.63311
67.2856 -8.55497
67.3186 -8.47683
67.3517 -8.39878
67.3848 -8.3207
67.4179 -8.24255
67.4511 -8.16434
67.4843 -8.08608
67.5176 -8.00776
67.5509 -7.92943
67.5842 -7.85108
67.6176 -7.77268
67.651 -7.69425
67.6844 -7.61593
67.7178 -7.53774
67.7512 -7.45955
67.7846 -7.3813
67.8181 -7.30299
67.8517 -7.22462
67.8853 -7.14624
67.9188 -7.06798
67.9524 -6.98977
67.9861 -6.91149
68.0197 -6.83316
68.0534 -6.75477
68.0872 -6.67632
68.121 -6.59786
68.1547 -6.51952
68.1885 -6.44141
68.2223 -6.36324
68.2561 -6.28502
68.29 -6.20674
68.3239 -6.1284
68.3579 -6.05001
68.3919 -5.97155
68.4259 -5.89304
68.46 -5.81447
68.4941 -5.73584
68.5283 -5.65715
68.5624 -5.57864
68.5965 -5.50065
68.6306 -5.42264
68.6646 -5.34485
68.6987 -5.2673
68.7328 -5.18969
68.7669 -5.11203
68.8011 -5.03431
68.8353 -4.95653
68.8695 -4.87886
68.9038 -4.80115
68.938 -4.72339
68.9724 -4.64557
69.0067 -4.56769
69.0411 -4.48976
69.0756 -4.41187
69.11 -4.33393
69.1445 -4.25593
69.1791 -4.17787
69.2136 -4.09983
69.2482 -4.02174
69.2829 -3.94359
69.3175 -3.86546
69.3522 -3.78756
69.3866 -3.71057
69.4212 -3.63353
69.4557 -3.55643
69.4903 -3.47927
69.5249 -3.40205
69.5596 -3.32478
69.5943 -3.24754
69.629 -3.1703
69.6638 -3.093
69.6986 -3.01567
69.7334 -2.93833
69.7682 -2.86096
69.8031 -2.78371
69.838 -2.7064
69.8729 -2.62904
69.9079 -2.55162
69.9429 -2.47415
69.9779 -2.39662
70.013 -2.31903
70.0482 -2.24139
70.0833 -2.16369
70.1185 -2.08599
70.1537 -2.00833
70.1888 -1.93136
70.2239 -1.85472
70.259 -1.77806
70.2941 -1.70135
70.3292 -1.62458
70.3644 -1.54775
70.3997 -1.47087
70.435 -1.39394
70.4703 -1.31695
70.5056 -1.2399
70.541 -1.1628
70.5764 -1.08564
70.6119 -1.00843
70.6474 -0.931192
70.6829 -0.854249
70.7183 -0.777666
70.7537 -0.701151
70.7892 -0.62462
70.8247 -0.548034
70.8602 -0.471455
70.8957 -0.394877
70.9313 -0.318419
70.9668 -0.242079
71.0024 -0.165684
71.038 -0.089266
71.0737 -0.0128321
71.1094 0.0636564
71.1451 0.140199
71.1809 0.216763
71.2166 0.293239
71.2524 0.36977
71.2883 0.446355
71.3241 0.522699
71.36 0.599094
71.3959 0.675543
71.4318 0.752047
71.4677 0.828416
71.5037 0.904766
71.5396 0.981048
71.5756 1.05735
71.6117 1.13371
71.6477 1.20986
71.6837 1.286
71.7198 1.36267
71.7558 1.43959
71.7919 1.51655
71.8281 1.59357
71.8642 1.67047
71.9003 1.74719
71.9365 1.82397
71.9727 1.90073
72.0089 1.97753
72.0452 2.05438
72.0814 2.13114
72.1176 2.20757
72.1539 2.28389
72.1901 2.36027
72.2264 2.43667
72.2627 2.51311
72.2991 2.58961
72.3355 2.66615
72.3719 2.7424
72.4082 2.81857
72.4447 2.89479
72.4811 2.97106
72.5175 3.04709
72.5539 3.12266
72.5903 3.19829
72.6267 3.27396
72.6631 3.34946
72.6995 3.42501
72.736 3.50059
72.7725 3.57604
72.809 3.65154
72.8455 3.7271
72.8821 3.80271
72.9188 3.87832
72.9554 3.95394
72.9921 4.02961
73.0288 4.10534
73.0655 4.1808
73.1021 4.25569
73.1387 4.33062
73.1754 4.4056
73.212 4.48048
73.2487 4.55517
73.2853 4.62979
73.322 4.70445
73.3587 4.77914
73.3955 4.85388
73.4323 4.92865
73.4691 5.00345
73.506 5.07825
73.5429 5.15311
73.5798 5.22791
73.6165 5.30184
73.6532 5.37569
73.6899 5.44928
73.7267 5.52291
73.7634 5.59639
73.8001 5.66984
73.8369 5.7433
73.8737 5.81656
73.9104 5.8896
73.9471 5.96235
73.9838 6.03502
74.0205 6.10768
74.0572 6.1802
74.0939 6.2526
74.1307 6.32504
74.1674 6.39732
74.2042 6.46965
74.241 6.54203
74.2779 6.61446
74.3147 6.68681
74.3516 6.75919
74.3885 6.83161
74.4255 6.90409
74.4625 6.97661
74.4995 7.04906
74.5365 7.12147
74.5736 7.19393
74.6106 7.26641
74.6478 7.33889
74.6849 7.41132
74.722 7.48362
74.7591 7.55586
74.7963 7.62802
74.8334 7.70013
74.8706 7.77227
74.9079 7.84446
74.9451 7.9167
74.9824 7.98899
75.0198 8.06132
75.0571 8.13371
75.0945 8.20605
75.1319 8.27828
75.1693 8.35049
75.2068 8.42275
75.2443 8.49506
75.2817 8.56713
75.3192 8.63919
75.3566 8.71085
75.394 8.78242
75.4314 8.85403
75.4689 8.92557
75.5064 8.99699
75.5438 9.06824
75.5813 9.13948
75.6186 9.21033
75.6559 9.2806
75.6932 9.35078
75.7305 9.42101
75.7679 9.49125
75.8052 9.56148
75.8426 9.63147
75.8799 9.70113
75.9171 9.77038
75.9543 9.83968
75.9916 9.90886
76.0288 9.97793
76.066 10.0466
76.1031 10.1151
76.1403 10.1836
76.1775 10.2522
76.2148 10.3207
76.252 10.3889
76.2892 10.4572
76.3264 10.5254
76.3637 10.5937
76.401 10.6621
76.4383 10.7314
76.4754 10.8024
76.5125 10.8733
76.5497 10.9441
76.5868 11.0147
76.6239 11.0853
76.6611 11.156
76.6983 11.2268
76.7355 11.2976
76.7728 11.3684
76.8101 11.4391
76.8474 11.5099
76.8847 11.5806
76.9221 11.6514
76.9594 11.7221
76.9968 11.7928
77.0343 11.8636
77.0717 11.9344
77.1092 12.0053
77.1468 12.0762
77.1844 12.1471
77.2219 12.2179
77.2595 12.2887
77.2971 12.3595
77.3347 12.4303
77.3723 12.5005
77.4098 12.5707
77.4473 12.6409
77.4849 12.7108
77.522 12.7791
77.5591 12.8472
77.5962 12.9153
77.6332 12.9828
77.6702 13.05
77.7071 13.1168
77.744 13.1836
77.7809 13.2502
77.8177 13.3167
77.8545 13.3826
77.8913 13.4486
77.9281 13.5146
77.9649 13.5805
78.0017 13.6463
78.0386 13.7122
78.0754 13.7779
78.1123 13.8436
78.1491 13.9091
78.186 13.9746
78.2228 14.0399
78.2597 14.1052
78.2965 14.1703
78.3333 14.2354
78.3702 14.3004
78.4071 14.3655
78.4439 14.4304
78.4808 14.4954
78.5178 14.5604
78.5547 14.6251
78.5916 14.6899
78.6285 14.7546
78.6653 14.8187
78.7021 14.8827
78.7389 14.9467
78.7756 15.0102
78.8123 15.0733
78.8489 15.1361
78.8853 15.1981
78.9216 15.2597
78.9579 15.3211
78.9941 15.3821
79.0303 15.443
79.0666 15.504
79.1028 15.5647
79.139 15.6254
79.1752 15.686
79.2115 15.7466
79.2478 15.8073
79.2841 15.868
79.3204 15.9287
79.3568 15.9895
79.3932 16.0503
79.4296 16.1112
79.4661 16.1721
79.5026 16.233
79.5391 16.294
79.5757 16.355
79.6123 16.416
79.6489 16.4767
79.6854 16.5371
79.722 16.5975
79.7586 16.658
79.7953 16.7185
79.832 16.7791
79.8687 16.8397
79.9054 16.9003
79.9422 16.961
79.979 17.0217
80.0159 17.0825
80.0528 17.1432
80.0897 17.2041
80.1266 17.2649
80.1636 17.3259
80.2006 17.3868
80.2376 17.4478
80.2747 17.5088
80.3118 17.5699
80.3489 17.631
80.3861 17.6921
80.4233 17.7533
80.4605 17.8145
80.4977 17.8758
80.535 17.9371
80.5724 17.9984
80.6097 18.0598
80.6471 18.1212
80.6845 18.1827
80.722 18.2442
80.7594 18.3057
80.797 18.3673
80.8345 18.4289
80.8721 18.4906
80.9097 18.5523
80.9473 18.614
80.985 18.6758
81.0227 18.7376
81.0604 18.7994
81.0982 18.8613
81.136 18.9232
81.1739 18.9852
81.2117 19.0472
81.2496 19.1093
81.2876 19.1714
81.3255 19.2335
81.3635 19.2956
81.4015 19.3578
81.4396 19.4201
81.4777 19.4824
81.5158 19.5447
81.554 19.607
81.5922 19.6694
81.6304 19.7319
81.6687 19.7944
81.7069 19.8569
81.7453 19.9194
81.7836 19.982
81.822 20.0447
81.8604 20.1073
81.8989 20.1701
81.9374 20.2328
81.9759 20.2956
82.0144 20.3584
82.053 20.4213
82.0916 20.4842
82.1303 20.5472
82.1689 20.6101
82.2077 20.6732
82.2464 20.7362
82.2852 20.7993
82.324 20.8625
82.3628 20.9257
82.4017 20.9889
82.4406 21.0524
82.4795 21.1161
82.5185 21.1798
82.5574 21.2435
82.5965 21.3073
82.6355 21.3711
82.6746 21.435
82.7137 21.4989
82.7528 21.5628
82.792 21.6268
82.8312 21.6908
82.8705 21.7549
82.9097 21.819
82.949 21.8831
82.9884 21.9473
83.0278 22.0115
83.0672 22.0757
83.1066 22.14
83.1461 22.2044
83.1856 22.2687
83.2251 22.3331
83.2647 22.3976
83.3043 22.4621
83.344 22.5266
83.3836 22.5912
83.4233 22.6558
83.4631 22.7204
83.5028 22.7851
83.5427 22.8498
83.5825 22.9146
83.6224 22.9794
83.6623 23.0443
83.7022 23.1091
83.7422 23.1741
83.7822 23.239
83.8222 23.304
83.8623 23.3691
83.9024 23.4342
83.9426 23.4993
83.9827 23.5644
84.0229 23.6296
84.0632 23.6949
84.1035 23.7602
84.1438 23.8255
84.1841 23.8908
84.2245 23.9562
84.2649 24.0217
84.3054 24.0871
84.3458 24.1527
84.3863 24.2182
84.4269 24.2838
84.4675 24.3494
84.5081 24.4151
84.5487 24.4808
84.5894 24.5466
84.6301 24.6124
84.6709 24.6782
84.7117 24.7441
84.7525 24.81
84.7933 24.876
84.8342 24.9419
84.8751 25.008
84.9161 25.074
84.9571 25.1402
84.9981 25.2063
85.0391 25.2725
85.0802 25.3387
85.1214 25.405
85.1625 25.4713
85.2037 25.5376
85.2449 25.604
85.2862 25.6705
85.3275 25.7369
85.3688 25.8034
85.4102 25.87
85.4516 25.9366
85.493 26.0032
85.5345 26.0698
85.576 26.1366
85.6175 26.2033
85.6591 26.2701
85.7007 26.3369
85.7423 26.4038
85.784 26.4707
85.8257 26.5376
85.8674 26.6046
85.9092 26.6716
85.951 26.7387
85.9928 26.8058
86.0347 26.8729
86.0766 26.9401
86.1186 27.0073
86.1606 27.0746
86.2026 27.1419
86.2446 27.2092
86.2867 27.2766
86.3288 27.344
86.371 27.4115
86.4132 27.479
86.4554 27.5465
86.4977 27.6141
86.54 27.6817
86.5823 27.7493
86.6247 27.817
86.667 27.8848
86.7095 27.9525
86.7519 28.0204
86.7945 28.0882
86.837 28.1561
86.8796 28.224
86.9222 28.292
86.9648 28.36
87.0075 28.4281
87.0502 28.4962
87.0929 28.5643
87.1357 28.6325
87.1785 28.7007
87.2214 28.7689
87.2643 28.8372
87.3072 28.9056
87.3502 28.9739
87.3931 29.0423
87.4362 29.1108
87.4792 29.1793
87.5223 29.2478
87.5655 29.3164
87.6086 29.385
87.6518 29.4536
87.6951 29.5223
87.7384 29.5911
87.7817 29.6598
87.825 29.7286
87.8684 29.7975
87.9118 29.8664
87.9552 29.9353
87.9987 30.0043
88.0423 30.0733
88.0858 30.1423
88.1294 30.2114
88.173 30.2805
88.2167 30.3497
88.2604 30.4189
88.3041 30.4882
88.3479 30.5574
