0.1 1.42109
0.2 2.84213
0.3 4.26431
0.4 5.68727
0.5 7.11101
0.6 8.53553
0.7 9.96086
0.8 11.387
0.9 12.814
1 14.2418
0.153022 14.4969
0.306025 14.7521
0.459076 15.0072
0.612284 15.2618
0.765514 15.5163
0.918734 15.7707
1.07196 16.025
1.22523 16.2792
1.37847 16.5334
1.53168 16.7875
1.68488 17.0416
1.83805 17.2957
1.99122 17.5498
2.14438 17.8037
2.29752 18.0577
2.45065 18.3115
2.60381 18.5652
2.75697 18.8189
2.91013 19.0724
3.06327 19.3259
3.21641 19.5793
3.36952 19.8327
3.52262 20.0861
3.67568 20.3395
3.82871 20.5928
3.98175 20.8461
4.13477 21.0993
4.28777 21.3525
4.44075 21.6056
4.59371 21.8588
4.74664 22.1119
4.89955 22.3649
5.05243 22.618
5.20529 22.871
5.35813 23.1241
5.51094 23.3771
5.66373 23.63
5.8165 23.883
5.96924 24.1359
6.12196 24.3888
6.27464 24.6417
6.4273 24.8946
6.57993 25.1475
6.73254 25.4004
6.88513 25.6532
7.03769 25.906
7.19022 26.1588
7.34274 26.4116
7.49522 26.6644
7.64768 26.9171
7.80011 27.1699
7.95251 27.4226
8.10489 27.6753
8.25723 27.9281
8.40954 28.1809
8.56182 28.4336
8.71406 28.6864
8.86627 28.9392
9.01845 29.192
9.17061 29.4447
9.32275 29.6975
9.47486 29.9502
9.62694 30.2029
9.779 30.4556
9.93104 30.7082
10.083 30.9609
10.235 31.2136
10.387 31.4662
10.5389 31.7188
10.6908 31.9714
10.8427 32.224
10.9945 32.4765
11.1464 32.7291
11.2982 32.9816
11.4499 33.234
11.6017 33.4865
11.7534 33.7389
11.9051 33.9913
12.0568 34.2437
12.2084 34.4961
12.3601 34.7484
12.5117 35.0009
12.6632 35.2533
12.8147 35.5056
12.9663 35.7579
13.1177 36.0102
13.2692 36.2625
13.4207 36.5147
13.5721 36.7669
13.7235 37.0191
13.8748 37.2713
14.0261 37.5234
14.1775 37.7756
14.3287 38.0277
14.48 38.2798
14.6312 38.532
14.7824 38.7842
14.9335 39.0364
15.0847 39.2887
15.2357 39.5409
15.3868 39.7931
15.5378 40.0453
15.6889 40.2974
15.8399 40.5495
15.9908 40.8016
16.1418 41.0536
16.2927 41.3056
16.4436 41.5576
16.5944 41.8096
16.7453 42.0615
16.8961 42.3135
17.0469 42.5654
17.1976 42.8172
17.3484 43.0691
17.4991 43.3209
17.6497 43.5727
17.8004 43.8245
17.951 44.0762
18.1016 44.328
18.2522 44.5797
18.4027 44.8313
18.5533 45.083
18.7038 45.3346
18.8542 45.5862
19.0047 45.8378
19.1551 46.0894
19.3055 46.3409
19.4559 46.5924
19.6062 46.8438
19.7565 47.0952
19.9068 47.3466
20.0571 47.598
20.2073 47.8493
20.3575 48.1006
20.5077 48.3519
20.6579 48.6032
20.808 48.8544
20.9581 49.1056
21.1082 49.3568
21.2582 49.6079
21.4083 49.8591
21.5583 50.1102
21.7082 50.3613
21.8582 50.6124
22.0081 50.8634
22.158 51.1144
22.3078 51.3654
22.4577 51.6164
22.6075 51.8673
22.7572 52.1182
22.907 52.3691
23.0567 52.62
23.2064 52.8708
23.3561 53.1217
23.5057 53.3725
23.6553 53.6232
23.8049 53.874
23.9545 54.1247
24.104 54.3754
24.2535 54.626
24.403 54.8767
24.5524 55.1273
24.7019 55.3779
24.8512 55.6284
25.0006 55.879
25.1499 56.1295
25.2993 56.38
25.4485 56.6304
25.5978 56.8808
25.747 57.1313
25.8962 57.3816
26.0454 57.632
26.1945 57.8823
26.3436 58.1326
26.4927 58.3829
26.6418 58.6331
26.7908 58.8834
26.9398 59.1336
27.0888 59.3837
27.2377 59.6339
27.3866 59.884
27.5355 60.1341
27.6844 60.3841
27.8332 60.6342
27.982 60.8842
28.1308 61.1342
28.2795 61.3841
28.4282 61.6341
28.5769 61.884
28.7255 62.1339
28.8742 62.3837
29.0228 62.6335
29.1713 62.8834
29.3199 63.1331
29.4684 63.3829
29.6169 63.6326
29.7653 63.8823
29.9137 64.132
30.0621 64.3817
30.2105 64.6313
30.3588 64.8809
30.5071 65.1304
30.6554 65.38
30.8036 65.6295
30.9519 65.879
31.1 66.1285
31.2482 66.3779
31.3963 66.6273
31.5444 66.8767
31.6925 67.126
31.8405 67.3753
31.9885 67.6246
32.1352 67.8724
32.279 68.1171
32.4205 68.3593
32.5522 68.5907
32.6638 68.8
32.7185 68.947
32.7889 69
32.8573 69
32.9223 69
32.9778 69
32.9968 69
33.0207 69
33.0442 69
33.0674 69
33.0905 69
33.1136 69
33.1366 69
33.1595 69
33.1824 69
33.2051 69
33.2272 69
33.2487 69
33.2688 69
33.2889 69
33.3073 69
33.3248 69
33.342 69
33.3569 69
33.371 69
33.3842 69
33.3974 69
33.4105 69
33.4236 69
33.4367 69
33.4497 69
33.4627 69
33.4756 69
33.4885 69
33.5014 69
33.5142 69
33.5269 69
33.5397 69
33.5523 69
33.565 69
33.5776 69
33.5901 69
33.6027 69
33.6151 69
33.6275 69
33.6399 69
33.6523 69
33.6646 69
33.6768 69
33.689 69
33.7012 69
33.7133 69
33.7254 69
33.7374 69
33.7494 69
33.7613 69
33.7732 69
33.7851 69
33.7968 69
33.8086 69
33.8203 69
33.832 69
33.8436 69
33.8551 69
33.8667 69
33.8781 69
33.8896 69
33.9009 69
33.9123 69
33.9235 69
33.9348 69
33.9459 69
33.9571 69
33.9682 69
33.9792 69
33.9902 69
34.0011 69
34.0118 69
34.0224 69
34.0329 69
34.0428 69
34.0528 69
34.0626 69
34.0722 69
34.0812 69
34.0902 69
34.0991 69
34.1078 69
34.1158 69
34.1237 69
34.1314 69
34.1389 69
34.146 69
34.1531 69
34.1601 69
34.1671 69
34.1738 69
34.1805 69
34.1871 69
34.1935 69
34.1999 69
34.2063 69
34.2126 69
34.2188 69
34.2251 69
34.2313 69
34.2374 69
34.2435 69
34.2496 69
34.2556 69
34.2616 69
34.2676 69
34.2735 69
34.2793 69
34.2852 69
34.2909 69
34.2967 69
34.3023 69
34.308 69
34.3136 69
34.3192 69
34.3247 69
34.3301 69
34.3356 69
34.3409 69
34.3463 69
34.3516 69
34.3568 69
34.362 69
34.3671 69
34.3723 69
34.3773 69
34.3823 69
34.3873 69
34.3922 69
34.397 69
34.4015 69
34.4061 69
34.4106 69
34.4146 69
34.4185 69
34.4224 69
34.4262 69
34.43 69
34.4335 69
34.4366 69
34.4397 69
34.4427 69
34.4457 69
34.4485 69
34.4511 69
34.4534 69
34.4557 69
34.4579 69
34.46 69
34.462 69
34.4639 69
34.4657 69
34.4676 69
34.4694 69
34.4712 69
34.4728 69
34.4744 69
34.4759 69
34.4774 69
34.4788 69
34.4802 69
34.4816 69
34.483 69
34.4843 69
34.4856 69
34.4869 69
34.4881 69
34.4893 69
34.4905 69
34.4916 69
34.4926 69
34.4937 69
34.4947 69
34.4957 69
34.4966 69
34.4975 69
34.4984 69
34.4992 69
34.4998 69
34.5005 69
34.501 69
34.5016 69
34.5021 69
34.5026 69
34.503 69
34.5033 69
34.5037 69
34.5039 69
34.504 69
34.5041 69
34.5042 69
34.5043 69
34.5043 69
34.5043 69
34.5041 69
34.5038 69
34.5035 69
34.5031 69
34.5027 69
34.5023 69
34.5019 69
34.5014 69
34.5009 69
34.5004 69
34.4999 69
34.4992 69
34.4981 69
34.4969 69
34.4957 69
34.4944 69
34.493 69
34.4914 69
34.4898 69
34.4881 69
34.4861 69
34.484 69
34.4815 69
34.4791 69
34.4766 69
34.4742 69
34.4716 69
34.4691 69
34.4663 69
34.4634 69
34.4604 69
34.4574 69
34.4543 69
34.4511 69
34.4479 69
34.4444 69
34.4408 69
34.4372 69
34.4336 69
34.4299 69
34.4263 69
34.4226 69
34.4189 69
34.4152 69
34.4114 69
34.4076 69
34.4038 69
34.4 69
34.3961 69
34.3923 69
34.3884 69
34.3845 69
34.3806 69
34.3767 69
34.3728 69
34.3685 69
34.3642 69
34.3599 69
34.3556 69
34.3513 69
34.347 69
34.3426 69
34.3382 69
34.3339 69
34.3295 69
34.325 69
34.3206 69
34.3162 69
34.3116 69
34.307 69
34.3023 69
34.2976 69
34.2928 69
34.2881 69
34.2834 69
34.2786 69
34.2738 69
34.269 69
34.2642 69
34.2594 69
34.2546 69
34.2498 69
34.2449 69
34.24 69
34.2352 69
34.2303 69
34.2254 69
34.2204 69
34.2155 69
34.2106 69
34.2056 69
34.2006 69
34.1956 69
34.1906 69
34.1856 69
34.1805 69
34.1755 69
34.1704 69
34.1653 69
34.1602 69
34.1551 69
34.15 69
34.1449 69
34.1397 69
34.1345 69
34.1293 69
34.1241 69
34.1189 69
34.1137 69
34.1084 69
34.1031 69
34.0979 69
34.0926 69
34.0872 69
34.0819 69
34.0766 69
34.0712 69
34.0658 69
34.0604 69
34.055 69
34.0495 69
34.0441 69
34.0386 69
34.0331 69
34.0276 69
34.0221 69
34.0166 69
34.011 69
34.0054 69
33.9998 69
33.9942 69
33.9886 69
33.9829 69
33.9773 69
33.9716 69
33.9659 69
33.9601 69
33.9543 69
33.9485 69
33.9426 69
33.9368 69
33.9309 69
33.9249 69
33.9189 69
33.9128 69
33.9068 69
33.9007 69
33.8946 69
33.8884 69
33.8823 69
33.8761 69
33.8698 69
33.8635 69
33.8572 69
33.8509 69
33.8445 69
33.838 69
33.8316 69
33.8251 69
33.8186 69
33.812 69
33.8054 69
33.7987 69
33.7921 69
33.7854 69
33.7787 69
33.7719 69
33.7652 69
33.7583 69
33.7513 69
33.7443 69
33.7373 69
33.7303 69
33.7232 69
33.7162 69
33.7091 69
33.702 69
33.6948 69
33.6876 69
33.6804 69
33.6731 69
33.6659 69
33.6586 69
33.6512 69
33.6437 69
33.6361 69
33.6284 69
33.6205 69
33.6126 69
33.6048 69
33.5969 69
33.589 69
33.5811 69
33.5731 69
33.565 69
33.5573 69
33.5495 69
33.5418 69
33.534 69
33.5262 69
33.5184 69
33.5106 69
33.5036 69
33.4962 69
33.4889 69
33.4814 69
33.4738 69
33.4662 69
33.4586 69
33.451 69
33.4431 69
33.4357 69
33.4291 69
33.4224 69
33.4156 69
33.4089 69
33.4023 69
33.3958 69
33.3892 69
33.3835 69
33.3779 69
33.3723 69
33.3666 69
33.361 69
33.3557 69
33.3505 69
33.3453 69
33.3401 69
33.3349 69
33.3296 69
33.3244 69
33.3192 69
33.314 69
33.3087 69
33.3035 69
33.2983 69
33.293 69
33.2878 69
33.2826 69
33.2773 69
33.2721 69
33.2668 69
33.2616 69
33.2563 69
33.2511 69
33.2458 69
33.2405 69
33.2353 69
33.23 69
33.2247 69
33.2195 69
33.2142 69
33.2089 69
33.2036 69
33.1983 69
33.1931 69
33.1878 69
33.1825 69
33.1772 69
33.1719 69
33.1666 69
33.1613 69
33.156 69
33.1507 69
33.1454 69
33.14 69
33.1347 69
33.1294 69
33.1241 69
33.1188 69
33.1134 69
33.1081 69
33.1028 69
33.0974 69
33.0921 69
33.0867 69
33.0814 69
33.076 69
33.0707 69
33.0653 69
33.06 69
33.0546 69
33.0492 69
33.0439 69
33.0385 69
33.0331 69
33.0278 69
33.0224 69
33.017 69
33.0116 69
33.0062 69
33.0008 69
32.9954 69
32.99 69
32.9846 69
32.9792 69
32.9738 69
32.9684 69
32.963 69
32.9576 69
32.9521 69
32.9467 69
32.9413 69
32.9359 69
32.9304 69
32.925 69
32.9195 69
32.9141 69
32.9086 69
32.9032 69
32.8977 69
32.8923 69
32.8868 69
32.8813 69
32.8759 69
32.8704 69
32.8649 69
32.8594 69
32.854 69
32.8485 69
32.843 69
32.8375 69
32.832 69
32.8265 69
32.821 69
32.8155 69
32.81 69
32.8044 69
32.7989 69
32.7934 69
32.7879 69
32.7825 69
32.7771 69
32.7716 69
32.7662 69
32.7608 69
32.7554 69
32.7501 69
32.7449 69
32.7396 69
32.7344 69
32.7292 69
32.724 69
32.7187 69
32.7135 69
32.7085 69
32.7037 69
32.699 69
32.6944 69
32.6898 69
32.6852 69
32.6806 69
32.6765 69
32.6724 69
32.6684 69
32.6644 69
32.6606 69
32.6568 69
32.6529 69
32.6491 69
32.6453 69
32.6417 69
32.6387 69
32.6358 69
32.6328 69
32.6298 69
32.6269 69
32.6239 69
32.6209 69
32.618 69
32.6157 69
32.6134 69
32.611 69
32.6087 69
32.6063 69
32.6042 69
32.6021 69
32.6 69
32.5979 69
32.5959 69
32.5939 69
32.592 69
32.59 69
32.5881 69
32.5862 69
32.5843 69
32.5824 69
32.5807 69
32.5791 69
32.5775 69
32.5759 69
32.5743 69
32.5727 69
32.5711 69
32.5694 69
32.5678 69
32.5662 69
32.565 69
32.5638 69
32.5625 69
32.5613 69
32.56 69
32.5588 69
32.5576 69
32.5563 69
32.5551 69
32.5541 69
32.5531 69
32.5522 69
32.5513 69
32.5504 69
32.5494 69
32.5485 69
32.5477 69
32.5469 69
32.5461 69
32.5453 69
32.5445 69
32.5437 69
32.5429 69
32.5421 69
32.5413 69
32.5405 69
32.5397 69
32.5389 69
32.5381 69
32.5373 69
32.5365 69
32.5357 69
32.5348 69
32.534 69
32.5332 69
32.5324 69
32.5316 69
32.5308 69
32.5299 69
32.5291 69
32.5282 69
32.5273 69
32.5264 69
32.5255 69
32.5246 69
32.5238 69
32.5229 69
32.522 69
32.5211 69
32.5202 69
32.5193 69
32.5184 69
32.5175 69
32.5167 69
32.5158 69
32.5149 69
32.514 69
32.5131 69
32.5122 69
32.5113 69
32.5104 69
32.5095 69
32.5086 69
32.5077 69
32.5068 69
32.5059 69
32.505 69
32.5041 69
32.5031 69
32.5022 69
32.5013 69
32.5004 69
32.4995 69
32.4986 69
32.4977 69
32.4968 69
32.4959 69
32.4949 69
32.494 69
32.4931 69
32.4922 69
32.4913 69
32.4903 69
32.4894 69
32.4884 69
32.4874 69
32.4864 69
32.4854 69
32.4844 69
32.4834 69
32.4824 69
32.4813 69
32.4803 69
32.4793 69
32.4783 69
32.4773 69
32.4763 69
32.4753 69
32.4742 69
32.4732 69
32.4722 69
32.4712 69
32.4701 69
32.4691 69
32.4681 69
32.4671 69
32.466 69
32.465 69
32.464 69
32.4629 69
32.4619 69
32.4609 69
32.4598 69
32.4588 69
32.4578 69
32.4566 69
32.4555 69
32.4543 69
32.4532 69
32.4521 69
32.4509 69
32.4498 69
32.4486 69
32.4475 69
32.4463 69
32.4452 69
32.444 69
32.4429 69
32.4417 69
32.4406 69
32.4394 69
32.4382 69
32.4371 69
32.4359 69
32.4348 69
32.4336 69
32.4324 69
32.4312 69
32.43 69
32.4287 69
32.4272 69
32.4258 69
32.4244 69
32.4229 69
32.4215 69
32.42 69
32.4186 69
32.4171 69
32.4156 69
32.4142 69
32.4127 69
32.4112 69
32.4096 69
32.4081 69
32.4065 69
32.405 69
32.4034 69
32.4018 69
32.4003 69
32.3987 69
32.3972 69
32.3957 69
32.3943 69
32.3928 69
32.3913 69
32.3899 69
32.3884 69
32.3869 69
32.3855 69
32.3842 69
32.3829 69
32.3816 69
32.3803 69
32.379 69
32.3777 69
32.3764 69
32.3751 69
32.3737 69
32.3723 69
32.3709 69
32.3695 69
32.3681 69
32.3667 69
32.3655 69
32.3643 69
32.363 69
32.3618 69
32.3606 69
32.3593 69
32.3581 69
32.3568 69
32.3555 69
32.3541 69
32.3527 69
32.3513 69
32.3499 69
32.3486 69
32.3474 69
32.3461 69
32.3449 69
32.3437 69
32.3424 69
32.3412 69
32.34 69
32.3387 69
32.3374 69
32.3362 69
32.335 69
32.3337 69
32.3325 69
32.3313 69
32.3301 69
32.3289 69
32.3277 69
32.3265 69
32.3252 69
32.324 69
32.3228 69
32.3216 69
32.3204 69
32.3192 69
32.318 69
32.3167 69
32.3155 69
32.3143 69
32.3131 69
32.3119 69
32.3106 69
32.3094 69
32.3081 69
32.3069 69
32.3057 69
32.3044 69
32.3032 69
32.3019 69
32.3007 69
32.2994 69
32.2982 69
32.297 69
32.2958 69
32.2947 69
32.2935 69
32.2924 69
32.2912 69
32.2901 69
32.289 69
32.2878 69
32.2867 69
32.2855 69
32.2844 69
32.2833 69
32.2823 69
32.2814 69
32.2804 69
32.2794 69
32.2785 69
32.2775 69
32.2766 69
32.2756 69
32.2746 69
32.2737 69
32.2727 69
32.2718 69
32.2708 69
32.2698 69
32.2689 69
32.2679 69
32.2672 69
32.2664 69
32.2657 69
32.265 69
32.2642 69
32.2635 69
32.2627 69
32.262 69
32.2613 69
32.2605 69
32.2598 69
32.2591 69
32.2583 69
32.2576 69
32.2571 69
32.2565 69
32.256 69
32.2554 69
32.2549 69
32.2544 69
32.2538 69
32.2533 69
32.2527 69
32.2522 69
32.2518 69
32.2513 69
32.2509 69
32.2504 69
32.25 69
32.2495 69
32.249 69
32.2486 69
32.2481 69
32.2477 69
32.2472 69
32.2467 69
32.2463 69
32.2458 69
32.2454 69
32.2449 69
32.2444 69
32.244 69
32.2435 69
32.2431 69
32.2426 69
32.2422 69
32.2417 69
32.2412 69
32.2408 69
32.2403 69
32.2399 69
32.2394 69
32.2389 69
32.2385 69
32.238 69
32.2376 69
32.2371 69
32.2367 69
32.2362 69
32.2357 69
32.2353 69
32.2348 69
32.2344 69
32.2338 69
32.2332 69
32.2327 69
32.2321 69
32.2315 69
32.2309 69
32.2304 69
32.2298 69
32.2292 69
32.2286 69
32.2281 69
32.2275 69
32.2269 69
32.2263 69
32.2258 69
32.2252 69
32.2246 69
32.2241 69
32.2235 69
32.2229 69
32.2223 69
32.2218 69
32.2212 69
32.2206 69
32.2201 69
32.2195 69
32.2189 69
32.2183 69
32.2178 69
32.2172 69
32.2166 69
32.216 69
32.2155 69
32.2149 69
32.2143 69
32.2137 69
32.2133 69
32.2128 69
32.2123 69
32.2118 69
32.2113 69
32.2108 69
32.2104 69
32.2099 69
32.2094 69
32.2089 69
32.2084 69
32.208 69
32.2075 69
32.207 69
32.2065 69
32.206 69
32.2056 69
32.2051 69
32.2046 69
32.2041 69
32.2036 69
32.2032 69
32.2027 69
32.2022 69
32.2017 69
32.2012 69
32.2007 69
32.2003 69
32.1998 69
32.1993 69
32.1988 69
32.1983 69
32.1979 69
32.1975 69
32.1974 69
32.197 69
32.1971 69
32.1969 69
32.1969 69
32.1964 69
32.1975 69
32.196 69
32.1974 69
32.1954 69
32.0532 68.9331
32.0771 69
32.0781 69
32.0799 69
32.0949 69
32.1115 69
32.1281 69
32.1447 69
32.1569 69
32.1564 69
32.156 69
32.1555 69
32.155 69
32.1545 69
32.154 69
32.1535 69
32.153 69
32.1525 69
32.1521 69
32.1516 69
32.1511 69
32.1506 69
32.1501 69
32.1496 69
32.1491 69
32.1485 69
32.148 69
32.1475 69
32.147 69
32.1464 69
32.1459 69
32.1454 69
32.1449 69
32.1446 69
32.1443 69
32.144 69
32.1437 69
32.1434 69
32.1432 69
32.1429 69
32.1425 69
32.1422 69
32.1419 69
32.1416 69
32.1413 69
32.141 69
32.1407 69
32.1404 69
32.1401 69
32.1398 69
32.1395 69
32.1392 69
32.1389 69
32.1388 69
32.1387 69
32.1387 69
32.1386 69
32.1385 69
32.1384 69
32.1383 69
32.1383 69
32.1382 69
32.138 69
32.1378 69
32.1377 69
32.1375 69
32.1374 69
32.1374 69
32.1373 69
32.1372 69
32.1371 69
32.137 69
32.1369 69
32.1368 69
32.1367 69
32.1366 69
32.1365 69
32.1364 69
32.1364 69
32.1363 69
32.1362 69
32.1361 69
32.136 69
32.1359 69
32.1358 69
32.1357 69
32.1356 69
32.1355 69
32.1355 69
32.1354 69
32.1353 69
32.1352 69
32.1351 69
32.135 69
32.1349 69
32.1348 69
32.1347 69
32.1346 69
32.1346 69
32.1345 69
32.1344 69
32.1343 69
32.1342 69
32.1341 69
32.134 69
32.1339 69
32.1338 69
32.1337 69
32.1337 69
32.1336 69
32.1335 69
32.1334 69
32.1333 69
32.1332 69
32.1331 69
32.133 69
32.1329 69
32.1329 69
32.1328 69
32.1327 69
32.1326 69
32.1325 69
32.1324 69
32.1323 69
32.1322 69
32.1321 69
32.1321 69
32.132 69
32.1319 69
32.1318 69
32.1317 69
32.1316 69
32.1315 69
32.1314 69
32.1313 69
32.1313 69
32.1312 69
32.1311 69
32.131 69
32.1309 69
32.1308 69
32.1307 69
32.1306 69
32.1305 69
32.1305 69
32.1304 69
32.1303 69
32.1302 69
32.1301 69
32.13 69
32.1299 69
32.1298 69
32.1298 69
32.1297 69
32.1296 69
32.1295 69
32.1294 69
32.1293 69
32.1292 69
32.1291 69
32.1291 69
32.129 69
32.1289 69
32.1288 69
32.1287 69
32.1286 69
32.1285 69
32.1284 69
32.1284 69
32.1283 69
32.1282 69
32.1281 69
32.128 69
32.1279 69
32.1278 69
32.1277 69
32.1277 69
32.1276 69
32.1275 69
32.1274 69
32.1273 69
32.1272 69
32.1271 69
32.1271 69
32.127 69
32.1269 69
32.1268 69
32.1267 69
32.1266 69
32.1265 69
32.1264 69
32.1264 69
32.1263 69
32.1262 69
32.1261 69
32.126 69
32.1259 69
32.1258 69
32.1258 69
32.1257 69
32.1256 69
32.1255 69
32.1254 69
32.1253 69
32.1252 69
32.1252 69
32.1251 69
32.125 69
32.1249 69
32.1248 69
32.1247 69
32.1246 69
32.1246 69
32.1245 69
32.1244 69
32.1243 69
32.1242 69
32.1241 69
32.124 69
32.124 69
32.1239 69
32.1238 69
32.1237 69
32.1236 69
32.1235 69
32.1234 69
32.1234 69
32.1233 69
32.1232 69
32.1231 69
32.123 69
32.1229 69
32.1229 69
32.1228 69
32.1227 69
32.1226 69
32.1225 69
32.1224 69
32.1223 69
32.1223 69
32.1222 69
32.1221 69
32.122 69
32.1219 69
32.1218 69
32.1218 69
32.1217 69
32.1216 69
32.1215 69
32.1214 69
32.1213 69
32.1212 69
32.1212 69
32.1211 69
32.121 69
32.1209 69
32.1208 69
32.1207 69
32.1207 69
32.1206 69
32.1205 69
32.1204 69
32.1203 69
32.1202 69
32.1202 69
32.1201 69
32.12 69
32.1199 69
32.1198 69
32.1197 69
32.1197 69
32.1196 69
32.1195 69
32.1194 69
32.1193 69
32.1192 69
32.1192 69
32.1191 69
32.119 69
32.1189 69
32.1188 69
32.1187 69
32.1187 69
32.1186 69
32.1185 69
32.1184 69
32.1183 69
32.1182 69
32.1182 69
32.1181 69
32.118 69
32.1179 69
32.1178 69
32.1177 69
32.1177 69
32.1176 69
32.1175 69
32.1174 69
32.1173 69
32.1173 69
32.1172 69
32.1171 69
32.117 69
32.1169 69
32.1168 69
32.1168 69
32.1167 69
32.1166 69
32.1165 69
32.1164 69
32.1164 69
32.1163 69
32.1162 69
32.1161 69
32.116 69
32.1159 69
32.1159 69
32.1158 69
32.1157 69
32.1156 69
32.1155 69
32.1155 69
32.1154 69
32.1153 69
32.1152 69
32.1151 69
32.115 69
32.115 69
32.1149 69
32.1148 69
32.1147 69
32.1146 69
32.1146 69
32.1145 69
32.1144 69
32.1143 69
32.1142 69
32.1142 69
32.1141 69
32.114 69
32.1139 69
32.1138 69
32.1137 69
32.1137 69
32.1136 69
32.1135 69
32.1134 69
32.1133 69
32.1133 69
32.1132 69
32.1131 69
32.113 69
32.1129 69
32.1129 69
32.1128 69
32.1127 69
32.1126 69
32.1125 69
32.1125 69
32.1124 69
32.1123 69
32.1122 69
32.1121 69
32.1121 69
32.112 69
32.1119 69
32.1118 69
32.1117 69
32.1117 69
32.1116 69
32.1115 69
32.1114 69
32.1113 69
32.1113 69
32.1112 69
32.1111 69
32.111 69
32.1109 69
32.1109 69
32.1108 69
32.1107 69
32.1106 69
32.1106 69
32.1105 69
32.1104 69
32.1103 69
32.1102 69
32.1102 69
32.1101 69
32.11 69
32.1099 69
32.1098 69
32.1098 69
32.1097 69
32.1096 69
32.1095 69
32.1094 69
32.1094 69
32.1093 69
32.1092 69
32.1091 69
32.1091 69
32.109 69
32.1089 69
32.1088 69
32.1087 69
32.1087 69
32.1086 69
32.1085 69
32.1084 69
32.1084 69
32.1083 69
32.1082 69
32.1081 69
32.108 69
32.108 69
32.1079 69
32.1078 69
32.1077 69
32.1076 69
32.1076 69
32.1075 69
32.1074 69
32.1073 69
32.1073 69
32.1072 69
32.1071 69
32.107 69
32.107 69
32.1069 69
32.1068 69
32.1067 69
32.1066 69
32.1066 69
32.1065 69
32.1064 69
32.1063 69
32.1063 69
32.1062 69
32.1061 69
32.106 69
32.1059 69
32.1059 69
32.1058 69
32.1057 69
32.1056 69
32.1056 69
32.1055 69
32.1054 69
32.1053 69
32.1053 69
32.1052 69
32.1051 69
32.105 69
32.1049 69
32.1049 69
32.1048 69
32.1047 69
32.1046 69
32.1046 69
32.1045 69
32.1044 69
32.1043 69
32.1043 69
32.1042 69
32.1041 69
32.104 69
32.104 69
32.1039 69
32.1038 69
32.1037 69
32.1037 69
32.1036 69
32.1035 69
32.1034 69
32.1034 69
32.1033 69
32.1032 69
32.1031 69
32.103 69
32.103 69
32.1029 69
32.1028 69
32.1027 69
32.1027 69
32.1026 69
32.1025 69
32.1024 69
32.1024 69
32.1023 69
32.1022 69
32.1021 69
32.1021 69
32.102 69
32.1019 69
32.1018 69
32.1018 69
32.1017 69
32.1016 69
32.1015 69
32.1015 69
32.1014 69
32.1013 69
32.1012 69
32.1012 69
32.1011 69
32.101 69
32.1009 69
32.1009 69
32.1008 69
32.1007 69
32.1006 69
32.1006 69
32.1005 69
32.1004 69
32.1004 69
32.1003 69
32.1002 69
32.1001 69
32.1001 69
32.1 69
32.0999 69
32.0998 69
32.0998 69
32.0997 69
32.0996 69
32.0995 69
32.0995 69
32.0994 69
32.0993 69
32.0992 69
32.0992 69
32.0991 69
32.099 69
32.0989 69
32.0989 69
32.0988 69
32.0987 69
32.0986 69
32.0986 69
32.0985 69
32.0984 69
32.0984 69
32.0983 69
32.0982 69
32.0981 69
32.0981 69
32.098 69
32.0979 69
32.0978 69
32.0978 69
32.0977 69
32.0976 69
32.0975 69
32.0975 69
32.0974 69
32.0973 69
32.0973 69
32.0972 69
32.0971 69
32.097 69
32.097 69
32.0969 69
32.0968 69
32.0967 69
32.0967 69
32.0966 69
32.0965 69
32.0965 69
32.0964 69
32.0963 69
32.0962 69
32.0962 69
32.0961 69
32.096 69
32.096 69
32.0959 69
32.0958 69
32.0957 69
32.0957 69
32.0956 69
32.0955 69
32.0954 69
32.0954 69
32.0953 69
32.0952 69
32.0952 69
32.0951 69
32.095 69
32.0949 69
32.0949 69
32.0948 69
32.0947 69
32.0947 69
32.0946 69
32.0945 69
32.0944 69
32.0944 69
32.0943 69
32.0942 69
32.0942 69
32.0941 69
32.094 69
32.0939 69
32.0939 69
32.0938 69
32.0937 69
32.0937 69
32.0936 69
32.0935 69
32.0934 69
32.0934 69
32.0933 69
32.0932 69
32.0932 69
32.0931 69
32.093 69
32.093 69
32.0929 69
32.0928 69
32.0927 69
32.0927 69
32.0926 69
32.0925 69
32.0925 69
32.0924 69
32.0923 69
32.0922 69
32.0922 69
32.0921 69
32.092 69
32.092 69
32.0919 69
32.0918 69
32.0918 69
32.0917 69
32.0916 69
32.0915 69
32.0915 69
32.0914 69
32.0913 69
32.0913 69
32.0912 69
32.0911 69
32.0911 69
32.091 69
32.0909 69
32.0908 69
32.0908 69
32.0907 69
32.0906 69
32.0906 69
32.0905 69
32.0904 69
32.0904 69
32.0903 69
32.0902 69
32.0902 69
32.0901 69
32.09 69
32.0899 69
32.0899 69
32.0898 69
32.0897 69
32.0897 69
32.0896 69
32.0895 69
32.0895 69
32.0894 69
32.0893 69
32.0893 69
32.0892 69
32.0891 69
32.0891 69
32.089 69
32.0889 69
32.0888 69
32.0888 69
32.0887 69
32.0886 69
32.0886 69
32.0885 69
32.0884 69
32.0884 69
32.0883 69
32.0882 69
32.0882 69
32.0881 69
32.088 69
32.088 69
32.0879 69
32.0878 69
32.0878 69
32.0877 69
32.0876 69
32.0876 69
32.0875 69
32.0874 69
32.0874 69
32.0873 69
32.0872 69
32.0871 69
32.0871 69
32.087 69
32.0869 69
32.0869 69
32.0868 69
32.0867 69
32.0867 69
32.0866 69
32.0865 69
32.0865 69
32.0864 69
32.0863 69
32.0863 69
32.0862 69
32.0861 69
32.0861 69
32.086 69
32.0859 69
32.0859 69
32.0858 69
32.0857 69
32.0857 69
32.0856 69
32.0855 69
32.0855 69
32.0854 69
32.0853 69
32.0852 69
32.0852 69
32.0851 69
32.085 69
32.085 69
32.0849 69
32.0848 69
32.0848 69
32.0847 69
32.0846 69
32.0846 69
32.0845 69
32.0844 69
32.0844 69
32.0843 69
32.0842 69
32.0842 69
32.0841 69
32.084 69
32.084 69
32.0839 69
32.0838 69
32.0838 69
32.0837 69
32.0836 69
32.0836 69
32.0835 69
32.0834 69
32.0834 69
32.0833 69
32.0832 69
32.0832 69
32.0831 69
32.083 69
32.083 69
32.0829 69
32.0828 69
32.0828 69
32.0827 69
32.0826 69
32.0826 69
32.0825 69
32.0824 69
32.0824 69
32.0823 69
32.0822 69
32.0822 69
32.0821 69
32.082 69
32.082 69
32.0819 69
32.0818 69
32.0818 69
32.0817 69
32.0816 69
32.0816 69
32.0815 69
32.0814 69
32.0814 69
32.0813 69
32.0813 69
32.0812 69
32.0811 69
32.0811 69
32.081 69
32.0809 69
32.0809 69
32.0808 69
32.0807 69
32.0807 69
32.0806 69
32.0805 69
32.0805 69
32.0804 69
32.0803 69
32.0803 69
32.0802 69
32.0801 69
32.0801 69
32.08 69
32.08 69
32.0799 69
32.0798 69
32.0798 69
32.0797 69
32.0796 69
32.0796 69
32.0795 69
32.0794 69
32.0794 69
32.0793 69
32.0792 69
32.0792 69
32.0791 69
32.079 69
32.079 69
32.0789 69
32.0789 69
32.0788 69
32.0787 69
32.0787 69
32.0786 69
32.0785 69
32.0785 69
32.0784 69
32.0783 69
32.0783 69
32.0782 69
32.0782 69
32.0781 69
32.078 69
32.078 69
32.0779 69
32.0778 69
32.0778 69
32.0777 69
32.0776 69
32.0776 69
32.0775 69
32.0775 69
32.0774 69
32.0773 69
32.0773 69
32.0772 69
32.0771 69
32.0771 69
32.077 69
32.077 69
32.0769 69
32.0768 69
32.0768 69
32.0767 69
32.0766 69
32.0766 69
32.0765 69
32.0764 69
32.0764 69
32.0763 69
32.0763 69
32.0762 69
32.0761 69
32.0761 69
32.076 69
32.0759 69
32.0759 69
32.0758 69
32.0758 69
32.0757 69
32.0756 69
32.0756 69
32.0755 69
32.0755 69
32.0754 69
32.0753 69
32.0753 69
32.0752 69
32.0751 69
32.0751 69
32.075 69
32.075 69
32.0749 69
32.0748 69
32.0748 69
32.0747 69
32.0746 69
32.0746 69
32.0745 69
32.0745 69
32.0744 69
32.0743 69
32.0743 69
32.0742 69
32.0742 69
32.0741 69
32.074 69
32.074 69
32.0739 69
32.0738 69
32.0738 69
32.0737 69
32.0737 69
32.0736 69
32.0735 69
32.0735 69
32.0734 69
32.0734 69
32.0733 69
32.0732 69
32.0732 69
32.0731 69
32.0731 69
32.073 69
32.0729 69
32.0729 69
32.0728 69
32.0728 69
32.0727 69
32.0726 69
32.0726 69
32.0725 69
32.0725 69
32.0724 69
32.0723 69
32.0723 69
32.0722 69
32.0722 69
32.0721 69
32.072 69
32.072 69
32.0719 69
32.0719 69
32.0718 69
32.0717 69
32.0717 69
32.0716 69
32.0716 69
32.0715 69
32.0714 69
32.0714 69
32.0713 69
32.0713 69
32.0712 69
32.0711 69
32.0711 69
32.071 69
32.071 69
32.0709 69
32.0708 69
32.0708 69
32.0707 69
32.0707 69
32.0706 69
32.0705 69
32.0705 69
32.0704 69
32.0704 69
32.0703 69
32.0703 69
32.0702 69
32.0701 69
32.0701 69
32.07 69
32.07 69
32.0699 69
32.0698 69
32.0698 69
32.0697 69
32.0697 69
32.0696 69
32.0695 69
32.0695 69
32.0694 69
32.0694 69
32.0693 69
32.0693 69
32.0692 69
32.0691 69
32.0691 69
32.069 69
32.069 69
32.0689 69
32.0688 69
32.0688 69
32.0687 69
32.0687 69
32.0686 69
32.0686 69
32.0685 69
32.0684 69
32.0684 69
32.0683 69
32.0683 69
32.0682 69
32.0682 69
32.0681 69
32.068 69
32.068 69
32.0679 69
32.0679 69
32.0678 69
32.0678 69
32.0677 69
32.0676 69
32.0676 69
32.0675 69
32.0675 69
32.0674 69
32.0674 69
32.0673 69
32.0672 69
32.0672 69
32.0671 69
32.0671 69
32.067 69
32.067 69
32.0669 69
32.0668 69
32.0668 69
32.0667 69
32.0667 69
32.0666 69
32.0666 69
32.0665 69
32.0664 69
32.0664 69
32.0663 69
32.0663 69
32.0662 69
32.0662 69
32.0661 69
32.0661 69
32.066 69
32.0659 69
32.0659 69
32.0658 69
32.0658 69
32.0657 69
32.0657 69
32.0656 69
32.0656 69
32.0655 69
32.0654 69
32.0654 69
32.0653 69
32.0653 69
32.0652 69
32.0652 69
32.0651 69
32.065 69
32.065 69
32.0649 69
32.0649 69
32.0648 69
32.0648 69
32.0647 69
32.0647 69
32.0646 69
32.0646 69
32.0645 69
32.0644 69
32.0644 69
32.0643 69
32.0643 69
32.0642 69
32.0642 69
32.0641 69
32.0641 69
32.064 69
32.0639 69
32.0639 69
32.0638 69
32.0638 69
32.0637 69
32.0637 69
32.0636 69
32.0636 69
32.0635 69
32.0635 69
32.0634 69
32.0633 69
32.0633 69
32.0632 69
32.0632 69
32.0631 69
32.0631 69
32.063 69
32.063 69
32.0629 69
32.0629 69
32.0628 69
32.0628 69
32.0627 69
32.0626 69
32.0626 69
32.0625 69
32.0625 69
32.0624 69
32.0624 69
32.0623 69
32.0623 69
32.0622 69
32.0622 69
32.0621 69
32.0621 69
32.062 69
32.0619 69
32.0619 69
32.0618 69
32.0618 69
32.0617 69
32.0617 69
32.0616 69
32.0616 69
32.0615 69
32.0615 69
32.0614 69
32.0614 69
32.0613 69
32.0613 69
32.0612 69
32.0612 69
32.0611 69
32.061 69
32.061 69
32.0609 69
32.0609 69
32.0608 69
32.0608 69
32.0607 69
32.0607 69
32.0606 69
32.0606 69
32.0605 69
32.0605 69
32.0604 69
32.0604 69
32.0603 69
32.0603 69
32.0602 69
32.0602 69
32.0601 69
32.0601 69
32.06 69
32.0599 69
32.0599 69
32.0598 69
32.0598 69
32.0597 69
32.0597 69
32.0596 69
32.0596 69
32.0595 69
32.0595 69
32.0594 69
32.0594 69
32.0593 69
32.0593 69
32.0592 69
32.0592 69
32.0591 69
32.0591 69
32.059 69
32.059 69
32.0589 69
32.0589 69
32.0588 69
32.0588 69
32.0587 69
32.0587 69
32.0586 69
32.0586 69
32.0585 69
32.0585 69
32.0584 69
32.0584 69
32.0583 69
32.0583 69
32.0582 69
32.0582 69
32.0581 69
32.0581 69
32.058 69
32.058 69
32.0579 69
32.0579 69
32.0578 69
32.0578 69
32.0577 69
32.0577 69
32.0576 69
32.0576 69
32.0575 69
32.0575 69
32.0574 69
32.0574 69
32.0573 69
32.0573 69
32.0572 69
32.0572 69
32.0571 69
32.0571 69
32.057 69
32.057 69
32.0569 69
32.0569 69
32.0568 69
32.0568 69
32.0567 69
32.0567 69
32.0566 69
32.0566 69
32.0565 69
32.0565 69
32.0564 69
32.0564 69
32.0563 69
32.0563 69
32.0562 69
32.0562 69
32.0561 69
32.0561 69
32.056 69
32.056 69
32.0559 69
32.0559 69
32.0558 69
32.0558 69
32.0557 69
32.0557 69
32.0556 69
32.0556 69
32.0555 69
32.0555 69
32.0554 69
32.0554 69
32.0553 69
32.0553 69
32.0552 69
32.0552 69
32.0551 69
32.0551 69
32.055 69
32.055 69
32.0549 69
32.0549 69
32.0548 69
32.0548 69
32.0548 69
32.0547 69
32.0547 69
32.0546 69
32.0546 69
32.0545 69
32.0545 69
32.0544 69
32.0544 69
32.0543 69
32.0543 69
32.0542 69
32.0542 69
32.0541 69
32.0541 69
32.054 69
32.054 69
32.0539 69
32.0539 69
32.0538 69
32.0538 69
32.0538 69
32.0537 69
32.0537 69
32.0536 69
32.0536 69
32.0535 69
32.0535 69
32.0534 69
32.0534 69
32.0533 69
32.0533 69
32.0532 69
32.0532 69
32.0531 69
32.0531 69
32.053 69
32.053 69
32.053 69
32.0529 69
32.0529 69
32.0528 69
32.0528 69
32.0527 69
32.0527 69
32.0526 69
32.0526 69
32.0525 69
32.0525 69
32.0524 69
32.0524 69
32.0524 69
32.0523 69
32.0523 69
32.0522 69
32.0522 69
32.0521 69
32.0521 69
32.052 69
32.052 69
32.0519 69
32.0519 69
32.0518 69
32.0518 69
32.0518 69
32.0517 69
32.0517 69
32.0516 69
32.0516 69
32.0516 69
32.0515 69
32.0515 69
32.0515 69
32.0514 69
32.0514 69
32.0513 69
32.0513 69
32.0513 69
32.0512 69
32.0512 69
32.0512 69
32.0511 69
32.0511 69
32.0511 69
32.051 69
32.051 69
32.051 69
32.0509 69
32.0509 69
32.0508 69
32.0508 69
32.0508 69
32.0507 69
32.0507 69
32.0507 69
32.0507 69
32.0507 69
32.0507 69
32.0506 69
32.0506 69
32.0506 69
32.0506 69
32.0506 69
32.0505 69
32.0505 69
32.0505 69
32.0505 69
32.0505 69
32.0505 69
32.0504 69
32.0504 69
32.0504 69
32.0504 69
32.0504 69
32.0504 69
32.0503 69
32.0503 69
32.0503 69
32.0503 69
32.0503 69
32.0503 69
32.0502 69
32.0502 69
32.0502 69
32.0502 69
32.0502 69
32.0502 69
32.0501 69
32.0501 69
32.0501 69
32.0501 69
32.0501 69
32.0501 69
32.0501 69
32.0501 69
32.0501 69
32.0501 69
32.0501 69
32.0501 69
32.0501 69
32.0501 69
32.0501 69
32.0501 69
32.0501 69
32.0501 69
32.0501 69
32.0502 69
32.0502 69
32.0502 69
32.0502 69
32.0502 69
32.0502 69
32.0502 69
32.0502 69
32.0502 69
32.0502 69
32.0502 69
32.0502 69
32.0502 69
32.0502 69
32.0502 69
32.0502 69
32.0502 69
32.0502 69
32.0503 69
32.0503 69
32.0503 69
32.0503 69
32.0503 69
32.0503 69
32.0504 69
32.0504 69
32.0504 69
32.0504 69
32.0505 69
32.0505 69
32.0505 69
32.0505 69
32.0506 69
32.0506 69
32.0506 69
32.0506 69
32.0507 69
32.0507 69
32.0507 69
32.0507 69
32.0507 69
32.0508 69
32.0508 69
32.0508 69
32.0508 69
32.0509 69
32.0509 69
32.0509 69
32.051 69
32.051 69
32.051 69
32.0511 69
32.0511 69
32.0511 69
32.0512 69
32.0512 69
32.0512 69
32.0513 69
32.0513 69
32.0513 69
32.0514 69
32.0514 69
32.0514 69
32.0515 69
32.0515 69
32.0515 69
32.0516 69
32.0516 69
32.0516 69
32.0517 69
32.0517 69
32.0517 69
32.0518 69
32.0518 69
32.0518 69
32.0519 69
32.0519 69
32.0519 69
32.052 69
32.052 69
32.052 69
32.0521 69
32.0521 69
32.0521 69
32.0522 69
32.0522 69
32.0522 69
32.0523 69
32.0523 69
32.0523 69
32.0524 69
32.0524 69
32.0524 69
32.0525 69
32.0525 69
32.0525 69
32.0526 69
32.0526 69
32.0527 69
32.0527 69
32.0527 69
32.0528 69
32.0528 69
32.0528 69
32.0529 69
32.0529 69
32.0529 69
32.053 69
32.053 69
32.053 69
32.0531 69
32.0531 69
32.0531 69
32.0532 69
32.0532 69
32.0532 69
32.0533 69
32.0533 69
32.0533 69
32.0534 69
32.0534 69
32.0535 69
32.0535 69
32.0535 69
32.0536 69
32.0536 69
32.0536 69
32.0537 69
32.0537 69
32.0537 69
32.0538 69
32.0538 69
32.0538 69
32.0539 69
32.0539 69
32.0539 69
32.054 69
32.054 69
32.0541 69
32.0541 69
32.0541 69
32.0542 69
32.0542 69
32.0542 69
32.0543 69
32.0543 69
32.0543 69
32.0544 69
32.0544 69
32.0545 69
32.0545 69
32.0545 69
32.0546 69
32.0546 69
32.0546 69
32.0547 69
32.0547 69
32.0547 69
32.0548 69
32.0548 69
32.0549 69
32.0549 69
32.0549 69
32.055 69
32.055 69
32.055 69
32.0551 69
32.0551 69
32.0551 69
32.0552 69
32.0552 69
32.0553 69
32.0553 69
32.0553 69
32.0554 69
32.0554 69
32.0554 69
32.0555 69
32.0555 69
32.0556 69
32.0556 69
32.0556 69
32.0557 69
32.0557 69
32.0557 69
32.0558 69
32.0558 69
32.0559 69
32.0559 69
32.0559 69
32.056 69
32.056 69
32.056 69
32.0561 69
32.0561 69
32.0562 69
32.0562 69
32.0562 69
32.0563 69
32.0563 69
32.0563 69
32.0564 69
32.0564 69
32.0565 69
32.0565 69
32.0565 69
32.0566 69
32.0566 69
32.0567 69
32.0567 69
32.0567 69
32.0568 69
32.0568 69
32.0568 69
32.0569 69
32.0569 69
32.057 69
32.057 69
32.057 69
32.0571 69
32.0571 69
32.0572 69
32.0572 69
32.0572 69
32.0573 69
32.0573 69
32.0574 69
32.0574 69
32.0574 69
32.0575 69
32.0575 69
32.0575 69
32.0576 69
32.0576 69
32.0577 69
32.0577 69
32.0577 69
32.0578 69
32.0578 69
32.0579 69
32.0579 69
32.0579 69
32.058 69
32.058 69
32.0581 69
32.0581 69
32.0581 69
32.0582 69
32.0582 69
32.0583 69
32.0583 69
32.0583 69
32.0584 69
32.0584 69
32.0585 69
32.0585 69
32.0585 69
32.0586 69
32.0586 69
32.0587 69
32.0587 69
32.0587 69
32.0588 69
32.0588 69
32.0589 69
32.0589 69
32.0589 69
32.059 69
32.059 69
32.0591 69
32.0591 69
32.0592 69
32.0592 69
32.0592 69
32.0593 69
32.0593 69
32.0594 69
32.0594 69
32.0594 69
32.0595 69
32.0595 69
32.0596 69
32.0596 69
32.0596 69
32.0597 69
32.0597 69
32.0598 69
32.0598 69
32.0599 69
32.0599 69
32.0599 69
32.06 69
32.06 69
32.0601 69
32.0601 69
32.0601 69
32.0602 69
32.0602 69
32.0603 69
32.0603 69
32.0604 69
32.0604 69
32.0604 69
32.0605 69
32.0605 69
32.0606 69
32.0606 69
32.0606 69
32.0607 69
32.0607 69
32.0608 69
32.0608 69
32.0609 69
32.0609 69
32.0609 69
32.061 69
32.061 69
32.0611 69
32.0611 69
32.0612 69
32.0612 69
32.0612 69
32.0613 69
32.0613 69
32.0614 69
32.0614 69
32.0615 69
32.0615 69
32.0615 69
32.0616 69
32.0616 69
32.0617 69
32.0617 69
32.0618 69
32.0618 69
32.0618 69
32.0619 69
32.0619 69
32.062 69
32.062 69
32.0621 69
32.0621 69
32.0621 69
32.0622 69
32.0622 69
32.0623 69
32.0623 69
32.0624 69
32.0624 69
32.0625 69
32.0625 69
32.0625 69
32.0626 69
32.0626 69
32.0627 69
32.0627 69
32.0628 69
32.0628 69
32.0628 69
32.0629 69
32.0629 69
32.063 69
32.063 69
32.0631 69
32.0631 69
32.0632 69
32.0632 69
32.0632 69
32.0633 69
32.0633 69
32.0634 69
32.0634 69
32.0635 69
32.0635 69
32.0636 69
32.0636 69
32.0636 69
32.0637 69
32.0637 69
32.0638 69
32.0638 69
32.0639 69
32.0639 69
32.064 69
32.064 69
32.0641 69
32.0641 69
32.0641 69
32.0642 69
32.0642 69
32.0643 69
32.0643 69
32.0644 69
32.0644 69
32.0645 69
32.0645 69
32.0645 69
32.0646 69
32.0646 69
32.0647 69
32.0647 69
32.0648 69
32.0648 69
32.0649 69
32.0649 69
32.065 69
32.065 69
32.0651 69
32.0651 69
32.0651 69
32.0652 69
32.0652 69
32.0653 69
32.0653 69
32.0654 69
32.0654 69
32.0655 69
32.0655 69
32.0656 69
32.0656 69
32.0657 69
32.0657 69
32.0657 69
32.0658 69
32.0658 69
32.0659 69
32.0659 69
32.066 69
32.066 69
32.0661 69
32.0661 69
32.0662 69
32.0662 69
32.0663 69
32.0663 69
32.0664 69
32.0664 69
32.0664 69
32.0665 69
32.0665 69
32.0666 69
32.0666 69
32.0667 69
32.0667 69
32.0668 69
32.0668 69
32.0669 69
32.0669 69
32.067 69
32.067 69
32.0671 69
32.0671 69
32.0672 69
32.0672 69
32.0673 69
32.0673 69
32.0673 69
32.0674 69
32.0674 69
32.0675 69
32.0675 69
32.0676 69
32.0676 69
32.0677 69
32.0677 69
32.0678 69
32.0678 69
32.0679 69
32.0679 69
32.068 69
32.068 69
32.0681 69
32.0681 69
32.0682 69
32.0682 69
32.0683 69
32.0683 69
32.0684 69
32.0684 69
32.0685 69
32.0685 69
32.0686 69
32.0686 69
32.0687 69
32.0687 69
32.0687 69
32.0688 69
32.0688 69
32.0689 69
32.0689 69
32.069 69
32.069 69
32.0691 69
32.0691 69
32.0692 69
32.0692 69
32.0693 69
32.0693 69
32.0694 69
32.0694 69
32.0695 69
32.0695 69
32.0696 69
32.0696 69
32.0697 69
32.0697 69
32.0698 69
32.0698 69
32.0699 69
32.0699 69
32.07 69
32.07 69
32.0701 69
32.0701 69
32.0702 69
32.0702 69
32.0703 69
32.0703 69
32.0704 69
32.0704 69
32.0705 69
32.0705 69
32.0706 69
32.0706 69
32.0707 69
32.0707 69
32.0708 69
32.0708 69
32.0709 69
32.0709 69
32.071 69
32.071 69
32.0711 69
32.0711 69
32.0712 69
32.0712 69
32.0713 69
32.0713 69
32.0714 69
32.0714 69
32.0715 69
32.0715 69
32.0716 69
32.0716 69
32.0717 69
32.0717 69
32.0718 69
32.0718 69
32.0719 69
32.072 69
32.072 69
32.0721 69
32.0721 69
32.0722 69
32.0722 69
32.0723 69
32.0723 69
32.0724 69
32.0724 69
32.0725 69
32.0725 69
32.0726 69
32.0726 69
32.0727 69
32.0727 69
32.0728 69
32.0728 69
32.0729 69
32.0729 69
32.073 69
32.073 69
32.0731 69
32.0731 69
32.0732 69
32.0732 69
32.0733 69
32.0733 69
32.0734 69
32.0735 69
32.0735 69
32.0736 69
32.0736 69
32.0737 69
32.0737 69
32.0738 69
32.0738 69
32.0739 69
32.0739 69
32.074 69
32.074 69
32.0741 69
32.0741 69
32.0742 69
32.0742 69
32.0743 69
32.0743 69
32.0744 69
32.0745 69
32.0745 69
32.0746 69
32.0746 69
32.0747 69
32.0747 69
32.0748 69
32.0748 69
32.0749 69
32.0749 69
32.075 69
32.075 69
32.0751 69
32.0751 69
32.0752 69
32.0753 69
32.0753 69
32.0754 69
32.0754 69
32.0755 69
32.0755 69
32.0756 69
32.0756 69
32.0757 69
32.0757 69
32.0758 69
32.0758 69
32.0759 69
32.076 69
32.076 69
32.0761 69
32.0761 69
32.0762 69
32.0762 69
32.0763 69
32.0763 69
32.0764 69
32.0764 69
32.0765 69
32.0766 69
32.0766 69
32.0767 69
32.0767 69
32.0768 69
32.0768 69
32.0769 69
32.0769 69
32.077 69
32.077 69
32.0771 69
32.0772 69
32.0772 69
32.0773 69
32.0773 69
32.0774 69
32.0774 69
32.0775 69
32.0775 69
32.0776 69
32.0777 69
32.0777 69
32.0778 69
32.0778 69
32.0779 69
32.0779 69
32.078 69
32.078 69
32.0781 69
32.0782 69
32.0782 69
32.0783 69
32.0783 69
32.0784 69
32.0784 69
32.0785 69
32.0785 69
32.0786 69
32.0787 69
32.0787 69
32.0788 69
32.0788 69
32.0789 69
32.0789 69
32.079 69
32.079 69
32.0791 69
32.0792 69
32.0792 69
32.0793 69
32.0793 69
32.0794 69
32.0794 69
32.0795 69
32.0796 69
32.0796 69
32.0797 69
32.0797 69
32.0798 69
32.0798 69
32.0799 69
32.0799 69
32.08 69
32.0801 69
32.0801 69
32.0802 69
32.0802 69
32.0803 69
32.0803 69
32.0804 69
32.0805 69
32.0805 69
32.0806 69
32.0806 69
32.0807 69
32.0807 69
32.0808 69
32.0809 69
32.0809 69
32.081 69
32.081 69
32.0811 69
32.0812 69
32.0812 69
32.0813 69
32.0813 69
32.0814 69
32.0814 69
32.0815 69
32.0816 69
32.0816 69
32.0817 69
32.0817 69
32.0818 69
32.0818 69
32.0819 69
32.082 69
32.082 69
32.0821 69
32.0821 69
32.0822 69
32.0823 69
32.0823 69
32.0824 69
32.0824 69
32.0825 69
32.0825 69
32.0826 69
32.0827 69
32.0827 69
32.0828 69
32.0828 69
32.0829 69
32.083 69
32.083 69
32.0831 69
32.0831 69
32.0832 69
32.0832 69
32.0833 69
32.0834 69
32.0834 69
32.0835 69
32.0835 69
32.0836 69
32.0837 69
32.0837 69
32.0838 69
32.0838 69
32.0839 69
32.084 69
32.084 69
32.0841 69
32.0841 69
32.0842 69
32.0843 69
32.0843 69
32.0844 69
32.0844 69
32.0845 69
32.0846 69
32.0846 69
32.0847 69
32.0847 69
32.0848 69
32.0849 69
32.0849 69
32.085 69
32.085 69
32.0851 69
32.0852 69
32.0852 69
32.0853 69
32.0853 69
32.0854 69
32.0855 69
32.0855 69
32.0856 69
32.0856 69
32.0857 69
32.0858 69
32.0858 69
32.0859 69
32.0859 69
32.086 69
32.0861 69
32.0861 69
32.0862 69
32.0862 69
32.0863 69
32.0864 69
32.0864 69
32.0865 69
32.0865 69
32.0866 69
32.0867 69
32.0867 69
32.0868 69
32.0869 69
32.0869 69
32.087 69
32.087 69
32.0871 69
32.0872 69
32.0872 69
32.0873 69
32.0873 69
32.0874 69
32.0875 69
32.0875 69
32.0876 69
32.0877 69
32.0877 69
32.0878 69
32.0878 69
32.0879 69
32.088 69
32.088 69
32.0881 69
32.0881 69
32.0882 69
32.0883 69
32.0883 69
32.0884 69
32.0885 69
32.0885 69
32.0886 69
32.0886 69
32.0887 69
32.0888 69
32.0888 69
32.0889 69
32.0889 69
32.089 69
32.0891 69
32.0891 69
32.0892 69
32.0893 69
32.0893 69
32.0894 69
32.0894 69
32.0895 69
32.0896 69
32.0896 69
32.0897 69
32.0898 69
32.0898 69
32.0899 69
32.0899 69
32.09 69
32.0901 69
32.0901 69
32.0902 69
32.0903 69
32.0903 69
32.0904 69
32.0904 69
32.0905 69
32.0906 69
32.0906 69
32.0907 69
32.0908 69
32.0908 69
32.0909 69
32.0909 69
32.091 69
32.0911 69
32.0911 69
32.0912 69
32.0913 69
32.0913 69
32.0914 69
32.0915 69
32.0915 69
32.0916 69
32.0916 69
32.0917 69
32.0918 69
32.0918 69
32.0919 69
32.092 69
32.092 69
32.0921 69
32.0922 69
32.0922 69
32.0923 69
32.0923 69
32.0924 69
32.0925 69
32.0925 69
32.0926 69
32.0927 69
32.0927 69
32.0928 69
32.0929 69
32.0929 69
32.093 69
32.0931 69
32.0931 69
32.0932 69
32.0932 69
32.0933 69
32.0934 69
32.0934 69
32.0935 69
32.0936 69
32.0936 69
32.0937 69
32.0938 69
32.0938 69
32.0939 69
32.094 69
32.094 69
32.0941 69
32.0942 69
32.0942 69
32.0943 69
32.0944 69
32.0944 69
32.0945 69
32.0945 69
32.0946 69
32.0947 69
32.0947 69
32.0948 69
32.0949 69
32.0949 69
32.095 69
32.0951 69
32.0951 69
32.0952 69
32.0953 69
32.0953 69
32.0954 69
32.0955 69
32.0955 69
32.0956 69
32.0957 69
32.0957 69
32.0958 69
32.0959 69
32.0959 69
32.096 69
32.0961 69
32.0961 69
32.0962 69
32.0963 69
32.0963 69
32.0964 69
32.0965 69
32.0965 69
32.0966 69
32.0967 69
32.0967 69
32.0968 69
32.0969 69
32.0969 69
32.097 69
32.0971 69
32.0971 69
32.0972 69
32.0973 69
32.0973 69
32.0974 69
32.0975 69
32.0975 69
32.0976 69
32.0977 69
32.0977 69
32.0978 69
32.0979 69
32.0979 69
32.098 69
32.0981 69
32.0981 69
32.0982 69
32.0983 69
32.0983 69
32.0984 69
32.0985 69
32.0985 69
32.0986 69
32.0987 69
32.0987 69
32.0988 69
32.0989 69
32.0989 69
32.099 69
32.0991 69
32.0991 69
32.0992 69
32.0993 69
32.0993 69
32.0994 69
32.0995 69
32.0996 69
32.0996 69
32.0997 69
32.0998 69
32.0998 69
32.0999 69
32.1 69
32.1 69
32.1001 69
32.1002 69
32.1002 69
32.1003 69
32.1004 69
32.1004 69
32.1005 69
32.1006 69
32.1006 69
32.1007 69
32.1008 69
32.1009 69
32.1009 69
32.101 69
32.1011 69
32.1011 69
32.1012 69
32.1013 69
32.1013 69
32.1014 69
32.1015 69
32.1015 69
32.1016 69
32.1017 69
32.1018 69
32.1018 69
32.1019 69
32.102 69
32.102 69
32.1021 69
32.1022 69
32.1022 69
32.1023 69
32.1024 69
32.1024 69
32.1025 69
32.1026 69
32.1027 69
32.1027 69
32.1028 69
32.1029 69
32.1029 69
32.103 69
32.1031 69
32.1031 69
32.1032 69
32.1033 69
32.1034 69
32.1034 69
32.1035 69
32.1036 69
32.1036 69
32.1037 69
32.1038 69
32.1038 69
32.1039 69
32.104 69
32.1041 69
32.1041 69
32.1042 69
32.1043 69
32.1043 69
32.1044 69
32.1045 69
32.1046 69
32.1046 69
32.1047 69
32.1048 69
32.1048 69
32.1049 69
32.105 69
32.1051 69
32.1051 69
32.1052 69
32.1053 69
32.1053 69
32.1054 69
32.1055 69
32.1056 69
32.1056 69
32.1057 69
32.1058 69
32.1058 69
32.1059 69
32.106 69
32.1061 69
32.1061 69
32.1062 69
32.1063 69
32.1063 69
32.1064 69
32.1065 69
32.1066 69
32.1066 69
32.1067 69
32.1068 69
32.1068 69
32.1069 69
32.107 69
32.1071 69
32.1071 69
32.1072 69
32.1073 69
32.1073 69
32.1074 69
32.1075 69
32.1076 69
32.1076 69
32.1077 69
32.1078 69
32.1079 69
32.1079 69
32.108 69
32.1081 69
32.1081 69
32.1082 69
32.1083 69
32.1084 69
32.1084 69
32.1085 69
32.1086 69
32.1087 69
32.1087 69
32.1088 69
32.1089 69
32.1089 69
32.109 69
32.1091 69
32.1092 69
32.1092 69
32.1093 69
32.1094 69
32.1095 69
32.1095 69
32.1096 69
32.1097 69
32.1098 69
32.1098 69
32.1099 69
32.11 69
32.1101 69
32.1101 69
32.1102 69
32.1103 69
32.1103 69
32.1104 69
32.1105 69
32.1106 69
32.1106 69
32.1107 69
32.1108 69
32.1109 69
32.1109 69
32.111 69
32.1111 69
32.1112 69
32.1112 69
32.1113 69
32.1114 69
32.1115 69
32.1115 69
32.1116 69
32.1117 69
32.1118 69
32.1118 69
32.1119 69
32.112 69
32.1121 69
32.1121 69
32.1122 69
32.1123 69
32.1124 69
32.1124 69
32.1125 69
32.1126 69
32.1127 69
32.1127 69
32.1128 69
32.1129 69
32.113 69
32.113 69
32.1131 69
32.1132 69
32.1133 69
32.1133 69
32.1134 69
32.1135 69
32.1136 69
32.1136 69
32.1137 69
32.1138 69
32.1139 69
32.1139 69
32.114 69
32.1141 69
32.1142 69
32.1142 69
32.1143 69
32.1144 69
32.1145 69
32.1145 69
32.1146 69
32.1147 69
32.1148 69
32.1148 69
32.1149 69
32.115 69
32.1151 69
32.1152 69
32.1152 69
32.1153 69
32.1154 69
32.1155 69
32.1155 69
32.1156 69
32.1157 69
32.1158 69
32.1158 69
32.1159 69
32.116 69
32.1161 69
32.1162 69
32.1162 69
32.1163 69
32.1164 69
32.1165 69
32.1165 69
32.1166 69
32.1167 69
32.1168 69
32.1168 69
32.1169 69
32.117 69
32.1171 69
32.1172 69
32.1172 69
32.1173 69
32.1174 69
32.1175 69
32.1175 69
32.1176 69
32.1177 69
32.1178 69
32.1178 69
32.1179 69
32.118 69
32.1181 69
32.1182 69
32.1182 69
32.1183 69
32.1184 69
32.1185 69
32.1186 69
32.1186 69
32.1187 69
32.1188 69
32.1189 69
32.1189 69
32.119 69
32.1191 69
32.1192 69
32.1193 69
32.1193 69
32.1194 69
32.1195 69
32.1196 69
32.1196 69
32.1197 69
32.1198 69
32.1199 69
32.12 69
32.12 69
32.1201 69
32.1202 69
32.1203 69
32.1204 69
32.1204 69
32.1205 69
32.1206 69
32.1207 69
32.1207 69
32.1208 69
32.1209 69
32.121 69
32.1211 69
32.1211 69
32.1212 69
32.1213 69
32.1214 69
32.1215 69
32.1215 69
32.1216 69
32.1217 69
32.1218 69
32.1219 69
32.1219 69
32.122 69
32.1221 69
32.1222 69
32.1223 69
32.1223 69
32.1224 69
32.1225 69
32.1226 69
32.1227 69
32.1227 69
32.1228 69
32.1229 69
32.123 69
32.1231 69
32.1231 69
32.1232 69
32.1233 69
32.1234 69
32.1235 69
32.1235 69
32.1236 69
32.1237 69
32.1238 69
32.1239 69
32.1239 69
32.124 69
32.1241 69
32.1242 69
32.1243 69
32.1243 69
32.1244 69
32.1245 69
32.1246 69
32.1247 69
32.1248 69
32.1248 69
32.1249 69
32.125 69
32.1251 69
32.1252 69
32.1252 69
32.1253 69
32.1254 69
32.1255 69
32.1256 69
32.1256 69
32.1257 69
32.1258 69
32.1259 69
32.126 69
32.1261 69
32.1261 69
32.1262 69
32.1263 69
32.1264 69
32.1265 69
32.1265 69
32.1266 69
32.1267 69
32.1268 69
