0.1 -0.00462725
0.2 1.68556e-006
0.3 1.70008e-006
0.4 1.70751e-006
0.5 1.71538e-006
0.6 1.72336e-006
0.7 1.73123e-006
0.8 1.73904e-006
0.9 1.74675e-006
1 1.75513e-006
0.833463 1.71638e-009
1.66665 1.89765e-009
2.49941 2.89514e-009
3.33146 6.85409e-009
4.1632 1.02511e-009
4.99462 2.29855e-009
5.82554 4.26184e-009
6.6559 2.06463e-009
7.48593 2.03683e-009
8.31564 1.78456e-009
9.14501 2.01664e-009
9.97404 2.21543e-009
10.8027 2.35615e-009
11.6311 1.30616e-009
12.4592 1.70909e-009
13.2869 1.69546e-009
14.1143 1.66854e-009
14.9414 2.11309e-009
15.7682 2.06857e-009
16.5946 2.22095e-009
17.4206 2.39251e-009
18.2464 2.21429e-009
19.0717 2.43856e-009
19.8968 2.40997e-009
20.7215 2.06831e-009
21.5458 2.47551e-009
22.3698 2.14954e-009
23.1934 2.47789e-009
24.0167 2.32119e-009
24.8396 2.24846e-009
25.6622 2.3694e-009
26.4844 2.03025e-009
27.3063 2.48822e-009
28.1279 2.35242e-009
28.9491 2.33112e-009
29.7699 2.3946e-009
30.5904 2.30628e-009
31.4105 2.29652e-009
32.2303 2.29987e-009
33.0497 2.5147e-009
33.8687 2.24562e-009
34.6874 2.39674e-009
35.5058 2.30646e-009
36.3237 2.75895e-009
37.1413 2.24008e-009
37.9586 2.38646e-009
38.7755 2.76188e-009
39.592 2.54534e-009
40.4081 2.2886e-009
41.2239 2.63933e-009
42.0393 2.58286e-009
42.8543 2.55328e-009
43.669 2.46532e-009
44.4833 2.38361e-009
45.2972 2.56098e-009
46.1108 2.73956e-009
46.924 2.80992e-009
47.7368 2.60772e-009
48.5492 2.65283e-009
49.3612 2.63028e-009
50.1729 3.10785e-009
50.9842 2.67233e-009
51.7951 2.7196e-009
52.6056 2.83795e-009
53.4157 2.59865e-009
54.2255 2.95106e-009
55.0348 2.81703e-009
55.8438 3.13872e-009
56.6524 2.97347e-009
57.4606 2.98441e-009
58.2684 3.14087e-009
59.0758 3.00585e-009
59.8828 3.10619e-009
60.6894 3.35783e-009
61.4956 3.01714e-009
62.3014 3.13811e-009
63.1069 3.12402e-009
63.9119 3.0078e-009
64.7165 3.53476e-009
65.5207 3.09027e-009
66.3245 3.61989e-009
67.1279 3.39143e-009
67.9309 3.31287e-009
68.7335 3.25975e-009
69.5357 3.28684e-009
70.3375 3.49219e-009
71.1389 3.4114e-009
71.9398 3.39116e-009
72.7403 3.35692e-009
73.5404 3.57578e-009
74.3401 3.52159e-009
75.1394 3.44961e-009
75.9383 3.59252e-009
76.7367 3.88892e-009
77.5347 3.76174e-009
78.3323 3.62818e-009
79.1295 3.80497e-009
79.9262 3.95002e-009
80.7225 3.99607e-009
81.5184 3.98491e-009
82.3138 3.91071e-009
83.1088 3.7565e-009
83.9034 3.76727e-009
84.6975 3.91946e-009
85.4912 3.98501e-009
86.2845 4.16421e-009
87.0773 4.06601e-009
87.8697 4.11499e-009
88.6616 4.17143e-009
89.4531 3.95472e-009
90.2441 4.2145e-009
91.0347 4.35508e-009
91.8249 3.84664e-009
92.6146 4.59324e-009
93.4038 4.53408e-009
94.1926 4.3278e-009
94.9809 4.30461e-009
95.7688 4.39728e-009
96.5562 4.45861e-009
97.3431 4.53578e-009
98.1296 4.74828e-009
98.9156 4.64332e-009
99.7012 4.76154e-009
100.486 4.83282e-009
101.271 5.10692e-009
102.055 4.55216e-009
102.834 2.39064e-005
103.587 0.00492007
104.277 0.0104769
104.698 -0.00154704
105.032 3.12219e-007
105.365 2.29037e-006
105.693 5.11321e-008
106.018 1.277e-006
106.338 9.9141e-007
106.655 9.273e-007
106.969 4.13604e-006
107.275 8.69595e-006
107.572 5.26049e-008
107.855 4.67254e-005
108.13 1.26921e-005
108.393 9.30409e-006
108.65 3.41864e-008
108.908 1.97329e-008
109.164 1.94391e-008
109.417 3.43463e-008
109.665 4.65443e-007
109.906 3.25191e-008
110.144 1.52275e-007
110.357 2.89282e-008
110.554 5.26353e-006
110.667 4.53299e-005
110.732 5.84501e-008
110.792 9.95748e-009
110.852 1.00129e-008
110.912 1.02645e-008
110.971 1.00699e-008
111.03 1.03346e-008
111.089 1.03944e-008
111.147 1.05153e-008
111.205 1.0592e-008
111.263 1.06955e-008
111.321 1.0895e-008
111.378 1.08221e-008
111.434 1.11456e-008
111.491 1.05022e-008
111.546 1.13868e-008
111.602 1.14204e-008
111.657 4.99542e-009
111.711 1.16988e-008
111.764 1.6158e-008
111.816 1.16078e-008
111.867 1.16611e-008
111.917 4.04307e-008
111.966 1.20836e-008
112.014 8.20849e-009
112.061 1.20475e-008
112.107 8.90963e-009
112.153 1.23455e-008
112.198 1.24199e-008
112.241 4.25277e-008
112.283 1.27887e-008
112.322 5.7603e-008
112.359 1.2523e-008
112.395 1.27226e-008
112.43 1.26495e-008
112.459 8.8257e-007
112.488 1.28325e-008
112.516 1.28429e-008
112.541 1.37641e-007
112.563 1.28816e-008
112.584 4.62871e-009
112.601 1.3477e-008
112.619 1.35039e-008
112.636 1.35037e-008
112.653 1.37874e-008
112.67 1.39391e-008
112.686 1.44285e-008
112.702 1.43968e-008
112.718 2.03103e-008
112.733 1.15292e-008
112.748 1.16624e-008
112.762 1.1732e-008
112.775 4.03351e-006
112.787 2.91348e-009
112.799 8.06821e-009
112.81 8.09246e-009
112.821 8.1411e-009
112.83 3.15267e-006
112.838 5.36633e-009
112.845 5.29714e-009
112.853 5.43702e-009
112.86 2.11773e-006
112.866 3.84043e-006
112.87 2.47039e-009
112.874 4.46788e-009
112.877 4.42667e-009
112.88 2.77301e-006
112.883 4.33348e-009
112.885 4.51488e-009
112.887 4.39257e-009
112.889 3.36317e-007
112.889 4.50051e-009
112.889 4.77926e-009
112.889 4.83768e-009
112.888 4.8565e-009
112.887 2.90999e-009
112.886 4.97881e-009
112.885 6.8668e-007
112.883 5.0319e-009
112.881 5.12641e-009
112.879 5.07412e-009
112.877 5.16445e-009
112.875 4.66071e-009
112.872 5.30963e-009
112.869 5.27694e-009
112.867 5.34075e-009
112.863 1.92072e-006
112.86 5.66746e-009
112.855 3.56307e-009
112.85 4.18241e-007
112.845 4.70949e-009
112.84 4.84641e-009
112.835 4.78879e-009
112.829 2.48273e-009
112.823 9.03648e-008
112.816 3.73675e-009
112.81 3.69448e-009
112.803 1.98265e-009
112.795 3.93965e-009
112.787 3.29246e-009
112.778 4.0746e-009
112.77 4.01499e-009
112.761 3.97496e-009
112.752 1.38945e-006
112.742 5.8047e-007
112.732 2.27122e-009
112.722 1.89871e-009
112.711 2.35821e-009
112.7 1.2931e-009
112.688 2.60192e-007
112.676 1.38663e-009
112.663 1.30655e-009
112.65 1.38958e-008
112.637 1.39481e-009
112.624 1.47777e-009
112.61 1.51684e-009
112.597 3.1191e-007
112.583 1.25754e-009
112.569 1.2153e-009
112.555 2.25519e-009
112.54 1.33938e-009
112.525 1.50398e-008
112.51 5.8757e-010
112.494 6.58781e-010
112.479 6.36215e-010
112.463 7.19174e-010
112.447 1.42482e-009
112.431 6.30763e-010
112.415 5.79172e-010
112.398 6.26718e-010
112.382 6.09974e-010
112.366 6.23182e-010
112.349 6.63868e-010
112.333 6.46453e-010
112.316 6.73937e-010
112.3 6.42136e-010
112.283 6.54401e-010
112.266 3.80608e-006
112.249 4.58751e-010
112.232 4.94216e-010
112.215 4.16765e-010
112.198 3.96201e-010
112.18 4.09494e-010
112.163 4.81272e-010
112.146 4.85668e-010
112.129 4.7855e-010
112.111 3.79885e-010
112.094 5.22694e-010
112.077 3.72444e-007
112.059 5.88067e-010
112.041 5.23424e-010
112.024 4.57501e-010
112.006 5.36803e-010
111.988 5.16239e-010
111.97 5.33992e-010
111.953 5.58113e-010
111.935 5.44714e-010
111.917 5.51111e-010
111.899 5.55742e-010
111.881 5.56388e-010
111.863 4.95786e-010
111.845 5.7172e-010
111.827 5.61085e-010
111.809 1.0776e-007
111.791 6.26552e-010
111.773 6.25592e-010
111.755 6.39408e-010
111.737 5.6484e-010
111.719 5.74506e-010
111.701 6.34102e-010
111.683 6.11688e-010
111.665 6.5404e-010
111.646 5.93785e-010
111.628 6.19107e-010
111.61 6.07025e-010
111.592 6.19602e-010
111.573 6.36919e-010
111.555 6.02123e-010
111.537 6.00249e-010
111.518 3.32574e-008
111.499 6.18861e-010
111.481 6.42322e-010
111.462 6.93914e-010
111.444 6.6215e-010
111.425 6.14203e-010
111.406 7.19443e-010
111.387 6.79218e-010
111.369 7.06808e-010
111.35 7.05969e-010
111.331 6.80695e-010
111.311 6.60815e-010
111.292 7.05161e-010
111.273 6.62201e-010
111.254 6.9619e-010
111.234 6.78487e-010
111.215 6.84675e-010
111.196 7.0907e-010
111.177 7.04532e-010
111.157 6.66923e-010
111.138 6.85755e-010
111.119 7.02229e-010
111.099 6.7178e-010
111.08 6.94041e-010
111.06 6.91589e-010
111.041 7.50147e-010
111.021 6.75408e-010
111.001 6.54392e-010
110.981 6.89945e-010
110.961 7.3171e-010
110.941 7.02025e-010
110.921 7.2549e-010
110.901 7.00967e-010
110.881 7.17312e-010
110.861 6.70326e-010
110.841 7.28035e-010
110.821 7.72253e-010
110.801 7.40151e-010
110.781 7.31706e-010
110.761 7.36093e-010
110.741 7.41322e-010
110.721 6.42369e-010
110.7 7.46652e-010
110.68 7.30479e-010
110.659 7.08006e-010
110.639 7.00204e-010
110.618 7.7568e-010
110.599 7.82201e-010
110.579 7.77316e-010
110.56 7.20721e-010
110.54 7.99409e-010
110.52 7.5938e-010
110.501 7.88891e-010
110.483 1.15059e-008
110.465 7.76144e-010
110.447 3.05936e-006
110.43 5.74905e-010
110.413 1.42595e-007
110.396 2.48512e-010
110.378 3.1417e-010
110.361 3.00146e-010
110.344 3.42274e-010
110.328 1.03466e-008
110.313 3.31291e-010
110.299 3.13742e-006
110.286 2.06402e-010
110.272 2.03192e-010
110.259 2.78956e-010
110.245 2.05123e-010
110.231 1.67834e-010
110.219 2.68525e-009
110.207 2.05315e-010
110.196 1.45287e-007
110.184 2.67352e-010
110.172 2.7492e-010
110.161 2.27427e-010
110.15 1.61375e-009
110.14 6.19674e-007
110.131 1.62323e-010
110.122 1.73486e-010
110.113 1.61107e-010
110.104 1.51772e-010
110.095 5.30964e-008
110.085 4.23324e-011
110.076 1.30704e-011
110.067 7.15339e-011
110.058 -1.88773e-011
110.049 4.3908e-011
110.04 8.72742e-011
110.031 5.43657e-008
110.023 1.87832e-011
110.015 1.11196e-010
110.008 2.74394e-011
110 2.10818e-011
109.992 8.51212e-011
109.984 6.88321e-011
109.977 6.66311e-011
109.969 1.50067e-011
109.962 1.55121e-006
109.954 7.91687e-011
109.947 1.02988e-010
109.94 1.05253e-010
109.933 5.88418e-011
109.926 2.2883e-011
109.919 6.93987e-011
109.912 4.70219e-011
109.905 8.65157e-011
109.898 8.26894e-011
109.89 4.23857e-011
109.883 4.88107e-011
109.876 7.54454e-011
109.869 7.35643e-011
109.862 2.32738e-011
109.855 6.42917e-011
109.848 4.89422e-011
109.841 8.77129e-011
109.833 3.98437e-011
109.826 5.44436e-011
109.819 6.47079e-008
109.812 1.02391e-010
109.804 6.90559e-011
109.797 6.38511e-011
109.79 7.25375e-011
109.783 5.9174e-011
109.775 6.49809e-011
109.768 7.73888e-011
109.761 4.77485e-011
109.754 1.03132e-010
109.746 5.30207e-011
109.739 1.9158e-011
109.732 -3.14207e-010
109.725 5.82023e-011
109.718 5.9126e-011
109.711 2.84182e-011
109.704 6.3789e-011
109.697 5.76019e-011
109.69 8.53273e-011
109.683 -3.64574e-010
109.677 5.14095e-011
109.67 5.29141e-011
109.664 3.17506e-011
109.657 8.96581e-011
109.651 6.26876e-012
109.644 1.08242e-010
109.638 4.82636e-011
109.631 8.7363e-011
109.625 3.0056e-011
109.618 5.94902e-011
109.612 -1.11537e-009
109.607 7.97087e-011
109.601 5.77067e-011
109.595 -8.92619e-012
109.589 2.98463e-011
109.583 1.50262e-011
109.577 7.61293e-011
109.572 3.36549e-011
109.566 2.07461e-011
109.56 3.05669e-007
109.554 -9.20696e-010
109.549 6.39613e-011
109.544 1.11964e-011
109.538 -1.15785e-010
109.533 5.09974e-011
109.528 9.91882e-011
109.523 -5.34772e-011
109.518 1.72395e-011
109.514 6.43219e-012
109.509 6.95142e-011
109.504 4.69436e-010
109.5 -7.6345e-010
109.496 6.18812e-011
109.492 5.52163e-011
109.488 2.33769e-012
109.485 3.81117e-011
109.481 2.46203e-012
109.477 5.47935e-011
109.473 7.0461e-011
109.469 1.12106e-011
109.465 8.089e-011
109.461 1.80869e-011
109.458 -8.54866e-010
109.455 1.22927e-008
109.453 8.51035e-011
109.45 -1.94377e-009
109.447 -2.81961e-011
109.445 1.58984e-012
109.442 -3.71099e-011
109.439 -8.52651e-014
109.436 1.97851e-011
109.434 -3.8284e-011
109.431 -1.68287e-010
109.429 -1.15676e-011
109.427 -4.02665e-011
109.425 5.6577e-011
109.423 4.07123e-011
109.421 -1.77423e-011
109.419 1.22569e-011
109.418 -9.20135e-011
109.416 5.25624e-012
109.414 -3.56106e-011
109.413 -2.42935e-011
109.412 1.05711e-011
109.411 -2.18066e-011
109.41 -1.04805e-011
109.409 4.07496e-012
109.407 8.77876e-012
109.406 1.05214e-011
109.405 -1.90088e-011
109.404 -4.29701e-011
109.403 -9.83214e-012
109.402 -2.23643e-011
109.401 2.78746e-011
109.399 -1.2534e-011
109.398 -3.892e-011
109.397 -3.471e-011
109.396 3.09672e-011
109.395 -1.07514e-008
109.394 -3.30154e-009
109.394 1.07256e-011
109.393 9.1358e-012
109.393 -1.18874e-011
109.392 1.23279e-012
109.392 2.76561e-011
109.391 -3.38325e-011
109.39 4.63629e-012
109.39 -5.9952e-012
109.389 4.01279e-012
109.389 1.65379e-012
109.388 -1.6161e-009
109.388 -7.41984e-012
109.388 -1.29297e-008
109.388 3.56355e-011
109.388 -5.1136e-011
109.388 -6.96332e-012
109.388 -5.14255e-012
109.388 3.05906e-011
109.389 -6.50129e-011
109.389 -4.23928e-011
109.389 -2.79865e-011
109.389 2.44327e-010
109.388 -4.96492e-012
109.388 -4.01528e-011
109.388 2.92388e-012
109.388 5.22249e-012
109.388 7.67741e-012
109.388 -2.29115e-011
109.387 5.13189e-012
109.387 -3.80389e-011
109.387 8.1517e-012
109.387 -1.78311e-011
109.387 2.43077e-011
109.388 -1.78613e-011
109.388 -1.8181e-011
109.388 2.45597e-010
109.388 -3.82272e-012
109.389 -4.43077e-011
109.389 -3.83977e-011
109.389 2.29603e-010
109.388 -3.14628e-011
109.387 7.09122e-012
109.387 1.38787e-011
109.386 -3.74865e-011
109.385 3.87193e-011
109.385 -1.65326e-011
109.384 -2.17799e-011
109.383 -4.25295e-011
109.383 1.1724e-012
109.382 -1.33173e-010
109.382 3.98579e-011
109.382 1.18074e-011
109.381 -8.96172e-012
109.381 4.39471e-011
109.381 4.39595e-011
109.381 4.21121e-011
109.38 1.66022e-010
109.38 -2.16609e-011
109.379 -7.74811e-011
109.379 -1.77796e-011
109.378 4.39826e-012
109.377 1.20686e-011
109.377 -6.0356e-009
109.377 1.58931e-011
109.376 7.52465e-012
109.376 -1.43352e-012
109.375 3.02247e-011
109.375 8.1819e-012
109.374 6.61601e-010
109.373 -3.52998e-011
109.372 -2.78195e-011
109.371 5.3646e-013
109.37 -3.03011e-011
109.368 -2.17835e-011
109.367 -2.27942e-011
109.366 2.56382e-011
109.365 -1.36069e-011
109.364 1.61045e-011
109.362 2.13873e-011
109.361 -1.54525e-011
109.36 1.64011e-011
109.359 -2.28066e-011
109.358 2.76721e-011
109.357 -2.03357e-011
109.355 -5.20348e-011
109.354 -1.03757e-011
109.353 -2.88018e-011
109.352 5.20473e-012
109.351 9.54437e-012
109.349 4.40217e-011
109.348 2.92317e-011
109.347 -1.89839e-011
109.346 1.51772e-011
109.345 -3.54206e-012
109.344 -3.8014e-012
109.342 -1.86908e-011
109.341 -2.56843e-011
109.34 3.78808e-011
109.339 -4.78959e-011
109.338 -1.91189e-011
109.336 4.3002e-011
109.335 9.47775e-011
109.334 3.55307e-011
109.333 3.34808e-011
109.331 -1.97247e-011
109.33 -9.45022e-012
109.329 -4.05791e-011
109.328 7.88347e-012
109.326 -2.4194e-011
109.325 -1.26779e-011
109.324 -1.80407e-011
109.323 -1.26441e-011
109.321 -6.71996e-012
109.32 2.91767e-011
109.319 -1.6076e-011
109.318 -9.93872e-012
109.316 -1.23119e-011
109.315 -3.9714e-011
109.314 -5.79625e-012
109.313 -6.83169e-011
109.311 -2.09468e-011
109.31 6.97042e-012
109.309 -3.2129e-011
109.308 2.1636e-011
109.306 -2.70006e-012
109.305 4.34106e-011
109.304 4.78746e-011
109.303 5.26512e-012
109.301 8.36309e-012
109.3 2.80664e-013
109.299 -2.37002e-011
109.298 -5.95968e-011
109.296 3.64793e-011
109.295 1.9341e-011
109.294 -7.67386e-012
109.293 -4.2327e-011
109.291 1.40297e-011
109.29 -1.62643e-011
109.289 9.54472e-011
109.287 -1.32445e-011
109.285 2.57643e-011
109.284 1.7522e-011
109.282 5.17275e-012
109.281 1.84706e-011
109.279 -7.04503e-012
109.277 1.45022e-011
109.276 2.64286e-011
109.274 1.77565e-011
109.273 1.98277e-011
109.271 -1.8634e-011
109.269 -1.03384e-011
109.268 -8.49809e-012
109.266 3.08589e-011
109.264 -4.95213e-011
109.263 -9.06297e-012
109.261 9.18732e-012
109.26 4.05009e-013
109.258 -1.58806e-011
109.256 4.15312e-012
109.255 -4.76774e-011
109.253 -3.00524e-011
109.252 -2.76934e-011
109.25 2.41229e-012
109.248 2.45137e-011
109.247 4.08136e-011
109.245 9.25482e-012
109.244 -1.36957e-011
109.242 -1.41824e-011
109.24 -3.51861e-011
109.239 -1.73763e-011
109.237 9.78417e-012
109.235 -1.84741e-013
109.234 2.39559e-011
109.232 -5.02354e-012
109.231 -6.93205e-011
109.229 -2.13117e-010
109.228 -3.54738e-011
109.227 -2.63611e-011
109.225 6.31317e-011
109.224 -2.46771e-011
109.223 9.92983e-012
109.221 -3.72289e-011
109.22 -1.97495e-011
109.219 -3.83906e-011
109.217 3.61666e-012
109.216 1.00897e-011
109.215 -2.17177e-011
109.213 3.59535e-012
109.212 -5.04237e-011
109.211 6.90292e-012
109.209 3.34026e-011
109.208 -1.38343e-011
109.207 1.09459e-011
109.205 1.74438e-011
109.204 9.52483e-012
109.203 -9.77352e-012
109.201 -1.20437e-012
109.2 5.43565e-013
109.199 2.95834e-011
109.197 5.05338e-011
109.196 -2.93277e-011
109.195 -1.48255e-011
109.193 5.4925e-012
109.192 -1.25944e-011
109.191 -2.4141e-010
109.19 -2.29221e-011
109.188 1.94817e-009
109.186 -4.38405e-012
109.184 1.82787e-011
109.182 -1.41149e-011
109.18 3.84404e-011
109.178 -3.51967e-011
109.175 9.25127e-012
109.173 8.86757e-012
109.171 -2.70788e-011
109.169 2.67661e-011
109.167 -2.27445e-011
109.165 1.0747e-011
109.163 -1.83462e-011
109.161 -1.73443e-011
109.159 4.55458e-012
109.157 -1.98597e-012
109.154 1.3646e-011
109.152 4.61995e-011
109.15 -3.02336e-012
109.148 5.19407e-012
109.146 -1.34612e-011
109.144 -2.51674e-011
109.142 -3.40023e-010
109.14 -1.76676e-011
109.138 1.41043e-011
109.137 -2.88445e-011
109.135 9.36851e-012
109.133 -4.32969e-011
109.131 1.13189e-011
109.13 8.02558e-012
109.128 8.95284e-013
109.126 3.04468e-012
109.124 -5.39266e-011
109.123 3.36762e-011
109.121 -4.99512e-012
109.119 3.63549e-011
109.117 -5.48681e-011
109.116 -4.50978e-010
109.115 -3.52145e-011
109.113 1.08287e-011
109.112 7.16582e-012
109.111 7.57794e-012
109.11 5.2701e-011
109.109 -9.49996e-012
109.108 2.1938e-011
109.107 -5.42464e-011
109.105 9.11271e-012
109.104 -3.24434e-011
109.103 1.14433e-011
109.102 9.37916e-013
109.101 3.03118e-011
109.1 7.6632e-012
109.099 -1.46585e-011
109.097 1.81544e-012
109.096 -1.8737e-011
109.095 -2.97113e-011
109.094 -3.54774e-011
109.093 -2.1636e-011
109.092 1.94547e-011
109.09 3.27134e-011
109.089 -1.9547e-011
109.088 1.66942e-011
109.087 -4.37623e-011
109.086 -5.90266e-010
109.086 9.84848e-011
109.085 -6.43396e-012
109.084 3.27454e-011
109.084 1.93836e-011
109.083 7.0699e-013
109.083 2.56968e-011
109.082 -4.21636e-011
109.081 -9.83746e-012
109.081 -2.17817e-011
109.08 2.19806e-011
109.079 -5.97176e-011
109.079 -3.79217e-011
109.078 -4.26823e-011
109.078 3.27418e-011
109.077 -2.43716e-012
109.076 -1.11875e-011
109.076 -1.01466e-011
109.075 -1.77149e-010
109.075 2.57572e-011
109.074 -1.2701e-011
109.074 -9.27258e-012
109.074 5.51736e-011
109.073 2.92673e-011
109.073 -3.1374e-011
109.072 -5.51026e-011
109.072 1.86127e-011
109.071 3.87246e-013
109.071 -5.02922e-011
109.071 1.08287e-011
109.07 -2.13163e-011
109.07 8.62954e-012
109.069 -5.38947e-011
109.069 -2.96403e-011
109.068 -5.15499e-012
109.068 -1.3916e-011
109.068 -4.49916e-011
109.067 6.34053e-011
109.067 4.18581e-011
109.066 -4.29523e-012
109.066 4.50804e-011
109.066 1.8975e-011
109.065 -2.88054e-011
109.065 -1.46265e-011
109.064 1.54188e-011
109.064 -8.98481e-012
109.063 -1.9547e-011
109.063 9.58877e-012
109.063 -8.53717e-012
109.062 6.24567e-012
109.062 1.79305e-011
109.061 4.36273e-012
109.061 -1.06581e-011
109.061 4.39826e-012
109.06 5.18696e-012
109.06 -6.63931e-011
109.059 1.46549e-011
109.059 -3.579e-011
109.058 -3.65041e-011
109.058 -1.71845e-011
109.058 -3.26459e-011
109.057 -1.6847e-011
109.057 4.14957e-012
109.056 -3.86571e-011
109.056 -7.7236e-012
109.056 2.07692e-011
109.055 -1.82681e-011
109.055 3.98224e-011
109.054 -8.27782e-012
109.054 -2.77218e-011
109.053 -4.56097e-011
109.053 2.13483e-011
109.053 1.21894e-011
109.052 5.08251e-011
109.052 -1.6982e-011
109.051 3.14024e-011
109.051 3.81135e-011
109.051 2.49294e-011
109.05 -1.4559e-011
109.05 1.78595e-011
109.049 6.41656e-011
109.049 4.5052e-011
109.049 1.34506e-011
109.048 -4.16769e-011
109.048 2.50822e-012
109.047 -4.19931e-011
109.047 -7.10187e-012
109.046 1.69713e-011
109.046 -1.42109e-013
109.046 0
109.045 -2.34479e-013
109.045 -3.12639e-012
109.044 3.0461e-011
109.044 -6.17497e-011
109.044 1.9849e-011
109.043 1.99591e-011
109.043 -1.33689e-011
109.042 6.01119e-012
109.042 2.5338e-011
109.042 3.35483e-011
109.041 -1.17595e-012
109.041 -3.4639e-012
109.04 -1.43032e-011
109.04 3.86891e-012
109.04 -3.78044e-011
109.039 -7.26175e-012
109.039 2.80309e-012
109.038 -7.97229e-012
109.038 6.16254e-011
109.037 -2.72529e-011
109.037 -4.58655e-011
109.037 -8.68781e-011
109.036 2.64322e-012
109.036 -1.69784e-011
109.035 -4.24656e-011
109.035 1.14539e-011
109.035 -2.94484e-011
109.034 1.58451e-011
109.034 2.40838e-011
109.033 -6.8006e-011
109.033 7.84084e-012
109.033 2.06768e-012
109.032 1.47757e-011
109.032 -3.11182e-011
109.031 -4.39435e-011
109.031 -1.59943e-011
109.031 2.197e-011
109.03 6.58495e-011
109.03 -6.03357e-011
109.029 -5.25091e-012
109.029 3.32143e-011
109.029 2.62581e-011
109.028 -1.40972e-011
109.028 -3.06493e-011
109.027 -2.02505e-011
109.027 3.71365e-011
109.027 5.95435e-012
109.026 -5.15854e-012
109.026 -2.72635e-011
109.025 1.58096e-012
109.025 4.36593e-011
109.025 -4.29168e-011
109.024 -3.03828e-011
109.024 -8.3844e-012
109.023 -7.94387e-012
109.023 -2.59277e-011
109.023 2.0286e-011
109.022 -8.27782e-012
109.022 -3.53282e-011
109.021 -7.63123e-012
109.021 -4.10232e-011
109.021 -3.22409e-011
109.02 -5.33475e-011
109.02 -3.38929e-011
109.019 -2.75691e-012
109.019 -4.16591e-011
109.019 -2.58211e-011
109.018 -8.82068e-011
109.018 -4.46221e-012
109.018 2.0286e-012
109.017 -5.14433e-012
109.017 -3.93641e-011
109.016 1.5369e-011
109.016 3.09797e-011
109.016 4.41105e-011
109.015 1.14433e-011
109.015 -2.06697e-011
109.014 9.91918e-012
109.014 -1.67404e-011
109.014 -2.90683e-011
109.013 -2.7665e-011
109.013 -2.33165e-011
109.012 3.39284e-012
109.012 9.67759e-012
109.012 -2.69402e-011
109.011 -2.14051e-011
109.011 4.6505e-012
109.01 -6.49081e-011
109.01 -1.07292e-012
109.01 -7.78364e-011
109.009 -5.40012e-012
109.009 -5.3042e-012
109.009 1.46194e-011
109.008 -2.59703e-011
109.008 1.81188e-012
109.007 -5.69571e-011
109.007 3.58966e-011
109.007 1.03135e-011
109.006 -2.52243e-013
109.006 3.60458e-011
109.005 2.02434e-011
109.005 1.90958e-011
109.005 -6.38032e-011
109.004 2.21547e-011
109.004 1.01252e-012
109.003 -6.6791e-012
109.003 2.52527e-011
109.003 1.27081e-011
109.002 -4.73221e-012
109.002 2.74269e-011
109.002 -3.50475e-011
109.001 -4.28599e-011
109.001 -4.48885e-011
109 8.66862e-012
109 1.89324e-011
109 3.45572e-011
108.999 3.13776e-011
108.999 -5.99591e-011
108.998 6.63469e-011
108.998 2.68621e-011
108.998 -3.55094e-011
108.997 4.20641e-012
108.997 3.09228e-011
108.997 5.27152e-011
108.996 4.54499e-011
108.996 -6.53699e-013
108.995 -3.17151e-011
108.995 -7.42837e-011
108.995 -2.43645e-011
108.994 1.8229e-011
108.994 2.6823e-011
108.994 -6.17888e-011
108.993 3.7172e-011
108.993 -3.43938e-011
108.992 7.63833e-013
108.992 4.95568e-011
108.992 7.88347e-012
108.991 -3.51434e-011
108.991 5.44311e-011
108.99 -3.70441e-011
108.99 -1.31735e-011
108.99 4.19575e-012
108.989 2.52918e-011
108.989 6.64713e-012
108.989 6.93419e-011
108.988 -2.3789e-011
108.988 3.82983e-012
108.987 -3.98295e-011
108.987 -4.41212e-011
108.987 7.1303e-012
108.986 -5.51736e-012
108.986 -1.97744e-011
108.986 -1.64277e-011
108.985 -2.24887e-011
108.985 9.53193e-012
108.984 2.2947e-011
108.984 -7.32214e-012
108.984 6.86029e-012
108.983 -3.51115e-011
108.983 2.23963e-011
108.983 1.23919e-011
108.982 -4.93081e-011
108.982 -3.12355e-011
108.981 1.63567e-011
108.981 -1.46052e-011
108.981 -4.26752e-011
108.98 2.5743e-011
108.98 -5.13296e-011
108.98 -1.86198e-011
108.979 -1.79767e-012
108.979 3.92326e-011
108.978 1.36673e-011
108.978 9.84102e-012
108.978 -2.36611e-012
108.977 9.72022e-012
108.977 -3.78506e-011
108.977 4.88178e-011
108.976 3.75806e-011
108.976 6.08047e-011
108.976 9.20153e-013
108.975 -1.60512e-011
108.975 -1.85096e-011
108.974 3.36584e-011
108.974 -2.70823e-011
108.974 3.49942e-011
108.973 2.83222e-011
108.973 9.70246e-012
108.973 -5.02034e-011
108.972 -2.19345e-011
108.972 -1.97069e-011
108.971 -1.85452e-012
108.971 -3.06493e-011
108.971 8.7752e-013
108.97 -9.6513e-011
108.97 -3.82201e-011
108.97 -1.47082e-011
108.969 4.04299e-011
108.969 -1.59162e-012
108.969 4.49667e-011
108.968 1.3884e-011
108.968 6.59135e-011
108.967 4.9809e-012
108.967 5.04272e-011
108.967 1.26548e-011
108.966 2.45137e-012
108.966 2.31282e-012
108.966 4.189e-011
108.965 -2.52705e-011
108.965 -1.43174e-011
108.965 -3.41558e-011
108.964 -3.80425e-011
108.964 5.06439e-011
108.963 -2.56151e-012
108.963 -3.42801e-011
108.963 -3.03082e-011
108.962 5.26512e-012
108.962 4.0707e-011
108.962 4.42917e-011
108.961 5.33298e-011
108.961 1.33653e-011
108.961 2.00693e-011
108.96 5.39835e-011
108.96 -6.81482e-011
108.959 -6.76081e-012
108.959 -2.10463e-011
108.959 3.81313e-011
108.958 1.70779e-011
108.958 2.32987e-011
108.958 -8.66862e-013
108.957 8.4114e-011
108.957 3.94849e-011
108.957 7.17648e-013
108.956 3.18927e-011
108.956 2.49649e-011
108.956 2.73488e-011
108.955 1.73728e-012
108.955 4.05009e-013
108.954 -4.28244e-011
108.954 -2.04352e-011
108.954 -2.25135e-011
108.953 -3.39639e-012
108.953 3.93641e-011
108.953 1.19122e-011
108.952 2.22578e-011
108.952 2.56115e-011
108.952 -3.65645e-011
108.951 -5.6346e-011
108.951 3.52784e-011
108.951 3.24931e-011
108.95 -1.16209e-011
108.95 -3.43086e-011
108.949 -2.52491e-011
108.949 8.67573e-012
108.949 -6.26237e-011
108.948 8.24585e-012
108.948 -1.78915e-011
108.948 -2.45954e-011
108.947 -9.07718e-012
108.947 -5.82148e-011
108.947 -1.58309e-011
108.946 -1.695e-011
108.946 -1.59019e-011
108.946 1.27294e-011
108.945 2.09006e-011
108.945 2.76117e-011
108.945 3.08837e-011
108.944 2.00728e-011
108.944 2.89688e-011
108.943 -1.32125e-011
108.943 -2.82796e-012
108.943 -2.90505e-011
108.942 4.81357e-011
108.942 -4.62421e-011
108.942 -1.85096e-011
108.941 -1.89075e-011
108.941 2.75548e-011
108.941 3.88951e-011
108.94 4.54747e-011
108.94 -2.45386e-011
108.94 1.12159e-011
108.939 2.2581e-011
108.939 -3.02336e-011
108.939 7.12674e-012
108.938 1.6982e-011
108.938 5.02709e-011
108.938 1.41043e-011
108.937 -5.39302e-012
108.937 -1.75007e-011
108.937 1.96856e-011
108.936 4.87361e-011
108.936 3.1406e-012
108.936 8.70202e-011
108.935 -2.31104e-011
108.935 -5.75149e-011
108.934 2.3352e-011
108.934 3.67706e-011
108.934 9.86589e-012
108.933 -2.47908e-011
108.933 7.62057e-012
108.933 -2.4162e-011
108.932 -1.25127e-011
108.932 2.34515e-011
108.932 5.05906e-012
108.931 -5.84741e-011
108.931 -2.93348e-011
108.931 -3.77263e-011
108.93 2.17781e-011
108.93 3.69198e-011
108.93 9.80904e-012
108.929 4.96847e-011
108.929 -3.69837e-012
108.929 -7.42517e-012
108.928 -2.69651e-012
108.928 -3.72005e-011
108.928 2.47269e-011
108.927 3.24683e-011
108.927 1.70779e-011
108.927 -6.89653e-011
108.926 1.54508e-011
108.926 -3.6664e-012
108.926 4.65192e-011
108.925 -5.05196e-012
108.925 2.10036e-011
108.925 5.22036e-011
108.924 2.10072e-011
108.924 -1.33191e-011
108.924 1.42109e-014
108.923 -2.76081e-011
108.923 -3.35731e-012
108.923 3.48521e-012
108.922 -3.26317e-011
108.922 5.64349e-011
108.922 -2.83258e-011
108.921 -1.01892e-011
108.921 -1.24487e-011
108.921 4.58336e-011
108.92 -8.11085e-012
108.92 -2.34053e-011
108.92 1.14895e-011
108.919 2.59348e-012
108.919 1.3145e-012
108.919 -2.34905e-011
108.918 -6.28226e-011
108.918 -2.3757e-011
108.918 -2.53877e-011
108.917 -1.74829e-011
108.917 1.27081e-011
108.917 1.19336e-011
108.916 2.34763e-011
108.916 -1.44631e-011
108.916 7.50688e-012
108.915 5.29248e-011
108.915 -1.1724e-012
108.915 3.92077e-011
108.914 -2.84217e-012
108.914 3.14948e-011
108.914 2.5814e-011
108.913 4.82459e-012
108.913 -2.76685e-011
108.913 -3.60707e-011
108.912 7.59925e-012
108.912 7.5282e-012
108.912 -3.74882e-011
108.911 -4.55813e-012
108.911 -4.3638e-011
108.911 2.40838e-011
108.91 1.41505e-011
108.91 -8.91731e-013
108.91 -7.20917e-011
108.909 -1.6307e-012
108.909 -5.46763e-012
108.909 -3.28448e-011
108.908 -4.68674e-011
108.908 2.21334e-012
108.908 7.1978e-012
108.907 9.17666e-012
108.907 6.23039e-011
108.907 -3.87956e-012
108.906 -2.20304e-011
108.906 4.26539e-011
108.906 -7.39e-011
108.905 -1.74794e-011
108.905 1.99947e-011
108.905 -2.1263e-011
108.904 -1.48646e-011
108.904 -1.89537e-011
108.904 8.17124e-014
108.903 -3.81704e-011
108.903 -3.19744e-013
108.903 -2.62155e-011
108.902 -1.37845e-011
108.902 5.41363e-011
108.902 1.33049e-011
108.901 -2.27161e-011
108.901 -4.75708e-012
108.901 9.63141e-012
108.901 -1.20615e-011
108.9 1.2534e-011
108.9 -5.70886e-011
108.9 -1.81757e-011
108.899 3.50724e-011
108.899 3.48166e-012
108.899 3.49942e-011
108.898 -1.01963e-011
108.898 1.48077e-011
108.898 -2.80735e-011
108.897 -3.09726e-011
108.897 -5.51736e-011
108.897 -3.55342e-011
108.896 -1.0921e-011
108.896 9.26548e-012
108.896 -1.29674e-011
108.895 2.80238e-011
108.895 4.08562e-012
108.895 -6.19238e-011
108.894 2.15792e-011
108.894 -3.37508e-012
108.894 -3.03118e-011
108.893 9.76996e-012
108.893 -4.58513e-011
108.893 2.00089e-011
108.893 3.16689e-011
108.892 -6.08082e-011
108.892 -6.75726e-012
108.892 -2.50111e-012
108.891 4.53042e-011
108.891 1.17666e-011
108.891 2.11102e-011
108.89 -5.52802e-011
108.89 -2.54587e-011
108.89 -5.8904e-012
108.889 -2.20908e-011
108.889 -1.72449e-011
108.889 4.16378e-012
108.888 -9.34364e-012
108.888 1.32516e-011
108.888 -1.36993e-011
108.888 -5.16209e-011
108.887 1.48859e-011
108.887 -1.91491e-011
108.887 1.86873e-012
108.886 -4.7585e-011
108.886 -9.21574e-012
108.886 -1.59517e-011
108.885 -1.17808e-011
108.885 -2.52527e-011
108.885 -2.80735e-011
108.884 -1.73799e-011
108.884 -7.8046e-011
108.884 2.7562e-011
108.883 4.23555e-011
108.883 -1.32658e-011
108.883 -1.51275e-011
108.883 8.23519e-012
108.882 2.19842e-011
108.882 4.12115e-011
108.882 -5.81792e-011
108.881 -1.11271e-011
108.881 1.84031e-012
108.881 -3.68559e-011
108.88 9.301e-012
108.88 -6.09646e-012
108.88 -1.46088e-011
108.879 -1.90497e-011
108.879 -2.87912e-011
108.879 -2.17426e-011
108.879 -3.17115e-011
108.878 -2.52243e-012
108.878 1.98739e-011
108.878 -1.20792e-013
108.877 -1.78559e-011
108.877 -2.23253e-011
108.877 -1.42251e-011
108.876 -5.73763e-011
108.876 1.55467e-011
108.876 2.44995e-011
108.875 -2.90186e-011
108.875 -3.50951e-010
108.875 4.46221e-011
108.875 9.99023e-012
108.874 2.03926e-011
108.874 3.54277e-011
108.874 1.70033e-011
108.874 -3.0532e-011
108.873 -4.09059e-011
108.873 9.2939e-012
108.873 1.34648e-011
108.872 -1.15179e-011
108.872 6.34017e-011
108.872 4.71942e-011
108.872 -5.02851e-011
108.871 4.24407e-011
108.871 1.36495e-011
108.871 -1.05871e-012
108.87 2.07265e-011
108.87 5.86198e-011
108.87 3.44329e-011
108.87 3.62519e-011
108.869 -1.22782e-011
108.869 -4.24905e-012
108.869 -6.0794e-011
108.869 1.19655e-011
108.868 6.59384e-012
108.868 -1.52554e-011
108.868 3.17115e-011
108.867 -7.88702e-013
108.867 -2.20268e-013
108.867 2.46771e-011
108.867 3.75877e-012
108.866 -1.64349e-011
108.866 1.59375e-011
108.866 -2.52172e-011
108.866 1.10205e-011
108.865 3.33884e-011
108.865 -3.94635e-011
108.865 2.73772e-011
108.865 6.08367e-011
108.864 -3.65219e-011
108.864 -1.93197e-011
108.864 2.49329e-011
108.864 7.10543e-013
108.864 -4.38831e-011
108.863 3.8014e-011
108.863 -1.81259e-011
108.863 2.24958e-011
108.863 -6.89226e-013
108.862 -1.16813e-011
108.862 2.82654e-011
108.862 6.70966e-011
108.862 -4.58229e-011
108.861 1.70104e-011
108.861 2.83507e-012
108.861 -2.00728e-011
108.861 -6.17817e-011
108.861 -3.00133e-011
108.86 -5.62608e-011
108.86 9.41469e-012
108.86 -1.69607e-011
108.86 -3.22586e-012
108.859 5.96856e-013
108.859 7.43441e-011
108.859 1.77138e-011
108.859 2.18776e-011
108.859 -5.53868e-011
108.858 2.30997e-011
108.858 1.98668e-011
108.858 2.86278e-011
108.858 -6.22364e-011
108.857 -2.30571e-011
108.857 -1.82396e-011
108.857 3.48876e-011
108.857 6.03961e-012
108.857 -4.76135e-011
108.856 -2.10107e-011
108.856 -3.606e-011
108.856 2.5949e-011
108.856 6.26628e-011
108.855 -3.11999e-011
108.855 -1.58735e-011
108.855 -2.76188e-011
108.855 -3.95346e-011
108.855 -4.4551e-011
108.854 5.88329e-012
108.854 -6.8944e-011
108.854 7.17648e-013
108.854 1.02744e-011
108.854 -1.57385e-011
108.854 -6.672e-012
108.853 -2.07265e-011
108.853 -5.29354e-012
108.853 7.80886e-012
108.853 4.24194e-012
108.853 3.74456e-012
108.853 -3.18252e-011
108.852 8.10019e-013
108.852 -3.5989e-011
108.852 7.79892e-011
108.852 3.49019e-011
108.852 -3.6664e-011
108.852 -1.4559e-011
108.851 1.49569e-011
108.851 4.91411e-011
108.851 8.34888e-012
108.851 -3.00275e-011
108.851 -9.18732e-012
108.851 -8.33253e-011
108.85 -5.65592e-012
108.85 -6.17533e-011
108.85 2.56222e-011
108.85 -4.56666e-011
108.85 -5.52802e-011
108.85 -3.24292e-011
108.85 1.14611e-011
108.849 -2.89475e-011
108.849 -6.19593e-012
108.849 -4.61853e-011
108.849 -7.12177e-011
108.849 -2.5409e-011
108.849 -8.32046e-012
108.848 1.23848e-011
108.848 4.93898e-011
108.848 3.98614e-012
108.848 -5.20117e-012
108.848 -3.498e-011
108.848 6.84963e-012
108.847 -4.01386e-011
108.847 -5.7554e-013
108.847 -3.50369e-011
108.847 -3.9563e-011
108.847 -3.99041e-011
108.847 -6.00622e-011
108.847 6.11635e-011
108.847 -8.36309e-012
108.846 -3.89448e-011
108.846 -2.38458e-011
108.846 2.68656e-011
108.846 -1.68399e-012
108.846 -2.32063e-011
108.846 1.14753e-011
108.846 2.97717e-012
108.846 1.31735e-011
108.846 -3.87743e-011
108.845 3.75806e-011
108.845 7.51754e-012
108.845 -1.8197e-011
108.845 -3.11999e-011
108.845 -8.25651e-012
108.845 2.24389e-011
108.845 -3.29194e-011
108.845 -3.41345e-011
108.845 1.2939e-011
108.844 2.64606e-011
108.844 -2.35758e-011
108.844 1.14468e-011
108.844 -1.46869e-011
108.844 -1.44667e-011
108.844 -3.93499e-011
108.844 -1.16671e-011
108.844 2.75904e-011
108.844 3.99325e-012
108.844 -8.37019e-012
108.843 -5.29568e-011
108.843 2.45066e-011
108.843 -1.12856e-010
108.843 1.96039e-011
108.843 -3.34026e-011
108.843 1.36495e-011
108.843 1.51417e-011
108.843 4.04938e-011
108.843 -2.69793e-011
108.843 -6.27338e-011
108.843 -3.88098e-011
108.842 1.38769e-011
108.842 -5.31344e-011
108.842 -6.20162e-011
108.842 6.18812e-011
108.842 -1.83249e-011
108.842 4.66756e-011
108.842 -3.88169e-011
108.842 2.97007e-011
108.842 -4.17231e-011
108.842 -2.35332e-011
108.842 1.61293e-011
108.842 7.36904e-011
108.842 -5.85914e-011
108.841 2.69651e-011
108.841 -5.31557e-011
108.841 -6.23857e-012
108.841 3.7403e-011
108.841 7.00595e-012
108.841 1.9341e-011
108.841 2.58993e-011
108.841 5.63105e-011
108.841 2.26663e-011
108.841 1.00542e-011
108.841 -2.25242e-011
108.841 -2.79883e-011
108.84 3.47669e-011
108.84 -4.00249e-011
108.84 -4.09912e-011
108.84 7.77121e-011
108.84 8.43414e-012
108.84 -1.00044e-011
108.84 1.40687e-012
108.84 -4.37481e-011
108.84 -2.43148e-011
108.84 1.88791e-011
108.84 4.8459e-012
108.84 -4.46292e-011
108.84 -1.40119e-011
108.84 1.67262e-011
108.839 1.16529e-012
108.839 -1.00471e-011
108.839 -3.65574e-011
108.839 -6.37499e-011
108.839 -1.01252e-011
108.839 -3.07665e-011
108.839 -8.09308e-012
108.839 -5.3042e-011
108.839 4.76987e-011
108.839 -8.59757e-012
108.839 -2.77041e-011
108.839 4.71445e-011
108.839 -3.25429e-012
108.838 -8.07887e-012
108.838 2.42153e-011
108.838 4.1851e-012
108.838 2.45848e-011
108.838 5.42144e-012
108.838 3.42837e-011
108.838 -1.90212e-011
108.838 3.77653e-011
108.838 1.24345e-011
108.838 -4.85585e-011
108.838 -4.49063e-012
108.838 1.69678e-011
108.838 -3.85469e-011
108.838 -4.20428e-011
108.838 1.35003e-012
108.837 5.62039e-011
108.837 6.29328e-011
108.837 -3.84688e-011
108.837 1.84954e-011
108.837 -2.34834e-011
108.837 4.76703e-011
108.837 1.02744e-011
108.837 -4.25544e-011
108.837 3.33671e-011
108.837 -2.19984e-011
108.837 4.52545e-011
108.837 2.97575e-011
108.837 -2.49685e-011
108.837 2.84217e-013
108.837 -3.32747e-011
108.836 -3.88383e-011
108.836 -4.64482e-011
108.836 -5.10951e-011
108.836 2.48477e-011
108.836 -2.64322e-012
108.836 4.05009e-012
108.836 3.99325e-011
108.836 -1.58877e-011
108.836 1.09708e-011
108.836 4.71516e-011
108.836 3.73817e-011
108.836 -4.06217e-011
108.836 4.51195e-012
108.836 6.27054e-011
108.836 3.55058e-011
108.835 1.33369e-011
108.835 -7.46567e-011
108.835 1.0516e-012
108.835 -8.25295e-011
108.835 7.72076e-011
108.835 -6.35936e-012
108.835 9.57812e-012
108.835 -3.41061e-011
108.835 1.81544e-011
108.835 -6.11422e-011
108.835 -8.25651e-012
108.835 2.44711e-011
108.835 -3.89164e-011
108.835 2.79954e-012
108.835 -2.33769e-012
108.835 6.29257e-011
108.835 -2.28795e-012
108.834 3.42695e-011
108.834 6.16396e-011
108.834 5.79732e-011
108.834 -5.07256e-011
108.834 -1.20579e-011
108.834 5.20046e-011
108.834 7.62626e-011
108.834 -5.03491e-011
108.834 2.21476e-011
108.834 -5.99556e-011
108.834 -9.79128e-012
108.834 -1.32729e-011
108.834 1.94547e-011
108.834 -1.72733e-011
108.834 4.35136e-011
108.834 -4.27747e-012
108.834 -2.52598e-011
108.833 1.03668e-011
108.833 2.29434e-011
108.833 -6.92282e-011
108.833 -3.83409e-011
108.833 -4.42881e-011
108.833 3.69482e-013
108.833 -3.76161e-011
108.833 7.02656e-011
108.833 3.6529e-011
108.833 6.16112e-011
108.833 -1.79767e-012
108.833 3.74953e-011
108.833 -2.92744e-011
108.833 -2.50964e-011
108.833 -9.62075e-012
108.833 5.54792e-011
108.833 4.77485e-011
108.833 -3.33387e-011
108.832 -2.39311e-011
108.832 -6.96332e-013
108.832 -8.93863e-012
108.832 9.27969e-012
108.832 4.08349e-011
108.832 7.58149e-012
108.832 3.29692e-012
108.832 3.47669e-011
108.832 6.09504e-011
108.832 5.40155e-011
108.832 1.35429e-011
108.832 1.89431e-011
108.832 -7.96376e-011
108.832 4.47642e-012
108.832 9.22356e-011
108.832 -1.64846e-011
108.832 -2.37108e-011
108.832 -1.13616e-011
108.832 3.05533e-012
108.831 5.44702e-011
108.831 -5.2971e-011
108.831 2.84217e-013
108.831 -3.43476e-011
108.831 -9.27969e-012
108.831 -2.17213e-011
108.831 1.43316e-011
108.831 6.58673e-012
108.831 4.04725e-011
108.831 -4.45155e-011
108.831 -2.1771e-011
108.831 -1.66267e-011
108.831 -7.47775e-011
108.831 3.71898e-011
108.831 -2.40519e-011
108.831 1.45945e-011
108.831 -4.66471e-011
108.831 4.67963e-011
108.831 -1.27187e-011
108.831 3.16902e-012
108.831 -4.91696e-011
108.831 2.7228e-011
108.83 -4.07496e-011
108.83 1.66764e-011
108.83 5.2033e-011
108.83 -1.07647e-011
108.83 7.39817e-011
108.83 2.96794e-011
108.83 -2.05631e-011
108.83 -2.3995e-011
108.83 1.13687e-011
108.83 -5.17346e-011
108.83 5.24167e-011
108.83 7.81597e-013
108.83 -4.70877e-011
108.83 -8.51941e-012
108.83 2.8237e-011
108.83 -5.25802e-013
108.83 2.15863e-011
108.83 3.64437e-011
108.83 6.99885e-012
108.83 -6.37783e-011
108.83 -6.78568e-012
108.83 -7.49623e-012
108.83 -7.08695e-011
108.83 -5.98277e-012
108.829 -7.33351e-011
108.829 1.67049e-011
108.829 -7.56373e-011
108.829 -1.32161e-011
108.829 -9.0445e-011
108.829 -6.08011e-011
108.829 4.16378e-011
108.829 2.19558e-012
108.829 5.19549e-011
108.829 2.37037e-011
108.829 9.60654e-012
108.829 -1.2399e-011
108.829 -4.65477e-011
108.829 9.98313e-012
108.829 -1.01963e-011
108.829 -1.0516e-011
108.829 6.24851e-011
108.829 -1.62714e-012
108.829 -7.00595e-012
108.829 2.83293e-011
108.829 2.51674e-011
108.829 1.53051e-011
108.829 -6.2208e-011
108.829 -2.41727e-011
108.829 2.98712e-011
108.829 1.14824e-011
108.829 -1.33085e-011
108.828 4.46221e-011
108.828 1.99307e-011
108.828 1.64775e-011
108.828 4.31726e-011
108.828 -8.17266e-011
108.828 4.15383e-011
108.828 2.30571e-011
108.828 -2.32347e-012
108.828 5.39231e-011
108.828 -3.11857e-011
108.828 -1.07292e-012
108.828 1.67262e-011
108.828 -4.62776e-011
108.828 8.46967e-011
108.828 2.60982e-011
108.828 2.84359e-011
108.828 3.75593e-011
108.828 -3.57048e-011
108.828 1.67475e-011
108.828 2.4869e-011
108.828 7.21343e-011
108.828 -2.12594e-011
108.828 -6.65779e-012
108.828 2.15294e-012
108.828 -4.77485e-012
108.828 -4.96172e-011
108.828 -4.35634e-011
108.828 -1.20011e-011
108.828 -2.02505e-012
108.828 8.28706e-011
108.828 -1.78275e-011
108.828 -4.76561e-011
108.828 1.12621e-011
108.828 -7.02869e-011
108.827 -4.04512e-011
108.827 -8.31619e-011
108.827 4.55458e-012
108.827 -1.48006e-011
108.827 7.28235e-011
108.827 3.94138e-011
108.827 -6.85816e-011
108.827 2.38956e-011
108.827 -3.59464e-011
108.827 -2.3455e-011
108.827 2.90399e-011
108.827 -1.36424e-011
108.827 3.00844e-011
108.827 5.90674e-011
108.827 6.63434e-011
108.827 -2.56222e-011
108.827 9.33653e-012
108.827 1.10632e-011
108.827 -4.68106e-011
108.827 -4.25828e-011
108.827 -6.18883e-012
108.827 2.36327e-011
108.827 -1.96181e-011
108.827 -1.84031e-011
108.827 -6.2812e-012
108.827 -3.32534e-011
108.827 2.66738e-011
108.827 -1.37774e-011
108.827 1.42819e-012
108.827 -1.56035e-011
108.827 -2.23821e-012
108.827 2.94804e-011
108.827 4.97167e-011
108.827 -3.59179e-011
108.827 -8.108e-011
108.827 -4.11475e-011
108.827 -1.86162e-011
108.827 -2.54374e-012
108.827 -6.32383e-011
108.827 -1.93907e-011
108.827 2.44782e-011
108.827 1.17097e-011
108.827 2.13305e-011
108.827 -4.98872e-011
108.827 3.82911e-011
108.827 1.39977e-011
108.827 1.23777e-011
108.827 -3.94067e-011
108.827 2.26947e-011
108.827 6.67484e-011
108.827 -3.53566e-011
108.826 9.30811e-012
108.826 1.35287e-011
108.826 -4.05862e-011
108.826 5.59837e-011
108.826 -2.49969e-011
108.826 -3.45679e-011
108.826 -1.2939e-011
108.826 3.00275e-011
108.826 4.20215e-011
108.826 4.09983e-012
108.826 -4.12896e-011
108.826 -2.13873e-011
108.826 -5.52589e-011
108.826 -3.85256e-011
108.826 -3.40492e-011
108.826 -1.40332e-011
108.826 6.74234e-011
108.826 -4.03659e-011
108.826 -1.45306e-011
108.826 -6.31033e-011
108.826 3.2756e-012
108.826 -6.07017e-011
108.826 5.3717e-012
108.826 -2.3384e-011
108.826 2.90541e-011
108.826 6.89369e-011
108.826 -2.56009e-011
108.826 -2.1096e-011
108.826 -3.54916e-011
108.826 -4.53468e-011
108.826 -2.089e-011
108.826 3.18394e-011
108.826 8.84981e-011
108.826 2.90754e-011
108.826 2.91323e-012
108.826 -2.72138e-012
108.826 -4.02594e-011
108.826 3.45963e-011
108.826 1.32303e-011
108.826 -2.28795e-012
108.826 3.82059e-011
108.826 -1.99165e-011
108.826 -7.29159e-011
108.826 4.96669e-012
108.826 -4.9738e-012
108.826 1.61364e-011
108.826 -1.18021e-011
108.826 -3.97122e-011
108.826 9.40048e-012
108.826 -6.79776e-011
108.826 -2.77609e-011
108.826 4.05933e-011
108.826 -6.89937e-012
108.826 -2.96154e-011
108.826 -5.23599e-011
108.826 3.6664e-012
108.826 1.69322e-011
108.826 5.97993e-011
108.826 2.38245e-011
108.826 -1.98952e-011
108.826 3.15836e-011
108.826 6.72102e-011
108.826 1.50777e-011
108.826 -2.38245e-011
108.826 -1.65983e-011
108.826 -9.31522e-012
108.826 3.94351e-012
108.826 1.5099e-011
108.826 2.41371e-011
108.826 3.61027e-011
108.826 -2.7498e-012
108.826 -7.73142e-011
108.826 -2.89759e-011
108.826 -4.53753e-011
108.826 -2.42011e-011
108.826 1.58309e-011
108.826 2.06128e-011
108.826 -3.25784e-011
108.826 -2.20268e-011
108.826 3.04325e-011
108.826 2.46132e-011
108.826 1.95399e-012
108.826 -6.87308e-011
108.826 1.20579e-011
108.826 -5.58487e-011
108.826 -1.67191e-011
108.826 -6.0794e-011
108.826 -1.53051e-011
108.826 2.71427e-011
108.826 1.68043e-011
108.826 -1.22569e-011
108.826 -3.7943e-012
108.826 2.43716e-011
108.826 -3.11005e-011
108.826 -9.00258e-012
108.826 3.78932e-011
108.826 -5.84777e-012
108.826 -1.57527e-011
108.826 1.112e-011
108.826 2.42864e-011
108.826 -1.27187e-011
108.826 5.49747e-011
108.826 -1.03739e-012
108.826 -1.77849e-011
108.826 -2.47127e-011
108.826 4.20783e-011
108.826 5.56284e-011
108.826 3.19602e-011
108.826 -6.66489e-012
108.826 2.94733e-011
108.826 -5.6346e-012
108.826 3.99325e-012
108.826 -4.61711e-011
108.826 -5.2367e-012
108.826 -4.06146e-011
108.826 -1.58238e-011
108.826 -6.36646e-012
108.826 1.32161e-011
108.826 -5.99343e-011
108.826 5.76179e-011
108.826 -1.51985e-011
108.826 3.76019e-011
108.826 -9.18021e-012
108.826 2.71001e-011
108.826 -3.58966e-011
108.826 -6.07798e-011
108.826 5.33547e-011
108.826 4.05009e-011
108.826 -1.45661e-011
108.827 -1.04308e-011
108.827 2.28226e-011
108.827 -1.30527e-011
108.827 2.41585e-011
108.827 -8.36451e-011
108.827 2.99707e-011
108.827 -4.90914e-011
108.827 -2.6219e-011
108.827 -8.69562e-011
108.827 -4.01883e-011
108.827 3.29976e-011
108.827 2.08757e-011
108.827 -5.26157e-011
108.827 1.03526e-011
108.827 -1.63638e-011
108.827 2.5004e-011
108.827 3.52429e-012
108.827 2.40163e-011
108.827 -2.17e-011
108.827 2.55511e-011
108.827 -1.355e-011
108.827 -2.17639e-011
108.827 9.96891e-012
108.827 -3.77156e-011
108.827 6.15614e-011
108.827 4.70024e-011
108.827 -6.08011e-011
108.827 1.30029e-012
108.827 -1.27827e-011
108.827 -4.56524e-011
108.827 5.47402e-011
108.827 9.48575e-012
108.827 -4.0167e-011
108.827 -2.04494e-011
108.827 -1.32161e-011
108.827 9.48575e-012
108.827 -3.32463e-011
108.827 -3.24007e-012
108.827 -2.73701e-011
108.827 4.26255e-011
108.827 6.3288e-011
108.827 3.65574e-011
108.827 5.15072e-011
108.827 4.42029e-011
108.827 4.43734e-011
108.827 -3.72893e-011
108.827 -1.17026e-011
108.827 -4.04654e-011
108.827 -9.86233e-012
108.827 -3.47526e-011
108.828 -1.05516e-011
108.828 -1.90354e-011
108.828 2.60769e-011
108.828 -1.6712e-011
108.828 8.43912e-011
108.828 9.07363e-012
108.828 3.14415e-011
108.828 1.80123e-011
108.828 -8.74678e-012
108.828 6.83542e-012
108.828 1.81188e-012
108.828 3.36584e-011
108.828 6.69402e-011
108.828 4.52047e-011
108.828 3.08304e-011
108.828 -3.95275e-011
108.828 2.17497e-011
108.828 3.57687e-011
108.828 -7.3392e-011
108.828 8.72546e-012
108.828 -5.88614e-011
108.828 -2.13873e-011
108.828 -3.76446e-011
108.828 -7.41522e-011
108.828 3.03899e-011
108.828 5.55573e-011
108.828 4.97167e-011
108.828 1.8872e-011
108.828 -3.64864e-011
108.828 -6.25988e-012
108.828 -4.16449e-011
108.828 -4.19789e-011
108.828 -3.95488e-011
108.828 3.55271e-011
108.829 2.75762e-011
108.829 5.34826e-011
108.829 -2.21831e-011
108.829 -2.04921e-011
108.829 -7.94955e-011
108.829 3.90514e-011
108.829 8.12932e-011
108.829 2.77467e-011
108.829 1.64633e-011
108.829 -3.25713e-011
108.829 -3.37081e-011
108.829 -3.71614e-012
108.829 -7.58575e-011
108.829 -8.7141e-011
108.829 4.00604e-011
108.829 3.15552e-011
108.829 3.30331e-011
108.829 -8.93152e-012
108.829 1.94689e-012
108.829 9.99023e-012
108.829 -4.57661e-011
108.829 -5.19265e-011
108.829 -7.92966e-012
108.829 3.12426e-011
108.829 8.70912e-011
108.829 3.12426e-011
108.829 5.08464e-011
108.829 3.87956e-012
108.83 5.19051e-011
108.83 -7.38254e-012
108.83 6.37073e-011
108.83 1.30598e-011
108.83 -7.80318e-011
108.83 -4.0707e-011
108.83 -4.8729e-011
108.83 2.73417e-011
108.83 4.13465e-011
108.83 3.56337e-011
108.83 -3.59535e-012
108.83 4.31939e-011
108.83 7.62412e-012
108.83 4.28031e-011
108.83 1.00329e-011
108.83 1.23563e-011
108.83 -8.81073e-012
108.83 -8.83915e-012
108.83 -2.81375e-012
108.83 1.35714e-011
108.83 3.24647e-011
108.83 4.58016e-011
108.83 -4.08207e-011
108.83 -4.88853e-012
108.831 -1.86944e-011
108.831 3.39782e-011
108.831 9.72022e-012
108.831 1.75575e-011
108.831 2.67093e-011
108.831 -7.8515e-012
108.831 -2.45066e-011
108.831 -4.95461e-011
108.831 4.95035e-011
108.831 -4.54321e-011
108.831 -2.62546e-011
108.831 -3.26068e-011
108.831 -4.37694e-011
108.831 3.40989e-011
108.831 1.00968e-011
108.831 -2.98925e-011
108.831 3.89377e-012
108.831 -1.0786e-011
108.831 2.33413e-011
108.831 -2.65672e-011
108.831 -2.50822e-012
108.832 -2.53308e-011
108.832 -3.93001e-011
108.832 4.89777e-011
108.832 7.53388e-011
108.832 3.77511e-011
108.832 4.91553e-011
108.832 -2.77112e-012
108.832 -9.6847e-012
108.832 5.19691e-011
108.832 1.06439e-011
108.832 -8.52651e-012
108.832 -5.37312e-011
108.832 4.15668e-012
108.832 -4.64624e-011
108.832 3.79572e-011
108.832 4.27747e-012
108.832 -2.00231e-011
108.832 -1.74225e-011
108.832 -1.12266e-012
108.832 -2.50964e-011
108.833 -8.74394e-011
108.833 -1.59943e-011
108.833 -3.17684e-011
108.833 -5.58558e-011
108.833 2.18847e-012
108.833 -4.57447e-011
108.833 2.68727e-011
108.833 2.79599e-011
108.833 5.31202e-011
108.833 -4.9809e-012
108.833 9.80549e-013
108.833 -3.55413e-011
108.833 -7.2049e-012
108.833 2.3519e-011
108.833 -5.34612e-011
108.833 -4.81748e-012
108.833 7.69518e-012
108.833 -2.68798e-011
108.834 3.20455e-011
108.834 1.79483e-011
108.834 -1.1137e-010
108.834 -8.20677e-012
108.834 1.24771e-011
108.834 2.34266e-011
108.834 -4.29168e-012
108.834 -3.34666e-012
108.834 -5.49605e-011
108.834 -2.97362e-011
108.834 6.90648e-012
108.834 -4.16165e-011
108.834 2.62546e-011
108.834 7.55733e-011
108.834 -1.83533e-011
108.834 3.68061e-012
108.834 -4.79048e-011
108.835 -1.36353e-011
108.835 3.73532e-011
108.835 -1.66622e-011
108.835 -2.03002e-011
108.835 -3.10934e-011
108.835 -5.62821e-011
108.835 1.25056e-011
108.835 -4.1986e-011
108.835 -9.9476e-014
108.835 -2.77254e-011
108.835 -2.92033e-012
108.835 -3.67777e-011
108.835 -2.52243e-012
108.835 -9.5568e-012
108.835 -2.70859e-011
108.835 -2.38032e-012
108.836 -1.95399e-011
108.836 -5.17986e-012
108.836 -6.24567e-011
108.836 6.74945e-011
108.836 1.97744e-011
108.836 3.49516e-011
108.836 -1.51061e-011
108.836 4.39115e-012
108.836 6.55902e-011
108.836 -4.7109e-012
108.836 3.03402e-011
108.836 -5.16209e-011
108.836 8.80362e-012
108.836 3.13847e-011
108.836 -6.19096e-011
108.837 8.00071e-012
108.837 5.4925e-012
108.837 -1.81188e-011
108.837 -7.05569e-012
108.837 -2.70006e-011
108.837 9.32729e-011
108.837 -3.38289e-011
108.837 -1.76996e-011
108.837 -1.97318e-011
108.837 -2.99707e-011
108.837 1.18874e-011
108.837 1.23421e-011
108.837 2.93738e-011
108.837 -1.75575e-011
108.838 -1.0445e-011
108.838 -4.80256e-011
108.838 2.26592e-011
108.838 -7.46994e-011
108.838 2.50253e-011
108.838 2.34763e-011
108.838 -5.94724e-011
108.838 -3.34381e-011
108.838 -1.91704e-011
108.838 6.59313e-011
108.838 4.02807e-011
108.838 4.18865e-011
108.838 6.95053e-011
108.838 4.4146e-011
108.839 1.69464e-011
108.839 2.05063e-011
108.839 4.39826e-012
108.839 1.65841e-011
108.839 4.68248e-011
108.839 -2.09042e-011
108.839 -6.82121e-013
108.839 2.71214e-011
108.839 3.00986e-011
108.839 3.67351e-012
108.839 -4.83453e-011
108.839 7.31148e-012
108.839 6.05311e-011
108.84 -3.57829e-011
108.84 -5.04556e-011
108.84 -7.33635e-011
108.84 -3.94991e-011
108.84 2.29647e-011
108.84 3.28484e-011
108.84 1.10845e-012
108.84 2.59561e-011
108.84 5.85203e-011
108.84 3.32818e-011
108.84 3.68416e-011
108.84 -1.43743e-011
108.84 -2.6148e-011
108.841 9.78417e-011
108.841 7.41807e-012
108.841 1.12266e-011
108.841 1.13687e-012
108.841 1.4559e-011
108.841 -1.1859e-011
108.841 5.82858e-011
108.841 1.93978e-011
108.841 4.84093e-011
108.841 -2.50182e-011
108.841 3.27915e-011
108.841 -7.1303e-011
108.842 2.31708e-011
108.842 -2.94449e-011
108.842 -4.70237e-011
108.842 -1.80052e-011
108.842 -3.48592e-011
108.842 -4.13323e-011
108.842 4.35492e-011
108.842 -4.02949e-011
108.842 5.40723e-012
108.842 3.8618e-011
108.842 -4.33431e-011
108.842 2.49685e-011
108.843 9.81188e-011
108.843 3.91012e-011
108.843 -8.73968e-012
108.843 -1.14113e-011
108.843 9.32232e-012
108.843 -1.77565e-011
108.843 -6.52278e-012
108.843 -7.17222e-011
108.843 4.40323e-011
108.843 -3.36797e-012
108.843 -4.77627e-011
108.844 8.35598e-012
108.844 -8.08598e-012
108.844 -3.99751e-011
108.844 -3.87246e-011
108.844 -1.79057e-012
108.844 7.97371e-011
108.844 -2.55937e-011
108.844 3.417e-011
108.844 -1.55538e-011
108.844 -3.58114e-012
108.844 -6.88729e-011
108.844 -5.26086e-011
108.845 -3.18394e-011
108.845 -5.31415e-011
108.845 1.47367e-011
108.845 -8.98126e-011
108.845 6.2073e-011
108.845 -2.84359e-011
108.845 2.03073e-011
108.845 4.93117e-012
108.845 1.18234e-011
108.845 1.74296e-011
108.845 -5.73834e-011
108.846 1.20792e-012
108.846 -5.70424e-011
108.846 3.0667e-011
108.846 3.99112e-011
108.846 1.13687e-012
108.846 -3.55271e-011
108.846 -2.27018e-011
108.846 -1.90212e-011
108.846 2.89475e-011
108.846 -1.45661e-012
108.847 5.81153e-011
108.847 -5.55076e-011
108.847 -2.3789e-011
108.847 -5.6751e-011
108.847 8.00782e-011
108.847 -3.1477e-012
108.847 -6.22435e-012
108.847 1.79412e-011
108.847 3.75096e-011
108.847 5.32197e-012
108.847 -2.76401e-012
108.848 -1.99378e-011
108.848 -2.46558e-011
108.848 -1.81899e-012
108.848 -7.25109e-011
108.848 5.06191e-011
108.848 1.98597e-011
108.848 -3.26779e-011
108.848 -1.15605e-011
108.848 5.45697e-012
108.848 -5.1287e-011
108.849 1.71028e-011
108.849 -7.80815e-011
108.849 -2.12736e-011
108.849 2.19345e-011
108.849 -4.82032e-011
108.849 1.43316e-011
108.849 1.91847e-011
108.849 3.41061e-013
108.849 8.5592e-011
108.849 4.88285e-011
108.85 -5.22888e-011
108.85 1.13687e-012
108.85 4.99938e-011
108.85 2.52243e-012
108.85 7.74989e-011
108.85 -4.54463e-011
108.85 -6.22435e-012
108.85 -3.81917e-011
108.85 9.20153e-012
108.851 3.74811e-011
108.851 1.88223e-011
108.851 1.25837e-011
108.851 2.089e-012
108.851 6.89866e-011
108.851 1.11342e-011
108.851 -2.05915e-011
108.851 5.37455e-011
108.851 -5.70566e-012
108.851 3.55271e-014
108.852 -1.03739e-012
108.852 -2.22258e-011
108.852 2.9388e-011
108.852 -2.5473e-011
108.852 2.70859e-011
108.852 -4.41744e-011
108.852 -3.13989e-011
108.852 -3.525e-011
108.852 -1.36353e-011
108.853 -2.69793e-011
108.853 -1.57812e-011
108.853 -2.90754e-011
108.853 1.08614e-010
108.853 -5.44276e-012
108.853 -1.15037e-011
108.853 -7.1303e-011
108.853 -6.08011e-011
108.853 -2.6553e-011
108.854 5.19833e-011
108.854 -4.20215e-011
108.854 5.94653e-011
108.854 3.65787e-011
108.854 -8.64375e-011
108.854 -1.44453e-011
108.854 6.50502e-011
108.854 2.10392e-011
108.854 -7.42446e-011
108.855 3.32392e-011
108.855 5.21894e-011
108.855 1.87015e-011
108.855 -9.48006e-011
108.855 -1.61293e-011
108.855 7.06635e-011
108.855 3.57829e-011
108.855 -1.37845e-011
108.855 -3.31752e-011
108.856 -2.70148e-011
108.856 5.56284e-011
108.856 -3.68843e-011
108.856 -6.94769e-011
108.856 1.93481e-011
108.856 6.20375e-011
108.856 -4.64979e-011
108.856 3.54916e-011
108.856 3.24079e-011
108.857 1.78062e-011
108.857 -6.01119e-012
108.857 -2.33626e-011
108.857 -5.78382e-012
108.857 4.17799e-011
108.857 4.44444e-011
108.857 8.05755e-012
108.857 2.58922e-011
108.858 -1.05068e-010
108.858 2.83364e-011
108.858 6.96332e-012
108.858 -2.06484e-011
108.858 2.80949e-011
108.858 -3.0397e-011
108.858 4.90985e-012
108.858 5.2772e-011
108.858 -1.04663e-011
108.859 2.71214e-011
108.859 -7.20064e-011
108.859 -4.48637e-011
108.859 -5.7554e-013
108.859 4.63842e-011
108.859 -2.43716e-011
108.859 1.23208e-011
108.859 -6.82689e-011
108.86 1.4154e-011
108.86 -7.77618e-011
108.86 -1.22924e-012
108.86 7.94245e-011
108.86 6.57252e-012
108.86 1.02958e-011
108.86 4.33218e-011
108.86 1.86944e-011
108.861 -3.6664e-012
108.861 5.02354e-012
108.861 -1.2875e-011
108.861 -1.79483e-011
108.861 -5.1827e-011
108.861 8.40288e-011
108.861 -4.58442e-011
108.861 5.31131e-011
108.862 6.42331e-011
108.862 1.29319e-011
108.862 7.02016e-012
108.862 5.99769e-011
108.862 -5.22391e-011
108.862 -1.70601e-011
108.862 -7.50973e-011
108.862 -2.26521e-011
108.863 2.8372e-011
108.863 1.1589e-011
108.863 -2.62972e-011
108.863 -3.8952e-011
108.863 -2.37819e-011
108.863 3.58114e-012
108.863 9.13758e-012
108.863 -2.77964e-011
108.864 -3.39782e-011
108.864 -9.47864e-012
108.864 2.98428e-013
108.864 -6.6791e-013
108.864 5.31344e-011
108.864 7.03935e-011
108.864 1.33582e-012
108.864 -1.78417e-011
108.865 -3.07736e-011
108.865 4.07496e-011
108.865 -7.69518e-012
108.865 2.07905e-011
108.865 -2.14087e-011
108.865 -5.22746e-011
108.865 2.23253e-011
108.866 5.33191e-011
108.866 -2.94591e-011
108.866 -3.28342e-011
108.866 -2.07834e-011
108.866 -9.93339e-012
108.866 -3.282e-011
108.866 -3.32534e-011
108.866 3.55058e-011
108.867 -1.7522e-011
108.867 2.66951e-011
108.867 -5.55289e-011
108.867 6.02967e-011
108.867 4.21849e-011
108.867 -7.02016e-012
108.867 -2.73772e-011
108.868 -1.45235e-011
108.868 3.21023e-011
108.868 6.74305e-011
108.868 -1.78417e-011
108.868 1.14539e-011
108.868 -5.61968e-011
108.868 -3.28555e-011
108.868 3.3971e-011
108.869 -6.31388e-011
108.869 -4.27747e-011
108.869 -2.82938e-011
108.869 -1.74865e-011
108.869 2.70006e-011
108.869 -5.49747e-011
108.869 2.71427e-012
108.87 2.71427e-012
108.87 -8.27285e-011
108.87 -4.72298e-011
108.87 2.88836e-011
108.87 8.81073e-012
108.87 2.27374e-013
108.87 -1.86375e-011
108.871 5.68932e-011
108.871 -2.04992e-011
108.871 -3.0532e-011
108.871 -3.03615e-011
108.871 2.07478e-011
108.871 1.37774e-011
108.871 -6.64997e-011
108.872 2.18776e-011
108.872 -1.14184e-011
108.872 1.16529e-012
108.872 -3.00702e-011
108.872 5.35465e-011
108.872 3.49232e-011
108.872 -1.24984e-011
108.873 -6.94911e-011
108.873 -2.42295e-011
108.873 3.54845e-011
108.873 -4.51408e-011
108.873 4.43166e-011
108.873 2.75904e-011
108.873 -4.73932e-012
108.874 -3.10578e-011
108.874 -2.80949e-011
108.874 -5.77174e-011
108.874 -6.28972e-011
108.874 -2.27374e-012
108.874 -5.96856e-013
108.874 -3.24292e-011
108.875 4.68248e-012
108.875 -1.68612e-011
108.875 3.86464e-011
108.875 -4.4885e-011
108.875 4.52474e-011
108.875 2.57074e-011
108.875 5.57421e-011
108.876 -4.69882e-011
108.876 -9.91065e-011
108.876 5.49818e-011
108.876 1.92486e-011
108.876 1.27542e-011
108.876 8.17124e-013
108.877 8.65086e-011
108.877 6.64144e-011
108.877 -6.38778e-012
108.877 2.98428e-013
108.877 -2.89191e-011
108.877 -3.2685e-012
108.877 2.28653e-011
108.878 1.29887e-011
108.878 -1.69109e-012
108.878 -1.51843e-011
108.878 1.00613e-011
108.878 3.56692e-011
108.878 -3.19957e-011
108.878 1.65841e-011
108.879 -1.54969e-011
108.879 1.97957e-011
108.879 4.15241e-011
108.879 -3.29976e-011
108.879 9.64917e-012
108.879 -1.21432e-011
108.88 4.90772e-011
108.88 -4.54534e-011
108.88 -2.12026e-011
108.88 1.8332e-012
108.88 -4.30873e-011
108.88 -7.38964e-013
108.88 -2.80806e-011
108.881 3.04041e-011
108.881 1.19655e-011
108.881 3.08376e-011
108.881 2.17639e-011
108.881 1.4893e-011
108.881 -7.53175e-012
108.882 -2.59703e-011
108.882 -2.80735e-011
108.882 5.35181e-011
108.882 3.31823e-012
108.882 -4.60076e-011
108.882 -1.64917e-011
108.883 -5.38591e-012
108.883 1.57314e-011
108.883 -1.28608e-012
108.883 -1.56533e-011
108.883 -1.68541e-011
108.883 4.15668e-011
108.883 -4.99512e-011
108.884 4.05791e-011
108.884 -1.13545e-011
108.884 7.37046e-011
108.884 -1.8666e-011
108.884 -1.36353e-011
108.884 -3.97549e-011
108.885 -5.77103e-011
108.885 -2.15579e-011
108.885 -6.75016e-013
108.885 1.07292e-011
108.885 -7.84439e-012
108.885 -5.69713e-011
108.886 3.99325e-011
108.886 4.08136e-011
108.886 1.64988e-011
108.886 7.73639e-011
108.886 6.25135e-011
108.886 -8.36735e-011
108.887 -3.60956e-012
108.887 -4.03162e-011
108.887 -5.52802e-012
108.887 -5.06475e-011
108.887 1.81473e-011
108.887 2.19131e-011
108.888 4.73221e-012
108.888 -1.95115e-011
108.888 -2.71427e-011
108.888 -5.03064e-012
108.888 3.7403e-011
108.888 -1.60583e-012
108.889 -2.60769e-011
108.889 4.85585e-011
108.889 -2.29079e-011
108.889 -3.38787e-011
108.889 -1.55751e-011
108.889 -2.78959e-011
108.89 2.75691e-011
108.89 -5.04627e-011
108.89 3.41203e-011
108.89 2.49543e-011
108.89 -2.07763e-011
108.89 6.78568e-011
108.891 3.47029e-011
108.891 1.71383e-011
108.891 -1.80478e-012
108.891 -1.21219e-011
108.891 -1.27756e-011
108.891 -5.97709e-011
108.892 6.77858e-011
108.892 5.17275e-012
108.892 4.14104e-011
108.892 -5.69713e-011
108.892 2.67306e-011
108.892 1.24203e-011
108.893 -2.64322e-011
108.893 -3.42482e-012
108.893 3.97335e-011
108.893 2.10321e-012
108.893 -2.00657e-011
108.893 -6.72458e-011
108.894 -5.06475e-011
108.894 1.3145e-011
108.894 1.49072e-011
108.894 6.33094e-011
108.894 -3.6124e-011
108.894 -2.01652e-011
108.895 -1.83178e-011
108.895 6.78995e-011
108.895 -6.82263e-011
108.895 2.13731e-011
108.895 4.36415e-011
108.896 -1.87015e-011
108.896 2.70006e-012
108.896 -1.0445e-011
108.896 -4.07852e-012
108.896 -3.99325e-011
108.896 -5.84777e-011
108.897 5.18128e-011
108.897 4.47642e-012
108.897 5.13438e-011
108.897 9.80549e-012
108.897 -4.57305e-011
108.897 1.07292e-011
108.898 -3.42766e-011
108.898 4.99369e-011
108.898 3.33955e-012
108.898 6.73452e-011
108.898 -7.36406e-011
108.899 -2.84217e-013
108.899 2.02078e-011
108.899 6.50289e-011
108.899 6.11067e-012
108.899 -2.59064e-011
108.899 6.0254e-012
108.9 1.43814e-011
108.9 4.29594e-011
108.9 3.60956e-012
108.9 -6.51852e-011
108.9 -4.76064e-012
108.901 -1.0246e-011
108.901 -3.17186e-011
108.901 -1.48503e-011
108.901 9.84812e-012
108.901 -1.73657e-011
108.901 2.40306e-011
108.902 5.79803e-011
108.902 -2.97575e-011
108.902 5.09459e-011
108.902 -4.99512e-011
108.902 1.50493e-011
108.903 2.51674e-011
108.903 -1.54046e-011
108.903 6.46025e-011
108.903 2.57216e-012
108.903 2.47553e-011
108.903 1.00002e-010
108.904 -5.5735e-011
108.904 -1.53619e-011
108.904 -5.17701e-011
108.904 3.67635e-011
108.904 -3.37508e-011
108.905 1.1525e-011
108.905 1.07434e-011
108.905 -1.0516e-012
108.905 -5.94724e-011
108.905 -7.13953e-011
108.906 6.0723e-011
108.906 -4.35278e-011
108.906 -5.43992e-011
108.906 -4.51763e-011
108.906 2.05631e-011
108.906 2.1501e-011
108.907 -1.65272e-011
108.907 -3.28271e-012
108.907 -1.0786e-011
108.907 -6.09361e-011
108.907 4.16378e-012
108.908 9.66338e-012
108.908 1.87867e-011
108.908 7.38822e-011
108.908 -3.9492e-011
108.908 -3.88809e-011
108.909 7.92681e-011
108.909 -1.58309e-011
108.909 6.2613e-011
108.909 1.16245e-011
108.909 -1.08713e-011
108.909 2.5679e-011
108.91 7.15943e-011
108.91 7.9126e-011
108.91 1.92415e-011
108.91 2.91607e-011
108.91 1.55751e-011
108.911 4.15952e-011
108.911 4.48779e-011
108.911 -1.58025e-011
108.911 -6.70184e-011
108.911 -8.52651e-012
108.912 3.45892e-011
108.912 -9.41611e-011
108.912 -2.47269e-012
108.912 -1.30171e-011
108.912 -1.57172e-011
108.913 2.8848e-011
108.913 5.50102e-011
108.913 -1.72804e-011
108.913 -2.10889e-011
108.913 -1.53335e-011
108.914 3.31397e-011
108.914 3.22729e-011
108.914 5.6545e-011
108.914 -2.05347e-011
108.914 -3.52429e-012
108.915 -9.32232e-012
108.915 -1.82467e-011
108.915 4.22062e-011
108.915 1.04151e-010
108.915 -4.4011e-011
108.916 -5.60902e-011
108.916 -1.17666e-011
108.916 -3.49871e-011
108.916 1.61862e-011
108.916 -2.52243e-011
108.917 4.5759e-012
108.917 4.63558e-011
108.917 1.83746e-011
108.917 -4.33431e-012
108.917 -3.37934e-011
108.918 -1.21361e-011
108.918 -6.24567e-011
108.918 2.59064e-011
108.918 -8.17124e-012
108.918 -1.81615e-011
108.919 3.1477e-011
108.919 2.88765e-011
108.919 5.19549e-011
108.919 -1.90568e-011
108.919 -2.5608e-011
108.92 -3.98472e-011
108.92 -5.71276e-012
108.92 6.89369e-011
108.92 1.81899e-012
108.92 1.90994e-011
108.921 2.14584e-012
108.921 2.27516e-011
108.921 -5.71418e-011
108.921 2.89901e-011
108.921 -3.8213e-011
108.922 -4.8928e-011
108.922 -2.359e-012
108.922 -6.09788e-011
108.922 -5.17844e-011
108.922 -1.93268e-012
108.923 -1.64277e-011
108.923 3.38076e-011
108.923 9.00968e-012
108.923 2.94023e-011
108.924 9.10916e-012
108.924 -2.26379e-011
108.924 -4.44373e-011
108.924 -2.93738e-011
108.924 6.52136e-011
108.925 2.18989e-011
108.925 -5.37881e-011
108.925 -6.69473e-011
108.925 1.03029e-011
108.925 -6.41478e-011
108.926 -2.26521e-011
108.926 -3.85398e-011
108.926 -1.03611e-010
108.926 -2.4869e-011
108.926 1.7593e-011
108.927 5.64739e-011
108.927 3.46887e-011
108.927 4.68958e-012
108.927 2.14158e-011
108.927 3.75735e-011
108.928 -2.43006e-011
108.928 -3.64082e-011
108.928 1.75362e-011
108.928 1.19655e-011
108.929 2.65317e-011
108.929 6.36646e-012
108.929 1.01466e-011
108.929 1.9682e-011
108.929 1.76925e-011
108.93 -6.00124e-011
108.93 6.63789e-011
108.93 2.43716e-011
108.93 4.68958e-012
108.93 -3.59535e-012
108.931 -1.60441e-011
108.931 -8.46541e-011
108.931 4.49205e-011
108.931 4.35847e-011
108.932 -3.75593e-011
108.932 4.16662e-011
108.932 4.29736e-011
108.932 1.83746e-011
108.932 -1.39124e-011
108.933 4.53326e-012
108.933 4.75779e-011
108.933 -6.45173e-012
108.933 -3.43903e-012
108.934 -4.52189e-011
108.934 6.50857e-012
108.934 4.41673e-011
108.934 6.35225e-012
108.934 -5.81082e-011
108.935 4.45226e-011
108.935 -2.41585e-012
108.935 3.32534e-012
108.935 -1.97531e-012
108.935 9.72591e-011
108.936 -6.08225e-012
108.936 -5.81224e-012
108.936 -1.75646e-011
108.936 1.45093e-011
108.937 -8.46967e-012
108.937 -2.03926e-011
108.937 -4.65974e-011
108.937 3.46461e-011
108.937 -3.1477e-011
108.938 1.64704e-011
108.938 -8.36451e-011
108.938 2.72422e-011
108.938 3.33955e-011
108.939 -2.25668e-011
108.939 1.7522e-011
108.939 -2.12168e-011
108.939 -5.98845e-011
108.94 -9.10774e-011
108.94 -4.54463e-011
108.94 4.05862e-011
108.94 -2.29647e-011
108.94 1.33724e-011
108.941 4.06715e-011
108.941 6.39631e-011
108.941 4.09557e-011
108.941 2.50111e-012
108.942 -2.00373e-012
108.942 -1.03739e-011
108.942 -3.76161e-011
108.942 3.43903e-011
108.942 -1.39408e-011
108.943 -5.86198e-011
108.943 -5.3717e-011
108.943 -3.80282e-011
108.943 8.34461e-011
108.944 -1.40687e-011
108.944 -5.39728e-011
108.944 3.57687e-011
108.944 -2.76117e-011
108.944 -3.10507e-011
108.945 -5.02212e-011
108.945 -2.278e-011
108.945 1.79199e-011
108.945 3.11218e-012
108.946 7.07701e-012
108.946 1.91278e-011
108.946 -9.45022e-012
108.946 5.95435e-011
108.947 6.49862e-011
108.947 1.49214e-011
108.947 -5.25802e-012
108.947 -1.64846e-011
108.947 -1.62146e-011
108.948 -5.08464e-011
108.948 -3.92646e-011
108.948 -7.17648e-011
108.948 -9.80407e-011
108.949 1.89004e-012
108.949 4.53753e-011
108.949 2.38458e-011
108.949 5.3717e-012
108.95 -3.20171e-011
108.95 -7.19638e-011
108.95 7.1978e-011
108.95 -4.9738e-012
108.951 3.32108e-011
108.951 4.76348e-011
108.951 3.1477e-011
108.951 3.04112e-012
108.951 -2.29505e-011
108.952 -2.50537e-011
108.952 -5.23954e-011
108.952 -2.6219e-011
108.952 -4.0643e-011
108.953 -5.01643e-012
108.953 -2.21263e-011
108.953 -6.52989e-011
108.953 1.52198e-011
108.954 -5.01785e-011
108.954 8.72546e-011
108.954 -5.95435e-012
108.954 -2.73701e-011
108.955 -1.09424e-011
108.955 -1.22498e-011
108.955 -2.64464e-011
108.955 7.89129e-011
108.956 2.22684e-011
108.956 -2.87343e-011
108.956 -3.86535e-011
108.956 -6.48583e-011
108.956 -1.88578e-011
108.957 2.19273e-011
108.957 2.44142e-011
108.957 7.65255e-011
108.957 4.43947e-011
108.958 6.17035e-011
108.958 2.14584e-012
108.958 2.95586e-011
108.958 5.61613e-011
108.959 1.60583e-011
108.959 7.53175e-013
108.959 -1.07207e-010
108.959 5.71276e-012
108.96 -3.09939e-011
108.96 -3.40776e-011
108.96 -4.90559e-011
108.96 8.95284e-012
108.961 -3.64082e-011
108.961 -1.49214e-011
108.961 7.13101e-011
108.961 1.44951e-012
108.962 1.01423e-010
108.962 -4.0842e-011
108.962 -6.20162e-011
108.962 -7.85718e-011
108.963 -3.73745e-012
108.963 -1.57598e-011
108.963 9.54969e-011
108.963 1.67262e-011
108.964 -5.14433e-011
108.964 -3.81704e-011
108.964 -5.86908e-012
108.964 -1.01053e-010
108.965 -1.35429e-011
108.965 -2.36895e-011
108.965 -2.55227e-011
108.965 3.36797e-012
108.966 5.55644e-012
108.966 -8.18829e-011
108.966 -7.71507e-011
108.966 -2.8308e-011
108.967 -2.37605e-011
108.967 -3.30544e-011
108.967 4.06715e-011
108.967 6.37073e-011
108.968 6.99174e-012
108.968 -1.77209e-011
108.968 3.97051e-011
108.968 -1.54046e-011
108.969 -1.25766e-011
108.969 2.1771e-011
108.969 -9.80549e-013
108.969 -2.16716e-011
108.97 -4.53042e-011
108.97 -1.55183e-011
108.97 -4.3471e-011
108.97 -5.20544e-011
108.971 3.38218e-012
108.971 -6.54978e-011
108.971 -5.12301e-011
108.971 -6.64642e-011
108.972 1.37845e-011
108.972 -2.60201e-011
108.972 3.75735e-011
108.972 8.2423e-012
108.973 6.83684e-011
108.973 -3.48024e-011
108.973 -6.38067e-012
108.973 -6.94627e-011
108.974 4.58016e-011
108.974 1.40687e-011
108.974 -5.44844e-011
108.974 2.90328e-011
108.975 -3.74456e-011
108.975 -5.51807e-011
108.975 -6.70468e-011
108.975 3.46461e-011
108.976 -1.94547e-011
108.976 -7.38964e-012
108.976 -7.5687e-011
108.976 4.83169e-012
108.977 7.83018e-012
108.977 -4.54747e-011
108.977 -2.41585e-013
108.977 4.05009e-011
108.978 -9.27969e-012
108.978 7.38964e-012
108.978 -1.00613e-011
108.978 -1.96252e-011
108.979 -3.78151e-011
108.979 5.31486e-012
108.979 3.02691e-012
108.98 -2.09894e-011
108.98 -1.29461e-011
108.98 -5.70708e-011
108.98 -2.6148e-012
108.981 7.43228e-012
108.981 4.35278e-011
108.981 -1.28466e-011
108.981 1.47793e-011
108.982 -4.9738e-013
108.982 -7.1239e-011
108.982 6.27551e-011
108.982 -1.82183e-011
108.983 -2.94023e-011
108.983 4.7109e-011
108.983 2.70717e-011
108.983 -1.26903e-011
108.984 -6.11635e-011
108.984 1.84599e-011
108.984 3.53708e-011
108.985 -4.21778e-011
108.985 5.68861e-011
108.985 -1.43956e-011
108.985 -1.52482e-011
108.986 -3.33245e-011
108.986 3.10365e-011
108.986 -3.31113e-012
108.986 -1.48361e-011
108.987 -7.14238e-011
108.987 -4.77343e-011
108.987 1.03739e-012
108.987 -4.20641e-011
108.988 -4.35421e-011
108.988 -3.87956e-011
108.988 -1.72093e-011
108.989 7.48912e-012
108.989 -9.39337e-012
108.989 4.67537e-011
108.989 -3.46745e-012
108.99 -7.40954e-011
108.99 7.01732e-011
108.99 4.57874e-011
108.99 -3.91651e-011
108.991 2.13447e-011
108.991 3.91509e-011
108.991 -1.47367e-011
108.991 -2.40874e-011
108.992 1.54046e-011
108.992 1.38556e-011
108.992 1.09424e-011
108.993 -3.10791e-011
108.993 -1.26192e-011
108.993 4.83169e-012
108.993 4.9738e-011
108.994 5.28075e-011
108.994 -2.84217e-014
108.994 1.30314e-011
108.994 -6.78853e-011
108.995 -2.24816e-011
108.995 7.74065e-011
108.995 -7.03437e-012
108.996 2.73559e-011
108.996 -8.15277e-011
108.996 1.09992e-011
108.996 -4.52616e-011
108.997 -8.95284e-011
108.997 -1.2534e-011
108.997 3.77867e-011
108.997 -2.39027e-011
108.998 -3.84688e-011
108.998 -2.38884e-011
108.998 1.32729e-011
108.999 -1.2318e-010
108.999 1.59304e-011
108.999 3.69056e-011
108.999 3.44755e-011
109 -5.3376e-011
109 -7.41096e-011
109 -5.65592e-011
109.001 -2.386e-011
109.001 1.21787e-011
109.001 3.55129e-011
109.001 -2.45848e-011
109.002 3.71756e-011
109.002 -1.42393e-011
109.002 -3.13491e-011
109.002 1.49498e-011
109.003 3.33671e-011
109.003 -4.9269e-011
109.003 8.65441e-011
109.004 -6.35225e-012
109.004 4.25757e-011
109.004 1.6783e-011
109.004 -8.61178e-011
109.005 -1.9611e-012
109.005 2.82512e-011
109.005 4.32721e-011
109.006 -5.37455e-011
109.006 1.0516e-012
109.006 2.82512e-011
109.006 -1.84031e-011
109.007 -2.86917e-011
109.007 -3.84119e-011
109.007 6.38067e-011
109.008 9.30811e-012
109.008 3.30118e-011
109.008 -1.17097e-011
109.008 -5.29212e-011
109.009 -3.29692e-012
109.009 -1.00286e-010
109.009 -1.15818e-011
109.01 4.71374e-011
109.01 6.46878e-011
109.01 2.57501e-011
109.01 3.09797e-012
109.011 -1.42251e-011
109.011 -1.7053e-011
109.011 -4.82032e-011
109.012 1.32303e-011
109.012 2.92601e-011
109.012 1.04706e-010
109.012 5.52944e-011
109.013 1.90852e-011
109.013 -4.50626e-011
109.013 -3.63798e-012
109.014 -3.43903e-011
109.014 -7.81597e-012
109.014 -7.58291e-011
109.014 -2.22116e-011
109.015 2.28368e-011
109.015 -4.33431e-011
109.015 -3.6394e-011
109.016 4.17515e-011
109.016 5.29639e-011
109.016 -3.75167e-011
109.016 1.30029e-011
109.017 -5.94014e-012
109.017 9.19158e-011
109.017 4.51621e-011
109.018 -3.11218e-012
109.018 5.65166e-011
109.018 -3.04681e-011
109.019 2.81517e-011
109.019 1.55609e-011
109.019 -1.47224e-011
109.019 -5.07754e-011
109.02 -3.1747e-011
109.02 -4.90274e-012
109.02 -1.07647e-010
109.021 9.59233e-012
109.021 -5.69713e-011
109.021 -1.88436e-011
109.021 5.67297e-011
109.022 -3.56977e-011
109.022 9.89218e-011
109.022 -4.1311e-011
109.023 -3.02691e-012
109.023 6.77858e-012
109.023 2.82228e-011
109.024 -2.90754e-011
109.024 -7.2049e-012
109.024 -4.54037e-011
109.024 -4.6029e-011
109.025 1.08031e-010
109.025 9.27969e-012
109.025 -4.24194e-011
109.026 1.68257e-011
109.026 8.89742e-011
109.026 2.64322e-011
109.026 -3.01554e-011
109.027 4.47642e-012
109.027 4.98517e-011
109.027 1.2804e-011
109.028 -3.3566e-011
109.028 -5.48113e-011
109.028 -8.71125e-011
109.029 4.73079e-011
109.029 -2.62759e-011
109.029 -7.88276e-011
109.029 7.32001e-011
109.03 1.67688e-012
109.03 7.16796e-011
109.03 1.62288e-011
109.031 -1.23777e-011
109.031 -1.64277e-011
109.031 -1.01466e-010
109.032 6.03251e-011
109.032 -6.90932e-011
109.032 -4.59863e-011
109.032 1.4353e-011
109.033 -4.2121e-011
109.033 -1.51772e-011
109.033 -9.14042e-011
109.034 4.62848e-011
109.034 6.01688e-011
109.034 -3.81277e-011
109.035 6.97753e-012
109.035 -1.39266e-012
109.035 -1.92273e-011
109.035 4.49063e-012
109.036 4.42668e-011
109.036 3.30687e-011
109.036 -2.57927e-011
109.037 2.71143e-011
109.037 -4.66684e-011
109.037 2.30358e-011
109.038 2.07052e-011
109.038 5.30633e-011
109.038 -6.49436e-012
109.039 -9.01252e-011
109.039 -5.2367e-011
109.039 -6.23146e-011
109.039 1.35003e-012
109.04 -5.68434e-013
109.04 -1.04805e-010
109.04 -8.20108e-011
109.041 -1.76072e-011
109.041 -7.61702e-012
109.041 6.97895e-011
109.042 1.03881e-011
109.042 -1.5774e-011
109.042 -1.27898e-012
109.043 -2.47269e-012
109.043 -2.07763e-011
109.043 -4.95817e-011
109.043 -3.04823e-011
109.044 -7.57439e-011
109.044 -4.24194e-011
109.044 2.67164e-011
109.045 2.53237e-011
109.045 3.70903e-011
109.045 -4.28599e-011
109.046 -2.99423e-011
109.046 1.06084e-010
109.046 -4.73079e-011
109.047 5.02212e-011
109.047 -4.58584e-011
109.047 -5.91598e-011
109.048 -2.87059e-012
109.048 -6.39488e-013
109.048 -1.11996e-010
109.048 6.30536e-011
109.049 6.67342e-011
109.049 -4.63416e-011
109.049 -4.61853e-011
109.05 8.73115e-011
109.05 3.09797e-011
109.05 1.1994e-011
109.051 -8.79652e-012
109.051 -3.27987e-011
109.051 3.88383e-011
109.052 4.89138e-011
109.052 -2.75691e-011
109.052 6.20872e-011
109.053 4.57447e-011
109.053 3.73603e-011
109.053 5.67013e-011
109.054 -3.23581e-011
109.054 1.50209e-011
109.054 4.40252e-011
109.054 5.16991e-011
109.055 -6.26414e-011
109.055 -8.94431e-011
109.055 -5.04912e-011
109.056 7.73923e-011
109.056 4.55316e-011
109.056 1.89004e-011
109.057 1.78915e-011
109.057 2.22826e-011
109.057 -5.81792e-011
109.058 5.11591e-012
109.058 -1.15534e-011
109.058 -8.18119e-011
109.059 1.65556e-011
109.059 -1.11413e-011
109.059 -4.11262e-011
109.06 -2.79101e-011
109.06 -7.32285e-011
109.06 4.67821e-011
109.061 2.62474e-011
109.061 -5.38734e-011
109.061 -2.43858e-011
109.062 4.86438e-011
109.062 8.79368e-011
109.062 3.71045e-011
109.063 -4.43094e-011
109.063 5.63318e-011
109.063 6.03819e-011
109.063 3.66924e-011
109.064 -4.9738e-011
109.064 -4.12825e-011
109.064 7.88702e-011
109.065 -1.42677e-011
109.065 -1.90141e-011
109.065 -1.12635e-010
109.066 3.04539e-011
109.066 3.96341e-011
109.066 -7.75913e-011
109.067 3.73177e-011
109.067 -5.02496e-011
109.067 2.29363e-011
109.068 4.95248e-011
109.068 1.58735e-011
109.068 -3.13207e-011
109.069 -9.68612e-011
109.069 4.87148e-011
109.069 -2.18563e-011
109.07 -2.8578e-011
109.07 1.02034e-011
109.07 8.59757e-011
109.071 2.1771e-011
109.071 -1.2183e-010
109.071 3.83977e-011
109.072 4.745e-011
109.072 9.70175e-011
109.072 -3.48734e-011
109.073 8.92157e-011
109.073 -3.48876e-011
109.073 -1.08997e-011
109.074 5.6815e-011
109.074 7.023e-011
109.074 -5.38449e-011
109.075 -7.25748e-011
109.075 6.56399e-011
109.075 3.24718e-011
109.076 -8.44125e-012
109.076 -1.00329e-011
109.076 -5.25233e-011
109.077 -4.36415e-011
109.077 4.14389e-011
109.077 -5.62039e-011
109.078 9.33653e-012
109.078 -1.04208e-010
109.078 7.88702e-011
109.079 4.1922e-011
109.079 9.67759e-012
109.079 -2.69864e-011
109.08 5.66018e-011
109.08 -5.21965e-011
109.08 2.44853e-011
109.081 3.89377e-011
109.081 5.22533e-011
109.081 -8.47393e-011
109.082 -4.6299e-011
109.082 -3.75167e-011
109.082 4.2462e-011
109.083 4.83169e-011
109.083 -8.00071e-011
109.083 -9.02389e-012
109.084 -9.04805e-011
109.084 -4.37979e-011
109.084 1.55467e-011
109.085 4.40536e-013
109.085 1.75504e-011
109.085 1.11356e-010
109.086 -1.2048e-010
109.086 2.91038e-011
109.086 3.23013e-011
109.087 -1.10447e-010
109.087 2.04636e-012
109.087 4.58016e-011
109.088 -8.00071e-012
109.088 -3.3765e-011
109.088 2.49258e-011
109.089 -1.03014e-010
109.089 1.55893e-011
109.089 -1.35714e-011
109.09 4.88569e-011
109.09 3.99325e-011
109.091 2.86917e-011
109.091 1.29234e-010
109.091 -1.48361e-011
109.092 -3.42197e-011
109.092 1.62146e-011
109.092 1.03938e-010
109.093 -2.93312e-011
109.093 1.13261e-011
109.093 -2.45706e-011
109.094 1.20693e-010
109.094 9.10916e-012
109.094 -2.54801e-011
109.095 3.10507e-011
109.095 5.30491e-011
109.095 -3.14913e-011
109.096 -1.19655e-011
109.096 -3.0326e-011
109.096 -2.59348e-011
109.097 3.93783e-011
109.097 -3.45608e-011
109.097 2.96012e-011
109.098 -1.2605e-010
109.098 1.87015e-011
109.098 3.15907e-011
109.099 -5.37739e-011
109.099 -8.48246e-011
109.099 -1.89715e-011
109.1 -2.59632e-011
109.1 -1.70246e-011
109.101 2.68301e-011
109.101 5.94724e-011
109.101 -4.73221e-012
109.102 4.1922e-011
109.102 -2.72422e-011
109.102 3.98046e-011
109.103 3.38076e-011
109.103 -3.73319e-011
109.103 3.17897e-011
109.104 8.75389e-012
109.104 8.52651e-011
109.104 5.77671e-011
109.105 -1.2912e-010
109.105 8.34177e-011
109.105 -1.24203e-010
109.106 9.40332e-011
109.106 2.18421e-011
109.107 -6.4162e-011
109.107 -2.7768e-011
109.107 2.77112e-011
109.108 -8.83915e-012
109.108 2.36327e-011
109.108 9.05942e-011
109.109 -4.63132e-011
109.109 -3.20028e-011
109.109 8.52651e-012
109.11 -3.39924e-011
109.11 -6.92921e-011
109.11 5.37455e-011
109.111 -4.98375e-011
109.111 -6.29825e-011
109.111 4.65263e-011
109.112 2.10463e-011
109.112 -6.43752e-011
109.113 6.49578e-011
109.113 5.62324e-011
109.113 4.68958e-013
109.114 -1.76925e-011
109.114 6.78284e-011
109.114 -6.98179e-011
109.115 6.89937e-011
109.115 -3.25144e-011
109.115 -5.40581e-011
109.116 1.79057e-012
109.116 2.05347e-011
109.116 4.91696e-011
109.117 7.12959e-011
109.117 -5.95435e-012
109.118 8.62315e-011
109.118 -4.53753e-011
109.118 -5.20401e-011
109.119 5.83213e-011
109.119 9.66338e-012
109.119 -4.86722e-011
109.12 4.56453e-011
109.12 -2.57643e-011
109.12 3.63798e-012
109.121 7.8586e-012
109.121 -5.14717e-011
109.122 -8.68994e-011
109.122 9.60654e-012
109.122 5.72697e-012
109.123 -8.11724e-011
109.123 5.21965e-011
109.123 -6.42189e-011
109.124 5.67297e-011
109.124 -3.61382e-011
109.124 -1.41824e-011
109.125 -5.98135e-011
109.125 -1.0921e-010
109.126 -2.49401e-011
109.126 1.00115e-010
109.126 -8.10587e-011
109.127 -6.7871e-011
109.127 -6.06093e-011
109.127 4.79901e-011
109.128 -1.14071e-010
109.128 -5.98277e-011
109.128 1.70104e-011
109.129 -8.94005e-011
109.129 -3.03686e-011
109.13 -3.25429e-011
109.13 -9.20863e-012
109.13 -7.90124e-012
109.131 -5.36602e-011
109.131 -7.52749e-011
109.131 -1.44667e-011
109.132 -9.74865e-012
109.132 -1.45093e-011
109.133 -4.27605e-011
109.133 -7.64828e-011
109.133 -5.24807e-011
109.134 -3.44471e-011
109.134 1.0327e-010
109.134 1.21361e-011
109.135 6.68194e-011
109.135 -4.40536e-012
109.135 -5.21538e-012
109.136 1.04123e-010
109.136 9.39764e-011
109.137 5.07043e-011
109.137 -4.91696e-011
109.137 2.13447e-011
109.138 -2.94307e-011
109.138 -5.31202e-011
109.138 7.77334e-011
109.139 -2.55795e-011
109.139 9.33653e-012
109.14 7.68523e-011
109.14 -2.02363e-011
109.14 -5.80656e-011
109.141 3.4504e-011
109.141 2.99991e-011
109.141 5.85629e-011
109.142 -9.1589e-011
109.142 -3.53282e-011
109.143 3.96341e-011
109.143 -6.92779e-011
109.143 -5.43849e-011
109.144 2.86065e-011
109.144 7.23901e-011
109.144 2.64322e-011
109.145 -3.46745e-012
109.145 -2.44e-011
109.146 1.06866e-011
109.146 6.37073e-011
109.146 -1.17026e-010
109.147 -2.18421e-011
109.147 -6.25562e-011
109.147 6.94484e-011
109.148 -2.06768e-011
109.148 -3.08376e-011
109.149 -9.97744e-011
109.149 7.06279e-012
109.149 1.1255e-011
109.15 7.08695e-011
109.15 -2.75264e-011
109.15 -2.50822e-011
109.151 2.38032e-011
109.151 6.08225e-011
109.152 3.72609e-011
109.152 -1.00343e-010
109.152 6.03109e-011
109.153 -4.54605e-011
109.153 -3.4305e-011
109.154 4.57163e-011
109.154 1.02887e-011
109.154 4.77343e-011
109.155 -5.4996e-011
109.155 -1.61151e-011
109.155 3.42482e-011
109.156 -1.10063e-010
109.156 6.95195e-011
109.157 1.8062e-011
109.157 -3.58824e-011
109.157 -1.33014e-011
109.158 -1.12408e-011
109.158 3.51008e-011
109.159 3.38218e-012
109.159 7.11822e-011
109.159 -6.63078e-011
109.16 -3.84688e-011
109.16 7.07132e-011
109.16 -8.34177e-011
109.161 -3.84404e-011
109.161 4.39968e-011
109.162 2.63043e-011
109.162 3.36797e-011
109.162 -1.80478e-011
109.163 -2.05915e-011
109.163 -7.84723e-011
109.164 -9.39337e-011
109.164 -6.92069e-012
109.164 -7.41807e-012
109.165 1.09623e-010
109.165 -1.34861e-011
109.165 -6.13483e-011
109.166 -4.37694e-012
109.166 3.7403e-011
109.167 3.22444e-011
109.167 -6.62936e-011
109.167 3.3296e-011
109.168 -6.31246e-011
109.168 -2.38742e-011
109.169 1.27471e-010
109.169 1.51914e-011
109.169 4.55742e-011
109.17 -1.16202e-010
109.17 4.80753e-011
109.171 1.42961e-011
109.171 9.43885e-011
109.171 -1.30285e-010
109.172 2.14726e-011
109.172 1.82325e-011
109.173 -9.08074e-011
109.173 -1.36708e-011
109.173 3.03118e-011
109.174 -5.65592e-011
109.174 7.60849e-011
109.175 3.97904e-013
109.175 7.3527e-011
109.175 -1.13687e-011
109.176 1.94404e-011
109.176 1.08713e-010
109.176 -5.28928e-011
109.177 -4.57447e-011
109.177 1.1606e-010
109.178 -2.50537e-011
109.178 4.23768e-011
109.178 5.51381e-012
109.179 5.38307e-011
109.179 -7.13527e-011
109.18 2.18989e-011
109.18 -7.06706e-011
109.18 9.14184e-011
109.181 1.05075e-010
109.181 3.86677e-011
109.182 2.3519e-011
109.182 4.29878e-011
109.182 8.42419e-011
109.183 -8.02771e-011
109.183 1.5234e-011
109.184 5.67866e-011
109.184 2.04068e-011
109.184 5.12443e-011
109.185 -1.19826e-010
109.185 -6.25278e-013
109.186 1.37788e-010
109.186 -9.01395e-011
109.186 7.4607e-011
109.187 1.18078e-010
109.187 -3.47313e-011
109.188 1.1336e-010
109.188 4.89564e-011
109.188 -1.04549e-010
109.189 -3.56408e-011
109.189 3.93783e-011
109.19 2.60769e-011
109.19 2.16716e-011
109.19 1.01181e-010
109.191 -4.86438e-011
109.191 8.86757e-011
109.192 -1.19371e-012
109.192 -1.50138e-010
109.192 -3.63656e-011
109.193 -6.45599e-011
109.193 6.65636e-011
109.194 6.42757e-011
109.194 5.07328e-011
109.194 2.60627e-011
109.195 -3.30971e-011
109.195 1.17382e-011
109.196 3.98188e-011
109.196 5.28217e-011
109.197 3.64366e-011
109.197 -1.96394e-011
109.197 -1.18234e-011
109.198 8.62599e-012
109.198 -1.47793e-012
109.199 -1.12692e-011
109.199 3.03402e-011
109.199 -7.03011e-011
109.2 -1.43245e-011
109.2 5.16565e-011
109.201 3.80567e-011
109.201 2.1771e-011
109.201 2.68585e-012
109.202 -2.71996e-011
109.202 -6.21014e-012
109.203 1.18973e-010
109.203 -1.30257e-010
109.203 -9.4758e-011
109.204 -3.23865e-011
109.204 -6.69331e-011
109.205 1.21844e-010
109.205 4.0643e-011
109.206 -2.91323e-012
109.206 -1.15406e-010
109.206 1.45093e-011
109.207 3.16902e-011
109.207 -8.1755e-011
109.208 -1.00471e-010
109.208 -5.50813e-011
109.208 -1.63567e-011
109.209 3.91651e-011
109.209 -2.72706e-011
109.21 -9.90212e-011
109.21 -4.52474e-011
109.21 -7.38964e-013
109.211 5.03206e-011
109.211 -8.37161e-011
109.212 8.67288e-011
109.212 2.13305e-011
109.213 -2.78959e-011
109.213 -1.1066e-010
109.213 8.10445e-011
109.214 -7.92966e-012
109.214 1.62714e-011
109.215 3.46176e-011
109.215 -9.99734e-011
109.215 6.3423e-011
109.216 1.11839e-011
109.216 4.12257e-011
109.217 4.87148e-011
109.217 -2.21405e-011
109.218 1.34861e-011
109.218 -6.32667e-011
109.218 -3.83693e-012
109.219 -3.22018e-011
109.219 -1.19158e-010
109.22 1.33156e-011
109.22 3.61808e-011
109.22 -1.02816e-010
109.221 -2.72848e-011
109.221 1.42109e-014
109.222 -1.87299e-011
109.222 1.82041e-011
109.223 2.09042e-011
109.223 -9.76286e-012
109.223 5.42713e-011
109.224 -7.71649e-012
109.224 1.51772e-011
109.225 -7.83444e-011
109.225 6.97469e-011
109.226 -5.88471e-011
109.226 7.87139e-011
109.226 -1.51488e-011
109.227 -4.93685e-011
109.227 -8.90594e-011
109.228 2.70006e-012
109.228 1.13985e-010
109.229 -1.4083e-011
109.229 4.84164e-011
109.229 -1.74651e-011
109.23 -5.76108e-011
109.23 5.25091e-011
109.231 -3.57261e-011
109.231 4.81606e-011
109.231 2.76117e-011
109.232 3.31113e-011
109.232 -4.40536e-011
109.233 -1.0742e-010
109.233 5.65024e-011
109.234 6.79847e-011
109.234 3.06244e-011
109.234 6.91358e-011
109.235 -7.13101e-011
109.235 3.73603e-011
109.236 6.49294e-011
109.236 2.49543e-011
109.237 -5.53229e-011
109.237 -2.37748e-011
109.237 -2.02647e-011
109.238 1.79057e-012
109.238 -1.16628e-010
109.239 4.06004e-011
109.239 -3.10934e-011
109.24 -5.34328e-012
109.24 -9.19727e-011
109.24 -8.18545e-012
109.241 5.11733e-011
109.241 -6.39488e-012
109.242 -3.42197e-011
109.242 4.12683e-011
109.243 -3.8483e-011
109.243 3.08091e-011
109.243 1.16529e-011
109.244 1.37419e-011
109.244 -5.52518e-011
109.245 -3.09939e-011
109.245 -2.18421e-011
109.246 6.13198e-011
109.246 -6.1803e-011
109.247 -3.21023e-011
109.247 -5.9984e-011
109.247 6.4091e-012
109.248 9.36495e-012
109.248 1.96252e-011
109.249 -5.85345e-011
109.249 4.62421e-011
109.25 5.36602e-011
109.25 5.45839e-011
109.25 -2.38032e-011
109.251 4.08562e-011
109.251 -4.8658e-011
109.252 6.88232e-011
109.252 8.30056e-011
109.253 -1.92983e-011
109.253 5.07043e-011
109.253 2.27374e-012
109.254 -3.24292e-011
109.254 -1.06155e-011
109.255 -1.83036e-011
109.255 -4.0572e-011
109.256 -1.61577e-011
109.256 1.01323e-011
109.257 2.58353e-011
109.257 9.112e-011
109.257 2.98286e-011
109.258 -4.54179e-011
109.258 2.06057e-011
109.259 -6.93205e-011
109.259 4.05436e-011
109.26 1.68967e-011
109.26 -4.61426e-011
109.261 1.1137e-010
109.261 -3.03828e-011
109.261 3.47882e-011
109.262 7.74634e-011
109.262 3.98046e-011
109.263 -1.91278e-011
109.263 -5.17275e-012
109.264 -4.27747e-012
109.264 -1.08798e-010
109.265 -3.36797e-012
109.265 -4.09841e-011
109.265 5.5806e-011
109.266 -6.65494e-011
109.266 3.51719e-011
109.267 7.47491e-012
109.267 -8.00071e-012
109.268 -4.49205e-011
109.268 -1.32147e-010
109.269 2.41585e-013
109.269 -7.65255e-011
109.269 2.01084e-011
109.27 -9.73159e-011
109.27 2.92459e-011
109.271 -3.47029e-011
109.271 -1.41227e-010
109.272 -6.09646e-012
109.272 -8.34319e-011
109.273 -4.97664e-011
109.273 2.35048e-011
109.273 4.46079e-011
109.274 4.50484e-011
109.274 3.86251e-011
109.275 -8.44977e-011
109.275 2.78106e-011
109.276 5.78524e-011
109.276 -1.28523e-010
109.277 -2.96012e-011
109.277 -1.57911e-010
109.277 1.9412e-011
109.278 -9.70175e-011
109.278 4.12399e-011
109.279 -8.21814e-011
109.279 5.20401e-011
109.28 -4.33857e-011
109.28 3.40208e-011
109.281 -4.56453e-011
109.281 1.18561e-010
109.282 -7.24754e-012
109.282 -3.52145e-011
109.282 6.5242e-011
109.283 4.76774e-011
109.283 -7.21485e-011
109.284 4.39826e-011
109.284 -3.39355e-011
109.285 -1.40403e-011
109.285 -5.01359e-011
109.286 -7.63123e-011
109.286 6.46452e-011
109.286 1.4245e-010
109.287 -1.42961e-011
109.287 3.28271e-012
109.288 9.34648e-011
109.288 4.38831e-011
109.289 -5.85487e-012
109.289 -2.1771e-011
109.29 -2.78817e-011
109.29 9.02673e-011
109.291 -6.4162e-011
109.291 3.75024e-011
109.292 -9.01821e-011
109.292 3.82983e-011
109.292 -6.84963e-012
