0.1 0.626276
0.2 1.25283
0.3 1.87946
0.4 2.50623
0.5 3.13316
0.6 3.76022
0.7 4.38744
0.8 5.01481
0.9 5.64232
1 6.26999
0.833463 6.73191
1.66665 7.1938
2.49941 7.65541
3.33146 8.11615
4.1632 8.57685
4.99462 9.03744
5.82554 9.49754
6.6559 9.957
7.48593 10.4164
8.31564 10.8756
9.14501 11.3348
9.97404 11.7938
10.8027 12.2527
11.6311 12.7116
12.4592 13.1704
13.2869 13.6293
14.1143 14.088
14.9414 14.5466
15.7682 15.0052
16.5946 15.4636
17.4206 15.9219
18.2464 16.3801
19.0717 16.8382
19.8968 17.2961
20.7215 17.754
21.5458 18.2117
22.3698 18.6693
23.1934 19.1267
24.0167 19.5841
24.8396 20.0413
25.6622 20.4985
26.4844 20.9556
27.3063 21.4125
28.1279 21.8694
28.9491 22.3261
29.7699 22.7828
30.5904 23.2394
31.4105 23.6958
32.2303 24.1521
33.0497 24.6084
33.8687 25.0645
34.6874 25.5205
35.5058 25.9765
36.3237 26.4323
37.1413 26.888
37.9586 27.3436
38.7755 27.7991
39.592 28.2545
40.4081 28.7097
41.2239 29.1649
42.0393 29.62
42.8543 30.0749
43.669 30.5298
44.4833 30.9845
45.2972 31.4391
46.1108 31.8937
46.924 32.3481
47.7368 32.8024
48.5492 33.2566
49.3612 33.7107
50.1729 34.1646
50.9842 34.6185
51.7951 35.0722
52.6056 35.5259
53.4157 35.9794
54.2255 36.4328
55.0348 36.8861
55.8438 37.3393
56.6524 37.7924
57.4606 38.2454
58.2684 38.6983
59.0758 39.151
59.8828 39.6037
60.6894 40.0562
61.4956 40.5086
62.3014 40.9609
63.1069 41.4131
63.9119 41.8651
64.7165 42.3171
65.5207 42.769
66.3245 43.2207
67.1279 43.6723
67.9309 44.1238
68.7335 44.5751
69.5357 45.0264
70.3375 45.4775
71.1389 45.9286
71.9398 46.3795
72.7403 46.8303
73.5404 47.2809
74.3401 47.7315
75.1394 48.182
75.9383 48.6323
76.7367 49.0825
77.5347 49.5326
78.3323 49.9826
79.1295 50.4325
79.9262 50.8822
80.7225 51.3318
81.5184 51.7814
82.3138 52.2308
83.1088 52.6801
83.9034 53.1294
84.6975 53.5784
85.4912 54.0274
86.2845 54.4763
87.0773 54.925
87.8697 55.3736
88.6616 55.8221
89.4531 56.2705
90.2441 56.7188
91.0347 57.1669
91.8249 57.6148
92.6146 58.0626
93.4038 58.5103
94.1926 58.9579
94.9809 59.4053
95.7688 59.8526
96.5562 60.2998
97.3431 60.7469
98.1296 61.1938
98.9156 61.6406
99.7012 62.0873
100.486 62.5338
101.271 62.9803
102.055 63.4266
102.834 63.8712
103.587 64.306
104.277 64.7183
104.698 65.0331
105.032 65.3169
105.365 65.6001
105.693 65.8821
106.018 66.1625
106.338 66.4414
106.655 66.7189
106.969 66.9953
107.275 67.269
107.572 67.5393
107.855 67.8046
108.13 68.0673
108.393 68.326
108.65 68.5834
108.908 68.8409
109.164 69
109.417 69
109.665 69
109.906 69
110.144 69
110.357 69
110.554 69
110.667 69
110.732 69
110.792 69
110.852 69
110.912 69
110.971 69
111.03 69
111.089 69
111.147 69
111.205 69
111.263 69
111.321 69
111.378 69
111.434 69
111.491 69
111.546 69
111.602 69
111.657 69
111.711 69
111.764 69
111.816 69
111.867 69
111.917 69
111.966 69
112.014 69
112.061 69
112.107 69
112.153 69
112.198 69
112.241 69
112.283 69
112.322 69
112.359 69
112.395 69
112.43 69
112.459 69
112.488 69
112.516 69
112.541 69
112.563 69
112.584 69
112.601 69
112.619 69
112.636 69
112.653 69
112.67 69
112.686 69
112.702 69
112.718 69
112.733 69
112.748 69
112.762 69
112.775 69
112.787 69
112.799 69
112.81 69
112.821 69
112.83 69
112.838 69
112.845 69
112.853 69
112.86 69
112.866 69
112.87 69
112.874 69
112.877 69
112.88 69
112.883 69
112.885 69
112.887 69
112.889 69
112.889 69
112.889 69
112.889 69
112.888 69
112.887 69
112.886 69
112.885 69
112.883 69
112.881 69
112.879 69
112.877 69
112.875 69
112.872 69
112.869 69
112.867 69
112.863 69
112.86 69
112.855 69
112.85 69
112.845 69
112.84 69
112.835 69
112.829 69
112.823 69
112.816 69
112.81 69
112.803 69
112.795 69
112.787 69
112.778 69
112.77 69
112.761 69
112.752 69
112.742 69
112.732 69
112.722 69
112.711 69
112.7 69
112.688 69
112.676 69
112.663 69
112.65 69
112.637 69
112.624 69
112.61 69
112.597 69
112.583 69
112.569 69
112.555 69
112.54 69
112.525 69
112.51 69
112.494 69
112.479 69
112.463 69
112.447 69
112.431 69
112.415 69
112.398 69
112.382 69
112.366 69
112.349 69
112.333 69
112.316 69
112.3 69
112.283 69
112.266 69
112.249 69
112.232 69
112.215 69
112.198 69
112.18 69
112.163 69
112.146 69
112.129 69
112.111 69
112.094 69
112.077 69
112.059 69
112.041 69
112.024 69
112.006 69
111.988 69
111.97 69
111.953 69
111.935 69
111.917 69
111.899 69
111.881 69
111.863 69
111.845 69
111.827 69
111.809 69
111.791 69
111.773 69
111.755 69
111.737 69
111.719 69
111.701 69
111.683 69
111.665 69
111.646 69
111.628 69
111.61 69
111.592 69
111.573 69
111.555 69
111.537 69
111.518 69
111.499 69
111.481 69
111.462 69
111.444 69
111.425 69
111.406 69
111.387 69
111.369 69
111.35 69
111.331 69
111.311 69
111.292 69
111.273 69
111.254 69
111.234 69
111.215 69
111.196 69
111.177 69
111.157 69
111.138 69
111.119 69
111.099 69
111.08 69
111.06 69
111.041 69
111.021 69
111.001 69
110.981 69
110.961 69
110.941 69
110.921 69
110.901 69
110.881 69
110.861 69
110.841 69
110.821 69
110.801 69
110.781 69
110.761 69
110.741 69
110.721 69
110.7 69
110.68 69
110.659 69
110.639 69
110.618 69
110.599 69
110.579 69
110.56 69
110.54 69
110.52 69
110.501 69
110.483 69
110.465 69
110.447 69
110.43 69
110.413 69
110.396 69
110.378 69
110.361 69
110.344 69
110.328 69
110.313 69
110.299 69
110.286 69
110.272 69
110.259 69
110.245 69
110.231 69
110.219 69
110.207 69
110.196 69
110.184 69
110.172 69
110.161 69
110.15 69
110.14 69
110.131 69
110.122 69
110.113 69
110.104 69
110.095 69
110.085 69
110.076 69
110.067 69
110.058 69
110.049 69
110.04 69
110.031 69
110.023 69
110.015 69
110.008 69
110 69
109.992 69
109.984 69
109.977 69
109.969 69
109.962 69
109.954 69
109.947 69
109.94 69
109.933 69
109.926 69
109.919 69
109.912 69
109.905 69
109.898 69
109.89 69
109.883 69
109.876 69
109.869 69
109.862 69
109.855 69
109.848 69
109.841 69
109.833 69
109.826 69
109.819 69
109.812 69
109.804 69
109.797 69
109.79 69
109.783 69
109.775 69
109.768 69
109.761 69
109.754 69
109.746 69
109.739 69
109.732 69
109.725 69
109.718 69
109.711 69
109.704 69
109.697 69
109.69 69
109.683 69
109.677 69
109.67 69
109.664 69
109.657 69
109.651 69
109.644 69
109.638 69
109.631 69
109.625 69
109.618 69
109.612 69
109.607 69
109.601 69
109.595 69
109.589 69
109.583 69
109.577 69
109.572 69
109.566 69
109.56 69
109.554 69
109.549 69
109.544 69
109.538 69
109.533 69
109.528 69
109.523 69
109.518 69
109.514 69
109.509 69
109.504 69
109.5 69
109.496 69
109.492 69
109.488 69
109.485 69
109.481 69
109.477 69
109.473 69
109.469 69
109.465 69
109.461 69
109.458 69
109.455 69
109.453 69
109.45 69
109.447 69
109.445 69
109.442 69
109.439 69
109.436 69
109.434 69
109.431 69
109.429 69
109.427 69
109.425 69
109.423 69
109.421 69
109.419 69
109.418 69
109.416 69
109.414 69
109.413 69
109.412 69
109.411 69
109.41 69
109.409 69
109.407 69
109.406 69
109.405 69
109.404 69
109.403 69
109.402 69
109.401 69
109.399 69
109.398 69
109.397 69
109.396 69
109.395 69
109.394 69
109.394 69
109.393 69
109.393 69
109.392 69
109.392 69
109.391 69
109.39 69
109.39 69
109.389 69
109.389 69
109.388 69
109.388 69
109.388 69
109.388 69
109.388 69
109.388 69
109.388 69
109.388 69
109.389 69
109.389 69
109.389 69
109.389 69
109.388 69
109.388 69
109.388 69
109.388 69
109.388 69
109.388 69
109.387 69
109.387 69
109.387 69
109.387 69
109.387 69
109.388 69
109.388 69
109.388 69
109.388 69
109.389 69
109.389 69
109.389 69
109.388 69
109.387 69
109.387 69
109.386 69
109.385 69
109.385 69
109.384 69
109.383 69
109.383 69
109.382 69
109.382 69
109.382 69
109.381 69
109.381 69
109.381 69
109.381 69
109.38 69
109.38 69
109.379 69
109.379 69
109.378 69
109.377 69
109.377 69
109.377 69
109.376 69
109.376 69
109.375 69
109.375 69
109.374 69
109.373 69
109.372 69
109.371 69
109.37 69
109.368 69
109.367 69
109.366 69
109.365 69
109.364 69
109.362 69
109.361 69
109.36 69
109.359 69
109.358 69
109.357 69
109.355 69
109.354 69
109.353 69
109.352 69
109.351 69
109.349 69
109.348 69
109.347 69
109.346 69
109.345 69
109.344 69
109.342 69
109.341 69
109.34 69
109.339 69
109.338 69
109.336 69
109.335 69
109.334 69
109.333 69
109.331 69
109.33 69
109.329 69
109.328 69
109.326 69
109.325 69
109.324 69
109.323 69
109.321 69
109.32 69
109.319 69
109.318 69
109.316 69
109.315 69
109.314 69
109.313 69
109.311 69
109.31 69
109.309 69
109.308 69
109.306 69
109.305 69
109.304 69
109.303 69
109.301 69
109.3 69
109.299 69
109.298 69
109.296 69
109.295 69
109.294 69
109.293 69
109.291 69
109.29 69
109.289 69
109.287 69
109.285 69
109.284 69
109.282 69
109.281 69
109.279 69
109.277 69
109.276 69
109.274 69
109.273 69
109.271 69
109.269 69
109.268 69
109.266 69
109.264 69
109.263 69
109.261 69
109.26 69
109.258 69
109.256 69
109.255 69
109.253 69
109.252 69
109.25 69
109.248 69
109.247 69
109.245 69
109.244 69
109.242 69
109.24 69
109.239 69
109.237 69
109.235 69
109.234 69
109.232 69
109.231 69
109.229 69
109.228 69
109.227 69
109.225 69
109.224 69
109.223 69
109.221 69
109.22 69
109.219 69
109.217 69
109.216 69
109.215 69
109.213 69
109.212 69
109.211 69
109.209 69
109.208 69
109.207 69
109.205 69
109.204 69
109.203 69
109.201 69
109.2 69
109.199 69
109.197 69
109.196 69
109.195 69
109.193 69
109.192 69
109.191 69
109.19 69
109.188 69
109.186 69
109.184 69
109.182 69
109.18 69
109.178 69
109.175 69
109.173 69
109.171 69
109.169 69
109.167 69
109.165 69
109.163 69
109.161 69
109.159 69
109.157 69
109.154 69
109.152 69
109.15 69
109.148 69
109.146 69
109.144 69
109.142 69
109.14 69
109.138 69
109.137 69
109.135 69
109.133 69
109.131 69
109.13 69
109.128 69
109.126 69
109.124 69
109.123 69
109.121 69
109.119 69
109.117 69
109.116 69
109.115 69
109.113 69
109.112 69
109.111 69
109.11 69
109.109 69
109.108 69
109.107 69
109.105 69
109.104 69
109.103 69
109.102 69
109.101 69
109.1 69
109.099 69
109.097 69
109.096 69
109.095 69
109.094 69
109.093 69
109.092 69
109.09 69
109.089 69
109.088 69
109.087 69
109.086 69
109.086 69
109.085 69
109.084 69
109.084 69
109.083 69
109.083 69
109.082 69
109.081 69
109.081 69
109.08 69
109.079 69
109.079 69
109.078 69
109.078 69
109.077 69
109.076 69
109.076 69
109.075 69
109.075 69
109.074 69
109.074 69
109.074 69
109.073 69
109.073 69
109.072 69
109.072 69
109.071 69
109.071 69
109.071 69
109.07 69
109.07 69
109.069 69
109.069 69
109.068 69
109.068 69
109.068 69
109.067 69
109.067 69
109.066 69
109.066 69
109.066 69
109.065 69
109.065 69
109.064 69
109.064 69
109.063 69
109.063 69
109.063 69
109.062 69
109.062 69
109.061 69
109.061 69
109.061 69
109.06 69
109.06 69
109.059 69
109.059 69
109.058 69
109.058 69
109.058 69
109.057 69
109.057 69
109.056 69
109.056 69
109.056 69
109.055 69
109.055 69
109.054 69
109.054 69
109.053 69
109.053 69
109.053 69
109.052 69
109.052 69
109.051 69
109.051 69
109.051 69
109.05 69
109.05 69
109.049 69
109.049 69
109.049 69
109.048 69
109.048 69
109.047 69
109.047 69
109.046 69
109.046 69
109.046 69
109.045 69
109.045 69
109.044 69
109.044 69
109.044 69
109.043 69
109.043 69
109.042 69
109.042 69
109.042 69
109.041 69
109.041 69
109.04 69
109.04 69
109.04 69
109.039 69
109.039 69
109.038 69
109.038 69
109.037 69
109.037 69
109.037 69
109.036 69
109.036 69
109.035 69
109.035 69
109.035 69
109.034 69
109.034 69
109.033 69
109.033 69
109.033 69
109.032 69
109.032 69
109.031 69
109.031 69
109.031 69
109.03 69
109.03 69
109.029 69
109.029 69
109.029 69
109.028 69
109.028 69
109.027 69
109.027 69
109.027 69
109.026 69
109.026 69
109.025 69
109.025 69
109.025 69
109.024 69
109.024 69
109.023 69
109.023 69
109.023 69
109.022 69
109.022 69
109.021 69
109.021 69
109.021 69
109.02 69
109.02 69
109.019 69
109.019 69
109.019 69
109.018 69
109.018 69
109.018 69
109.017 69
109.017 69
109.016 69
109.016 69
109.016 69
109.015 69
109.015 69
109.014 69
109.014 69
109.014 69
109.013 69
109.013 69
109.012 69
109.012 69
109.012 69
109.011 69
109.011 69
109.01 69
109.01 69
109.01 69
109.009 69
109.009 69
109.009 69
109.008 69
109.008 69
109.007 69
109.007 69
109.007 69
109.006 69
109.006 69
109.005 69
109.005 69
109.005 69
109.004 69
109.004 69
109.003 69
109.003 69
109.003 69
109.002 69
109.002 69
109.002 69
109.001 69
109.001 69
109 69
109 69
109 69
108.999 69
108.999 69
108.998 69
108.998 69
108.998 69
108.997 69
108.997 69
108.997 69
108.996 69
108.996 69
108.995 69
108.995 69
108.995 69
108.994 69
108.994 69
108.994 69
108.993 69
108.993 69
108.992 69
108.992 69
108.992 69
108.991 69
108.991 69
108.99 69
108.99 69
108.99 69
108.989 69
108.989 69
108.989 69
108.988 69
108.988 69
108.987 69
108.987 69
108.987 69
108.986 69
108.986 69
108.986 69
108.985 69
108.985 69
108.984 69
108.984 69
108.984 69
108.983 69
108.983 69
108.983 69
108.982 69
108.982 69
108.981 69
108.981 69
108.981 69
108.98 69
108.98 69
108.98 69
108.979 69
108.979 69
108.978 69
108.978 69
108.978 69
108.977 69
108.977 69
108.977 69
108.976 69
108.976 69
108.976 69
108.975 69
108.975 69
108.974 69
108.974 69
108.974 69
108.973 69
108.973 69
108.973 69
108.972 69
108.972 69
108.971 69
108.971 69
108.971 69
108.97 69
108.97 69
108.97 69
108.969 69
108.969 69
108.969 69
108.968 69
108.968 69
108.967 69
108.967 69
108.967 69
108.966 69
108.966 69
108.966 69
108.965 69
108.965 69
108.965 69
108.964 69
108.964 69
108.963 69
108.963 69
108.963 69
108.962 69
108.962 69
108.962 69
108.961 69
108.961 69
108.961 69
108.96 69
108.96 69
108.959 69
108.959 69
108.959 69
108.958 69
108.958 69
108.958 69
108.957 69
108.957 69
108.957 69
108.956 69
108.956 69
108.956 69
108.955 69
108.955 69
108.954 69
108.954 69
108.954 69
108.953 69
108.953 69
108.953 69
108.952 69
108.952 69
108.952 69
108.951 69
108.951 69
108.951 69
108.95 69
108.95 69
108.949 69
108.949 69
108.949 69
108.948 69
108.948 69
108.948 69
108.947 69
108.947 69
108.947 69
108.946 69
108.946 69
108.946 69
108.945 69
108.945 69
108.945 69
108.944 69
108.944 69
108.943 69
108.943 69
108.943 69
108.942 69
108.942 69
108.942 69
108.941 69
108.941 69
108.941 69
108.94 69
108.94 69
108.94 69
108.939 69
108.939 69
108.939 69
108.938 69
108.938 69
108.938 69
108.937 69
108.937 69
108.937 69
108.936 69
108.936 69
108.936 69
108.935 69
108.935 69
108.934 69
108.934 69
108.934 69
108.933 69
108.933 69
108.933 69
108.932 69
108.932 69
108.932 69
108.931 69
108.931 69
108.931 69
108.93 69
108.93 69
108.93 69
108.929 69
108.929 69
108.929 69
108.928 69
108.928 69
108.928 69
108.927 69
108.927 69
108.927 69
108.926 69
108.926 69
108.926 69
108.925 69
108.925 69
108.925 69
108.924 69
108.924 69
108.924 69
108.923 69
108.923 69
108.923 69
108.922 69
108.922 69
108.922 69
108.921 69
108.921 69
108.921 69
108.92 69
108.92 69
108.92 69
108.919 69
108.919 69
108.919 69
108.918 69
108.918 69
108.918 69
108.917 69
108.917 69
108.917 69
108.916 69
108.916 69
108.916 69
108.915 69
108.915 69
108.915 69
108.914 69
108.914 69
108.914 69
108.913 69
108.913 69
108.913 69
108.912 69
108.912 69
108.912 69
108.911 69
108.911 69
108.911 69
108.91 69
108.91 69
108.91 69
108.909 69
108.909 69
108.909 69
108.908 69
108.908 69
108.908 69
108.907 69
108.907 69
108.907 69
108.906 69
108.906 69
108.906 69
108.905 69
108.905 69
108.905 69
108.904 69
108.904 69
108.904 69
108.903 69
108.903 69
108.903 69
108.902 69
108.902 69
108.902 69
108.901 69
108.901 69
108.901 69
108.901 69
108.9 69
108.9 69
108.9 69
108.899 69
108.899 69
108.899 69
108.898 69
108.898 69
108.898 69
108.897 69
108.897 69
108.897 69
108.896 69
108.896 69
108.896 69
108.895 69
108.895 69
108.895 69
108.894 69
108.894 69
108.894 69
108.893 69
108.893 69
108.893 69
108.893 69
108.892 69
108.892 69
108.892 69
108.891 69
108.891 69
108.891 69
108.89 69
108.89 69
108.89 69
108.889 69
108.889 69
108.889 69
108.888 69
108.888 69
108.888 69
108.888 69
108.887 69
108.887 69
108.887 69
108.886 69
108.886 69
108.886 69
108.885 69
108.885 69
108.885 69
108.884 69
108.884 69
108.884 69
108.883 69
108.883 69
108.883 69
108.883 69
108.882 69
108.882 69
108.882 69
108.881 69
108.881 69
108.881 69
108.88 69
108.88 69
108.88 69
108.879 69
108.879 69
108.879 69
108.879 69
108.878 69
108.878 69
108.878 69
108.877 69
108.877 69
108.877 69
108.876 69
108.876 69
108.876 69
108.875 69
108.875 69
108.875 69
108.875 69
108.874 69
108.874 69
108.874 69
108.874 69
108.873 69
108.873 69
108.873 69
108.872 69
108.872 69
108.872 69
108.872 69
108.871 69
108.871 69
108.871 69
108.87 69
108.87 69
108.87 69
108.87 69
108.869 69
108.869 69
108.869 69
108.869 69
108.868 69
108.868 69
108.868 69
108.867 69
108.867 69
108.867 69
108.867 69
108.866 69
108.866 69
108.866 69
108.866 69
108.865 69
108.865 69
108.865 69
108.865 69
108.864 69
108.864 69
108.864 69
108.864 69
108.864 69
108.863 69
108.863 69
108.863 69
108.863 69
108.862 69
108.862 69
108.862 69
108.862 69
108.861 69
108.861 69
108.861 69
108.861 69
108.861 69
108.86 69
108.86 69
108.86 69
108.86 69
108.859 69
108.859 69
108.859 69
108.859 69
108.859 69
108.858 69
108.858 69
108.858 69
108.858 69
108.857 69
108.857 69
108.857 69
108.857 69
108.857 69
108.856 69
108.856 69
108.856 69
108.856 69
108.855 69
108.855 69
108.855 69
108.855 69
108.855 69
108.854 69
108.854 69
108.854 69
108.854 69
108.854 69
108.854 69
108.853 69
108.853 69
108.853 69
108.853 69
108.853 69
108.853 69
108.852 69
108.852 69
108.852 69
108.852 69
108.852 69
108.852 69
108.851 69
108.851 69
108.851 69
108.851 69
108.851 69
108.851 69
108.85 69
108.85 69
108.85 69
108.85 69
108.85 69
108.85 69
108.85 69
108.849 69
108.849 69
108.849 69
108.849 69
108.849 69
108.849 69
108.848 69
108.848 69
108.848 69
108.848 69
108.848 69
108.848 69
108.847 69
108.847 69
108.847 69
108.847 69
108.847 69
108.847 69
108.847 69
108.847 69
108.846 69
108.846 69
108.846 69
108.846 69
108.846 69
108.846 69
108.846 69
108.846 69
108.846 69
108.845 69
108.845 69
108.845 69
108.845 69
108.845 69
108.845 69
108.845 69
108.845 69
108.845 69
108.844 69
108.844 69
108.844 69
108.844 69
108.844 69
108.844 69
108.844 69
108.844 69
108.844 69
108.844 69
108.843 69
108.843 69
108.843 69
108.843 69
108.843 69
108.843 69
108.843 69
108.843 69
108.843 69
108.843 69
108.843 69
108.842 69
108.842 69
108.842 69
108.842 69
108.842 69
108.842 69
108.842 69
108.842 69
108.842 69
108.842 69
108.842 69
108.842 69
108.842 69
108.841 69
108.841 69
108.841 69
108.841 69
108.841 69
108.841 69
108.841 69
108.841 69
108.841 69
108.841 69
108.841 69
108.841 69
108.84 69
108.84 69
108.84 69
108.84 69
108.84 69
108.84 69
108.84 69
108.84 69
108.84 69
108.84 69
108.84 69
108.84 69
108.84 69
108.84 69
108.839 69
108.839 69
108.839 69
108.839 69
108.839 69
108.839 69
108.839 69
108.839 69
108.839 69
108.839 69
108.839 69
108.839 69
108.839 69
108.838 69
108.838 69
108.838 69
108.838 69
108.838 69
108.838 69
108.838 69
108.838 69
108.838 69
108.838 69
108.838 69
108.838 69
108.838 69
108.838 69
108.838 69
108.837 69
108.837 69
108.837 69
108.837 69
108.837 69
108.837 69
108.837 69
108.837 69
108.837 69
108.837 69
108.837 69
108.837 69
108.837 69
108.837 69
108.837 69
108.836 69
108.836 69
108.836 69
108.836 69
108.836 69
108.836 69
108.836 69
108.836 69
108.836 69
108.836 69
108.836 69
108.836 69
108.836 69
108.836 69
108.836 69
108.835 69
108.835 69
108.835 69
108.835 69
108.835 69
108.835 69
108.835 69
108.835 69
108.835 69
108.835 69
108.835 69
108.835 69
108.835 69
108.835 69
108.835 69
108.835 69
108.835 69
108.834 69
108.834 69
108.834 69
108.834 69
108.834 69
108.834 69
108.834 69
108.834 69
108.834 69
108.834 69
108.834 69
108.834 69
108.834 69
108.834 69
108.834 69
108.834 69
108.834 69
108.833 69
108.833 69
108.833 69
108.833 69
108.833 69
108.833 69
108.833 69
108.833 69
108.833 69
108.833 69
108.833 69
108.833 69
108.833 69
108.833 69
108.833 69
108.833 69
108.833 69
108.833 69
108.832 69
108.832 69
108.832 69
108.832 69
108.832 69
108.832 69
108.832 69
108.832 69
108.832 69
108.832 69
108.832 69
108.832 69
108.832 69
108.832 69
108.832 69
108.832 69
108.832 69
108.832 69
108.832 69
108.831 69
108.831 69
108.831 69
108.831 69
108.831 69
108.831 69
108.831 69
108.831 69
108.831 69
108.831 69
108.831 69
108.831 69
108.831 69
108.831 69
108.831 69
108.831 69
108.831 69
108.831 69
108.831 69
108.831 69
108.831 69
108.831 69
108.83 69
108.83 69
108.83 69
108.83 69
108.83 69
108.83 69
108.83 69
108.83 69
108.83 69
108.83 69
108.83 69
108.83 69
108.83 69
108.83 69
108.83 69
108.83 69
108.83 69
108.83 69
108.83 69
108.83 69
108.83 69
108.83 69
108.83 69
108.83 69
108.829 69
108.829 69
108.829 69
108.829 69
108.829 69
108.829 69
108.829 69
108.829 69
108.829 69
108.829 69
108.829 69
108.829 69
108.829 69
108.829 69
108.829 69
108.829 69
108.829 69
108.829 69
108.829 69
108.829 69
108.829 69
108.829 69
108.829 69
108.829 69
108.829 69
108.829 69
108.829 69
108.828 69
108.828 69
108.828 69
108.828 69
108.828 69
108.828 69
108.828 69
108.828 69
108.828 69
108.828 69
108.828 69
108.828 69
108.828 69
108.828 69
108.828 69
108.828 69
108.828 69
108.828 69
108.828 69
108.828 69
108.828 69
108.828 69
108.828 69
108.828 69
108.828 69
108.828 69
108.828 69
108.828 69
108.828 69
108.828 69
108.828 69
108.828 69
108.828 69
108.828 69
108.827 69
108.827 69
108.827 69
108.827 69
108.827 69
108.827 69
108.827 69
108.827 69
108.827 69
108.827 69
108.827 69
108.827 69
108.827 69
108.827 69
108.827 69
108.827 69
108.827 69
108.827 69
108.827 69
108.827 69
108.827 69
108.827 69
108.827 69
108.827 69
108.827 69
108.827 69
108.827 69
108.827 69
108.827 69
108.827 69
108.827 69
108.827 69
108.827 69
108.827 69
108.827 69
108.827 69
108.827 69
108.827 69
108.827 69
108.827 69
108.827 69
108.827 69
108.827 69
108.827 69
108.827 69
108.827 69
108.827 69
108.827 69
108.827 69
108.827 69
108.827 69
108.826 69
108.826 69
108.826 69
108.826 69
108.826 69
108.826 69
108.826 69
108.826 69
108.826 69
108.826 69
108.826 69
108.826 69
108.826 69
108.826 69
108.826 69
108.826 69
108.826 69
108.826 69
108.826 69
108.826 69
108.826 69
108.826 69
108.826 69
108.826 69
108.826 69
108.826 69
108.826 69
108.826 69
108.826 69
108.826 69
108.826 69
108.826 69
108.826 69
108.826 69
108.826 69
108.826 69
108.826 69
108.826 69
108.826 69
108.826 69
108.826 69
108.826 69
108.826 69
108.826 69
108.826 69
108.826 69
108.826 69
108.826 69
108.826 69
108.826 69
108.826 69
108.826 69
108.826 69
108.826 69
108.826 69
108.826 69
108.826 69
108.826 69
108.826 69
108.826 69
108.826 69
108.826 69
108.826 69
108.826 69
108.826 69
108.826 69
108.826 69
108.826 69
108.826 69
108.826 69
108.826 69
108.826 69
108.826 69
108.826 69
108.826 69
108.826 69
108.826 69
108.826 69
108.826 69
108.826 69
108.826 69
108.826 69
108.826 69
108.826 69
108.826 69
108.826 69
108.826 69
108.826 69
108.826 69
108.826 69
108.826 69
108.826 69
108.826 69
108.826 69
108.826 69
108.826 69
108.826 69
108.826 69
108.826 69
108.826 69
108.826 69
108.826 69
108.826 69
108.826 69
108.826 69
108.826 69
108.826 69
108.826 69
108.826 69
108.826 69
108.826 69
108.826 69
108.826 69
108.826 69
108.826 69
108.826 69
108.826 69
108.826 69
108.826 69
108.826 69
108.826 69
108.826 69
108.826 69
108.826 69
108.826 69
108.826 69
108.826 69
108.826 69
108.826 69
108.827 69
108.827 69
108.827 69
108.827 69
108.827 69
108.827 69
108.827 69
108.827 69
108.827 69
108.827 69
108.827 69
108.827 69
108.827 69
108.827 69
108.827 69
108.827 69
108.827 69
108.827 69
108.827 69
108.827 69
108.827 69
108.827 69
108.827 69
108.827 69
108.827 69
108.827 69
108.827 69
108.827 69
108.827 69
108.827 69
108.827 69
108.827 69
108.827 69
108.827 69
108.827 69
108.827 69
108.827 69
108.827 69
108.827 69
108.827 69
108.827 69
108.827 69
108.827 69
108.827 69
108.827 69
108.827 69
108.827 69
108.827 69
108.827 69
108.827 69
108.828 69
108.828 69
108.828 69
108.828 69
108.828 69
108.828 69
108.828 69
108.828 69
108.828 69
108.828 69
108.828 69
108.828 69
108.828 69
108.828 69
108.828 69
108.828 69
108.828 69
108.828 69
108.828 69
108.828 69
108.828 69
108.828 69
108.828 69
108.828 69
108.828 69
108.828 69
108.828 69
108.828 69
108.828 69
108.828 69
108.828 69
108.828 69
108.828 69
108.828 69
108.829 69
108.829 69
108.829 69
108.829 69
108.829 69
108.829 69
108.829 69
108.829 69
108.829 69
108.829 69
108.829 69
108.829 69
108.829 69
108.829 69
108.829 69
108.829 69
108.829 69
108.829 69
108.829 69
108.829 69
108.829 69
108.829 69
108.829 69
108.829 69
108.829 69
108.829 69
108.829 69
108.829 69
108.83 69
108.83 69
108.83 69
108.83 69
108.83 69
108.83 69
108.83 69
108.83 69
108.83 69
108.83 69
108.83 69
108.83 69
108.83 69
108.83 69
108.83 69
108.83 69
108.83 69
108.83 69
108.83 69
108.83 69
108.83 69
108.83 69
108.83 69
108.83 69
108.831 69
108.831 69
108.831 69
108.831 69
108.831 69
108.831 69
108.831 69
108.831 69
108.831 69
108.831 69
108.831 69
108.831 69
108.831 69
108.831 69
108.831 69
108.831 69
108.831 69
108.831 69
108.831 69
108.831 69
108.831 69
108.832 69
108.832 69
108.832 69
108.832 69
108.832 69
108.832 69
108.832 69
108.832 69
108.832 69
108.832 69
108.832 69
108.832 69
108.832 69
108.832 69
108.832 69
108.832 69
108.832 69
108.832 69
108.832 69
108.832 69
108.833 69
108.833 69
108.833 69
108.833 69
108.833 69
108.833 69
108.833 69
108.833 69
108.833 69
108.833 69
108.833 69
108.833 69
108.833 69
108.833 69
108.833 69
108.833 69
108.833 69
108.833 69
108.834 69
108.834 69
108.834 69
108.834 69
108.834 69
108.834 69
108.834 69
108.834 69
108.834 69
108.834 69
108.834 69
108.834 69
108.834 69
108.834 69
108.834 69
108.834 69
108.834 69
108.835 69
108.835 69
108.835 69
108.835 69
108.835 69
108.835 69
108.835 69
108.835 69
108.835 69
108.835 69
108.835 69
108.835 69
108.835 69
108.835 69
108.835 69
108.835 69
108.836 69
108.836 69
108.836 69
108.836 69
108.836 69
108.836 69
108.836 69
108.836 69
108.836 69
108.836 69
108.836 69
108.836 69
108.836 69
108.836 69
108.836 69
108.837 69
108.837 69
108.837 69
108.837 69
108.837 69
108.837 69
108.837 69
108.837 69
108.837 69
108.837 69
108.837 69
108.837 69
108.837 69
108.837 69
108.838 69
108.838 69
108.838 69
108.838 69
108.838 69
108.838 69
108.838 69
108.838 69
108.838 69
108.838 69
108.838 69
108.838 69
108.838 69
108.838 69
108.839 69
108.839 69
108.839 69
108.839 69
108.839 69
108.839 69
108.839 69
108.839 69
108.839 69
108.839 69
108.839 69
108.839 69
108.839 69
108.84 69
108.84 69
108.84 69
108.84 69
108.84 69
108.84 69
108.84 69
108.84 69
108.84 69
108.84 69
108.84 69
108.84 69
108.84 69
108.841 69
108.841 69
108.841 69
108.841 69
108.841 69
108.841 69
108.841 69
108.841 69
108.841 69
108.841 69
108.841 69
108.841 69
108.842 69
108.842 69
108.842 69
108.842 69
108.842 69
108.842 69
108.842 69
108.842 69
108.842 69
108.842 69
108.842 69
108.842 69
108.843 69
108.843 69
108.843 69
108.843 69
108.843 69
108.843 69
108.843 69
108.843 69
108.843 69
108.843 69
108.843 69
108.844 69
108.844 69
108.844 69
108.844 69
108.844 69
108.844 69
108.844 69
108.844 69
108.844 69
108.844 69
108.844 69
108.844 69
108.845 69
108.845 69
108.845 69
108.845 69
108.845 69
108.845 69
108.845 69
108.845 69
108.845 69
108.845 69
108.845 69
108.846 69
108.846 69
108.846 69
108.846 69
108.846 69
108.846 69
108.846 69
108.846 69
108.846 69
108.846 69
108.847 69
108.847 69
108.847 69
108.847 69
108.847 69
108.847 69
108.847 69
108.847 69
108.847 69
108.847 69
108.847 69
108.848 69
108.848 69
108.848 69
108.848 69
108.848 69
108.848 69
108.848 69
108.848 69
108.848 69
108.848 69
108.849 69
108.849 69
108.849 69
108.849 69
108.849 69
108.849 69
108.849 69
108.849 69
108.849 69
108.849 69
108.85 69
108.85 69
108.85 69
108.85 69
108.85 69
108.85 69
108.85 69
108.85 69
108.85 69
108.851 69
108.851 69
108.851 69
108.851 69
108.851 69
108.851 69
108.851 69
108.851 69
108.851 69
108.851 69
108.852 69
108.852 69
108.852 69
108.852 69
108.852 69
108.852 69
108.852 69
108.852 69
108.852 69
108.853 69
108.853 69
108.853 69
108.853 69
108.853 69
108.853 69
108.853 69
108.853 69
108.853 69
108.854 69
108.854 69
108.854 69
108.854 69
108.854 69
108.854 69
108.854 69
108.854 69
108.854 69
108.855 69
108.855 69
108.855 69
108.855 69
108.855 69
108.855 69
108.855 69
108.855 69
108.855 69
108.856 69
108.856 69
108.856 69
108.856 69
108.856 69
108.856 69
108.856 69
108.856 69
108.856 69
108.857 69
108.857 69
108.857 69
108.857 69
108.857 69
108.857 69
108.857 69
108.857 69
108.858 69
108.858 69
108.858 69
108.858 69
108.858 69
108.858 69
108.858 69
108.858 69
108.858 69
108.859 69
108.859 69
108.859 69
108.859 69
108.859 69
108.859 69
108.859 69
108.859 69
108.86 69
108.86 69
108.86 69
108.86 69
108.86 69
108.86 69
108.86 69
108.86 69
108.861 69
108.861 69
108.861 69
108.861 69
108.861 69
108.861 69
108.861 69
108.861 69
108.862 69
108.862 69
108.862 69
108.862 69
108.862 69
108.862 69
108.862 69
108.862 69
108.863 69
108.863 69
108.863 69
108.863 69
108.863 69
108.863 69
108.863 69
108.863 69
108.864 69
108.864 69
108.864 69
108.864 69
108.864 69
108.864 69
108.864 69
108.864 69
108.865 69
108.865 69
108.865 69
108.865 69
108.865 69
108.865 69
108.865 69
108.866 69
108.866 69
108.866 69
108.866 69
108.866 69
108.866 69
108.866 69
108.866 69
108.867 69
108.867 69
108.867 69
108.867 69
108.867 69
108.867 69
108.867 69
108.868 69
108.868 69
108.868 69
108.868 69
108.868 69
108.868 69
108.868 69
108.868 69
108.869 69
108.869 69
108.869 69
108.869 69
108.869 69
108.869 69
108.869 69
108.87 69
108.87 69
108.87 69
108.87 69
108.87 69
108.87 69
108.87 69
108.871 69
108.871 69
108.871 69
108.871 69
108.871 69
108.871 69
108.871 69
108.872 69
108.872 69
108.872 69
108.872 69
108.872 69
108.872 69
108.872 69
108.873 69
108.873 69
108.873 69
108.873 69
108.873 69
108.873 69
108.873 69
108.874 69
108.874 69
108.874 69
108.874 69
108.874 69
108.874 69
108.874 69
108.875 69
108.875 69
108.875 69
108.875 69
108.875 69
108.875 69
108.875 69
108.876 69
108.876 69
108.876 69
108.876 69
108.876 69
108.876 69
108.877 69
108.877 69
108.877 69
108.877 69
108.877 69
108.877 69
108.877 69
108.878 69
108.878 69
108.878 69
108.878 69
108.878 69
108.878 69
108.878 69
108.879 69
108.879 69
108.879 69
108.879 69
108.879 69
108.879 69
108.88 69
108.88 69
108.88 69
108.88 69
108.88 69
108.88 69
108.88 69
108.881 69
108.881 69
108.881 69
108.881 69
108.881 69
108.881 69
108.882 69
108.882 69
108.882 69
108.882 69
108.882 69
108.882 69
108.883 69
108.883 69
108.883 69
108.883 69
108.883 69
108.883 69
108.883 69
108.884 69
108.884 69
108.884 69
108.884 69
108.884 69
108.884 69
108.885 69
108.885 69
108.885 69
108.885 69
108.885 69
108.885 69
108.886 69
108.886 69
108.886 69
108.886 69
108.886 69
108.886 69
108.887 69
108.887 69
108.887 69
108.887 69
108.887 69
108.887 69
108.888 69
108.888 69
108.888 69
108.888 69
108.888 69
108.888 69
108.889 69
108.889 69
108.889 69
108.889 69
108.889 69
108.889 69
108.89 69
108.89 69
108.89 69
108.89 69
108.89 69
108.89 69
108.891 69
108.891 69
108.891 69
108.891 69
108.891 69
108.891 69
108.892 69
108.892 69
108.892 69
108.892 69
108.892 69
108.892 69
108.893 69
108.893 69
108.893 69
108.893 69
108.893 69
108.893 69
108.894 69
108.894 69
108.894 69
108.894 69
108.894 69
108.894 69
108.895 69
108.895 69
108.895 69
108.895 69
108.895 69
108.896 69
108.896 69
108.896 69
108.896 69
108.896 69
108.896 69
108.897 69
108.897 69
108.897 69
108.897 69
108.897 69
108.897 69
108.898 69
108.898 69
108.898 69
108.898 69
108.898 69
108.899 69
108.899 69
108.899 69
108.899 69
108.899 69
108.899 69
108.9 69
108.9 69
108.9 69
108.9 69
108.9 69
108.901 69
108.901 69
108.901 69
108.901 69
108.901 69
108.901 69
108.902 69
108.902 69
108.902 69
108.902 69
108.902 69
108.903 69
108.903 69
108.903 69
108.903 69
108.903 69
108.903 69
108.904 69
108.904 69
108.904 69
108.904 69
108.904 69
108.905 69
108.905 69
108.905 69
108.905 69
108.905 69
108.906 69
108.906 69
108.906 69
108.906 69
108.906 69
108.906 69
108.907 69
108.907 69
108.907 69
108.907 69
108.907 69
108.908 69
108.908 69
108.908 69
108.908 69
108.908 69
108.909 69
108.909 69
108.909 69
108.909 69
108.909 69
108.909 69
108.91 69
108.91 69
108.91 69
108.91 69
108.91 69
108.911 69
108.911 69
108.911 69
108.911 69
108.911 69
108.912 69
108.912 69
108.912 69
108.912 69
108.912 69
108.913 69
108.913 69
108.913 69
108.913 69
108.913 69
108.914 69
108.914 69
108.914 69
108.914 69
108.914 69
108.915 69
108.915 69
108.915 69
108.915 69
108.915 69
108.916 69
108.916 69
108.916 69
108.916 69
108.916 69
108.917 69
108.917 69
108.917 69
108.917 69
108.917 69
108.918 69
108.918 69
108.918 69
108.918 69
108.918 69
108.919 69
108.919 69
108.919 69
108.919 69
108.919 69
108.92 69
108.92 69
108.92 69
108.92 69
108.92 69
108.921 69
108.921 69
108.921 69
108.921 69
108.921 69
108.922 69
108.922 69
108.922 69
108.922 69
108.922 69
108.923 69
108.923 69
108.923 69
108.923 69
108.924 69
108.924 69
108.924 69
108.924 69
108.924 69
108.925 69
108.925 69
108.925 69
108.925 69
108.925 69
108.926 69
108.926 69
108.926 69
108.926 69
108.926 69
108.927 69
108.927 69
108.927 69
108.927 69
108.927 69
108.928 69
108.928 69
108.928 69
108.928 69
108.929 69
108.929 69
108.929 69
108.929 69
108.929 69
108.93 69
108.93 69
108.93 69
108.93 69
108.93 69
108.931 69
108.931 69
108.931 69
108.931 69
108.932 69
108.932 69
108.932 69
108.932 69
108.932 69
108.933 69
108.933 69
108.933 69
108.933 69
108.934 69
108.934 69
108.934 69
108.934 69
108.934 69
108.935 69
108.935 69
108.935 69
108.935 69
108.935 69
108.936 69
108.936 69
108.936 69
108.936 69
108.937 69
108.937 69
108.937 69
108.937 69
108.937 69
108.938 69
108.938 69
108.938 69
108.938 69
108.939 69
108.939 69
108.939 69
108.939 69
108.94 69
108.94 69
108.94 69
108.94 69
108.94 69
108.941 69
108.941 69
108.941 69
108.941 69
108.942 69
108.942 69
108.942 69
108.942 69
108.942 69
108.943 69
108.943 69
108.943 69
108.943 69
108.944 69
108.944 69
108.944 69
108.944 69
108.944 69
108.945 69
108.945 69
108.945 69
108.945 69
108.946 69
108.946 69
108.946 69
108.946 69
108.947 69
108.947 69
108.947 69
108.947 69
108.947 69
108.948 69
108.948 69
108.948 69
108.948 69
108.949 69
108.949 69
108.949 69
108.949 69
108.95 69
108.95 69
108.95 69
108.95 69
108.951 69
108.951 69
108.951 69
108.951 69
108.951 69
108.952 69
108.952 69
108.952 69
108.952 69
108.953 69
108.953 69
108.953 69
108.953 69
108.954 69
108.954 69
108.954 69
108.954 69
108.955 69
108.955 69
108.955 69
108.955 69
108.956 69
108.956 69
108.956 69
108.956 69
108.956 69
108.957 69
108.957 69
108.957 69
108.957 69
108.958 69
108.958 69
108.958 69
108.958 69
108.959 69
108.959 69
108.959 69
108.959 69
108.96 69
108.96 69
108.96 69
108.96 69
108.961 69
108.961 69
108.961 69
108.961 69
108.962 69
108.962 69
108.962 69
108.962 69
108.963 69
108.963 69
108.963 69
108.963 69
108.964 69
108.964 69
108.964 69
108.964 69
108.965 69
108.965 69
108.965 69
108.965 69
108.966 69
108.966 69
108.966 69
108.966 69
108.967 69
108.967 69
108.967 69
108.967 69
108.968 69
108.968 69
108.968 69
108.968 69
108.969 69
108.969 69
108.969 69
108.969 69
108.97 69
108.97 69
108.97 69
108.97 69
108.971 69
108.971 69
108.971 69
108.971 69
108.972 69
108.972 69
108.972 69
108.972 69
108.973 69
108.973 69
108.973 69
108.973 69
108.974 69
108.974 69
108.974 69
108.974 69
108.975 69
108.975 69
108.975 69
108.975 69
108.976 69
108.976 69
108.976 69
108.976 69
108.977 69
108.977 69
108.977 69
108.977 69
108.978 69
108.978 69
108.978 69
108.978 69
108.979 69
108.979 69
108.979 69
108.98 69
108.98 69
108.98 69
108.98 69
108.981 69
108.981 69
108.981 69
108.981 69
108.982 69
108.982 69
108.982 69
108.982 69
108.983 69
108.983 69
108.983 69
108.983 69
108.984 69
108.984 69
108.984 69
108.985 69
108.985 69
108.985 69
108.985 69
108.986 69
108.986 69
108.986 69
108.986 69
108.987 69
108.987 69
108.987 69
108.987 69
108.988 69
108.988 69
108.988 69
108.989 69
108.989 69
108.989 69
108.989 69
108.99 69
108.99 69
108.99 69
108.99 69
108.991 69
108.991 69
108.991 69
108.991 69
108.992 69
108.992 69
108.992 69
108.993 69
108.993 69
108.993 69
108.993 69
108.994 69
108.994 69
108.994 69
108.994 69
108.995 69
108.995 69
108.995 69
108.996 69
108.996 69
108.996 69
108.996 69
108.997 69
108.997 69
108.997 69
108.997 69
108.998 69
108.998 69
108.998 69
108.999 69
108.999 69
108.999 69
108.999 69
109 69
109 69
109 69
109.001 69
109.001 69
109.001 69
109.001 69
109.002 69
109.002 69
109.002 69
109.002 69
109.003 69
109.003 69
109.003 69
109.004 69
109.004 69
109.004 69
109.004 69
109.005 69
109.005 69
109.005 69
109.006 69
109.006 69
109.006 69
109.006 69
109.007 69
109.007 69
109.007 69
109.008 69
109.008 69
109.008 69
109.008 69
109.009 69
109.009 69
109.009 69
109.01 69
109.01 69
109.01 69
109.01 69
109.011 69
109.011 69
109.011 69
109.012 69
109.012 69
109.012 69
109.012 69
109.013 69
109.013 69
109.013 69
109.014 69
109.014 69
109.014 69
109.014 69
109.015 69
109.015 69
109.015 69
109.016 69
109.016 69
109.016 69
109.016 69
109.017 69
109.017 69
109.017 69
109.018 69
109.018 69
109.018 69
109.019 69
109.019 69
109.019 69
109.019 69
109.02 69
109.02 69
109.02 69
109.021 69
109.021 69
109.021 69
109.021 69
109.022 69
109.022 69
109.022 69
109.023 69
109.023 69
109.023 69
109.024 69
109.024 69
109.024 69
109.024 69
109.025 69
109.025 69
109.025 69
109.026 69
109.026 69
109.026 69
109.026 69
109.027 69
109.027 69
109.027 69
109.028 69
109.028 69
109.028 69
109.029 69
109.029 69
109.029 69
109.029 69
109.03 69
109.03 69
109.03 69
109.031 69
109.031 69
109.031 69
109.032 69
109.032 69
109.032 69
109.032 69
109.033 69
109.033 69
109.033 69
109.034 69
109.034 69
109.034 69
109.035 69
109.035 69
109.035 69
109.035 69
109.036 69
109.036 69
109.036 69
109.037 69
109.037 69
109.037 69
109.038 69
109.038 69
109.038 69
109.039 69
109.039 69
109.039 69
109.039 69
109.04 69
109.04 69
109.04 69
109.041 69
109.041 69
109.041 69
109.042 69
109.042 69
109.042 69
109.043 69
109.043 69
109.043 69
109.043 69
109.044 69
109.044 69
109.044 69
109.045 69
109.045 69
109.045 69
109.046 69
109.046 69
109.046 69
109.047 69
109.047 69
109.047 69
109.048 69
109.048 69
109.048 69
109.048 69
109.049 69
109.049 69
109.049 69
109.05 69
109.05 69
109.05 69
109.051 69
109.051 69
109.051 69
109.052 69
109.052 69
109.052 69
109.053 69
109.053 69
109.053 69
109.054 69
109.054 69
109.054 69
109.054 69
109.055 69
109.055 69
109.055 69
109.056 69
109.056 69
109.056 69
109.057 69
109.057 69
109.057 69
109.058 69
109.058 69
109.058 69
109.059 69
109.059 69
109.059 69
109.06 69
109.06 69
109.06 69
109.061 69
109.061 69
109.061 69
109.062 69
109.062 69
109.062 69
109.063 69
109.063 69
109.063 69
109.063 69
109.064 69
109.064 69
109.064 69
109.065 69
109.065 69
109.065 69
109.066 69
109.066 69
109.066 69
109.067 69
109.067 69
109.067 69
109.068 69
109.068 69
109.068 69
109.069 69
109.069 69
109.069 69
109.07 69
109.07 69
109.07 69
109.071 69
109.071 69
109.071 69
109.072 69
109.072 69
109.072 69
109.073 69
109.073 69
109.073 69
109.074 69
109.074 69
109.074 69
109.075 69
109.075 69
109.075 69
109.076 69
109.076 69
109.076 69
109.077 69
109.077 69
109.077 69
109.078 69
109.078 69
109.078 69
109.079 69
109.079 69
109.079 69
109.08 69
109.08 69
109.08 69
109.081 69
109.081 69
109.081 69
109.082 69
109.082 69
109.082 69
109.083 69
109.083 69
109.083 69
109.084 69
109.084 69
109.084 69
109.085 69
109.085 69
109.085 69
109.086 69
109.086 69
109.086 69
109.087 69
109.087 69
109.087 69
109.088 69
109.088 69
109.088 69
109.089 69
109.089 69
109.089 69
109.09 69
109.09 69
109.091 69
109.091 69
109.091 69
109.092 69
109.092 69
109.092 69
109.093 69
109.093 69
109.093 69
109.094 69
109.094 69
109.094 69
109.095 69
109.095 69
109.095 69
109.096 69
109.096 69
109.096 69
109.097 69
109.097 69
109.097 69
109.098 69
109.098 69
109.098 69
109.099 69
109.099 69
109.099 69
109.1 69
109.1 69
109.101 69
109.101 69
109.101 69
109.102 69
109.102 69
109.102 69
109.103 69
109.103 69
109.103 69
109.104 69
109.104 69
109.104 69
109.105 69
109.105 69
109.105 69
109.106 69
109.106 69
109.107 69
109.107 69
109.107 69
109.108 69
109.108 69
109.108 69
109.109 69
109.109 69
109.109 69
109.11 69
109.11 69
109.11 69
109.111 69
109.111 69
109.111 69
109.112 69
109.112 69
109.113 69
109.113 69
109.113 69
109.114 69
109.114 69
109.114 69
109.115 69
109.115 69
109.115 69
109.116 69
109.116 69
109.116 69
109.117 69
109.117 69
109.118 69
109.118 69
109.118 69
109.119 69
109.119 69
109.119 69
109.12 69
109.12 69
109.12 69
109.121 69
109.121 69
109.122 69
109.122 69
109.122 69
109.123 69
109.123 69
109.123 69
109.124 69
109.124 69
109.124 69
109.125 69
109.125 69
109.126 69
109.126 69
109.126 69
109.127 69
109.127 69
109.127 69
109.128 69
109.128 69
109.128 69
109.129 69
109.129 69
109.13 69
109.13 69
109.13 69
109.131 69
109.131 69
109.131 69
109.132 69
109.132 69
109.133 69
109.133 69
109.133 69
109.134 69
109.134 69
109.134 69
109.135 69
109.135 69
109.135 69
109.136 69
109.136 69
109.137 69
109.137 69
109.137 69
109.138 69
109.138 69
109.138 69
109.139 69
109.139 69
109.14 69
109.14 69
109.14 69
109.141 69
109.141 69
109.141 69
109.142 69
109.142 69
109.143 69
109.143 69
109.143 69
109.144 69
109.144 69
109.144 69
109.145 69
109.145 69
109.146 69
109.146 69
109.146 69
109.147 69
109.147 69
109.147 69
109.148 69
109.148 69
109.149 69
109.149 69
109.149 69
109.15 69
109.15 69
109.15 69
109.151 69
109.151 69
109.152 69
109.152 69
109.152 69
109.153 69
109.153 69
109.154 69
109.154 69
109.154 69
109.155 69
109.155 69
109.155 69
109.156 69
109.156 69
109.157 69
109.157 69
109.157 69
109.158 69
109.158 69
109.159 69
109.159 69
109.159 69
109.16 69
109.16 69
109.16 69
109.161 69
109.161 69
109.162 69
109.162 69
109.162 69
109.163 69
109.163 69
109.164 69
109.164 69
109.164 69
109.165 69
109.165 69
109.165 69
109.166 69
109.166 69
109.167 69
109.167 69
109.167 69
109.168 69
109.168 69
109.169 69
109.169 69
109.169 69
109.17 69
109.17 69
109.171 69
109.171 69
109.171 69
109.172 69
109.172 69
109.173 69
109.173 69
109.173 69
109.174 69
109.174 69
109.175 69
109.175 69
109.175 69
109.176 69
109.176 69
109.176 69
109.177 69
109.177 69
109.178 69
109.178 69
109.178 69
109.179 69
109.179 69
109.18 69
109.18 69
109.18 69
109.181 69
109.181 69
109.182 69
109.182 69
109.182 69
109.183 69
109.183 69
109.184 69
109.184 69
109.184 69
109.185 69
109.185 69
109.186 69
109.186 69
109.186 69
109.187 69
109.187 69
109.188 69
109.188 69
109.188 69
109.189 69
109.189 69
109.19 69
109.19 69
109.19 69
109.191 69
109.191 69
109.192 69
109.192 69
109.192 69
109.193 69
109.193 69
109.194 69
109.194 69
109.194 69
109.195 69
109.195 69
109.196 69
109.196 69
109.197 69
109.197 69
109.197 69
109.198 69
109.198 69
109.199 69
109.199 69
109.199 69
109.2 69
109.2 69
109.201 69
109.201 69
109.201 69
109.202 69
109.202 69
109.203 69
109.203 69
109.203 69
109.204 69
109.204 69
109.205 69
109.205 69
109.206 69
109.206 69
109.206 69
109.207 69
109.207 69
109.208 69
109.208 69
109.208 69
109.209 69
109.209 69
109.21 69
109.21 69
109.21 69
109.211 69
109.211 69
109.212 69
109.212 69
109.213 69
109.213 69
109.213 69
109.214 69
109.214 69
109.215 69
109.215 69
109.215 69
109.216 69
109.216 69
109.217 69
109.217 69
109.218 69
109.218 69
109.218 69
109.219 69
109.219 69
109.22 69
109.22 69
109.22 69
109.221 69
109.221 69
109.222 69
109.222 69
109.223 69
109.223 69
109.223 69
109.224 69
109.224 69
109.225 69
109.225 69
109.226 69
109.226 69
109.226 69
109.227 69
109.227 69
109.228 69
109.228 69
109.229 69
109.229 69
109.229 69
109.23 69
109.23 69
109.231 69
109.231 69
109.231 69
109.232 69
109.232 69
109.233 69
109.233 69
109.234 69
109.234 69
109.234 69
109.235 69
109.235 69
109.236 69
109.236 69
109.237 69
109.237 69
109.237 69
109.238 69
109.238 69
109.239 69
109.239 69
109.24 69
109.24 69
109.24 69
109.241 69
109.241 69
109.242 69
109.242 69
109.243 69
109.243 69
109.243 69
109.244 69
109.244 69
109.245 69
109.245 69
109.246 69
109.246 69
109.247 69
109.247 69
109.247 69
109.248 69
109.248 69
109.249 69
109.249 69
109.25 69
109.25 69
109.25 69
109.251 69
109.251 69
109.252 69
109.252 69
109.253 69
109.253 69
109.253 69
109.254 69
109.254 69
109.255 69
109.255 69
109.256 69
109.256 69
109.257 69
109.257 69
109.257 69
109.258 69
109.258 69
109.259 69
109.259 69
109.26 69
109.26 69
109.261 69
109.261 69
109.261 69
109.262 69
109.262 69
109.263 69
109.263 69
109.264 69
109.264 69
109.265 69
109.265 69
109.265 69
109.266 69
109.266 69
109.267 69
109.267 69
109.268 69
109.268 69
109.269 69
109.269 69
109.269 69
109.27 69
109.27 69
109.271 69
109.271 69
109.272 69
109.272 69
109.273 69
109.273 69
109.273 69
109.274 69
109.274 69
109.275 69
109.275 69
109.276 69
109.276 69
109.277 69
109.277 69
109.277 69
109.278 69
109.278 69
109.279 69
109.279 69
109.28 69
109.28 69
109.281 69
109.281 69
109.282 69
109.282 69
109.282 69
109.283 69
109.283 69
109.284 69
109.284 69
109.285 69
109.285 69
109.286 69
109.286 69
109.286 69
109.287 69
109.287 69
109.288 69
109.288 69
109.289 69
109.289 69
109.29 69
109.29 69
109.291 69
109.291 69
109.292 69
109.292 69
109.292 69
