0.1 -0.0360406
0.2 -0.0722878
0.3 -0.108723
0.4 -0.145415
0.5 -0.182376
0.6 -0.219588
0.7 -0.257055
0.8 -0.29478
0.9 -0.332767
1 -0.371021
0.375784 -0.381021
0.750956 -0.391021
1.12549 -0.401021
1.49936 -0.411021
1.87265 -0.421021
2.24535 -0.431021
2.6174 -0.441021
2.98867 -0.451021
3.35927 -0.461021
3.72913 -0.471021
4.09833 -0.481021
4.46692 -0.491021
4.83485 -0.501021
5.20213 -0.511021
5.56875 -0.521021
5.9347 -0.531021
6.29998 -0.541021
6.66462 -0.551021
7.0286 -0.561021
7.3919 -0.571021
7.75454 -0.581021
8.11654 -0.591021
8.47789 -0.601021
8.8386 -0.611021
9.19865 -0.621021
9.55807 -0.631021
9.91685 -0.641021
10.275 -0.651021
10.6325 -0.661021
10.9893 -0.671021
11.3456 -0.681021
11.7011 -0.691021
12.0561 -0.701021
12.4103 -0.711021
12.764 -0.721021
13.117 -0.731021
13.4693 -0.741021
13.8211 -0.751021
14.1721 -0.761021
14.5226 -0.771021
14.8724 -0.781021
15.2216 -0.791021
15.5701 -0.801021
15.9179 -0.811021
16.2652 -0.821021
16.6118 -0.831021
16.9578 -0.841021
17.3031 -0.851021
17.6479 -0.861021
17.992 -0.871021
18.3355 -0.881021
18.6783 -0.891021
19.0205 -0.901021
19.3621 -0.911021
19.7031 -0.921021
20.0434 -0.931021
20.3831 -0.941021
20.7223 -0.951021
21.0607 -0.961021
21.3986 -0.971021
21.7358 -0.981021
22.0724 -0.991021
22.4084 -1.00102
22.7438 -1.01102
23.0785 -1.02102
23.4126 -1.03102
23.7461 -1.04102
24.079 -1.05102
24.4112 -1.06102
24.7429 -1.07102
25.0739 -1.08102
25.4043 -1.09102
25.7342 -1.10102
26.0634 -1.11102
26.3919 -1.12102
26.7199 -1.13102
27.0473 -1.14102
27.3741 -1.15102
27.7002 -1.16102
28.0258 -1.17102
28.3507 -1.18102
28.6751 -1.19102
28.9988 -1.20102
29.322 -1.21102
29.6445 -1.22102
29.9664 -1.23102
30.2878 -1.24102
30.6085 -1.25102
30.9286 -1.26102
31.2482 -1.27102
31.5671 -1.28102
31.8855 -1.29102
32.2032 -1.30102
32.5204 -1.31102
32.837 -1.32102
33.1529 -1.33102
33.4683 -1.34102
33.7831 -1.35102
34.0973 -1.36102
34.4109 -1.37102
34.7239 -1.38102
35.0364 -1.39102
35.3482 -1.40102
35.6594 -1.41102
35.9701 -1.42102
36.2802 -1.43102
36.5897 -1.44102
36.8985 -1.45102
37.2068 -1.46102
37.5146 -1.47102
37.8217 -1.48102
38.1283 -1.49102
38.4343 -1.50102
38.7397 -1.51102
39.0445 -1.52102
39.3487 -1.53102
39.6524 -1.54102
39.9555 -1.55102
40.258 -1.56102
40.56 -1.57102
40.8613 -1.58102
41.1621 -1.59102
41.4623 -1.60102
41.762 -1.61102
42.061 -1.62102
42.3595 -1.63102
42.6575 -1.64102
42.9548 -1.65102
43.2516 -1.66102
43.5478 -1.67102
43.8435 -1.68102
44.1386 -1.69102
44.4331 -1.70102
44.7271 -1.71102
45.0205 -1.72102
45.3133 -1.73102
45.6056 -1.74102
45.8973 -1.75102
46.1884 -1.76102
46.479 -1.77102
46.769 -1.78102
47.0585 -1.79102
47.3474 -1.80102
47.6357 -1.81102
47.9235 -1.82102
48.2107 -1.83102
48.4974 -1.84102
48.7835 -1.85102
49.069 -1.86102
49.354 -1.87102
49.6385 -1.88102
49.9224 -1.89102
50.2057 -1.90102
50.4885 -1.91102
50.7708 -1.92102
51.0525 -1.93102
51.3336 -1.94102
51.6142 -1.95102
51.8943 -1.96102
52.1738 -1.97102
52.4528 -1.98102
52.7312 -1.99102
53.0091 -2.00102
53.2864 -2.01102
53.5632 -2.02102
53.8395 -2.03102
54.1152 -2.04102
54.3904 -2.05102
54.665 -2.06102
54.9391 -2.07102
55.2126 -2.08102
55.4856 -2.09102
55.7581 -2.10102
56.03 -2.11102
56.3015 -2.12102
56.5723 -2.13102
56.8427 -2.14102
57.1125 -2.15102
57.3817 -2.16102
57.6505 -2.17102
57.9187 -2.18102
58.1864 -2.19102
58.4535 -2.20102
58.7201 -2.21102
58.9862 -2.22102
59.2518 -2.23102
59.5169 -2.24102
59.7814 -2.25102
60.0454 -2.26102
60.3088 -2.27102
60.5718 -2.28102
60.8342 -2.29102
61.0961 -2.30102
61.3575 -2.31102
61.6183 -2.32102
61.8787 -2.33102
62.1385 -2.34102
62.3978 -2.35102
62.6566 -2.36102
62.9148 -2.37102
63.1726 -2.38102
63.4298 -2.39102
63.6865 -2.40102
63.9427 -2.41102
64.1984 -2.42102
64.4536 -2.43102
64.7082 -2.44102
64.9624 -2.45102
65.216 -2.46102
65.4691 -2.47102
65.7218 -2.48102
65.9739 -2.49102
66.2255 -2.50102
66.4766 -2.51102
66.7271 -2.52102
66.9772 -2.53102
67.2267 -2.54102
67.4758 -2.55102
67.7243 -2.56102
67.9724 -2.57102
68.2199 -2.58102
68.467 -2.59102
68.7135 -2.60102
68.9595 -2.61102
69.2051 -2.62102
69.4501 -2.63102
69.6946 -2.64102
69.9387 -2.65102
70.1822 -2.66102
70.4252 -2.67102
70.6678 -2.68102
70.9098 -2.69102
71.1514 -2.70102
71.3925 -2.71102
71.633 -2.72102
71.8731 -2.73102
72.1127 -2.74102
72.3518 -2.75102
72.5904 -2.76102
72.8285 -2.77102
73.0661 -2.78102
73.3032 -2.79102
73.5399 -2.80102
73.776 -2.81102
74.0117 -2.82102
74.2469 -2.83102
74.4816 -2.84102
74.7158 -2.85102
74.9495 -2.86102
75.1828 -2.87102
75.4156 -2.88102
75.6467 -2.89102
75.8762 -2.90102
76.1017 -2.91102
76.3248 -2.92102
76.5407 -2.93102
76.7455 -2.94102
76.9292 -2.95102
77.1124 -2.96102
77.2949 -2.97102
77.4769 -2.98102
77.6584 -2.99102
77.8392 -3.00102
78.0195 -3.01102
78.1992 -3.02102
78.3783 -3.03102
78.5569 -3.04102
78.7349 -3.05102
78.9122 -3.06102
79.0891 -3.07102
79.2653 -3.08102
79.4409 -3.09102
79.616 -3.10102
79.7905 -3.11102
79.9636 -3.12102
80.1359 -3.13102
80.3053 -3.14102
80.474 -3.15102
80.6402 -3.16102
80.8042 -3.17102
80.9665 -3.18102
81.1257 -3.19102
81.2824 -3.20102
81.4382 -3.21102
81.5933 -3.22102
81.7478 -3.23102
81.9018 -3.24102
82.0552 -3.25102
82.208 -3.26102
82.3602 -3.27102
82.5118 -3.28102
82.6627 -3.29102
82.813 -3.30102
82.9626 -3.31102
83.1117 -3.32102
83.2602 -3.33102
83.4081 -3.34102
83.5554 -3.35102
83.7021 -3.36102
83.848 -3.37102
83.9934 -3.38102
84.138 -3.39102
84.2821 -3.40102
84.4254 -3.41102
84.5682 -3.42102
84.7104 -3.43102
84.8519 -3.44102
84.9927 -3.45102
85.1329 -3.46102
85.2715 -3.47102
85.4083 -3.48102
85.5437 -3.49102
85.6742 -3.50102
85.8041 -3.51102
85.9334 -3.52102
86.0577 -3.53102
86.1798 -3.54102
86.3013 -3.55102
86.4221 -3.56102
86.5377 -3.57102
86.6522 -3.58102
86.7654 -3.59102
86.8757 -3.60102
86.9853 -3.61102
87.0943 -3.62102
87.2025 -3.63102
87.3093 -3.64102
87.4144 -3.65102
87.5188 -3.66102
87.6195 -3.67102
87.7189 -3.68102
87.8139 -3.69102
87.9077 -3.70102
87.9916 -3.71102
88.0698 -3.72102
88.1471 -3.73102
88.2233 -3.74102
88.2888 -3.75102
88.3488 -3.76102
88.4077 -3.77102
88.4655 -3.78102
88.5209 -3.79102
88.5662 -3.80102
88.6105 -3.81102
88.6537 -3.82102
88.6935 -3.83102
88.7294 -3.84102
88.7641 -3.85102
88.7976 -3.86102
88.8257 -3.87102
88.85 -3.88102
88.873 -3.89102
88.8838 -3.90102
88.8868 -3.91102
88.8873 -3.92102
88.886 -3.93102
88.8827 -3.94102
88.8587 -3.95102
88.8293 -3.96102
88.7968 -3.97102
88.7861 -3.98102
88.7821 -3.99102
88.7765 -4.00102
88.7794 -4.01102
88.7887 -4.02102
88.7965 -4.03102
88.8031 -4.04102
88.8082 -4.05102
88.806 -4.06102
88.7967 -4.07102
88.819 -4.08102
88.8403 -4.09102
88.8604 -4.10102
88.8795 -4.11102
88.8984 -4.12102
88.943 -4.13102
88.987 -4.14102
89.0252 -4.15102
89.0609 -4.16102
89.0988 -4.17102
89.1384 -4.18102
89.1566 -4.19102
89.1666 -4.20102
89.1825 -4.21102
89.2194 -4.22102
89.2544 -4.23102
89.2946 -4.24102
89.3301 -4.25102
89.2955 -4.26102
89.2446 -4.27102
89.2302 -4.28102
89.1991 -4.29102
89.1854 -4.30102
89.1981 -4.31102
89.2068 -4.32102
89.2056 -4.33102
89.2011 -4.34102
89.23 -4.35102
89.2641 -4.36102
89.2977 -4.37102
89.3335 -4.38102
89.369 -4.39102
89.4034 -4.40102
89.4356 -4.41102
89.4661 -4.42102
89.4941 -4.43102
89.5064 -4.44102
89.5246 -4.45102
89.545 -4.46102
89.5643 -4.47102
89.5829 -4.48102
89.6004 -4.49102
89.6168 -4.50102
89.6506 -4.51102
89.6857 -4.52102
89.7201 -4.53102
89.7539 -4.54102
89.7872 -4.55102
89.8197 -4.56102
89.8528 -4.57102
89.89 -4.58102
89.9267 -4.59102
89.9629 -4.60102
89.9966 -4.61102
90.0296 -4.62102
90.0637 -4.63102
90.0972 -4.64102
90.13 -4.65102
90.1622 -4.66102
90.1936 -4.67102
90.2243 -4.68102
90.2542 -4.69102
90.2833 -4.70102
90.3115 -4.71102
90.3464 -4.72102
90.3852 -4.73102
90.4254 -4.74102
90.465 -4.75102
90.492 -4.76102
90.5176 -4.77102
90.5425 -4.78102
90.5666 -4.79102
90.59 -4.80102
90.6244 -4.81102
90.662 -4.82102
90.6994 -4.83102
90.7363 -4.84102
90.7729 -4.85102
90.8091 -4.86102
90.8448 -4.87102
90.8802 -4.88102
90.9152 -4.89102
90.9495 -4.90102
90.982 -4.91102
91.0142 -4.92102
91.0454 -4.93102
91.0756 -4.94102
91.1057 -4.95102
91.1353 -4.96102
91.1645 -4.97102
91.1931 -4.98102
91.2212 -4.99102
91.248 -5.00102
91.2738 -5.01102
91.2993 -5.02102
91.3285 -5.03102
91.3592 -5.04102
91.3895 -5.05102
91.4192 -5.06102
91.4538 -5.07102
91.4882 -5.08102
91.5223 -5.09102
91.556 -5.10102
91.5895 -5.11102
91.6225 -5.12102
91.6551 -5.13102
91.6874 -5.14102
91.7192 -5.15102
91.7504 -5.16102
91.7813 -5.17102
91.8117 -5.18102
91.8418 -5.19102
91.8713 -5.20102
91.8998 -5.21102
91.9273 -5.22102
91.9545 -5.23102
91.9814 -5.24102
92.008 -5.25102
92.0323 -5.26102
92.0546 -5.27102
92.0764 -5.28102
92.0993 -5.29102
92.1262 -5.30102
92.1527 -5.31102
92.1791 -5.32102
92.2054 -5.33102
92.2314 -5.34102
92.2569 -5.35102
92.2822 -5.36102
92.3073 -5.37102
92.3321 -5.38102
92.3567 -5.39102
92.381 -5.40102
92.4051 -5.41102
92.4288 -5.42102
92.4522 -5.43102
92.4753 -5.44102
92.4982 -5.45102
92.5207 -5.46102
92.5422 -5.47102
92.5633 -5.48102
92.5842 -5.49102
92.6045 -5.50102
92.6224 -5.51102
92.6381 -5.52102
92.6535 -5.53102
92.6667 -5.54102
92.679 -5.55102
92.6826 -5.56102
92.679 -5.57102
92.6745 -5.58102
92.6702 -5.59102
92.6614 -5.60102
92.6371 -5.61102
92.5846 -5.62102
92.4897 -5.63102
91.7256 -5.64102
91.872 -5.65102
91.9386 -5.66102
91.6577 -5.67102
82.2527 -5.68102
82.2089 -5.69102
82.1636 -5.70102
82.1166 -5.71102
82.0665 -5.72102
82.0076 -5.73102
81.9468 -5.74102
81.884 -5.75102
81.8258 -5.76102
81.7876 -5.77102
81.7478 -5.78102
81.7213 -5.79102
81.7029 -5.80102
81.6824 -5.81102
81.6607 -5.82102
81.6379 -5.83102
81.614 -5.84102
81.589 -5.85102
81.5628 -5.86102
81.5293 -5.87102
81.4844 -5.88102
81.4257 -5.89102
81.3652 -5.90102
81.3032 -5.91102
81.2384 -5.92102
81.1694 -5.93102
81.0917 -5.94102
80.9963 -5.95102
80.9053 -5.96102
80.8239 -5.97102
80.7411 -5.98102
80.657 -5.99102
80.5715 -6.00102
80.4844 -6.01102
80.3949 -6.02102
80.3015 -6.03102
80.2072 -6.04102
80.1121 -6.05102
80.016 -6.06102
79.9191 -6.07102
79.8209 -6.08102
79.725 -6.09102
79.6289 -6.10102
79.532 -6.11102
79.4382 -6.12102
79.3494 -6.13102
79.2597 -6.14102
79.1777 -6.15102
79.0953 -6.16102
79.0122 -6.17102
78.9358 -6.18102
78.8636 -6.19102
78.7907 -6.20102
78.7173 -6.21102
78.6433 -6.22102
78.5686 -6.23102
78.4914 -6.24102
78.4136 -6.25102
78.3355 -6.26102
78.257 -6.27102
78.1783 -6.28102
78.0993 -6.29102
78.02 -6.30102
77.9403 -6.31102
77.8604 -6.32102
77.7798 -6.33102
77.6976 -6.34102
77.6186 -6.35102
77.5394 -6.36102
77.46 -6.37102
77.3803 -6.38102
77.3005 -6.39102
77.2265 -6.40102
77.1583 -6.41102
77.0896 -6.42102
77.0206 -6.43102
76.9516 -6.44102
76.8824 -6.45102
76.8131 -6.46102
76.7437 -6.47102
76.6741 -6.48102
76.6045 -6.49102
76.5347 -6.50102
76.4648 -6.51102
76.3947 -6.52102
76.3237 -6.53102
76.2508 -6.54102
76.1751 -6.55102
76.0982 -6.56102
76.0213 -6.57102
75.9442 -6.58102
75.867 -6.59102
75.7897 -6.60102
75.7123 -6.61102
75.6347 -6.62102
75.557 -6.63102
75.4792 -6.64102
75.4013 -6.65102
75.3232 -6.66102
75.2451 -6.67102
75.1667 -6.68102
75.0883 -6.69102
75.0098 -6.70102
74.9311 -6.71102
74.8523 -6.72102
74.7733 -6.73102
74.6942 -6.74102
74.6151 -6.75102
74.5382 -6.76102
74.4612 -6.77102
74.3841 -6.78102
74.3068 -6.79102
74.2295 -6.80102
74.1519 -6.81102
74.0743 -6.82102
73.9965 -6.83102
73.9186 -6.84102
73.8405 -6.85102
73.7623 -6.86102
73.6839 -6.87102
73.6054 -6.88102
73.5268 -6.89102
73.448 -6.90102
73.3691 -6.91102
73.2899 -6.92102
73.2097 -6.93102
73.1294 -6.94102
73.0489 -6.95102
72.9684 -6.96102
72.8879 -6.97102
72.8073 -6.98102
72.7267 -6.99102
72.6459 -7.00102
72.565 -7.01102
72.4841 -7.02102
72.4029 -7.03102
72.3215 -7.04102
72.24 -7.05102
72.1585 -7.06102
72.0769 -7.07102
71.9953 -7.08102
71.9136 -7.09102
71.8318 -7.10102
71.7498 -7.11102
71.6678 -7.12102
71.5857 -7.13102
71.5035 -7.14102
71.4214 -7.15102
71.3391 -7.16102
71.2568 -7.17102
71.1744 -7.18102
71.0919 -7.19102
71.0163 -7.20102
70.9507 -7.21102
70.8851 -7.22102
70.8194 -7.23102
70.7537 -7.24102
70.6881 -7.25102
70.6225 -7.26102
70.5569 -7.27102
70.4912 -7.28102
70.4254 -7.29102
70.3593 -7.30102
70.2927 -7.31102
70.2261 -7.32102
70.1595 -7.33102
70.0928 -7.34102
70.0261 -7.35102
69.9594 -7.36102
69.8927 -7.37102
69.8259 -7.38102
69.7591 -7.39102
69.6922 -7.40102
69.6252 -7.41102
69.5583 -7.42102
69.4913 -7.43102
69.4243 -7.44102
69.3573 -7.45102
69.2902 -7.46102
69.2232 -7.47102
69.156 -7.48102
69.0886 -7.49102
69.0212 -7.50102
68.9537 -7.51102
68.8863 -7.52102
68.8188 -7.53102
68.7513 -7.54102
68.6838 -7.55102
68.6163 -7.56102
68.5488 -7.57102
68.4813 -7.58102
68.4138 -7.59102
68.3462 -7.60102
68.2787 -7.61102
68.2111 -7.62102
68.1435 -7.63102
68.0759 -7.64102
68.0083 -7.65102
67.9407 -7.66102
67.873 -7.67102
67.8054 -7.68102
67.7377 -7.69102
67.6701 -7.70102
67.6024 -7.71102
67.5347 -7.72102
67.4669 -7.73102
67.3992 -7.74102
67.3314 -7.75102
67.2637 -7.76102
67.1959 -7.77102
67.1281 -7.78102
67.0602 -7.79102
66.9924 -7.80102
66.9278 -7.81102
66.8737 -7.82102
66.8197 -7.83102
66.7657 -7.84102
66.7115 -7.85102
66.6567 -7.86102
66.6019 -7.87102
66.5471 -7.88102
66.4923 -7.89102
66.4376 -7.90102
66.3828 -7.91102
66.328 -7.92102
66.2733 -7.93102
66.2186 -7.94102
66.1671 -7.95102
66.1179 -7.96102
66.0686 -7.97102
66.0193 -7.98102
65.971 -7.99102
65.9228 -8.00102
65.8745 -8.01102
65.8263 -8.02102
65.7781 -8.03102
65.7299 -8.04102
65.6817 -8.05102
65.6336 -8.06102
65.5854 -8.07102
65.5373 -8.08102
65.4892 -8.09102
65.4411 -8.10102
65.393 -8.11102
65.3448 -8.12102
65.2966 -8.13102
65.2485 -8.14102
65.2003 -8.15102
65.1522 -8.16102
65.1042 -8.17102
65.0561 -8.18102
65.0081 -8.19102
64.96 -8.20102
64.9121 -8.21102
64.8641 -8.22102
64.8162 -8.23102
64.7682 -8.24102
64.7204 -8.25102
64.6725 -8.26102
64.6246 -8.27102
64.5768 -8.28102
64.529 -8.29102
64.4813 -8.30102
64.4335 -8.31102
64.3858 -8.32102
64.3381 -8.33102
64.2904 -8.34102
64.2425 -8.35102
64.1946 -8.36102
64.1467 -8.37102
64.0989 -8.38102
64.0511 -8.39102
64.0033 -8.40102
63.9555 -8.41102
63.9078 -8.42102
63.8601 -8.43102
63.8124 -8.44102
63.7648 -8.45102
63.7172 -8.46102
63.6696 -8.47102
63.622 -8.48102
63.5745 -8.49102
63.527 -8.50102
63.4795 -8.51102
63.4321 -8.52102
63.3846 -8.53102
63.3373 -8.54102
63.2899 -8.55102
63.2426 -8.56102
63.1953 -8.57102
63.148 -8.58102
63.1007 -8.59102
63.0535 -8.60102
63.0064 -8.61102
62.9592 -8.62102
62.9121 -8.63102
62.865 -8.64102
62.8179 -8.65102
62.7709 -8.66102
62.7239 -8.67102
62.6769 -8.68102
62.6304 -8.69102
62.5841 -8.70102
62.5379 -8.71102
62.4917 -8.72102
62.4455 -8.73102
62.3993 -8.74102
62.3532 -8.75102
62.3071 -8.76102
62.261 -8.77102
62.215 -8.78102
62.169 -8.79102
62.123 -8.80102
62.0771 -8.81102
62.0312 -8.82102
61.9853 -8.83102
61.9395 -8.84102
61.8937 -8.85102
61.8479 -8.86102
61.8022 -8.87102
61.7565 -8.88102
61.7155 -8.89102
61.6758 -8.90102
61.6362 -8.91102
61.5966 -8.92102
61.557 -8.93102
61.5174 -8.94102
61.4779 -8.95102
61.4385 -8.96102
61.399 -8.97102
61.3594 -8.98102
61.3199 -8.99102
61.2804 -9.00102
61.241 -9.01102
61.2015 -9.02102
61.162 -9.03102
61.1224 -9.04102
61.0829 -9.05102
61.0435 -9.06102
61.0041 -9.07102
60.9647 -9.08102
60.9254 -9.09102
60.8861 -9.10102
60.8468 -9.11102
60.8076 -9.12102
60.7684 -9.13102
60.7293 -9.14102
60.6902 -9.15102
60.6512 -9.16102
60.6122 -9.17102
60.5732 -9.18102
60.5343 -9.19102
60.4954 -9.20102
60.4565 -9.21102
60.4177 -9.22102
60.3789 -9.23102
60.3401 -9.24102
60.3012 -9.25102
60.2624 -9.26102
60.2237 -9.27102
60.1849 -9.28102
60.1462 -9.29102
60.1076 -9.30102
60.069 -9.31102
60.0304 -9.32102
59.9918 -9.33102
59.9533 -9.34102
59.9149 -9.35102
59.8765 -9.36102
59.8381 -9.37102
59.7997 -9.38102
59.7614 -9.39102
59.7231 -9.40102
59.6849 -9.41102
59.6467 -9.42102
59.6086 -9.43102
59.5705 -9.44102
59.5324 -9.45102
59.4944 -9.46102
59.4564 -9.47102
59.4185 -9.48102
59.3806 -9.49102
59.3428 -9.50102
59.305 -9.51102
59.2672 -9.52102
59.2308 -9.53102
59.1954 -9.54102
59.1599 -9.55102
59.1245 -9.56102
59.0891 -9.57102
59.0537 -9.58102
59.0184 -9.59102
58.9832 -9.60102
58.948 -9.61102
58.9128 -9.62102
58.8776 -9.63102
58.8426 -9.64102
58.8075 -9.65102
58.7725 -9.66102
58.7375 -9.67102
58.7026 -9.68102
58.6677 -9.69102
58.6329 -9.70102
58.5981 -9.71102
58.5633 -9.72102
58.5286 -9.73102
58.4939 -9.74102
58.4591 -9.75102
58.4242 -9.76102
58.3894 -9.77102
58.3546 -9.78102
58.3199 -9.79102
58.2858 -9.80102
58.2517 -9.81102
58.2177 -9.82102
58.1838 -9.83102
58.1498 -9.84102
58.1159 -9.85102
58.0821 -9.86102
58.0483 -9.87102
58.0146 -9.88102
57.9809 -9.89102
57.9472 -9.90102
57.9136 -9.91102
57.8801 -9.92102
57.8465 -9.93102
57.8131 -9.94102
57.7797 -9.95102
57.7463 -9.96102
57.713 -9.97102
57.6797 -9.98102
57.6465 -9.99102
57.6133 -10.001
57.5801 -10.011
57.547 -10.021
57.5168 -10.031
57.4874 -10.041
57.4581 -10.051
57.4287 -10.061
57.3994 -10.071
57.3701 -10.081
57.3407 -10.091
57.3114 -10.101
57.2821 -10.111
57.2529 -10.121
57.2237 -10.131
57.1946 -10.141
57.1655 -10.151
57.1364 -10.161
57.1074 -10.171
57.0785 -10.181
57.0496 -10.191
57.0207 -10.201
56.9919 -10.211
56.9631 -10.221
56.9344 -10.231
56.9057 -10.241
56.8771 -10.251
56.8485 -10.261
56.82 -10.271
56.7915 -10.281
56.763 -10.291
56.7346 -10.301
56.7063 -10.311
56.678 -10.321
56.6497 -10.331
56.6215 -10.341
56.5933 -10.351
56.5652 -10.361
56.5372 -10.371
56.5091 -10.381
56.4812 -10.391
56.4505 -10.401
56.4232 -10.411
56.3936 -10.421
56.3641 -10.431
56.3349 -10.441
56.3057 -10.451
56.2765 -10.461
56.2474 -10.471
56.2183 -10.481
56.1893 -10.491
56.1603 -10.501
56.1313 -10.511
56.1024 -10.521
56.0736 -10.531
56.0448 -10.541
56.016 -10.551
55.9873 -10.561
55.9586 -10.571
55.9299 -10.581
55.9013 -10.591
55.8728 -10.601
55.8442 -10.611
55.8158 -10.621
55.7873 -10.631
55.7589 -10.641
55.7306 -10.651
55.7023 -10.661
55.674 -10.671
55.6458 -10.681
55.6176 -10.691
55.5895 -10.701
55.5614 -10.711
55.5333 -10.721
55.5053 -10.731
55.4774 -10.741
55.4495 -10.751
55.4216 -10.761
55.3938 -10.771
55.366 -10.781
55.3383 -10.791
55.3106 -10.801
55.283 -10.811
55.2553 -10.821
55.2278 -10.831
55.2002 -10.841
55.1727 -10.851
55.1453 -10.861
55.1179 -10.871
55.0905 -10.881
55.0632 -10.891
55.0359 -10.901
55.0087 -10.911
54.9815 -10.921
54.9544 -10.931
54.9273 -10.941
54.9002 -10.951
54.8732 -10.961
54.8463 -10.971
54.8193 -10.981
54.7925 -10.991
54.7657 -11.001
54.7389 -11.011
54.7122 -11.021
54.6855 -11.031
54.6588 -11.041
54.6323 -11.051
54.6057 -11.061
54.5792 -11.071
54.5528 -11.081
54.5276 -11.091
54.5033 -11.101
54.4792 -11.111
54.455 -11.121
54.431 -11.131
54.4069 -11.141
54.3829 -11.151
54.359 -11.161
54.3351 -11.171
54.3112 -11.181
54.2874 -11.191
54.2636 -11.201
54.2398 -11.211
54.2161 -11.221
54.1925 -11.231
54.1689 -11.241
54.1453 -11.251
54.1218 -11.261
54.0983 -11.271
54.0749 -11.281
54.0515 -11.291
54.0282 -11.301
54.0049 -11.311
53.9816 -11.321
53.9584 -11.331
53.9353 -11.341
53.9123 -11.351
53.8894 -11.361
53.8666 -11.371
53.8437 -11.381
53.821 -11.391
53.7983 -11.401
53.7756 -11.411
53.753 -11.421
53.7304 -11.431
53.7068 -11.441
53.6824 -11.451
53.6581 -11.461
53.6338 -11.471
53.6096 -11.481
53.5854 -11.491
53.5612 -11.501
53.5371 -11.511
53.513 -11.521
53.489 -11.531
53.465 -11.541
53.441 -11.551
53.4171 -11.561
53.3932 -11.571
53.3694 -11.581
53.3455 -11.591
53.3218 -11.601
53.298 -11.611
53.2744 -11.621
53.2507 -11.631
53.2271 -11.641
53.2035 -11.651
53.18 -11.661
53.1565 -11.671
53.133 -11.681
53.1096 -11.691
53.0863 -11.701
53.0629 -11.711
53.0396 -11.721
53.0164 -11.731
52.9932 -11.741
52.97 -11.751
52.9469 -11.761
52.9238 -11.771
52.9008 -11.781
52.8778 -11.791
52.8548 -11.801
52.8319 -11.811
52.809 -11.821
52.7862 -11.831
52.7634 -11.841
52.7406 -11.851
52.7179 -11.861
52.6953 -11.871
52.6726 -11.881
52.6501 -11.891
52.6275 -11.901
52.605 -11.911
52.5825 -11.921
52.5601 -11.931
52.5377 -11.941
52.5154 -11.951
52.4931 -11.961
52.4708 -11.971
52.4486 -11.981
52.4264 -11.991
52.4043 -12.001
52.3822 -12.011
52.3601 -12.021
52.3381 -12.031
52.3161 -12.041
52.2942 -12.051
52.2723 -12.061
52.2505 -12.071
52.2287 -12.081
52.2069 -12.091
52.1852 -12.101
52.1635 -12.111
52.1419 -12.121
52.1203 -12.131
52.0988 -12.141
52.0785 -12.151
52.0587 -12.161
52.039 -12.171
52.0194 -12.181
51.9997 -12.191
51.9802 -12.201
51.9606 -12.211
51.9411 -12.221
51.9216 -12.231
51.9022 -12.241
51.8828 -12.251
51.8634 -12.261
51.8441 -12.271
51.8248 -12.281
51.8056 -12.291
51.7864 -12.301
51.7673 -12.311
51.7482 -12.321
51.7291 -12.331
51.7101 -12.341
51.6911 -12.351
51.6722 -12.361
51.6533 -12.371
51.6345 -12.381
51.6156 -12.391
51.5969 -12.401
51.5781 -12.411
51.5594 -12.421
51.5407 -12.431
51.5221 -12.441
51.5035 -12.451
51.4849 -12.461
51.4664 -12.471
51.4479 -12.481
51.4294 -12.491
51.411 -12.501
51.3926 -12.511
51.3743 -12.521
51.356 -12.531
51.3378 -12.541
51.3196 -12.551
51.3014 -12.561
51.2833 -12.571
51.2652 -12.581
51.2457 -12.591
51.226 -12.601
51.2062 -12.611
51.1864 -12.621
51.1667 -12.631
51.147 -12.641
51.1273 -12.651
51.1077 -12.661
51.0881 -12.671
51.0686 -12.681
51.0491 -12.691
51.0296 -12.701
51.0102 -12.711
50.9908 -12.721
50.9715 -12.731
50.9522 -12.741
50.9329 -12.751
50.9137 -12.761
50.8945 -12.771
50.8753 -12.781
50.8562 -12.791
50.8371 -12.801
50.818 -12.811
50.799 -12.821
50.7801 -12.831
50.7611 -12.841
50.7423 -12.851
50.7234 -12.861
50.7046 -12.871
50.6858 -12.881
50.6671 -12.891
50.6484 -12.901
50.6298 -12.911
50.6112 -12.921
50.5926 -12.931
50.5741 -12.941
50.5556 -12.951
50.5371 -12.961
50.5187 -12.971
50.5004 -12.981
50.482 -12.991
50.4637 -13.001
50.4455 -13.011
50.4273 -13.021
50.4091 -13.031
50.3909 -13.041
50.3728 -13.051
50.3548 -13.061
50.3368 -13.071
50.3188 -13.081
50.3008 -13.091
50.283 -13.101
50.2651 -13.111
50.2473 -13.121
50.2295 -13.131
50.2118 -13.141
50.1941 -13.151
50.1764 -13.161
50.1577 -13.171
50.1387 -13.181
50.1197 -13.191
50.1007 -13.201
50.0817 -13.211
50.0628 -13.221
50.0439 -13.231
50.0251 -13.241
50.0063 -13.251
49.9875 -13.261
49.9688 -13.271
49.9501 -13.281
49.9315 -13.291
49.9129 -13.301
49.8943 -13.311
49.8758 -13.321
49.8573 -13.331
49.8388 -13.341
49.8204 -13.351
49.8021 -13.361
49.7838 -13.371
49.7655 -13.381
49.7472 -13.391
49.729 -13.401
49.7109 -13.411
49.6927 -13.421
49.6747 -13.431
49.6566 -13.441
49.6386 -13.451
49.6207 -13.461
49.6027 -13.471
49.5849 -13.481
49.567 -13.491
49.5492 -13.501
49.5315 -13.511
49.5138 -13.521
49.4961 -13.531
49.4784 -13.541
49.4608 -13.551
49.4432 -13.561
49.4257 -13.571
49.4082 -13.581
49.3908 -13.591
49.3734 -13.601
49.356 -13.611
49.3387 -13.621
49.3214 -13.631
49.3041 -13.641
49.2869 -13.651
49.2697 -13.661
49.2526 -13.671
49.2355 -13.681
49.2185 -13.691
49.2015 -13.701
49.1845 -13.711
49.1676 -13.721
49.1507 -13.731
49.1339 -13.741
49.1171 -13.751
49.1003 -13.761
49.0836 -13.771
49.067 -13.781
49.0503 -13.791
49.0338 -13.801
49.0172 -13.811
49.0007 -13.821
48.9843 -13.831
48.9678 -13.841
48.9515 -13.851
48.9351 -13.861
48.9188 -13.871
48.9026 -13.881
48.8864 -13.891
48.8702 -13.901
48.8541 -13.911
48.838 -13.921
48.822 -13.931
48.806 -13.941
48.7901 -13.951
48.7742 -13.961
48.7584 -13.971
48.7425 -13.981
48.7268 -13.991
48.711 -14.001
48.6953 -14.011
48.6796 -14.021
48.664 -14.031
48.6484 -14.041
48.6329 -14.051
48.6174 -14.061
48.6019 -14.071
48.5865 -14.081
48.5712 -14.091
48.5559 -14.101
48.5406 -14.111
48.5254 -14.121
48.5102 -14.131
48.495 -14.141
48.48 -14.151
48.4653 -14.161
48.4507 -14.171
48.4361 -14.181
48.4216 -14.191
48.4071 -14.201
48.3927 -14.211
48.3783 -14.221
48.3639 -14.231
48.3496 -14.241
48.3353 -14.251
48.3211 -14.261
48.3069 -14.271
48.2927 -14.281
48.2786 -14.291
48.2646 -14.301
48.2506 -14.311
48.2366 -14.321
48.2227 -14.331
48.2088 -14.341
48.195 -14.351
48.1812 -14.361
48.1675 -14.371
48.1538 -14.381
48.1401 -14.391
48.1265 -14.401
48.113 -14.411
48.0994 -14.421
48.086 -14.431
48.0726 -14.441
48.0592 -14.451
48.0459 -14.461
48.0326 -14.471
48.0193 -14.481
48.0062 -14.491
47.993 -14.501
47.9799 -14.511
47.9669 -14.521
47.9539 -14.531
47.9409 -14.541
47.928 -14.551
47.9151 -14.561
47.9023 -14.571
47.8896 -14.581
47.8768 -14.591
47.8642 -14.601
47.8515 -14.611
47.8389 -14.621
47.8264 -14.631
47.8139 -14.641
47.8014 -14.651
47.789 -14.661
47.7766 -14.671
47.7643 -14.681
47.7519 -14.691
47.7397 -14.701
47.7275 -14.711
47.7153 -14.721
47.7032 -14.731
47.6911 -14.741
47.679 -14.751
47.667 -14.761
47.655 -14.771
47.6431 -14.781
47.6313 -14.791
47.6194 -14.801
47.6077 -14.811
47.596 -14.821
47.5843 -14.831
47.5727 -14.841
47.5611 -14.851
47.5496 -14.861
47.5381 -14.871
47.5266 -14.881
47.5153 -14.891
47.5039 -14.901
47.4926 -14.911
47.4814 -14.921
47.4702 -14.931
47.459 -14.941
47.4479 -14.951
47.4369 -14.961
47.4259 -14.971
47.4149 -14.981
47.404 -14.991
47.3931 -15.001
47.3823 -15.011
47.3716 -15.021
47.3609 -15.031
47.3502 -15.041
47.3396 -15.051
47.329 -15.061
47.3185 -15.071
47.308 -15.081
47.2976 -15.091
47.2872 -15.101
47.2769 -15.111
47.2667 -15.121
47.2564 -15.131
47.2463 -15.141
47.2362 -15.151
47.2261 -15.161
47.2161 -15.171
47.2061 -15.181
47.1962 -15.191
47.1863 -15.201
47.1765 -15.211
47.1667 -15.221
47.157 -15.231
47.1474 -15.241
47.1377 -15.251
47.1282 -15.261
47.1187 -15.271
47.1092 -15.281
47.0998 -15.291
47.0905 -15.301
47.0812 -15.311
47.0719 -15.321
47.0627 -15.331
47.0535 -15.341
47.0444 -15.351
47.0353 -15.361
47.0263 -15.371
47.0174 -15.381
47.0085 -15.391
46.9996 -15.401
46.9908 -15.411
46.982 -15.421
46.9733 -15.431
46.9647 -15.441
46.956 -15.451
46.9475 -15.461
46.9389 -15.471
46.9304 -15.481
46.922 -15.491
46.9137 -15.501
46.9053 -15.511
46.897 -15.521
46.8888 -15.531
46.8806 -15.541
46.8724 -15.551
46.8643 -15.561
46.855 -15.571
46.8456 -15.581
46.8362 -15.591
46.8269 -15.601
46.8175 -15.611
46.8082 -15.621
46.799 -15.631
46.7898 -15.641
46.7806 -15.651
46.7715 -15.661
46.7624 -15.671
46.7534 -15.681
46.7444 -15.691
46.7355 -15.701
46.7266 -15.711
46.7177 -15.721
46.7089 -15.731
46.7001 -15.741
46.6913 -15.751
46.6826 -15.761
46.674 -15.771
46.6653 -15.781
46.6568 -15.791
46.6483 -15.801
46.6398 -15.811
46.6313 -15.821
46.6229 -15.831
46.6146 -15.841
46.6063 -15.851
46.598 -15.861
46.5898 -15.871
46.5816 -15.881
46.5734 -15.891
46.5654 -15.901
46.5573 -15.911
46.5493 -15.921
46.5414 -15.931
46.5335 -15.941
46.5256 -15.951
46.5178 -15.961
46.51 -15.971
46.5023 -15.981
46.4946 -15.991
46.4869 -16.001
46.4793 -16.011
46.4718 -16.021
46.4643 -16.031
46.4569 -16.041
46.4495 -16.051
46.4421 -16.061
46.4348 -16.071
46.4275 -16.081
46.4203 -16.091
46.4132 -16.101
46.406 -16.111
46.399 -16.121
46.3919 -16.131
46.3849 -16.141
46.378 -16.151
46.3711 -16.161
46.3643 -16.171
46.3575 -16.181
46.3508 -16.191
46.3441 -16.201
46.3375 -16.211
46.3309 -16.221
46.3244 -16.231
46.3179 -16.241
46.3115 -16.251
46.3051 -16.261
46.2988 -16.271
46.2925 -16.281
46.2863 -16.291
46.2801 -16.301
46.274 -16.311
46.2679 -16.321
46.2618 -16.331
46.2559 -16.341
46.2499 -16.351
46.2441 -16.361
46.2382 -16.371
46.2324 -16.381
46.2267 -16.391
46.221 -16.401
46.2154 -16.411
46.2098 -16.421
46.2043 -16.431
46.1989 -16.441
46.1935 -16.451
46.1881 -16.461
46.1828 -16.471
46.1775 -16.481
46.1722 -16.491
46.167 -16.501
46.1619 -16.511
46.1568 -16.521
46.1518 -16.531
46.1468 -16.541
46.1419 -16.551
46.137 -16.561
46.1321 -16.571
46.1273 -16.581
46.1226 -16.591
46.1179 -16.601
46.1133 -16.611
46.1087 -16.621
46.1042 -16.631
46.0997 -16.641
46.0953 -16.651
46.091 -16.661
46.0867 -16.671
46.0815 -16.681
46.0759 -16.691
46.0704 -16.701
46.0649 -16.711
46.0595 -16.721
46.0541 -16.731
46.0488 -16.741
46.0435 -16.751
46.0383 -16.761
46.0331 -16.771
46.0279 -16.781
46.0228 -16.791
46.0178 -16.801
46.0128 -16.811
46.0078 -16.821
46.0029 -16.831
45.9981 -16.841
45.9933 -16.851
45.9885 -16.861
45.9838 -16.871
45.9792 -16.881
45.9746 -16.891
45.97 -16.901
45.9655 -16.911
45.9611 -16.921
45.9567 -16.931
45.9523 -16.941
45.948 -16.951
45.9437 -16.961
45.9395 -16.971
45.9354 -16.981
45.9313 -16.991
45.9272 -17.001
45.9232 -17.011
45.9192 -17.021
45.9153 -17.031
45.9115 -17.041
45.9076 -17.051
45.9038 -17.061
45.9001 -17.071
45.8964 -17.081
45.8927 -17.091
45.8891 -17.101
45.8856 -17.111
45.8821 -17.121
45.8786 -17.131
45.8753 -17.141
45.8719 -17.151
45.8686 -17.161
45.8654 -17.171
45.8622 -17.181
45.8591 -17.191
45.856 -17.201
45.853 -17.211
45.8501 -17.221
45.8472 -17.231
45.8443 -17.241
45.8415 -17.251
45.8387 -17.261
45.836 -17.271
45.8334 -17.281
45.8308 -17.291
45.8282 -17.301
45.8257 -17.311
45.8233 -17.321
45.8209 -17.331
45.8185 -17.341
45.8162 -17.351
45.8139 -17.361
45.8117 -17.371
45.8095 -17.381
45.8074 -17.391
45.8054 -17.401
45.8033 -17.411
45.8014 -17.421
45.7995 -17.431
45.7976 -17.441
45.7959 -17.451
45.7941 -17.461
45.7924 -17.471
45.7908 -17.481
45.7886 -17.491
45.7865 -17.501
45.7845 -17.511
45.7825 -17.521
45.7805 -17.531
45.7786 -17.541
45.7767 -17.551
45.7749 -17.561
45.7731 -17.571
45.7714 -17.581
45.7697 -17.591
45.768 -17.601
45.7664 -17.611
45.7649 -17.621
45.7632 -17.631
45.7615 -17.641
45.7599 -17.651
45.7583 -17.661
45.7568 -17.671
45.7553 -17.681
45.7538 -17.691
45.7524 -17.701
45.751 -17.711
45.7497 -17.721
45.7485 -17.731
45.7473 -17.741
45.7461 -17.751
45.745 -17.761
45.744 -17.771
45.743 -17.781
45.742 -17.791
45.7411 -17.801
45.7402 -17.811
45.7394 -17.821
45.7386 -17.831
45.738 -17.841
45.7374 -17.851
45.7368 -17.861
45.7363 -17.871
45.7358 -17.881
45.7354 -17.891
45.735 -17.901
45.7346 -17.911
45.7343 -17.921
45.734 -17.931
45.7338 -17.941
45.7336 -17.951
45.7335 -17.961
45.7334 -17.971
45.7334 -17.981
45.7334 -17.991
45.7335 -18.001
45.7336 -18.011
45.7338 -18.021
45.734 -18.031
45.7343 -18.041
45.7346 -18.051
45.7349 -18.061
45.7353 -18.071
45.7358 -18.081
45.7363 -18.091
45.7368 -18.101
45.7373 -18.111
45.7379 -18.121
45.7386 -18.131
45.7393 -18.141
45.74 -18.151
45.7408 -18.161
45.7417 -18.171
45.7425 -18.181
45.7434 -18.191
45.7444 -18.201
45.7454 -18.211
45.7465 -18.221
45.7476 -18.231
45.7487 -18.241
45.7499 -18.251
45.7511 -18.261
45.7524 -18.271
45.7537 -18.281
45.755 -18.291
45.7564 -18.301
45.7578 -18.311
45.7592 -18.321
45.7607 -18.331
45.7623 -18.341
45.7639 -18.351
45.7655 -18.361
45.7673 -18.371
45.769 -18.381
45.7708 -18.391
45.7727 -18.401
45.7746 -18.411
45.7766 -18.421
45.7786 -18.431
45.7807 -18.441
45.7828 -18.451
45.785 -18.461
45.7872 -18.471
45.7895 -18.481
45.7919 -18.491
45.7943 -18.501
45.7968 -18.511
45.7993 -18.521
45.8018 -18.531
45.8044 -18.541
45.807 -18.551
45.8097 -18.561
45.8125 -18.571
45.8153 -18.581
45.8181 -18.591
45.8211 -18.601
45.824 -18.611
45.827 -18.621
45.8301 -18.631
45.8332 -18.641
45.8363 -18.651
45.8395 -18.661
45.8427 -18.671
45.846 -18.681
45.8493 -18.691
45.8527 -18.701
45.8561 -18.711
45.8595 -18.721
45.863 -18.731
45.8665 -18.741
45.8701 -18.751
45.8738 -18.761
45.8775 -18.771
45.8812 -18.781
45.885 -18.791
45.8889 -18.801
45.8928 -18.811
45.8968 -18.821
45.9009 -18.831
45.905 -18.841
45.9088 -18.851
45.9124 -18.861
45.916 -18.871
45.9197 -18.881
45.9234 -18.891
45.9272 -18.901
45.931 -18.911
45.9349 -18.921
45.9388 -18.931
45.9428 -18.941
45.9468 -18.951
45.9509 -18.961
45.955 -18.971
45.9592 -18.981
45.9634 -18.991
45.9677 -19.001
45.9721 -19.011
45.9765 -19.021
45.9809 -19.031
45.9854 -19.041
45.99 -19.051
45.9946 -19.061
45.9993 -19.071
46.004 -19.081
46.0088 -19.091
46.0136 -19.101
46.0186 -19.111
46.0235 -19.121
46.0285 -19.131
46.0335 -19.141
46.0385 -19.151
46.0436 -19.161
46.0487 -19.171
46.0538 -19.181
46.059 -19.191
46.0642 -19.201
46.0695 -19.211
46.0748 -19.221
46.0802 -19.231
46.0856 -19.241
46.0911 -19.251
46.0966 -19.261
46.1022 -19.271
46.1078 -19.281
46.1134 -19.291
46.1192 -19.301
46.1249 -19.311
46.1308 -19.321
46.1367 -19.331
46.1426 -19.341
46.1485 -19.351
46.1545 -19.361
46.1605 -19.371
46.1666 -19.381
46.1727 -19.391
46.1789 -19.401
46.1851 -19.411
46.1913 -19.421
46.1975 -19.431
46.2038 -19.441
46.2101 -19.451
46.2165 -19.461
46.2229 -19.471
46.2294 -19.481
46.2359 -19.491
46.2425 -19.501
46.2491 -19.511
46.2557 -19.521
46.2623 -19.531
46.269 -19.541
46.2757 -19.551
46.2826 -19.561
46.2894 -19.571
46.2963 -19.581
46.3032 -19.591
46.3102 -19.601
46.3172 -19.611
46.3243 -19.621
46.3314 -19.631
46.3386 -19.641
46.3459 -19.651
46.3532 -19.661
46.3605 -19.671
46.368 -19.681
46.3754 -19.691
46.383 -19.701
46.3906 -19.711
46.3982 -19.721
46.4058 -19.731
46.4134 -19.741
46.4212 -19.751
46.4289 -19.761
46.4368 -19.771
46.4447 -19.781
46.4526 -19.791
46.4606 -19.801
46.4687 -19.811
46.4768 -19.821
46.4836 -19.831
46.4893 -19.841
46.495 -19.851
46.5008 -19.861
46.5066 -19.871
46.5125 -19.881
46.5184 -19.891
46.5244 -19.901
46.5304 -19.911
46.5365 -19.921
46.5426 -19.931
46.5487 -19.941
46.5549 -19.951
46.5611 -19.961
46.5674 -19.971
46.5738 -19.981
46.5802 -19.991
46.5866 -20.001
46.5931 -20.011
46.5997 -20.021
46.6063 -20.031
46.613 -20.041
46.6197 -20.051
46.6264 -20.061
46.6332 -20.071
46.6401 -20.081
46.6469 -20.091
46.6538 -20.101
46.6608 -20.111
46.6678 -20.121
46.6749 -20.131
46.6821 -20.141
46.6892 -20.151
46.6965 -20.161
46.7037 -20.171
46.7106 -20.181
46.7173 -20.191
46.7241 -20.201
46.731 -20.211
46.7379 -20.221
46.7449 -20.231
46.7518 -20.241
46.7588 -20.251
46.7659 -20.261
46.773 -20.271
46.7802 -20.281
46.7874 -20.291
46.7946 -20.301
46.8019 -20.311
46.8092 -20.321
46.8165 -20.331
46.8239 -20.341
46.8313 -20.351
46.8388 -20.361
46.8463 -20.371
46.8538 -20.381
46.8614 -20.391
46.8691 -20.401
46.8768 -20.411
46.8844 -20.421
46.8922 -20.431
46.9 -20.441
46.9078 -20.451
46.9157 -20.461
46.9236 -20.471
46.9316 -20.481
46.9396 -20.491
46.9477 -20.501
46.9558 -20.511
46.964 -20.521
46.9722 -20.531
46.9805 -20.541
46.9889 -20.551
46.9973 -20.561
47.0057 -20.571
47.0141 -20.581
47.0226 -20.591
47.0312 -20.601
47.0398 -20.611
47.0485 -20.621
47.0572 -20.631
47.066 -20.641
47.0748 -20.651
47.0836 -20.661
47.0926 -20.671
47.1015 -20.681
47.1106 -20.691
47.1197 -20.701
47.1288 -20.711
47.138 -20.721
47.1473 -20.731
47.1566 -20.741
47.1659 -20.751
47.1753 -20.761
47.1848 -20.771
47.1943 -20.781
47.2039 -20.791
47.2135 -20.801
47.2231 -20.811
47.2328 -20.821
47.2425 -20.831
47.2523 -20.841
47.2621 -20.851
47.2718 -20.861
47.2816 -20.871
47.2915 -20.881
47.3014 -20.891
47.3114 -20.901
47.3214 -20.911
47.3314 -20.921
47.3415 -20.931
47.3516 -20.941
47.3617 -20.951
47.3719 -20.961
47.3821 -20.971
47.3924 -20.981
47.4027 -20.991
47.4131 -21.001
47.4235 -21.011
47.4339 -21.021
47.4444 -21.031
47.4549 -21.041
47.4655 -21.051
47.4761 -21.061
47.4867 -21.071
47.4974 -21.081
47.5081 -21.091
47.5189 -21.101
47.5297 -21.111
47.5406 -21.121
47.5515 -21.131
47.5624 -21.141
47.5733 -21.151
47.5843 -21.161
47.5953 -21.171
47.6063 -21.181
47.617 -21.191
47.6276 -21.201
47.6384 -21.211
47.6491 -21.221
47.66 -21.231
47.6708 -21.241
47.6818 -21.251
47.6927 -21.261
47.7038 -21.271
47.7148 -21.281
47.7259 -21.291
47.7371 -21.301
47.7482 -21.311
47.7595 -21.321
47.7708 -21.331
47.7821 -21.341
47.7935 -21.351
47.8049 -21.361
47.8164 -21.371
47.828 -21.381
47.8396 -21.391
47.8512 -21.401
47.8629 -21.411
47.8747 -21.421
47.8865 -21.431
47.8983 -21.441
47.9103 -21.451
47.9222 -21.461
47.9342 -21.471
47.9462 -21.481
47.9583 -21.491
47.9705 -21.501
47.9827 -21.511
47.995 -21.521
48.0073 -21.531
48.0196 -21.541
48.0321 -21.551
48.0445 -21.561
48.0571 -21.571
48.0696 -21.581
48.0822 -21.591
48.0939 -21.601
48.1044 -21.611
48.1148 -21.621
48.1253 -21.631
48.1358 -21.641
48.1464 -21.651
48.1571 -21.661
48.1678 -21.671
48.1785 -21.681
48.1893 -21.691
48.2002 -21.701
48.2079 -21.711
48.2156 -21.721
48.2234 -21.731
48.2312 -21.741
48.239 -21.751
48.2469 -21.761
48.2549 -21.771
48.2629 -21.781
48.2709 -21.791
48.2789 -21.801
48.2869 -21.811
48.2949 -21.821
48.3028 -21.831
48.3108 -21.841
48.3188 -21.851
48.3269 -21.861
48.3351 -21.871
48.3432 -21.881
48.3515 -21.891
48.3597 -21.901
48.368 -21.911
48.3764 -21.921
48.3847 -21.931
48.3932 -21.941
48.4016 -21.951
48.4102 -21.961
48.4187 -21.971
48.4273 -21.981
48.436 -21.991
48.4447 -22.001
48.4534 -22.011
48.4622 -22.021
48.471 -22.031
48.4798 -22.041
48.4887 -22.051
48.4975 -22.061
48.5065 -22.071
48.5154 -22.081
48.5244 -22.091
48.5335 -22.101
48.5426 -22.111
48.5517 -22.121
48.5609 -22.131
48.5701 -22.141
48.5794 -22.151
48.5887 -22.161
48.5981 -22.171
48.6074 -22.181
48.6169 -22.191
48.6263 -22.201
48.6358 -22.211
48.6453 -22.221
48.6549 -22.231
48.6645 -22.241
48.6718 -22.251
48.679 -22.261
48.6863 -22.271
48.6936 -22.281
48.7009 -22.291
48.7083 -22.301
48.7156 -22.311
48.7231 -22.321
48.7305 -22.331
48.7378 -22.341
48.7449 -22.351
48.752 -22.361
48.7591 -22.371
48.7663 -22.381
48.7735 -22.391
48.7808 -22.401
48.7881 -22.411
48.7954 -22.421
48.8027 -22.431
48.8101 -22.441
48.8175 -22.451
48.825 -22.461
48.8325 -22.471
48.84 -22.481
48.8475 -22.491
48.855 -22.501
48.8626 -22.511
48.8702 -22.521
48.8779 -22.531
48.8856 -22.541
48.8933 -22.551
48.9011 -22.561
48.9089 -22.571
48.9167 -22.581
48.9246 -22.591
48.9325 -22.601
48.9404 -22.611
48.9484 -22.621
48.9564 -22.631
48.9644 -22.641
48.9725 -22.651
48.9805 -22.661
48.9886 -22.671
48.9968 -22.681
49.005 -22.691
49.0132 -22.701
49.0214 -22.711
49.0296 -22.721
49.0379 -22.731
49.0463 -22.741
49.0546 -22.751
49.063 -22.761
49.0715 -22.771
49.0799 -22.781
49.0884 -22.791
49.097 -22.801
49.1056 -22.811
49.1142 -22.821
49.1229 -22.831
49.1316 -22.841
49.1403 -22.851
49.1491 -22.861
49.1579 -22.871
49.1668 -22.881
49.1757 -22.891
49.1847 -22.901
49.1937 -22.911
49.2027 -22.921
49.2117 -22.931
49.2208 -22.941
49.2299 -22.951
49.2391 -22.961
49.2483 -22.971
49.2575 -22.981
49.2668 -22.991
49.2761 -23.001
49.2854 -23.011
49.2948 -23.021
49.3042 -23.031
49.3136 -23.041
49.3231 -23.051
49.3326 -23.061
49.3422 -23.071
49.3518 -23.081
49.3614 -23.091
49.371 -23.101
49.3807 -23.111
49.3904 -23.121
49.4002 -23.131
49.41 -23.141
49.4198 -23.151
49.4297 -23.161
49.4396 -23.171
49.4495 -23.181
49.4595 -23.191
49.4695 -23.201
49.4795 -23.211
49.4895 -23.221
49.4996 -23.231
49.5097 -23.241
49.5199 -23.251
49.53 -23.261
49.5402 -23.271
49.5505 -23.281
49.5607 -23.291
49.5711 -23.301
49.5814 -23.311
49.5918 -23.321
49.6022 -23.331
49.6124 -23.341
49.6228 -23.351
49.6331 -23.361
49.6435 -23.371
49.654 -23.381
49.6644 -23.391
49.6749 -23.401
49.6854 -23.411
49.696 -23.421
49.7066 -23.431
49.7172 -23.441
49.7279 -23.451
49.7386 -23.461
49.7493 -23.471
49.7601 -23.481
49.7709 -23.491
49.7815 -23.501
49.7922 -23.511
49.8028 -23.521
49.8133 -23.531
49.8238 -23.541
49.8343 -23.551
49.8448 -23.561
49.8554 -23.571
49.8661 -23.581
49.8767 -23.591
49.8866 -23.601
49.896 -23.611
49.9054 -23.621
49.9148 -23.631
49.9243 -23.641
49.9338 -23.651
49.9433 -23.661
49.9528 -23.671
49.9623 -23.681
49.9719 -23.691
49.9814 -23.701
49.9892 -23.711
49.9945 -23.721
49.9998 -23.731
50.0052 -23.741
50.0106 -23.751
50.016 -23.761
50.0214 -23.771
50.0269 -23.781
50.0325 -23.791
50.0381 -23.801
50.0437 -23.811
50.0493 -23.821
50.055 -23.831
50.0608 -23.841
50.0678 -23.851
50.0789 -23.861
50.0899 -23.871
50.101 -23.881
50.1122 -23.891
50.1233 -23.901
50.1345 -23.911
50.1457 -23.921
50.1569 -23.931
50.1681 -23.941
50.1794 -23.951
50.1908 -23.961
50.2022 -23.971
50.2136 -23.981
50.225 -23.991
50.2365 -24.001
50.248 -24.011
50.2596 -24.021
50.2712 -24.031
50.2828 -24.041
50.2945 -24.051
50.3062 -24.061
50.3179 -24.071
50.3297 -24.081
50.3414 -24.091
50.3533 -24.101
50.3651 -24.111
50.3771 -24.121
50.389 -24.131
50.401 -24.141
50.413 -24.151
50.4251 -24.161
50.4371 -24.171
50.4492 -24.181
50.4614 -24.191
50.4736 -24.201
50.4858 -24.211
50.4981 -24.221
50.5104 -24.231
50.5228 -24.241
50.5338 -24.251
50.5447 -24.261
50.5556 -24.271
50.5665 -24.281
50.5774 -24.291
50.5883 -24.301
50.5992 -24.311
50.6102 -24.321
50.6211 -24.331
50.6321 -24.341
50.643 -24.351
50.6539 -24.361
50.6648 -24.371
50.6757 -24.381
50.6867 -24.391
50.6976 -24.401
50.7085 -24.411
50.7194 -24.421
50.7286 -24.431
50.7369 -24.441
50.7464 -24.451
50.7559 -24.461
50.7654 -24.471
50.774 -24.481
50.783 -24.491
50.7918 -24.501
50.8005 -24.511
50.8093 -24.521
50.8182 -24.531
50.8271 -24.541
50.836 -24.551
50.8449 -24.561
50.8538 -24.571
50.8627 -24.581
50.8717 -24.591
50.8806 -24.601
50.8897 -24.611
50.9002 -24.621
50.9107 -24.631
50.9212 -24.641
50.9317 -24.651
50.9423 -24.661
50.9528 -24.671
50.9635 -24.681
50.9741 -24.691
50.9847 -24.701
50.9954 -24.711
51.0062 -24.721
51.0169 -24.731
51.0277 -24.741
51.0384 -24.751
51.0491 -24.761
51.0599 -24.771
51.0707 -24.781
51.0815 -24.791
51.0924 -24.801
51.1033 -24.811
51.1143 -24.821
51.1252 -24.831
51.1362 -24.841
51.1472 -24.851
51.1583 -24.861
51.1694 -24.871
51.1805 -24.881
51.189 -24.891
51.1972 -24.901
51.2055 -24.911
51.2137 -24.921
51.222 -24.931
51.2304 -24.941
51.2387 -24.951
51.247 -24.961
51.2553 -24.971
51.2637 -24.981
51.2721 -24.991
51.2805 -25.001
51.289 -25.011
51.2975 -25.021
51.306 -25.031
51.3146 -25.041
51.3232 -25.051
51.3318 -25.061
51.3404 -25.071
51.3491 -25.081
51.3578 -25.091
51.3665 -25.101
51.3752 -25.111
51.384 -25.121
51.3928 -25.131
51.4016 -25.141
51.4105 -25.151
51.4194 -25.161
51.4283 -25.171
51.4373 -25.181
51.4463 -25.191
51.4554 -25.201
51.4645 -25.211
51.4736 -25.221
51.4827 -25.231
51.4919 -25.241
51.5011 -25.251
51.5104 -25.261
51.5197 -25.271
51.529 -25.281
51.5383 -25.291
51.5477 -25.301
51.5571 -25.311
51.5665 -25.321
51.576 -25.331
51.5855 -25.341
51.5951 -25.351
51.6046 -25.361
51.6142 -25.371
51.6239 -25.381
51.6335 -25.391
51.6432 -25.401
51.6529 -25.411
51.6627 -25.421
51.6724 -25.431
51.6822 -25.441
51.692 -25.451
51.7019 -25.461
51.7118 -25.471
51.7217 -25.481
51.7316 -25.491
51.7415 -25.501
51.7515 -25.511
51.7615 -25.521
51.7714 -25.531
51.7815 -25.541
51.7915 -25.551
51.8016 -25.561
51.8117 -25.571
51.8218 -25.581
51.832 -25.591
51.8422 -25.601
51.8524 -25.611
51.8627 -25.621
51.873 -25.631
51.8833 -25.641
51.8937 -25.651
51.9041 -25.661
51.9145 -25.671
51.925 -25.681
51.9355 -25.691
51.946 -25.701
51.9565 -25.711
51.9671 -25.721
51.9776 -25.731
51.9883 -25.741
51.9989 -25.751
52.0096 -25.761
52.0203 -25.771
52.0311 -25.781
52.0419 -25.791
52.0527 -25.801
52.0636 -25.811
52.0745 -25.821
52.0854 -25.831
52.0964 -25.841
52.1074 -25.851
52.1185 -25.861
52.1296 -25.871
52.1407 -25.881
52.1519 -25.891
52.1626 -25.901
52.1724 -25.911
52.1823 -25.921
52.1922 -25.931
52.2021 -25.941
52.2121 -25.951
52.2221 -25.961
52.2322 -25.971
52.2422 -25.981
52.2523 -25.991
52.2624 -26.001
52.2726 -26.011
52.2828 -26.021
52.2931 -26.031
52.3033 -26.041
52.3136 -26.051
52.324 -26.061
52.3344 -26.071
52.3448 -26.081
52.3552 -26.091
52.3657 -26.101
52.3762 -26.111
52.3868 -26.121
52.3974 -26.131
52.408 -26.141
52.4187 -26.151
52.4294 -26.161
52.4402 -26.171
52.451 -26.181
52.4618 -26.191
52.4727 -26.201
52.4836 -26.211
52.4945 -26.221
52.5055 -26.231
52.5165 -26.241
52.5276 -26.251
52.5387 -26.261
52.5498 -26.271
52.5609 -26.281
52.5721 -26.291
52.5833 -26.301
52.5945 -26.311
52.6058 -26.321
52.6171 -26.331
52.6284 -26.341
52.6398 -26.351
52.6512 -26.361
52.6626 -26.371
52.674 -26.381
52.6855 -26.391
52.697 -26.401
52.7085 -26.411
52.7201 -26.421
52.7317 -26.431
52.7433 -26.441
52.755 -26.451
52.7667 -26.461
52.7785 -26.471
52.7903 -26.481
52.8021 -26.491
52.814 -26.501
52.8259 -26.511
52.8378 -26.521
52.8497 -26.531
52.8617 -26.541
52.8737 -26.551
52.8857 -26.561
52.8978 -26.571
52.91 -26.581
52.9222 -26.591
52.9344 -26.601
52.9466 -26.611
52.9589 -26.621
52.9712 -26.631
52.9836 -26.641
52.996 -26.651
53.0084 -26.661
53.0208 -26.671
53.0332 -26.681
53.0457 -26.691
53.0582 -26.701
53.0708 -26.711
53.0834 -26.721
53.096 -26.731
53.1087 -26.741
53.1213 -26.751
53.134 -26.761
53.1467 -26.771
53.1595 -26.781
53.1722 -26.791
53.1851 -26.801
53.1979 -26.811
53.2109 -26.821
53.2238 -26.831
53.2367 -26.841
53.2497 -26.851
53.2627 -26.861
53.2758 -26.871
53.2889 -26.881
53.302 -26.891
53.3152 -26.901
53.3284 -26.911
53.3417 -26.921
53.3549 -26.931
53.3683 -26.941
53.3816 -26.951
53.395 -26.961
53.4084 -26.971
53.4219 -26.981
53.4354 -26.991
53.4489 -27.001
53.4625 -27.011
53.4761 -27.021
53.4898 -27.031
53.5035 -27.041
53.5172 -27.051
53.531 -27.061
53.5449 -27.071
53.5587 -27.081
53.5726 -27.091
53.5866 -27.101
53.6006 -27.111
53.6146 -27.121
53.6287 -27.131
53.6428 -27.141
53.6569 -27.151
53.6711 -27.161
53.6853 -27.171
53.6996 -27.181
53.7139 -27.191
53.7282 -27.201
53.7424 -27.211
53.7568 -27.221
53.7711 -27.231
53.7854 -27.241
53.7998 -27.251
53.8142 -27.261
53.8286 -27.271
53.8431 -27.281
53.8576 -27.291
53.8721 -27.301
53.8866 -27.311
53.9012 -27.321
53.9159 -27.331
53.9306 -27.341
53.9453 -27.351
53.9601 -27.361
53.9749 -27.371
53.9897 -27.381
54.0046 -27.391
54.0195 -27.401
54.0345 -27.411
54.0495 -27.421
54.0646 -27.431
54.0796 -27.441
54.0948 -27.451
54.1099 -27.461
54.1251 -27.471
54.1404 -27.481
54.1556 -27.491
54.1709 -27.501
54.1862 -27.511
54.2015 -27.521
54.2169 -27.531
54.2324 -27.541
54.2478 -27.551
54.2634 -27.561
54.2789 -27.571
54.2945 -27.581
54.3102 -27.591
54.3259 -27.601
54.3416 -27.611
54.3573 -27.621
54.373 -27.631
54.3888 -27.641
54.4047 -27.651
54.4205 -27.661
54.4365 -27.671
54.4524 -27.681
54.4684 -27.691
54.4844 -27.701
54.5004 -27.711
54.5165 -27.721
54.5326 -27.731
54.5488 -27.741
54.565 -27.751
54.5812 -27.761
54.5975 -27.771
54.6137 -27.781
54.6301 -27.791
54.6464 -27.801
54.6628 -27.811
54.6792 -27.821
54.6957 -27.831
54.7122 -27.841
54.7287 -27.851
54.7453 -27.861
54.762 -27.871
54.7787 -27.881
54.7954 -27.891
54.8122 -27.901
54.829 -27.911
54.8458 -27.921
54.8627 -27.931
54.8796 -27.941
54.8965 -27.951
54.9134 -27.961
54.9303 -27.971
54.9472 -27.981
54.9642 -27.991
54.9812 -28.001
54.9983 -28.011
55.0154 -28.021
55.0325 -28.031
55.0497 -28.041
55.0669 -28.051
55.0842 -28.061
55.1015 -28.071
55.1188 -28.081
55.1361 -28.091
55.1535 -28.101
55.1709 -28.111
55.1884 -28.121
55.2059 -28.131
55.2234 -28.141
55.241 -28.151
55.2586 -28.161
55.2762 -28.171
55.2938 -28.181
55.3111 -28.191
55.3284 -28.201
55.3458 -28.211
55.3632 -28.221
55.3806 -28.231
55.3981 -28.241
55.4155 -28.251
55.4331 -28.261
55.4506 -28.271
55.4676 -28.281
55.4846 -28.291
55.5016 -28.301
55.5186 -28.311
55.5358 -28.321
55.5529 -28.331
55.5701 -28.341
55.5873 -28.351
55.6046 -28.361
55.6219 -28.371
55.6393 -28.381
55.6567 -28.391
55.6742 -28.401
55.6917 -28.411
55.7092 -28.421
55.7267 -28.431
55.7443 -28.441
55.7619 -28.451
55.7795 -28.461
55.7972 -28.471
55.815 -28.481
55.8328 -28.491
55.8506 -28.501
55.8685 -28.511
55.8864 -28.521
55.9043 -28.531
55.9223 -28.541
55.9402 -28.551
55.9582 -28.561
55.9762 -28.571
55.9942 -28.581
56.0123 -28.591
56.0304 -28.601
56.0486 -28.611
56.0667 -28.621
56.0849 -28.631
56.1031 -28.641
56.1214 -28.651
56.1397 -28.661
56.1581 -28.671
56.1764 -28.681
56.1948 -28.691
56.2133 -28.701
56.2318 -28.711
56.2503 -28.721
56.2678 -28.731
56.2853 -28.741
56.3027 -28.751
56.3203 -28.761
56.3378 -28.771
56.3554 -28.781
56.3731 -28.791
56.3907 -28.801
56.4085 -28.811
56.4262 -28.821
56.4439 -28.831
56.4617 -28.841
56.4796 -28.851
56.4974 -28.861
56.5153 -28.871
56.5332 -28.881
56.5512 -28.891
56.5691 -28.901
56.5871 -28.911
56.6052 -28.921
56.6232 -28.931
56.6412 -28.941
56.6593 -28.951
56.6774 -28.961
56.6955 -28.971
56.7137 -28.981
56.7319 -28.991
56.7501 -29.001
56.7683 -29.011
56.7866 -29.021
56.8048 -29.031
56.8232 -29.041
56.8415 -29.051
56.8599 -29.061
56.8784 -29.071
56.8969 -29.081
56.9154 -29.091
56.934 -29.101
56.9526 -29.111
56.9712 -29.121
56.9898 -29.131
57.0085 -29.141
57.0273 -29.151
57.046 -29.161
57.0648 -29.171
57.0836 -29.181
57.1025 -29.191
57.1214 -29.201
57.1403 -29.211
57.1593 -29.221
57.1783 -29.231
57.1972 -29.241
57.2163 -29.251
57.2353 -29.261
57.2544 -29.271
57.2736 -29.281
57.2927 -29.291
57.312 -29.301
57.3312 -29.311
57.3505 -29.321
57.3698 -29.331
57.3891 -29.341
57.4085 -29.351
57.4279 -29.361
57.4474 -29.371
57.4669 -29.381
57.4864 -29.391
57.506 -29.401
57.5256 -29.411
57.5453 -29.421
57.5649 -29.431
57.5847 -29.441
57.6044 -29.451
57.6242 -29.461
57.6441 -29.471
57.6639 -29.481
57.6839 -29.491
57.7038 -29.501
57.7238 -29.511
57.7439 -29.521
57.764 -29.531
57.7842 -29.541
57.8043 -29.551
57.8244 -29.561
57.8444 -29.571
57.8645 -29.581
57.8846 -29.591
57.9047 -29.601
57.9249 -29.611
57.9451 -29.621
57.9653 -29.631
57.9855 -29.641
58.0057 -29.651
58.0259 -29.661
58.0462 -29.671
58.0665 -29.681
58.0869 -29.691
58.1073 -29.701
58.1276 -29.711
58.1479 -29.721
58.1682 -29.731
58.1886 -29.741
58.209 -29.751
58.2293 -29.761
58.2498 -29.771
58.2702 -29.781
58.2908 -29.791
58.3113 -29.801
58.3319 -29.811
58.3526 -29.821
58.3732 -29.831
58.394 -29.841
58.4147 -29.851
58.4356 -29.861
58.4564 -29.871
58.4773 -29.881
58.4982 -29.891
58.5192 -29.901
58.5402 -29.911
58.5612 -29.921
58.5823 -29.931
58.6035 -29.941
58.6247 -29.951
58.6459 -29.961
58.6672 -29.971
58.6885 -29.981
58.7098 -29.991
58.7312 -30.001
58.7526 -30.011
58.7741 -30.021
58.7956 -30.031
58.8172 -30.041
58.8388 -30.051
58.8604 -30.061
58.8821 -30.071
58.9038 -30.081
58.9256 -30.091
58.9474 -30.101
58.9693 -30.111
58.9912 -30.121
59.0132 -30.131
59.0352 -30.141
59.0572 -30.151
59.0793 -30.161
59.1014 -30.171
59.1234 -30.181
59.1455 -30.191
59.1675 -30.201
59.1896 -30.211
59.2117 -30.221
59.2338 -30.231
59.256 -30.241
59.2782 -30.251
59.3005 -30.261
59.3228 -30.271
59.3452 -30.281
59.3676 -30.291
59.39 -30.301
59.4125 -30.311
59.4351 -30.321
59.4576 -30.331
59.4803 -30.341
59.5029 -30.351
59.5256 -30.361
59.5483 -30.371
59.5709 -30.381
59.5936 -30.391
59.6164 -30.401
59.6392 -30.411
59.662 -30.421
59.6848 -30.431
59.7076 -30.441
59.7305 -30.451
59.7535 -30.461
59.7765 -30.471
59.7995 -30.481
59.8225 -30.491
59.8456 -30.501
59.8686 -30.511
59.8917 -30.521
59.9149 -30.531
59.9381 -30.541
59.9613 -30.551
59.9846 -30.561
60.0079 -30.571
60.0313 -30.581
60.0547 -30.591
60.0782 -30.601
60.1016 -30.611
60.1252 -30.621
60.1488 -30.631
60.1724 -30.641
60.196 -30.651
60.2197 -30.661
60.2435 -30.671
60.2672 -30.681
60.291 -30.691
60.3149 -30.701
60.3387 -30.711
60.3626 -30.721
60.3866 -30.731
60.4105 -30.741
60.4345 -30.751
60.4586 -30.761
60.4827 -30.771
60.5068 -30.781
60.5309 -30.791
60.555 -30.801
60.5792 -30.811
60.6034 -30.821
60.6277 -30.831
60.652 -30.841
60.6764 -30.851
60.7008 -30.861
60.7252 -30.871
60.7496 -30.881
60.7741 -30.891
60.7987 -30.901
60.8233 -30.911
60.8478 -30.921
60.8723 -30.931
60.8969 -30.941
60.9214 -30.951
60.946 -30.961
60.9706 -30.971
60.9953 -30.981
61.02 -30.991
61.0447 -31.001
61.0694 -31.011
61.0943 -31.021
61.1191 -31.031
61.1439 -31.041
61.1687 -31.051
61.1935 -31.061
61.2184 -31.071
61.2433 -31.081
61.2682 -31.091
61.2932 -31.101
61.3182 -31.111
61.3433 -31.121
61.3683 -31.131
61.3934 -31.141
61.4184 -31.151
61.4436 -31.161
61.4687 -31.171
61.4939 -31.181
61.5191 -31.191
61.5443 -31.201
61.5696 -31.211
61.5948 -31.221
61.6202 -31.231
61.6456 -31.241
61.671 -31.251
61.6964 -31.261
61.7218 -31.271
61.7473 -31.281
61.7728 -31.291
61.7984 -31.301
61.824 -31.311
61.8496 -31.321
61.8752 -31.331
61.9009 -31.341
61.9266 -31.351
61.9522 -31.361
61.9779 -31.371
62.0036 -31.381
62.0292 -31.391
62.0548 -31.401
62.0805 -31.411
62.1063 -31.421
62.1321 -31.431
62.158 -31.441
62.1838 -31.451
62.2098 -31.461
62.2358 -31.471
62.2618 -31.481
62.2879 -31.491
62.314 -31.501
62.3402 -31.511
62.3664 -31.521
62.3926 -31.531
62.4189 -31.541
62.4453 -31.551
62.4717 -31.561
62.4981 -31.571
62.5246 -31.581
62.551 -31.591
62.5775 -31.601
62.604 -31.611
62.6306 -31.621
62.6572 -31.631
62.6839 -31.641
62.7106 -31.651
62.7373 -31.661
62.7641 -31.671
62.7909 -31.681
62.8177 -31.691
62.8446 -31.701
62.8715 -31.711
62.8982 -31.721
62.925 -31.731
62.9518 -31.741
62.9786 -31.751
63.0055 -31.761
63.0324 -31.771
63.0594 -31.781
63.0863 -31.791
63.1132 -31.801
63.1402 -31.811
63.1672 -31.821
63.1943 -31.831
63.2213 -31.841
63.2485 -31.851
63.2757 -31.861
63.3029 -31.871
63.3302 -31.881
63.3574 -31.891
63.3848 -31.901
63.4121 -31.911
63.4395 -31.921
63.4669 -31.931
63.4943 -31.941
63.5217 -31.951
63.5491 -31.961
63.5766 -31.971
63.6042 -31.981
63.6317 -31.991
63.6593 -32.001
63.6869 -32.011
63.7145 -32.021
63.7422 -32.031
63.7699 -32.041
63.7977 -32.051
63.8255 -32.061
63.8533 -32.071
63.8811 -32.081
63.909 -32.091
63.9369 -32.101
63.9649 -32.111
63.9929 -32.121
64.0209 -32.131
64.0489 -32.141
64.0768 -32.151
64.1048 -32.161
64.1329 -32.171
64.1609 -32.181
64.1891 -32.191
64.2172 -32.201
64.2454 -32.211
64.2736 -32.221
64.3019 -32.231
64.3302 -32.241
64.3586 -32.251
64.3869 -32.261
64.4153 -32.271
64.4437 -32.281
64.4722 -32.291
64.5007 -32.301
64.5292 -32.311
64.5578 -32.321
64.5863 -32.331
64.6149 -32.341
64.6434 -32.351
64.672 -32.361
64.7006 -32.371
64.7291 -32.381
64.7577 -32.391
64.7863 -32.401
64.815 -32.411
64.8436 -32.421
64.8723 -32.431
64.9009 -32.441
64.9296 -32.451
64.9584 -32.461
64.9872 -32.471
65.0161 -32.481
65.045 -32.491
65.0739 -32.501
65.1029 -32.511
65.1318 -32.521
65.1607 -32.531
65.1896 -32.541
65.2186 -32.551
65.2476 -32.561
65.2767 -32.571
65.3057 -32.581
65.3349 -32.591
65.3641 -32.601
65.3933 -32.611
65.4226 -32.621
65.4519 -32.631
65.4812 -32.641
65.5106 -32.651
65.5401 -32.661
65.5695 -32.671
65.599 -32.681
65.6285 -32.691
65.658 -32.701
65.6875 -32.711
65.7171 -32.721
65.7467 -32.731
65.7763 -32.741
65.806 -32.751
65.8357 -32.761
65.8654 -32.771
65.8952 -32.781
65.925 -32.791
65.9548 -32.801
65.9845 -32.811
66.0143 -32.821
66.0441 -32.831
66.074 -32.841
66.1039 -32.851
66.1338 -32.861
66.1638 -32.871
66.1938 -32.881
66.2239 -32.891
66.254 -32.901
66.2841 -32.911
66.3144 -32.921
66.3446 -32.931
66.3748 -32.941
66.405 -32.951
66.4353 -32.961
66.4656 -32.971
66.4959 -32.981
66.5262 -32.991
66.5566 -33.001
66.587 -33.011
66.6173 -33.021
66.6478 -33.031
66.6782 -33.041
66.7087 -33.051
66.7393 -33.061
66.7699 -33.071
66.8005 -33.081
66.8312 -33.091
66.8618 -33.101
66.8925 -33.111
66.9232 -33.121
66.954 -33.131
66.9848 -33.141
67.0157 -33.151
67.0466 -33.161
67.0776 -33.171
67.1086 -33.181
67.1396 -33.191
67.1707 -33.201
67.2017 -33.211
67.2328 -33.221
67.2639 -33.231
67.295 -33.241
67.3261 -33.251
67.3573 -33.261
67.3885 -33.271
67.4197 -33.281
67.451 -33.291
67.4823 -33.301
67.5137 -33.311
67.5451 -33.321
67.5765 -33.331
67.608 -33.341
67.6395 -33.351
67.6711 -33.361
67.7027 -33.371
67.7344 -33.381
67.7661 -33.391
67.7978 -33.401
67.8296 -33.411
67.8615 -33.421
67.8934 -33.431
67.9253 -33.441
67.9573 -33.451
67.9893 -33.461
68.0213 -33.471
68.0534 -33.481
68.0855 -33.491
68.1177 -33.501
68.1499 -33.511
68.1821 -33.521
68.2144 -33.531
68.2468 -33.541
68.2792 -33.551
68.3116 -33.561
68.3441 -33.571
68.3766 -33.581
68.4092 -33.591
68.4418 -33.601
68.4745 -33.611
68.5072 -33.621
68.54 -33.631
68.5728 -33.641
68.6056 -33.651
68.6384 -33.661
68.6713 -33.671
68.7042 -33.681
68.7372 -33.691
68.7701 -33.701
68.8032 -33.711
68.8362 -33.721
68.8693 -33.731
68.9025 -33.741
68.9357 -33.751
68.9688 -33.761
69.0019 -33.771
69.0351 -33.781
69.0684 -33.791
69.1017 -33.801
69.135 -33.811
69.1683 -33.821
69.2016 -33.831
69.235 -33.841
69.2684 -33.851
69.3019 -33.861
69.3355 -33.871
69.369 -33.881
69.4026 -33.891
69.4363 -33.901
69.47 -33.911
69.5037 -33.921
69.5375 -33.931
69.5713 -33.941
69.6051 -33.951
69.639 -33.961
69.6729 -33.971
69.7069 -33.981
69.7409 -33.991
69.7749 -34.001
69.809 -34.011
69.8431 -34.021
69.8773 -34.031
69.9115 -34.041
69.9458 -34.051
69.98 -34.061
70.0144 -34.071
70.0488 -34.081
70.0832 -34.091
70.1176 -34.101
70.1521 -34.111
70.1866 -34.121
70.2212 -34.131
70.2557 -34.141
70.2903 -34.151
70.325 -34.161
70.3597 -34.171
70.3944 -34.181
70.4292 -34.191
70.4641 -34.201
70.499 -34.211
70.5339 -34.221
70.5689 -34.231
70.6038 -34.241
70.6389 -34.251
70.6739 -34.261
70.709 -34.271
70.7441 -34.281
70.7793 -34.291
70.8146 -34.301
70.8496 -34.311
70.8847 -34.321
70.9199 -34.331
70.9551 -34.341
70.9903 -34.351
71.0255 -34.361
71.0608 -34.371
71.0961 -34.381
71.1315 -34.391
71.1669 -34.401
71.2024 -34.411
71.2379 -34.421
71.2734 -34.431
71.309 -34.441
71.3447 -34.451
71.3803 -34.461
71.416 -34.471
71.4517 -34.481
71.4875 -34.491
71.5233 -34.501
71.5591 -34.511
71.595 -34.521
71.631 -34.531
71.667 -34.541
71.703 -34.551
71.7391 -34.561
71.7752 -34.571
71.8113 -34.581
71.8475 -34.591
71.8838 -34.601
71.92 -34.611
71.9562 -34.621
71.9924 -34.631
72.0286 -34.641
72.0648 -34.651
72.1011 -34.661
72.1375 -34.671
72.1738 -34.681
72.2103 -34.691
72.2468 -34.701
72.2832 -34.711
72.3197 -34.721
72.3563 -34.731
72.3928 -34.741
72.4295 -34.751
72.4661 -34.761
72.5028 -34.771
72.5394 -34.781
72.5761 -34.791
72.6129 -34.801
72.6496 -34.811
72.6865 -34.821
72.7233 -34.831
72.7602 -34.841
72.7972 -34.851
72.8342 -34.861
72.8713 -34.871
72.9083 -34.881
72.9455 -34.891
72.9827 -34.901
73.0199 -34.911
73.0571 -34.921
73.0944 -34.931
73.1317 -34.941
73.1691 -34.951
73.2065 -34.961
73.2439 -34.971
73.2814 -34.981
73.3189 -34.991
73.3563 -35.001
73.3939 -35.011
73.4314 -35.021
73.469 -35.031
73.5067 -35.041
73.5443 -35.051
73.5821 -35.061
73.6198 -35.071
73.6576 -35.081
73.6955 -35.091
73.7334 -35.101
73.7713 -35.111
73.8093 -35.121
73.8473 -35.131
73.8854 -35.141
73.9235 -35.151
73.9617 -35.161
73.9998 -35.171
74.038 -35.181
74.0762 -35.191
74.1144 -35.201
74.1528 -35.211
74.1911 -35.221
74.2293 -35.231
74.2676 -35.241
74.3059 -35.251
74.3443 -35.261
74.3826 -35.271
74.421 -35.281
74.4595 -35.291
74.498 -35.301
74.5366 -35.311
74.5751 -35.321
74.6137 -35.331
74.6524 -35.341
74.691 -35.351
74.7297 -35.361
74.7684 -35.371
74.8072 -35.381
74.846 -35.391
74.8848 -35.401
74.9238 -35.411
74.9627 -35.421
75.0017 -35.431
75.0408 -35.441
75.0798 -35.451
75.1189 -35.461
75.1581 -35.471
75.1973 -35.481
75.2365 -35.491
75.2758 -35.501
75.3151 -35.511
75.3544 -35.521
75.3935 -35.531
75.4326 -35.541
75.4718 -35.551
75.511 -35.561
75.5502 -35.571
75.5895 -35.581
75.6288 -35.591
75.6682 -35.601
75.7075 -35.611
75.7469 -35.621
75.7863 -35.631
75.8257 -35.641
75.8652 -35.651
75.9047 -35.661
75.9442 -35.671
75.9838 -35.681
76.0235 -35.691
76.0632 -35.701
76.1029 -35.711
76.1427 -35.721
76.1825 -35.731
76.2224 -35.741
76.2623 -35.751
76.3022 -35.761
76.3422 -35.771
76.3822 -35.781
76.4222 -35.791
76.4623 -35.801
76.5024 -35.811
76.5425 -35.821
76.5823 -35.831
76.6219 -35.841
76.6615 -35.851
76.7012 -35.861
76.7408 -35.871
76.7805 -35.881
76.8202 -35.891
76.8599 -35.901
76.8997 -35.911
76.9396 -35.921
76.9794 -35.931
77.0193 -35.941
77.0592 -35.951
77.0992 -35.961
77.1392 -35.971
77.1793 -35.981
77.2194 -35.991
77.2595 -36.001
77.2996 -36.011
77.3396 -36.021
77.3796 -36.031
77.4197 -36.041
77.4598 -36.051
77.5 -36.061
77.5401 -36.071
77.5803 -36.081
77.6206 -36.091
77.6609 -36.101
77.7012 -36.111
77.7415 -36.121
77.7819 -36.131
77.8224 -36.141
77.8629 -36.151
77.9033 -36.161
77.9438 -36.171
77.9844 -36.181
78.0249 -36.191
78.0655 -36.201
78.1062 -36.211
78.1469 -36.221
78.1876 -36.231
78.2284 -36.241
78.2692 -36.251
78.3101 -36.261
78.3509 -36.271
78.3918 -36.281
78.4327 -36.291
78.4737 -36.301
78.5147 -36.311
78.5557 -36.321
78.5967 -36.331
78.6378 -36.341
78.6788 -36.351
78.7199 -36.361
78.761 -36.371
78.8021 -36.381
78.8433 -36.391
78.8845 -36.401
78.9257 -36.411
78.967 -36.421
79.0082 -36.431
79.0493 -36.441
79.0905 -36.451
79.1317 -36.461
79.173 -36.471
79.2142 -36.481
79.2555 -36.491
79.2969 -36.501
79.3382 -36.511
79.3796 -36.521
79.421 -36.531
79.4624 -36.541
79.5039 -36.551
79.5455 -36.561
79.587 -36.571
79.6286 -36.581
79.6701 -36.591
79.7117 -36.601
79.7534 -36.611
79.7951 -36.621
79.8366 -36.631
79.878 -36.641
79.9195 -36.651
79.961 -36.661
80.0025 -36.671
80.044 -36.681
80.0856 -36.691
80.1272 -36.701
80.1689 -36.711
80.2106 -36.721
80.2523 -36.731
80.2941 -36.741
80.336 -36.751
80.3779 -36.761
80.4198 -36.771
80.4617 -36.781
80.5037 -36.791
80.5455 -36.801
80.5875 -36.811
80.6295 -36.821
80.6715 -36.831
80.7136 -36.841
80.7553 -36.851
80.7972 -36.861
80.839 -36.871
80.8809 -36.881
80.9229 -36.891
80.9649 -36.901
81.0069 -36.911
81.049 -36.921
81.0911 -36.931
81.1333 -36.941
81.1755 -36.951
81.2178 -36.961
81.26 -36.971
81.3021 -36.981
81.3442 -36.991
81.3862 -37.001
81.4283 -37.011
81.4704 -37.021
81.5125 -37.031
81.5547 -37.041
81.5969 -37.051
81.639 -37.061
81.6812 -37.071
81.7233 -37.081
81.7655 -37.091
81.8078 -37.101
81.85 -37.111
81.8924 -37.121
81.9347 -37.131
81.9771 -37.141
82.0195 -37.151
82.0619 -37.161
82.1044 -37.171
82.1468 -37.181
82.1893 -37.191
82.2319 -37.201
82.2745 -37.211
82.3172 -37.221
82.3598 -37.231
82.4024 -37.241
82.445 -37.251
82.4876 -37.261
82.5303 -37.271
82.573 -37.281
82.6157 -37.291
82.6585 -37.301
82.7013 -37.311
82.7441 -37.321
82.7871 -37.331
82.83 -37.341
82.8727 -37.351
82.9155 -37.361
82.9583 -37.371
83.001 -37.381
83.0438 -37.391
83.0866 -37.401
83.1295 -37.411
83.1724 -37.421
83.2153 -37.431
83.2583 -37.441
83.3013 -37.451
83.3443 -37.461
83.3874 -37.471
83.4305 -37.481
83.4734 -37.491
83.5162 -37.501
83.559 -37.511
83.6019 -37.521
83.6447 -37.531
83.6876 -37.541
83.7304 -37.551
83.7733 -37.561
83.8163 -37.571
83.8593 -37.581
83.9023 -37.591
83.9454 -37.601
83.9885 -37.611
84.0317 -37.621
84.0747 -37.631
84.1176 -37.641
84.1605 -37.651
84.2034 -37.661
84.2463 -37.671
84.2891 -37.681
84.332 -37.691
84.3749 -37.701
84.4178 -37.711
84.4607 -37.721
84.5034 -37.731
84.5462 -37.741
84.589 -37.751
84.6318 -37.761
84.6746 -37.771
84.7174 -37.781
84.7603 -37.791
84.8032 -37.801
84.8461 -37.811
84.889 -37.821
84.9319 -37.831
84.9749 -37.841
85.018 -37.851
85.0611 -37.861
85.1042 -37.871
85.1473 -37.881
85.1904 -37.891
85.2336 -37.901
85.2768 -37.911
85.32 -37.921
85.3632 -37.931
85.4064 -37.941
85.4497 -37.951
85.493 -37.961
85.5363 -37.971
85.5796 -37.981
85.623 -37.991
85.6664 -38.001
85.7098 -38.011
85.7532 -38.021
85.7967 -38.031
85.8399 -38.041
85.8832 -38.051
85.9265 -38.061
85.9699 -38.071
86.0132 -38.081
86.0566 -38.091
86.1001 -38.101
86.1435 -38.111
86.1869 -38.121
86.2302 -38.131
86.2733 -38.141
86.3164 -38.151
86.3595 -38.161
86.4026 -38.171
86.4458 -38.181
86.489 -38.191
86.5322 -38.201
86.5754 -38.211
86.6186 -38.221
86.6615 -38.231
86.7044 -38.241
86.7472 -38.251
86.7901 -38.261
86.833 -38.271
86.8757 -38.281
86.9184 -38.291
86.9612 -38.301
87.004 -38.311
87.0467 -38.321
87.0895 -38.331
87.1323 -38.341
87.1752 -38.351
87.2181 -38.361
87.261 -38.371
87.3039 -38.381
87.3469 -38.391
87.3899 -38.401
87.4329 -38.411
87.476 -38.421
87.5191 -38.431
87.5622 -38.441
87.6053 -38.451
87.6485 -38.461
87.6916 -38.471
87.7348 -38.481
87.7781 -38.491
87.8213 -38.501
87.8646 -38.511
87.908 -38.521
87.9512 -38.531
87.9945 -38.541
88.0378 -38.551
88.0811 -38.561
88.1242 -38.571
88.1672 -38.581
88.2102 -38.591
88.2532 -38.601
88.2963 -38.611
88.3391 -38.621
88.3818 -38.631
88.4246 -38.641
88.4674 -38.651
88.5102 -38.661
88.5527 -38.671
88.5951 -38.681
88.6375 -38.691
88.6797 -38.701
88.7219 -38.711
88.7642 -38.721
88.8066 -38.731
88.8489 -38.741
88.8913 -38.751
88.9338 -38.761
88.9762 -38.771
89.0187 -38.781
89.0613 -38.791
89.1039 -38.801
89.1465 -38.811
89.1892 -38.821
89.2319 -38.831
89.2746 -38.841
89.3174 -38.851
89.3602 -38.861
89.4028 -38.871
89.4453 -38.881
89.4878 -38.891
89.5302 -38.901
89.5727 -38.911
89.6153 -38.921
89.6579 -38.931
89.7005 -38.941
89.743 -38.951
89.7856 -38.961
89.828 -38.971
89.8702 -38.981
89.9125 -38.991
89.9549 -39.001
89.9973 -39.011
90.0397 -39.021
90.0822 -39.031
90.1247 -39.041
90.1672 -39.051
90.2098 -39.061
90.2524 -39.071
90.295 -39.081
90.3377 -39.091
90.3804 -39.101
90.4232 -39.111
90.466 -39.121
90.5088 -39.131
90.5517 -39.141
90.5946 -39.151
90.6375 -39.161
90.6805 -39.171
90.7235 -39.181
90.7665 -39.191
90.8096 -39.201
90.8527 -39.211
90.8959 -39.221
90.9391 -39.231
90.9823 -39.241
91.0256 -39.251
91.0689 -39.261
91.1122 -39.271
91.1556 -39.281
91.199 -39.291
91.2425 -39.301
91.286 -39.311
91.3295 -39.321
91.3731 -39.331
91.4167 -39.341
91.4603 -39.351
91.504 -39.361
91.5477 -39.371
91.5915 -39.381
91.6353 -39.391
91.6791 -39.401
91.7229 -39.411
91.7666 -39.421
91.8103 -39.431
91.854 -39.441
91.8978 -39.451
91.9416 -39.461
91.9854 -39.471
92.0293 -39.481
92.0732 -39.491
92.1172 -39.501
92.1611 -39.511
92.2052 -39.521
92.2492 -39.531
92.2933 -39.541
92.3375 -39.551
92.3816 -39.561
92.4258 -39.571
92.4701 -39.581
92.5144 -39.591
92.5587 -39.601
92.6031 -39.611
92.6475 -39.621
92.6919 -39.631
92.7364 -39.641
92.7809 -39.651
92.8254 -39.661
92.87 -39.671
92.9146 -39.681
92.9593 -39.691
93.004 -39.701
93.0487 -39.711
93.0935 -39.721
93.1383 -39.731
93.1832 -39.741
93.2281 -39.751
93.273 -39.761
93.318 -39.771
93.363 -39.781
93.408 -39.791
93.4531 -39.801
93.4982 -39.811
93.5433 -39.821
93.5885 -39.831
93.6338 -39.841
93.679 -39.851
93.7243 -39.861
93.7697 -39.871
93.8151 -39.881
93.8605 -39.891
93.9059 -39.901
93.9514 -39.911
93.997 -39.921
94.0425 -39.931
94.0882 -39.941
94.1338 -39.951
94.1795 -39.961
94.2252 -39.971
94.271 -39.981
94.3168 -39.991
94.3626 -40.001
94.4085 -40.011
94.4544 -40.021
94.5004 -40.031
94.5464 -40.041
94.5924 -40.051
94.6384 -40.061
94.6844 -40.071
94.7303 -40.081
94.7764 -40.091
94.8225 -40.101
94.8686 -40.111
94.9147 -40.121
94.9609 -40.131
95.0071 -40.141
95.0534 -40.151
95.0997 -40.161
95.146 -40.171
95.1924 -40.181
95.2388 -40.191
95.2853 -40.201
95.3318 -40.211
95.3783 -40.221
95.4249 -40.231
95.4715 -40.241
95.5182 -40.251
95.5648 -40.261
95.6116 -40.271
95.6583 -40.281
95.7052 -40.291
95.752 -40.301
95.7989 -40.311
95.8458 -40.321
95.8928 -40.331
95.9398 -40.341
95.9868 -40.351
96.0339 -40.361
96.081 -40.371
