0.1 -0.274373
0.2 -0.549181
0.3 -0.823988
0.4 -1.10116
0.5 -1.38058
0.6 -1.6617
0.7 -1.94456
0.8 -2.22918
0.9 -2.51558
1 -2.8038
0.375784 -2.90265
0.750956 -3.00152
1.12549 -3.1004
1.49936 -3.19929
1.87265 -3.29817
2.24535 -3.39706
2.6174 -3.49582
2.98867 -3.59363
3.35927 -3.69143
3.72913 -3.78921
4.09833 -3.88698
4.46692 -3.98476
4.83485 -4.08254
5.20213 -4.1803
5.56875 -4.27777
5.9347 -4.37525
6.29998 -4.47275
6.66462 -4.57026
7.0286 -4.66777
7.3919 -4.76528
7.75454 -4.86281
8.11654 -4.96034
8.47789 -5.05787
8.8386 -5.1554
9.19865 -5.25294
9.55807 -5.35049
9.91685 -5.44803
10.275 -5.54558
10.6325 -5.64313
10.9893 -5.74069
11.3456 -5.83824
11.7011 -5.93581
12.0561 -6.03338
12.4103 -6.13096
12.764 -6.22856
13.117 -6.32616
13.4693 -6.42376
13.8211 -6.52137
14.1721 -6.61899
14.5226 -6.71661
14.8724 -6.81424
15.2216 -6.91189
15.5701 -7.00955
15.9179 -7.10722
16.2652 -7.20489
16.6118 -7.30256
16.9578 -7.40025
17.3031 -7.49793
17.6479 -7.59562
17.992 -7.69331
18.3355 -7.79101
18.6783 -7.88872
19.0205 -7.98644
19.3621 -8.08416
19.7031 -8.18189
20.0434 -8.27962
20.3831 -8.37736
20.7223 -8.47511
21.0607 -8.57287
21.3986 -8.67063
21.7358 -8.7684
22.0724 -8.86618
22.4084 -8.96396
22.7438 -9.06177
23.0785 -9.1596
23.4126 -9.25744
23.7461 -9.3553
24.079 -9.45316
24.4112 -9.55103
24.7429 -9.64891
25.0739 -9.74679
25.4043 -9.84469
25.7342 -9.94259
26.0634 -10.0405
26.3919 -10.1384
26.7199 -10.2364
27.0473 -10.3343
27.3741 -10.4323
27.7002 -10.5302
28.0258 -10.6282
28.3507 -10.7262
28.6751 -10.8242
28.9988 -10.9222
29.322 -11.0202
29.6445 -11.1182
29.9664 -11.2162
30.2878 -11.3143
30.6085 -11.4123
30.9286 -11.5104
31.2482 -11.6085
31.5671 -11.7066
31.8855 -11.8047
32.2032 -11.9028
32.5204 -12.0009
32.837 -12.0991
33.1529 -12.1972
33.4683 -12.2954
33.7831 -12.3936
34.0973 -12.4918
34.4109 -12.59
34.7239 -12.6882
35.0364 -12.7864
35.3482 -12.8847
35.6594 -12.9829
35.9701 -13.0812
36.2802 -13.1795
36.5897 -13.2779
36.8985 -13.3762
37.2068 -13.4746
37.5146 -13.573
37.8217 -13.6714
38.1283 -13.7698
38.4343 -13.8682
38.7397 -13.9667
39.0445 -14.0651
39.3487 -14.1636
39.6524 -14.2621
39.9555 -14.3606
40.258 -14.4591
40.56 -14.5576
40.8613 -14.6562
41.1621 -14.7548
41.4623 -14.8534
41.762 -14.952
42.061 -15.0507
42.3595 -15.1493
42.6575 -15.248
42.9548 -15.3467
43.2516 -15.4454
43.5478 -15.5442
43.8435 -15.6429
44.1386 -15.7417
44.4331 -15.8405
44.7271 -15.9393
45.0205 -16.0381
45.3133 -16.137
45.6056 -16.2358
45.8973 -16.3347
46.1884 -16.4337
46.479 -16.5326
46.769 -16.6316
47.0585 -16.7306
47.3474 -16.8296
47.6357 -16.9287
47.9235 -17.0277
48.2107 -17.1268
48.4974 -17.2259
48.7835 -17.3251
49.069 -17.4243
49.354 -17.5234
49.6385 -17.6227
49.9224 -17.7219
50.2057 -17.8212
50.4885 -17.9204
50.7708 -18.0197
51.0525 -18.1191
51.3336 -18.2184
51.6142 -18.3178
51.8943 -18.4172
52.1738 -18.5166
52.4528 -18.6161
52.7312 -18.7156
53.0091 -18.8151
53.2864 -18.9146
53.5632 -19.0141
53.8395 -19.1137
54.1152 -19.2133
54.3904 -19.313
54.665 -19.4127
54.9391 -19.5124
55.2126 -19.6121
55.4856 -19.7119
55.7581 -19.8116
56.03 -19.9115
56.3015 -20.0113
56.5723 -20.1112
56.8427 -20.2111
57.1125 -20.311
57.3817 -20.4109
57.6505 -20.5109
57.9187 -20.6109
58.1864 -20.711
58.4535 -20.8111
58.7201 -20.9112
58.9862 -21.0113
59.2518 -21.1115
59.5169 -21.2116
59.7814 -21.3119
60.0454 -21.4121
60.3088 -21.5124
60.5718 -21.6127
60.8342 -21.7131
61.0961 -21.8135
61.3575 -21.9139
61.6183 -22.0144
61.8787 -22.1148
62.1385 -22.2154
62.3978 -22.3159
62.6566 -22.4165
62.9148 -22.5171
63.1726 -22.6178
63.4298 -22.7185
63.6865 -22.8192
63.9427 -22.92
64.1984 -23.0208
64.4536 -23.1216
64.7082 -23.2225
64.9624 -23.3234
65.216 -23.4243
65.4691 -23.5253
65.7218 -23.6263
65.9739 -23.7274
66.2255 -23.8285
66.4766 -23.9296
66.7271 -24.0308
66.9772 -24.132
67.2267 -24.2333
67.4758 -24.3347
67.7243 -24.436
67.9724 -24.5374
68.2199 -24.6389
68.467 -24.7403
68.7135 -24.8419
68.9595 -24.9434
69.2051 -25.045
69.4501 -25.1467
69.6946 -25.2484
69.9387 -25.3501
70.1822 -25.4519
70.4252 -25.5537
70.6678 -25.6556
70.9098 -25.7575
71.1514 -25.8595
71.3925 -25.9615
71.633 -26.0635
71.8731 -26.1656
72.1127 -26.2678
72.3518 -26.37
72.5904 -26.4722
72.8285 -26.5745
73.0661 -26.6768
73.3032 -26.7792
73.5399 -26.8816
73.776 -26.9841
74.0117 -27.0866
74.2469 -27.1892
74.4816 -27.2918
74.7158 -27.3945
74.9495 -27.4972
75.1828 -27.5999
75.4156 -27.7027
75.6467 -27.8054
75.8762 -27.908
76.1017 -28.0101
76.3248 -28.1119
76.5407 -28.2128
76.7455 -28.3121
76.9292 -28.4084
77.1124 -28.5047
77.2949 -28.6009
77.4769 -28.6972
77.6584 -28.7936
77.8392 -28.8899
78.0195 -28.9862
78.1992 -29.0826
78.3783 -29.1789
78.5569 -29.2753
78.7349 -29.3717
78.9122 -29.4681
79.0891 -29.5645
79.2653 -29.6609
79.4409 -29.7573
79.616 -29.8538
79.7905 -29.9502
79.9636 -30.0466
80.1359 -30.143
80.3053 -30.2393
80.474 -30.3356
80.6402 -30.4319
80.8042 -30.5281
80.9665 -30.6243
81.1257 -30.7203
81.2824 -30.8163
81.4382 -30.9123
81.5933 -31.0083
81.7478 -31.1043
81.9018 -31.2004
82.0552 -31.2965
82.208 -31.3926
82.3602 -31.4888
82.5118 -31.5849
82.6627 -31.6811
82.813 -31.7772
82.9626 -31.8733
83.1117 -31.9696
83.2602 -32.0658
83.4081 -32.1621
83.5554 -32.2584
83.7021 -32.3547
83.848 -32.451
83.9934 -32.5473
84.138 -32.6435
84.2821 -32.7398
84.4254 -32.8361
84.5682 -32.9325
84.7104 -33.0289
84.8519 -33.1252
84.9927 -33.2216
85.1329 -33.3179
85.2715 -33.4142
85.4083 -33.5101
85.5437 -33.6059
85.6742 -33.7006
85.8041 -33.7955
85.9334 -33.8904
86.0577 -33.9842
86.1798 -34.0778
86.3013 -34.1714
86.4221 -34.265
86.5377 -34.3575
86.6522 -34.4499
86.7654 -34.5421
86.8757 -34.6338
86.9853 -34.7256
87.0943 -34.8174
87.2025 -34.9091
87.3093 -35.0007
87.4144 -35.092
87.5188 -35.1832
87.6195 -35.2738
87.7189 -35.3641
87.8139 -35.4534
87.9077 -35.5425
87.9916 -35.6293
88.0698 -35.7148
88.1471 -35.8001
88.2233 -35.8853
88.2888 -35.9678
88.3488 -36.049
88.4077 -36.13
88.4655 -36.2108
88.5209 -36.2911
88.5662 -36.369
88.6105 -36.4468
88.6537 -36.5243
88.6935 -36.601
88.7294 -36.6768
88.7641 -36.7522
88.7976 -36.8274
88.8257 -36.9011
88.85 -36.9738
88.873 -37.0462
88.8838 -37.115
88.8868 -37.1815
88.8873 -37.2473
88.886 -37.3125
88.8827 -37.3771
88.8587 -37.4356
88.8293 -37.492
88.7968 -37.5475
88.7861 -37.6096
88.7821 -37.6738
88.7765 -37.7376
88.7794 -37.8038
88.7887 -37.8719
88.7965 -37.9398
88.8031 -38.0074
88.8082 -38.0745
88.806 -38.1396
88.7967 -38.2027
88.819 -38.2749
88.8403 -38.3469
88.8604 -38.4185
88.8795 -38.49
88.8984 -38.5613
88.943 -38.64
88.987 -38.7185
89.0252 -38.795
89.0609 -38.8703
89.0988 -38.9459
89.1384 -39.0221
89.1566 -39.0896
89.1666 -39.1537
89.1825 -39.2197
89.2194 -39.2934
89.2544 -39.3663
89.2946 -39.4409
89.3301 -39.5134
89.2955 -39.5571
89.2446 -39.5932
89.2302 -39.6427
89.1991 -39.6846
89.1854 -39.7336
89.1981 -39.794
89.2068 -39.8525
89.2056 -39.9064
89.2011 -39.9587
89.23 -40.0257
89.2641 -40.0958
89.2977 -40.1655
89.3335 -40.2359
89.369 -40.306
89.4034 -40.3756
89.4356 -40.4441
89.4661 -40.5117
89.4941 -40.5784
89.5064 -40.6396
89.5246 -40.7024
89.545 -40.7657
89.5643 -40.8284
89.5829 -40.8907
89.6004 -40.9524
89.6168 -41.0135
89.6506 -41.0827
89.6857 -41.1524
89.7201 -41.2217
89.7539 -41.2908
89.7872 -41.3596
89.8197 -41.4281
89.8528 -41.497
89.89 -41.5688
89.9267 -41.6404
89.9629 -41.7118
89.9966 -41.7822
90.0296 -41.8522
90.0637 -41.9221
90.0972 -41.9918
90.13 -42.0611
90.1622 -42.13
90.1936 -42.1986
90.2243 -42.2667
90.2542 -42.3343
90.2833 -42.4014
90.3115 -42.468
90.3464 -42.5386
90.3852 -42.611
90.4254 -42.6858
90.465 -42.7605
90.492 -42.8302
90.5176 -42.8992
90.5425 -42.9681
90.5666 -43.0366
90.59 -43.1049
90.6244 -43.1779
90.662 -43.2523
90.6994 -43.3267
90.7363 -43.4009
90.7729 -43.4751
90.8091 -43.5491
90.8448 -43.623
90.8802 -43.6968
90.9152 -43.7705
90.9495 -43.8439
90.982 -43.9166
91.0142 -43.9892
91.0454 -44.0613
91.0756 -44.1329
91.1057 -44.2045
91.1353 -44.276
91.1645 -44.3473
91.1931 -44.4184
91.2212 -44.4913
91.248 -44.5672
91.2738 -44.6428
91.2993 -44.7181
91.3285 -44.7951
91.3592 -44.8727
91.3895 -44.9501
91.4192 -45.0355
91.4538 -45.1257
91.4882 -45.2158
91.5223 -45.3059
91.556 -45.3959
91.5895 -45.4858
91.6225 -45.5754
91.6551 -45.6648
91.6874 -45.7541
91.7192 -45.8452
91.7504 -45.9391
91.7813 -46.0329
91.8117 -46.1265
91.8418 -46.2199
91.8713 -46.313
91.8998 -46.4051
91.9273 -46.4963
91.9545 -46.5873
91.9814 -46.6781
92.008 -46.7689
92.0323 -46.8568
92.0546 -46.9414
92.0764 -47.0257
92.0993 -47.1121
92.1262 -47.2061
92.1527 -47.2999
92.1791 -47.3938
92.2054 -47.4878
92.2314 -47.5818
92.2569 -47.6731
92.2822 -47.764
92.3073 -47.8549
92.3321 -47.9458
92.3567 -48.0367
92.381 -48.1289
92.4051 -48.2243
92.4288 -48.3195
92.4522 -48.4145
92.4753 -48.5096
92.4982 -48.6046
92.5207 -48.7058
92.5422 -48.8285
92.5633 -48.9577
92.5842 -49.0872
92.6045 -49.2309
92.6224 -49.4314
92.6381 -49.6777
92.6535 -49.9258
92.6667 -50.2238
92.679 -50.5313
92.6826 -50.9464
92.679 -51.4842
92.6745 -52.0358
92.6702 -52.6055
92.6614 -53.2773
92.6371 -54.1497
92.5846 -55.4401
92.4897 -57.4681
91.7256 -65.8782
91.872 -66.3641
91.9386 -67.2249
91.6577 -69
82.2527 -69
82.2089 -69
82.1636 -69
82.1166 -69
82.0665 -69
82.0076 -69
81.9468 -69
81.884 -69
81.8258 -69
81.7876 -69
81.7478 -69
81.7213 -69
81.7029 -69
81.6824 -69
81.6607 -69
81.6379 -69
81.614 -69
81.589 -69
81.5628 -69
81.5293 -69
81.4844 -69
81.4257 -69
81.3652 -69
81.3032 -69
81.2384 -69
81.1694 -69
81.0917 -69
80.9963 -69
80.9053 -69
80.8239 -69
80.7411 -69
80.657 -69
80.5715 -69
80.4844 -69
80.3949 -69
80.3015 -69
80.2072 -69
80.1121 -69
80.016 -69
79.9191 -69
79.8209 -69
79.725 -69
79.6289 -69
79.532 -69
79.4382 -69
79.3494 -69
79.2597 -69
79.1777 -69
79.0953 -69
79.0122 -69
78.9358 -69
78.8636 -69
78.7907 -69
78.7173 -69
78.6433 -69
78.5686 -69
78.4914 -69
78.4136 -69
78.3355 -69
78.257 -69
78.1783 -69
78.0993 -69
78.02 -69
77.9403 -69
77.8604 -69
77.7798 -69
77.6976 -69
77.6186 -69
77.5394 -69
77.46 -69
77.3803 -69
77.3005 -69
77.2265 -69
77.1583 -69
77.0896 -69
77.0206 -69
76.9516 -69
76.8824 -69
76.8131 -69
76.7437 -69
76.6741 -69
76.6045 -69
76.5347 -69
76.4648 -69
76.3947 -69
76.3237 -69
76.2508 -69
76.1751 -69
76.0982 -69
76.0213 -69
75.9442 -69
75.867 -69
75.7897 -69
75.7123 -69
75.6347 -69
75.557 -69
75.4792 -69
75.4013 -69
75.3232 -69
75.2451 -69
75.1667 -69
75.0883 -69
75.0098 -69
74.9311 -69
74.8523 -69
74.7733 -69
74.6942 -69
74.6151 -69
74.5382 -69
74.4612 -69
74.3841 -69
74.3068 -69
74.2295 -69
74.1519 -69
74.0743 -69
73.9965 -69
73.9186 -69
73.8405 -69
73.7623 -69
73.6839 -69
73.6054 -69
73.5268 -69
73.448 -69
73.3691 -69
73.2899 -69
73.2097 -69
73.1294 -69
73.0489 -69
72.9684 -69
72.8879 -69
72.8073 -69
72.7267 -69
72.6459 -69
72.565 -69
72.4841 -69
72.4029 -69
72.3215 -69
72.24 -69
72.1585 -69
72.0769 -69
71.9953 -69
71.9136 -69
71.8318 -69
71.7498 -69
71.6678 -69
71.5857 -69
71.5035 -69
71.4214 -69
71.3391 -69
71.2568 -69
71.1744 -69
71.0919 -69
71.0163 -69
70.9507 -69
70.8851 -69
70.8194 -69
70.7537 -69
70.6881 -69
70.6225 -69
70.5569 -69
70.4912 -69
70.4254 -69
70.3593 -69
70.2927 -69
70.2261 -69
70.1595 -69
70.0928 -69
70.0261 -69
69.9594 -69
69.8927 -69
69.8259 -69
69.7591 -69
69.6922 -69
69.6252 -69
69.5583 -69
69.4913 -69
69.4243 -69
69.3573 -69
69.2902 -69
69.2232 -69
69.156 -69
69.0886 -69
69.0212 -69
68.9537 -69
68.8863 -69
68.8188 -69
68.7513 -69
68.6838 -69
68.6163 -69
68.5488 -69
68.4813 -69
68.4138 -69
68.3462 -69
68.2787 -69
68.2111 -69
68.1435 -69
68.0759 -69
68.0083 -69
67.9407 -69
67.873 -69
67.8054 -69
67.7377 -69
67.6701 -69
67.6024 -69
67.5347 -69
67.4669 -69
67.3992 -69
67.3314 -69
67.2637 -69
67.1959 -69
67.1281 -69
67.0602 -69
66.9924 -69
66.9278 -69
66.8737 -69
66.8197 -69
66.7657 -69
66.7115 -69
66.6567 -69
66.6019 -69
66.5471 -69
66.4923 -69
66.4376 -69
66.3828 -69
66.328 -69
66.2733 -69
66.2186 -69
66.1671 -69
66.1179 -69
66.0686 -69
66.0193 -69
65.971 -69
65.9228 -69
65.8745 -69
65.8263 -69
65.7781 -69
65.7299 -69
65.6817 -69
65.6336 -69
65.5854 -69
65.5373 -69
65.4892 -69
65.4411 -69
65.393 -69
65.3448 -69
65.2966 -69
65.2485 -69
65.2003 -69
65.1522 -69
65.1042 -69
65.0561 -69
65.0081 -69
64.96 -69
64.9121 -69
64.8641 -69
64.8162 -69
64.7682 -69
64.7204 -69
64.6725 -69
64.6246 -69
64.5768 -69
64.529 -69
64.4813 -69
64.4335 -69
64.3858 -69
64.3381 -69
64.2904 -69
64.2425 -69
64.1946 -69
64.1467 -69
64.0989 -69
64.0511 -69
64.0033 -69
63.9555 -69
63.9078 -69
63.8601 -69
63.8124 -69
63.7648 -69
63.7172 -69
63.6696 -69
63.622 -69
63.5745 -69
63.527 -69
63.4795 -69
63.4321 -69
63.3846 -69
63.3373 -69
63.2899 -69
63.2426 -69
63.1953 -69
63.148 -69
63.1007 -69
63.0535 -69
63.0064 -69
62.9592 -69
62.9121 -69
62.865 -69
62.8179 -69
62.7709 -69
62.7239 -69
62.6769 -69
62.6304 -69
62.5841 -69
62.5379 -69
62.4917 -69
62.4455 -69
62.3993 -69
62.3532 -69
62.3071 -69
62.261 -69
62.215 -69
62.169 -69
62.123 -69
62.0771 -69
62.0312 -69
61.9853 -69
61.9395 -69
61.8937 -69
61.8479 -69
61.8022 -69
61.7565 -69
61.7155 -69
61.6758 -69
61.6362 -69
61.5966 -69
61.557 -69
61.5174 -69
61.4779 -69
61.4385 -69
61.399 -69
61.3594 -69
61.3199 -69
61.2804 -69
61.241 -69
61.2015 -69
61.162 -69
61.1224 -69
61.0829 -69
61.0435 -69
61.0041 -69
60.9647 -69
60.9254 -69
60.8861 -69
60.8468 -69
60.8076 -69
60.7684 -69
60.7293 -69
60.6902 -69
60.6512 -69
60.6122 -69
60.5732 -69
60.5343 -69
60.4954 -69
60.4565 -69
60.4177 -69
60.3789 -69
60.3401 -69
60.3012 -69
60.2624 -69
60.2237 -69
60.1849 -69
60.1462 -69
60.1076 -69
60.069 -69
60.0304 -69
59.9918 -69
59.9533 -69
59.9149 -69
59.8765 -69
59.8381 -69
59.7997 -69
59.7614 -69
59.7231 -69
59.6849 -69
59.6467 -69
59.6086 -69
59.5705 -69
59.5324 -69
59.4944 -69
59.4564 -69
59.4185 -69
59.3806 -69
59.3428 -69
59.305 -69
59.2672 -69
59.2308 -69
59.1954 -69
59.1599 -69
59.1245 -69
59.0891 -69
59.0537 -69
59.0184 -69
58.9832 -69
58.948 -69
58.9128 -69
58.8776 -69
58.8426 -69
58.8075 -69
58.7725 -69
58.7375 -69
58.7026 -69
58.6677 -69
58.6329 -69
58.5981 -69
58.5633 -69
58.5286 -69
58.4939 -69
58.4591 -69
58.4242 -69
58.3894 -69
58.3546 -69
58.3199 -69
58.2858 -69
58.2517 -69
58.2177 -69
58.1838 -69
58.1498 -69
58.1159 -69
58.0821 -69
58.0483 -69
58.0146 -69
57.9809 -69
57.9472 -69
57.9136 -69
57.8801 -69
57.8465 -69
57.8131 -69
57.7797 -69
57.7463 -69
57.713 -69
57.6797 -69
57.6465 -69
57.6133 -69
57.5801 -69
57.547 -69
57.5168 -69
57.4874 -69
57.4581 -69
57.4287 -69
57.3994 -69
57.3701 -69
57.3407 -69
57.3114 -69
57.2821 -69
57.2529 -69
57.2237 -69
57.1946 -69
57.1655 -69
57.1364 -69
57.1074 -69
57.0785 -69
57.0496 -69
57.0207 -69
56.9919 -69
56.9631 -69
56.9344 -69
56.9057 -69
56.8771 -69
56.8485 -69
56.82 -69
56.7915 -69
56.763 -69
56.7346 -69
56.7063 -69
56.678 -69
56.6497 -69
56.6215 -69
56.5933 -69
56.5652 -69
56.5372 -69
56.5091 -69
56.4812 -69
56.4505 -69
56.4232 -69
56.3936 -69
56.3641 -69
56.3349 -69
56.3057 -69
56.2765 -69
56.2474 -69
56.2183 -69
56.1893 -69
56.1603 -69
56.1313 -69
56.1024 -69
56.0736 -69
56.0448 -69
56.016 -69
55.9873 -69
55.9586 -69
55.9299 -69
55.9013 -69
55.8728 -69
55.8442 -69
55.8158 -69
55.7873 -69
55.7589 -69
55.7306 -69
55.7023 -69
55.674 -69
55.6458 -69
55.6176 -69
55.5895 -69
55.5614 -69
55.5333 -69
55.5053 -69
55.4774 -69
55.4495 -69
55.4216 -69
55.3938 -69
55.366 -69
55.3383 -69
55.3106 -69
55.283 -69
55.2553 -69
55.2278 -69
55.2002 -69
55.1727 -69
55.1453 -69
55.1179 -69
55.0905 -69
55.0632 -69
55.0359 -69
55.0087 -69
54.9815 -69
54.9544 -69
54.9273 -69
54.9002 -69
54.8732 -69
54.8463 -69
54.8193 -69
54.7925 -69
54.7657 -69
54.7389 -69
54.7122 -69
54.6855 -69
54.6588 -69
54.6323 -69
54.6057 -69
54.5792 -69
54.5528 -69
54.5276 -69
54.5033 -69
54.4792 -69
54.455 -69
54.431 -69
54.4069 -69
54.3829 -69
54.359 -69
54.3351 -69
54.3112 -69
54.2874 -69
54.2636 -69
54.2398 -69
54.2161 -69
54.1925 -69
54.1689 -69
54.1453 -69
54.1218 -69
54.0983 -69
54.0749 -69
54.0515 -69
54.0282 -69
54.0049 -69
53.9816 -69
53.9584 -69
53.9353 -69
53.9123 -69
53.8894 -69
53.8666 -69
53.8437 -69
53.821 -69
53.7983 -69
53.7756 -69
53.753 -69
53.7304 -69
53.7068 -69
53.6824 -69
53.6581 -69
53.6338 -69
53.6096 -69
53.5854 -69
53.5612 -69
53.5371 -69
53.513 -69
53.489 -69
53.465 -69
53.441 -69
53.4171 -69
53.3932 -69
53.3694 -69
53.3455 -69
53.3218 -69
53.298 -69
53.2744 -69
53.2507 -69
53.2271 -69
53.2035 -69
53.18 -69
53.1565 -69
53.133 -69
53.1096 -69
53.0863 -69
53.0629 -69
53.0396 -69
53.0164 -69
52.9932 -69
52.97 -69
52.9469 -69
52.9238 -69
52.9008 -69
52.8778 -69
52.8548 -69
52.8319 -69
52.809 -69
52.7862 -69
52.7634 -69
52.7406 -69
52.7179 -69
52.6953 -69
52.6726 -69
52.6501 -69
52.6275 -69
52.605 -69
52.5825 -69
52.5601 -69
52.5377 -69
52.5154 -69
52.4931 -69
52.4708 -69
52.4486 -69
52.4264 -69
52.4043 -69
52.3822 -69
52.3601 -69
52.3381 -69
52.3161 -69
52.2942 -69
52.2723 -69
52.2505 -69
52.2287 -69
52.2069 -69
52.1852 -69
52.1635 -69
52.1419 -69
52.1203 -69
52.0988 -69
52.0785 -69
52.0587 -69
52.039 -69
52.0194 -69
51.9997 -69
51.9802 -69
51.9606 -69
51.9411 -69
51.9216 -69
51.9022 -69
51.8828 -69
51.8634 -69
51.8441 -69
51.8248 -69
51.8056 -69
51.7864 -69
51.7673 -69
51.7482 -69
51.7291 -69
51.7101 -69
51.6911 -69
51.6722 -69
51.6533 -69
51.6345 -69
51.6156 -69
51.5969 -69
51.5781 -69
51.5594 -69
51.5407 -69
51.5221 -69
51.5035 -69
51.4849 -69
51.4664 -69
51.4479 -69
51.4294 -69
51.411 -69
51.3926 -69
51.3743 -69
51.356 -69
51.3378 -69
51.3196 -69
51.3014 -69
51.2833 -69
51.2652 -69
51.2457 -69
51.226 -69
51.2062 -69
51.1864 -69
51.1667 -69
51.147 -69
51.1273 -69
51.1077 -69
51.0881 -69
51.0686 -69
51.0491 -69
51.0296 -69
51.0102 -69
50.9908 -69
50.9715 -69
50.9522 -69
50.9329 -69
50.9137 -69
50.8945 -69
50.8753 -69
50.8562 -69
50.8371 -69
50.818 -69
50.799 -69
50.7801 -69
50.7611 -69
50.7423 -69
50.7234 -69
50.7046 -69
50.6858 -69
50.6671 -69
50.6484 -69
50.6298 -69
50.6112 -69
50.5926 -69
50.5741 -69
50.5556 -69
50.5371 -69
50.5187 -69
50.5004 -69
50.482 -69
50.4637 -69
50.4455 -69
50.4273 -69
50.4091 -69
50.3909 -69
50.3728 -69
50.3548 -69
50.3368 -69
50.3188 -69
50.3008 -69
50.283 -69
50.2651 -69
50.2473 -69
50.2295 -69
50.2118 -69
50.1941 -69
50.1764 -69
50.1577 -69
50.1387 -69
50.1197 -69
50.1007 -69
50.0817 -69
50.0628 -69
50.0439 -69
50.0251 -69
50.0063 -69
49.9875 -69
49.9688 -69
49.9501 -69
49.9315 -69
49.9129 -69
49.8943 -69
49.8758 -69
49.8573 -69
49.8388 -69
49.8204 -69
49.8021 -69
49.7838 -69
49.7655 -69
49.7472 -69
49.729 -69
49.7109 -69
49.6927 -69
49.6747 -69
49.6566 -69
49.6386 -69
49.6207 -69
49.6027 -69
49.5849 -69
49.567 -69
49.5492 -69
49.5315 -69
49.5138 -69
49.4961 -69
49.4784 -69
49.4608 -69
49.4432 -69
49.4257 -69
49.4082 -69
49.3908 -69
49.3734 -69
49.356 -69
49.3387 -69
49.3214 -69
49.3041 -69
49.2869 -69
49.2697 -69
49.2526 -69
49.2355 -69
49.2185 -69
49.2015 -69
49.1845 -69
49.1676 -69
49.1507 -69
49.1339 -69
49.1171 -69
49.1003 -69
49.0836 -69
49.067 -69
49.0503 -69
49.0338 -69
49.0172 -69
49.0007 -69
48.9843 -69
48.9678 -69
48.9515 -69
48.9351 -69
48.9188 -69
48.9026 -69
48.8864 -69
48.8702 -69
48.8541 -69
48.838 -69
48.822 -69
48.806 -69
48.7901 -69
48.7742 -69
48.7584 -69
48.7425 -69
48.7268 -69
48.711 -69
48.6953 -69
48.6796 -69
48.664 -69
48.6484 -69
48.6329 -69
48.6174 -69
48.6019 -69
48.5865 -69
48.5712 -69
48.5559 -69
48.5406 -69
48.5254 -69
48.5102 -69
48.495 -69
48.48 -69
48.4653 -69
48.4507 -69
48.4361 -69
48.4216 -69
48.4071 -69
48.3927 -69
48.3783 -69
48.3639 -69
48.3496 -69
48.3353 -69
48.3211 -69
48.3069 -69
48.2927 -69
48.2786 -69
48.2646 -69
48.2506 -69
48.2366 -69
48.2227 -69
48.2088 -69
48.195 -69
48.1812 -69
48.1675 -69
48.1538 -69
48.1401 -69
48.1265 -69
48.113 -69
48.0994 -69
48.086 -69
48.0726 -69
48.0592 -69
48.0459 -69
48.0326 -69
48.0193 -69
48.0062 -69
47.993 -69
47.9799 -69
47.9669 -69
47.9539 -69
47.9409 -69
47.928 -69
47.9151 -69
47.9023 -69
47.8896 -69
47.8768 -69
47.8642 -69
47.8515 -69
47.8389 -69
47.8264 -69
47.8139 -69
47.8014 -69
47.789 -69
47.7766 -69
47.7643 -69
47.7519 -69
47.7397 -69
47.7275 -69
47.7153 -69
47.7032 -69
47.6911 -69
47.679 -69
47.667 -69
47.655 -69
47.6431 -69
47.6313 -69
47.6194 -69
47.6077 -69
47.596 -69
47.5843 -69
47.5727 -69
47.5611 -69
47.5496 -69
47.5381 -69
47.5266 -69
47.5153 -69
47.5039 -69
47.4926 -69
47.4814 -69
47.4702 -69
47.459 -69
47.4479 -69
47.4369 -69
47.4259 -69
47.4149 -69
47.404 -69
47.3931 -69
47.3823 -69
47.3716 -69
47.3609 -69
47.3502 -69
47.3396 -69
47.329 -69
47.3185 -69
47.308 -69
47.2976 -69
47.2872 -69
47.2769 -69
47.2667 -69
47.2564 -69
47.2463 -69
47.2362 -69
47.2261 -69
47.2161 -69
47.2061 -69
47.1962 -69
47.1863 -69
47.1765 -69
47.1667 -69
47.157 -69
47.1474 -69
47.1377 -69
47.1282 -69
47.1187 -69
47.1092 -69
47.0998 -69
47.0905 -69
47.0812 -69
47.0719 -69
47.0627 -69
47.0535 -69
47.0444 -69
47.0353 -69
47.0263 -69
47.0174 -69
47.0085 -69
46.9996 -69
46.9908 -69
46.982 -69
46.9733 -69
46.9647 -69
46.956 -69
46.9475 -69
46.9389 -69
46.9304 -69
46.922 -69
46.9137 -69
46.9053 -69
46.897 -69
46.8888 -69
46.8806 -69
46.8724 -69
46.8643 -69
46.855 -69
46.8456 -69
46.8362 -69
46.8269 -69
46.8175 -69
46.8082 -69
46.799 -69
46.7898 -69
46.7806 -69
46.7715 -69
46.7624 -69
46.7534 -69
46.7444 -69
46.7355 -69
46.7266 -69
46.7177 -69
46.7089 -69
46.7001 -69
46.6913 -69
46.6826 -69
46.674 -69
46.6653 -69
46.6568 -69
46.6483 -69
46.6398 -69
46.6313 -69
46.6229 -69
46.6146 -69
46.6063 -69
46.598 -69
46.5898 -69
46.5816 -69
46.5734 -69
46.5654 -69
46.5573 -69
46.5493 -69
46.5414 -69
46.5335 -69
46.5256 -69
46.5178 -69
46.51 -69
46.5023 -69
46.4946 -69
46.4869 -69
46.4793 -69
46.4718 -69
46.4643 -69
46.4569 -69
46.4495 -69
46.4421 -69
46.4348 -69
46.4275 -69
46.4203 -69
46.4132 -69
46.406 -69
46.399 -69
46.3919 -69
46.3849 -69
46.378 -69
46.3711 -69
46.3643 -69
46.3575 -69
46.3508 -69
46.3441 -69
46.3375 -69
46.3309 -69
46.3244 -69
46.3179 -69
46.3115 -69
46.3051 -69
46.2988 -69
46.2925 -69
46.2863 -69
46.2801 -69
46.274 -69
46.2679 -69
46.2618 -69
46.2559 -69
46.2499 -69
46.2441 -69
46.2382 -69
46.2324 -69
46.2267 -69
46.221 -69
46.2154 -69
46.2098 -69
46.2043 -69
46.1989 -69
46.1935 -69
46.1881 -69
46.1828 -69
46.1775 -69
46.1722 -69
46.167 -69
46.1619 -69
46.1568 -69
46.1518 -69
46.1468 -69
46.1419 -69
46.137 -69
46.1321 -69
46.1273 -69
46.1226 -69
46.1179 -69
46.1133 -69
46.1087 -69
46.1042 -69
46.0997 -69
46.0953 -69
46.091 -69
46.0867 -69
46.0815 -69
46.0759 -69
46.0704 -69
46.0649 -69
46.0595 -69
46.0541 -69
46.0488 -69
46.0435 -69
46.0383 -69
46.0331 -69
46.0279 -69
46.0228 -69
46.0178 -69
46.0128 -69
46.0078 -69
46.0029 -69
45.9981 -69
45.9933 -69
45.9885 -69
45.9838 -69
45.9792 -69
45.9746 -69
45.97 -69
45.9655 -69
45.9611 -69
45.9567 -69
45.9523 -69
45.948 -69
45.9437 -69
45.9395 -69
45.9354 -69
45.9313 -69
45.9272 -69
45.9232 -69
45.9192 -69
45.9153 -69
45.9115 -69
45.9076 -69
45.9038 -69
45.9001 -69
45.8964 -69
45.8927 -69
45.8891 -69
45.8856 -69
45.8821 -69
45.8786 -69
45.8753 -69
45.8719 -69
45.8686 -69
45.8654 -69
45.8622 -69
45.8591 -69
45.856 -69
45.853 -69
45.8501 -69
45.8472 -69
45.8443 -69
45.8415 -69
45.8387 -69
45.836 -69
45.8334 -69
45.8308 -69
45.8282 -69
45.8257 -69
45.8233 -69
45.8209 -69
45.8185 -69
45.8162 -69
45.8139 -69
45.8117 -69
45.8095 -69
45.8074 -69
45.8054 -69
45.8033 -69
45.8014 -69
45.7995 -69
45.7976 -69
45.7959 -69
45.7941 -69
45.7924 -69
45.7908 -69
45.7886 -69
45.7865 -69
45.7845 -69
45.7825 -69
45.7805 -69
45.7786 -69
45.7767 -69
45.7749 -69
45.7731 -69
45.7714 -69
45.7697 -69
45.768 -69
45.7664 -69
45.7649 -69
45.7632 -69
45.7615 -69
45.7599 -69
45.7583 -69
45.7568 -69
45.7553 -69
45.7538 -69
45.7524 -69
45.751 -69
45.7497 -69
45.7485 -69
45.7473 -69
45.7461 -69
45.745 -69
45.744 -69
45.743 -69
45.742 -69
45.7411 -69
45.7402 -69
45.7394 -69
45.7386 -69
45.738 -69
45.7374 -69
45.7368 -69
45.7363 -69
45.7358 -69
45.7354 -69
45.735 -69
45.7346 -69
45.7343 -69
45.734 -69
45.7338 -69
45.7336 -69
45.7335 -69
45.7334 -69
45.7334 -69
45.7334 -69
45.7335 -69
45.7336 -69
45.7338 -69
45.734 -69
45.7343 -69
45.7346 -69
45.7349 -69
45.7353 -69
45.7358 -69
45.7363 -69
45.7368 -69
45.7373 -69
45.7379 -69
45.7386 -69
45.7393 -69
45.74 -69
45.7408 -69
45.7417 -69
45.7425 -69
45.7434 -69
45.7444 -69
45.7454 -69
45.7465 -69
45.7476 -69
45.7487 -69
45.7499 -69
45.7511 -69
45.7524 -69
45.7537 -69
45.755 -69
45.7564 -69
45.7578 -69
45.7592 -69
45.7607 -69
45.7623 -69
45.7639 -69
45.7655 -69
45.7673 -69
45.769 -69
45.7708 -69
45.7727 -69
45.7746 -69
45.7766 -69
45.7786 -69
45.7807 -69
45.7828 -69
45.785 -69
45.7872 -69
45.7895 -69
45.7919 -69
45.7943 -69
45.7968 -69
45.7993 -69
45.8018 -69
45.8044 -69
45.807 -69
45.8097 -69
45.8125 -69
45.8153 -69
45.8181 -69
45.8211 -69
45.824 -69
45.827 -69
45.8301 -69
45.8332 -69
45.8363 -69
45.8395 -69
45.8427 -69
45.846 -69
45.8493 -69
45.8527 -69
45.8561 -69
45.8595 -69
45.863 -69
45.8665 -69
45.8701 -69
45.8738 -69
45.8775 -69
45.8812 -69
45.885 -69
45.8889 -69
45.8928 -69
45.8968 -69
45.9009 -69
45.905 -69
45.9088 -69
45.9124 -69
45.916 -69
45.9197 -69
45.9234 -69
45.9272 -69
45.931 -69
45.9349 -69
45.9388 -69
45.9428 -69
45.9468 -69
45.9509 -69
45.955 -69
45.9592 -69
45.9634 -69
45.9677 -69
45.9721 -69
45.9765 -69
45.9809 -69
45.9854 -69
45.99 -69
45.9946 -69
45.9993 -69
46.004 -69
46.0088 -69
46.0136 -69
46.0186 -69
46.0235 -69
46.0285 -69
46.0335 -69
46.0385 -69
46.0436 -69
46.0487 -69
46.0538 -69
46.059 -69
46.0642 -69
46.0695 -69
46.0748 -69
46.0802 -69
46.0856 -69
46.0911 -69
46.0966 -69
46.1022 -69
46.1078 -69
46.1134 -69
46.1192 -69
46.1249 -69
46.1308 -69
46.1367 -69
46.1426 -69
46.1485 -69
46.1545 -69
46.1605 -69
46.1666 -69
46.1727 -69
46.1789 -69
46.1851 -69
46.1913 -69
46.1975 -69
46.2038 -69
46.2101 -69
46.2165 -69
46.2229 -69
46.2294 -69
46.2359 -69
46.2425 -69
46.2491 -69
46.2557 -69
46.2623 -69
46.269 -69
46.2757 -69
46.2826 -69
46.2894 -69
46.2963 -69
46.3032 -69
46.3102 -69
46.3172 -69
46.3243 -69
46.3314 -69
46.3386 -69
46.3459 -69
46.3532 -69
46.3605 -69
46.368 -69
46.3754 -69
46.383 -69
46.3906 -69
46.3982 -69
46.4058 -69
46.4134 -69
46.4212 -69
46.4289 -69
46.4368 -69
46.4447 -69
46.4526 -69
46.4606 -69
46.4687 -69
46.4768 -69
46.4836 -69
46.4893 -69
46.495 -69
46.5008 -69
46.5066 -69
46.5125 -69
46.5184 -69
46.5244 -69
46.5304 -69
46.5365 -69
46.5426 -69
46.5487 -69
46.5549 -69
46.5611 -69
46.5674 -69
46.5738 -69
46.5802 -69
46.5866 -69
46.5931 -69
46.5997 -69
46.6063 -69
46.613 -69
46.6197 -69
46.6264 -69
46.6332 -69
46.6401 -69
46.6469 -69
46.6538 -69
46.6608 -69
46.6678 -69
46.6749 -69
46.6821 -69
46.6892 -69
46.6965 -69
46.7037 -69
46.7106 -69
46.7173 -69
46.7241 -69
46.731 -69
46.7379 -69
46.7449 -69
46.7518 -69
46.7588 -69
46.7659 -69
46.773 -69
46.7802 -69
46.7874 -69
46.7946 -69
46.8019 -69
46.8092 -69
46.8165 -69
46.8239 -69
46.8313 -69
46.8388 -69
46.8463 -69
46.8538 -69
46.8614 -69
46.8691 -69
46.8768 -69
46.8844 -69
46.8922 -69
46.9 -69
46.9078 -69
46.9157 -69
46.9236 -69
46.9316 -69
46.9396 -69
46.9477 -69
46.9558 -69
46.964 -69
46.9722 -69
46.9805 -69
46.9889 -69
46.9973 -69
47.0057 -69
47.0141 -69
47.0226 -69
47.0312 -69
47.0398 -69
47.0485 -69
47.0572 -69
47.066 -69
47.0748 -69
47.0836 -69
47.0926 -69
47.1015 -69
47.1106 -69
47.1197 -69
47.1288 -69
47.138 -69
47.1473 -69
47.1566 -69
47.1659 -69
47.1753 -69
47.1848 -69
47.1943 -69
47.2039 -69
47.2135 -69
47.2231 -69
47.2328 -69
47.2425 -69
47.2523 -69
47.2621 -69
47.2718 -69
47.2816 -69
47.2915 -69
47.3014 -69
47.3114 -69
47.3214 -69
47.3314 -69
47.3415 -69
47.3516 -69
47.3617 -69
47.3719 -69
47.3821 -69
47.3924 -69
47.4027 -69
47.4131 -69
47.4235 -69
47.4339 -69
47.4444 -69
47.4549 -69
47.4655 -69
47.4761 -69
47.4867 -69
47.4974 -69
47.5081 -69
47.5189 -69
47.5297 -69
47.5406 -69
47.5515 -69
47.5624 -69
47.5733 -69
47.5843 -69
47.5953 -69
47.6063 -69
47.617 -69
47.6276 -69
47.6384 -69
47.6491 -69
47.66 -69
47.6708 -69
47.6818 -69
47.6927 -69
47.7038 -69
47.7148 -69
47.7259 -69
47.7371 -69
47.7482 -69
47.7595 -69
47.7708 -69
47.7821 -69
47.7935 -69
47.8049 -69
47.8164 -69
47.828 -69
47.8396 -69
47.8512 -69
47.8629 -69
47.8747 -69
47.8865 -69
47.8983 -69
47.9103 -69
47.9222 -69
47.9342 -69
47.9462 -69
47.9583 -69
47.9705 -69
47.9827 -69
47.995 -69
48.0073 -69
48.0196 -69
48.0321 -69
48.0445 -69
48.0571 -69
48.0696 -69
48.0822 -69
48.0939 -69
48.1044 -69
48.1148 -69
48.1253 -69
48.1358 -69
48.1464 -69
48.1571 -69
48.1678 -69
48.1785 -69
48.1893 -69
48.2002 -69
48.2079 -69
48.2156 -69
48.2234 -69
48.2312 -69
48.239 -69
48.2469 -69
48.2549 -69
48.2629 -69
48.2709 -69
48.2789 -69
48.2869 -69
48.2949 -69
48.3028 -69
48.3108 -69
48.3188 -69
48.3269 -69
48.3351 -69
48.3432 -69
48.3515 -69
48.3597 -69
48.368 -69
48.3764 -69
48.3847 -69
48.3932 -69
48.4016 -69
48.4102 -69
48.4187 -69
48.4273 -69
48.436 -69
48.4447 -69
48.4534 -69
48.4622 -69
48.471 -69
48.4798 -69
48.4887 -69
48.4975 -69
48.5065 -69
48.5154 -69
48.5244 -69
48.5335 -69
48.5426 -69
48.5517 -69
48.5609 -69
48.5701 -69
48.5794 -69
48.5887 -69
48.5981 -69
48.6074 -69
48.6169 -69
48.6263 -69
48.6358 -69
48.6453 -69
48.6549 -69
48.6645 -69
48.6718 -69
48.679 -69
48.6863 -69
48.6936 -69
48.7009 -69
48.7083 -69
48.7156 -69
48.7231 -69
48.7305 -69
48.7378 -69
48.7449 -69
48.752 -69
48.7591 -69
48.7663 -69
48.7735 -69
48.7808 -69
48.7881 -69
48.7954 -69
48.8027 -69
48.8101 -69
48.8175 -69
48.825 -69
48.8325 -69
48.84 -69
48.8475 -69
48.855 -69
48.8626 -69
48.8702 -69
48.8779 -69
48.8856 -69
48.8933 -69
48.9011 -69
48.9089 -69
48.9167 -69
48.9246 -69
48.9325 -69
48.9404 -69
48.9484 -69
48.9564 -69
48.9644 -69
48.9725 -69
48.9805 -69
48.9886 -69
48.9968 -69
49.005 -69
49.0132 -69
49.0214 -69
49.0296 -69
49.0379 -69
49.0463 -69
49.0546 -69
49.063 -69
49.0715 -69
49.0799 -69
49.0884 -69
49.097 -69
49.1056 -69
49.1142 -69
49.1229 -69
49.1316 -69
49.1403 -69
49.1491 -69
49.1579 -69
49.1668 -69
49.1757 -69
49.1847 -69
49.1937 -69
49.2027 -69
49.2117 -69
49.2208 -69
49.2299 -69
49.2391 -69
49.2483 -69
49.2575 -69
49.2668 -69
49.2761 -69
49.2854 -69
49.2948 -69
49.3042 -69
49.3136 -69
49.3231 -69
49.3326 -69
49.3422 -69
49.3518 -69
49.3614 -69
49.371 -69
49.3807 -69
49.3904 -69
49.4002 -69
49.41 -69
49.4198 -69
49.4297 -69
49.4396 -69
49.4495 -69
49.4595 -69
49.4695 -69
49.4795 -69
49.4895 -69
49.4996 -69
49.5097 -69
49.5199 -69
49.53 -69
49.5402 -69
49.5505 -69
49.5607 -69
49.5711 -69
49.5814 -69
49.5918 -69
49.6022 -69
49.6124 -69
49.6228 -69
49.6331 -69
49.6435 -69
49.654 -69
49.6644 -69
49.6749 -69
49.6854 -69
49.696 -69
49.7066 -69
49.7172 -69
49.7279 -69
49.7386 -69
49.7493 -69
49.7601 -69
49.7709 -69
49.7815 -69
49.7922 -69
49.8028 -69
49.8133 -69
49.8238 -69
49.8343 -69
49.8448 -69
49.8554 -69
49.8661 -69
49.8767 -69
49.8866 -68.9733
49.896 -68.9616
49.9054 -68.9285
49.9148 -68.8942
49.9243 -68.8585
49.9338 -68.8215
49.9433 -68.7833
49.9528 -68.7437
49.9623 -68.7028
49.9719 -68.6609
49.9814 -68.6182
49.9892 -68.4804
49.9945 -68.2789
49.9998 -68.0564
50.0052 -67.834
50.0106 -67.6116
50.016 -67.3891
50.0214 -67.1668
50.0269 -66.9445
50.0325 -66.7222
50.0381 -66.4999
50.0437 -66.2777
50.0493 -66.0555
50.055 -65.8333
50.0608 -65.6112
50.0678 -65.438
50.0789 -65.4102
50.0899 -65.3824
50.101 -65.3544
50.1122 -65.3264
50.1233 -65.2985
50.1345 -65.2707
50.1457 -65.2428
50.1569 -65.215
50.1681 -65.1871
50.1794 -65.1592
50.1908 -65.1312
50.2022 -65.103
50.2136 -65.0748
50.225 -65.0466
50.2365 -65.0183
50.248 -64.9899
50.2596 -64.9615
50.2712 -64.933
50.2828 -64.9046
50.2945 -64.8761
50.3062 -64.8475
50.3179 -64.8189
50.3297 -64.7904
50.3414 -64.7617
50.3533 -64.7331
50.3651 -64.7043
50.3771 -64.6754
50.389 -64.6464
50.401 -64.6173
50.413 -64.5882
50.4251 -64.5592
50.4371 -64.5302
50.4492 -64.501
50.4614 -64.4718
50.4736 -64.4424
50.4858 -64.413
50.4981 -64.3836
50.5104 -64.354
50.5228 -64.3243
50.5338 -64.2211
50.5447 -64.1118
50.5556 -64.001
50.5665 -63.8884
50.5774 -63.7741
50.5883 -63.6579
50.5992 -63.5399
50.6102 -63.4199
50.6211 -63.2979
50.6321 -63.1739
50.643 -63.0477
50.6539 -62.9194
50.6648 -62.7887
50.6757 -62.6557
50.6867 -62.5203
50.6976 -62.3824
50.7085 -62.2419
50.7194 -62.0986
50.7286 -61.9517
50.7369 -61.8162
50.7464 -61.7445
50.7559 -61.6725
50.7654 -61.6001
50.774 -61.4535
50.783 -61.3585
50.7918 -61.2403
50.8005 -61.1221
50.8093 -61.0039
50.8182 -60.8858
50.8271 -60.7676
50.836 -60.6494
50.8449 -60.5313
50.8538 -60.4133
50.8627 -60.2952
50.8717 -60.1773
50.8806 -60.0594
50.8897 -59.9486
50.9002 -59.9076
50.9107 -59.8666
50.9212 -59.8257
50.9317 -59.7847
50.9423 -59.7438
50.9528 -59.7029
50.9635 -59.662
50.9741 -59.6211
50.9847 -59.5802
50.9954 -59.5392
51.0062 -59.4981
51.0169 -59.457
51.0277 -59.4159
51.0384 -59.3735
51.0491 -59.3319
51.0599 -59.2957
51.0707 -59.2592
51.0815 -59.2226
51.0924 -59.1859
51.1033 -59.1492
51.1143 -59.1124
51.1252 -59.0756
51.1362 -59.0388
51.1472 -59.0021
51.1583 -58.9652
51.1694 -58.9283
51.1805 -58.8914
51.189 -58.8406
51.1972 -58.7896
51.2055 -58.7381
51.2137 -58.6865
51.222 -58.6348
51.2304 -58.5829
51.2387 -58.5451
51.247 -58.5078
51.2553 -58.4704
51.2637 -58.4329
51.2721 -58.3954
51.2805 -58.3578
51.289 -58.3202
51.2975 -58.2824
51.306 -58.2445
51.3146 -58.2065
51.3232 -58.1684
51.3318 -58.1301
51.3404 -58.0921
51.3491 -58.0541
51.3578 -58.0162
51.3665 -57.9783
51.3752 -57.9403
51.384 -57.9022
51.3928 -57.864
51.4016 -57.8256
51.4105 -57.7872
51.4194 -57.7487
51.4283 -57.71
51.4373 -57.6712
51.4463 -57.6323
51.4554 -57.5933
51.4645 -57.5543
51.4736 -57.5151
51.4827 -57.4759
51.4919 -57.4365
51.5011 -57.3971
51.5104 -57.3575
51.5197 -57.3178
51.529 -57.2781
51.5383 -57.2385
51.5477 -57.1987
51.5571 -57.1589
51.5665 -57.1189
51.576 -57.0789
51.5855 -57.0388
51.5951 -56.9987
51.6046 -56.9585
51.6142 -56.9181
51.6239 -56.8777
51.6335 -56.8373
51.6432 -56.7968
51.6529 -56.7564
51.6627 -56.7159
51.6724 -56.6754
51.6822 -56.635
51.692 -56.5945
51.7019 -56.5539
51.7118 -56.5132
51.7217 -56.4727
51.7316 -56.4322
51.7415 -56.3917
51.7515 -56.3511
51.7615 -56.3105
51.7714 -56.2748
51.7815 -56.2401
51.7915 -56.2054
51.8016 -56.1707
51.8117 -56.1359
51.8218 -56.1011
51.832 -56.0661
51.8422 -56.031
51.8524 -55.9959
51.8627 -55.9606
51.873 -55.9252
51.8833 -55.8899
51.8937 -55.8546
51.9041 -55.8193
51.9145 -55.7838
51.925 -55.7483
51.9355 -55.7126
51.946 -55.677
51.9565 -55.6414
51.9671 -55.6059
51.9776 -55.5703
51.9883 -55.5346
51.9989 -55.4989
52.0096 -55.463
52.0203 -55.4271
52.0311 -55.3911
52.0419 -55.3549
52.0527 -55.3188
52.0636 -55.2825
52.0745 -55.2462
52.0854 -55.2097
52.0964 -55.1731
52.1074 -55.1365
52.1185 -55.0997
52.1296 -55.0629
52.1407 -55.026
52.1519 -54.989
52.1626 -54.9468
52.1724 -54.896
52.1823 -54.8455
52.1922 -54.7949
52.2021 -54.7443
52.2121 -54.6936
52.2221 -54.6428
52.2322 -54.5919
52.2422 -54.5411
52.2523 -54.4901
52.2624 -54.4391
52.2726 -54.388
52.2828 -54.3368
52.2931 -54.2856
52.3033 -54.2343
52.3136 -54.1829
52.324 -54.1314
52.3344 -54.0798
52.3448 -54.0282
52.3552 -53.9765
52.3657 -53.9247
52.3762 -53.8728
52.3868 -53.8208
52.3974 -53.7687
52.408 -53.7165
52.4187 -53.6643
52.4294 -53.6119
52.4402 -53.5594
52.451 -53.5068
52.4618 -53.4541
52.4727 -53.4014
52.4836 -53.3485
52.4945 -53.2956
52.5055 -53.2426
52.5165 -53.1894
52.5276 -53.1362
52.5387 -53.083
52.5498 -53.0297
52.5609 -52.9765
52.5721 -52.9232
52.5833 -52.8699
52.5945 -52.8165
52.6058 -52.763
52.6171 -52.7094
52.6284 -52.6558
52.6398 -52.6021
52.6512 -52.5486
52.6626 -52.4952
52.674 -52.4418
52.6855 -52.3883
52.697 -52.3347
52.7085 -52.281
52.7201 -52.2272
52.7317 -52.1734
52.7433 -52.1195
52.755 -52.0655
52.7667 -52.0114
52.7785 -51.9572
52.7903 -51.903
52.8021 -51.8487
52.814 -51.7944
52.8259 -51.7401
52.8378 -51.6858
52.8497 -51.6315
52.8617 -51.5771
52.8737 -51.5226
52.8857 -51.4681
52.8978 -51.4134
52.91 -51.3586
52.9222 -51.3037
52.9344 -51.2487
52.9466 -51.1937
52.9589 -51.1385
52.9712 -51.0834
52.9836 -51.0282
52.996 -50.973
53.0084 -50.9179
53.0208 -50.8628
53.0332 -50.8077
53.0457 -50.7524
53.0582 -50.6971
53.0708 -50.6418
53.0834 -50.5864
53.096 -50.5311
53.1087 -50.4757
53.1213 -50.4203
53.134 -50.365
53.1467 -50.3098
53.1595 -50.2544
53.1722 -50.199
53.1851 -50.1434
53.1979 -50.0878
53.2109 -50.0321
53.2238 -49.9764
53.2367 -49.9208
53.2497 -49.8651
53.2627 -49.8094
53.2758 -49.7535
53.2889 -49.6976
53.302 -49.6415
53.3152 -49.5854
53.3284 -49.5293
53.3417 -49.4731
53.3549 -49.4169
53.3683 -49.3606
53.3816 -49.3043
53.395 -49.2478
53.4084 -49.1913
53.4219 -49.1347
53.4354 -49.0781
53.4489 -49.0215
53.4625 -48.9647
53.4761 -48.9079
53.4898 -48.8509
53.5035 -48.7939
53.5172 -48.7368
53.531 -48.6796
53.5449 -48.6222
53.5587 -48.5648
53.5726 -48.5074
53.5866 -48.4498
53.6006 -48.3921
53.6146 -48.3343
53.6287 -48.2764
53.6428 -48.2186
53.6569 -48.1607
53.6711 -48.1027
53.6853 -48.0446
53.6996 -47.9864
53.7139 -47.9282
53.7282 -47.8704
53.7424 -47.8127
53.7568 -47.7549
53.7711 -47.6971
53.7854 -47.6396
53.7998 -47.5821
53.8142 -47.5245
53.8286 -47.4669
53.8431 -47.4092
53.8576 -47.3516
53.8721 -47.294
53.8866 -47.2362
53.9012 -47.1784
53.9159 -47.1206
53.9306 -47.0626
53.9453 -47.0046
53.9601 -46.9464
53.9749 -46.8882
53.9897 -46.8299
54.0046 -46.7715
54.0195 -46.713
54.0345 -46.6544
54.0495 -46.5959
54.0646 -46.5372
54.0796 -46.4785
54.0948 -46.4197
54.1099 -46.3608
54.1251 -46.3019
54.1404 -46.243
54.1556 -46.1842
54.1709 -46.1254
54.1862 -46.0664
54.2015 -46.0075
54.2169 -45.9484
54.2324 -45.8892
54.2478 -45.83
54.2634 -45.7707
54.2789 -45.7112
54.2945 -45.6517
54.3102 -45.5921
54.3259 -45.5324
54.3416 -45.4729
54.3573 -45.4134
54.373 -45.3539
54.3888 -45.2942
54.4047 -45.2345
54.4205 -45.1748
54.4365 -45.1149
54.4524 -45.0551
54.4684 -44.9954
54.4844 -44.9356
54.5004 -44.8757
54.5165 -44.8157
54.5326 -44.7556
54.5488 -44.6954
54.565 -44.6352
54.5812 -44.575
54.5975 -44.5149
54.6137 -44.4548
54.6301 -44.3946
54.6464 -44.3345
54.6628 -44.2743
54.6792 -44.214
54.6957 -44.1536
54.7122 -44.0932
54.7287 -44.0326
54.7453 -43.972
54.762 -43.9113
54.7787 -43.8504
54.7954 -43.7895
54.8122 -43.7286
54.829 -43.6675
54.8458 -43.6065
54.8627 -43.5454
54.8796 -43.4843
54.8965 -43.4235
54.9134 -43.363
54.9303 -43.3023
54.9472 -43.2417
54.9642 -43.1809
54.9812 -43.1201
54.9983 -43.0593
55.0154 -42.9985
55.0325 -42.9376
55.0497 -42.8766
55.0669 -42.8155
55.0842 -42.7544
55.1015 -42.6932
55.1188 -42.6319
55.1361 -42.5708
55.1535 -42.5096
55.1709 -42.4483
55.1884 -42.387
55.2059 -42.3256
55.2234 -42.2642
55.241 -42.2029
55.2586 -42.1415
55.2762 -42.08
55.2938 -42.0183
55.3111 -41.9528
55.3284 -41.8872
55.3458 -41.8217
55.3632 -41.7561
55.3806 -41.6905
55.3981 -41.6249
55.4155 -41.5592
55.4331 -41.4935
55.4506 -41.4278
55.4676 -41.3565
55.4846 -41.2852
55.5016 -41.2138
55.5186 -41.1423
55.5358 -41.0707
55.5529 -40.9991
55.5701 -40.9274
55.5873 -40.8556
55.6046 -40.7837
55.6219 -40.7117
55.6393 -40.6396
55.6567 -40.5675
55.6742 -40.4953
55.6917 -40.423
55.7092 -40.3509
55.7267 -40.2788
55.7443 -40.2066
55.7619 -40.1344
55.7795 -40.062
55.7972 -39.9896
55.815 -39.9171
55.8328 -39.8445
55.8506 -39.7718
55.8685 -39.6991
55.8864 -39.6263
55.9043 -39.5535
55.9223 -39.4809
55.9402 -39.4085
55.9582 -39.3361
55.9762 -39.2636
55.9942 -39.1912
56.0123 -39.1186
56.0304 -39.046
56.0486 -38.9733
56.0667 -38.9007
56.0849 -38.8283
56.1031 -38.7557
56.1214 -38.6831
56.1397 -38.6104
56.1581 -38.5377
56.1764 -38.465
56.1948 -38.3923
56.2133 -38.3196
56.2318 -38.2467
56.2503 -38.1738
56.2678 -38.1076
56.2853 -38.0301
56.3027 -37.9581
56.3203 -37.8861
56.3378 -37.8139
56.3554 -37.7416
56.3731 -37.6693
56.3907 -37.5969
56.4085 -37.5244
56.4262 -37.4521
56.4439 -37.3798
56.4617 -37.3073
56.4796 -37.2348
56.4974 -37.1623
56.5153 -37.0899
56.5332 -37.0175
56.5512 -36.9451
56.5691 -36.8728
56.5871 -36.8005
56.6052 -36.728
56.6232 -36.656
56.6412 -36.5841
56.6593 -36.5121
56.6774 -36.44
56.6955 -36.3678
56.7137 -36.2955
56.7319 -36.2233
56.7501 -36.1514
56.7683 -36.0796
56.7866 -36.0077
56.8048 -35.9358
56.8232 -35.8638
56.8415 -35.7917
56.8599 -35.7196
56.8784 -35.6474
56.8969 -35.5751
56.9154 -35.5028
56.934 -35.4303
56.9526 -35.3578
56.9712 -35.2854
56.9898 -35.2129
57.0085 -35.1404
57.0273 -35.0678
57.046 -34.9952
57.0648 -34.9227
57.0836 -34.8502
57.1025 -34.7776
57.1214 -34.7049
57.1403 -34.6323
57.1593 -34.5595
57.1783 -34.4869
57.1972 -34.4143
57.2163 -34.3419
57.2353 -34.2693
57.2544 -34.1967
57.2736 -34.1239
57.2927 -34.0511
57.312 -33.9781
57.3312 -33.9053
57.3505 -33.8324
57.3698 -33.7596
57.3891 -33.6867
57.4085 -33.6138
57.4279 -33.5408
57.4474 -33.4678
57.4669 -33.3947
57.4864 -33.3214
57.506 -33.2481
57.5256 -33.1748
57.5453 -33.1017
57.5649 -33.0284
57.5847 -32.955
57.6044 -32.8816
57.6242 -32.808
57.6441 -32.7345
57.6639 -32.6608
57.6839 -32.5871
57.7038 -32.5133
57.7238 -32.4394
57.7439 -32.3654
57.764 -32.2913
57.7842 -32.2171
57.8043 -32.1433
57.8244 -32.0697
57.8444 -31.9967
57.8645 -31.9236
57.8846 -31.8507
57.9047 -31.7777
57.9249 -31.7045
57.9451 -31.6314
57.9653 -31.5588
57.9855 -31.4862
58.0057 -31.4136
58.0259 -31.341
58.0462 -31.2683
58.0665 -31.1955
58.0869 -31.1228
58.1073 -31.0502
58.1276 -30.9775
58.1479 -30.9034
58.1682 -30.8293
58.1886 -30.7551
58.209 -30.6812
58.2293 -30.6072
58.2498 -30.5331
58.2702 -30.459
58.2908 -30.3847
58.3113 -30.3104
58.3319 -30.236
58.3526 -30.1615
58.3732 -30.087
58.394 -30.0123
58.4147 -29.9376
58.4356 -29.8627
58.4564 -29.7879
58.4773 -29.7132
58.4982 -29.6383
58.5192 -29.5633
58.5402 -29.4883
58.5612 -29.4131
58.5823 -29.3379
58.6035 -29.2626
58.6247 -29.1872
58.6459 -29.1116
58.6672 -29.036
58.6885 -28.9603
58.7098 -28.8847
58.7312 -28.8091
58.7526 -28.7333
58.7741 -28.6575
58.7956 -28.5815
58.8172 -28.5056
58.8388 -28.4295
58.8604 -28.3534
58.8821 -28.2771
58.9038 -28.2008
58.9256 -28.1244
58.9474 -28.0478
58.9693 -27.9712
58.9912 -27.8945
59.0132 -27.8177
59.0352 -27.7409
59.0572 -27.6639
59.0793 -27.5868
59.1014 -27.5101
59.1234 -27.4338
59.1455 -27.3576
59.1675 -27.2817
59.1896 -27.2058
59.2117 -27.1298
59.2338 -27.0537
59.256 -26.9776
59.2782 -26.9013
59.3005 -26.825
59.3228 -26.7486
59.3452 -26.6721
59.3676 -26.5955
59.39 -26.5188
59.4125 -26.442
59.4351 -26.3653
59.4576 -26.2885
59.4803 -26.2116
59.5029 -26.1347
59.5256 -26.0579
59.5483 -25.9811
59.5709 -25.9046
59.5936 -25.8281
59.6164 -25.7514
59.6392 -25.6748
59.662 -25.5983
59.6848 -25.5218
59.7076 -25.4454
59.7305 -25.3689
59.7535 -25.2923
59.7765 -25.2156
59.7995 -25.1389
59.8225 -25.0622
59.8456 -24.9856
59.8686 -24.9091
59.8917 -24.8326
59.9149 -24.756
59.9381 -24.6793
59.9613 -24.6026
59.9846 -24.5258
60.0079 -24.4489
60.0313 -24.3719
60.0547 -24.2949
60.0782 -24.2178
60.1016 -24.1407
60.1252 -24.0634
60.1488 -23.9861
60.1724 -23.9088
60.196 -23.8314
60.2197 -23.7539
60.2435 -23.6765
60.2672 -23.5991
60.291 -23.5216
60.3149 -23.444
60.3387 -23.3664
60.3626 -23.289
60.3866 -23.2114
60.4105 -23.1338
60.4345 -23.0561
60.4586 -22.9784
60.4827 -22.9007
60.5068 -22.823
60.5309 -22.7456
60.555 -22.6682
60.5792 -22.5907
60.6034 -22.5131
60.6277 -22.4355
60.652 -22.3577
60.6764 -22.2799
60.7008 -22.202
60.7252 -22.1242
60.7496 -22.0463
60.7741 -21.9683
60.7987 -21.8904
60.8233 -21.8124
60.8478 -21.7347
60.8723 -21.6573
60.8969 -21.5799
60.9214 -21.5028
60.946 -21.4256
60.9706 -21.3485
60.9953 -21.2713
61.02 -21.194
61.0447 -21.1166
61.0694 -21.0393
61.0943 -20.9619
61.1191 -20.8843
61.1439 -20.8068
61.1687 -20.7295
61.1935 -20.6521
61.2184 -20.5747
61.2433 -20.4972
61.2682 -20.4196
61.2932 -20.3419
61.3182 -20.2644
61.3433 -20.187
61.3683 -20.1096
61.3934 -20.0324
61.4184 -19.9552
61.4436 -19.8779
61.4687 -19.8006
61.4939 -19.7232
61.5191 -19.6459
61.5443 -19.5688
61.5696 -19.4918
61.5948 -19.4146
61.6202 -19.3374
61.6456 -19.2601
61.671 -19.1828
61.6964 -19.1056
61.7218 -19.0283
61.7473 -18.9511
61.7728 -18.8739
61.7984 -18.7967
61.824 -18.7194
61.8496 -18.6421
61.8752 -18.5648
61.9009 -18.4875
61.9266 -18.4105
61.9522 -18.3337
61.9779 -18.2569
62.0036 -18.1805
62.0292 -18.1044
62.0548 -18.0281
62.0805 -17.9518
62.1063 -17.8754
62.1321 -17.7989
62.158 -17.7224
62.1838 -17.6457
62.2098 -17.569
62.2358 -17.4922
62.2618 -17.4154
62.2879 -17.3384
62.314 -17.2614
62.3402 -17.1843
62.3664 -17.1071
62.3926 -17.0298
62.4189 -16.9525
62.4453 -16.875
62.4717 -16.7976
62.4981 -16.7201
62.5246 -16.6425
62.551 -16.5652
62.5775 -16.4879
62.604 -16.4105
62.6306 -16.333
62.6572 -16.2555
62.6839 -16.1779
62.7106 -16.1002
62.7373 -16.0224
62.7641 -15.9447
62.7909 -15.867
62.8177 -15.7893
62.8446 -15.7116
62.8715 -15.6341
62.8982 -15.5573
62.925 -15.4806
62.9518 -15.4038
62.9786 -15.3269
63.0055 -15.2501
63.0324 -15.1733
63.0594 -15.0965
63.0863 -15.02
63.1132 -14.9435
63.1402 -14.8671
63.1672 -14.7907
63.1943 -14.7141
63.2213 -14.6375
63.2485 -14.5609
63.2757 -14.4841
63.3029 -14.4073
63.3302 -14.3304
63.3574 -14.2537
63.3848 -14.177
63.4121 -14.1002
63.4395 -14.0234
63.4669 -13.9466
63.4943 -13.8702
63.5217 -13.7937
63.5491 -13.7171
63.5766 -13.6405
63.6042 -13.564
63.6317 -13.4876
63.6593 -13.4111
63.6869 -13.3345
63.7145 -13.258
63.7422 -13.1814
63.7699 -13.1048
63.7977 -13.0282
63.8255 -12.9516
63.8533 -12.8749
63.8811 -12.7982
63.909 -12.7216
63.9369 -12.6449
63.9649 -12.5682
63.9929 -12.4915
64.0209 -12.4148
64.0489 -12.3382
64.0768 -12.2622
64.1048 -12.1861
64.1329 -12.11
64.1609 -12.0337
64.1891 -11.9574
64.2172 -11.881
64.2454 -11.8046
64.2736 -11.7282
64.3019 -11.6517
64.3302 -11.5752
64.3586 -11.4986
64.3869 -11.4222
64.4153 -11.3459
64.4437 -11.2695
64.4722 -11.193
64.5007 -11.1164
64.5292 -11.0398
64.5578 -10.9632
64.5863 -10.8871
64.6149 -10.811
64.6434 -10.7349
64.672 -10.6589
64.7006 -10.5833
64.7291 -10.5078
64.7577 -10.4323
64.7863 -10.3567
64.815 -10.2811
64.8436 -10.2057
64.8723 -10.1306
64.9009 -10.0553
64.9296 -9.98
64.9584 -9.90462
64.9872 -9.82917
65.0161 -9.75364
65.045 -9.67808
65.0739 -9.60244
65.1029 -9.52687
65.1318 -9.4518
65.1607 -9.37667
65.1896 -9.30156
65.2186 -9.2265
65.2476 -9.15145
65.2767 -9.07633
65.3057 -9.00114
65.3349 -8.92588
65.3641 -8.85054
65.3933 -8.77513
65.4226 -8.69969
65.4519 -8.6242
65.4812 -8.54863
65.5106 -8.473
65.5401 -8.39729
65.5695 -8.32151
65.599 -8.24579
65.6285 -8.17041
65.658 -8.09509
65.6875 -8.01975
65.7171 -7.94433
65.7467 -7.86885
65.7763 -7.79329
65.806 -7.7178
65.8357 -7.64231
65.8654 -7.56677
65.8952 -7.49122
65.925 -7.41563
65.9548 -7.34048
65.9845 -7.26551
66.0143 -7.19048
66.0441 -7.11549
66.074 -7.04046
66.1039 -6.96537
66.1338 -6.89022
66.1638 -6.81499
66.1938 -6.7397
66.2239 -6.66433
66.254 -6.58889
66.2841 -6.51339
66.3144 -6.43783
66.3446 -6.36225
66.3748 -6.287
66.405 -6.21183
66.4353 -6.13661
66.4656 -6.06133
66.4959 -5.9861
66.5262 -5.91081
66.5566 -5.83561
66.587 -5.76068
66.6173 -5.68576
66.6478 -5.61079
66.6782 -5.53579
66.7087 -5.46073
66.7393 -5.38561
66.7699 -5.31041
66.8005 -5.23514
66.8312 -5.15983
66.8618 -5.08482
66.8925 -5.00974
66.9232 -4.93459
66.954 -4.85937
66.9848 -4.78408
67.0157 -4.70872
67.0466 -4.6333
67.0776 -4.55781
67.1086 -4.48224
67.1396 -4.40669
67.1707 -4.33125
67.2017 -4.25591
67.2328 -4.18051
67.2639 -4.10542
67.295 -4.03039
67.3261 -3.95529
67.3573 -3.88013
67.3885 -3.8049
67.4197 -3.7296
67.451 -3.6543
67.4823 -3.57912
67.5137 -3.50387
67.5451 -3.42856
67.5765 -3.35317
67.608 -3.27772
67.6395 -3.20221
67.6711 -3.12662
67.7027 -3.05097
67.7344 -2.97525
67.7661 -2.89946
67.7978 -2.82361
67.8296 -2.74768
67.8615 -2.67169
67.8934 -2.59565
67.9253 -2.51961
67.9573 -2.44349
67.9893 -2.36731
68.0213 -2.29106
68.0534 -2.21489
68.0855 -2.13866
68.1177 -2.06236
68.1499 -1.986
68.1821 -1.90957
68.2144 -1.83307
68.2468 -1.7565
68.2792 -1.67986
68.3116 -1.60316
68.3441 -1.52639
68.3766 -1.44956
68.4092 -1.37265
68.4418 -1.29568
68.4745 -1.21865
68.5072 -1.14154
68.54 -1.06437
68.5728 -0.987128
68.6056 -0.910018
68.6384 -0.83292
68.6713 -0.755755
68.7042 -0.678524
68.7372 -0.601406
68.7701 -0.524286
68.8032 -0.447098
68.8362 -0.369844
68.8693 -0.292523
68.9025 -0.215135
68.9357 -0.13768
68.9688 -0.0608705
69.0019 0.0159863
69.0351 0.0929095
69.0684 0.169899
69.1017 0.246955
69.135 0.323918
69.1683 0.400751
69.2016 0.477651
69.235 0.554616
69.2684 0.631647
69.3019 0.708744
69.3355 0.785864
69.369 0.863009
69.4026 0.940219
69.4363 1.0175
69.47 1.09484
69.5037 1.17225
69.5375 1.24965
69.5713 1.32704
69.6051 1.40438
69.639 1.48175
69.6729 1.55919
69.7069 1.63669
69.7409 1.71426
69.7749 1.79189
69.809 1.86953
69.8431 1.94719
69.8773 2.02492
69.9115 2.10267
69.9458 2.18048
69.98 2.25836
70.0144 2.3363
70.0488 2.41431
70.0832 2.49225
70.1176 2.57017
70.1521 2.64815
70.1866 2.72614
70.2212 2.80406
70.2557 2.88195
70.2903 2.95992
70.325 3.03795
70.3597 3.11604
70.3944 3.1942
70.4292 3.27243
70.4641 3.35072
70.499 3.42908
70.5339 3.5075
70.5689 3.58589
70.6038 3.66421
70.6389 3.74254
70.6739 3.82087
70.709 3.89926
70.7441 3.97772
70.7793 4.05624
70.8146 4.13483
70.8496 4.21249
70.8847 4.29021
70.9199 4.36799
70.9551 4.44583
70.9903 4.5235
71.0255 4.60113
71.0608 4.67882
71.0961 4.75659
71.1315 4.83441
71.1669 4.9123
71.2024 4.99025
71.2379 5.06827
71.2734 5.14635
71.309 5.22449
71.3447 5.3027
71.3803 5.38076
71.416 5.45879
71.4517 5.5369
71.4875 5.61506
71.5233 5.69329
71.5591 5.77158
71.595 5.84994
71.631 5.92836
71.667 6.00685
71.703 6.08539
71.7391 6.16395
71.7752 6.2424
71.8113 6.3209
71.8475 6.39947
71.8838 6.47811
71.92 6.55681
71.9562 6.63488
71.9924 6.71273
72.0286 6.79064
72.0648 6.86861
72.1011 6.94665
72.1375 7.02475
72.1738 7.10291
72.2103 7.18114
72.2468 7.25943
72.2832 7.33833
72.3197 7.41779
72.3563 7.49732
72.3928 7.57692
72.4295 7.65657
72.4661 7.73629
72.5028 7.81578
72.5394 7.89504
72.5761 7.97437
72.6129 8.05377
72.6496 8.13323
72.6865 8.21275
72.7233 8.29233
72.7602 8.37197
72.7972 8.45168
72.8342 8.53141
72.8713 8.61115
72.9083 8.69096
72.9455 8.77083
72.9827 8.85076
73.0199 8.93076
73.0571 9.01071
73.0944 9.09065
73.1317 9.17066
73.1691 9.25073
73.2065 9.33086
73.2439 9.41073
73.2814 9.49061
73.3189 9.57055
73.3563 9.65037
73.3939 9.73018
73.4314 9.81005
73.469 9.88998
73.5067 9.9699
73.5443 10.0498
73.5821 10.1298
73.6198 10.2098
73.6576 10.2899
73.6955 10.37
73.7334 10.4502
73.7713 10.5304
73.8093 10.6107
73.8473 10.691
73.8854 10.7714
73.9235 10.8518
73.9617 10.9321
73.9998 11.0124
74.038 11.0926
74.0762 11.1729
74.1144 11.2532
74.1528 11.3336
74.1911 11.414
74.2293 11.4938
74.2676 11.5737
74.3059 11.6534
74.3443 11.7331
74.3826 11.8129
74.421 11.8927
74.4595 11.9726
74.498 12.0526
74.5366 12.1326
74.5751 12.2126
74.6137 12.2925
74.6524 12.3724
74.691 12.4521
74.7297 12.532
74.7684 12.6119
74.8072 12.6918
74.846 12.7718
74.8848 12.8519
74.9238 12.932
74.9627 13.0122
75.0017 13.0925
75.0408 13.1727
75.0798 13.2529
75.1189 13.3332
75.1581 13.4134
75.1973 13.4937
75.2365 13.5741
75.2758 13.6545
75.3151 13.7349
75.3544 13.8151
75.3935 13.8944
75.4326 13.9736
75.4718 14.0528
75.511 14.1321
75.5502 14.2114
75.5895 14.2907
75.6288 14.37
75.6682 14.4492
75.7075 14.5283
75.7469 14.6074
75.7863 14.6866
75.8257 14.7657
75.8652 14.8448
75.9047 14.924
75.9442 15.0032
75.9838 15.0824
76.0235 15.1618
76.0632 15.2411
76.1029 15.3205
76.1427 15.3999
76.1825 15.4794
76.2224 15.5589
76.2623 15.6385
76.3022 15.7182
76.3422 15.7976
76.3822 15.8771
76.4222 15.9566
76.4623 16.0362
76.5024 16.1158
76.5425 16.1954
76.5823 16.2772
76.6219 16.3598
76.6615 16.4425
76.7012 16.5249
76.7408 16.6072
76.7805 16.6894
76.8202 16.7717
76.8599 16.8541
76.8997 16.9366
76.9396 17.019
76.9794 17.1013
77.0193 17.1837
77.0592 17.2662
77.0992 17.3487
77.1392 17.4312
77.1793 17.5138
77.2194 17.5965
77.2595 17.6792
77.2996 17.7612
77.3396 17.8431
77.3796 17.925
77.4197 18.0069
77.4598 18.0888
77.5 18.1706
77.5401 18.2524
77.5803 18.3343
77.6206 18.4162
77.6609 18.4981
77.7012 18.5801
77.7415 18.662
77.7819 18.744
77.8224 18.826
77.8629 18.9081
77.9033 18.9901
77.9438 19.0719
77.9844 19.1538
78.0249 19.2357
78.0655 19.3176
78.1062 19.3996
78.1469 19.4816
78.1876 19.5637
78.2284 19.6458
78.2692 19.7279
78.3101 19.8101
78.3509 19.8921
78.3918 19.9742
78.4327 20.0562
78.4737 20.1384
78.5147 20.2205
78.5557 20.3024
78.5967 20.3843
78.6378 20.4662
78.6788 20.548
78.7199 20.6296
78.761 20.7113
78.8021 20.793
78.8433 20.8748
78.8845 20.9566
78.9257 21.0383
78.967 21.1201
79.0082 21.2015
79.0493 21.2825
79.0905 21.3635
79.1317 21.4446
79.173 21.5256
79.2142 21.6066
79.2555 21.6875
79.2969 21.7685
79.3382 21.8495
79.3796 21.9305
79.421 22.0114
79.4624 22.0923
79.5039 22.1733
79.5455 22.2543
79.587 22.3353
79.6286 22.4162
79.6701 22.497
79.7117 22.5778
79.7534 22.6587
79.7951 22.7396
79.8366 22.8199
79.878 22.8994
79.9195 22.9789
79.961 23.0586
80.0025 23.1383
80.044 23.2178
80.0856 23.2974
80.1272 23.377
80.1689 23.4567
80.2106 23.5364
80.2523 23.6162
80.2941 23.6961
80.336 23.776
80.3779 23.8559
80.4198 23.9359
80.4617 24.0158
80.5037 24.0955
80.5455 24.175
80.5875 24.2545
80.6295 24.3341
80.6715 24.4137
80.7136 24.4934
80.7553 24.5718
80.7972 24.6503
80.839 24.7288
80.8809 24.8074
80.9229 24.886
80.9649 24.9647
81.0069 25.0434
81.049 25.1222
81.0911 25.201
81.1333 25.2799
81.1755 25.3588
81.2178 25.4377
81.26 25.5166
81.3021 25.5946
81.3442 25.6724
81.3862 25.7501
81.4283 25.8276
81.4704 25.9052
81.5125 25.9829
81.5547 26.0606
81.5969 26.1381
81.639 26.2148
81.6812 26.2915
81.7233 26.3682
81.7655 26.4448
81.8078 26.5215
81.85 26.5983
81.8924 26.6751
81.9347 26.7519
81.9771 26.8286
82.0195 26.9053
82.0619 26.9821
82.1044 27.0587
82.1468 27.1353
82.1893 27.212
82.2319 27.2887
82.2745 27.3655
82.3172 27.4423
82.3598 27.519
82.4024 27.5953
82.445 27.6716
82.4876 27.7479
82.5303 27.8243
82.573 27.9006
82.6157 27.9769
82.6585 28.0533
82.7013 28.1297
82.7441 28.2062
82.7871 28.2827
82.83 28.3592
82.8727 28.4349
82.9155 28.5106
82.9583 28.5862
83.001 28.6615
83.0438 28.7368
83.0866 28.8122
83.1295 28.8877
83.1724 28.9632
83.2153 29.0387
83.2583 29.1142
83.3013 29.1898
83.3443 29.2653
83.3874 29.3408
83.4305 29.4164
83.4734 29.4909
83.5162 29.5651
83.559 29.6394
83.6019 29.7136
83.6447 29.7876
83.6876 29.8615
83.7304 29.9353
83.7733 30.0092
83.8163 30.0832
83.8593 30.1572
83.9023 30.2312
83.9454 30.3053
83.9885 30.3795
84.0317 30.4536
84.0747 30.5274
84.1176 30.6002
84.1605 30.6731
84.2034 30.7459
84.2463 30.8185
84.2891 30.8909
84.332 30.9632
84.3749 31.0355
84.4178 31.1079
84.4607 31.1799
84.5034 31.2513
84.5462 31.3227
84.589 31.3942
84.6318 31.4658
84.6746 31.5377
84.7174 31.6097
84.7603 31.6817
84.8032 31.7537
84.8461 31.8256
84.889 31.8974
84.9319 31.9693
84.9749 32.0412
85.018 32.1132
85.0611 32.1852
85.1042 32.2571
85.1473 32.3291
85.1904 32.401
85.2336 32.4729
85.2768 32.5447
85.32 32.6166
85.3632 32.6883
85.4064 32.7601
85.4497 32.832
85.493 32.9036
85.5363 32.9752
85.5796 33.0468
85.623 33.1185
85.6664 33.1902
85.7098 33.2619
85.7532 33.3334
85.7967 33.4049
85.8399 33.4756
85.8832 33.5463
85.9265 33.617
85.9699 33.6877
86.0132 33.7585
86.0566 33.8293
86.1001 33.9001
86.1435 33.9707
86.1869 34.0412
86.2302 34.111
86.2733 34.1801
86.3164 34.2492
86.3595 34.3181
86.4026 34.3871
86.4458 34.4561
86.489 34.5252
86.5322 34.5941
86.5754 34.6629
86.6186 34.7313
86.6615 34.7988
86.7044 34.8662
86.7472 34.9334
86.7901 35.0005
86.833 35.0676
86.8757 35.1341
86.9184 35.2003
86.9612 35.2666
87.004 35.3329
87.0467 35.399
87.0895 35.4651
87.1323 35.5313
87.1752 35.5975
87.2181 35.6636
87.261 35.7297
87.3039 35.7958
87.3469 35.862
87.3899 35.9282
87.4329 35.9945
87.476 36.0607
87.5191 36.1269
87.5622 36.1931
87.6053 36.2592
87.6485 36.3253
87.6916 36.3914
87.7348 36.4576
87.7781 36.5237
87.8213 36.5899
87.8646 36.6561
87.908 36.7223
87.9512 36.7881
87.9945 36.854
88.0378 36.9198
88.0811 36.9855
88.1242 37.0504
88.1672 37.1148
88.2102 37.179
88.2532 37.2434
88.2963 37.3077
88.3391 37.3712
88.3818 37.4342
88.4246 37.4973
88.4674 37.5604
88.5102 37.6235
88.5527 37.6852
88.5951 37.7467
88.6375 37.8079
88.6797 37.8684
88.7219 37.929
88.7642 37.9897
88.8066 38.0504
88.8489 38.1111
88.8913 38.1719
88.9338 38.2327
88.9762 38.2936
89.0187 38.3545
89.0613 38.4154
89.1039 38.4764
89.1465 38.5374
89.1892 38.5985
89.2319 38.6596
89.2746 38.7207
89.3174 38.7819
89.3602 38.843
89.4028 38.9036
89.4453 38.9634
89.4878 39.0231
89.5302 39.0827
89.5727 39.1425
89.6153 39.2022
89.6579 39.262
89.7005 39.3217
89.743 39.3813
89.7856 39.4407
89.828 39.4994
89.8702 39.5577
89.9125 39.616
89.9549 39.6744
89.9973 39.7328
90.0397 39.7912
90.0822 39.8497
90.1247 39.9082
90.1672 39.9668
90.2098 40.0254
90.2524 40.084
90.295 40.1427
90.3377 40.2014
90.3804 40.2602
90.4232 40.319
90.466 40.3778
90.5088 40.4367
90.5517 40.4956
90.5946 40.5545
90.6375 40.6135
90.6805 40.6725
90.7235 40.7316
90.7665 40.7906
90.8096 40.8498
90.8527 40.9089
90.8959 40.9682
90.9391 41.0274
90.9823 41.0867
91.0256 41.146
91.0689 41.2054
91.1122 41.2648
91.1556 41.3242
91.199 41.3837
91.2425 41.4432
91.286 41.5028
91.3295 41.5623
91.3731 41.622
91.4167 41.6816
91.4603 41.7413
91.504 41.8011
91.5477 41.8609
91.5915 41.9207
91.6353 41.9805
91.6791 42.0404
91.7229 42.1004
91.7666 42.1628
91.8103 42.2255
91.854 42.2882
91.8978 42.3509
91.9416 42.4137
91.9854 42.4765
92.0293 42.5394
92.0732 42.6023
92.1172 42.6652
92.1611 42.7282
92.2052 42.7912
92.2492 42.8542
92.2933 42.9173
92.3375 42.9804
92.3816 43.0436
92.4258 43.1068
92.4701 43.1701
92.5144 43.2333
92.5587 43.2967
92.6031 43.36
92.6475 43.4234
92.6919 43.4869
92.7364 43.5503
92.7809 43.6139
92.8254 43.6774
92.87 43.741
92.9146 43.8046
92.9593 43.8683
93.004 43.932
93.0487 43.9958
93.0935 44.0595
93.1383 44.1234
93.1832 44.1872
93.2281 44.2511
93.273 44.3151
93.318 44.3791
93.363 44.4431
93.408 44.5071
93.4531 44.5712
93.4982 44.6354
93.5433 44.6996
93.5885 44.7638
93.6338 44.828
93.679 44.8923
93.7243 44.9567
93.7697 45.021
93.8151 45.0854
93.8605 45.1499
93.9059 45.2144
93.9514 45.2789
93.997 45.3435
94.0425 45.4081
94.0882 45.4727
94.1338 45.5374
94.1795 45.6021
94.2252 45.6669
94.271 45.7317
94.3168 45.7965
94.3626 45.8614
94.4085 45.9263
94.4544 45.9913
94.5004 46.0562
94.5464 46.1213
94.5924 46.1864
94.6384 46.2528
94.6844 46.3202
94.7303 46.3877
94.7764 46.4552
94.8225 46.5228
94.8686 46.5904
94.9147 46.658
94.9609 46.7257
95.0071 46.7934
95.0534 46.8611
95.0997 46.9289
95.146 46.9967
95.1924 47.0646
95.2388 47.1325
95.2853 47.2005
95.3318 47.2684
95.3783 47.3365
95.4249 47.4045
95.4715 47.4726
95.5182 47.5408
95.5648 47.609
95.6116 47.6772
95.6583 47.7454
95.7052 47.8137
95.752 47.8821
95.7989 47.9505
95.8458 48.0189
95.8928 48.0873
95.9398 48.1558
95.9868 48.2244
96.0339 48.293
96.081 48.3616
