0.1 -0.0166469
0.2 -0.0333475
0.3 -0.0501176
0.4 -0.0669542
0.5 -0.0838573
0.6 -0.100827
0.7 -0.117865
0.8 -0.134971
0.9 -0.152147
1 -0.169392
0.70098 -0.179392
1.40042 -0.189392
2.09769 -0.199392
2.79327 -0.209392
3.48732 -0.219392
4.17961 -0.229392
4.87025 -0.239392
5.55946 -0.249392
6.24719 -0.259392
6.93333 -0.269392
7.61793 -0.279392
8.30101 -0.289392
8.98254 -0.299392
9.66248 -0.309392
10.3409 -0.319392
11.0176 -0.329392
11.6928 -0.339392
12.3665 -0.349392
13.0386 -0.359392
13.7091 -0.369392
14.3781 -0.379392
15.0456 -0.389392
15.7115 -0.399392
16.3759 -0.409392
17.0387 -0.419392
17.6999 -0.429392
18.3596 -0.439392
19.0178 -0.449392
19.6744 -0.459392
20.3295 -0.469392
20.983 -0.479392
21.635 -0.489392
22.2855 -0.499392
22.9344 -0.509392
23.5818 -0.519392
24.2277 -0.529392
24.8721 -0.539392
25.5149 -0.549392
26.1562 -0.559392
26.7959 -0.569392
27.4342 -0.579392
28.0709 -0.589392
28.7061 -0.599392
29.3397 -0.609392
29.9719 -0.619392
30.6025 -0.629392
31.2317 -0.639392
31.8593 -0.649392
32.4854 -0.659392
33.11 -0.669392
33.733 -0.679392
34.3546 -0.689392
34.9747 -0.699392
35.5932 -0.709392
36.2103 -0.719392
36.8258 -0.729392
37.4399 -0.739392
38.0524 -0.749392
38.6635 -0.759392
39.2731 -0.769392
39.8812 -0.779392
40.4878 -0.789392
41.0929 -0.799392
41.6965 -0.809392
42.2987 -0.819392
42.8994 -0.829392
43.4986 -0.839392
44.0963 -0.849392
44.6925 -0.859392
45.2873 -0.869392
45.8806 -0.879392
46.4724 -0.889392
47.0628 -0.899392
47.6517 -0.909392
48.2392 -0.919392
48.8252 -0.929392
49.4097 -0.939392
49.9927 -0.949392
50.5744 -0.959392
51.1545 -0.969392
51.7332 -0.979392
52.3105 -0.989392
52.8863 -0.999392
53.4606 -1.00939
54.0335 -1.01939
54.605 -1.02939
55.175 -1.03939
55.7436 -1.04939
56.3108 -1.05939
56.8765 -1.06939
57.4408 -1.07939
58.0036 -1.08939
58.565 -1.09939
59.125 -1.10939
59.6836 -1.11939
60.2407 -1.12939
60.7964 -1.13939
61.3507 -1.14939
61.9036 -1.15939
62.455 -1.16939
63.0051 -1.17939
63.5537 -1.18939
64.1009 -1.19939
64.6467 -1.20939
65.1911 -1.21939
65.734 -1.22939
66.2756 -1.23939
66.8157 -1.24939
67.3545 -1.25939
67.8919 -1.26939
68.4278 -1.27939
68.9623 -1.28939
69.4955 -1.29939
70.0273 -1.30939
70.5576 -1.31939
71.0866 -1.32939
71.6141 -1.33939
72.1403 -1.34939
72.6651 -1.35939
73.1885 -1.36939
73.7105 -1.37939
74.2312 -1.38939
74.7504 -1.39939
75.2683 -1.40939
75.7848 -1.41939
76.3 -1.42939
76.8137 -1.43939
77.3261 -1.44939
77.8371 -1.45939
78.3468 -1.46939
78.855 -1.47939
79.3619 -1.48939
79.8675 -1.49939
80.3717 -1.50939
80.8745 -1.51939
81.376 -1.52939
81.8761 -1.53939
82.3748 -1.54939
82.8722 -1.55939
83.3682 -1.56939
83.8629 -1.57939
84.3562 -1.58939
84.8482 -1.59939
85.3389 -1.60939
85.8281 -1.61939
86.3161 -1.62939
86.8027 -1.63939
87.2879 -1.64939
87.7718 -1.65939
88.2544 -1.66939
88.7356 -1.67939
89.2155 -1.68939
89.694 -1.69939
90.1713 -1.70939
90.6472 -1.71939
91.1217 -1.72939
91.595 -1.73939
92.0669 -1.74939
92.5375 -1.75939
93.0067 -1.76939
93.4747 -1.77939
93.9413 -1.78939
94.4066 -1.79939
94.8706 -1.80939
95.3332 -1.81939
95.7946 -1.82939
96.2546 -1.83939
96.7133 -1.84939
97.1708 -1.85939
97.6269 -1.86939
98.0817 -1.87939
98.5351 -1.88939
98.9873 -1.89939
99.4382 -1.90939
99.8878 -1.91939
100.336 -1.92939
100.783 -1.93939
101.228 -1.94939
101.669 -1.95939
102.101 -1.96939
102.524 -1.97939
102.932 -1.98939
103.308 -1.99939
103.677 -2.00939
104.045 -2.01939
104.412 -2.02939
104.777 -2.03939
105.14 -2.04939
105.502 -2.05939
105.862 -2.06939
106.221 -2.07939
106.579 -2.08939
106.935 -2.09939
107.289 -2.10939
107.642 -2.11939
107.992 -2.12939
108.341 -2.13939
108.685 -2.14939
109.028 -2.15939
109.368 -2.16939
109.703 -2.17939
110.037 -2.18939
110.367 -2.19939
110.693 -2.20939
111.016 -2.21939
111.337 -2.22939
111.656 -2.23939
111.974 -2.24939
112.291 -2.25939
112.605 -2.26939
112.918 -2.27939
113.23 -2.28939
113.539 -2.29939
113.847 -2.30939
114.154 -2.31939
114.459 -2.32939
114.762 -2.33939
115.063 -2.34939
115.363 -2.35939
115.661 -2.36939
115.958 -2.37939
116.252 -2.38939
116.545 -2.39939
116.837 -2.40939
117.125 -2.41939
117.408 -2.42939
117.687 -2.43939
117.954 -2.44939
118.219 -2.45939
118.48 -2.46939
118.727 -2.47939
118.972 -2.48939
119.214 -2.49939
119.448 -2.50939
119.674 -2.51939
119.898 -2.52939
120.112 -2.53939
120.32 -2.54939
120.522 -2.55939
120.704 -2.56939
120.879 -2.57939
121.02 -2.58939
121.129 -2.59939
121.231 -2.60939
121.289 -2.61939
121.329 -2.62939
121.349 -2.63939
121.313 -2.64939
121.197 -2.65939
120.577 -2.66939
120.344 -2.67939
120.203 -2.68939
120.133 -2.69939
119.9 -2.70939
119.742 -2.71939
119.413 -2.72939
119.164 -2.73939
119.15 -2.74939
119.154 -2.75939
119.142 -2.76939
119.147 -2.77939
119.145 -2.78939
119.138 -2.79939
119.161 -2.80939
119.249 -2.81939
119.347 -2.82939
119.413 -2.83939
119.472 -2.84939
119.529 -2.85939
119.584 -2.86939
119.608 -2.87939
119.605 -2.88939
119.578 -2.89939
119.586 -2.90939
119.633 -2.91939
119.676 -2.92939
119.723 -2.93939
119.767 -2.94939
119.807 -2.95939
119.845 -2.96939
119.88 -2.97939
119.911 -2.98939
119.963 -2.99939
120.025 -3.00939
120.105 -3.01939
120.184 -3.02939
120.286 -3.03939
120.401 -3.04939
120.505 -3.05939
120.592 -3.06939
120.677 -3.07939
120.766 -3.08939
120.861 -3.09939
120.953 -3.10939
121.043 -3.11939
121.114 -3.12939
121.179 -3.13939
121.237 -3.14939
121.306 -3.15939
121.381 -3.16939
121.448 -3.17939
121.535 -3.18939
121.621 -3.19939
121.705 -3.20939
121.741 -3.21939
121.855 -3.22939
121.941 -3.23939
122.027 -3.24939
122.11 -3.25939
122.191 -3.26939
122.256 -3.27939
122.313 -3.28939
122.36 -3.29939
122.389 -3.30939
122.467 -3.31939
122.557 -3.32939
122.655 -3.33939
122.751 -3.34939
122.845 -3.35939
122.939 -3.36939
123.032 -3.37939
123.124 -3.38939
123.214 -3.39939
123.303 -3.40939
123.391 -3.41939
123.477 -3.42939
123.561 -3.43939
123.645 -3.44939
123.726 -3.45939
123.807 -3.46939
123.886 -3.47939
123.963 -3.48939
124.037 -3.49939
124.11 -3.50939
124.178 -3.51939
124.241 -3.52939
124.303 -3.53939
124.368 -3.54939
124.429 -3.55939
124.483 -3.56939
124.535 -3.57939
124.584 -3.58939
124.622 -3.59939
124.629 -3.60939
124.611 -3.61939
124.498 -3.62939
123.665 -3.63939
123.644 -3.64939
123.451 -3.65939
122.097 -3.66939
120.3 -3.67939
109.957 -3.68939
109.945 -3.69939
109.925 -3.70939
109.898 -3.71939
109.858 -3.72939
109.805 -3.73939
109.746 -3.74939
109.663 -3.75939
109.562 -3.76939
109.509 -3.77939
109.455 -3.78939
109.389 -3.79939
109.364 -3.80939
109.336 -3.81939
109.307 -3.82939
109.275 -3.83939
109.218 -3.84939
109.13 -3.85939
109.043 -3.86939
108.948 -3.87939
108.85 -3.88939
108.75 -3.89939
108.647 -3.90939
108.542 -3.91939
108.443 -3.92939
108.341 -3.93939
108.236 -3.94939
108.116 -3.95939
107.989 -3.96939
107.858 -3.97939
107.724 -3.98939
107.586 -3.99939
107.444 -4.00939
107.3 -4.01939
107.157 -4.02939
107.01 -4.03939
106.865 -4.04939
106.727 -4.05939
106.579 -4.06939
106.427 -4.07939
106.272 -4.08939
106.125 -4.09939
105.989 -4.10939
105.856 -4.11939
105.74 -4.12939
105.627 -4.13939
105.513 -4.14939
105.397 -4.15939
105.278 -4.16939
105.158 -4.17939
105.035 -4.18939
104.91 -4.19939
104.785 -4.20939
104.66 -4.21939
104.533 -4.22939
104.415 -4.23939
104.295 -4.24939
104.172 -4.25939
104.047 -4.26939
103.922 -4.27939
103.796 -4.28939
103.67 -4.29939
103.543 -4.30939
103.416 -4.31939
103.302 -4.32939
103.191 -4.33939
103.079 -4.34939
102.96 -4.35939
102.839 -4.36939
102.719 -4.37939
102.598 -4.38939
102.477 -4.39939
102.355 -4.40939
102.233 -4.41939
102.111 -4.42939
101.988 -4.43939
101.865 -4.44939
101.74 -4.45939
101.615 -4.46939
101.489 -4.47939
101.363 -4.48939
101.236 -4.49939
101.109 -4.50939
100.982 -4.51939
100.854 -4.52939
100.726 -4.53939
100.596 -4.54939
100.465 -4.55939
100.338 -4.56939
100.21 -4.57939
100.084 -4.58939
99.9607 -4.59939
99.8366 -4.60939
99.7123 -4.61939
99.5877 -4.62939
99.4628 -4.63939
99.3377 -4.64939
99.2123 -4.65939
99.0866 -4.66939
98.9605 -4.67939
98.8342 -4.68939
98.7076 -4.69939
98.5807 -4.70939
98.4536 -4.71939
98.3246 -4.72939
98.1952 -4.73939
98.0654 -4.74939
97.9352 -4.75939
97.8047 -4.76939
97.6738 -4.77939
97.5427 -4.78939
97.4112 -4.79939
97.2793 -4.80939
97.147 -4.81939
97.0142 -4.82939
96.881 -4.83939
96.7474 -4.84939
96.6123 -4.85939
96.476 -4.86939
96.3397 -4.87939
96.2031 -4.88939
96.0663 -4.89939
95.9293 -4.90939
95.792 -4.91939
95.6545 -4.92939
95.5167 -4.93939
95.3787 -4.94939
95.2404 -4.95939
95.1042 -4.96939
94.9754 -4.97939
94.8464 -4.98939
94.7172 -4.99939
94.5878 -5.00939
94.4729 -5.01939
94.365 -5.02939
94.2569 -5.03939
94.1487 -5.04939
94.0403 -5.05939
93.9319 -5.06939
93.8234 -5.07939
93.7147 -5.08939
93.6058 -5.09939
93.4967 -5.10939
93.3875 -5.11939
93.2782 -5.12939
93.1687 -5.13939
93.0587 -5.14939
92.9474 -5.15939
92.834 -5.16939
92.7202 -5.17939
92.6062 -5.18939
92.492 -5.19939
92.3776 -5.20939
92.263 -5.21939
92.1481 -5.22939
92.0338 -5.23939
91.9193 -5.24939
91.8046 -5.25939
91.6897 -5.26939
91.5746 -5.27939
91.4592 -5.28939
91.3437 -5.29939
91.2279 -5.30939
91.1119 -5.31939
90.9952 -5.32939
90.878 -5.33939
90.7606 -5.34939
90.643 -5.35939
90.5252 -5.36939
90.4072 -5.37939
90.289 -5.38939
90.1705 -5.39939
90.0519 -5.40939
89.9331 -5.41939
89.814 -5.42939
89.6947 -5.43939
89.5752 -5.44939
89.4555 -5.45939
89.3355 -5.46939
89.2153 -5.47939
89.0948 -5.48939
88.9784 -5.49939
88.8839 -5.50939
88.7891 -5.51939
88.6948 -5.52939
88.6033 -5.53939
88.5129 -5.54939
88.4218 -5.55939
88.3287 -5.56939
88.2355 -5.57939
88.1422 -5.58939
88.0488 -5.59939
87.9652 -5.60939
87.8824 -5.61939
87.7995 -5.62939
87.7164 -5.63939
87.6333 -5.64939
87.5501 -5.65939
87.4668 -5.66939
87.3834 -5.67939
87.2999 -5.68939
87.2163 -5.69939
87.1327 -5.70939
87.0489 -5.71939
86.9651 -5.72939
86.8811 -5.73939
86.7967 -5.74939
86.7123 -5.75939
86.6277 -5.76939
86.5432 -5.77939
86.4585 -5.78939
86.3738 -5.79939
86.289 -5.80939
86.2042 -5.81939
86.1193 -5.82939
86.0344 -5.83939
85.9494 -5.84939
85.8644 -5.85939
85.7793 -5.86939
85.6941 -5.87939
85.6089 -5.88939
85.5235 -5.89939
85.4382 -5.90939
85.3526 -5.91939
85.2656 -5.92939
85.1786 -5.93939
85.0916 -5.94939
85.0044 -5.95939
84.9172 -5.96939
84.8299 -5.97939
84.7438 -5.98939
84.6583 -5.99939
84.5727 -6.00939
84.4871 -6.01939
84.4015 -6.02939
84.3158 -6.03939
84.23 -6.04939
84.1441 -6.05939
84.0582 -6.06939
83.9722 -6.07939
83.8862 -6.08939
83.8 -6.09939
83.7138 -6.10939
83.6276 -6.11939
83.5412 -6.12939
83.4548 -6.13939
83.3683 -6.14939
83.2818 -6.15939
83.1952 -6.16939
83.1084 -6.17939
83.0217 -6.18939
82.9348 -6.19939
82.8479 -6.20939
82.7609 -6.21939
82.6738 -6.22939
82.5866 -6.23939
82.4993 -6.24939
82.4115 -6.25939
82.3234 -6.26939
82.2354 -6.27939
82.1473 -6.28939
82.0611 -6.29939
81.9864 -6.30939
81.9117 -6.31939
81.837 -6.32939
81.7623 -6.33939
81.6876 -6.34939
81.6128 -6.35939
81.5381 -6.36939
81.4633 -6.37939
81.3885 -6.38939
81.3137 -6.39939
81.2389 -6.40939
81.1641 -6.41939
81.0893 -6.42939
81.0145 -6.43939
80.9396 -6.44939
80.8648 -6.45939
80.7899 -6.46939
80.715 -6.47939
80.6401 -6.48939
80.5652 -6.49939
80.4903 -6.50939
80.4154 -6.51939
80.3404 -6.52939
80.2655 -6.53939
80.1907 -6.54939
80.116 -6.55939
80.0414 -6.56939
79.9667 -6.57939
79.8929 -6.58939
79.8206 -6.59939
79.7483 -6.60939
79.6761 -6.61939
79.6038 -6.62939
79.5315 -6.63939
79.4584 -6.64939
79.3846 -6.65939
79.3109 -6.66939
79.2372 -6.67939
79.1634 -6.68939
79.0897 -6.69939
79.016 -6.70939
78.9422 -6.71939
78.8685 -6.72939
78.7948 -6.73939
78.723 -6.74939
78.6543 -6.75939
78.5855 -6.76939
78.5168 -6.77939
78.4481 -6.78939
78.3794 -6.79939
78.3107 -6.80939
78.2421 -6.81939
78.1732 -6.82939
78.1042 -6.83939
78.0353 -6.84939
77.9665 -6.85939
77.8976 -6.86939
77.8288 -6.87939
77.76 -6.88939
77.6913 -6.89939
77.6225 -6.90939
77.5538 -6.91939
77.4852 -6.92939
77.4165 -6.93939
77.3479 -6.94939
77.2793 -6.95939
77.2108 -6.96939
77.1423 -6.97939
77.0738 -6.98939
77.0054 -6.99939
76.9369 -7.00939
76.8686 -7.01939
76.8002 -7.02939
76.7319 -7.03939
76.6636 -7.04939
76.5954 -7.05939
76.5272 -7.06939
76.4592 -7.07939
76.3912 -7.08939
76.3232 -7.09939
76.2552 -7.10939
76.1873 -7.11939
76.1194 -7.12939
76.0535 -7.13939
75.9942 -7.14939
75.9349 -7.15939
75.8757 -7.16939
75.8165 -7.17939
75.7573 -7.18939
75.6982 -7.19939
75.639 -7.20939
75.58 -7.21939
75.5209 -7.22939
75.4619 -7.23939
75.403 -7.24939
75.344 -7.25939
75.2851 -7.26939
75.2262 -7.27939
75.1674 -7.28939
75.1086 -7.29939
75.0498 -7.30939
74.9911 -7.31939
74.9324 -7.32939
74.8738 -7.33939
74.8151 -7.34939
74.7566 -7.35939
74.698 -7.36939
74.6401 -7.37939
74.5826 -7.38939
74.5251 -7.39939
74.4677 -7.40939
74.4103 -7.41939
74.3529 -7.42939
74.2955 -7.43939
74.2382 -7.44939
74.181 -7.45939
74.1238 -7.46939
74.0666 -7.47939
74.0094 -7.48939
73.9523 -7.49939
73.8952 -7.50939
73.8382 -7.51939
73.7812 -7.52939
73.7243 -7.53939
73.6674 -7.54939
73.6105 -7.55939
73.5537 -7.56939
73.4969 -7.57939
73.4402 -7.58939
73.3834 -7.59939
73.3265 -7.60939
73.2697 -7.61939
73.213 -7.62939
73.1563 -7.63939
73.0996 -7.64939
73.0431 -7.65939
72.9865 -7.66939
72.93 -7.67939
72.8736 -7.68939
72.8173 -7.69939
72.7609 -7.70939
72.7047 -7.71939
72.6485 -7.72939
72.5923 -7.73939
72.536 -7.74939
72.4798 -7.75939
72.4236 -7.76939
72.3676 -7.77939
72.3115 -7.78939
72.2555 -7.79939
72.1996 -7.80939
72.1437 -7.81939
72.0879 -7.82939
72.0323 -7.83939
71.9815 -7.84939
71.9307 -7.85939
71.8801 -7.86939
71.8294 -7.87939
71.7789 -7.88939
71.7283 -7.89939
71.6778 -7.90939
71.6274 -7.91939
71.577 -7.92939
71.5267 -7.93939
71.4764 -7.94939
71.4261 -7.95939
71.3759 -7.96939
71.3258 -7.97939
71.2757 -7.98939
71.2256 -7.99939
71.1756 -8.00939
71.1257 -8.01939
71.0758 -8.02939
71.0259 -8.03939
70.9762 -8.04939
70.9264 -8.05939
70.8767 -8.06939
70.8271 -8.07939
70.7775 -8.08939
70.728 -8.09939
70.6785 -8.10939
70.629 -8.11939
70.5796 -8.12939
70.5303 -8.13939
70.481 -8.14939
70.4318 -8.15939
70.3826 -8.16939
70.3335 -8.17939
70.2844 -8.18939
70.2354 -8.19939
70.1864 -8.20939
70.1375 -8.21939
70.0887 -8.22939
70.0399 -8.23939
69.9911 -8.24939
69.9424 -8.25939
69.8938 -8.26939
69.8452 -8.27939
69.7967 -8.28939
69.7482 -8.29939
69.6998 -8.30939
69.6514 -8.31939
69.6031 -8.32939
69.5548 -8.33939
69.5066 -8.34939
69.4585 -8.35939
69.4104 -8.36939
69.3624 -8.37939
69.3144 -8.38939
69.2665 -8.39939
69.2186 -8.40939
69.1708 -8.41939
69.1231 -8.42939
69.0754 -8.43939
69.0278 -8.44939
68.9802 -8.45939
68.9327 -8.46939
68.8852 -8.47939
68.8378 -8.48939
68.7905 -8.49939
68.7432 -8.50939
68.696 -8.51939
68.6488 -8.52939
68.602 -8.53939
68.5555 -8.54939
68.509 -8.55939
68.4626 -8.56939
68.4162 -8.57939
68.3699 -8.58939
68.3236 -8.59939
68.2774 -8.60939
68.2313 -8.61939
68.1852 -8.62939
68.1391 -8.63939
68.0932 -8.64939
68.05 -8.65939
68.0078 -8.66939
67.9655 -8.67939
67.9233 -8.68939
67.8812 -8.69939
67.8391 -8.70939
67.7971 -8.71939
67.7552 -8.72939
67.7132 -8.73939
67.6714 -8.74939
67.6296 -8.75939
67.5878 -8.76939
67.5462 -8.77939
67.5045 -8.78939
67.4629 -8.79939
67.4214 -8.80939
67.38 -8.81939
67.3385 -8.82939
67.2972 -8.83939
67.2559 -8.84939
67.2147 -8.85939
67.1735 -8.86939
67.1324 -8.87939
67.0913 -8.88939
67.0503 -8.89939
67.0093 -8.90939
66.9684 -8.91939
66.9276 -8.92939
66.8868 -8.93939
66.8461 -8.94939
66.8054 -8.95939
66.7648 -8.96939
66.7243 -8.97939
66.6838 -8.98939
66.6433 -8.99939
66.6029 -9.00939
66.5626 -9.01939
66.5224 -9.02939
66.4822 -9.03939
66.442 -9.04939
66.402 -9.05939
66.3618 -9.06939
66.3216 -9.07939
66.2815 -9.08939
66.2414 -9.09939
66.2014 -9.10939
66.1615 -9.11939
66.1216 -9.12939
66.0818 -9.13939
66.042 -9.14939
66.0023 -9.15939
65.9627 -9.16939
65.9231 -9.17939
65.8836 -9.18939
65.8441 -9.19939
65.8047 -9.20939
65.7654 -9.21939
65.7261 -9.22939
65.6869 -9.23939
65.6477 -9.24939
65.6086 -9.25939
65.5696 -9.26939
65.5306 -9.27939
65.4917 -9.28939
65.4529 -9.29939
65.4141 -9.30939
65.3754 -9.31939
65.3367 -9.32939
65.2981 -9.33939
65.2596 -9.34939
65.2212 -9.35939
65.1828 -9.36939
65.1444 -9.37939
65.1062 -9.38939
65.068 -9.39939
65.0298 -9.40939
64.9917 -9.41939
64.9537 -9.42939
64.9158 -9.43939
64.8779 -9.44939
64.8401 -9.45939
64.8024 -9.46939
64.7647 -9.47939
64.7271 -9.48939
64.6896 -9.49939
64.6521 -9.50939
64.6147 -9.51939
64.5773 -9.52939
64.5401 -9.53939
64.5029 -9.54939
64.4657 -9.55939
64.4286 -9.56939
64.3916 -9.57939
64.3547 -9.58939
64.3178 -9.59939
64.2809 -9.60939
64.2441 -9.61939
64.2074 -9.62939
64.1708 -9.63939
64.1342 -9.64939
64.0977 -9.65939
64.0612 -9.66939
64.0249 -9.67939
63.9886 -9.68939
63.9523 -9.69939
63.9162 -9.70939
63.8801 -9.71939
63.844 -9.72939
63.8081 -9.73939
63.7722 -9.74939
63.7364 -9.75939
63.7006 -9.76939
63.6649 -9.77939
63.6293 -9.78939
63.5938 -9.79939
63.5583 -9.80939
63.5229 -9.81939
63.4876 -9.82939
63.4523 -9.83939
63.4171 -9.84939
63.382 -9.85939
63.3469 -9.86939
63.3119 -9.87939
63.277 -9.88939
63.2422 -9.89939
63.2074 -9.90939
63.1727 -9.91939
63.1381 -9.92939
63.1036 -9.93939
63.0691 -9.94939
63.0347 -9.95939
63.0003 -9.96939
62.966 -9.97939
62.9318 -9.98939
62.8978 -9.99939
62.8646 -10.0094
62.8314 -10.0194
62.7983 -10.0294
62.7653 -10.0394
62.7323 -10.0494
62.6992 -10.0594
62.6661 -10.0694
62.6331 -10.0794
62.6001 -10.0894
62.5673 -10.0994
62.5345 -10.1094
62.5017 -10.1194
62.469 -10.1294
62.4363 -10.1394
62.4038 -10.1494
62.3713 -10.1594
62.3389 -10.1694
62.3065 -10.1794
62.2742 -10.1894
62.242 -10.1994
62.2099 -10.2094
62.1779 -10.2194
62.1459 -10.2294
62.114 -10.2394
62.0821 -10.2494
62.0504 -10.2594
62.0187 -10.2694
61.987 -10.2794
61.9554 -10.2894
61.9239 -10.2994
61.8925 -10.3094
61.8611 -10.3194
61.8298 -10.3294
61.7986 -10.3394
61.7675 -10.3494
61.7364 -10.3594
61.7054 -10.3694
61.6744 -10.3794
61.6435 -10.3894
61.6127 -10.3994
61.582 -10.4094
61.5513 -10.4194
61.5208 -10.4294
61.4903 -10.4394
61.4598 -10.4494
61.4295 -10.4594
61.3991 -10.4694
61.3689 -10.4794
61.3387 -10.4894
61.3087 -10.4994
61.2787 -10.5094
61.2487 -10.5194
61.2189 -10.5294
61.1891 -10.5394
61.1591 -10.5494
61.1292 -10.5594
61.0994 -10.5694
61.0696 -10.5794
61.0399 -10.5894
61.0102 -10.5994
60.9807 -10.6094
60.9512 -10.6194
60.9218 -10.6294
60.8924 -10.6394
60.8631 -10.6494
60.8339 -10.6594
60.8048 -10.6694
60.7757 -10.6794
60.7466 -10.6894
60.7177 -10.6994
60.6888 -10.7094
60.66 -10.7194
60.6313 -10.7294
60.6026 -10.7394
60.574 -10.7494
60.5456 -10.7594
60.5171 -10.7694
60.4888 -10.7794
60.4605 -10.7894
60.4324 -10.7994
60.4043 -10.8094
60.3762 -10.8194
60.3483 -10.8294
60.3204 -10.8394
60.2926 -10.8494
60.2649 -10.8594
60.2372 -10.8694
60.2097 -10.8794
60.1822 -10.8894
60.1547 -10.8994
60.1274 -10.9094
60.1001 -10.9194
60.073 -10.9294
60.0459 -10.9394
60.0188 -10.9494
59.9918 -10.9594
59.9649 -10.9694
59.938 -10.9794
59.9113 -10.9894
59.8846 -10.9994
59.858 -11.0094
59.8314 -11.0194
59.805 -11.0294
59.7786 -11.0394
59.7523 -11.0494
59.7261 -11.0594
59.6999 -11.0694
59.6738 -11.0794
59.6478 -11.0894
59.6219 -11.0994
59.5961 -11.1094
59.5703 -11.1194
59.5446 -11.1294
59.519 -11.1394
59.4935 -11.1494
59.468 -11.1594
59.4427 -11.1694
59.4174 -11.1794
59.3922 -11.1894
59.367 -11.1994
59.342 -11.2094
59.317 -11.2194
59.2921 -11.2294
59.2673 -11.2394
59.2425 -11.2494
59.2179 -11.2594
59.1933 -11.2694
59.1688 -11.2794
59.1444 -11.2894
59.12 -11.2994
59.0958 -11.3094
59.0716 -11.3194
59.0476 -11.3294
59.0236 -11.3394
58.9996 -11.3494
58.9757 -11.3594
58.9519 -11.3694
58.9281 -11.3794
58.9045 -11.3894
58.8809 -11.3994
58.8574 -11.4094
58.834 -11.4194
58.8106 -11.4294
58.7872 -11.4394
58.7638 -11.4494
58.7406 -11.4594
58.7174 -11.4694
58.6943 -11.4794
58.6713 -11.4894
58.6484 -11.4994
58.6256 -11.5094
58.6028 -11.5194
58.5802 -11.5294
58.5576 -11.5394
58.5351 -11.5494
58.5127 -11.5594
58.4904 -11.5694
58.4682 -11.5794
58.446 -11.5894
58.424 -11.5994
58.402 -11.6094
58.3801 -11.6194
58.3583 -11.6294
58.3366 -11.6394
58.315 -11.6494
58.2935 -11.6594
58.2721 -11.6694
58.2507 -11.6794
58.2294 -11.6894
58.2082 -11.6994
58.1871 -11.7094
58.166 -11.7194
58.145 -11.7294
58.1241 -11.7394
58.1033 -11.7494
58.0823 -11.7594
58.0613 -11.7694
58.0403 -11.7794
58.0195 -11.7894
57.9988 -11.7994
57.9781 -11.8094
57.9575 -11.8194
57.937 -11.8294
57.9165 -11.8394
57.8961 -11.8494
57.8758 -11.8594
57.8556 -11.8694
57.8354 -11.8794
57.8154 -11.8894
57.7954 -11.8994
57.7755 -11.9094
57.7556 -11.9194
57.7359 -11.9294
57.7162 -11.9394
57.6966 -11.9494
57.6771 -11.9594
57.6577 -11.9694
57.6384 -11.9794
57.6192 -11.9894
57.6001 -11.9994
57.581 -12.0094
57.5621 -12.0194
57.5432 -12.0294
57.5244 -12.0394
57.5058 -12.0494
57.4872 -12.0594
57.4687 -12.0694
57.4503 -12.0794
57.432 -12.0894
57.4137 -12.0994
57.3956 -12.1094
57.3776 -12.1194
57.3596 -12.1294
57.3417 -12.1394
57.324 -12.1494
57.3063 -12.1594
57.2894 -12.1694
57.2728 -12.1794
57.2563 -12.1894
57.2398 -12.1994
57.2235 -12.2094
57.2072 -12.2194
57.1911 -12.2294
57.175 -12.2394
57.159 -12.2494
57.1431 -12.2594
57.1272 -12.2694
57.1115 -12.2794
57.0958 -12.2894
57.0802 -12.2994
57.0625 -12.3094
57.0448 -12.3194
57.026 -12.3294
57.0075 -12.3394
56.9891 -12.3494
56.9707 -12.3594
56.9524 -12.3694
56.9342 -12.3794
56.9161 -12.3894
56.898 -12.3994
56.8801 -12.4094
56.8622 -12.4194
56.8444 -12.4294
56.8267 -12.4394
56.809 -12.4494
56.7914 -12.4594
56.7739 -12.4694
56.7565 -12.4794
56.7392 -12.4894
56.7219 -12.4994
56.7048 -12.5094
56.6877 -12.5194
56.6707 -12.5294
56.6537 -12.5394
56.6369 -12.5494
56.6201 -12.5594
56.6034 -12.5694
56.5868 -12.5794
56.5703 -12.5894
56.5539 -12.5994
56.5375 -12.6094
56.5213 -12.6194
56.5051 -12.6294
56.4889 -12.6394
56.4729 -12.6494
56.457 -12.6594
56.4411 -12.6694
56.4253 -12.6794
56.4096 -12.6894
56.394 -12.6994
56.3785 -12.7094
56.3631 -12.7194
56.3477 -12.7294
56.3324 -12.7394
56.3172 -12.7494
56.3021 -12.7594
56.2871 -12.7694
56.2721 -12.7794
56.2573 -12.7894
56.2425 -12.7994
56.2278 -12.8094
56.2132 -12.8194
56.1987 -12.8294
56.1843 -12.8394
56.17 -12.8494
56.1557 -12.8594
56.14 -12.8694
56.1221 -12.8794
56.1044 -12.8894
56.0866 -12.8994
56.069 -12.9094
56.0513 -12.9194
56.0338 -12.9294
56.0163 -12.9394
55.999 -12.9494
55.9816 -12.9594
55.9644 -12.9694
55.9472 -12.9794
55.9301 -12.9894
55.913 -12.9994
55.896 -13.0094
55.8794 -13.0194
55.8632 -13.0294
55.847 -13.0394
55.8309 -13.0494
55.8148 -13.0594
55.7988 -13.0694
55.7829 -13.0794
55.767 -13.0894
55.7512 -13.0994
55.7355 -13.1094
55.7198 -13.1194
55.7042 -13.1294
55.6886 -13.1394
55.6731 -13.1494
55.6577 -13.1594
55.6424 -13.1694
55.627 -13.1794
55.6117 -13.1894
55.5966 -13.1994
55.5814 -13.2094
55.5664 -13.2194
55.5514 -13.2294
55.5363 -13.2394
55.5213 -13.2494
55.5064 -13.2594
55.4915 -13.2694
55.4766 -13.2794
55.4618 -13.2894
55.447 -13.2994
55.4323 -13.3094
55.4177 -13.3194
55.4032 -13.3294
55.3887 -13.3394
55.3743 -13.3494
55.3599 -13.3594
55.3456 -13.3694
55.3313 -13.3794
55.3172 -13.3894
55.3031 -13.3994
55.2891 -13.4094
55.2751 -13.4194
55.2613 -13.4294
55.2475 -13.4394
55.2338 -13.4494
55.2201 -13.4594
55.2065 -13.4694
55.193 -13.4794
55.1796 -13.4894
55.1662 -13.4994
55.1529 -13.5094
55.1397 -13.5194
55.1266 -13.5294
55.1136 -13.5394
55.1006 -13.5494
55.0877 -13.5594
55.0748 -13.5694
55.062 -13.5794
55.0493 -13.5894
55.0367 -13.5994
55.0238 -13.6094
55.0079 -13.6194
54.9919 -13.6294
54.9761 -13.6394
54.9603 -13.6494
54.9446 -13.6594
54.929 -13.6694
54.9134 -13.6794
54.8979 -13.6894
54.8825 -13.6994
54.8671 -13.7094
54.8518 -13.7194
54.8365 -13.7294
54.8213 -13.7394
54.8062 -13.7494
54.7912 -13.7594
54.7762 -13.7694
54.7612 -13.7794
54.7463 -13.7894
54.7315 -13.7994
54.7167 -13.8094
54.7021 -13.8194
54.6874 -13.8294
54.6729 -13.8394
54.6584 -13.8494
54.6439 -13.8594
54.6296 -13.8694
54.6153 -13.8794
54.601 -13.8894
54.5868 -13.8994
54.5727 -13.9094
54.5587 -13.9194
54.5447 -13.9294
54.5308 -13.9394
54.517 -13.9494
54.5032 -13.9594
54.4895 -13.9694
54.4743 -13.9794
54.4579 -13.9894
54.4414 -13.9994
54.425 -14.0094
54.4086 -14.0194
54.3924 -14.0294
54.3762 -14.0394
54.36 -14.0494
54.3439 -14.0594
54.3279 -14.0694
54.3119 -14.0794
54.296 -14.0894
54.2802 -14.0994
54.2645 -14.1094
54.2488 -14.1194
54.2331 -14.1294
54.2176 -14.1394
54.202 -14.1494
54.1866 -14.1594
54.1712 -14.1694
54.1559 -14.1794
54.1407 -14.1894
54.1255 -14.1994
54.1104 -14.2094
54.0953 -14.2194
54.0803 -14.2294
54.0654 -14.2394
54.0505 -14.2494
54.0353 -14.2594
54.0187 -14.2694
54.002 -14.2794
53.9855 -14.2894
53.9689 -14.2994
53.9525 -14.3094
53.9361 -14.3194
53.9197 -14.3294
53.9034 -14.3394
53.8872 -14.3494
53.871 -14.3594
53.8549 -14.3694
53.8388 -14.3794
53.8228 -14.3894
53.8069 -14.3994
53.791 -14.4094
53.7751 -14.4194
53.7594 -14.4294
53.7436 -14.4394
53.728 -14.4494
53.7124 -14.4594
53.6969 -14.4694
53.6814 -14.4794
53.666 -14.4894
53.6506 -14.4994
53.6353 -14.5094
53.6201 -14.5194
53.6049 -14.5294
53.5898 -14.5394
53.5748 -14.5494
53.5598 -14.5594
53.5449 -14.5694
53.53 -14.5794
53.5151 -14.5894
53.5004 -14.5994
53.4857 -14.6094
53.471 -14.6194
53.4564 -14.6294
53.4419 -14.6394
53.4274 -14.6494
53.413 -14.6594
53.3986 -14.6694
53.3843 -14.6794
53.3701 -14.6894
53.3559 -14.6994
53.3418 -14.7094
53.3278 -14.7194
53.3138 -14.7294
53.2999 -14.7394
53.286 -14.7494
53.2722 -14.7594
53.2585 -14.7694
53.2448 -14.7794
53.2312 -14.7894
53.2176 -14.7994
53.2041 -14.8094
53.1907 -14.8194
53.1773 -14.8294
53.164 -14.8394
53.1508 -14.8494
53.1376 -14.8594
53.1245 -14.8694
53.1115 -14.8794
53.0985 -14.8894
53.0856 -14.8994
53.0727 -14.9094
53.0599 -14.9194
53.0472 -14.9294
53.0346 -14.9394
53.0219 -14.9494
53.0094 -14.9594
52.9969 -14.9694
52.9844 -14.9794
52.9721 -14.9894
52.9598 -14.9994
52.9475 -15.0094
52.9354 -15.0194
52.9233 -15.0294
52.9112 -15.0394
52.8993 -15.0494
52.8874 -15.0594
52.8755 -15.0694
52.8638 -15.0794
52.8521 -15.0894
52.8405 -15.0994
52.8289 -15.1094
52.8174 -15.1194
52.806 -15.1294
52.7946 -15.1394
52.7833 -15.1494
52.772 -15.1594
52.7609 -15.1694
52.7482 -15.1794
52.7352 -15.1894
52.7222 -15.1994
52.7093 -15.2094
52.6964 -15.2194
52.6836 -15.2294
52.6709 -15.2394
52.6582 -15.2494
52.6456 -15.2594
52.633 -15.2694
52.6205 -15.2794
52.608 -15.2894
52.5955 -15.2994
52.5832 -15.3094
52.5709 -15.3194
52.5586 -15.3294
52.5464 -15.3394
52.5343 -15.3494
52.5222 -15.3594
52.5102 -15.3694
52.4982 -15.3794
52.4863 -15.3894
52.4744 -15.3994
52.4626 -15.4094
52.4509 -15.4194
52.4392 -15.4294
52.4276 -15.4394
52.4161 -15.4494
52.4046 -15.4594
52.3932 -15.4694
52.3819 -15.4794
52.3706 -15.4894
52.3593 -15.4994
52.3481 -15.5094
52.3369 -15.5194
52.3258 -15.5294
52.3148 -15.5394
52.3038 -15.5494
52.2929 -15.5594
52.282 -15.5694
52.2712 -15.5794
52.2605 -15.5894
52.2499 -15.5994
52.2393 -15.6094
52.2287 -15.6194
52.2182 -15.6294
52.2078 -15.6394
52.1974 -15.6494
52.1871 -15.6594
52.1768 -15.6694
52.1666 -15.6794
52.1565 -15.6894
52.1464 -15.6994
52.1364 -15.7094
52.1264 -15.7194
52.1165 -15.7294
52.1066 -15.7394
52.0968 -15.7494
52.0871 -15.7594
52.0774 -15.7694
52.0677 -15.7794
52.0582 -15.7894
52.0487 -15.7994
52.0392 -15.8094
52.0299 -15.8194
52.0205 -15.8294
52.0113 -15.8394
52.0021 -15.8494
51.993 -15.8594
51.9839 -15.8694
51.9748 -15.8794
51.9659 -15.8894
51.957 -15.8994
51.9481 -15.9094
51.9394 -15.9194
51.9307 -15.9294
51.922 -15.9394
51.9134 -15.9494
51.9049 -15.9594
51.8964 -15.9694
51.888 -15.9794
51.8797 -15.9894
51.8709 -15.9994
51.8619 -16.0094
51.8529 -16.0194
51.844 -16.0294
51.8351 -16.0394
51.8264 -16.0494
51.8176 -16.0594
51.809 -16.0694
51.8004 -16.0794
51.7919 -16.0894
51.7834 -16.0994
51.775 -16.1094
51.7666 -16.1194
51.7584 -16.1294
51.7501 -16.1394
51.742 -16.1494
51.7339 -16.1594
51.7258 -16.1694
51.7178 -16.1794
51.7099 -16.1894
51.702 -16.1994
51.6942 -16.2094
51.6865 -16.2194
51.6788 -16.2294
51.6712 -16.2394
51.6635 -16.2494
51.656 -16.2594
51.6485 -16.2694
51.6411 -16.2794
51.6338 -16.2894
51.6265 -16.2994
51.6192 -16.3094
51.6121 -16.3194
51.605 -16.3294
51.5979 -16.3394
51.5909 -16.3494
51.5839 -16.3594
51.577 -16.3694
51.5702 -16.3794
51.5634 -16.3894
51.5567 -16.3994
51.55 -16.4094
51.5434 -16.4194
51.5368 -16.4294
51.5303 -16.4394
51.5238 -16.4494
51.5174 -16.4594
51.5111 -16.4694
51.5048 -16.4794
51.4986 -16.4894
51.4924 -16.4994
51.4863 -16.5094
51.4803 -16.5194
51.4744 -16.5294
51.4685 -16.5394
51.4627 -16.5494
51.4569 -16.5594
51.4512 -16.5694
51.4456 -16.5794
51.4401 -16.5894
51.4346 -16.5994
51.4292 -16.6094
51.4238 -16.6194
51.4185 -16.6294
51.4133 -16.6394
51.4081 -16.6494
51.4031 -16.6594
51.398 -16.6694
51.393 -16.6794
51.3881 -16.6894
51.3832 -16.6994
51.3785 -16.7094
51.3737 -16.7194
51.3691 -16.7294
51.3645 -16.7394
51.36 -16.7494
51.3555 -16.7594
51.3511 -16.7694
51.3468 -16.7794
51.3426 -16.7894
51.3384 -16.7994
51.3343 -16.8094
51.3303 -16.8194
51.3264 -16.8294
51.3225 -16.8394
51.3187 -16.8494
51.3149 -16.8594
51.3112 -16.8694
51.3076 -16.8794
51.3041 -16.8894
51.3006 -16.8994
51.2972 -16.9094
51.2939 -16.9194
51.2906 -16.9294
51.2874 -16.9394
51.2843 -16.9494
51.2812 -16.9594
51.2782 -16.9694
51.2753 -16.9794
51.2725 -16.9894
51.2697 -16.9994
51.267 -17.0094
51.2643 -17.0194
51.2617 -17.0294
51.2591 -17.0394
51.2567 -17.0494
51.2543 -17.0594
51.2519 -17.0694
51.2497 -17.0794
51.2475 -17.0894
51.2454 -17.0994
51.2434 -17.1094
51.2414 -17.1194
51.2395 -17.1294
51.2377 -17.1394
51.236 -17.1494
51.2343 -17.1594
51.2327 -17.1694
51.2312 -17.1794
51.2298 -17.1894
51.2285 -17.1994
51.2272 -17.2094
51.226 -17.2194
51.2249 -17.2294
51.2238 -17.2394
51.2228 -17.2494
51.2219 -17.2594
51.2211 -17.2694
51.2204 -17.2794
51.2197 -17.2894
51.2191 -17.2994
51.2186 -17.3094
51.2182 -17.3194
51.2178 -17.3294
51.2175 -17.3394
51.2172 -17.3494
51.2171 -17.3594
51.2169 -17.3694
51.2169 -17.3794
51.2169 -17.3894
51.2169 -17.3994
51.217 -17.4094
51.2172 -17.4194
51.2175 -17.4294
51.2179 -17.4394
51.2183 -17.4494
51.2188 -17.4594
51.2193 -17.4694
51.2199 -17.4794
51.2206 -17.4894
51.2213 -17.4994
51.2221 -17.5094
51.223 -17.5194
51.224 -17.5294
51.225 -17.5394
51.226 -17.5494
51.2271 -17.5594
51.2283 -17.5694
51.2295 -17.5794
51.2308 -17.5894
51.2322 -17.5994
51.2336 -17.6094
51.2351 -17.6194
51.2368 -17.6294
51.2384 -17.6394
51.2401 -17.6494
51.2419 -17.6594
51.2437 -17.6694
51.2456 -17.6794
51.2477 -17.6894
51.2499 -17.6994
51.2522 -17.7094
51.2545 -17.7194
51.2568 -17.7294
51.2591 -17.7394
51.2615 -17.7494
51.264 -17.7594
51.2665 -17.7694
51.2691 -17.7794
51.2717 -17.7894
51.2745 -17.7994
51.2772 -17.8094
51.2801 -17.8194
51.283 -17.8294
51.286 -17.8394
51.289 -17.8494
51.2921 -17.8594
51.2952 -17.8694
51.2985 -17.8794
51.3017 -17.8894
51.3051 -17.8994
51.3085 -17.9094
51.3119 -17.9194
51.3155 -17.9294
51.3192 -17.9394
51.3229 -17.9494
51.3267 -17.9594
51.3306 -17.9694
51.3345 -17.9794
51.3385 -17.9894
51.3426 -17.9994
51.3467 -18.0094
51.3509 -18.0194
51.3551 -18.0294
51.3595 -18.0394
51.3639 -18.0494
51.3684 -18.0594
51.373 -18.0694
51.3776 -18.0794
51.3823 -18.0894
51.387 -18.0994
51.3917 -18.1094
51.3966 -18.1194
51.4015 -18.1294
51.4065 -18.1394
51.4116 -18.1494
51.4167 -18.1594
51.422 -18.1694
51.4273 -18.1794
51.4327 -18.1894
51.4382 -18.1994
51.4438 -18.2094
51.4494 -18.2194
51.4551 -18.2294
51.4608 -18.2394
51.4665 -18.2494
51.4724 -18.2594
51.4783 -18.2694
51.4843 -18.2794
51.4898 -18.2894
51.4923 -18.2994
51.4949 -18.3094
51.4975 -18.3194
51.5002 -18.3294
51.5029 -18.3394
51.5057 -18.3494
51.5086 -18.3594
51.5115 -18.3694
51.5146 -18.3794
51.5176 -18.3894
51.5208 -18.3994
51.524 -18.4094
51.5273 -18.4194
51.5306 -18.4294
51.534 -18.4394
51.5375 -18.4494
51.541 -18.4594
51.5446 -18.4694
51.5483 -18.4794
51.5521 -18.4894
51.5559 -18.4994
51.5598 -18.5094
51.5637 -18.5194
51.5678 -18.5294
51.5719 -18.5394
51.576 -18.5494
51.5803 -18.5594
51.5846 -18.5694
51.589 -18.5794
51.5934 -18.5894
51.5979 -18.5994
51.6025 -18.6094
51.6072 -18.6194
51.6119 -18.6294
51.6168 -18.6394
51.6217 -18.6494
51.6266 -18.6594
51.6316 -18.6694
51.6366 -18.6794
51.6417 -18.6894
51.6468 -18.6994
51.652 -18.7094
51.6573 -18.7194
51.6625 -18.7294
51.6679 -18.7394
51.6733 -18.7494
51.6788 -18.7594
51.6844 -18.7694
51.6899 -18.7794
51.6955 -18.7894
51.7011 -18.7994
51.7069 -18.8094
51.7127 -18.8194
51.7185 -18.8294
51.7244 -18.8394
51.7303 -18.8494
51.7363 -18.8594
51.7423 -18.8694
51.7484 -18.8794
51.7545 -18.8894
51.7607 -18.8994
51.767 -18.9094
51.7733 -18.9194
51.7798 -18.9294
51.7863 -18.9394
51.7928 -18.9494
51.7995 -18.9594
51.8062 -18.9694
51.813 -18.9794
51.8198 -18.9894
51.8268 -18.9994
51.8338 -19.0094
51.8408 -19.0194
51.848 -19.0294
51.8552 -19.0394
51.8625 -19.0494
51.8699 -19.0594
51.8774 -19.0694
51.8849 -19.0794
51.8925 -19.0894
51.9001 -19.0994
51.9077 -19.1094
51.9155 -19.1194
51.9233 -19.1294
51.9312 -19.1394
51.9391 -19.1494
51.9472 -19.1594
51.9553 -19.1694
51.9635 -19.1794
51.9717 -19.1894
51.9801 -19.1994
51.9885 -19.2094
51.997 -19.2194
52.0056 -19.2294
52.0142 -19.2394
52.023 -19.2494
52.0318 -19.2594
52.0407 -19.2694
52.0496 -19.2794
52.0587 -19.2894
52.0677 -19.2994
52.0767 -19.3094
52.0859 -19.3194
52.0951 -19.3294
52.1044 -19.3394
52.1137 -19.3494
52.1232 -19.3594
52.1327 -19.3694
52.1423 -19.3794
52.152 -19.3894
52.1617 -19.3994
52.1715 -19.4094
52.1813 -19.4194
52.1912 -19.4294
52.2011 -19.4394
52.2108 -19.4494
52.2205 -19.4594
52.2303 -19.4694
52.2401 -19.4794
52.2501 -19.4894
52.2601 -19.4994
52.2701 -19.5094
52.2802 -19.5194
52.2903 -19.5294
52.3005 -19.5394
52.3108 -19.5494
52.3212 -19.5594
52.3315 -19.5694
52.3419 -19.5794
52.3524 -19.5894
52.3629 -19.5994
52.3734 -19.6094
52.3841 -19.6194
52.3948 -19.6294
52.4055 -19.6394
52.4164 -19.6494
52.4273 -19.6594
52.4384 -19.6694
52.4494 -19.6794
52.4606 -19.6894
52.4718 -19.6994
52.4831 -19.7094
52.4944 -19.7194
52.5059 -19.7294
52.5174 -19.7394
52.529 -19.7494
52.5407 -19.7594
52.5524 -19.7694
52.5642 -19.7794
52.5762 -19.7894
52.5881 -19.7994
52.6002 -19.8094
52.6123 -19.8194
52.6244 -19.8294
52.6366 -19.8394
52.6488 -19.8494
52.6611 -19.8594
52.6735 -19.8694
52.6859 -19.8794
52.6975 -19.8894
52.7067 -19.8994
52.7158 -19.9094
52.7249 -19.9194
52.734 -19.9294
52.7433 -19.9394
52.7526 -19.9494
52.762 -19.9594
52.7715 -19.9694
52.781 -19.9794
52.7887 -19.9894
52.7935 -19.9994
52.7983 -20.0094
52.8032 -20.0194
52.8082 -20.0294
52.8132 -20.0394
52.8183 -20.0494
52.8235 -20.0594
52.8287 -20.0694
52.8339 -20.0794
52.8392 -20.0894
52.8446 -20.0994
52.85 -20.1094
52.8555 -20.1194
52.861 -20.1294
52.8664 -20.1394
52.8719 -20.1494
52.8773 -20.1594
52.8828 -20.1694
52.8879 -20.1794
52.893 -20.1894
52.8982 -20.1994
52.9034 -20.2094
52.9087 -20.2194
52.9141 -20.2294
52.9194 -20.2394
52.9249 -20.2494
52.9304 -20.2594
52.9359 -20.2694
52.9415 -20.2794
52.9472 -20.2894
52.9529 -20.2994
52.9586 -20.3094
52.9643 -20.3194
52.9698 -20.3294
52.9754 -20.3394
52.981 -20.3494
52.9866 -20.3594
52.9923 -20.3694
52.9981 -20.3794
53.0039 -20.3894
53.0097 -20.3994
53.0157 -20.4094
53.0217 -20.4194
53.0277 -20.4294
53.0338 -20.4394
53.0399 -20.4494
53.0461 -20.4594
53.0524 -20.4694
53.0587 -20.4794
53.065 -20.4894
53.0714 -20.4994
53.0753 -20.5094
53.0781 -20.5194
53.081 -20.5294
53.0839 -20.5394
53.0869 -20.5494
53.0898 -20.5594
53.0928 -20.5694
53.0959 -20.5794
53.0989 -20.5894
53.1021 -20.5994
53.1052 -20.6094
53.1084 -20.6194
53.1117 -20.6294
53.115 -20.6394
53.1183 -20.6494
53.1217 -20.6594
53.1252 -20.6694
53.1287 -20.6794
53.1322 -20.6894
53.1358 -20.6994
53.1394 -20.7094
53.143 -20.7194
53.1467 -20.7294
53.1505 -20.7394
53.1543 -20.7494
53.1581 -20.7594
53.162 -20.7694
53.1659 -20.7794
53.1699 -20.7894
53.1739 -20.7994
53.178 -20.8094
53.1821 -20.8194
53.1863 -20.8294
53.1905 -20.8394
53.1947 -20.8494
53.199 -20.8594
53.2033 -20.8694
53.2077 -20.8794
53.212 -20.8894
53.2165 -20.8994
53.2209 -20.9094
53.2255 -20.9194
53.23 -20.9294
53.2346 -20.9394
53.2393 -20.9494
53.244 -20.9594
53.2487 -20.9694
53.2535 -20.9794
53.2583 -20.9894
53.2632 -20.9994
53.2681 -21.0094
53.2731 -21.0194
53.2781 -21.0294
53.2831 -21.0394
53.2882 -21.0494
53.2933 -21.0594
53.2985 -21.0694
53.3037 -21.0794
53.309 -21.0894
53.3141 -21.0994
53.3191 -21.1094
53.3243 -21.1194
53.3295 -21.1294
53.3347 -21.1394
53.3399 -21.1494
53.3452 -21.1594
53.3506 -21.1694
53.3559 -21.1794
53.3613 -21.1894
53.3667 -21.1994
53.3722 -21.2094
53.3777 -21.2194
53.3833 -21.2294
53.3888 -21.2394
53.3939 -21.2494
53.3991 -21.2594
53.4043 -21.2694
53.4095 -21.2794
53.4148 -21.2894
53.4202 -21.2994
53.4256 -21.3094
53.431 -21.3194
53.4363 -21.3294
53.4406 -21.3394
53.4449 -21.3494
53.4492 -21.3594
53.4535 -21.3694
53.4578 -21.3794
53.4585 -21.3894
53.4611 -21.3994
53.4622 -21.4094
53.4633 -21.4194
53.4642 -21.4294
53.465 -21.4394
53.4658 -21.4494
53.4664 -21.4594
53.4674 -21.4694
53.4194 -21.4794
53.3888 -21.4894
53.4019 -21.4994
53.4057 -21.5094
53.4096 -21.5194
53.4135 -21.5294
53.4174 -21.5394
53.4214 -21.5494
53.4254 -21.5594
53.4295 -21.5694
53.4336 -21.5794
53.4377 -21.5894
53.4419 -21.5994
53.4462 -21.6094
53.4504 -21.6194
53.4548 -21.6294
53.4592 -21.6394
53.4636 -21.6494
53.4681 -21.6594
53.4727 -21.6694
53.4773 -21.6794
53.4819 -21.6894
53.4865 -21.6994
53.4912 -21.7094
53.496 -21.7194
53.5008 -21.7294
53.498 -21.7394
53.4928 -21.7494
53.4866 -21.7594
53.4791 -21.7694
53.4696 -21.7794
53.4638 -21.7894
53.4682 -21.7994
53.4726 -21.8094
53.4769 -21.8194
53.4812 -21.8294
53.4854 -21.8394
53.491 -21.8494
53.4968 -21.8594
53.5026 -21.8694
53.5084 -21.8794
53.5143 -21.8894
53.5189 -21.8994
53.5265 -21.9094
53.5342 -21.9194
53.5419 -21.9294
53.5497 -21.9394
53.5575 -21.9494
53.5651 -21.9594
53.5726 -21.9694
53.5801 -21.9794
53.5879 -21.9894
53.5962 -21.9994
53.6046 -22.0094
53.6129 -22.0194
53.6214 -22.0294
53.6298 -22.0394
53.6383 -22.0494
53.6465 -22.0594
53.6546 -22.0694
53.6627 -22.0794
53.6708 -22.0894
53.679 -22.0994
53.6872 -22.1094
53.6955 -22.1194
53.7038 -22.1294
53.7121 -22.1394
53.7205 -22.1494
53.7289 -22.1594
53.7373 -22.1694
53.7458 -22.1794
53.7544 -22.1894
53.7629 -22.1994
53.7716 -22.2094
53.7802 -22.2194
53.7889 -22.2294
53.7977 -22.2394
53.8065 -22.2494
53.8153 -22.2594
53.8242 -22.2694
53.8331 -22.2794
53.842 -22.2894
53.851 -22.2994
53.86 -22.3094
53.8691 -22.3194
53.8782 -22.3294
53.8874 -22.3394
53.8965 -22.3494
53.9058 -22.3594
53.915 -22.3694
53.9244 -22.3794
53.9337 -22.3894
53.9431 -22.3994
53.9525 -22.4094
53.9618 -22.4194
53.9711 -22.4294
53.9805 -22.4394
53.9898 -22.4494
53.9991 -22.4594
54.0085 -22.4694
54.0177 -22.4794
54.0269 -22.4894
54.0362 -22.4994
54.0455 -22.5094
54.0548 -22.5194
54.0642 -22.5294
54.0736 -22.5394
54.0831 -22.5494
54.0926 -22.5594
54.1017 -22.5694
54.1068 -22.5794
54.1121 -22.5894
54.1173 -22.5994
54.1226 -22.6094
54.128 -22.6194
54.1334 -22.6294
54.1388 -22.6394
54.1443 -22.6494
54.1498 -22.6594
54.1554 -22.6694
54.1609 -22.6794
54.1666 -22.6894
54.1723 -22.6994
54.178 -22.7094
54.1837 -22.7194
54.1895 -22.7294
54.1954 -22.7394
54.2013 -22.7494
54.2072 -22.7594
54.2132 -22.7694
54.2191 -22.7794
54.2252 -22.7894
54.2312 -22.7994
54.2373 -22.8094
54.2435 -22.8194
54.2497 -22.8294
54.2559 -22.8394
54.2622 -22.8494
54.2685 -22.8594
54.2749 -22.8694
54.2813 -22.8794
54.2878 -22.8894
54.2943 -22.8994
54.3008 -22.9094
54.3074 -22.9194
54.3141 -22.9294
54.3208 -22.9394
54.3275 -22.9494
54.3343 -22.9594
54.3411 -22.9694
54.3479 -22.9794
54.3548 -22.9894
54.3595 -22.9994
54.3626 -23.0094
54.3658 -23.0194
54.369 -23.0294
54.3722 -23.0394
54.3755 -23.0494
54.3787 -23.0594
54.3821 -23.0694
54.3855 -23.0794
54.3889 -23.0894
54.3923 -23.0994
54.3958 -23.1094
54.3993 -23.1194
54.4029 -23.1294
54.4065 -23.1394
54.4101 -23.1494
54.4138 -23.1594
54.4175 -23.1694
54.4213 -23.1794
54.425 -23.1894
54.4286 -23.1994
54.4323 -23.2094
54.4359 -23.2194
54.4397 -23.2294
54.4434 -23.2394
54.4472 -23.2494
54.451 -23.2594
54.4549 -23.2694
54.4588 -23.2794
54.4627 -23.2894
54.4667 -23.2994
54.4707 -23.3094
54.4748 -23.3194
54.4789 -23.3294
54.483 -23.3394
54.4872 -23.3494
54.4914 -23.3594
54.4957 -23.3694
54.5 -23.3794
54.5043 -23.3894
54.5087 -23.3994
54.5131 -23.4094
54.5176 -23.4194
54.5221 -23.4294
54.5267 -23.4394
54.5313 -23.4494
54.5359 -23.4594
54.5406 -23.4694
54.5453 -23.4794
54.55 -23.4894
54.5548 -23.4994
54.5596 -23.5094
54.5645 -23.5194
54.5694 -23.5294
54.5744 -23.5394
54.5794 -23.5494
54.5845 -23.5594
54.5896 -23.5694
54.5947 -23.5794
54.5999 -23.5894
54.6052 -23.5994
54.6104 -23.6094
54.6158 -23.6194
54.6211 -23.6294
54.6265 -23.6394
54.632 -23.6494
54.6375 -23.6594
54.643 -23.6694
54.6486 -23.6794
54.6543 -23.6894
54.66 -23.6994
54.6657 -23.7094
54.6715 -23.7194
54.6773 -23.7294
54.6832 -23.7394
54.6891 -23.7494
54.6951 -23.7594
54.7011 -23.7694
54.7071 -23.7794
54.7132 -23.7894
54.7194 -23.7994
54.7256 -23.8094
54.7318 -23.8194
54.7381 -23.8294
54.7444 -23.8394
54.7508 -23.8494
54.7572 -23.8594
54.7637 -23.8694
54.7702 -23.8794
54.7767 -23.8894
54.7833 -23.8994
54.7899 -23.9094
54.7966 -23.9194
54.8033 -23.9294
54.8101 -23.9394
54.8169 -23.9494
54.8238 -23.9594
54.8307 -23.9694
54.8376 -23.9794
54.8446 -23.9894
54.8516 -23.9994
54.8587 -24.0094
54.8658 -24.0194
54.8729 -24.0294
54.8801 -24.0394
54.8874 -24.0494
54.8947 -24.0594
54.902 -24.0694
54.9094 -24.0794
54.9169 -24.0894
54.9244 -24.0994
54.9321 -24.1094
54.9399 -24.1194
54.9477 -24.1294
54.9556 -24.1394
54.9635 -24.1494
54.9715 -24.1594
54.9795 -24.1694
54.9876 -24.1794
54.9957 -24.1894
55.0039 -24.1994
55.012 -24.2094
55.0203 -24.2194
55.0285 -24.2294
55.0369 -24.2394
55.0452 -24.2494
55.0536 -24.2594
55.0621 -24.2694
55.0706 -24.2794
55.0791 -24.2894
55.0877 -24.2994
55.0964 -24.3094
55.1051 -24.3194
55.1138 -24.3294
55.1226 -24.3394
55.1314 -24.3494
55.1402 -24.3594
55.1491 -24.3694
55.1581 -24.3794
55.1671 -24.3894
55.1761 -24.3994
55.1852 -24.4094
55.1943 -24.4194
55.2035 -24.4294
55.2127 -24.4394
55.2219 -24.4494
55.2312 -24.4594
55.2405 -24.4694
55.2499 -24.4794
55.2594 -24.4894
55.2689 -24.4994
55.2784 -24.5094
55.2877 -24.5194
55.297 -24.5294
55.3063 -24.5394
55.3157 -24.5494
55.3251 -24.5594
55.3346 -24.5694
55.3441 -24.5794
55.3537 -24.5894
55.3633 -24.5994
55.3729 -24.6094
55.3826 -24.6194
55.3923 -24.6294
55.4021 -24.6394
55.4118 -24.6494
55.4216 -24.6594
55.4314 -24.6694
55.4413 -24.6794
55.4511 -24.6894
55.461 -24.6994
55.4708 -24.7094
55.4807 -24.7194
55.4907 -24.7294
55.5006 -24.7394
55.5106 -24.7494
55.5207 -24.7594
55.5308 -24.7694
55.5409 -24.7794
55.5511 -24.7894
55.5613 -24.7994
55.5715 -24.8094
55.5817 -24.8194
55.592 -24.8294
55.6024 -24.8394
55.6128 -24.8494
55.6232 -24.8594
55.6337 -24.8694
55.6442 -24.8794
55.6548 -24.8894
55.6654 -24.8994
55.676 -24.9094
55.6868 -24.9194
55.6975 -24.9294
55.7073 -24.9394
55.7168 -24.9494
55.7264 -24.9594
55.7361 -24.9694
55.7458 -24.9794
55.7555 -24.9894
55.7653 -24.9994
55.7752 -25.0094
55.785 -25.0194
55.795 -25.0294
55.8049 -25.0394
55.8148 -25.0494
55.8248 -25.0594
55.8349 -25.0694
55.845 -25.0794
55.8551 -25.0894
55.8652 -25.0994
55.8754 -25.1094
55.8854 -25.1194
55.8954 -25.1294
55.9054 -25.1394
55.9155 -25.1494
55.9255 -25.1594
55.9356 -25.1694
55.9457 -25.1794
55.956 -25.1894
55.9662 -25.1994
55.9765 -25.2094
55.9868 -25.2194
55.9972 -25.2294
56.0076 -25.2394
56.0181 -25.2494
56.0286 -25.2594
56.0391 -25.2694
56.0497 -25.2794
56.0603 -25.2894
56.071 -25.2994
56.0817 -25.3094
56.0924 -25.3194
56.1032 -25.3294
56.114 -25.3394
56.1249 -25.3494
56.1358 -25.3594
56.1468 -25.3694
56.1579 -25.3794
56.1689 -25.3894
56.18 -25.3994
56.1912 -25.4094
56.2024 -25.4194
56.2137 -25.4294
56.225 -25.4394
56.2364 -25.4494
56.2477 -25.4594
56.2592 -25.4694
56.2706 -25.4794
56.2821 -25.4894
56.2937 -25.4994
56.3053 -25.5094
56.317 -25.5194
56.3286 -25.5294
56.3404 -25.5394
56.3522 -25.5494
56.364 -25.5594
56.3759 -25.5694
56.3879 -25.5794
56.3998 -25.5894
56.4119 -25.5994
56.4239 -25.6094
56.4361 -25.6194
56.4482 -25.6294
56.4605 -25.6394
56.4727 -25.6494
56.4851 -25.6594
56.4974 -25.6694
56.5098 -25.6794
56.5223 -25.6894
56.5348 -25.6994
56.5474 -25.7094
56.56 -25.7194
56.5727 -25.7294
56.5854 -25.7394
56.5981 -25.7494
56.6109 -25.7594
56.6238 -25.7694
56.6366 -25.7794
56.6496 -25.7894
56.6626 -25.7994
56.6756 -25.8094
56.6887 -25.8194
56.7018 -25.8294
56.7149 -25.8394
56.7281 -25.8494
56.7412 -25.8594
56.7544 -25.8694
56.7677 -25.8794
56.781 -25.8894
56.7943 -25.8994
56.8077 -25.9094
56.8211 -25.9194
56.8346 -25.9294
56.8481 -25.9394
56.8617 -25.9494
56.8753 -25.9594
56.889 -25.9694
56.9027 -25.9794
56.9165 -25.9894
56.9302 -25.9994
56.9441 -26.0094
56.958 -26.0194
56.9719 -26.0294
56.9859 -26.0394
57 -26.0494
57.0141 -26.0594
57.0282 -26.0694
57.0424 -26.0794
57.0567 -26.0894
57.071 -26.0994
57.0853 -26.1094
57.0997 -26.1194
57.1141 -26.1294
57.1285 -26.1394
57.143 -26.1494
57.1576 -26.1594
57.1721 -26.1694
57.1867 -26.1794
57.2013 -26.1894
57.216 -26.1994
57.2308 -26.2094
57.2456 -26.2194
57.2604 -26.2294
57.2753 -26.2394
57.2903 -26.2494
57.3053 -26.2594
57.3203 -26.2694
57.3355 -26.2794
57.3506 -26.2894
57.3659 -26.2994
57.3812 -26.3094
57.3965 -26.3194
57.4119 -26.3294
57.4274 -26.3394
57.4429 -26.3494
57.4585 -26.3594
57.4741 -26.3694
57.4897 -26.3794
57.5054 -26.3894
57.5211 -26.3994
57.5368 -26.4094
57.5526 -26.4194
57.5685 -26.4294
57.5845 -26.4394
57.6004 -26.4494
57.6165 -26.4594
57.6326 -26.4694
57.6486 -26.4794
57.6648 -26.4894
57.681 -26.4994
57.6972 -26.5094
57.7135 -26.5194
57.7299 -26.5294
57.7463 -26.5394
57.7627 -26.5494
57.7792 -26.5594
57.7957 -26.5694
57.8122 -26.5794
57.8288 -26.5894
57.8454 -26.5994
57.8621 -26.6094
57.8788 -26.6194
57.8955 -26.6294
57.9122 -26.6394
57.929 -26.6494
57.9458 -26.6594
57.9627 -26.6694
57.9796 -26.6794
57.9966 -26.6894
58.0136 -26.6994
58.0306 -26.7094
58.0476 -26.7194
58.0648 -26.7294
58.0819 -26.7394
58.0991 -26.7494
58.1164 -26.7594
58.1338 -26.7694
58.1512 -26.7794
58.1686 -26.7894
58.1861 -26.7994
58.2036 -26.8094
58.2211 -26.8194
58.2387 -26.8294
58.2563 -26.8394
58.274 -26.8494
58.2916 -26.8594
58.3093 -26.8694
58.3271 -26.8794
58.3449 -26.8894
58.3627 -26.8994
58.3806 -26.9094
58.3986 -26.9194
58.4166 -26.9294
58.4337 -26.9394
58.4505 -26.9494
58.4674 -26.9594
58.4843 -26.9694
58.5013 -26.9794
58.5183 -26.9894
58.5354 -26.9994
58.5526 -27.0094
58.5698 -27.0194
58.5871 -27.0294
58.6044 -27.0394
58.6218 -27.0494
58.6392 -27.0594
58.6567 -27.0694
58.6742 -27.0794
58.6916 -27.0894
58.7091 -27.0994
58.7266 -27.1094
58.7442 -27.1194
58.7619 -27.1294
58.7795 -27.1394
58.7972 -27.1494
58.815 -27.1594
58.8328 -27.1694
58.8507 -27.1794
58.8686 -27.1894
58.8865 -27.1994
58.9045 -27.2094
58.9226 -27.2194
58.9407 -27.2294
58.9588 -27.2394
58.977 -27.2494
58.9952 -27.2594
59.0135 -27.2694
59.0318 -27.2794
59.0502 -27.2894
59.0686 -27.2994
59.0871 -27.3094
59.1056 -27.3194
59.1241 -27.3294
59.1426 -27.3394
59.1612 -27.3494
59.1798 -27.3594
59.1984 -27.3694
59.2171 -27.3794
59.2359 -27.3894
59.2547 -27.3994
59.2735 -27.4094
59.2924 -27.4194
59.3113 -27.4294
59.3303 -27.4394
59.3493 -27.4494
59.3684 -27.4594
59.3876 -27.4694
59.4068 -27.4794
59.4261 -27.4894
59.4451 -27.4994
59.4641 -27.5094
59.4831 -27.5194
59.5022 -27.5294
59.5213 -27.5394
59.5404 -27.5494
59.5597 -27.5594
59.579 -27.5694
59.5983 -27.5794
59.6177 -27.5894
59.6372 -27.5994
59.6566 -27.6094
59.6762 -27.6194
59.6957 -27.6294
59.7152 -27.6394
59.7348 -27.6494
59.7545 -27.6594
59.7742 -27.6694
59.794 -27.6794
59.8138 -27.6894
59.8336 -27.6994
59.8535 -27.7094
59.8735 -27.7194
59.8935 -27.7294
59.9135 -27.7394
59.9335 -27.7494
59.9536 -27.7594
59.9737 -27.7694
59.9938 -27.7794
60.0139 -27.7894
60.0342 -27.7994
60.0544 -27.8094
60.0747 -27.8194
60.095 -27.8294
60.1154 -27.8394
60.1358 -27.8494
60.1563 -27.8594
60.1769 -27.8694
60.1974 -27.8794
60.2181 -27.8894
60.2388 -27.8994
60.2595 -27.9094
60.2804 -27.9194
60.3012 -27.9294
60.3221 -27.9394
60.3431 -27.9494
60.3642 -27.9594
60.3849 -27.9694
60.4053 -27.9794
60.4257 -27.9894
60.446 -27.9994
60.4665 -28.0094
60.4869 -28.0194
60.5075 -28.0294
60.5281 -28.0394
60.5487 -28.0494
60.5695 -28.0594
60.5902 -28.0694
60.6111 -28.0794
60.6318 -28.0894
60.6526 -28.0994
60.6734 -28.1094
60.6943 -28.1194
60.7152 -28.1294
60.7361 -28.1394
60.7572 -28.1494
60.7782 -28.1594
60.7993 -28.1694
60.8204 -28.1794
60.8415 -28.1894
60.8626 -28.1994
60.8838 -28.2094
60.9051 -28.2194
60.9264 -28.2294
60.9478 -28.2394
60.9692 -28.2494
60.9907 -28.2594
61.0123 -28.2694
61.0337 -28.2794
61.0551 -28.2894
61.0766 -28.2994
61.0981 -28.3094
61.1197 -28.3194
61.1413 -28.3294
61.1629 -28.3394
61.1846 -28.3494
61.2064 -28.3594
61.2282 -28.3694
61.25 -28.3794
61.272 -28.3894
61.2939 -28.3994
61.3157 -28.4094
61.3377 -28.4194
61.3597 -28.4294
61.3818 -28.4394
61.4039 -28.4494
61.426 -28.4594
61.4482 -28.4694
61.4703 -28.4794
61.4926 -28.4894
61.5149 -28.4994
61.5372 -28.5094
61.5596 -28.5194
61.582 -28.5294
61.6045 -28.5394
61.627 -28.5494
61.6496 -28.5594
61.6722 -28.5694
61.6949 -28.5794
61.7177 -28.5894
61.7405 -28.5994
61.7634 -28.6094
61.7863 -28.6194
61.8093 -28.6294
61.8323 -28.6394
61.8554 -28.6494
61.8785 -28.6594
61.9016 -28.6694
61.9248 -28.6794
61.9481 -28.6894
61.9714 -28.6994
61.9946 -28.7094
62.0179 -28.7194
62.041 -28.7294
62.0641 -28.7394
62.0872 -28.7494
62.1103 -28.7594
62.1335 -28.7694
62.1568 -28.7794
62.1801 -28.7894
62.2034 -28.7994
62.2268 -28.8094
62.2503 -28.8194
62.2737 -28.8294
62.2972 -28.8394
62.3206 -28.8494
62.3442 -28.8594
62.3677 -28.8694
62.3913 -28.8794
62.4149 -28.8894
62.4386 -28.8994
62.4623 -28.9094
62.4861 -28.9194
62.5099 -28.9294
62.5338 -28.9394
62.5577 -28.9494
62.5817 -28.9594
62.6057 -28.9694
62.6298 -28.9794
62.654 -28.9894
62.6782 -28.9994
62.7025 -29.0094
62.7268 -29.0194
62.7512 -29.0294
62.7756 -29.0394
62.8001 -29.0494
62.8246 -29.0594
62.8492 -29.0694
62.8739 -29.0794
62.8986 -29.0894
62.9233 -29.0994
62.9481 -29.1094
62.9728 -29.1194
62.9976 -29.1294
63.0224 -29.1394
63.0473 -29.1494
63.0722 -29.1594
63.0972 -29.1694
63.1222 -29.1794
63.1473 -29.1894
63.1725 -29.1994
63.1977 -29.2094
63.223 -29.2194
63.2482 -29.2294
63.2734 -29.2394
63.2985 -29.2494
63.3237 -29.2594
63.349 -29.2694
63.3743 -29.2794
63.3997 -29.2894
63.4251 -29.2994
63.4505 -29.3094
63.4761 -29.3194
63.5017 -29.3294
63.5273 -29.3394
63.553 -29.3494
63.5787 -29.3594
63.6045 -29.3694
63.6304 -29.3794
63.6563 -29.3894
63.6823 -29.3994
63.7083 -29.4094
63.7342 -29.4194
63.7602 -29.4294
63.7862 -29.4394
63.8123 -29.4494
63.8385 -29.4594
63.8647 -29.4694
63.8909 -29.4794
63.9171 -29.4894
63.9434 -29.4994
63.9698 -29.5094
63.9962 -29.5194
64.0226 -29.5294
64.0491 -29.5394
64.0756 -29.5494
64.1021 -29.5594
64.1287 -29.5694
64.1553 -29.5794
64.182 -29.5894
64.2087 -29.5994
64.2355 -29.6094
64.2623 -29.6194
64.2892 -29.6294
64.3161 -29.6394
64.3431 -29.6494
64.3702 -29.6594
64.3972 -29.6694
64.4243 -29.6794
64.4515 -29.6894
64.4787 -29.6994
64.506 -29.7094
64.5333 -29.7194
64.5607 -29.7294
64.5882 -29.7394
64.6157 -29.7494
64.6432 -29.7594
64.6708 -29.7694
64.6983 -29.7794
64.726 -29.7894
64.7536 -29.7994
64.7814 -29.8094
64.8091 -29.8194
64.8369 -29.8294
64.8648 -29.8394
64.8928 -29.8494
64.9207 -29.8594
64.9488 -29.8694
64.9768 -29.8794
65.0049 -29.8894
65.0331 -29.8994
65.0613 -29.9094
65.0896 -29.9194
65.1179 -29.9294
65.146 -29.9394
65.1742 -29.9494
65.2025 -29.9594
65.2308 -29.9694
65.2591 -29.9794
65.2873 -29.9894
65.3156 -29.9994
65.3439 -30.0094
65.3723 -30.0194
65.4007 -30.0294
65.4292 -30.0394
65.4578 -30.0494
65.4864 -30.0594
65.515 -30.0694
65.5436 -30.0794
65.5723 -30.0894
65.6009 -30.0994
65.6297 -30.1094
65.6584 -30.1194
65.6873 -30.1294
65.7162 -30.1394
65.7451 -30.1494
65.774 -30.1594
65.803 -30.1694
65.832 -30.1794
65.8611 -30.1894
65.8902 -30.1994
65.9193 -30.2094
65.9485 -30.2194
65.9776 -30.2294
66.0069 -30.2394
66.0361 -30.2494
66.0654 -30.2594
66.0946 -30.2694
66.124 -30.2794
66.1534 -30.2894
66.1828 -30.2994
66.2123 -30.3094
66.2418 -30.3194
66.2713 -30.3294
66.3009 -30.3394
66.3306 -30.3494
66.3603 -30.3594
66.3899 -30.3694
66.4195 -30.3794
66.4491 -30.3894
66.4787 -30.3994
66.5084 -30.4094
66.5381 -30.4194
66.5677 -30.4294
66.5974 -30.4394
66.6271 -30.4494
66.6569 -30.4594
66.6867 -30.4694
66.7165 -30.4794
66.7464 -30.4894
66.7763 -30.4994
66.8063 -30.5094
66.8363 -30.5194
66.8664 -30.5294
66.8965 -30.5394
66.9267 -30.5494
66.957 -30.5594
66.9873 -30.5694
67.0176 -30.5794
67.048 -30.5894
67.0784 -30.5994
67.109 -30.6094
67.1395 -30.6194
67.1699 -30.6294
67.2003 -30.6394
67.2308 -30.6494
67.2613 -30.6594
67.2919 -30.6694
67.3226 -30.6794
67.3533 -30.6894
67.384 -30.6994
67.4148 -30.7094
67.4456 -30.7194
67.4763 -30.7294
67.5071 -30.7394
67.538 -30.7494
67.5688 -30.7594
67.5996 -30.7694
67.6305 -30.7794
67.6614 -30.7894
67.6924 -30.7994
67.7235 -30.8094
67.7546 -30.8194
67.7857 -30.8294
67.8168 -30.8394
67.8479 -30.8494
67.8791 -30.8594
67.9101 -30.8694
67.9413 -30.8794
67.9724 -30.8894
68.0036 -30.8994
68.0349 -30.9094
68.0662 -30.9194
68.0976 -30.9294
68.129 -30.9394
68.1604 -30.9494
68.1919 -30.9594
68.2234 -30.9694
68.2551 -30.9794
68.2867 -30.9894
68.3184 -30.9994
68.3501 -31.0094
68.3818 -31.0194
68.4134 -31.0294
68.445 -31.0394
68.4767 -31.0494
68.5084 -31.0594
68.5401 -31.0694
68.5719 -31.0794
68.6038 -31.0894
68.6357 -31.0994
68.6677 -31.1094
68.6996 -31.1194
68.7316 -31.1294
68.7636 -31.1394
68.7955 -31.1494
68.8275 -31.1594
68.8596 -31.1694
68.8917 -31.1794
68.9238 -31.1894
68.9561 -31.1994
68.9883 -31.2094
69.0207 -31.2194
69.0531 -31.2294
69.0855 -31.2394
69.1178 -31.2494
69.1502 -31.2594
69.1827 -31.2694
69.2152 -31.2794
69.2478 -31.2894
69.2803 -31.2994
69.313 -31.3094
69.3457 -31.3194
69.3784 -31.3294
69.4113 -31.3394
69.4441 -31.3494
69.4771 -31.3594
69.5101 -31.3694
69.5431 -31.3794
69.5762 -31.3894
69.6092 -31.3994
69.6423 -31.4094
69.6754 -31.4194
69.7085 -31.4294
69.7417 -31.4394
69.775 -31.4494
69.8083 -31.4594
69.8417 -31.4694
69.8751 -31.4794
69.9086 -31.4894
69.9421 -31.4994
69.9756 -31.5094
70.0092 -31.5194
70.0429 -31.5294
70.0765 -31.5394
70.1103 -31.5494
70.1441 -31.5594
70.1779 -31.5694
70.2118 -31.5794
70.2458 -31.5894
70.2797 -31.5994
70.3138 -31.6094
70.3479 -31.6194
70.3818 -31.6294
70.4157 -31.6394
70.4497 -31.6494
70.4838 -31.6594
70.5179 -31.6694
70.552 -31.6794
70.5862 -31.6894
70.6204 -31.6994
70.6548 -31.7094
70.6891 -31.7194
70.7234 -31.7294
70.7577 -31.7394
70.7921 -31.7494
70.8266 -31.7594
70.8611 -31.7694
70.8957 -31.7794
70.9304 -31.7894
70.9651 -31.7994
70.9998 -31.8094
71.0346 -31.8194
71.0694 -31.8294
71.1043 -31.8394
71.1393 -31.8494
71.1743 -31.8594
71.2093 -31.8694
71.2445 -31.8794
71.2796 -31.8894
71.3149 -31.8994
71.3501 -31.9094
71.3855 -31.9194
71.4209 -31.9294
71.4564 -31.9394
71.4919 -31.9494
71.5274 -31.9594
71.563 -31.9694
71.5987 -31.9794
71.6344 -31.9894
71.6702 -31.9994
71.7061 -32.0094
71.742 -32.0194
71.7779 -32.0294
71.8139 -32.0394
71.8497 -32.0494
71.8855 -32.0594
71.9214 -32.0694
71.9574 -32.0794
71.9934 -32.0894
72.0295 -32.0994
72.0656 -32.1094
72.1017 -32.1194
72.1379 -32.1294
72.1741 -32.1394
72.2104 -32.1494
72.2468 -32.1594
72.2832 -32.1694
72.3197 -32.1794
72.3563 -32.1894
72.3928 -32.1994
72.4295 -32.2094
72.4662 -32.2194
72.503 -32.2294
72.5398 -32.2394
72.5766 -32.2494
72.6136 -32.2594
72.6506 -32.2694
72.6876 -32.2794
72.7247 -32.2894
72.7619 -32.2994
72.7991 -32.3094
72.8364 -32.3194
72.8737 -32.3294
72.9111 -32.3394
72.9485 -32.3494
72.986 -32.3594
73.0235 -32.3694
73.061 -32.3794
73.0986 -32.3894
73.1362 -32.3994
73.1739 -32.4094
73.2117 -32.4194
73.2494 -32.4294
73.2872 -32.4394
73.3251 -32.4494
73.3631 -32.4594
73.401 -32.4694
73.439 -32.4794
73.477 -32.4894
73.5151 -32.4994
73.5533 -32.5094
73.5915 -32.5194
73.6298 -32.5294
73.6681 -32.5394
73.7065 -32.5494
73.7449 -32.5594
73.7833 -32.5694
73.8218 -32.5794
73.8604 -32.5894
73.899 -32.5994
73.9377 -32.6094
73.9765 -32.6194
74.0153 -32.6294
74.0541 -32.6394
74.093 -32.6494
74.132 -32.6594
74.1711 -32.6694
74.2101 -32.6794
74.2493 -32.6894
74.2884 -32.6994
74.3275 -32.7094
74.3666 -32.7194
74.4057 -32.7294
74.4449 -32.7394
74.4841 -32.7494
74.5234 -32.7594
74.5627 -32.7694
74.6021 -32.7794
74.6415 -32.7894
74.681 -32.7994
74.7206 -32.8094
74.7602 -32.8194
74.7999 -32.8294
74.8396 -32.8394
74.8794 -32.8494
74.9192 -32.8594
74.959 -32.8694
74.9989 -32.8794
75.0388 -32.8894
75.0788 -32.8994
75.1188 -32.9094
75.1589 -32.9194
75.1991 -32.9294
75.2392 -32.9394
75.2795 -32.9494
75.3197 -32.9594
75.3601 -32.9694
75.4004 -32.9794
75.4408 -32.9894
75.4813 -32.9994
75.5219 -33.0094
75.5625 -33.0194
75.6031 -33.0294
75.6438 -33.0394
75.6845 -33.0494
75.7252 -33.0594
75.766 -33.0694
75.8069 -33.0794
75.8476 -33.0894
75.8882 -33.0994
75.9289 -33.1094
75.9697 -33.1194
76.0104 -33.1294
76.0513 -33.1394
76.0922 -33.1494
76.1332 -33.1594
76.1742 -33.1694
76.2153 -33.1794
76.2564 -33.1894
76.2977 -33.1994
76.3389 -33.2094
76.3802 -33.2194
76.4216 -33.2294
76.463 -33.2394
76.5044 -33.2494
76.5459 -33.2594
76.5874 -33.2694
76.629 -33.2794
76.6706 -33.2894
76.7122 -33.2994
76.7539 -33.3094
76.7957 -33.3194
76.8374 -33.3294
76.8791 -33.3394
76.9209 -33.3494
76.9627 -33.3594
77.0045 -33.3694
77.0463 -33.3794
77.0882 -33.3894
77.1301 -33.3994
77.1721 -33.4094
77.2142 -33.4194
77.2563 -33.4294
77.2985 -33.4394
77.3407 -33.4494
77.3829 -33.4594
77.4253 -33.4694
77.4677 -33.4794
77.5101 -33.4894
77.5522 -33.4994
77.5943 -33.5094
77.6365 -33.5194
77.6788 -33.5294
77.7211 -33.5394
77.7635 -33.5494
77.8059 -33.5594
77.8484 -33.5694
77.8909 -33.5794
77.9334 -33.5894
77.9759 -33.5994
78.0186 -33.6094
78.0612 -33.6194
78.104 -33.6294
78.1467 -33.6394
78.1896 -33.6494
78.2324 -33.6594
78.2753 -33.6694
78.3182 -33.6794
78.3612 -33.6894
78.4042 -33.6994
78.4473 -33.7094
78.4904 -33.7194
78.5336 -33.7294
78.5764 -33.7394
78.6193 -33.7494
78.6623 -33.7594
78.7053 -33.7694
78.7484 -33.7794
78.7915 -33.7894
78.8346 -33.7994
78.8778 -33.8094
78.9211 -33.8194
78.9644 -33.8294
79.0077 -33.8394
79.0511 -33.8494
79.0946 -33.8594
79.138 -33.8694
79.1815 -33.8794
79.2251 -33.8894
79.2687 -33.8994
79.3124 -33.9094
79.3561 -33.9194
79.3999 -33.9294
79.4437 -33.9394
79.4876 -33.9494
79.5315 -33.9594
79.5754 -33.9694
79.6193 -33.9794
79.6633 -33.9894
79.7074 -33.9994
79.7515 -34.0094
79.7957 -34.0194
79.8399 -34.0294
79.8841 -34.0394
79.9284 -34.0494
79.9727 -34.0594
80.0171 -34.0694
80.0615 -34.0794
80.106 -34.0894
80.1506 -34.0994
80.1952 -34.1094
80.2398 -34.1194
80.2845 -34.1294
80.3292 -34.1394
80.374 -34.1494
80.4188 -34.1594
80.4636 -34.1694
80.5085 -34.1794
80.5533 -34.1894
80.598 -34.1994
80.6426 -34.2094
80.6874 -34.2194
80.7322 -34.2294
80.777 -34.2394
80.822 -34.2494
80.8669 -34.2594
80.912 -34.2694
80.9571 -34.2794
81.0022 -34.2894
81.0474 -34.2994
81.0927 -34.3094
81.1379 -34.3194
81.1832 -34.3294
81.2285 -34.3394
81.2739 -34.3494
81.3194 -34.3594
81.3648 -34.3694
81.4104 -34.3794
81.4555 -34.3894
81.5007 -34.3994
81.5459 -34.4094
81.5911 -34.4194
81.6363 -34.4294
81.6817 -34.4394
81.7271 -34.4494
81.7725 -34.4594
81.818 -34.4694
81.8636 -34.4794
81.9092 -34.4894
81.9549 -34.4994
82.0006 -34.5094
82.0463 -34.5194
82.0921 -34.5294
82.1378 -34.5394
82.1835 -34.5494
82.2294 -34.5594
82.2752 -34.5694
82.3212 -34.5794
82.3671 -34.5894
82.4127 -34.5994
82.4583 -34.6094
82.5039 -34.6194
82.5496 -34.6294
82.5954 -34.6394
82.6412 -34.6494
82.687 -34.6594
82.7329 -34.6694
82.7789 -34.6794
82.8249 -34.6894
82.871 -34.6994
82.9171 -34.7094
82.9632 -34.7194
83.0094 -34.7294
83.0556 -34.7394
83.1015 -34.7494
83.1473 -34.7594
83.1931 -34.7694
83.239 -34.7794
83.2849 -34.7894
83.3308 -34.7994
83.3768 -34.8094
83.4229 -34.8194
83.469 -34.8294
83.5152 -34.8394
83.5614 -34.8494
83.6077 -34.8594
83.654 -34.8694
83.7004 -34.8794
83.7469 -34.8894
83.7934 -34.8994
83.8399 -34.9094
83.8864 -34.9194
83.933 -34.9294
83.9796 -34.9394
84.0262 -34.9494
84.0728 -34.9594
84.1194 -34.9694
84.166 -34.9794
84.2127 -34.9894
84.2594 -34.9994
84.3061 -35.0094
84.3529 -35.0194
84.3998 -35.0294
84.4467 -35.0394
84.4937 -35.0494
84.5407 -35.0594
84.5877 -35.0694
84.6347 -35.0794
84.6816 -35.0894
84.7284 -35.0994
84.7752 -35.1094
84.822 -35.1194
84.8689 -35.1294
84.9158 -35.1394
84.9628 -35.1494
85.0099 -35.1594
85.0569 -35.1694
85.104 -35.1794
85.1512 -35.1894
85.1984 -35.1994
85.2457 -35.2094
85.293 -35.2194
85.3403 -35.2294
85.3873 -35.2394
85.4342 -35.2494
85.4809 -35.2594
85.5277 -35.2694
85.5745 -35.2794
85.6214 -35.2894
85.6683 -35.2994
85.7152 -35.3094
85.7622 -35.3194
85.8093 -35.3294
85.8564 -35.3394
85.9036 -35.3494
85.9508 -35.3594
85.9981 -35.3694
86.0454 -35.3794
86.0924 -35.3894
86.1388 -35.3994
86.1852 -35.4094
86.2315 -35.4194
86.2779 -35.4294
86.3243 -35.4394
86.3708 -35.4494
86.4173 -35.4594
86.4639 -35.4694
86.5106 -35.4794
86.5567 -35.4894
86.6029 -35.4994
86.6492 -35.5094
86.6955 -35.5194
86.7419 -35.5294
86.7882 -35.5394
86.8346 -35.5494
86.881 -35.5594
86.9275 -35.5694
86.974 -35.5794
87.0206 -35.5894
87.0672 -35.5994
87.1138 -35.6094
87.1605 -35.6194
87.2071 -35.6294
87.2539 -35.6394
87.3006 -35.6494
87.3474 -35.6594
87.3942 -35.6694
87.4411 -35.6794
87.4879 -35.6894
87.5347 -35.6994
87.5816 -35.7094
87.6285 -35.7194
87.6754 -35.7294
87.7225 -35.7394
87.7695 -35.7494
87.8163 -35.7594
87.863 -35.7694
87.9098 -35.7794
87.9565 -35.7894
88.0033 -35.7994
88.05 -35.8094
88.0968 -35.8194
88.1437 -35.8294
88.1905 -35.8394
88.237 -35.8494
88.2833 -35.8594
88.3296 -35.8694
88.3761 -35.8794
88.4225 -35.8894
88.469 -35.8994
88.5155 -35.9094
88.5621 -35.9194
88.6086 -35.9294
88.6546 -35.9394
88.7006 -35.9494
88.7466 -35.9594
88.7926 -35.9694
88.8386 -35.9794
88.8843 -35.9894
88.9299 -35.9994
88.9755 -36.0094
89.0212 -36.0194
89.067 -36.0294
89.1128 -36.0394
89.1586 -36.0494
89.2044 -36.0594
89.2503 -36.0694
89.2961 -36.0794
89.342 -36.0894
89.3879 -36.0994
89.4339 -36.1094
89.48 -36.1194
89.526 -36.1294
89.572 -36.1394
89.618 -36.1494
89.6639 -36.1594
89.7098 -36.1694
89.7555 -36.1794
89.8011 -36.1894
89.8468 -36.1994
89.8925 -36.2094
89.9382 -36.2194
89.984 -36.2294
90.0299 -36.2394
90.0758 -36.2494
90.1217 -36.2594
90.1675 -36.2694
90.2131 -36.2794
90.2584 -36.2894
90.3038 -36.2994
90.3492 -36.3094
90.3947 -36.3194
90.4402 -36.3294
90.4857 -36.3394
90.5313 -36.3494
90.5769 -36.3594
90.6221 -36.3694
90.667 -36.3794
90.712 -36.3894
90.757 -36.3994
90.802 -36.4094
90.8471 -36.4194
90.8922 -36.4294
90.9374 -36.4394
90.9826 -36.4494
91.0279 -36.4594
91.0732 -36.4694
91.1186 -36.4794
91.164 -36.4894
91.2094 -36.4994
91.2549 -36.5094
91.3005 -36.5194
91.3461 -36.5294
91.3917 -36.5394
91.4374 -36.5494
91.4831 -36.5594
91.5289 -36.5694
91.5747 -36.5794
91.6205 -36.5894
91.6664 -36.5994
91.7124 -36.6094
91.7584 -36.6194
91.8044 -36.6294
91.8505 -36.6394
91.8967 -36.6494
91.9428 -36.6594
91.9889 -36.6694
92.0351 -36.6794
92.0813 -36.6894
92.1275 -36.6994
92.1738 -36.7094
92.2201 -36.7194
92.2665 -36.7294
92.3129 -36.7394
92.3593 -36.7494
92.4058 -36.7594
92.4524 -36.7694
92.499 -36.7794
92.5456 -36.7894
92.5923 -36.7994
92.6391 -36.8094
92.6858 -36.8194
92.7327 -36.8294
92.7796 -36.8394
92.8265 -36.8494
92.8734 -36.8594
92.9205 -36.8694
92.9675 -36.8794
93.0146 -36.8894
93.0618 -36.8994
93.109 -36.9094
93.1562 -36.9194
93.2035 -36.9294
93.2509 -36.9394
93.2983 -36.9494
93.3457 -36.9594
93.3932 -36.9694
93.4407 -36.9794
93.4883 -36.9894
93.5359 -36.9994
93.5836 -37.0094
93.6313 -37.0194
93.6791 -37.0294
93.7269 -37.0394
93.7747 -37.0494
93.8227 -37.0594
93.8706 -37.0694
93.9186 -37.0794
93.9667 -37.0894
94.0148 -37.0994
94.0629 -37.1094
94.1111 -37.1194
94.1593 -37.1294
94.2076 -37.1394
94.2559 -37.1494
94.3043 -37.1594
94.3527 -37.1694
94.4012 -37.1794
94.4497 -37.1894
94.4983 -37.1994
94.5469 -37.2094
94.5956 -37.2194
94.6443 -37.2294
94.6931 -37.2394
94.7419 -37.2494
94.7907 -37.2594
94.8396 -37.2694
94.8886 -37.2794
94.9376 -37.2894
94.9866 -37.2994
95.0357 -37.3094
95.0848 -37.3194
95.134 -37.3294
95.1833 -37.3394
95.2326 -37.3494
95.2819 -37.3594
95.3313 -37.3694
95.3807 -37.3794
95.4302 -37.3894
95.4797 -37.3994
95.5293 -37.4094
95.5789 -37.4194
95.6286 -37.4294
95.6783 -37.4394
95.728 -37.4494
95.7779 -37.4594
95.8277 -37.4694
95.8776 -37.4794
95.9276 -37.4894
95.9774 -37.4994
96.0272 -37.5094
96.0771 -37.5194
96.1271 -37.5294
96.177 -37.5394
96.2271 -37.5494
96.2771 -37.5594
96.3273 -37.5694
96.3774 -37.5794
96.4277 -37.5894
96.4779 -37.5994
96.5282 -37.6094
96.5786 -37.6194
96.629 -37.6294
96.6795 -37.6394
96.73 -37.6494
96.7806 -37.6594
96.8312 -37.6694
96.8818 -37.6794
96.9325 -37.6894
96.9833 -37.6994
97.0341 -37.7094
97.0849 -37.7194
97.1358 -37.7294
97.1868 -37.7394
97.2378 -37.7494
97.2888 -37.7594
97.3399 -37.7694
97.3911 -37.7794
97.4423 -37.7894
97.4935 -37.7994
97.5448 -37.8094
97.5961 -37.8194
97.6475 -37.8294
97.6989 -37.8394
97.7504 -37.8494
97.802 -37.8594
97.8535 -37.8694
97.9052 -37.8794
97.9569 -37.8894
98.0086 -37.8994
98.0604 -37.9094
98.1122 -37.9194
98.1641 -37.9294
98.216 -37.9394
98.268 -37.9494
98.32 -37.9594
98.3721 -37.9694
98.4242 -37.9794
98.4764 -37.9894
98.5286 -37.9994
98.5809 -38.0094
98.6332 -38.0194
98.6856 -38.0294
98.738 -38.0394
98.7905 -38.0494
98.843 -38.0594
98.8955 -38.0694
98.9482 -38.0794
99.0008 -38.0894
99.0535 -38.0994
99.1063 -38.1094
99.1591 -38.1194
99.212 -38.1294
99.2649 -38.1394
99.3179 -38.1494
99.3709 -38.1594
99.424 -38.1694
99.4771 -38.1794
99.5302 -38.1894
99.5835 -38.1994
99.6367 -38.2094
99.69 -38.2194
99.7434 -38.2294
99.7968 -38.2394
99.8503 -38.2494
99.9038 -38.2594
99.9574 -38.2694
100.011 -38.2794
100.065 -38.2894
100.118 -38.2994
100.172 -38.3094
100.226 -38.3194
100.28 -38.3294
100.334 -38.3394
100.388 -38.3494
100.442 -38.3594
100.496 -38.3694
100.55 -38.3794
100.604 -38.3894
100.658 -38.3994
100.713 -38.4094
100.767 -38.4194
100.821 -38.4294
100.876 -38.4394
100.93 -38.4494
100.985 -38.4594
101.039 -38.4694
101.094 -38.4794
101.149 -38.4894
101.203 -38.4994
101.258 -38.5094
101.313 -38.5194
101.368 -38.5294
101.423 -38.5394
101.478 -38.5494
101.533 -38.5594
101.588 -38.5694
101.643 -38.5794
101.698 -38.5894
101.753 -38.5994
101.809 -38.6094
101.864 -38.6194
101.919 -38.6294
101.975 -38.6394
102.03 -38.6494
102.086 -38.6594
102.142 -38.6694
102.197 -38.6794
102.253 -38.6894
102.309 -38.6994
102.364 -38.7094
102.42 -38.7194
102.476 -38.7294
102.532 -38.7394
102.588 -38.7494
102.644 -38.7594
102.7 -38.7694
102.756 -38.7794
102.813 -38.7894
102.869 -38.7994
102.925 -38.8094
102.982 -38.8194
103.038 -38.8294
103.095 -38.8394
103.151 -38.8494
103.208 -38.8594
103.264 -38.8694
103.321 -38.8794
103.378 -38.8894
103.434 -38.8994
103.491 -38.9094
103.548 -38.9194
103.605 -38.9294
103.66 -38.9394
103.715 -38.9494
103.77 -38.9594
103.825 -38.9694
103.88 -38.9794
103.935 -38.9894
103.99 -38.9994
104.045 -39.0094
104.1 -39.0194
104.156 -39.0294
104.211 -39.0394
104.266 -39.0494
104.322 -39.0594
104.377 -39.0694
104.433 -39.0794
104.489 -39.0894
104.544 -39.0994
104.6 -39.1094
104.656 -39.1194
104.711 -39.1294
104.767 -39.1394
104.823 -39.1494
104.879 -39.1594
104.935 -39.1694
104.991 -39.1794
105.047 -39.1894
105.103 -39.1994
105.159 -39.2094
105.215 -39.2194
105.27 -39.2294
105.326 -39.2394
105.382 -39.2494
105.438 -39.2594
105.494 -39.2694
105.55 -39.2794
105.606 -39.2894
105.661 -39.2994
105.717 -39.3094
105.773 -39.3194
105.829 -39.3294
105.885 -39.3394
105.941 -39.3494
105.997 -39.3594
106.053 -39.3694
106.109 -39.3794
106.165 -39.3894
106.221 -39.3994
106.277 -39.4094
106.334 -39.4194
106.387 -39.4294
106.433 -39.4394
106.48 -39.4494
106.526 -39.4594
106.573 -39.4694
106.619 -39.4794
106.666 -39.4894
106.712 -39.4994
106.759 -39.5094
106.806 -39.5194
106.853 -39.5294
106.899 -39.5394
106.946 -39.5494
106.993 -39.5594
107.04 -39.5694
107.087 -39.5794
107.134 -39.5894
107.181 -39.5994
107.228 -39.6094
107.275 -39.6194
107.322 -39.6294
107.369 -39.6394
107.416 -39.6494
107.464 -39.6594
107.511 -39.6694
107.558 -39.6794
107.605 -39.6894
107.653 -39.6994
107.7 -39.7094
107.747 -39.7194
107.795 -39.7294
107.842 -39.7394
107.89 -39.7494
107.937 -39.7594
107.985 -39.7694
108.032 -39.7794
108.08 -39.7894
108.128 -39.7994
108.175 -39.8094
108.223 -39.8194
108.271 -39.8294
108.318 -39.8394
108.366 -39.8494
108.414 -39.8594
108.462 -39.8694
108.51 -39.8794
108.558 -39.8894
108.606 -39.8994
108.654 -39.9094
108.702 -39.9194
108.75 -39.9294
108.798 -39.9394
108.846 -39.9494
108.894 -39.9594
108.943 -39.9694
108.991 -39.9794
109.039 -39.9894
109.087 -39.9994
109.136 -40.0094
109.184 -40.0194
109.233 -40.0294
109.281 -40.0394
109.329 -40.0494
109.378 -40.0594
109.427 -40.0694
109.475 -40.0794
109.522 -40.0894
109.566 -40.0994
109.61 -40.1094
109.654 -40.1194
109.698 -40.1294
109.741 -40.1394
109.784 -40.1494
109.828 -40.1594
109.871 -40.1694
