0.1 -10.2274
0.2 -20.5569
0.3 -30.8283
0.4 -41.0947
0.5 -51.356
0.6 -61.6122
0.7 -71.863
0.8 -82.1084
0.9 -92.3483
1 -102.583
0.558828 -106.983
1.11664 -111.378
1.67344 -115.766
2.22925 -120.149
2.78388 -124.527
3.33745 -128.899
3.89005 -133.266
4.44156 -137.627
4.99201 -141.981
5.5414 -146.327
6.08973 -150.663
6.63699 -154.992
7.18317 -159.313
7.72829 -163.626
8.27235 -167.93
8.81534 -172.225
9.35725 -176.514
9.89805 -180.796
10.4378 -185.072
10.9764 -189.339
11.514 -193.597
12.0505 -197.846
12.5858 -202.089
13.1201 -206.322
13.6534 -210.547
14.1856 -214.765
14.7167 -218.973
15.2468 -223.173
15.7757 -227.364
16.3037 -231.546
16.8305 -235.718
17.3563 -239.881
17.881 -244.036
18.4047 -248.183
18.9274 -252.321
19.4489 -256.45
19.9695 -260.568
20.4889 -264.677
21.0074 -268.778
21.5248 -272.869
22.0411 -276.951
22.5564 -281.023
23.0707 -285.085
23.5839 -289.139
24.096 -293.184
24.6071 -297.219
25.1172 -301.245
25.6263 -305.261
26.1343 -309.268
26.6412 -313.266
27.1472 -317.254
27.6521 -321.233
28.1559 -325.202
28.6588 -329.161
29.1606 -333.111
29.6614 -337.052
30.1611 -340.982
30.6598 -344.903
31.1575 -348.815
31.6542 -352.718
32.1499 -356.611
32.6445 -360.494
33.1381 -364.368
33.6307 -368.232
34.1223 -372.087
34.6129 -375.933
35.1024 -379.771
35.591 -383.599
36.0785 -387.417
36.565 -391.226
37.0505 -395.025
37.535 -398.815
38.0185 -402.595
38.501 -406.366
38.9825 -410.126
39.4629 -413.878
39.9424 -417.62
40.4209 -421.353
40.8984 -425.077
41.3749 -428.791
41.8503 -432.496
42.3248 -436.191
42.7983 -439.877
43.2708 -443.554
43.7423 -447.222
44.2128 -450.88
44.6823 -454.528
45.1509 -458.167
45.6184 -461.797
46.085 -465.417
46.5506 -469.028
47.0152 -472.629
47.4788 -476.221
47.9414 -479.803
48.403 -483.376
48.8637 -486.94
49.3234 -490.494
49.7821 -494.038
50.2399 -497.573
50.6966 -501.099
51.1524 -504.615
51.6072 -508.121
52.0611 -511.619
52.514 -515.106
52.9659 -518.585
53.4168 -522.053
53.8668 -525.513
54.3158 -528.963
54.7639 -532.403
55.2109 -535.834
55.6571 -539.256
56.1022 -542.668
56.5465 -546.07
56.9897 -549.463
57.432 -552.847
57.8733 -556.221
58.3137 -559.586
58.7532 -562.941
59.1916 -566.287
59.6292 -569.624
60.0658 -572.951
60.5014 -576.269
60.936 -579.579
61.3698 -582.88
61.8025 -586.171
62.2343 -589.454
62.6652 -592.727
63.0952 -595.99
63.5242 -599.245
63.9522 -602.49
64.3793 -605.725
64.8055 -608.952
65.2307 -612.169
65.655 -615.377
66.0784 -618.576
66.5008 -621.765
66.9223 -624.945
67.3429 -628.115
67.7625 -631.276
68.1812 -634.428
68.599 -637.57
69.0158 -640.703
69.4317 -643.827
69.8467 -646.942
70.2608 -650.047
70.6739 -653.142
71.0861 -656.228
71.4974 -659.305
71.9078 -662.373
72.3173 -665.431
72.7258 -668.48
73.1334 -671.52
73.5401 -674.55
73.9459 -677.571
74.3508 -680.582
74.7548 -683.585
75.1578 -686.579
75.5599 -689.564
75.9611 -692.541
76.3614 -695.508
76.7608 -698.465
77.1593 -701.414
77.5569 -704.353
77.9536 -707.282
78.3493 -710.203
78.7442 -713.114
79.1381 -716.016
79.5312 -718.908
79.9234 -721.791
80.3146 -724.665
80.7049 -727.531
81.0944 -730.387
81.4829 -733.234
81.8706 -736.072
82.2573 -738.9
82.6432 -741.72
83.0282 -744.529
83.4122 -747.33
83.7954 -750.121
84.1777 -752.903
84.5591 -755.676
84.9396 -758.44
85.3193 -761.194
85.6976 -763.94
86.0727 -766.684
86.4405 -769.439
86.8032 -772.198
87.1517 -774.991
87.4756 -777.852
87.7593 -780.828
88.0496 -783.771
88.3389 -786.706
88.6272 -789.633
88.9145 -792.55
89.2007 -795.46
89.4859 -798.36
89.77 -801.253
90.0531 -804.138
90.3336 -807.031
90.6107 -809.94
90.8852 -812.856
91.1552 -815.801
91.4224 -818.757
91.6844 -821.751
91.9424 -824.773
92.1982 -827.8
92.4529 -830.819
92.7065 -833.829
92.959 -836.83
93.2105 -839.823
93.4609 -842.807
93.7102 -845.783
93.9585 -848.753
94.2057 -851.714
94.4519 -854.667
94.697 -857.612
94.9411 -860.552
95.1842 -863.486
95.4265 -866.415
95.6676 -869.336
95.9076 -872.248
96.1465 -875.152
96.3844 -878.049
96.6213 -880.942
96.8571 -883.827
97.0918 -886.703
97.3253 -889.57
97.5576 -892.428
97.7889 -895.278
98.0192 -898.123
98.2465 -900.957
98.4726 -903.784
98.6944 -906.596
98.9139 -909.397
99.1323 -912.189
99.3473 -914.97
99.5585 -917.74
99.7688 -920.504
99.9782 -923.263
100.183 -926.008
100.386 -928.745
100.588 -931.48
100.787 -934.206
100.986 -936.925
101.183 -939.634
101.379 -942.334
101.573 -945.028
101.766 -947.723
101.956 -950.404
102.145 -953.074
102.33 -955.73
102.514 -958.386
102.694 -961.036
102.869 -963.662
103.042 -966.281
103.215 -968.893
103.386 -971.497
103.549 -974.072
103.711 -976.638
103.872 -979.197
104.032 -981.75
104.19 -984.297
104.343 -986.823
104.495 -989.343
104.647 -991.857
104.797 -994.36
104.944 -996.851
105.091 -999.336
105.237 -1001.81
105.383 -1004.28
105.528 -1006.75
105.672 -1009.21
105.815 -1011.66
105.957 -1014.1
106.096 -1016.52
106.235 -1018.94
106.373 -1021.35
106.509 -1023.75
106.641 -1026.13
106.772 -1028.49
106.901 -1030.85
107.031 -1033.2
107.159 -1035.55
107.287 -1037.89
107.409 -1040.19
107.53 -1042.49
107.651 -1044.78
107.77 -1047.06
107.889 -1049.33
108.007 -1051.6
108.125 -1053.85
108.238 -1056.08
108.351 -1058.3
108.462 -1060.5
108.572 -1062.7
108.682 -1064.89
108.79 -1067.06
108.895 -1069.22
109.001 -1071.37
109.105 -1073.51
109.209 -1075.64
109.312 -1077.77
109.414 -1079.88
109.516 -1081.99
109.623 -1084.11
109.729 -1086.22
109.834 -1088.32
109.939 -1090.41
110.052 -1092.52
110.164 -1094.62
110.275 -1096.71
110.385 -1098.79
110.495 -1100.87
110.604 -1102.93
110.721 -1105
110.831 -1107.01
110.941 -1109.01
111.049 -1110.99
111.157 -1112.97
111.258 -1114.88
111.313 -1116.35
111.365 -1117.78
111.42 -1119.22
111.48 -1120.71
111.533 -1122.12
111.575 -1123.37
111.598 -1124.37
111.614 -1125.27
111.659 -1126.44
111.699 -1127.55
111.731 -1128.55
111.765 -1129.55
111.805 -1130.58
111.839 -1131.54
111.864 -1132.36
111.895 -1133.27
111.935 -1134.2
111.997 -1135.39
112.058 -1136.54
112.117 -1137.67
112.173 -1138.75
112.227 -1139.8
112.281 -1140.83
112.334 -1141.85
112.407 -1143.13
112.47 -1144.28
112.527 -1145.37
112.583 -1146.44
112.637 -1147.48
112.69 -1148.51
112.74 -1149.5
112.791 -1150.47
112.844 -1151.45
112.896 -1152.42
112.948 -1153.37
112.998 -1154.31
113.047 -1155.22
113.095 -1156.11
113.142 -1156.98
113.194 -1157.87
113.245 -1158.74
113.295 -1159.6
113.345 -1160.44
113.393 -1161.26
113.447 -1162.14
113.506 -1163.09
113.564 -1164.02
113.621 -1164.93
113.676 -1165.82
113.731 -1166.7
113.785 -1167.56
113.841 -1168.47
113.897 -1169.37
113.952 -1170.26
114.006 -1171.13
114.06 -1171.99
114.113 -1172.83
114.164 -1173.64
114.215 -1174.44
114.266 -1175.23
114.315 -1176
114.363 -1176.74
114.41 -1177.48
114.453 -1178.19
114.496 -1178.88
114.538 -1179.55
114.602 -1180.07
114.719 -1179.76
114.616 -1181.18
114.597 -1180.57
114.451 -1181.02
114.449 -1179.67
103.367 -1094.65
103.341 -1094.67
103.303 -1094.2
103.248 -1093.57
103.174 -1092.74
103.096 -1091.87
103.013 -1090.94
102.925 -1089.98
102.834 -1088.98
102.739 -1087.93
102.651 -1086.95
102.608 -1086.37
102.565 -1085.78
102.519 -1085.17
102.467 -1084.49
102.41 -1083.76
102.351 -1083.02
102.287 -1082.3
102.216 -1081.64
102.132 -1081.12
102.018 -1080.96
101.905 -1080.75
101.791 -1080.52
101.675 -1080.26
101.558 -1079.98
101.439 -1079.68
101.319 -1079.35
101.189 -1078.88
101.056 -1078.38
100.923 -1077.85
100.788 -1077.31
100.662 -1076.85
100.537 -1076.39
100.411 -1075.91
100.284 -1075.41
100.164 -1074.99
100.044 -1074.57
99.9232 -1074.13
99.8017 -1073.67
99.684 -1073.26
99.5792 -1073
99.4759 -1072.76
99.372 -1072.5
99.2761 -1072.34
99.1798 -1072.16
99.0831 -1071.97
98.9858 -1071.78
98.888 -1071.57
98.7897 -1071.35
98.6909 -1071.12
98.5915 -1070.88
98.4916 -1070.62
98.3912 -1070.35
98.2991 -1070.19
98.2085 -1070.05
98.1174 -1069.89
98.0258 -1069.73
97.9335 -1069.55
97.8448 -1069.41
97.758 -1069.29
97.6706 -1069.16
97.5827 -1069.02
97.4931 -1068.85
97.4031 -1068.67
97.3129 -1068.48
97.2227 -1068.29
97.1326 -1068.12
97.0423 -1067.94
96.9517 -1067.76
96.8609 -1067.56
96.7697 -1067.36
96.6775 -1067.14
96.5833 -1066.88
96.4873 -1066.6
96.3888 -1066.31
96.2894 -1066.02
96.1898 -1065.72
96.09 -1065.42
95.9899 -1065.11
95.8896 -1064.79
95.789 -1064.47
95.6881 -1064.14
95.5866 -1063.81
95.4849 -1063.48
95.3829 -1063.15
95.2816 -1062.81
95.1817 -1062.49
95.0813 -1062.16
94.9807 -1061.82
94.8799 -1061.48
94.7789 -1061.13
94.6777 -1060.77
94.5762 -1060.4
94.4746 -1060.04
94.3728 -1059.66
94.2708 -1059.28
94.1682 -1058.88
94.0636 -1058.45
93.9589 -1058
93.8539 -1057.56
93.7488 -1057.11
93.6434 -1056.64
93.5378 -1056.18
93.432 -1055.7
93.3259 -1055.21
93.2205 -1054.74
93.1196 -1054.32
93.0185 -1053.9
92.9175 -1053.5
92.8164 -1053.11
92.7153 -1052.71
92.614 -1052.31
92.5127 -1051.9
92.4107 -1051.48
92.3081 -1051.04
92.2055 -1050.6
92.1027 -1050.15
91.9997 -1049.7
91.8966 -1049.23
91.7933 -1048.76
91.6899 -1048.29
91.5867 -1047.82
91.4835 -1047.35
91.3803 -1046.88
91.2768 -1046.4
91.1795 -1045.98
91.0918 -1045.67
91.0039 -1045.35
90.9159 -1045.03
90.8275 -1044.68
90.7392 -1044.34
90.6511 -1044.02
90.563 -1043.7
90.4749 -1043.37
90.3866 -1043.04
90.2982 -1042.71
90.2097 -1042.36
90.1219 -1042.05
90.0345 -1041.74
89.9469 -1041.43
89.8593 -1041.12
89.7716 -1040.8
89.6837 -1040.47
89.5953 -1040.14
89.507 -1039.8
89.4186 -1039.46
89.3301 -1039.12
89.2417 -1038.77
89.1532 -1038.42
89.0646 -1038.07
88.976 -1037.71
88.8874 -1037.35
88.7985 -1036.99
88.7088 -1036.6
88.6191 -1036.21
88.5294 -1035.82
88.4396 -1035.43
88.3505 -1035.04
88.2623 -1034.66
88.1745 -1034.29
88.0867 -1033.92
87.9988 -1033.55
87.9109 -1033.17
87.8229 -1032.79
87.7349 -1032.41
87.6476 -1032.05
87.5608 -1031.7
87.474 -1031.35
87.3872 -1031
87.3004 -1030.64
87.2135 -1030.28
87.1266 -1029.92
87.0397 -1029.56
86.9552 -1029.21
86.8843 -1029
86.8134 -1028.79
86.7426 -1028.58
86.6716 -1028.36
86.6007 -1028.13
86.5298 -1027.91
86.4595 -1027.69
86.3894 -1027.47
86.3241 -1027.3
86.2609 -1027.15
86.1977 -1027
86.1345 -1026.85
86.0713 -1026.69
86.0081 -1026.53
85.9449 -1026.37
85.8816 -1026.21
85.8184 -1026.04
85.7552 -1025.87
85.6919 -1025.7
85.6287 -1025.53
85.5654 -1025.36
85.5022 -1025.18
85.4389 -1025
85.3757 -1024.82
85.3124 -1024.63
85.249 -1024.43
85.1856 -1024.21
85.1225 -1024.01
85.0594 -1023.81
84.9964 -1023.6
84.9334 -1023.39
84.8704 -1023.18
84.8074 -1022.97
84.7443 -1022.75
84.6813 -1022.54
84.6183 -1022.32
84.5553 -1022.1
84.4923 -1021.88
84.4294 -1021.65
84.3664 -1021.42
84.3034 -1021.19
84.2404 -1020.96
84.1775 -1020.73
84.1145 -1020.5
84.0516 -1020.26
83.9886 -1020.03
83.9257 -1019.79
83.8628 -1019.55
83.7999 -1019.31
83.737 -1019.06
83.6739 -1018.82
83.6108 -1018.56
83.5478 -1018.31
83.4847 -1018.05
83.4217 -1017.8
83.3586 -1017.54
83.2956 -1017.27
83.2326 -1017.01
83.1697 -1016.75
83.1067 -1016.48
83.0438 -1016.21
82.9809 -1015.94
82.918 -1015.67
82.8558 -1015.41
82.7941 -1015.16
82.7324 -1014.91
82.6707 -1014.65
82.6091 -1014.4
82.5475 -1014.14
82.4858 -1013.88
82.4242 -1013.61
82.3626 -1013.35
82.301 -1013.08
82.2395 -1012.81
82.1779 -1012.54
82.1164 -1012.27
82.0549 -1012
81.9934 -1011.72
81.9319 -1011.45
81.8705 -1011.17
81.8123 -1010.92
81.7585 -1010.71
81.7047 -1010.49
81.6509 -1010.28
81.5971 -1010.07
81.5434 -1009.85
81.4897 -1009.63
81.436 -1009.41
81.3823 -1009.19
81.3286 -1008.96
81.2749 -1008.73
81.2213 -1008.5
81.1676 -1008.26
81.114 -1008.02
81.0603 -1007.78
81.0068 -1007.54
80.9532 -1007.29
80.8997 -1007.05
80.8462 -1006.81
80.7928 -1006.56
80.7395 -1006.33
80.6862 -1006.1
80.633 -1005.87
80.5797 -1005.64
80.5265 -1005.4
80.4733 -1005.17
80.4201 -1004.94
80.3669 -1004.7
80.3137 -1004.47
80.2606 -1004.23
80.2075 -1004
80.1544 -1003.76
80.1013 -1003.51
80.0482 -1003.27
79.9953 -1003.04
79.9425 -1002.8
79.8897 -1002.57
79.8369 -1002.33
79.7841 -1002.09
79.7311 -1001.89
79.6779 -1001.72
79.6246 -1001.55
79.5714 -1001.37
79.5182 -1001.2
79.465 -1001.02
79.4118 -1000.84
79.3611 -1000.68
79.3109 -1000.52
79.2607 -1000.36
79.2105 -1000.2
79.1603 -1000.04
79.1101 -999.877
79.0599 -999.711
79.0097 -999.545
78.9596 -999.376
78.9094 -999.207
78.8593 -999.036
78.8096 -998.871
78.7601 -998.708
78.7105 -998.543
78.661 -998.377
78.6114 -998.209
78.5619 -998.04
78.5124 -997.87
78.463 -997.7
78.4135 -997.528
78.3641 -997.355
78.3147 -997.18
78.2653 -997.004
78.2159 -996.827
78.1665 -996.648
78.1171 -996.468
78.0678 -996.286
78.0184 -996.103
77.9691 -995.919
77.9198 -995.733
77.8705 -995.546
77.8211 -995.354
77.7717 -995.16
77.7224 -994.964
77.673 -994.767
77.6236 -994.568
77.5743 -994.368
77.525 -994.167
77.4757 -993.965
77.4264 -993.761
77.3771 -993.555
77.3323 -993.394
77.2883 -993.226
77.2444 -993.064
77.2005 -992.9
77.1567 -992.735
77.1128 -992.568
77.069 -992.4
77.0251 -992.231
76.9813 -992.06
76.9375 -991.888
76.8937 -991.714
76.8499 -991.539
76.8062 -991.363
76.7624 -991.185
76.7187 -991.006
76.675 -990.826
76.6313 -990.644
76.5876 -990.461
76.5439 -990.276
76.5003 -990.09
76.4567 -989.903
76.413 -989.714
76.3694 -989.524
76.3258 -989.333
76.2823 -989.14
76.2387 -988.946
76.1952 -988.75
76.1517 -988.553
76.1082 -988.355
76.0647 -988.155
76.0212 -987.954
75.9778 -987.751
75.9343 -987.547
75.8909 -987.342
75.8475 -987.135
75.8041 -986.927
75.7608 -986.718
75.7174 -986.506
75.6741 -986.293
75.6308 -986.079
75.5875 -985.863
75.5442 -985.645
75.501 -985.426
75.4578 -985.205
75.4146 -984.982
75.3714 -984.758
75.3282 -984.532
75.285 -984.305
75.2419 -984.076
75.1988 -983.845
75.1557 -983.611
75.1125 -983.369
75.0694 -983.126
75.0263 -982.88
74.9832 -982.634
74.9401 -982.386
74.897 -982.134
74.854 -981.879
74.8109 -981.623
74.7681 -981.371
74.7255 -981.123
74.6829 -980.874
74.6404 -980.624
74.5978 -980.371
74.5553 -980.117
74.5129 -979.862
74.4704 -979.605
74.428 -979.346
74.3855 -979.086
74.3458 -978.853
74.3066 -978.625
74.2675 -978.395
74.2284 -978.164
74.1893 -977.931
74.1502 -977.697
74.1112 -977.461
74.0722 -977.224
74.0332 -976.985
73.9942 -976.744
73.9553 -976.502
73.9163 -976.258
73.8774 -976.012
73.8385 -975.765
73.7997 -975.517
73.7608 -975.267
73.722 -975.015
73.6832 -974.762
73.6444 -974.507
73.6057 -974.25
73.5669 -973.992
73.5282 -973.732
73.4896 -973.471
73.4509 -973.208
73.4123 -972.943
73.3737 -972.677
73.3351 -972.409
73.2965 -972.14
73.258 -971.869
73.2195 -971.596
73.181 -971.322
73.1425 -971.046
73.1041 -970.768
73.0657 -970.489
73.0273 -970.209
72.9889 -969.927
72.9506 -969.643
72.9123 -969.357
72.874 -969.07
72.8357 -968.782
72.7975 -968.492
72.7593 -968.2
72.7211 -967.907
72.683 -967.612
72.6449 -967.316
72.6068 -967.018
72.5687 -966.718
72.5307 -966.417
72.4926 -966.114
72.4547 -965.809
72.4167 -965.503
72.3788 -965.196
72.3409 -964.887
72.303 -964.576
72.2651 -964.264
72.2273 -963.95
72.1895 -963.634
72.1518 -963.317
72.114 -962.999
72.0763 -962.678
72.0387 -962.357
72.001 -962.033
71.9634 -961.708
71.9258 -961.382
71.8883 -961.053
71.8508 -960.724
71.8133 -960.392
71.7758 -960.059
71.7384 -959.723
71.7009 -959.386
71.6635 -959.047
71.6262 -958.706
71.5889 -958.364
71.5516 -958.02
71.5151 -957.686
71.4806 -957.375
71.4461 -957.066
71.4116 -956.755
71.3772 -956.443
71.3428 -956.129
71.3084 -955.813
71.274 -955.496
71.2397 -955.178
71.2054 -954.858
71.1712 -954.536
71.1369 -954.213
71.1027 -953.883
71.0685 -953.551
71.0344 -953.216
71.0002 -952.881
70.9661 -952.544
70.9321 -952.205
70.898 -951.865
70.864 -951.523
70.8301 -951.18
70.7961 -950.835
70.7622 -950.489
70.7284 -950.142
70.6945 -949.793
70.6607 -949.442
70.6269 -949.09
70.5932 -948.737
70.5595 -948.382
70.5258 -948.026
70.4922 -947.668
70.4586 -947.309
70.425 -946.948
70.3915 -946.586
70.3579 -946.222
70.3244 -945.862
70.2909 -945.504
70.2574 -945.143
70.224 -944.78
70.1906 -944.416
70.1572 -944.051
70.1238 -943.685
70.0905 -943.317
70.0572 -942.948
70.024 -942.577
69.9908 -942.205
69.9576 -941.832
69.9245 -941.457
69.8914 -941.081
69.8583 -940.703
69.8253 -940.324
69.7923 -939.944
69.7593 -939.562
69.7264 -939.179
69.6935 -938.794
69.6606 -938.408
69.6278 -938.021
69.595 -937.632
69.5623 -937.241
69.5296 -936.85
69.4969 -936.457
69.4643 -936.062
69.4317 -935.666
69.3991 -935.269
69.3666 -934.87
69.3341 -934.47
69.3016 -934.069
69.2692 -933.666
69.2369 -933.261
69.2045 -932.855
69.1722 -932.448
69.14 -932.039
69.1078 -931.629
69.0756 -931.218
69.0434 -930.805
69.0113 -930.39
68.9793 -929.974
68.9472 -929.557
68.9153 -929.138
68.8833 -928.719
68.8514 -928.298
68.8195 -927.876
68.7877 -927.453
68.7559 -927.029
68.7241 -926.604
68.6924 -926.177
68.6607 -925.749
68.6291 -925.319
68.5975 -924.888
68.5659 -924.455
68.5344 -924.021
68.503 -923.586
68.4715 -923.149
68.4401 -922.711
68.4088 -922.271
68.3775 -921.83
68.3462 -921.388
68.315 -920.944
68.2838 -920.499
68.2527 -920.052
68.2216 -919.604
68.1905 -919.155
68.1595 -918.704
68.1285 -918.252
68.0976 -917.799
68.0667 -917.344
68.0358 -916.888
68.005 -916.431
67.9743 -915.972
67.9435 -915.512
67.9129 -915.05
67.8822 -914.587
67.8517 -914.122
67.8211 -913.656
67.7906 -913.189
67.7602 -912.72
67.7297 -912.25
67.6994 -911.779
67.6691 -911.307
67.6396 -910.844
67.6101 -910.38
67.5806 -909.915
67.5512 -909.448
67.5219 -908.98
67.4926 -908.51
67.4633 -908.039
67.4341 -907.566
67.4049 -907.092
67.3758 -906.616
67.3467 -906.14
67.3177 -905.661
67.2887 -905.181
67.2597 -904.7
67.2308 -904.218
67.202 -903.734
67.1731 -903.248
67.1444 -902.761
67.1157 -902.273
67.087 -901.783
67.0584 -901.292
67.0298 -900.799
67.0012 -900.305
66.9727 -899.809
66.9443 -899.312
66.9159 -898.814
66.8876 -898.314
66.8593 -897.812
66.831 -897.31
66.8028 -896.805
66.7746 -896.299
66.7465 -895.792
66.7185 -895.283
66.6905 -894.773
66.6625 -894.261
66.6346 -893.748
66.6062 -893.281
66.5767 -892.903
66.5472 -892.51
66.5178 -892.113
66.4884 -891.714
66.4591 -891.313
66.4298 -890.911
66.4005 -890.508
66.3713 -890.103
66.3421 -889.697
66.3129 -889.29
66.2838 -888.881
66.2547 -888.471
66.2257 -888.059
66.1967 -887.646
66.1677 -887.232
66.1388 -886.817
66.1099 -886.4
66.0811 -885.982
66.0523 -885.562
66.0235 -885.137
65.9947 -884.707
65.966 -884.277
65.9374 -883.845
65.9087 -883.412
65.8802 -882.978
65.8516 -882.542
65.8231 -882.107
65.7946 -881.671
65.7662 -881.233
65.7378 -880.794
65.7095 -880.354
65.6812 -879.913
65.6529 -879.47
65.6247 -879.027
65.5965 -878.582
65.5684 -878.136
65.5403 -877.689
65.5122 -877.24
65.4842 -876.792
65.4562 -876.342
65.4283 -875.89
65.4004 -875.436
65.3725 -874.981
65.3447 -874.524
65.3169 -874.067
65.2892 -873.609
65.2615 -873.149
65.2339 -872.688
65.2063 -872.226
65.1787 -871.764
65.1512 -871.301
65.1237 -870.836
65.0963 -870.371
65.0689 -869.904
65.0416 -869.436
65.0143 -868.967
64.987 -868.497
64.9598 -868.026
64.9326 -867.553
64.9055 -867.08
64.8784 -866.605
64.8514 -866.129
64.8244 -865.652
64.7974 -865.174
64.7705 -864.695
64.7437 -864.215
64.7169 -863.733
64.6901 -863.251
64.6634 -862.767
64.6367 -862.282
64.6101 -861.796
64.5835 -861.309
64.557 -860.82
64.5305 -860.331
64.504 -859.84
64.4776 -859.348
64.4513 -858.855
64.425 -858.361
64.3987 -857.866
64.3725 -857.369
64.3463 -856.872
64.3202 -856.375
64.2941 -855.876
64.2681 -855.376
64.2421 -854.875
64.2162 -854.373
64.1903 -853.87
64.1644 -853.365
64.1386 -852.859
64.1129 -852.352
64.0872 -851.844
64.0615 -851.334
64.0359 -850.823
64.0103 -850.311
63.9848 -849.798
63.9593 -849.283
63.9339 -848.767
63.9085 -848.249
63.8832 -847.73
63.8579 -847.209
63.8327 -846.687
63.8076 -846.163
63.7824 -845.638
63.7574 -845.111
63.7323 -844.583
63.7074 -844.053
63.6824 -843.522
63.6576 -842.989
63.6327 -842.456
63.6079 -841.923
63.5832 -841.389
63.5585 -840.854
63.5338 -840.317
63.5092 -839.779
63.4846 -839.239
63.4601 -838.698
63.4357 -838.155
63.4113 -837.611
63.3869 -837.065
63.3626 -836.518
63.3384 -835.969
63.3142 -835.419
63.2901 -834.868
63.266 -834.315
63.2426 -833.771
63.2197 -833.232
63.1969 -832.692
63.1741 -832.15
63.1514 -831.606
63.1287 -831.061
63.1048 -830.58
63.0799 -830.1
63.0551 -829.627
63.0303 -829.152
63.0055 -828.675
62.9808 -828.197
62.9561 -827.717
62.9315 -827.236
62.9069 -826.752
62.8824 -826.267
62.8579 -825.781
62.8334 -825.293
62.809 -824.803
62.7847 -824.311
62.7604 -823.818
62.7361 -823.323
62.7118 -822.834
62.6875 -822.346
62.6633 -821.856
62.6391 -821.364
62.6149 -820.871
62.5908 -820.377
62.5667 -819.881
62.5427 -819.383
62.5187 -818.884
62.4948 -818.383
62.4709 -817.881
62.447 -817.378
62.4232 -816.873
62.3995 -816.368
62.3758 -815.86
62.352 -815.362
62.3282 -814.872
62.3044 -814.38
62.2807 -813.888
62.257 -813.394
62.2334 -812.898
62.2098 -812.4
62.1863 -811.901
62.1628 -811.399
62.1393 -810.896
62.1159 -810.392
62.0926 -809.885
62.0699 -809.388
62.0475 -808.894
62.0251 -808.398
62.0028 -807.9
61.9805 -807.401
61.9582 -806.901
61.936 -806.399
61.9139 -805.896
61.8918 -805.391
61.8698 -804.884
61.8478 -804.375
61.8258 -803.865
61.8039 -803.353
61.782 -802.839
61.7602 -802.323
61.7385 -801.806
61.7168 -801.287
61.6951 -800.766
61.6735 -800.243
61.6519 -799.719
61.6304 -799.193
61.6089 -798.665
61.5875 -798.136
61.5662 -797.604
61.5449 -797.071
61.5236 -796.536
61.5024 -796
61.4812 -795.461
61.4601 -794.921
61.4391 -794.379
61.418 -793.836
61.3971 -793.29
61.3762 -792.743
61.3553 -792.194
61.3345 -791.644
61.3138 -791.091
61.2931 -790.538
61.2724 -789.984
61.2518 -789.429
61.2313 -788.872
61.2108 -788.312
61.1903 -787.752
61.1699 -787.189
61.1496 -786.625
61.1293 -786.058
61.109 -785.491
61.0889 -784.921
61.0687 -784.349
61.0487 -783.776
61.0286 -783.201
61.0087 -782.624
60.9888 -782.046
60.9689 -781.466
60.9491 -780.884
60.9294 -780.3
60.9097 -779.714
60.89 -779.127
60.8705 -778.538
60.8509 -777.947
60.8315 -777.354
60.8121 -776.76
60.7927 -776.163
60.7734 -775.566
60.7542 -774.966
60.7349 -774.366
60.7157 -773.766
60.6966 -773.164
60.6775 -772.561
60.6585 -771.956
60.6395 -771.349
60.6205 -770.74
60.6017 -770.13
60.5829 -769.518
60.5641 -768.904
60.5454 -768.289
60.5268 -767.672
60.5082 -767.054
60.4897 -766.434
60.4712 -765.812
60.4528 -765.189
60.4344 -764.565
60.4161 -763.938
60.3979 -763.31
60.3797 -762.68
60.3616 -762.048
60.3435 -761.414
60.3255 -760.779
60.3076 -760.142
60.2897 -759.503
60.2719 -758.862
60.2541 -758.22
60.2364 -757.577
60.2188 -756.933
60.2012 -756.287
60.1837 -755.639
60.1662 -754.989
60.1488 -754.337
60.1315 -753.684
60.1142 -753.029
60.097 -752.372
60.0798 -751.716
60.0627 -751.058
60.0456 -750.399
60.0286 -749.738
60.0117 -749.075
59.9948 -748.411
59.978 -747.746
59.9612 -747.079
59.9445 -746.41
59.9279 -745.739
59.9113 -745.067
59.8948 -744.392
59.8784 -743.717
59.862 -743.04
59.8457 -742.362
59.8294 -741.682
59.8132 -741.001
59.7971 -740.318
59.781 -739.633
59.765 -738.946
59.7491 -738.258
59.7332 -737.568
59.7174 -736.876
59.7017 -736.182
59.686 -735.487
59.6704 -734.79
59.6549 -734.091
59.6394 -733.391
59.624 -732.689
59.6086 -731.985
59.5933 -731.28
59.5781 -730.573
59.563 -729.864
59.5479 -729.154
59.5329 -728.442
59.5179 -727.728
59.503 -727.013
59.4882 -726.296
59.4734 -725.578
59.4588 -724.858
59.4441 -724.136
59.4296 -723.413
59.4151 -722.689
59.4007 -721.963
59.3863 -721.236
59.372 -720.506
59.3578 -719.776
59.3436 -719.043
59.3295 -718.309
59.3155 -717.572
59.3016 -716.835
59.2877 -716.095
59.2739 -715.354
59.2602 -714.612
59.2465 -713.868
59.2329 -713.123
59.2193 -712.376
59.2059 -711.627
59.1925 -710.877
59.1792 -710.124
59.1659 -709.372
59.1527 -708.619
59.1395 -707.864
59.1264 -707.107
59.1134 -706.349
59.1005 -705.589
59.0877 -704.828
59.0749 -704.065
59.0621 -703.301
59.0495 -702.536
59.0369 -701.771
59.0243 -701.005
59.0118 -700.237
58.9994 -699.467
58.9871 -698.696
58.9748 -697.923
58.9627 -697.148
58.9505 -696.371
58.9385 -695.593
58.9265 -694.815
58.9146 -694.036
58.9027 -693.255
58.8909 -692.475
58.8792 -691.692
58.8676 -690.908
58.856 -690.121
58.8445 -689.334
58.833 -688.546
58.8217 -687.757
58.8103 -686.968
58.7991 -686.179
58.7879 -685.388
58.7767 -684.595
58.7657 -683.801
58.7547 -683.005
58.7438 -682.208
58.7329 -681.409
58.7222 -680.609
58.7115 -679.807
58.7009 -679.004
58.6903 -678.199
58.6798 -677.396
58.6693 -676.592
58.659 -675.785
58.6487 -674.977
58.6385 -674.167
58.6283 -673.356
58.6183 -672.542
58.6083 -671.728
58.5984 -670.913
58.5885 -670.096
58.5787 -669.278
58.569 -668.46
58.5593 -667.642
58.5497 -666.823
58.5402 -666.003
58.5307 -665.184
58.5212 -664.363
58.5119 -663.541
58.5026 -662.717
58.4934 -661.893
58.4843 -661.067
58.4752 -660.239
58.4662 -659.41
58.4573 -658.58
58.4485 -657.747
58.4398 -656.913
58.4311 -656.077
58.4225 -655.239
58.414 -654.4
58.4056 -653.56
58.3972 -652.718
58.3889 -651.875
58.3807 -651.03
58.3726 -650.183
58.3645 -649.335
58.3566 -648.485
58.3487 -647.633
58.3409 -646.78
58.3332 -645.924
58.3255 -645.068
58.318 -644.209
58.3105 -643.349
58.3031 -642.489
58.2957 -641.629
58.2884 -640.766
58.2812 -639.903
58.2741 -639.038
58.2671 -638.172
58.26 -637.307
58.2531 -636.442
58.2462 -635.575
58.2394 -634.706
58.2327 -633.837
58.2261 -632.965
58.2195 -632.092
58.2131 -631.218
58.2066 -630.345
58.2003 -629.47
58.194 -628.593
58.1878 -627.715
58.1817 -626.835
58.1757 -625.954
58.1698 -625.071
58.1639 -624.188
58.1581 -623.304
58.1524 -622.418
58.1467 -621.53
58.1412 -620.641
58.1357 -619.75
58.1303 -618.858
58.125 -617.965
58.1198 -617.069
58.1146 -616.172
58.1096 -615.274
58.1046 -614.375
58.0997 -613.474
58.0949 -612.571
58.0901 -611.668
58.0854 -610.767
58.0808 -609.863
58.0759 -608.968
58.0704 -608.088
58.065 -607.208
58.0598 -606.325
58.0545 -605.441
58.0494 -604.555
58.0443 -603.669
58.0394 -602.78
58.0345 -601.89
58.0297 -600.998
58.0249 -600.105
58.0203 -599.21
58.0157 -598.314
58.0112 -597.417
58.0068 -596.519
58.0025 -595.619
57.9983 -594.718
57.9941 -593.817
57.9899 -592.915
57.9859 -592.012
57.982 -591.107
57.9781 -590.202
57.9743 -589.295
57.9706 -588.386
57.9669 -587.477
57.9633 -586.567
57.9598 -585.655
57.9564 -584.742
57.9531 -583.827
57.9499 -582.912
57.9467 -581.996
57.9436 -581.08
57.9406 -580.163
57.9376 -579.244
57.9347 -578.324
57.9319 -577.403
57.9291 -576.486
57.9264 -575.571
57.9237 -574.654
57.9211 -573.736
57.9186 -572.817
57.9161 -571.897
57.9138 -570.975
57.9115 -570.052
57.9093 -569.128
57.9072 -568.202
57.9051 -567.276
57.9032 -566.348
57.9013 -565.42
57.8995 -564.491
57.8977 -563.563
57.896 -562.634
57.8944 -561.703
57.8929 -560.771
57.8914 -559.837
57.8901 -558.901
57.8888 -557.964
57.8874 -557.033
57.8861 -556.102
57.8848 -555.17
57.8836 -554.237
57.8825 -553.306
57.8814 -552.373
57.8804 -551.439
57.8794 -550.505
57.8786 -549.57
57.8778 -548.634
57.8771 -547.698
57.8765 -546.76
57.8759 -545.822
57.8755 -544.881
57.875 -543.941
57.8747 -543.001
57.8744 -542.06
57.8743 -541.117
57.8742 -540.173
57.8741 -539.23
57.8742 -538.285
57.8744 -537.34
57.8749 -536.401
57.8754 -535.46
57.8761 -534.517
57.8768 -533.574
57.8776 -532.63
57.8785 -531.686
57.8794 -530.742
57.8804 -529.798
57.8814 -528.852
57.8826 -527.905
57.8838 -526.957
57.8851 -526.009
57.8865 -525.059
57.888 -524.111
57.8894 -523.164
57.891 -522.215
57.8926 -521.266
57.8943 -520.315
57.8961 -519.363
57.898 -518.409
57.9 -517.455
57.902 -516.501
57.904 -515.548
57.9062 -514.595
57.9084 -513.64
57.9105 -512.695
57.9127 -511.749
57.9149 -510.802
57.9173 -509.853
57.9196 -508.906
57.922 -507.965
57.9244 -507.023
57.9269 -506.08
57.9294 -505.135
57.9321 -504.19
57.9347 -503.248
57.9374 -502.305
57.9403 -501.361
57.9432 -500.415
57.9461 -499.469
57.9491 -498.525
57.9522 -497.581
57.9553 -496.635
57.9585 -495.688
57.9618 -494.74
57.9652 -493.792
57.9687 -492.841
57.9723 -491.89
57.9759 -490.937
57.9797 -489.982
57.9835 -489.026
57.9874 -488.069
57.9914 -487.111
57.9955 -486.152
57.9996 -485.194
58.0039 -484.234
58.0082 -483.272
58.0126 -482.309
58.0171 -481.345
58.0216 -480.38
58.0263 -479.414
58.031 -478.449
58.0358 -477.483
58.0406 -476.516
58.0455 -475.549
58.0505 -474.581
58.0556 -473.612
58.0608 -472.641
58.0661 -471.67
58.0714 -470.698
58.0768 -469.724
58.0823 -468.751
58.0878 -467.78
58.0934 -466.807
58.0991 -465.833
58.1047 -464.867
58.1102 -463.909
58.1158 -462.95
58.1214 -461.992
58.127 -461.034
58.1328 -460.075
58.1387 -459.114
58.1446 -458.154
58.1505 -457.194
58.1566 -456.233
58.1627 -455.273
58.1688 -454.313
58.1751 -453.351
58.1814 -452.388
58.1878 -451.425
58.1943 -450.461
58.2008 -449.497
58.2074 -448.531
58.2142 -447.564
58.221 -446.596
58.2279 -445.627
58.2349 -444.656
58.242 -443.684
58.2492 -442.71
58.2564 -441.735
58.2638 -440.76
58.2711 -439.787
58.2785 -438.818
58.2859 -437.847
58.2934 -436.875
58.301 -435.903
58.3087 -434.929
58.3164 -433.955
58.3242 -432.982
58.332 -432.009
58.34 -431.034
58.348 -430.057
58.3562 -429.079
58.3644 -428.1
58.3728 -427.119
58.3812 -426.138
58.3893 -425.163
58.3969 -424.201
58.4046 -423.237
58.4123 -422.273
58.4202 -421.307
58.4281 -420.34
58.4361 -419.372
58.4442 -418.403
58.4524 -417.433
58.4605 -416.47
58.4684 -415.516
58.4765 -414.562
58.4845 -413.61
58.4925 -412.659
58.5007 -411.707
58.5089 -410.753
58.5172 -409.798
58.5257 -408.842
58.5342 -407.885
58.5428 -406.926
58.5514 -405.966
58.5602 -405.004
58.5691 -404.041
58.5781 -403.077
58.5871 -402.112
58.5962 -401.148
58.6053 -400.185
58.6145 -399.22
58.6238 -398.254
58.6332 -397.288
58.6427 -396.321
58.6522 -395.352
58.6619 -394.382
58.6716 -393.412
58.6814 -392.441
58.6913 -391.468
58.7013 -390.495
58.7113 -389.52
58.7215 -388.544
58.7317 -387.569
58.7419 -386.594
58.7523 -385.617
58.7627 -384.639
58.7732 -383.661
58.7838 -382.682
58.7945 -381.702
58.8053 -380.722
58.8161 -379.741
58.8269 -378.764
58.8377 -377.789
58.8486 -376.812
58.8596 -375.835
58.8707 -374.857
58.8818 -373.879
58.893 -372.9
58.9044 -371.92
58.9156 -370.943
58.9269 -369.969
58.9381 -369.002
58.949 -368.046
58.9601 -367.088
58.9712 -366.13
58.9824 -365.171
58.9936 -364.214
59.0049 -363.257
59.0163 -362.3
59.0277 -361.342
59.0392 -360.384
59.0507 -359.424
59.0623 -358.469
59.0739 -357.514
59.0855 -356.558
59.0973 -355.601
59.1091 -354.644
59.121 -353.686
59.133 -352.727
59.1451 -351.767
59.1572 -350.807
59.1695 -349.845
59.1818 -348.882
59.1942 -347.918
59.2067 -346.954
59.2193 -345.988
59.2319 -345.022
59.2447 -344.055
59.2575 -343.086
59.2704 -342.116
59.2835 -341.145
59.2965 -340.174
59.3097 -339.201
59.323 -338.228
59.3363 -337.253
59.3498 -336.278
59.3633 -335.301
59.3769 -334.322
59.3906 -333.343
59.4044 -332.362
59.4183 -331.381
59.4323 -330.399
59.4463 -329.416
59.4605 -328.432
59.4747 -327.446
59.4891 -326.46
59.5035 -325.473
59.5179 -324.486
59.5324 -323.5
59.547 -322.514
59.5617 -321.526
59.5764 -320.537
59.5912 -319.548
59.6058 -318.571
59.6203 -317.597
59.635 -316.62
59.6497 -315.643
59.6645 -314.665
59.6793 -313.689
59.6942 -312.712
59.7092 -311.735
59.7242 -310.756
59.7393 -309.777
59.7545 -308.797
59.7699 -307.815
59.7853 -306.831
59.8008 -305.848
59.8163 -304.863
59.832 -303.877
59.8478 -302.89
59.8635 -301.905
59.8792 -300.923
59.8945 -299.946
59.91 -298.969
59.9255 -297.99
59.9411 -297.011
59.9568 -296.031
59.9726 -295.05
59.9885 -294.068
60.0044 -293.085
60.0205 -292.102
60.0365 -291.119
60.0526 -290.139
60.0688 -289.158
60.085 -288.176
60.1013 -287.194
60.1177 -286.213
60.1341 -285.23
60.1506 -284.248
60.1671 -283.267
60.1837 -282.286
60.2002 -281.308
60.2168 -280.33
60.2336 -279.35
60.2503 -278.37
60.2671 -277.392
60.284 -276.414
60.3009 -275.434
60.318 -274.455
60.335 -273.477
60.3521 -272.501
60.3692 -271.525
60.3864 -270.548
60.4036 -269.572
60.4209 -268.595
60.4383 -267.617
60.4558 -266.638
60.4734 -265.659
60.491 -264.68
60.5087 -263.699
60.5262 -262.729
60.5437 -261.76
60.5611 -260.793
60.5787 -259.827
60.5963 -258.861
60.6139 -257.894
60.6316 -256.93
60.6493 -255.966
60.667 -255.005
60.6848 -254.042
60.7026 -253.08
60.7206 -252.115
60.7386 -251.151
60.7567 -250.185
60.7749 -249.219
60.7932 -248.252
60.8116 -247.283
60.83 -246.314
60.8486 -245.344
60.8671 -244.375
60.8857 -243.407
60.9044 -242.439
60.9231 -241.471
60.9419 -240.504
60.9607 -239.539
60.9794 -238.574
60.9983 -237.61
61.0172 -236.644
61.0363 -235.678
61.0554 -234.71
61.0746 -233.742
61.0939 -232.773
61.1133 -231.804
61.1327 -230.835
61.1522 -229.865
61.1717 -228.897
61.1913 -227.928
61.2109 -226.959
61.2307 -225.989
61.2505 -225.019
61.2703 -224.051
61.2902 -223.081
61.3102 -222.109
61.3303 -221.137
61.3504 -220.168
61.3705 -219.202
61.3903 -218.24
61.4103 -217.277
61.4303 -216.316
61.4502 -215.357
61.4702 -214.401
61.4902 -213.444
61.5103 -212.487
61.5305 -211.529
61.5507 -210.571
61.5711 -209.612
61.5914 -208.653
61.6119 -207.695
61.6324 -206.736
61.653 -205.776
61.6737 -204.815
61.6945 -203.852
61.7153 -202.889
61.7363 -201.925
61.7573 -200.962
61.7784 -199.998
61.7991 -199.045
61.82 -198.093
61.8408 -197.14
61.8618 -196.188
61.8828 -195.234
61.9039 -194.279
61.9251 -193.323
61.9464 -192.367
61.9677 -191.41
61.9892 -190.452
62.0107 -189.493
62.0323 -188.536
62.0539 -187.579
62.0755 -186.622
62.0972 -185.666
62.119 -184.709
62.1408 -183.751
62.1627 -182.795
62.1846 -181.84
62.2066 -180.886
62.2286 -179.931
62.2507 -178.976
62.2728 -178.02
62.2951 -177.065
62.3173 -176.111
62.3396 -175.156
62.362 -174.2
62.3845 -173.244
62.4071 -172.287
62.4296 -171.332
62.4522 -170.378
62.4749 -169.424
62.4976 -168.469
62.5204 -167.514
62.5433 -166.559
62.5662 -165.604
62.5892 -164.65
62.6122 -163.696
62.6352 -162.743
62.6583 -161.792
62.6814 -160.84
62.7046 -159.888
62.7279 -158.936
62.7512 -157.983
62.7746 -157.03
62.7981 -156.077
62.8217 -155.123
62.8453 -154.167
62.8689 -153.214
62.8891 -152.345
62.906 -151.569
62.923 -150.785
62.94 -150
62.9571 -149.215
62.9743 -148.43
62.9915 -147.644
63.0088 -146.857
63.0262 -146.069
63.0437 -145.28
63.0612 -144.49
63.0788 -143.701
63.0964 -142.91
63.1142 -142.119
63.1319 -141.328
63.1498 -140.536
63.1677 -139.743
63.1856 -138.951
63.2036 -138.16
63.2217 -137.368
63.2397 -136.576
63.2579 -135.783
63.2761 -134.99
63.2944 -134.196
63.3128 -133.401
63.3312 -132.607
63.3497 -131.813
63.3682 -131.017
63.3868 -130.221
63.4055 -129.424
63.4242 -128.626
63.4431 -127.827
63.4619 -127.029
63.4808 -126.231
63.4998 -125.434
63.5186 -124.639
63.5375 -123.843
63.5565 -123.047
63.5756 -122.25
63.5947 -121.451
63.6139 -120.652
63.6332 -119.854
63.6524 -119.058
63.6717 -118.261
63.6911 -117.463
63.7106 -116.664
63.7301 -115.865
63.7497 -115.065
63.7694 -114.264
63.7891 -113.464
63.8088 -112.665
63.8286 -111.865
63.8484 -111.065
63.8683 -110.265
63.8883 -109.465
63.9083 -108.664
63.9284 -107.862
63.9485 -107.061
63.9688 -106.258
63.9891 -105.455
64.0094 -104.651
64.0298 -103.847
64.0503 -103.043
64.0708 -102.239
64.0914 -101.435
64.112 -100.632
64.1326 -99.8292
64.1533 -99.0261
64.1741 -98.2224
64.1949 -97.4177
64.2158 -96.6124
64.2367 -95.8091
64.2577 -95.0057
64.2787 -94.2021
64.2998 -93.3978
64.3209 -92.5944
64.342 -91.7916
64.3632 -90.9897
64.3844 -90.1892
64.4056 -89.3881
64.4269 -88.5866
64.4483 -87.7855
64.4696 -86.9858
64.491 -86.1868
64.5124 -85.3877
64.5339 -84.5879
64.5554 -83.7897
64.577 -82.9925
64.5985 -82.1957
64.6201 -81.399
64.6418 -80.6028
64.6635 -79.8072
64.6852 -79.012
64.7069 -78.2183
64.7287 -77.4252
64.7504 -76.6346
64.7722 -75.8449
64.794 -75.0547
64.8158 -74.2657
64.8376 -73.4792
64.8593 -72.6974
64.881 -71.9173
64.9028 -71.1376
64.9245 -70.3614
64.9441 -69.6352
64.9623 -68.9492
64.9805 -68.2615
64.9988 -67.5731
65.0171 -66.8842
65.0354 -66.1953
65.0538 -65.5088
65.0722 -64.8225
65.0906 -64.1355
65.1091 -63.448
65.1277 -62.76
65.1463 -62.0721
65.1649 -61.3837
65.1836 -60.6948
65.2024 -60.0054
65.2212 -59.3153
65.2401 -58.6251
65.2591 -57.9342
65.2781 -57.2425
65.2971 -56.551
65.3162 -55.8593
65.3354 -55.1668
65.3546 -54.4742
65.3739 -53.7822
65.3931 -53.0904
65.4125 -52.3984
65.4318 -51.706
65.4513 -51.0131
65.4708 -50.3197
65.4904 -49.6258
65.51 -48.9318
65.5296 -48.2372
65.5494 -47.5418
65.5692 -46.8457
65.589 -46.1501
65.6088 -45.4561
65.6287 -44.7617
65.6482 -44.0764
65.6677 -43.3922
65.6873 -42.707
65.707 -42.0215
65.7267 -41.3351
65.7465 -40.648
65.7663 -39.9601
65.7862 -39.2715
65.8062 -38.5821
65.8262 -37.8919
65.8463 -37.2032
65.8663 -36.5157
65.8864 -35.8284
65.9066 -35.1413
65.9267 -34.4539
65.947 -33.766
65.9673 -33.0775
65.9876 -32.3898
66.0079 -31.7019
66.0284 -31.0132
66.0489 -30.3238
66.0694 -29.6336
66.0901 -28.9427
66.1108 -28.2513
66.1315 -27.5601
66.1523 -26.8682
66.1731 -26.1759
66.194 -25.4836
66.215 -24.7907
66.236 -24.0971
66.257 -23.4049
66.278 -22.7132
66.2992 -22.0211
66.3203 -21.3295
66.3415 -20.6374
66.3627 -19.9444
66.3841 -19.2507
66.4054 -18.5563
66.4269 -17.8613
66.4484 -17.1659
66.47 -16.4697
66.4916 -15.7739
66.5132 -15.0792
66.5349 -14.3837
66.5566 -13.6877
66.5784 -12.9912
66.6003 -12.2939
66.6222 -11.5963
66.6442 -10.8989
66.6662 -10.2008
66.6883 -9.50194
66.7105 -8.80244
66.7327 -8.10247
66.755 -7.40232
66.7773 -6.70159
66.7997 -6.00017
66.8222 -5.29801
66.8447 -4.59596
66.8672 -3.89407
66.8898 -3.19189
66.9125 -2.48998
66.9352 -1.78734
66.9578 -1.08813
66.9805 -0.388436
67.0033 0.311987
67.0261 1.01288
67.049 1.71448
67.0719 2.41606
67.0949 3.11823
67.118 3.82113
67.1411 4.52467
67.1643 5.22824
67.1875 5.93133
67.2107 6.63353
67.234 7.33631
67.2573 8.0391
67.2807 8.74263
67.3041 9.44687
67.3277 10.1518
67.3512 10.8575
67.3749 11.564
67.3986 12.2711
67.4223 12.976
67.4461 13.6808
67.4699 14.3863
67.4938 15.0924
67.5177 15.7993
67.5417 16.5067
67.5658 17.2144
67.5899 17.9226
67.6141 18.6312
67.6383 19.3403
67.6626 20.0501
67.687 20.7596
67.7113 21.4693
67.7358 22.1796
67.7603 22.8896
67.7848 23.5982
67.8093 24.3076
67.8339 25.0161
67.8585 25.7241
67.8832 26.4316
67.9079 27.1397
67.9326 27.8481
67.9574 28.557
67.9823 29.2667
68.0072 29.977
68.0323 30.6881
68.0573 31.3993
68.0823 32.1076
68.1074 32.8167
68.1326 33.5264
68.1578 34.2369
68.1831 34.9481
68.2084 35.66
68.2339 36.3726
68.2594 37.0859
68.2806 37.6964
68.3019 38.3066
68.3232 38.9178
68.3446 39.5295
68.3661 40.1417
68.3876 40.7543
68.4091 41.3664
68.4307 41.9787
68.4523 42.591
68.474 43.2038
68.4957 43.8173
68.5175 44.4315
68.5394 45.0462
68.5613 45.6616
68.5832 46.2776
68.6052 46.894
68.6273 47.5105
68.6494 48.1276
68.6716 48.7453
68.6938 49.3637
68.7161 49.9826
68.7385 50.6017
68.7608 51.2187
68.7831 51.8362
68.8056 52.4543
68.828 53.0726
68.8505 53.6912
68.8731 54.3102
68.8957 54.9298
68.9184 55.5501
68.9411 56.171
68.9639 56.7915
68.9866 57.4119
69.0094 58.0329
69.0321 58.6509
69.0547 59.2661
69.0773 59.8815
69.1 60.4974
69.1228 61.114
69.1456 61.7312
69.1684 62.3485
69.1914 62.9663
69.2143 63.5848
69.2374 64.2039
69.2604 64.8236
69.2836 65.444
69.3068 66.0648
69.3301 66.6863
69.3534 67.3084
69.3768 67.9311
69.4002 68.5544
69.4236 69.1763
69.4471 69.7988
69.4707 70.4214
69.4942 71.0433
69.5178 71.6655
69.5415 72.2879
69.5651 72.9105
69.5889 73.5335
69.6127 74.157
69.6365 74.7812
69.6605 75.406
69.6844 76.0313
69.7085 76.6572
69.7326 77.2837
69.7567 77.9109
69.7809 78.5387
69.8052 79.167
69.8295 79.7957
69.8539 80.425
69.8784 81.0548
69.9029 81.6852
69.9274 82.3157
69.952 82.9468
69.9767 83.5777
70.0013 84.2085
70.0261 84.8393
70.0508 85.4699
70.0756 86.0999
70.1004 86.7301
70.1252 87.3601
70.1501 87.9905
70.1751 88.6201
70.2 89.2499
70.225 89.8803
70.2501 90.511
70.2752 91.1422
70.3004 91.7739
70.3256 92.4058
70.3509 93.0378
70.3762 93.6703
70.4016 94.3035
70.4271 94.9371
70.4526 95.5708
70.4781 96.2046
70.5014 96.782
70.5229 97.3173
70.5445 97.8525
70.5661 98.3864
70.5878 98.9208
70.6094 99.4558
70.6312 99.9913
70.6521 100.506
70.6689 100.926
70.6857 101.346
70.7026 101.766
70.7195 102.187
70.7364 102.608
70.7534 103.029
70.7704 103.451
70.7874 103.872
70.8042 104.287
70.821 104.703
70.8378 105.12
70.8547 105.536
70.8716 105.954
70.8885 106.372
70.9055 106.79
70.9225 107.208
70.9396 107.628
70.9567 108.047
70.9738 108.467
70.991 108.887
71.0082 109.307
71.0254 109.727
71.0427 110.148
71.06 110.57
71.0774 110.991
71.0926 112.126
71.1092 111.931
71.1246 112.423
71.1401 112.916
71.1555 113.409
71.171 113.905
71.1866 114.403
71.1997 114.877
71.2123 115.346
71.2252 115.796
71.2381 116.247
71.2511 116.696
71.2641 117.147
71.2771 117.597
71.2901 118.049
71.3032 118.501
71.3164 118.954
71.3296 119.408
71.3429 119.85
71.3565 120.278
71.37 120.706
71.3836 121.134
71.3972 121.563
71.4109 121.992
71.4246 122.421
71.4384 122.852
71.4521 123.283
71.466 123.716
71.4798 124.148
71.4937 124.58
71.5071 125.009
71.5205 125.439
71.5339 125.869
71.5474 126.301
71.5609 126.733
71.5745 127.166
71.588 127.6
71.6017 128.034
71.6154 128.47
71.6291 128.906
71.6429 129.343
71.6579 129.76
71.673 130.174
71.6881 130.59
71.7032 131.005
71.7184 131.42
71.7336 131.837
71.7489 132.253
71.7641 132.671
71.7794 133.089
71.7948 133.508
71.8102 133.926
71.8256 134.346
71.841 134.767
71.8565 135.188
71.8721 135.61
71.8876 136.033
71.9032 136.456
71.9189 136.88
71.9346 137.305
71.9503 137.73
71.966 138.156
71.9818 138.583
71.9977 139.01
72.0136 139.438
72.0295 139.867
72.0454 140.296
72.0614 140.727
72.0775 141.158
72.0935 141.589
72.1096 142.018
72.1256 142.445
72.1417 142.874
72.1578 143.302
72.174 143.731
72.1902 144.16
72.2064 144.591
72.2227 145.021
72.239 145.452
72.2553 145.884
72.2717 146.316
72.2881 146.749
72.3045 147.183
72.321 147.618
72.3376 148.053
72.3542 148.489
72.3708 148.926
72.3874 149.364
72.4041 149.802
72.4209 150.242
72.4377 150.682
72.4545 151.123
72.4714 151.565
72.4883 152.007
72.5052 152.451
72.5222 152.895
72.5393 153.34
72.5563 153.786
72.5735 154.233
72.5906 154.68
72.6078 155.128
72.6251 155.577
72.6424 156.027
72.6597 156.477
72.6771 156.928
72.6941 157.393
72.711 157.867
72.728 158.342
72.745 158.818
72.762 159.294
72.7791 159.768
72.7962 160.243
72.8133 160.718
72.8305 161.195
72.8477 161.672
72.8649 162.149
72.8822 162.627
72.8996 163.106
72.9169 163.586
72.9344 164.066
72.9518 164.548
72.9694 165.03
72.9873 165.5
73.0053 165.969
73.0234 166.439
73.0415 166.908
73.0596 167.378
73.0777 167.849
73.0959 168.32
73.1142 168.792
73.1324 169.264
73.1508 169.737
73.1691 170.21
73.1875 170.684
73.206 171.16
73.2245 171.635
73.243 172.112
73.2616 172.589
73.2802 173.064
73.2988 173.54
73.3175 174.017
73.3362 174.494
73.3549 174.972
73.3737 175.451
73.3926 175.931
73.4115 176.411
73.4304 176.892
73.4494 177.374
73.4684 177.857
73.4877 178.333
73.5073 178.804
73.5269 179.274
73.5466 179.745
73.5662 180.217
73.586 180.689
73.6057 181.162
73.6255 181.636
73.6454 182.11
73.6653 182.586
73.6852 183.061
73.7041 183.54
73.7221 183.995
73.7402 184.46
73.7583 184.926
73.7764 185.394
73.7946 185.861
73.8128 186.328
73.831 186.792
73.8493 187.258
73.8676 187.724
73.8859 188.191
73.9043 188.658
73.9227 189.126
73.9411 189.595
73.9596 190.065
73.9782 190.536
73.9968 191.008
74.0154 191.48
74.0341 191.953
74.0528 192.427
74.0716 192.902
74.0904 193.377
74.1093 193.854
74.1282 194.331
74.1471 194.808
74.1661 195.287
74.1851 195.767
74.2042 196.246
74.2231 196.725
74.2398 197.182
74.2564 197.635
74.2731 198.089
74.2897 198.544
74.3065 199
74.3232 199.456
74.3401 199.914
74.3569 200.371
74.3738 200.83
74.3907 201.29
74.4077 201.75
74.4248 202.211
74.4418 202.673
74.4588 203.135
74.4756 203.596
74.4924 204.058
74.5093 204.521
74.5262 204.985
74.5432 205.449
74.5602 205.915
74.5772 206.381
74.5943 206.848
74.6115 207.315
74.6286 207.782
74.6458 208.25
74.6631 208.719
74.6804 209.188
74.6977 209.656
74.7149 210.124
74.7322 210.59
74.7495 211.056
74.7669 211.522
74.7842 211.989
74.8016 212.454
74.8191 212.92
74.8365 213.387
74.854 213.854
74.8716 214.322
74.8892 214.791
74.9066 215.259
74.924 215.728
74.9415 216.197
74.959 216.667
74.9766 217.136
74.9941 217.606
75.0117 218.077
75.0294 218.548
75.0471 219.02
75.0648 219.492
75.0826 219.965
75.1004 220.439
75.1183 220.914
75.1362 221.39
75.1541 221.866
75.1722 222.343
75.1902 222.821
75.2083 223.3
75.2264 223.778
75.2446 224.258
75.2628 224.738
75.281 225.219
75.2993 225.701
75.3177 226.183
75.3361 226.666
75.3545 227.15
75.373 227.635
75.3915 228.119
75.41 228.604
75.4286 229.09
75.4472 229.576
75.4659 230.063
75.4846 230.55
75.5034 231.039
75.5222 231.528
75.541 232.017
75.5599 232.506
75.5788 232.996
75.5978 233.486
75.6168 233.977
75.6358 234.469
75.6549 234.962
75.6741 235.455
75.6933 235.95
75.7125 236.445
75.7318 236.94
75.7511 237.437
75.7705 237.933
75.7899 238.43
75.8093 238.928
75.8288 239.427
75.8483 239.924
75.8678 240.42
75.8874 240.917
75.907 241.414
75.9266 241.912
75.9463 242.411
75.966 242.91
75.9858 243.41
76.0056 243.911
76.0254 244.411
76.0453 244.912
76.0653 245.414
76.0852 245.916
76.1052 246.418
76.1253 246.921
76.1454 247.424
76.1655 247.926
76.1856 248.429
76.2058 248.933
76.2261 249.437
76.2464 249.943
76.2667 250.448
76.2871 250.955
76.3075 251.462
76.328 251.97
76.3485 252.478
76.3691 252.986
76.3896 253.494
76.4103 254.003
76.4308 254.511
76.4513 255.02
76.472 255.53
76.4926 256.04
76.5133 256.551
76.534 257.062
76.5548 257.574
76.5757 258.086
76.5965 258.6
76.6175 259.114
76.6384 259.628
76.6595 260.143
76.6805 260.659
76.7016 261.175
76.7227 261.69
76.7439 262.207
76.7651 262.724
76.7864 263.241
76.8077 263.757
76.829 264.275
76.8504 264.793
76.8718 265.312
76.8932 265.831
76.9147 266.35
76.9363 266.869
76.9578 267.39
76.9795 267.91
77.0011 268.432
77.0229 268.953
77.0446 269.476
77.0664 269.997
77.0882 270.519
77.1101 271.042
77.132 271.566
77.1539 272.088
77.1759 272.61
77.1979 273.131
77.2199 273.654
77.2419 274.176
77.264 274.699
77.2862 275.223
77.3084 275.747
77.3306 276.272
77.3529 276.794
77.3751 277.315
77.3974 277.837
77.4197 278.359
77.4421 278.882
77.4645 279.405
77.4869 279.929
77.5094 280.453
77.532 280.978
77.5546 281.504
77.5772 282.031
77.5999 282.558
77.6227 283.087
77.6455 283.616
77.6683 284.145
77.6912 284.676
77.7142 285.207
77.7372 285.738
77.7602 286.27
77.7833 286.803
77.8064 287.336
77.8296 287.87
77.8529 288.404
77.8761 288.939
77.8994 289.474
77.9228 290.01
77.9462 290.546
77.9696 291.081
77.9931 291.616
78.0165 292.15
78.04 292.685
78.0636 293.22
78.0872 293.757
78.1109 294.294
78.1346 294.831
78.1583 295.369
78.1821 295.907
78.206 296.446
78.2298 296.985
78.2538 297.524
78.2777 298.063
78.3017 298.603
78.3257 299.142
78.3498 299.68
78.3739 300.22
78.398 300.76
78.4221 301.299
78.4463 301.836
78.4705 302.374
78.4948 302.913
78.519 303.452
78.5434 303.992
78.5678 304.532
78.5922 305.073
78.6167 305.615
78.6412 306.157
78.6658 306.698
78.6904 307.241
78.715 307.783
78.7397 308.326
78.7645 308.87
78.7893 309.414
78.8141 309.958
78.8389 310.501
78.8638 311.045
78.8888 311.59
78.9138 312.136
78.9388 312.682
78.9639 313.229
78.9891 313.776
79.0142 314.324
79.0395 314.872
79.0647 315.42
79.09 315.969
79.1154 316.518
79.1408 317.068
79.1663 317.619
79.1918 318.169
79.2173 318.719
79.2429 319.27
79.2685 319.821
79.2942 320.373
79.3199 320.926
79.3457 321.479
79.3714 322.029
79.3972 322.578
79.423 323.128
79.4488 323.678
79.4747 324.229
79.5007 324.781
79.5266 325.333
79.5527 325.885
79.5788 326.438
79.6049 326.991
79.631 327.544
79.6572 328.096
79.6834 328.648
79.7097 329.201
79.736 329.755
79.7623 330.308
79.7887 330.861
79.8151 331.416
79.8416 331.971
79.8681 332.526
79.8947 333.082
79.9214 333.639
79.948 334.196
79.9748 334.754
80.0016 335.313
80.0284 335.872
80.0553 336.432
80.0823 336.992
80.1092 337.553
80.1362 338.113
80.1633 338.673
80.1904 339.234
80.2175 339.794
80.2447 340.356
80.2719 340.918
80.2992 341.48
80.3265 342.044
80.3539 342.607
80.3813 343.171
80.4088 343.734
80.4363 344.299
80.4638 344.864
80.4915 345.43
80.5191 345.994
80.5467 346.558
80.5744 347.123
80.6022 347.688
80.6299 348.253
80.6577 348.817
80.6856 349.381
80.7134 349.946
80.7414 350.512
80.7694 351.079
80.7974 351.646
80.8255 352.214
80.8537 352.782
80.8819 353.351
80.9102 353.921
80.9385 354.491
80.9668 355.062
80.9952 355.632
81.0237 356.203
81.0522 356.775
81.0807 357.347
81.1093 357.92
81.138 358.494
81.1667 359.068
81.1954 359.643
81.2243 360.219
81.2531 360.795
81.282 361.371
81.311 361.947
81.34 362.524
81.369 363.102
81.3981 363.68
81.4273 364.258
81.4565 364.838
81.4858 365.418
81.5151 365.999
81.5445 366.58
81.5739 367.162
81.6034 367.745
81.6329 368.328
81.6625 368.912
81.6922 369.497
81.7219 370.083
81.7517 370.669
81.7815 371.256
81.8114 371.843
81.8413 372.431
81.8713 373.02
81.9013 373.609
81.9314 374.199
81.9616 374.79
81.9918 375.381
82.022 375.972
82.0523 376.564
82.0827 377.156
82.1131 377.749
82.143 378.338
82.1726 378.926
82.2019 379.513
82.2313 380.101
82.2608 380.689
82.2902 381.277
82.3197 381.864
82.3492 382.452
82.3788 383.04
82.4085 383.628
82.4381 384.217
82.4679 384.807
82.4977 385.397
82.5275 385.988
82.5574 386.58
82.5874 387.172
82.6174 387.764
82.6475 388.357
82.6776 388.95
82.7077 389.544
82.7379 390.139
82.7682 390.734
82.7985 391.33
82.8289 391.927
82.8594 392.524
82.8899 393.122
82.9204 393.72
82.951 394.32
82.9817 394.919
83.0124 395.52
83.0432 396.121
83.0741 396.723
83.105 397.325
83.1359 397.928
83.1669 398.532
83.198 399.136
83.2291 399.74
83.2602 400.345
83.2914 400.951
83.3227 401.557
83.3541 402.165
83.3855 402.772
83.4169 403.381
83.4484 403.99
83.48 404.599
83.5116 405.208
83.5432 405.819
83.5749 406.429
83.6067 407.041
83.6385 407.653
83.6704 408.265
83.7023 408.879
83.7343 409.493
83.7664 410.107
83.7985 410.723
83.8307 411.339
83.8629 411.954
83.8951 412.569
83.9274 413.185
83.9598 413.802
83.9922 414.42
84.0247 415.038
84.0572 415.657
84.0898 416.276
84.1224 416.896
84.1551 417.517
84.1879 418.139
84.2207 418.761
84.2536 419.383
84.2865 420.004
84.3194 420.626
84.3524 421.249
84.3855 421.873
84.4186 422.497
84.4518 423.121
84.485 423.747
84.5183 424.372
84.5516 424.998
84.585 425.624
84.6185 426.251
84.652 426.879
84.6855 427.507
84.7192 428.136
84.7528 428.766
84.7866 429.396
84.8204 430.026
84.8542 430.657
84.8881 431.288
84.9221 431.92
84.9561 432.553
84.9902 433.187
85.0243 433.821
85.0585 434.455
85.0928 435.091
85.127 435.726
85.1613 436.359
85.1956 436.992
85.23 437.625
85.2644 438.259
85.2988 438.892
85.3333 439.526
85.3679 440.16
85.4025 440.795
85.4372 441.43
85.4718 442.065
85.5066 442.701
85.5414 443.336
85.5762 443.973
85.6111 444.609
85.6461 445.245
85.681 445.882
85.7161 446.519
85.7512 447.157
85.7864 447.795
85.8216 448.434
85.8569 449.074
85.8922 449.714
85.9276 450.354
85.963 450.994
85.9985 451.635
86.034 452.276
86.0696 452.918
86.1053 453.561
86.141 454.204
86.1768 454.848
86.2126 455.491
86.2484 456.135
86.2844 456.78
86.3204 457.426
86.3564 458.071
86.3925 458.717
86.4286 459.364
86.4649 460.011
86.5011 460.659
86.5375 461.308
86.5739 461.957
86.6103 462.607
86.6469 463.257
86.6834 463.908
86.7201 464.56
86.7568 465.212
86.7935 465.865
86.8304 466.519
86.8673 467.173
86.9042 467.827
86.9412 468.483
86.9783 469.139
87.0154 469.794
87.0525 470.45
87.0897 471.107
87.127 471.764
87.1643 472.421
87.2017 473.079
87.2392 473.738
87.2767 474.397
87.3142 475.055
87.3517 475.713
87.3893 476.369
87.4268 477.024
87.4644 477.681
87.5021 478.337
87.5399 478.995
87.5777 479.652
87.6154 480.308
87.6533 480.964
87.6911 481.621
87.7291 482.278
87.7671 482.935
87.8051 483.593
87.8433 484.252
87.8815 484.912
87.9197 485.572
87.958 486.233
87.9964 486.894
88.0348 487.555
88.0732 488.216
88.1117 488.877
88.1503 489.538
88.1889 490.2
88.2275 490.863
88.2663 491.526
88.305 492.189
88.3439 492.853
88.3828 493.518
88.4217 494.183
88.4608 494.848
88.4998 495.513
88.5389 496.178
88.578 496.843
88.6172 497.508
88.6565 498.175
88.6958 498.842
88.7352 499.51
88.7746 500.178
88.8141 500.847
88.8537 501.516
88.8933 502.186
88.933 502.857
88.9728 503.528
89.0126 504.2
89.0524 504.871
89.0923 505.542
89.1323 506.214
89.1723 506.886
89.2123 507.559
89.2524 508.231
89.2925 508.903
89.3327 509.575
89.3729 510.247
89.4132 510.92
89.4535 511.592
89.4939 512.265
89.5343 512.938
89.5748 513.612
89.6154 514.287
89.656 514.962
89.6966 515.636
89.7371 516.304
89.7776 516.973
89.8182 517.643
89.8589 518.313
89.8996 518.983
89.9404 519.654
89.9812 520.326
90.0221 520.997
90.063 521.668
90.104 522.341
90.1451 523.014
90.1862 523.687
90.2274 524.361
90.2686 525.036
90.3099 525.709
90.3512 526.384
90.3926 527.058
90.434 527.734
90.4755 528.41
90.5171 529.086
90.5587 529.762
90.6003 530.439
90.642 531.116
90.6838 531.794
90.7257 532.472
90.7676 533.152
90.8096 533.831
90.8516 534.511
90.8937 535.191
90.9358 535.871
90.9779 536.55
91.02 537.225
91.0621 537.901
91.1042 538.578
91.1465 539.255
91.1888 539.933
91.2311 540.611
91.2736 541.29
91.3161 541.97
91.3586 542.65
91.4012 543.331
91.4439 544.012
91.4866 544.692
91.5294 545.373
91.5722 546.054
91.6151 546.737
91.658 547.419
91.7011 548.103
91.744 548.785
91.7868 549.466
91.8297 550.147
91.8726 550.829
91.9156 551.512
91.9586 552.195
92.0017 552.878
92.0449 553.561
92.0881 554.246
92.1314 554.93
92.1747 555.614
92.218 556.298
92.2614 556.983
92.3049 557.667
92.3484 558.352
92.3919 559.038
92.4354 559.723
92.479 560.409
92.5226 561.096
92.5663 561.783
92.61 562.471
92.6538 563.159
92.6977 563.847
92.7416 564.536
92.7856 565.226
92.8297 565.916
92.8738 566.607
92.918 567.298
92.9623 567.99
93.0066 568.683
93.051 569.376
93.0954 570.069
93.1399 570.761
93.1843 571.451
93.2288 572.142
93.2733 572.833
93.3178 573.522
93.3624 574.211
93.407 574.902
93.4513 575.59
93.4956 576.279
93.5399 576.967
93.5842 577.655
93.6286 578.343
93.6731 579.032
93.7176 579.721
93.7622 580.41
93.8068 581.1
93.8515 581.791
93.8963 582.482
93.9411 583.173
93.9859 583.862
94.0307 584.551
94.0756 585.24
94.1205 585.93
94.1655 586.621
94.2106 587.312
94.2557 588.002
94.3008 588.693
94.346 589.384
94.3913 590.075
94.4366 590.768
94.482 591.46
94.5275 592.154
94.573 592.847
94.6184 593.536
94.6639 594.227
94.7094 594.917
94.755 595.608
94.8007 596.3
94.8464 596.992
94.8922 597.684
94.9379 598.375
94.9837 599.065
95.0296 599.756
95.0755 600.447
95.1214 601.139
95.1675 601.831
95.2136 602.524
95.2598 603.217
95.306 603.912
95.3523 604.606
95.3987 605.301
95.4451 605.997
95.4916 606.693
95.5381 607.389
95.5847 608.085
95.6313 608.781
95.6779 609.476
95.7246 610.172
95.7713 610.866
95.818 611.56
95.8648 612.255
95.9117 612.95
95.9586 613.645
96.0053 614.335
96.052 615.023
96.0987 615.71
96.1455 616.398
96.1923 617.086
96.2392 617.775
96.2862 618.464
96.3333 619.154
96.3803 619.844
96.4275 620.535
96.4747 621.226
96.522 621.918
96.5693 622.609
96.6167 623.299
96.664 623.99
96.7115 624.682
96.759 625.374
96.8066 626.067
96.8543 626.76
96.902 627.454
96.9496 628.145
96.9973 628.836
97.045 629.526
97.0928 630.218
97.1407 630.91
97.1886 631.603
97.2366 632.295
97.2846 632.988
97.3323 633.673
97.38 634.357
97.4278 635.041
97.4756 635.727
97.5235 636.412
97.5715 637.098
97.6194 637.783
97.6675 638.468
97.7156 639.154
97.7637 639.841
97.8119 640.527
97.8602 641.214
97.9085 641.901
97.9568 642.588
98.0053 643.276
98.0536 643.961
98.1018 644.641
98.15 645.319
98.1982 645.997
98.2465 646.676
98.2949 647.356
98.3433 648.036
98.3917 648.715
98.4402 649.395
98.4887 650.075
98.5373 650.755
98.586 651.436
98.6347 652.117
98.6835 652.798
98.7323 653.479
98.7811 654.16
98.83 654.842
98.8789 655.521
98.9278 656.201
98.9768 656.881
99.0259 657.562
99.075 658.243
99.1242 658.925
99.1734 659.607
99.2226 660.288
99.2719 660.97
99.3213 661.652
99.3707 662.335
99.4202 663.018
99.4697 663.701
99.5194 664.386
99.569 665.07
99.6187 665.753
99.6684 666.437
99.7182 667.121
99.7681 667.806
99.818 668.49
99.8679 669.176
99.918 669.861
99.9681 670.548
100.018 671.234
100.068 671.919
100.118 672.602
100.169 673.286
100.219 673.969
100.269 674.65
100.319 675.331
100.369 676.012
100.42 676.693
100.47 677.374
100.52 678.056
100.571 678.739
100.621 679.421
100.672 680.104
100.722 680.787
100.773 681.467
100.824 682.148
100.874 682.821
100.924 683.493
100.975 684.166
101.025 684.839
101.076 685.513
101.126 686.187
101.177 686.862
101.227 687.537
101.278 688.213
101.329 688.889
101.38 689.566
101.431 690.242
101.482 690.919
101.533 691.595
101.584 692.273
101.635 692.95
101.686 693.627
101.738 694.305
101.789 694.974
101.839 695.642
101.89 696.309
101.941 696.977
101.992 697.645
102.043 698.313
102.095 698.98
102.146 699.647
102.197 700.315
102.248 700.983
102.299 701.652
102.351 702.32
102.402 702.988
102.454 703.657
102.505 704.326
102.557 704.995
102.608 705.665
102.66 706.324
102.711 706.98
102.762 707.636
102.813 708.292
102.864 708.949
102.916 709.606
102.967 710.264
103.018 710.922
103.07 711.581
103.122 712.24
103.173 712.894
103.224 713.546
103.276 714.199
103.327 714.852
103.379 715.504
103.43 716.153
103.482 716.802
103.533 717.449
103.584 718.096
103.636 718.745
103.688 719.393
103.739 720.042
103.791 720.691
103.843 721.341
103.894 721.99
103.946 722.64
103.998 723.288
104.05 723.935
104.102 724.583
104.153 725.228
104.205 725.872
104.257 726.514
104.309 727.156
104.361 727.797
104.412 728.439
104.464 729.081
104.516 729.723
104.568 730.366
104.62 731.01
104.672 731.654
104.725 732.296
104.777 732.939
104.829 733.582
104.881 734.224
104.934 734.866
104.986 735.508
105.038 736.151
105.091 736.794
105.143 737.438
105.196 738.08
105.248 738.72
105.301 739.361
105.353 740.003
105.406 740.645
105.458 741.287
105.511 741.93
105.564 742.573
105.617 743.211
105.669 743.847
105.722 744.483
105.774 745.119
105.827 745.755
105.88 746.391
105.933 747.027
105.985 747.663
106.038 748.3
106.091 748.937
106.144 749.569
106.197 750.195
106.249 750.822
106.302 751.448
106.354 752.075
106.407 752.703
106.46 753.331
106.513 753.959
106.566 754.588
106.618 755.212
106.671 755.828
106.723 756.445
106.776 757.061
106.828 757.677
106.881 758.292
106.933 758.899
106.985 759.506
107.038 760.113
107.09 760.718
107.142 761.324
107.195 761.929
107.247 762.534
107.299 763.138
107.352 763.743
107.404 764.346
107.456 764.947
107.509 765.549
107.561 766.151
107.613 766.75
107.666 767.348
107.718 767.945
107.77 768.544
107.823 769.142
107.875 769.74
107.928 770.335
107.98 770.932
108.033 771.527
108.085 772.123
108.138 772.718
108.19 773.315
108.243 773.911
108.296 774.508
108.349 775.106
108.401 775.704
108.454 776.302
108.507 776.901
108.56 777.5
108.613 778.1
108.667 778.7
108.72 779.3
108.773 779.901
108.826 780.5
108.879 781.096
108.932 781.691
108.985 782.286
109.039 782.882
109.092 783.47
109.144 784.058
109.197 784.647
109.25 785.233
109.303 785.807
109.355 786.38
109.407 786.949
109.459 787.511
109.511 788.065
109.562 788.62
109.614 789.173
109.666 789.725
109.717 790.277
109.769 790.829
109.82 791.381
109.872 791.933
109.924 792.484
109.975 793.033
110.027 793.582
110.079 794.131
110.131 794.68
110.182 795.229
110.234 795.778
110.286 796.325
110.338 796.874
110.39 797.422
110.442 797.969
110.493 798.516
110.545 799.062
110.597 799.609
110.649 800.154
110.701 800.691
110.752 801.226
110.804 801.758
110.855 802.291
110.906 802.822
110.958 803.352
111.009 803.883
111.061 804.41
111.112 804.937
111.163 805.461
111.214 805.984
111.266 806.505
111.317 807.026
111.368 807.545
111.419 808.065
111.47 808.585
111.522 809.105
111.573 809.626
111.624 810.147
111.676 810.668
111.727 811.19
111.779 811.712
111.83 812.235
111.882 812.758
111.934 813.281
111.985 813.805
112.037 814.329
112.089 814.853
112.141 815.377
112.193 815.902
112.245 816.428
112.297 816.953
112.349 817.479
112.401 818.006
112.453 818.533
112.505 819.06
112.558 819.587
112.61 820.115
112.662 820.643
112.715 821.171
112.767 821.7
112.82 822.229
112.872 822.759
112.925 823.289
112.978 823.819
113.031 824.35
113.083 824.881
113.136 825.412
113.189 825.943
113.242 826.475
113.295 827.008
113.348 827.54
113.401 828.073
113.454 828.607
113.507 829.141
113.561 829.675
113.614 830.209
113.667 830.744
113.721 831.279
113.774 831.815
113.828 832.35
113.881 832.887
113.935 833.423
113.989 833.96
114.042 834.497
114.096 835.035
114.15 835.573
114.204 836.111
114.258 836.65
114.312 837.189
114.366 837.728
114.42 838.268
114.474 838.808
114.528 839.348
114.582 839.889
114.637 840.43
114.691 840.972
114.745 841.513
114.8 842.056
114.854 842.598
114.909 843.141
114.963 843.684
115.018 844.228
115.073 844.772
115.127 845.316
115.182 845.861
115.237 846.405
115.292 846.951
115.347 847.496
115.402 848.043
115.457 848.589
115.512 849.136
115.567 849.683
115.622 850.23
115.678 850.778
115.733 851.326
115.788 851.875
115.844 852.423
115.899 852.973
115.955 853.522
116.01 854.072
116.066 854.622
116.122 855.173
116.177 855.724
116.233 856.275
116.289 856.827
116.345 857.379
116.401 857.931
116.457 858.484
116.513 859.037
116.569 859.59
116.625 860.144
116.682 860.698
116.738 861.253
116.794 861.808
116.851 862.363
116.907 862.918
116.963 863.474
117.02 864.029
117.076 864.585
117.133 865.141
117.189 865.698
117.246 866.255
117.303 866.812
117.359 867.369
117.416 867.927
117.473 868.486
117.53 869.044
117.587 869.603
117.644 870.163
117.701 870.723
117.758 871.283
117.815 871.843
117.873 872.404
117.93 872.965
117.987 873.526
118.045 874.088
118.102 874.65
118.159 875.213
118.217 875.776
118.275 876.339
118.332 876.903
118.39 877.467
118.448 878.031
118.506 878.596
118.563 879.161
118.621 879.726
118.679 880.292
118.737 880.858
118.796 881.424
118.854 881.991
118.912 882.558
118.97 883.126
119.028 883.694
119.087 884.262
119.145 884.83
119.204 885.399
119.262 885.969
119.321 886.538
119.379 887.108
119.438 887.678
119.497 888.249
119.556 888.82
119.615 889.392
119.673 889.963
119.732 890.535
119.791 891.108
119.85 891.681
119.91 892.254
119.969 892.827
120.028 893.401
120.087 893.975
120.147 894.55
120.206 895.125
120.266 895.7
120.325 896.276
120.385 896.852
120.444 897.428
120.504 898.005
120.564 898.582
120.623 899.159
120.683 899.737
120.743 900.315
120.803 900.893
120.863 901.472
120.923 902.051
120.983 902.631
121.044 903.211
121.104 903.791
121.164 904.371
121.224 904.952
121.285 905.534
121.345 906.115
121.406 906.697
121.466 907.28
121.527 907.862
121.588 908.445
121.648 909.029
121.709 909.613
121.77 910.197
121.831 910.781
121.892 911.366
121.953 911.951
122.014 912.537
122.075 913.123
122.136 913.709
122.198 914.295
122.259 914.882
122.32 915.47
122.382 916.057
122.443 916.645
122.505 917.234
122.566 917.822
122.628 918.411
122.689 919.001
122.751 919.591
122.813 920.181
122.875 920.771
122.937 921.362
122.999 921.953
123.061 922.545
123.123 923.137
123.185 923.729
123.247 924.322
123.309 924.915
123.372 925.508
123.434 926.102
123.497 926.696
123.559 927.29
123.622 927.885
123.684 928.48
123.747 929.075
123.81 929.671
123.872 930.267
123.935 930.864
123.998 931.461
124.061 932.058
124.124 932.656
124.187 933.254
124.25 933.852
124.313 934.451
124.377 935.05
124.44 935.649
124.503 936.249
124.567 936.849
124.63 937.449
124.694 938.05
124.757 938.651
124.821 939.253
124.884 939.854
124.948 940.457
125.012 941.059
125.076 941.662
125.14 942.265
125.204 942.869
125.268 943.473
125.332 944.077
125.396 944.682
125.46 945.287
125.525 945.893
125.589 946.498
125.653 947.104
125.718 947.711
125.782 948.318
125.847 948.925
125.911 949.532
125.976 950.14
126.041 950.749
126.106 951.357
126.17 951.966
126.235 952.576
126.3 953.185
126.365 953.795
126.43 954.406
126.496 955.016
126.561 955.627
126.626 956.239
126.691 956.851
126.757 957.463
126.822 958.075
126.888 958.688
126.953 959.302
127.019 959.915
127.084 960.529
127.15 961.143
127.216 961.758
127.282 962.373
127.348 962.988
127.414 963.604
127.48 964.22
127.546 964.837
127.612 965.454
127.678 966.071
127.744 966.688
127.811 967.306
127.877 967.924
127.944 968.543
128.01 969.162
128.077 969.781
128.143 970.401
128.21 971.021
128.277 971.641
128.343 972.262
128.41 972.883
128.477 973.504
128.544 974.126
128.611 974.748
128.678 975.371
128.745 975.994
128.813 976.617
128.88 977.241
128.947 977.864
129.015 978.489
129.082 979.113
129.15 979.738
129.217 980.364
129.285 980.989
129.353 981.616
129.42 982.242
129.488 982.869
129.556 983.496
129.624 984.123
129.692 984.751
129.76 985.38
129.828 986.008
129.896 986.637
129.965 987.266
130.033 987.896
130.101 988.526
130.17 989.156
130.238 989.787
130.307 990.418
130.375 991.05
130.444 991.681
130.513 992.314
130.581 992.946
130.65 993.579
130.719 994.212
130.788 994.846
130.857 995.48
130.926 996.114
130.995 996.749
131.065 997.384
131.134 998.019
131.203 998.655
131.273 999.291
131.342 999.927
131.411 1000.56
131.481 1001.2
131.551 1001.84
131.62 1002.48
131.69 1003.11
131.76 1003.75
131.83 1004.39
131.9 1005.03
131.97 1005.67
132.04 1006.31
132.11 1006.95
132.18 1007.59
132.25 1008.23
132.32 1008.87
132.39 1009.51
132.46 1010.15
132.53 1010.79
132.601 1011.43
132.671 1012.07
132.741 1012.71
132.812 1013.36
132.882 1014
132.953 1014.64
133.023 1015.28
133.094 1015.93
133.165 1016.57
133.235 1017.21
133.306 1017.86
133.377 1018.5
133.448 1019.15
133.519 1019.79
133.59 1020.44
133.661 1021.09
133.733 1021.73
133.804 1022.38
133.875 1023.03
133.947 1023.67
134.018 1024.32
134.09 1024.97
134.161 1025.62
134.233 1026.27
134.305 1026.92
134.376 1027.57
134.448 1028.22
134.52 1028.87
134.592 1029.52
134.664 1030.17
134.736 1030.82
134.808 1031.47
134.881 1032.12
134.953 1032.78
135.025 1033.43
135.098 1034.08
135.17 1034.74
135.243 1035.39
135.315 1036.04
135.388 1036.7
135.461 1037.35
135.533 1038.01
135.606 1038.67
135.679 1039.32
135.752 1039.98
135.825 1040.64
135.898 1041.29
135.971 1041.95
136.044 1042.61
136.118 1043.26
136.191 1043.92
136.264 1044.58
136.338 1045.24
136.411 1045.9
136.485 1046.56
136.558 1047.22
136.632 1047.88
136.706 1048.54
136.78 1049.2
136.854 1049.86
136.927 1050.53
137.001 1051.19
137.076 1051.85
137.15 1052.51
137.224 1053.18
137.298 1053.84
137.372 1054.5
137.446 1055.15
137.52 1055.81
137.594 1056.47
137.668 1057.12
137.742 1057.78
137.816 1058.44
137.891 1059.1
137.965 1059.76
138.04 1060.42
138.114 1061.08
138.189 1061.74
138.263 1062.4
138.338 1063.06
138.413 1063.72
138.488 1064.38
138.562 1065.05
138.637 1065.71
138.712 1066.37
138.788 1067.03
138.863 1067.7
138.938 1068.36
139.013 1069.03
139.089 1069.69
139.164 1070.35
139.239 1071.02
139.315 1071.69
139.391 1072.35
139.466 1073.02
139.542 1073.68
139.618 1074.35
139.694 1075.02
139.769 1075.69
139.845 1076.35
139.921 1077.02
139.998 1077.69
140.074 1078.36
140.15 1079.03
