0.1 -0.0209674
0.2 -0.0420232
0.3 -0.0631675
0.4 -0.0844013
0.5 -0.105726
0.6 -0.127141
0.7 -0.148649
0.8 -0.17025
0.9 -0.191945
1 -0.213735
0.558828 -0.223735
1.11664 -0.233735
1.67344 -0.243735
2.22925 -0.253735
2.78388 -0.263735
3.33745 -0.273735
3.89005 -0.283735
4.44156 -0.293735
4.99201 -0.303735
5.5414 -0.313735
6.08973 -0.323735
6.63699 -0.333735
7.18317 -0.343735
7.72829 -0.353735
8.27235 -0.363735
8.81534 -0.373735
9.35725 -0.383735
9.89805 -0.393735
10.4378 -0.403735
10.9764 -0.413735
11.514 -0.423735
12.0505 -0.433735
12.5858 -0.443735
13.1201 -0.453735
13.6534 -0.463735
14.1856 -0.473735
14.7167 -0.483735
15.2468 -0.493735
15.7757 -0.503735
16.3037 -0.513735
16.8305 -0.523735
17.3563 -0.533735
17.881 -0.543735
18.4047 -0.553735
18.9274 -0.563735
19.4489 -0.573735
19.9695 -0.583735
20.4889 -0.593735
21.0074 -0.603735
21.5248 -0.613735
22.0411 -0.623735
22.5564 -0.633735
23.0707 -0.643735
23.5839 -0.653735
24.096 -0.663735
24.6071 -0.673735
25.1172 -0.683735
25.6263 -0.693735
26.1343 -0.703735
26.6412 -0.713735
27.1472 -0.723735
27.6521 -0.733735
28.1559 -0.743735
28.6588 -0.753735
29.1606 -0.763735
29.6614 -0.773735
30.1611 -0.783735
30.6598 -0.793735
31.1575 -0.803735
31.6542 -0.813735
32.1499 -0.823735
32.6445 -0.833735
33.1381 -0.843735
33.6307 -0.853735
34.1223 -0.863735
34.6129 -0.873735
35.1024 -0.883735
35.591 -0.893735
36.0785 -0.903735
36.565 -0.913735
37.0505 -0.923735
37.535 -0.933735
38.0185 -0.943735
38.501 -0.953735
38.9825 -0.963735
39.4629 -0.973735
39.9424 -0.983735
40.4209 -0.993735
40.8984 -1.00373
41.3749 -1.01373
41.8503 -1.02373
42.3248 -1.03373
42.7983 -1.04373
43.2708 -1.05373
43.7423 -1.06373
44.2128 -1.07373
44.6823 -1.08373
45.1509 -1.09373
45.6184 -1.10373
46.085 -1.11373
46.5506 -1.12373
47.0152 -1.13373
47.4788 -1.14373
47.9414 -1.15373
48.403 -1.16373
48.8637 -1.17373
49.3234 -1.18373
49.7821 -1.19373
50.2399 -1.20373
50.6966 -1.21373
51.1524 -1.22373
51.6072 -1.23373
52.0611 -1.24373
52.514 -1.25373
52.9659 -1.26373
53.4168 -1.27373
53.8668 -1.28373
54.3158 -1.29373
54.7639 -1.30373
55.2109 -1.31373
55.6571 -1.32373
56.1022 -1.33373
56.5465 -1.34373
56.9897 -1.35373
57.432 -1.36373
57.8733 -1.37373
58.3137 -1.38373
58.7532 -1.39373
59.1916 -1.40373
59.6292 -1.41373
60.0658 -1.42373
60.5014 -1.43373
60.936 -1.44373
61.3698 -1.45373
61.8025 -1.46373
62.2343 -1.47373
62.6652 -1.48373
63.0952 -1.49373
63.5242 -1.50373
63.9522 -1.51373
64.3793 -1.52373
64.8055 -1.53373
65.2307 -1.54373
65.655 -1.55373
66.0784 -1.56373
66.5008 -1.57373
66.9223 -1.58373
67.3429 -1.59373
67.7625 -1.60373
68.1812 -1.61373
68.599 -1.62373
69.0158 -1.63373
69.4317 -1.64373
69.8467 -1.65373
70.2608 -1.66373
70.6739 -1.67373
71.0861 -1.68373
71.4974 -1.69373
71.9078 -1.70373
72.3173 -1.71373
72.7258 -1.72373
73.1334 -1.73373
73.5401 -1.74373
73.9459 -1.75373
74.3508 -1.76373
74.7548 -1.77373
75.1578 -1.78373
75.5599 -1.79373
75.9611 -1.80373
76.3614 -1.81373
76.7608 -1.82373
77.1593 -1.83373
77.5569 -1.84373
77.9536 -1.85373
78.3493 -1.86373
78.7442 -1.87373
79.1381 -1.88373
79.5312 -1.89373
79.9234 -1.90373
80.3146 -1.91373
80.7049 -1.92373
81.0944 -1.93373
81.4829 -1.94373
81.8706 -1.95373
82.2573 -1.96373
82.6432 -1.97373
83.0282 -1.98373
83.4122 -1.99373
83.7954 -2.00373
84.1777 -2.01373
84.5591 -2.02373
84.9396 -2.03373
85.3193 -2.04373
85.6976 -2.05373
86.0727 -2.06373
86.4405 -2.07373
86.8032 -2.08373
87.1517 -2.09373
87.4756 -2.10373
87.7593 -2.11373
88.0496 -2.12373
88.3389 -2.13373
88.6272 -2.14373
88.9145 -2.15373
89.2007 -2.16373
89.4859 -2.17373
89.77 -2.18373
90.0531 -2.19373
90.3336 -2.20373
90.6107 -2.21373
90.8852 -2.22373
91.1552 -2.23373
91.4224 -2.24373
91.6844 -2.25373
91.9424 -2.26373
92.1982 -2.27373
92.4529 -2.28373
92.7065 -2.29373
92.959 -2.30373
93.2105 -2.31373
93.4609 -2.32373
93.7102 -2.33373
93.9585 -2.34373
94.2057 -2.35373
94.4519 -2.36373
94.697 -2.37373
94.9411 -2.38373
95.1842 -2.39373
95.4265 -2.40373
95.6676 -2.41373
95.9076 -2.42373
96.1465 -2.43373
96.3844 -2.44373
96.6213 -2.45373
96.8571 -2.46373
97.0918 -2.47373
97.3253 -2.48373
97.5576 -2.49373
97.7889 -2.50373
98.0192 -2.51373
98.2465 -2.52373
98.4726 -2.53373
98.6944 -2.54373
98.9139 -2.55373
99.1323 -2.56373
99.3473 -2.57373
99.5585 -2.58373
99.7688 -2.59373
99.9782 -2.60373
100.183 -2.61373
100.386 -2.62373
100.588 -2.63373
100.787 -2.64373
100.986 -2.65373
101.183 -2.66373
101.379 -2.67373
101.573 -2.68373
101.766 -2.69373
101.956 -2.70373
102.145 -2.71373
102.33 -2.72373
102.514 -2.73373
102.694 -2.74373
102.869 -2.75373
103.042 -2.76373
103.215 -2.77373
103.386 -2.78373
103.549 -2.79373
103.711 -2.80373
103.872 -2.81373
104.032 -2.82373
104.19 -2.83373
104.343 -2.84373
104.495 -2.85373
104.647 -2.86373
104.797 -2.87373
104.944 -2.88373
105.091 -2.89373
105.237 -2.90373
105.383 -2.91373
105.528 -2.92373
105.672 -2.93373
105.815 -2.94373
105.957 -2.95373
106.096 -2.96373
106.235 -2.97373
106.373 -2.98373
106.509 -2.99373
106.641 -3.00373
106.772 -3.01373
106.901 -3.02373
107.031 -3.03373
107.159 -3.04373
107.287 -3.05373
107.409 -3.06373
107.53 -3.07373
107.651 -3.08373
107.77 -3.09373
107.889 -3.10373
108.007 -3.11373
108.125 -3.12373
108.238 -3.13373
108.351 -3.14373
108.462 -3.15373
108.572 -3.16373
108.682 -3.17373
108.79 -3.18373
108.895 -3.19373
109.001 -3.20373
109.105 -3.21373
109.209 -3.22373
109.312 -3.23373
109.414 -3.24373
109.516 -3.25373
109.623 -3.26373
109.729 -3.27373
109.834 -3.28373
109.939 -3.29373
110.052 -3.30373
110.164 -3.31373
110.275 -3.32373
110.385 -3.33373
110.495 -3.34373
110.604 -3.35373
110.721 -3.36373
110.831 -3.37373
110.941 -3.38373
111.049 -3.39373
111.157 -3.40373
111.258 -3.41373
111.313 -3.42373
111.365 -3.43373
111.42 -3.44373
111.48 -3.45373
111.533 -3.46373
111.575 -3.47373
111.598 -3.48373
111.614 -3.49373
111.659 -3.50373
111.699 -3.51373
111.731 -3.52373
111.765 -3.53373
111.805 -3.54373
111.839 -3.55373
111.864 -3.56373
111.895 -3.57373
111.935 -3.58373
111.997 -3.59373
112.058 -3.60373
112.117 -3.61373
112.173 -3.62373
112.227 -3.63373
112.281 -3.64373
112.334 -3.65373
112.407 -3.66373
112.47 -3.67373
112.527 -3.68373
112.583 -3.69373
112.637 -3.70373
112.69 -3.71373
112.74 -3.72373
112.791 -3.73373
112.844 -3.74373
112.896 -3.75373
112.948 -3.76373
112.998 -3.77373
113.047 -3.78373
113.095 -3.79373
113.142 -3.80373
113.194 -3.81373
113.245 -3.82373
113.295 -3.83373
113.345 -3.84373
113.393 -3.85373
113.447 -3.86373
113.506 -3.87373
113.564 -3.88373
113.621 -3.89373
113.676 -3.90373
113.731 -3.91373
113.785 -3.92373
113.841 -3.93373
113.897 -3.94373
113.952 -3.95373
114.006 -3.96373
114.06 -3.97373
114.113 -3.98373
114.164 -3.99373
114.215 -4.00373
114.266 -4.01373
114.315 -4.02373
114.363 -4.03373
114.41 -4.04373
114.453 -4.05373
114.496 -4.06373
114.538 -4.07373
114.602 -4.08373
114.719 -4.09373
114.616 -4.10373
114.597 -4.11373
114.451 -4.12373
114.449 -4.13373
103.367 -4.14373
103.341 -4.15373
103.303 -4.16373
103.248 -4.17373
103.174 -4.18373
103.096 -4.19373
103.013 -4.20373
102.925 -4.21373
102.834 -4.22373
102.739 -4.23373
102.651 -4.24373
102.608 -4.25373
102.565 -4.26373
102.519 -4.27373
102.467 -4.28373
102.41 -4.29373
102.351 -4.30373
102.287 -4.31373
102.216 -4.32373
102.132 -4.33373
102.018 -4.34373
101.905 -4.35373
101.791 -4.36373
101.675 -4.37373
101.558 -4.38373
101.439 -4.39373
101.319 -4.40373
101.189 -4.41373
101.056 -4.42373
100.923 -4.43373
100.788 -4.44373
100.662 -4.45373
100.537 -4.46373
100.411 -4.47373
100.284 -4.48373
100.164 -4.49373
100.044 -4.50373
99.9232 -4.51373
99.8017 -4.52373
99.684 -4.53373
99.5792 -4.54373
99.4759 -4.55373
99.372 -4.56373
99.2761 -4.57373
99.1798 -4.58373
99.0831 -4.59373
98.9858 -4.60373
98.888 -4.61373
98.7897 -4.62373
98.6909 -4.63373
98.5915 -4.64373
98.4916 -4.65373
98.3912 -4.66373
98.2991 -4.67373
98.2085 -4.68373
98.1174 -4.69373
98.0258 -4.70373
97.9335 -4.71373
97.8448 -4.72373
97.758 -4.73373
97.6706 -4.74373
97.5827 -4.75373
97.4931 -4.76373
97.4031 -4.77373
97.3129 -4.78373
97.2227 -4.79373
97.1326 -4.80373
97.0423 -4.81373
96.9517 -4.82373
96.8609 -4.83373
96.7697 -4.84373
96.6775 -4.85373
96.5833 -4.86373
96.4873 -4.87373
96.3888 -4.88373
96.2894 -4.89373
96.1898 -4.90373
96.09 -4.91373
95.9899 -4.92373
95.8896 -4.93373
95.789 -4.94373
95.6881 -4.95373
95.5866 -4.96373
95.4849 -4.97373
95.3829 -4.98373
95.2816 -4.99373
95.1817 -5.00373
95.0813 -5.01373
94.9807 -5.02373
94.8799 -5.03373
94.7789 -5.04373
94.6777 -5.05373
94.5762 -5.06373
94.4746 -5.07373
94.3728 -5.08373
94.2708 -5.09373
94.1682 -5.10373
94.0636 -5.11373
93.9589 -5.12373
93.8539 -5.13373
93.7488 -5.14373
93.6434 -5.15373
93.5378 -5.16373
93.432 -5.17373
93.3259 -5.18373
93.2205 -5.19373
93.1196 -5.20373
93.0185 -5.21373
92.9175 -5.22373
92.8164 -5.23373
92.7153 -5.24373
92.614 -5.25373
92.5127 -5.26373
92.4107 -5.27373
92.3081 -5.28373
92.2055 -5.29373
92.1027 -5.30373
91.9997 -5.31373
91.8966 -5.32373
91.7933 -5.33373
91.6899 -5.34373
91.5867 -5.35373
91.4835 -5.36373
91.3803 -5.37373
91.2768 -5.38373
91.1795 -5.39373
91.0918 -5.40373
91.0039 -5.41373
90.9159 -5.42373
90.8275 -5.43373
90.7392 -5.44373
90.6511 -5.45373
90.563 -5.46373
90.4749 -5.47373
90.3866 -5.48373
90.2982 -5.49373
90.2097 -5.50373
90.1219 -5.51373
90.0345 -5.52373
89.9469 -5.53373
89.8593 -5.54373
89.7716 -5.55373
89.6837 -5.56373
89.5953 -5.57373
89.507 -5.58373
89.4186 -5.59373
89.3301 -5.60373
89.2417 -5.61373
89.1532 -5.62373
89.0646 -5.63373
88.976 -5.64373
88.8874 -5.65373
88.7985 -5.66373
88.7088 -5.67373
88.6191 -5.68373
88.5294 -5.69373
88.4396 -5.70373
88.3505 -5.71373
88.2623 -5.72373
88.1745 -5.73373
88.0867 -5.74373
87.9988 -5.75373
87.9109 -5.76373
87.8229 -5.77373
87.7349 -5.78373
87.6476 -5.79373
87.5608 -5.80373
87.474 -5.81373
87.3872 -5.82373
87.3004 -5.83373
87.2135 -5.84373
87.1266 -5.85373
87.0397 -5.86373
86.9552 -5.87373
86.8843 -5.88373
86.8134 -5.89373
86.7426 -5.90373
86.6716 -5.91373
86.6007 -5.92373
86.5298 -5.93373
86.4595 -5.94373
86.3894 -5.95373
86.3241 -5.96373
86.2609 -5.97373
86.1977 -5.98373
86.1345 -5.99373
86.0713 -6.00373
86.0081 -6.01373
85.9449 -6.02373
85.8816 -6.03373
85.8184 -6.04373
85.7552 -6.05373
85.6919 -6.06373
85.6287 -6.07373
85.5654 -6.08373
85.5022 -6.09373
85.4389 -6.10373
85.3757 -6.11373
85.3124 -6.12373
85.249 -6.13373
85.1856 -6.14373
85.1225 -6.15373
85.0594 -6.16373
84.9964 -6.17373
84.9334 -6.18373
84.8704 -6.19373
84.8074 -6.20373
84.7443 -6.21373
84.6813 -6.22373
84.6183 -6.23373
84.5553 -6.24373
84.4923 -6.25373
84.4294 -6.26373
84.3664 -6.27373
84.3034 -6.28373
84.2404 -6.29373
84.1775 -6.30373
84.1145 -6.31373
84.0516 -6.32373
83.9886 -6.33373
83.9257 -6.34373
83.8628 -6.35373
83.7999 -6.36373
83.737 -6.37373
83.6739 -6.38373
83.6108 -6.39373
83.5478 -6.40373
83.4847 -6.41373
83.4217 -6.42373
83.3586 -6.43373
83.2956 -6.44373
83.2326 -6.45373
83.1697 -6.46373
83.1067 -6.47373
83.0438 -6.48373
82.9809 -6.49373
82.918 -6.50373
82.8558 -6.51373
82.7941 -6.52373
82.7324 -6.53373
82.6707 -6.54373
82.6091 -6.55373
82.5475 -6.56373
82.4858 -6.57373
82.4242 -6.58373
82.3626 -6.59373
82.301 -6.60373
82.2395 -6.61373
82.1779 -6.62373
82.1164 -6.63373
82.0549 -6.64373
81.9934 -6.65373
81.9319 -6.66373
81.8705 -6.67373
81.8123 -6.68373
81.7585 -6.69373
81.7047 -6.70373
81.6509 -6.71373
81.5971 -6.72373
81.5434 -6.73373
81.4897 -6.74373
81.436 -6.75373
81.3823 -6.76373
81.3286 -6.77373
81.2749 -6.78373
81.2213 -6.79373
81.1676 -6.80373
81.114 -6.81373
81.0603 -6.82373
81.0068 -6.83373
80.9532 -6.84373
80.8997 -6.85373
80.8462 -6.86373
80.7928 -6.87373
80.7395 -6.88373
80.6862 -6.89373
80.633 -6.90373
80.5797 -6.91373
80.5265 -6.92373
80.4733 -6.93373
80.4201 -6.94373
80.3669 -6.95373
80.3137 -6.96373
80.2606 -6.97373
80.2075 -6.98373
80.1544 -6.99373
80.1013 -7.00373
80.0482 -7.01373
79.9953 -7.02373
79.9425 -7.03373
79.8897 -7.04373
79.8369 -7.05373
79.7841 -7.06373
79.7311 -7.07373
79.6779 -7.08373
79.6246 -7.09373
79.5714 -7.10373
79.5182 -7.11373
79.465 -7.12373
79.4118 -7.13373
79.3611 -7.14373
79.3109 -7.15373
79.2607 -7.16373
79.2105 -7.17373
79.1603 -7.18373
79.1101 -7.19373
79.0599 -7.20373
79.0097 -7.21373
78.9596 -7.22373
78.9094 -7.23373
78.8593 -7.24373
78.8096 -7.25373
78.7601 -7.26373
78.7105 -7.27373
78.661 -7.28373
78.6114 -7.29373
78.5619 -7.30373
78.5124 -7.31373
78.463 -7.32373
78.4135 -7.33373
78.3641 -7.34373
78.3147 -7.35373
78.2653 -7.36373
78.2159 -7.37373
78.1665 -7.38373
78.1171 -7.39373
78.0678 -7.40373
78.0184 -7.41373
77.9691 -7.42373
77.9198 -7.43373
77.8705 -7.44373
77.8211 -7.45373
77.7717 -7.46373
77.7224 -7.47373
77.673 -7.48373
77.6236 -7.49373
77.5743 -7.50373
77.525 -7.51373
77.4757 -7.52373
77.4264 -7.53373
77.3771 -7.54373
77.3323 -7.55373
77.2883 -7.56373
77.2444 -7.57373
77.2005 -7.58373
77.1567 -7.59373
77.1128 -7.60373
77.069 -7.61373
77.0251 -7.62373
76.9813 -7.63373
76.9375 -7.64373
76.8937 -7.65373
76.8499 -7.66373
76.8062 -7.67373
76.7624 -7.68373
76.7187 -7.69373
76.675 -7.70373
76.6313 -7.71373
76.5876 -7.72373
76.5439 -7.73373
76.5003 -7.74373
76.4567 -7.75373
76.413 -7.76373
76.3694 -7.77373
76.3258 -7.78373
76.2823 -7.79373
76.2387 -7.80373
76.1952 -7.81373
76.1517 -7.82373
76.1082 -7.83373
76.0647 -7.84373
76.0212 -7.85373
75.9778 -7.86373
75.9343 -7.87373
75.8909 -7.88373
75.8475 -7.89373
75.8041 -7.90373
75.7608 -7.91373
75.7174 -7.92373
75.6741 -7.93373
75.6308 -7.94373
75.5875 -7.95373
75.5442 -7.96373
75.501 -7.97373
75.4578 -7.98373
75.4146 -7.99373
75.3714 -8.00373
75.3282 -8.01373
75.285 -8.02373
75.2419 -8.03373
75.1988 -8.04373
75.1557 -8.05373
75.1125 -8.06373
75.0694 -8.07373
75.0263 -8.08373
74.9832 -8.09373
74.9401 -8.10373
74.897 -8.11373
74.854 -8.12373
74.8109 -8.13373
74.7681 -8.14373
74.7255 -8.15373
74.6829 -8.16373
74.6404 -8.17373
74.5978 -8.18373
74.5553 -8.19373
74.5129 -8.20373
74.4704 -8.21373
74.428 -8.22373
74.3855 -8.23373
74.3458 -8.24373
74.3066 -8.25373
74.2675 -8.26373
74.2284 -8.27373
74.1893 -8.28373
74.1502 -8.29373
74.1112 -8.30373
74.0722 -8.31373
74.0332 -8.32373
73.9942 -8.33373
73.9553 -8.34373
73.9163 -8.35373
73.8774 -8.36373
73.8385 -8.37373
73.7997 -8.38373
73.7608 -8.39373
73.722 -8.40373
73.6832 -8.41373
73.6444 -8.42373
73.6057 -8.43373
73.5669 -8.44373
73.5282 -8.45373
73.4896 -8.46373
73.4509 -8.47373
73.4123 -8.48373
73.3737 -8.49373
73.3351 -8.50373
73.2965 -8.51373
73.258 -8.52373
73.2195 -8.53373
73.181 -8.54373
73.1425 -8.55373
73.1041 -8.56373
73.0657 -8.57373
73.0273 -8.58373
72.9889 -8.59373
72.9506 -8.60373
72.9123 -8.61373
72.874 -8.62373
72.8357 -8.63373
72.7975 -8.64373
72.7593 -8.65373
72.7211 -8.66373
72.683 -8.67373
72.6449 -8.68373
72.6068 -8.69373
72.5687 -8.70373
72.5307 -8.71373
72.4926 -8.72373
72.4547 -8.73373
72.4167 -8.74373
72.3788 -8.75373
72.3409 -8.76373
72.303 -8.77373
72.2651 -8.78373
72.2273 -8.79373
72.1895 -8.80373
72.1518 -8.81373
72.114 -8.82373
72.0763 -8.83373
72.0387 -8.84373
72.001 -8.85373
71.9634 -8.86373
71.9258 -8.87373
71.8883 -8.88373
71.8508 -8.89373
71.8133 -8.90373
71.7758 -8.91373
71.7384 -8.92373
71.7009 -8.93373
71.6635 -8.94373
71.6262 -8.95373
71.5889 -8.96373
71.5516 -8.97373
71.5151 -8.98373
71.4806 -8.99373
71.4461 -9.00373
71.4116 -9.01373
71.3772 -9.02373
71.3428 -9.03373
71.3084 -9.04373
71.274 -9.05373
71.2397 -9.06373
71.2054 -9.07373
71.1712 -9.08373
71.1369 -9.09373
71.1027 -9.10373
71.0685 -9.11373
71.0344 -9.12373
71.0002 -9.13373
70.9661 -9.14373
70.9321 -9.15373
70.898 -9.16373
70.864 -9.17373
70.8301 -9.18373
70.7961 -9.19373
70.7622 -9.20373
70.7284 -9.21373
70.6945 -9.22373
70.6607 -9.23373
70.6269 -9.24373
70.5932 -9.25373
70.5595 -9.26373
70.5258 -9.27373
70.4922 -9.28373
70.4586 -9.29373
70.425 -9.30373
70.3915 -9.31373
70.3579 -9.32373
70.3244 -9.33373
70.2909 -9.34373
70.2574 -9.35373
70.224 -9.36373
70.1906 -9.37373
70.1572 -9.38373
70.1238 -9.39373
70.0905 -9.40373
70.0572 -9.41373
70.024 -9.42373
69.9908 -9.43373
69.9576 -9.44373
69.9245 -9.45373
69.8914 -9.46373
69.8583 -9.47373
69.8253 -9.48373
69.7923 -9.49373
69.7593 -9.50373
69.7264 -9.51373
69.6935 -9.52373
69.6606 -9.53373
69.6278 -9.54373
69.595 -9.55373
69.5623 -9.56373
69.5296 -9.57373
69.4969 -9.58373
69.4643 -9.59373
69.4317 -9.60373
69.3991 -9.61373
69.3666 -9.62373
69.3341 -9.63373
69.3016 -9.64373
69.2692 -9.65373
69.2369 -9.66373
69.2045 -9.67373
69.1722 -9.68373
69.14 -9.69373
69.1078 -9.70373
69.0756 -9.71373
69.0434 -9.72373
69.0113 -9.73373
68.9793 -9.74373
68.9472 -9.75373
68.9153 -9.76373
68.8833 -9.77373
68.8514 -9.78373
68.8195 -9.79373
68.7877 -9.80373
68.7559 -9.81373
68.7241 -9.82373
68.6924 -9.83373
68.6607 -9.84373
68.6291 -9.85373
68.5975 -9.86373
68.5659 -9.87373
68.5344 -9.88373
68.503 -9.89373
68.4715 -9.90373
68.4401 -9.91373
68.4088 -9.92373
68.3775 -9.93373
68.3462 -9.94373
68.315 -9.95373
68.2838 -9.96373
68.2527 -9.97373
68.2216 -9.98373
68.1905 -9.99373
68.1595 -10.0037
68.1285 -10.0137
68.0976 -10.0237
68.0667 -10.0337
68.0358 -10.0437
68.005 -10.0537
67.9743 -10.0637
67.9435 -10.0737
67.9129 -10.0837
67.8822 -10.0937
67.8517 -10.1037
67.8211 -10.1137
67.7906 -10.1237
67.7602 -10.1337
67.7297 -10.1437
67.6994 -10.1537
67.6691 -10.1637
67.6396 -10.1737
67.6101 -10.1837
67.5806 -10.1937
67.5512 -10.2037
67.5219 -10.2137
67.4926 -10.2237
67.4633 -10.2337
67.4341 -10.2437
67.4049 -10.2537
67.3758 -10.2637
67.3467 -10.2737
67.3177 -10.2837
67.2887 -10.2937
67.2597 -10.3037
67.2308 -10.3137
67.202 -10.3237
67.1731 -10.3337
67.1444 -10.3437
67.1157 -10.3537
67.087 -10.3637
67.0584 -10.3737
67.0298 -10.3837
67.0012 -10.3937
66.9727 -10.4037
66.9443 -10.4137
66.9159 -10.4237
66.8876 -10.4337
66.8593 -10.4437
66.831 -10.4537
66.8028 -10.4637
66.7746 -10.4737
66.7465 -10.4837
66.7185 -10.4937
66.6905 -10.5037
66.6625 -10.5137
66.6346 -10.5237
66.6062 -10.5337
66.5767 -10.5437
66.5472 -10.5537
66.5178 -10.5637
66.4884 -10.5737
66.4591 -10.5837
66.4298 -10.5937
66.4005 -10.6037
66.3713 -10.6137
66.3421 -10.6237
66.3129 -10.6337
66.2838 -10.6437
66.2547 -10.6537
66.2257 -10.6637
66.1967 -10.6737
66.1677 -10.6837
66.1388 -10.6937
66.1099 -10.7037
66.0811 -10.7137
66.0523 -10.7237
66.0235 -10.7337
65.9947 -10.7437
65.966 -10.7537
65.9374 -10.7637
65.9087 -10.7737
65.8802 -10.7837
65.8516 -10.7937
65.8231 -10.8037
65.7946 -10.8137
65.7662 -10.8237
65.7378 -10.8337
65.7095 -10.8437
65.6812 -10.8537
65.6529 -10.8637
65.6247 -10.8737
65.5965 -10.8837
65.5684 -10.8937
65.5403 -10.9037
65.5122 -10.9137
65.4842 -10.9237
65.4562 -10.9337
65.4283 -10.9437
65.4004 -10.9537
65.3725 -10.9637
65.3447 -10.9737
65.3169 -10.9837
65.2892 -10.9937
65.2615 -11.0037
65.2339 -11.0137
65.2063 -11.0237
65.1787 -11.0337
65.1512 -11.0437
65.1237 -11.0537
65.0963 -11.0637
65.0689 -11.0737
65.0416 -11.0837
65.0143 -11.0937
64.987 -11.1037
64.9598 -11.1137
64.9326 -11.1237
64.9055 -11.1337
64.8784 -11.1437
64.8514 -11.1537
64.8244 -11.1637
64.7974 -11.1737
64.7705 -11.1837
64.7437 -11.1937
64.7169 -11.2037
64.6901 -11.2137
64.6634 -11.2237
64.6367 -11.2337
64.6101 -11.2437
64.5835 -11.2537
64.557 -11.2637
64.5305 -11.2737
64.504 -11.2837
64.4776 -11.2937
64.4513 -11.3037
64.425 -11.3137
64.3987 -11.3237
64.3725 -11.3337
64.3463 -11.3437
64.3202 -11.3537
64.2941 -11.3637
64.2681 -11.3737
64.2421 -11.3837
64.2162 -11.3937
64.1903 -11.4037
64.1644 -11.4137
64.1386 -11.4237
64.1129 -11.4337
64.0872 -11.4437
64.0615 -11.4537
64.0359 -11.4637
64.0103 -11.4737
63.9848 -11.4837
63.9593 -11.4937
63.9339 -11.5037
63.9085 -11.5137
63.8832 -11.5237
63.8579 -11.5337
63.8327 -11.5437
63.8076 -11.5537
63.7824 -11.5637
63.7574 -11.5737
63.7323 -11.5837
63.7074 -11.5937
63.6824 -11.6037
63.6576 -11.6137
63.6327 -11.6237
63.6079 -11.6337
63.5832 -11.6437
63.5585 -11.6537
63.5338 -11.6637
63.5092 -11.6737
63.4846 -11.6837
63.4601 -11.6937
63.4357 -11.7037
63.4113 -11.7137
63.3869 -11.7237
63.3626 -11.7337
63.3384 -11.7437
63.3142 -11.7537
63.2901 -11.7637
63.266 -11.7737
63.2426 -11.7837
63.2197 -11.7937
63.1969 -11.8037
63.1741 -11.8137
63.1514 -11.8237
63.1287 -11.8337
63.1048 -11.8437
63.0799 -11.8537
63.0551 -11.8637
63.0303 -11.8737
63.0055 -11.8837
62.9808 -11.8937
62.9561 -11.9037
62.9315 -11.9137
62.9069 -11.9237
62.8824 -11.9337
62.8579 -11.9437
62.8334 -11.9537
62.809 -11.9637
62.7847 -11.9737
62.7604 -11.9837
62.7361 -11.9937
62.7118 -12.0037
62.6875 -12.0137
62.6633 -12.0237
62.6391 -12.0337
62.6149 -12.0437
62.5908 -12.0537
62.5667 -12.0637
62.5427 -12.0737
62.5187 -12.0837
62.4948 -12.0937
62.4709 -12.1037
62.447 -12.1137
62.4232 -12.1237
62.3995 -12.1337
62.3758 -12.1437
62.352 -12.1537
62.3282 -12.1637
62.3044 -12.1737
62.2807 -12.1837
62.257 -12.1937
62.2334 -12.2037
62.2098 -12.2137
62.1863 -12.2237
62.1628 -12.2337
62.1393 -12.2437
62.1159 -12.2537
62.0926 -12.2637
62.0699 -12.2737
62.0475 -12.2837
62.0251 -12.2937
62.0028 -12.3037
61.9805 -12.3137
61.9582 -12.3237
61.936 -12.3337
61.9139 -12.3437
61.8918 -12.3537
61.8698 -12.3637
61.8478 -12.3737
61.8258 -12.3837
61.8039 -12.3937
61.782 -12.4037
61.7602 -12.4137
61.7385 -12.4237
61.7168 -12.4337
61.6951 -12.4437
61.6735 -12.4537
61.6519 -12.4637
61.6304 -12.4737
61.6089 -12.4837
61.5875 -12.4937
61.5662 -12.5037
61.5449 -12.5137
61.5236 -12.5237
61.5024 -12.5337
61.4812 -12.5437
61.4601 -12.5537
61.4391 -12.5637
61.418 -12.5737
61.3971 -12.5837
61.3762 -12.5937
61.3553 -12.6037
61.3345 -12.6137
61.3138 -12.6237
61.2931 -12.6337
61.2724 -12.6437
61.2518 -12.6537
61.2313 -12.6637
61.2108 -12.6737
61.1903 -12.6837
61.1699 -12.6937
61.1496 -12.7037
61.1293 -12.7137
61.109 -12.7237
61.0889 -12.7337
61.0687 -12.7437
61.0487 -12.7537
61.0286 -12.7637
61.0087 -12.7737
60.9888 -12.7837
60.9689 -12.7937
60.9491 -12.8037
60.9294 -12.8137
60.9097 -12.8237
60.89 -12.8337
60.8705 -12.8437
60.8509 -12.8537
60.8315 -12.8637
60.8121 -12.8737
60.7927 -12.8837
60.7734 -12.8937
60.7542 -12.9037
60.7349 -12.9137
60.7157 -12.9237
60.6966 -12.9337
60.6775 -12.9437
60.6585 -12.9537
60.6395 -12.9637
60.6205 -12.9737
60.6017 -12.9837
60.5829 -12.9937
60.5641 -13.0037
60.5454 -13.0137
60.5268 -13.0237
60.5082 -13.0337
60.4897 -13.0437
60.4712 -13.0537
60.4528 -13.0637
60.4344 -13.0737
60.4161 -13.0837
60.3979 -13.0937
60.3797 -13.1037
60.3616 -13.1137
60.3435 -13.1237
60.3255 -13.1337
60.3076 -13.1437
60.2897 -13.1537
60.2719 -13.1637
60.2541 -13.1737
60.2364 -13.1837
60.2188 -13.1937
60.2012 -13.2037
60.1837 -13.2137
60.1662 -13.2237
60.1488 -13.2337
60.1315 -13.2437
60.1142 -13.2537
60.097 -13.2637
60.0798 -13.2737
60.0627 -13.2837
60.0456 -13.2937
60.0286 -13.3037
60.0117 -13.3137
59.9948 -13.3237
59.978 -13.3337
59.9612 -13.3437
59.9445 -13.3537
59.9279 -13.3637
59.9113 -13.3737
59.8948 -13.3837
59.8784 -13.3937
59.862 -13.4037
59.8457 -13.4137
59.8294 -13.4237
59.8132 -13.4337
59.7971 -13.4437
59.781 -13.4537
59.765 -13.4637
59.7491 -13.4737
59.7332 -13.4837
59.7174 -13.4937
59.7017 -13.5037
59.686 -13.5137
59.6704 -13.5237
59.6549 -13.5337
59.6394 -13.5437
59.624 -13.5537
59.6086 -13.5637
59.5933 -13.5737
59.5781 -13.5837
59.563 -13.5937
59.5479 -13.6037
59.5329 -13.6137
59.5179 -13.6237
59.503 -13.6337
59.4882 -13.6437
59.4734 -13.6537
59.4588 -13.6637
59.4441 -13.6737
59.4296 -13.6837
59.4151 -13.6937
59.4007 -13.7037
59.3863 -13.7137
59.372 -13.7237
59.3578 -13.7337
59.3436 -13.7437
59.3295 -13.7537
59.3155 -13.7637
59.3016 -13.7737
59.2877 -13.7837
59.2739 -13.7937
59.2602 -13.8037
59.2465 -13.8137
59.2329 -13.8237
59.2193 -13.8337
59.2059 -13.8437
59.1925 -13.8537
59.1792 -13.8637
59.1659 -13.8737
59.1527 -13.8837
59.1395 -13.8937
59.1264 -13.9037
59.1134 -13.9137
59.1005 -13.9237
59.0877 -13.9337
59.0749 -13.9437
59.0621 -13.9537
59.0495 -13.9637
59.0369 -13.9737
59.0243 -13.9837
59.0118 -13.9937
58.9994 -14.0037
58.9871 -14.0137
58.9748 -14.0237
58.9627 -14.0337
58.9505 -14.0437
58.9385 -14.0537
58.9265 -14.0637
58.9146 -14.0737
58.9027 -14.0837
58.8909 -14.0937
58.8792 -14.1037
58.8676 -14.1137
58.856 -14.1237
58.8445 -14.1337
58.833 -14.1437
58.8217 -14.1537
58.8103 -14.1637
58.7991 -14.1737
58.7879 -14.1837
58.7767 -14.1937
58.7657 -14.2037
58.7547 -14.2137
58.7438 -14.2237
58.7329 -14.2337
58.7222 -14.2437
58.7115 -14.2537
58.7009 -14.2637
58.6903 -14.2737
58.6798 -14.2837
58.6693 -14.2937
58.659 -14.3037
58.6487 -14.3137
58.6385 -14.3237
58.6283 -14.3337
58.6183 -14.3437
58.6083 -14.3537
58.5984 -14.3637
58.5885 -14.3737
58.5787 -14.3837
58.569 -14.3937
58.5593 -14.4037
58.5497 -14.4137
58.5402 -14.4237
58.5307 -14.4337
58.5212 -14.4437
58.5119 -14.4537
58.5026 -14.4637
58.4934 -14.4737
58.4843 -14.4837
58.4752 -14.4937
58.4662 -14.5037
58.4573 -14.5137
58.4485 -14.5237
58.4398 -14.5337
58.4311 -14.5437
58.4225 -14.5537
58.414 -14.5637
58.4056 -14.5737
58.3972 -14.5837
58.3889 -14.5937
58.3807 -14.6037
58.3726 -14.6137
58.3645 -14.6237
58.3566 -14.6337
58.3487 -14.6437
58.3409 -14.6537
58.3332 -14.6637
58.3255 -14.6737
58.318 -14.6837
58.3105 -14.6937
58.3031 -14.7037
58.2957 -14.7137
58.2884 -14.7237
58.2812 -14.7337
58.2741 -14.7437
58.2671 -14.7537
58.26 -14.7637
58.2531 -14.7737
58.2462 -14.7837
58.2394 -14.7937
58.2327 -14.8037
58.2261 -14.8137
58.2195 -14.8237
58.2131 -14.8337
58.2066 -14.8437
58.2003 -14.8537
58.194 -14.8637
58.1878 -14.8737
58.1817 -14.8837
58.1757 -14.8937
58.1698 -14.9037
58.1639 -14.9137
58.1581 -14.9237
58.1524 -14.9337
58.1467 -14.9437
58.1412 -14.9537
58.1357 -14.9637
58.1303 -14.9737
58.125 -14.9837
58.1198 -14.9937
58.1146 -15.0037
58.1096 -15.0137
58.1046 -15.0237
58.0997 -15.0337
58.0949 -15.0437
58.0901 -15.0537
58.0854 -15.0637
58.0808 -15.0737
58.0759 -15.0837
58.0704 -15.0937
58.065 -15.1037
58.0598 -15.1137
58.0545 -15.1237
58.0494 -15.1337
58.0443 -15.1437
58.0394 -15.1537
58.0345 -15.1637
58.0297 -15.1737
58.0249 -15.1837
58.0203 -15.1937
58.0157 -15.2037
58.0112 -15.2137
58.0068 -15.2237
58.0025 -15.2337
57.9983 -15.2437
57.9941 -15.2537
57.9899 -15.2637
57.9859 -15.2737
57.982 -15.2837
57.9781 -15.2937
57.9743 -15.3037
57.9706 -15.3137
57.9669 -15.3237
57.9633 -15.3337
57.9598 -15.3437
57.9564 -15.3537
57.9531 -15.3637
57.9499 -15.3737
57.9467 -15.3837
57.9436 -15.3937
57.9406 -15.4037
57.9376 -15.4137
57.9347 -15.4237
57.9319 -15.4337
57.9291 -15.4437
57.9264 -15.4537
57.9237 -15.4637
57.9211 -15.4737
57.9186 -15.4837
57.9161 -15.4937
57.9138 -15.5037
57.9115 -15.5137
57.9093 -15.5237
57.9072 -15.5337
57.9051 -15.5437
57.9032 -15.5537
57.9013 -15.5637
57.8995 -15.5737
57.8977 -15.5837
57.896 -15.5937
57.8944 -15.6037
57.8929 -15.6137
57.8914 -15.6237
57.8901 -15.6337
57.8888 -15.6437
57.8874 -15.6537
57.8861 -15.6637
57.8848 -15.6737
57.8836 -15.6837
57.8825 -15.6937
57.8814 -15.7037
57.8804 -15.7137
57.8794 -15.7237
57.8786 -15.7337
57.8778 -15.7437
57.8771 -15.7537
57.8765 -15.7637
57.8759 -15.7737
57.8755 -15.7837
57.875 -15.7937
57.8747 -15.8037
57.8744 -15.8137
57.8743 -15.8237
57.8742 -15.8337
57.8741 -15.8437
57.8742 -15.8537
57.8744 -15.8637
57.8749 -15.8737
57.8754 -15.8837
57.8761 -15.8937
57.8768 -15.9037
57.8776 -15.9137
57.8785 -15.9237
57.8794 -15.9337
57.8804 -15.9437
57.8814 -15.9537
57.8826 -15.9637
57.8838 -15.9737
57.8851 -15.9837
57.8865 -15.9937
57.888 -16.0037
57.8894 -16.0137
57.891 -16.0237
57.8926 -16.0337
57.8943 -16.0437
57.8961 -16.0537
57.898 -16.0637
57.9 -16.0737
57.902 -16.0837
57.904 -16.0937
57.9062 -16.1037
57.9084 -16.1137
57.9105 -16.1237
57.9127 -16.1337
57.9149 -16.1437
57.9173 -16.1537
57.9196 -16.1637
57.922 -16.1737
57.9244 -16.1837
57.9269 -16.1937
57.9294 -16.2037
57.9321 -16.2137
57.9347 -16.2237
57.9374 -16.2337
57.9403 -16.2437
57.9432 -16.2537
57.9461 -16.2637
57.9491 -16.2737
57.9522 -16.2837
57.9553 -16.2937
57.9585 -16.3037
57.9618 -16.3137
57.9652 -16.3237
57.9687 -16.3337
57.9723 -16.3437
57.9759 -16.3537
57.9797 -16.3637
57.9835 -16.3737
57.9874 -16.3837
57.9914 -16.3937
57.9955 -16.4037
57.9996 -16.4137
58.0039 -16.4237
58.0082 -16.4337
58.0126 -16.4437
58.0171 -16.4537
58.0216 -16.4637
58.0263 -16.4737
58.031 -16.4837
58.0358 -16.4937
58.0406 -16.5037
58.0455 -16.5137
58.0505 -16.5237
58.0556 -16.5337
58.0608 -16.5437
58.0661 -16.5537
58.0714 -16.5637
58.0768 -16.5737
58.0823 -16.5837
58.0878 -16.5937
58.0934 -16.6037
58.0991 -16.6137
58.1047 -16.6237
58.1102 -16.6337
58.1158 -16.6437
58.1214 -16.6537
58.127 -16.6637
58.1328 -16.6737
58.1387 -16.6837
58.1446 -16.6937
58.1505 -16.7037
58.1566 -16.7137
58.1627 -16.7237
58.1688 -16.7337
58.1751 -16.7437
58.1814 -16.7537
58.1878 -16.7637
58.1943 -16.7737
58.2008 -16.7837
58.2074 -16.7937
58.2142 -16.8037
58.221 -16.8137
58.2279 -16.8237
58.2349 -16.8337
58.242 -16.8437
58.2492 -16.8537
58.2564 -16.8637
58.2638 -16.8737
58.2711 -16.8837
58.2785 -16.8937
58.2859 -16.9037
58.2934 -16.9137
58.301 -16.9237
58.3087 -16.9337
58.3164 -16.9437
58.3242 -16.9537
58.332 -16.9637
58.34 -16.9737
58.348 -16.9837
58.3562 -16.9937
58.3644 -17.0037
58.3728 -17.0137
58.3812 -17.0237
58.3893 -17.0337
58.3969 -17.0437
58.4046 -17.0537
58.4123 -17.0637
58.4202 -17.0737
58.4281 -17.0837
58.4361 -17.0937
58.4442 -17.1037
58.4524 -17.1137
58.4605 -17.1237
58.4684 -17.1337
58.4765 -17.1437
58.4845 -17.1537
58.4925 -17.1637
58.5007 -17.1737
58.5089 -17.1837
58.5172 -17.1937
58.5257 -17.2037
58.5342 -17.2137
58.5428 -17.2237
58.5514 -17.2337
58.5602 -17.2437
58.5691 -17.2537
58.5781 -17.2637
58.5871 -17.2737
58.5962 -17.2837
58.6053 -17.2937
58.6145 -17.3037
58.6238 -17.3137
58.6332 -17.3237
58.6427 -17.3337
58.6522 -17.3437
58.6619 -17.3537
58.6716 -17.3637
58.6814 -17.3737
58.6913 -17.3837
58.7013 -17.3937
58.7113 -17.4037
58.7215 -17.4137
58.7317 -17.4237
58.7419 -17.4337
58.7523 -17.4437
58.7627 -17.4537
58.7732 -17.4637
58.7838 -17.4737
58.7945 -17.4837
58.8053 -17.4937
58.8161 -17.5037
58.8269 -17.5137
58.8377 -17.5237
58.8486 -17.5337
58.8596 -17.5437
58.8707 -17.5537
58.8818 -17.5637
58.893 -17.5737
58.9044 -17.5837
58.9156 -17.5937
58.9269 -17.6037
58.9381 -17.6137
58.949 -17.6237
58.9601 -17.6337
58.9712 -17.6437
58.9824 -17.6537
58.9936 -17.6637
59.0049 -17.6737
59.0163 -17.6837
59.0277 -17.6937
59.0392 -17.7037
59.0507 -17.7137
59.0623 -17.7237
59.0739 -17.7337
59.0855 -17.7437
59.0973 -17.7537
59.1091 -17.7637
59.121 -17.7737
59.133 -17.7837
59.1451 -17.7937
59.1572 -17.8037
59.1695 -17.8137
59.1818 -17.8237
59.1942 -17.8337
59.2067 -17.8437
59.2193 -17.8537
59.2319 -17.8637
59.2447 -17.8737
59.2575 -17.8837
59.2704 -17.8937
59.2835 -17.9037
59.2965 -17.9137
59.3097 -17.9237
59.323 -17.9337
59.3363 -17.9437
59.3498 -17.9537
59.3633 -17.9637
59.3769 -17.9737
59.3906 -17.9837
59.4044 -17.9937
59.4183 -18.0037
59.4323 -18.0137
59.4463 -18.0237
59.4605 -18.0337
59.4747 -18.0437
59.4891 -18.0537
59.5035 -18.0637
59.5179 -18.0737
59.5324 -18.0837
59.547 -18.0937
59.5617 -18.1037
59.5764 -18.1137
59.5912 -18.1237
59.6058 -18.1337
59.6203 -18.1437
59.635 -18.1537
59.6497 -18.1637
59.6645 -18.1737
59.6793 -18.1837
59.6942 -18.1937
59.7092 -18.2037
59.7242 -18.2137
59.7393 -18.2237
59.7545 -18.2337
59.7699 -18.2437
59.7853 -18.2537
59.8008 -18.2637
59.8163 -18.2737
59.832 -18.2837
59.8478 -18.2937
59.8635 -18.3037
59.8792 -18.3137
59.8945 -18.3237
59.91 -18.3337
59.9255 -18.3437
59.9411 -18.3537
59.9568 -18.3637
59.9726 -18.3737
59.9885 -18.3837
60.0044 -18.3937
60.0205 -18.4037
60.0365 -18.4137
60.0526 -18.4237
60.0688 -18.4337
60.085 -18.4437
60.1013 -18.4537
60.1177 -18.4637
60.1341 -18.4737
60.1506 -18.4837
60.1671 -18.4937
60.1837 -18.5037
60.2002 -18.5137
60.2168 -18.5237
60.2336 -18.5337
60.2503 -18.5437
60.2671 -18.5537
60.284 -18.5637
60.3009 -18.5737
60.318 -18.5837
60.335 -18.5937
60.3521 -18.6037
60.3692 -18.6137
60.3864 -18.6237
60.4036 -18.6337
60.4209 -18.6437
60.4383 -18.6537
60.4558 -18.6637
60.4734 -18.6737
60.491 -18.6837
60.5087 -18.6937
60.5262 -18.7037
60.5437 -18.7137
60.5611 -18.7237
60.5787 -18.7337
60.5963 -18.7437
60.6139 -18.7537
60.6316 -18.7637
60.6493 -18.7737
60.667 -18.7837
60.6848 -18.7937
60.7026 -18.8037
60.7206 -18.8137
60.7386 -18.8237
60.7567 -18.8337
60.7749 -18.8437
60.7932 -18.8537
60.8116 -18.8637
60.83 -18.8737
60.8486 -18.8837
60.8671 -18.8937
60.8857 -18.9037
60.9044 -18.9137
60.9231 -18.9237
60.9419 -18.9337
60.9607 -18.9437
60.9794 -18.9537
60.9983 -18.9637
61.0172 -18.9737
61.0363 -18.9837
61.0554 -18.9937
61.0746 -19.0037
61.0939 -19.0137
61.1133 -19.0237
61.1327 -19.0337
61.1522 -19.0437
61.1717 -19.0537
61.1913 -19.0637
61.2109 -19.0737
61.2307 -19.0837
61.2505 -19.0937
61.2703 -19.1037
61.2902 -19.1137
61.3102 -19.1237
61.3303 -19.1337
61.3504 -19.1437
61.3705 -19.1537
61.3903 -19.1637
61.4103 -19.1737
61.4303 -19.1837
61.4502 -19.1937
61.4702 -19.2037
61.4902 -19.2137
61.5103 -19.2237
61.5305 -19.2337
61.5507 -19.2437
61.5711 -19.2537
61.5914 -19.2637
61.6119 -19.2737
61.6324 -19.2837
61.653 -19.2937
61.6737 -19.3037
61.6945 -19.3137
61.7153 -19.3237
61.7363 -19.3337
61.7573 -19.3437
61.7784 -19.3537
61.7991 -19.3637
61.82 -19.3737
61.8408 -19.3837
61.8618 -19.3937
61.8828 -19.4037
61.9039 -19.4137
61.9251 -19.4237
61.9464 -19.4337
61.9677 -19.4437
61.9892 -19.4537
62.0107 -19.4637
62.0323 -19.4737
62.0539 -19.4837
62.0755 -19.4937
62.0972 -19.5037
62.119 -19.5137
62.1408 -19.5237
62.1627 -19.5337
62.1846 -19.5437
62.2066 -19.5537
62.2286 -19.5637
62.2507 -19.5737
62.2728 -19.5837
62.2951 -19.5937
62.3173 -19.6037
62.3396 -19.6137
62.362 -19.6237
62.3845 -19.6337
62.4071 -19.6437
62.4296 -19.6537
62.4522 -19.6637
62.4749 -19.6737
62.4976 -19.6837
62.5204 -19.6937
62.5433 -19.7037
62.5662 -19.7137
62.5892 -19.7237
62.6122 -19.7337
62.6352 -19.7437
62.6583 -19.7537
62.6814 -19.7637
62.7046 -19.7737
62.7279 -19.7837
62.7512 -19.7937
62.7746 -19.8037
62.7981 -19.8137
62.8217 -19.8237
62.8453 -19.8337
62.8689 -19.8437
62.8891 -19.8537
62.906 -19.8637
62.923 -19.8737
62.94 -19.8837
62.9571 -19.8937
62.9743 -19.9037
62.9915 -19.9137
63.0088 -19.9237
63.0262 -19.9337
63.0437 -19.9437
63.0612 -19.9537
63.0788 -19.9637
63.0964 -19.9737
63.1142 -19.9837
63.1319 -19.9937
63.1498 -20.0037
63.1677 -20.0137
63.1856 -20.0237
63.2036 -20.0337
63.2217 -20.0437
63.2397 -20.0537
63.2579 -20.0637
63.2761 -20.0737
63.2944 -20.0837
63.3128 -20.0937
63.3312 -20.1037
63.3497 -20.1137
63.3682 -20.1237
63.3868 -20.1337
63.4055 -20.1437
63.4242 -20.1537
63.4431 -20.1637
63.4619 -20.1737
63.4808 -20.1837
63.4998 -20.1937
63.5186 -20.2037
63.5375 -20.2137
63.5565 -20.2237
63.5756 -20.2337
63.5947 -20.2437
63.6139 -20.2537
63.6332 -20.2637
63.6524 -20.2737
63.6717 -20.2837
63.6911 -20.2937
63.7106 -20.3037
63.7301 -20.3137
63.7497 -20.3237
63.7694 -20.3337
63.7891 -20.3437
63.8088 -20.3537
63.8286 -20.3637
63.8484 -20.3737
63.8683 -20.3837
63.8883 -20.3937
63.9083 -20.4037
63.9284 -20.4137
63.9485 -20.4237
63.9688 -20.4337
63.9891 -20.4437
64.0094 -20.4537
64.0298 -20.4637
64.0503 -20.4737
64.0708 -20.4837
64.0914 -20.4937
64.112 -20.5037
64.1326 -20.5137
64.1533 -20.5237
64.1741 -20.5337
64.1949 -20.5437
64.2158 -20.5537
64.2367 -20.5637
64.2577 -20.5737
64.2787 -20.5837
64.2998 -20.5937
64.3209 -20.6037
64.342 -20.6137
64.3632 -20.6237
64.3844 -20.6337
64.4056 -20.6437
64.4269 -20.6537
64.4483 -20.6637
64.4696 -20.6737
64.491 -20.6837
64.5124 -20.6937
64.5339 -20.7037
64.5554 -20.7137
64.577 -20.7237
64.5985 -20.7337
64.6201 -20.7437
64.6418 -20.7537
64.6635 -20.7637
64.6852 -20.7737
64.7069 -20.7837
64.7287 -20.7937
64.7504 -20.8037
64.7722 -20.8137
64.794 -20.8237
64.8158 -20.8337
64.8376 -20.8437
64.8593 -20.8537
64.881 -20.8637
64.9028 -20.8737
64.9245 -20.8837
64.9441 -20.8937
64.9623 -20.9037
64.9805 -20.9137
64.9988 -20.9237
65.0171 -20.9337
65.0354 -20.9437
65.0538 -20.9537
65.0722 -20.9637
65.0906 -20.9737
65.1091 -20.9837
65.1277 -20.9937
65.1463 -21.0037
65.1649 -21.0137
65.1836 -21.0237
65.2024 -21.0337
65.2212 -21.0437
65.2401 -21.0537
65.2591 -21.0637
65.2781 -21.0737
65.2971 -21.0837
65.3162 -21.0937
65.3354 -21.1037
65.3546 -21.1137
65.3739 -21.1237
65.3931 -21.1337
65.4125 -21.1437
65.4318 -21.1537
65.4513 -21.1637
65.4708 -21.1737
65.4904 -21.1837
65.51 -21.1937
65.5296 -21.2037
65.5494 -21.2137
65.5692 -21.2237
65.589 -21.2337
65.6088 -21.2437
65.6287 -21.2537
65.6482 -21.2637
65.6677 -21.2737
65.6873 -21.2837
65.707 -21.2937
65.7267 -21.3037
65.7465 -21.3137
65.7663 -21.3237
65.7862 -21.3337
65.8062 -21.3437
65.8262 -21.3537
65.8463 -21.3637
65.8663 -21.3737
65.8864 -21.3837
65.9066 -21.3937
65.9267 -21.4037
65.947 -21.4137
65.9673 -21.4237
65.9876 -21.4337
66.0079 -21.4437
66.0284 -21.4537
66.0489 -21.4637
66.0694 -21.4737
66.0901 -21.4837
66.1108 -21.4937
66.1315 -21.5037
66.1523 -21.5137
66.1731 -21.5237
66.194 -21.5337
66.215 -21.5437
66.236 -21.5537
66.257 -21.5637
66.278 -21.5737
66.2992 -21.5837
66.3203 -21.5937
66.3415 -21.6037
66.3627 -21.6137
66.3841 -21.6237
66.4054 -21.6337
66.4269 -21.6437
66.4484 -21.6537
66.47 -21.6637
66.4916 -21.6737
66.5132 -21.6837
66.5349 -21.6937
66.5566 -21.7037
66.5784 -21.7137
66.6003 -21.7237
66.6222 -21.7337
66.6442 -21.7437
66.6662 -21.7537
66.6883 -21.7637
66.7105 -21.7737
66.7327 -21.7837
66.755 -21.7937
66.7773 -21.8037
66.7997 -21.8137
66.8222 -21.8237
66.8447 -21.8337
66.8672 -21.8437
66.8898 -21.8537
66.9125 -21.8637
66.9352 -21.8737
66.9578 -21.8837
66.9805 -21.8937
67.0033 -21.9037
67.0261 -21.9137
67.049 -21.9237
67.0719 -21.9337
67.0949 -21.9437
67.118 -21.9537
67.1411 -21.9637
67.1643 -21.9737
67.1875 -21.9837
67.2107 -21.9937
67.234 -22.0037
67.2573 -22.0137
67.2807 -22.0237
67.3041 -22.0337
67.3277 -22.0437
67.3512 -22.0537
67.3749 -22.0637
67.3986 -22.0737
67.4223 -22.0837
67.4461 -22.0937
67.4699 -22.1037
67.4938 -22.1137
67.5177 -22.1237
67.5417 -22.1337
67.5658 -22.1437
67.5899 -22.1537
67.6141 -22.1637
67.6383 -22.1737
67.6626 -22.1837
67.687 -22.1937
67.7113 -22.2037
67.7358 -22.2137
67.7603 -22.2237
67.7848 -22.2337
67.8093 -22.2437
67.8339 -22.2537
67.8585 -22.2637
67.8832 -22.2737
67.9079 -22.2837
67.9326 -22.2937
67.9574 -22.3037
67.9823 -22.3137
68.0072 -22.3237
68.0323 -22.3337
68.0573 -22.3437
68.0823 -22.3537
68.1074 -22.3637
68.1326 -22.3737
68.1578 -22.3837
68.1831 -22.3937
68.2084 -22.4037
68.2339 -22.4137
68.2594 -22.4237
68.2806 -22.4337
68.3019 -22.4437
68.3232 -22.4537
68.3446 -22.4637
68.3661 -22.4737
68.3876 -22.4837
68.4091 -22.4937
68.4307 -22.5037
68.4523 -22.5137
68.474 -22.5237
68.4957 -22.5337
68.5175 -22.5437
68.5394 -22.5537
68.5613 -22.5637
68.5832 -22.5737
68.6052 -22.5837
68.6273 -22.5937
68.6494 -22.6037
68.6716 -22.6137
68.6938 -22.6237
68.7161 -22.6337
68.7385 -22.6437
68.7608 -22.6537
68.7831 -22.6637
68.8056 -22.6737
68.828 -22.6837
68.8505 -22.6937
68.8731 -22.7037
68.8957 -22.7137
68.9184 -22.7237
68.9411 -22.7337
68.9639 -22.7437
68.9866 -22.7537
69.0094 -22.7637
69.0321 -22.7737
69.0547 -22.7837
69.0773 -22.7937
69.1 -22.8037
69.1228 -22.8137
69.1456 -22.8237
69.1684 -22.8337
69.1914 -22.8437
69.2143 -22.8537
69.2374 -22.8637
69.2604 -22.8737
69.2836 -22.8837
69.3068 -22.8937
69.3301 -22.9037
69.3534 -22.9137
69.3768 -22.9237
69.4002 -22.9337
69.4236 -22.9437
69.4471 -22.9537
69.4707 -22.9637
69.4942 -22.9737
69.5178 -22.9837
69.5415 -22.9937
69.5651 -23.0037
69.5889 -23.0137
69.6127 -23.0237
69.6365 -23.0337
69.6605 -23.0437
69.6844 -23.0537
69.7085 -23.0637
69.7326 -23.0737
69.7567 -23.0837
69.7809 -23.0937
69.8052 -23.1037
69.8295 -23.1137
69.8539 -23.1237
69.8784 -23.1337
69.9029 -23.1437
69.9274 -23.1537
69.952 -23.1637
69.9767 -23.1737
70.0013 -23.1837
70.0261 -23.1937
70.0508 -23.2037
70.0756 -23.2137
70.1004 -23.2237
70.1252 -23.2337
70.1501 -23.2437
70.1751 -23.2537
70.2 -23.2637
70.225 -23.2737
70.2501 -23.2837
70.2752 -23.2937
70.3004 -23.3037
70.3256 -23.3137
70.3509 -23.3237
70.3762 -23.3337
70.4016 -23.3437
70.4271 -23.3537
70.4526 -23.3637
70.4781 -23.3737
70.5014 -23.3837
70.5229 -23.3937
70.5445 -23.4037
70.5661 -23.4137
70.5878 -23.4237
70.6094 -23.4337
70.6312 -23.4437
70.6521 -23.4537
70.6689 -23.4637
70.6857 -23.4737
70.7026 -23.4837
70.7195 -23.4937
70.7364 -23.5037
70.7534 -23.5137
70.7704 -23.5237
70.7874 -23.5337
70.8042 -23.5437
70.821 -23.5537
70.8378 -23.5637
70.8547 -23.5737
70.8716 -23.5837
70.8885 -23.5937
70.9055 -23.6037
70.9225 -23.6137
70.9396 -23.6237
70.9567 -23.6337
70.9738 -23.6437
70.991 -23.6537
71.0082 -23.6637
71.0254 -23.6737
71.0427 -23.6837
71.06 -23.6937
71.0774 -23.7037
71.0926 -23.7137
71.1092 -23.7237
71.1246 -23.7337
71.1401 -23.7437
71.1555 -23.7537
71.171 -23.7637
71.1866 -23.7737
71.1997 -23.7837
71.2123 -23.7937
71.2252 -23.8037
71.2381 -23.8137
71.2511 -23.8237
71.2641 -23.8337
71.2771 -23.8437
71.2901 -23.8537
71.3032 -23.8637
71.3164 -23.8737
71.3296 -23.8837
71.3429 -23.8937
71.3565 -23.9037
71.37 -23.9137
71.3836 -23.9237
71.3972 -23.9337
71.4109 -23.9437
71.4246 -23.9537
71.4384 -23.9637
71.4521 -23.9737
71.466 -23.9837
71.4798 -23.9937
71.4937 -24.0037
71.5071 -24.0137
71.5205 -24.0237
71.5339 -24.0337
71.5474 -24.0437
71.5609 -24.0537
71.5745 -24.0637
71.588 -24.0737
71.6017 -24.0837
71.6154 -24.0937
71.6291 -24.1037
71.6429 -24.1137
71.6579 -24.1237
71.673 -24.1337
71.6881 -24.1437
71.7032 -24.1537
71.7184 -24.1637
71.7336 -24.1737
71.7489 -24.1837
71.7641 -24.1937
71.7794 -24.2037
71.7948 -24.2137
71.8102 -24.2237
71.8256 -24.2337
71.841 -24.2437
71.8565 -24.2537
71.8721 -24.2637
71.8876 -24.2737
71.9032 -24.2837
71.9189 -24.2937
71.9346 -24.3037
71.9503 -24.3137
71.966 -24.3237
71.9818 -24.3337
71.9977 -24.3437
72.0136 -24.3537
72.0295 -24.3637
72.0454 -24.3737
72.0614 -24.3837
72.0775 -24.3937
72.0935 -24.4037
72.1096 -24.4137
72.1256 -24.4237
72.1417 -24.4337
72.1578 -24.4437
72.174 -24.4537
72.1902 -24.4637
72.2064 -24.4737
72.2227 -24.4837
72.239 -24.4937
72.2553 -24.5037
72.2717 -24.5137
72.2881 -24.5237
72.3045 -24.5337
72.321 -24.5437
72.3376 -24.5537
72.3542 -24.5637
72.3708 -24.5737
72.3874 -24.5837
72.4041 -24.5937
72.4209 -24.6037
72.4377 -24.6137
72.4545 -24.6237
72.4714 -24.6337
72.4883 -24.6437
72.5052 -24.6537
72.5222 -24.6637
72.5393 -24.6737
72.5563 -24.6837
72.5735 -24.6937
72.5906 -24.7037
72.6078 -24.7137
72.6251 -24.7237
72.6424 -24.7337
72.6597 -24.7437
72.6771 -24.7537
72.6941 -24.7637
72.711 -24.7737
72.728 -24.7837
72.745 -24.7937
72.762 -24.8037
72.7791 -24.8137
72.7962 -24.8237
72.8133 -24.8337
72.8305 -24.8437
72.8477 -24.8537
72.8649 -24.8637
72.8822 -24.8737
72.8996 -24.8837
72.9169 -24.8937
72.9344 -24.9037
72.9518 -24.9137
72.9694 -24.9237
72.9873 -24.9337
73.0053 -24.9437
73.0234 -24.9537
73.0415 -24.9637
73.0596 -24.9737
73.0777 -24.9837
73.0959 -24.9937
73.1142 -25.0037
73.1324 -25.0137
73.1508 -25.0237
73.1691 -25.0337
73.1875 -25.0437
73.206 -25.0537
73.2245 -25.0637
73.243 -25.0737
73.2616 -25.0837
73.2802 -25.0937
73.2988 -25.1037
73.3175 -25.1137
73.3362 -25.1237
73.3549 -25.1337
73.3737 -25.1437
73.3926 -25.1537
73.4115 -25.1637
73.4304 -25.1737
73.4494 -25.1837
73.4684 -25.1937
73.4877 -25.2037
73.5073 -25.2137
73.5269 -25.2237
73.5466 -25.2337
73.5662 -25.2437
73.586 -25.2537
73.6057 -25.2637
73.6255 -25.2737
73.6454 -25.2837
73.6653 -25.2937
73.6852 -25.3037
73.7041 -25.3137
73.7221 -25.3237
73.7402 -25.3337
73.7583 -25.3437
73.7764 -25.3537
73.7946 -25.3637
73.8128 -25.3737
73.831 -25.3837
73.8493 -25.3937
73.8676 -25.4037
73.8859 -25.4137
73.9043 -25.4237
73.9227 -25.4337
73.9411 -25.4437
73.9596 -25.4537
73.9782 -25.4637
73.9968 -25.4737
74.0154 -25.4837
74.0341 -25.4937
74.0528 -25.5037
74.0716 -25.5137
74.0904 -25.5237
74.1093 -25.5337
74.1282 -25.5437
74.1471 -25.5537
74.1661 -25.5637
74.1851 -25.5737
74.2042 -25.5837
74.2231 -25.5937
74.2398 -25.6037
74.2564 -25.6137
74.2731 -25.6237
74.2897 -25.6337
74.3065 -25.6437
74.3232 -25.6537
74.3401 -25.6637
74.3569 -25.6737
74.3738 -25.6837
74.3907 -25.6937
74.4077 -25.7037
74.4248 -25.7137
74.4418 -25.7237
74.4588 -25.7337
74.4756 -25.7437
74.4924 -25.7537
74.5093 -25.7637
74.5262 -25.7737
74.5432 -25.7837
74.5602 -25.7937
74.5772 -25.8037
74.5943 -25.8137
74.6115 -25.8237
74.6286 -25.8337
74.6458 -25.8437
74.6631 -25.8537
74.6804 -25.8637
74.6977 -25.8737
74.7149 -25.8837
74.7322 -25.8937
74.7495 -25.9037
74.7669 -25.9137
74.7842 -25.9237
74.8016 -25.9337
74.8191 -25.9437
74.8365 -25.9537
74.854 -25.9637
74.8716 -25.9737
74.8892 -25.9837
74.9066 -25.9937
74.924 -26.0037
74.9415 -26.0137
74.959 -26.0237
74.9766 -26.0337
74.9941 -26.0437
75.0117 -26.0537
75.0294 -26.0637
75.0471 -26.0737
75.0648 -26.0837
75.0826 -26.0937
75.1004 -26.1037
75.1183 -26.1137
75.1362 -26.1237
75.1541 -26.1337
75.1722 -26.1437
75.1902 -26.1537
75.2083 -26.1637
75.2264 -26.1737
75.2446 -26.1837
75.2628 -26.1937
75.281 -26.2037
75.2993 -26.2137
75.3177 -26.2237
75.3361 -26.2337
75.3545 -26.2437
75.373 -26.2537
75.3915 -26.2637
75.41 -26.2737
75.4286 -26.2837
75.4472 -26.2937
75.4659 -26.3037
75.4846 -26.3137
75.5034 -26.3237
75.5222 -26.3337
75.541 -26.3437
75.5599 -26.3537
75.5788 -26.3637
75.5978 -26.3737
75.6168 -26.3837
75.6358 -26.3937
75.6549 -26.4037
75.6741 -26.4137
75.6933 -26.4237
75.7125 -26.4337
75.7318 -26.4437
75.7511 -26.4537
75.7705 -26.4637
75.7899 -26.4737
75.8093 -26.4837
75.8288 -26.4937
75.8483 -26.5037
75.8678 -26.5137
75.8874 -26.5237
75.907 -26.5337
75.9266 -26.5437
75.9463 -26.5537
75.966 -26.5637
75.9858 -26.5737
76.0056 -26.5837
76.0254 -26.5937
76.0453 -26.6037
76.0653 -26.6137
76.0852 -26.6237
76.1052 -26.6337
76.1253 -26.6437
76.1454 -26.6537
76.1655 -26.6637
76.1856 -26.6737
76.2058 -26.6837
76.2261 -26.6937
76.2464 -26.7037
76.2667 -26.7137
76.2871 -26.7237
76.3075 -26.7337
76.328 -26.7437
76.3485 -26.7537
76.3691 -26.7637
76.3896 -26.7737
76.4103 -26.7837
76.4308 -26.7937
76.4513 -26.8037
76.472 -26.8137
76.4926 -26.8237
76.5133 -26.8337
76.534 -26.8437
76.5548 -26.8537
76.5757 -26.8637
76.5965 -26.8737
76.6175 -26.8837
76.6384 -26.8937
76.6595 -26.9037
76.6805 -26.9137
76.7016 -26.9237
76.7227 -26.9337
76.7439 -26.9437
76.7651 -26.9537
76.7864 -26.9637
76.8077 -26.9737
76.829 -26.9837
76.8504 -26.9937
76.8718 -27.0037
76.8932 -27.0137
76.9147 -27.0237
76.9363 -27.0337
76.9578 -27.0437
76.9795 -27.0537
77.0011 -27.0637
77.0229 -27.0737
77.0446 -27.0837
77.0664 -27.0937
77.0882 -27.1037
77.1101 -27.1137
77.132 -27.1237
77.1539 -27.1337
77.1759 -27.1437
77.1979 -27.1537
77.2199 -27.1637
77.2419 -27.1737
77.264 -27.1837
77.2862 -27.1937
77.3084 -27.2037
77.3306 -27.2137
77.3529 -27.2237
77.3751 -27.2337
77.3974 -27.2437
77.4197 -27.2537
77.4421 -27.2637
77.4645 -27.2737
77.4869 -27.2837
77.5094 -27.2937
77.532 -27.3037
77.5546 -27.3137
77.5772 -27.3237
77.5999 -27.3337
77.6227 -27.3437
77.6455 -27.3537
77.6683 -27.3637
77.6912 -27.3737
77.7142 -27.3837
77.7372 -27.3937
77.7602 -27.4037
77.7833 -27.4137
77.8064 -27.4237
77.8296 -27.4337
77.8529 -27.4437
77.8761 -27.4537
77.8994 -27.4637
77.9228 -27.4737
77.9462 -27.4837
77.9696 -27.4937
77.9931 -27.5037
78.0165 -27.5137
78.04 -27.5237
78.0636 -27.5337
78.0872 -27.5437
78.1109 -27.5537
78.1346 -27.5637
78.1583 -27.5737
78.1821 -27.5837
78.206 -27.5937
78.2298 -27.6037
78.2538 -27.6137
78.2777 -27.6237
78.3017 -27.6337
78.3257 -27.6437
78.3498 -27.6537
78.3739 -27.6637
78.398 -27.6737
78.4221 -27.6837
78.4463 -27.6937
78.4705 -27.7037
78.4948 -27.7137
78.519 -27.7237
78.5434 -27.7337
78.5678 -27.7437
78.5922 -27.7537
78.6167 -27.7637
78.6412 -27.7737
78.6658 -27.7837
78.6904 -27.7937
78.715 -27.8037
78.7397 -27.8137
78.7645 -27.8237
78.7893 -27.8337
78.8141 -27.8437
78.8389 -27.8537
78.8638 -27.8637
78.8888 -27.8737
78.9138 -27.8837
78.9388 -27.8937
78.9639 -27.9037
78.9891 -27.9137
79.0142 -27.9237
79.0395 -27.9337
79.0647 -27.9437
79.09 -27.9537
79.1154 -27.9637
79.1408 -27.9737
79.1663 -27.9837
79.1918 -27.9937
79.2173 -28.0037
79.2429 -28.0137
79.2685 -28.0237
79.2942 -28.0337
79.3199 -28.0437
79.3457 -28.0537
79.3714 -28.0637
79.3972 -28.0737
79.423 -28.0837
79.4488 -28.0937
79.4747 -28.1037
79.5007 -28.1137
79.5266 -28.1237
79.5527 -28.1337
79.5788 -28.1437
79.6049 -28.1537
79.631 -28.1637
79.6572 -28.1737
79.6834 -28.1837
79.7097 -28.1937
79.736 -28.2037
79.7623 -28.2137
79.7887 -28.2237
79.8151 -28.2337
79.8416 -28.2437
79.8681 -28.2537
79.8947 -28.2637
79.9214 -28.2737
79.948 -28.2837
79.9748 -28.2937
80.0016 -28.3037
80.0284 -28.3137
80.0553 -28.3237
80.0823 -28.3337
80.1092 -28.3437
80.1362 -28.3537
80.1633 -28.3637
80.1904 -28.3737
80.2175 -28.3837
80.2447 -28.3937
80.2719 -28.4037
80.2992 -28.4137
80.3265 -28.4237
80.3539 -28.4337
80.3813 -28.4437
80.4088 -28.4537
80.4363 -28.4637
80.4638 -28.4737
80.4915 -28.4837
80.5191 -28.4937
80.5467 -28.5037
80.5744 -28.5137
80.6022 -28.5237
80.6299 -28.5337
80.6577 -28.5437
80.6856 -28.5537
80.7134 -28.5637
80.7414 -28.5737
80.7694 -28.5837
80.7974 -28.5937
80.8255 -28.6037
80.8537 -28.6137
80.8819 -28.6237
80.9102 -28.6337
80.9385 -28.6437
80.9668 -28.6537
80.9952 -28.6637
81.0237 -28.6737
81.0522 -28.6837
81.0807 -28.6937
81.1093 -28.7037
81.138 -28.7137
81.1667 -28.7237
81.1954 -28.7337
81.2243 -28.7437
81.2531 -28.7537
81.282 -28.7637
81.311 -28.7737
81.34 -28.7837
81.369 -28.7937
81.3981 -28.8037
81.4273 -28.8137
81.4565 -28.8237
81.4858 -28.8337
81.5151 -28.8437
81.5445 -28.8537
81.5739 -28.8637
81.6034 -28.8737
81.6329 -28.8837
81.6625 -28.8937
81.6922 -28.9037
81.7219 -28.9137
81.7517 -28.9237
81.7815 -28.9337
81.8114 -28.9437
81.8413 -28.9537
81.8713 -28.9637
81.9013 -28.9737
81.9314 -28.9837
81.9616 -28.9937
81.9918 -29.0037
82.022 -29.0137
82.0523 -29.0237
82.0827 -29.0337
82.1131 -29.0437
82.143 -29.0537
82.1726 -29.0637
82.2019 -29.0737
82.2313 -29.0837
82.2608 -29.0937
82.2902 -29.1037
82.3197 -29.1137
82.3492 -29.1237
82.3788 -29.1337
82.4085 -29.1437
82.4381 -29.1537
82.4679 -29.1637
82.4977 -29.1737
82.5275 -29.1837
82.5574 -29.1937
82.5874 -29.2037
82.6174 -29.2137
82.6475 -29.2237
82.6776 -29.2337
82.7077 -29.2437
82.7379 -29.2537
82.7682 -29.2637
82.7985 -29.2737
82.8289 -29.2837
82.8594 -29.2937
82.8899 -29.3037
82.9204 -29.3137
82.951 -29.3237
82.9817 -29.3337
83.0124 -29.3437
83.0432 -29.3537
83.0741 -29.3637
83.105 -29.3737
83.1359 -29.3837
83.1669 -29.3937
83.198 -29.4037
83.2291 -29.4137
83.2602 -29.4237
83.2914 -29.4337
83.3227 -29.4437
83.3541 -29.4537
83.3855 -29.4637
83.4169 -29.4737
83.4484 -29.4837
83.48 -29.4937
83.5116 -29.5037
83.5432 -29.5137
83.5749 -29.5237
83.6067 -29.5337
83.6385 -29.5437
83.6704 -29.5537
83.7023 -29.5637
83.7343 -29.5737
83.7664 -29.5837
83.7985 -29.5937
83.8307 -29.6037
83.8629 -29.6137
83.8951 -29.6237
83.9274 -29.6337
83.9598 -29.6437
83.9922 -29.6537
84.0247 -29.6637
84.0572 -29.6737
84.0898 -29.6837
84.1224 -29.6937
84.1551 -29.7037
84.1879 -29.7137
84.2207 -29.7237
84.2536 -29.7337
84.2865 -29.7437
84.3194 -29.7537
84.3524 -29.7637
84.3855 -29.7737
84.4186 -29.7837
84.4518 -29.7937
84.485 -29.8037
84.5183 -29.8137
84.5516 -29.8237
84.585 -29.8337
84.6185 -29.8437
84.652 -29.8537
84.6855 -29.8637
84.7192 -29.8737
84.7528 -29.8837
84.7866 -29.8937
84.8204 -29.9037
84.8542 -29.9137
84.8881 -29.9237
84.9221 -29.9337
84.9561 -29.9437
84.9902 -29.9537
85.0243 -29.9637
85.0585 -29.9737
85.0928 -29.9837
85.127 -29.9937
85.1613 -30.0037
85.1956 -30.0137
85.23 -30.0237
85.2644 -30.0337
85.2988 -30.0437
85.3333 -30.0537
85.3679 -30.0637
85.4025 -30.0737
85.4372 -30.0837
85.4718 -30.0937
85.5066 -30.1037
85.5414 -30.1137
85.5762 -30.1237
85.6111 -30.1337
85.6461 -30.1437
85.681 -30.1537
85.7161 -30.1637
85.7512 -30.1737
85.7864 -30.1837
85.8216 -30.1937
85.8569 -30.2037
85.8922 -30.2137
85.9276 -30.2237
85.963 -30.2337
85.9985 -30.2437
86.034 -30.2537
86.0696 -30.2637
86.1053 -30.2737
86.141 -30.2837
86.1768 -30.2937
86.2126 -30.3037
86.2484 -30.3137
86.2844 -30.3237
86.3204 -30.3337
86.3564 -30.3437
86.3925 -30.3537
86.4286 -30.3637
86.4649 -30.3737
86.5011 -30.3837
86.5375 -30.3937
86.5739 -30.4037
86.6103 -30.4137
86.6469 -30.4237
86.6834 -30.4337
86.7201 -30.4437
86.7568 -30.4537
86.7935 -30.4637
86.8304 -30.4737
86.8673 -30.4837
86.9042 -30.4937
86.9412 -30.5037
86.9783 -30.5137
87.0154 -30.5237
87.0525 -30.5337
87.0897 -30.5437
87.127 -30.5537
87.1643 -30.5637
87.2017 -30.5737
87.2392 -30.5837
87.2767 -30.5937
87.3142 -30.6037
87.3517 -30.6137
87.3893 -30.6237
87.4268 -30.6337
87.4644 -30.6437
87.5021 -30.6537
87.5399 -30.6637
87.5777 -30.6737
87.6154 -30.6837
87.6533 -30.6937
87.6911 -30.7037
87.7291 -30.7137
87.7671 -30.7237
87.8051 -30.7337
87.8433 -30.7437
87.8815 -30.7537
87.9197 -30.7637
87.958 -30.7737
87.9964 -30.7837
88.0348 -30.7937
88.0732 -30.8037
88.1117 -30.8137
88.1503 -30.8237
88.1889 -30.8337
88.2275 -30.8437
88.2663 -30.8537
88.305 -30.8637
88.3439 -30.8737
88.3828 -30.8837
88.4217 -30.8937
88.4608 -30.9037
88.4998 -30.9137
88.5389 -30.9237
88.578 -30.9337
88.6172 -30.9437
88.6565 -30.9537
88.6958 -30.9637
88.7352 -30.9737
88.7746 -30.9837
88.8141 -30.9937
88.8537 -31.0037
88.8933 -31.0137
88.933 -31.0237
88.9728 -31.0337
89.0126 -31.0437
89.0524 -31.0537
89.0923 -31.0637
89.1323 -31.0737
89.1723 -31.0837
89.2123 -31.0937
89.2524 -31.1037
89.2925 -31.1137
89.3327 -31.1237
89.3729 -31.1337
89.4132 -31.1437
89.4535 -31.1537
89.4939 -31.1637
89.5343 -31.1737
89.5748 -31.1837
89.6154 -31.1937
89.656 -31.2037
89.6966 -31.2137
89.7371 -31.2237
89.7776 -31.2337
89.8182 -31.2437
89.8589 -31.2537
89.8996 -31.2637
89.9404 -31.2737
89.9812 -31.2837
90.0221 -31.2937
90.063 -31.3037
90.104 -31.3137
90.1451 -31.3237
90.1862 -31.3337
90.2274 -31.3437
90.2686 -31.3537
90.3099 -31.3637
90.3512 -31.3737
90.3926 -31.3837
90.434 -31.3937
90.4755 -31.4037
90.5171 -31.4137
90.5587 -31.4237
90.6003 -31.4337
90.642 -31.4437
90.6838 -31.4537
90.7257 -31.4637
90.7676 -31.4737
90.8096 -31.4837
90.8516 -31.4937
90.8937 -31.5037
90.9358 -31.5137
90.9779 -31.5237
91.02 -31.5337
91.0621 -31.5437
91.1042 -31.5537
91.1465 -31.5637
91.1888 -31.5737
91.2311 -31.5837
91.2736 -31.5937
91.3161 -31.6037
91.3586 -31.6137
91.4012 -31.6237
91.4439 -31.6337
91.4866 -31.6437
91.5294 -31.6537
91.5722 -31.6637
91.6151 -31.6737
91.658 -31.6837
91.7011 -31.6937
91.744 -31.7037
91.7868 -31.7137
91.8297 -31.7237
91.8726 -31.7337
91.9156 -31.7437
91.9586 -31.7537
92.0017 -31.7637
92.0449 -31.7737
92.0881 -31.7837
92.1314 -31.7937
92.1747 -31.8037
92.218 -31.8137
92.2614 -31.8237
92.3049 -31.8337
92.3484 -31.8437
92.3919 -31.8537
92.4354 -31.8637
92.479 -31.8737
92.5226 -31.8837
92.5663 -31.8937
92.61 -31.9037
92.6538 -31.9137
92.6977 -31.9237
92.7416 -31.9337
92.7856 -31.9437
92.8297 -31.9537
92.8738 -31.9637
92.918 -31.9737
92.9623 -31.9837
93.0066 -31.9937
93.051 -32.0037
93.0954 -32.0137
93.1399 -32.0237
93.1843 -32.0337
93.2288 -32.0437
93.2733 -32.0537
93.3178 -32.0637
93.3624 -32.0737
93.407 -32.0837
93.4513 -32.0937
93.4956 -32.1037
93.5399 -32.1137
93.5842 -32.1237
93.6286 -32.1337
93.6731 -32.1437
93.7176 -32.1537
93.7622 -32.1637
93.8068 -32.1737
93.8515 -32.1837
93.8963 -32.1937
93.9411 -32.2037
93.9859 -32.2137
94.0307 -32.2237
94.0756 -32.2337
94.1205 -32.2437
94.1655 -32.2537
94.2106 -32.2637
94.2557 -32.2737
94.3008 -32.2837
94.346 -32.2937
94.3913 -32.3037
94.4366 -32.3137
94.482 -32.3237
94.5275 -32.3337
94.573 -32.3437
94.6184 -32.3537
94.6639 -32.3637
94.7094 -32.3737
94.755 -32.3837
94.8007 -32.3937
94.8464 -32.4037
94.8922 -32.4137
94.9379 -32.4237
94.9837 -32.4337
95.0296 -32.4437
95.0755 -32.4537
95.1214 -32.4637
95.1675 -32.4737
95.2136 -32.4837
95.2598 -32.4937
95.306 -32.5037
95.3523 -32.5137
95.3987 -32.5237
95.4451 -32.5337
95.4916 -32.5437
95.5381 -32.5537
95.5847 -32.5637
95.6313 -32.5737
95.6779 -32.5837
95.7246 -32.5937
95.7713 -32.6037
95.818 -32.6137
95.8648 -32.6237
95.9117 -32.6337
95.9586 -32.6437
96.0053 -32.6537
96.052 -32.6637
96.0987 -32.6737
96.1455 -32.6837
96.1923 -32.6937
96.2392 -32.7037
96.2862 -32.7137
96.3333 -32.7237
96.3803 -32.7337
96.4275 -32.7437
96.4747 -32.7537
96.522 -32.7637
96.5693 -32.7737
96.6167 -32.7837
96.664 -32.7937
96.7115 -32.8037
96.759 -32.8137
96.8066 -32.8237
96.8543 -32.8337
96.902 -32.8437
96.9496 -32.8537
96.9973 -32.8637
97.045 -32.8737
97.0928 -32.8837
97.1407 -32.8937
97.1886 -32.9037
97.2366 -32.9137
97.2846 -32.9237
97.3323 -32.9337
97.38 -32.9437
97.4278 -32.9537
97.4756 -32.9637
97.5235 -32.9737
97.5715 -32.9837
97.6194 -32.9937
97.6675 -33.0037
97.7156 -33.0137
97.7637 -33.0237
97.8119 -33.0337
97.8602 -33.0437
97.9085 -33.0537
97.9568 -33.0637
98.0053 -33.0737
98.0536 -33.0837
98.1018 -33.0937
98.15 -33.1037
98.1982 -33.1137
98.2465 -33.1237
98.2949 -33.1337
98.3433 -33.1437
98.3917 -33.1537
98.4402 -33.1637
98.4887 -33.1737
98.5373 -33.1837
98.586 -33.1937
98.6347 -33.2037
98.6835 -33.2137
98.7323 -33.2237
98.7811 -33.2337
98.83 -33.2437
98.8789 -33.2537
98.9278 -33.2637
98.9768 -33.2737
99.0259 -33.2837
99.075 -33.2937
99.1242 -33.3037
99.1734 -33.3137
99.2226 -33.3237
99.2719 -33.3337
99.3213 -33.3437
99.3707 -33.3537
99.4202 -33.3637
99.4697 -33.3737
99.5194 -33.3837
99.569 -33.3937
99.6187 -33.4037
99.6684 -33.4137
99.7182 -33.4237
99.7681 -33.4337
99.818 -33.4437
99.8679 -33.4537
99.918 -33.4637
99.9681 -33.4737
100.018 -33.4837
100.068 -33.4937
100.118 -33.5037
100.169 -33.5137
100.219 -33.5237
100.269 -33.5337
100.319 -33.5437
100.369 -33.5537
100.42 -33.5637
100.47 -33.5737
100.52 -33.5837
100.571 -33.5937
100.621 -33.6037
100.672 -33.6137
100.722 -33.6237
100.773 -33.6337
100.824 -33.6437
100.874 -33.6537
100.924 -33.6637
100.975 -33.6737
101.025 -33.6837
101.076 -33.6937
101.126 -33.7037
101.177 -33.7137
101.227 -33.7237
101.278 -33.7337
101.329 -33.7437
101.38 -33.7537
101.431 -33.7637
101.482 -33.7737
101.533 -33.7837
101.584 -33.7937
101.635 -33.8037
101.686 -33.8137
101.738 -33.8237
101.789 -33.8337
101.839 -33.8437
101.89 -33.8537
101.941 -33.8637
101.992 -33.8737
102.043 -33.8837
102.095 -33.8937
102.146 -33.9037
102.197 -33.9137
102.248 -33.9237
102.299 -33.9337
102.351 -33.9437
102.402 -33.9537
102.454 -33.9637
102.505 -33.9737
102.557 -33.9837
102.608 -33.9937
102.66 -34.0037
102.711 -34.0137
102.762 -34.0237
102.813 -34.0337
102.864 -34.0437
102.916 -34.0537
102.967 -34.0637
103.018 -34.0737
103.07 -34.0837
103.122 -34.0937
103.173 -34.1037
103.224 -34.1137
103.276 -34.1237
103.327 -34.1337
103.379 -34.1437
103.43 -34.1537
103.482 -34.1637
103.533 -34.1737
103.584 -34.1837
103.636 -34.1937
103.688 -34.2037
103.739 -34.2137
103.791 -34.2237
103.843 -34.2337
103.894 -34.2437
103.946 -34.2537
103.998 -34.2637
104.05 -34.2737
104.102 -34.2837
104.153 -34.2937
104.205 -34.3037
104.257 -34.3137
104.309 -34.3237
104.361 -34.3337
104.412 -34.3437
104.464 -34.3537
104.516 -34.3637
104.568 -34.3737
104.62 -34.3837
104.672 -34.3937
104.725 -34.4037
104.777 -34.4137
104.829 -34.4237
104.881 -34.4337
104.934 -34.4437
104.986 -34.4537
105.038 -34.4637
105.091 -34.4737
105.143 -34.4837
105.196 -34.4937
105.248 -34.5037
105.301 -34.5137
105.353 -34.5237
105.406 -34.5337
105.458 -34.5437
105.511 -34.5537
105.564 -34.5637
105.617 -34.5737
105.669 -34.5837
105.722 -34.5937
105.774 -34.6037
105.827 -34.6137
105.88 -34.6237
105.933 -34.6337
105.985 -34.6437
106.038 -34.6537
106.091 -34.6637
106.144 -34.6737
106.197 -34.6837
106.249 -34.6937
106.302 -34.7037
106.354 -34.7137
106.407 -34.7237
106.46 -34.7337
106.513 -34.7437
106.566 -34.7537
106.618 -34.7637
106.671 -34.7737
106.723 -34.7837
106.776 -34.7937
106.828 -34.8037
106.881 -34.8137
106.933 -34.8237
106.985 -34.8337
107.038 -34.8437
107.09 -34.8537
107.142 -34.8637
107.195 -34.8737
107.247 -34.8837
107.299 -34.8937
107.352 -34.9037
107.404 -34.9137
107.456 -34.9237
107.509 -34.9337
107.561 -34.9437
107.613 -34.9537
107.666 -34.9637
107.718 -34.9737
107.77 -34.9837
107.823 -34.9937
107.875 -35.0037
107.928 -35.0137
107.98 -35.0237
108.033 -35.0337
108.085 -35.0437
108.138 -35.0537
108.19 -35.0637
108.243 -35.0737
108.296 -35.0837
108.349 -35.0937
108.401 -35.1037
108.454 -35.1137
108.507 -35.1237
108.56 -35.1337
108.613 -35.1437
108.667 -35.1537
108.72 -35.1637
108.773 -35.1737
108.826 -35.1837
108.879 -35.1937
108.932 -35.2037
108.985 -35.2137
109.039 -35.2237
109.092 -35.2337
109.144 -35.2437
109.197 -35.2537
109.25 -35.2637
109.303 -35.2737
109.355 -35.2837
109.407 -35.2937
109.459 -35.3037
109.511 -35.3137
109.562 -35.3237
109.614 -35.3337
109.666 -35.3437
109.717 -35.3537
109.769 -35.3637
109.82 -35.3737
109.872 -35.3837
109.924 -35.3937
109.975 -35.4037
110.027 -35.4137
110.079 -35.4237
110.131 -35.4337
110.182 -35.4437
110.234 -35.4537
110.286 -35.4637
110.338 -35.4737
110.39 -35.4837
110.442 -35.4937
110.493 -35.5037
110.545 -35.5137
110.597 -35.5237
110.649 -35.5337
110.701 -35.5437
110.752 -35.5537
110.804 -35.5637
110.855 -35.5737
110.906 -35.5837
110.958 -35.5937
111.009 -35.6037
111.061 -35.6137
111.112 -35.6237
111.163 -35.6337
111.214 -35.6437
111.266 -35.6537
111.317 -35.6637
111.368 -35.6737
111.419 -35.6837
111.47 -35.6937
111.522 -35.7037
111.573 -35.7137
111.624 -35.7237
111.676 -35.7337
111.727 -35.7437
111.779 -35.7537
111.83 -35.7637
111.882 -35.7737
111.934 -35.7837
111.985 -35.7937
112.037 -35.8037
112.089 -35.8137
112.141 -35.8237
112.193 -35.8337
112.245 -35.8437
112.297 -35.8537
112.349 -35.8637
112.401 -35.8737
112.453 -35.8837
112.505 -35.8937
112.558 -35.9037
112.61 -35.9137
112.662 -35.9237
112.715 -35.9337
112.767 -35.9437
112.82 -35.9537
112.872 -35.9637
112.925 -35.9737
112.978 -35.9837
113.031 -35.9937
113.083 -36.0037
113.136 -36.0137
113.189 -36.0237
113.242 -36.0337
113.295 -36.0437
113.348 -36.0537
113.401 -36.0637
113.454 -36.0737
113.507 -36.0837
113.561 -36.0937
113.614 -36.1037
113.667 -36.1137
113.721 -36.1237
113.774 -36.1337
113.828 -36.1437
113.881 -36.1537
113.935 -36.1637
113.989 -36.1737
114.042 -36.1837
114.096 -36.1937
114.15 -36.2037
114.204 -36.2137
114.258 -36.2237
114.312 -36.2337
114.366 -36.2437
114.42 -36.2537
114.474 -36.2637
114.528 -36.2737
114.582 -36.2837
114.637 -36.2937
114.691 -36.3037
114.745 -36.3137
114.8 -36.3237
114.854 -36.3337
114.909 -36.3437
114.963 -36.3537
115.018 -36.3637
115.073 -36.3737
115.127 -36.3837
115.182 -36.3937
115.237 -36.4037
115.292 -36.4137
115.347 -36.4237
115.402 -36.4337
115.457 -36.4437
115.512 -36.4537
115.567 -36.4637
115.622 -36.4737
115.678 -36.4837
115.733 -36.4937
115.788 -36.5037
115.844 -36.5137
115.899 -36.5237
115.955 -36.5337
116.01 -36.5437
116.066 -36.5537
116.122 -36.5637
116.177 -36.5737
116.233 -36.5837
116.289 -36.5937
116.345 -36.6037
116.401 -36.6137
116.457 -36.6237
116.513 -36.6337
116.569 -36.6437
116.625 -36.6537
116.682 -36.6637
116.738 -36.6737
116.794 -36.6837
116.851 -36.6937
116.907 -36.7037
116.963 -36.7137
117.02 -36.7237
117.076 -36.7337
117.133 -36.7437
117.189 -36.7537
117.246 -36.7637
117.303 -36.7737
117.359 -36.7837
117.416 -36.7937
117.473 -36.8037
117.53 -36.8137
117.587 -36.8237
117.644 -36.8337
117.701 -36.8437
117.758 -36.8537
117.815 -36.8637
117.873 -36.8737
117.93 -36.8837
117.987 -36.8937
118.045 -36.9037
118.102 -36.9137
118.159 -36.9237
118.217 -36.9337
118.275 -36.9437
118.332 -36.9537
118.39 -36.9637
118.448 -36.9737
118.506 -36.9837
118.563 -36.9937
118.621 -37.0037
118.679 -37.0137
118.737 -37.0237
118.796 -37.0337
118.854 -37.0437
118.912 -37.0537
118.97 -37.0637
119.028 -37.0737
119.087 -37.0837
119.145 -37.0937
119.204 -37.1037
119.262 -37.1137
119.321 -37.1237
119.379 -37.1337
119.438 -37.1437
119.497 -37.1537
119.556 -37.1637
119.615 -37.1737
119.673 -37.1837
119.732 -37.1937
119.791 -37.2037
119.85 -37.2137
119.91 -37.2237
119.969 -37.2337
120.028 -37.2437
120.087 -37.2537
120.147 -37.2637
120.206 -37.2737
120.266 -37.2837
120.325 -37.2937
120.385 -37.3037
120.444 -37.3137
120.504 -37.3237
120.564 -37.3337
120.623 -37.3437
120.683 -37.3537
120.743 -37.3637
120.803 -37.3737
120.863 -37.3837
120.923 -37.3937
120.983 -37.4037
121.044 -37.4137
121.104 -37.4237
121.164 -37.4337
121.224 -37.4437
121.285 -37.4537
121.345 -37.4637
121.406 -37.4737
121.466 -37.4837
121.527 -37.4937
121.588 -37.5037
121.648 -37.5137
121.709 -37.5237
121.77 -37.5337
121.831 -37.5437
121.892 -37.5537
121.953 -37.5637
122.014 -37.5737
122.075 -37.5837
122.136 -37.5937
122.198 -37.6037
122.259 -37.6137
122.32 -37.6237
122.382 -37.6337
122.443 -37.6437
122.505 -37.6537
122.566 -37.6637
122.628 -37.6737
122.689 -37.6837
122.751 -37.6937
122.813 -37.7037
122.875 -37.7137
122.937 -37.7237
122.999 -37.7337
123.061 -37.7437
123.123 -37.7537
123.185 -37.7637
123.247 -37.7737
123.309 -37.7837
123.372 -37.7937
123.434 -37.8037
123.497 -37.8137
123.559 -37.8237
123.622 -37.8337
123.684 -37.8437
123.747 -37.8537
123.81 -37.8637
123.872 -37.8737
123.935 -37.8837
123.998 -37.8937
124.061 -37.9037
124.124 -37.9137
124.187 -37.9237
124.25 -37.9337
124.313 -37.9437
124.377 -37.9537
124.44 -37.9637
124.503 -37.9737
124.567 -37.9837
124.63 -37.9937
124.694 -38.0037
124.757 -38.0137
124.821 -38.0237
124.884 -38.0337
124.948 -38.0437
125.012 -38.0537
125.076 -38.0637
125.14 -38.0737
125.204 -38.0837
125.268 -38.0937
125.332 -38.1037
125.396 -38.1137
125.46 -38.1237
125.525 -38.1337
125.589 -38.1437
125.653 -38.1537
125.718 -38.1637
125.782 -38.1737
125.847 -38.1837
125.911 -38.1937
125.976 -38.2037
126.041 -38.2137
126.106 -38.2237
126.17 -38.2337
126.235 -38.2437
126.3 -38.2537
126.365 -38.2637
126.43 -38.2737
126.496 -38.2837
126.561 -38.2937
126.626 -38.3037
126.691 -38.3137
126.757 -38.3237
126.822 -38.3337
126.888 -38.3437
126.953 -38.3537
127.019 -38.3637
127.084 -38.3737
127.15 -38.3837
127.216 -38.3937
127.282 -38.4037
127.348 -38.4137
127.414 -38.4237
127.48 -38.4337
127.546 -38.4437
127.612 -38.4537
127.678 -38.4637
127.744 -38.4737
127.811 -38.4837
127.877 -38.4937
127.944 -38.5037
128.01 -38.5137
128.077 -38.5237
128.143 -38.5337
128.21 -38.5437
128.277 -38.5537
128.343 -38.5637
128.41 -38.5737
128.477 -38.5837
128.544 -38.5937
128.611 -38.6037
128.678 -38.6137
128.745 -38.6237
128.813 -38.6337
128.88 -38.6437
128.947 -38.6537
129.015 -38.6637
129.082 -38.6737
129.15 -38.6837
129.217 -38.6937
129.285 -38.7037
129.353 -38.7137
129.42 -38.7237
129.488 -38.7337
129.556 -38.7437
129.624 -38.7537
129.692 -38.7637
129.76 -38.7737
129.828 -38.7837
129.896 -38.7937
129.965 -38.8037
130.033 -38.8137
130.101 -38.8237
130.17 -38.8337
130.238 -38.8437
130.307 -38.8537
130.375 -38.8637
130.444 -38.8737
130.513 -38.8837
130.581 -38.8937
130.65 -38.9037
130.719 -38.9137
130.788 -38.9237
130.857 -38.9337
130.926 -38.9437
130.995 -38.9537
131.065 -38.9637
131.134 -38.9737
131.203 -38.9837
131.273 -38.9937
131.342 -39.0037
131.411 -39.0137
131.481 -39.0237
131.551 -39.0337
131.62 -39.0437
131.69 -39.0537
131.76 -39.0637
131.83 -39.0737
131.9 -39.0837
131.97 -39.0937
132.04 -39.1037
132.11 -39.1137
132.18 -39.1237
132.25 -39.1337
132.32 -39.1437
132.39 -39.1537
132.46 -39.1637
132.53 -39.1737
132.601 -39.1837
132.671 -39.1937
132.741 -39.2037
132.812 -39.2137
132.882 -39.2237
132.953 -39.2337
133.023 -39.2437
133.094 -39.2537
133.165 -39.2637
133.235 -39.2737
133.306 -39.2837
133.377 -39.2937
133.448 -39.3037
133.519 -39.3137
133.59 -39.3237
133.661 -39.3337
133.733 -39.3437
133.804 -39.3537
133.875 -39.3637
133.947 -39.3737
134.018 -39.3837
134.09 -39.3937
134.161 -39.4037
134.233 -39.4137
134.305 -39.4237
134.376 -39.4337
134.448 -39.4437
134.52 -39.4537
134.592 -39.4637
134.664 -39.4737
134.736 -39.4837
134.808 -39.4937
134.881 -39.5037
134.953 -39.5137
135.025 -39.5237
135.098 -39.5337
135.17 -39.5437
135.243 -39.5537
135.315 -39.5637
135.388 -39.5737
135.461 -39.5837
135.533 -39.5937
135.606 -39.6037
135.679 -39.6137
135.752 -39.6237
135.825 -39.6337
135.898 -39.6437
135.971 -39.6537
136.044 -39.6637
136.118 -39.6737
136.191 -39.6837
136.264 -39.6937
136.338 -39.7037
136.411 -39.7137
136.485 -39.7237
136.558 -39.7337
136.632 -39.7437
136.706 -39.7537
136.78 -39.7637
136.854 -39.7737
136.927 -39.7837
137.001 -39.7937
137.076 -39.8037
137.15 -39.8137
137.224 -39.8237
137.298 -39.8337
137.372 -39.8437
137.446 -39.8537
137.52 -39.8637
137.594 -39.8737
137.668 -39.8837
137.742 -39.8937
137.816 -39.9037
137.891 -39.9137
137.965 -39.9237
138.04 -39.9337
138.114 -39.9437
138.189 -39.9537
138.263 -39.9637
138.338 -39.9737
138.413 -39.9837
138.488 -39.9937
138.562 -40.0037
138.637 -40.0137
138.712 -40.0237
138.788 -40.0337
138.863 -40.0437
138.938 -40.0537
139.013 -40.0637
139.089 -40.0737
139.164 -40.0837
139.239 -40.0937
139.315 -40.1037
139.391 -40.1137
139.466 -40.1237
139.542 -40.1337
139.618 -40.1437
139.694 -40.1537
139.769 -40.1637
139.845 -40.1737
139.921 -40.1837
139.998 -40.1937
140.074 -40.2037
140.15 -40.2137
