0.1 -0.0252974
0.2 1.97608e-005
0.3 2.00942e-005
0.4 2.02935e-005
0.5 2.0496e-005
0.6 2.07013e-005
0.7 2.09101e-005
0.8 2.11221e-005
0.9 2.13361e-005
1 2.1556e-005
0.291059 2.20148e-010
0.582082 4.92181e-010
0.873048 8.06305e-010
1.16396 4.78043e-010
1.45483 4.19112e-010
1.74564 8.68597e-010
2.03639 7.82292e-010
2.32709 5.95213e-010
2.61784 -1.48635e-009
2.90863 1.07939e-010
3.19938 9.30197e-010
3.4901 -1.89724e-010
3.78078 7.90215e-010
4.07141 7.515e-010
4.36198 8.17655e-010
4.6525 3.16695e-010
4.94296 1.38856e-009
5.23333 8.90379e-010
5.52362 7.57353e-010
5.81388 6.64661e-010
6.10413 5.96357e-011
6.39436 8.38093e-010
6.68456 1.48062e-010
6.97471 8.91749e-010
7.26481 5.42676e-010
7.55486 3.58569e-010
7.84487 7.72484e-010
8.13483 7.23653e-010
8.42473 6.32317e-010
8.71458 4.6464e-010
9.00437 7.45866e-010
9.29411 7.14977e-010
9.58379 8.98298e-010
9.87341 5.79276e-010
10.163 5.01511e-010
10.4525 5.65305e-010
10.742 8.22942e-010
11.0314 6.78003e-010
11.3207 9.92171e-010
11.61 7.68627e-010
11.8993 5.71145e-010
12.1885 6.01869e-010
12.4776 8.01647e-010
12.7667 1.04787e-009
13.0557 7.28437e-010
13.3446 4.75641e-010
13.6335 8.15075e-010
13.9223 4.21379e-010
14.2111 8.61304e-010
14.4998 7.93842e-010
14.7885 8.66657e-010
15.0771 7.14864e-010
15.3656 4.48562e-010
15.6541 7.18751e-010
15.9425 7.9896e-010
16.2309 9.19229e-010
16.5192 9.16497e-010
16.8075 7.91932e-010
17.0956 5.53659e-010
17.3838 9.60267e-010
17.6718 6.73422e-010
17.9598 6.26222e-010
18.2478 9.79097e-010
18.5357 7.80596e-010
18.8235 8.81929e-010
19.1113 6.22809e-010
19.399 8.32033e-010
19.6866 1.11584e-009
19.9742 1.00186e-009
20.2617 7.54798e-010
20.5492 8.58383e-010
20.8365 1.08498e-009
21.1238 5.99541e-010
21.4111 8.64077e-010
21.6983 8.5508e-010
21.9854 6.59419e-010
22.2725 8.81025e-010
22.5595 7.624e-010
22.8465 1.05304e-009
23.1334 7.39275e-010
23.4202 1.02382e-009
23.707 6.68665e-010
23.9937 7.00818e-010
24.2804 8.16108e-010
24.567 7.9706e-010
24.8535 7.62689e-010
25.14 5.80306e-010
25.4265 8.0974e-010
25.7128 1.20972e-009
25.9991 5.08316e-010
26.2854 9.22759e-010
26.5716 6.30566e-010
26.8577 6.32907e-010
27.1438 1.02033e-009
27.4298 7.0394e-010
27.7157 1.10143e-009
28.0016 1.05195e-009
28.2874 4.89804e-010
28.5732 8.05473e-010
28.8589 5.25998e-010
29.1445 6.96871e-010
29.4301 1.02981e-009
29.7156 7.101e-010
30.0011 5.98897e-010
30.2865 5.62344e-010
30.5718 9.33208e-010
30.8571 6.47054e-010
31.1423 1.16347e-009
31.4274 7.93604e-010
31.7125 9.82928e-010
31.9975 7.45901e-010
32.2825 7.81485e-010
32.5674 6.96918e-010
32.8522 7.25208e-010
33.137 1.01621e-009
33.4217 9.19997e-010
33.7063 9.88552e-010
33.9909 6.26351e-010
34.2754 9.08788e-010
34.5599 8.7692e-010
34.8443 1.17112e-009
35.1286 1.13305e-009
35.4129 8.48371e-010
35.6971 1.10628e-009
35.9812 9.97025e-010
36.2653 8.68646e-010
36.5493 8.52946e-010
36.8332 9.72774e-010
37.1171 9.37633e-010
37.4009 7.07947e-010
37.6846 1.18532e-009
37.9683 7.68852e-010
38.252 6.82798e-010
38.5355 9.7829e-010
38.819 7.99969e-010
39.1024 7.7366e-010
39.3858 1.07102e-009
39.6691 7.0975e-010
39.9523 9.05846e-010
40.2354 9.0141e-010
40.5185 7.66248e-010
40.8016 7.05619e-010
41.0845 6.46877e-010
41.3674 8.90013e-010
41.6503 6.25729e-010
41.933 7.26257e-010
42.2158 6.61684e-010
42.4984 1.02412e-009
42.781 9.85712e-010
43.0635 8.18963e-010
43.3459 1.22186e-009
43.6283 7.84404e-010
43.9106 1.16677e-009
44.1929 1.11394e-009
44.4751 8.35163e-010
44.7572 1.06875e-009
45.0392 1.0935e-009
45.3212 7.13214e-010
45.6031 9.19877e-010
45.885 1.11312e-009
46.1668 1.08957e-009
46.4485 9.11134e-010
46.7301 1.04091e-009
47.0117 6.33745e-010
47.2932 8.39134e-010
47.5747 9.84964e-010
47.8561 8.29299e-010
48.1374 9.60325e-010
48.4186 1.09974e-009
48.6998 1.03522e-009
48.9809 1.02469e-009
49.262 6.33739e-010
49.5429 7.13392e-010
49.8239 9.2889e-010
50.1047 9.59425e-010
50.3855 9.05191e-010
50.6662 1.17829e-009
50.9468 1.08865e-009
51.2274 1.08602e-009
51.5079 1.08622e-009
51.7883 1.14886e-009
52.0687 8.55219e-010
52.349 1.02501e-009
52.6292 1.53464e-009
52.9094 9.64184e-010
53.1895 9.06141e-010
53.4695 9.42565e-010
53.7494 8.83105e-010
54.0293 9.30487e-010
54.3091 7.11172e-010
54.5889 1.08764e-009
54.8685 1.10031e-009
55.1481 8.38141e-010
55.4277 1.05958e-009
55.7071 1.10308e-009
55.9865 8.1934e-010
56.2658 1.03443e-009
56.5451 1.16705e-009
56.8243 8.38792e-010
57.1034 8.34108e-010
57.3824 1.06529e-009
57.6614 9.43373e-010
57.9403 1.25725e-009
58.2191 1.24541e-009
58.4979 1.05171e-009
58.7766 1.14152e-009
59.0552 1.22196e-009
59.3337 1.45142e-009
59.6122 8.49792e-010
59.8906 1.05969e-009
60.1689 9.43482e-010
60.4471 1.35957e-009
60.7253 1.29693e-009
61.0034 1.12613e-009
61.2815 1.02384e-009
61.5594 1.17691e-009
61.8373 1.23415e-009
62.1152 7.63056e-010
62.3929 1.23247e-009
62.6706 9.18327e-010
62.9482 1.17542e-009
63.2257 1.10451e-009
63.5032 1.047e-009
63.7805 1.28983e-009
64.0578 1.28239e-009
64.3351 1.11738e-009
64.6122 1.50025e-009
64.8893 1.46952e-009
65.1663 1.13242e-009
65.4433 1.39245e-009
65.7201 1.17854e-009
65.9969 9.31312e-010
66.2736 1.33938e-009
66.5503 8.29197e-010
66.8268 1.05049e-009
67.1033 1.12824e-009
67.3797 1.14904e-009
67.6561 1.41464e-009
67.9323 1.19224e-009
68.2076 2.3953e-008
68.4811 1.20473e-009
68.7471 6.18545e-007
69.0087 1.43612e-007
69.2535 9.77853e-010
69.4605 1.29458e-005
69.5571 7.01655e-006
69.6808 2.0351e-009
69.8043 1.81328e-009
69.9277 1.84977e-009
70.0509 2.05475e-009
70.1739 1.61062e-009
70.2968 1.74777e-009
70.4195 1.84729e-009
70.5418 9.27258e-009
70.6631 9.8197e-009
70.783 1.9047e-009
70.9019 2.70494e-008
71.0197 1.79465e-009
71.1361 3.79276e-008
71.2515 1.2852e-008
71.3664 1.55195e-009
71.4811 1.71189e-009
71.5957 1.47703e-009
71.7095 1.59387e-008
71.8214 1.80884e-009
71.929 2.52466e-007
72.0353 1.68917e-009
72.1361 3.83702e-007
72.2352 3.1327e-010
72.3293 3.40687e-007
72.4201 4.93917e-008
72.5089 1.25668e-009
72.5975 8.84373e-010
72.6861 1.8648e-010
72.7747 1.1166e-009
72.8631 1.01165e-009
72.9514 1.03583e-009
73.0397 9.27924e-010
73.128 4.82886e-010
73.2162 1.0661e-009
73.3042 1.28189e-009
73.3922 1.66322e-009
73.48 1.14654e-009
73.5676 1.15549e-009
73.6552 1.21493e-009
73.7426 1.39773e-009
73.8299 1.55928e-009
73.917 1.53264e-009
74.0041 8.63958e-011
74.091 1.45956e-009
74.1778 1.87189e-009
74.2643 1.2892e-009
74.3508 9.88146e-010
74.4372 1.53919e-009
74.5234 1.48944e-009
74.6095 1.21907e-009
74.6954 1.18443e-009
74.7813 1.36666e-009
74.867 1.29009e-009
74.9528 1.29766e-009
75.0385 1.42734e-009
75.1241 6.17578e-010
75.2098 1.0683e-009
75.2953 1.61058e-009
75.3807 1.57074e-009
75.466 1.55399e-009
75.5512 1.82332e-009
75.6363 1.38162e-009
75.7213 1.28706e-009
75.8061 1.59123e-009
75.8907 1.31566e-009
75.9753 8.72058e-010
76.0599 1.73717e-009
76.1443 1.33061e-009
76.2286 1.70091e-009
76.3127 1.64922e-009
76.3967 1.44587e-009
76.4805 1.73976e-009
76.5642 1.59348e-009
76.6478 1.5395e-009
76.7312 1.74173e-009
76.8144 1.38264e-009
76.897 8.86642e-006
76.9787 1.21322e-008
77.0591 0.000169038
77.1376 3.35107e-009
77.2149 3.58142e-008
77.288 0.00131108
77.3584 5.58267e-009
77.421 0.00243645
77.4535 9.08205e-006
77.4754 3.08067e-008
77.4973 3.0442e-009
77.5191 3.09412e-009
77.5408 3.00681e-009
77.5624 3.11707e-009
77.5839 3.02396e-009
77.6045 3.15039e-009
77.625 3.08143e-009
77.6454 3.39493e-009
77.6658 3.16888e-009
77.6857 1.45389e-008
77.7055 3.52808e-009
77.7252 3.42781e-009
77.7448 3.006e-009
77.7644 3.28664e-009
77.7839 3.38637e-009
77.8033 3.25606e-009
77.8226 3.86087e-009
77.8418 3.60276e-009
77.861 3.65223e-009
77.8801 3.61477e-009
77.8991 3.6046e-009
77.918 3.68977e-009
77.9368 3.71364e-009
77.9556 3.85446e-009
77.9743 3.90014e-009
77.9928 4.03284e-009
78.0111 3.26211e-007
78.0292 1.94477e-008
78.0466 4.07976e-009
78.064 4.30655e-009
78.0808 1.56925e-007
78.0973 4.13513e-009
78.1136 3.96602e-008
78.1293 4.20284e-009
78.1447 1.7008e-007
78.1599 4.00644e-009
78.175 3.98461e-009
78.19 3.76463e-009
78.205 3.82857e-009
78.2199 4.01239e-009
78.2346 3.66194e-009
78.2492 3.98753e-009
78.2637 4.1787e-009
78.278 4.19843e-009
78.2924 3.915e-009
78.3061 1.71338e-006
78.3191 4.21396e-009
78.3311 3.39674e-006
78.3418 4.3587e-009
78.3524 4.33762e-009
78.3615 3.12057e-006
78.3692 4.00899e-009
78.3768 4.2351e-009
78.3826 1.00894e-005
78.3871 3.67304e-009
78.3903 1.19307e-005
78.3931 3.20495e-009
78.3959 3.29612e-009
78.3986 3.05564e-009
78.401 3.33391e-009
78.4034 3.3119e-009
78.4057 3.44872e-009
78.4079 3.51802e-009
78.4098 3.25493e-009
78.4116 3.50569e-009
78.4129 3.28415e-009
78.4141 3.51714e-009
78.4153 3.47603e-009
78.4165 3.51544e-009
78.4174 3.48229e-009
78.4184 3.47844e-009
78.4192 3.44443e-009
78.42 3.46395e-009
78.4207 3.89867e-009
78.4208 3.53913e-009
78.4209 3.63372e-009
78.4209 3.67124e-009
78.4209 3.74508e-009
78.4208 3.25414e-009
78.4206 3.66101e-009
78.4204 3.99267e-009
78.4201 3.81614e-009
78.4198 3.75703e-009
78.4193 5.22332e-009
78.4184 3.93046e-009
78.4175 3.98389e-009
78.4166 4.06427e-009
78.4156 4.16173e-009
78.4145 4.13305e-009
78.4134 4.19965e-009
78.4122 3.70203e-009
78.4108 4.21062e-009
78.4093 4.27574e-009
78.4078 4.23855e-009
78.4062 4.32096e-009
78.4046 4.51336e-009
78.403 4.48815e-009
78.4013 4.39921e-009
78.3996 4.58443e-009
78.3978 4.60584e-009
78.3957 2.05035e-006
78.3935 4.0314e-009
78.3913 3.83615e-009
78.3888 5.24425e-007
78.3858 3.06649e-009
78.3828 2.86327e-009
78.3798 2.90317e-009
78.3767 3.01391e-009
78.3736 3.10542e-009
78.3697 2.88724e-006
78.3658 2.10622e-009
78.3618 2.0003e-009
78.3577 2.30579e-009
78.3537 2.12365e-009
78.3495 1.86761e-007
78.3447 1.76781e-009
78.3399 1.77009e-009
78.3351 1.78013e-009
78.3302 8.60851e-008
78.3249 1.59462e-009
78.3197 1.69655e-009
78.3144 1.61857e-009
78.3091 1.67188e-009
78.3038 1.59822e-009
78.2984 1.69663e-009
78.2931 1.71504e-009
78.2876 1.65184e-009
78.2822 1.60296e-009
78.2767 1.72521e-009
78.2712 1.74324e-009
78.2656 1.68288e-009
78.2601 1.70773e-009
78.2545 1.86597e-009
78.2489 1.93482e-009
78.2432 1.92334e-009
78.2375 1.84809e-009
78.2318 1.77024e-009
78.2261 1.87149e-009
78.2203 1.83026e-009
78.2146 1.76382e-009
78.2087 1.81084e-009
78.2029 1.90336e-009
78.197 1.90179e-009
78.1911 1.80665e-009
78.1852 1.83608e-009
78.1792 1.97866e-009
78.1732 1.96846e-009
78.1672 2.05449e-009
78.1612 1.87652e-009
78.1551 1.9061e-009
78.149 1.96617e-009
78.1428 1.47626e-007
78.1365 1.83703e-009
78.1302 1.78072e-009
78.1238 1.7053e-009
78.1174 1.86094e-009
78.1108 4.98512e-007
78.1041 1.55317e-009
78.0974 1.48258e-009
78.0907 1.36887e-009
78.0839 1.569e-009
78.0771 1.57054e-009
78.0702 1.63323e-009
78.0632 2.04252e-007
78.056 1.25899e-009
78.0488 1.23839e-009
78.0416 1.32974e-009
78.0343 1.22092e-009
78.0269 7.41767e-008
78.0194 1.05486e-009
78.0118 2.92435e-009
78.0039 9.19869e-010
77.996 9.45007e-010
77.9881 5.246e-008
77.9796 5.74348e-010
77.9712 6.76059e-010
77.9627 1.57618e-007
77.9541 6.39662e-010
77.9455 5.92347e-010
77.9369 6.24712e-010
77.9283 6.69225e-010
77.9194 2.44296e-007
77.9101 2.95891e-010
77.9009 2.26693e-010
77.8916 3.29149e-010
77.8823 4.02328e-010
77.8731 3.94682e-010
77.8638 2.19036e-010
77.8544 3.40172e-010
77.845 3.74803e-008
77.8352 2.22354e-010
77.8254 2.313e-010
77.8156 1.34721e-010
77.8058 2.1587e-010
77.7959 1.42708e-010
77.786 1.01484e-007
77.7759 1.83463e-010
77.7657 1.88136e-010
77.7556 2.44355e-010
77.7455 2.34483e-010
77.7353 3.24613e-010
77.7252 2.26521e-010
77.715 2.70424e-010
77.7048 2.59306e-010
77.6946 2.49933e-010
77.6844 1.9959e-010
77.6742 2.50321e-010
77.664 2.68796e-010
77.6538 2.53952e-010
77.6436 2.48108e-010
77.6333 1.60456e-010
77.6231 1.70081e-010
77.6128 1.55236e-010
77.6025 2.05822e-010
77.5923 1.44606e-010
77.5821 -2.27183e-009
77.5723 1.01188e-009
77.5624 1.78268e-010
77.5526 2.16605e-010
77.5427 1.2355e-010
77.5328 3.14027e-010
77.5229 2.21307e-010
77.5136 -1.48812e-009
77.5046 1.32706e-010
77.4956 2.03789e-010
77.4867 2.72322e-010
77.4777 2.07871e-010
77.4687 2.36004e-010
77.4597 2.2868e-010
77.4507 2.84959e-010
77.4417 2.84858e-010
77.4325 2.8068e-009
77.4241 1.19262e-009
77.4161 2.19258e-010
77.408 2.93729e-010
77.4 2.01559e-010
77.3919 1.89442e-010
77.3839 2.42106e-010
77.3758 1.52633e-010
77.3677 1.89613e-010
77.3596 2.18389e-010
77.3515 3.21258e-010
77.3442 3.04457e-009
77.337 1.97545e-010
77.3297 3.02236e-010
77.3224 2.24727e-010
77.3151 2.05642e-010
77.3078 9.56604e-011
77.3005 2.21358e-010
77.2934 -2.96623e-009
77.2864 1.18431e-010
77.2794 2.81719e-010
77.2724 5.00403e-010
77.2653 1.77872e-010
77.2582 2.59102e-009
77.251 1.93553e-010
77.2439 1.92225e-010
77.2367 3.73246e-010
77.2295 2.0729e-010
77.2223 1.83361e-010
77.2151 2.46184e-010
77.2079 2.04377e-010
77.2007 2.43051e-010
77.1935 2.52605e-010
77.1863 2.32915e-010
77.1791 2.62041e-010
77.1719 2.83877e-010
77.1646 2.2969e-010
77.1574 1.97302e-010
77.1502 1.82418e-010
77.1429 2.8332e-010
77.1357 1.43929e-010
77.1284 2.41654e-010
77.1211 1.29256e-010
77.1138 2.65032e-010
77.1066 2.13274e-010
77.0993 2.36614e-010
77.092 2.10105e-010
77.0847 2.31396e-010
77.0774 3.13462e-010
77.0701 1.67386e-010
77.0628 1.55592e-010
77.0554 1.75832e-010
77.0481 6.06914e-010
77.0407 1.97444e-010
77.0332 2.18074e-010
77.0258 2.36409e-010
77.0184 9.44569e-011
77.0109 3.51226e-010
77.0035 3.99426e-010
76.996 2.28018e-010
76.9885 1.81842e-010
76.981 2.3368e-010
76.9735 2.16678e-010
76.966 2.10454e-010
76.9585 2.77536e-010
76.951 2.63046e-010
76.9435 1.41466e-010
76.936 2.77328e-010
76.9285 1.82895e-010
76.9209 2.39821e-010
76.9134 2.65443e-010
76.9058 2.41144e-010
76.8983 2.33481e-010
76.8907 2.15003e-010
76.8832 2.64784e-010
76.8756 1.24691e-008
76.8679 2.19851e-010
76.8602 4.37263e-010
76.8524 2.16518e-010
76.8447 1.14465e-010
76.837 7.27027e-011
76.8292 1.48113e-010
76.8215 6.22684e-011
76.8137 1.09617e-010
76.8057 1.35394e-007
76.7977 2.68585e-011
76.7897 -5.31664e-012
76.7817 -9.81615e-011
76.7736 -3.39639e-011
76.7656 1.01616e-010
76.7576 8.8944e-011
76.7495 8.68816e-011
76.7415 1.46663e-010
76.7335 3.44791e-011
76.7254 -1.26654e-012
76.7174 1.45306e-012
76.7091 8.84963e-008
76.7007 4.01563e-011
76.6924 1.71898e-011
76.684 7.87495e-011
76.6756 5.46869e-011
76.6674 1.35935e-008
76.6596 -1.4067e-011
76.6518 -4.09397e-011
76.6441 4.23928e-011
76.6363 6.1517e-011
76.6291 6.3067e-009
76.6224 -6.40554e-012
76.6158 -1.10205e-011
76.6089 2.1307e-007
76.602 5.85487e-011
76.5951 -3.5822e-011
76.5882 -9.50529e-012
76.5821 1.04623e-007
76.5766 -6.37534e-011
76.5711 4.41975e-011
76.5657 -1.52376e-011
76.5601 1.61957e-009
76.5545 2.55458e-011
76.5489 -6.24501e-010
76.5445 3.78488e-011
76.54 2.23022e-011
76.5356 2.38387e-011
76.5311 3.78453e-011
76.527 -4.26147e-009
76.523 -8.17266e-011
76.5193 -5.35966e-009
76.5157 -9.90674e-012
76.512 1.06931e-010
76.5083 -9.94014e-011
76.5046 -7.8666e-011
76.5009 -1.99307e-012
76.4972 4.96314e-011
76.4936 2.35545e-012
76.4899 3.63301e-011
76.4862 7.90532e-011
76.4825 -3.78559e-011
76.4788 -4.17462e-011
76.4751 -7.90124e-012
76.4715 -1.60494e-011
76.4678 3.82077e-011
76.4641 -2.24052e-011
76.4604 8.97451e-011
76.4567 2.79989e-011
76.453 6.18972e-011
76.4495 -3.05189e-009
76.4461 -5.49214e-011
76.4427 4.52918e-011
76.4393 3.99876e-011
76.4359 8.41993e-013
76.4325 2.56668e-010
76.4291 3.86891e-011
76.4257 3.40279e-011
76.4222 1.09915e-009
76.4187 -1.06711e-010
76.4152 -4.30074e-011
76.4117 -2.25562e-011
76.4082 3.84599e-011
76.4047 -3.5369e-011
76.4012 1.41611e-011
76.3977 -2.77645e-012
76.3942 8.68638e-012
76.3907 3.66178e-011
76.3872 -8.08775e-012
76.3837 4.97167e-011
76.3804 -3.57397e-009
76.3773 2.86171e-011
76.3741 -3.17097e-011
76.371 -1.46214e-010
76.3679 -6.5425e-011
76.3647 7.18199e-011
76.3616 -2.51479e-011
76.3585 1.38686e-010
76.3553 -1.29319e-012
76.3522 5.71294e-011
76.3491 1.26441e-011
76.3459 -8.75477e-011
76.3428 5.28111e-012
76.3397 6.61817e-011
76.3366 -6.99574e-010
76.3336 -1.78275e-011
76.3307 -2.98622e-009
76.3279 5.28821e-012
76.3252 3.05533e-012
76.3224 1.18607e-011
76.3196 -3.60121e-011
76.3169 -2.69029e-011
76.3141 7.09832e-011
76.3114 -8.07212e-011
76.3086 -8.83809e-011
76.3059 -2.65228e-011
76.3031 -4.25668e-011
76.3004 -2.25562e-011
76.2976 -2.68496e-011
76.2948 -3.19673e-011
76.2921 7.6728e-011
76.2893 -2.32099e-011
76.2866 4.58282e-011
76.2838 -4.46772e-011
76.2811 -2.0588e-012
76.2783 -6.62705e-011
76.2756 -2.55831e-011
76.2728 4.3455e-011
76.27 6.79456e-012
76.2673 6.33857e-011
76.2647 -4.40856e-009
76.2622 1.64763e-009
76.2597 -5.6497e-011
76.2572 3.32001e-011
76.2546 -2.09912e-011
76.2521 4.61906e-011
76.2496 -2.18456e-011
76.2471 5.92433e-011
76.2445 2.89493e-011
76.242 -2.32472e-011
76.2395 1.34861e-011
76.237 1.31655e-010
76.2344 2.47624e-012
76.2319 7.71632e-011
76.2294 -4.15831e-010
76.227 3.38698e-011
76.2247 6.1906e-011
76.2223 -8.57199e-011
76.2199 4.6624e-011
76.2175 -7.61649e-011
76.2153 -3.99031e-009
76.2132 4.34497e-012
76.2112 6.35225e-012
76.2092 -2.59415e-009
76.2074 5.61382e-011
76.2055 3.61149e-010
76.2037 -7.47313e-012
76.2018 3.29941e-011
76.2 -1.03366e-009
76.1985 9.76108e-012
76.1969 -5.25144e-011
76.1954 -1.60618e-011
76.1939 4.63345e-011
76.1924 -1.0165e-010
76.1909 -2.66454e-014
76.1894 -7.0008e-011
76.1879 -1.1015e-009
76.1867 4.03375e-011
76.1855 6.45706e-012
76.1844 -1.59397e-009
76.1833 2.55795e-011
76.1822 -8.72191e-012
76.1812 -2.55049e-009
76.1803 -1.62093e-011
76.1793 -6.24638e-011
76.1784 3.11093e-011
76.1774 1.60938e-011
76.1765 -8.07017e-011
76.1755 5.41505e-011
76.1746 -3.06262e-011
76.1736 -2.89191e-012
76.1727 1.41563e-010
76.1717 7.50084e-011
76.1708 -8.21618e-011
76.1698 -2.68852e-011
76.1689 -3.02691e-012
76.1679 1.9174e-011
76.167 5.58913e-011
76.166 6.65104e-011
76.1652 -2.52121e-009
76.1644 -6.96811e-011
76.1637 2.64926e-011
76.1629 -1.33742e-011
76.1622 4.25917e-011
76.1614 -4.65015e-011
76.1608 -3.33141e-009
76.1604 4.46967e-011
76.1601 -1.30793e-011
76.1597 -3.76588e-013
76.1594 -9.68932e-011
76.159 1.44412e-010
76.1587 6.30855e-011
76.1583 1.46514e-011
76.158 -6.71125e-011
76.1578 -4.18848e-009
76.158 5.19442e-011
76.1581 2.57092e-011
76.1582 1e-010
76.1583 9.89431e-011
76.1584 9.40634e-011
76.1585 6.7768e-012
76.1587 -2.44267e-011
76.1588 -1.32279e-009
76.1594 1.21361e-011
76.1599 8.27889e-011
76.1604 -3.97584e-011
76.1609 -1.95133e-011
76.1614 1.38787e-011
76.1621 -2.24476e-009
76.1628 8.94733e-011
76.1635 -6.28475e-011
76.1642 6.60805e-012
76.1649 -7.12497e-011
76.1656 -2.56577e-011
76.1663 -1.15907e-011
76.167 -6.66738e-011
76.1677 -3.89573e-011
76.1684 -7.47455e-011
76.1691 -1.30473e-011
76.1698 1.93623e-012
76.1705 2.67466e-011
76.1712 4.55458e-012
76.1719 9.40581e-012
76.1726 -1.07423e-010
76.1733 -3.87601e-012
76.174 5.04308e-012
76.1747 -4.96776e-011
76.1754 9.86962e-011
76.1761 -8.33271e-011
76.1768 -5.60458e-011
76.1775 5.23812e-011
76.1782 -1.29585e-011
76.1789 1.63958e-011
76.1796 8.87379e-011
76.1803 6.85283e-011
76.181 8.68638e-012
76.1817 -1.91758e-011
76.1824 1.98099e-011
76.1831 1.02311e-010
76.1838 -1.61524e-011
76.1845 1.92717e-011
76.1852 -1.40028e-010
76.186 -2.25668e-011
76.1867 2.39897e-011
76.1874 -2.95977e-011
76.1881 -4.36948e-011
76.1888 -5.15801e-011
76.1895 1.12268e-010
76.1902 -9.43103e-011
76.1909 -1.97389e-011
76.1916 2.01617e-012
76.1923 3.36318e-011
76.193 3.03473e-011
76.1937 -5.11555e-011
76.1944 6.38902e-011
76.1951 1.19645e-010
76.1958 -2.15188e-011
76.1965 6.95266e-012
76.1972 -3.60121e-011
76.1979 8.61e-012
76.1986 1.3749e-012
76.1993 1.10347e-011
76.2001 -1.45395e-011
76.2008 -4.19575e-012
76.2015 -9.05356e-011
76.2022 6.32845e-011
76.2029 -5.17204e-011
76.2036 2.61124e-012
76.2043 5.9277e-012
76.205 4.7784e-013
76.2057 -2.70166e-011
76.2064 -3.36158e-011
76.2071 4.73683e-011
76.2078 -1.94813e-011
76.2085 3.46674e-011
76.2092 5.75611e-011
76.2099 2.60787e-011
76.2106 -9.53904e-012
76.2114 -6.7832e-011
76.2121 8.95799e-011
76.2128 4.58122e-011
76.2135 5.76357e-011
76.2142 -2.09592e-011
76.2148 -5.01517e-009
76.2155 6.0032e-011
76.2161 6.448e-011
76.2168 -4.91642e-011
76.2174 1.79377e-011
76.2181 1.39512e-010
76.2188 6.87894e-011
76.2194 7.29585e-011
76.2201 -6.40927e-011
76.2207 -8.07443e-011
76.2214 9.52003e-011
76.222 5.29354e-013
76.2227 -1.01551e-010
76.2233 -7.47562e-011
76.224 3.55271e-014
76.2246 4.3233e-011
76.2253 6.34657e-011
76.2258 -6.74311e-009
76.2263 8.23892e-011
76.2268 6.30909e-011
76.2273 -4.52616e-011
76.2278 2.89173e-011
76.2283 -4.00018e-011
76.2288 1.94493e-011
76.2293 8.32578e-012
76.2298 1.5115e-011
76.2303 1.08249e-010
76.2308 -2.34213e-011
76.2313 -6.14069e-011
76.2318 -9.87832e-012
76.2323 -7.5989e-011
76.2328 -1.04432e-011
76.2333 -3.72751e-011
76.2338 1.21052e-010
76.2343 -1.27066e-010
76.2348 -4.87113e-011
76.2353 -5.08749e-012
76.2358 1.90177e-011
76.2363 -1.52305e-011
76.2368 -5.78702e-011
76.2373 1.89445e-009
76.2376 -1.53086e-011
76.2379 4.23555e-011
76.2382 4.09557e-011
76.2385 -2.54303e-011
76.2388 -1.87583e-012
76.2391 -3.3932e-011
76.2394 -4.5759e-011
76.2397 3.18892e-011
76.24 -3.37508e-013
76.2403 -1.46471e-010
76.2406 3.37366e-011
76.241 5.35145e-011
76.2413 4.54676e-011
76.2416 -3.16689e-011
76.2419 -3.18856e-011
76.2422 -1.19478e-011
76.2425 -2.75513e-011
76.2428 -4.31655e-012
76.2431 -5.7657e-011
76.2434 -3.69198e-011
76.2437 5.37526e-012
76.244 9.00044e-011
76.2443 3.09299e-011
76.2446 -2.15863e-011
76.245 -5.00471e-011
76.2453 6.47375e-011
76.2456 4.18794e-011
76.2459 4.29523e-011
76.2461 3.60171e-010
76.2463 1.98987e-011
76.2464 2.22187e-011
76.2466 1.02887e-011
76.2467 7.35731e-011
76.2469 5.20295e-011
76.247 3.28662e-011
76.2472 1.58842e-011
76.2473 5.92486e-011
76.2475 1.65556e-012
76.2476 3.21094e-011
76.2478 -4.25473e-011
76.2479 9.39622e-011
76.2481 6.19309e-011
76.2482 -4.43805e-011
76.2483 9.04414e-011
76.2485 -3.41061e-012
76.2486 -4.28848e-011
76.2488 3.65112e-011
76.2489 -4.63061e-011
76.2491 -1.41043e-012
76.2492 -2.56389e-009
76.2492 -3.30047e-012
76.2493 -8.64375e-012
76.2493 -2.27018e-011
76.2493 5.32019e-011
76.2494 -3.36655e-011
76.2494 1.40616e-011
76.2494 -4.16875e-011
76.2494 -5.74829e-012
76.2494 -3.00808e-011
76.2494 -3.3225e-011
76.2494 -1.26015e-011
76.2495 -4.01457e-013
76.2495 -6.78568e-013
76.2495 2.75229e-011
76.2495 -3.7236e-011
76.2495 1.87228e-012
76.2495 3.56373e-011
76.2495 -1.62821e-011
76.2495 4.06075e-012
76.2495 1.77991e-011
76.2495 2.75229e-011
76.2495 5.42606e-011
76.2495 -5.39764e-011
76.2495 -5.85203e-011
76.2496 3.93818e-011
76.2495 -1.3544e-010
76.2495 2.79528e-011
76.2494 1.9682e-012
76.2493 -5.21894e-011
76.2493 4.43023e-011
76.2492 2.31815e-011
76.2491 1.112e-011
76.2491 4.36451e-011
76.249 -5.72768e-011
76.2489 2.41585e-011
76.2489 -1.53833e-012
76.2488 1.4893e-011
76.2487 3.31575e-011
76.2487 -5.52802e-012
76.2486 1.03562e-011
76.2485 2.73381e-011
76.2485 -5.26832e-011
76.2484 -3.19744e-013
76.2483 1.61435e-011
76.2483 -1.04947e-011
76.2482 -4.00675e-011
76.2481 5.34719e-011
76.2481 -2.97717e-011
76.248 4.79012e-011
76.248 -4.53397e-011
76.2479 3.66036e-011
76.2478 -5.96252e-011
76.2478 5.08749e-012
76.2476 1.38618e-009
76.2475 -1.22675e-011
76.2473 -9.80549e-013
76.2472 -2.089e-011
76.247 -3.56337e-012
76.2469 6.672e-012
76.2467 2.98037e-011
76.2466 -3.15481e-012
76.2464 8.13216e-012
76.2462 -1.17772e-011
76.2461 -5.47686e-011
76.2459 -2.88871e-011
76.2458 -1.96145e-011
76.2456 -3.06457e-011
76.2455 -2.67555e-011
76.2453 8.6537e-011
76.2452 -5.1525e-011
76.245 -1.76925e-011
76.2449 -1.47438e-012
76.2447 -1.95115e-011
76.2446 -4.89138e-011
76.2444 2.14158e-011
76.2443 2.67342e-011
76.2441 -2.94449e-011
76.2439 1.36069e-011
76.2438 3.53211e-011
76.2436 2.46665e-011
76.2435 -1.41753e-011
76.2433 3.44436e-011
76.2432 1.3145e-013
76.243 4.27441e-010
76.2428 -8.07177e-012
76.2425 3.75522e-012
76.2423 5.58451e-011
76.2421 -4.26752e-011
76.2419 -9.64562e-012
76.2416 -2.00764e-011
76.2414 6.66844e-012
76.2412 -8.47677e-012
76.2409 -8.13074e-011
76.2407 6.4837e-012
76.2405 2.61444e-011
76.2403 1.87654e-011
76.24 9.84457e-012
76.2398 6.85638e-011
76.2396 -2.61089e-011
76.2393 3.05533e-013
76.2391 -1.49178e-011
76.2389 -1.26761e-011
76.2387 8.52651e-014
76.2384 -8.26006e-012
76.2382 -3.61702e-010
76.2379 1.50457e-011
76.2376 3.7975e-011
76.2374 4.06075e-012
76.2371 4.02416e-011
76.2368 -1.78275e-011
76.2365 8.56559e-012
76.2363 -4.3805e-012
76.236 3.86322e-011
76.2357 3.76232e-012
76.2355 2.91749e-011
76.2352 -4.92406e-012
76.2349 -9.31522e-012
76.2347 -2.37144e-011
76.2344 8.21387e-012
76.2341 -2.6219e-012
76.2338 4.38369e-011
76.2336 -3.33884e-011
76.2333 1.12266e-012
76.233 1.89608e-011
76.2328 -1.50209e-011
76.2325 -6.09219e-011
76.2322 3.2216e-011
76.232 6.53699e-013
76.2317 -2.18741e-011
76.2314 -2.06377e-011
76.2311 7.30083e-012
76.2309 -2.0318e-011
76.2306 -5.88152e-011
76.2303 -3.0127e-012
76.2301 -3.15943e-011
76.2298 3.39995e-012
76.2295 1.36744e-011
76.2293 9.031e-012
76.229 3.36655e-011
76.2287 -3.01164e-011
76.2285 -7.15872e-012
76.2282 -1.46336e-011
76.2279 -7.39675e-012
76.2277 -2.1064e-011
76.2274 -4.44409e-011
76.2271 1.40439e-011
76.2269 2.53877e-011
76.2266 5.37881e-012
76.2263 -5.09814e-012
76.2261 -3.48663e-011
76.2258 8.48388e-012
76.2255 -3.69837e-012
76.2252 2.99529e-011
76.225 -2.18634e-011
76.2247 3.7037e-011
76.2244 2.40661e-011
76.2242 -2.62784e-010
76.2239 2.18137e-012
76.2236 7.10401e-011
76.2234 -8.45546e-012
76.2231 -2.55866e-011
76.2228 -3.36868e-011
76.2226 1.36353e-011
76.2223 8.40217e-012
76.222 3.38574e-011
76.2217 -3.39497e-011
76.2215 -6.62936e-012
76.2212 3.61311e-012
76.2209 -3.07629e-011
76.2207 1.90461e-011
76.2204 -1.03668e-011
76.2201 -7.8586e-012
76.2199 5.79305e-011
76.2196 1.9714e-011
76.2193 2.10179e-011
76.219 1.74296e-011
76.2188 -1.355e-011
76.2185 3.72324e-012
76.2182 1.16209e-011
76.218 -4.22382e-011
76.2177 2.52776e-011
76.2174 8.00071e-012
76.2172 -4.0604e-011
76.2169 -3.94813e-011
76.2166 -2.30713e-011
76.2164 6.78035e-011
76.2161 3.90195e-011
76.2158 -1.22711e-011
76.2156 -4.38227e-011
76.2153 1.95755e-011
76.215 4.23128e-012
76.2148 1.94689e-011
76.2145 2.67164e-012
76.2142 6.79989e-012
76.2139 1.52802e-011
76.2137 -2.49152e-011
76.2134 -5.50671e-012
76.2131 -1.54898e-012
76.2129 2.71463e-011
76.2126 -1.41824e-011
76.2123 2.79243e-012
76.2121 -1.88649e-011
76.2118 -3.61524e-011
76.2115 9.27969e-012
76.2113 1.35962e-011
76.211 -2.04423e-011
76.2107 -3.01057e-011
76.2105 -3.8419e-011
76.2102 8.87113e-012
76.2099 1.1557e-011
76.2097 -3.8586e-011
76.2094 -5.09459e-012
76.2091 7.5957e-012
76.2089 2.70894e-011
76.2086 -2.32063e-011
76.2083 -9.65628e-012
76.2081 3.54454e-011
76.2078 -1.39053e-011
76.2075 2.39417e-011
76.2073 -5.64881e-012
76.207 2.72138e-011
76.2067 -5.46159e-011
76.2065 -1.72911e-011
76.2062 -1.20437e-011
76.2059 -3.62377e-012
76.2057 2.07372e-011
76.2054 1.37845e-011
76.2052 -3.12106e-011
76.2049 -2.10285e-011
76.2046 -2.91784e-011
76.2044 2.18634e-011
76.2041 -7.2049e-012
76.2038 -7.44649e-012
76.2036 -1.45874e-011
76.2033 3.17328e-011
76.203 -6.91358e-012
76.2028 1.23137e-011
76.2025 3.42943e-011
76.2022 -5.35039e-012
76.202 2.49401e-011
76.2017 4.52545e-011
76.2014 -5.4392e-012
76.2012 -1.89715e-012
76.2009 -3.31823e-012
76.2007 -2.65388e-011
76.2004 -2.03251e-011
76.2001 -5.11591e-013
76.1999 7.06635e-012
76.1996 1.41895e-011
76.1993 3.89733e-012
76.1991 -1.13758e-011
76.1988 1.82361e-011
76.1985 -8.63309e-012
76.1983 3.2724e-011
76.198 3.62874e-011
76.1978 -8.74323e-012
76.1975 7.94387e-012
76.1972 -4.50733e-011
76.197 1.71276e-011
76.1967 -4.4647e-011
76.1964 -4.41602e-012
76.1962 -3.67706e-012
76.1959 3.74349e-011
76.1957 -6.67555e-012
76.1954 8.52651e-014
76.1951 -9.51061e-012
76.1949 -5.33973e-011
76.1946 -2.63505e-011
76.1943 1.44347e-011
76.1941 -1.95186e-011
76.1938 -3.26921e-011
76.1936 1.16529e-012
76.1933 -1.4996e-011
76.193 -7.64189e-012
76.1928 1.32694e-011
76.1925 2.16183e-011
76.1922 -1.10738e-011
76.192 1.5639e-011
76.1917 -1.93445e-011
76.1915 1.30598e-011
76.1912 -3.99503e-011
76.1909 -3.71863e-011
76.1907 2.28475e-011
76.1904 9.2335e-012
76.1902 -1.84777e-011
76.1899 -4.27463e-011
76.1896 4.69349e-011
76.1894 2.70681e-011
76.1891 -4.64837e-011
76.1889 6.31886e-011
76.1886 1.95755e-012
76.1883 -1.89146e-011
76.1881 5.36104e-012
76.1878 -1.06475e-011
76.1876 -1.58451e-011
76.1873 -6.34728e-011
76.187 -1.65556e-012
76.1868 -2.74376e-011
76.1865 -1.84528e-011
76.1863 5.79092e-013
76.186 6.18883e-012
76.1857 9.52127e-012
76.1855 -1.4758e-011
76.1852 -6.57963e-012
76.1847 0.0173907
76.1842 0.000542308
76.1836 8.11998e-010
76.183 -4.17124e-011
76.1824 -2.67839e-011
76.1818 -1.82609e-011
76.1812 1.6346e-011
76.1807 1.43459e-011
76.1801 -3.47633e-011
76.1795 2.44853e-011
76.1789 -4.88818e-011
76.1783 6.26699e-012
76.1777 -5.21183e-012
76.1771 2.37428e-011
76.1766 2.28226e-011
76.176 -7.66676e-012
76.1754 1.82183e-011
76.1748 -2.91571e-011
76.1742 3.26921e-011
76.174 0.0623203
76.1738 0.391062
76.1735 0.0926029
76.1735 1.25479
76.1732 0.187466
76.1729 0.243123
76.1726 0.311694
76.1723 0.389895
76.172 0.478091
76.1717 0.5774
76.1714 0.689199
76.171 0.815063
76.1707 0.956772
76.1703 1.11633
76.1698 1.29602
76.1694 1.49839
76.1689 1.72633
76.1683 1.91705
76.1678 2.0939
76.1673 2.27766
76.1668 2.47395
76.1662 2.68454
76.1656 2.91065
76.1649 3.15345
76.1643 3.41422
76.1636 3.69436
76.1628 3.89487
76.1631 4.00614
76.1627 4.06874
76.1622 4.12263
76.1618 4.05418
76.0467 -0.000238358
76.0641 4.14329e-007
76.0816 -5.70646e-007
76.1055 -3.46034e-012
76.1294 9.7522e-012
76.1461 -1.10551e-006
76.1458 -7.64189e-012
76.1456 -1.24807e-011
76.1454 7.7307e-012
76.1451 2.35527e-010
76.1449 1.10525e-011
76.1446 7.95097e-011
76.1444 1.45668e-010
76.1441 4.63984e-012
76.1439 -2.24887e-012
76.1436 3.8181e-011
76.1433 -2.21689e-012
76.1431 -4.30944e-012
76.1428 4.50839e-012
76.1425 -1.37987e-011
76.1423 -3.26494e-011
76.142 9.74509e-012
76.1418 -9.20863e-012
76.1415 -4.28813e-012
76.1412 1.84883e-011
76.141 4.40892e-012
76.1407 -6.20549e-010
76.1406 -7.53175e-012
76.1404 2.2002e-011
76.1403 2.942e-011
76.1401 -5.15143e-013
76.14 -2.18208e-011
76.1398 2.83507e-012
76.1396 1.94262e-011
76.1395 1.47047e-011
76.1393 2.16716e-012
76.1392 6.92424e-012
76.139 5.72697e-012
76.1389 2.01119e-011
76.1387 3.6561e-011
76.1385 -6.00409e-012
76.1384 -2.00764e-011
76.1382 -1.45555e-011
76.1381 -5.62395e-012
76.1379 -4.51905e-012
76.1378 8.3844e-013
76.1376 -2.32347e-012
76.1375 -3.11466e-011
76.1373 2.90328e-011
76.1371 -9.85523e-012
76.137 5.09814e-012
76.1368 -3.53424e-011
76.1367 -2.02007e-011
76.1365 4.26681e-012
76.1364 -2.32809e-011
76.1362 -2.77538e-011
76.1361 -3.82983e-011
76.1359 2.28013e-011
76.1358 -1.3717e-011
76.1356 -2.06946e-011
76.1354 2.25775e-011
76.1353 -1.38876e-011
76.1351 -1.27898e-013
76.135 -1.84386e-011
76.1348 -2.27374e-011
76.1347 -3.38858e-011
76.1345 -4.38298e-011
76.1344 -3.2081e-011
76.1342 -3.36584e-011
76.1341 -2.1565e-012
76.1339 -3.04468e-011
76.1337 -7.80176e-012
76.1336 -2.55369e-011
76.1334 -5.04485e-012
76.1333 -6.57963e-012
76.1331 1.18092e-011
76.1329 -2.18989e-011
76.1328 -2.45635e-011
76.1326 -6.04672e-012
76.1324 2.51532e-012
76.1323 -2.02505e-013
76.1321 -1.10134e-012
76.1319 1.98384e-011
76.1318 -1.24842e-011
76.1316 1.4289e-011
76.1315 -1.91633e-011
76.1313 2.14797e-011
76.1311 1.9206e-011
76.131 -6.13198e-012
76.1308 -8.23519e-012
76.1306 1.4456e-011
76.1305 9.9476e-014
76.1303 5.02709e-012
76.1302 9.65628e-012
76.13 6.02896e-012
76.1298 -3.05214e-011
76.1297 5.7554e-013
76.1295 -2.11315e-011
76.1293 -6.98819e-012
76.1292 5.47118e-012
76.129 1.08571e-011
76.1289 -9.8197e-012
76.1287 -2.72529e-011
76.1285 3.11573e-012
76.1284 -1.9682e-012
76.1282 9.26903e-012
76.1281 -3.77298e-012
76.1279 -1.20188e-011
76.1277 8.98481e-012
76.1276 7.59215e-012
76.1274 -2.54374e-012
76.1272 -6.03961e-012
76.1271 -1.16103e-011
76.1269 1.03704e-011
76.1268 1.1795e-012
76.1266 2.84821e-011
76.1264 2.76259e-011
76.1263 6.39133e-012
76.1261 1.20721e-011
76.126 3.7943e-012
76.1258 1.86589e-011
76.1256 -1.4321e-011
76.1255 2.83933e-011
76.1253 2.60236e-011
76.1252 4.41247e-012
76.125 -9.64917e-012
76.1248 2.53024e-011
76.1247 -1.66054e-011
76.1245 1.31664e-011
76.1244 -6.03961e-014
76.1242 6.70042e-012
76.124 -1.76179e-011
76.1239 -2.34479e-012
76.1237 -1.9142e-011
76.1236 2.61267e-011
76.1234 -9.15179e-012
76.1232 3.15303e-011
76.1231 1.4726e-011
76.1229 -2.73062e-011
76.1228 1.07327e-011
76.1226 -1.18163e-011
76.1225 -1.09779e-011
76.1223 1.12266e-012
76.1221 1.52944e-011
76.122 -1.37312e-011
76.1218 -1.16422e-011
76.1217 -9.89431e-012
76.1215 -8.61178e-012
76.1213 -1.48219e-011
76.1212 1.30314e-011
76.121 2.18847e-012
76.1209 1.36531e-011
76.1207 2.90612e-011
76.1206 -3.30402e-012
76.1204 1.04414e-011
76.1202 -7.49623e-013
76.1201 -6.02185e-012
76.1199 -1.24878e-011
76.1198 5.87264e-012
76.1196 3.89733e-012
76.1195 5.25091e-012
76.1193 3.25997e-011
76.1191 2.78888e-012
76.119 2.66454e-013
76.1188 8.72902e-012
76.1187 -3.87601e-012
76.1185 -1.5298e-011
76.1184 7.26885e-012
76.1182 3.255e-011
76.118 2.78177e-012
76.1179 -1.03348e-011
76.1177 -1.08038e-011
76.1176 7.34346e-012
76.1174 3.51434e-011
76.1173 -1.9952e-011
76.1171 -1.35998e-011
76.117 -3.75913e-011
76.1168 -1.52198e-011
76.1166 2.97149e-011
76.1165 -1.64029e-011
76.1163 -6.48015e-012
76.1162 -2.33769e-012
76.116 -2.37286e-011
76.1159 -1.29319e-012
76.1157 6.8674e-012
76.1156 3.02656e-011
76.1154 9.01679e-012
76.1152 3.75167e-011
76.1151 5.33262e-012
76.1149 1.86162e-012
76.1148 2.413e-011
76.1146 3.22089e-011
76.1145 8.34177e-012
76.1143 3.43547e-012
76.1142 -2.92744e-012
76.114 1.4392e-011
76.1138 -1.42819e-012
76.1137 3.86109e-011
76.1135 -2.41869e-011
76.1134 1.99627e-011
76.1132 -2.03677e-011
76.1131 1.57492e-011
76.1129 -1.74474e-011
76.1128 -1.31628e-011
76.1126 1.38236e-011
76.1125 -7.19425e-012
76.1123 -2.38742e-012
76.1121 -1.30491e-011
76.112 2.8102e-011
76.1118 -8.13927e-012
76.1117 -7.58149e-012
76.1115 1.19051e-011
76.1114 8.41212e-011
76.1112 -3.71152e-011
76.111 -3.64899e-011
76.1109 -3.16085e-011
76.1107 -3.52465e-011
76.1106 -5.4019e-011
76.1104 3.77902e-011
76.1102 1.26121e-012
76.1101 3.66214e-011
76.1099 5.87903e-010
76.1097 -9.53193e-012
76.1095 -4.75353e-012
76.1093 5.33262e-012
76.1091 7.65965e-012
76.1089 1.57847e-011
76.1087 1.19336e-011
76.1085 -2.16005e-012
76.1083 -2.25597e-012
76.1081 -2.46558e-012
76.1079 1.06084e-011
76.1077 -6.42686e-012
76.1075 9.15179e-012
76.1073 -2.56861e-012
76.1071 7.78044e-012
76.1069 -1.23244e-011
76.1067 5.97566e-012
76.1065 4.88853e-012
76.1063 -2.30571e-012
76.1061 -1.39586e-011
76.1059 1.11839e-011
76.1057 2.17781e-012
76.1055 -4.24659e-010
76.1053 -9.55325e-012
76.1051 -1.28821e-011
76.1049 -1.03846e-011
76.1047 1.73657e-011
76.1045 8.31335e-013
76.1043 5.8229e-012
76.1041 -3.25784e-012
76.1039 -2.29505e-012
76.1037 4.47642e-012
76.1035 -6.58318e-012
76.1033 -4.73932e-012
76.1031 -2.7562e-011
76.1029 1.54259e-011
76.1028 -1.73983e-009
76.1026 -4.01812e-012
76.1025 -1.26832e-011
76.1024 -1.36069e-012
76.1022 -4.73221e-012
76.1021 -2.92388e-012
76.1019 -5.60618e-012
76.1018 -2.27374e-013
76.1017 -2.03677e-011
76.1015 -9.0985e-012
76.1014 4.85443e-011
76.1013 2.73914e-012
76.1011 2.96652e-012
76.101 -1.5298e-011
76.1009 5.55644e-012
76.1007 8.61533e-012
76.1006 2.23821e-011
76.1004 -6.41975e-012
76.1003 2.16929e-011
76.1002 1.18305e-011
76.1 -1.27542e-012
76.0999 -6.85318e-012
76.0998 1.41149e-011
76.0996 6.38067e-012
76.0995 1.01252e-011
76.0994 1.44809e-011
76.0992 -2.14015e-011
76.0991 -2.04139e-011
76.0989 -1.72022e-011
76.0988 2.53664e-012
76.0987 1.193e-011
76.0985 -1.97531e-012
76.0984 7.24754e-013
76.0983 -6.22435e-012
76.0981 -5.4925e-012
76.098 -1.12408e-011
76.0979 1.24771e-011
76.0977 6.48726e-012
76.0976 -1.71738e-011
76.0975 -5.20828e-012
76.0973 1.49925e-012
76.0972 -2.6148e-012
76.0971 3.9293e-012
76.0969 -1.99734e-011
76.0968 1.29035e-011
76.0966 -1.71028e-011
76.0965 -1.61009e-011
76.0964 -1.06297e-011
76.0962 -9.13758e-012
76.0961 -5.55644e-012
76.096 1.21076e-011
76.0958 -9.98313e-012
76.0957 -1.58522e-011
76.0956 -2.82796e-012
76.0954 1.15605e-011
76.0953 -3.46034e-012
76.0952 1.19726e-011
76.095 -4.12825e-012
76.0949 -1.22071e-011
76.0948 9.23706e-012
76.0946 7.77334e-012
76.0945 -4.718e-012
76.0944 -3.78009e-012
76.0942 -2.09823e-011
76.0941 -1.10134e-011
76.094 3.32534e-012
76.0938 -3.49587e-012
76.0937 1.73515e-011
76.0936 1.9007e-011
76.0934 6.79279e-012
76.0933 -1.13758e-011
76.0932 -1.112e-011
76.093 -3.2685e-012
76.0929 -1.69322e-011
76.0928 -1.39053e-011
76.0927 5.98277e-012
76.0925 -1.44667e-011
76.0924 -6.46594e-013
76.0923 -3.97904e-013
76.0921 -6.94911e-012
76.092 1.15534e-011
76.0919 2.30216e-012
76.0917 1.09708e-011
76.0916 -1.72093e-011
76.0915 1.25979e-011
76.0913 1.42322e-011
76.0912 -1.17026e-011
76.0911 1.03171e-011
76.0909 1.61293e-011
76.0908 1.60156e-011
76.0907 -1.8332e-011
76.0905 -7.29727e-012
76.0904 1.89715e-012
76.0903 1.15108e-012
76.0902 1.55609e-012
76.09 -1.00826e-011
76.0899 4.19931e-012
76.0898 6.75726e-012
76.0896 -9.4289e-012
76.0895 2.04636e-011
76.0894 1.33866e-011
76.0892 1.8737e-011
76.0891 1.46514e-011
76.089 2.359e-012
76.0889 8.7752e-012
76.0887 1.14184e-011
76.0886 -1.76854e-011
76.0885 -8.99547e-012
76.0883 5.56355e-012
76.0882 8.55493e-012
76.0881 -6.57252e-012
76.0879 2.33769e-012
76.0878 -6.89226e-013
76.0877 -8.26859e-011
76.0876 -2.97007e-012
76.0875 -7.42517e-012
76.0873 -3.41771e-012
76.0872 -1.79128e-011
76.0871 2.02505e-012
76.087 -5.81224e-012
76.0869 -8.58336e-012
76.0868 -1.35216e-011
76.0866 -1.15108e-012
76.0865 1.41611e-011
76.0864 6.48726e-012
76.0863 3.93641e-012
76.0862 -1.00044e-011
76.0861 2.11813e-011
76.086 -3.75877e-012
76.0858 -8.36309e-012
76.0857 1.1589e-011
76.0856 -8.14282e-012
76.0855 -6.53699e-012
76.0854 1.66551e-011
76.0853 -4.85301e-012
76.0852 -1.70601e-011
76.085 -1.85452e-012
76.0849 1.7053e-013
76.0848 5.20828e-012
76.0847 -4.83169e-012
76.0846 3.72324e-012
76.0845 -8.2494e-012
76.0844 6.55831e-012
76.0842 -1.25695e-011
76.0841 -1.67901e-011
76.084 -6.61515e-012
76.0839 1.5639e-011
76.0838 1.32303e-011
76.0837 -4.24905e-012
76.0836 -3.06954e-012
76.0834 -1.96749e-011
76.0833 -7.30438e-012
76.0832 -1.42819e-011
76.0831 -3.13349e-012
76.083 -2.63611e-012
76.0829 4.26326e-013
76.0828 -5.25802e-013
76.0827 1.96962e-011
76.0826 -4.33381e-010
76.0825 -7.95097e-012
76.0824 -6.08225e-012
76.0823 -2.0016e-011
76.0822 1.03952e-011
76.0821 3.80851e-012
76.082 -8.61888e-012
76.0819 6.78568e-012
76.0819 -8.82494e-012
76.0818 -5.61329e-013
76.0817 -1.17168e-011
76.0816 -1.0786e-011
76.0815 1.09495e-011
76.0814 1.15605e-011
76.0813 8.83915e-012
76.0812 1.56888e-011
76.0812 -4.35563e-012
76.0811 9.64917e-012
76.081 5.79092e-012
76.0809 -1.72733e-011
76.0808 -7.81597e-013
76.0807 3.04112e-012
76.0806 2.8777e-012
76.0805 1.78346e-012
76.0805 -5.74829e-012
76.0804 4.39115e-012
76.0803 6.72173e-012
76.0802 7.26175e-012
76.0801 1.61933e-011
76.08 -3.82983e-012
76.0799 1.59091e-011
76.0798 -6.52278e-012
76.0798 4.88853e-012
76.0797 3.30402e-012
76.0796 -1.34293e-012
76.0795 -1.87086e-011
76.0794 5.09459e-012
76.0793 3.34666e-012
76.0792 -1.55111e-011
76.0792 -1.43885e-011
76.0791 -1.03384e-011
76.079 -1.29106e-011
76.0789 -3.28271e-012
76.0788 1.15037e-011
76.0787 1.3145e-011
76.0786 5.3717e-012
76.0786 -1.08145e-011
76.0785 -2.8777e-012
76.0784 -1.37206e-011
76.0783 9.86944e-012
76.0782 -1.10134e-012
76.0781 -2.10818e-011
76.0781 2.67875e-012
76.078 -1.14824e-011
76.0779 -1.24274e-011
76.0778 1.40474e-011
76.0777 -8.88178e-012
76.0776 2.45137e-012
76.0775 1.81615e-011
76.0775 -1.21858e-011
76.0774 -5.38591e-012
76.0773 -4.76064e-013
76.0772 6.87095e-012
76.0771 -1.72165e-011
76.0771 -3.03736e-010
76.077 -1.32587e-011
76.0769 -6.35936e-012
76.0769 2.99849e-012
76.0768 -7.06279e-012
76.0768 1.43459e-011
76.0767 4.41958e-012
76.0767 -6.63647e-012
76.0766 -1.45732e-011
76.0766 8.85336e-012
76.0765 1.14397e-012
76.0765 -1.06581e-011
76.0764 4.40536e-013
76.0763 4.51905e-012
76.0763 -5.96145e-012
76.0762 -4.56168e-012
76.0762 -1.76215e-012
76.0761 -4.02167e-012
76.0761 1.06084e-011
76.076 -6.86384e-012
76.076 9.65628e-012
76.0759 -1.23208e-011
76.0759 -1.36282e-011
76.0758 -1.95612e-011
76.0758 -6.9349e-012
76.0757 1.39977e-011
76.0756 -6.31672e-012
76.0756 -1.5163e-011
76.0755 4.28457e-012
76.0755 7.66676e-012
76.0754 -1.69607e-011
76.0754 4.54037e-012
76.0753 -7.78755e-012
76.0753 1.38982e-011
76.0752 1.22995e-011
76.0752 -8.14993e-012
76.0751 6.73595e-012
76.0751 -2.05702e-011
76.075 1.23919e-011
76.075 -1.34861e-011
76.0749 1.06581e-012
76.0749 8.44125e-012
76.0748 -6.03251e-012
76.0748 -4.91696e-012
76.0747 -3.03402e-012
76.0747 1.92841e-011
76.0746 1.8531e-011
76.0746 1.28892e-011
76.0745 -1.6982e-012
76.0745 6.07514e-012
76.0744 1.28821e-011
76.0743 1.37987e-011
76.0743 -1.17737e-011
76.0742 -3.99325e-012
76.0742 -1.65912e-011
76.0741 -5.39302e-012
76.0741 -5.01643e-012
76.074 -1.4829e-011
76.074 4.86722e-012
76.0739 -2.12523e-011
76.0739 -2.50829e-010
76.0739 -1.39337e-011
76.0739 -1.65059e-011
76.0738 -9.84812e-012
76.0738 5.47828e-012
76.0738 -2.10321e-012
76.0738 6.51568e-012
76.0737 -1.54898e-012
76.0737 -5.94014e-012
76.0737 1.9952e-011
76.0737 -2.04707e-011
76.0736 1.98526e-011
76.0736 -1.66693e-011
76.0736 1.27116e-011
76.0736 -2.16076e-011
76.0736 1.72022e-011
76.0736 -1.54259e-011
76.0736 -1.89786e-011
76.0735 1.50635e-012
76.0735 -6.75016e-013
76.0735 -2.20126e-011
76.0735 -9.0381e-012
76.0735 1.21503e-011
76.0735 -2.3519e-012
76.0735 2.60414e-011
76.0735 -1.52411e-011
76.0734 6.79279e-012
76.0734 1.25198e-011
76.0734 5.44986e-012
76.0734 -1.90425e-011
76.0734 -4.67537e-012
76.0734 -1.74012e-011
76.0734 -7.29727e-012
76.0734 1.82467e-011
76.0733 2.04068e-011
76.0733 8.58336e-012
76.0733 1.34861e-011
76.0733 3.08376e-012
76.0733 -9.30811e-012
76.0733 -3.63798e-012
76.0733 -2.27516e-011
76.0733 -1.70751e-010
76.0733 -5.86908e-012
76.0733 -1.38201e-011
76.0733 -2.11031e-011
76.0733 -1.38911e-011
76.0733 1.04805e-011
76.0733 -9.35074e-012
76.0733 1.12621e-011
76.0733 1.48006e-011
76.0733 -3.02691e-012
76.0733 -3.31823e-012
76.0733 -1.21361e-011
76.0733 1.53264e-011
76.0733 -7.01306e-012
76.0733 1.45377e-011
76.0733 4.90274e-012
76.0733 -1.69891e-011
76.0733 -7.28306e-012
76.0733 -7.77334e-012
76.0733 3.02691e-012
76.0733 -1.18661e-012
76.0733 1.83462e-011
76.0733 -1.75149e-011
76.0733 -9.25127e-012
76.0733 -2.40306e-011
76.0733 1.44169e-011
76.0733 -7.18359e-012
76.0733 4.40536e-012
76.0733 4.61142e-012
76.0733 3.2685e-013
76.0733 -1.77636e-012
76.0733 -1.38911e-011
76.0733 1.92628e-011
76.0733 -6.82121e-012
76.0733 -7.65965e-012
76.0733 -1.44027e-011
76.0733 2.46558e-012
76.0733 -2.44853e-011
76.0733 3.37508e-012
76.0733 -2.01652e-011
76.0733 1.21005e-011
76.0733 8.85336e-012
76.0733 1.48077e-011
76.0733 -7.4607e-012
76.0733 2.26308e-011
76.0733 -1.82467e-011
76.0733 1.35003e-013
76.0733 8.25651e-012
76.0733 -1.70104e-011
76.0733 1.43245e-011
76.0733 -1.70957e-011
76.0733 9.43601e-012
76.0733 3.39639e-012
76.0733 -2.39453e-011
76.0733 6.33804e-012
76.0733 1.4218e-011
76.0733 -1.3884e-011
76.0733 -2.29505e-012
76.0733 -2.21689e-011
76.0733 9.99023e-012
76.0733 -6.13909e-012
76.0733 1.45235e-011
76.0734 -2.85638e-012
76.0734 -6.97753e-012
76.0734 1.33653e-011
76.0734 -1.38414e-011
76.0734 6.11067e-012
76.0734 6.39488e-014
76.0734 -4.77485e-012
76.0734 -3.95062e-012
76.0734 -1.72093e-011
76.0734 4.76064e-013
76.0734 -5.05906e-012
76.0734 6.16751e-012
76.0734 -1.09779e-011
76.0734 1.83249e-011
76.0734 -4.36984e-012
76.0734 -2.04423e-011
76.0734 -1.51275e-011
76.0734 1.11768e-011
76.0734 -6.97042e-012
76.0734 2.63611e-012
76.0734 -2.10036e-011
76.0734 -1.31593e-011
76.0735 -1.96039e-011
76.0735 1.51417e-011
76.0735 -9.6847e-012
76.0735 1.07931e-011
76.0735 -1.3344e-011
76.0735 -3.1406e-012
76.0735 -1.64206e-011
76.0735 2.01794e-012
76.0735 -8.20677e-012
76.0735 -2.10392e-011
76.0735 -1.79909e-011
76.0735 -1.81331e-011
76.0735 6.39488e-014
76.0735 -1.5433e-011
76.0735 -1.91847e-013
76.0735 -1.14326e-011
76.0736 7.81597e-013
76.0736 2.32347e-011
76.0736 -1.51346e-011
76.0736 2.0961e-011
76.0736 -4.64695e-012
76.0736 -8.27782e-012
76.0736 1.12621e-011
76.0736 8.09308e-012
76.0736 -1.36424e-012
76.0736 1.22569e-011
76.0736 -1.24913e-011
76.0736 -1.19371e-011
76.0736 -4.76064e-013
76.0736 7.42517e-012
76.0737 1.6783e-011
76.0737 1.54898e-011
76.0737 -1.51346e-012
76.0737 4.00036e-012
76.0737 -1.42037e-011
76.0737 2.75691e-012
76.0737 -1.00471e-011
76.0737 -2.35119e-011
76.0737 -1.70033e-011
76.0737 -2.52669e-011
76.0737 -1.59659e-011
76.0737 1.90141e-011
76.0738 1.03526e-011
76.0738 -1.05871e-011
76.0738 1.50706e-011
76.0738 -2.13731e-011
76.0738 -1.81402e-011
76.0738 9.9476e-013
76.0738 -8.98126e-012
76.0738 1.12195e-011
76.0738 2.11031e-012
76.0738 -1.20366e-011
76.0738 -2.10036e-011
76.0739 4.05009e-012
76.0739 1.80478e-012
76.0739 -8.27782e-012
76.0739 -4.07852e-012
76.0739 -1.139e-011
76.0739 -7.88702e-013
76.0739 1.03242e-011
76.0739 1.42677e-011
76.0739 -1.13332e-011
76.0739 5.15143e-012
76.074 -2.01723e-011
76.074 -2.77822e-012
76.074 1.38272e-011
76.074 1.1859e-011
76.074 -1.90923e-011
76.074 3.30402e-012
76.074 2.35048e-011
76.074 -1.82254e-011
76.074 -1.47793e-012
76.0741 -9.84102e-012
76.0741 3.45324e-012
76.0741 1.38201e-011
76.0741 -1.4289e-011
76.0741 2.14158e-011
76.0741 1.60867e-011
76.0741 5.17275e-012
76.0741 -1.02531e-011
76.0741 1.56817e-011
76.0742 1.32658e-011
76.0742 1.90141e-011
76.0742 7.04858e-012
76.0742 -1.75717e-011
76.0742 -1.00542e-011
76.0742 4.90274e-013
76.0742 9.74865e-012
76.0742 -1.58593e-011
76.0743 -2.29647e-011
76.0743 -2.13873e-012
76.0743 -8.23519e-012
76.0743 1.20721e-011
76.0743 8.14993e-012
76.0743 1.03384e-011
76.0743 1.06368e-011
76.0743 -4.48352e-012
76.0744 -9.9547e-012
76.0744 2.43574e-011
76.0744 1.36566e-011
76.0744 1.85523e-011
76.0744 2.48406e-011
76.0744 -2.62901e-012
76.0744 1.67333e-011
76.0744 1.62714e-012
76.0745 -1.10276e-011
76.0745 -6.85674e-012
76.0745 9.89075e-012
76.0745 -1.6307e-011
76.0745 4.98801e-012
76.0745 -2.13092e-011
76.0745 8.33467e-012
76.0746 1.23634e-012
76.0746 -2.30216e-011
76.0746 2.6219e-012
76.0746 7.68097e-012
76.0746 2.05347e-012
76.0746 -8.2423e-012
76.0746 -6.64357e-012
76.0747 2.07621e-011
76.0747 9.22284e-012
76.0747 2.36398e-011
76.0747 -1.4353e-011
76.0747 2.92744e-012
76.0747 -6.25278e-012
76.0747 -1.61791e-011
76.0748 -5.50671e-012
76.0748 1.60512e-011
76.0748 7.31859e-012
76.0748 -2.13163e-013
76.0748 -9.66338e-013
76.0748 1.45945e-011
76.0749 1.12905e-011
76.0749 7.63123e-012
76.0749 -2.05915e-011
76.0749 -1.14468e-011
76.0749 1.18447e-011
76.0749 -1.95328e-011
76.0749 1.07292e-012
76.075 3.52429e-012
76.075 -3.2756e-012
76.075 1.25411e-011
76.075 -1.59588e-011
76.075 2.33769e-012
76.075 1.37845e-012
76.0751 1.38769e-011
76.0751 2.03428e-011
76.0751 1.78773e-011
76.0751 -6.70752e-012
76.0751 7.87281e-012
76.0751 1.65485e-011
76.0752 1.5774e-012
76.0752 -1.1056e-011
76.0752 9.82681e-012
76.0752 8.19256e-012
76.0752 2.224e-012
76.0752 -1.60512e-011
76.0753 -8.16414e-012
76.0753 -1.97957e-011
76.0753 -2.31637e-012
76.0753 1.99165e-011
76.0753 -1.11555e-011
76.0754 2.60059e-012
76.0754 -1.9952e-011
76.0754 -1.085e-011
76.0754 -7.11253e-012
76.0754 1.04734e-011
76.0754 4.87432e-012
76.0755 -1.16316e-011
76.0755 1.29745e-011
76.0755 -4.92406e-012
76.0755 -2.18137e-012
76.0755 -1.07292e-011
76.0756 -1.29674e-011
76.0756 -2.20197e-011
76.0756 -2.84217e-012
76.0756 -1.20082e-012
76.0756 1.90639e-011
76.0757 -9.75575e-012
76.0757 3.20455e-012
76.0757 1.9206e-011
76.0757 -1.72662e-011
76.0757 -2.65032e-012
76.0757 -1.47793e-012
76.0758 -1.84528e-011
76.0758 -4.59721e-012
76.0758 -1.01039e-011
76.0758 2.54659e-011
76.0758 7.63123e-012
76.0759 -2.36113e-011
76.0759 -5.25802e-012
76.0759 9.71312e-012
76.0759 -1.05587e-011
76.0759 1.82609e-012
76.076 -1.63496e-011
76.076 7.21911e-012
76.076 -5.35749e-012
76.076 2.04636e-012
76.0761 1.4353e-012
76.0761 -1.82609e-012
76.0761 -1.07505e-011
76.0761 -7.41807e-012
76.0761 -4.90274e-013
76.0762 -1.54472e-011
76.0762 -4.83169e-012
76.0762 2.08189e-012
76.0762 -1.93836e-011
76.0762 1.56177e-011
76.0763 -2.77822e-012
76.0763 1.35927e-011
76.0763 6.61515e-012
76.0763 5.77671e-012
76.0763 -5.08038e-012
76.0764 -7.71649e-012
76.0764 -1.63212e-011
76.0764 -9.59233e-013
76.0764 2.09681e-011
76.0765 -2.53664e-012
76.0765 6.83542e-012
76.0765 -1.50564e-011
76.0765 1.95257e-011
76.0765 -1.57812e-011
76.0766 1.23492e-011
76.0766 -6.84253e-012
76.0766 1.44382e-011
76.0766 -1.76996e-011
76.0767 2.92033e-012
76.0767 -3.45324e-012
76.0767 -1.1724e-012
76.0767 -6.5512e-012
76.0768 6.36646e-012
76.0768 1.00471e-011
76.0768 -2.66454e-012
76.0768 -1.54188e-011
76.0768 1.09708e-011
76.0769 -1.42748e-011
76.0769 9.71312e-012
76.0769 -3.03402e-012
76.0769 4.66116e-012
76.077 1.07789e-011
76.077 1.66978e-011
76.077 -2.37321e-012
76.077 -1.25482e-011
76.0771 -6.58673e-012
76.0771 1.02602e-011
76.0771 -8.61888e-012
76.0771 1.5298e-011
76.0772 1.31237e-011
76.0772 -1.55254e-011
76.0772 -2.77112e-013
76.0772 8.62599e-012
76.0773 -8.05045e-012
76.0773 1.16387e-011
76.0773 -8.27072e-012
76.0773 6.94911e-012
76.0774 9.76996e-012
76.0774 -1.18376e-011
76.0774 9.21574e-012
76.0774 6.75016e-012
76.0775 1.59233e-011
76.0775 5.54223e-012
76.0775 -7.56017e-012
76.0775 1.63425e-011
76.0776 6.07514e-012
76.0776 1.85096e-011
76.0776 1.41398e-011
76.0776 -6.807e-012
76.0777 -2.30784e-011
76.0777 4.28457e-012
76.0777 -1.19442e-011
76.0777 1.08713e-011
76.0778 1.18661e-011
76.0778 -1.35998e-011
76.0778 -2.70717e-012
76.0778 8.1215e-012
76.0779 1.02176e-011
76.0779 -3.23297e-012
76.0779 1.54117e-011
76.078 -2.55795e-013
76.078 1.27685e-011
76.078 5.25091e-012
76.078 -6.96332e-013
76.0781 3.74456e-012
76.0781 -1.50209e-011
76.0781 1.21787e-011
76.0781 1.30669e-011
76.0782 -4.27747e-012
76.0782 3.95772e-012
76.0782 1.53761e-011
76.0783 -2.59064e-011
76.0783 -7.67386e-013
76.0783 -1.65485e-011
76.0783 6.18883e-012
76.0784 -7.92255e-012
76.0784 -1.02034e-011
76.0784 1.52838e-011
76.0784 9.25127e-012
76.0785 4.27747e-012
76.0785 -2.0151e-011
76.0785 6.33804e-012
76.0786 1.57812e-011
76.0786 5.86198e-012
76.0786 -1.92557e-011
76.0786 -9.64917e-012
76.0787 -1.23421e-011
76.0787 1.34008e-011
76.0787 1.5568e-011
76.0788 -9.79838e-012
76.0788 -1.01323e-011
76.0788 -1.7863e-011
76.0788 1.06013e-011
76.0789 8.93152e-012
76.0789 7.75913e-012
76.0789 7.63123e-012
76.079 -2.03997e-011
76.079 -1.09921e-011
76.079 6.55831e-012
76.0791 1.41966e-011
76.0791 -2.77112e-013
76.0791 -6.56541e-012
76.0791 9.45022e-012
76.0792 6.35225e-012
76.0792 4.40536e-013
76.0792 9.73444e-012
76.0793 -1.89218e-011
76.0793 -1.86873e-012
76.0793 8.82494e-012
76.0794 -1.67333e-011
76.0794 -1.67191e-011
76.0794 1.2669e-011
76.0795 1.46656e-011
76.0795 -5.15854e-012
76.0795 -1.33369e-011
76.0795 -1.65912e-011
76.0796 1.00044e-011
76.0796 -2.01084e-012
76.0796 1.05516e-011
76.0797 5.47118e-012
76.0797 8.39862e-012
76.0797 1.05516e-011
76.0798 7.12674e-012
76.0798 1.40687e-012
76.0798 4.81748e-012
76.0799 -4.90274e-012
76.0799 1.03384e-011
76.0799 -8.06466e-012
76.08 -1.03242e-011
76.08 1.39195e-011
76.08 -1.63425e-011
76.08 5.40012e-012
76.0801 8.3844e-013
76.0801 1.28679e-011
76.0801 1.65059e-011
76.0802 -1.94973e-011
76.0802 -7.21201e-012
76.0802 -2.35261e-011
76.0803 -3.50298e-012
76.0803 -8.09308e-012
76.0803 -4.82459e-012
76.0804 3.60956e-012
76.0804 7.28306e-012
76.0804 7.04148e-012
76.0805 -2.07976e-011
76.0805 -2.02363e-011
76.0805 -2.09752e-011
76.0806 -1.33085e-011
76.0806 -2.0016e-011
76.0806 -7.3257e-012
76.0807 1.53051e-011
76.0807 5.31486e-012
76.0807 -1.23066e-011
76.0808 -8.54072e-012
76.0808 1.2335e-011
76.0808 -8.94573e-012
76.0809 -1.14397e-012
76.0809 6.0183e-012
76.0809 -3.43903e-012
76.081 -8.44835e-012
76.081 -1.77707e-011
76.0811 1.72804e-011
76.0811 6.17462e-012
76.0811 -4.74643e-012
76.0812 -1.79341e-011
76.0812 1.73301e-011
76.0812 -3.76588e-013
76.0813 -4.81748e-012
76.0813 -2.09397e-011
76.0813 3.99325e-012
76.0814 -8.17124e-012
76.0814 -2.70717e-012
76.0814 8.99547e-012
76.0815 -3.9222e-012
76.0815 7.05569e-012
76.0815 3.97193e-012
76.0816 -1.18376e-011
76.0816 -1.76001e-011
76.0817 -1.69393e-011
76.0817 -1.85452e-012
76.0817 1.11342e-011
76.0818 -1.0445e-011
76.0818 -5.51381e-012
76.0818 -1.69109e-011
76.0819 -3.62377e-012
76.0819 -1.55609e-011
76.0819 -8.83915e-012
76.082 -9.12337e-012
76.082 -5.42855e-012
76.082 1.97602e-011
76.0821 -1.63851e-011
76.0821 4.9809e-012
76.0822 -3.75167e-012
76.0822 -1.41966e-011
76.0822 -3.84404e-012
76.0823 -7.54596e-012
76.0823 -5.02354e-012
76.0823 -3.58114e-012
76.0824 -4.29878e-012
76.0824 -1.90141e-011
76.0825 1.58238e-011
76.0825 5.18696e-012
76.0825 -1.21076e-011
76.0826 -1.69535e-011
76.0826 -9.57101e-012
76.0826 -1.84741e-012
76.0827 -2.70433e-011
76.0827 1.40545e-011
76.0828 2.49401e-012
76.0828 -8.31335e-012
76.0828 -1.99734e-011
76.0829 1.00471e-011
76.0829 -8.46256e-012
76.083 7.43938e-012
76.083 -4.04299e-012
76.083 6.29541e-012
76.0831 7.17648e-012
76.0831 5.44276e-012
76.0831 -1.51701e-011
76.0832 4.42668e-012
76.0832 2.18847e-012
76.0833 5.76961e-012
76.0833 1.08713e-012
76.0833 2.02718e-011
76.0834 -1.8801e-011
76.0834 8.10019e-012
76.0835 -7.17648e-013
76.0835 9.48575e-012
76.0835 -7.87992e-012
76.0836 -1.47367e-011
76.0836 -7.7236e-012
76.0837 -1.04876e-011
76.0837 -7.50333e-012
76.0837 1.12195e-011
76.0838 6.6791e-012
76.0838 -2.37321e-012
76.0839 -1.84954e-011
76.0839 -7.19069e-012
76.0839 1.82823e-011
76.084 1.41327e-011
76.084 2.17497e-011
76.0841 -8.27782e-012
76.0841 4.74643e-012
76.0841 -5.91172e-012
76.0842 9.63496e-012
76.0842 -1.1255e-011
76.0843 -6.40199e-012
76.0843 -5.31486e-012
76.0843 1.16884e-011
76.0844 1.46372e-011
76.0844 -9.01679e-012
76.0845 2.49258e-011
76.0845 1.30029e-012
76.0846 -6.55831e-012
76.0846 1.24842e-011
76.0846 -1.79341e-011
76.0847 3.22586e-012
76.0847 4.62563e-012
76.0848 8.92442e-012
76.0848 1.29674e-011
76.0848 4.94538e-012
76.0849 -2.05702e-011
76.0849 1.04023e-011
76.085 7.88702e-013
76.085 -1.2605e-011
76.0851 1.11626e-011
76.0851 -3.1406e-012
76.0851 4.27036e-012
76.0852 5.72697e-012
76.0852 -1.29035e-011
76.0853 1.32161e-012
76.0853 1.63567e-011
76.0854 7.12674e-012
76.0854 -1.91136e-012
76.0854 6.1533e-012
76.0855 1.20082e-012
76.0855 -1.80904e-011
76.0856 -1.66835e-011
76.0856 -1.55467e-011
76.0857 2.07052e-011
76.0857 7.92255e-012
76.0857 1.65699e-011
76.0858 8.7681e-012
76.0858 5.32907e-012
76.0859 -6.06093e-012
76.0859 -1.04734e-011
76.086 7.8586e-012
76.086 -7.05569e-012
76.0861 1.41398e-011
76.0861 4.0572e-012
76.0861 1.56177e-011
76.0862 -1.03029e-011
76.0862 6.49436e-012
76.0863 -1.33156e-011
76.0863 -9.21574e-012
76.0864 -1.59517e-011
76.0864 5.29354e-012
76.0865 1.69322e-011
76.0865 1.58309e-011
76.0865 7.73781e-012
76.0866 -7.03437e-012
76.0866 -1.60583e-012
76.0867 1.7053e-012
76.0867 -1.62714e-012
76.0868 -8.65441e-012
76.0868 9.53548e-012
76.0869 -1.64064e-011
76.0869 1.62146e-011
76.087 1.49214e-013
76.087 2.53664e-012
76.0871 -1.44951e-012
76.0871 1.27898e-013
76.0871 -1.5838e-011
76.0872 -1.75646e-011
76.0872 -9.72733e-012
76.0873 8.81073e-013
76.0873 1.52411e-011
76.0874 -1.08784e-011
76.0874 -1.47864e-011
76.0875 -2.04707e-011
76.0875 -9.30811e-012
76.0876 -6.99174e-012
76.0876 -2.06981e-011
76.0877 -3.61666e-012
76.0877 1.20792e-012
76.0877 9.23706e-013
76.0878 -7.78755e-012
76.0878 -1.82183e-011
76.0879 2.37321e-012
76.0879 2.14015e-011
76.088 -1.28324e-011
76.088 -1.70459e-011
76.0881 -6.38067e-012
76.0881 1.7593e-011
76.0882 5.20828e-012
76.0882 6.79989e-012
76.0883 1.42109e-013
76.0883 -1.97531e-012
76.0884 -8.95284e-013
76.0884 -1.82609e-011
76.0885 -1.51061e-011
76.0885 -4.99512e-012
76.0886 -1.10845e-012
76.0886 -1.62004e-011
76.0887 -1.42535e-011
76.0887 1.98526e-011
76.0888 -6.18883e-012
76.0888 -1.5504e-011
76.0889 1.73941e-011
76.0889 -1.95115e-011
76.089 7.17648e-013
76.089 -6.99174e-012
76.089 -1.36779e-011
76.0891 -8.47677e-012
76.0891 2.22755e-011
76.0892 -1.24345e-012
76.0892 6.22435e-012
76.0893 9.11626e-012
76.0893 -2.116e-011
76.0894 -1.31024e-011
76.0894 1.7053e-013
76.0895 2.2311e-011
76.0895 5.71276e-012
76.0896 8.99547e-012
76.0896 -4.90274e-012
76.0897 1.66196e-011
76.0897 -1.28679e-011
76.0898 1.62999e-011
76.0898 -9.49996e-012
76.0899 6.96332e-012
76.0899 -1.54401e-011
76.09 6.26699e-012
76.09 1.99805e-011
76.0901 3.41061e-012
76.0902 4.29168e-012
76.0902 -1.91207e-011
76.0903 -1.30811e-011
76.0903 -1.76215e-011
76.0904 1.1589e-011
76.0904 -1.35714e-011
76.0905 -9.25837e-012
76.0905 -1.92344e-011
76.0906 -1.112e-011
76.0906 1.20792e-011
76.0907 7.31859e-013
76.0907 1.11768e-011
76.0908 9.84812e-012
76.0908 -1.68328e-011
76.0909 1.3479e-011
76.0909 1.12621e-011
76.091 8.20677e-012
76.091 -2.40874e-012
76.0911 -1.05871e-012
76.0911 -1.56319e-013
76.0912 -1.76215e-012
76.0912 -1.19584e-011
76.0913 5.12301e-012
76.0913 -6.65068e-012
76.0914 -1.25766e-011
76.0914 -2.07834e-011
76.0915 -7.4607e-012
76.0916 6.47304e-012
76.0916 -1.47509e-011
76.0917 1.07505e-011
76.0917 1.9206e-011
76.0918 1.54685e-011
76.0918 -2.10392e-011
76.0919 4.08562e-012
76.0919 -7.82308e-012
76.092 -1.83391e-011
76.092 1.52554e-011
76.0921 9.50706e-012
76.0921 1.94191e-011
76.0922 6.46594e-012
76.0922 -3.93641e-012
76.0923 5.54934e-012
76.0924 -2.28084e-012
76.0924 -2.11884e-011
76.0925 -1.39266e-011
76.0925 -2.4059e-011
76.0926 -3.30402e-012
76.0926 4.90274e-012
76.0927 7.86571e-012
76.0927 -1.69678e-011
76.0928 -1.90994e-011
76.0928 -5.15854e-012
76.0929 6.82121e-013
76.093 1.45803e-011
76.093 1.12053e-011
76.0931 8.00071e-012
76.0931 2.47198e-011
76.0932 -1.43672e-011
76.0932 -4.63274e-012
76.0933 -1.48361e-011
76.0933 -6.96332e-012
76.0934 5.11591e-013
76.0935 -1.4424e-011
76.0935 -1.23705e-011
76.0936 -4.66116e-012
76.0936 -1.92344e-011
76.0937 -1.8467e-011
76.0937 -6.62936e-012
76.0938 -1.10063e-011
76.0938 -1.71525e-011
76.0939 -1.63212e-011
76.094 7.81597e-013
76.094 -8.29914e-012
76.0941 1.24629e-011
76.0941 -1.6982e-012
76.0942 -8.17835e-012
76.0942 1.05587e-011
76.0943 -1.04947e-011
76.0944 -1.031e-011
76.0944 9.166e-012
76.0945 1.8737e-011
76.0945 -5.96145e-012
76.0946 -2.10605e-011
76.0946 -1.89075e-011
76.0947 1.72165e-011
76.0948 -2.02505e-012
76.0948 -2.18989e-011
76.0949 1.4289e-011
76.0949 -1.42606e-011
76.095 7.10543e-013
76.095 -1.46372e-011
76.0951 -1.08571e-011
76.0952 -8.49099e-012
76.0952 -6.10356e-012
76.0953 -1.95897e-011
76.0953 -4.61853e-013
76.0954 1.13545e-011
76.0954 -3.69482e-013
76.0955 3.90799e-013
76.0956 -6.89226e-013
76.0956 -1.74083e-012
76.0957 5.66303e-012
76.0957 -1.27898e-013
76.0958 1.7522e-011
76.0959 -7.75913e-012
76.0959 1.6648e-011
76.096 6.90648e-012
76.096 -1.48432e-011
76.0961 -9.80549e-012
76.0962 -8.41993e-012
76.0962 -1.59375e-011
76.0963 3.46034e-012
76.0963 -8.83205e-012
76.0964 -5.47118e-013
76.0964 -2.18137e-012
76.0965 -3.0127e-012
76.0966 -1.35358e-011
76.0966 1.41256e-011
76.0967 1.09637e-011
76.0967 -1.69109e-011
76.0968 2.99138e-012
76.0969 1.83107e-011
76.0969 -1.02318e-012
76.097 1.45661e-011
76.097 1.42606e-011
76.0971 5.3646e-012
76.0972 -8.5052e-012
76.0972 4.33431e-012
76.0973 2.04494e-011
76.0974 -5.02354e-012
76.0974 5.41434e-012
76.0975 1.18874e-011
76.0975 -1.75362e-011
76.0976 -1.68399e-012
76.0977 2.92744e-012
76.0977 1.49996e-011
76.0978 1.06368e-011
76.0978 -1.09566e-011
76.0979 1.95044e-011
76.098 1.15321e-011
76.098 5.91172e-012
76.0981 1.38698e-011
76.0981 1.17737e-011
76.0982 1.24416e-011
76.0983 1.8602e-011
76.0983 8.80362e-012
76.0984 2.28084e-012
76.0985 -1.00826e-011
76.0985 1.8332e-012
76.0986 -1.09921e-011
76.0986 4.02167e-012
76.0987 1.2065e-011
76.0988 6.04672e-012
76.0988 -1.49853e-011
76.0989 4.49774e-012
76.099 5.98988e-012
76.099 -4.72511e-012
76.0991 -3.06954e-012
76.0991 -2.04423e-011
76.0992 -1.02247e-011
76.0993 -3.78009e-012
76.0993 1.04237e-011
76.0994 -1.06581e-011
76.0995 -2.17639e-011
76.0995 1.7053e-013
76.0996 -8.81784e-012
76.0997 4.59011e-012
76.0997 -1.83249e-011
76.0998 5.01643e-012
76.0998 1.06724e-011
76.0999 -1.56319e-012
76.1 -1.42606e-011
76.1 -1.36708e-011
76.1001 -1.30029e-012
76.1002 -1.5234e-011
76.1002 3.88667e-012
76.1003 6.46594e-012
76.1004 -1.08429e-011
76.1004 -1.96536e-011
76.1005 -5.25091e-012
76.1006 -1.7323e-011
76.1006 5.15143e-012
76.1007 -1.80407e-011
76.1007 -1.02318e-012
76.1008 -2.25242e-011
76.1009 -1.93623e-011
76.1009 -4.12825e-012
76.101 -1.79341e-011
76.1011 2.84217e-012
76.1011 5.38591e-012
76.1012 -6.19593e-012
76.1013 -2.24674e-011
76.1013 6.00409e-012
76.1014 -1.53904e-011
76.1015 5.58487e-012
76.1015 1.13687e-013
76.1016 -4.76064e-012
76.1017 -1.30811e-011
76.1017 -7.60281e-013
76.1018 6.66489e-012
76.1019 -3.50298e-012
76.1019 -1.18021e-011
76.102 -1.71241e-011
76.1021 -4.66116e-012
76.1021 1.05302e-011
76.1022 -9.43601e-012
76.1023 9.57812e-012
76.1023 -2.73559e-012
76.1024 -6.84963e-012
76.1025 -1.41824e-011
76.1025 -9.09495e-013
76.1026 -1.04308e-011
76.1027 -1.03526e-011
76.1027 -7.16227e-012
76.1028 1.19087e-011
76.1029 8.3773e-012
76.1029 -1.68612e-011
76.103 1.32729e-011
76.1031 4.5759e-012
76.1031 -7.4607e-013
76.1032 -1.23705e-011
76.1033 3.07665e-012
76.1033 3.58824e-012
76.1034 -1.6108e-011
76.1035 1.2875e-011
76.1035 3.34666e-012
76.1036 -5.40012e-012
76.1037 4.81037e-012
76.1037 5.27933e-012
76.1038 1.30456e-011
76.1039 -1.22782e-011
76.1039 -4.54037e-012
76.104 3.09086e-012
76.1041 1.29674e-011
76.1042 -1.27187e-012
76.1042 2.30287e-011
76.1043 -9.73444e-012
76.1044 8.83205e-012
76.1044 1.05658e-011
76.1045 -3.67351e-012
76.1046 4.7109e-012
76.1046 -5.4925e-012
76.1047 -2.39382e-011
76.1048 -3.6593e-012
76.1048 -9.67759e-012
76.1049 -2.40803e-011
76.105 1.53477e-012
76.1051 5.81935e-012
76.1051 7.76623e-012
76.1052 -1.93978e-012
76.1053 1.94973e-011
76.1053 1.29532e-011
76.1054 5.81224e-012
76.1055 1.53122e-011
76.1055 1.34293e-012
76.1056 -1.75291e-011
76.1057 -2.05347e-012
76.1058 2.65743e-012
76.1058 1.96252e-011
76.1059 -1.38343e-011
76.106 5.21538e-012
76.106 -7.87281e-012
76.1061 -1.61933e-011
76.1062 -5.80513e-012
76.1063 1.93339e-011
76.1063 -3.97904e-012
76.1064 -1.29248e-011
76.1065 -1.11555e-012
76.1065 1.20721e-011
76.1066 -3.51008e-012
76.1067 -3.55271e-012
76.1068 5.03775e-012
76.1068 9.89786e-012
76.1069 -7.31859e-013
76.107 -1.3209e-011
76.107 8.3773e-012
76.1071 1.14895e-011
76.1072 1.34648e-011
76.1073 -5.48539e-012
76.1073 -2.59348e-012
76.1074 1.68896e-011
76.1075 1.75788e-011
76.1075 -2.44569e-011
76.1076 9.02389e-013
76.1077 2.04352e-011
76.1078 -9.87654e-013
76.1078 2.40163e-012
76.1079 9.40048e-012
76.108 -9.10205e-012
76.1081 -4.33431e-012
76.1081 9.23706e-014
76.1082 -1.06297e-011
76.1083 -2.0961e-012
76.1083 6.1533e-012
76.1084 -1.32587e-011
76.1085 -2.359e-012
76.1086 4.0643e-012
76.1086 -1.08145e-011
76.1087 -1.17311e-011
76.1088 -1.37632e-011
76.1089 -2.70717e-011
76.1089 -3.95062e-012
76.109 -1.17808e-011
76.1091 -1.92131e-011
76.1092 1.81259e-011
76.1092 -1.02318e-011
76.1093 -1.57101e-011
76.1094 -2.39453e-012
76.1095 -1.63638e-011
76.1095 1.3813e-011
76.1096 1.1795e-011
76.1097 -3.33955e-013
76.1098 -3.69482e-013
76.1098 -3.90799e-012
76.1099 3.74456e-012
76.11 -1.99663e-012
76.1101 9.4289e-012
76.1101 -4.90274e-013
76.1102 7.88702e-012
76.1103 1.62288e-011
76.1104 1.58877e-011
76.1104 1.10276e-011
76.1105 7.30438e-012
76.1106 -1.62572e-011
76.1107 -3.70903e-012
76.1107 -9.92628e-012
76.1108 6.48015e-012
76.1109 -7.22622e-012
76.111 1.09139e-011
76.111 9.86944e-012
76.1111 -3.19744e-013
76.1112 -1.44098e-011
76.1113 -1.98952e-012
76.1113 -2.55795e-013
76.1114 -6.20304e-012
76.1115 -2.93454e-012
76.1116 7.58149e-012
76.1117 -7.19069e-012
76.1117 6.82832e-012
76.1118 -1.34364e-011
76.1119 -1.81046e-011
76.112 1.25624e-011
76.112 6.72173e-012
76.1121 3.19034e-012
76.1122 1.08429e-011
76.1123 -1.42464e-011
76.1123 -5.24381e-012
76.1124 -1.24487e-011
76.1125 -1.53477e-011
76.1126 -8.49099e-012
76.1127 -1.14397e-012
76.1127 -7.67386e-012
76.1128 5.73408e-012
76.1129 -1.61933e-011
76.113 -1.05302e-011
76.113 -1.43459e-011
76.1131 -3.6593e-012
76.1132 6.88516e-012
76.1133 8.04334e-012
76.1134 -7.64544e-012
76.1134 1.34506e-011
76.1135 -2.36327e-011
76.1136 5.25091e-012
76.1137 3.54561e-012
76.1138 6.5441e-012
76.1138 4.07852e-012
76.1139 -3.55271e-012
76.114 5.40012e-013
76.1141 7.22622e-012
76.1141 8.79652e-012
76.1142 8.66152e-012
76.1143 -4.56168e-012
76.1144 9.44311e-012
76.1145 -2.79243e-012
76.1145 1.0175e-011
76.1146 6.19593e-012
76.1147 -5.6275e-012
76.1148 1.94404e-011
76.1149 -1.20011e-011
76.1149 -1.84031e-012
76.115 7.62412e-012
76.1151 5.7625e-012
76.1152 8.33467e-012
76.1153 6.30251e-012
76.1153 -1.34079e-011
76.1154 1.55325e-011
76.1155 -6.38067e-012
76.1156 -4.69669e-012
76.1157 6.60805e-013
76.1157 -1.78275e-011
76.1158 -6.92779e-012
76.1159 -5.82645e-012
76.116 -1.71241e-012
76.1161 -1.12266e-011
76.1161 -9.72022e-012
76.1162 1.75078e-011
76.1163 -6.56541e-012
76.1164 9.35074e-012
76.1165 -2.43006e-012
76.1166 -8.48388e-012
76.1166 -1.6108e-011
76.1167 6.95621e-012
76.1168 -1.20863e-011
76.1169 -1.2875e-011
76.117 -8.15703e-012
76.117 1.17097e-011
76.1171 2.7498e-012
76.1172 1.04237e-011
76.1173 9.35074e-012
76.1174 -2.68585e-012
76.1175 1.19655e-011
76.1175 1.71525e-011
76.1176 -4.15668e-012
76.1177 -3.43192e-012
76.1178 -1.4083e-011
76.1179 5.96856e-012
76.118 1.39835e-011
76.118 -1.12976e-011
76.1181 -9.9476e-013
76.1182 4.03588e-012
76.1183 -1.83249e-011
76.1184 6.37357e-012
76.1185 -1.74794e-012
76.1185 -5.34328e-012
76.1186 1.21005e-011
76.1187 -8.26361e-012
76.1188 1.01323e-011
76.1189 -1.90425e-011
76.119 -7.24754e-012
76.119 -2.20268e-013
76.1191 1.12905e-011
76.1192 1.92557e-012
76.1193 -6.06093e-012
76.1194 1.74225e-011
76.1195 -1.14966e-011
76.1195 -1.20224e-011
76.1196 1.07292e-012
76.1197 -2.04636e-012
76.1198 -6.64357e-012
76.1199 -1.65983e-011
76.12 -1.72307e-011
76.12 9.18021e-012
76.1201 8.00782e-012
76.1202 1.16884e-011
76.1203 -8.91021e-012
76.1204 1.22284e-011
76.1205 -7.97229e-012
76.1206 1.86517e-011
76.1206 1.24771e-011
76.1207 -1.18661e-012
76.1208 7.08411e-012
76.1209 -1.1859e-011
76.121 -1.57385e-011
76.1211 8.17124e-012
76.1212 -1.05587e-011
76.1212 4.14957e-012
76.1213 -1.72946e-011
76.1214 -1.30029e-012
76.1215 -3.96483e-012
76.1216 1.03526e-011
76.1217 1.76925e-012
76.1218 -4.448e-012
76.1218 -6.19593e-012
76.1219 -1.17097e-011
76.122 -1.35714e-011
76.1221 -1.22924e-011
76.1222 -1.40616e-011
76.1223 8.07177e-012
76.1224 -7.35412e-012
76.1224 8.54072e-012
76.1225 -6.40199e-012
76.1226 -1.47793e-012
76.1227 1.41327e-011
76.1228 -1.18519e-011
76.1229 -1.49001e-011
76.123 -1.53548e-011
76.1231 -2.03215e-011
76.1231 1.2605e-011
76.1232 -5.66303e-012
76.1233 1.99663e-012
76.1234 1.26477e-012
76.1235 1.45306e-011
76.1236 1.03952e-011
76.1237 -1.12621e-011
76.1238 1.35785e-011
76.1238 1.62004e-011
76.1239 -8.68283e-012
76.124 -8.56915e-012
76.1241 -7.43228e-012
76.1242 -5.02354e-012
76.1243 1.33937e-011
76.1244 1.62856e-011
76.1245 -1.08002e-011
76.1246 -1.69393e-011
76.1246 5.96145e-012
76.1247 -1.01252e-011
76.1248 -6.50147e-012
76.1249 -9.24416e-012
76.125 -4.78906e-012
76.1251 -2.74269e-012
76.1252 3.73745e-012
76.1253 -9.19442e-012
76.1254 -8.21387e-012
76.1254 1.12834e-011
76.1255 -5.84066e-012
76.1256 2.21689e-012
76.1257 -1.0516e-011
76.1258 -1.84741e-011
76.1259 1.76357e-011
76.126 -9.06653e-012
76.1261 -4.30589e-012
76.1262 7.67386e-013
76.1263 -8.55493e-012
76.1263 1.31593e-011
76.1264 -5.15854e-012
76.1265 1.24345e-011
76.1266 9.59233e-012
76.1267 1.95968e-011
76.1268 -9.49285e-012
76.1269 1.8332e-012
76.127 1.25056e-012
76.1271 -2.12736e-011
76.1272 1.69251e-011
76.1273 -2.17426e-011
76.1273 7.07701e-012
76.1274 8.10019e-012
76.1275 -8.1144e-012
76.1276 1.63425e-012
76.1277 1.55609e-011
76.1278 1.32019e-011
76.1279 1.66693e-011
76.128 1.90425e-012
76.1281 1.23492e-011
76.1282 -1.3074e-012
76.1283 2.30926e-011
76.1284 -1.57314e-011
76.1284 8.6402e-012
76.1285 -6.25278e-012
76.1286 -1.10134e-011
76.1287 -7.11964e-012
76.1288 -3.38218e-012
76.1289 3.52429e-012
76.129 -5.58487e-012
76.1291 -1.62004e-011
76.1292 -1.71099e-011
76.1293 1.13687e-011
76.1294 4.14957e-012
76.1295 -8.86757e-012
76.1296 -2.07621e-011
76.1296 -9.99023e-012
76.1297 1.63425e-012
76.1298 -9.83391e-012
76.1299 4.63274e-012
76.13 -1.89999e-011
76.1301 -1.3145e-011
76.1302 -8.31335e-012
76.1303 5.52802e-012
76.1304 3.97904e-013
76.1305 4.12115e-012
76.1306 -8.92442e-012
76.1307 -1.91847e-012
76.1308 2.359e-012
76.1309 -5.94014e-012
76.131 1.11129e-011
76.131 -1.10276e-011
76.1311 1.43103e-011
76.1312 -1.4353e-012
76.1313 8.02913e-012
76.1314 -1.04308e-011
76.1315 -3.2685e-013
76.1316 -7.81597e-012
76.1317 1.79625e-011
76.1318 -9.8197e-012
76.1319 -1.82609e-011
76.132 -6.13909e-012
76.1321 -2.86207e-011
76.1322 -1.20934e-011
76.1323 -4.47642e-012
76.1324 -1.46656e-011
76.1325 -2.39169e-011
76.1326 2.13163e-011
76.1327 2.15294e-011
76.1328 3.09939e-011
76.1329 -1.0715e-011
76.1329 -2.66454e-011
76.133 -9.08074e-012
76.1331 -1.99236e-011
76.1332 5.57066e-012
76.1333 8.73968e-012
76.1334 -8.22808e-012
76.1335 2.97717e-011
76.1336 -1.31308e-011
76.1337 9.06653e-012
76.1338 1.51346e-011
76.1339 -2.71143e-011
76.134 -4.78906e-012
76.1341 1.7323e-011
76.1342 -2.37463e-011
76.1343 1.72378e-011
76.1344 -1.39266e-012
76.1345 -2.6148e-012
76.1346 -1.19371e-012
76.1347 1.87299e-011
76.1348 -2.31637e-012
76.1349 -1.66409e-011
76.135 -1.56746e-011
76.1351 7.34701e-012
76.1352 -2.7228e-011
76.1353 2.44285e-011
76.1354 1.7863e-011
76.1355 2.55511e-011
76.1356 -1.47935e-011
76.1357 1.44382e-011
76.1358 -4.23483e-012
76.1359 -1.95399e-011
76.136 -3.77582e-011
76.1361 2.24389e-011
76.1361 1.11697e-011
76.1362 -2.57216e-012
76.1363 -2.34053e-011
76.1364 1.38414e-011
76.1365 -2.75691e-011
76.1366 -2.88338e-011
76.1367 2.37748e-011
76.1368 -2.40732e-011
76.1369 -3.56977e-011
76.137 -5.91172e-012
76.1371 -3.01839e-011
76.1372 -3.26992e-011
76.1373 -1.03313e-011
76.1374 7.10543e-014
76.1375 2.73701e-011
76.1376 -2.66027e-011
76.1377 -1.63425e-011
76.1378 -2.48406e-011
76.1379 -1.44951e-012
76.138 -3.83693e-012
76.1381 2.16716e-011
76.1382 -6.11067e-012
76.1383 -2.49969e-011
76.1384 2.12168e-011
76.1385 -4.61853e-012
76.1386 1.79341e-011
76.1387 2.39169e-011
76.1388 -1.49498e-011
76.1389 -3.29266e-011
76.139 -2.8578e-011
76.1391 -2.99423e-011
76.1392 2.57216e-011
76.1393 -8.99547e-012
76.1394 -4.46221e-012
76.1395 2.44995e-011
76.1396 -1.42109e-013
76.1397 -1.68683e-011
76.1398 2.02505e-011
76.1399 2.83649e-011
76.14 7.97229e-012
76.1401 -1.27898e-012
76.1402 -4.12115e-013
76.1403 -6.13909e-012
76.1404 -3.38645e-011
76.1405 -2.61906e-011
76.1406 -6.90648e-012
76.1408 1.88862e-011
76.1409 -3.06812e-011
76.141 2.38316e-011
76.1411 -3.03828e-011
76.1412 -7.53175e-012
76.1413 1.9611e-011
76.1414 2.41727e-011
76.1415 -7.44649e-012
76.1416 -2.73985e-011
76.1417 1.69962e-011
76.1418 -2.31779e-011
76.1419 2.7768e-011
76.142 -3.67777e-011
76.1421 -3.61382e-011
76.1422 1.20508e-011
76.1423 2.24816e-011
76.1424 -3.47029e-011
76.1425 -2.79243e-011
76.1426 1.17666e-011
76.1427 1.11697e-011
76.1428 4.26326e-013
76.1429 -1.6172e-011
76.143 -1.28182e-011
76.1431 -4.24905e-012
76.1432 -1.98952e-013
76.1433 2.42864e-011
76.1434 7.24754e-012
76.1435 -1.36708e-011
76.1436 -6.60805e-012
76.1437 -2.88907e-011
76.1438 1.1795e-012
76.1439 -4.50484e-012
76.144 -1.90425e-012
76.1442 -7.88702e-012
76.1443 2.42153e-011
76.1444 -5.67013e-012
76.1445 1.97105e-011
76.1446 1.0246e-011
76.1447 1.09992e-011
76.1448 -1.05018e-011
76.1449 -4.05009e-012
76.145 6.11067e-012
76.1451 -1.10418e-011
76.1452 -1.14113e-011
76.1453 -1.49498e-011
76.1454 3.48166e-012
76.1455 -1.30882e-011
76.1456 -3.43903e-012
76.1457 -2.41869e-011
76.1458 7.26175e-012
76.1459 1.11839e-011
76.146 2.13589e-011
76.1461 2.35758e-011
76.1463 -2.83791e-011
76.1464 -1.46088e-011
76.1465 2.92317e-011
76.1466 7.84439e-012
76.1467 3.04112e-011
76.1468 2.55795e-012
76.1469 1.48219e-011
76.147 -1.19087e-011
76.1471 2.28795e-011
76.1472 1.65699e-011
76.1473 4.95959e-012
76.1474 -2.82228e-011
76.1475 5.96856e-013
76.1476 1.12834e-011
76.1477 3.26992e-011
76.1479 2.359e-011
76.148 -3.67066e-011
76.1481 1.63851e-011
76.1482 3.0937e-011
76.1483 1.42251e-011
76.1484 -3.4305e-011
76.1485 3.0326e-011
76.1486 -2.54232e-011
76.1487 -1.80194e-011
76.1488 2.8848e-012
76.1489 1.06297e-011
76.149 -2.44853e-011
76.1491 -1.67972e-011
76.1492 2.13163e-012
76.1494 1.04734e-011
76.1495 2.42864e-011
76.1496 3.46176e-011
76.1497 -3.66072e-011
76.1498 1.39124e-011
76.1499 -1.69109e-012
76.15 1.40403e-011
76.1501 3.13065e-011
76.1502 4.41958e-012
76.1503 -2.8237e-011
76.1504 2.70148e-011
76.1506 4.98801e-012
76.1507 -2.42437e-011
76.1508 -5.42855e-012
76.1509 1.69678e-011
76.151 8.79652e-012
76.1511 -1.34008e-011
76.1512 -2.05063e-011
76.1513 2.03642e-011
76.1514 4.95959e-012
76.1515 1.78488e-011
76.1516 2.43006e-011
76.1518 -9.37916e-012
76.1519 -6.06803e-012
76.152 1.68683e-011
76.1521 -6.48015e-012
76.1522 2.23253e-011
76.1523 1.02318e-012
76.1524 2.11173e-011
76.1525 -2.54374e-011
76.1526 1.48219e-011
76.1527 -3.10649e-011
76.1529 -4.03588e-012
76.153 -2.0961e-011
76.1531 4.29168e-012
76.1532 -1.93978e-011
76.1533 -1.23919e-011
76.1534 -2.44853e-011
76.1535 -2.06768e-011
76.1536 -2.20268e-012
76.1537 1.84031e-011
76.1539 2.43148e-011
76.154 1.40119e-011
76.1541 -3.03118e-011
76.1542 9.0381e-012
76.1543 -4.20641e-012
76.1544 2.6958e-011
76.1545 -5.95435e-012
76.1546 -1.43103e-011
76.1547 -4.10694e-012
76.1549 3.31113e-012
76.155 -3.18323e-011
76.1551 1.89573e-011
76.1552 -2.69011e-011
76.1553 2.41585e-012
76.1554 -2.24674e-011
76.1555 -2.08047e-011
76.1556 -1.76925e-011
76.1558 -2.60911e-011
76.1559 -2.43006e-012
76.156 -1.74936e-011
76.1561 1.46656e-011
76.1562 -7.24754e-012
76.1563 -1.05871e-011
76.1564 2.18989e-011
76.1565 2.99423e-011
76.1567 -2.99423e-011
76.1568 -7.14806e-012
76.1569 -1.74225e-011
76.157 7.00595e-012
76.1571 3.00417e-011
76.1572 -9.40759e-012
76.1573 -3.96483e-011
76.1575 -2.14158e-011
76.1576 2.28937e-011
76.1577 1.09139e-011
76.1578 -1.02887e-011
76.1579 -3.39639e-012
76.158 3.4035e-011
76.1581 -3.2145e-011
76.1583 2.58638e-011
76.1584 2.51248e-011
76.1585 2.42295e-011
76.1586 -2.59064e-011
76.1587 3.07381e-011
76.1588 -3.35376e-012
76.1589 5.71276e-012
76.1591 1.10276e-011
76.1592 -3.09655e-011
76.1593 -4.68958e-012
76.1594 -1.2264e-011
76.1595 3.06954e-012
76.1596 2.089e-012
76.1597 -5.00222e-012
76.1599 2.22116e-011
76.16 6.807e-012
76.1601 -2.13021e-011
76.1602 -1.99805e-011
76.1603 -1.33582e-012
76.1604 -1.7593e-011
76.1606 3.59535e-012
76.1607 1.59162e-012
76.1608 -2.22968e-011
76.1609 1.68683e-011
76.161 -2.73417e-011
76.1611 1.27898e-013
76.1613 -1.79909e-011
76.1614 1.56177e-011
76.1615 9.70601e-012
76.1616 1.90141e-011
76.1617 -2.23821e-011
76.1618 -1.40119e-011
76.162 1.93268e-011
76.1621 1.03171e-011
76.1622 -2.09894e-011
76.1623 -1.16955e-011
76.1624 -3.16049e-011
76.1625 5.00222e-012
76.1627 2.15294e-011
76.1628 1.03313e-011
76.1629 -1.02318e-012
76.163 -3.61666e-011
76.1631 -4.24905e-012
76.1632 4.83169e-012
76.1634 7.80176e-012
76.1635 -2.71427e-012
76.1636 -1.60156e-011
76.1637 2.76543e-011
76.1638 -7.9865e-012
76.1639 1.96962e-011
76.1641 3.02265e-011
76.1642 2.94875e-011
76.1643 1.00613e-011
76.1644 -2.31068e-011
76.1645 -2.50111e-012
76.1647 7.10543e-013
76.1648 -2.23253e-011
76.1649 1.54898e-012
76.165 1.47793e-012
76.1651 3.45466e-011
76.1653 2.7697e-011
76.1654 -2.60059e-012
76.1655 -1.56035e-011
76.1656 -1.28892e-011
76.1657 1.95399e-011
76.1658 -8.95284e-013
76.166 -2.29079e-011
76.1661 3.27987e-011
76.1662 1.59019e-011
76.1663 -2.84217e-012
76.1664 2.40306e-011
76.1666 2.22684e-011
76.1667 4.20641e-012
76.1668 2.88907e-011
76.1669 1.39693e-011
76.167 1.08287e-011
76.1672 1.88152e-011
76.1673 -3.46603e-011
76.1674 -1.5774e-011
76.1675 -1.49214e-011
76.1676 3.17897e-011
76.1678 -1.79057e-011
76.1679 -3.47029e-011
76.168 -2.61622e-011
76.1681 -8.82494e-012
76.1682 -5.68434e-013
76.1684 9.50706e-012
76.1685 3.5385e-012
76.1686 2.93454e-011
76.1687 1.74083e-011
76.1689 2.20837e-011
76.169 3.5925e-011
76.1691 -3.42766e-011
76.1692 1.60867e-011
76.1693 -2.31495e-011
76.1695 2.16716e-011
76.1696 1.46656e-011
76.1697 4.76064e-012
76.1698 -2.45706e-011
76.1699 -4.9738e-013
76.1701 -2.24389e-011
76.1702 -3.85256e-011
76.1703 1.78062e-011
76.1704 -1.7252e-011
76.1706 -1.49214e-012
76.1707 -2.39879e-011
76.1708 5.22959e-012
76.1709 -2.29932e-011
76.171 -1.80904e-011
76.1712 1.80194e-011
76.1713 -5.38591e-012
76.1714 -2.82512e-011
76.1715 -2.4869e-012
76.1717 -1.85736e-011
76.1718 -3.11502e-011
76.1719 2.78675e-011
76.172 -2.8848e-012
76.1722 -1.32729e-011
76.1723 -1.03313e-011
76.1724 -1.84031e-011
76.1725 3.75167e-012
76.1726 -1.33298e-011
76.1728 3.22302e-011
76.1729 -6.59384e-012
76.173 -1.12976e-011
76.1731 -1.58167e-011
76.1733 -3.75167e-011
76.1734 -1.08287e-011
76.1735 1.51346e-011
76.1736 -1.32303e-011
76.1738 -1.86162e-011
76.1739 -5.86908e-012
76.174 7.84439e-012
76.1741 7.38964e-013
76.1743 5.8975e-012
76.1744 9.97602e-012
76.1745 -1.56888e-011
76.1746 -1.56888e-011
76.1748 -3.26423e-011
76.1749 -2.54374e-012
76.175 -2.10321e-011
76.1751 6.03961e-012
76.1753 4.67537e-012
76.1754 9.83391e-012
76.1755 8.32756e-012
76.1756 2.98002e-011
76.1758 -1.86162e-011
76.1759 -1.79057e-011
76.176 -1.12692e-011
76.1761 -5.65592e-012
76.1763 -3.56835e-011
76.1764 3.62377e-012
76.1765 2.82796e-011
76.1766 -5.20117e-012
76.1768 3.14344e-011
76.1769 2.15863e-011
76.177 1.0786e-011
76.1771 -4.10694e-012
76.1773 -2.0691e-011
76.1774 9.43601e-012
76.1775 1.37987e-011
76.1777 -4.24905e-012
76.1778 9.12337e-012
76.1779 -2.18421e-011
76.178 -3.31255e-011
76.1782 -1.62288e-011
76.1783 2.25668e-011
76.1784 2.0222e-011
76.1785 1.00755e-011
76.1787 1.30171e-011
76.1788 8.02913e-012
76.1789 2.74412e-011
76.1791 -2.03642e-011
76.1792 1.78488e-011
76.1793 -1.17524e-011
76.1794 -1.67688e-011
76.1796 -4.86011e-012
76.1797 1.02318e-011
76.1798 -2.85354e-011
76.1799 2.86491e-011
76.1801 1.86304e-011
76.1802 2.30926e-011
76.1803 -1.98526e-011
76.1805 1.84883e-011
76.1806 -1.98241e-011
76.1807 -2.5949e-011
76.1808 2.23679e-011
76.181 2.00657e-011
76.1811 8.65441e-012
76.1812 1.36851e-011
76.1814 -9.6918e-012
76.1815 -1.6172e-011
76.1816 9.53548e-012
76.1817 -2.52669e-011
76.1819 -3.09512e-011
76.182 1.99378e-011
76.1821 -2.05347e-011
76.1823 -2.31921e-011
76.1824 -1.73657e-011
76.1825 -3.55129e-011
76.1827 2.11031e-011
76.1828 -1.72804e-011
76.1829 -9.77707e-012
76.183 1.6783e-011
76.1832 1.62999e-011
76.1833 -2.62048e-011
76.1834 1.18092e-011
76.1836 -1.8332e-011
76.1837 2.332e-011
76.1838 -1.00329e-011
76.184 1.89857e-011
76.1841 3.95062e-012
76.1842 -2.61196e-011
76.1843 6.45173e-012
76.1845 2.38884e-011
76.1846 2.30216e-011
76.1847 -3.09797e-011
76.1849 2.116e-011
76.185 6.16751e-012
76.1851 5.54223e-013
76.1853 -3.12355e-011
76.1854 -2.82796e-012
76.1855 -1.68683e-011
76.1857 3.58114e-012
76.1858 2.32347e-011
76.1859 -8.32756e-012
76.1861 -3.58114e-012
76.1862 -4.448e-012
76.1863 1.08429e-011
76.1864 -1.64846e-011
76.1866 1.9142e-011
76.1867 -9.4218e-012
76.1868 -9.27969e-012
76.187 2.49543e-011
76.1871 1.24061e-011
76.1872 -3.48166e-012
76.1874 -2.93738e-011
76.1875 -1.42677e-011
76.1876 3.52429e-012
76.1878 -6.39488e-012
76.1879 1.45803e-011
76.188 -2.80522e-011
76.1882 -1.77636e-012
76.1883 -1.93978e-011
76.1884 1.97389e-011
76.1886 -2.09326e-011
76.1887 6.49436e-012
76.1888 1.29319e-012
76.189 -3.31539e-011
76.1891 -1.03739e-011
76.1892 1.33298e-011
76.1894 8.95284e-013
76.1895 9.62075e-012
76.1896 1.77351e-011
76.1898 2.82796e-012
76.1899 1.2605e-011
76.19 -3.34239e-011
76.1902 2.17284e-011
76.1903 9.63496e-012
76.1904 -8.83915e-012
76.1906 -3.16476e-011
76.1907 -2.75975e-011
76.1908 1.55609e-011
76.191 -2.74838e-011
76.1911 -1.7323e-011
76.1913 -8.96705e-012
76.1914 8.69704e-012
76.1915 -9.36495e-012
76.1917 -2.18847e-012
76.1918 -1.0246e-011
76.1919 -3.44471e-011
76.1921 7.60281e-012
76.1922 -1.1994e-011
76.1923 -1.21787e-011
76.1925 -4.00746e-012
76.1926 -4.49063e-012
76.1927 1.9611e-011
76.1929 -2.15294e-011
76.193 -1.92557e-011
76.1931 -1.84741e-011
76.1933 -8.10019e-013
76.1934 2.30074e-011
76.1936 9.05231e-012
76.1937 1.55751e-011
76.1938 -1.18661e-011
76.194 1.1056e-011
76.1941 4.20641e-012
76.1942 -8.78231e-012
76.1944 3.31397e-011
76.1945 2.8848e-012
76.1946 -2.12879e-011
76.1948 2.27232e-011
76.1949 5.67013e-012
76.1951 1.2534e-011
76.1952 2.54516e-011
76.1953 1.14539e-011
76.1955 4.02167e-012
76.1956 -3.18465e-011
76.1957 2.65743e-011
76.1959 -5.54223e-012
76.196 -8.75389e-012
76.1962 3.13776e-011
76.1963 -2.71569e-011
76.1964 2.06626e-011
76.1966 -1.61293e-011
76.1967 -7.41807e-012
76.1968 -2.85354e-011
76.197 5.34328e-012
76.1971 1.79341e-011
76.1973 4.39115e-012
76.1974 -1.86731e-011
76.1975 -6.11067e-012
76.1977 -3.96483e-012
76.1978 2.97007e-011
76.1979 -1.62714e-011
76.1981 -2.43574e-011
76.1982 -8.2423e-013
76.1984 -4.59011e-012
76.1985 -2.96154e-011
76.1986 -2.70717e-011
76.1988 1.84741e-012
76.1989 -4.47642e-012
76.1991 1.11271e-011
76.1992 -1.34293e-011
76.1993 -2.27516e-011
76.1995 -1.2875e-011
76.1996 -9.80549e-012
76.1998 -8.34177e-012
76.1999 4.13536e-012
76.2 1.63567e-011
76.2002 1.33724e-011
76.2003 -9.86233e-012
76.2005 6.66489e-012
76.2006 9.74865e-012
76.2007 -2.28653e-011
76.2009 2.28937e-011
76.201 2.18421e-011
76.2012 -2.23537e-011
76.2013 -8.22808e-012
76.2014 2.06057e-012
76.2016 1.68825e-011
76.2017 -6.57963e-012
76.2019 1.41966e-011
76.202 8.10019e-012
76.2021 8.79652e-012
76.2023 -3.15055e-011
76.2024 -6.75016e-012
76.2026 1.13261e-011
76.2027 7.02016e-012
76.2028 -1.95541e-011
76.203 -1.83178e-011
76.2031 5.15854e-012
76.2033 2.62332e-011
76.2034 -1.58167e-011
76.2036 -3.1406e-012
76.2037 -1.46656e-011
76.2038 -1.23066e-011
76.204 2.12879e-011
76.2041 -2.00373e-011
76.2043 5.25802e-013
76.2044 1.56319e-013
76.2045 3.18465e-011
76.2047 8.6402e-012
76.2048 -5.96856e-013
76.205 -2.22826e-011
76.2051 -1.10276e-011
76.2053 -3.18181e-011
76.2054 1.9682e-011
76.2055 1.70814e-011
76.2057 -6.99174e-012
76.2058 -4.59011e-012
76.206 2.12736e-011
76.2061 -2.4869e-011
76.2063 -8.66862e-013
76.2064 -2.50822e-011
76.2065 -2.18847e-011
76.2067 -2.53664e-011
76.2068 2.37605e-011
76.207 -1.29745e-011
76.2071 1.80762e-011
76.2073 -1.04876e-011
76.2074 7.24754e-013
76.2075 -2.06057e-011
76.2077 1.95257e-011
76.2078 -2.91323e-012
76.208 1.01323e-011
76.2081 -2.93454e-011
76.2083 -1.15961e-011
76.2084 -1.78346e-011
76.2086 1.69251e-011
76.2087 -2.31779e-011
76.2088 -1.44667e-011
76.209 2.06768e-011
76.2091 -2.44427e-012
76.2093 8.99547e-012
76.2094 8.73968e-012
76.2096 -1.29319e-012
76.2097 -1.88152e-011
76.2099 -1.7792e-011
76.21 -1.19513e-011
76.2101 -1.03029e-011
76.2103 4.68958e-013
76.2104 1.30456e-011
76.2106 9.19442e-012
76.2107 -2.57927e-011
76.2109 -2.00799e-011
76.211 1.84173e-011
76.2112 6.6791e-012
76.2113 -2.98428e-012
76.2115 6.70752e-012
76.2116 1.45377e-011
76.2118 -2.089e-012
76.2119 5.25802e-013
76.212 -3.12639e-012
76.2122 1.02176e-011
76.2123 -2.91038e-011
76.2125 -2.78675e-011
76.2126 -2.19273e-011
76.2128 -1.79625e-011
76.2129 2.10321e-012
76.2131 2.23537e-011
76.2132 1.42251e-011
76.2134 -2.58638e-012
76.2135 -1.70104e-011
76.2137 2.72422e-011
76.2138 -1.17382e-011
76.214 -1.86731e-011
76.2141 2.15863e-011
76.2142 2.60201e-011
76.2144 -2.68443e-011
76.2145 2.40163e-012
76.2147 -2.75406e-011
76.2148 -3.11502e-011
76.215 -2.00657e-011
76.2151 2.61053e-011
76.2153 1.40687e-011
76.2154 -2.07194e-011
76.2156 1.53619e-011
76.2157 2.34337e-011
76.2159 -2.32916e-011
76.216 -2.31779e-011
76.2162 -2.23395e-011
76.2163 8.88178e-012
76.2165 -2.01794e-012
76.2166 1.90568e-011
76.2168 -2.74696e-011
76.2169 -2.9587e-011
76.2171 2.80096e-011
76.2172 -1.34008e-011
76.2174 9.06653e-012
76.2175 -7.37543e-012
76.2177 1.25056e-011
76.2178 2.70006e-012
76.218 -3.18749e-011
76.2181 5.69855e-012
76.2183 -2.57643e-011
76.2184 5.76961e-012
76.2186 -1.19229e-011
76.2187 -2.65885e-011
76.2189 -1.87015e-011
76.219 -2.75264e-011
76.2192 -2.67022e-011
76.2193 1.72236e-011
76.2195 -2.8848e-012
76.2196 -4.37694e-012
76.2198 -1.59588e-011
76.2199 -1.10703e-011
76.2201 2.90754e-011
76.2202 2.47269e-012
76.2204 2.70006e-012
76.2205 -1.3344e-011
76.2207 -2.49401e-011
76.2208 -9.23706e-012
76.221 7.56017e-012
76.2211 -2.22968e-011
76.2213 -3.17328e-011
76.2214 -2.79812e-011
76.2216 -9.36495e-012
76.2217 -2.0691e-011
76.2219 -1.66835e-011
76.222 -7.38964e-012
76.2222 -5.30065e-012
76.2223 -6.05382e-012
76.2225 1.28182e-011
76.2226 1.1724e-011
76.2228 1.31735e-011
76.2229 -2.75975e-011
76.2231 -2.48122e-011
76.2232 -3.03402e-011
76.2234 -1.43814e-011
76.2235 2.54943e-011
76.2237 4.39115e-012
76.2238 -8.1144e-012
76.224 -7.24754e-012
76.2241 -7.95808e-013
76.2243 -6.69331e-012
76.2244 8.12861e-012
76.2246 1.03739e-012
76.2248 -1.89431e-011
76.2249 -2.92175e-011
76.2251 -9.79128e-012
76.2252 -2.56222e-011
76.2254 1.87583e-011
76.2255 1.04308e-011
76.2257 -1.68257e-011
76.2258 -2.52527e-011
76.226 2.89759e-011
76.2261 -3.07239e-011
76.2263 -6.96332e-012
76.2264 -4.91696e-012
76.2266 -2.03215e-011
76.2267 -2.80238e-011
76.2269 -2.54374e-011
76.2271 2.1501e-011
76.2272 -3.05675e-011
76.2274 -5.40012e-012
76.2275 4.63274e-012
76.2277 -2.40306e-011
76.2278 -1.17666e-011
76.228 -2.34905e-011
76.2281 1.92131e-011
76.2283 5.18696e-012
76.2284 7.67386e-012
76.2286 -2.71996e-011
76.2288 -3.00275e-011
76.2289 1.76215e-011
76.2291 -1.12408e-011
76.2292 -1.53619e-011
76.2294 -2.15721e-011
76.2295 8.61178e-012
76.2297 9.97602e-012
76.2298 -1.2335e-011
76.23 1.35003e-011
76.2301 -2.12168e-011
76.2303 1.11129e-011
76.2305 -1.42109e-014
76.2306 -3.90799e-012
76.2308 -2.34621e-011
76.2309 -7.11964e-012
76.2311 -1.88436e-011
76.2312 2.57359e-011
76.2314 8.65441e-012
76.2316 -1.04876e-011
