0.1 1.35916
0.2 2.71894
0.3 4.07929
0.4 5.44023
0.5 6.80177
0.6 8.16392
0.7 9.52667
0.8 10.8901
0.9 12.2541
1 13.6187
0.291059 13.852
0.582082 14.0853
0.873048 14.3185
1.16396 14.5517
1.45483 14.785
1.74564 15.0182
2.03639 15.2513
2.32709 15.4845
2.61784 15.7179
2.90863 15.9516
3.19938 16.1853
3.4901 16.4191
3.78078 16.6529
4.07141 16.8866
4.36198 17.1204
4.6525 17.3541
4.94296 17.5878
5.23333 17.8214
5.52362 18.0548
5.81388 18.2883
6.10413 18.5219
6.39436 18.7557
6.68456 18.9895
6.97471 19.2233
7.26481 19.457
7.55486 19.6908
7.84487 19.9247
8.13483 20.1585
8.42473 20.3923
8.71458 20.626
9.00437 20.8598
9.29411 21.0935
9.58379 21.3272
9.87341 21.5609
10.163 21.7945
10.4525 22.0282
10.742 22.2618
11.0314 22.4955
11.3207 22.7291
11.61 22.9627
11.8993 23.1962
12.1885 23.4297
12.4776 23.6632
12.7667 23.8967
13.0557 24.1301
13.3446 24.3635
13.6335 24.5968
13.9223 24.8302
14.2111 25.0635
14.4998 25.2968
14.7885 25.5301
15.0771 25.7633
15.3656 25.9965
15.6541 26.2297
15.9425 26.4629
16.2309 26.696
16.5192 26.9291
16.8075 27.1621
17.0956 27.3951
17.3838 27.6281
17.6718 27.861
17.9598 28.0939
18.2478 28.3268
18.5357 28.5597
18.8235 28.7925
19.1113 29.0252
19.399 29.258
19.6866 29.4907
19.9742 29.7233
20.2617 29.9559
20.5492 30.1884
20.8365 30.4209
21.1238 30.6532
21.4111 30.8856
21.6983 31.1179
21.9854 31.3502
22.2725 31.5825
22.5595 31.8148
22.8465 32.047
23.1334 32.2792
23.4202 32.5114
23.707 32.7436
23.9937 32.9757
24.2804 33.2079
24.567 33.44
24.8535 33.6721
25.14 33.9042
25.4265 34.1362
25.7128 34.3682
25.9991 34.6002
26.2854 34.8322
26.5716 35.0642
26.8577 35.2961
27.1438 35.528
27.4298 35.7599
27.7157 35.9917
28.0016 36.2235
28.2874 36.4553
28.5732 36.6871
28.8589 36.9189
29.1445 37.1506
29.4301 37.3823
29.7156 37.614
30.0011 37.8457
30.2865 38.0773
30.5718 38.3089
30.8571 38.5405
31.1423 38.7721
31.4274 39.0036
31.7125 39.2351
31.9975 39.4665
32.2825 39.6979
32.5674 39.9293
32.8522 40.1606
33.137 40.3919
33.4217 40.6232
33.7063 40.8545
33.9909 41.0857
34.2754 41.3169
34.5599 41.5481
34.8443 41.7793
35.1286 42.0104
35.4129 42.2415
35.6971 42.4725
35.9812 42.7035
36.2653 42.9345
36.5493 43.1655
36.8332 43.3964
37.1171 43.6273
37.4009 43.8582
37.6846 44.089
37.9683 44.3198
38.252 44.5505
38.5355 44.7812
38.819 45.0119
39.1024 45.2426
39.3858 45.4731
39.6691 45.7037
39.9523 45.9342
40.2354 46.1647
40.5185 46.3952
40.8016 46.6257
41.0845 46.8561
41.3674 47.0865
41.6503 47.3169
41.933 47.5472
42.2158 47.7775
42.4984 48.0078
42.781 48.2381
43.0635 48.4683
43.3459 48.6985
43.6283 48.9287
43.9106 49.1589
44.1929 49.389
44.4751 49.6191
44.7572 49.8492
45.0392 50.0793
45.3212 50.3093
45.6031 50.5393
45.885 50.7693
46.1668 50.9992
46.4485 51.2291
46.7301 51.459
47.0117 51.6889
47.2932 51.9187
47.5747 52.1485
47.8561 52.3783
48.1374 52.6081
48.4186 52.8378
48.6998 53.0675
48.9809 53.2972
49.262 53.5268
49.5429 53.7564
49.8239 53.986
50.1047 54.2156
50.3855 54.4451
50.6662 54.6746
50.9468 54.9041
51.2274 55.1336
51.5079 55.363
51.7883 55.5924
52.0687 55.8218
52.349 56.0511
52.6292 56.2805
52.9094 56.5097
53.1895 56.739
53.4695 56.9682
53.7494 57.1974
54.0293 57.4266
54.3091 57.6558
54.5889 57.8849
54.8685 58.114
55.1481 58.3431
55.4277 58.5721
55.7071 58.8011
55.9865 59.0301
56.2658 59.2591
56.5451 59.488
56.8243 59.7169
57.1034 59.9458
57.3824 60.1746
57.6614 60.4034
57.9403 60.6322
58.2191 60.861
58.4979 61.0897
58.7766 61.3184
59.0552 61.5471
59.3337 61.7757
59.6122 62.0043
59.8906 62.2329
60.1689 62.4615
60.4471 62.69
60.7253 62.9185
61.0034 63.147
61.2815 63.3754
61.5594 63.6039
61.8373 63.8323
62.1152 64.0606
62.3929 64.2889
62.6706 64.5173
62.9482 64.7455
63.2257 64.9738
63.5032 65.202
63.7805 65.4302
64.0578 65.6583
64.3351 65.8865
64.6122 66.1146
64.8893 66.3427
65.1663 66.5707
65.4433 66.7987
65.7201 67.0267
65.9969 67.2547
66.2736 67.4826
66.5503 67.7105
66.8268 67.9384
67.1033 68.1662
67.3797 68.394
67.6561 68.6218
67.9323 68.8496
68.2076 69
68.4811 69
68.7471 69
69.0087 69
69.2535 69
69.4605 69
69.5571 69
69.6808 69
69.8043 69
69.9277 69
70.0509 69
70.1739 69
70.2968 69
70.4195 69
70.5418 69
70.6631 69
70.783 69
70.9019 69
71.0197 69
71.1361 69
71.2515 69
71.3664 69
71.4811 69
71.5957 69
71.7095 69
71.8214 69
71.929 69
72.0353 69
72.1361 69
72.2352 69
72.3293 69
72.4201 69
72.5089 69
72.5975 69
72.6861 69
72.7747 69
72.8631 69
72.9514 69
73.0397 69
73.128 69
73.2162 69
73.3042 69
73.3922 69
73.48 69
73.5676 69
73.6552 69
73.7426 69
73.8299 69
73.917 69
74.0041 69
74.091 69
74.1778 69
74.2643 69
74.3508 69
74.4372 69
74.5234 69
74.6095 69
74.6954 69
74.7813 69
74.867 69
74.9528 69
75.0385 69
75.1241 69
75.2098 69
75.2953 69
75.3807 69
75.466 69
75.5512 69
75.6363 69
75.7213 69
75.8061 69
75.8907 69
75.9753 69
76.0599 69
76.1443 69
76.2286 69
76.3127 69
76.3967 69
76.4805 69
76.5642 69
76.6478 69
76.7312 69
76.8144 69
76.897 69
76.9787 69
77.0591 69
77.1376 69
77.2149 69
77.288 69
77.3584 69
77.421 69
77.4535 69
77.4754 69
77.4973 69
77.5191 69
77.5408 69
77.5624 69
77.5839 69
77.6045 69
77.625 69
77.6454 69
77.6658 69
77.6857 69
77.7055 69
77.7252 69
77.7448 69
77.7644 69
77.7839 69
77.8033 69
77.8226 69
77.8418 69
77.861 69
77.8801 69
77.8991 69
77.918 69
77.9368 69
77.9556 69
77.9743 69
77.9928 69
78.0111 69
78.0292 69
78.0466 69
78.064 69
78.0808 69
78.0973 69
78.1136 69
78.1293 69
78.1447 69
78.1599 69
78.175 69
78.19 69
78.205 69
78.2199 69
78.2346 69
78.2492 69
78.2637 69
78.278 69
78.2924 69
78.3061 69
78.3191 69
78.3311 69
78.3418 69
78.3524 69
78.3615 69
78.3692 69
78.3768 69
78.3826 69
78.3871 69
78.3903 69
78.3931 69
78.3959 69
78.3986 69
78.401 69
78.4034 69
78.4057 69
78.4079 69
78.4098 69
78.4116 69
78.4129 69
78.4141 69
78.4153 69
78.4165 69
78.4174 69
78.4184 69
78.4192 69
78.42 69
78.4207 69
78.4208 69
78.4209 69
78.4209 69
78.4209 69
78.4208 69
78.4206 69
78.4204 69
78.4201 69
78.4198 69
78.4193 69
78.4184 69
78.4175 69
78.4166 69
78.4156 69
78.4145 69
78.4134 69
78.4122 69
78.4108 69
78.4093 69
78.4078 69
78.4062 69
78.4046 69
78.403 69
78.4013 69
78.3996 69
78.3978 69
78.3957 69
78.3935 69
78.3913 69
78.3888 69
78.3858 69
78.3828 69
78.3798 69
78.3767 69
78.3736 69
78.3697 69
78.3658 69
78.3618 69
78.3577 69
78.3537 69
78.3495 69
78.3447 69
78.3399 69
78.3351 69
78.3302 69
78.3249 69
78.3197 69
78.3144 69
78.3091 69
78.3038 69
78.2984 69
78.2931 69
78.2876 69
78.2822 69
78.2767 69
78.2712 69
78.2656 69
78.2601 69
78.2545 69
78.2489 69
78.2432 69
78.2375 69
78.2318 69
78.2261 69
78.2203 69
78.2146 69
78.2087 69
78.2029 69
78.197 69
78.1911 69
78.1852 69
78.1792 69
78.1732 69
78.1672 69
78.1612 69
78.1551 69
78.149 69
78.1428 69
78.1365 69
78.1302 69
78.1238 69
78.1174 69
78.1108 69
78.1041 69
78.0974 69
78.0907 69
78.0839 69
78.0771 69
78.0702 69
78.0632 69
78.056 69
78.0488 69
78.0416 69
78.0343 69
78.0269 69
78.0194 69
78.0118 69
78.0039 69
77.996 69
77.9881 69
77.9796 69
77.9712 69
77.9627 69
77.9541 69
77.9455 69
77.9369 69
77.9283 69
77.9194 69
77.9101 69
77.9009 69
77.8916 69
77.8823 69
77.8731 69
77.8638 69
77.8544 69
77.845 69
77.8352 69
77.8254 69
77.8156 69
77.8058 69
77.7959 69
77.786 69
77.7759 69
77.7657 69
77.7556 69
77.7455 69
77.7353 69
77.7252 69
77.715 69
77.7048 69
77.6946 69
77.6844 69
77.6742 69
77.664 69
77.6538 69
77.6436 69
77.6333 69
77.6231 69
77.6128 69
77.6025 69
77.5923 69
77.5821 69
77.5723 69
77.5624 69
77.5526 69
77.5427 69
77.5328 69
77.5229 69
77.5136 69
77.5046 69
77.4956 69
77.4867 69
77.4777 69
77.4687 69
77.4597 69
77.4507 69
77.4417 69
77.4325 69
77.4241 69
77.4161 69
77.408 69
77.4 69
77.3919 69
77.3839 69
77.3758 69
77.3677 69
77.3596 69
77.3515 69
77.3442 69
77.337 69
77.3297 69
77.3224 69
77.3151 69
77.3078 69
77.3005 69
77.2934 69
77.2864 69
77.2794 69
77.2724 69
77.2653 69
77.2582 69
77.251 69
77.2439 69
77.2367 69
77.2295 69
77.2223 69
77.2151 69
77.2079 69
77.2007 69
77.1935 69
77.1863 69
77.1791 69
77.1719 69
77.1646 69
77.1574 69
77.1502 69
77.1429 69
77.1357 69
77.1284 69
77.1211 69
77.1138 69
77.1066 69
77.0993 69
77.092 69
77.0847 69
77.0774 69
77.0701 69
77.0628 69
77.0554 69
77.0481 69
77.0407 69
77.0332 69
77.0258 69
77.0184 69
77.0109 69
77.0035 69
76.996 69
76.9885 69
76.981 69
76.9735 69
76.966 69
76.9585 69
76.951 69
76.9435 69
76.936 69
76.9285 69
76.9209 69
76.9134 69
76.9058 69
76.8983 69
76.8907 69
76.8832 69
76.8756 69
76.8679 69
76.8602 69
76.8524 69
76.8447 69
76.837 69
76.8292 69
76.8215 69
76.8137 69
76.8057 69
76.7977 69
76.7897 69
76.7817 69
76.7736 69
76.7656 69
76.7576 69
76.7495 69
76.7415 69
76.7335 69
76.7254 69
76.7174 69
76.7091 69
76.7007 69
76.6924 69
76.684 69
76.6756 69
76.6674 69
76.6596 69
76.6518 69
76.6441 69
76.6363 69
76.6291 69
76.6224 69
76.6158 69
76.6089 69
76.602 69
76.5951 69
76.5882 69
76.5821 69
76.5766 69
76.5711 69
76.5657 69
76.5601 69
76.5545 69
76.5489 69
76.5445 69
76.54 69
76.5356 69
76.5311 69
76.527 69
76.523 69
76.5193 69
76.5157 69
76.512 69
76.5083 69
76.5046 69
76.5009 69
76.4972 69
76.4936 69
76.4899 69
76.4862 69
76.4825 69
76.4788 69
76.4751 69
76.4715 69
76.4678 69
76.4641 69
76.4604 69
76.4567 69
76.453 69
76.4495 69
76.4461 69
76.4427 69
76.4393 69
76.4359 69
76.4325 69
76.4291 69
76.4257 69
76.4222 69
76.4187 69
76.4152 69
76.4117 69
76.4082 69
76.4047 69
76.4012 69
76.3977 69
76.3942 69
76.3907 69
76.3872 69
76.3837 69
76.3804 69
76.3773 69
76.3741 69
76.371 69
76.3679 69
76.3647 69
76.3616 69
76.3585 69
76.3553 69
76.3522 69
76.3491 69
76.3459 69
76.3428 69
76.3397 69
76.3366 69
76.3336 69
76.3307 69
76.3279 69
76.3252 69
76.3224 69
76.3196 69
76.3169 69
76.3141 69
76.3114 69
76.3086 69
76.3059 69
76.3031 69
76.3004 69
76.2976 69
76.2948 69
76.2921 69
76.2893 69
76.2866 69
76.2838 69
76.2811 69
76.2783 69
76.2756 69
76.2728 69
76.27 69
76.2673 69
76.2647 69
76.2622 69
76.2597 69
76.2572 69
76.2546 69
76.2521 69
76.2496 69
76.2471 69
76.2445 69
76.242 69
76.2395 69
76.237 69
76.2344 69
76.2319 69
76.2294 69
76.227 69
76.2247 69
76.2223 69
76.2199 69
76.2175 69
76.2153 69
76.2132 69
76.2112 69
76.2092 69
76.2074 69
76.2055 69
76.2037 69
76.2018 69
76.2 69
76.1985 69
76.1969 69
76.1954 69
76.1939 69
76.1924 69
76.1909 69
76.1894 69
76.1879 69
76.1867 69
76.1855 69
76.1844 69
76.1833 69
76.1822 69
76.1812 69
76.1803 69
76.1793 69
76.1784 69
76.1774 69
76.1765 69
76.1755 69
76.1746 69
76.1736 69
76.1727 69
76.1717 69
76.1708 69
76.1698 69
76.1689 69
76.1679 69
76.167 69
76.166 69
76.1652 69
76.1644 69
76.1637 69
76.1629 69
76.1622 69
76.1614 69
76.1608 69
76.1604 69
76.1601 69
76.1597 69
76.1594 69
76.159 69
76.1587 69
76.1583 69
76.158 69
76.1578 69
76.158 69
76.1581 69
76.1582 69
76.1583 69
76.1584 69
76.1585 69
76.1587 69
76.1588 69
76.1594 69
76.1599 69
76.1604 69
76.1609 69
76.1614 69
76.1621 69
76.1628 69
76.1635 69
76.1642 69
76.1649 69
76.1656 69
76.1663 69
76.167 69
76.1677 69
76.1684 69
76.1691 69
76.1698 69
76.1705 69
76.1712 69
76.1719 69
76.1726 69
76.1733 69
76.174 69
76.1747 69
76.1754 69
76.1761 69
76.1768 69
76.1775 69
76.1782 69
76.1789 69
76.1796 69
76.1803 69
76.181 69
76.1817 69
76.1824 69
76.1831 69
76.1838 69
76.1845 69
76.1852 69
76.186 69
76.1867 69
76.1874 69
76.1881 69
76.1888 69
76.1895 69
76.1902 69
76.1909 69
76.1916 69
76.1923 69
76.193 69
76.1937 69
76.1944 69
76.1951 69
76.1958 69
76.1965 69
76.1972 69
76.1979 69
76.1986 69
76.1993 69
76.2001 69
76.2008 69
76.2015 69
76.2022 69
76.2029 69
76.2036 69
76.2043 69
76.205 69
76.2057 69
76.2064 69
76.2071 69
76.2078 69
76.2085 69
76.2092 69
76.2099 69
76.2106 69
76.2114 69
76.2121 69
76.2128 69
76.2135 69
76.2142 69
76.2148 69
76.2155 69
76.2161 69
76.2168 69
76.2174 69
76.2181 69
76.2188 69
76.2194 69
76.2201 69
76.2207 69
76.2214 69
76.222 69
76.2227 69
76.2233 69
76.224 69
76.2246 69
76.2253 69
76.2258 69
76.2263 69
76.2268 69
76.2273 69
76.2278 69
76.2283 69
76.2288 69
76.2293 69
76.2298 69
76.2303 69
76.2308 69
76.2313 69
76.2318 69
76.2323 69
76.2328 69
76.2333 69
76.2338 69
76.2343 69
76.2348 69
76.2353 69
76.2358 69
76.2363 69
76.2368 69
76.2373 69
76.2376 69
76.2379 69
76.2382 69
76.2385 69
76.2388 69
76.2391 69
76.2394 69
76.2397 69
76.24 69
76.2403 69
76.2406 69
76.241 69
76.2413 69
76.2416 69
76.2419 69
76.2422 69
76.2425 69
76.2428 69
76.2431 69
76.2434 69
76.2437 69
76.244 69
76.2443 69
76.2446 69
76.245 69
76.2453 69
76.2456 69
76.2459 69
76.2461 69
76.2463 69
76.2464 69
76.2466 69
76.2467 69
76.2469 69
76.247 69
76.2472 69
76.2473 69
76.2475 69
76.2476 69
76.2478 69
76.2479 69
76.2481 69
76.2482 69
76.2483 69
76.2485 69
76.2486 69
76.2488 69
76.2489 69
76.2491 69
76.2492 69
76.2492 69
76.2493 69
76.2493 69
76.2493 69
76.2494 69
76.2494 69
76.2494 69
76.2494 69
76.2494 69
76.2494 69
76.2494 69
76.2495 69
76.2495 69
76.2495 69
76.2495 69
76.2495 69
76.2495 69
76.2495 69
76.2495 69
76.2495 69
76.2495 69
76.2495 69
76.2495 69
76.2495 69
76.2496 69
76.2495 69
76.2495 69
76.2494 69
76.2493 69
76.2493 69
76.2492 69
76.2491 69
76.2491 69
76.249 69
76.2489 69
76.2489 69
76.2488 69
76.2487 69
76.2487 69
76.2486 69
76.2485 69
76.2485 69
76.2484 69
76.2483 69
76.2483 69
76.2482 69
76.2481 69
76.2481 69
76.248 69
76.248 69
76.2479 69
76.2478 69
76.2478 69
76.2476 69
76.2475 69
76.2473 69
76.2472 69
76.247 69
76.2469 69
76.2467 69
76.2466 69
76.2464 69
76.2462 69
76.2461 69
76.2459 69
76.2458 69
76.2456 69
76.2455 69
76.2453 69
76.2452 69
76.245 69
76.2449 69
76.2447 69
76.2446 69
76.2444 69
76.2443 69
76.2441 69
76.2439 69
76.2438 69
76.2436 69
76.2435 69
76.2433 69
76.2432 69
76.243 69
76.2428 69
76.2425 69
76.2423 69
76.2421 69
76.2419 69
76.2416 69
76.2414 69
76.2412 69
76.2409 69
76.2407 69
76.2405 69
76.2403 69
76.24 69
76.2398 69
76.2396 69
76.2393 69
76.2391 69
76.2389 69
76.2387 69
76.2384 69
76.2382 69
76.2379 69
76.2376 69
76.2374 69
76.2371 69
76.2368 69
76.2365 69
76.2363 69
76.236 69
76.2357 69
76.2355 69
76.2352 69
76.2349 69
76.2347 69
76.2344 69
76.2341 69
76.2338 69
76.2336 69
76.2333 69
76.233 69
76.2328 69
76.2325 69
76.2322 69
76.232 69
76.2317 69
76.2314 69
76.2311 69
76.2309 69
76.2306 69
76.2303 69
76.2301 69
76.2298 69
76.2295 69
76.2293 69
76.229 69
76.2287 69
76.2285 69
76.2282 69
76.2279 69
76.2277 69
76.2274 69
76.2271 69
76.2269 69
76.2266 69
76.2263 69
76.2261 69
76.2258 69
76.2255 69
76.2252 69
76.225 69
76.2247 69
76.2244 69
76.2242 69
76.2239 69
76.2236 69
76.2234 69
76.2231 69
76.2228 69
76.2226 69
76.2223 69
76.222 69
76.2217 69
76.2215 69
76.2212 69
76.2209 69
76.2207 69
76.2204 69
76.2201 69
76.2199 69
76.2196 69
76.2193 69
76.219 69
76.2188 69
76.2185 69
76.2182 69
76.218 69
76.2177 69
76.2174 69
76.2172 69
76.2169 69
76.2166 69
76.2164 69
76.2161 69
76.2158 69
76.2156 69
76.2153 69
76.215 69
76.2148 69
76.2145 69
76.2142 69
76.2139 69
76.2137 69
76.2134 69
76.2131 69
76.2129 69
76.2126 69
76.2123 69
76.2121 69
76.2118 69
76.2115 69
76.2113 69
76.211 69
76.2107 69
76.2105 69
76.2102 69
76.2099 69
76.2097 69
76.2094 69
76.2091 69
76.2089 69
76.2086 69
76.2083 69
76.2081 69
76.2078 69
76.2075 69
76.2073 69
76.207 69
76.2067 69
76.2065 69
76.2062 69
76.2059 69
76.2057 69
76.2054 69
76.2052 69
76.2049 69
76.2046 69
76.2044 69
76.2041 69
76.2038 69
76.2036 69
76.2033 69
76.203 69
76.2028 69
76.2025 69
76.2022 69
76.202 69
76.2017 69
76.2014 69
76.2012 69
76.2009 69
76.2007 69
76.2004 69
76.2001 69
76.1999 69
76.1996 69
76.1993 69
76.1991 69
76.1988 69
76.1985 69
76.1983 69
76.198 69
76.1978 69
76.1975 69
76.1972 69
76.197 69
76.1967 69
76.1964 69
76.1962 69
76.1959 69
76.1957 69
76.1954 69
76.1951 69
76.1949 69
76.1946 69
76.1943 69
76.1941 69
76.1938 69
76.1936 69
76.1933 69
76.193 69
76.1928 69
76.1925 69
76.1922 69
76.192 69
76.1917 69
76.1915 69
76.1912 69
76.1909 69
76.1907 69
76.1904 69
76.1902 69
76.1899 69
76.1896 69
76.1894 69
76.1891 69
76.1889 69
76.1886 69
76.1883 69
76.1881 69
76.1878 69
76.1876 69
76.1873 69
76.187 69
76.1868 69
76.1865 69
76.1863 69
76.186 69
76.1857 69
76.1855 69
76.1852 69
76.1847 69
76.1842 69
76.1836 69
76.183 69
76.1824 69
76.1818 69
76.1812 69
76.1807 69
76.1801 69
76.1795 69
76.1789 69
76.1783 69
76.1777 69
76.1771 69
76.1766 69
76.176 69
76.1754 69
76.1748 69
76.1742 69
76.174 69
76.1738 69
76.1735 69
76.1735 69
76.1732 69
76.1729 69
76.1726 69
76.1723 69
76.172 69
76.1717 69
76.1714 69
76.171 69
76.1707 69
76.1703 69
76.1698 69
76.1694 69
76.1689 69
76.1683 69
76.1678 69
76.1673 69
76.1668 69
76.1662 69
76.1656 69
76.1649 69
76.1643 69
76.1636 69
76.1628 69
76.1631 69
76.1627 69
76.1622 69
76.1618 69
76.0467 69
76.0641 69
76.0816 69
76.1055 69
76.1294 69
76.1461 69
76.1458 69
76.1456 69
76.1454 69
76.1451 69
76.1449 69
76.1446 69
76.1444 69
76.1441 69
76.1439 69
76.1436 69
76.1433 69
76.1431 69
76.1428 69
76.1425 69
76.1423 69
76.142 69
76.1418 69
76.1415 69
76.1412 69
76.141 69
76.1407 69
76.1406 69
76.1404 69
76.1403 69
76.1401 69
76.14 69
76.1398 69
76.1396 69
76.1395 69
76.1393 69
76.1392 69
76.139 69
76.1389 69
76.1387 69
76.1385 69
76.1384 69
76.1382 69
76.1381 69
76.1379 69
76.1378 69
76.1376 69
76.1375 69
76.1373 69
76.1371 69
76.137 69
76.1368 69
76.1367 69
76.1365 69
76.1364 69
76.1362 69
76.1361 69
76.1359 69
76.1358 69
76.1356 69
76.1354 69
76.1353 69
76.1351 69
76.135 69
76.1348 69
76.1347 69
76.1345 69
76.1344 69
76.1342 69
76.1341 69
76.1339 69
76.1337 69
76.1336 69
76.1334 69
76.1333 69
76.1331 69
76.1329 69
76.1328 69
76.1326 69
76.1324 69
76.1323 69
76.1321 69
76.1319 69
76.1318 69
76.1316 69
76.1315 69
76.1313 69
76.1311 69
76.131 69
76.1308 69
76.1306 69
76.1305 69
76.1303 69
76.1302 69
76.13 69
76.1298 69
76.1297 69
76.1295 69
76.1293 69
76.1292 69
76.129 69
76.1289 69
76.1287 69
76.1285 69
76.1284 69
76.1282 69
76.1281 69
76.1279 69
76.1277 69
76.1276 69
76.1274 69
76.1272 69
76.1271 69
76.1269 69
76.1268 69
76.1266 69
76.1264 69
76.1263 69
76.1261 69
76.126 69
76.1258 69
76.1256 69
76.1255 69
76.1253 69
76.1252 69
76.125 69
76.1248 69
76.1247 69
76.1245 69
76.1244 69
76.1242 69
76.124 69
76.1239 69
76.1237 69
76.1236 69
76.1234 69
76.1232 69
76.1231 69
76.1229 69
76.1228 69
76.1226 69
76.1225 69
76.1223 69
76.1221 69
76.122 69
76.1218 69
76.1217 69
76.1215 69
76.1213 69
76.1212 69
76.121 69
76.1209 69
76.1207 69
76.1206 69
76.1204 69
76.1202 69
76.1201 69
76.1199 69
76.1198 69
76.1196 69
76.1195 69
76.1193 69
76.1191 69
76.119 69
76.1188 69
76.1187 69
76.1185 69
76.1184 69
76.1182 69
76.118 69
76.1179 69
76.1177 69
76.1176 69
76.1174 69
76.1173 69
76.1171 69
76.117 69
76.1168 69
76.1166 69
76.1165 69
76.1163 69
76.1162 69
76.116 69
76.1159 69
76.1157 69
76.1156 69
76.1154 69
76.1152 69
76.1151 69
76.1149 69
76.1148 69
76.1146 69
76.1145 69
76.1143 69
76.1142 69
76.114 69
76.1138 69
76.1137 69
76.1135 69
76.1134 69
76.1132 69
76.1131 69
76.1129 69
76.1128 69
76.1126 69
76.1125 69
76.1123 69
76.1121 69
76.112 69
76.1118 69
76.1117 69
76.1115 69
76.1114 69
76.1112 69
76.111 69
76.1109 69
76.1107 69
76.1106 69
76.1104 69
76.1102 69
76.1101 69
76.1099 69
76.1097 69
76.1095 69
76.1093 69
76.1091 69
76.1089 69
76.1087 69
76.1085 69
76.1083 69
76.1081 69
76.1079 69
76.1077 69
76.1075 69
76.1073 69
76.1071 69
76.1069 69
76.1067 69
76.1065 69
76.1063 69
76.1061 69
76.1059 69
76.1057 69
76.1055 69
76.1053 69
76.1051 69
76.1049 69
76.1047 69
76.1045 69
76.1043 69
76.1041 69
76.1039 69
76.1037 69
76.1035 69
76.1033 69
76.1031 69
76.1029 69
76.1028 69
76.1026 69
76.1025 69
76.1024 69
76.1022 69
76.1021 69
76.1019 69
76.1018 69
76.1017 69
76.1015 69
76.1014 69
76.1013 69
76.1011 69
76.101 69
76.1009 69
76.1007 69
76.1006 69
76.1004 69
76.1003 69
76.1002 69
76.1 69
76.0999 69
76.0998 69
76.0996 69
76.0995 69
76.0994 69
76.0992 69
76.0991 69
76.0989 69
76.0988 69
76.0987 69
76.0985 69
76.0984 69
76.0983 69
76.0981 69
76.098 69
76.0979 69
76.0977 69
76.0976 69
76.0975 69
76.0973 69
76.0972 69
76.0971 69
76.0969 69
76.0968 69
76.0966 69
76.0965 69
76.0964 69
76.0962 69
76.0961 69
76.096 69
76.0958 69
76.0957 69
76.0956 69
76.0954 69
76.0953 69
76.0952 69
76.095 69
76.0949 69
76.0948 69
76.0946 69
76.0945 69
76.0944 69
76.0942 69
76.0941 69
76.094 69
76.0938 69
76.0937 69
76.0936 69
76.0934 69
76.0933 69
76.0932 69
76.093 69
76.0929 69
76.0928 69
76.0927 69
76.0925 69
76.0924 69
76.0923 69
76.0921 69
76.092 69
76.0919 69
76.0917 69
76.0916 69
76.0915 69
76.0913 69
76.0912 69
76.0911 69
76.0909 69
76.0908 69
76.0907 69
76.0905 69
76.0904 69
76.0903 69
76.0902 69
76.09 69
76.0899 69
76.0898 69
76.0896 69
76.0895 69
76.0894 69
76.0892 69
76.0891 69
76.089 69
76.0889 69
76.0887 69
76.0886 69
76.0885 69
76.0883 69
76.0882 69
76.0881 69
76.0879 69
76.0878 69
76.0877 69
76.0876 69
76.0875 69
76.0873 69
76.0872 69
76.0871 69
76.087 69
76.0869 69
76.0868 69
76.0866 69
76.0865 69
76.0864 69
76.0863 69
76.0862 69
76.0861 69
76.086 69
76.0858 69
76.0857 69
76.0856 69
76.0855 69
76.0854 69
76.0853 69
76.0852 69
76.085 69
76.0849 69
76.0848 69
76.0847 69
76.0846 69
76.0845 69
76.0844 69
76.0842 69
76.0841 69
76.084 69
76.0839 69
76.0838 69
76.0837 69
76.0836 69
76.0834 69
76.0833 69
76.0832 69
76.0831 69
76.083 69
76.0829 69
76.0828 69
76.0827 69
76.0826 69
76.0825 69
76.0824 69
76.0823 69
76.0822 69
76.0821 69
76.082 69
76.0819 69
76.0819 69
76.0818 69
76.0817 69
76.0816 69
76.0815 69
76.0814 69
76.0813 69
76.0812 69
76.0812 69
76.0811 69
76.081 69
76.0809 69
76.0808 69
76.0807 69
76.0806 69
76.0805 69
76.0805 69
76.0804 69
76.0803 69
76.0802 69
76.0801 69
76.08 69
76.0799 69
76.0798 69
76.0798 69
76.0797 69
76.0796 69
76.0795 69
76.0794 69
76.0793 69
76.0792 69
76.0792 69
76.0791 69
76.079 69
76.0789 69
76.0788 69
76.0787 69
76.0786 69
76.0786 69
76.0785 69
76.0784 69
76.0783 69
76.0782 69
76.0781 69
76.0781 69
76.078 69
76.0779 69
76.0778 69
76.0777 69
76.0776 69
76.0775 69
76.0775 69
76.0774 69
76.0773 69
76.0772 69
76.0771 69
76.0771 69
76.077 69
76.0769 69
76.0769 69
76.0768 69
76.0768 69
76.0767 69
76.0767 69
76.0766 69
76.0766 69
76.0765 69
76.0765 69
76.0764 69
76.0763 69
76.0763 69
76.0762 69
76.0762 69
76.0761 69
76.0761 69
76.076 69
76.076 69
76.0759 69
76.0759 69
76.0758 69
76.0758 69
76.0757 69
76.0756 69
76.0756 69
76.0755 69
76.0755 69
76.0754 69
76.0754 69
76.0753 69
76.0753 69
76.0752 69
76.0752 69
76.0751 69
76.0751 69
76.075 69
76.075 69
76.0749 69
76.0749 69
76.0748 69
76.0748 69
76.0747 69
76.0747 69
76.0746 69
76.0746 69
76.0745 69
76.0745 69
76.0744 69
76.0743 69
76.0743 69
76.0742 69
76.0742 69
76.0741 69
76.0741 69
76.074 69
76.074 69
76.0739 69
76.0739 69
76.0739 69
76.0739 69
76.0738 69
76.0738 69
76.0738 69
76.0738 69
76.0737 69
76.0737 69
76.0737 69
76.0737 69
76.0736 69
76.0736 69
76.0736 69
76.0736 69
76.0736 69
76.0736 69
76.0736 69
76.0735 69
76.0735 69
76.0735 69
76.0735 69
76.0735 69
76.0735 69
76.0735 69
76.0735 69
76.0734 69
76.0734 69
76.0734 69
76.0734 69
76.0734 69
76.0734 69
76.0734 69
76.0734 69
76.0733 69
76.0733 69
76.0733 69
76.0733 69
76.0733 69
76.0733 69
76.0733 69
76.0733 69
76.0733 69
76.0733 69
76.0733 69
76.0733 69
76.0733 69
76.0733 69
76.0733 69
76.0733 69
76.0733 69
76.0733 69
76.0733 69
76.0733 69
76.0733 69
76.0733 69
76.0733 69
76.0733 69
76.0733 69
76.0733 69
76.0733 69
76.0733 69
76.0733 69
76.0733 69
76.0733 69
76.0733 69
76.0733 69
76.0733 69
76.0733 69
76.0733 69
76.0733 69
76.0733 69
76.0733 69
76.0733 69
76.0733 69
76.0733 69
76.0733 69
76.0733 69
76.0733 69
76.0733 69
76.0733 69
76.0733 69
76.0733 69
76.0733 69
76.0733 69
76.0733 69
76.0733 69
76.0733 69
76.0733 69
76.0733 69
76.0733 69
76.0733 69
76.0733 69
76.0733 69
76.0733 69
76.0733 69
76.0733 69
76.0733 69
76.0733 69
76.0733 69
76.0733 69
76.0733 69
76.0733 69
76.0734 69
76.0734 69
76.0734 69
76.0734 69
76.0734 69
76.0734 69
76.0734 69
76.0734 69
76.0734 69
76.0734 69
76.0734 69
76.0734 69
76.0734 69
76.0734 69
76.0734 69
76.0734 69
76.0734 69
76.0734 69
76.0734 69
76.0734 69
76.0734 69
76.0734 69
76.0735 69
76.0735 69
76.0735 69
76.0735 69
76.0735 69
76.0735 69
76.0735 69
76.0735 69
76.0735 69
76.0735 69
76.0735 69
76.0735 69
76.0735 69
76.0735 69
76.0735 69
76.0735 69
76.0736 69
76.0736 69
76.0736 69
76.0736 69
76.0736 69
76.0736 69
76.0736 69
76.0736 69
76.0736 69
76.0736 69
76.0736 69
76.0736 69
76.0736 69
76.0736 69
76.0737 69
76.0737 69
76.0737 69
76.0737 69
76.0737 69
76.0737 69
76.0737 69
76.0737 69
76.0737 69
76.0737 69
76.0737 69
76.0737 69
76.0738 69
76.0738 69
76.0738 69
76.0738 69
76.0738 69
76.0738 69
76.0738 69
76.0738 69
76.0738 69
76.0738 69
76.0738 69
76.0739 69
76.0739 69
76.0739 69
76.0739 69
76.0739 69
76.0739 69
76.0739 69
76.0739 69
76.0739 69
76.0739 69
76.074 69
76.074 69
76.074 69
76.074 69
76.074 69
76.074 69
76.074 69
76.074 69
76.074 69
76.0741 69
76.0741 69
76.0741 69
76.0741 69
76.0741 69
76.0741 69
76.0741 69
76.0741 69
76.0741 69
76.0742 69
76.0742 69
76.0742 69
76.0742 69
76.0742 69
76.0742 69
76.0742 69
76.0742 69
76.0743 69
76.0743 69
76.0743 69
76.0743 69
76.0743 69
76.0743 69
76.0743 69
76.0743 69
76.0744 69
76.0744 69
76.0744 69
76.0744 69
76.0744 69
76.0744 69
76.0744 69
76.0744 69
76.0745 69
76.0745 69
76.0745 69
76.0745 69
76.0745 69
76.0745 69
76.0745 69
76.0746 69
76.0746 69
76.0746 69
76.0746 69
76.0746 69
76.0746 69
76.0746 69
76.0747 69
76.0747 69
76.0747 69
76.0747 69
76.0747 69
76.0747 69
76.0747 69
76.0748 69
76.0748 69
76.0748 69
76.0748 69
76.0748 69
76.0748 69
76.0749 69
76.0749 69
76.0749 69
76.0749 69
76.0749 69
76.0749 69
76.0749 69
76.075 69
76.075 69
76.075 69
76.075 69
76.075 69
76.075 69
76.0751 69
76.0751 69
76.0751 69
76.0751 69
76.0751 69
76.0751 69
76.0752 69
76.0752 69
76.0752 69
76.0752 69
76.0752 69
76.0752 69
76.0753 69
76.0753 69
76.0753 69
76.0753 69
76.0753 69
76.0754 69
76.0754 69
76.0754 69
76.0754 69
76.0754 69
76.0754 69
76.0755 69
76.0755 69
76.0755 69
76.0755 69
76.0755 69
76.0756 69
76.0756 69
76.0756 69
76.0756 69
76.0756 69
76.0757 69
76.0757 69
76.0757 69
76.0757 69
76.0757 69
76.0757 69
76.0758 69
76.0758 69
76.0758 69
76.0758 69
76.0758 69
76.0759 69
76.0759 69
76.0759 69
76.0759 69
76.0759 69
76.076 69
76.076 69
76.076 69
76.076 69
76.0761 69
76.0761 69
76.0761 69
76.0761 69
76.0761 69
76.0762 69
76.0762 69
76.0762 69
76.0762 69
76.0762 69
76.0763 69
76.0763 69
76.0763 69
76.0763 69
76.0763 69
76.0764 69
76.0764 69
76.0764 69
76.0764 69
76.0765 69
76.0765 69
76.0765 69
76.0765 69
76.0765 69
76.0766 69
76.0766 69
76.0766 69
76.0766 69
76.0767 69
76.0767 69
76.0767 69
76.0767 69
76.0768 69
76.0768 69
76.0768 69
76.0768 69
76.0768 69
76.0769 69
76.0769 69
76.0769 69
76.0769 69
76.077 69
76.077 69
76.077 69
76.077 69
76.0771 69
76.0771 69
76.0771 69
76.0771 69
76.0772 69
76.0772 69
76.0772 69
76.0772 69
76.0773 69
76.0773 69
76.0773 69
76.0773 69
76.0774 69
76.0774 69
76.0774 69
76.0774 69
76.0775 69
76.0775 69
76.0775 69
76.0775 69
76.0776 69
76.0776 69
76.0776 69
76.0776 69
76.0777 69
76.0777 69
76.0777 69
76.0777 69
76.0778 69
76.0778 69
76.0778 69
76.0778 69
76.0779 69
76.0779 69
76.0779 69
76.078 69
76.078 69
76.078 69
76.078 69
76.0781 69
76.0781 69
76.0781 69
76.0781 69
76.0782 69
76.0782 69
76.0782 69
76.0783 69
76.0783 69
76.0783 69
76.0783 69
76.0784 69
76.0784 69
76.0784 69
76.0784 69
76.0785 69
76.0785 69
76.0785 69
76.0786 69
76.0786 69
76.0786 69
76.0786 69
76.0787 69
76.0787 69
76.0787 69
76.0788 69
76.0788 69
76.0788 69
76.0788 69
76.0789 69
76.0789 69
76.0789 69
76.079 69
76.079 69
76.079 69
76.0791 69
76.0791 69
76.0791 69
76.0791 69
76.0792 69
76.0792 69
76.0792 69
76.0793 69
76.0793 69
76.0793 69
76.0794 69
76.0794 69
76.0794 69
76.0795 69
76.0795 69
76.0795 69
76.0795 69
76.0796 69
76.0796 69
76.0796 69
76.0797 69
76.0797 69
76.0797 69
76.0798 69
76.0798 69
76.0798 69
76.0799 69
76.0799 69
76.0799 69
76.08 69
76.08 69
76.08 69
76.08 69
76.0801 69
76.0801 69
76.0801 69
76.0802 69
76.0802 69
76.0802 69
76.0803 69
76.0803 69
76.0803 69
76.0804 69
76.0804 69
76.0804 69
76.0805 69
76.0805 69
76.0805 69
76.0806 69
76.0806 69
76.0806 69
76.0807 69
76.0807 69
76.0807 69
76.0808 69
76.0808 69
76.0808 69
76.0809 69
76.0809 69
76.0809 69
76.081 69
76.081 69
76.0811 69
76.0811 69
76.0811 69
76.0812 69
76.0812 69
76.0812 69
76.0813 69
76.0813 69
76.0813 69
76.0814 69
76.0814 69
76.0814 69
76.0815 69
76.0815 69
76.0815 69
76.0816 69
76.0816 69
76.0817 69
76.0817 69
76.0817 69
76.0818 69
76.0818 69
76.0818 69
76.0819 69
76.0819 69
76.0819 69
76.082 69
76.082 69
76.082 69
76.0821 69
76.0821 69
76.0822 69
76.0822 69
76.0822 69
76.0823 69
76.0823 69
76.0823 69
76.0824 69
76.0824 69
76.0825 69
76.0825 69
76.0825 69
76.0826 69
76.0826 69
76.0826 69
76.0827 69
76.0827 69
76.0828 69
76.0828 69
76.0828 69
76.0829 69
76.0829 69
76.083 69
76.083 69
76.083 69
76.0831 69
76.0831 69
76.0831 69
76.0832 69
76.0832 69
76.0833 69
76.0833 69
76.0833 69
76.0834 69
76.0834 69
76.0835 69
76.0835 69
76.0835 69
76.0836 69
76.0836 69
76.0837 69
76.0837 69
76.0837 69
76.0838 69
76.0838 69
76.0839 69
76.0839 69
76.0839 69
76.084 69
76.084 69
76.0841 69
76.0841 69
76.0841 69
76.0842 69
76.0842 69
76.0843 69
76.0843 69
76.0843 69
76.0844 69
76.0844 69
76.0845 69
76.0845 69
76.0846 69
76.0846 69
76.0846 69
76.0847 69
76.0847 69
76.0848 69
76.0848 69
76.0848 69
76.0849 69
76.0849 69
76.085 69
76.085 69
76.0851 69
76.0851 69
76.0851 69
76.0852 69
76.0852 69
76.0853 69
76.0853 69
76.0854 69
76.0854 69
76.0854 69
76.0855 69
76.0855 69
76.0856 69
76.0856 69
76.0857 69
76.0857 69
76.0857 69
76.0858 69
76.0858 69
76.0859 69
76.0859 69
76.086 69
76.086 69
76.0861 69
76.0861 69
76.0861 69
76.0862 69
76.0862 69
76.0863 69
76.0863 69
76.0864 69
76.0864 69
76.0865 69
76.0865 69
76.0865 69
76.0866 69
76.0866 69
76.0867 69
76.0867 69
76.0868 69
76.0868 69
76.0869 69
76.0869 69
76.087 69
76.087 69
76.0871 69
76.0871 69
76.0871 69
76.0872 69
76.0872 69
76.0873 69
76.0873 69
76.0874 69
76.0874 69
76.0875 69
76.0875 69
76.0876 69
76.0876 69
76.0877 69
76.0877 69
76.0877 69
76.0878 69
76.0878 69
76.0879 69
76.0879 69
76.088 69
76.088 69
76.0881 69
76.0881 69
76.0882 69
76.0882 69
76.0883 69
76.0883 69
76.0884 69
76.0884 69
76.0885 69
76.0885 69
76.0886 69
76.0886 69
76.0887 69
76.0887 69
76.0888 69
76.0888 69
76.0889 69
76.0889 69
76.089 69
76.089 69
76.089 69
76.0891 69
76.0891 69
76.0892 69
76.0892 69
76.0893 69
76.0893 69
76.0894 69
76.0894 69
76.0895 69
76.0895 69
76.0896 69
76.0896 69
76.0897 69
76.0897 69
76.0898 69
76.0898 69
76.0899 69
76.0899 69
76.09 69
76.09 69
76.0901 69
76.0902 69
76.0902 69
76.0903 69
76.0903 69
76.0904 69
76.0904 69
76.0905 69
76.0905 69
76.0906 69
76.0906 69
76.0907 69
76.0907 69
76.0908 69
76.0908 69
76.0909 69
76.0909 69
76.091 69
76.091 69
76.0911 69
76.0911 69
76.0912 69
76.0912 69
76.0913 69
76.0913 69
76.0914 69
76.0914 69
76.0915 69
76.0916 69
76.0916 69
76.0917 69
76.0917 69
76.0918 69
76.0918 69
76.0919 69
76.0919 69
76.092 69
76.092 69
76.0921 69
76.0921 69
76.0922 69
76.0922 69
76.0923 69
76.0924 69
76.0924 69
76.0925 69
76.0925 69
76.0926 69
76.0926 69
76.0927 69
76.0927 69
76.0928 69
76.0928 69
76.0929 69
76.093 69
76.093 69
76.0931 69
76.0931 69
76.0932 69
76.0932 69
76.0933 69
76.0933 69
76.0934 69
76.0935 69
76.0935 69
76.0936 69
76.0936 69
76.0937 69
76.0937 69
76.0938 69
76.0938 69
76.0939 69
76.094 69
76.094 69
76.0941 69
76.0941 69
76.0942 69
76.0942 69
76.0943 69
76.0944 69
76.0944 69
76.0945 69
76.0945 69
76.0946 69
76.0946 69
76.0947 69
76.0948 69
76.0948 69
76.0949 69
76.0949 69
76.095 69
76.095 69
76.0951 69
76.0952 69
76.0952 69
76.0953 69
76.0953 69
76.0954 69
76.0954 69
76.0955 69
76.0956 69
76.0956 69
76.0957 69
76.0957 69
76.0958 69
76.0959 69
76.0959 69
76.096 69
76.096 69
76.0961 69
76.0962 69
76.0962 69
76.0963 69
76.0963 69
76.0964 69
76.0964 69
76.0965 69
76.0966 69
76.0966 69
76.0967 69
76.0967 69
76.0968 69
76.0969 69
76.0969 69
76.097 69
76.097 69
76.0971 69
76.0972 69
76.0972 69
76.0973 69
76.0974 69
76.0974 69
76.0975 69
76.0975 69
76.0976 69
76.0977 69
76.0977 69
76.0978 69
76.0978 69
76.0979 69
76.098 69
76.098 69
76.0981 69
76.0981 69
76.0982 69
76.0983 69
76.0983 69
76.0984 69
76.0985 69
76.0985 69
76.0986 69
76.0986 69
76.0987 69
76.0988 69
76.0988 69
76.0989 69
76.099 69
76.099 69
76.0991 69
76.0991 69
76.0992 69
76.0993 69
76.0993 69
76.0994 69
76.0995 69
76.0995 69
76.0996 69
76.0997 69
76.0997 69
76.0998 69
76.0998 69
76.0999 69
76.1 69
76.1 69
76.1001 69
76.1002 69
76.1002 69
76.1003 69
76.1004 69
76.1004 69
76.1005 69
76.1006 69
76.1006 69
76.1007 69
76.1007 69
76.1008 69
76.1009 69
76.1009 69
76.101 69
76.1011 69
76.1011 69
76.1012 69
76.1013 69
76.1013 69
76.1014 69
76.1015 69
76.1015 69
76.1016 69
76.1017 69
76.1017 69
76.1018 69
76.1019 69
76.1019 69
76.102 69
76.1021 69
76.1021 69
76.1022 69
76.1023 69
76.1023 69
76.1024 69
76.1025 69
76.1025 69
76.1026 69
76.1027 69
76.1027 69
76.1028 69
76.1029 69
76.1029 69
76.103 69
76.1031 69
76.1031 69
76.1032 69
76.1033 69
76.1033 69
76.1034 69
76.1035 69
76.1035 69
76.1036 69
76.1037 69
76.1037 69
76.1038 69
76.1039 69
76.1039 69
76.104 69
76.1041 69
76.1042 69
76.1042 69
76.1043 69
76.1044 69
76.1044 69
76.1045 69
76.1046 69
76.1046 69
76.1047 69
76.1048 69
76.1048 69
76.1049 69
76.105 69
76.1051 69
76.1051 69
76.1052 69
76.1053 69
76.1053 69
76.1054 69
76.1055 69
76.1055 69
76.1056 69
76.1057 69
76.1058 69
76.1058 69
76.1059 69
76.106 69
76.106 69
76.1061 69
76.1062 69
76.1063 69
76.1063 69
76.1064 69
76.1065 69
76.1065 69
76.1066 69
76.1067 69
76.1068 69
76.1068 69
76.1069 69
76.107 69
76.107 69
76.1071 69
76.1072 69
76.1073 69
76.1073 69
76.1074 69
76.1075 69
76.1075 69
76.1076 69
76.1077 69
76.1078 69
76.1078 69
76.1079 69
76.108 69
76.1081 69
76.1081 69
76.1082 69
76.1083 69
76.1083 69
76.1084 69
76.1085 69
76.1086 69
76.1086 69
76.1087 69
76.1088 69
76.1089 69
76.1089 69
76.109 69
76.1091 69
76.1092 69
76.1092 69
76.1093 69
76.1094 69
76.1095 69
76.1095 69
76.1096 69
76.1097 69
76.1098 69
76.1098 69
76.1099 69
76.11 69
76.1101 69
76.1101 69
76.1102 69
76.1103 69
76.1104 69
76.1104 69
76.1105 69
76.1106 69
76.1107 69
76.1107 69
76.1108 69
76.1109 69
76.111 69
76.111 69
76.1111 69
76.1112 69
76.1113 69
76.1113 69
76.1114 69
76.1115 69
76.1116 69
76.1117 69
76.1117 69
76.1118 69
76.1119 69
76.112 69
76.112 69
76.1121 69
76.1122 69
76.1123 69
76.1123 69
76.1124 69
76.1125 69
76.1126 69
76.1127 69
76.1127 69
76.1128 69
76.1129 69
76.113 69
76.113 69
76.1131 69
76.1132 69
76.1133 69
76.1134 69
76.1134 69
76.1135 69
76.1136 69
76.1137 69
76.1138 69
76.1138 69
76.1139 69
76.114 69
76.1141 69
76.1141 69
76.1142 69
76.1143 69
76.1144 69
76.1145 69
76.1145 69
76.1146 69
76.1147 69
76.1148 69
76.1149 69
76.1149 69
76.115 69
76.1151 69
76.1152 69
76.1153 69
76.1153 69
76.1154 69
76.1155 69
76.1156 69
76.1157 69
76.1157 69
76.1158 69
76.1159 69
76.116 69
76.1161 69
76.1161 69
76.1162 69
76.1163 69
76.1164 69
76.1165 69
76.1166 69
76.1166 69
76.1167 69
76.1168 69
76.1169 69
76.117 69
76.117 69
76.1171 69
76.1172 69
76.1173 69
76.1174 69
76.1175 69
76.1175 69
76.1176 69
76.1177 69
76.1178 69
76.1179 69
76.118 69
76.118 69
76.1181 69
76.1182 69
76.1183 69
76.1184 69
76.1185 69
76.1185 69
76.1186 69
76.1187 69
76.1188 69
76.1189 69
76.119 69
76.119 69
76.1191 69
76.1192 69
76.1193 69
76.1194 69
76.1195 69
76.1195 69
76.1196 69
76.1197 69
76.1198 69
76.1199 69
76.12 69
76.12 69
76.1201 69
76.1202 69
76.1203 69
76.1204 69
76.1205 69
76.1206 69
76.1206 69
76.1207 69
76.1208 69
76.1209 69
76.121 69
76.1211 69
76.1212 69
76.1212 69
76.1213 69
76.1214 69
76.1215 69
76.1216 69
76.1217 69
76.1218 69
76.1218 69
76.1219 69
76.122 69
76.1221 69
76.1222 69
76.1223 69
76.1224 69
76.1224 69
76.1225 69
76.1226 69
76.1227 69
76.1228 69
76.1229 69
76.123 69
76.1231 69
76.1231 69
76.1232 69
76.1233 69
76.1234 69
76.1235 69
76.1236 69
76.1237 69
76.1238 69
76.1238 69
76.1239 69
76.124 69
76.1241 69
76.1242 69
76.1243 69
76.1244 69
76.1245 69
76.1246 69
76.1246 69
76.1247 69
76.1248 69
76.1249 69
76.125 69
76.1251 69
76.1252 69
76.1253 69
76.1254 69
76.1254 69
76.1255 69
76.1256 69
76.1257 69
76.1258 69
76.1259 69
76.126 69
76.1261 69
76.1262 69
76.1263 69
76.1263 69
76.1264 69
76.1265 69
76.1266 69
76.1267 69
76.1268 69
76.1269 69
76.127 69
76.1271 69
76.1272 69
76.1273 69
76.1273 69
76.1274 69
76.1275 69
76.1276 69
76.1277 69
76.1278 69
76.1279 69
76.128 69
76.1281 69
76.1282 69
76.1283 69
76.1284 69
76.1284 69
76.1285 69
76.1286 69
76.1287 69
76.1288 69
76.1289 69
76.129 69
76.1291 69
76.1292 69
76.1293 69
76.1294 69
76.1295 69
76.1296 69
76.1296 69
76.1297 69
76.1298 69
76.1299 69
76.13 69
76.1301 69
76.1302 69
76.1303 69
76.1304 69
76.1305 69
76.1306 69
76.1307 69
76.1308 69
76.1309 69
76.131 69
76.131 69
76.1311 69
76.1312 69
76.1313 69
76.1314 69
76.1315 69
76.1316 69
76.1317 69
76.1318 69
76.1319 69
76.132 69
76.1321 69
76.1322 69
76.1323 69
76.1324 69
76.1325 69
76.1326 69
76.1327 69
76.1328 69
76.1329 69
76.1329 69
76.133 69
76.1331 69
76.1332 69
76.1333 69
76.1334 69
76.1335 69
76.1336 69
76.1337 69
76.1338 69
76.1339 69
76.134 69
76.1341 69
76.1342 69
76.1343 69
76.1344 69
76.1345 69
76.1346 69
76.1347 69
76.1348 69
76.1349 69
76.135 69
76.1351 69
76.1352 69
76.1353 69
76.1354 69
76.1355 69
76.1356 69
76.1357 69
76.1358 69
76.1359 69
76.136 69
76.1361 69
76.1361 69
76.1362 69
76.1363 69
76.1364 69
76.1365 69
76.1366 69
76.1367 69
76.1368 69
76.1369 69
76.137 69
76.1371 69
76.1372 69
76.1373 69
76.1374 69
76.1375 69
76.1376 69
76.1377 69
76.1378 69
76.1379 69
76.138 69
76.1381 69
76.1382 69
76.1383 69
76.1384 69
76.1385 69
76.1386 69
76.1387 69
76.1388 69
76.1389 69
76.139 69
76.1391 69
76.1392 69
76.1393 69
76.1394 69
76.1395 69
76.1396 69
76.1397 69
76.1398 69
76.1399 69
76.14 69
76.1401 69
76.1402 69
76.1403 69
76.1404 69
76.1405 69
76.1406 69
76.1408 69
76.1409 69
76.141 69
76.1411 69
76.1412 69
76.1413 69
76.1414 69
76.1415 69
76.1416 69
76.1417 69
76.1418 69
76.1419 69
76.142 69
76.1421 69
76.1422 69
76.1423 69
76.1424 69
76.1425 69
76.1426 69
76.1427 69
76.1428 69
76.1429 69
76.143 69
76.1431 69
76.1432 69
76.1433 69
76.1434 69
76.1435 69
76.1436 69
76.1437 69
76.1438 69
76.1439 69
76.144 69
76.1442 69
76.1443 69
76.1444 69
76.1445 69
76.1446 69
76.1447 69
76.1448 69
76.1449 69
76.145 69
76.1451 69
76.1452 69
76.1453 69
76.1454 69
76.1455 69
76.1456 69
76.1457 69
76.1458 69
76.1459 69
76.146 69
76.1461 69
76.1463 69
76.1464 69
76.1465 69
76.1466 69
76.1467 69
76.1468 69
76.1469 69
76.147 69
76.1471 69
76.1472 69
76.1473 69
76.1474 69
76.1475 69
76.1476 69
76.1477 69
76.1479 69
76.148 69
76.1481 69
76.1482 69
76.1483 69
76.1484 69
76.1485 69
76.1486 69
76.1487 69
76.1488 69
76.1489 69
76.149 69
76.1491 69
76.1492 69
76.1494 69
76.1495 69
76.1496 69
76.1497 69
76.1498 69
76.1499 69
76.15 69
76.1501 69
76.1502 69
76.1503 69
76.1504 69
76.1506 69
76.1507 69
76.1508 69
76.1509 69
76.151 69
76.1511 69
76.1512 69
76.1513 69
76.1514 69
76.1515 69
76.1516 69
76.1518 69
76.1519 69
76.152 69
76.1521 69
76.1522 69
76.1523 69
76.1524 69
76.1525 69
76.1526 69
76.1527 69
76.1529 69
76.153 69
76.1531 69
76.1532 69
76.1533 69
76.1534 69
76.1535 69
76.1536 69
76.1537 69
76.1539 69
76.154 69
76.1541 69
76.1542 69
76.1543 69
76.1544 69
76.1545 69
76.1546 69
76.1547 69
76.1549 69
76.155 69
76.1551 69
76.1552 69
76.1553 69
76.1554 69
76.1555 69
76.1556 69
76.1558 69
76.1559 69
76.156 69
76.1561 69
76.1562 69
76.1563 69
76.1564 69
76.1565 69
76.1567 69
76.1568 69
76.1569 69
76.157 69
76.1571 69
76.1572 69
76.1573 69
76.1575 69
76.1576 69
76.1577 69
76.1578 69
76.1579 69
76.158 69
76.1581 69
76.1583 69
76.1584 69
76.1585 69
76.1586 69
76.1587 69
76.1588 69
76.1589 69
76.1591 69
76.1592 69
76.1593 69
76.1594 69
76.1595 69
76.1596 69
76.1597 69
76.1599 69
76.16 69
76.1601 69
76.1602 69
76.1603 69
76.1604 69
76.1606 69
76.1607 69
76.1608 69
76.1609 69
76.161 69
76.1611 69
76.1613 69
76.1614 69
76.1615 69
76.1616 69
76.1617 69
76.1618 69
76.162 69
76.1621 69
76.1622 69
76.1623 69
76.1624 69
76.1625 69
76.1627 69
76.1628 69
76.1629 69
76.163 69
76.1631 69
76.1632 69
76.1634 69
76.1635 69
76.1636 69
76.1637 69
76.1638 69
76.1639 69
76.1641 69
76.1642 69
76.1643 69
76.1644 69
76.1645 69
76.1647 69
76.1648 69
76.1649 69
76.165 69
76.1651 69
76.1653 69
76.1654 69
76.1655 69
76.1656 69
76.1657 69
76.1658 69
76.166 69
76.1661 69
76.1662 69
76.1663 69
76.1664 69
76.1666 69
76.1667 69
76.1668 69
76.1669 69
76.167 69
76.1672 69
76.1673 69
76.1674 69
76.1675 69
76.1676 69
76.1678 69
76.1679 69
76.168 69
76.1681 69
76.1682 69
76.1684 69
76.1685 69
76.1686 69
76.1687 69
76.1689 69
76.169 69
76.1691 69
76.1692 69
76.1693 69
76.1695 69
76.1696 69
76.1697 69
76.1698 69
76.1699 69
76.1701 69
76.1702 69
76.1703 69
76.1704 69
76.1706 69
76.1707 69
76.1708 69
76.1709 69
76.171 69
76.1712 69
76.1713 69
76.1714 69
76.1715 69
76.1717 69
76.1718 69
76.1719 69
76.172 69
76.1722 69
76.1723 69
76.1724 69
76.1725 69
76.1726 69
76.1728 69
76.1729 69
76.173 69
76.1731 69
76.1733 69
76.1734 69
76.1735 69
76.1736 69
76.1738 69
76.1739 69
76.174 69
76.1741 69
76.1743 69
76.1744 69
76.1745 69
76.1746 69
76.1748 69
76.1749 69
76.175 69
76.1751 69
76.1753 69
76.1754 69
76.1755 69
76.1756 69
76.1758 69
76.1759 69
76.176 69
76.1761 69
76.1763 69
76.1764 69
76.1765 69
76.1766 69
76.1768 69
76.1769 69
76.177 69
76.1771 69
76.1773 69
76.1774 69
76.1775 69
76.1777 69
76.1778 69
76.1779 69
76.178 69
76.1782 69
76.1783 69
76.1784 69
76.1785 69
76.1787 69
76.1788 69
76.1789 69
76.1791 69
76.1792 69
76.1793 69
76.1794 69
76.1796 69
76.1797 69
76.1798 69
76.1799 69
76.1801 69
76.1802 69
76.1803 69
76.1805 69
76.1806 69
76.1807 69
76.1808 69
76.181 69
76.1811 69
76.1812 69
76.1814 69
76.1815 69
76.1816 69
76.1817 69
76.1819 69
76.182 69
76.1821 69
76.1823 69
76.1824 69
76.1825 69
76.1827 69
76.1828 69
76.1829 69
76.183 69
76.1832 69
76.1833 69
76.1834 69
76.1836 69
76.1837 69
76.1838 69
76.184 69
76.1841 69
76.1842 69
76.1843 69
76.1845 69
76.1846 69
76.1847 69
76.1849 69
76.185 69
76.1851 69
76.1853 69
76.1854 69
76.1855 69
76.1857 69
76.1858 69
76.1859 69
76.1861 69
76.1862 69
76.1863 69
76.1864 69
76.1866 69
76.1867 69
76.1868 69
76.187 69
76.1871 69
76.1872 69
76.1874 69
76.1875 69
76.1876 69
76.1878 69
76.1879 69
76.188 69
76.1882 69
76.1883 69
76.1884 69
76.1886 69
76.1887 69
76.1888 69
76.189 69
76.1891 69
76.1892 69
76.1894 69
76.1895 69
76.1896 69
76.1898 69
76.1899 69
76.19 69
76.1902 69
76.1903 69
76.1904 69
76.1906 69
76.1907 69
76.1908 69
76.191 69
76.1911 69
76.1913 69
76.1914 69
76.1915 69
76.1917 69
76.1918 69
76.1919 69
76.1921 69
76.1922 69
76.1923 69
76.1925 69
76.1926 69
76.1927 69
76.1929 69
76.193 69
76.1931 69
76.1933 69
76.1934 69
76.1936 69
76.1937 69
76.1938 69
76.194 69
76.1941 69
76.1942 69
76.1944 69
76.1945 69
76.1946 69
76.1948 69
76.1949 69
76.1951 69
76.1952 69
76.1953 69
76.1955 69
76.1956 69
76.1957 69
76.1959 69
76.196 69
76.1962 69
76.1963 69
76.1964 69
76.1966 69
76.1967 69
76.1968 69
76.197 69
76.1971 69
76.1973 69
76.1974 69
76.1975 69
76.1977 69
76.1978 69
76.1979 69
76.1981 69
76.1982 69
76.1984 69
76.1985 69
76.1986 69
76.1988 69
76.1989 69
76.1991 69
76.1992 69
76.1993 69
76.1995 69
76.1996 69
76.1998 69
76.1999 69
76.2 69
76.2002 69
76.2003 69
76.2005 69
76.2006 69
76.2007 69
76.2009 69
76.201 69
76.2012 69
76.2013 69
76.2014 69
76.2016 69
76.2017 69
76.2019 69
76.202 69
76.2021 69
76.2023 69
76.2024 69
76.2026 69
76.2027 69
76.2028 69
76.203 69
76.2031 69
76.2033 69
76.2034 69
76.2036 69
76.2037 69
76.2038 69
76.204 69
76.2041 69
76.2043 69
76.2044 69
76.2045 69
76.2047 69
76.2048 69
76.205 69
76.2051 69
76.2053 69
76.2054 69
76.2055 69
76.2057 69
76.2058 69
76.206 69
76.2061 69
76.2063 69
76.2064 69
76.2065 69
76.2067 69
76.2068 69
76.207 69
76.2071 69
76.2073 69
76.2074 69
76.2075 69
76.2077 69
76.2078 69
76.208 69
76.2081 69
76.2083 69
76.2084 69
76.2086 69
76.2087 69
76.2088 69
76.209 69
76.2091 69
76.2093 69
76.2094 69
76.2096 69
76.2097 69
76.2099 69
76.21 69
76.2101 69
76.2103 69
76.2104 69
76.2106 69
76.2107 69
76.2109 69
76.211 69
76.2112 69
76.2113 69
76.2115 69
76.2116 69
76.2118 69
76.2119 69
76.212 69
76.2122 69
76.2123 69
76.2125 69
76.2126 69
76.2128 69
76.2129 69
76.2131 69
76.2132 69
76.2134 69
76.2135 69
76.2137 69
76.2138 69
76.214 69
76.2141 69
76.2142 69
76.2144 69
76.2145 69
76.2147 69
76.2148 69
76.215 69
76.2151 69
76.2153 69
76.2154 69
76.2156 69
76.2157 69
76.2159 69
76.216 69
76.2162 69
76.2163 69
76.2165 69
76.2166 69
76.2168 69
76.2169 69
76.2171 69
76.2172 69
76.2174 69
76.2175 69
76.2177 69
76.2178 69
76.218 69
76.2181 69
76.2183 69
76.2184 69
76.2186 69
76.2187 69
76.2189 69
76.219 69
76.2192 69
76.2193 69
76.2195 69
76.2196 69
76.2198 69
76.2199 69
76.2201 69
76.2202 69
76.2204 69
76.2205 69
76.2207 69
76.2208 69
76.221 69
76.2211 69
76.2213 69
76.2214 69
76.2216 69
76.2217 69
76.2219 69
76.222 69
76.2222 69
76.2223 69
76.2225 69
76.2226 69
76.2228 69
76.2229 69
76.2231 69
76.2232 69
76.2234 69
76.2235 69
76.2237 69
76.2238 69
76.224 69
76.2241 69
76.2243 69
76.2244 69
76.2246 69
76.2248 69
76.2249 69
76.2251 69
76.2252 69
76.2254 69
76.2255 69
76.2257 69
76.2258 69
76.226 69
76.2261 69
76.2263 69
76.2264 69
76.2266 69
76.2267 69
76.2269 69
76.2271 69
76.2272 69
76.2274 69
76.2275 69
76.2277 69
76.2278 69
76.228 69
76.2281 69
76.2283 69
76.2284 69
76.2286 69
76.2288 69
76.2289 69
76.2291 69
76.2292 69
76.2294 69
76.2295 69
76.2297 69
76.2298 69
76.23 69
76.2301 69
76.2303 69
76.2305 69
76.2306 69
76.2308 69
76.2309 69
76.2311 69
76.2312 69
76.2314 69
76.2316 69
