0.1 -0.180869
0.2 -0.361376
0.3 -0.542789
0.4 -0.724691
0.5 -0.907086
0.6 -1.08998
0.7 -1.27337
0.8 -1.45726
0.9 -1.64166
1 -1.82657
0.291059 -1.88967
0.582082 -1.95281
0.873048 -2.016
1.16396 -2.07923
1.45483 -2.14251
1.74564 -2.20583
2.03639 -2.2692
2.32709 -2.33261
2.61784 -2.39604
2.90863 -2.45948
3.19938 -2.52295
3.4901 -2.58647
3.78078 -2.65002
4.07141 -2.71363
4.36198 -2.77727
4.6525 -2.84096
4.94296 -2.90471
5.23333 -2.96851
5.52362 -3.03236
5.81388 -3.09626
6.10413 -3.16017
6.39436 -3.22412
6.68456 -3.28811
6.97471 -3.35214
7.26481 -3.41621
7.55486 -3.48033
7.84487 -3.54448
8.13483 -3.60868
8.42473 -3.67293
8.71458 -3.73722
9.00437 -3.80156
9.29411 -3.86595
9.58379 -3.93039
9.87341 -3.99487
10.163 -4.0594
10.4525 -4.12397
10.742 -4.18859
11.0314 -4.25326
11.3207 -4.31798
11.61 -4.38274
11.8993 -4.44755
12.1885 -4.51241
12.4776 -4.57732
12.7667 -4.64228
13.0557 -4.7073
13.3446 -4.77236
13.6335 -4.83747
13.9223 -4.90263
14.2111 -4.96784
14.4998 -5.0331
14.7885 -5.09841
15.0771 -5.16377
15.3656 -5.22917
15.6541 -5.29463
15.9425 -5.36014
16.2309 -5.42569
16.5192 -5.4913
16.8075 -5.55697
17.0956 -5.6227
17.3838 -5.68847
17.6718 -5.75429
17.9598 -5.82016
18.2478 -5.88609
18.5357 -5.95206
18.8235 -6.01809
19.1113 -6.08418
19.399 -6.15032
19.6866 -6.21651
19.9742 -6.28276
20.2617 -6.34907
20.5492 -6.41543
20.8365 -6.48185
21.1238 -6.54834
21.4111 -6.61487
21.6983 -6.68146
21.9854 -6.7481
22.2725 -6.81479
22.5595 -6.88154
22.8465 -6.94834
23.1334 -7.01519
23.4202 -7.08209
23.707 -7.14905
23.9937 -7.21605
24.2804 -7.28311
24.567 -7.35022
24.8535 -7.41738
25.14 -7.4846
25.4265 -7.55187
25.7128 -7.6192
25.9991 -7.68658
26.2854 -7.75401
26.5716 -7.82149
26.8577 -7.88903
27.1438 -7.95663
27.4298 -8.02428
27.7157 -8.09198
28.0016 -8.15974
28.2874 -8.22756
28.5732 -8.29543
28.8589 -8.36335
29.1445 -8.43133
29.4301 -8.49936
29.7156 -8.56745
30.0011 -8.63559
30.2865 -8.70379
30.5718 -8.77204
30.8571 -8.84036
31.1423 -8.90872
31.4274 -8.97715
31.7125 -9.04564
31.9975 -9.1142
32.2825 -9.18281
32.5674 -9.25147
32.8522 -9.3202
33.137 -9.38898
33.4217 -9.45781
33.7063 -9.52671
33.9909 -9.59566
34.2754 -9.66468
34.5599 -9.73375
34.8443 -9.80287
35.1286 -9.87207
35.4129 -9.94132
35.6971 -10.0106
35.9812 -10.08
36.2653 -10.1494
36.5493 -10.2189
36.8332 -10.2885
37.1171 -10.3581
37.4009 -10.4278
37.6846 -10.4975
37.9683 -10.5673
38.252 -10.6372
38.5355 -10.7071
38.819 -10.7771
39.1024 -10.8471
39.3858 -10.9172
39.6691 -10.9874
39.9523 -11.0576
40.2354 -11.1279
40.5185 -11.1983
40.8016 -11.2687
41.0845 -11.3392
41.3674 -11.4097
41.6503 -11.4804
41.933 -11.551
42.2158 -11.6218
42.4984 -11.6925
42.781 -11.7634
43.0635 -11.8343
43.3459 -11.9053
43.6283 -11.9764
43.9106 -12.0475
44.1929 -12.1186
44.4751 -12.1899
44.7572 -12.2612
45.0392 -12.3325
45.3212 -12.404
45.6031 -12.4754
45.885 -12.547
46.1668 -12.6186
46.4485 -12.6903
46.7301 -12.7621
47.0117 -12.8339
47.2932 -12.9058
47.5747 -12.9777
47.8561 -13.0497
48.1374 -13.1218
48.4186 -13.1939
48.6998 -13.2661
48.9809 -13.3384
49.262 -13.4108
49.5429 -13.4832
49.8239 -13.5557
50.1047 -13.6282
50.3855 -13.7008
50.6662 -13.7735
50.9468 -13.8462
51.2274 -13.9191
51.5079 -13.9919
51.7883 -14.0649
52.0687 -14.1379
52.349 -14.211
52.6292 -14.2842
52.9094 -14.3574
53.1895 -14.4307
53.4695 -14.504
53.7494 -14.5775
54.0293 -14.651
54.3091 -14.7246
54.5889 -14.7982
54.8685 -14.8719
55.1481 -14.9457
55.4277 -15.0196
55.7071 -15.0935
55.9865 -15.1675
56.2658 -15.2416
56.5451 -15.3157
56.8243 -15.3899
57.1034 -15.4642
57.3824 -15.5386
57.6614 -15.613
57.9403 -15.6875
58.2191 -15.7621
58.4979 -15.8367
58.7766 -15.9114
59.0552 -15.9862
59.3337 -16.0611
59.6122 -16.1361
59.8906 -16.2111
60.1689 -16.2862
60.4471 -16.3613
60.7253 -16.4366
61.0034 -16.5119
61.2815 -16.5873
61.5594 -16.6628
61.8373 -16.7383
62.1152 -16.8139
62.3929 -16.8896
62.6706 -16.9654
62.9482 -17.0413
63.2257 -17.1172
63.5032 -17.1932
63.7805 -17.2693
64.0578 -17.3454
64.3351 -17.4217
64.6122 -17.498
64.8893 -17.5744
65.1663 -17.6509
65.4433 -17.7274
65.7201 -17.804
65.9969 -17.8808
66.2736 -17.9575
66.5503 -18.0344
66.8268 -18.1114
67.1033 -18.1884
67.3797 -18.2655
67.6561 -18.3427
67.9323 -18.42
68.2076 -18.4972
68.4811 -18.5741
68.7471 -18.6498
69.0087 -18.7247
69.2535 -18.7966
69.4605 -18.8616
69.5571 -18.9063
69.6808 -18.956
69.8043 -19.0057
69.9277 -19.0554
70.0509 -19.1051
70.1739 -19.1548
70.2968 -19.2046
70.4195 -19.2543
70.5418 -19.304
70.6631 -19.3536
70.783 -19.4029
70.9019 -19.4521
71.0197 -19.5012
71.1361 -19.55
71.2515 -19.5986
71.3664 -19.6472
71.4811 -19.6958
71.5957 -19.7444
71.7095 -19.7929
71.8214 -19.8411
71.929 -19.8885
72.0353 -19.9357
72.1361 -19.9819
72.2352 -20.0279
72.3293 -20.073
72.4201 -20.1175
72.5089 -20.1618
72.5975 -20.206
72.6861 -20.2504
72.7747 -20.2947
72.8631 -20.3391
72.9514 -20.3835
73.0397 -20.4279
73.128 -20.4724
73.2162 -20.5169
73.3042 -20.5615
73.3922 -20.606
73.48 -20.6506
73.5676 -20.6951
73.6552 -20.7397
73.7426 -20.7842
73.8299 -20.8288
73.917 -20.8733
74.0041 -20.9179
74.091 -20.9625
74.1778 -21.007
74.2643 -21.0516
74.3508 -21.0961
74.4372 -21.1407
74.5234 -21.1853
74.6095 -21.2298
74.6954 -21.2744
74.7813 -21.319
74.867 -21.3636
74.9528 -21.4084
75.0385 -21.4531
75.1241 -21.498
75.2098 -21.5429
75.2953 -21.5878
75.3807 -21.6327
75.466 -21.6776
75.5512 -21.7226
75.6363 -21.7676
75.7213 -21.8127
75.8061 -21.8577
75.8907 -21.9027
75.9753 -21.9477
76.0599 -21.9929
76.1443 -22.038
76.2286 -22.0831
76.3127 -22.1283
76.3967 -22.1734
76.4805 -22.2186
76.5642 -22.2637
76.6478 -22.3089
76.7312 -22.3541
76.8144 -22.3993
76.897 -22.4532
76.9787 -22.5097
77.0591 -22.5754
77.1376 -22.6581
77.2149 -22.7405
77.288 -22.8383
77.3584 -22.9468
77.421 -23.0548
77.4535 -23.1271
77.4754 -23.1849
77.4973 -23.2429
77.5191 -23.3011
77.5408 -23.3595
77.5624 -23.4181
77.5839 -23.4769
77.6045 -23.5357
77.625 -23.5947
77.6454 -23.6539
77.6658 -23.7134
77.6857 -23.7729
77.7055 -23.8326
77.7252 -23.8926
77.7448 -23.9528
77.7644 -24.0132
77.7839 -24.0738
77.8033 -24.1347
77.8226 -24.1958
77.8418 -24.2572
77.861 -24.3187
77.8801 -24.3806
77.8991 -24.4426
77.918 -24.5049
77.9368 -24.5674
77.9556 -24.6302
77.9743 -24.6932
77.9928 -24.7565
78.0111 -24.8212
78.0292 -24.8865
78.0466 -24.9529
78.064 -25.0196
78.0808 -25.0848
78.0973 -25.1494
78.1136 -25.2132
78.1293 -25.273
78.1447 -25.3309
78.1599 -25.3875
78.175 -25.4442
78.19 -25.5012
78.205 -25.5585
78.2199 -25.616
78.2346 -25.6738
78.2492 -25.7318
78.2637 -25.79
78.278 -25.8485
78.2924 -25.9073
78.3061 -25.969
78.3191 -26.0336
78.3311 -26.1005
78.3418 -26.1702
78.3524 -26.2403
78.3615 -26.305
78.3692 -26.3655
78.3768 -26.4262
78.3826 -26.4697
78.3871 -26.5056
78.3903 -26.5235
78.3931 -26.5385
78.3959 -26.5537
78.3986 -26.5691
78.401 -26.5848
78.4034 -26.6007
78.4057 -26.6168
78.4079 -26.6331
78.4098 -26.6497
78.4116 -26.6665
78.4129 -26.6835
78.4141 -26.7007
78.4153 -26.7182
78.4165 -26.736
78.4174 -26.7539
78.4184 -26.7722
78.4192 -26.7906
78.42 -26.8094
78.4207 -26.8283
78.4208 -26.8475
78.4209 -26.8669
78.4209 -26.8865
78.4209 -26.9065
78.4208 -26.9267
78.4206 -26.9471
78.4204 -26.9678
78.4201 -26.9888
78.4198 -27.01
78.4193 -27.0315
78.4184 -27.0532
78.4175 -27.0752
78.4166 -27.0974
78.4156 -27.12
78.4145 -27.1428
78.4134 -27.1658
78.4122 -27.1892
78.4108 -27.2128
78.4093 -27.2367
78.4078 -27.2608
78.4062 -27.2853
78.4046 -27.31
78.403 -27.335
78.4013 -27.3604
78.3996 -27.386
78.3978 -27.4119
78.3957 -27.4446
78.3935 -27.4781
78.3913 -27.5118
78.3888 -27.5491
78.3858 -27.5939
78.3828 -27.6389
78.3798 -27.6841
78.3767 -27.7294
78.3736 -27.775
78.3697 -27.8252
78.3658 -27.8759
78.3618 -27.9267
78.3577 -27.9777
78.3537 -28.0288
78.3495 -28.0795
78.3447 -28.1281
78.3399 -28.1768
78.3351 -28.2257
78.3302 -28.274
78.3249 -28.3191
78.3197 -28.3645
78.3144 -28.4101
78.3091 -28.4559
78.3038 -28.5019
78.2984 -28.5481
78.2931 -28.5945
78.2876 -28.6411
78.2822 -28.6879
78.2767 -28.735
78.2712 -28.7822
78.2656 -28.8296
78.2601 -28.8773
78.2545 -28.9251
78.2489 -28.9732
78.2432 -29.0215
78.2375 -29.07
78.2318 -29.1187
78.2261 -29.1676
78.2203 -29.2168
78.2146 -29.2661
78.2087 -29.3157
78.2029 -29.3655
78.197 -29.4155
78.1911 -29.4658
78.1852 -29.5163
78.1792 -29.567
78.1732 -29.6179
78.1672 -29.669
78.1612 -29.7204
78.1551 -29.772
78.149 -29.8239
78.1428 -29.8779
78.1365 -29.934
78.1302 -29.9903
78.1238 -30.0467
78.1174 -30.1034
78.1108 -30.1644
78.1041 -30.227
78.0974 -30.2899
78.0907 -30.3529
78.0839 -30.4161
78.0771 -30.4795
78.0702 -30.5431
78.0632 -30.6082
78.056 -30.6746
78.0488 -30.7412
78.0416 -30.8079
78.0343 -30.8749
78.0269 -30.9437
78.0194 -31.0183
78.0118 -31.093
78.0039 -31.1663
77.996 -31.2397
77.9881 -31.315
77.9796 -31.3997
77.9712 -31.4845
77.9627 -31.568
77.9541 -31.6508
77.9455 -31.7336
77.9369 -31.8165
77.9283 -31.8995
77.9194 -31.9847
77.9101 -32.0727
77.9009 -32.1608
77.8916 -32.2488
77.8823 -32.3369
77.8731 -32.425
77.8638 -32.5131
77.8544 -32.6013
77.845 -32.689
77.8352 -32.7742
77.8254 -32.8594
77.8156 -32.9446
77.8058 -33.0299
77.7959 -33.1152
77.786 -33.199
77.7759 -33.2802
77.7657 -33.3614
77.7556 -33.4428
77.7455 -33.5241
77.7353 -33.6056
77.7252 -33.6871
77.715 -33.7687
77.7048 -33.8503
77.6946 -33.932
77.6844 -34.0138
77.6742 -34.0956
77.664 -34.1775
77.6538 -34.2595
77.6436 -34.3415
77.6333 -34.4236
77.6231 -34.5058
77.6128 -34.588
77.6025 -34.6703
77.5923 -34.7526
77.5821 -34.8352
77.5723 -34.9179
77.5624 -35.0007
77.5526 -35.0836
77.5427 -35.1666
77.5328 -35.2496
77.5229 -35.3327
77.5136 -35.4162
77.5046 -35.5
77.4956 -35.5838
77.4867 -35.6677
77.4777 -35.7517
77.4687 -35.8358
77.4597 -35.9199
77.4507 -36.0041
77.4417 -36.0884
77.4325 -36.1726
77.4241 -36.2574
77.4161 -36.3425
77.408 -36.4276
77.4 -36.5128
77.3919 -36.598
77.3839 -36.6834
77.3758 -36.7688
77.3677 -36.8543
77.3596 -36.9399
77.3515 -37.0255
77.3442 -37.1117
77.337 -37.198
77.3297 -37.2843
77.3224 -37.3707
77.3151 -37.4572
77.3078 -37.5437
77.3005 -37.6303
77.2934 -37.7172
77.2864 -37.8042
77.2794 -37.8912
77.2724 -37.9783
77.2653 -38.0655
77.2582 -38.1527
77.251 -38.24
77.2439 -38.3273
77.2367 -38.4148
77.2295 -38.5023
77.2223 -38.5899
77.2151 -38.6775
77.2079 -38.7653
77.2007 -38.8531
77.1935 -38.941
77.1863 -39.029
77.1791 -39.117
77.1719 -39.2051
77.1646 -39.2933
77.1574 -39.3816
77.1502 -39.47
77.1429 -39.5585
77.1357 -39.647
77.1284 -39.7356
77.1211 -39.8243
77.1138 -39.913
77.1066 -40.0019
77.0993 -40.0908
77.092 -40.1798
77.0847 -40.2689
77.0774 -40.3581
77.0701 -40.4473
77.0628 -40.5366
77.0554 -40.626
77.0481 -40.7155
77.0407 -40.805
77.0332 -40.8946
77.0258 -40.9843
77.0184 -41.0741
77.0109 -41.1639
77.0035 -41.2539
76.996 -41.3439
76.9885 -41.4339
76.981 -41.5241
76.9735 -41.6143
76.966 -41.7047
76.9585 -41.7951
76.951 -41.8856
76.9435 -41.9762
76.936 -42.0668
76.9285 -42.1576
76.9209 -42.2484
76.9134 -42.3393
76.9058 -42.4303
76.8983 -42.5214
76.8907 -42.6126
76.8832 -42.7038
76.8756 -42.7964
76.8679 -42.8936
76.8602 -42.9909
76.8524 -43.0883
76.8447 -43.1857
76.837 -43.2832
76.8292 -43.3807
76.8215 -43.4782
76.8137 -43.5759
76.8057 -43.6823
76.7977 -43.7889
76.7897 -43.8955
76.7817 -44.002
76.7736 -44.1086
76.7656 -44.2152
76.7576 -44.3217
76.7495 -44.4283
76.7415 -44.5348
76.7335 -44.6414
76.7254 -44.7479
76.7174 -44.8544
76.7091 -44.9638
76.7007 -45.0743
76.6924 -45.1847
76.684 -45.2951
76.6756 -45.4055
76.6674 -45.5122
76.6596 -45.6055
76.6518 -45.6987
76.6441 -45.7919
76.6363 -45.8851
76.6291 -45.9673
76.6224 -46.0394
76.6158 -46.1115
76.6089 -46.1817
76.602 -46.2514
76.5951 -46.3211
76.5882 -46.3908
76.5821 -46.4563
76.5766 -46.518
76.5711 -46.5797
76.5657 -46.6414
76.5601 -46.7008
76.5545 -46.7593
76.5489 -46.8179
76.5445 -46.8837
76.54 -46.9495
76.5356 -47.0153
76.5311 -47.081
76.527 -47.1517
76.523 -47.2251
76.5193 -47.2985
76.5157 -47.372
76.512 -47.4454
76.5083 -47.5189
76.5046 -47.5923
76.5009 -47.6658
76.4972 -47.7393
76.4936 -47.8127
76.4899 -47.8862
76.4862 -47.9596
76.4825 -48.0331
76.4788 -48.1065
76.4751 -48.18
76.4715 -48.2535
76.4678 -48.3269
76.4641 -48.4004
76.4604 -48.4738
76.4567 -48.5473
76.453 -48.6207
76.4495 -48.6943
76.4461 -48.7679
76.4427 -48.8415
76.4393 -48.9151
76.4359 -48.9886
76.4325 -49.0622
76.4291 -49.1358
76.4257 -49.2094
76.4222 -49.283
76.4187 -49.3565
76.4152 -49.4301
76.4117 -49.5036
76.4082 -49.5772
76.4047 -49.6507
76.4012 -49.7243
76.3977 -49.7978
76.3942 -49.8713
76.3907 -49.9449
76.3872 -50.0184
76.3837 -50.092
76.3804 -50.1656
76.3773 -50.2393
76.3741 -50.3131
76.371 -50.3868
76.3679 -50.4605
76.3647 -50.5342
76.3616 -50.608
76.3585 -50.6817
76.3553 -50.7554
76.3522 -50.8291
76.3491 -50.9029
76.3459 -50.9766
76.3428 -51.0503
76.3397 -51.124
76.3366 -51.1978
76.3336 -51.2716
76.3307 -51.3454
76.3279 -51.4193
76.3252 -51.4932
76.3224 -51.5671
76.3196 -51.641
76.3169 -51.7149
76.3141 -51.7888
76.3114 -51.8627
76.3086 -51.9367
76.3059 -52.0106
76.3031 -52.0845
76.3004 -52.1584
76.2976 -52.2323
76.2948 -52.3062
76.2921 -52.3801
76.2893 -52.454
76.2866 -52.5279
76.2838 -52.6018
76.2811 -52.6757
76.2783 -52.7496
76.2756 -52.8235
76.2728 -52.8974
76.27 -52.9713
76.2673 -53.0452
76.2647 -53.1192
76.2622 -53.1933
76.2597 -53.2673
76.2572 -53.3413
76.2546 -53.4153
76.2521 -53.4893
76.2496 -53.5634
76.2471 -53.6374
76.2445 -53.7114
76.242 -53.7854
76.2395 -53.8594
76.237 -53.9334
76.2344 -54.0075
76.2319 -54.0815
76.2294 -54.1551
76.227 -54.2238
76.2247 -54.2926
76.2223 -54.3613
76.2199 -54.43
76.2175 -54.4987
76.2153 -54.5647
76.2132 -54.6264
76.2112 -54.6881
76.2092 -54.7498
76.2074 -54.8116
76.2055 -54.8733
76.2037 -54.9351
76.2018 -54.9969
76.2 -55.0582
76.1985 -55.1171
76.1969 -55.176
76.1954 -55.2349
76.1939 -55.2938
76.1924 -55.3527
76.1909 -55.4116
76.1894 -55.4705
76.1879 -55.5299
76.1867 -55.5909
76.1855 -55.652
76.1844 -55.7131
76.1833 -55.7742
76.1822 -55.8353
76.1812 -55.8985
76.1803 -55.9621
76.1793 -56.0257
76.1784 -56.0893
76.1774 -56.153
76.1765 -56.2166
76.1755 -56.2802
76.1746 -56.3438
76.1736 -56.4075
76.1727 -56.4711
76.1717 -56.5347
76.1708 -56.5983
76.1698 -56.662
76.1689 -56.7256
76.1679 -56.7892
76.167 -56.8528
76.166 -56.9164
76.1652 -56.9777
76.1644 -57.0339
76.1637 -57.0901
76.1629 -57.1463
76.1622 -57.2024
76.1614 -57.2586
76.1608 -57.3124
76.1604 -57.3589
76.1601 -57.4054
76.1597 -57.4519
76.1594 -57.4984
76.159 -57.5449
76.1587 -57.5914
76.1583 -57.6379
76.158 -57.6844
76.1578 -57.729
76.158 -57.7716
76.1581 -57.8142
76.1582 -57.8568
76.1583 -57.8994
76.1584 -57.942
76.1585 -57.9846
76.1587 -58.0271
76.1588 -58.0703
76.1594 -58.1158
76.1599 -58.1613
76.1604 -58.2068
76.1609 -58.2523
76.1614 -58.2978
76.1621 -58.3452
76.1628 -58.394
76.1635 -58.4428
76.1642 -58.4916
76.1649 -58.5404
76.1656 -58.5892
76.1663 -58.638
76.167 -58.6868
76.1677 -58.7356
76.1684 -58.7845
76.1691 -58.8333
76.1698 -58.8821
76.1705 -58.9309
76.1712 -58.9797
76.1719 -59.0285
76.1726 -59.0773
76.1733 -59.1261
76.174 -59.1749
76.1747 -59.2237
76.1754 -59.2725
76.1761 -59.3213
76.1768 -59.3701
76.1775 -59.419
76.1782 -59.4678
76.1789 -59.5166
76.1796 -59.5654
76.1803 -59.6142
76.181 -59.663
76.1817 -59.7118
76.1824 -59.7606
76.1831 -59.8094
76.1838 -59.8582
76.1845 -59.907
76.1852 -59.9558
76.186 -60.0046
76.1867 -60.0534
76.1874 -60.1023
76.1881 -60.1511
76.1888 -60.1999
76.1895 -60.2487
76.1902 -60.2975
76.1909 -60.3463
76.1916 -60.3951
76.1923 -60.4439
76.193 -60.4927
76.1937 -60.5415
76.1944 -60.5903
76.1951 -60.6391
76.1958 -60.6879
76.1965 -60.7367
76.1972 -60.7855
76.1979 -60.8344
76.1986 -60.8832
76.1993 -60.932
76.2001 -60.9808
76.2008 -61.0296
76.2015 -61.0784
76.2022 -61.1272
76.2029 -61.176
76.2036 -61.2248
76.2043 -61.2736
76.205 -61.3224
76.2057 -61.3712
76.2064 -61.42
76.2071 -61.4688
76.2078 -61.5176
76.2085 -61.5664
76.2092 -61.6152
76.2099 -61.6641
76.2106 -61.7129
76.2114 -61.7617
76.2121 -61.8105
76.2128 -61.8593
76.2135 -61.9081
76.2142 -61.9569
76.2148 -62.009
76.2155 -62.0611
76.2161 -62.1133
76.2168 -62.1654
76.2174 -62.2176
76.2181 -62.2697
76.2188 -62.3218
76.2194 -62.374
76.2201 -62.4261
76.2207 -62.4783
76.2214 -62.5304
76.222 -62.5826
76.2227 -62.6347
76.2233 -62.6869
76.224 -62.739
76.2246 -62.7911
76.2253 -62.8433
76.2258 -62.8992
76.2263 -62.9552
76.2268 -63.0112
76.2273 -63.0672
76.2278 -63.1232
76.2283 -63.1792
76.2288 -63.2353
76.2293 -63.2913
76.2298 -63.3473
76.2303 -63.4033
76.2308 -63.4593
76.2313 -63.5153
76.2318 -63.5713
76.2323 -63.6273
76.2328 -63.6834
76.2333 -63.7394
76.2338 -63.7954
76.2343 -63.8514
76.2348 -63.9074
76.2353 -63.9634
76.2358 -64.0194
76.2363 -64.0754
76.2368 -64.1315
76.2373 -64.1859
76.2376 -64.2368
76.2379 -64.2877
76.2382 -64.3386
76.2385 -64.3895
76.2388 -64.4404
76.2391 -64.4914
76.2394 -64.5423
76.2397 -64.5932
76.24 -64.6441
76.2403 -64.695
76.2406 -64.7459
76.241 -64.7968
76.2413 -64.8477
76.2416 -64.8986
76.2419 -64.9495
76.2422 -65.0004
76.2425 -65.0513
76.2428 -65.1022
76.2431 -65.1532
76.2434 -65.2041
76.2437 -65.255
76.244 -65.3059
76.2443 -65.3568
76.2446 -65.4077
76.245 -65.4586
76.2453 -65.5095
76.2456 -65.5604
76.2459 -65.6113
76.2461 -65.6568
76.2463 -65.6933
76.2464 -65.7298
76.2466 -65.7663
76.2467 -65.8027
76.2469 -65.8392
76.247 -65.8757
76.2472 -65.9122
76.2473 -65.9487
76.2475 -65.9852
76.2476 -66.0217
76.2478 -66.0582
76.2479 -66.0947
76.2481 -66.1312
76.2482 -66.1676
76.2483 -66.2041
76.2485 -66.2406
76.2486 -66.2771
76.2488 -66.3136
76.2489 -66.3501
76.2491 -66.3866
76.2492 -66.4142
76.2492 -66.4358
76.2493 -66.4574
76.2493 -66.479
76.2493 -66.5006
76.2494 -66.5223
76.2494 -66.544
76.2494 -66.5677
76.2494 -66.5914
76.2494 -66.615
76.2494 -66.6387
76.2494 -66.6624
76.2495 -66.6861
76.2495 -66.7097
76.2495 -66.7334
76.2495 -66.7571
76.2495 -66.7807
76.2495 -66.8044
76.2495 -66.8281
76.2495 -66.8518
76.2495 -66.8754
76.2495 -66.8991
76.2495 -66.9228
76.2495 -66.9464
76.2495 -66.9701
76.2496 -66.9938
76.2495 -67.0184
76.2495 -67.0437
76.2494 -67.0689
76.2493 -67.0942
76.2493 -67.1195
76.2492 -67.1448
76.2491 -67.1701
76.2491 -67.1953
76.249 -67.2206
76.2489 -67.2459
76.2489 -67.2712
76.2488 -67.2965
76.2487 -67.3218
76.2487 -67.347
76.2486 -67.3723
76.2485 -67.3976
76.2485 -67.4229
76.2484 -67.4482
76.2483 -67.4734
76.2483 -67.4987
76.2482 -67.524
76.2481 -67.5493
76.2481 -67.5746
76.248 -67.5998
76.248 -67.6251
76.2479 -67.6504
76.2478 -67.6757
76.2478 -67.701
76.2476 -67.724
76.2475 -67.7457
76.2473 -67.7673
76.2472 -67.789
76.247 -67.8107
76.2469 -67.8323
76.2467 -67.854
76.2466 -67.8757
76.2464 -67.8973
76.2462 -67.919
76.2461 -67.9407
76.2459 -67.9623
76.2458 -67.984
76.2456 -68.0057
76.2455 -68.0273
76.2453 -68.049
76.2452 -68.0707
76.245 -68.0923
76.2449 -68.114
76.2447 -68.1357
76.2446 -68.1573
76.2444 -68.179
76.2443 -68.2007
76.2441 -68.2223
76.2439 -68.244
76.2438 -68.2657
76.2436 -68.2873
76.2435 -68.309
76.2433 -68.3307
76.2432 -68.3523
76.243 -68.3708
76.2428 -68.3843
76.2425 -68.3977
76.2423 -68.4112
76.2421 -68.4247
76.2419 -68.4382
76.2416 -68.4517
76.2414 -68.4651
76.2412 -68.4786
76.2409 -68.4921
76.2407 -68.5056
76.2405 -68.5191
76.2403 -68.5325
76.24 -68.546
76.2398 -68.5595
76.2396 -68.573
76.2393 -68.5864
76.2391 -68.5999
76.2389 -68.6134
76.2387 -68.6269
76.2384 -68.6404
76.2382 -68.6488
76.2379 -68.6557
76.2376 -68.6625
76.2374 -68.6693
76.2371 -68.6761
76.2368 -68.683
76.2365 -68.6898
76.2363 -68.6966
76.236 -68.7034
76.2357 -68.7103
76.2355 -68.7171
76.2352 -68.7239
76.2349 -68.7307
76.2347 -68.7376
76.2344 -68.7444
76.2341 -68.7512
76.2338 -68.758
76.2336 -68.7649
76.2333 -68.7717
76.233 -68.7785
76.2328 -68.7853
76.2325 -68.7922
76.2322 -68.799
76.232 -68.8058
76.2317 -68.8126
76.2314 -68.8195
76.2311 -68.8263
76.2309 -68.8331
76.2306 -68.8399
76.2303 -68.8468
76.2301 -68.8536
76.2298 -68.8604
76.2295 -68.8672
76.2293 -68.8741
76.229 -68.8809
76.2287 -68.8877
76.2285 -68.8945
76.2282 -68.9014
76.2279 -68.9082
76.2277 -68.915
76.2274 -68.9218
76.2271 -68.9287
76.2269 -68.9355
76.2266 -68.9423
76.2263 -68.9491
76.2261 -68.956
76.2258 -68.9628
76.2255 -68.9696
76.2252 -68.9764
76.225 -68.9833
76.2247 -68.9901
76.2244 -68.9969
76.2242 -69
76.2239 -69
76.2236 -69
76.2234 -69
76.2231 -69
76.2228 -69
76.2226 -69
76.2223 -69
76.222 -69
76.2217 -69
76.2215 -69
76.2212 -69
76.2209 -69
76.2207 -69
76.2204 -69
76.2201 -69
76.2199 -69
76.2196 -69
76.2193 -69
76.219 -69
76.2188 -69
76.2185 -69
76.2182 -69
76.218 -69
76.2177 -69
76.2174 -69
76.2172 -69
76.2169 -69
76.2166 -69
76.2164 -69
76.2161 -69
76.2158 -69
76.2156 -69
76.2153 -69
76.215 -69
76.2148 -69
76.2145 -69
76.2142 -69
76.2139 -69
76.2137 -69
76.2134 -69
76.2131 -69
76.2129 -69
76.2126 -69
76.2123 -69
76.2121 -69
76.2118 -69
76.2115 -69
76.2113 -69
76.211 -69
76.2107 -69
76.2105 -69
76.2102 -69
76.2099 -69
76.2097 -69
76.2094 -69
76.2091 -69
76.2089 -69
76.2086 -69
76.2083 -69
76.2081 -69
76.2078 -69
76.2075 -69
76.2073 -69
76.207 -69
76.2067 -69
76.2065 -69
76.2062 -69
76.2059 -69
76.2057 -69
76.2054 -69
76.2052 -69
76.2049 -69
76.2046 -69
76.2044 -69
76.2041 -69
76.2038 -69
76.2036 -69
76.2033 -69
76.203 -69
76.2028 -69
76.2025 -69
76.2022 -69
76.202 -69
76.2017 -69
76.2014 -69
76.2012 -69
76.2009 -69
76.2007 -69
76.2004 -69
76.2001 -69
76.1999 -69
76.1996 -69
76.1993 -69
76.1991 -69
76.1988 -69
76.1985 -69
76.1983 -69
76.198 -69
76.1978 -69
76.1975 -69
76.1972 -69
76.197 -69
76.1967 -69
76.1964 -69
76.1962 -69
76.1959 -69
76.1957 -69
76.1954 -69
76.1951 -69
76.1949 -69
76.1946 -69
76.1943 -69
76.1941 -69
76.1938 -69
76.1936 -69
76.1933 -69
76.193 -69
76.1928 -69
76.1925 -69
76.1922 -69
76.192 -69
76.1917 -69
76.1915 -69
76.1912 -69
76.1909 -69
76.1907 -69
76.1904 -69
76.1902 -69
76.1899 -69
76.1896 -69
76.1894 -69
76.1891 -69
76.1889 -69
76.1886 -69
76.1883 -69
76.1881 -69
76.1878 -69
76.1876 -69
76.1873 -69
76.187 -69
76.1868 -69
76.1865 -69
76.1863 -69
76.186 -69
76.1857 -69
76.1855 -69
76.1852 -69
76.1847 -69
76.1842 -69
76.1836 -69
76.183 -69
76.1824 -69
76.1818 -69
76.1812 -69
76.1807 -69
76.1801 -69
76.1795 -69
76.1789 -69
76.1783 -69
76.1777 -69
76.1771 -69
76.1766 -69
76.176 -69
76.1754 -69
76.1748 -69
76.1742 -69
76.174 -69
76.1738 -68.9299
76.1735 -69
76.1735 -68.7646
76.1732 -69
76.1729 -69
76.1726 -69
76.1723 -69
76.172 -69
76.1717 -69
76.1714 -69
76.171 -69
76.1707 -69
76.1703 -69
76.1698 -69
76.1694 -69
76.1689 -69
76.1683 -69
76.1678 -69
76.1673 -69
76.1668 -69
76.1662 -69
76.1656 -69
76.1649 -69
76.1643 -69
76.1636 -69
76.1628 -69
76.1631 -69
76.1627 -69
76.1622 -69
76.1618 -69
76.0467 -69
76.0641 -69
76.0816 -69
76.1055 -69
76.1294 -69
76.1461 -69
76.1458 -69
76.1456 -69
76.1454 -69
76.1451 -69
76.1449 -69
76.1446 -69
76.1444 -69
76.1441 -69
76.1439 -69
76.1436 -69
76.1433 -69
76.1431 -69
76.1428 -69
76.1425 -69
76.1423 -69
76.142 -69
76.1418 -69
76.1415 -69
76.1412 -69
76.141 -69
76.1407 -69
76.1406 -69
76.1404 -69
76.1403 -69
76.1401 -69
76.14 -69
76.1398 -69
76.1396 -69
76.1395 -69
76.1393 -69
76.1392 -69
76.139 -69
76.1389 -69
76.1387 -69
76.1385 -69
76.1384 -69
76.1382 -69
76.1381 -69
76.1379 -69
76.1378 -69
76.1376 -69
76.1375 -69
76.1373 -69
76.1371 -69
76.137 -69
76.1368 -69
76.1367 -69
76.1365 -69
76.1364 -69
76.1362 -69
76.1361 -69
76.1359 -69
76.1358 -69
76.1356 -69
76.1354 -69
76.1353 -69
76.1351 -69
76.135 -69
76.1348 -69
76.1347 -69
76.1345 -69
76.1344 -69
76.1342 -69
76.1341 -69
76.1339 -69
76.1337 -69
76.1336 -69
76.1334 -69
76.1333 -69
76.1331 -69
76.1329 -69
76.1328 -69
76.1326 -69
76.1324 -69
76.1323 -69
76.1321 -69
76.1319 -69
76.1318 -69
76.1316 -69
76.1315 -69
76.1313 -69
76.1311 -69
76.131 -69
76.1308 -69
76.1306 -69
76.1305 -69
76.1303 -69
76.1302 -69
76.13 -69
76.1298 -69
76.1297 -69
76.1295 -69
76.1293 -69
76.1292 -69
76.129 -69
76.1289 -69
76.1287 -69
76.1285 -69
76.1284 -69
76.1282 -69
76.1281 -69
76.1279 -69
76.1277 -69
76.1276 -69
76.1274 -69
76.1272 -69
76.1271 -69
76.1269 -69
76.1268 -69
76.1266 -69
76.1264 -69
76.1263 -69
76.1261 -69
76.126 -69
76.1258 -69
76.1256 -69
76.1255 -69
76.1253 -69
76.1252 -69
76.125 -69
76.1248 -69
76.1247 -69
76.1245 -69
76.1244 -69
76.1242 -69
76.124 -69
76.1239 -69
76.1237 -69
76.1236 -69
76.1234 -69
76.1232 -69
76.1231 -69
76.1229 -69
76.1228 -69
76.1226 -69
76.1225 -69
76.1223 -69
76.1221 -69
76.122 -69
76.1218 -69
76.1217 -69
76.1215 -69
76.1213 -69
76.1212 -69
76.121 -69
76.1209 -69
76.1207 -69
76.1206 -69
76.1204 -69
76.1202 -69
76.1201 -69
76.1199 -69
76.1198 -69
76.1196 -69
76.1195 -69
76.1193 -69
76.1191 -69
76.119 -69
76.1188 -69
76.1187 -69
76.1185 -69
76.1184 -69
76.1182 -69
76.118 -69
76.1179 -69
76.1177 -69
76.1176 -69
76.1174 -69
76.1173 -69
76.1171 -69
76.117 -69
76.1168 -69
76.1166 -69
76.1165 -69
76.1163 -69
76.1162 -69
76.116 -69
76.1159 -69
76.1157 -69
76.1156 -69
76.1154 -69
76.1152 -69
76.1151 -69
76.1149 -69
76.1148 -69
76.1146 -69
76.1145 -69
76.1143 -69
76.1142 -69
76.114 -69
76.1138 -69
76.1137 -69
76.1135 -69
76.1134 -69
76.1132 -69
76.1131 -69
76.1129 -69
76.1128 -69
76.1126 -69
76.1125 -69
76.1123 -69
76.1121 -69
76.112 -69
76.1118 -69
76.1117 -69
76.1115 -69
76.1114 -69
76.1112 -69
76.111 -69
76.1109 -69
76.1107 -69
76.1106 -69
76.1104 -69
76.1102 -69
76.1101 -69
76.1099 -69
76.1097 -69
76.1095 -69
76.1093 -69
76.1091 -69
76.1089 -69
76.1087 -69
76.1085 -69
76.1083 -69
76.1081 -69
76.1079 -69
76.1077 -69
76.1075 -69
76.1073 -69
76.1071 -69
76.1069 -69
76.1067 -69
76.1065 -69
76.1063 -69
76.1061 -69
76.1059 -69
76.1057 -69
76.1055 -69
76.1053 -69
76.1051 -69
76.1049 -69
76.1047 -69
76.1045 -69
76.1043 -69
76.1041 -69
76.1039 -69
76.1037 -69
76.1035 -69
76.1033 -69
76.1031 -69
76.1029 -69
76.1028 -69
76.1026 -69
76.1025 -69
76.1024 -69
76.1022 -69
76.1021 -69
76.1019 -69
76.1018 -69
76.1017 -69
76.1015 -69
76.1014 -69
76.1013 -69
76.1011 -69
76.101 -69
76.1009 -69
76.1007 -69
76.1006 -69
76.1004 -69
76.1003 -69
76.1002 -69
76.1 -69
76.0999 -69
76.0998 -69
76.0996 -69
76.0995 -69
76.0994 -69
76.0992 -69
76.0991 -69
76.0989 -69
76.0988 -69
76.0987 -69
76.0985 -69
76.0984 -69
76.0983 -69
76.0981 -69
76.098 -69
76.0979 -69
76.0977 -69
76.0976 -69
76.0975 -69
76.0973 -69
76.0972 -69
76.0971 -69
76.0969 -69
76.0968 -69
76.0966 -69
76.0965 -69
76.0964 -69
76.0962 -69
76.0961 -69
76.096 -69
76.0958 -69
76.0957 -69
76.0956 -69
76.0954 -69
76.0953 -69
76.0952 -69
76.095 -69
76.0949 -69
76.0948 -69
76.0946 -69
76.0945 -69
76.0944 -69
76.0942 -69
76.0941 -69
76.094 -69
76.0938 -69
76.0937 -69
76.0936 -69
76.0934 -69
76.0933 -69
76.0932 -69
76.093 -69
76.0929 -69
76.0928 -69
76.0927 -69
76.0925 -69
76.0924 -69
76.0923 -69
76.0921 -69
76.092 -69
76.0919 -69
76.0917 -69
76.0916 -69
76.0915 -69
76.0913 -69
76.0912 -69
76.0911 -69
76.0909 -69
76.0908 -69
76.0907 -69
76.0905 -69
76.0904 -69
76.0903 -69
76.0902 -69
76.09 -69
76.0899 -69
76.0898 -69
76.0896 -69
76.0895 -69
76.0894 -69
76.0892 -69
76.0891 -69
76.089 -69
76.0889 -69
76.0887 -69
76.0886 -69
76.0885 -69
76.0883 -69
76.0882 -69
76.0881 -69
76.0879 -69
76.0878 -69
76.0877 -69
76.0876 -69
76.0875 -69
76.0873 -69
76.0872 -69
76.0871 -69
76.087 -69
76.0869 -69
76.0868 -69
76.0866 -69
76.0865 -69
76.0864 -69
76.0863 -69
76.0862 -69
76.0861 -69
76.086 -69
76.0858 -69
76.0857 -69
76.0856 -69
76.0855 -69
76.0854 -69
76.0853 -69
76.0852 -69
76.085 -69
76.0849 -69
76.0848 -69
76.0847 -69
76.0846 -69
76.0845 -69
76.0844 -69
76.0842 -69
76.0841 -69
76.084 -69
76.0839 -69
76.0838 -69
76.0837 -69
76.0836 -69
76.0834 -69
76.0833 -69
76.0832 -69
76.0831 -69
76.083 -69
76.0829 -69
76.0828 -69
76.0827 -69
76.0826 -69
76.0825 -69
76.0824 -69
76.0823 -69
76.0822 -69
76.0821 -69
76.082 -69
76.0819 -69
76.0819 -69
76.0818 -69
76.0817 -69
76.0816 -69
76.0815 -69
76.0814 -69
76.0813 -69
76.0812 -69
76.0812 -69
76.0811 -69
76.081 -69
76.0809 -69
76.0808 -69
76.0807 -69
76.0806 -69
76.0805 -69
76.0805 -69
76.0804 -69
76.0803 -69
76.0802 -69
76.0801 -69
76.08 -69
76.0799 -69
76.0798 -69
76.0798 -69
76.0797 -69
76.0796 -69
76.0795 -69
76.0794 -69
76.0793 -69
76.0792 -69
76.0792 -69
76.0791 -69
76.079 -69
76.0789 -69
76.0788 -69
76.0787 -69
76.0786 -69
76.0786 -69
76.0785 -69
76.0784 -69
76.0783 -69
76.0782 -69
76.0781 -69
76.0781 -69
76.078 -69
76.0779 -69
76.0778 -69
76.0777 -69
76.0776 -69
76.0775 -69
76.0775 -69
76.0774 -69
76.0773 -69
76.0772 -69
76.0771 -69
76.0771 -69
76.077 -69
76.0769 -69
76.0769 -69
76.0768 -69
76.0768 -69
76.0767 -69
76.0767 -69
76.0766 -69
76.0766 -69
76.0765 -69
76.0765 -69
76.0764 -69
76.0763 -69
76.0763 -69
76.0762 -69
76.0762 -69
76.0761 -69
76.0761 -69
76.076 -69
76.076 -69
76.0759 -69
76.0759 -69
76.0758 -69
76.0758 -69
76.0757 -69
76.0756 -69
76.0756 -69
76.0755 -69
76.0755 -69
76.0754 -69
76.0754 -69
76.0753 -69
76.0753 -69
76.0752 -69
76.0752 -69
76.0751 -69
76.0751 -69
76.075 -69
76.075 -69
76.0749 -69
76.0749 -69
76.0748 -69
76.0748 -69
76.0747 -69
76.0747 -69
76.0746 -69
76.0746 -69
76.0745 -69
76.0745 -69
76.0744 -69
76.0743 -69
76.0743 -69
76.0742 -69
76.0742 -69
76.0741 -69
76.0741 -69
76.074 -69
76.074 -69
76.0739 -69
76.0739 -69
76.0739 -69
76.0739 -69
76.0738 -69
76.0738 -69
76.0738 -69
76.0738 -69
76.0737 -69
76.0737 -69
76.0737 -69
76.0737 -69
76.0736 -69
76.0736 -69
76.0736 -69
76.0736 -69
76.0736 -69
76.0736 -69
76.0736 -69
76.0735 -69
76.0735 -69
76.0735 -69
76.0735 -69
76.0735 -69
76.0735 -69
76.0735 -69
76.0735 -69
76.0734 -69
76.0734 -69
76.0734 -69
76.0734 -69
76.0734 -69
76.0734 -69
76.0734 -69
76.0734 -69
76.0733 -69
76.0733 -69
76.0733 -69
76.0733 -69
76.0733 -69
76.0733 -69
76.0733 -69
76.0733 -69
76.0733 -69
76.0733 -69
76.0733 -69
76.0733 -69
76.0733 -69
76.0733 -69
76.0733 -69
76.0733 -69
76.0733 -69
76.0733 -69
76.0733 -69
76.0733 -69
76.0733 -69
76.0733 -69
76.0733 -69
76.0733 -69
76.0733 -69
76.0733 -69
76.0733 -69
76.0733 -69
76.0733 -69
76.0733 -69
76.0733 -69
76.0733 -69
76.0733 -69
76.0733 -69
76.0733 -69
76.0733 -69
76.0733 -69
76.0733 -69
76.0733 -69
76.0733 -69
76.0733 -69
76.0733 -69
76.0733 -69
76.0733 -69
76.0733 -69
76.0733 -69
76.0733 -69
76.0733 -69
76.0733 -69
76.0733 -69
76.0733 -69
76.0733 -69
76.0733 -69
76.0733 -69
76.0733 -69
76.0733 -69
76.0733 -69
76.0733 -69
76.0733 -69
76.0733 -69
76.0733 -69
76.0733 -69
76.0733 -69
76.0733 -69
76.0733 -69
76.0733 -69
76.0733 -69
76.0733 -69
76.0733 -69
76.0734 -69
76.0734 -69
76.0734 -69
76.0734 -69
76.0734 -69
76.0734 -69
76.0734 -69
76.0734 -69
76.0734 -69
76.0734 -69
76.0734 -69
76.0734 -69
76.0734 -69
76.0734 -69
76.0734 -69
76.0734 -69
76.0734 -69
76.0734 -69
76.0734 -69
76.0734 -69
76.0734 -69
76.0734 -69
76.0735 -69
76.0735 -69
76.0735 -69
76.0735 -69
76.0735 -69
76.0735 -69
76.0735 -69
76.0735 -69
76.0735 -69
76.0735 -69
76.0735 -69
76.0735 -69
76.0735 -69
76.0735 -69
76.0735 -69
76.0735 -69
76.0736 -69
76.0736 -69
76.0736 -69
76.0736 -69
76.0736 -69
76.0736 -69
76.0736 -69
76.0736 -69
76.0736 -69
76.0736 -69
76.0736 -69
76.0736 -69
76.0736 -69
76.0736 -69
76.0737 -69
76.0737 -69
76.0737 -69
76.0737 -69
76.0737 -69
76.0737 -69
76.0737 -69
76.0737 -69
76.0737 -69
76.0737 -69
76.0737 -69
76.0737 -69
76.0738 -69
76.0738 -69
76.0738 -69
76.0738 -69
76.0738 -69
76.0738 -69
76.0738 -69
76.0738 -69
76.0738 -69
76.0738 -69
76.0738 -69
76.0739 -69
76.0739 -69
76.0739 -69
76.0739 -69
76.0739 -69
76.0739 -69
76.0739 -69
76.0739 -69
76.0739 -69
76.0739 -69
76.074 -69
76.074 -69
76.074 -69
76.074 -69
76.074 -69
76.074 -69
76.074 -69
76.074 -69
76.074 -69
76.0741 -69
76.0741 -69
76.0741 -69
76.0741 -69
76.0741 -69
76.0741 -69
76.0741 -69
76.0741 -69
76.0741 -69
76.0742 -69
76.0742 -69
76.0742 -69
76.0742 -69
76.0742 -69
76.0742 -69
76.0742 -69
76.0742 -69
76.0743 -69
76.0743 -69
76.0743 -69
76.0743 -69
76.0743 -69
76.0743 -69
76.0743 -69
76.0743 -69
76.0744 -69
76.0744 -69
76.0744 -69
76.0744 -69
76.0744 -69
76.0744 -69
76.0744 -69
76.0744 -69
76.0745 -69
76.0745 -69
76.0745 -69
76.0745 -69
76.0745 -69
76.0745 -69
76.0745 -69
76.0746 -69
76.0746 -69
76.0746 -69
76.0746 -69
76.0746 -69
76.0746 -69
76.0746 -69
76.0747 -69
76.0747 -69
76.0747 -69
76.0747 -69
76.0747 -69
76.0747 -69
76.0747 -69
76.0748 -69
76.0748 -69
76.0748 -69
76.0748 -69
76.0748 -69
76.0748 -69
76.0749 -69
76.0749 -69
76.0749 -69
76.0749 -69
76.0749 -69
76.0749 -69
76.0749 -69
76.075 -69
76.075 -69
76.075 -69
76.075 -69
76.075 -69
76.075 -69
76.0751 -69
76.0751 -69
76.0751 -69
76.0751 -69
76.0751 -69
76.0751 -69
76.0752 -69
76.0752 -69
76.0752 -69
76.0752 -69
76.0752 -69
76.0752 -69
76.0753 -69
76.0753 -69
76.0753 -69
76.0753 -69
76.0753 -69
76.0754 -69
76.0754 -69
76.0754 -69
76.0754 -69
76.0754 -69
76.0754 -69
76.0755 -69
76.0755 -69
76.0755 -69
76.0755 -69
76.0755 -69
76.0756 -69
76.0756 -69
76.0756 -69
76.0756 -69
76.0756 -69
76.0757 -69
76.0757 -69
76.0757 -69
76.0757 -69
76.0757 -69
76.0757 -69
76.0758 -69
76.0758 -69
76.0758 -69
76.0758 -69
76.0758 -69
76.0759 -69
76.0759 -69
76.0759 -69
76.0759 -69
76.0759 -69
76.076 -69
76.076 -69
76.076 -69
76.076 -69
76.0761 -69
76.0761 -69
76.0761 -69
76.0761 -69
76.0761 -69
76.0762 -69
76.0762 -69
76.0762 -69
76.0762 -69
76.0762 -69
76.0763 -69
76.0763 -69
76.0763 -69
76.0763 -69
76.0763 -69
76.0764 -69
76.0764 -69
76.0764 -69
76.0764 -69
76.0765 -69
76.0765 -69
76.0765 -69
76.0765 -69
76.0765 -69
76.0766 -69
76.0766 -69
76.0766 -69
76.0766 -69
76.0767 -69
76.0767 -69
76.0767 -69
76.0767 -69
76.0768 -69
76.0768 -69
76.0768 -69
76.0768 -69
76.0768 -69
76.0769 -69
76.0769 -69
76.0769 -69
76.0769 -69
76.077 -69
76.077 -69
76.077 -69
76.077 -69
76.0771 -69
76.0771 -69
76.0771 -69
76.0771 -69
76.0772 -69
76.0772 -69
76.0772 -69
76.0772 -69
76.0773 -69
76.0773 -69
76.0773 -69
76.0773 -69
76.0774 -69
76.0774 -69
76.0774 -69
76.0774 -69
76.0775 -69
76.0775 -69
76.0775 -69
76.0775 -69
76.0776 -69
76.0776 -69
76.0776 -69
76.0776 -69
76.0777 -69
76.0777 -69
76.0777 -69
76.0777 -69
76.0778 -69
76.0778 -69
76.0778 -69
76.0778 -69
76.0779 -69
76.0779 -69
76.0779 -69
76.078 -69
76.078 -69
76.078 -69
76.078 -69
76.0781 -69
76.0781 -69
76.0781 -69
76.0781 -69
76.0782 -69
76.0782 -69
76.0782 -69
76.0783 -69
76.0783 -69
76.0783 -69
76.0783 -69
76.0784 -69
76.0784 -69
76.0784 -69
76.0784 -69
76.0785 -69
76.0785 -69
76.0785 -69
76.0786 -69
76.0786 -69
76.0786 -69
76.0786 -69
76.0787 -69
76.0787 -69
76.0787 -69
76.0788 -69
76.0788 -69
76.0788 -69
76.0788 -69
76.0789 -69
76.0789 -69
76.0789 -69
76.079 -69
76.079 -69
76.079 -69
76.0791 -69
76.0791 -69
76.0791 -69
76.0791 -69
76.0792 -69
76.0792 -69
76.0792 -69
76.0793 -69
76.0793 -69
76.0793 -69
76.0794 -69
76.0794 -69
76.0794 -69
76.0795 -69
76.0795 -69
76.0795 -69
76.0795 -69
76.0796 -69
76.0796 -69
76.0796 -69
76.0797 -69
76.0797 -69
76.0797 -69
76.0798 -69
76.0798 -69
76.0798 -69
76.0799 -69
76.0799 -69
76.0799 -69
76.08 -69
76.08 -69
76.08 -69
76.08 -69
76.0801 -69
76.0801 -69
76.0801 -69
76.0802 -69
76.0802 -69
76.0802 -69
76.0803 -69
76.0803 -69
76.0803 -69
76.0804 -69
76.0804 -69
76.0804 -69
76.0805 -69
76.0805 -69
76.0805 -69
76.0806 -69
76.0806 -69
76.0806 -69
76.0807 -69
76.0807 -69
76.0807 -69
76.0808 -69
76.0808 -69
76.0808 -69
76.0809 -69
76.0809 -69
76.0809 -69
76.081 -69
76.081 -69
76.0811 -69
76.0811 -69
76.0811 -69
76.0812 -69
76.0812 -69
76.0812 -69
76.0813 -69
76.0813 -69
76.0813 -69
76.0814 -69
76.0814 -69
76.0814 -69
76.0815 -69
76.0815 -69
76.0815 -69
76.0816 -69
76.0816 -69
76.0817 -69
76.0817 -69
76.0817 -69
76.0818 -69
76.0818 -69
76.0818 -69
76.0819 -69
76.0819 -69
76.0819 -69
76.082 -69
76.082 -69
76.082 -69
76.0821 -69
76.0821 -69
76.0822 -69
76.0822 -69
76.0822 -69
76.0823 -69
76.0823 -69
76.0823 -69
76.0824 -69
76.0824 -69
76.0825 -69
76.0825 -69
76.0825 -69
76.0826 -69
76.0826 -69
76.0826 -69
76.0827 -69
76.0827 -69
76.0828 -69
76.0828 -69
76.0828 -69
76.0829 -69
76.0829 -69
76.083 -69
76.083 -69
76.083 -69
76.0831 -69
76.0831 -69
76.0831 -69
76.0832 -69
76.0832 -69
76.0833 -69
76.0833 -69
76.0833 -69
76.0834 -69
76.0834 -69
76.0835 -69
76.0835 -69
76.0835 -69
76.0836 -69
76.0836 -69
76.0837 -69
76.0837 -69
76.0837 -69
76.0838 -69
76.0838 -69
76.0839 -69
76.0839 -69
76.0839 -69
76.084 -69
76.084 -69
76.0841 -69
76.0841 -69
76.0841 -69
76.0842 -69
76.0842 -69
76.0843 -69
76.0843 -69
76.0843 -69
76.0844 -69
76.0844 -69
76.0845 -69
76.0845 -69
76.0846 -69
76.0846 -69
76.0846 -69
76.0847 -69
76.0847 -69
76.0848 -69
76.0848 -69
76.0848 -69
76.0849 -69
76.0849 -69
76.085 -69
76.085 -69
76.0851 -69
76.0851 -69
76.0851 -69
76.0852 -69
76.0852 -69
76.0853 -69
76.0853 -69
76.0854 -69
76.0854 -69
76.0854 -69
76.0855 -69
76.0855 -69
76.0856 -69
76.0856 -69
76.0857 -69
76.0857 -69
76.0857 -69
76.0858 -69
76.0858 -69
76.0859 -69
76.0859 -69
76.086 -69
76.086 -69
76.0861 -69
76.0861 -69
76.0861 -69
76.0862 -69
76.0862 -69
76.0863 -69
76.0863 -69
76.0864 -69
76.0864 -69
76.0865 -69
76.0865 -69
76.0865 -69
76.0866 -69
76.0866 -69
76.0867 -69
76.0867 -69
76.0868 -69
76.0868 -69
76.0869 -69
76.0869 -69
76.087 -69
76.087 -69
76.0871 -69
76.0871 -69
76.0871 -69
76.0872 -69
76.0872 -69
76.0873 -69
76.0873 -69
76.0874 -69
76.0874 -69
76.0875 -69
76.0875 -69
76.0876 -69
76.0876 -69
76.0877 -69
76.0877 -69
76.0877 -69
76.0878 -69
76.0878 -69
76.0879 -69
76.0879 -69
76.088 -69
76.088 -69
76.0881 -69
76.0881 -69
76.0882 -69
76.0882 -69
76.0883 -69
76.0883 -69
76.0884 -69
76.0884 -69
76.0885 -69
76.0885 -69
76.0886 -69
76.0886 -69
76.0887 -69
76.0887 -69
76.0888 -69
76.0888 -69
76.0889 -69
76.0889 -69
76.089 -69
76.089 -69
76.089 -69
76.0891 -69
76.0891 -69
76.0892 -69
76.0892 -69
76.0893 -69
76.0893 -69
76.0894 -69
76.0894 -69
76.0895 -69
76.0895 -69
76.0896 -69
76.0896 -69
76.0897 -69
76.0897 -69
76.0898 -69
76.0898 -69
76.0899 -69
76.0899 -69
76.09 -69
76.09 -69
76.0901 -69
76.0902 -69
76.0902 -69
76.0903 -69
76.0903 -69
76.0904 -69
76.0904 -69
76.0905 -69
76.0905 -69
76.0906 -69
76.0906 -69
76.0907 -69
76.0907 -69
76.0908 -69
76.0908 -69
76.0909 -69
76.0909 -69
76.091 -69
76.091 -69
76.0911 -69
76.0911 -69
76.0912 -69
76.0912 -69
76.0913 -69
76.0913 -69
76.0914 -69
76.0914 -69
76.0915 -69
76.0916 -69
76.0916 -69
76.0917 -69
76.0917 -69
76.0918 -69
76.0918 -69
76.0919 -69
76.0919 -69
76.092 -69
76.092 -69
76.0921 -69
76.0921 -69
76.0922 -69
76.0922 -69
76.0923 -69
76.0924 -69
76.0924 -69
76.0925 -69
76.0925 -69
76.0926 -69
76.0926 -69
76.0927 -69
76.0927 -69
76.0928 -69
76.0928 -69
76.0929 -69
76.093 -69
76.093 -69
76.0931 -69
76.0931 -69
76.0932 -69
76.0932 -69
76.0933 -69
76.0933 -69
76.0934 -69
76.0935 -69
76.0935 -69
76.0936 -69
76.0936 -69
76.0937 -69
76.0937 -69
76.0938 -69
76.0938 -69
76.0939 -69
76.094 -69
76.094 -69
76.0941 -69
76.0941 -69
76.0942 -69
76.0942 -69
76.0943 -69
76.0944 -69
76.0944 -69
76.0945 -69
76.0945 -69
76.0946 -69
76.0946 -69
76.0947 -69
76.0948 -69
76.0948 -69
76.0949 -69
76.0949 -69
76.095 -69
76.095 -69
76.0951 -69
76.0952 -69
76.0952 -69
76.0953 -69
76.0953 -69
76.0954 -69
76.0954 -69
76.0955 -69
76.0956 -69
76.0956 -69
76.0957 -69
76.0957 -69
76.0958 -69
76.0959 -69
76.0959 -69
76.096 -69
76.096 -69
76.0961 -69
76.0962 -69
76.0962 -69
76.0963 -69
76.0963 -69
76.0964 -69
76.0964 -69
76.0965 -69
76.0966 -69
76.0966 -69
76.0967 -69
76.0967 -69
76.0968 -69
76.0969 -69
76.0969 -69
76.097 -69
76.097 -69
76.0971 -69
76.0972 -69
76.0972 -69
76.0973 -69
76.0974 -69
76.0974 -69
76.0975 -69
76.0975 -69
76.0976 -69
76.0977 -69
76.0977 -69
76.0978 -69
76.0978 -69
76.0979 -69
76.098 -69
76.098 -69
76.0981 -69
76.0981 -69
76.0982 -69
76.0983 -69
76.0983 -69
76.0984 -69
76.0985 -69
76.0985 -69
76.0986 -69
76.0986 -69
76.0987 -69
76.0988 -69
76.0988 -69
76.0989 -69
76.099 -69
76.099 -69
76.0991 -69
76.0991 -69
76.0992 -69
76.0993 -69
76.0993 -69
76.0994 -69
76.0995 -69
76.0995 -69
76.0996 -69
76.0997 -69
76.0997 -69
76.0998 -69
76.0998 -69
76.0999 -69
76.1 -69
76.1 -69
76.1001 -69
76.1002 -69
76.1002 -69
76.1003 -69
76.1004 -69
76.1004 -69
76.1005 -69
76.1006 -69
76.1006 -69
76.1007 -69
76.1007 -69
76.1008 -69
76.1009 -69
76.1009 -69
76.101 -69
76.1011 -69
76.1011 -69
76.1012 -69
76.1013 -69
76.1013 -69
76.1014 -69
76.1015 -69
76.1015 -69
76.1016 -69
76.1017 -69
76.1017 -69
76.1018 -69
76.1019 -69
76.1019 -69
76.102 -69
76.1021 -69
76.1021 -69
76.1022 -69
76.1023 -69
76.1023 -69
76.1024 -69
76.1025 -69
76.1025 -69
76.1026 -69
76.1027 -69
76.1027 -69
76.1028 -69
76.1029 -69
76.1029 -69
76.103 -69
76.1031 -69
76.1031 -69
76.1032 -69
76.1033 -69
76.1033 -69
76.1034 -69
76.1035 -69
76.1035 -69
76.1036 -69
76.1037 -69
76.1037 -69
76.1038 -69
76.1039 -69
76.1039 -69
76.104 -69
76.1041 -69
76.1042 -69
76.1042 -69
76.1043 -69
76.1044 -69
76.1044 -69
76.1045 -69
76.1046 -69
76.1046 -69
76.1047 -69
76.1048 -69
76.1048 -69
76.1049 -69
76.105 -69
76.1051 -69
76.1051 -69
76.1052 -69
76.1053 -69
76.1053 -69
76.1054 -69
76.1055 -69
76.1055 -69
76.1056 -69
76.1057 -69
76.1058 -69
76.1058 -69
76.1059 -69
76.106 -69
76.106 -69
76.1061 -69
76.1062 -69
76.1063 -69
76.1063 -69
76.1064 -69
76.1065 -69
76.1065 -69
76.1066 -69
76.1067 -69
76.1068 -69
76.1068 -69
76.1069 -69
76.107 -69
76.107 -69
76.1071 -69
76.1072 -69
76.1073 -69
76.1073 -69
76.1074 -69
76.1075 -69
76.1075 -69
76.1076 -69
76.1077 -69
76.1078 -69
76.1078 -69
76.1079 -69
76.108 -69
76.1081 -69
76.1081 -69
76.1082 -69
76.1083 -69
76.1083 -69
76.1084 -69
76.1085 -69
76.1086 -69
76.1086 -69
76.1087 -69
76.1088 -69
76.1089 -69
76.1089 -69
76.109 -69
76.1091 -69
76.1092 -69
76.1092 -69
76.1093 -69
76.1094 -69
76.1095 -69
76.1095 -69
76.1096 -69
76.1097 -69
76.1098 -69
76.1098 -69
76.1099 -69
76.11 -69
76.1101 -69
76.1101 -69
76.1102 -69
76.1103 -69
76.1104 -69
76.1104 -69
76.1105 -69
76.1106 -69
76.1107 -69
76.1107 -69
76.1108 -69
76.1109 -69
76.111 -69
76.111 -69
76.1111 -69
76.1112 -69
76.1113 -69
76.1113 -69
76.1114 -69
76.1115 -69
76.1116 -69
76.1117 -69
76.1117 -69
76.1118 -69
76.1119 -69
76.112 -69
76.112 -69
76.1121 -69
76.1122 -69
76.1123 -69
76.1123 -69
76.1124 -69
76.1125 -69
76.1126 -69
76.1127 -69
76.1127 -69
76.1128 -69
76.1129 -69
76.113 -69
76.113 -69
76.1131 -69
76.1132 -69
76.1133 -69
76.1134 -69
76.1134 -69
76.1135 -69
76.1136 -69
76.1137 -69
76.1138 -69
76.1138 -69
76.1139 -69
76.114 -69
76.1141 -69
76.1141 -69
76.1142 -69
76.1143 -69
76.1144 -69
76.1145 -69
76.1145 -69
76.1146 -69
76.1147 -69
76.1148 -69
76.1149 -69
76.1149 -69
76.115 -69
76.1151 -69
76.1152 -69
76.1153 -69
76.1153 -69
76.1154 -69
76.1155 -69
76.1156 -69
76.1157 -69
76.1157 -69
76.1158 -69
76.1159 -69
76.116 -69
76.1161 -69
76.1161 -69
76.1162 -69
76.1163 -69
76.1164 -69
76.1165 -69
76.1166 -69
76.1166 -69
76.1167 -69
76.1168 -69
76.1169 -69
76.117 -69
76.117 -69
76.1171 -69
76.1172 -69
76.1173 -69
76.1174 -69
76.1175 -69
76.1175 -69
76.1176 -69
76.1177 -69
76.1178 -69
76.1179 -69
76.118 -69
76.118 -69
76.1181 -69
76.1182 -69
76.1183 -69
76.1184 -69
76.1185 -69
76.1185 -69
76.1186 -69
76.1187 -69
76.1188 -69
76.1189 -69
76.119 -69
76.119 -69
76.1191 -69
76.1192 -69
76.1193 -69
76.1194 -69
76.1195 -69
76.1195 -69
76.1196 -69
76.1197 -69
76.1198 -69
76.1199 -69
76.12 -69
76.12 -69
76.1201 -69
76.1202 -69
76.1203 -69
76.1204 -69
76.1205 -69
76.1206 -69
76.1206 -69
76.1207 -69
76.1208 -69
76.1209 -69
76.121 -69
76.1211 -69
76.1212 -69
76.1212 -69
76.1213 -69
76.1214 -69
76.1215 -69
76.1216 -69
76.1217 -69
76.1218 -69
76.1218 -69
76.1219 -69
76.122 -69
76.1221 -69
76.1222 -69
76.1223 -69
76.1224 -69
76.1224 -69
76.1225 -69
76.1226 -69
76.1227 -69
76.1228 -69
76.1229 -69
76.123 -69
76.1231 -69
76.1231 -69
76.1232 -69
76.1233 -69
76.1234 -69
76.1235 -69
76.1236 -69
76.1237 -69
76.1238 -69
76.1238 -69
76.1239 -69
76.124 -69
76.1241 -69
76.1242 -69
76.1243 -69
76.1244 -69
76.1245 -69
76.1246 -69
76.1246 -69
76.1247 -69
76.1248 -69
76.1249 -69
76.125 -69
76.1251 -69
76.1252 -69
76.1253 -69
76.1254 -69
76.1254 -69
76.1255 -69
76.1256 -69
76.1257 -69
76.1258 -69
76.1259 -69
76.126 -69
76.1261 -69
76.1262 -69
76.1263 -69
76.1263 -69
76.1264 -69
76.1265 -69
76.1266 -69
76.1267 -69
76.1268 -69
76.1269 -69
76.127 -69
76.1271 -69
76.1272 -69
76.1273 -69
76.1273 -69
76.1274 -69
76.1275 -69
76.1276 -69
76.1277 -69
76.1278 -69
76.1279 -69
76.128 -69
76.1281 -69
76.1282 -69
76.1283 -69
76.1284 -69
76.1284 -69
76.1285 -69
76.1286 -69
76.1287 -69
76.1288 -69
76.1289 -69
76.129 -69
76.1291 -69
76.1292 -69
76.1293 -69
76.1294 -69
76.1295 -69
76.1296 -69
76.1296 -69
76.1297 -69
76.1298 -69
76.1299 -69
76.13 -69
76.1301 -69
76.1302 -69
76.1303 -69
76.1304 -69
76.1305 -69
76.1306 -69
76.1307 -69
76.1308 -69
76.1309 -69
76.131 -69
76.131 -69
76.1311 -69
76.1312 -69
76.1313 -69
76.1314 -69
76.1315 -69
76.1316 -69
76.1317 -69
76.1318 -69
76.1319 -69
76.132 -69
76.1321 -69
76.1322 -69
76.1323 -69
76.1324 -69
76.1325 -69
76.1326 -69
76.1327 -69
76.1328 -69
76.1329 -69
76.1329 -69
76.133 -69
76.1331 -69
76.1332 -69
76.1333 -69
76.1334 -69
76.1335 -69
76.1336 -69
76.1337 -69
76.1338 -69
76.1339 -69
76.134 -69
76.1341 -69
76.1342 -69
76.1343 -69
76.1344 -69
76.1345 -69
76.1346 -69
76.1347 -69
76.1348 -69
76.1349 -69
76.135 -69
76.1351 -69
76.1352 -69
76.1353 -69
76.1354 -69
76.1355 -69
76.1356 -69
76.1357 -69
76.1358 -69
76.1359 -69
76.136 -69
76.1361 -69
76.1361 -69
76.1362 -69
76.1363 -69
76.1364 -69
76.1365 -69
76.1366 -69
76.1367 -69
76.1368 -69
76.1369 -69
76.137 -69
76.1371 -69
76.1372 -69
76.1373 -69
76.1374 -69
76.1375 -69
76.1376 -69
76.1377 -69
76.1378 -69
76.1379 -69
76.138 -69
76.1381 -69
76.1382 -69
76.1383 -69
76.1384 -69
76.1385 -69
76.1386 -69
76.1387 -69
76.1388 -69
76.1389 -69
76.139 -69
76.1391 -69
76.1392 -69
76.1393 -69
76.1394 -69
76.1395 -69
76.1396 -69
76.1397 -69
76.1398 -69
76.1399 -69
76.14 -69
76.1401 -69
76.1402 -69
76.1403 -69
76.1404 -69
76.1405 -69
76.1406 -69
76.1408 -69
76.1409 -69
76.141 -69
76.1411 -69
76.1412 -69
76.1413 -69
76.1414 -69
76.1415 -69
76.1416 -69
76.1417 -69
76.1418 -69
76.1419 -69
76.142 -69
76.1421 -69
76.1422 -69
76.1423 -69
76.1424 -69
76.1425 -69
76.1426 -69
76.1427 -69
76.1428 -69
76.1429 -69
76.143 -69
76.1431 -69
76.1432 -69
76.1433 -69
76.1434 -69
76.1435 -69
76.1436 -69
76.1437 -69
76.1438 -69
76.1439 -69
76.144 -69
76.1442 -69
76.1443 -69
76.1444 -69
76.1445 -69
76.1446 -69
76.1447 -69
76.1448 -69
76.1449 -69
76.145 -69
76.1451 -69
76.1452 -69
76.1453 -69
76.1454 -69
76.1455 -69
76.1456 -69
76.1457 -69
76.1458 -69
76.1459 -69
76.146 -69
76.1461 -69
76.1463 -69
76.1464 -69
76.1465 -69
76.1466 -69
76.1467 -69
76.1468 -69
76.1469 -69
76.147 -69
76.1471 -69
76.1472 -69
76.1473 -69
76.1474 -69
76.1475 -69
76.1476 -69
76.1477 -69
76.1479 -69
76.148 -69
76.1481 -69
76.1482 -69
76.1483 -69
76.1484 -69
76.1485 -69
76.1486 -69
76.1487 -69
76.1488 -69
76.1489 -69
76.149 -69
76.1491 -69
76.1492 -69
76.1494 -69
76.1495 -69
76.1496 -69
76.1497 -69
76.1498 -69
76.1499 -69
76.15 -69
76.1501 -69
76.1502 -69
76.1503 -69
76.1504 -69
76.1506 -69
76.1507 -69
76.1508 -69
76.1509 -69
76.151 -69
76.1511 -69
76.1512 -69
76.1513 -69
76.1514 -69
76.1515 -69
76.1516 -69
76.1518 -69
76.1519 -69
76.152 -69
76.1521 -69
76.1522 -69
76.1523 -69
76.1524 -69
76.1525 -69
76.1526 -69
76.1527 -69
76.1529 -69
76.153 -69
76.1531 -69
76.1532 -69
76.1533 -69
76.1534 -69
76.1535 -69
76.1536 -69
76.1537 -69
76.1539 -69
76.154 -69
76.1541 -69
76.1542 -69
76.1543 -69
76.1544 -69
76.1545 -69
76.1546 -69
76.1547 -69
76.1549 -69
76.155 -69
76.1551 -69
76.1552 -69
76.1553 -69
76.1554 -69
76.1555 -69
76.1556 -69
76.1558 -69
76.1559 -69
76.156 -69
76.1561 -69
76.1562 -69
76.1563 -69
76.1564 -69
76.1565 -69
76.1567 -69
76.1568 -69
76.1569 -69
76.157 -69
76.1571 -69
76.1572 -69
76.1573 -69
76.1575 -69
76.1576 -69
76.1577 -69
76.1578 -69
76.1579 -69
76.158 -69
76.1581 -69
76.1583 -69
76.1584 -69
76.1585 -69
76.1586 -69
76.1587 -69
76.1588 -69
76.1589 -69
76.1591 -69
76.1592 -69
76.1593 -69
76.1594 -69
76.1595 -69
76.1596 -69
76.1597 -69
76.1599 -69
76.16 -69
76.1601 -69
76.1602 -69
76.1603 -69
76.1604 -69
76.1606 -69
76.1607 -69
76.1608 -69
76.1609 -69
76.161 -69
76.1611 -69
76.1613 -69
76.1614 -69
76.1615 -69
76.1616 -69
76.1617 -69
76.1618 -69
76.162 -69
76.1621 -69
76.1622 -69
76.1623 -69
76.1624 -69
76.1625 -69
76.1627 -69
76.1628 -69
76.1629 -69
76.163 -69
76.1631 -69
76.1632 -69
76.1634 -69
76.1635 -69
76.1636 -69
76.1637 -69
76.1638 -69
76.1639 -69
76.1641 -69
76.1642 -69
76.1643 -69
76.1644 -69
76.1645 -69
76.1647 -69
76.1648 -69
76.1649 -69
76.165 -69
76.1651 -69
76.1653 -69
76.1654 -69
76.1655 -69
76.1656 -69
76.1657 -69
76.1658 -69
76.166 -69
76.1661 -69
76.1662 -69
76.1663 -69
76.1664 -69
76.1666 -69
76.1667 -69
76.1668 -69
76.1669 -69
76.167 -69
76.1672 -69
76.1673 -69
76.1674 -69
76.1675 -69
76.1676 -69
76.1678 -69
76.1679 -69
76.168 -69
76.1681 -69
76.1682 -69
76.1684 -69
76.1685 -69
76.1686 -69
76.1687 -69
76.1689 -69
76.169 -69
76.1691 -69
76.1692 -69
76.1693 -69
76.1695 -69
76.1696 -69
76.1697 -69
76.1698 -69
76.1699 -69
76.1701 -69
76.1702 -69
76.1703 -69
76.1704 -69
76.1706 -69
76.1707 -69
76.1708 -69
76.1709 -69
76.171 -69
76.1712 -69
76.1713 -69
76.1714 -69
76.1715 -69
76.1717 -69
76.1718 -69
76.1719 -69
76.172 -69
76.1722 -69
76.1723 -69
76.1724 -69
76.1725 -69
76.1726 -69
76.1728 -69
76.1729 -69
76.173 -69
76.1731 -69
76.1733 -69
76.1734 -69
76.1735 -69
76.1736 -69
76.1738 -69
76.1739 -69
76.174 -69
76.1741 -69
76.1743 -69
76.1744 -69
76.1745 -69
76.1746 -69
76.1748 -69
76.1749 -69
76.175 -69
76.1751 -69
76.1753 -69
76.1754 -69
76.1755 -69
76.1756 -69
76.1758 -69
76.1759 -69
76.176 -69
76.1761 -69
76.1763 -69
76.1764 -69
76.1765 -69
76.1766 -69
76.1768 -69
76.1769 -69
76.177 -69
76.1771 -69
76.1773 -69
76.1774 -69
76.1775 -69
76.1777 -69
76.1778 -69
76.1779 -69
76.178 -69
76.1782 -69
76.1783 -69
76.1784 -69
76.1785 -69
76.1787 -69
76.1788 -69
76.1789 -69
76.1791 -69
76.1792 -69
76.1793 -69
76.1794 -69
76.1796 -69
76.1797 -69
76.1798 -69
76.1799 -69
76.1801 -69
76.1802 -69
76.1803 -69
76.1805 -69
76.1806 -69
76.1807 -69
76.1808 -69
76.181 -69
76.1811 -69
76.1812 -69
76.1814 -69
76.1815 -69
76.1816 -69
76.1817 -69
76.1819 -69
76.182 -69
76.1821 -69
76.1823 -69
76.1824 -69
76.1825 -69
76.1827 -69
76.1828 -69
76.1829 -69
76.183 -69
76.1832 -69
76.1833 -69
76.1834 -69
76.1836 -69
76.1837 -69
76.1838 -69
76.184 -69
76.1841 -69
76.1842 -69
76.1843 -69
76.1845 -69
76.1846 -69
76.1847 -69
76.1849 -69
76.185 -69
76.1851 -69
76.1853 -69
76.1854 -69
76.1855 -69
76.1857 -69
76.1858 -69
76.1859 -69
76.1861 -69
76.1862 -69
76.1863 -69
76.1864 -69
76.1866 -69
76.1867 -69
76.1868 -69
76.187 -69
76.1871 -69
76.1872 -69
76.1874 -69
76.1875 -69
76.1876 -69
76.1878 -69
76.1879 -69
76.188 -69
76.1882 -69
76.1883 -69
76.1884 -69
76.1886 -69
76.1887 -69
76.1888 -69
76.189 -69
76.1891 -69
76.1892 -69
76.1894 -69
76.1895 -69
76.1896 -69
76.1898 -69
76.1899 -69
76.19 -69
76.1902 -69
76.1903 -69
76.1904 -69
76.1906 -69
76.1907 -69
76.1908 -69
76.191 -69
76.1911 -69
76.1913 -69
76.1914 -69
76.1915 -69
76.1917 -69
76.1918 -69
76.1919 -69
76.1921 -69
76.1922 -69
76.1923 -69
76.1925 -69
76.1926 -69
76.1927 -69
76.1929 -69
76.193 -69
76.1931 -69
76.1933 -69
76.1934 -69
76.1936 -69
76.1937 -69
76.1938 -69
76.194 -69
76.1941 -69
76.1942 -69
76.1944 -69
76.1945 -69
76.1946 -69
76.1948 -69
76.1949 -69
76.1951 -69
76.1952 -69
76.1953 -69
76.1955 -69
76.1956 -69
76.1957 -69
76.1959 -69
76.196 -69
76.1962 -69
76.1963 -69
76.1964 -69
76.1966 -69
76.1967 -69
76.1968 -69
76.197 -69
76.1971 -69
76.1973 -69
76.1974 -69
76.1975 -69
76.1977 -69
76.1978 -69
76.1979 -69
76.1981 -69
76.1982 -69
76.1984 -69
76.1985 -69
76.1986 -69
76.1988 -69
76.1989 -69
76.1991 -69
76.1992 -69
76.1993 -69
76.1995 -69
76.1996 -69
76.1998 -69
76.1999 -69
76.2 -69
76.2002 -69
76.2003 -69
76.2005 -69
76.2006 -69
76.2007 -69
76.2009 -69
76.201 -69
76.2012 -69
76.2013 -69
76.2014 -69
76.2016 -69
76.2017 -69
76.2019 -69
76.202 -69
76.2021 -69
76.2023 -69
76.2024 -69
76.2026 -69
76.2027 -69
76.2028 -69
76.203 -69
76.2031 -69
76.2033 -69
76.2034 -69
76.2036 -69
76.2037 -69
76.2038 -69
76.204 -69
76.2041 -69
76.2043 -69
76.2044 -69
76.2045 -69
76.2047 -69
76.2048 -69
76.205 -69
76.2051 -69
76.2053 -69
76.2054 -69
76.2055 -69
76.2057 -69
76.2058 -69
76.206 -69
76.2061 -69
76.2063 -69
76.2064 -69
76.2065 -69
76.2067 -69
76.2068 -69
76.207 -69
76.2071 -69
76.2073 -69
76.2074 -69
76.2075 -69
76.2077 -69
76.2078 -69
76.208 -69
76.2081 -69
76.2083 -69
76.2084 -69
76.2086 -69
76.2087 -69
76.2088 -69
76.209 -69
76.2091 -69
76.2093 -69
76.2094 -69
76.2096 -69
76.2097 -69
76.2099 -69
76.21 -69
76.2101 -69
76.2103 -69
76.2104 -69
76.2106 -69
76.2107 -69
76.2109 -69
76.211 -69
76.2112 -69
76.2113 -69
76.2115 -69
76.2116 -69
76.2118 -69
76.2119 -69
76.212 -69
76.2122 -69
76.2123 -69
76.2125 -69
76.2126 -69
76.2128 -69
76.2129 -69
76.2131 -69
76.2132 -69
76.2134 -69
76.2135 -69
76.2137 -69
76.2138 -69
76.214 -69
76.2141 -69
76.2142 -69
76.2144 -69
76.2145 -69
76.2147 -69
76.2148 -69
76.215 -69
76.2151 -69
76.2153 -69
76.2154 -69
76.2156 -69
76.2157 -69
76.2159 -69
76.216 -69
76.2162 -69
76.2163 -69
76.2165 -69
76.2166 -69
76.2168 -69
76.2169 -69
76.2171 -69
76.2172 -69
76.2174 -69
76.2175 -69
76.2177 -69
76.2178 -69
76.218 -69
76.2181 -69
76.2183 -69
76.2184 -69
76.2186 -69
76.2187 -69
76.2189 -69
76.219 -69
76.2192 -69
76.2193 -69
76.2195 -69
76.2196 -69
76.2198 -69
76.2199 -69
76.2201 -69
76.2202 -69
76.2204 -69
76.2205 -69
76.2207 -69
76.2208 -69
76.221 -69
76.2211 -69
76.2213 -69
76.2214 -69
76.2216 -69
76.2217 -69
76.2219 -69
76.222 -69
76.2222 -69
76.2223 -69
76.2225 -69
76.2226 -69
76.2228 -69
76.2229 -69
76.2231 -69
76.2232 -69
76.2234 -69
76.2235 -69
76.2237 -69
76.2238 -69
76.224 -69
76.2241 -69
76.2243 -69
76.2244 -69
76.2246 -69
76.2248 -69
76.2249 -69
76.2251 -69
76.2252 -69
76.2254 -69
76.2255 -69
76.2257 -69
76.2258 -69
76.226 -69
76.2261 -69
76.2263 -69
76.2264 -69
76.2266 -69
76.2267 -69
76.2269 -69
76.2271 -69
76.2272 -69
76.2274 -69
76.2275 -69
76.2277 -69
76.2278 -69
76.228 -69
76.2281 -69
76.2283 -69
76.2284 -69
76.2286 -69
76.2288 -69
76.2289 -69
76.2291 -69
76.2292 -69
76.2294 -69
76.2295 -69
76.2297 -69
76.2298 -69
76.23 -69
76.2301 -69
76.2303 -69
76.2305 -69
76.2306 -69
76.2308 -69
76.2309 -69
76.2311 -69
76.2312 -69
76.2314 -69
76.2316 -69
