0.1 -0.177547
0.2 -0.352266
0.3 -0.529186
0.4 -0.706743
0.5 -0.884763
0.6 -1.0633
0.7 -1.24195
0.8 -1.42135
0.9 -1.60121
1 -1.78177
0.261886 -1.81732
0.518473 -1.86335
0.763326 -1.91337
1.00885 -1.96321
1.25413 -2.01312
1.49963 -2.06301
1.74536 -2.11285
1.99107 -2.16272
2.23673 -2.21264
2.48224 -2.26263
2.72785 -2.31261
2.9734 -2.36263
3.21895 -2.41269
3.46445 -2.46278
3.70992 -2.5129
3.95536 -2.56307
4.20075 -2.61327
4.44603 -2.66354
4.69136 -2.71382
4.93666 -2.76413
5.1819 -2.81448
5.42709 -2.86488
5.67229 -2.9153
5.91751 -2.96573
6.1627 -3.0162
6.40772 -3.06677
6.65274 -3.11732
6.89734 -3.16796
7.14239 -3.21857
7.38739 -3.26923
7.63143 -3.32011
7.87457 -3.37125
8.11836 -3.4223
8.3631 -3.47314
8.6078 -3.52401
8.85246 -3.57493
9.09708 -3.62588
9.34167 -3.67687
9.58613 -3.72795
9.83064 -3.77902
10.075 -3.83016
10.319 -3.88143
10.5634 -3.93261
10.8077 -3.98384
11.052 -4.03511
11.2963 -4.08644
11.5405 -4.13779
11.7847 -4.18918
12.0289 -4.24061
12.273 -4.29208
12.517 -4.34358
12.7611 -4.39513
13.0051 -4.44672
13.249 -4.49835
13.493 -4.55002
13.7368 -4.60173
13.9807 -4.65348
14.2245 -4.70527
14.4683 -4.7571
14.7109 -4.80946
14.9555 -4.86095
15.1981 -4.91342
15.4416 -4.96545
15.6851 -5.01753
15.9286 -5.06961
16.1721 -5.12177
16.4154 -5.174
16.6587 -5.22625
16.902 -5.27855
17.145 -5.33103
17.3882 -5.38343
17.6313 -5.43587
17.8744 -5.48835
18.1175 -5.54086
18.3605 -5.59343
18.6035 -5.64605
18.8464 -5.69871
19.0893 -5.75141
19.3321 -5.80417
19.5749 -5.85697
19.8177 -5.90981
20.0604 -5.96271
20.3027 -6.01588
20.5452 -6.06894
20.7877 -6.12198
21.0303 -6.17505
21.2726 -6.22827
21.5151 -6.28144
21.7575 -6.33465
21.9996 -6.38803
22.2422 -6.44115
22.4845 -6.49447
22.7268 -6.54786
22.969 -6.6013
23.211 -6.65486
23.4531 -6.70842
23.6952 -6.76199
23.937 -6.81579
24.179 -6.86945
24.4209 -6.92316
24.6628 -6.97692
24.9047 -7.03072
25.1465 -7.08456
25.3883 -7.13846
25.63 -7.19239
25.8717 -7.24638
26.1134 -7.30045
26.355 -7.35454
26.5966 -7.40862
26.8381 -7.4628
27.0796 -7.51702
27.3211 -7.57129
27.5625 -7.6256
27.8038 -7.67997
28.0451 -7.73443
28.2868 -7.78848
28.5276 -7.8434
28.7689 -7.89788
29.01 -7.95249
29.2511 -8.00715
29.4922 -8.06186
29.7332 -8.11662
29.9741 -8.17143
30.215 -8.22629
30.4558 -8.28129
30.6967 -8.33625
30.9374 -8.39126
31.1782 -8.44633
31.4184 -8.50193
31.659 -8.55714
31.8996 -8.61237
32.1401 -8.66766
32.3806 -8.72299
32.6211 -8.77838
32.8615 -8.83382
33.1018 -8.88931
33.3421 -8.94486
33.5824 -9.00046
33.8222 -9.05604
34.049 -9.10997
34.2015 -9.15285
34.3169 -9.19056
34.4284 -9.2265
34.5399 -9.26245
34.6508 -9.29816
34.7614 -9.33381
34.8723 -9.36966
34.9841 -9.40596
35.0961 -9.44242
35.2079 -9.47885
35.3177 -9.51443
35.4321 -9.55218
35.5425 -9.58816
35.6556 -9.62554
35.7654 -9.6617
35.8745 -9.69835
35.9817 -9.73432
36.0865 -9.77025
36.1893 -9.80578
36.2903 -9.84112
36.388 -9.87578
36.4842 -9.91043
36.5796 -9.94499
36.6744 -9.97951
36.7678 -10.0136
36.8619 -10.048
36.9558 -10.0825
37.0505 -10.1172
37.1453 -10.1521
37.2393 -10.1866
37.334 -10.2215
37.4287 -10.2564
37.5232 -10.2913
37.6178 -10.3262
37.7123 -10.3611
37.8067 -10.3961
37.9009 -10.4309
37.9949 -10.4657
38.0892 -10.5007
38.1836 -10.5358
38.278 -10.5709
38.3724 -10.6061
38.4667 -10.6412
38.5609 -10.6764
38.655 -10.7115
38.7492 -10.7467
38.8432 -10.7819
38.9372 -10.8171
39.0311 -10.8523
39.125 -10.8875
39.2187 -10.9227
39.3124 -10.9579
39.4057 -10.993
39.4994 -11.0282
39.5929 -11.0635
39.6864 -11.0988
39.7799 -11.1341
39.8732 -11.1694
39.9665 -11.2047
40.0598 -11.24
40.1529 -11.2753
40.2461 -11.3107
40.339 -11.346
40.4319 -11.3813
40.5246 -11.4166
40.6172 -11.4518
40.7097 -11.4871
40.8021 -11.5224
40.8945 -11.5577
40.9868 -11.5929
41.079 -11.6283
41.1712 -11.6636
41.2632 -11.6989
41.3552 -11.7342
41.4471 -11.7695
41.5389 -11.8048
41.6307 -11.8402
41.7225 -11.8755
41.8141 -11.9109
41.9057 -11.9463
41.9973 -11.9817
42.0888 -12.0171
42.1801 -12.0525
42.2709 -12.0877
42.3621 -12.1231
42.4531 -12.1585
42.5439 -12.1938
42.635 -12.2293
42.726 -12.2648
42.8168 -12.3002
42.9074 -12.3356
42.9974 -12.3707
43.0877 -12.4061
43.178 -12.4414
43.2681 -12.4768
43.3583 -12.5122
43.4483 -12.5476
43.5383 -12.583
43.6282 -12.6184
43.718 -12.6538
43.8077 -12.6892
43.8971 -12.7245
43.9869 -12.7601
44.0765 -12.7956
44.1661 -12.8311
44.2556 -12.8667
44.3451 -12.9022
44.4345 -12.9378
44.5237 -12.9733
44.613 -13.0089
44.7021 -13.0445
44.7912 -13.0801
44.8802 -13.1158
44.9692 -13.1514
45.058 -13.1871
45.1468 -13.2227
45.2355 -13.2584
45.3242 -13.2941
45.4127 -13.3298
45.5012 -13.3655
45.5896 -13.4012
45.6779 -13.4369
45.7661 -13.4726
45.8543 -13.5083
45.9423 -13.5441
46.0303 -13.5798
46.1182 -13.6156
46.206 -13.6513
46.2937 -13.6871
46.3814 -13.7229
46.4688 -13.7586
46.5564 -13.7945
46.6439 -13.8304
46.7314 -13.8663
46.8188 -13.9022
46.906 -13.9381
46.9931 -13.974
47.0804 -14.01
47.1676 -14.046
47.2546 -14.082
47.3416 -14.118
47.4286 -14.154
47.5154 -14.1901
47.6021 -14.2261
47.6888 -14.2622
47.7753 -14.2983
47.8617 -14.3343
47.9481 -14.3704
48.0344 -14.4065
48.1206 -14.4426
48.2066 -14.4787
48.2926 -14.5148
48.3785 -14.5509
48.4642 -14.587
48.5499 -14.6232
48.6355 -14.6593
48.721 -14.6955
48.8064 -14.7316
48.8917 -14.7678
48.9769 -14.804
49.0619 -14.8401
49.1467 -14.8762
49.2315 -14.9123
49.3162 -14.9485
49.4007 -14.9846
49.4852 -15.0208
49.5695 -15.0569
49.6533 -15.093
49.7364 -15.129
49.8194 -15.1651
49.9005 -15.2008
49.9808 -15.2364
50.0611 -15.272
50.1413 -15.3077
50.2191 -15.3429
50.2963 -15.3781
50.3734 -15.4133
50.4505 -15.4486
50.5269 -15.4837
50.6016 -15.5186
50.6762 -15.5535
50.7507 -15.5884
50.8239 -15.6231
50.8971 -15.6578
50.9701 -15.6925
51.0431 -15.7273
51.1161 -15.762
51.1889 -15.7968
51.2617 -15.8316
51.3345 -15.8664
51.4071 -15.9012
51.4797 -15.936
51.5522 -15.9708
51.6247 -16.0056
51.6971 -16.0405
51.7694 -16.0753
51.8416 -16.1102
51.9137 -16.1451
51.9857 -16.1799
52.0577 -16.2148
52.1295 -16.2497
52.2013 -16.2846
52.2731 -16.3195
52.3447 -16.3544
52.4163 -16.3893
52.4878 -16.4243
52.5591 -16.4592
52.6303 -16.4941
52.7014 -16.5289
52.7723 -16.5638
52.8432 -16.5987
52.9139 -16.6336
52.9843 -16.6684
53.0547 -16.7032
53.125 -16.738
53.1952 -16.7728
53.2653 -16.8077
53.3353 -16.8425
53.4052 -16.8774
53.475 -16.9122
53.5447 -16.9471
53.6143 -16.982
53.6839 -17.0169
53.7533 -17.0518
53.8231 -17.0868
53.8932 -17.1221
53.9638 -17.1577
54.0345 -17.1933
54.105 -17.2289
54.1756 -17.2647
54.2463 -17.3004
54.3168 -17.3362
54.3872 -17.372
54.4575 -17.4078
54.5278 -17.4443
54.5976 -17.4896
54.6658 -17.5474
54.733 -17.613
54.7948 -17.6977
54.8464 -17.7839
54.8626 -17.8321
54.8851 -17.8881
54.9078 -17.9441
54.9303 -18.0003
54.9528 -18.0568
54.9752 -18.1136
54.9974 -18.1705
55.0193 -18.2275
55.041 -18.2848
55.0624 -18.3429
55.0834 -18.4023
55.1038 -18.4627
55.1236 -18.5217
55.1421 -18.5799
55.1598 -18.6331
55.1772 -18.6831
55.1943 -18.733
55.2114 -18.7832
55.2284 -18.8335
55.2453 -18.8841
55.2621 -18.9349
55.2786 -18.9858
55.2942 -19.0368
55.3097 -19.0879
55.3251 -19.1393
55.3404 -19.1909
55.3555 -19.2433
55.3695 -19.3011
55.3818 -19.3631
55.3932 -19.4267
55.4015 -19.4812
55.4088 -19.5321
55.4128 -19.5582
55.4144 -19.5607
55.4156 -19.5624
55.416 -19.5642
55.416 -19.5663
55.4159 -19.5685
55.4158 -19.5709
55.4156 -19.5736
55.4153 -19.5764
55.4136 -19.5794
55.4101 -19.5826
55.4064 -19.5859
55.4027 -19.5895
55.3988 -19.5932
55.3949 -19.5972
55.3939 -19.6014
55.3928 -19.6059
55.3917 -19.6106
55.3904 -19.6156
55.3891 -19.6207
55.3863 -19.626
55.385 -19.6315
55.3851 -19.6374
55.385 -19.6435
55.3849 -19.6499
55.3847 -19.6564
55.3845 -19.6632
55.3841 -19.6702
55.3837 -19.6774
55.3832 -19.6849
55.3827 -19.6926
55.382 -19.7006
55.3826 -19.7089
55.3853 -19.7175
55.3872 -19.7264
55.388 -19.7354
55.3888 -19.7447
55.3895 -19.7543
55.3902 -19.7641
55.3908 -19.7742
55.3913 -19.7845
55.3918 -19.795
55.3922 -19.8059
55.3949 -19.8172
55.3977 -19.8287
55.4003 -19.8406
55.403 -19.8527
55.4056 -19.8651
55.4081 -19.8778
55.4119 -19.8909
55.4157 -19.9043
55.4194 -19.9179
55.4231 -19.9319
55.4268 -19.9461
55.4303 -19.9607
55.4339 -19.9755
55.4373 -19.9907
55.4408 -20.0062
55.4441 -20.0219
55.4475 -20.038
55.4507 -20.0544
55.454 -20.0711
55.4571 -20.0881
55.4602 -20.1054
55.4633 -20.1231
55.4663 -20.1411
55.4692 -20.1594
55.4721 -20.178
55.4749 -20.197
55.4777 -20.2162
55.4804 -20.2359
55.483 -20.2558
55.4856 -20.2761
55.4882 -20.2967
55.4906 -20.3177
55.493 -20.339
55.4954 -20.3607
55.4977 -20.3827
55.4999 -20.4051
55.5021 -20.4278
55.5042 -20.4509
55.5063 -20.4744
55.5083 -20.4982
55.5102 -20.5224
55.5121 -20.547
55.5139 -20.572
55.5156 -20.5973
55.5173 -20.6231
55.5189 -20.6491
55.5204 -20.6756
55.5219 -20.7024
55.5233 -20.7296
55.5246 -20.7573
55.5259 -20.7853
55.5271 -20.8138
55.5282 -20.8426
55.5293 -20.8719
55.5303 -20.9016
55.5312 -20.9317
55.532 -20.9622
55.5328 -20.9932
55.5335 -21.0246
55.5342 -21.0565
55.5348 -21.0887
55.5353 -21.1215
55.5357 -21.1547
55.5355 -21.1989
55.535 -21.2488
55.5338 -21.3103
55.5314 -21.3872
55.5289 -21.4646
55.5262 -21.5437
55.5215 -21.6349
55.5168 -21.7265
55.512 -21.8186
55.5066 -21.9089
55.4999 -21.9955
55.4933 -22.0825
55.4859 -22.1627
55.4781 -22.2402
55.4702 -22.3182
55.4623 -22.3968
55.4543 -22.4758
55.4463 -22.5553
55.4382 -22.6353
55.43 -22.7158
55.4218 -22.7969
55.4134 -22.8785
55.4051 -22.9606
55.3966 -23.0432
55.3881 -23.1264
55.3795 -23.2101
55.3708 -23.2943
55.3621 -23.3791
55.3532 -23.4645
55.3443 -23.5504
55.3354 -23.6369
55.3263 -23.724
55.3172 -23.8116
55.308 -23.8998
55.2987 -23.9886
55.2894 -24.0781
55.28 -24.1681
55.2705 -24.2587
55.2609 -24.3499
55.2512 -24.4418
55.2414 -24.5343
55.2316 -24.6274
55.2217 -24.7212
55.2117 -24.8156
55.2016 -24.9107
55.1914 -25.0064
55.1812 -25.1028
55.1708 -25.1999
55.1604 -25.2976
55.1496 -25.4052
55.1386 -25.5171
55.1277 -25.63
55.116 -25.7595
55.1039 -25.8939
55.0917 -26.0292
55.0794 -26.1652
55.0666 -26.3058
55.0529 -26.4528
55.0391 -26.6007
55.0253 -26.7494
55.0113 -26.8989
54.9967 -27.0465
54.9815 -27.1982
54.9655 -27.3788
54.9495 -27.5604
54.9323 -27.748
54.9127 -27.982
54.8931 -28.2169
54.8733 -28.4527
54.8535 -28.6893
54.8315 -28.9461
54.8082 -29.2136
54.7849 -29.4819
54.7614 -29.7511
54.7379 -30.021
54.7143 -30.2918
54.6883 -30.5484
54.662 -30.8051
54.6356 -31.0627
54.6092 -31.321
54.5816 -31.5601
54.5537 -31.7938
54.5261 -32.0289
54.4984 -32.2648
54.4706 -32.5014
54.4427 -32.7389
54.4147 -32.9773
54.3867 -33.2165
54.3586 -33.4565
54.3304 -33.6974
54.3021 -33.9392
54.2737 -34.1819
54.2452 -34.4255
54.2166 -34.67
54.188 -34.9154
54.1593 -35.1617
54.1304 -35.4089
54.1015 -35.6571
54.0726 -35.9064
54.044 -36.1577
54.0152 -36.415
53.9862 -36.6733
53.9572 -36.9328
53.9281 -37.1934
53.8989 -37.4552
53.8696 -37.7182
53.8401 -37.987
53.8104 -38.2606
53.7806 -38.5356
53.7507 -38.8122
53.7208 -39.0905
53.6929 -39.3092
53.6661 -39.4977
53.6392 -39.6866
53.6122 -39.8786
53.5893 -39.9864
53.567 -40.0873
53.5444 -40.1886
53.5217 -40.2907
53.4989 -40.3927
53.4799 -40.4742
53.4632 -40.5497
53.4463 -40.6237
53.4293 -40.6976
53.4149 -40.7904
53.4032 -40.8998
53.3915 -41.0101
53.3812 -41.1413
53.3714 -41.2847
53.3616 -41.4284
53.3517 -41.5725
53.3418 -41.7169
53.3319 -41.8616
53.322 -42.0068
53.312 -42.1523
53.302 -42.2981
53.292 -42.4443
53.282 -42.5909
53.272 -42.738
53.2623 -42.8858
53.2527 -43.0376
53.243 -43.1931
53.2332 -43.3492
53.223 -43.5293
53.2126 -43.7185
53.2022 -43.908
53.1917 -44.0981
53.1812 -44.2916
53.1692 -44.5444
53.1572 -44.7979
53.1451 -45.0522
53.1331 -45.3072
53.121 -45.5629
53.1088 -45.8193
53.0967 -46.0765
53.0834 -46.3614
53.0693 -46.6625
53.0553 -46.9652
53.0417 -47.2699
53.0281 -47.5759
53.0145 -47.8831
53.0009 -48.1916
52.9872 -48.5014
52.9735 -48.8125
52.9598 -49.1249
52.9457 -49.4344
52.9308 -49.736
52.9159 -50.039
52.9019 -50.3001
52.8884 -50.5448
52.8749 -50.7901
52.8613 -51.0361
52.8477 -51.2827
52.8352 -51.4987
52.8234 -51.6643
52.8112 -51.8219
52.7989 -51.977
52.7866 -52.1323
52.7742 -52.2877
52.7619 -52.4432
52.7495 -52.5989
52.7372 -52.7547
52.7265 -52.8919
52.7164 -53.0261
52.7063 -53.1604
52.6962 -53.291
52.686 -53.4142
52.6758 -53.5371
52.666 -53.627
52.6573 -53.7143
52.6499 -53.8137
52.6424 -53.913
52.6349 -54.0122
52.6274 -54.1113
52.6208 -54.2304
52.6155 -54.3066
52.6106 -54.3782
52.6056 -54.4481
52.6006 -54.5179
52.5957 -54.5876
52.5907 -54.6572
52.5857 -54.7268
52.5807 -54.7963
52.5762 -54.8614
52.5733 -54.9175
52.5704 -54.9735
52.5674 -55.0295
52.5644 -55.0855
52.5615 -55.1414
52.5585 -55.1973
52.5565 -55.2627
52.5554 -55.3357
52.5542 -55.4087
52.553 -55.4818
52.5518 -55.5548
52.5513 -55.6418
52.5508 -55.7288
52.5503 -55.8157
52.5498 -55.9027
52.5493 -55.9897
52.5488 -56.0767
52.5483 -56.1636
52.5478 -56.2506
52.5473 -56.3376
52.5468 -56.4245
52.5463 -56.5115
52.5457 -56.5985
52.5452 -56.6855
52.5447 -56.7724
52.5442 -56.8594
52.5437 -56.9464
52.5432 -57.0334
52.5427 -57.1203
52.5422 -57.2073
52.5417 -57.2943
52.5412 -57.3812
52.5407 -57.4682
52.5402 -57.5552
52.5397 -57.6422
52.5392 -57.7291
52.5387 -57.8161
52.5382 -57.9031
52.5377 -57.99
52.5371 -58.077
52.5366 -58.164
52.5361 -58.2509
52.5356 -58.3379
52.5351 -58.4249
52.5346 -58.5119
52.5341 -58.5988
52.5336 -58.6858
52.5331 -58.7728
52.5326 -58.8597
52.5321 -58.9467
52.5316 -59.0337
52.5311 -59.1206
52.5305 -59.2076
52.53 -59.2946
52.5295 -59.3815
52.529 -59.4687
52.5285 -59.5559
52.528 -59.6431
52.5275 -59.7302
52.527 -59.8174
52.5265 -59.9046
52.526 -59.9918
52.5254 -60.0789
52.5249 -60.1661
52.5244 -60.2533
52.5239 -60.3405
52.5234 -60.4276
52.5229 -60.5148
52.5224 -60.602
52.5219 -60.6891
52.5214 -60.7763
52.5208 -60.8635
52.5203 -60.9507
52.5198 -61.0378
52.5193 -61.125
52.5188 -61.2122
52.5183 -61.2994
52.5178 -61.3865
52.5173 -61.4737
52.5167 -61.5609
52.5162 -61.648
52.5157 -61.7352
52.5152 -61.8224
52.5147 -61.9096
52.5142 -61.9967
52.5137 -62.0839
52.5131 -62.1711
52.5126 -62.2583
52.5121 -62.3454
52.5116 -62.4326
52.5111 -62.5198
52.5106 -62.6069
52.5101 -62.6941
52.5095 -62.7813
52.509 -62.8684
52.5085 -62.9556
52.508 -63.0428
52.5075 -63.13
52.507 -63.2171
52.5064 -63.3043
52.5059 -63.3915
52.5054 -63.4786
52.5049 -63.5658
52.5044 -63.653
52.5039 -63.7402
52.5033 -63.8273
52.5028 -63.9145
52.5023 -64.0017
52.5018 -64.0888
52.5013 -64.176
52.5008 -64.2632
52.5002 -64.3503
52.4997 -64.4375
52.4992 -64.5247
52.4987 -64.6119
52.4982 -64.699
52.4976 -64.7862
52.4971 -64.8734
52.4966 -64.9605
52.4961 -65.0477
52.4956 -65.1349
52.495 -65.222
52.4945 -65.3092
52.494 -65.3964
52.4935 -65.4835
52.493 -65.5707
52.4924 -65.6579
52.4919 -65.745
52.4914 -65.8322
52.4909 -65.9194
52.4904 -66.0066
52.4898 -66.0937
52.4893 -66.1809
52.4888 -66.2681
52.4883 -66.3552
52.4877 -66.4424
52.4872 -66.5296
52.4867 -66.6167
52.4862 -66.7039
52.4857 -66.7911
52.4851 -66.8782
52.4846 -66.9654
52.4841 -67.0526
52.4836 -67.1397
52.483 -67.2269
52.4825 -67.3141
52.482 -67.4012
52.4815 -67.4884
52.4809 -67.5756
52.4804 -67.6627
52.4799 -67.7499
52.4794 -67.8371
52.4788 -67.9242
52.4783 -68.0114
52.4778 -68.0986
52.4773 -68.1857
52.4767 -68.2729
52.4762 -68.3601
52.4757 -68.4472
52.4752 -68.5344
52.4746 -68.6216
52.4741 -68.7087
52.4736 -68.7959
52.4731 -68.8831
52.4725 -68.9702
52.4719 -69
52.4712 -69
52.4705 -69
52.4698 -69
52.4691 -69
52.4684 -69
52.4677 -69
52.467 -69
52.4663 -69
52.4656 -69
52.4646 -69
52.4634 -69
52.4623 -69
52.4611 -69
52.46 -69
52.4588 -69
52.4577 -69
52.4565 -69
52.4553 -69
52.4542 -69
52.453 -69
52.4519 -69
52.4507 -69
52.4495 -69
52.4484 -69
52.4468 -69
52.4451 -69
52.4434 -69
52.4417 -69
52.44 -69
52.4381 -69
52.4363 -69
52.4345 -69
52.4327 -69
52.4309 -69
52.429 -69
52.4272 -69
52.4254 -69
52.4235 -69
52.4217 -69
52.4198 -69
52.4179 -69
52.4161 -69
52.4142 -69
52.412 -69
52.4097 -69
52.4074 -69
52.4051 -69
52.4028 -69
52.4005 -69
52.3983 -69
52.396 -69
52.3937 -69
52.3914 -69
52.3896 -69
52.3878 -69
52.386 -69
52.3842 -69
52.3824 -69
52.3804 -69
52.3783 -69
52.3762 -69
52.374 -69
52.3719 -69
52.3702 -69
52.3687 -69
52.3671 -69
52.3655 -69
52.3639 -69
52.3623 -69
52.3607 -69
52.3591 -69
52.3576 -69
52.356 -69
52.3544 -69
52.3527 -69
52.3511 -69
52.3494 -69
52.3478 -69
52.3461 -69
52.3452 -69
52.3443 -69
52.3434 -69
52.3425 -69
52.3416 -69
52.3407 -69
52.3398 -69
52.3389 -69
52.338 -69
52.3371 -69
52.3362 -69
52.3353 -69
52.3346 -69
52.3344 -69
52.3341 -69
52.3338 -69
52.3336 -69
52.3333 -69
52.3331 -69
52.3328 -69
52.3325 -69
52.3324 -69
52.3324 -69
52.3324 -69
52.3324 -69
52.3324 -69
52.3324 -69
52.3324 -69
52.3323 -69
52.3323 -69
52.3323 -69
52.3323 -69
52.3323 -69
52.3323 -69
52.3322 -69
52.3322 -69
52.3322 -69
52.3322 -69
52.3322 -69
52.3321 -69
52.3321 -69
52.3321 -69
52.3321 -69
52.3321 -69
52.332 -69
52.332 -69
52.332 -69
52.332 -69
52.332 -69
52.3319 -69
52.3319 -69
52.3319 -69
52.3319 -69
52.3318 -69
52.3318 -69
52.3318 -69
52.3318 -69
52.3318 -69
52.3317 -69
52.3317 -69
52.3317 -69
52.3316 -69
52.3316 -69
52.3315 -69
52.3315 -69
52.3314 -69
52.3313 -69
52.3313 -69
52.3312 -69
52.3312 -69
52.3311 -69
52.3311 -69
52.331 -69
52.331 -69
52.3309 -69
52.3309 -69
52.3308 -69
52.3307 -69
52.3307 -69
52.3306 -69
52.3306 -69
52.3305 -69
52.3305 -69
52.3304 -69
52.3303 -69
52.3303 -69
52.3302 -69
52.3302 -69
52.3301 -69
52.33 -69
52.3299 -69
52.3298 -69
52.3297 -69
52.3295 -69
52.3294 -69
52.3293 -69
52.3291 -69
52.329 -69
52.3289 -69
52.3287 -69
52.3286 -69
52.3285 -69
52.3284 -69
52.3282 -69
52.3281 -69
52.328 -69
52.3278 -69
52.3277 -69
52.3276 -69
52.3274 -69
52.3273 -69
52.3272 -69
52.327 -69
52.3269 -69
52.3268 -69
52.3266 -69
52.3265 -69
52.3264 -69
52.3262 -69
52.3261 -69
52.326 -69
52.3258 -69
52.3257 -69
52.3256 -69
52.3254 -69
52.3253 -69
52.3252 -69
52.325 -69
52.3249 -69
52.3248 -69
52.3246 -69
52.3245 -69
52.3244 -69
52.3242 -69
52.324 -69
52.3238 -69
52.3236 -69
52.3234 -69
52.3232 -69
52.3229 -69
52.3227 -69
52.3225 -69
52.3223 -69
52.3221 -69
52.3218 -69
52.3216 -69
52.3214 -69
52.3212 -69
52.321 -69
52.3208 -69
52.3205 -69
52.3203 -69
52.3201 -69
52.3199 -69
52.3197 -69
52.3194 -69
52.3192 -69
52.319 -69
52.3188 -69
52.3186 -69
52.3184 -69
52.3181 -69
52.3179 -69
52.3177 -69
52.3175 -69
52.3173 -69
52.317 -69
52.3168 -69
52.3166 -69
52.3164 -69
52.3162 -69
52.3159 -69
52.3157 -69
52.3155 -69
52.3153 -69
52.3151 -69
52.3148 -69
52.3146 -69
52.3144 -69
52.3142 -69
52.314 -69
52.3137 -69
52.3135 -69
52.3133 -69
52.3131 -69
52.3129 -69
52.3126 -69
52.3124 -69
52.3122 -69
52.3119 -69
52.3116 -69
52.3113 -69
52.311 -69
52.3108 -69
52.3105 -69
52.3102 -69
52.3099 -69
52.3096 -69
52.3093 -69
52.309 -69
52.3088 -69
52.3085 -69
52.3082 -69
52.3079 -69
52.3076 -69
52.3073 -69
52.307 -69
52.3068 -69
52.3065 -69
52.3062 -69
52.3059 -69
52.3056 -69
52.3053 -69
52.305 -69
52.3048 -69
52.3045 -69
52.3042 -69
52.3039 -69
52.3036 -69
52.3033 -69
52.303 -69
52.3028 -69
52.3025 -69
52.3022 -69
52.3019 -69
52.3016 -69
52.3013 -69
52.301 -69
52.3007 -69
52.3004 -69
52.3001 -69
52.2997 -69
52.2994 -69
52.2991 -69
52.2988 -69
52.2984 -69
52.2981 -69
52.2978 -69
52.2975 -69
52.2971 -69
52.2968 -69
52.2965 -69
52.2962 -69
52.2958 -69
52.2955 -69
52.2952 -69
52.2949 -69
52.2945 -69
52.2942 -69
52.2939 -69
52.2936 -69
52.2932 -69
52.2929 -69
52.2926 -69
52.2923 -69
52.2919 -69
52.2916 -69
52.2913 -69
52.291 -69
52.2906 -69
52.2903 -69
52.29 -69
52.2897 -69
52.2893 -69
52.289 -69
52.2887 -69
52.2884 -69
52.288 -69
52.2877 -69
52.2874 -69
52.2871 -69
52.2867 -69
52.2864 -69
52.2861 -69
52.2858 -69
52.2855 -69
52.2851 -69
52.2848 -69
52.2845 -69
52.2842 -69
52.2838 -69
52.2835 -69
52.2832 -69
52.2829 -69
52.2825 -69
52.2822 -69
52.2819 -69
52.2816 -69
52.2813 -69
52.2809 -69
52.2806 -69
52.2803 -69
52.28 -69
52.2796 -69
52.2793 -69
52.279 -69
52.2787 -69
52.2784 -69
52.278 -69
52.2777 -69
52.2774 -69
52.2771 -69
52.2767 -69
52.2764 -69
52.2761 -69
52.2758 -69
52.2755 -69
52.2751 -69
52.2748 -69
52.2745 -69
52.2742 -69
52.2738 -69
52.2735 -69
52.2732 -69
52.2729 -69
52.2726 -69
52.2722 -69
52.2719 -69
52.2716 -69
52.2713 -69
52.271 -69
52.2706 -69
52.2703 -69
52.27 -69
52.2697 -69
52.2694 -69
52.269 -69
52.2687 -69
52.2684 -69
52.2681 -69
52.2678 -69
52.2674 -69
52.2671 -69
52.2668 -69
52.2665 -69
52.2662 -69
52.2658 -69
52.2655 -69
52.2652 -69
52.2649 -69
52.2646 -69
52.2642 -69
52.2639 -69
52.2636 -69
52.2633 -69
52.263 -69
52.2626 -69
52.2623 -69
52.262 -69
52.2617 -69
52.2614 -69
52.261 -69
52.2607 -69
52.2604 -69
52.2601 -69
52.2598 -69
52.2595 -69
52.2591 -69
52.2588 -69
52.2585 -69
52.2582 -69
52.2579 -69
52.2575 -69
52.2572 -69
52.2569 -69
52.2566 -69
52.2563 -69
52.256 -69
52.2556 -69
52.2553 -69
52.255 -69
52.2547 -69
52.2544 -69
52.254 -69
52.2537 -69
52.2534 -69
52.2531 -69
52.2528 -69
52.2525 -69
52.2521 -69
52.2518 -69
52.2515 -69
52.2512 -69
52.2509 -69
52.2506 -69
52.2502 -69
52.2499 -69
52.2496 -69
52.2493 -69
52.249 -69
52.2487 -69
52.2483 -69
52.248 -69
52.2477 -69
52.2474 -69
52.2471 -69
52.2468 -69
52.2464 -69
52.2461 -69
52.2458 -69
52.2455 -69
52.2452 -69
52.2449 -69
52.2445 -69
52.2442 -69
52.2439 -69
52.2436 -69
52.2433 -69
52.243 -69
52.2427 -69
52.2423 -69
52.242 -69
52.2417 -69
52.2414 -69
52.2411 -69
52.2408 -69
52.2404 -69
52.2401 -69
52.2398 -69
52.2395 -69
52.2392 -69
52.2389 -69
52.2386 -69
52.2382 -69
52.2379 -69
52.2376 -69
52.2373 -69
52.237 -69
52.2367 -69
52.2364 -69
52.236 -69
52.2357 -69
52.2354 -69
52.2351 -69
52.2348 -69
52.2345 -69
52.2342 -69
52.2338 -69
52.2335 -69
52.2332 -69
52.2329 -69
52.2326 -69
52.2323 -69
52.232 -69
52.2317 -69
52.2313 -69
52.231 -69
52.2307 -69
52.2304 -69
52.2301 -69
52.2298 -69
52.2295 -69
52.2291 -69
52.2288 -69
52.2285 -69
52.2282 -69
52.2279 -69
52.2276 -69
52.2273 -69
52.227 -69
52.2266 -69
52.2263 -69
52.226 -69
52.2257 -69
52.2254 -69
52.2251 -69
52.2248 -69
52.2245 -69
52.2241 -69
52.2238 -69
52.2235 -69
52.2232 -69
52.2229 -69
52.2226 -69
52.2223 -69
52.222 -69
52.2217 -69
52.2213 -69
52.221 -69
52.2207 -69
52.2204 -69
52.2201 -69
52.2198 -69
52.2195 -69
52.2192 -69
52.2189 -69
52.2185 -69
52.2182 -69
52.2179 -69
52.2176 -69
52.2173 -69
52.217 -69
52.2167 -69
52.2164 -69
52.2161 -69
52.2158 -69
52.2154 -69
52.2151 -69
52.2148 -69
52.2145 -69
52.2142 -69
52.2139 -69
52.2136 -69
52.2133 -69
52.213 -69
52.2127 -69
52.2123 -69
52.212 -69
52.2117 -69
52.2114 -69
52.2111 -69
52.2108 -69
52.2105 -69
52.2102 -69
52.2099 -69
52.2096 -69
52.2092 -69
52.2089 -69
52.2086 -69
52.2083 -69
52.208 -69
52.2077 -69
52.2074 -69
52.2071 -69
52.2068 -69
52.2065 -69
52.2062 -69
52.2059 -69
52.2055 -69
52.2052 -69
52.2049 -69
52.2046 -69
52.2043 -69
52.204 -69
52.2037 -69
52.2034 -69
52.2031 -69
52.2028 -69
52.2025 -69
52.2022 -69
52.2018 -69
52.2015 -69
52.2012 -69
52.2009 -69
52.2006 -69
52.2003 -69
52.2 -69
52.1997 -69
52.1994 -69
52.1991 -69
52.1988 -69
52.1985 -69
52.1982 -69
52.1979 -69
52.1975 -69
52.1972 -69
52.1969 -69
52.1966 -69
52.1963 -69
52.196 -69
52.1957 -69
52.1954 -69
52.1951 -69
52.1948 -69
52.1945 -69
52.1942 -69
52.1939 -69
52.1936 -69
52.1933 -69
52.193 -69
52.1926 -69
52.1923 -69
52.192 -69
52.1917 -69
52.1914 -69
52.1911 -69
52.1908 -69
52.1905 -69
52.1902 -69
52.1899 -69
52.1896 -69
52.1893 -69
52.189 -69
52.1887 -69
52.1884 -69
52.1881 -69
52.1878 -69
52.1875 -69
52.1872 -69
52.1868 -69
52.1865 -69
52.1862 -69
52.1859 -69
52.1856 -69
52.1853 -69
52.185 -69
52.1847 -69
52.1844 -69
52.1841 -69
52.1838 -69
52.1835 -69
52.1832 -69
52.1829 -69
52.1826 -69
52.1823 -69
52.182 -69
52.1817 -69
52.1814 -69
52.1811 -69
52.1808 -69
52.1805 -69
52.1802 -69
52.1799 -69
52.1796 -69
52.1793 -69
52.1789 -69
52.1786 -69
52.1783 -69
52.178 -69
52.1777 -69
52.1774 -69
52.1771 -69
52.1768 -69
52.1765 -69
52.1762 -69
52.1759 -69
52.1756 -69
52.1753 -69
52.175 -69
52.1747 -69
52.1744 -69
52.1741 -69
52.1738 -69
52.1735 -69
52.1732 -69
52.1729 -69
52.1726 -69
52.1723 -69
52.172 -69
52.1717 -69
52.1714 -69
52.1711 -69
52.1708 -69
52.1705 -69
52.1702 -69
52.1699 -69
52.1696 -69
52.1693 -69
52.169 -69
52.1687 -69
52.1684 -69
52.1681 -69
52.1678 -69
52.1675 -69
52.1672 -69
52.1669 -69
52.1666 -69
52.1663 -69
52.166 -69
52.1657 -69
52.1654 -69
52.1651 -69
52.1648 -69
52.1645 -69
52.1642 -69
52.1639 -69
52.1636 -69
52.1633 -69
52.163 -69
52.1627 -69
52.1624 -69
52.1621 -69
52.1618 -69
52.1615 -69
52.1612 -69
52.1609 -69
52.1606 -69
52.1603 -69
52.16 -69
52.1597 -69
52.1594 -69
52.1591 -69
52.1588 -69
52.1585 -69
52.1582 -69
52.1579 -69
52.1576 -69
52.1573 -69
52.157 -69
52.1567 -69
52.1564 -69
52.1561 -69
52.1558 -69
52.1555 -69
52.1552 -69
52.1549 -69
52.1546 -69
52.1543 -69
52.154 -69
52.1537 -69
52.1534 -69
52.1531 -69
52.1528 -69
52.1525 -69
52.1522 -69
52.1519 -69
52.1516 -69
52.1513 -69
52.151 -69
52.1507 -69
52.1504 -69
52.1501 -69
52.1498 -69
52.1495 -69
52.1492 -69
52.1489 -69
52.1486 -69
52.1483 -69
52.148 -69
52.1477 -69
52.1474 -69
52.1472 -69
52.1469 -69
52.1466 -69
52.1463 -69
52.146 -69
52.1457 -69
52.1454 -69
52.1451 -69
52.1448 -69
52.1445 -69
52.1442 -69
52.1439 -69
52.1436 -69
52.1433 -69
52.143 -69
52.1427 -69
52.1424 -69
52.1421 -69
52.1418 -69
52.1415 -69
52.1412 -69
52.1409 -69
52.1406 -69
52.1403 -69
52.14 -69
52.1397 -69
52.1395 -69
52.1392 -69
52.1389 -69
52.1386 -69
52.1383 -69
52.138 -69
52.1377 -69
52.1374 -69
52.1371 -69
52.1368 -69
52.1365 -69
52.1362 -69
52.1359 -69
52.1356 -69
52.1353 -69
52.135 -69
52.1347 -69
52.1344 -69
52.1341 -69
52.1339 -69
52.1336 -69
52.1333 -69
52.133 -69
52.1327 -69
52.1324 -69
52.1321 -69
52.1318 -69
52.1315 -69
52.1312 -69
52.1309 -69
52.1306 -69
52.1303 -69
52.13 -69
52.1297 -69
52.1294 -69
52.1292 -69
52.1289 -69
52.1286 -69
52.1283 -69
52.128 -69
52.1277 -69
52.1274 -69
52.1271 -69
52.1269 -69
52.1266 -69
52.1264 -69
52.1261 -69
52.1259 -69
52.1256 -69
52.1254 -69
52.1251 -69
52.1249 -69
52.1246 -69
52.1244 -69
52.1241 -69
52.1239 -69
52.1236 -69
52.1234 -69
52.1231 -69
52.1229 -69
52.1226 -69
52.1224 -69
52.1221 -69
52.1219 -69
52.1216 -69
52.1214 -69
52.1211 -69
52.1209 -69
52.1206 -69
52.1204 -69
52.1201 -69
52.1199 -69
52.1196 -69
52.1194 -69
52.1191 -69
52.1189 -69
52.1186 -69
52.1184 -69
52.1181 -69
52.1179 -69
52.1176 -69
52.1174 -69
52.1172 -69
52.117 -69
52.1168 -69
52.1166 -69
52.1164 -69
52.1163 -69
52.1161 -69
52.1159 -69
52.1157 -69
52.1155 -69
52.1153 -69
52.1152 -69
52.115 -69
52.1148 -69
52.1146 -69
52.1144 -69
52.1142 -69
52.1141 -69
52.1139 -69
52.1137 -69
52.1135 -69
52.1133 -69
52.1132 -69
52.113 -69
52.1128 -69
52.1126 -69
52.1124 -69
52.1122 -69
52.1121 -69
52.1119 -69
52.1117 -69
52.1115 -69
52.1113 -69
52.1112 -69
52.111 -69
52.1108 -69
52.1106 -69
52.1104 -69
52.1103 -69
52.1101 -69
52.1099 -69
52.1097 -69
52.1095 -69
52.1093 -69
52.1092 -69
52.109 -69
52.1088 -69
52.1086 -69
52.1084 -69
52.1083 -69
52.1081 -69
52.1079 -69
52.1077 -69
52.1075 -69
52.1074 -69
52.1072 -69
52.1071 -69
52.107 -69
52.107 -69
52.1069 -69
52.1068 -69
52.1067 -69
52.1066 -69
52.1065 -69
52.1064 -69
52.1063 -69
52.1062 -69
52.1061 -69
52.106 -69
52.1059 -69
52.1058 -69
52.1057 -69
52.1056 -69
52.1055 -69
52.1054 -69
52.1053 -69
52.1052 -69
52.1051 -69
52.105 -69
52.1049 -69
52.1048 -69
52.1048 -69
52.1047 -69
52.1046 -69
52.1045 -69
52.1044 -69
52.1043 -69
52.1042 -69
52.1041 -69
52.104 -69
52.1039 -69
52.1038 -69
52.1037 -69
52.1036 -69
52.1035 -69
52.1034 -69
52.1033 -69
52.1032 -69
52.1031 -69
52.103 -69
52.103 -69
52.1029 -69
52.1029 -69
52.1029 -69
52.1029 -69
52.1028 -69
52.1028 -69
52.1028 -69
52.1028 -69
52.1027 -69
52.1027 -69
52.1027 -69
52.1027 -69
52.1026 -69
52.1026 -69
52.1026 -69
52.1026 -69
52.1026 -69
52.1025 -69
52.1025 -69
52.1025 -69
52.1025 -69
52.1024 -69
52.1024 -69
52.1024 -69
52.1024 -69
52.1023 -69
52.1023 -69
52.1023 -69
52.1023 -69
52.1023 -69
52.1022 -69
52.1022 -69
52.1022 -69
52.1022 -69
52.1023 -69
52.1023 -69
52.1023 -69
52.1023 -69
52.1023 -69
52.1023 -69
52.1023 -69
52.1023 -69
52.1023 -69
52.1023 -69
52.1023 -69
52.1023 -69
52.1023 -69
52.1023 -69
52.1023 -69
52.1023 -69
52.1024 -69
52.1024 -69
52.1024 -69
52.1024 -69
52.1024 -69
52.1024 -69
52.1024 -69
52.1024 -69
52.1024 -69
52.1024 -69
52.1024 -69
52.1024 -69
52.1024 -69
52.1024 -69
52.1025 -69
52.1025 -69
52.1025 -69
52.1025 -69
52.1025 -69
52.1025 -69
52.1025 -69
52.1025 -69
52.1025 -69
52.1025 -69
52.1025 -69
52.1025 -69
52.1025 -69
52.1026 -69
52.1026 -69
52.1026 -69
52.1026 -69
52.1026 -69
52.1026 -69
52.1026 -69
52.1026 -69
52.1026 -69
52.1026 -69
52.1026 -69
52.1027 -69
52.1027 -69
52.1027 -69
52.1027 -69
52.1027 -69
52.1027 -69
52.1027 -69
52.1027 -69
52.1027 -69
52.1027 -69
52.1027 -69
52.1028 -69
52.1028 -69
52.1028 -69
52.1028 -69
52.1028 -69
52.1028 -69
52.1028 -69
52.1028 -69
52.1028 -69
52.1028 -69
52.1029 -69
52.1029 -69
52.1029 -69
52.1029 -69
52.1029 -69
52.1029 -69
52.1029 -69
52.1029 -69
52.1029 -69
52.1029 -69
52.103 -69
52.103 -69
52.103 -69
52.103 -69
52.103 -69
52.103 -69
52.103 -69
52.103 -69
52.103 -69
52.1031 -69
52.1031 -69
52.1031 -69
52.1031 -69
52.1031 -69
52.1031 -69
52.1031 -69
52.1031 -69
52.1031 -69
52.1032 -69
52.1032 -69
52.1032 -69
52.1032 -69
52.1032 -69
52.1032 -69
52.1032 -69
52.1032 -69
52.1033 -69
52.1033 -69
52.1033 -69
52.1033 -69
52.1033 -69
52.1033 -69
52.1033 -69
52.1033 -69
52.1034 -69
52.1034 -69
52.1034 -69
52.1034 -69
52.1034 -69
52.1034 -69
52.1034 -69
52.1034 -69
52.1035 -69
52.1035 -69
52.1035 -69
52.1035 -69
52.1035 -69
52.1035 -69
52.1035 -69
52.1036 -69
52.1036 -69
52.1036 -69
52.1036 -69
52.1036 -69
52.1036 -69
52.1036 -69
52.1037 -69
52.1037 -69
52.1037 -69
52.1037 -69
52.1037 -69
52.1037 -69
52.1037 -69
52.1038 -69
52.1038 -69
52.1038 -69
52.1038 -69
52.1038 -69
52.1038 -69
52.1038 -69
52.1039 -69
52.1039 -69
52.1039 -69
52.1039 -69
52.1039 -69
52.1039 -69
52.1039 -69
52.104 -69
52.104 -69
52.104 -69
52.104 -69
52.104 -69
52.104 -69
52.1041 -69
52.1041 -69
52.1041 -69
52.1041 -69
52.1041 -69
52.1041 -69
52.1041 -69
52.1042 -69
52.1042 -69
52.1042 -69
52.1042 -69
52.1042 -69
52.1042 -69
52.1043 -69
52.1043 -69
52.1043 -69
52.1043 -69
52.1043 -69
52.1043 -69
52.1044 -69
52.1044 -69
52.1044 -69
52.1044 -69
52.1044 -69
52.1044 -69
52.1045 -69
52.1045 -69
52.1045 -69
52.1045 -69
52.1045 -69
52.1045 -69
52.1046 -69
52.1046 -69
52.1046 -69
52.1046 -69
52.1046 -69
52.1047 -69
52.1047 -69
52.1047 -69
52.1047 -69
52.1047 -69
52.1047 -69
52.1048 -69
52.1048 -69
52.1048 -69
52.1048 -69
52.1048 -69
52.1049 -69
52.1049 -69
52.1049 -69
52.1049 -69
52.1049 -69
52.1049 -69
52.105 -69
52.105 -69
52.105 -69
52.105 -69
52.105 -69
52.1051 -69
52.1051 -69
52.1051 -69
52.1051 -69
52.1051 -69
52.1052 -69
52.1052 -69
52.1052 -69
52.1052 -69
52.1052 -69
52.1053 -69
52.1053 -69
52.1053 -69
52.1053 -69
52.1053 -69
52.1054 -69
52.1054 -69
52.1054 -69
52.1054 -69
52.1054 -69
52.1055 -69
52.1055 -69
52.1055 -69
52.1055 -69
52.1055 -69
52.1056 -69
52.1056 -69
52.1056 -69
52.1056 -69
52.1056 -69
52.1057 -69
52.1057 -69
52.1057 -69
52.1057 -69
52.1057 -69
52.1058 -69
52.1058 -69
52.1058 -69
52.1058 -69
52.1058 -69
52.1059 -69
52.1059 -69
52.1059 -69
52.1059 -69
52.106 -69
52.106 -69
52.106 -69
52.106 -69
52.106 -69
52.1061 -69
52.1061 -69
52.1061 -69
52.1061 -69
52.1062 -69
52.1062 -69
52.1062 -69
52.1062 -69
52.1062 -69
52.1063 -69
52.1063 -69
52.1063 -69
52.1063 -69
52.1064 -69
52.1064 -69
52.1064 -69
52.1064 -69
52.1064 -69
52.1065 -69
52.1065 -69
52.1065 -69
52.1065 -69
52.1066 -69
52.1066 -69
52.1066 -69
52.1066 -69
52.1067 -69
52.1067 -69
52.1067 -69
52.1067 -69
52.1068 -69
52.1068 -69
52.1068 -69
52.1068 -69
52.1068 -69
52.1069 -69
52.1069 -69
52.1069 -69
52.1069 -69
52.107 -69
52.107 -69
52.107 -69
52.107 -69
52.1071 -69
52.1071 -69
52.1071 -69
52.1071 -69
52.1072 -69
52.1072 -69
52.1072 -69
52.1072 -69
52.1073 -69
52.1073 -69
52.1073 -69
52.1073 -69
52.1074 -69
52.1074 -69
52.1074 -69
52.1074 -69
52.1075 -69
52.1075 -69
52.1075 -69
52.1075 -69
52.1076 -69
52.1076 -69
52.1076 -69
52.1076 -69
52.1077 -69
52.1077 -69
52.1077 -69
52.1077 -69
52.1078 -69
52.1078 -69
52.1078 -69
52.1079 -69
52.1079 -69
52.1079 -69
52.1079 -69
52.108 -69
52.108 -69
52.108 -69
52.108 -69
52.1081 -69
52.1081 -69
52.1081 -69
52.1081 -69
52.1082 -69
52.1082 -69
52.1082 -69
52.1083 -69
52.1083 -69
52.1083 -69
52.1083 -69
52.1084 -69
52.1084 -69
52.1084 -69
52.1084 -69
52.1085 -69
52.1085 -69
52.1085 -69
52.1086 -69
52.1086 -69
52.1086 -69
52.1086 -69
52.1087 -69
52.1087 -69
52.1087 -69
52.1088 -69
52.1088 -69
52.1088 -69
52.1088 -69
52.1089 -69
52.1089 -69
52.1089 -69
52.109 -69
52.109 -69
52.109 -69
52.109 -69
52.1091 -69
52.1091 -69
52.1091 -69
52.1092 -69
52.1092 -69
52.1092 -69
52.1092 -69
52.1093 -69
52.1093 -69
52.1093 -69
52.1094 -69
52.1094 -69
52.1094 -69
52.1095 -69
52.1095 -69
52.1095 -69
52.1095 -69
52.1096 -69
52.1096 -69
52.1096 -69
52.1097 -69
52.1097 -69
52.1097 -69
52.1098 -69
52.1098 -69
52.1098 -69
52.1098 -69
52.1099 -69
52.1099 -69
52.1099 -69
52.11 -69
52.11 -69
52.11 -69
52.1101 -69
52.1101 -69
52.1101 -69
52.1102 -69
52.1102 -69
52.1102 -69
52.1102 -69
52.1103 -69
52.1103 -69
52.1103 -69
52.1104 -69
52.1104 -69
52.1104 -69
52.1105 -69
52.1105 -69
52.1105 -69
52.1106 -69
52.1106 -69
52.1106 -69
52.1107 -69
52.1107 -69
52.1107 -69
52.1108 -69
52.1108 -69
52.1108 -69
52.1108 -69
52.1109 -69
52.1109 -69
52.1109 -69
52.111 -69
52.111 -69
52.111 -69
52.1111 -69
52.1111 -69
52.1111 -69
52.1112 -69
52.1112 -69
52.1112 -69
52.1113 -69
52.1113 -69
52.1113 -69
52.1114 -69
52.1114 -69
52.1114 -69
52.1115 -69
52.1115 -69
52.1115 -69
52.1116 -69
52.1116 -69
52.1116 -69
52.1117 -69
52.1117 -69
52.1117 -69
52.1118 -69
52.1118 -69
52.1118 -69
52.1119 -69
52.1119 -69
52.1119 -69
52.112 -69
52.112 -69
52.1121 -69
52.1121 -69
52.1121 -69
52.1122 -69
52.1122 -69
52.1122 -69
52.1123 -69
52.1123 -69
52.1123 -69
52.1124 -69
52.1124 -69
52.1124 -69
52.1125 -69
52.1125 -69
52.1125 -69
52.1126 -69
52.1126 -69
52.1126 -69
52.1127 -69
52.1127 -69
52.1128 -69
52.1128 -69
52.1128 -69
52.1129 -69
52.1129 -69
52.1129 -69
52.113 -69
52.113 -69
52.113 -69
52.1131 -69
52.1131 -69
52.1131 -69
52.1132 -69
52.1132 -69
52.1133 -69
52.1133 -69
52.1133 -69
52.1134 -69
52.1134 -69
52.1134 -69
52.1135 -69
52.1135 -69
52.1136 -69
52.1136 -69
52.1136 -69
52.1137 -69
52.1137 -69
52.1137 -69
52.1138 -69
52.1138 -69
52.1139 -69
52.1139 -69
52.1139 -69
52.114 -69
52.114 -69
52.114 -69
52.1141 -69
52.1141 -69
52.1142 -69
52.1142 -69
52.1142 -69
52.1143 -69
52.1143 -69
52.1143 -69
52.1144 -69
52.1144 -69
52.1145 -69
52.1145 -69
52.1145 -69
52.1146 -69
52.1146 -69
52.1146 -69
52.1147 -69
52.1147 -69
52.1148 -69
52.1148 -69
52.1148 -69
52.1149 -69
52.1149 -69
52.115 -69
52.115 -69
52.115 -69
52.1151 -69
52.1151 -69
52.1152 -69
52.1152 -69
52.1152 -69
52.1153 -69
52.1153 -69
52.1154 -69
52.1154 -69
52.1154 -69
52.1155 -69
52.1155 -69
52.1156 -69
52.1156 -69
52.1156 -69
52.1157 -69
52.1157 -69
52.1158 -69
52.1158 -69
52.1158 -69
52.1159 -69
52.1159 -69
52.116 -69
52.116 -69
52.116 -69
52.1161 -69
52.1161 -69
52.1162 -69
52.1162 -69
52.1162 -69
52.1163 -69
52.1163 -69
52.1164 -69
52.1164 -69
52.1165 -69
52.1165 -69
52.1165 -69
52.1166 -69
52.1166 -69
52.1167 -69
52.1167 -69
52.1167 -69
52.1168 -69
52.1168 -69
52.1169 -69
52.1169 -69
52.117 -69
52.117 -69
52.117 -69
52.1171 -69
52.1171 -69
52.1172 -69
52.1172 -69
52.1172 -69
52.1173 -69
52.1173 -69
52.1174 -69
52.1174 -69
52.1175 -69
52.1175 -69
52.1175 -69
52.1176 -69
52.1176 -69
52.1177 -69
52.1177 -69
52.1178 -69
52.1178 -69
52.1178 -69
52.1179 -69
52.1179 -69
52.118 -69
52.118 -69
52.1181 -69
52.1181 -69
52.1182 -69
52.1182 -69
52.1182 -69
52.1183 -69
52.1183 -69
52.1184 -69
52.1184 -69
52.1185 -69
52.1185 -69
52.1185 -69
52.1186 -69
52.1186 -69
52.1187 -69
52.1187 -69
52.1188 -69
52.1188 -69
52.1189 -69
52.1189 -69
52.1189 -69
52.119 -69
52.119 -69
52.1191 -69
52.1191 -69
52.1192 -69
52.1192 -69
52.1193 -69
52.1193 -69
52.1194 -69
52.1194 -69
52.1194 -69
52.1195 -69
52.1195 -69
52.1196 -69
52.1196 -69
52.1197 -69
52.1197 -69
52.1198 -69
52.1198 -69
52.1199 -69
52.1199 -69
52.1199 -69
52.12 -69
52.12 -69
52.1201 -69
52.1201 -69
52.1202 -69
52.1202 -69
52.1203 -69
52.1203 -69
52.1204 -69
52.1204 -69
52.1205 -69
52.1205 -69
52.1206 -69
52.1206 -69
52.1206 -69
52.1207 -69
52.1207 -69
52.1208 -69
52.1208 -69
52.1209 -69
52.1209 -69
52.121 -69
52.121 -69
52.1211 -69
52.1211 -69
52.1212 -69
52.1212 -69
52.1213 -69
52.1213 -69
52.1214 -69
52.1214 -69
52.1215 -69
52.1215 -69
52.1215 -69
52.1216 -69
52.1216 -69
52.1217 -69
52.1217 -69
52.1218 -69
52.1218 -69
52.1219 -69
52.1219 -69
52.122 -69
52.122 -69
52.1221 -69
52.1221 -69
52.1222 -69
52.1222 -69
52.1223 -69
52.1223 -69
52.1224 -69
52.1224 -69
52.1225 -69
52.1225 -69
52.1226 -69
52.1226 -69
52.1227 -69
52.1227 -69
52.1228 -69
52.1228 -69
52.1229 -69
52.1229 -69
52.123 -69
52.123 -69
52.1231 -69
52.1231 -69
52.1232 -69
52.1232 -69
52.1233 -69
52.1233 -69
52.1234 -69
52.1234 -69
52.1235 -69
52.1235 -69
52.1236 -69
52.1236 -69
52.1237 -69
52.1237 -69
52.1238 -69
52.1238 -69
52.1239 -69
52.1239 -69
52.124 -69
52.124 -69
52.1241 -69
52.1241 -69
52.1242 -69
52.1242 -69
52.1243 -69
52.1243 -69
52.1244 -69
52.1244 -69
52.1245 -69
52.1245 -69
52.1246 -69
52.1246 -69
52.1247 -69
52.1247 -69
52.1248 -69
52.1248 -69
52.1249 -69
52.125 -69
52.125 -69
52.1251 -69
52.1251 -69
52.1252 -69
52.1252 -69
52.1253 -69
52.1253 -69
52.1254 -69
52.1254 -69
52.1255 -69
52.1255 -69
52.1256 -69
52.1256 -69
52.1257 -69
52.1257 -69
52.1258 -69
52.1258 -69
52.1259 -69
52.126 -69
52.126 -69
52.1261 -69
52.1261 -69
52.1262 -69
52.1262 -69
52.1263 -69
52.1263 -69
52.1264 -69
52.1264 -69
52.1265 -69
52.1265 -69
52.1266 -69
52.1267 -69
52.1267 -69
52.1268 -69
52.1268 -69
52.1269 -69
52.1269 -69
52.127 -69
52.127 -69
52.1271 -69
52.1271 -69
52.1272 -69
52.1272 -69
52.1273 -69
52.1274 -69
52.1274 -69
52.1275 -69
52.1275 -69
52.1276 -69
52.1276 -69
52.1277 -69
52.1277 -69
52.1278 -69
52.1279 -69
52.1279 -69
52.128 -69
52.128 -69
52.1281 -69
52.1281 -69
52.1282 -69
52.1282 -69
52.1283 -69
52.1284 -69
52.1284 -69
52.1285 -69
52.1285 -69
52.1286 -69
52.1286 -69
52.1287 -69
52.1287 -69
52.1288 -69
52.1289 -69
52.1289 -69
52.129 -69
52.129 -69
52.1291 -69
52.1291 -69
52.1292 -69
52.1293 -69
52.1293 -69
52.1294 -69
52.1294 -69
52.1295 -69
52.1295 -69
52.1296 -69
52.1297 -69
52.1297 -69
52.1298 -69
52.1298 -69
52.1299 -69
52.1299 -69
52.13 -69
52.1301 -69
52.1301 -69
52.1302 -69
52.1302 -69
52.1303 -69
52.1303 -69
52.1304 -69
52.1305 -69
52.1305 -69
52.1306 -69
52.1306 -69
52.1307 -69
52.1307 -69
52.1308 -69
52.1309 -69
52.1309 -69
52.131 -69
52.131 -69
52.1311 -69
52.1312 -69
52.1312 -69
52.1313 -69
52.1313 -69
52.1314 -69
52.1315 -69
52.1315 -69
52.1316 -69
52.1316 -69
52.1317 -69
52.1317 -69
52.1318 -69
52.1319 -69
52.1319 -69
52.132 -69
52.132 -69
52.1321 -69
52.1322 -69
52.1322 -69
52.1323 -69
52.1323 -69
52.1324 -69
52.1325 -69
52.1325 -69
52.1326 -69
52.1326 -69
52.1327 -69
52.1328 -69
52.1328 -69
52.1329 -69
52.1329 -69
52.133 -69
52.1331 -69
52.1331 -69
52.1332 -69
52.1332 -69
52.1333 -69
52.1334 -69
52.1334 -69
52.1335 -69
52.1336 -69
52.1336 -69
52.1337 -69
52.1337 -69
52.1338 -69
52.1339 -69
52.1339 -69
52.134 -69
52.134 -69
52.1341 -69
52.1342 -69
52.1342 -69
52.1343 -69
52.1344 -69
52.1344 -69
52.1345 -69
52.1345 -69
52.1346 -69
52.1347 -69
52.1347 -69
52.1348 -69
52.1348 -69
52.1349 -69
52.135 -69
52.135 -69
52.1351 -69
52.1352 -69
52.1352 -69
52.1353 -69
52.1354 -69
52.1354 -69
52.1355 -69
52.1355 -69
52.1356 -69
52.1357 -69
52.1357 -69
52.1358 -69
52.1359 -69
52.1359 -69
52.136 -69
52.136 -69
52.1361 -69
52.1362 -69
52.1362 -69
52.1363 -69
52.1364 -69
52.1364 -69
52.1365 -69
52.1366 -69
52.1366 -69
52.1367 -69
52.1367 -69
52.1368 -69
52.1369 -69
52.1369 -69
52.137 -69
52.1371 -69
52.1371 -69
52.1372 -69
52.1373 -69
52.1373 -69
52.1374 -69
52.1375 -69
52.1375 -69
52.1376 -69
52.1376 -69
52.1377 -69
52.1378 -69
52.1378 -69
52.1379 -69
52.138 -69
52.138 -69
52.1381 -69
52.1382 -69
52.1382 -69
52.1383 -69
52.1384 -69
52.1384 -69
52.1385 -69
52.1386 -69
52.1386 -69
52.1387 -69
52.1388 -69
52.1388 -69
52.1389 -69
52.139 -69
52.139 -69
52.1391 -69
52.1392 -69
52.1392 -69
52.1393 -69
52.1394 -69
52.1394 -69
52.1395 -69
52.1396 -69
52.1396 -69
52.1397 -69
52.1398 -69
52.1398 -69
52.1399 -69
52.14 -69
52.14 -69
52.1401 -69
52.1402 -69
52.1402 -69
52.1403 -69
52.1404 -69
52.1404 -69
52.1405 -69
52.1406 -69
52.1406 -69
52.1407 -69
52.1408 -69
52.1408 -69
52.1409 -69
52.141 -69
52.141 -69
52.1411 -69
52.1412 -69
52.1412 -69
52.1413 -69
52.1414 -69
52.1414 -69
52.1415 -69
52.1416 -69
52.1417 -69
52.1417 -69
52.1418 -69
52.1419 -69
52.1419 -69
52.142 -69
52.1421 -69
52.1421 -69
52.1422 -69
52.1423 -69
52.1423 -69
52.1424 -69
52.1425 -69
52.1425 -69
52.1426 -69
52.1427 -69
52.1428 -69
52.1428 -69
52.1429 -69
52.143 -69
52.143 -69
52.1431 -69
52.1432 -69
52.1432 -69
52.1433 -69
52.1434 -69
52.1435 -69
52.1435 -69
52.1436 -69
52.1437 -69
52.1437 -69
52.1438 -69
52.1439 -69
52.1439 -69
52.144 -69
52.1441 -69
52.1442 -69
52.1442 -69
52.1443 -69
52.1444 -69
52.1444 -69
52.1445 -69
52.1446 -69
52.1447 -69
52.1447 -69
52.1448 -69
52.1449 -69
52.1449 -69
52.145 -69
52.1451 -69
52.1451 -69
52.1452 -69
52.1453 -69
52.1454 -69
52.1454 -69
52.1455 -69
52.1456 -69
52.1457 -69
52.1457 -69
52.1458 -69
52.1459 -69
52.1459 -69
52.146 -69
52.1461 -69
52.1462 -69
52.1462 -69
52.1463 -69
52.1464 -69
52.1464 -69
52.1465 -69
52.1466 -69
52.1467 -69
52.1467 -69
52.1468 -69
52.1469 -69
52.147 -69
52.147 -69
52.1471 -69
52.1472 -69
52.1472 -69
52.1473 -69
52.1474 -69
52.1475 -69
52.1475 -69
52.1476 -69
52.1477 -69
52.1478 -69
52.1478 -69
52.1479 -69
52.148 -69
52.1481 -69
52.1481 -69
52.1482 -69
52.1483 -69
52.1483 -69
52.1484 -69
52.1485 -69
52.1486 -69
52.1486 -69
52.1487 -69
52.1488 -69
52.1489 -69
52.1489 -69
52.149 -69
52.1491 -69
52.1492 -69
52.1492 -69
52.1493 -69
52.1494 -69
52.1495 -69
52.1495 -69
52.1496 -69
52.1497 -69
52.1498 -69
52.1498 -69
52.1499 -69
52.15 -69
52.1501 -69
52.1501 -69
52.1502 -69
52.1503 -69
52.1504 -69
52.1504 -69
52.1505 -69
52.1506 -69
52.1507 -69
52.1507 -69
52.1508 -69
52.1509 -69
52.151 -69
52.1511 -69
52.1511 -69
52.1512 -69
52.1513 -69
52.1514 -69
52.1514 -69
52.1515 -69
52.1516 -69
52.1517 -69
52.1517 -69
52.1518 -69
52.1519 -69
52.152 -69
52.152 -69
52.1521 -69
52.1522 -69
52.1523 -69
52.1524 -69
52.1524 -69
52.1525 -69
52.1526 -69
52.1527 -69
52.1527 -69
52.1528 -69
52.1529 -69
52.153 -69
52.1531 -69
52.1531 -69
52.1532 -69
52.1533 -69
52.1534 -69
52.1534 -69
52.1535 -69
52.1536 -69
52.1537 -69
52.1538 -69
52.1538 -69
52.1539 -69
52.154 -69
52.1541 -69
52.1541 -69
52.1542 -69
52.1543 -69
52.1544 -69
52.1545 -69
52.1545 -69
52.1546 -69
52.1547 -69
52.1548 -69
52.1549 -69
52.1549 -69
52.155 -69
52.1551 -69
52.1552 -69
52.1553 -69
52.1553 -69
52.1554 -69
52.1555 -69
52.1556 -69
52.1557 -69
52.1557 -69
52.1558 -69
52.1559 -69
52.156 -69
52.156 -69
52.1561 -69
52.1562 -69
52.1563 -69
52.1564 -69
52.1564 -69
52.1565 -69
52.1566 -69
52.1567 -69
52.1568 -69
52.1569 -69
52.1569 -69
52.157 -69
52.1571 -69
52.1572 -69
52.1573 -69
52.1573 -69
52.1574 -69
52.1575 -69
52.1576 -69
52.1577 -69
52.1577 -69
52.1578 -69
52.1579 -69
52.158 -69
52.1581 -69
52.1581 -69
52.1582 -69
52.1583 -69
52.1584 -69
52.1585 -69
52.1586 -69
52.1586 -69
52.1587 -69
52.1588 -69
52.1589 -69
52.159 -69
52.159 -69
52.1591 -69
52.1592 -69
52.1593 -69
52.1594 -69
52.1595 -69
52.1595 -69
52.1596 -69
52.1597 -69
52.1598 -69
52.1599 -69
52.16 -69
52.16 -69
52.1601 -69
52.1602 -69
52.1603 -69
52.1604 -69
52.1605 -69
52.1605 -69
52.1606 -69
52.1607 -69
52.1608 -69
52.1609 -69
52.161 -69
52.161 -69
52.1611 -69
52.1612 -69
52.1613 -69
52.1614 -69
52.1615 -69
52.1615 -69
52.1616 -69
52.1617 -69
52.1618 -69
52.1619 -69
52.162 -69
52.162 -69
52.1621 -69
52.1622 -69
52.1623 -69
52.1624 -69
52.1625 -69
52.1626 -69
52.1626 -69
52.1627 -69
52.1628 -69
52.1629 -69
52.163 -69
52.1631 -69
52.1631 -69
52.1632 -69
52.1633 -69
52.1634 -69
52.1635 -69
52.1636 -69
52.1637 -69
52.1637 -69
52.1638 -69
52.1639 -69
52.164 -69
52.1641 -69
52.1642 -69
52.1643 -69
52.1643 -69
52.1644 -69
52.1645 -69
52.1646 -69
52.1647 -69
52.1648 -69
52.1649 -69
52.1649 -69
52.165 -69
52.1651 -69
52.1652 -69
52.1653 -69
52.1654 -69
52.1655 -69
52.1656 -69
52.1656 -69
52.1657 -69
52.1658 -69
52.1659 -69
52.166 -69
52.1661 -69
52.1662 -69
52.1662 -69
52.1663 -69
52.1664 -69
52.1665 -69
52.1666 -69
52.1667 -69
52.1668 -69
52.1669 -69
52.1669 -69
52.167 -69
52.1671 -69
52.1672 -69
52.1673 -69
52.1674 -69
52.1675 -69
52.1676 -69
52.1676 -69
52.1677 -69
52.1678 -69
52.1679 -69
52.168 -69
52.1681 -69
52.1682 -69
52.1683 -69
52.1684 -69
52.1684 -69
52.1685 -69
52.1686 -69
52.1687 -69
52.1688 -69
52.1689 -69
52.169 -69
52.1691 -69
52.1692 -69
52.1692 -69
52.1693 -69
52.1694 -69
52.1695 -69
52.1696 -69
52.1697 -69
52.1698 -69
52.1699 -69
52.17 -69
52.1701 -69
52.1701 -69
52.1702 -69
52.1703 -69
52.1704 -69
52.1705 -69
52.1706 -69
52.1707 -69
52.1708 -69
52.1709 -69
52.171 -69
52.171 -69
52.1711 -69
52.1712 -69
52.1713 -69
52.1714 -69
52.1715 -69
52.1716 -69
52.1717 -69
52.1718 -69
52.1719 -69
52.1719 -69
52.172 -69
52.1721 -69
52.1722 -69
52.1723 -69
52.1724 -69
52.1725 -69
52.1726 -69
52.1727 -69
52.1728 -69
52.1729 -69
52.173 -69
52.173 -69
52.1731 -69
52.1732 -69
52.1733 -69
52.1734 -69
52.1735 -69
52.1736 -69
52.1737 -69
52.1738 -69
52.1739 -69
52.174 -69
52.1741 -69
52.1741 -69
52.1742 -69
52.1743 -69
52.1744 -69
52.1745 -69
52.1746 -69
52.1747 -69
52.1748 -69
52.1749 -69
52.175 -69
52.1751 -69
52.1752 -69
52.1753 -69
52.1754 -69
52.1754 -69
52.1755 -69
52.1756 -69
52.1757 -69
52.1758 -69
52.1759 -69
52.176 -69
52.1761 -69
52.1762 -69
52.1763 -69
52.1764 -69
52.1765 -69
52.1766 -69
52.1767 -69
52.1768 -69
52.1769 -69
52.1769 -69
52.177 -69
52.1771 -69
52.1772 -69
52.1773 -69
52.1774 -69
52.1775 -69
52.1776 -69
52.1777 -69
52.1778 -69
52.1779 -69
52.178 -69
52.1781 -69
52.1782 -69
52.1783 -69
52.1784 -69
52.1785 -69
52.1786 -69
52.1787 -69
52.1787 -69
52.1788 -69
52.1789 -69
52.179 -69
52.1791 -69
52.1792 -69
52.1793 -69
52.1794 -69
52.1795 -69
52.1796 -69
52.1797 -69
52.1798 -69
52.1799 -69
52.18 -69
52.1801 -69
52.1802 -69
52.1803 -69
52.1804 -69
52.1805 -69
52.1806 -69
52.1807 -69
52.1808 -69
52.1809 -69
52.181 -69
52.1811 -69
52.1812 -69
52.1812 -69
52.1813 -69
52.1814 -69
52.1815 -69
52.1816 -69
52.1817 -69
52.1818 -69
52.1819 -69
52.182 -69
52.1821 -69
52.1822 -69
52.1823 -69
52.1824 -69
52.1825 -69
52.1826 -69
52.1827 -69
52.1828 -69
52.1829 -69
52.183 -69
52.1831 -69
52.1832 -69
52.1833 -69
52.1834 -69
52.1835 -69
52.1836 -69
52.1837 -69
52.1838 -69
52.1839 -69
52.184 -69
52.1841 -69
52.1842 -69
52.1843 -69
52.1844 -69
52.1845 -69
52.1846 -69
52.1847 -69
52.1848 -69
52.1849 -69
52.185 -69
52.1851 -69
52.1852 -69
52.1853 -69
52.1854 -69
52.1855 -69
52.1856 -69
52.1857 -69
52.1858 -69
52.1859 -69
52.186 -69
52.1861 -69
52.1862 -69
52.1863 -69
52.1864 -69
52.1865 -69
52.1866 -69
52.1867 -69
52.1868 -69
52.1869 -69
52.187 -69
52.1871 -69
52.1872 -69
52.1873 -69
52.1874 -69
52.1875 -69
52.1876 -69
52.1877 -69
52.1878 -69
52.1879 -69
52.188 -69
52.1881 -69
52.1882 -69
52.1883 -69
52.1884 -69
52.1885 -69
52.1886 -69
52.1887 -69
52.1888 -69
52.1889 -69
52.189 -69
52.1891 -69
52.1892 -69
52.1893 -69
52.1894 -69
52.1895 -69
52.1896 -69
52.1897 -69
52.1898 -69
52.1899 -69
52.19 -69
52.1901 -69
52.1902 -69
52.1903 -69
52.1904 -69
52.1905 -69
52.1906 -69
52.1907 -69
52.1908 -69
52.1909 -69
52.191 -69
52.1911 -69
52.1912 -69
52.1913 -69
52.1914 -69
52.1915 -69
52.1916 -69
52.1917 -69
52.1918 -69
52.192 -69
52.1921 -69
52.1922 -69
52.1923 -69
52.1924 -69
52.1925 -69
52.1926 -69
52.1927 -69
52.1928 -69
52.1929 -69
52.193 -69
52.1931 -69
52.1932 -69
52.1933 -69
52.1934 -69
52.1935 -69
52.1936 -69
52.1937 -69
52.1938 -69
52.1939 -69
52.194 -69
52.1941 -69
52.1942 -69
52.1943 -69
52.1944 -69
52.1946 -69
52.1947 -69
52.1948 -69
52.1949 -69
52.195 -69
52.1951 -69
52.1952 -69
52.1953 -69
52.1954 -69
52.1955 -69
52.1956 -69
52.1957 -69
52.1958 -69
52.1959 -69
52.196 -69
52.1961 -69
52.1962 -69
52.1963 -69
52.1964 -69
52.1966 -69
52.1967 -69
52.1968 -69
52.1969 -69
52.197 -69
52.1971 -69
52.1972 -69
52.1973 -69
52.1974 -69
52.1975 -69
52.1976 -69
52.1977 -69
52.1978 -69
52.1979 -69
52.198 -69
52.1981 -69
52.1983 -69
52.1984 -69
52.1985 -69
52.1986 -69
52.1987 -69
52.1988 -69
52.1989 -69
52.199 -69
52.1991 -69
52.1992 -69
52.1993 -69
52.1994 -69
52.1995 -69
52.1996 -69
52.1998 -69
52.1999 -69
52.2 -69
52.2001 -69
52.2002 -69
52.2003 -69
52.2004 -69
52.2005 -69
52.2006 -69
52.2007 -69
52.2008 -69
52.2009 -69
52.2011 -69
52.2012 -69
52.2013 -69
52.2014 -69
52.2015 -69
52.2016 -69
52.2017 -69
52.2018 -69
52.2019 -69
52.202 -69
52.2021 -69
52.2022 -69
52.2024 -69
52.2025 -69
52.2026 -69
52.2027 -69
52.2028 -69
52.2029 -69
52.203 -69
52.2031 -69
52.2032 -69
52.2033 -69
52.2034 -69
52.2036 -69
52.2037 -69
52.2038 -69
52.2039 -69
52.204 -69
52.2041 -69
52.2042 -69
52.2043 -69
52.2044 -69
52.2045 -69
52.2047 -69
52.2048 -69
52.2049 -69
52.205 -69
52.2051 -69
52.2052 -69
52.2053 -69
52.2054 -69
52.2055 -69
52.2057 -69
52.2058 -69
52.2059 -69
52.206 -69
52.2061 -69
52.2062 -69
52.2063 -69
52.2064 -69
52.2065 -69
52.2067 -69
52.2068 -69
52.2069 -69
52.207 -69
52.2071 -69
52.2072 -69
52.2073 -69
52.2074 -69
52.2075 -69
52.2077 -69
52.2078 -69
52.2079 -69
52.208 -69
52.2081 -69
52.2082 -69
52.2083 -69
52.2084 -69
52.2086 -69
52.2087 -69
52.2088 -69
52.2089 -69
52.209 -69
52.2091 -69
52.2092 -69
52.2093 -69
52.2095 -69
52.2096 -69
52.2097 -69
52.2098 -69
52.2099 -69
52.21 -69
52.2101 -69
52.2102 -69
52.2104 -69
52.2105 -69
52.2106 -69
52.2107 -69
52.2108 -69
52.2109 -69
52.211 -69
52.2112 -69
52.2113 -69
52.2114 -69
52.2115 -69
52.2116 -69
52.2117 -69
52.2118 -69
52.212 -69
52.2121 -69
52.2122 -69
52.2123 -69
52.2124 -69
52.2125 -69
52.2126 -69
52.2128 -69
52.2129 -69
52.213 -69
52.2131 -69
52.2132 -69
52.2133 -69
52.2134 -69
52.2136 -69
52.2137 -69
52.2138 -69
52.2139 -69
52.214 -69
52.2141 -69
52.2143 -69
52.2144 -69
52.2145 -69
52.2146 -69
52.2147 -69
52.2148 -69
52.2149 -69
52.2151 -69
52.2152 -69
52.2153 -69
52.2154 -69
52.2155 -69
52.2156 -69
52.2158 -69
52.2159 -69
52.216 -69
52.2161 -69
52.2162 -69
52.2163 -69
52.2165 -69
52.2166 -69
52.2167 -69
52.2168 -69
52.2169 -69
52.217 -69
52.2172 -69
52.2173 -69
52.2174 -69
52.2175 -69
52.2176 -69
52.2177 -69
52.2179 -69
52.218 -69
52.2181 -69
52.2182 -69
52.2183 -69
52.2184 -69
52.2186 -69
52.2187 -69
52.2188 -69
52.2189 -69
52.219 -69
52.2192 -69
52.2193 -69
52.2194 -69
52.2195 -69
52.2196 -69
52.2197 -69
52.2199 -69
52.22 -69
52.2201 -69
52.2202 -69
52.2203 -69
52.2205 -69
52.2206 -69
52.2207 -69
52.2208 -69
52.2209 -69
52.221 -69
52.2212 -69
52.2213 -69
52.2214 -69
52.2215 -69
52.2216 -69
52.2218 -69
52.2219 -69
52.222 -69
52.2221 -69
52.2222 -69
52.2224 -69
52.2225 -69
52.2226 -69
52.2227 -69
52.2228 -69
52.223 -69
52.2231 -69
52.2232 -69
52.2233 -69
52.2234 -69
52.2236 -69
52.2237 -69
52.2238 -69
52.2239 -69
52.224 -69
52.2242 -69
52.2243 -69
52.2244 -69
52.2245 -69
52.2246 -69
52.2248 -69
52.2249 -69
52.225 -69
52.2251 -69
52.2252 -69
52.2254 -69
52.2255 -69
52.2256 -69
52.2257 -69
52.2258 -69
52.226 -69
52.2261 -69
52.2262 -69
52.2263 -69
52.2265 -69
52.2266 -69
52.2267 -69
52.2268 -69
52.2269 -69
52.2271 -69
52.2272 -69
52.2273 -69
52.2274 -69
52.2275 -69
52.2277 -69
52.2278 -69
52.2279 -69
52.228 -69
52.2282 -69
52.2283 -69
52.2284 -69
52.2285 -69
52.2286 -69
52.2288 -69
52.2289 -69
52.229 -69
52.2291 -69
52.2293 -69
52.2294 -69
52.2295 -69
52.2296 -69
52.2298 -69
52.2299 -69
52.23 -69
52.2301 -69
52.2302 -69
52.2304 -69
52.2305 -69
52.2306 -69
52.2307 -69
52.2309 -69
52.231 -69
52.2311 -69
52.2312 -69
52.2314 -69
52.2315 -69
52.2316 -69
52.2317 -69
52.2319 -69
52.232 -69
52.2321 -69
52.2322 -69
52.2324 -69
52.2325 -69
52.2326 -69
52.2327 -69
52.2329 -69
52.233 -69
52.2331 -69
52.2332 -69
52.2334 -69
52.2335 -69
52.2336 -69
52.2337 -69
52.2339 -69
52.234 -69
52.2341 -69
52.2342 -69
52.2344 -69
52.2345 -69
52.2346 -69
52.2347 -69
52.2349 -69
52.235 -69
52.2351 -69
52.2352 -69
52.2354 -69
52.2355 -69
52.2356 -69
52.2357 -69
52.2359 -69
52.236 -69
52.2361 -69
52.2362 -69
52.2364 -69
52.2365 -69
52.2366 -69
52.2367 -69
52.2369 -69
52.237 -69
52.2371 -69
52.2373 -69
52.2374 -69
52.2375 -69
52.2376 -69
52.2378 -69
52.2379 -69
52.238 -69
52.2381 -69
52.2383 -69
52.2384 -69
52.2385 -69
52.2386 -69
52.2388 -69
52.2389 -69
52.239 -69
52.2392 -69
52.2393 -69
52.2394 -69
52.2395 -69
52.2397 -69
52.2398 -69
52.2399 -69
52.2401 -69
52.2402 -69
52.2403 -69
52.2404 -69
52.2406 -69
