0.1 -0.206025
0.2 -0.408777
0.3 -0.615244
0.4 -0.823033
0.5 -1.03231
0.6 -1.24304
0.7 -1.45559
0.8 -1.66946
0.9 -1.88491
1 -2.10175
0.261886 -2.14977
0.518473 -2.18751
0.763326 -2.21848
1.00885 -2.24986
1.25413 -2.28118
1.49963 -2.31267
1.74536 -2.34433
1.99107 -2.37602
2.23673 -2.40774
2.48224 -2.43942
2.72785 -2.47121
2.9734 -2.50301
3.21895 -2.53487
3.46445 -2.56674
3.70992 -2.59865
3.95536 -2.63059
4.20075 -2.66256
4.44603 -2.6945
4.69136 -2.72653
4.93666 -2.75859
5.1819 -2.79067
5.42709 -2.82276
5.67229 -2.85492
5.91751 -2.88715
6.1627 -2.9194
6.40772 -2.9516
6.65274 -2.98389
6.89734 -3.01604
7.14239 -3.04842
7.38739 -3.08083
7.63143 -3.11283
7.87457 -3.1444
8.11836 -3.17633
8.3631 -3.2088
8.6078 -3.2413
8.85246 -3.27383
9.09708 -3.30639
9.34167 -3.33898
9.58613 -3.37153
9.83064 -3.40418
10.075 -3.4368
10.319 -3.46928
10.5634 -3.50202
10.8077 -3.53479
11.052 -3.56758
11.2963 -3.60039
11.5405 -3.63324
11.7847 -3.66612
12.0289 -3.69904
12.273 -3.73199
12.517 -3.76497
12.7611 -3.79798
13.0051 -3.83102
13.249 -3.8641
13.493 -3.8972
13.7368 -3.93033
13.9807 -3.9635
14.2245 -3.99669
14.4683 -4.02992
14.7109 -4.06244
14.9555 -4.09637
15.1981 -4.12892
15.4416 -4.16221
15.6851 -4.19554
15.9286 -4.22895
16.1721 -4.26234
16.4154 -4.29572
16.6587 -4.32916
16.902 -4.36263
17.145 -4.39592
17.3882 -4.42943
17.6313 -4.46297
17.8744 -4.49654
18.1175 -4.53016
18.3605 -4.56379
18.6035 -4.59745
18.8464 -4.63114
19.0893 -4.66485
19.3321 -4.69859
19.5749 -4.73236
19.8177 -4.76615
20.0604 -4.79997
20.3027 -4.83351
20.5452 -4.86729
20.7877 -4.90119
21.0303 -4.93512
21.2726 -4.96896
21.5151 -5.00296
21.7575 -5.03698
21.9996 -5.07088
22.2422 -5.10523
22.4845 -5.13937
22.7268 -5.17353
22.969 -5.20772
23.211 -5.24183
23.4531 -5.27603
23.6952 -5.31033
23.937 -5.34442
24.179 -5.37876
24.4209 -5.41314
24.6628 -5.44755
24.9047 -5.482
25.1465 -5.51648
25.3883 -5.55099
25.63 -5.58553
25.8717 -5.6201
26.1134 -5.65466
26.355 -5.68929
26.5966 -5.72402
26.8381 -5.75872
27.0796 -5.79345
27.3211 -5.82822
27.5625 -5.86302
27.8038 -5.89785
28.0451 -5.93265
28.2868 -5.96805
28.5276 -6.00247
28.7689 -6.03753
29.01 -6.07252
29.2511 -6.10754
29.4922 -6.14258
29.7332 -6.17766
29.9741 -6.21277
30.215 -6.24792
30.4558 -6.28299
30.6967 -6.31819
30.9374 -6.35343
31.1782 -6.38869
31.4184 -6.42341
31.659 -6.45869
31.8996 -6.49403
32.1401 -6.52941
32.3806 -6.56481
32.6211 -6.60025
32.8615 -6.63572
33.1018 -6.67122
33.3421 -6.70675
33.5824 -6.74231
33.8222 -6.78085
34.049 -6.84496
34.2015 -6.85999
34.3169 -6.83626
34.4284 -6.81183
34.5399 -6.78766
34.6508 -6.76362
34.7614 -6.73983
34.8723 -6.71641
34.9841 -6.69349
35.0961 -6.67093
35.2079 -6.64862
35.3177 -6.62612
35.4321 -6.60503
35.5425 -6.58329
35.6556 -6.56471
35.7654 -6.54928
35.8745 -6.53859
35.9817 -6.52861
36.0865 -6.50859
36.1893 -6.48752
36.2903 -6.44789
36.388 -6.3892
36.4842 -6.30313
36.5796 -6.20907
36.6744 -6.10869
36.7678 -5.9995
36.8619 -5.89122
36.9558 -5.78313
37.0505 -5.67605
37.1453 -5.56929
37.2393 -5.46208
37.334 -5.35579
37.4287 -5.24977
37.5232 -5.14395
37.6178 -5.03834
37.7123 -4.93297
37.8067 -4.82784
37.9009 -4.72275
37.9949 -4.61765
38.0892 -4.51324
38.1836 -4.40923
38.278 -4.30545
38.3724 -4.20194
38.4667 -4.09863
38.5609 -3.99556
38.655 -3.89272
38.7492 -3.79012
38.8432 -3.68776
38.9372 -3.5856
39.0311 -3.48371
39.125 -3.38206
39.2187 -3.28052
39.3124 -3.17923
39.4057 -3.07792
39.4994 -2.9772
39.5929 -2.87675
39.6864 -2.77654
39.7799 -2.67658
39.8732 -2.57681
39.9665 -2.47731
40.0598 -2.37806
40.1529 -2.27907
40.2461 -2.18034
40.339 -2.08179
40.4319 -1.98339
40.5246 -1.88527
40.6172 -1.78729
40.7097 -1.68952
40.8021 -1.59202
40.8945 -1.49478
40.9868 -1.39782
41.079 -1.30113
41.1712 -1.20473
41.2632 -1.10848
41.3552 -1.01255
41.4471 -0.916898
41.5389 -0.821533
41.6307 -0.726454
41.7225 -0.631663
41.8141 -0.537163
41.9057 -0.442953
41.9973 -0.349037
42.0888 -0.25542
42.1801 -0.161948
42.2709 -0.068346
42.3621 0.0244403
42.4531 0.117119
42.5439 0.209636
42.635 0.301451
42.726 0.39296
42.8168 0.484382
42.9074 0.575547
42.9974 0.667001
43.0877 0.757737
43.178 0.848149
43.2681 0.938237
43.3583 1.028
43.4483 1.11743
43.5383 1.20654
43.6282 1.29531
43.718 1.38376
43.8077 1.47197
43.8971 1.55997
43.9869 1.64729
44.0765 1.73426
44.1661 1.82089
44.2556 1.90718
44.3451 1.99312
44.4345 2.07871
44.5237 2.16394
44.613 2.24882
44.7021 2.33333
44.7912 2.4175
44.8802 2.50129
44.9692 2.58471
45.058 2.66776
45.1468 2.75044
45.2355 2.83275
45.3242 2.91467
45.4127 2.99622
45.5012 3.07739
45.5896 3.15818
45.6779 3.23858
45.7661 3.31862
45.8543 3.39828
45.9423 3.47753
46.0303 3.55639
46.1182 3.63484
46.206 3.71288
46.2937 3.79051
46.3814 3.86772
46.4688 3.94469
46.5564 4.02093
46.6439 4.09675
46.7314 4.17214
46.8188 4.24712
46.906 4.32169
46.9931 4.39586
47.0804 4.4694
47.1676 4.5425
47.2546 4.61515
47.3416 4.68734
47.4286 4.75909
47.5154 4.83037
47.6021 4.9012
47.6888 4.97156
47.7753 5.04145
47.8617 5.11094
47.9481 5.1799
48.0344 5.24837
48.1206 5.31638
48.2066 5.38391
48.2926 5.45096
48.3785 5.5175
48.4642 5.58353
48.5499 5.64906
48.6355 5.71408
48.721 5.77858
48.8064 5.84255
48.8917 5.906
48.9769 5.96896
49.0619 6.03146
49.1467 6.09343
49.2315 6.15484
49.3162 6.21571
49.4007 6.27601
49.4852 6.33576
49.5695 6.39494
49.6533 6.4453
49.7364 6.48327
49.8194 6.52067
49.9005 6.53094
49.9808 6.53391
50.0611 6.5364
50.1413 6.53841
50.2191 6.52609
50.2963 6.51094
50.3734 6.49536
50.4505 6.47935
50.5269 6.46524
50.6016 6.45649
50.6762 6.44729
50.7507 6.43772
50.8239 6.44083
50.8971 6.44344
50.9701 6.44556
51.0431 6.44717
51.1161 6.44828
51.1889 6.44888
51.2617 6.44896
51.3345 6.44853
51.4071 6.44757
51.4797 6.44609
51.5522 6.44408
51.6247 6.44153
51.6971 6.43845
51.7694 6.43482
51.8416 6.43065
51.9137 6.42592
51.9857 6.42064
52.0577 6.41479
52.1295 6.40838
52.2013 6.4014
52.2731 6.39384
52.3447 6.3857
52.4163 6.37698
52.4878 6.36766
52.5591 6.35775
52.6303 6.34722
52.7014 6.33594
52.7723 6.32183
52.8432 6.30704
52.9139 6.29156
52.9843 6.27536
53.0547 6.25847
53.125 6.24086
53.1952 6.22254
53.2653 6.20057
53.3353 6.17718
53.4052 6.15296
53.475 6.12789
53.5447 6.10198
53.6143 6.0752
53.6839 6.04755
53.7533 6.01901
53.8231 5.98971
53.8932 5.95965
53.9638 5.92888
54.0345 5.89682
54.105 5.8626
54.1756 5.8275
54.2463 5.79145
54.3168 5.75441
54.3872 5.71637
54.4575 5.67732
54.5278 5.63728
54.5976 5.59651
54.6658 5.55501
54.733 5.51269
54.7948 5.47053
54.8464 5.42964
54.8626 5.39607
54.8851 5.3603
54.9078 5.32421
54.9303 5.28761
54.9528 5.25032
54.9752 5.21233
54.9974 5.17362
55.0193 5.12303
55.041 5.06723
55.0624 5.01067
55.0834 4.95345
55.1038 4.89558
55.1236 4.83508
55.1421 4.75026
55.1598 4.66487
55.1772 4.57873
55.1943 4.49167
55.2114 4.40415
55.2284 4.31613
55.2453 4.22715
55.2621 4.13718
55.2786 4.0436
55.2942 3.93896
55.3097 3.83324
55.3251 3.72642
55.3404 3.61849
55.3555 3.50953
55.3695 3.40005
55.3818 3.29091
55.3932 3.18118
55.4015 3.07253
55.4088 2.96326
55.4128 2.85738
55.4144 2.75546
55.4156 2.65255
55.416 2.51066
55.416 2.35587
55.4159 2.19974
55.4158 2.04225
55.4156 1.88348
55.4153 1.72325
55.4136 1.51196
55.4101 1.24767
55.4064 0.985669
55.4027 0.721542
55.3988 0.455249
55.3949 0.188279
55.3939 0.0401663
55.3928 -0.108586
55.3917 -0.257982
55.3904 -0.408029
55.3891 -0.558667
55.3863 -0.734753
55.385 -0.850309
55.3851 -0.929067
55.385 -1.00767
55.3849 -1.08614
55.3847 -1.16448
55.3845 -1.24269
55.3841 -1.32075
55.3837 -1.39867
55.3832 -1.47643
55.3827 -1.55403
55.382 -1.63146
55.3826 -1.69466
55.3853 -1.7364
55.3872 -1.76857
55.388 -1.79027
55.3888 -1.81159
55.3895 -1.83251
55.3902 -1.85303
55.3908 -1.87313
55.3913 -1.89282
55.3918 -1.91207
55.3922 -1.91281
55.3949 -1.94131
55.3977 -1.96979
55.4003 -1.99828
55.403 -2.02675
55.4056 -2.05522
55.4081 -2.08426
55.4119 -2.14694
55.4157 -2.20974
55.4194 -2.27267
55.4231 -2.33573
55.4268 -2.39892
55.4303 -2.46224
55.4339 -2.52566
55.4373 -2.5892
55.4408 -2.65288
55.4441 -2.71669
55.4475 -2.78064
55.4507 -2.84472
55.454 -2.90894
55.4571 -2.97329
55.4602 -3.03778
55.4633 -3.1024
55.4663 -3.16716
55.4692 -3.23206
55.4721 -3.29709
55.4749 -3.36226
55.4777 -3.42757
55.4804 -3.49302
55.483 -3.55861
55.4856 -3.62433
55.4882 -3.6902
55.4906 -3.7562
55.493 -3.82234
55.4954 -3.88863
55.4977 -3.95505
55.4999 -4.02162
55.5021 -4.08833
55.5042 -4.15517
55.5063 -4.22216
55.5083 -4.28929
55.5102 -4.35656
55.5121 -4.42397
55.5139 -4.49153
55.5156 -4.55923
55.5173 -4.62708
55.5189 -4.69507
55.5204 -4.7632
55.5219 -4.83148
55.5233 -4.8999
55.5246 -4.96848
55.5259 -5.03719
55.5271 -5.10606
55.5282 -5.17507
55.5293 -5.24423
55.5303 -5.31354
55.5312 -5.383
55.532 -5.4526
55.5328 -5.52236
55.5335 -5.59226
55.5342 -5.66232
55.5348 -5.73252
55.5353 -5.80288
55.5357 -5.87338
55.5355 -5.94378
55.535 -6.0142
55.5338 -6.08438
55.5314 -6.15421
55.5289 -6.22418
55.5262 -6.29419
55.5215 -6.3634
55.5168 -6.43275
55.512 -6.50226
55.5066 -6.5716
55.4999 -6.64053
55.4933 -6.70962
55.4859 -6.77851
55.4781 -6.8474
55.4702 -6.91645
55.4623 -6.98565
55.4543 -7.05499
55.4463 -7.12449
55.4382 -7.19413
55.43 -7.26391
55.4218 -7.33385
55.4134 -7.40394
55.4051 -7.47417
55.3966 -7.54456
55.3881 -7.61509
55.3795 -7.68577
55.3708 -7.75661
55.3621 -7.8276
55.3532 -7.89874
55.3443 -7.97003
55.3354 -8.04147
55.3263 -8.11307
55.3172 -8.18481
55.308 -8.25671
55.2987 -8.32877
55.2894 -8.40097
55.28 -8.47333
55.2705 -8.54585
55.2609 -8.61852
55.2512 -8.69134
55.2414 -8.76432
55.2316 -8.83745
55.2217 -8.91074
55.2117 -8.98418
55.2016 -9.05778
55.1914 -9.13154
55.1812 -9.20545
55.1708 -9.27952
55.1604 -9.35375
55.1496 -9.42794
55.1386 -9.49285
55.1277 -9.54455
55.116 -9.59598
55.1039 -9.64739
55.0917 -9.69888
55.0794 -9.75045
55.0666 -9.80189
55.0529 -9.85311
55.0391 -9.90439
55.0253 -9.95575
55.0113 -10.0072
54.9967 -10.0585
54.9815 -10.101
54.9655 -10.1263
54.9495 -10.1517
54.9323 -10.1769
54.9127 -10.2015
54.8931 -10.2262
54.8733 -10.2509
54.8535 -10.2755
54.8315 -10.2997
54.8082 -10.3236
54.7849 -10.3476
54.7614 -10.3715
54.7379 -10.3955
54.7143 -10.4194
54.6883 -10.4428
54.662 -10.4662
54.6356 -10.4896
54.6092 -10.513
54.5816 -10.5362
54.5537 -10.5545
54.5261 -10.5688
54.4984 -10.583
54.4706 -10.5973
54.4427 -10.6115
54.4147 -10.6258
54.3867 -10.64
54.3586 -10.6543
54.3304 -10.6685
54.3021 -10.6827
54.2737 -10.697
54.2452 -10.7112
54.2166 -10.7254
54.188 -10.7397
54.1593 -10.7539
54.1304 -10.7681
54.1015 -10.7823
54.0726 -10.7988
54.044 -10.8206
54.0152 -10.8424
53.9862 -10.8642
53.9572 -10.886
53.9281 -10.9079
53.8989 -10.9297
53.8696 -10.9516
53.8401 -10.9735
53.8104 -10.9953
53.7806 -11.0172
53.7507 -11.0391
53.7208 -11.0648
53.6929 -11.0949
53.6661 -11.1253
53.6392 -11.1557
53.6122 -11.1861
53.5893 -11.2179
53.567 -11.2498
53.5444 -11.2817
53.5217 -11.3137
53.4989 -11.3457
53.4799 -11.3789
53.4632 -11.4127
53.4463 -11.4466
53.4293 -11.4806
53.4149 -11.5153
53.4032 -11.5439
53.3915 -11.557
53.3812 -11.5704
53.3714 -11.5838
53.3616 -11.5972
53.3517 -11.6107
53.3418 -11.6242
53.3319 -11.6377
53.322 -11.6512
53.312 -11.6648
53.302 -11.6784
53.292 -11.692
53.282 -11.7057
53.272 -11.7174
53.2623 -11.7064
53.2527 -11.6954
53.243 -11.6845
53.2332 -11.6735
53.223 -11.6626
53.2126 -11.6516
53.2022 -11.6406
53.1917 -11.6297
53.1812 -11.6187
53.1692 -11.6078
53.1572 -11.5969
53.1451 -11.586
53.1331 -11.5751
53.121 -11.5642
53.1088 -11.5532
53.0967 -11.5423
53.0834 -11.5314
53.0693 -11.5206
53.0553 -11.5075
53.0417 -11.4877
53.0281 -11.4678
53.0145 -11.4479
53.0009 -11.428
52.9872 -11.4081
52.9735 -11.3882
52.9598 -11.3683
52.9457 -11.3484
52.9308 -11.3286
52.9159 -11.3088
52.9019 -11.2889
52.8884 -11.2689
52.8749 -11.249
52.8613 -11.229
52.8477 -11.209
52.8352 -11.1914
52.8234 -11.1788
52.8112 -11.1663
52.7989 -11.1537
52.7866 -11.1412
52.7742 -11.1287
52.7619 -11.1161
52.7495 -11.1036
52.7372 -11.0911
52.7265 -11.0785
52.7164 -11.0659
52.7063 -11.0583
52.6962 -11.0529
52.686 -11.0476
52.6758 -11.0423
52.666 -11.0369
52.6573 -11.0316
52.6499 -11.0263
52.6424 -11.0211
52.6349 -11.0158
52.6274 -11.0106
52.6208 -11.0053
52.6155 -11.0001
52.6106 -10.9949
52.6056 -10.9898
52.6006 -10.9846
52.5957 -10.9794
52.5907 -10.9743
52.5857 -10.9692
52.5807 -10.9641
52.5762 -10.959
52.5733 -10.9539
52.5704 -10.9488
52.5674 -10.9438
52.5644 -10.9387
52.5615 -10.9337
52.5585 -10.9287
52.5565 -10.9237
52.5554 -10.9188
52.5542 -10.9138
52.553 -10.9089
52.5518 -10.904
52.5513 -10.899
52.5508 -10.8942
52.5503 -10.8893
52.5498 -10.8844
52.5493 -10.8796
52.5488 -10.8747
52.5483 -10.8699
52.5478 -10.8651
52.5473 -10.8603
52.5468 -10.8556
52.5463 -10.8508
52.5457 -10.846
52.5452 -10.8413
52.5447 -10.8366
52.5442 -10.8319
52.5437 -10.8272
52.5432 -10.8225
52.5427 -10.8178
52.5422 -10.8132
52.5417 -10.8086
52.5412 -10.8039
52.5407 -10.7993
52.5402 -10.7948
52.5397 -10.7902
52.5392 -10.7856
52.5387 -10.7811
52.5382 -10.7765
52.5377 -10.772
52.5371 -10.7675
52.5366 -10.763
52.5361 -10.7585
52.5356 -10.7541
52.5351 -10.7496
52.5346 -10.7452
52.5341 -10.7408
52.5336 -10.7364
52.5331 -10.732
52.5326 -10.7276
52.5321 -10.7233
52.5316 -10.7189
52.5311 -10.7146
52.5305 -10.7103
52.53 -10.706
52.5295 -10.7017
52.529 -10.6974
52.5285 -10.6932
52.528 -10.6889
52.5275 -10.6847
52.527 -10.6805
52.5265 -10.6763
52.526 -10.6721
52.5254 -10.6679
52.5249 -10.6638
52.5244 -10.6596
52.5239 -10.6555
52.5234 -10.6514
52.5229 -10.6473
52.5224 -10.6432
52.5219 -10.6392
52.5214 -10.6351
52.5208 -10.6311
52.5203 -10.6271
52.5198 -10.6231
52.5193 -10.6191
52.5188 -10.6151
52.5183 -10.6112
52.5178 -10.6072
52.5173 -10.6033
52.5167 -10.5994
52.5162 -10.5955
52.5157 -10.5916
52.5152 -10.5877
52.5147 -10.5839
52.5142 -10.58
52.5137 -10.5762
52.5131 -10.5724
52.5126 -10.5686
52.5121 -10.5648
52.5116 -10.5611
52.5111 -10.5573
52.5106 -10.5536
52.5101 -10.5499
52.5095 -10.5462
52.509 -10.5425
52.5085 -10.5388
52.508 -10.5352
52.5075 -10.5315
52.507 -10.5279
52.5064 -10.5243
52.5059 -10.5207
52.5054 -10.5172
52.5049 -10.5136
52.5044 -10.51
52.5039 -10.5065
52.5033 -10.503
52.5028 -10.4995
52.5023 -10.496
52.5018 -10.4926
52.5013 -10.4891
52.5008 -10.4857
52.5002 -10.4823
52.4997 -10.4789
52.4992 -10.4755
52.4987 -10.4721
52.4982 -10.4687
52.4976 -10.4654
52.4971 -10.4621
52.4966 -10.4588
52.4961 -10.4555
52.4956 -10.4522
52.495 -10.4489
52.4945 -10.4457
52.494 -10.4424
52.4935 -10.4392
52.493 -10.436
52.4924 -10.4329
52.4919 -10.4297
52.4914 -10.4265
52.4909 -10.4234
52.4904 -10.4203
52.4898 -10.4172
52.4893 -10.4141
52.4888 -10.411
52.4883 -10.408
52.4877 -10.4049
52.4872 -10.4019
52.4867 -10.3989
52.4862 -10.3959
52.4857 -10.3929
52.4851 -10.39
52.4846 -10.387
52.4841 -10.3841
52.4836 -10.3812
52.483 -10.3783
52.4825 -10.3755
52.482 -10.3726
52.4815 -10.3697
52.4809 -10.3669
52.4804 -10.3641
52.4799 -10.3613
52.4794 -10.3585
52.4788 -10.3558
52.4783 -10.353
52.4778 -10.3503
52.4773 -10.3476
52.4767 -10.3449
52.4762 -10.3422
52.4757 -10.3396
52.4752 -10.3369
52.4746 -10.3343
52.4741 -10.3317
52.4736 -10.3291
52.4731 -10.3265
52.4725 -10.3239
52.4719 -10.3214
52.4712 -10.3189
52.4705 -10.3163
52.4698 -10.3138
52.4691 -10.3114
52.4684 -10.3089
52.4677 -10.3065
52.467 -10.304
52.4663 -10.3016
52.4656 -10.2992
52.4646 -10.2968
52.4634 -10.2944
52.4623 -10.2921
52.4611 -10.2897
52.46 -10.2874
52.4588 -10.2851
52.4577 -10.2828
52.4565 -10.2805
52.4553 -10.2783
52.4542 -10.276
52.453 -10.2738
52.4519 -10.2716
52.4507 -10.2694
52.4495 -10.2672
52.4484 -10.2651
52.4468 -10.2629
52.4451 -10.2608
52.4434 -10.2587
52.4417 -10.2566
52.44 -10.2545
52.4381 -10.2524
52.4363 -10.2504
52.4345 -10.2483
52.4327 -10.2463
52.4309 -10.2443
52.429 -10.2423
52.4272 -10.2403
52.4254 -10.2384
52.4235 -10.2364
52.4217 -10.2345
52.4198 -10.2326
52.4179 -10.2307
52.4161 -10.2289
52.4142 -10.227
52.412 -10.2252
52.4097 -10.2233
52.4074 -10.2215
52.4051 -10.2197
52.4028 -10.218
52.4005 -10.2162
52.3983 -10.2145
52.396 -10.2127
52.3937 -10.211
52.3914 -10.2093
52.3896 -10.2077
52.3878 -10.206
52.386 -10.2044
52.3842 -10.2028
52.3824 -10.2012
52.3804 -10.1996
52.3783 -10.1981
52.3762 -10.1965
52.374 -10.195
52.3719 -10.1935
52.3702 -10.192
52.3687 -10.1905
52.3671 -10.1891
52.3655 -10.1877
52.3639 -10.1863
52.3623 -10.1849
52.3607 -10.1835
52.3591 -10.1822
52.3576 -10.1808
52.356 -10.1795
52.3544 -10.1782
52.3527 -10.177
52.3511 -10.1757
52.3494 -10.1744
52.3478 -10.1732
52.3461 -10.172
52.3452 -10.1708
52.3443 -10.1697
52.3434 -10.1686
52.3425 -10.1675
52.3416 -10.1664
52.3407 -10.1653
52.3398 -10.1643
52.3389 -10.1632
52.338 -10.1622
52.3371 -10.1612
52.3362 -10.1602
52.3353 -10.1593
52.3346 -10.1583
52.3344 -10.1574
52.3341 -10.1566
52.3338 -10.1557
52.3336 -10.1549
52.3333 -10.154
52.3331 -10.1532
52.3328 -10.1524
52.3325 -10.1517
52.3324 -10.1509
52.3324 -10.1502
52.3324 -10.1495
52.3324 -10.1488
52.3324 -10.1482
52.3324 -10.1475
52.3324 -10.1469
52.3323 -10.1463
52.3323 -10.1457
52.3323 -10.1452
52.3323 -10.1446
52.3323 -10.1441
52.3323 -10.1436
52.3322 -10.1431
52.3322 -10.1426
52.3322 -10.1422
52.3322 -10.1418
52.3322 -10.1413
52.3321 -10.141
52.3321 -10.1406
52.3321 -10.1402
52.3321 -10.1399
52.3321 -10.1396
52.332 -10.1393
52.332 -10.139
52.332 -10.1388
52.332 -10.1385
52.332 -10.1383
52.3319 -10.1381
52.3319 -10.138
52.3319 -10.1378
52.3319 -10.1377
52.3318 -10.1376
52.3318 -10.1375
52.3318 -10.1374
52.3318 -10.1374
52.3318 -10.1373
52.3317 -10.1373
52.3317 -10.1373
52.3317 -10.1412
52.3316 -10.1475
52.3316 -10.1537
52.3315 -10.16
52.3315 -10.1663
52.3314 -10.1726
52.3313 -10.179
52.3313 -10.1853
52.3312 -10.1917
52.3312 -10.1981
52.3311 -10.2045
52.3311 -10.2109
52.331 -10.2173
52.331 -10.2238
52.3309 -10.2302
52.3309 -10.2367
52.3308 -10.2432
52.3307 -10.2498
52.3307 -10.2563
52.3306 -10.2629
52.3306 -10.2694
52.3305 -10.276
52.3305 -10.2826
52.3304 -10.2893
52.3303 -10.2959
52.3303 -10.3026
52.3302 -10.3093
52.3302 -10.316
52.3301 -10.3227
52.33 -10.3317
52.3299 -10.3501
52.3298 -10.3685
52.3297 -10.3869
52.3295 -10.4052
52.3294 -10.4236
52.3293 -10.442
52.3291 -10.4605
52.329 -10.4789
52.3289 -10.4973
52.3287 -10.5157
52.3286 -10.5341
52.3285 -10.5525
52.3284 -10.571
52.3282 -10.5894
52.3281 -10.6079
52.328 -10.6263
52.3278 -10.6448
52.3277 -10.6632
52.3276 -10.6817
52.3274 -10.7001
52.3273 -10.7186
52.3272 -10.7371
52.327 -10.7556
52.3269 -10.774
52.3268 -10.7925
52.3266 -10.811
52.3265 -10.8295
52.3264 -10.848
52.3262 -10.8665
52.3261 -10.885
52.326 -10.9036
52.3258 -10.9221
52.3257 -10.9406
52.3256 -10.9591
52.3254 -10.9777
52.3253 -10.9962
52.3252 -11.0147
52.325 -11.0333
52.3249 -11.0518
52.3248 -11.0704
52.3246 -11.089
52.3245 -11.1075
52.3244 -11.1261
52.3242 -11.1447
52.324 -11.1693
52.3238 -11.1944
52.3236 -11.2195
52.3234 -11.2445
52.3232 -11.2696
52.3229 -11.2946
52.3227 -11.3197
52.3225 -11.3447
52.3223 -11.3697
52.3221 -11.3947
52.3218 -11.4198
52.3216 -11.4448
52.3214 -11.4698
52.3212 -11.4948
52.321 -11.5198
52.3208 -11.5448
52.3205 -11.5697
52.3203 -11.5947
52.3201 -11.6197
52.3199 -11.6446
52.3197 -11.6696
52.3194 -11.6945
52.3192 -11.7195
52.319 -11.7444
52.3188 -11.7693
52.3186 -11.7943
52.3184 -11.8192
52.3181 -11.8441
52.3179 -11.869
52.3177 -11.8939
52.3175 -11.9188
52.3173 -11.9437
52.317 -11.9685
52.3168 -11.9934
52.3166 -12.0183
52.3164 -12.0431
52.3162 -12.068
52.3159 -12.0928
52.3157 -12.1177
52.3155 -12.1425
52.3153 -12.1673
52.3151 -12.1922
52.3148 -12.217
52.3146 -12.2418
52.3144 -12.2666
52.3142 -12.2914
52.314 -12.3162
52.3137 -12.3409
52.3135 -12.3657
52.3133 -12.3905
52.3131 -12.4152
52.3129 -12.44
52.3126 -12.4648
52.3124 -12.4895
52.3122 -12.5136
52.3119 -12.5364
52.3116 -12.5593
52.3113 -12.5821
52.311 -12.605
52.3108 -12.6278
52.3105 -12.6506
52.3102 -12.6734
52.3099 -12.6962
52.3096 -12.719
52.3093 -12.7418
52.309 -12.7646
52.3088 -12.7874
52.3085 -12.8102
52.3082 -12.8329
52.3079 -12.8557
52.3076 -12.8784
52.3073 -12.9012
52.307 -12.9239
52.3068 -12.9466
52.3065 -12.9694
52.3062 -12.9921
52.3059 -13.0148
52.3056 -13.0375
52.3053 -13.0602
52.305 -13.0829
52.3048 -13.1056
52.3045 -13.1283
52.3042 -13.1509
52.3039 -13.1736
52.3036 -13.1963
52.3033 -13.2189
52.303 -13.2416
52.3028 -13.2642
52.3025 -13.2868
52.3022 -13.3095
52.3019 -13.3321
52.3016 -13.3547
52.3013 -13.3773
52.301 -13.3999
52.3007 -13.4189
52.3004 -13.4372
52.3001 -13.4554
52.2997 -13.4737
52.2994 -13.4919
52.2991 -13.5102
52.2988 -13.5284
52.2984 -13.5467
52.2981 -13.565
52.2978 -13.5832
52.2975 -13.6015
52.2971 -13.6197
52.2968 -13.638
52.2965 -13.6562
52.2962 -13.6745
52.2958 -13.6927
52.2955 -13.711
52.2952 -13.7292
52.2949 -13.7475
52.2945 -13.7658
52.2942 -13.784
52.2939 -13.8023
52.2936 -13.8205
52.2932 -13.8388
52.2929 -13.857
52.2926 -13.8753
52.2923 -13.8935
52.2919 -13.9118
52.2916 -13.93
52.2913 -13.9483
52.291 -13.9666
52.2906 -13.9848
52.2903 -14.0031
52.29 -14.0213
52.2897 -14.0396
52.2893 -14.0578
52.289 -14.0761
52.2887 -14.0943
52.2884 -14.1126
52.288 -14.1308
52.2877 -14.1491
52.2874 -14.1673
52.2871 -14.1856
52.2867 -14.2039
52.2864 -14.2221
52.2861 -14.2404
52.2858 -14.2586
52.2855 -14.2769
52.2851 -14.2951
52.2848 -14.3134
52.2845 -14.3316
52.2842 -14.3499
52.2838 -14.3681
52.2835 -14.3864
52.2832 -14.4047
52.2829 -14.4229
52.2825 -14.4412
52.2822 -14.4594
52.2819 -14.4777
52.2816 -14.4959
52.2813 -14.5142
52.2809 -14.5324
52.2806 -14.5507
52.2803 -14.5689
52.28 -14.5872
52.2796 -14.6055
52.2793 -14.6237
52.279 -14.642
52.2787 -14.6602
52.2784 -14.6785
52.278 -14.6967
52.2777 -14.715
52.2774 -14.7332
52.2771 -14.7515
52.2767 -14.7697
52.2764 -14.788
52.2761 -14.8062
52.2758 -14.8245
52.2755 -14.8428
52.2751 -14.861
52.2748 -14.8793
52.2745 -14.8975
52.2742 -14.9158
52.2738 -14.934
52.2735 -14.9523
52.2732 -14.9705
52.2729 -14.9888
52.2726 -15.007
52.2722 -15.0253
52.2719 -15.0435
52.2716 -15.0618
52.2713 -15.0801
52.271 -15.0983
52.2706 -15.1166
52.2703 -15.1348
52.27 -15.1531
52.2697 -15.1713
52.2694 -15.1896
52.269 -15.2078
52.2687 -15.2261
52.2684 -15.2443
52.2681 -15.2626
52.2678 -15.2809
52.2674 -15.2991
52.2671 -15.3174
52.2668 -15.3356
52.2665 -15.3539
52.2662 -15.3721
52.2658 -15.3904
52.2655 -15.4086
52.2652 -15.4269
52.2649 -15.4451
52.2646 -15.4634
52.2642 -15.4816
52.2639 -15.4999
52.2636 -15.5181
52.2633 -15.5364
52.263 -15.5547
52.2626 -15.5729
52.2623 -15.5912
52.262 -15.6094
52.2617 -15.6277
52.2614 -15.6459
52.261 -15.6642
52.2607 -15.6824
52.2604 -15.7007
52.2601 -15.7189
52.2598 -15.7372
52.2595 -15.7554
52.2591 -15.7737
52.2588 -15.792
52.2585 -15.8102
52.2582 -15.8285
52.2579 -15.8467
52.2575 -15.865
52.2572 -15.8832
52.2569 -15.9015
52.2566 -15.9197
52.2563 -15.938
52.256 -15.9562
52.2556 -15.9745
52.2553 -15.9927
52.255 -16.011
52.2547 -16.0293
52.2544 -16.0475
52.254 -16.0658
52.2537 -16.084
52.2534 -16.1023
52.2531 -16.1205
52.2528 -16.1388
52.2525 -16.157
52.2521 -16.1753
52.2518 -16.1935
52.2515 -16.2118
52.2512 -16.23
52.2509 -16.2483
52.2506 -16.2665
52.2502 -16.2848
52.2499 -16.3031
52.2496 -16.3213
52.2493 -16.3396
52.249 -16.3578
52.2487 -16.3761
52.2483 -16.3943
52.248 -16.4126
52.2477 -16.4308
52.2474 -16.4491
52.2471 -16.4673
52.2468 -16.4856
52.2464 -16.5038
52.2461 -16.5221
52.2458 -16.5403
52.2455 -16.5586
52.2452 -16.5769
52.2449 -16.5951
52.2445 -16.6134
52.2442 -16.6316
52.2439 -16.6499
52.2436 -16.6681
52.2433 -16.6864
52.243 -16.7046
52.2427 -16.7229
52.2423 -16.7411
52.242 -16.7594
52.2417 -16.7776
52.2414 -16.7959
52.2411 -16.8141
52.2408 -16.8324
52.2404 -16.8507
52.2401 -16.8689
52.2398 -16.8872
52.2395 -16.9054
52.2392 -16.9237
52.2389 -16.9419
52.2386 -16.9602
52.2382 -16.9784
52.2379 -16.9967
52.2376 -17.0149
52.2373 -17.0332
52.237 -17.0514
52.2367 -17.0697
52.2364 -17.0879
52.236 -17.1062
52.2357 -17.1245
52.2354 -17.1427
52.2351 -17.161
52.2348 -17.1792
52.2345 -17.1975
52.2342 -17.2157
52.2338 -17.234
52.2335 -17.2522
52.2332 -17.2705
52.2329 -17.2887
52.2326 -17.307
52.2323 -17.3252
52.232 -17.3435
52.2317 -17.3617
52.2313 -17.38
52.231 -17.3982
52.2307 -17.4165
52.2304 -17.4348
52.2301 -17.453
52.2298 -17.4713
52.2295 -17.4895
52.2291 -17.5078
52.2288 -17.526
52.2285 -17.5443
52.2282 -17.5625
52.2279 -17.5808
52.2276 -17.599
52.2273 -17.6173
52.227 -17.6355
52.2266 -17.6538
52.2263 -17.672
52.226 -17.6903
52.2257 -17.7086
52.2254 -17.7268
52.2251 -17.7451
52.2248 -17.7633
52.2245 -17.7816
52.2241 -17.7998
52.2238 -17.8181
52.2235 -17.8363
52.2232 -17.8546
52.2229 -17.8728
52.2226 -17.8911
52.2223 -17.9093
52.222 -17.9276
52.2217 -17.9458
52.2213 -17.9641
52.221 -17.9823
52.2207 -18.0006
52.2204 -18.0189
52.2201 -18.0371
52.2198 -18.0554
52.2195 -18.0736
52.2192 -18.0919
52.2189 -18.1101
52.2185 -18.1284
52.2182 -18.1466
52.2179 -18.1649
52.2176 -18.1831
52.2173 -18.2014
52.217 -18.2196
52.2167 -18.2379
52.2164 -18.2561
52.2161 -18.2744
52.2158 -18.2926
52.2154 -18.3109
52.2151 -18.3291
52.2148 -18.3474
52.2145 -18.3657
52.2142 -18.3839
52.2139 -18.4022
52.2136 -18.4204
52.2133 -18.4387
52.213 -18.4569
52.2127 -18.4752
52.2123 -18.4934
52.212 -18.5117
52.2117 -18.5299
52.2114 -18.5482
52.2111 -18.5664
52.2108 -18.5847
52.2105 -18.6029
52.2102 -18.6212
52.2099 -18.6394
52.2096 -18.6577
52.2092 -18.676
52.2089 -18.6942
52.2086 -18.7125
52.2083 -18.7307
52.208 -18.749
52.2077 -18.7672
52.2074 -18.7855
52.2071 -18.8037
52.2068 -18.822
52.2065 -18.8402
52.2062 -18.8585
52.2059 -18.8767
52.2055 -18.895
52.2052 -18.9132
52.2049 -18.9315
52.2046 -18.9497
52.2043 -18.968
52.204 -18.9862
52.2037 -19.0045
52.2034 -19.0228
52.2031 -19.041
52.2028 -19.0593
52.2025 -19.0775
52.2022 -19.0958
52.2018 -19.114
52.2015 -19.1323
52.2012 -19.1505
52.2009 -19.1688
52.2006 -19.187
52.2003 -19.2053
52.2 -19.2235
52.1997 -19.2418
52.1994 -19.26
52.1991 -19.2783
52.1988 -19.2965
52.1985 -19.3148
52.1982 -19.333
52.1979 -19.3513
52.1975 -19.3696
52.1972 -19.3878
52.1969 -19.4061
52.1966 -19.4243
52.1963 -19.4426
52.196 -19.4608
52.1957 -19.4791
52.1954 -19.4973
52.1951 -19.5156
52.1948 -19.5338
52.1945 -19.5521
52.1942 -19.5703
52.1939 -19.5886
52.1936 -19.6068
52.1933 -19.6251
52.193 -19.6433
52.1926 -19.6616
52.1923 -19.6798
52.192 -19.6981
52.1917 -19.7164
52.1914 -19.7346
52.1911 -19.7529
52.1908 -19.7711
52.1905 -19.7894
52.1902 -19.8076
52.1899 -19.8259
52.1896 -19.8441
52.1893 -19.8624
52.189 -19.8806
52.1887 -19.8989
52.1884 -19.9171
52.1881 -19.9354
52.1878 -19.9536
52.1875 -19.9719
52.1872 -19.9901
52.1868 -20.0084
52.1865 -20.0266
52.1862 -20.0449
52.1859 -20.0631
52.1856 -20.0814
52.1853 -20.0997
52.185 -20.1179
52.1847 -20.1362
52.1844 -20.1544
52.1841 -20.1727
52.1838 -20.1909
52.1835 -20.2092
52.1832 -20.2274
52.1829 -20.2457
52.1826 -20.2639
52.1823 -20.2822
52.182 -20.3004
52.1817 -20.3187
52.1814 -20.3369
52.1811 -20.3552
52.1808 -20.3734
52.1805 -20.3917
52.1802 -20.4099
52.1799 -20.4282
52.1796 -20.4464
52.1793 -20.4647
52.1789 -20.483
52.1786 -20.5012
52.1783 -20.5195
52.178 -20.5377
52.1777 -20.556
52.1774 -20.5742
52.1771 -20.5925
52.1768 -20.6107
52.1765 -20.629
52.1762 -20.6472
52.1759 -20.6655
52.1756 -20.6837
52.1753 -20.702
52.175 -20.7202
52.1747 -20.7385
52.1744 -20.7567
52.1741 -20.775
52.1738 -20.7932
52.1735 -20.8115
52.1732 -20.8297
52.1729 -20.848
52.1726 -20.8663
52.1723 -20.8845
52.172 -20.9028
52.1717 -20.921
52.1714 -20.9393
52.1711 -20.9575
52.1708 -20.9758
52.1705 -20.994
52.1702 -21.0123
52.1699 -21.0305
52.1696 -21.0488
52.1693 -21.067
52.169 -21.0853
52.1687 -21.1035
52.1684 -21.1218
52.1681 -21.14
52.1678 -21.1583
52.1675 -21.1765
52.1672 -21.1948
52.1669 -21.213
52.1666 -21.2313
52.1663 -21.2496
52.166 -21.2678
52.1657 -21.2861
52.1654 -21.3043
52.1651 -21.3226
52.1648 -21.3408
52.1645 -21.3591
52.1642 -21.3773
52.1639 -21.3956
52.1636 -21.4138
52.1633 -21.4321
52.163 -21.4503
52.1627 -21.4686
52.1624 -21.4868
52.1621 -21.5051
52.1618 -21.5233
52.1615 -21.5416
52.1612 -21.5598
52.1609 -21.5781
52.1606 -21.5963
52.1603 -21.6146
52.16 -21.6328
52.1597 -21.6511
52.1594 -21.6694
52.1591 -21.6876
52.1588 -21.7059
52.1585 -21.7241
52.1582 -21.7424
52.1579 -21.7606
52.1576 -21.7789
52.1573 -21.7971
52.157 -21.8154
52.1567 -21.8336
52.1564 -21.8519
52.1561 -21.8701
52.1558 -21.8884
52.1555 -21.9066
52.1552 -21.9249
52.1549 -21.9431
52.1546 -21.9614
52.1543 -21.9796
52.154 -21.9979
52.1537 -22.0161
52.1534 -22.0344
52.1531 -22.0526
52.1528 -22.0709
52.1525 -22.0892
52.1522 -22.1074
52.1519 -22.1257
52.1516 -22.1439
52.1513 -22.1622
52.151 -22.1804
52.1507 -22.1987
52.1504 -22.2169
52.1501 -22.2352
52.1498 -22.2534
52.1495 -22.2717
52.1492 -22.2899
52.1489 -22.3082
52.1486 -22.3264
52.1483 -22.3447
52.148 -22.3629
52.1477 -22.3812
52.1474 -22.3994
52.1472 -22.4177
52.1469 -22.4359
52.1466 -22.4542
52.1463 -22.4724
52.146 -22.4907
52.1457 -22.509
52.1454 -22.5272
52.1451 -22.5455
52.1448 -22.5637
52.1445 -22.582
52.1442 -22.6002
52.1439 -22.6185
52.1436 -22.6367
52.1433 -22.655
52.143 -22.6732
52.1427 -22.6915
52.1424 -22.7097
52.1421 -22.728
52.1418 -22.7462
52.1415 -22.7645
52.1412 -22.7827
52.1409 -22.801
52.1406 -22.8192
52.1403 -22.8375
52.14 -22.8557
52.1397 -22.874
52.1395 -22.8922
52.1392 -22.9105
52.1389 -22.9288
52.1386 -22.947
52.1383 -22.9653
52.138 -22.9835
52.1377 -23.0018
52.1374 -23.02
52.1371 -23.0383
52.1368 -23.0565
52.1365 -23.0748
52.1362 -23.093
52.1359 -23.1113
52.1356 -23.1295
52.1353 -23.1478
52.135 -23.166
52.1347 -23.1843
52.1344 -23.2025
52.1341 -23.2208
52.1339 -23.239
52.1336 -23.2573
52.1333 -23.2755
52.133 -23.2938
52.1327 -23.312
52.1324 -23.3303
52.1321 -23.3485
52.1318 -23.3668
52.1315 -23.3851
52.1312 -23.4033
52.1309 -23.4216
52.1306 -23.4398
52.1303 -23.4581
52.13 -23.4763
52.1297 -23.4946
52.1294 -23.5128
52.1292 -23.5311
52.1289 -23.5493
52.1286 -23.5676
52.1283 -23.5858
52.128 -23.6041
52.1277 -23.6223
52.1274 -23.6406
52.1271 -23.651
52.1269 -23.6597
52.1266 -23.6685
52.1264 -23.6772
52.1261 -23.6859
52.1259 -23.6947
52.1256 -23.7034
52.1254 -23.7122
52.1251 -23.7209
52.1249 -23.7296
52.1246 -23.7384
52.1244 -23.7471
52.1241 -23.7559
52.1239 -23.7646
52.1236 -23.7733
52.1234 -23.7821
52.1231 -23.7908
52.1229 -23.7996
52.1226 -23.8083
52.1224 -23.817
52.1221 -23.8258
52.1219 -23.8345
52.1216 -23.8432
52.1214 -23.852
52.1211 -23.8607
52.1209 -23.8695
52.1206 -23.8782
52.1204 -23.8869
52.1201 -23.8957
52.1199 -23.9044
52.1196 -23.9132
52.1194 -23.9219
52.1191 -23.9306
52.1189 -23.9394
52.1186 -23.9481
52.1184 -23.9569
52.1181 -23.9656
52.1179 -23.9743
52.1176 -23.9831
52.1174 -23.9917
52.1172 -23.9901
52.117 -23.9885
52.1168 -23.987
52.1166 -23.9854
52.1164 -23.9838
52.1163 -23.9822
52.1161 -23.9806
52.1159 -23.979
52.1157 -23.9775
52.1155 -23.9759
52.1153 -23.9743
52.1152 -23.9727
52.115 -23.9711
52.1148 -23.9695
52.1146 -23.968
52.1144 -23.9664
52.1142 -23.9648
52.1141 -23.9632
52.1139 -23.9616
52.1137 -23.96
52.1135 -23.9585
52.1133 -23.9569
52.1132 -23.9553
52.113 -23.9537
52.1128 -23.9521
52.1126 -23.9505
52.1124 -23.949
52.1122 -23.9474
52.1121 -23.9458
52.1119 -23.9442
52.1117 -23.9426
52.1115 -23.941
52.1113 -23.9395
52.1112 -23.9379
52.111 -23.9363
52.1108 -23.9347
52.1106 -23.9331
52.1104 -23.9315
52.1103 -23.93
52.1101 -23.9284
52.1099 -23.9268
52.1097 -23.9252
52.1095 -23.9236
52.1093 -23.922
52.1092 -23.9205
52.109 -23.9189
52.1088 -23.9173
52.1086 -23.9157
52.1084 -23.9141
52.1083 -23.9126
52.1081 -23.911
52.1079 -23.9094
52.1077 -23.9078
52.1075 -23.9062
52.1074 -23.9046
52.1072 -23.9001
52.1071 -23.8945
52.107 -23.8889
52.107 -23.8833
52.1069 -23.8777
52.1068 -23.8721
52.1067 -23.8664
52.1066 -23.8608
52.1065 -23.8552
52.1064 -23.8496
52.1063 -23.844
52.1062 -23.8384
52.1061 -23.8327
52.106 -23.8271
52.1059 -23.8215
52.1058 -23.8159
52.1057 -23.8103
52.1056 -23.8047
52.1055 -23.799
52.1054 -23.7934
52.1053 -23.7878
52.1052 -23.7822
52.1051 -23.7766
52.105 -23.7709
52.1049 -23.7653
52.1048 -23.7597
52.1048 -23.7541
52.1047 -23.7485
52.1046 -23.7429
52.1045 -23.7372
52.1044 -23.7316
52.1043 -23.726
52.1042 -23.7204
52.1041 -23.7148
52.104 -23.7092
52.1039 -23.7035
52.1038 -23.6979
52.1037 -23.6923
52.1036 -23.6867
52.1035 -23.6811
52.1034 -23.6755
52.1033 -23.6698
52.1032 -23.6642
52.1031 -23.6586
52.103 -23.653
52.103 -23.6474
52.1029 -23.6445
52.1029 -23.6417
52.1029 -23.6389
52.1029 -23.6361
52.1028 -23.6333
52.1028 -23.6305
52.1028 -23.6277
52.1028 -23.6249
52.1027 -23.6221
52.1027 -23.6193
52.1027 -23.6165
52.1027 -23.6138
52.1026 -23.611
52.1026 -23.6082
52.1026 -23.6054
52.1026 -23.6026
52.1026 -23.5998
52.1025 -23.597
52.1025 -23.5942
52.1025 -23.5914
52.1025 -23.5886
52.1024 -23.5859
52.1024 -23.5831
52.1024 -23.5803
52.1024 -23.5775
52.1023 -23.5747
52.1023 -23.5719
52.1023 -23.5691
52.1023 -23.5663
52.1023 -23.5635
52.1022 -23.5607
52.1022 -23.5602
52.1022 -23.5602
52.1022 -23.5601
52.1023 -23.5601
52.1023 -23.5601
52.1023 -23.5601
52.1023 -23.5601
52.1023 -23.5601
52.1023 -23.5601
52.1023 -23.5601
52.1023 -23.56
52.1023 -23.56
52.1023 -23.56
52.1023 -23.56
52.1023 -23.56
52.1023 -23.56
52.1023 -23.56
52.1023 -23.56
52.1023 -23.5599
52.1024 -23.5599
52.1024 -23.5599
52.1024 -23.5599
52.1024 -23.5599
52.1024 -23.5599
52.1024 -23.5599
52.1024 -23.5599
52.1024 -23.5599
52.1024 -23.5598
52.1024 -23.5598
52.1024 -23.5598
52.1024 -23.5598
52.1024 -23.5598
52.1024 -23.5598
52.1025 -23.5598
52.1025 -23.5598
52.1025 -23.5597
52.1025 -23.5597
52.1025 -23.5597
52.1025 -23.5597
52.1025 -23.5597
52.1025 -23.5597
52.1025 -23.5597
52.1025 -23.5597
52.1025 -23.5596
52.1025 -23.5596
52.1025 -23.5596
52.1026 -23.5596
52.1026 -23.5596
52.1026 -23.5596
52.1026 -23.5596
52.1026 -23.5596
52.1026 -23.5595
52.1026 -23.5595
52.1026 -23.5595
52.1026 -23.5595
52.1026 -23.5595
52.1026 -23.5595
52.1027 -23.5595
52.1027 -23.5595
52.1027 -23.5594
52.1027 -23.5594
52.1027 -23.5594
52.1027 -23.5594
52.1027 -23.5594
52.1027 -23.5594
52.1027 -23.5594
52.1027 -23.5594
52.1027 -23.5594
52.1028 -23.5593
52.1028 -23.5593
52.1028 -23.5593
52.1028 -23.5593
52.1028 -23.5593
52.1028 -23.5593
52.1028 -23.5593
52.1028 -23.5593
52.1028 -23.5592
52.1028 -23.5592
52.1029 -23.5592
52.1029 -23.5592
52.1029 -23.5592
52.1029 -23.5592
52.1029 -23.5592
52.1029 -23.5592
52.1029 -23.5591
52.1029 -23.5591
52.1029 -23.5591
52.1029 -23.5591
52.103 -23.5591
52.103 -23.5591
52.103 -23.5591
52.103 -23.5591
52.103 -23.559
52.103 -23.559
52.103 -23.559
52.103 -23.559
52.103 -23.559
52.1031 -23.559
52.1031 -23.559
52.1031 -23.559
52.1031 -23.559
52.1031 -23.5589
52.1031 -23.5589
52.1031 -23.5589
52.1031 -23.5589
52.1031 -23.5589
52.1032 -23.5589
52.1032 -23.5589
52.1032 -23.5589
52.1032 -23.5588
52.1032 -23.5588
52.1032 -23.5588
52.1032 -23.5588
52.1032 -23.5588
52.1033 -23.5588
52.1033 -23.5588
52.1033 -23.5588
52.1033 -23.5587
52.1033 -23.5587
52.1033 -23.5587
52.1033 -23.5587
52.1033 -23.5587
52.1034 -23.5587
52.1034 -23.5587
52.1034 -23.5587
52.1034 -23.5587
52.1034 -23.5586
52.1034 -23.5586
52.1034 -23.5586
52.1034 -23.5586
52.1035 -23.5586
52.1035 -23.5586
52.1035 -23.5586
52.1035 -23.5586
52.1035 -23.5585
52.1035 -23.5585
52.1035 -23.5585
52.1036 -23.5585
52.1036 -23.5585
52.1036 -23.5585
52.1036 -23.5585
52.1036 -23.5585
52.1036 -23.5584
52.1036 -23.5584
52.1037 -23.5584
52.1037 -23.5584
52.1037 -23.5584
52.1037 -23.5584
52.1037 -23.5584
52.1037 -23.5584
52.1037 -23.5584
52.1038 -23.5583
52.1038 -23.5583
52.1038 -23.5583
52.1038 -23.5583
52.1038 -23.5583
52.1038 -23.5583
52.1038 -23.5583
52.1039 -23.5583
52.1039 -23.5582
52.1039 -23.5582
52.1039 -23.5582
52.1039 -23.5582
52.1039 -23.5582
52.1039 -23.5582
52.104 -23.5582
52.104 -23.5582
52.104 -23.5581
52.104 -23.5581
52.104 -23.5581
52.104 -23.5581
52.1041 -23.5581
52.1041 -23.5581
52.1041 -23.5581
52.1041 -23.5581
52.1041 -23.5581
52.1041 -23.558
52.1041 -23.558
52.1042 -23.558
52.1042 -23.558
52.1042 -23.558
52.1042 -23.558
52.1042 -23.558
52.1042 -23.558
52.1043 -23.5579
52.1043 -23.5579
52.1043 -23.5579
52.1043 -23.5579
52.1043 -23.5579
52.1043 -23.5579
52.1044 -23.5579
52.1044 -23.5579
52.1044 -23.5578
52.1044 -23.5578
52.1044 -23.5578
52.1044 -23.5578
52.1045 -23.5578
52.1045 -23.5578
52.1045 -23.5578
52.1045 -23.5578
52.1045 -23.5578
52.1045 -23.5577
52.1046 -23.5577
52.1046 -23.5577
52.1046 -23.5577
52.1046 -23.5577
52.1046 -23.5577
52.1047 -23.5577
52.1047 -23.5577
52.1047 -23.5576
52.1047 -23.5576
52.1047 -23.5576
52.1047 -23.5576
52.1048 -23.5576
52.1048 -23.5576
52.1048 -23.5576
52.1048 -23.5576
52.1048 -23.5576
52.1049 -23.5575
52.1049 -23.5575
52.1049 -23.5575
52.1049 -23.5575
52.1049 -23.5575
52.1049 -23.5575
52.105 -23.5575
52.105 -23.5575
52.105 -23.5574
52.105 -23.5574
52.105 -23.5574
52.1051 -23.5574
52.1051 -23.5574
52.1051 -23.5574
52.1051 -23.5574
52.1051 -23.5574
52.1052 -23.5573
52.1052 -23.5573
52.1052 -23.5573
52.1052 -23.5573
52.1052 -23.5573
52.1053 -23.5573
52.1053 -23.5573
52.1053 -23.5573
52.1053 -23.5573
52.1053 -23.5572
52.1054 -23.5572
52.1054 -23.5572
52.1054 -23.5572
52.1054 -23.5572
52.1054 -23.5572
52.1055 -23.5572
52.1055 -23.5572
52.1055 -23.5571
52.1055 -23.5571
52.1055 -23.5571
52.1056 -23.5571
52.1056 -23.5571
52.1056 -23.5571
52.1056 -23.5571
52.1056 -23.5571
52.1057 -23.5571
52.1057 -23.557
52.1057 -23.557
52.1057 -23.557
52.1057 -23.557
52.1058 -23.557
52.1058 -23.557
52.1058 -23.557
52.1058 -23.557
52.1058 -23.5569
52.1059 -23.5569
52.1059 -23.5569
52.1059 -23.5569
52.1059 -23.5569
52.106 -23.5569
52.106 -23.5569
52.106 -23.5569
52.106 -23.5569
52.106 -23.5568
52.1061 -23.5568
52.1061 -23.5568
52.1061 -23.5568
52.1061 -23.5568
52.1062 -23.5568
52.1062 -23.5568
52.1062 -23.5568
52.1062 -23.5567
52.1062 -23.5567
52.1063 -23.5567
52.1063 -23.5567
52.1063 -23.5567
52.1063 -23.5567
52.1064 -23.5567
52.1064 -23.5567
52.1064 -23.5567
52.1064 -23.5566
52.1064 -23.5566
52.1065 -23.5566
52.1065 -23.5566
52.1065 -23.5566
52.1065 -23.5566
52.1066 -23.5566
52.1066 -23.5566
52.1066 -23.5565
52.1066 -23.5565
52.1067 -23.5565
52.1067 -23.5565
52.1067 -23.5565
52.1067 -23.5565
52.1068 -23.5565
52.1068 -23.5565
52.1068 -23.5565
52.1068 -23.5564
52.1068 -23.5564
52.1069 -23.5564
52.1069 -23.5564
52.1069 -23.5564
52.1069 -23.5564
52.107 -23.5564
52.107 -23.5564
52.107 -23.5563
52.107 -23.5563
52.1071 -23.5563
52.1071 -23.5563
52.1071 -23.5563
52.1071 -23.5563
52.1072 -23.5563
52.1072 -23.5563
52.1072 -23.5563
52.1072 -23.5562
52.1073 -23.5562
52.1073 -23.5562
52.1073 -23.5562
52.1073 -23.5562
52.1074 -23.5562
52.1074 -23.5562
52.1074 -23.5562
52.1074 -23.5561
52.1075 -23.5561
52.1075 -23.5561
52.1075 -23.5561
52.1075 -23.5561
52.1076 -23.5561
52.1076 -23.5561
52.1076 -23.5561
52.1076 -23.5561
52.1077 -23.556
52.1077 -23.556
52.1077 -23.556
52.1077 -23.556
52.1078 -23.556
52.1078 -23.556
52.1078 -23.556
52.1079 -23.556
52.1079 -23.556
52.1079 -23.5559
52.1079 -23.5559
52.108 -23.5559
52.108 -23.5559
52.108 -23.5559
52.108 -23.5559
52.1081 -23.5559
52.1081 -23.5559
52.1081 -23.5558
52.1081 -23.5558
52.1082 -23.5558
52.1082 -23.5558
52.1082 -23.5558
52.1083 -23.5558
52.1083 -23.5558
52.1083 -23.5558
52.1083 -23.5558
52.1084 -23.5557
52.1084 -23.5557
52.1084 -23.5557
52.1084 -23.5557
52.1085 -23.5557
52.1085 -23.5557
52.1085 -23.5557
52.1086 -23.5557
52.1086 -23.5556
52.1086 -23.5556
52.1086 -23.5556
52.1087 -23.5556
52.1087 -23.5556
52.1087 -23.5556
52.1088 -23.5556
52.1088 -23.5556
52.1088 -23.5556
52.1088 -23.5555
52.1089 -23.5555
52.1089 -23.5555
52.1089 -23.5555
52.109 -23.5555
52.109 -23.5555
52.109 -23.5555
52.109 -23.5555
52.1091 -23.5555
52.1091 -23.5554
52.1091 -23.5554
52.1092 -23.5554
52.1092 -23.5554
52.1092 -23.5554
52.1092 -23.5554
52.1093 -23.5554
52.1093 -23.5554
52.1093 -23.5553
52.1094 -23.5553
52.1094 -23.5553
52.1094 -23.5553
52.1095 -23.5553
52.1095 -23.5553
52.1095 -23.5553
52.1095 -23.5553
52.1096 -23.5553
52.1096 -23.5552
52.1096 -23.5552
52.1097 -23.5552
52.1097 -23.5552
52.1097 -23.5552
52.1098 -23.5552
52.1098 -23.5552
52.1098 -23.5552
52.1098 -23.5552
52.1099 -23.5551
52.1099 -23.5551
52.1099 -23.5551
52.11 -23.5551
52.11 -23.5551
52.11 -23.5551
52.1101 -23.5551
52.1101 -23.5551
52.1101 -23.555
52.1102 -23.555
52.1102 -23.555
52.1102 -23.555
52.1102 -23.555
52.1103 -23.555
52.1103 -23.555
52.1103 -23.555
52.1104 -23.555
52.1104 -23.5549
52.1104 -23.5549
52.1105 -23.5549
52.1105 -23.5549
52.1105 -23.5549
52.1106 -23.5549
52.1106 -23.5549
52.1106 -23.5549
52.1107 -23.5549
52.1107 -23.5548
52.1107 -23.5548
52.1108 -23.5548
52.1108 -23.5548
52.1108 -23.5548
52.1108 -23.5548
52.1109 -23.5548
52.1109 -23.5548
52.1109 -23.5547
52.111 -23.5547
52.111 -23.5547
52.111 -23.5547
52.1111 -23.5547
52.1111 -23.5547
52.1111 -23.5547
52.1112 -23.5547
52.1112 -23.5547
52.1112 -23.5546
52.1113 -23.5546
52.1113 -23.5546
52.1113 -23.5546
52.1114 -23.5546
52.1114 -23.5546
52.1114 -23.5546
52.1115 -23.5546
52.1115 -23.5546
52.1115 -23.5545
52.1116 -23.5545
52.1116 -23.5545
52.1116 -23.5545
52.1117 -23.5545
52.1117 -23.5545
52.1117 -23.5545
52.1118 -23.5545
52.1118 -23.5545
52.1118 -23.5544
52.1119 -23.5544
52.1119 -23.5544
52.1119 -23.5544
52.112 -23.5544
52.112 -23.5544
52.1121 -23.5544
52.1121 -23.5544
52.1121 -23.5543
52.1122 -23.5543
52.1122 -23.5543
52.1122 -23.5543
52.1123 -23.5543
52.1123 -23.5543
52.1123 -23.5543
52.1124 -23.5543
52.1124 -23.5543
52.1124 -23.5542
52.1125 -23.5542
52.1125 -23.5542
52.1125 -23.5542
52.1126 -23.5542
52.1126 -23.5542
52.1126 -23.5542
52.1127 -23.5542
52.1127 -23.5542
52.1128 -23.5541
52.1128 -23.5541
52.1128 -23.5541
52.1129 -23.5541
52.1129 -23.5541
52.1129 -23.5541
52.113 -23.5541
52.113 -23.5541
52.113 -23.5541
52.1131 -23.554
52.1131 -23.554
52.1131 -23.554
52.1132 -23.554
52.1132 -23.554
52.1133 -23.554
52.1133 -23.554
52.1133 -23.554
52.1134 -23.5539
52.1134 -23.5539
52.1134 -23.5539
52.1135 -23.5539
52.1135 -23.5539
52.1136 -23.5539
52.1136 -23.5539
52.1136 -23.5539
52.1137 -23.5539
52.1137 -23.5538
52.1137 -23.5538
52.1138 -23.5538
52.1138 -23.5538
52.1139 -23.5538
52.1139 -23.5538
52.1139 -23.5538
52.114 -23.5538
52.114 -23.5538
52.114 -23.5537
52.1141 -23.5537
52.1141 -23.5537
52.1142 -23.5537
52.1142 -23.5537
52.1142 -23.5537
52.1143 -23.5537
52.1143 -23.5537
52.1143 -23.5537
52.1144 -23.5536
52.1144 -23.5536
52.1145 -23.5536
52.1145 -23.5536
52.1145 -23.5536
52.1146 -23.5536
52.1146 -23.5536
52.1146 -23.5536
52.1147 -23.5536
52.1147 -23.5535
52.1148 -23.5535
52.1148 -23.5535
52.1148 -23.5535
52.1149 -23.5535
52.1149 -23.5535
52.115 -23.5535
52.115 -23.5535
52.115 -23.5535
52.1151 -23.5534
52.1151 -23.5534
52.1152 -23.5534
52.1152 -23.5534
52.1152 -23.5534
52.1153 -23.5534
52.1153 -23.5534
52.1154 -23.5534
52.1154 -23.5533
52.1154 -23.5533
52.1155 -23.5533
52.1155 -23.5533
52.1156 -23.5533
52.1156 -23.5533
52.1156 -23.5533
52.1157 -23.5533
52.1157 -23.5533
52.1158 -23.5532
52.1158 -23.5532
52.1158 -23.5532
52.1159 -23.5532
52.1159 -23.5532
52.116 -23.5532
52.116 -23.5532
52.116 -23.5532
52.1161 -23.5532
52.1161 -23.5531
52.1162 -23.5531
52.1162 -23.5531
52.1162 -23.5531
52.1163 -23.5531
52.1163 -23.5531
52.1164 -23.5531
52.1164 -23.5531
52.1165 -23.5531
52.1165 -23.553
52.1165 -23.553
52.1166 -23.553
52.1166 -23.553
52.1167 -23.553
52.1167 -23.553
52.1167 -23.553
52.1168 -23.553
52.1168 -23.553
52.1169 -23.5529
52.1169 -23.5529
52.117 -23.5529
52.117 -23.5529
52.117 -23.5529
52.1171 -23.5529
52.1171 -23.5529
52.1172 -23.5529
52.1172 -23.5529
52.1172 -23.5528
52.1173 -23.5528
52.1173 -23.5528
52.1174 -23.5528
52.1174 -23.5528
52.1175 -23.5528
52.1175 -23.5528
52.1175 -23.5528
52.1176 -23.5528
52.1176 -23.5527
52.1177 -23.5527
52.1177 -23.5527
52.1178 -23.5527
52.1178 -23.5527
52.1178 -23.5527
52.1179 -23.5527
52.1179 -23.5527
52.118 -23.5527
52.118 -23.5526
52.1181 -23.5526
52.1181 -23.5526
52.1182 -23.5526
52.1182 -23.5526
52.1182 -23.5526
52.1183 -23.5526
52.1183 -23.5526
52.1184 -23.5526
52.1184 -23.5525
52.1185 -23.5525
52.1185 -23.5525
52.1185 -23.5525
52.1186 -23.5525
52.1186 -23.5525
52.1187 -23.5525
52.1187 -23.5525
52.1188 -23.5525
52.1188 -23.5524
52.1189 -23.5524
52.1189 -23.5524
52.1189 -23.5524
52.119 -23.5524
52.119 -23.5524
52.1191 -23.5524
52.1191 -23.5524
52.1192 -23.5524
52.1192 -23.5523
52.1193 -23.5523
52.1193 -23.5523
52.1194 -23.5523
52.1194 -23.5523
52.1194 -23.5523
52.1195 -23.5523
52.1195 -23.5523
52.1196 -23.5523
52.1196 -23.5522
52.1197 -23.5522
52.1197 -23.5522
52.1198 -23.5522
52.1198 -23.5522
52.1199 -23.5522
52.1199 -23.5522
52.1199 -23.5522
52.12 -23.5522
52.12 -23.5521
52.1201 -23.5521
52.1201 -23.5521
52.1202 -23.5521
52.1202 -23.5521
52.1203 -23.5521
52.1203 -23.5521
52.1204 -23.5521
52.1204 -23.5521
52.1205 -23.552
52.1205 -23.552
52.1206 -23.552
52.1206 -23.552
52.1206 -23.552
52.1207 -23.552
52.1207 -23.552
52.1208 -23.552
52.1208 -23.552
52.1209 -23.5519
52.1209 -23.5519
52.121 -23.5519
52.121 -23.5519
52.1211 -23.5519
52.1211 -23.5519
52.1212 -23.5519
52.1212 -23.5519
52.1213 -23.5519
52.1213 -23.5518
52.1214 -23.5518
52.1214 -23.5518
52.1215 -23.5518
52.1215 -23.5518
52.1215 -23.5518
52.1216 -23.5518
52.1216 -23.5518
52.1217 -23.5518
52.1217 -23.5517
52.1218 -23.5517
52.1218 -23.5517
52.1219 -23.5517
52.1219 -23.5517
52.122 -23.5517
52.122 -23.5517
52.1221 -23.5517
52.1221 -23.5517
52.1222 -23.5516
52.1222 -23.5516
52.1223 -23.5516
52.1223 -23.5516
52.1224 -23.5516
52.1224 -23.5516
52.1225 -23.5516
52.1225 -23.5516
52.1226 -23.5516
52.1226 -23.5515
52.1227 -23.5515
52.1227 -23.5515
52.1228 -23.5515
52.1228 -23.5515
52.1229 -23.5515
52.1229 -23.5515
52.123 -23.5515
52.123 -23.5515
52.1231 -23.5514
52.1231 -23.5514
52.1232 -23.5514
52.1232 -23.5514
52.1233 -23.5514
52.1233 -23.5514
52.1234 -23.5514
52.1234 -23.5514
52.1235 -23.5514
52.1235 -23.5513
52.1236 -23.5513
52.1236 -23.5513
52.1237 -23.5513
52.1237 -23.5513
52.1238 -23.5513
52.1238 -23.5513
52.1239 -23.5513
52.1239 -23.5513
52.124 -23.5512
52.124 -23.5512
52.1241 -23.5512
52.1241 -23.5512
52.1242 -23.5512
52.1242 -23.5512
52.1243 -23.5512
52.1243 -23.5512
52.1244 -23.5512
52.1244 -23.5511
52.1245 -23.5511
52.1245 -23.5511
52.1246 -23.5511
52.1246 -23.5511
52.1247 -23.5511
52.1247 -23.5511
52.1248 -23.5511
52.1248 -23.5511
52.1249 -23.5511
52.125 -23.551
52.125 -23.551
52.1251 -23.551
52.1251 -23.551
52.1252 -23.551
52.1252 -23.551
52.1253 -23.551
52.1253 -23.551
52.1254 -23.551
52.1254 -23.5509
52.1255 -23.5509
52.1255 -23.5509
52.1256 -23.5509
52.1256 -23.5509
52.1257 -23.5509
52.1257 -23.5509
52.1258 -23.5509
52.1258 -23.5509
52.1259 -23.5508
52.126 -23.5508
52.126 -23.5508
52.1261 -23.5508
52.1261 -23.5508
52.1262 -23.5508
52.1262 -23.5508
52.1263 -23.5508
52.1263 -23.5508
52.1264 -23.5507
52.1264 -23.5507
52.1265 -23.5507
52.1265 -23.5507
52.1266 -23.5507
52.1267 -23.5507
52.1267 -23.5507
52.1268 -23.5507
52.1268 -23.5507
52.1269 -23.5506
52.1269 -23.5506
52.127 -23.5506
52.127 -23.5506
52.1271 -23.5506
52.1271 -23.5506
52.1272 -23.5506
52.1272 -23.5506
52.1273 -23.5506
52.1274 -23.5505
52.1274 -23.5505
52.1275 -23.5505
52.1275 -23.5505
52.1276 -23.5505
52.1276 -23.5505
52.1277 -23.5505
52.1277 -23.5505
52.1278 -23.5505
52.1279 -23.5505
52.1279 -23.5504
52.128 -23.5504
52.128 -23.5504
52.1281 -23.5504
52.1281 -23.5504
52.1282 -23.5504
52.1282 -23.5504
52.1283 -23.5504
52.1284 -23.5504
52.1284 -23.5503
52.1285 -23.5503
52.1285 -23.5503
52.1286 -23.5503
52.1286 -23.5503
52.1287 -23.5503
52.1287 -23.5503
52.1288 -23.5503
52.1289 -23.5503
52.1289 -23.5502
52.129 -23.5502
52.129 -23.5502
52.1291 -23.5502
52.1291 -23.5502
52.1292 -23.5502
52.1293 -23.5502
52.1293 -23.5502
52.1294 -23.5502
52.1294 -23.5501
52.1295 -23.5501
52.1295 -23.5501
52.1296 -23.5501
52.1297 -23.5501
52.1297 -23.5501
52.1298 -23.5501
52.1298 -23.5501
52.1299 -23.5501
52.1299 -23.5501
52.13 -23.55
52.1301 -23.55
52.1301 -23.55
52.1302 -23.55
52.1302 -23.55
52.1303 -23.55
52.1303 -23.55
52.1304 -23.55
52.1305 -23.55
52.1305 -23.5499
52.1306 -23.5499
52.1306 -23.5499
52.1307 -23.5499
52.1307 -23.5499
52.1308 -23.5499
52.1309 -23.5499
52.1309 -23.5499
52.131 -23.5499
52.131 -23.5498
52.1311 -23.5498
52.1312 -23.5498
52.1312 -23.5498
52.1313 -23.5498
52.1313 -23.5498
52.1314 -23.5498
52.1315 -23.5498
52.1315 -23.5498
52.1316 -23.5498
52.1316 -23.5497
52.1317 -23.5497
52.1317 -23.5497
52.1318 -23.5497
52.1319 -23.5497
52.1319 -23.5497
52.132 -23.5497
52.132 -23.5497
52.1321 -23.5497
52.1322 -23.5496
52.1322 -23.5496
52.1323 -23.5496
52.1323 -23.5496
52.1324 -23.5496
52.1325 -23.5496
52.1325 -23.5496
52.1326 -23.5496
52.1326 -23.5496
52.1327 -23.5495
52.1328 -23.5495
52.1328 -23.5495
52.1329 -23.5495
52.1329 -23.5495
52.133 -23.5495
52.1331 -23.5495
52.1331 -23.5495
52.1332 -23.5495
52.1332 -23.5495
52.1333 -23.5494
52.1334 -23.5494
52.1334 -23.5494
52.1335 -23.5494
52.1336 -23.5494
52.1336 -23.5494
52.1337 -23.5494
52.1337 -23.5494
52.1338 -23.5494
52.1339 -23.5493
52.1339 -23.5493
52.134 -23.5493
52.134 -23.5493
52.1341 -23.5493
52.1342 -23.5493
52.1342 -23.5493
52.1343 -23.5493
52.1344 -23.5493
52.1344 -23.5492
52.1345 -23.5492
52.1345 -23.5492
52.1346 -23.5492
52.1347 -23.5492
52.1347 -23.5492
52.1348 -23.5492
52.1348 -23.5492
52.1349 -23.5492
52.135 -23.5492
52.135 -23.5491
52.1351 -23.5491
52.1352 -23.5491
52.1352 -23.5491
52.1353 -23.5491
52.1354 -23.5491
52.1354 -23.5491
52.1355 -23.5491
52.1355 -23.5491
52.1356 -23.549
52.1357 -23.549
52.1357 -23.549
52.1358 -23.549
52.1359 -23.549
52.1359 -23.549
52.136 -23.549
52.136 -23.549
52.1361 -23.549
52.1362 -23.5489
52.1362 -23.5489
52.1363 -23.5489
52.1364 -23.5489
52.1364 -23.5489
52.1365 -23.5489
52.1366 -23.5489
52.1366 -23.5489
52.1367 -23.5489
52.1367 -23.5489
52.1368 -23.5488
52.1369 -23.5488
52.1369 -23.5488
52.137 -23.5488
52.1371 -23.5488
52.1371 -23.5488
52.1372 -23.5488
52.1373 -23.5488
52.1373 -23.5488
52.1374 -23.5487
52.1375 -23.5487
52.1375 -23.5487
52.1376 -23.5487
52.1376 -23.5487
52.1377 -23.5487
52.1378 -23.5487
52.1378 -23.5487
52.1379 -23.5487
52.138 -23.5487
52.138 -23.5486
52.1381 -23.5486
52.1382 -23.5486
52.1382 -23.5486
52.1383 -23.5486
52.1384 -23.5486
52.1384 -23.5486
52.1385 -23.5486
52.1386 -23.5486
52.1386 -23.5485
52.1387 -23.5485
52.1388 -23.5485
52.1388 -23.5485
52.1389 -23.5485
52.139 -23.5485
52.139 -23.5485
52.1391 -23.5485
52.1392 -23.5485
52.1392 -23.5485
52.1393 -23.5484
52.1394 -23.5484
52.1394 -23.5484
52.1395 -23.5484
52.1396 -23.5484
52.1396 -23.5484
52.1397 -23.5484
52.1398 -23.5484
52.1398 -23.5484
52.1399 -23.5483
52.14 -23.5483
52.14 -23.5483
52.1401 -23.5483
52.1402 -23.5483
52.1402 -23.5483
52.1403 -23.5483
52.1404 -23.5483
52.1404 -23.5483
52.1405 -23.5483
52.1406 -23.5482
52.1406 -23.5482
52.1407 -23.5482
52.1408 -23.5482
52.1408 -23.5482
52.1409 -23.5482
52.141 -23.5482
52.141 -23.5482
52.1411 -23.5482
52.1412 -23.5481
52.1412 -23.5481
52.1413 -23.5481
52.1414 -23.5481
52.1414 -23.5481
52.1415 -23.5481
52.1416 -23.5481
52.1417 -23.5481
52.1417 -23.5481
52.1418 -23.5481
52.1419 -23.548
52.1419 -23.548
52.142 -23.548
52.1421 -23.548
52.1421 -23.548
52.1422 -23.548
52.1423 -23.548
52.1423 -23.548
52.1424 -23.548
52.1425 -23.5479
52.1425 -23.5479
52.1426 -23.5479
52.1427 -23.5479
52.1428 -23.5479
52.1428 -23.5479
52.1429 -23.5479
52.143 -23.5479
52.143 -23.5479
52.1431 -23.5479
52.1432 -23.5478
52.1432 -23.5478
52.1433 -23.5478
52.1434 -23.5478
52.1435 -23.5478
52.1435 -23.5478
52.1436 -23.5478
52.1437 -23.5478
52.1437 -23.5478
52.1438 -23.5477
52.1439 -23.5477
52.1439 -23.5477
52.144 -23.5477
52.1441 -23.5477
52.1442 -23.5477
52.1442 -23.5477
52.1443 -23.5477
52.1444 -23.5477
52.1444 -23.5477
52.1445 -23.5476
52.1446 -23.5476
52.1447 -23.5476
52.1447 -23.5476
52.1448 -23.5476
52.1449 -23.5476
52.1449 -23.5476
52.145 -23.5476
52.1451 -23.5476
52.1451 -23.5476
52.1452 -23.5475
52.1453 -23.5475
52.1454 -23.5475
52.1454 -23.5475
52.1455 -23.5475
52.1456 -23.5475
52.1457 -23.5475
52.1457 -23.5475
52.1458 -23.5475
52.1459 -23.5474
52.1459 -23.5474
52.146 -23.5474
52.1461 -23.5474
52.1462 -23.5474
52.1462 -23.5474
52.1463 -23.5474
52.1464 -23.5474
52.1464 -23.5474
52.1465 -23.5474
52.1466 -23.5473
52.1467 -23.5473
52.1467 -23.5473
52.1468 -23.5473
52.1469 -23.5473
52.147 -23.5473
52.147 -23.5473
52.1471 -23.5473
52.1472 -23.5473
52.1472 -23.5473
52.1473 -23.5472
52.1474 -23.5472
52.1475 -23.5472
52.1475 -23.5472
52.1476 -23.5472
52.1477 -23.5472
52.1478 -23.5472
52.1478 -23.5472
52.1479 -23.5472
52.148 -23.5471
52.1481 -23.5471
52.1481 -23.5471
52.1482 -23.5471
52.1483 -23.5471
52.1483 -23.5471
52.1484 -23.5471
52.1485 -23.5471
52.1486 -23.5471
52.1486 -23.5471
52.1487 -23.547
52.1488 -23.547
52.1489 -23.547
52.1489 -23.547
52.149 -23.547
52.1491 -23.547
52.1492 -23.547
52.1492 -23.547
52.1493 -23.547
52.1494 -23.547
52.1495 -23.5469
52.1495 -23.5469
52.1496 -23.5469
52.1497 -23.5469
52.1498 -23.5469
52.1498 -23.5469
52.1499 -23.5469
52.15 -23.5469
52.1501 -23.5469
52.1501 -23.5468
52.1502 -23.5468
52.1503 -23.5468
52.1504 -23.5468
52.1504 -23.5468
52.1505 -23.5468
52.1506 -23.5468
52.1507 -23.5468
52.1507 -23.5468
52.1508 -23.5468
52.1509 -23.5467
52.151 -23.5467
52.1511 -23.5467
52.1511 -23.5467
52.1512 -23.5467
52.1513 -23.5467
52.1514 -23.5467
52.1514 -23.5467
52.1515 -23.5467
52.1516 -23.5467
52.1517 -23.5466
52.1517 -23.5466
52.1518 -23.5466
52.1519 -23.5466
52.152 -23.5466
52.152 -23.5466
52.1521 -23.5466
52.1522 -23.5466
52.1523 -23.5466
52.1524 -23.5465
52.1524 -23.5465
52.1525 -23.5465
52.1526 -23.5465
52.1527 -23.5465
52.1527 -23.5465
52.1528 -23.5465
52.1529 -23.5465
52.153 -23.5465
52.1531 -23.5465
52.1531 -23.5464
52.1532 -23.5464
52.1533 -23.5464
52.1534 -23.5464
52.1534 -23.5464
52.1535 -23.5464
52.1536 -23.5464
52.1537 -23.5464
52.1538 -23.5464
52.1538 -23.5464
52.1539 -23.5463
52.154 -23.5463
52.1541 -23.5463
52.1541 -23.5463
52.1542 -23.5463
52.1543 -23.5463
52.1544 -23.5463
52.1545 -23.5463
52.1545 -23.5463
52.1546 -23.5463
52.1547 -23.5462
52.1548 -23.5462
52.1549 -23.5462
52.1549 -23.5462
52.155 -23.5462
52.1551 -23.5462
52.1552 -23.5462
52.1553 -23.5462
52.1553 -23.5462
52.1554 -23.5462
52.1555 -23.5461
52.1556 -23.5461
52.1557 -23.5461
52.1557 -23.5461
52.1558 -23.5461
52.1559 -23.5461
52.156 -23.5461
52.156 -23.5461
52.1561 -23.5461
52.1562 -23.546
52.1563 -23.546
52.1564 -23.546
52.1564 -23.546
52.1565 -23.546
52.1566 -23.546
52.1567 -23.546
52.1568 -23.546
52.1569 -23.546
52.1569 -23.546
52.157 -23.5459
52.1571 -23.5459
52.1572 -23.5459
52.1573 -23.5459
52.1573 -23.5459
52.1574 -23.5459
52.1575 -23.5459
52.1576 -23.5459
52.1577 -23.5459
52.1577 -23.5459
52.1578 -23.5458
52.1579 -23.5458
52.158 -23.5458
52.1581 -23.5458
52.1581 -23.5458
52.1582 -23.5458
52.1583 -23.5458
52.1584 -23.5458
52.1585 -23.5458
52.1586 -23.5458
52.1586 -23.5457
52.1587 -23.5457
52.1588 -23.5457
52.1589 -23.5457
52.159 -23.5457
52.159 -23.5457
52.1591 -23.5457
52.1592 -23.5457
52.1593 -23.5457
52.1594 -23.5457
52.1595 -23.5456
52.1595 -23.5456
52.1596 -23.5456
52.1597 -23.5456
52.1598 -23.5456
52.1599 -23.5456
52.16 -23.5456
52.16 -23.5456
52.1601 -23.5456
52.1602 -23.5456
52.1603 -23.5455
52.1604 -23.5455
52.1605 -23.5455
52.1605 -23.5455
52.1606 -23.5455
52.1607 -23.5455
52.1608 -23.5455
52.1609 -23.5455
52.161 -23.5455
52.161 -23.5455
52.1611 -23.5454
52.1612 -23.5454
52.1613 -23.5454
52.1614 -23.5454
52.1615 -23.5454
52.1615 -23.5454
52.1616 -23.5454
52.1617 -23.5454
52.1618 -23.5454
52.1619 -23.5454
52.162 -23.5453
52.162 -23.5453
52.1621 -23.5453
52.1622 -23.5453
52.1623 -23.5453
52.1624 -23.5453
52.1625 -23.5453
52.1626 -23.5453
52.1626 -23.5453
52.1627 -23.5453
52.1628 -23.5452
52.1629 -23.5452
52.163 -23.5452
52.1631 -23.5452
52.1631 -23.5452
52.1632 -23.5452
52.1633 -23.5452
52.1634 -23.5452
52.1635 -23.5452
52.1636 -23.5452
52.1637 -23.5451
52.1637 -23.5451
52.1638 -23.5451
52.1639 -23.5451
52.164 -23.5451
52.1641 -23.5451
52.1642 -23.5451
52.1643 -23.5451
52.1643 -23.5451
52.1644 -23.5451
52.1645 -23.545
52.1646 -23.545
52.1647 -23.545
52.1648 -23.545
52.1649 -23.545
52.1649 -23.545
52.165 -23.545
52.1651 -23.545
52.1652 -23.545
52.1653 -23.545
52.1654 -23.5449
52.1655 -23.5449
52.1656 -23.5449
52.1656 -23.5449
52.1657 -23.5449
52.1658 -23.5449
52.1659 -23.5449
52.166 -23.5449
52.1661 -23.5449
52.1662 -23.5449
52.1662 -23.5448
52.1663 -23.5448
52.1664 -23.5448
52.1665 -23.5448
52.1666 -23.5448
52.1667 -23.5448
52.1668 -23.5448
52.1669 -23.5448
52.1669 -23.5448
52.167 -23.5448
52.1671 -23.5447
52.1672 -23.5447
52.1673 -23.5447
52.1674 -23.5447
52.1675 -23.5447
52.1676 -23.5447
52.1676 -23.5447
52.1677 -23.5447
52.1678 -23.5447
52.1679 -23.5447
52.168 -23.5446
52.1681 -23.5446
52.1682 -23.5446
52.1683 -23.5446
52.1684 -23.5446
52.1684 -23.5446
52.1685 -23.5446
52.1686 -23.5446
52.1687 -23.5446
52.1688 -23.5446
52.1689 -23.5445
52.169 -23.5445
52.1691 -23.5445
52.1692 -23.5445
52.1692 -23.5445
52.1693 -23.5445
52.1694 -23.5445
52.1695 -23.5445
52.1696 -23.5445
52.1697 -23.5445
52.1698 -23.5444
52.1699 -23.5444
52.17 -23.5444
52.1701 -23.5444
52.1701 -23.5444
52.1702 -23.5444
52.1703 -23.5444
52.1704 -23.5444
52.1705 -23.5444
52.1706 -23.5444
52.1707 -23.5443
52.1708 -23.5443
52.1709 -23.5443
52.171 -23.5443
52.171 -23.5443
52.1711 -23.5443
52.1712 -23.5443
52.1713 -23.5443
52.1714 -23.5443
52.1715 -23.5443
52.1716 -23.5442
52.1717 -23.5442
52.1718 -23.5442
52.1719 -23.5442
52.1719 -23.5442
52.172 -23.5442
52.1721 -23.5442
52.1722 -23.5442
52.1723 -23.5442
52.1724 -23.5442
52.1725 -23.5441
52.1726 -23.5441
52.1727 -23.5441
52.1728 -23.5441
52.1729 -23.5441
52.173 -23.5441
52.173 -23.5441
52.1731 -23.5441
52.1732 -23.5441
52.1733 -23.5441
52.1734 -23.544
52.1735 -23.544
52.1736 -23.544
52.1737 -23.544
52.1738 -23.544
52.1739 -23.544
52.174 -23.544
52.1741 -23.544
52.1741 -23.544
52.1742 -23.544
52.1743 -23.5439
52.1744 -23.5439
52.1745 -23.5439
52.1746 -23.5439
52.1747 -23.5439
52.1748 -23.5439
52.1749 -23.5439
52.175 -23.5439
52.1751 -23.5439
52.1752 -23.5439
52.1753 -23.5439
52.1754 -23.5438
52.1754 -23.5438
52.1755 -23.5438
52.1756 -23.5438
52.1757 -23.5438
52.1758 -23.5438
52.1759 -23.5438
52.176 -23.5438
52.1761 -23.5438
52.1762 -23.5438
52.1763 -23.5437
52.1764 -23.5437
52.1765 -23.5437
52.1766 -23.5437
52.1767 -23.5437
52.1768 -23.5437
52.1769 -23.5437
52.1769 -23.5437
52.177 -23.5437
52.1771 -23.5437
52.1772 -23.5436
52.1773 -23.5436
52.1774 -23.5436
52.1775 -23.5436
52.1776 -23.5436
52.1777 -23.5436
52.1778 -23.5436
52.1779 -23.5436
52.178 -23.5436
52.1781 -23.5436
52.1782 -23.5435
52.1783 -23.5435
52.1784 -23.5435
52.1785 -23.5435
52.1786 -23.5435
52.1787 -23.5435
52.1787 -23.5435
52.1788 -23.5435
52.1789 -23.5435
52.179 -23.5435
52.1791 -23.5434
52.1792 -23.5434
52.1793 -23.5434
52.1794 -23.5434
52.1795 -23.5434
52.1796 -23.5434
52.1797 -23.5434
52.1798 -23.5434
52.1799 -23.5434
52.18 -23.5434
52.1801 -23.5434
52.1802 -23.5433
52.1803 -23.5433
52.1804 -23.5433
52.1805 -23.5433
52.1806 -23.5433
52.1807 -23.5433
52.1808 -23.5433
52.1809 -23.5433
52.181 -23.5433
52.1811 -23.5433
52.1812 -23.5432
52.1812 -23.5432
52.1813 -23.5432
52.1814 -23.5432
52.1815 -23.5432
52.1816 -23.5432
52.1817 -23.5432
52.1818 -23.5432
52.1819 -23.5432
52.182 -23.5432
52.1821 -23.5431
52.1822 -23.5431
52.1823 -23.5431
52.1824 -23.5431
52.1825 -23.5431
52.1826 -23.5431
52.1827 -23.5431
52.1828 -23.5431
52.1829 -23.5431
52.183 -23.5431
52.1831 -23.5431
52.1832 -23.543
52.1833 -23.543
52.1834 -23.543
52.1835 -23.543
52.1836 -23.543
52.1837 -23.543
52.1838 -23.543
52.1839 -23.543
52.184 -23.543
52.1841 -23.543
52.1842 -23.5429
52.1843 -23.5429
52.1844 -23.5429
52.1845 -23.5429
52.1846 -23.5429
52.1847 -23.5429
52.1848 -23.5429
52.1849 -23.5429
52.185 -23.5429
52.1851 -23.5429
52.1852 -23.5428
52.1853 -23.5428
52.1854 -23.5428
52.1855 -23.5428
52.1856 -23.5428
52.1857 -23.5428
52.1858 -23.5428
52.1859 -23.5428
52.186 -23.5428
52.1861 -23.5428
52.1862 -23.5428
52.1863 -23.5427
52.1864 -23.5427
52.1865 -23.5427
52.1866 -23.5427
52.1867 -23.5427
52.1868 -23.5427
52.1869 -23.5427
52.187 -23.5427
52.1871 -23.5427
52.1872 -23.5427
52.1873 -23.5426
52.1874 -23.5426
52.1875 -23.5426
52.1876 -23.5426
52.1877 -23.5426
52.1878 -23.5426
52.1879 -23.5426
52.188 -23.5426
52.1881 -23.5426
52.1882 -23.5426
52.1883 -23.5425
52.1884 -23.5425
52.1885 -23.5425
52.1886 -23.5425
52.1887 -23.5425
52.1888 -23.5425
52.1889 -23.5425
52.189 -23.5425
52.1891 -23.5425
52.1892 -23.5425
52.1893 -23.5425
52.1894 -23.5424
52.1895 -23.5424
52.1896 -23.5424
52.1897 -23.5424
52.1898 -23.5424
52.1899 -23.5424
52.19 -23.5424
52.1901 -23.5424
52.1902 -23.5424
52.1903 -23.5424
52.1904 -23.5423
52.1905 -23.5423
52.1906 -23.5423
52.1907 -23.5423
52.1908 -23.5423
52.1909 -23.5423
52.191 -23.5423
52.1911 -23.5423
52.1912 -23.5423
52.1913 -23.5423
52.1914 -23.5423
52.1915 -23.5422
52.1916 -23.5422
52.1917 -23.5422
52.1918 -23.5422
52.192 -23.5422
52.1921 -23.5422
52.1922 -23.5422
52.1923 -23.5422
52.1924 -23.5422
52.1925 -23.5422
52.1926 -23.5421
52.1927 -23.5421
52.1928 -23.5421
52.1929 -23.5421
52.193 -23.5421
52.1931 -23.5421
52.1932 -23.5421
52.1933 -23.5421
52.1934 -23.5421
52.1935 -23.5421
52.1936 -23.5421
52.1937 -23.542
52.1938 -23.542
52.1939 -23.542
52.194 -23.542
52.1941 -23.542
52.1942 -23.542
52.1943 -23.542
52.1944 -23.542
52.1946 -23.542
52.1947 -23.542
52.1948 -23.5419
52.1949 -23.5419
52.195 -23.5419
52.1951 -23.5419
52.1952 -23.5419
52.1953 -23.5419
52.1954 -23.5419
52.1955 -23.5419
52.1956 -23.5419
52.1957 -23.5419
52.1958 -23.5419
52.1959 -23.5418
52.196 -23.5418
52.1961 -23.5418
52.1962 -23.5418
52.1963 -23.5418
52.1964 -23.5418
52.1966 -23.5418
52.1967 -23.5418
52.1968 -23.5418
52.1969 -23.5418
52.197 -23.5417
52.1971 -23.5417
52.1972 -23.5417
52.1973 -23.5417
52.1974 -23.5417
52.1975 -23.5417
52.1976 -23.5417
52.1977 -23.5417
52.1978 -23.5417
52.1979 -23.5417
52.198 -23.5417
52.1981 -23.5416
52.1983 -23.5416
52.1984 -23.5416
52.1985 -23.5416
52.1986 -23.5416
52.1987 -23.5416
52.1988 -23.5416
52.1989 -23.5416
52.199 -23.5416
52.1991 -23.5416
52.1992 -23.5415
52.1993 -23.5415
52.1994 -23.5415
52.1995 -23.5415
52.1996 -23.5415
52.1998 -23.5415
52.1999 -23.5415
52.2 -23.5415
52.2001 -23.5415
52.2002 -23.5415
52.2003 -23.5415
52.2004 -23.5414
52.2005 -23.5414
52.2006 -23.5414
52.2007 -23.5414
52.2008 -23.5414
52.2009 -23.5414
52.2011 -23.5414
52.2012 -23.5414
52.2013 -23.5414
52.2014 -23.5414
52.2015 -23.5413
52.2016 -23.5413
52.2017 -23.5413
52.2018 -23.5413
52.2019 -23.5413
52.202 -23.5413
52.2021 -23.5413
52.2022 -23.5413
52.2024 -23.5413
52.2025 -23.5413
52.2026 -23.5413
52.2027 -23.5412
52.2028 -23.5412
52.2029 -23.5412
52.203 -23.5412
52.2031 -23.5412
52.2032 -23.5412
52.2033 -23.5412
52.2034 -23.5412
52.2036 -23.5412
52.2037 -23.5412
52.2038 -23.5412
52.2039 -23.5411
52.204 -23.5411
52.2041 -23.5411
52.2042 -23.5411
52.2043 -23.5411
52.2044 -23.5411
52.2045 -23.5411
52.2047 -23.5411
52.2048 -23.5411
52.2049 -23.5411
52.205 -23.541
52.2051 -23.541
52.2052 -23.541
52.2053 -23.541
52.2054 -23.541
52.2055 -23.541
52.2057 -23.541
52.2058 -23.541
52.2059 -23.541
52.206 -23.541
52.2061 -23.541
52.2062 -23.5409
52.2063 -23.5409
52.2064 -23.5409
52.2065 -23.5409
52.2067 -23.5409
52.2068 -23.5409
52.2069 -23.5409
52.207 -23.5409
52.2071 -23.5409
52.2072 -23.5409
52.2073 -23.5409
52.2074 -23.5408
52.2075 -23.5408
52.2077 -23.5408
52.2078 -23.5408
52.2079 -23.5408
52.208 -23.5408
52.2081 -23.5408
52.2082 -23.5408
52.2083 -23.5408
52.2084 -23.5408
52.2086 -23.5408
52.2087 -23.5407
52.2088 -23.5407
52.2089 -23.5407
52.209 -23.5407
52.2091 -23.5407
52.2092 -23.5407
52.2093 -23.5407
52.2095 -23.5407
52.2096 -23.5407
52.2097 -23.5407
52.2098 -23.5406
52.2099 -23.5406
52.21 -23.5406
52.2101 -23.5406
52.2102 -23.5406
52.2104 -23.5406
52.2105 -23.5406
52.2106 -23.5406
52.2107 -23.5406
52.2108 -23.5406
52.2109 -23.5406
52.211 -23.5405
52.2112 -23.5405
52.2113 -23.5405
52.2114 -23.5405
52.2115 -23.5405
52.2116 -23.5405
52.2117 -23.5405
52.2118 -23.5405
52.212 -23.5405
52.2121 -23.5405
52.2122 -23.5405
52.2123 -23.5404
52.2124 -23.5404
52.2125 -23.5404
52.2126 -23.5404
52.2128 -23.5404
52.2129 -23.5404
52.213 -23.5404
52.2131 -23.5404
52.2132 -23.5404
52.2133 -23.5404
52.2134 -23.5404
52.2136 -23.5403
52.2137 -23.5403
52.2138 -23.5403
52.2139 -23.5403
52.214 -23.5403
52.2141 -23.5403
52.2143 -23.5403
52.2144 -23.5403
52.2145 -23.5403
52.2146 -23.5403
52.2147 -23.5402
52.2148 -23.5402
52.2149 -23.5402
52.2151 -23.5402
52.2152 -23.5402
52.2153 -23.5402
52.2154 -23.5402
52.2155 -23.5402
52.2156 -23.5402
52.2158 -23.5402
52.2159 -23.5402
52.216 -23.5401
52.2161 -23.5401
52.2162 -23.5401
52.2163 -23.5401
52.2165 -23.5401
52.2166 -23.5401
52.2167 -23.5401
52.2168 -23.5401
52.2169 -23.5401
52.217 -23.5401
52.2172 -23.5401
52.2173 -23.54
52.2174 -23.54
52.2175 -23.54
52.2176 -23.54
52.2177 -23.54
52.2179 -23.54
52.218 -23.54
52.2181 -23.54
52.2182 -23.54
52.2183 -23.54
52.2184 -23.54
52.2186 -23.5399
52.2187 -23.5399
52.2188 -23.5399
52.2189 -23.5399
52.219 -23.5399
52.2192 -23.5399
52.2193 -23.5399
52.2194 -23.5399
52.2195 -23.5399
52.2196 -23.5399
52.2197 -23.5399
52.2199 -23.5398
52.22 -23.5398
52.2201 -23.5398
52.2202 -23.5398
52.2203 -23.5398
52.2205 -23.5398
52.2206 -23.5398
52.2207 -23.5398
52.2208 -23.5398
52.2209 -23.5398
52.221 -23.5398
52.2212 -23.5397
52.2213 -23.5397
52.2214 -23.5397
52.2215 -23.5397
52.2216 -23.5397
52.2218 -23.5397
52.2219 -23.5397
52.222 -23.5397
52.2221 -23.5397
52.2222 -23.5397
52.2224 -23.5397
52.2225 -23.5396
52.2226 -23.5396
52.2227 -23.5396
52.2228 -23.5396
52.223 -23.5396
52.2231 -23.5396
52.2232 -23.5396
52.2233 -23.5396
52.2234 -23.5396
52.2236 -23.5396
52.2237 -23.5396
52.2238 -23.5395
52.2239 -23.5395
52.224 -23.5395
52.2242 -23.5395
52.2243 -23.5395
52.2244 -23.5395
52.2245 -23.5395
52.2246 -23.5395
52.2248 -23.5395
52.2249 -23.5395
52.225 -23.5395
52.2251 -23.5394
52.2252 -23.5394
52.2254 -23.5394
52.2255 -23.5394
52.2256 -23.5394
52.2257 -23.5394
52.2258 -23.5394
52.226 -23.5394
52.2261 -23.5394
52.2262 -23.5394
52.2263 -23.5394
52.2265 -23.5393
52.2266 -23.5393
52.2267 -23.5393
52.2268 -23.5393
52.2269 -23.5393
52.2271 -23.5393
52.2272 -23.5393
52.2273 -23.5393
52.2274 -23.5393
52.2275 -23.5393
52.2277 -23.5393
52.2278 -23.5392
52.2279 -23.5392
52.228 -23.5392
52.2282 -23.5392
52.2283 -23.5392
52.2284 -23.5392
52.2285 -23.5392
52.2286 -23.5392
52.2288 -23.5392
52.2289 -23.5392
52.229 -23.5392
52.2291 -23.5391
52.2293 -23.5391
52.2294 -23.5391
52.2295 -23.5391
52.2296 -23.5391
52.2298 -23.5391
52.2299 -23.5391
52.23 -23.5391
52.2301 -23.5391
52.2302 -23.5391
52.2304 -23.5391
52.2305 -23.539
52.2306 -23.539
52.2307 -23.539
52.2309 -23.539
52.231 -23.539
52.2311 -23.539
52.2312 -23.539
52.2314 -23.539
52.2315 -23.539
52.2316 -23.539
52.2317 -23.539
52.2319 -23.5389
52.232 -23.5389
52.2321 -23.5389
52.2322 -23.5389
52.2324 -23.5389
52.2325 -23.5389
52.2326 -23.5389
52.2327 -23.5389
52.2329 -23.5389
52.233 -23.5389
52.2331 -23.5389
52.2332 -23.5388
52.2334 -23.5388
52.2335 -23.5388
52.2336 -23.5388
52.2337 -23.5388
52.2339 -23.5388
52.234 -23.5388
52.2341 -23.5388
52.2342 -23.5388
52.2344 -23.5388
52.2345 -23.5388
52.2346 -23.5387
52.2347 -23.5387
52.2349 -23.5387
52.235 -23.5387
52.2351 -23.5387
52.2352 -23.5387
52.2354 -23.5387
52.2355 -23.5387
52.2356 -23.5387
52.2357 -23.5387
52.2359 -23.5387
52.236 -23.5386
52.2361 -23.5386
52.2362 -23.5386
52.2364 -23.5386
52.2365 -23.5386
52.2366 -23.5386
52.2367 -23.5386
52.2369 -23.5386
52.237 -23.5386
52.2371 -23.5386
52.2373 -23.5386
52.2374 -23.5386
52.2375 -23.5385
52.2376 -23.5385
52.2378 -23.5385
52.2379 -23.5385
52.238 -23.5385
52.2381 -23.5385
52.2383 -23.5385
52.2384 -23.5385
52.2385 -23.5385
52.2386 -23.5385
52.2388 -23.5385
52.2389 -23.5384
52.239 -23.5384
52.2392 -23.5384
52.2393 -23.5384
52.2394 -23.5384
52.2395 -23.5384
52.2397 -23.5384
52.2398 -23.5384
52.2399 -23.5384
52.2401 -23.5384
52.2402 -23.5384
52.2403 -23.5383
52.2404 -23.5383
52.2406 -23.5383
