0.1 -10.5958
0.2 -21.1921
0.3 -31.7563
0.4 -42.2987
0.5 -52.8186
0.6 -63.3158
0.7 -73.7895
0.8 -84.2393
0.9 -94.6646
1 -105.065
0.344269 -107.557
0.688088 -110.046
1.03147 -112.532
1.37449 -115.019
1.71706 -117.501
2.05917 -119.98
2.40087 -122.457
2.74214 -124.934
3.08295 -127.409
3.42327 -129.88
3.76311 -132.349
4.1025 -134.812
4.44143 -137.272
4.77989 -139.727
5.11788 -142.178
5.45543 -144.626
5.79253 -147.071
6.12918 -149.51
6.46538 -151.947
6.80112 -154.381
7.1364 -156.809
7.47123 -159.233
7.80561 -161.654
8.13955 -164.073
8.47303 -166.487
8.80604 -168.897
9.1386 -171.302
9.4707 -173.702
9.80235 -176.098
10.1335 -178.491
10.4642 -180.879
10.7945 -183.262
11.1243 -185.641
11.4537 -188.016
11.7826 -190.386
12.1111 -192.751
12.4391 -195.111
12.7666 -197.468
13.0937 -199.821
13.4204 -202.168
13.7466 -204.511
14.0724 -206.849
14.3977 -209.183
14.7226 -211.512
15.047 -213.837
15.3709 -216.158
15.6944 -218.473
16.0175 -220.784
16.3401 -223.09
16.6623 -225.391
16.984 -227.687
17.3053 -229.978
17.6261 -232.265
17.9465 -234.547
18.2664 -236.825
18.5859 -239.097
18.905 -241.365
19.2236 -243.628
19.5418 -245.887
19.8595 -248.14
20.1769 -250.388
20.4937 -252.632
20.8101 -254.871
21.1261 -257.105
21.4417 -259.334
21.7568 -261.559
22.0715 -263.778
22.3857 -265.993
22.6995 -268.202
23.0129 -270.407
23.3258 -272.608
23.6384 -274.803
23.9504 -276.994
24.2621 -279.181
24.5733 -281.362
24.8841 -283.539
25.1944 -285.711
25.5044 -287.878
25.8139 -290.041
26.1229 -292.198
26.4316 -294.351
26.7398 -296.499
27.0476 -298.643
27.3549 -300.783
27.6618 -302.917
27.9683 -305.047
28.2744 -307.172
28.5801 -309.292
28.8853 -311.407
29.1901 -313.518
29.4945 -315.624
29.7985 -317.724
30.102 -319.82
30.4051 -321.912
30.7078 -323.998
31.0101 -326.079
31.312 -328.156
31.6134 -330.228
31.9144 -332.295
32.215 -334.358
32.5152 -336.416
32.815 -338.468
33.1144 -340.517
33.4133 -342.56
33.7119 -344.599
34.01 -346.633
34.3077 -348.662
34.605 -350.686
34.9019 -352.706
35.1983 -354.721
35.4944 -356.731
35.79 -358.736
36.0853 -360.736
36.3801 -362.732
36.6745 -364.723
36.9686 -366.709
37.2622 -368.691
37.5554 -370.668
37.8481 -372.641
38.1405 -374.609
38.4325 -376.572
38.7241 -378.531
39.0152 -380.485
39.306 -382.434
39.5963 -384.379
39.8863 -386.319
40.1758 -388.254
40.465 -390.185
40.7537 -392.111
41.0421 -394.032
41.3301 -395.948
41.6176 -397.859
41.9048 -399.767
42.1915 -401.67
42.4779 -403.568
42.7638 -405.461
43.0494 -407.35
43.3345 -409.233
43.6193 -411.113
43.9037 -412.987
44.1877 -414.857
44.4712 -416.721
44.7544 -418.582
45.0372 -420.437
45.3197 -422.288
45.6017 -424.134
45.8833 -425.975
46.1645 -427.811
46.4454 -429.643
46.7259 -431.47
47.0059 -433.293
47.2856 -435.111
47.5649 -436.924
47.8438 -438.733
48.1223 -440.537
48.4005 -442.336
48.6782 -444.131
48.9556 -445.921
49.2326 -447.706
49.5092 -449.487
49.7854 -451.263
50.0612 -453.035
50.3367 -454.801
50.6117 -456.563
50.8864 -458.32
51.1607 -460.073
51.4347 -461.821
51.7082 -463.564
51.9814 -465.303
52.2542 -467.037
52.5266 -468.766
52.7987 -470.49
53.0703 -472.21
53.3416 -473.925
53.6125 -475.636
53.8831 -477.342
54.1532 -479.044
54.423 -480.741
54.6924 -482.433
54.9615 -484.12
55.2301 -485.803
55.4984 -487.481
55.7664 -489.156
56.0339 -490.826
56.3011 -492.492
56.5679 -494.153
56.8343 -495.809
57.1004 -497.461
57.3661 -499.108
57.6314 -500.751
57.8964 -502.389
58.161 -504.023
58.4252 -505.652
58.6891 -507.278
58.9526 -508.898
59.2157 -510.514
59.4785 -512.126
59.7409 -513.733
60.003 -515.335
60.2646 -516.933
60.526 -518.526
60.7869 -520.115
61.0475 -521.698
61.3078 -523.278
61.5676 -524.853
61.8272 -526.423
62.0863 -527.988
62.3451 -529.549
62.6036 -531.106
62.8617 -532.658
63.1194 -534.205
63.3768 -535.749
63.6338 -537.287
63.8905 -538.822
64.1468 -540.351
64.4027 -541.876
64.6583 -543.397
64.9136 -544.913
65.1685 -546.425
65.423 -547.933
65.6772 -549.437
65.931 -550.936
66.1845 -552.431
66.4376 -553.921
66.6904 -555.407
66.9428 -556.888
67.1949 -558.365
67.4467 -559.837
67.698 -561.305
67.9491 -562.768
68.1998 -564.227
68.4501 -565.681
68.7001 -567.131
68.9498 -568.576
69.1991 -570.016
69.4481 -571.453
69.6967 -572.884
69.9449 -574.313
70.1929 -575.737
70.4404 -577.158
70.6877 -578.574
70.9346 -579.985
71.1811 -581.392
71.4273 -582.795
71.6732 -584.193
71.9187 -585.587
72.1639 -586.977
72.4088 -588.363
72.6533 -589.744
72.8974 -591.122
73.1413 -592.495
73.3847 -593.863
73.6279 -595.227
73.8707 -596.586
74.1132 -597.941
74.3553 -599.292
74.5972 -600.638
74.8386 -601.979
75.0798 -603.316
75.3206 -604.649
75.5611 -605.978
75.8012 -607.301
76.041 -608.621
76.2805 -609.937
76.5196 -611.249
76.7585 -612.558
76.9969 -613.862
77.2351 -615.162
77.4729 -616.457
77.7104 -617.748
77.9475 -619.034
78.1844 -620.316
78.4209 -621.593
78.657 -622.866
78.8929 -624.135
79.1284 -625.399
79.3636 -626.659
79.5985 -627.915
79.833 -629.168
80.0672 -630.416
80.3011 -631.659
80.5347 -632.899
80.7679 -634.134
81.0008 -635.365
81.2334 -636.591
81.4657 -637.812
81.6977 -639.03
81.9293 -640.243
82.1606 -641.451
82.3916 -642.655
82.6223 -643.855
82.8526 -645.051
83.0827 -646.241
83.3124 -647.428
83.5418 -648.61
83.7709 -649.788
83.9997 -650.961
84.2281 -652.13
84.4563 -653.295
84.6841 -654.455
84.9116 -655.612
85.1388 -656.763
85.3657 -657.911
85.5922 -659.053
85.8185 -660.192
86.0444 -661.326
86.2701 -662.456
86.4954 -663.582
86.7204 -664.703
86.9451 -665.821
87.1695 -666.934
87.3935 -668.042
87.6173 -669.146
87.8408 -670.246
88.0639 -671.342
88.2867 -672.433
88.5093 -673.52
88.7315 -674.602
88.9534 -675.681
89.175 -676.754
89.3963 -677.824
89.6173 -678.889
89.838 -679.949
90.0584 -681.006
90.2785 -682.058
90.4982 -683.105
90.7177 -684.148
90.9369 -685.187
91.1558 -686.222
91.3743 -687.252
91.5926 -688.278
91.8105 -689.3
92.0282 -690.317
92.2456 -691.331
92.4626 -692.339
92.6794 -693.344
92.8958 -694.344
93.112 -695.34
93.3279 -696.332
93.5434 -697.319
93.7587 -698.302
93.9736 -699.281
94.1883 -700.255
94.4027 -701.225
94.6168 -702.191
94.8305 -703.152
95.044 -704.109
95.2572 -705.062
95.4701 -706.01
95.6827 -706.954
95.895 -707.893
96.107 -708.828
96.3188 -709.759
96.5302 -710.685
96.7412 -711.606
96.9519 -712.522
97.1623 -713.434
97.3724 -714.342
97.5823 -715.245
97.7916 -716.142
98.0005 -717.034
98.2092 -717.922
98.4176 -718.806
98.6257 -719.686
98.8335 -720.561
99.041 -721.432
99.2478 -722.3
99.4528 -723.165
99.6576 -724.026
99.8562 -724.9
100.053 -725.782
100.25 -726.657
100.436 -727.553
100.616 -728.489
100.79 -729.433
100.951 -730.421
101.091 -731.479
101.23 -732.542
101.358 -733.655
101.483 -734.781
101.604 -735.933
101.721 -737.118
101.834 -738.309
101.94 -739.526
102.038 -740.765
102.137 -742.001
102.224 -743.27
102.302 -744.568
102.379 -745.863
102.455 -747.153
102.531 -748.438
102.605 -749.718
102.678 -750.993
102.75 -752.261
102.821 -753.525
102.891 -754.786
102.961 -756.042
103.029 -757.293
103.097 -758.54
103.164 -759.783
103.23 -761.021
103.294 -762.257
103.357 -763.488
103.419 -764.723
103.48 -765.953
103.54 -767.184
103.597 -768.41
103.654 -769.633
103.71 -770.859
103.764 -772.08
103.817 -773.301
103.87 -774.517
103.921 -775.738
103.972 -776.956
104.023 -778.169
104.07 -779.376
104.116 -780.596
104.161 -781.814
104.206 -783.029
104.251 -784.242
104.295 -785.451
104.337 -786.67
104.378 -787.9
104.418 -789.127
104.458 -790.35
104.498 -791.569
104.536 -792.781
104.572 -794.013
104.608 -795.248
104.644 -796.479
104.679 -797.709
104.713 -798.951
104.746 -800.191
104.78 -801.427
104.812 -802.659
104.844 -803.885
104.876 -805.109
104.908 -806.331
104.939 -807.549
104.97 -808.763
105 -809.972
105.029 -811.179
105.059 -812.383
105.088 -813.585
105.113 -814.758
105.133 -815.9
105.152 -817.034
105.17 -818.162
105.187 -819.285
105.13 -819.871
104.992 -819.711
104.719 -818.365
104.167 -814.9
104.259 -812.585
104.319 -816.255
101.348 -797.262
101.237 -796.473
101.126 -795.742
101.024 -795.084
100.981 -794.834
100.971 -794.804
100.973 -794.855
100.972 -794.877
100.969 -794.868
100.962 -794.823
100.952 -794.743
100.939 -794.626
100.926 -794.487
100.903 -794.418
100.866 -794.45
100.843 -794.658
100.827 -794.949
100.805 -795.374
100.775 -795.784
100.742 -796.173
100.707 -796.545
100.67 -796.864
100.631 -797.166
100.591 -797.456
100.548 -797.747
100.505 -798.021
100.461 -798.278
100.416 -798.515
100.373 -798.774
100.34 -799.128
100.305 -799.481
100.268 -799.837
100.231 -800.177
100.193 -800.502
100.153 -800.784
100.111 -801.062
100.069 -801.328
100.027 -801.583
99.9838 -801.827
99.9402 -802.058
99.8962 -802.277
99.8513 -802.474
99.8054 -802.643
99.7633 -802.874
99.7208 -803.093
99.6779 -803.3
99.6345 -803.496
99.5907 -803.678
99.5464 -803.848
99.5016 -804.003
99.4563 -804.145
99.4106 -804.272
99.3643 -804.384
99.3174 -804.481
99.2736 -804.62
99.232 -804.79
99.19 -804.946
99.1474 -805.087
99.1044 -805.213
99.0608 -805.323
99.0166 -805.417
98.9719 -805.494
98.9265 -805.553
98.8806 -805.593
98.8326 -805.604
98.7893 -805.668
98.7462 -805.732
98.7026 -805.785
98.6585 -805.827
98.6138 -805.856
98.5685 -805.873
98.525 -805.913
98.4817 -805.95
98.4377 -805.975
98.3931 -805.988
98.348 -805.988
98.3022 -805.974
98.2558 -805.948
98.2088 -805.907
98.161 -805.852
98.1126 -805.781
98.0628 -805.682
98.0125 -805.58
97.9617 -805.466
97.9103 -805.339
97.8584 -805.2
97.8059 -805.048
97.7529 -804.883
97.6992 -804.704
97.6441 -804.494
97.5884 -804.273
97.5323 -804.04
97.4758 -803.796
97.4203 -803.566
97.3647 -803.329
97.3086 -803.081
97.2527 -802.846
97.198 -802.662
97.1433 -802.474
97.0906 -802.314
97.0375 -802.147
96.984 -801.971
96.9302 -801.786
96.876 -801.591
96.8214 -801.387
96.7677 -801.21
96.7129 -801.028
96.6574 -800.836
96.6016 -800.635
96.5454 -800.424
96.4884 -800.196
96.4311 -799.959
96.3734 -799.713
96.3154 -799.458
96.2569 -799.193
96.189 -798.87
96.1203 -798.543
96.0501 -798.178
95.981 -797.853
95.9118 -797.543
95.8406 -797.2
95.7689 -796.845
95.6968 -796.485
95.6034 -796.014
95.4489 -795.101
95.2756 -793.808
95.0542 -791.619
94.8088 -789.129
94.6514 -787.402
94.5036 -785.623
94.4458 -784.781
94.4529 -784.746
94.4339 -784.558
94.3977 -784.338
94.3463 -784.108
94.2901 -783.783
94.231 -783.389
94.1719 -782.987
94.1147 -782.603
94.0573 -782.212
93.9997 -781.812
93.9421 -781.409
93.8834 -780.987
93.8226 -780.533
93.7618 -780.074
93.7013 -779.617
93.6416 -779.17
93.5819 -778.716
93.522 -778.257
93.4621 -777.792
93.402 -777.322
93.3418 -776.846
93.2816 -776.364
93.223 -775.902
93.1649 -775.443
93.1067 -774.976
93.0484 -774.5
92.9922 -774.067
92.9375 -773.66
92.8826 -773.25
92.8278 -772.837
92.7729 -772.42
92.7199 -772.03
92.6671 -771.639
92.6141 -771.245
92.5612 -770.847
92.5079 -770.449
92.4544 -770.049
92.4008 -769.647
92.3471 -769.241
92.2934 -768.833
92.2397 -768.421
92.1859 -768.006
92.1318 -767.591
92.0779 -767.193
92.0253 -766.854
91.9727 -766.512
91.92 -766.168
91.8673 -765.821
91.8164 -765.498
91.7659 -765.179
91.7154 -764.858
91.6655 -764.536
91.6163 -764.213
91.5669 -763.887
91.5176 -763.558
91.4682 -763.227
91.4188 -762.892
91.3694 -762.555
91.3199 -762.215
91.2704 -761.873
91.2207 -761.528
91.1709 -761.182
91.1211 -760.832
91.0712 -760.48
91.0213 -760.125
90.9714 -759.768
90.9215 -759.408
90.8715 -759.043
90.8214 -758.673
90.7713 -758.301
90.7212 -757.926
90.6711 -757.549
90.6209 -757.17
90.5708 -756.788
90.5206 -756.403
90.4703 -756.016
90.4201 -755.626
90.3701 -755.245
90.3205 -754.881
90.2708 -754.515
90.2212 -754.146
90.1715 -753.776
90.1218 -753.408
90.072 -753.038
90.0222 -752.665
89.9725 -752.292
89.9233 -751.924
89.8741 -751.554
89.8249 -751.182
89.7756 -750.808
89.7263 -750.431
89.677 -750.051
89.6277 -749.67
89.5783 -749.285
89.5309 -748.918
89.487 -748.586
89.4431 -748.25
89.3993 -747.913
89.3554 -747.573
89.3115 -747.231
89.2686 -746.914
89.2259 -746.602
89.183 -746.282
89.14 -745.957
89.097 -745.631
89.0539 -745.302
89.0109 -744.972
88.9682 -744.643
88.9257 -744.313
88.8832 -743.982
88.8406 -743.649
88.7981 -743.315
88.7556 -742.978
88.7131 -742.64
88.6705 -742.301
88.628 -741.959
88.5855 -741.616
88.543 -741.271
88.5005 -740.924
88.458 -740.576
88.4155 -740.226
88.373 -739.874
88.3305 -739.521
88.288 -739.164
88.2454 -738.806
88.2029 -738.446
88.1611 -738.09
88.1193 -737.732
88.0775 -737.373
88.0356 -737.011
87.9938 -736.648
87.9522 -736.281
87.9107 -735.912
87.8691 -735.541
87.8276 -735.168
87.786 -734.793
87.7445 -734.417
87.7026 -734.038
87.6605 -733.653
87.6183 -733.264
87.5761 -732.874
87.5339 -732.481
87.4918 -732.087
87.4494 -731.65
87.406 -731.213
87.3625 -730.737
87.319 -730.256
87.2754 -729.769
87.2318 -729.277
87.1865 -728.649
87.1408 -728.318
87.0949 -727.836
87.0488 -727.348
87.0027 -726.854
86.9564 -726.352
86.91 -725.844
86.8634 -725.329
86.8167 -724.807
86.7698 -724.276
86.7228 -723.737
86.6745 -723.155
86.6273 -722.591
86.5821 -722.103
86.5381 -721.675
86.494 -721.245
86.45 -720.812
86.4059 -720.378
86.3619 -719.94
86.3239 -719.584
86.2875 -719.259
86.2519 -718.922
86.2164 -718.596
86.1809 -718.269
86.1453 -717.94
86.1098 -717.608
86.0742 -717.275
86.0386 -716.936
86.0028 -716.593
85.9671 -716.247
85.9316 -715.919
85.8965 -715.615
85.8614 -715.308
85.8263 -715
85.7911 -714.689
85.7558 -714.374
85.7206 -714.056
85.6851 -713.733
85.6497 -713.408
85.6142 -713.081
85.5788 -712.752
85.5468 -712.468
85.5163 -712.21
85.4858 -711.95
85.4553 -711.688
85.4248 -711.426
85.3943 -711.162
85.3638 -710.897
85.3334 -710.63
85.303 -710.362
85.2726 -710.092
85.2422 -709.821
85.2118 -709.549
85.1814 -709.275
85.1511 -709
85.1207 -708.724
85.0904 -708.446
85.0601 -708.166
85.0298 -707.886
84.9995 -707.603
84.9693 -707.32
84.939 -707.035
84.9088 -706.748
84.8786 -706.46
84.8484 -706.171
84.8182 -705.88
84.7881 -705.588
84.7579 -705.294
84.7277 -704.995
84.6975 -704.694
84.6674 -704.392
84.6372 -704.088
84.6071 -703.783
84.577 -703.477
84.5469 -703.169
84.5168 -702.86
84.4867 -702.55
84.4567 -702.238
84.4266 -701.924
84.3966 -701.61
84.3666 -701.293
84.3367 -700.976
84.3067 -700.658
84.2768 -700.339
84.2469 -700.02
84.217 -699.699
84.1871 -699.376
84.1572 -699.052
84.1274 -698.727
84.0976 -698.401
84.0678 -698.073
84.038 -697.744
84.0083 -697.415
83.9791 -697.09
83.9499 -696.764
83.9207 -696.437
83.8915 -696.108
83.8623 -695.778
83.8332 -695.446
83.8041 -695.113
83.775 -694.779
83.7459 -694.443
83.7168 -694.106
83.6878 -693.768
83.6588 -693.428
83.6298 -693.086
83.6008 -692.744
83.5719 -692.4
83.5429 -692.054
83.514 -691.707
83.4851 -691.359
83.4562 -691.009
83.4274 -690.658
83.3986 -690.306
83.3698 -689.952
83.341 -689.597
83.3122 -689.24
83.2835 -688.882
83.2548 -688.523
83.2261 -688.162
83.1974 -687.8
83.1687 -687.437
83.1401 -687.072
83.1115 -686.706
83.0829 -686.338
83.0544 -685.969
83.0258 -685.599
82.9973 -685.227
82.9688 -684.853
82.9404 -684.479
82.9119 -684.103
82.8835 -683.726
82.8551 -683.347
82.8267 -682.967
82.7984 -682.585
82.77 -682.202
82.7417 -681.818
82.7135 -681.432
82.6852 -681.045
82.657 -680.657
82.6288 -680.267
82.6006 -679.875
82.5723 -679.475
82.544 -679.074
82.5157 -678.672
82.4875 -678.268
82.4593 -677.863
82.4311 -677.457
82.4029 -677.049
82.3748 -676.64
82.3467 -676.229
82.3215 -675.864
82.2966 -675.501
82.2717 -675.137
82.2468 -674.771
82.222 -674.404
82.1972 -674.036
82.1724 -673.666
82.1476 -673.295
82.1229 -672.923
82.0982 -672.55
82.0735 -672.175
82.0488 -671.797
82.0241 -671.416
81.9994 -671.034
81.9748 -670.653
81.9505 -670.275
81.9261 -669.897
81.9018 -669.518
81.8774 -669.137
81.8532 -668.755
81.8289 -668.373
81.8047 -667.988
81.7805 -667.603
81.7563 -667.216
81.7321 -666.829
81.708 -666.439
81.6839 -666.049
81.6599 -665.658
81.6358 -665.265
81.6118 -664.871
81.588 -664.48
81.5642 -664.088
81.5404 -663.694
81.5167 -663.3
81.493 -662.904
81.4693 -662.507
81.4456 -662.108
81.422 -661.709
81.3984 -661.308
81.3748 -660.907
81.3512 -660.504
81.3277 -660.1
81.3042 -659.695
81.2808 -659.289
81.2573 -658.882
81.2339 -658.474
81.2106 -658.064
81.1872 -657.653
81.1639 -657.241
81.1406 -656.827
81.1174 -656.412
81.0942 -655.996
81.071 -655.579
81.0478 -655.161
81.0247 -654.741
81.0016 -654.32
80.9785 -653.898
80.9555 -653.475
80.9325 -653.051
80.9095 -652.625
80.8865 -652.198
80.8636 -651.77
80.8407 -651.341
80.8179 -650.91
80.7951 -650.479
80.7723 -650.046
80.7495 -649.611
80.7268 -649.176
80.7041 -648.739
80.6814 -648.3
80.6588 -647.859
80.6361 -647.418
80.6135 -646.976
80.591 -646.532
80.5684 -646.087
80.5459 -645.641
80.5235 -645.194
80.501 -644.746
80.4786 -644.297
80.4563 -643.846
80.434 -643.394
80.4117 -642.942
80.3894 -642.488
80.3672 -642.033
80.345 -641.576
80.3229 -641.119
80.3008 -640.662
80.2798 -640.224
80.2588 -639.785
80.2379 -639.345
80.217 -638.903
80.1962 -638.461
80.1754 -638.017
80.1546 -637.573
80.1338 -637.127
80.1131 -636.68
80.0925 -636.232
80.0718 -635.783
80.0512 -635.333
80.0306 -634.881
80.0101 -634.429
79.9896 -633.975
79.9691 -633.521
79.9487 -633.065
79.9283 -632.608
79.908 -632.15
79.8876 -631.691
79.8674 -631.231
79.8471 -630.769
79.8269 -630.307
79.8067 -629.843
79.7866 -629.379
79.7665 -628.913
79.7464 -628.447
79.7264 -627.98
79.7064 -627.512
79.6864 -627.043
79.6665 -626.573
79.6475 -626.118
79.6296 -625.682
79.6117 -625.245
79.5939 -624.807
79.5762 -624.368
79.5584 -623.927
79.5407 -623.486
79.523 -623.044
79.5054 -622.6
79.4878 -622.156
79.4702 -621.71
79.4527 -621.264
79.4352 -620.816
79.4177 -620.367
79.4003 -619.918
79.3829 -619.467
79.3655 -619.016
79.3482 -618.564
79.3309 -618.11
79.3136 -617.656
79.2964 -617.2
79.2792 -616.744
79.2621 -616.287
79.245 -615.829
79.2279 -615.37
79.2108 -614.915
79.1936 -614.463
79.1765 -614.009
79.1594 -613.555
79.1424 -613.099
79.1254 -612.643
79.1084 -612.186
79.0914 -611.73
79.0745 -611.276
79.0576 -610.821
79.0407 -610.365
79.0239 -609.908
79.0071 -609.45
78.9903 -608.99
78.9736 -608.53
78.9569 -608.069
78.9402 -607.607
78.9236 -607.143
78.9071 -606.679
78.8905 -606.214
78.874 -605.748
78.8575 -605.282
78.8411 -604.814
78.8247 -604.346
78.8083 -603.876
78.792 -603.406
78.7757 -602.934
78.7594 -602.462
78.7433 -601.991
78.7273 -601.52
78.7112 -601.048
78.6952 -600.574
78.6793 -600.1
78.6633 -599.626
78.6475 -599.151
78.6316 -598.674
78.6158 -598.197
78.6 -597.719
78.5843 -597.24
78.5686 -596.759
78.5529 -596.278
78.5373 -595.796
78.5217 -595.313
78.5062 -594.828
78.4907 -594.343
78.4752 -593.857
78.4598 -593.37
78.4444 -592.882
78.429 -592.393
78.4137 -591.904
78.3984 -591.413
78.3832 -590.921
78.3679 -590.429
78.3528 -589.935
78.3377 -589.441
78.3226 -588.946
78.3075 -588.449
78.2925 -587.952
78.2775 -587.453
78.2626 -586.954
78.2477 -586.454
78.2329 -585.952
78.2181 -585.45
78.2033 -584.947
78.1886 -584.443
78.1737 -583.953
78.1589 -583.461
78.1442 -582.969
78.1294 -582.476
78.1147 -581.981
78.1001 -581.486
78.0855 -580.99
78.0709 -580.493
78.0564 -579.996
78.0419 -579.497
78.0274 -578.997
78.013 -578.497
77.9986 -577.995
77.9843 -577.493
77.97 -576.989
77.9557 -576.485
77.9415 -575.98
77.9273 -575.474
77.9131 -574.97
77.8989 -574.47
77.8846 -573.968
77.8705 -573.466
77.8564 -572.962
77.8423 -572.458
77.8282 -571.952
77.8142 -571.446
77.8001 -570.952
77.7851 -570.549
77.7702 -570.138
77.7553 -569.729
77.7404 -569.319
77.7255 -568.909
77.7107 -568.497
77.6959 -568.085
77.6811 -567.672
77.6664 -567.258
77.6517 -566.843
77.6371 -566.428
77.6224 -566.012
77.6078 -565.595
77.5933 -565.177
77.5788 -564.759
77.5643 -564.339
77.5498 -563.919
77.5354 -563.498
77.521 -563.076
77.5066 -562.654
77.4923 -562.23
77.478 -561.806
77.4637 -561.381
77.4495 -560.955
77.4353 -560.528
77.4212 -560.101
77.4071 -559.672
77.393 -559.243
77.3789 -558.813
77.3649 -558.382
77.3509 -557.95
77.337 -557.517
77.3231 -557.084
77.3092 -556.65
77.2953 -556.215
77.2815 -555.78
77.2677 -555.346
77.2539 -554.911
77.2401 -554.475
77.2264 -554.039
77.2127 -553.601
77.199 -553.163
77.1854 -552.724
77.1718 -552.284
77.1582 -551.843
77.1447 -551.401
77.1312 -550.959
77.1178 -550.516
77.1044 -550.072
77.091 -549.628
77.0776 -549.183
77.0643 -548.737
77.0514 -548.302
77.0389 -547.876
77.0264 -547.449
77.0139 -547.021
77.0014 -546.592
76.989 -546.162
76.9767 -545.731
76.9644 -545.299
76.9521 -544.867
76.9398 -544.433
76.9276 -544.001
76.9154 -543.568
76.9033 -543.134
76.8912 -542.7
76.8791 -542.265
76.8671 -541.829
76.8551 -541.392
76.8432 -540.954
76.8312 -540.516
76.8193 -540.077
76.8075 -539.637
76.7956 -539.196
76.7839 -538.755
76.7721 -538.312
76.7604 -537.868
76.7487 -537.424
76.7371 -536.979
76.7255 -536.532
76.7139 -536.086
76.7023 -535.638
76.6908 -535.189
76.6794 -534.74
76.6679 -534.289
76.6565 -533.838
76.6452 -533.385
76.6339 -532.932
76.6226 -532.478
76.6113 -532.023
76.6001 -531.567
76.5889 -531.11
76.5778 -530.652
76.5667 -530.193
76.5556 -529.734
76.5446 -529.274
76.5336 -528.813
76.5226 -528.351
76.5117 -527.889
76.5008 -527.425
76.49 -526.961
76.4792 -526.496
76.4684 -526.029
76.4576 -525.562
76.4469 -525.094
76.4363 -524.625
76.4241 -523.128
76.4134 -523.635
76.4014 -523.39
76.3898 -522.979
76.3781 -522.568
76.3666 -522.154
76.355 -521.74
76.3435 -521.325
76.332 -520.909
76.3206 -520.492
76.3092 -520.074
76.2978 -519.655
76.2864 -519.236
76.2751 -518.815
76.2638 -518.393
76.2526 -517.971
76.2414 -517.548
76.2302 -517.123
76.2191 -516.698
76.208 -516.272
76.1969 -515.845
76.1859 -515.417
76.1749 -514.988
76.1639 -514.559
76.153 -514.13
76.1421 -513.7
76.1312 -513.269
76.1204 -512.837
76.1096 -512.404
76.0988 -511.971
76.0881 -511.536
76.0774 -511.101
76.0667 -510.665
76.0561 -510.228
76.0455 -509.79
76.035 -509.352
76.0245 -508.912
76.014 -508.471
76.0035 -508.03
75.9931 -507.587
75.9828 -507.144
75.9724 -506.7
75.9621 -506.255
75.9519 -505.809
75.9416 -505.362
75.9314 -504.914
75.9213 -504.466
75.9111 -504.018
75.901 -503.568
75.891 -503.119
75.8809 -502.668
75.8709 -502.217
75.861 -501.765
75.851 -501.312
75.8411 -500.858
75.8313 -500.403
75.8215 -499.947
75.8117 -499.49
75.8019 -499.033
75.7922 -498.575
75.7825 -498.117
75.7729 -497.657
75.7633 -497.196
75.7537 -496.735
75.7442 -496.272
75.7347 -495.809
75.7252 -495.345
75.7158 -494.88
75.7064 -494.413
75.6971 -493.946
75.688 -493.483
75.6793 -493.029
75.6707 -492.575
75.6621 -492.12
75.6536 -491.665
75.6451 -491.21
75.6366 -490.754
75.6281 -490.297
75.6197 -489.839
75.6113 -489.38
75.603 -488.92
75.5947 -488.459
75.5864 -487.998
75.5782 -487.535
75.57 -487.072
75.5619 -486.607
75.5537 -486.142
75.5457 -485.675
75.5376 -485.208
75.5296 -484.74
75.5217 -484.271
75.5137 -483.801
75.5058 -483.33
75.498 -482.858
75.4902 -482.385
75.4815 -481.956
75.4722 -481.558
75.463 -481.158
75.4537 -480.758
75.4446 -480.357
75.4354 -479.955
75.4263 -479.552
75.4172 -479.149
75.4081 -478.746
75.3991 -478.341
75.3901 -477.935
75.3811 -477.529
75.3721 -477.122
75.3632 -476.715
75.3544 -476.306
75.3455 -475.897
75.3367 -475.487
75.3279 -475.077
75.3191 -474.665
75.3104 -474.253
75.3017 -473.84
75.2931 -473.426
75.2845 -473.011
75.2759 -472.595
75.2673 -472.178
75.2584 -471.79
75.2493 -471.417
75.2402 -471.045
75.2311 -470.671
75.2221 -470.297
75.2131 -469.922
75.2041 -469.547
75.1951 -469.17
75.1862 -468.793
75.1773 -468.415
75.1685 -468.036
75.1596 -467.657
75.1508 -467.276
75.1421 -466.895
75.1333 -466.513
75.1246 -466.131
75.116 -465.747
75.1073 -465.363
75.0987 -464.979
75.0901 -464.593
75.0816 -464.207
75.073 -463.82
75.0646 -463.432
75.0561 -463.044
75.0477 -462.654
75.0393 -462.264
75.0309 -461.873
75.0226 -461.481
75.0143 -461.089
75.006 -460.696
74.9978 -460.302
74.9896 -459.907
74.9814 -459.512
74.9732 -459.116
74.9651 -458.719
74.957 -458.322
74.949 -457.924
74.941 -457.525
74.933 -457.125
74.925 -456.724
74.9171 -456.323
74.9092 -455.921
74.9014 -455.518
74.8935 -455.115
74.8857 -454.71
74.878 -454.305
74.8703 -453.9
74.8626 -453.493
74.8549 -453.086
74.8473 -452.678
74.8397 -452.269
74.8321 -451.859
74.8246 -451.449
74.8171 -451.038
74.8096 -450.626
74.8022 -450.214
74.7948 -449.801
74.7874 -449.386
74.7801 -448.972
74.7728 -448.556
74.7655 -448.14
74.7583 -447.723
74.7511 -447.305
74.7439 -446.886
74.7368 -446.467
74.7297 -446.047
74.7226 -445.627
74.7156 -445.206
74.7086 -444.784
74.7016 -444.361
74.6946 -443.938
74.6877 -443.513
74.6809 -443.088
74.674 -442.663
74.6673 -442.236
74.6605 -441.808
74.6538 -441.38
74.6471 -440.951
74.6404 -440.522
74.6338 -440.092
74.6272 -439.66
74.6206 -439.229
74.6141 -438.796
74.6069 -438.387
74.5989 -438.04
74.5909 -437.677
74.5829 -437.313
74.575 -436.948
74.5671 -436.582
74.5592 -436.216
74.5514 -435.849
74.5436 -435.481
74.5358 -435.112
74.5281 -434.743
74.5203 -434.372
74.5126 -434.001
74.505 -433.63
74.4973 -433.257
74.4897 -432.884
74.4822 -432.51
74.4746 -432.135
74.4671 -431.76
74.4596 -431.384
74.4522 -431.007
74.4448 -430.629
74.4374 -430.25
74.43 -429.871
74.4227 -429.491
74.4154 -429.11
74.4081 -428.729
74.4009 -428.346
74.3937 -427.963
74.3865 -427.579
74.3793 -427.194
74.3722 -426.809
74.3652 -426.422
74.3581 -426.035
74.3511 -425.647
74.3441 -425.258
74.3371 -424.869
74.3302 -424.479
74.3233 -424.088
74.3165 -423.696
74.3096 -423.303
74.3028 -422.91
74.2961 -422.516
74.2893 -422.121
74.2826 -421.725
74.276 -421.329
74.2693 -420.931
74.2627 -420.533
74.2562 -420.135
74.2496 -419.736
74.2431 -419.335
74.2358 -418.748
74.2282 -418.579
74.2205 -418.203
74.2128 -417.826
74.2052 -417.448
74.1976 -417.07
74.19 -416.69
74.1825 -416.31
74.175 -415.929
74.1675 -415.547
74.1601 -415.164
74.1527 -414.78
74.1453 -414.395
74.1379 -414.01
74.1306 -413.624
74.1233 -413.236
74.1161 -412.849
74.1089 -412.46
74.1017 -412.071
74.0945 -411.681
74.0873 -411.291
74.0802 -410.899
74.0732 -410.507
74.0661 -410.114
74.0591 -409.72
74.0521 -409.325
74.0452 -408.929
74.0382 -408.532
74.0314 -408.135
74.0245 -407.737
74.0177 -407.338
74.0109 -406.938
74.0041 -406.537
73.9974 -406.136
73.9907 -405.733
73.9841 -405.33
73.9774 -404.926
73.9708 -404.522
73.9642 -404.117
73.9577 -403.71
73.9512 -403.304
73.9447 -402.896
73.9383 -402.487
73.9319 -402.077
73.9255 -401.667
73.9192 -401.256
73.9129 -400.844
73.9066 -400.43
73.9004 -400.017
73.8942 -399.602
73.888 -399.186
73.8818 -398.77
73.8757 -398.353
73.8697 -397.935
73.8636 -397.516
73.8576 -397.096
73.8516 -396.676
73.8457 -396.254
73.8398 -395.832
73.8339 -395.409
73.8281 -394.985
73.8223 -394.56
73.8165 -394.135
73.8108 -393.708
73.8051 -393.281
73.7994 -392.853
73.7938 -392.424
73.7882 -391.994
73.7826 -391.563
73.7771 -391.132
73.7716 -390.699
73.7662 -390.266
73.7607 -389.832
73.7553 -389.398
73.75 -388.963
73.7447 -388.527
73.7394 -388.09
73.7341 -387.652
73.7289 -387.213
73.7237 -386.773
73.7186 -386.333
73.7135 -385.891
73.7083 -385.455
73.7031 -385.032
73.6978 -384.608
73.6926 -384.182
73.6874 -383.756
73.6823 -383.33
73.6772 -382.902
73.6721 -382.473
73.6671 -382.044
73.6621 -381.613
73.6571 -381.182
73.6522 -380.75
73.6473 -380.317
73.6425 -379.883
73.6376 -379.449
73.6328 -379.014
73.6281 -378.578
73.6233 -378.142
73.6187 -377.705
73.614 -377.268
73.6094 -376.829
73.6048 -376.389
73.6002 -375.949
73.5957 -375.508
73.5912 -375.066
73.5868 -374.623
73.5824 -374.179
73.578 -373.735
73.5736 -373.29
73.5693 -372.844
73.5651 -372.397
73.5608 -371.949
73.5566 -371.5
73.5525 -371.051
73.5483 -370.6
73.5442 -370.149
73.5402 -369.698
73.5361 -369.245
73.5322 -368.792
73.5282 -368.337
73.5243 -367.882
73.5204 -367.426
73.5166 -366.969
73.5127 -366.512
73.5089 -366.055
73.5052 -365.597
73.5015 -365.138
73.4978 -364.678
73.4941 -364.218
73.4905 -363.756
73.487 -363.294
73.4834 -362.831
73.4799 -362.368
73.4764 -361.904
73.473 -361.439
73.4696 -360.973
73.4662 -360.506
73.4628 -360.038
73.4596 -359.57
73.4563 -359.101
73.4531 -358.63
73.4499 -358.159
73.4467 -357.687
73.4436 -357.215
73.4406 -356.741
73.4375 -356.267
73.4345 -355.792
73.4316 -355.315
73.4287 -354.838
73.4258 -354.36
73.4229 -353.881
73.4201 -353.401
73.4174 -352.921
73.4146 -352.44
73.4119 -351.959
73.4093 -351.477
73.4066 -350.995
73.404 -350.512
73.4014 -350.029
73.3989 -349.545
73.3964 -349.059
73.394 -348.573
73.3915 -348.086
73.3892 -347.599
73.3868 -347.11
73.3846 -346.62
73.3823 -346.13
73.3801 -345.639
73.3779 -345.147
73.3757 -344.655
73.3736 -344.162
73.3715 -343.668
73.3695 -343.174
73.3675 -342.68
73.3655 -342.185
73.3636 -341.689
73.3617 -341.192
73.3598 -340.695
73.358 -340.197
73.3562 -339.698
73.3544 -339.199
73.3527 -338.698
73.3511 -338.197
73.3494 -337.695
73.3478 -337.192
73.3463 -336.688
73.3448 -336.184
73.3433 -335.679
73.3419 -335.173
73.3405 -334.666
73.3391 -334.158
73.3378 -333.649
73.3365 -333.14
73.3353 -332.63
73.3341 -332.119
73.333 -331.607
73.3318 -331.094
73.3308 -330.581
73.3297 -330.067
73.3288 -329.552
73.3278 -329.036
73.3269 -328.519
73.326 -328.002
73.3252 -327.483
73.3244 -326.964
73.3237 -326.445
73.3229 -325.925
73.3223 -325.404
73.3216 -324.883
73.321 -324.36
73.3205 -323.837
73.32 -323.313
73.3195 -322.788
73.3191 -322.262
73.3187 -321.735
73.3184 -321.207
73.3181 -320.678
73.3178 -320.149
73.3176 -319.619
73.3174 -319.088
73.317 -318.572
73.3156 -318.117
73.3142 -317.662
73.3129 -317.206
73.3116 -316.75
73.3103 -316.292
73.3091 -315.834
73.3079 -315.375
73.3068 -314.916
73.3057 -314.455
73.3046 -313.994
73.3035 -313.532
73.3025 -313.069
73.3016 -312.606
73.3006 -312.142
73.2997 -311.677
73.2985 -311.228
73.296 -310.849
73.2935 -310.469
73.291 -310.088
73.2885 -309.706
73.286 -309.324
73.2836 -308.941
73.2812 -308.557
73.2789 -308.173
73.2766 -307.788
73.2743 -307.403
73.272 -307.016
73.2698 -306.629
73.2676 -306.241
73.2654 -305.853
73.2633 -305.463
73.2612 -305.073
73.2591 -304.682
73.2571 -304.29
73.2551 -303.898
73.2531 -303.505
73.2511 -303.111
73.2492 -302.716
73.2473 -302.321
73.2455 -301.926
73.2437 -301.53
73.2419 -301.133
73.2401 -300.736
73.2384 -300.337
73.2367 -299.938
73.235 -299.538
73.2334 -299.138
73.2317 -298.737
73.2302 -298.335
73.2286 -297.933
73.2271 -297.53
73.2256 -297.126
73.2242 -296.721
73.2228 -296.316
73.2214 -295.91
73.22 -295.504
73.2187 -295.097
73.2174 -294.689
73.2162 -294.281
73.2149 -293.872
73.2137 -293.462
73.2126 -293.051
73.2114 -292.64
73.2103 -292.228
73.2093 -291.815
73.2083 -291.402
73.2073 -290.987
73.2063 -290.573
73.2053 -290.16
73.2043 -289.746
73.2033 -289.332
73.2024 -288.917
73.2015 -288.501
73.2007 -288.085
73.1998 -287.669
73.199 -287.252
73.1983 -286.834
73.1975 -286.415
73.1968 -285.996
73.1962 -285.575
73.1955 -285.154
73.195 -284.733
73.1944 -284.31
73.1939 -283.887
73.1934 -283.463
73.1929 -283.038
73.1925 -282.613
73.1921 -282.187
73.1917 -281.76
73.1914 -281.332
73.1911 -280.904
73.1908 -280.475
73.1906 -280.046
73.1904 -279.616
73.1902 -279.186
73.1901 -278.754
73.19 -278.323
73.1899 -277.89
73.1899 -277.456
73.1899 -277.022
73.1899 -276.587
73.19 -276.152
73.1901 -275.715
73.1902 -275.279
73.1904 -274.841
73.1906 -274.403
73.1908 -273.965
73.1911 -273.525
73.1914 -273.085
73.1917 -272.644
73.1921 -272.202
73.1925 -271.759
73.193 -271.316
73.1931 -270.888
73.192 -270.511
73.1909 -270.134
73.1899 -269.756
73.1889 -269.378
73.1879 -268.999
73.1869 -268.619
73.186 -268.238
73.1851 -267.857
73.1843 -267.476
73.1835 -267.093
73.1827 -266.71
73.1819 -266.327
73.1812 -265.942
73.1805 -265.557
73.1798 -265.171
73.1791 -264.785
73.1785 -264.398
73.1779 -264.011
73.1774 -263.623
73.1768 -263.234
73.1764 -262.845
73.1759 -262.455
73.1755 -262.065
73.1751 -261.673
73.1742 -261.3
73.1732 -260.935
73.1723 -260.569
73.1714 -260.202
73.1705 -259.835
73.1696 -259.467
73.1688 -259.098
73.1679 -258.729
73.1672 -258.359
73.1664 -257.989
73.1657 -257.617
73.165 -257.245
73.1643 -256.873
73.1637 -256.499
73.1631 -256.125
73.1625 -255.75
73.162 -255.375
73.1615 -254.999
73.161 -254.623
73.1605 -254.246
73.1601 -253.868
73.1597 -253.49
73.1594 -253.11
73.159 -252.731
73.1587 -252.35
73.1585 -251.969
73.1582 -251.587
73.158 -251.204
73.1578 -250.821
73.1577 -250.438
73.1576 -250.053
73.1575 -249.668
73.1574 -249.283
73.1574 -248.896
73.1574 -248.509
73.1575 -248.121
73.1575 -247.733
73.1576 -247.344
73.1578 -246.954
73.1579 -246.564
73.1581 -246.173
73.1583 -245.783
73.1584 -245.394
73.1586 -245.004
73.1589 -244.613
73.1591 -244.222
73.1594 -243.83
73.1597 -243.437
73.1601 -243.044
73.1605 -242.65
73.1609 -242.255
73.1613 -241.86
73.1618 -241.464
73.1623 -241.067
73.1629 -240.67
73.1634 -240.272
73.164 -239.874
73.1647 -239.475
73.1653 -239.075
73.166 -238.675
73.1668 -238.273
73.1675 -237.872
73.1683 -237.469
73.1691 -237.067
73.17 -236.664
73.1709 -236.26
73.1718 -235.855
73.1727 -235.45
73.1734 -235.055
73.174 -234.667
73.1745 -234.28
73.1749 -233.898
73.1752 -233.516
73.1757 -233.133
73.1761 -232.749
73.1766 -232.365
73.1771 -231.98
73.1776 -231.595
73.1782 -231.209
73.1788 -230.822
73.1794 -230.434
73.18 -230.046
73.1807 -229.658
73.1814 -229.268
73.1821 -228.88
73.1828 -228.494
73.1835 -228.108
73.1843 -227.72
73.185 -227.332
73.1858 -226.944
73.1866 -226.556
73.1875 -226.167
73.1883 -225.777
73.1892 -225.387
73.1902 -224.996
73.1911 -224.605
73.1921 -224.213
73.1932 -223.82
73.1942 -223.427
73.1953 -223.034
73.1964 -222.64
73.1976 -222.246
73.1987 -221.851
73.1999 -221.455
73.2012 -221.059
73.2024 -220.662
73.2037 -220.264
73.2051 -219.866
73.2064 -219.468
73.2078 -219.069
73.2092 -218.67
73.2107 -218.27
73.2122 -217.869
73.2137 -217.467
73.2153 -217.065
73.2168 -216.663
73.2184 -216.259
73.2201 -215.855
73.2218 -215.451
73.2235 -215.046
73.2252 -214.641
73.227 -214.236
73.2288 -213.83
73.2306 -213.423
73.2324 -213.015
73.2343 -212.607
73.2363 -212.199
73.2382 -211.79
73.2402 -211.38
73.2422 -210.969
73.2443 -210.558
73.2464 -210.146
73.2485 -209.734
73.2507 -209.321
73.2529 -208.907
73.2551 -208.492
73.2573 -208.077
73.2596 -207.661
73.262 -207.245
73.2643 -206.828
73.2667 -206.411
73.2691 -205.994
73.2715 -205.576
73.274 -205.157
73.2765 -204.738
73.2791 -204.319
73.2816 -203.899
73.2842 -203.478
73.2869 -203.057
73.2895 -202.635
73.2922 -202.213
73.295 -201.79
73.2977 -201.367
73.3005 -200.944
73.3033 -200.519
73.3062 -200.094
73.3091 -199.668
73.312 -199.242
73.315 -198.815
73.318 -198.387
73.321 -197.959
73.3241 -197.53
73.3271 -197.102
73.3301 -196.675
73.3332 -196.247
73.3362 -195.818
73.3394 -195.389
73.3425 -194.959
73.3457 -194.529
73.3489 -194.098
73.3521 -193.666
73.3554 -193.234
73.3587 -192.801
73.3621 -192.368
73.3655 -191.933
73.3689 -191.499
73.3723 -191.063
73.3758 -190.628
73.3793 -190.192
73.3828 -189.756
73.3864 -189.319
73.39 -188.882
73.3937 -188.444
73.3973 -188.006
73.401 -187.567
73.4048 -187.127
73.4086 -186.687
73.4124 -186.246
73.4162 -185.804
73.4201 -185.362
73.424 -184.92
73.428 -184.477
73.432 -184.033
73.436 -183.589
73.44 -183.144
73.4442 -182.697
73.4486 -182.244
73.453 -181.791
73.4575 -181.337
73.462 -180.882
73.4665 -180.427
73.4711 -179.971
73.4757 -179.514
73.4803 -179.057
73.485 -178.599
73.4897 -178.14
73.4945 -177.681
73.4993 -177.221
73.5041 -176.76
73.509 -176.299
73.5139 -175.837
73.5188 -175.375
73.5238 -174.912
73.5288 -174.449
73.5339 -173.985
73.539 -173.52
73.5441 -173.055
73.5493 -172.589
73.5545 -172.122
73.5597 -171.655
73.565 -171.188
73.5703 -170.72
73.5756 -170.251
73.581 -169.783
73.5864 -169.313
73.5918 -168.844
73.5973 -168.374
73.6028 -167.903
73.6083 -167.432
73.6139 -166.96
73.6195 -166.487
73.6252 -166.014
73.6309 -165.541
73.6366 -165.066
73.6424 -164.591
73.6482 -164.115
73.6541 -163.639
73.6599 -163.163
73.6658 -162.687
73.6718 -162.209
73.6778 -161.732
73.6838 -161.253
73.6898 -160.774
73.6959 -160.294
73.7006 -159.873
73.7039 -159.506
73.7072 -159.139
73.7104 -158.773
73.7135 -158.411
73.7167 -158.049
73.7199 -157.687
73.723 -157.324
73.7263 -156.96
73.7295 -156.596
73.7328 -156.232
73.7361 -155.866
73.7395 -155.501
73.7428 -155.134
73.7462 -154.768
73.7497 -154.4
73.7531 -154.033
73.7566 -153.665
73.7601 -153.296
73.7637 -152.927
73.7672 -152.558
73.7709 -152.188
73.7745 -151.818
73.7781 -151.447
73.7818 -151.076
73.7855 -150.704
73.7893 -150.332
73.7931 -149.959
73.7969 -149.586
73.8007 -149.213
73.8045 -148.839
73.8084 -148.464
73.8124 -148.089
73.8163 -147.714
73.8203 -147.338
73.8243 -146.961
73.8283 -146.584
73.8324 -146.207
73.8365 -145.829
73.8406 -145.45
73.8448 -145.072
73.849 -144.692
73.8532 -144.312
73.8574 -143.932
73.8617 -143.551
73.8654 -143.193
73.8674 -142.896
73.8695 -142.598
73.8716 -142.299
73.8736 -142
73.8758 -141.701
73.8779 -141.401
73.8799 -141.103
73.8819 -140.805
73.8839 -140.507
73.886 -140.208
73.888 -139.909
73.8901 -139.609
73.8922 -139.309
73.8943 -139.008
73.8965 -138.707
73.8986 -138.405
73.9008 -138.103
73.9031 -137.801
73.9053 -137.498
73.9076 -137.194
73.9099 -136.89
73.9122 -136.586
73.9145 -136.281
73.9169 -135.976
73.9193 -135.67
73.9217 -135.364
73.9242 -135.057
73.9266 -134.75
73.9291 -134.442
73.9316 -134.134
73.9342 -133.826
73.9368 -133.517
73.9394 -133.207
73.942 -132.897
73.9446 -132.587
73.9473 -132.276
73.95 -131.965
73.9527 -131.653
73.9554 -131.341
73.9582 -131.028
73.961 -130.715
73.9638 -130.401
73.9666 -130.087
73.9695 -129.773
73.9724 -129.458
73.9753 -129.143
73.9782 -128.827
73.9812 -128.511
73.9842 -128.195
73.9872 -127.878
73.9902 -127.561
73.9933 -127.244
73.9964 -126.924
73.9996 -126.603
74.0028 -126.282
74.0061 -125.96
74.0094 -125.638
74.0127 -125.316
74.016 -124.992
74.0194 -124.669
74.0228 -124.345
74.0262 -124.021
74.0296 -123.696
74.0331 -123.371
74.0365 -123.045
74.0401 -122.719
74.0436 -122.393
74.0472 -122.066
74.0508 -121.738
74.0544 -121.41
74.058 -121.082
74.0617 -120.753
74.0654 -120.423
74.0691 -120.094
74.0728 -119.764
74.0766 -119.433
74.0804 -119.102
74.0842 -118.77
74.0881 -118.439
74.092 -118.106
74.0959 -117.774
74.0998 -117.44
74.1037 -117.107
74.1077 -116.773
74.1117 -116.439
74.1158 -116.104
74.1198 -115.769
74.1239 -115.432
74.128 -115.095
74.1321 -114.757
74.1363 -114.418
74.1405 -114.078
74.1447 -113.738
74.149 -113.398
74.1532 -113.057
74.1575 -112.715
74.1602 -112.402
74.1624 -112.082
74.1646 -111.765
74.1669 -111.448
74.1692 -111.13
74.1715 -110.812
74.1738 -110.492
74.1762 -110.171
74.1786 -109.849
74.181 -109.526
74.1834 -109.202
74.1859 -108.878
74.1884 -108.553
74.1909 -108.226
74.1935 -107.899
74.196 -107.571
74.1986 -107.242
74.2012 -106.911
74.204 -106.585
74.2067 -106.259
74.2095 -105.931
74.2123 -105.603
74.2151 -105.274
74.218 -104.944
74.2209 -104.614
74.2238 -104.283
74.2267 -103.951
74.2297 -103.618
74.2326 -103.285
74.2356 -102.95
74.2387 -102.614
74.2417 -102.278
74.2448 -101.94
74.2479 -101.602
74.2511 -101.262
74.2543 -100.921
74.2574 -100.58
74.2607 -100.239
74.2639 -99.8962
74.2672 -99.5527
74.2705 -99.2082
74.2738 -98.8625
74.2771 -98.5163
74.2805 -98.1704
74.2839 -97.8236
74.2873 -97.4757
74.2907 -97.1269
74.2942 -96.777
74.2977 -96.4261
74.3012 -96.0742
74.3048 -95.7213
74.3084 -95.3673
74.312 -95.0122
74.3157 -94.6561
74.3193 -94.299
74.323 -93.941
74.3268 -93.5821
74.3305 -93.2221
74.3343 -92.8614
74.3381 -92.4997
74.342 -92.137
74.3458 -91.7732
74.3497 -91.4083
74.3537 -91.0426
74.3576 -90.676
74.3616 -90.3083
74.3656 -89.9401
74.3697 -89.571
74.3737 -89.2007
74.3778 -88.8299
74.382 -88.4581
74.3861 -88.0854
74.3903 -87.7117
74.3945 -87.3369
74.3988 -86.9611
74.403 -86.5843
74.4071 -86.212
74.4112 -85.8407
74.4153 -85.4686
74.4195 -85.0954
74.4235 -84.7224
74.4271 -84.3516
74.4308 -83.9798
74.4346 -83.6069
74.4383 -83.233
74.4421 -82.8582
74.4459 -82.4825
74.4498 -82.1067
74.4536 -81.7299
74.4575 -81.3521
74.4614 -80.9734
74.4654 -80.5938
74.4694 -80.2135
74.4734 -79.8323
74.4774 -79.4503
74.4815 -79.0678
74.4856 -78.685
74.4897 -78.3022
74.4938 -77.9194
74.498 -77.5363
74.5021 -77.1527
74.5064 -76.768
74.5106 -76.3823
74.5149 -75.9955
74.5192 -75.6078
74.5235 -75.2192
74.5278 -74.8299
74.5322 -74.44
74.5366 -74.0505
74.541 -73.6609
74.5455 -73.2706
74.55 -72.8793
74.5545 -72.4871
74.559 -72.094
74.5636 -71.7002
74.5682 -71.3054
74.5728 -70.9096
74.5775 -70.5127
74.5822 -70.1149
74.5869 -69.7161
74.5917 -69.3162
74.5964 -68.9154
74.6013 -68.5135
74.6061 -68.1106
74.611 -67.7067
74.6159 -67.3018
74.6209 -66.8967
74.6259 -66.4916
74.6309 -66.0857
74.6359 -65.6788
74.641 -65.2709
74.6461 -64.862
74.6512 -64.4524
74.6564 -64.0424
74.6615 -63.6314
74.6668 -63.2201
74.672 -62.8081
74.6773 -62.3952
74.6826 -61.9817
74.6879 -61.5674
74.6933 -61.1531
74.6987 -60.738
74.7041 -60.3218
74.7096 -59.9047
74.7151 -59.4867
74.7206 -59.0676
74.7261 -58.6475
74.7317 -58.2266
74.7374 -57.8047
74.743 -57.3825
74.7487 -56.9601
74.7544 -56.537
74.7601 -56.1137
74.7659 -55.6894
74.7717 -55.2646
74.7775 -54.8387
74.7834 -54.4119
74.7893 -53.9842
74.7953 -53.5556
74.8012 -53.126
74.8072 -52.6954
74.8133 -52.2641
74.8193 -51.8322
74.8254 -51.3992
74.8316 -50.9662
74.8377 -50.5326
74.8439 -50.0981
74.8501 -49.6628
74.8564 -49.2264
74.8627 -48.7891
74.869 -48.3508
74.8754 -47.9115
74.8818 -47.4712
74.8883 -47.0299
74.8947 -46.5877
74.9012 -46.1448
74.9078 -45.7013
74.9144 -45.2569
74.921 -44.8115
74.9276 -44.3652
74.9343 -43.9179
74.9409 -43.4721
74.9475 -43.0288
74.954 -42.585
74.9606 -42.1404
74.9673 -41.6947
74.974 -41.2483
74.9807 -40.8011
74.9874 -40.3528
74.9942 -39.9037
75.001 -39.4535
75.0072 -39.0081
75.0131 -38.5661
75.0189 -38.1232
75.0248 -37.6794
75.0307 -37.2353
75.0367 -36.7903
75.0427 -36.3445
75.0487 -35.8989
75.0547 -35.4524
75.0608 -35.005
75.0669 -34.5569
75.073 -34.1079
75.0792 -33.658
75.0854 -33.2071
75.0917 -32.7561
75.098 -32.3043
75.1043 -31.8515
75.1106 -31.3977
75.117 -30.943
75.1235 -30.4874
75.1299 -30.0311
75.1364 -29.5754
75.1429 -29.1191
75.1495 -28.6618
75.1561 -28.2036
75.1627 -27.7445
75.1693 -27.2849
75.176 -26.8243
75.1827 -26.3632
75.1893 -25.9019
75.196 -25.4397
75.2026 -24.9776
75.2093 -24.515
75.2161 -24.0525
75.2228 -23.5891
75.2296 -23.1247
75.2365 -22.6593
75.2434 -22.1931
75.2503 -21.7269
75.2572 -21.2597
75.2642 -20.7916
75.2712 -20.3226
75.2783 -19.8534
75.2853 -19.3839
75.2925 -18.9135
75.2996 -18.4425
75.3068 -17.9707
75.314 -17.4982
75.3213 -17.0248
75.3286 -16.5508
75.3359 -16.0759
75.3433 -15.6001
75.3507 -15.1241
75.3581 -14.6473
75.3656 -14.1696
75.3731 -13.691
75.3806 -13.2122
75.3881 -12.7347
75.3956 -12.2569
75.4031 -11.7791
75.4107 -11.3004
75.4183 -10.8209
75.4259 -10.3405
75.4336 -9.85914
75.4413 -9.37685
75.4491 -8.89364
75.4569 -8.4096
75.4648 -7.92464
75.4726 -7.43873
75.4805 -6.95222
75.4885 -6.46533
75.4965 -5.97764
75.5045 -5.4892
75.5125 -5.00067
75.5206 -4.51146
75.5288 -4.02131
75.5369 -3.53024
75.5451 -3.03823
75.5534 -2.54585
75.5616 -2.05415
75.5699 -1.56251
75.5782 -1.0701
75.5866 -0.576765
75.5945 -0.0885387
75.6019 0.393621
75.6094 0.876453
75.6169 1.36005
75.6244 1.84447
75.632 2.32978
75.6396 2.81602
75.6473 3.30265
75.6549 3.78856
75.6626 4.27538
75.6704 4.76262
75.6781 5.25032
75.6859 5.73893
75.6938 6.22829
75.7017 6.71855
75.7096 7.20864
75.7175 7.69925
75.7255 8.19057
75.7335 8.68239
75.7416 9.17512
75.7496 9.66874
75.7578 10.1631
75.7659 10.6583
75.7742 11.1544
75.7824 11.6511
75.7907 12.1477
75.799 12.6448
75.8073 13.1429
75.8157 13.6418
75.8241 14.1416
75.8326 14.642
75.8411 15.1433
75.8496 15.6455
75.8582 16.1481
75.8668 16.6511
75.8755 17.1544
75.8842 17.6582
75.8929 18.163
75.9016 18.6687
75.9104 19.1752
75.9193 19.6826
75.9282 20.1907
75.9371 20.6995
75.946 21.2087
75.955 21.7185
75.964 22.2293
75.9731 22.7409
75.9822 23.2532
75.9914 23.7659
76.0006 24.2796
76.0098 24.7941
76.019 25.3096
76.0284 25.8259
76.0377 26.3429
76.0471 26.8606
76.0565 27.3789
76.066 27.8977
76.0755 28.4169
76.085 28.937
76.0946 29.4579
76.1042 29.9798
76.1139 30.5025
76.1236 31.0262
76.1333 31.5507
76.1431 32.0753
76.1529 32.599
76.1628 33.1235
76.1726 33.6489
76.1826 34.1752
76.1925 34.7024
76.2025 35.2298
76.2124 35.7578
76.2224 36.2868
76.2325 36.8166
76.2426 37.347
76.2527 37.8767
76.2629 38.407
76.273 38.9377
76.2833 39.4689
76.2935 39.9994
76.3038 40.53
76.3141 41.0614
76.3245 41.5936
76.3349 42.1267
76.3453 42.6607
76.3558 43.1956
76.3663 43.7313
76.3769 44.2675
76.3875 44.8046
76.3981 45.3426
76.4088 45.8815
76.4196 46.4211
76.4303 46.9616
76.4412 47.503
76.452 48.0453
76.463 48.5884
76.4739 49.1324
76.4849 49.6773
76.496 50.2225
76.507 50.7673
76.5181 51.3122
76.5292 51.8569
76.5404 52.4024
76.5516 52.9489
76.5628 53.4962
76.5741 54.0443
76.5854 54.5925
76.5968 55.1411
76.6082 55.6905
76.6197 56.2406
76.6311 56.7901
76.6426 57.3405
76.6542 57.8902
76.6657 58.4406
76.6773 58.9914
76.689 59.543
76.7007 60.0955
76.7124 60.6489
76.7242 61.2031
76.736 61.7582
76.7479 62.3141
76.7598 62.8704
76.7718 63.4275
76.7838 63.9856
76.7958 64.5439
76.8079 65.1019
76.82 65.6598
76.8321 66.2185
76.8443 66.7781
76.8565 67.3386
76.8688 67.8994
76.8811 68.4606
76.8934 69.0225
76.9058 69.5852
76.9182 70.1488
76.9307 70.7132
76.9432 71.2784
76.9558 71.8443
76.9684 72.4111
76.9811 72.9788
76.9938 73.547
77.0065 74.1161
77.0193 74.6859
77.0321 75.2567
77.045 75.8283
77.058 76.4007
77.0709 76.9738
77.0839 77.5477
77.0969 78.1202
77.11 78.6928
77.1231 79.2663
77.1362 79.8406
77.1494 80.4146
77.1626 80.9892
77.1758 81.5646
77.1891 82.1407
77.2025 82.7177
77.2159 83.2956
77.2293 83.8743
77.2428 84.4539
77.2563 85.0343
77.2699 85.6152
77.2835 86.1962
77.2972 86.7778
77.3109 87.3602
77.3246 87.9434
77.3384 88.5275
77.3522 89.1125
77.3661 89.6983
77.3801 90.2849
77.394 90.8724
77.4081 91.4608
77.4221 92.0488
77.4362 92.6375
77.4503 93.2259
77.4645 93.8148
77.4787 94.4044
77.493 94.9945
77.5073 95.5852
77.5216 96.1768
77.536 96.7693
77.5504 97.3618
77.5649 97.9549
77.5794 98.5475
77.5939 99.1403
77.6085 99.7331
77.6231 100.326
77.6377 100.92
77.6524 101.515
77.6671 102.109
77.6818 102.702
77.6966 103.295
77.7114 103.888
77.7263 104.483
77.7412 105.078
77.7561 105.674
77.7711 106.27
77.7861 106.868
77.8012 107.466
77.8163 108.064
77.8315 108.662
77.8467 109.262
77.8619 109.861
77.8772 110.462
77.8925 111.063
77.9079 111.666
77.9234 112.269
77.9388 112.873
77.9544 113.478
77.97 114.083
77.9856 114.69
78.0013 115.297
78.017 115.905
78.0327 116.511
78.0485 117.118
78.0643 117.724
78.0802 118.331
78.096 118.938
78.112 119.547
78.128 120.156
78.144 120.765
78.1601 121.376
78.1762 121.988
78.1924 122.6
78.2086 123.212
78.2249 123.826
78.2412 124.44
78.2576 125.056
78.274 125.672
78.2904 126.288
78.3069 126.903
78.3234 127.519
78.34 128.136
78.3566 128.753
78.3733 129.371
78.39 129.99
78.4067 130.609
78.4235 131.227
78.4403 131.846
78.4572 132.464
78.474 133.083
78.4909 133.702
78.5079 134.322
78.5249 134.942
78.542 135.563
78.5591 136.184
78.5762 136.806
78.5934 137.429
78.6107 138.053
78.628 138.677
78.6453 139.301
78.6626 139.925
78.68 140.549
78.6975 141.175
78.715 141.801
78.7325 142.426
78.7501 143.052
78.7677 143.678
78.7853 144.305
78.8031 144.933
78.8208 145.562
78.8386 146.192
78.8565 146.822
78.8744 147.453
78.8924 148.085
78.9104 148.718
78.9285 149.352
78.9466 149.986
78.9647 150.621
78.9829 151.255
79.0012 151.89
79.0194 152.523
79.0377 153.156
79.0559 153.788
79.0743 154.421
79.0926 155.053
79.111 155.686
79.1295 156.32
79.148 156.954
79.1665 157.589
79.1851 158.225
79.2038 158.862
79.2225 159.5
79.2412 160.138
79.26 160.777
79.2789 161.417
79.2978 162.057
79.3168 162.698
79.3358 163.34
79.3547 163.978
79.3737 164.617
79.3928 165.256
79.4119 165.896
79.431 166.537
79.4502 167.178
79.4695 167.818
79.4887 168.458
79.508 169.099
79.5273 169.739
79.5467 170.381
79.5661 171.023
79.5856 171.667
79.6052 172.31
79.6247 172.955
79.6444 173.6
79.6641 174.246
79.6838 174.892
79.7036 175.539
79.7234 176.187
79.7433 176.835
79.7632 177.483
79.7832 178.131
79.8032 178.78
79.8232 179.429
79.8433 180.078
79.8634 180.728
79.8836 181.378
79.9038 182.029
79.924 182.678
79.9443 183.329
79.9646 183.978
79.9849 184.628
80.0053 185.277
80.0257 185.928
80.0462 186.578
80.0666 187.228
80.0872 187.879
80.1077 188.53
80.1284 189.181
80.1491 189.834
80.1698 190.487
80.1906 191.142
80.2114 191.796
80.2323 192.451
80.2532 193.107
80.2742 193.763
80.2952 194.419
80.3163 195.076
80.3374 195.734
80.3586 196.392
80.3798 197.05
80.401 197.71
80.4224 198.37
80.4437 199.029
80.4651 199.688
80.4865 200.348
80.5079 201.006
80.5294 201.665
80.5509 202.323
80.5724 202.981
80.5939 203.638
80.6155 204.295
80.637 204.951
80.6587 205.608
80.6803 206.265
80.7021 206.922
80.7238 207.58
80.7457 208.239
80.7675 208.899
80.7894 209.558
80.8114 210.218
80.8334 210.879
80.8555 211.54
80.8776 212.202
80.8998 212.865
80.922 213.529
80.9443 214.193
80.9666 214.858
80.989 215.523
81.0114 216.188
81.0337 216.851
81.0562 217.514
81.0786 218.176
81.101 218.837
81.1235 219.498
81.1461 220.161
81.1687 220.824
81.1914 221.487
81.2141 222.152
81.2368 222.817
81.2596 223.482
81.2825 224.148
81.3054 224.813
81.3283 225.48
81.3513 226.147
81.3743 226.814
81.3974 227.483
81.4206 228.152
81.4438 228.821
81.467 229.49
81.4903 230.16
81.5136 230.83
81.5369 231.498
81.5602 232.168
81.5836 232.837
81.6069 233.507
81.6304 234.176
81.6538 234.846
81.6774 235.517
81.7009 236.189
81.7246 236.86
81.7482 237.532
81.7719 238.205
81.7957 238.878
81.8195 239.552
81.8434 240.227
81.8673 240.902
81.8913 241.576
81.9153 242.252
81.9393 242.927
81.9634 243.603
81.9875 244.279
82.0117 244.956
82.0359 245.631
82.0601 246.305
82.0843 246.978
82.1085 247.651
82.1328 248.323
82.1571 248.997
82.1815 249.671
82.2059 250.344
82.2303 251.017
82.2547 251.689
82.2792 252.36
82.3036 253.031
82.3282 253.703
82.3527 254.375
82.3774 255.048
82.402 255.722
82.4268 256.396
82.4516 257.071
82.4764 257.746
82.5013 258.422
82.5262 259.097
82.5511 259.772
82.5761 260.448
82.6012 261.125
82.6263 261.803
82.6514 262.48
82.6766 263.157
82.7018 263.833
82.7271 264.511
82.7524 265.189
82.7778 265.868
82.8032 266.548
82.8287 267.229
82.8542 267.91
82.8798 268.592
82.9054 269.272
82.931 269.951
82.9564 270.629
82.9818 271.307
83.0073 271.987
83.0329 272.667
83.0585 273.347
83.0841 274.028
83.1099 274.71
83.1356 275.392
83.1614 276.075
83.1873 276.758
83.2132 277.441
83.2391 278.125
83.2651 278.807
83.2911 279.49
83.3171 280.173
83.3432 280.856
83.3693 281.539
83.3955 282.222
83.4216 282.904
83.4478 283.586
83.4741 284.268
83.5003 284.951
83.5267 285.633
83.553 286.316
83.5795 287
83.6059 287.683
83.6324 288.366
83.659 289.05
83.6856 289.735
83.7122 290.42
83.7389 291.105
83.7655 291.787
83.7922 292.469
83.819 293.152
83.8458 293.836
83.8726 294.52
83.8995 295.205
83.9265 295.891
83.9535 296.577
83.9805 297.261
84.0075 297.942
84.0345 298.624
84.0615 299.307
84.0886 299.989
84.1158 300.672
84.143 301.356
84.1702 302.04
84.1976 302.725
84.2249 303.41
84.2523 304.096
84.2798 304.782
84.3073 305.469
84.3349 306.156
84.3625 306.844
84.3902 307.533
84.4179 308.222
84.4456 308.911
84.4734 309.6
84.5012 310.287
84.529 310.974
84.5569 311.662
84.5848 312.349
84.6128 313.038
84.6408 313.727
84.6689 314.417
84.697 315.108
84.7252 315.797
84.7534 316.487
84.7816 317.177
84.8099 317.867
84.8381 318.555
84.8664 319.243
84.8948 319.931
84.9231 320.62
84.9516 321.308
84.9801 321.998
85.0085 322.685
85.037 323.372
85.0655 324.06
85.0941 324.747
85.1227 325.434
85.1513 326.121
85.18 326.808
85.2087 327.495
85.2374 328.181
85.2662 328.868
85.295 329.555
85.3239 330.242
85.3528 330.93
85.3818 331.618
85.4108 332.306
85.4399 332.995
85.469 333.685
85.4981 334.375
85.5274 335.066
85.5566 335.757
85.5859 336.446
85.6152 337.136
85.6445 337.825
85.6739 338.516
85.7034 339.207
85.7329 339.899
85.7625 340.591
85.7921 341.284
85.8218 341.977
85.8514 342.667
85.881 343.356
85.9107 344.046
85.9405 344.736
85.9702 345.427
86.0001 346.118
86.0299 346.809
86.0599 347.501
86.0898 348.192
86.1198 348.884
86.1499 349.576
86.18 350.268
86.2101 350.961
86.2403 351.655
86.2706 352.35
86.3009 353.043
86.3312 353.736
86.3615 354.429
86.3919 355.123
86.4224 355.817
86.4529 356.512
86.4834 357.206
86.514 357.9
86.5446 358.594
86.5752 359.289
86.6059 359.983
86.6366 360.677
86.6674 361.372
86.6982 362.068
86.7291 362.763
86.7599 363.458
86.7909 364.153
86.8218 364.849
86.8529 365.545
86.8839 366.241
86.915 366.935
86.946 367.628
86.9771 368.321
87.0082 369.013
87.0393 369.703
87.0705 370.395
87.1017 371.087
87.1329 371.779
87.1642 372.472
87.1956 373.164
87.2269 373.856
87.2583 374.548
87.2897 375.239
87.3211 375.929
87.3526 376.619
87.3841 377.31
87.4157 378.002
87.4473 378.693
87.4789 379.385
87.5106 380.077
87.5424 380.769
87.5741 381.461
87.606 382.154
87.6378 382.846
87.6697 383.538
87.7016 384.23
87.7336 384.923
87.7656 385.614
87.7975 386.304
87.8296 386.995
87.8616 387.685
87.8937 388.376
87.9259 389.067
87.958 389.758
87.9903 390.449
88.0225 391.14
88.0548 391.831
88.0871 392.52
88.1194 393.21
88.1518 393.898
88.1842 394.587
88.2166 395.277
88.2491 395.966
88.2816 396.655
88.3141 397.343
88.3466 398.031
88.3791 398.717
88.4117 399.405
88.4444 400.092
88.477 400.78
88.5098 401.469
88.5426 402.159
88.5755 402.849
88.6084 403.539
88.6413 404.227
88.6742 404.915
88.7071 405.602
88.74 406.289
88.773 406.976
88.8061 407.663
88.8391 408.349
88.8722 409.035
88.9053 409.722
88.9385 410.409
88.9717 411.097
89.005 411.784
89.0383 412.472
89.0717 413.161
89.1051 413.848
89.1384 414.534
89.1718 415.22
89.2053 415.907
89.2388 416.592
89.2723 417.278
89.3058 417.963
89.3393 418.647
89.3729 419.331
89.4065 420.015
89.4401 420.698
89.4737 421.381
89.5075 422.065
89.5412 422.75
89.575 423.435
89.6089 424.121
89.6429 424.807
89.6768 425.494
89.7109 426.181
89.745 426.869
89.7791 427.557
89.8133 428.246
89.8476 428.935
89.8819 429.625
89.9162 430.314
89.9506 431.003
89.9849 431.691
90.0193 432.378
90.0537 433.066
90.0881 433.753
90.1226 434.442
90.1571 435.129
90.1915 435.813
90.226 436.497
90.2605 437.181
90.2951 437.866
90.3297 438.552
90.3644 439.238
90.3991 439.925
90.4339 440.612
90.4688 441.3
90.5036 441.985
90.5384 442.669
90.5732 443.354
90.6082 444.04
90.6431 444.726
90.6781 445.409
90.713 446.092
90.748 446.776
90.7831 447.46
90.8182 448.144
90.8534 448.829
90.8885 449.513
90.9237 450.196
90.9589 450.879
90.9942 451.563
91.0295 452.247
91.0649 452.932
91.1003 453.617
91.1358 454.302
91.1713 454.986
91.2068 455.67
91.2423 456.354
91.2779 457.038
91.3134 457.721
91.349 458.402
91.3846 459.084
91.4203 459.766
91.456 460.449
91.4918 461.132
91.5276 461.816
91.5635 462.5
91.5994 463.184
91.6353 463.868
91.6713 464.553
91.7074 465.237
91.7434 465.921
91.7795 466.604
91.8155 467.284
91.8515 467.965
91.8876 468.647
91.9238 469.328
91.96 470.011
91.9963 470.693
92.0326 471.376
92.0689 472.058
92.1052 472.738
92.1415 473.418
92.1778 474.096
92.2141 474.772
92.2504 475.449
92.2868 476.125
92.3231 476.801
92.3594 477.473
92.3957 478.145
92.432 478.815
92.4683 479.484
92.5046 480.155
92.541 480.825
92.5775 481.496
92.614 482.167
92.6505 482.838
92.687 483.508
92.7236 484.179
92.7603 484.851
92.797 485.523
92.8338 486.195
92.8706 486.868
92.9074 487.541
92.9443 488.215
92.9812 488.887
93.0181 489.559
93.0551 490.23
93.0921 490.902
93.1291 491.575
93.1662 492.248
93.2034 492.922
93.2406 493.595
93.2778 494.269
93.3151 494.943
93.3525 495.617
93.3898 496.291
93.4271 496.962
93.4644 497.633
93.5017 498.303
93.5391 498.973
93.5764 499.64
93.6137 500.307
93.6511 500.973
93.6885 501.641
93.7258 502.305
93.7631 502.968
93.8005 503.63
93.8379 504.292
93.8753 504.956
93.9128 505.619
93.9504 506.284
93.9879 506.947
94.0255 507.609
94.0631 508.271
94.1007 508.933
94.1383 509.595
94.176 510.257
94.2138 510.92
94.2516 511.584
94.2895 512.247
94.3273 512.91
94.3651 513.571
94.403 514.233
94.441 514.895
94.479 515.557
94.517 516.22
94.5551 516.883
94.5931 517.545
94.6311 518.208
94.6692 518.871
94.7073 519.535
94.7455 520.199
94.7837 520.863
94.822 521.526
94.8601 522.186
94.8982 522.844
94.9363 523.499
94.9743 524.154
95.0125 524.809
95.0507 525.465
95.0889 526.122
95.1272 526.779
95.1655 527.436
95.2039 528.094
95.2423 528.752
95.2808 529.411
95.3194 530.071
95.358 530.729
95.3965 531.387
95.4352 532.046
95.4738 532.704
95.5126 533.364
95.5513 534.023
95.5901 534.681
95.6288 535.337
95.6675 535.993
95.7063 536.649
95.7452 537.306
95.784 537.963
95.823 538.619
95.8619 539.275
95.9008 539.93
95.9398 540.585
95.9787 541.239
96.0178 541.894
96.0568 542.549
96.0959 543.205
96.1351 543.86
96.1743 544.516
96.2136 545.173
96.2529 545.83
96.2923 546.487
96.3316 547.144
96.3711 547.802
96.4106 548.459
96.4501 549.116
96.4896 549.773
96.5292 550.43
96.5688 551.088
96.6084 551.744
96.648 552.4
96.6876 553.054
96.7272 553.708
96.7669 554.362
96.8066 555.016
96.8464 555.671
96.886 556.322
96.9257 556.972
96.9653 557.618
97.0049 558.265
97.0444 558.91
97.084 559.555
97.1237 560.2
97.1634 560.846
97.2031 561.492
97.2429 562.138
97.2828 562.784
97.3227 563.431
97.3626 564.079
97.4026 564.727
97.4427 565.375
97.4828 566.024
97.5229 566.673
97.563 567.32
97.6031 567.967
97.6432 568.614
97.6834 569.261
97.7235 569.906
97.7636 570.552
97.8038 571.198
97.8441 571.844
97.8843 572.488
97.9245 573.132
97.9648 573.776
98.005 574.42
98.0454 575.063
98.0857 575.707
98.1261 576.351
98.1665 576.994
98.207 577.638
98.2475 578.281
98.288 578.925
98.3284 579.566
98.3688 580.206
98.4093 580.847
98.4498 581.488
98.4903 582.13
98.5308 582.767
98.5711 583.402
98.6114 584.035
98.6518 584.668
98.6922 585.301
98.7326 585.933
98.773 586.565
98.8135 587.197
98.854 587.829
98.8945 588.462
98.9351 589.094
98.9757 589.727
99.0164 590.36
99.0571 590.992
99.0978 591.625
99.1386 592.258
99.1794 592.891
99.2202 593.525
99.2612 594.159
99.3021 594.794
99.3431 595.428
99.3841 596.062
99.4252 596.696
99.4663 597.33
99.5072 597.959
99.5481 598.588
99.5891 599.217
99.6301 599.846
99.6712 600.475
99.7123 601.105
99.7534 601.734
99.7946 602.363
99.8358 602.991
99.8769 603.618
99.9181 604.244
99.9592 604.87
100 605.496
100.042 606.123
100.083 606.75
100.124 607.377
100.166 607.999
100.207 608.622
100.248 609.244
100.289 609.867
100.331 610.49
100.372 611.113
100.414 611.736
100.455 612.358
100.496 612.977
100.538 613.597
100.579 614.217
100.621 614.837
100.662 615.457
100.704 616.077
100.745 616.697
100.787 617.317
100.829 617.938
100.87 618.559
100.912 619.179
100.954 619.799
100.996 620.42
101.037 621.041
101.079 621.658
101.121 622.275
101.163 622.89
101.204 623.504
101.246 624.119
101.288 624.733
101.33 625.348
101.371 625.962
101.413 626.576
101.455 627.189
101.497 627.801
101.539 628.412
101.581 629.022
101.623 629.633
101.665 630.244
101.707 630.855
101.749 631.466
101.791 632.076
101.833 632.687
101.875 633.298
101.917 633.908
101.959 634.52
102.001 635.13
102.043 635.74
102.086 636.35
102.128 636.961
102.17 637.573
102.213 638.184
102.255 638.794
102.297 639.404
102.34 640.014
102.382 640.624
102.425 641.234
102.467 641.843
102.51 642.453
102.552 643.063
102.595 643.67
102.637 644.277
102.68 644.884
102.723 645.491
102.765 646.099
102.808 646.706
102.851 647.313
102.893 647.92
102.936 648.526
102.979 649.134
103.022 649.74
103.064 650.345
103.107 650.95
103.15 651.555
103.193 652.157
103.236 652.758
103.278 653.361
103.321 653.963
103.364 654.566
103.407 655.169
103.45 655.773
103.493 656.376
103.536 656.98
103.579 657.584
103.623 658.188
103.666 658.792
103.709 659.397
103.752 660.002
103.796 660.608
103.839 661.213
103.883 661.819
103.926 662.425
103.97 663.032
104.013 663.639
104.057 664.244
104.1 664.849
104.144 665.455
104.188 666.061
104.231 666.667
104.275 667.273
104.319 667.88
104.363 668.488
104.407 669.096
104.45 669.703
104.494 670.308
104.538 670.911
104.582 671.514
104.626 672.117
104.67 672.721
104.714 673.325
104.758 673.929
104.802 674.534
104.846 675.139
104.89 675.744
104.934 676.35
104.979 676.956
105.023 677.561
105.067 678.166
105.111 678.772
105.156 679.378
105.2 679.984
105.245 680.59
105.289 681.198
105.334 681.805
105.378 682.412
105.423 683.019
105.468 683.626
105.512 684.234
105.557 684.842
105.602 685.449
105.647 686.058
105.692 686.667
105.737 687.276
105.782 687.885
105.826 688.49
105.871 689.096
105.916 689.701
105.961 690.306
106.006 690.912
106.051 691.518
106.096 692.124
106.141 692.731
106.187 693.338
106.232 693.945
106.277 694.553
106.322 695.16
106.368 695.767
106.413 696.374
106.458 696.982
106.504 697.59
106.549 698.198
106.595 698.806
106.64 699.412
106.686 700.019
106.732 700.626
106.777 701.232
106.823 701.838
106.868 702.445
106.914 703.052
106.96 703.659
107.006 704.267
107.051 704.875
107.097 705.483
107.143 706.091
107.189 706.699
107.235 707.307
107.281 707.915
107.327 708.524
107.373 709.133
107.42 709.742
107.466 710.351
107.512 710.96
107.558 711.57
107.604 712.179
107.651 712.788
107.697 713.397
107.744 714.006
107.79 714.615
107.836 715.224
107.883 715.833
107.929 716.442
107.976 717.052
108.023 717.661
108.069 718.27
108.116 718.878
108.162 719.486
108.209 720.095
108.256 720.704
108.303 721.314
108.35 721.924
108.396 722.533
108.443 723.141
108.49 723.749
108.537 724.357
108.584 724.966
108.631 725.575
108.678 726.184
108.725 726.792
108.772 727.401
108.819 728.01
108.866 728.619
108.914 729.229
108.961 729.838
109.008 730.448
109.056 731.058
109.103 731.668
109.15 732.279
109.198 732.889
109.245 733.499
109.293 734.11
109.34 734.72
109.388 735.329
109.436 735.94
109.483 736.55
109.531 737.16
109.579 737.77
109.626 738.379
109.674 738.988
109.722 739.598
109.77 740.207
109.818 740.817
109.865 741.426
109.913 742.035
109.961 742.644
110.009 743.252
110.057 743.86
110.105 744.469
110.153 745.077
110.201 745.685
110.249 746.294
110.297 746.903
110.346 747.512
110.394 748.121
110.442 748.731
110.49 749.341
110.539 749.951
110.587 750.561
110.636 751.172
110.684 751.783
110.733 752.394
110.781 753.004
110.83 753.614
110.879 754.225
110.927 754.837
110.976 755.448
111.025 756.058
111.073 756.669
111.122 757.28
111.171 757.891
111.22 758.502
111.269 759.112
111.318 759.723
111.367 760.334
111.416 760.945
111.465 761.556
111.514 762.168
111.563 762.779
111.612 763.392
111.661 764.004
111.711 764.617
111.76 765.23
111.809 765.843
111.859 766.457
111.908 767.071
111.958 767.686
112.007 768.301
112.057 768.916
112.106 769.532
112.156 770.148
112.206 770.764
112.256 771.381
112.306 771.998
112.355 772.615
112.405 773.233
112.455 773.851
112.505 774.47
112.556 775.089
112.606 775.708
112.656 776.328
112.706 776.948
112.756 777.568
112.807 778.189
112.857 778.81
112.908 779.431
112.958 780.053
113.009 780.675
113.059 781.297
113.11 781.92
113.161 782.544
113.212 783.167
113.262 783.791
113.313 784.415
113.364 785.04
113.415 785.665
113.466 786.29
113.517 786.916
113.568 787.542
113.619 788.169
113.671 788.796
113.722 789.423
113.773 790.05
113.825 790.678
113.876 791.306
113.928 791.935
113.979 792.564
114.031 793.193
114.082 793.823
114.134 794.453
114.186 795.084
114.237 795.714
114.289 796.346
114.341 796.977
114.393 797.609
114.445 798.241
114.497 798.874
114.549 799.507
114.601 800.14
114.654 800.774
114.706 801.408
114.758 802.042
114.81 802.677
114.863 803.312
114.915 803.948
114.968 804.583
115.02 805.22
115.073 805.856
115.126 806.493
115.178 807.13
115.231 807.768
115.284 808.406
115.337 809.044
115.39 809.683
115.443 810.322
115.496 810.962
115.549 811.602
115.602 812.242
115.655 812.882
115.708 813.523
115.762 814.164
115.815 814.806
115.868 815.448
115.922 816.09
115.975 816.733
116.029 817.376
116.082 818.02
116.136 818.663
116.19 819.308
116.244 819.952
116.297 820.597
116.351 821.242
116.405 821.888
116.459 822.534
116.513 823.18
116.567 823.827
116.621 824.474
116.675 825.121
116.73 825.769
116.784 826.417
116.838 827.065
116.893 827.714
116.947 828.364
117.002 829.013
117.056 829.663
117.111 830.313
117.165 830.964
117.22 831.615
117.275 832.266
117.33 832.918
117.384 833.57
117.439 834.223
117.494 834.875
117.549 835.529
117.604 836.182
117.66 836.836
117.715 837.49
117.77 838.145
117.825 838.8
117.881 839.455
117.936 840.111
117.991 840.767
118.047 841.423
118.102 842.08
118.158 842.737
118.214 843.395
118.269 844.053
118.325 844.711
118.381 845.37
118.437 846.029
118.493 846.688
118.549 847.348
118.605 848.008
118.661 848.668
118.717 849.329
118.773 849.99
118.83 850.651
118.886 851.313
118.942 851.975
118.999 852.638
119.055 853.301
119.112 853.964
119.168 854.628
119.225 855.292
119.281 855.956
119.338 856.621
119.395 857.286
119.452 857.952
119.509 858.618
119.566 859.284
119.623 859.95
119.68 860.617
119.737 861.284
119.794 861.952
119.851 862.62
119.908 863.288
119.966 863.957
120.023 864.626
120.081 865.296
120.138 865.965
120.196 866.636
120.253 867.306
120.311 867.977
120.369 868.648
120.426 869.32
120.484 869.992
120.542 870.664
120.6 871.337
120.658 872.01
120.716 872.683
120.774 873.357
120.832 874.031
120.891 874.706
120.949 875.381
121.007 876.056
121.065 876.732
121.124 877.408
121.182 878.084
121.241 878.761
121.299 879.438
121.358 880.115
121.417 880.793
121.476 881.471
121.534 882.149
121.593 882.828
121.652 883.507
121.711 884.187
121.77 884.867
121.829 885.547
121.888 886.228
121.948 886.909
122.007 887.59
122.066 888.272
122.126 888.954
122.185 889.637
122.244 890.319
122.304 891.003
122.364 891.686
122.423 892.37
122.483 893.054
122.543 893.739
122.602 894.424
122.662 895.109
122.722 895.795
122.782 896.481
122.842 897.168
122.902 897.854
122.962 898.542
123.023 899.229
123.083 899.917
123.143 900.605
123.204 901.294
123.264 901.983
123.324 902.672
123.385 903.362
123.446 904.052
123.506 904.743
123.567 905.433
123.628 906.124
123.688 906.816
123.749 907.508
123.81 908.2
123.871 908.893
123.932 909.586
123.993 910.279
124.055 910.973
124.116 911.667
124.177 912.361
124.238 913.056
124.3 913.751
124.361 914.447
124.423 915.142
124.484 915.839
124.546 916.535
124.607 917.232
124.669 917.93
124.731 918.627
124.793 919.325
124.855 920.024
124.917 920.722
124.979 921.422
125.041 922.121
125.103 922.821
125.165 923.521
125.227 924.222
125.289 924.923
125.352 925.624
125.414 926.326
125.477 927.028
125.539 927.73
125.602 928.433
125.664 929.136
125.727 929.839
125.79 930.543
125.853 931.247
125.915 931.952
125.978 932.657
126.041 933.362
126.104 934.068
126.167 934.774
126.231 935.48
126.294 936.187
126.357 936.894
126.42 937.602
126.484 938.309
126.547 939.018
126.611 939.726
126.674 940.435
126.738 941.144
126.802 941.854
126.865 942.564
126.929 943.274
126.993 943.985
127.057 944.696
127.121 945.408
127.185 946.119
127.249 946.832
127.313 947.544
127.377 948.257
127.441 948.97
127.506 949.684
127.57 950.398
127.634 951.112
127.699 951.827
127.763 952.542
127.828 953.257
127.893 953.973
127.957 954.689
128.022 955.406
128.087 956.123
128.152 956.84
