0.1 -0.285311
0.2 -0.572038
0.3 -0.859863
0.4 -1.14891
0.5 -1.43918
0.6 -1.7307
0.7 -2.02347
0.8 -2.3175
0.9 -2.61281
1 -2.90941
0.344269 -3.00804
0.688088 -3.10667
1.03147 -3.20532
1.37449 -3.30397
1.71706 -3.40261
2.05917 -3.50126
2.40087 -3.59991
2.74214 -3.69859
3.08295 -3.79728
3.42327 -3.89599
3.76311 -3.99471
4.1025 -4.09342
4.44143 -4.19213
4.77989 -4.29084
5.11788 -4.38956
5.45543 -4.48829
5.79253 -4.58701
6.12918 -4.68572
6.46538 -4.78444
6.80112 -4.88316
7.1364 -4.98187
7.47123 -5.08058
7.80561 -5.1793
8.13955 -5.27802
8.47303 -5.37674
8.80604 -5.47546
9.1386 -5.57418
9.4707 -5.67289
9.80235 -5.77161
10.1335 -5.87034
10.4642 -5.96906
10.7945 -6.06779
11.1243 -6.1665
11.4537 -6.26521
11.7826 -6.36393
12.1111 -6.46264
12.4391 -6.56134
12.7666 -6.66005
13.0937 -6.75876
13.4204 -6.85746
13.7466 -6.95615
14.0724 -7.05485
14.3977 -7.15354
14.7226 -7.25223
15.047 -7.35093
15.3709 -7.44963
15.6944 -7.54833
16.0175 -7.64703
16.3401 -7.74572
16.6623 -7.84441
16.984 -7.94311
17.3053 -8.0418
17.6261 -8.1405
17.9465 -8.23919
18.2664 -8.33787
18.5859 -8.43656
18.905 -8.53523
19.2236 -8.63391
19.5418 -8.73259
19.8595 -8.83127
20.1769 -8.92994
20.4937 -9.02861
20.8101 -9.12728
21.1261 -9.22594
21.4417 -9.32461
21.7568 -9.42327
22.0715 -9.52193
22.3857 -9.62058
22.6995 -9.71924
23.0129 -9.8179
23.3258 -9.91656
23.6384 -10.0152
23.9504 -10.1139
24.2621 -10.2125
24.5733 -10.3112
24.8841 -10.4098
25.1944 -10.5085
25.5044 -10.6071
25.8139 -10.7058
26.1229 -10.8044
26.4316 -10.903
26.7398 -11.0017
27.0476 -11.1003
27.3549 -11.199
27.6618 -11.2977
27.9683 -11.3963
28.2744 -11.495
28.5801 -11.5936
28.8853 -11.6923
29.1901 -11.7909
29.4945 -11.8896
29.7985 -11.9882
30.102 -12.0869
30.4051 -12.1856
30.7078 -12.2842
31.0101 -12.3829
31.312 -12.4815
31.6134 -12.5802
31.9144 -12.6788
32.215 -12.7775
32.5152 -12.8762
32.815 -12.9748
33.1144 -13.0735
33.4133 -13.1721
33.7119 -13.2708
34.01 -13.3695
34.3077 -13.4681
34.605 -13.5668
34.9019 -13.6655
35.1983 -13.7642
35.4944 -13.8628
35.79 -13.9615
36.0853 -14.0602
36.3801 -14.1589
36.6745 -14.2575
36.9686 -14.3562
37.2622 -14.4549
37.5554 -14.5536
37.8481 -14.6523
38.1405 -14.751
38.4325 -14.8497
38.7241 -14.9484
39.0152 -15.0471
39.306 -15.1459
39.5963 -15.2446
39.8863 -15.3433
40.1758 -15.442
40.465 -15.5408
40.7537 -15.6395
41.0421 -15.7383
41.3301 -15.837
41.6176 -15.9357
41.9048 -16.0345
42.1915 -16.1333
42.4779 -16.232
42.7638 -16.3308
43.0494 -16.4296
43.3345 -16.5284
43.6193 -16.6271
43.9037 -16.7259
44.1877 -16.8247
44.4712 -16.9235
44.7544 -17.0223
45.0372 -17.1211
45.3197 -17.2199
45.6017 -17.3187
45.8833 -17.4175
46.1645 -17.5163
46.4454 -17.6151
46.7259 -17.714
47.0059 -17.8128
47.2856 -17.9116
47.5649 -18.0105
47.8438 -18.1093
48.1223 -18.2082
48.4005 -18.307
48.6782 -18.4059
48.9556 -18.5048
49.2326 -18.6036
49.5092 -18.7025
49.7854 -18.8014
50.0612 -18.9003
50.3367 -18.9992
50.6117 -19.0981
50.8864 -19.197
51.1607 -19.2959
51.4347 -19.3949
51.7082 -19.4938
51.9814 -19.5927
52.2542 -19.6917
52.5266 -19.7906
52.7987 -19.8896
53.0703 -19.9885
53.3416 -20.0875
53.6125 -20.1865
53.8831 -20.2855
54.1532 -20.3845
54.423 -20.4834
54.6924 -20.5824
54.9615 -20.6815
55.2301 -20.7805
55.4984 -20.8795
55.7664 -20.9785
56.0339 -21.0776
56.3011 -21.1767
56.5679 -21.2758
56.8343 -21.3749
57.1004 -21.4739
57.3661 -21.5731
57.6314 -21.6722
57.8964 -21.7713
58.161 -21.8704
58.4252 -21.9696
58.6891 -22.0687
58.9526 -22.1679
59.2157 -22.2671
59.4785 -22.3662
59.7409 -22.4654
60.003 -22.5646
60.2646 -22.6638
60.526 -22.7631
60.7869 -22.8623
61.0475 -22.9615
61.3078 -23.0608
61.5676 -23.16
61.8272 -23.2593
62.0863 -23.3586
62.3451 -23.4579
62.6036 -23.5572
62.8617 -23.6565
63.1194 -23.7558
63.3768 -23.8551
63.6338 -23.9545
63.8905 -24.0538
64.1468 -24.1532
64.4027 -24.2526
64.6583 -24.3519
64.9136 -24.4513
65.1685 -24.5507
65.423 -24.6502
65.6772 -24.7496
65.931 -24.8491
66.1845 -24.9485
66.4376 -25.048
66.6904 -25.1475
66.9428 -25.247
67.1949 -25.3465
67.4467 -25.446
67.698 -25.5456
67.9491 -25.6451
68.1998 -25.7447
68.4501 -25.8443
68.7001 -25.9439
68.9498 -26.0435
69.1991 -26.1431
69.4481 -26.2427
69.6967 -26.3424
69.9449 -26.442
70.1929 -26.5417
70.4404 -26.6415
70.6877 -26.7412
70.9346 -26.8409
71.1811 -26.9407
71.4273 -27.0405
71.6732 -27.1403
71.9187 -27.2401
72.1639 -27.3399
72.4088 -27.4397
72.6533 -27.5396
72.8974 -27.6395
73.1413 -27.7394
73.3847 -27.8393
73.6279 -27.9393
73.8707 -28.0392
74.1132 -28.1392
74.3553 -28.2392
74.5972 -28.3392
74.8386 -28.4392
75.0798 -28.5392
75.3206 -28.6393
75.5611 -28.7393
75.8012 -28.8394
76.041 -28.9395
76.2805 -29.0397
76.5196 -29.1398
76.7585 -29.24
76.9969 -29.3402
77.2351 -29.4404
77.4729 -29.5406
77.7104 -29.6409
77.9475 -29.7411
78.1844 -29.8414
78.4209 -29.9417
78.657 -30.0421
78.8929 -30.1424
79.1284 -30.2428
79.3636 -30.3432
79.5985 -30.4436
79.833 -30.544
80.0672 -30.6445
80.3011 -30.745
80.5347 -30.8455
80.7679 -30.9461
81.0008 -31.0466
81.2334 -31.1472
81.4657 -31.2478
81.6977 -31.3484
81.9293 -31.449
82.1606 -31.5497
82.3916 -31.6504
82.6223 -31.7511
82.8526 -31.8518
83.0827 -31.9525
83.3124 -32.0533
83.5418 -32.1541
83.7709 -32.2549
83.9997 -32.3557
84.2281 -32.4566
84.4563 -32.5575
84.6841 -32.6584
84.9116 -32.7593
85.1388 -32.8603
85.3657 -32.9612
85.5922 -33.0622
85.8185 -33.1633
86.0444 -33.2643
86.2701 -33.3654
86.4954 -33.4665
86.7204 -33.5676
86.9451 -33.6687
87.1695 -33.7699
87.3935 -33.8711
87.6173 -33.9723
87.8408 -34.0736
88.0639 -34.1749
88.2867 -34.2762
88.5093 -34.3775
88.7315 -34.4789
88.9534 -34.5802
89.175 -34.6817
89.3963 -34.7831
89.6173 -34.8846
89.838 -34.9861
90.0584 -35.0876
90.2785 -35.1891
90.4982 -35.2907
90.7177 -35.3923
90.9369 -35.4939
91.1558 -35.5956
91.3743 -35.6973
91.5926 -35.799
91.8105 -35.9007
92.0282 -36.0025
92.2456 -36.1043
92.4626 -36.2062
92.6794 -36.308
92.8958 -36.4099
93.112 -36.5119
93.3279 -36.6138
93.5434 -36.7158
93.7587 -36.8179
93.9736 -36.9199
94.1883 -37.022
94.4027 -37.1241
94.6168 -37.2263
94.8305 -37.3285
95.044 -37.4307
95.2572 -37.533
95.4701 -37.6352
95.6827 -37.7376
95.895 -37.8399
96.107 -37.9423
96.3188 -38.0447
96.5302 -38.1472
96.7412 -38.2496
96.9519 -38.352
97.1623 -38.4545
97.3724 -38.5571
97.5823 -38.6596
97.7916 -38.7621
98.0005 -38.8646
98.2092 -38.9672
98.4176 -39.0698
98.6257 -39.1724
98.8335 -39.2751
99.041 -39.3778
99.2478 -39.4867
99.4528 -39.6097
99.6576 -39.7329
99.8562 -39.8966
100.053 -40.0663
100.25 -40.2364
100.436 -40.4493
100.616 -40.663
100.79 -40.8796
100.951 -41.1004
101.091 -41.2931
101.23 -41.4904
101.358 -41.6885
101.483 -41.8875
101.604 -42.0863
101.721 -42.2768
101.834 -42.4588
101.94 -42.6393
102.038 -42.8238
102.137 -43.0089
102.224 -43.1911
102.302 -43.3777
102.379 -43.5645
102.455 -43.7513
102.531 -43.9384
102.605 -44.1295
102.678 -44.3243
102.75 -44.5186
102.821 -44.7129
102.891 -44.9078
102.961 -45.102
103.029 -45.2953
103.097 -45.4888
103.164 -45.6828
103.23 -45.8755
103.294 -46.0724
103.357 -46.2694
103.419 -46.4685
103.48 -46.6735
103.54 -46.8847
103.597 -47.1003
103.654 -47.3163
103.71 -47.5287
103.764 -47.7543
103.817 -47.9827
103.87 -48.2112
103.921 -48.4392
103.972 -48.6674
104.023 -48.8966
104.07 -49.1305
104.116 -49.362
104.161 -49.5936
104.206 -49.8253
104.251 -50.0571
104.295 -50.2873
104.337 -50.5135
104.378 -50.7383
104.418 -50.9632
104.458 -51.1884
104.498 -51.4123
104.536 -51.6321
104.572 -51.8506
104.608 -52.0692
104.644 -52.2883
104.679 -52.5077
104.713 -52.7263
104.746 -52.9451
104.78 -53.1643
104.812 -53.3871
104.844 -53.6153
104.876 -53.8437
104.908 -54.0721
104.939 -54.3007
104.97 -54.5362
105 -54.779
105.029 -55.0218
105.059 -55.2648
105.088 -55.5078
105.113 -55.7456
105.133 -55.9774
105.152 -56.2083
105.17 -56.4441
105.187 -56.6809
105.13 -56.824
104.992 -56.8679
104.719 -56.8497
104.167 -56.7132
104.259 -56.6553
104.319 -56.9086
101.348 -56.1202
101.237 -56.1184
101.126 -56.1173
101.024 -56.1192
100.981 -56.1375
100.971 -56.1649
100.973 -56.1956
100.972 -56.2254
100.969 -56.2542
100.962 -56.2817
100.952 -56.3081
100.939 -56.3333
100.926 -56.3581
100.903 -56.3678
100.866 -56.4382
100.843 -56.5028
100.827 -56.5703
100.805 -56.6471
100.775 -56.7625
100.742 -56.9094
100.707 -57.0663
100.67 -57.2202
100.631 -57.3847
100.591 -57.57
100.548 -57.7505
100.505 -57.9278
100.461 -58.1039
100.416 -58.279
100.373 -58.4568
100.34 -58.6448
100.305 -58.8238
100.268 -58.9917
100.231 -59.1589
100.193 -59.3253
100.153 -59.4875
100.111 -59.6327
100.069 -59.7771
100.027 -59.921
99.9838 -60.0619
99.9402 -60.2014
99.8962 -60.3402
99.8513 -60.4779
99.8054 -60.6142
99.7633 -60.7554
99.7208 -60.896
99.6779 -61.0361
99.6345 -61.1757
99.5907 -61.3147
99.5464 -61.453
99.5016 -61.5906
99.4563 -61.7276
99.4106 -61.8639
99.3643 -61.9994
99.3174 -62.1343
99.2736 -62.273
99.232 -62.4145
99.19 -62.5554
99.1474 -62.6957
99.1044 -62.8352
99.0608 -62.974
99.0166 -63.112
98.9719 -63.2493
98.9265 -63.3858
98.8806 -63.5213
98.8326 -63.6544
98.7893 -63.7932
98.7462 -63.9324
98.7026 -64.0709
98.6585 -64.2088
98.6138 -64.3459
98.5685 -64.4822
98.525 -64.6209
98.4817 -64.7597
98.4377 -64.8977
98.3931 -65.035
98.348 -65.1715
98.3022 -65.3072
98.2558 -65.4421
98.2088 -65.5762
98.161 -65.7094
98.1126 -65.8416
98.0628 -65.9721
98.0125 -66.102
97.9617 -66.2312
97.9103 -66.3596
97.8584 -66.4873
97.8059 -66.6142
97.7529 -66.7403
97.6992 -66.8656
97.6441 -66.9887
97.5884 -67.1111
97.5323 -67.2328
97.4758 -67.3539
97.4203 -67.4764
97.3647 -67.5986
97.3086 -67.7201
97.2527 -67.8419
97.198 -67.966
97.1433 -68.09
97.0906 -68.2166
97.0375 -68.3427
96.984 -68.4684
96.9302 -68.5935
96.876 -68.7181
96.8214 -68.8421
96.7677 -68.9676
96.7129 -69
96.6574 -69
96.6016 -69
96.5454 -69
96.4884 -69
96.4311 -69
96.3734 -69
96.3154 -69
96.2569 -69
96.189 -69
96.1203 -69
96.0501 -69
95.981 -69
95.9118 -69
95.8406 -69
95.7689 -69
95.6968 -69
95.6034 -69
95.4489 -69
95.2756 -69
95.0542 -69
94.8088 -69
94.6514 -69
94.5036 -69
94.4458 -69
94.4529 -69
94.4339 -69
94.3977 -69
94.3463 -69
94.2901 -69
94.231 -69
94.1719 -69
94.1147 -69
94.0573 -69
93.9997 -69
93.9421 -69
93.8834 -69
93.8226 -69
93.7618 -69
93.7013 -69
93.6416 -69
93.5819 -69
93.522 -69
93.4621 -69
93.402 -69
93.3418 -69
93.2816 -69
93.223 -69
93.1649 -69
93.1067 -69
93.0484 -69
92.9922 -69
92.9375 -69
92.8826 -69
92.8278 -69
92.7729 -69
92.7199 -69
92.6671 -69
92.6141 -69
92.5612 -69
92.5079 -69
92.4544 -69
92.4008 -69
92.3471 -69
92.2934 -69
92.2397 -69
92.1859 -69
92.1318 -69
92.0779 -69
92.0253 -69
91.9727 -69
91.92 -69
91.8673 -69
91.8164 -69
91.7659 -69
91.7154 -69
91.6655 -69
91.6163 -69
91.5669 -69
91.5176 -69
91.4682 -69
91.4188 -69
91.3694 -69
91.3199 -69
91.2704 -69
91.2207 -69
91.1709 -69
91.1211 -69
91.0712 -69
91.0213 -69
90.9714 -69
90.9215 -69
90.8715 -69
90.8214 -69
90.7713 -69
90.7212 -69
90.6711 -69
90.6209 -69
90.5708 -69
90.5206 -69
90.4703 -69
90.4201 -69
90.3701 -69
90.3205 -69
90.2708 -69
90.2212 -69
90.1715 -69
90.1218 -69
90.072 -69
90.0222 -69
89.9725 -69
89.9233 -69
89.8741 -69
89.8249 -69
89.7756 -69
89.7263 -69
89.677 -69
89.6277 -69
89.5783 -69
89.5309 -69
89.487 -69
89.4431 -69
89.3993 -69
89.3554 -69
89.3115 -69
89.2686 -69
89.2259 -69
89.183 -69
89.14 -69
89.097 -69
89.0539 -69
89.0109 -69
88.9682 -69
88.9257 -69
88.8832 -69
88.8406 -69
88.7981 -69
88.7556 -69
88.7131 -69
88.6705 -69
88.628 -69
88.5855 -69
88.543 -69
88.5005 -69
88.458 -69
88.4155 -69
88.373 -69
88.3305 -69
88.288 -69
88.2454 -69
88.2029 -69
88.1611 -69
88.1193 -69
88.0775 -69
88.0356 -69
87.9938 -69
87.9522 -69
87.9107 -69
87.8691 -69
87.8276 -69
87.786 -69
87.7445 -69
87.7026 -69
87.6605 -69
87.6183 -69
87.5761 -69
87.5339 -69
87.4918 -69
87.4494 -69
87.406 -69
87.3625 -69
87.319 -69
87.2754 -69
87.2318 -69
87.1865 -68.9136
87.1408 -68.9319
87.0949 -68.886
87.0488 -68.835
87.0027 -68.7801
86.9564 -68.7211
86.91 -68.6577
86.8634 -68.5896
86.8167 -68.5165
86.7698 -68.4379
86.7228 -68.3534
86.6745 -68.2341
86.6273 -68.1369
86.5821 -68.1051
86.5381 -68.1199
86.494 -68.1349
86.45 -68.1495
86.4059 -68.1635
86.3619 -68.1769
86.3239 -68.1928
86.2875 -68.2263
86.2519 -68.2768
86.2164 -68.3266
86.1809 -68.3761
86.1453 -68.4255
86.1098 -68.4749
86.0742 -68.5239
86.0386 -68.5722
86.0028 -68.6201
85.9671 -68.6675
85.9316 -68.7154
85.8965 -68.7639
85.8614 -68.8119
85.8263 -68.8596
85.7911 -68.9059
85.7558 -68.9485
85.7206 -68.991
85.6851 -69
85.6497 -69
85.6142 -69
85.5788 -69
85.5468 -69
85.5163 -69
85.4858 -69
85.4553 -69
85.4248 -69
85.3943 -69
85.3638 -69
85.3334 -69
85.303 -69
85.2726 -69
85.2422 -69
85.2118 -69
85.1814 -69
85.1511 -69
85.1207 -69
85.0904 -69
85.0601 -69
85.0298 -69
84.9995 -69
84.9693 -69
84.939 -69
84.9088 -69
84.8786 -69
84.8484 -69
84.8182 -69
84.7881 -69
84.7579 -69
84.7277 -69
84.6975 -69
84.6674 -69
84.6372 -69
84.6071 -69
84.577 -69
84.5469 -69
84.5168 -69
84.4867 -69
84.4567 -69
84.4266 -69
84.3966 -69
84.3666 -69
84.3367 -69
84.3067 -69
84.2768 -69
84.2469 -69
84.217 -69
84.1871 -69
84.1572 -69
84.1274 -69
84.0976 -69
84.0678 -69
84.038 -69
84.0083 -69
83.9791 -69
83.9499 -69
83.9207 -69
83.8915 -69
83.8623 -69
83.8332 -69
83.8041 -69
83.775 -69
83.7459 -69
83.7168 -69
83.6878 -69
83.6588 -69
83.6298 -69
83.6008 -69
83.5719 -69
83.5429 -69
83.514 -69
83.4851 -69
83.4562 -69
83.4274 -69
83.3986 -69
83.3698 -69
83.341 -69
83.3122 -69
83.2835 -69
83.2548 -69
83.2261 -69
83.1974 -69
83.1687 -69
83.1401 -69
83.1115 -69
83.0829 -69
83.0544 -69
83.0258 -69
82.9973 -69
82.9688 -69
82.9404 -69
82.9119 -69
82.8835 -69
82.8551 -69
82.8267 -69
82.7984 -69
82.77 -69
82.7417 -69
82.7135 -69
82.6852 -69
82.657 -69
82.6288 -69
82.6006 -69
82.5723 -69
82.544 -69
82.5157 -69
82.4875 -69
82.4593 -69
82.4311 -69
82.4029 -69
82.3748 -69
82.3467 -69
82.3215 -69
82.2966 -69
82.2717 -69
82.2468 -69
82.222 -69
82.1972 -69
82.1724 -69
82.1476 -69
82.1229 -69
82.0982 -69
82.0735 -69
82.0488 -69
82.0241 -69
81.9994 -69
81.9748 -69
81.9505 -69
81.9261 -69
81.9018 -69
81.8774 -69
81.8532 -69
81.8289 -69
81.8047 -69
81.7805 -69
81.7563 -69
81.7321 -69
81.708 -69
81.6839 -69
81.6599 -69
81.6358 -69
81.6118 -69
81.588 -69
81.5642 -69
81.5404 -69
81.5167 -69
81.493 -69
81.4693 -69
81.4456 -69
81.422 -69
81.3984 -69
81.3748 -69
81.3512 -69
81.3277 -69
81.3042 -69
81.2808 -69
81.2573 -69
81.2339 -69
81.2106 -69
81.1872 -69
81.1639 -69
81.1406 -69
81.1174 -69
81.0942 -69
81.071 -69
81.0478 -69
81.0247 -69
81.0016 -69
80.9785 -69
80.9555 -69
80.9325 -69
80.9095 -69
80.8865 -69
80.8636 -69
80.8407 -69
80.8179 -69
80.7951 -69
80.7723 -69
80.7495 -69
80.7268 -69
80.7041 -69
80.6814 -69
80.6588 -69
80.6361 -69
80.6135 -69
80.591 -69
80.5684 -69
80.5459 -69
80.5235 -69
80.501 -69
80.4786 -69
80.4563 -69
80.434 -69
80.4117 -69
80.3894 -69
80.3672 -69
80.345 -69
80.3229 -69
80.3008 -69
80.2798 -69
80.2588 -69
80.2379 -69
80.217 -69
80.1962 -69
80.1754 -69
80.1546 -69
80.1338 -69
80.1131 -69
80.0925 -69
80.0718 -69
80.0512 -69
80.0306 -69
80.0101 -69
79.9896 -69
79.9691 -69
79.9487 -69
79.9283 -69
79.908 -69
79.8876 -69
79.8674 -69
79.8471 -69
79.8269 -69
79.8067 -69
79.7866 -69
79.7665 -69
79.7464 -69
79.7264 -69
79.7064 -69
79.6864 -69
79.6665 -69
79.6475 -69
79.6296 -69
79.6117 -69
79.5939 -69
79.5762 -69
79.5584 -69
79.5407 -69
79.523 -69
79.5054 -69
79.4878 -69
79.4702 -69
79.4527 -69
79.4352 -69
79.4177 -69
79.4003 -69
79.3829 -69
79.3655 -69
79.3482 -69
79.3309 -69
79.3136 -69
79.2964 -69
79.2792 -69
79.2621 -69
79.245 -69
79.2279 -69
79.2108 -69
79.1936 -69
79.1765 -69
79.1594 -69
79.1424 -69
79.1254 -69
79.1084 -69
79.0914 -69
79.0745 -69
79.0576 -69
79.0407 -69
79.0239 -69
79.0071 -69
78.9903 -69
78.9736 -69
78.9569 -69
78.9402 -69
78.9236 -69
78.9071 -69
78.8905 -69
78.874 -69
78.8575 -69
78.8411 -69
78.8247 -69
78.8083 -69
78.792 -69
78.7757 -69
78.7594 -69
78.7433 -69
78.7273 -69
78.7112 -69
78.6952 -69
78.6793 -69
78.6633 -69
78.6475 -69
78.6316 -69
78.6158 -69
78.6 -69
78.5843 -69
78.5686 -69
78.5529 -69
78.5373 -69
78.5217 -69
78.5062 -69
78.4907 -69
78.4752 -69
78.4598 -69
78.4444 -69
78.429 -69
78.4137 -69
78.3984 -69
78.3832 -69
78.3679 -69
78.3528 -69
78.3377 -69
78.3226 -69
78.3075 -69
78.2925 -69
78.2775 -69
78.2626 -69
78.2477 -69
78.2329 -69
78.2181 -69
78.2033 -69
78.1886 -69
78.1737 -69
78.1589 -69
78.1442 -69
78.1294 -69
78.1147 -69
78.1001 -69
78.0855 -69
78.0709 -69
78.0564 -69
78.0419 -69
78.0274 -69
78.013 -69
77.9986 -69
77.9843 -69
77.97 -69
77.9557 -69
77.9415 -69
77.9273 -69
77.9131 -69
77.8989 -69
77.8846 -69
77.8705 -69
77.8564 -69
77.8423 -69
77.8282 -69
77.8142 -69
77.8001 -69
77.7851 -69
77.7702 -69
77.7553 -69
77.7404 -69
77.7255 -69
77.7107 -69
77.6959 -69
77.6811 -69
77.6664 -69
77.6517 -69
77.6371 -69
77.6224 -69
77.6078 -69
77.5933 -69
77.5788 -69
77.5643 -69
77.5498 -69
77.5354 -69
77.521 -69
77.5066 -69
77.4923 -69
77.478 -69
77.4637 -69
77.4495 -69
77.4353 -69
77.4212 -69
77.4071 -69
77.393 -69
77.3789 -69
77.3649 -69
77.3509 -69
77.337 -69
77.3231 -69
77.3092 -69
77.2953 -69
77.2815 -69
77.2677 -69
77.2539 -69
77.2401 -69
77.2264 -69
77.2127 -69
77.199 -69
77.1854 -69
77.1718 -69
77.1582 -69
77.1447 -69
77.1312 -69
77.1178 -69
77.1044 -69
77.091 -69
77.0776 -69
77.0643 -69
77.0514 -69
77.0389 -69
77.0264 -69
77.0139 -69
77.0014 -69
76.989 -69
76.9767 -69
76.9644 -69
76.9521 -69
76.9398 -69
76.9276 -69
76.9154 -69
76.9033 -69
76.8912 -69
76.8791 -69
76.8671 -69
76.8551 -69
76.8432 -69
76.8312 -69
76.8193 -69
76.8075 -69
76.7956 -69
76.7839 -69
76.7721 -69
76.7604 -69
76.7487 -69
76.7371 -69
76.7255 -69
76.7139 -69
76.7023 -69
76.6908 -69
76.6794 -69
76.6679 -69
76.6565 -69
76.6452 -69
76.6339 -69
76.6226 -69
76.6113 -69
76.6001 -69
76.5889 -69
76.5778 -69
76.5667 -69
76.5556 -69
76.5446 -69
76.5336 -69
76.5226 -69
76.5117 -69
76.5008 -69
76.49 -69
76.4792 -69
76.4684 -69
76.4576 -69
76.4469 -69
76.4363 -69
76.4241 -69
76.4134 -69
76.4014 -69
76.3898 -69
76.3781 -69
76.3666 -69
76.355 -69
76.3435 -69
76.332 -69
76.3206 -69
76.3092 -69
76.2978 -69
76.2864 -69
76.2751 -69
76.2638 -69
76.2526 -69
76.2414 -69
76.2302 -69
76.2191 -69
76.208 -69
76.1969 -69
76.1859 -69
76.1749 -69
76.1639 -69
76.153 -69
76.1421 -69
76.1312 -69
76.1204 -69
76.1096 -69
76.0988 -69
76.0881 -69
76.0774 -69
76.0667 -69
76.0561 -69
76.0455 -69
76.035 -69
76.0245 -69
76.014 -69
76.0035 -69
75.9931 -69
75.9828 -69
75.9724 -69
75.9621 -69
75.9519 -69
75.9416 -69
75.9314 -69
75.9213 -69
75.9111 -69
75.901 -69
75.891 -69
75.8809 -69
75.8709 -69
75.861 -69
75.851 -69
75.8411 -69
75.8313 -69
75.8215 -69
75.8117 -69
75.8019 -69
75.7922 -69
75.7825 -69
75.7729 -69
75.7633 -69
75.7537 -69
75.7442 -69
75.7347 -69
75.7252 -69
75.7158 -69
75.7064 -69
75.6971 -69
75.688 -69
75.6793 -69
75.6707 -69
75.6621 -69
75.6536 -69
75.6451 -69
75.6366 -69
75.6281 -69
75.6197 -69
75.6113 -69
75.603 -69
75.5947 -69
75.5864 -69
75.5782 -69
75.57 -69
75.5619 -69
75.5537 -69
75.5457 -69
75.5376 -69
75.5296 -69
75.5217 -69
75.5137 -69
75.5058 -69
75.498 -69
75.4902 -69
75.4815 -69
75.4722 -69
75.463 -69
75.4537 -69
75.4446 -69
75.4354 -69
75.4263 -69
75.4172 -69
75.4081 -69
75.3991 -69
75.3901 -69
75.3811 -69
75.3721 -69
75.3632 -69
75.3544 -69
75.3455 -69
75.3367 -69
75.3279 -69
75.3191 -69
75.3104 -69
75.3017 -69
75.2931 -69
75.2845 -69
75.2759 -69
75.2673 -69
75.2584 -69
75.2493 -69
75.2402 -69
75.2311 -69
75.2221 -69
75.2131 -69
75.2041 -69
75.1951 -69
75.1862 -69
75.1773 -69
75.1685 -69
75.1596 -69
75.1508 -69
75.1421 -69
75.1333 -69
75.1246 -69
75.116 -69
75.1073 -69
75.0987 -69
75.0901 -69
75.0816 -69
75.073 -69
75.0646 -69
75.0561 -69
75.0477 -69
75.0393 -69
75.0309 -69
75.0226 -69
75.0143 -69
75.006 -69
74.9978 -69
74.9896 -69
74.9814 -69
74.9732 -69
74.9651 -69
74.957 -69
74.949 -69
74.941 -69
74.933 -69
74.925 -69
74.9171 -69
74.9092 -69
74.9014 -69
74.8935 -69
74.8857 -69
74.878 -69
74.8703 -69
74.8626 -69
74.8549 -69
74.8473 -69
74.8397 -69
74.8321 -69
74.8246 -69
74.8171 -69
74.8096 -69
74.8022 -69
74.7948 -69
74.7874 -69
74.7801 -69
74.7728 -69
74.7655 -69
74.7583 -69
74.7511 -69
74.7439 -69
74.7368 -69
74.7297 -69
74.7226 -69
74.7156 -69
74.7086 -69
74.7016 -69
74.6946 -69
74.6877 -69
74.6809 -69
74.674 -69
74.6673 -69
74.6605 -69
74.6538 -69
74.6471 -69
74.6404 -69
74.6338 -69
74.6272 -69
74.6206 -69
74.6141 -69
74.6069 -69
74.5989 -69
74.5909 -69
74.5829 -69
74.575 -69
74.5671 -69
74.5592 -69
74.5514 -69
74.5436 -69
74.5358 -69
74.5281 -69
74.5203 -69
74.5126 -69
74.505 -69
74.4973 -69
74.4897 -69
74.4822 -69
74.4746 -69
74.4671 -69
74.4596 -69
74.4522 -69
74.4448 -69
74.4374 -69
74.43 -69
74.4227 -69
74.4154 -69
74.4081 -69
74.4009 -69
74.3937 -69
74.3865 -69
74.3793 -69
74.3722 -69
74.3652 -69
74.3581 -69
74.3511 -69
74.3441 -69
74.3371 -69
74.3302 -69
74.3233 -69
74.3165 -69
74.3096 -69
74.3028 -69
74.2961 -69
74.2893 -69
74.2826 -69
74.276 -69
74.2693 -69
74.2627 -69
74.2562 -69
74.2496 -69
74.2431 -69
74.2358 -68.9652
74.2282 -68.982
74.2205 -68.9678
74.2128 -68.9536
74.2052 -68.9393
74.1976 -68.925
74.19 -68.9106
74.1825 -68.8962
74.175 -68.8817
74.1675 -68.8671
74.1601 -68.8525
74.1527 -68.8378
74.1453 -68.8231
74.1379 -68.8083
74.1306 -68.7934
74.1233 -68.7785
74.1161 -68.7636
74.1089 -68.7486
74.1017 -68.7336
74.0945 -68.7185
74.0873 -68.7034
74.0802 -68.6882
74.0732 -68.673
74.0661 -68.6577
74.0591 -68.6424
74.0521 -68.627
74.0452 -68.6115
74.0382 -68.596
74.0314 -68.5804
74.0245 -68.5648
74.0177 -68.5492
74.0109 -68.5334
74.0041 -68.5177
73.9974 -68.5018
73.9907 -68.4859
73.9841 -68.47
73.9774 -68.454
73.9708 -68.438
73.9642 -68.4219
73.9577 -68.4058
73.9512 -68.3896
73.9447 -68.3734
73.9383 -68.3571
73.9319 -68.3408
73.9255 -68.3244
73.9192 -68.3079
73.9129 -68.2914
73.9066 -68.2748
73.9004 -68.2582
73.8942 -68.2415
73.888 -68.2247
73.8818 -68.208
73.8757 -68.1911
73.8697 -68.1742
73.8636 -68.1573
73.8576 -68.1403
73.8516 -68.1232
73.8457 -68.1061
73.8398 -68.0889
73.8339 -68.0717
73.8281 -68.0544
73.8223 -68.0371
73.8165 -68.0197
73.8108 -68.0022
73.8051 -67.9847
73.7994 -67.9672
73.7938 -67.9495
73.7882 -67.9319
73.7826 -67.9141
73.7771 -67.8964
73.7716 -67.8785
73.7662 -67.8607
73.7607 -67.8428
73.7553 -67.8248
73.75 -67.8068
73.7447 -67.7887
73.7394 -67.7706
73.7341 -67.7524
73.7289 -67.7341
73.7237 -67.7158
73.7186 -67.6975
73.7135 -67.6791
73.7083 -67.661
73.7031 -67.6438
73.6978 -67.6265
73.6926 -67.6091
73.6874 -67.5917
73.6823 -67.5743
73.6772 -67.5568
73.6721 -67.5392
73.6671 -67.5216
73.6621 -67.5039
73.6571 -67.4861
73.6522 -67.4683
73.6473 -67.4505
73.6425 -67.4326
73.6376 -67.4146
73.6328 -67.3966
73.6281 -67.3786
73.6233 -67.3606
73.6187 -67.3425
73.614 -67.3243
73.6094 -67.3061
73.6048 -67.2878
73.6002 -67.2694
73.5957 -67.251
73.5912 -67.2326
73.5868 -67.2141
73.5824 -67.1956
73.578 -67.177
73.5736 -67.1583
73.5693 -67.1396
73.5651 -67.1209
73.5608 -67.102
73.5566 -67.0832
73.5525 -67.0642
73.5483 -67.0452
73.5442 -67.0262
73.5402 -67.0071
73.5361 -66.988
73.5322 -66.9688
73.5282 -66.9495
73.5243 -66.9302
73.5204 -66.9109
73.5166 -66.8915
73.5127 -66.872
73.5089 -66.8526
73.5052 -66.8331
73.5015 -66.8136
73.4978 -66.794
73.4941 -66.7743
73.4905 -66.7546
73.487 -66.7349
73.4834 -66.7151
73.4799 -66.6952
73.4764 -66.6754
73.473 -66.6554
73.4696 -66.6354
73.4662 -66.6154
73.4628 -66.5953
73.4596 -66.5751
73.4563 -66.5549
73.4531 -66.5346
73.4499 -66.5143
73.4467 -66.4939
73.4436 -66.4735
73.4406 -66.453
73.4375 -66.4324
73.4345 -66.4118
73.4316 -66.3911
73.4287 -66.3704
73.4258 -66.3496
73.4229 -66.3288
73.4201 -66.3079
73.4174 -66.2869
73.4146 -66.2659
73.4119 -66.2449
73.4093 -66.2239
73.4066 -66.2029
73.404 -66.1818
73.4014 -66.1607
73.3989 -66.1395
73.3964 -66.1182
73.394 -66.0969
73.3915 -66.0756
73.3892 -66.0541
73.3868 -66.0326
73.3846 -66.0111
73.3823 -65.9895
73.3801 -65.9679
73.3779 -65.9462
73.3757 -65.9245
73.3736 -65.9027
73.3715 -65.8809
73.3695 -65.8591
73.3675 -65.8373
73.3655 -65.8154
73.3636 -65.7934
73.3617 -65.7714
73.3598 -65.7494
73.358 -65.7273
73.3562 -65.7052
73.3544 -65.683
73.3527 -65.6607
73.3511 -65.6384
73.3494 -65.6161
73.3478 -65.5937
73.3463 -65.5712
73.3448 -65.5487
73.3433 -65.5262
73.3419 -65.5036
73.3405 -65.4809
73.3391 -65.4582
73.3378 -65.4354
73.3365 -65.4126
73.3353 -65.3897
73.3341 -65.3668
73.333 -65.3438
73.3318 -65.3207
73.3308 -65.2976
73.3297 -65.2745
73.3288 -65.2513
73.3278 -65.2281
73.3269 -65.2048
73.326 -65.1814
73.3252 -65.158
73.3244 -65.1345
73.3237 -65.111
73.3229 -65.0875
73.3223 -65.064
73.3216 -65.0404
73.321 -65.0167
73.3205 -64.993
73.32 -64.9692
73.3195 -64.9453
73.3191 -64.9214
73.3187 -64.8975
73.3184 -64.8735
73.3181 -64.8494
73.3178 -64.8253
73.3176 -64.8011
73.3174 -64.7769
73.317 -64.7536
73.3156 -64.7344
73.3142 -64.7151
73.3129 -64.6958
73.3116 -64.6765
73.3103 -64.657
73.3091 -64.6376
73.3079 -64.6181
73.3068 -64.5985
73.3057 -64.5789
73.3046 -64.5593
73.3035 -64.5395
73.3025 -64.5198
73.3016 -64.5
73.3006 -64.4802
73.2997 -64.4603
73.2985 -64.4414
73.296 -64.4271
73.2935 -64.4127
73.291 -64.3983
73.2885 -64.3838
73.286 -64.3693
73.2836 -64.3548
73.2812 -64.3402
73.2789 -64.3256
73.2766 -64.3109
73.2743 -64.2961
73.272 -64.2813
73.2698 -64.2665
73.2676 -64.2516
73.2654 -64.2367
73.2633 -64.2217
73.2612 -64.2067
73.2591 -64.1916
73.2571 -64.1765
73.2551 -64.1613
73.2531 -64.1461
73.2511 -64.1308
73.2492 -64.1155
73.2473 -64.1001
73.2455 -64.0848
73.2437 -64.0694
73.2419 -64.0539
73.2401 -64.0384
73.2384 -64.0228
73.2367 -64.0072
73.235 -63.9915
73.2334 -63.9758
73.2317 -63.9601
73.2302 -63.9443
73.2286 -63.9285
73.2271 -63.9126
73.2256 -63.8967
73.2242 -63.8807
73.2228 -63.8647
73.2214 -63.8487
73.22 -63.8326
73.2187 -63.8165
73.2174 -63.8003
73.2162 -63.7841
73.2149 -63.7678
73.2137 -63.7515
73.2126 -63.7351
73.2114 -63.7187
73.2103 -63.7023
73.2093 -63.6858
73.2083 -63.6692
73.2073 -63.6526
73.2063 -63.636
73.2053 -63.6195
73.2043 -63.6029
73.2033 -63.5863
73.2024 -63.5696
73.2015 -63.5529
73.2007 -63.5362
73.1998 -63.5195
73.199 -63.5027
73.1983 -63.4859
73.1975 -63.469
73.1968 -63.4521
73.1962 -63.4351
73.1955 -63.418
73.195 -63.401
73.1944 -63.3838
73.1939 -63.3666
73.1934 -63.3494
73.1929 -63.3321
73.1925 -63.3148
73.1921 -63.2974
73.1917 -63.28
73.1914 -63.2625
73.1911 -63.245
73.1908 -63.2274
73.1906 -63.2099
73.1904 -63.1923
73.1902 -63.1746
73.1901 -63.1569
73.19 -63.1392
73.1899 -63.1214
73.1899 -63.1035
73.1899 -63.0856
73.1899 -63.0677
73.19 -63.0497
73.1901 -63.0316
73.1902 -63.0136
73.1904 -62.9955
73.1906 -62.9773
73.1908 -62.9591
73.1911 -62.9409
73.1914 -62.9226
73.1917 -62.9042
73.1921 -62.8858
73.1925 -62.8674
73.193 -62.8489
73.1931 -62.8314
73.192 -62.8172
73.1909 -62.803
73.1899 -62.7888
73.1889 -62.7745
73.1879 -62.7602
73.1869 -62.7458
73.186 -62.7314
73.1851 -62.7169
73.1843 -62.7024
73.1835 -62.6879
73.1827 -62.6733
73.1819 -62.6587
73.1812 -62.644
73.1805 -62.6293
73.1798 -62.6146
73.1791 -62.5998
73.1785 -62.5849
73.1779 -62.5701
73.1774 -62.5552
73.1768 -62.5402
73.1764 -62.5252
73.1759 -62.5102
73.1755 -62.4951
73.1751 -62.48
73.1742 -62.4661
73.1732 -62.4526
73.1723 -62.4392
73.1714 -62.4257
73.1705 -62.4121
73.1696 -62.3985
73.1688 -62.3848
73.1679 -62.3711
73.1672 -62.3574
73.1664 -62.3436
73.1657 -62.3298
73.165 -62.3159
73.1643 -62.302
73.1637 -62.2881
73.1631 -62.2741
73.1625 -62.26
73.162 -62.2459
73.1615 -62.2318
73.161 -62.2176
73.1605 -62.2034
73.1601 -62.1892
73.1597 -62.1749
73.1594 -62.1606
73.159 -62.1462
73.1587 -62.1317
73.1585 -62.1173
73.1582 -62.1027
73.158 -62.0882
73.1578 -62.0736
73.1577 -62.0589
73.1576 -62.0442
73.1575 -62.0295
73.1574 -62.0148
73.1574 -61.9999
73.1574 -61.9851
73.1575 -61.9702
73.1575 -61.9552
73.1576 -61.9402
73.1578 -61.9252
73.1579 -61.9101
73.1581 -61.895
73.1583 -61.88
73.1584 -61.865
73.1586 -61.8499
73.1589 -61.8348
73.1591 -61.8197
73.1594 -61.8045
73.1597 -61.7893
73.1601 -61.774
73.1605 -61.7587
73.1609 -61.7433
73.1613 -61.7279
73.1618 -61.7124
73.1623 -61.6969
73.1629 -61.6814
73.1634 -61.6658
73.164 -61.6502
73.1647 -61.6346
73.1653 -61.6189
73.166 -61.6031
73.1668 -61.5874
73.1675 -61.5715
73.1683 -61.5557
73.1691 -61.5398
73.17 -61.5239
73.1709 -61.5079
73.1718 -61.4919
73.1727 -61.4758
73.1734 -61.4605
73.174 -61.4455
73.1745 -61.4306
73.1749 -61.4161
73.1752 -61.4015
73.1757 -61.3869
73.1761 -61.3723
73.1766 -61.3576
73.1771 -61.3428
73.1776 -61.3281
73.1782 -61.3132
73.1788 -61.2984
73.1794 -61.2835
73.18 -61.2685
73.1807 -61.2535
73.1814 -61.2385
73.1821 -61.2236
73.1828 -61.2087
73.1835 -61.1939
73.1843 -61.179
73.185 -61.1641
73.1858 -61.1491
73.1866 -61.1341
73.1875 -61.1191
73.1883 -61.1041
73.1892 -61.089
73.1902 -61.0738
73.1911 -61.0587
73.1921 -61.0435
73.1932 -61.0282
73.1942 -61.013
73.1953 -60.9977
73.1964 -60.9824
73.1976 -60.967
73.1987 -60.9516
73.1999 -60.9361
73.2012 -60.9206
73.2024 -60.9051
73.2037 -60.8895
73.2051 -60.8739
73.2064 -60.8583
73.2078 -60.8427
73.2092 -60.827
73.2107 -60.8112
73.2122 -60.7955
73.2137 -60.7796
73.2153 -60.7638
73.2168 -60.7479
73.2184 -60.7319
73.2201 -60.7159
73.2218 -60.6999
73.2235 -60.6839
73.2252 -60.6678
73.227 -60.6517
73.2288 -60.6356
73.2306 -60.6194
73.2324 -60.6032
73.2343 -60.587
73.2363 -60.5707
73.2382 -60.5543
73.2402 -60.538
73.2422 -60.5215
73.2443 -60.5051
73.2464 -60.4886
73.2485 -60.472
73.2507 -60.4555
73.2529 -60.4388
73.2551 -60.4222
73.2573 -60.4054
73.2596 -60.3887
73.262 -60.3719
73.2643 -60.3551
73.2667 -60.3382
73.2691 -60.3213
73.2715 -60.3044
73.274 -60.2875
73.2765 -60.2705
73.2791 -60.2535
73.2816 -60.2365
73.2842 -60.2194
73.2869 -60.2023
73.2895 -60.1852
73.2922 -60.168
73.295 -60.1508
73.2977 -60.1335
73.3005 -60.1163
73.3033 -60.0989
73.3062 -60.0816
73.3091 -60.0642
73.312 -60.0467
73.315 -60.0292
73.318 -60.0117
73.321 -59.9941
73.3241 -59.9765
73.3271 -59.9613
73.3301 -59.947
73.3332 -59.9326
73.3362 -59.9182
73.3394 -59.9037
73.3425 -59.8892
73.3457 -59.8747
73.3489 -59.8602
73.3521 -59.8456
73.3554 -59.8309
73.3587 -59.8162
73.3621 -59.8015
73.3655 -59.7867
73.3689 -59.7719
73.3723 -59.7571
73.3758 -59.7423
73.3793 -59.7274
73.3828 -59.7125
73.3864 -59.6976
73.39 -59.6826
73.3937 -59.6676
73.3973 -59.6526
73.401 -59.6376
73.4048 -59.6225
73.4086 -59.6073
73.4124 -59.5921
73.4162 -59.5769
73.4201 -59.5616
73.424 -59.5464
73.428 -59.531
73.432 -59.5157
73.436 -59.5003
73.44 -59.4849
73.4442 -59.4693
73.4486 -59.4534
73.453 -59.4374
73.4575 -59.4214
73.462 -59.4053
73.4665 -59.3893
73.4711 -59.3731
73.4757 -59.3569
73.4803 -59.3407
73.485 -59.3245
73.4897 -59.3082
73.4945 -59.2918
73.4993 -59.2754
73.5041 -59.259
73.509 -59.2426
73.5139 -59.2261
73.5188 -59.2095
73.5238 -59.193
73.5288 -59.1763
73.5339 -59.1597
73.539 -59.143
73.5441 -59.1263
73.5493 -59.1095
73.5545 -59.0927
73.5597 -59.0759
73.565 -59.059
73.5703 -59.0421
73.5756 -59.0252
73.581 -59.0083
73.5864 -58.9913
73.5918 -58.9743
73.5973 -58.9573
73.6028 -58.9402
73.6083 -58.9231
73.6139 -58.906
73.6195 -58.8888
73.6252 -58.8716
73.6309 -58.8543
73.6366 -58.837
73.6424 -58.8197
73.6482 -58.8023
73.6541 -58.7849
73.6599 -58.7675
73.6658 -58.75
73.6718 -58.7326
73.6778 -58.715
73.6838 -58.6975
73.6898 -58.6799
73.6959 -58.6622
73.7006 -58.6483
73.7039 -58.6378
73.7072 -58.6274
73.7104 -58.617
73.7135 -58.607
73.7167 -58.597
73.7199 -58.5869
73.723 -58.5768
73.7263 -58.5666
73.7295 -58.5564
73.7328 -58.5462
73.7361 -58.5359
73.7395 -58.5256
73.7428 -58.5153
73.7462 -58.505
73.7497 -58.4946
73.7531 -58.4842
73.7566 -58.4737
73.7601 -58.4633
73.7637 -58.4528
73.7672 -58.4422
73.7709 -58.4317
73.7745 -58.4211
73.7781 -58.4105
73.7818 -58.3999
73.7855 -58.3892
73.7893 -58.3785
73.7931 -58.3678
73.7969 -58.357
73.8007 -58.3462
73.8045 -58.3354
73.8084 -58.3246
73.8124 -58.3137
73.8163 -58.3028
73.8203 -58.2918
73.8243 -58.2809
73.8283 -58.2699
73.8324 -58.2588
73.8365 -58.2478
73.8406 -58.2367
73.8448 -58.2256
73.849 -58.2144
73.8532 -58.2032
73.8574 -58.192
73.8617 -58.1808
73.8654 -58.171
73.8674 -58.1649
73.8695 -58.1589
73.8716 -58.1528
73.8736 -58.1467
73.8758 -58.1405
73.8779 -58.1344
73.8799 -58.1297
73.8819 -58.1256
73.8839 -58.1214
73.886 -58.1172
73.888 -58.113
73.8901 -58.1087
73.8922 -58.1045
73.8943 -58.1002
73.8965 -58.0958
73.8986 -58.0914
73.9008 -58.087
73.9031 -58.0826
73.9053 -58.0782
73.9076 -58.0737
73.9099 -58.0692
73.9122 -58.0646
73.9145 -58.0601
73.9169 -58.0555
73.9193 -58.0508
73.9217 -58.0462
73.9242 -58.0415
73.9266 -58.0368
73.9291 -58.032
73.9316 -58.0273
73.9342 -58.0225
73.9368 -58.0176
73.9394 -58.0128
73.942 -58.0079
73.9446 -58.003
73.9473 -57.998
73.95 -57.9931
73.9527 -57.9881
73.9554 -57.983
73.9582 -57.978
73.961 -57.9729
73.9638 -57.9678
73.9666 -57.9626
73.9695 -57.9575
73.9724 -57.9523
73.9753 -57.9471
73.9782 -57.9419
73.9812 -57.9366
73.9842 -57.9314
73.9872 -57.926
73.9902 -57.9207
73.9933 -57.9154
73.9964 -57.9099
73.9996 -57.9043
74.0028 -57.8988
74.0061 -57.8932
74.0094 -57.8875
74.0127 -57.8819
74.016 -57.8762
74.0194 -57.8704
74.0228 -57.8647
74.0262 -57.8589
74.0296 -57.8531
74.0331 -57.8473
74.0365 -57.8415
74.0401 -57.8356
74.0436 -57.8297
74.0472 -57.8238
74.0508 -57.8178
74.0544 -57.8118
74.058 -57.8058
74.0617 -57.7997
74.0654 -57.7937
74.0691 -57.7876
74.0728 -57.7814
74.0766 -57.7753
74.0804 -57.7691
74.0842 -57.7629
74.0881 -57.7567
74.092 -57.7504
74.0959 -57.7442
74.0998 -57.7378
74.1037 -57.7315
74.1077 -57.7252
74.1117 -57.7188
74.1158 -57.7124
74.1198 -57.7059
74.1239 -57.6994
74.128 -57.6928
74.1321 -57.6862
74.1363 -57.6795
74.1405 -57.6728
74.1447 -57.6661
74.149 -57.6593
74.1532 -57.6525
74.1575 -57.6457
74.1602 -57.6404
74.1624 -57.6347
74.1646 -57.6292
74.1669 -57.6237
74.1692 -57.6181
74.1715 -57.6125
74.1738 -57.6068
74.1762 -57.601
74.1786 -57.5952
74.181 -57.5893
74.1834 -57.5833
74.1859 -57.5773
74.1884 -57.5713
74.1909 -57.5652
74.1935 -57.559
74.196 -57.5527
74.1986 -57.5464
74.2012 -57.5401
74.204 -57.5339
74.2067 -57.5278
74.2095 -57.5217
74.2123 -57.5155
74.2151 -57.5092
74.218 -57.5029
74.2209 -57.4965
74.2238 -57.4901
74.2267 -57.4837
74.2297 -57.4771
74.2326 -57.4706
74.2356 -57.464
74.2387 -57.4573
74.2417 -57.4505
74.2448 -57.4437
74.2479 -57.4368
74.2511 -57.4298
74.2543 -57.4228
74.2574 -57.4158
74.2607 -57.4087
74.2639 -57.4016
74.2672 -57.3944
74.2705 -57.3871
74.2738 -57.3798
74.2771 -57.3724
74.2805 -57.3651
74.2839 -57.3577
74.2873 -57.3502
74.2907 -57.3427
74.2942 -57.335
74.2977 -57.3274
74.3012 -57.3197
74.3048 -57.3119
74.3084 -57.304
74.312 -57.2961
74.3157 -57.2881
74.3193 -57.28
74.323 -57.2719
74.3268 -57.2637
74.3305 -57.2554
74.3343 -57.2472
74.3381 -57.2388
74.342 -57.2304
74.3458 -57.2219
74.3497 -57.2133
74.3537 -57.2047
74.3576 -57.1961
74.3616 -57.1873
74.3656 -57.1786
74.3697 -57.1697
74.3737 -57.1608
74.3778 -57.1519
74.382 -57.1429
74.3861 -57.1338
74.3903 -57.1247
74.3945 -57.1155
74.3988 -57.1063
74.403 -57.097
74.4071 -57.0842
74.4112 -57.0705
74.4153 -57.0566
74.4195 -57.0428
74.4235 -57.0289
74.4271 -57.0151
74.4308 -57.0012
74.4346 -56.9873
74.4383 -56.9733
74.4421 -56.9592
74.4459 -56.9451
74.4498 -56.931
74.4536 -56.9168
74.4575 -56.9026
74.4614 -56.8883
74.4654 -56.8739
74.4694 -56.8595
74.4734 -56.845
74.4774 -56.8305
74.4815 -56.8159
74.4856 -56.8013
74.4897 -56.7868
74.4938 -56.7722
74.498 -56.7576
74.5021 -56.743
74.5064 -56.7283
74.5106 -56.7135
74.5149 -56.6987
74.5192 -56.6838
74.5235 -56.6689
74.5278 -56.654
74.5322 -56.6391
74.5366 -56.6242
74.541 -56.6093
74.5455 -56.5943
74.55 -56.5793
74.5545 -56.5642
74.559 -56.549
74.5636 -56.5338
74.5682 -56.5186
74.5728 -56.5032
74.5775 -56.4878
74.5822 -56.4724
74.5869 -56.4568
74.5917 -56.4412
74.5964 -56.4256
74.6013 -56.4098
74.6061 -56.394
74.611 -56.3782
74.6159 -56.3622
74.6209 -56.3463
74.6259 -56.3303
74.6309 -56.3143
74.6359 -56.2982
74.641 -56.2821
74.6461 -56.2659
74.6512 -56.2496
74.6564 -56.2334
74.6615 -56.217
74.6668 -56.2007
74.672 -56.1842
74.6773 -56.1678
74.6826 -56.1513
74.6879 -56.1347
74.6933 -56.1181
74.6987 -56.1015
74.7041 -56.0848
74.7096 -56.0681
74.7151 -56.0513
74.7206 -56.0344
74.7261 -56.0174
74.7317 -56.0004
74.7374 -55.9833
74.743 -55.9662
74.7487 -55.9491
74.7544 -55.932
74.7601 -55.9148
74.7659 -55.8976
74.7717 -55.8803
74.7775 -55.8629
74.7834 -55.8455
74.7893 -55.8281
74.7953 -55.8106
74.8012 -55.793
74.8072 -55.7753
74.8133 -55.7576
74.8193 -55.7398
74.8254 -55.722
74.8316 -55.7042
74.8377 -55.6863
74.8439 -55.6684
74.8501 -55.6504
74.8564 -55.6324
74.8627 -55.6143
74.869 -55.5961
74.8754 -55.5779
74.8818 -55.5596
74.8883 -55.5412
74.8947 -55.5228
74.9012 -55.5043
74.9078 -55.4858
74.9144 -55.4672
74.921 -55.4485
74.9276 -55.4298
74.9343 -55.411
74.9409 -55.3893
74.9475 -55.3616
74.954 -55.3339
74.9606 -55.3061
74.9673 -55.2783
74.974 -55.2504
74.9807 -55.2224
74.9874 -55.1944
74.9942 -55.1663
75.001 -55.1382
75.0072 -55.1103
75.0131 -55.0827
75.0189 -55.055
75.0248 -55.0272
75.0307 -54.9994
75.0367 -54.9715
75.0427 -54.9436
75.0487 -54.9157
75.0547 -54.8878
75.0608 -54.8597
75.0669 -54.8316
75.073 -54.8035
75.0792 -54.7753
75.0854 -54.747
75.0917 -54.7187
75.098 -54.6903
75.1043 -54.6619
75.1106 -54.6334
75.117 -54.6049
75.1235 -54.5762
75.1299 -54.5475
75.1364 -54.5189
75.1429 -54.4902
75.1495 -54.4615
75.1561 -54.4326
75.1627 -54.4037
75.1693 -54.3748
75.176 -54.3458
75.1827 -54.3168
75.1893 -54.2877
75.196 -54.2586
75.2026 -54.2295
75.2093 -54.2003
75.2161 -54.1712
75.2228 -54.142
75.2296 -54.1127
75.2365 -54.0833
75.2434 -54.0539
75.2503 -54.0245
75.2572 -53.995
75.2642 -53.9654
75.2712 -53.9358
75.2783 -53.9062
75.2853 -53.8765
75.2925 -53.8468
75.2996 -53.817
75.3068 -53.7872
75.314 -53.7573
75.3213 -53.7274
75.3286 -53.6974
75.3359 -53.6673
75.3433 -53.6372
75.3507 -53.6071
75.3581 -53.5769
75.3656 -53.5466
75.3731 -53.5163
75.3806 -53.4849
75.3881 -53.4484
75.3956 -53.4118
75.4031 -53.3753
75.4107 -53.3386
75.4183 -53.302
75.4259 -53.2652
75.4336 -53.2284
75.4413 -53.1915
75.4491 -53.1545
75.4569 -53.1175
75.4648 -53.0804
75.4726 -53.0432
75.4805 -53.006
75.4885 -52.9688
75.4965 -52.9314
75.5045 -52.8941
75.5125 -52.8567
75.5206 -52.8193
75.5288 -52.7818
75.5369 -52.7442
75.5451 -52.7065
75.5534 -52.6689
75.5616 -52.6313
75.5699 -52.5936
75.5782 -52.556
75.5866 -52.5182
75.5945 -52.4808
75.6019 -52.4439
75.6094 -52.407
75.6169 -52.37
75.6244 -52.3329
75.632 -52.2957
75.6396 -52.2585
75.6473 -52.2212
75.6549 -52.184
75.6626 -52.1468
75.6704 -52.1095
75.6781 -52.0721
75.6859 -52.0347
75.6938 -51.9973
75.7017 -51.9597
75.7096 -51.9222
75.7175 -51.8846
75.7255 -51.847
75.7335 -51.8094
75.7416 -51.7717
75.7496 -51.7339
75.7578 -51.696
75.7659 -51.6581
75.7742 -51.6201
75.7824 -51.5821
75.7907 -51.544
75.799 -51.506
75.8073 -51.4678
75.8157 -51.4296
75.8241 -51.3914
75.8326 -51.3531
75.8411 -51.3147
75.8496 -51.2762
75.8582 -51.2377
75.8668 -51.1992
75.8755 -51.1607
75.8842 -51.1221
75.8929 -51.0834
75.9016 -51.0447
75.9104 -51.0059
75.9193 -50.967
75.9282 -50.9281
75.9371 -50.8892
75.946 -50.8502
75.955 -50.8111
75.964 -50.772
75.9731 -50.7328
75.9822 -50.6936
75.9914 -50.6543
76.0006 -50.615
76.0098 -50.5756
76.019 -50.5361
76.0284 -50.4965
76.0377 -50.4569
76.0471 -50.4173
76.0565 -50.3776
76.066 -50.3378
76.0755 -50.2981
76.085 -50.2582
76.0946 -50.2183
76.1042 -50.1784
76.1139 -50.1383
76.1236 -50.0982
76.1333 -50.058
76.1431 -50.0178
76.1529 -49.9777
76.1628 -49.9375
76.1726 -49.8973
76.1826 -49.857
76.1925 -49.8166
76.2025 -49.7762
76.2124 -49.7357
76.2224 -49.6952
76.2325 -49.6546
76.2426 -49.614
76.2527 -49.5734
76.2629 -49.5327
76.273 -49.4921
76.2833 -49.4514
76.2935 -49.4108
76.3038 -49.3701
76.3141 -49.3294
76.3245 -49.2886
76.3349 -49.2478
76.3453 -49.2069
76.3558 -49.1659
76.3663 -49.1248
76.3769 -49.0838
76.3875 -49.0426
76.3981 -49.0014
76.4088 -48.9601
76.4196 -48.9188
76.4303 -48.8774
76.4412 -48.8359
76.452 -48.7943
76.463 -48.7527
76.4739 -48.711
76.4849 -48.6693
76.496 -48.6275
76.507 -48.5858
76.5181 -48.544
76.5292 -48.5023
76.5404 -48.4605
76.5516 -48.4186
76.5628 -48.3767
76.5741 -48.3347
76.5854 -48.2927
76.5968 -48.2507
76.6082 -48.2086
76.6197 -48.1664
76.6311 -48.1243
76.6426 -48.0822
76.6542 -48.0401
76.6657 -47.9979
76.6773 -47.9557
76.689 -47.9134
76.7007 -47.8711
76.7124 -47.8287
76.7242 -47.7862
76.736 -47.7437
76.7479 -47.7011
76.7598 -47.6585
76.7718 -47.6158
76.7838 -47.5731
76.7958 -47.5303
76.8079 -47.4875
76.82 -47.4448
76.8321 -47.402
76.8443 -47.3591
76.8565 -47.3162
76.8688 -47.2732
76.8811 -47.2302
76.8934 -47.1872
76.9058 -47.1441
76.9182 -47.1009
76.9307 -47.0576
76.9432 -47.0143
76.9558 -46.971
76.9684 -46.9275
76.9811 -46.884
76.9938 -46.8405
77.0065 -46.7969
77.0193 -46.7533
77.0321 -46.7095
77.045 -46.6657
77.058 -46.6219
77.0709 -46.5777
77.0839 -46.5335
77.0969 -46.4893
77.11 -46.4451
77.1231 -46.4009
77.1362 -46.3566
77.1494 -46.3123
77.1626 -46.268
77.1758 -46.2236
77.1891 -46.1791
77.2025 -46.1346
77.2159 -46.0901
77.2293 -46.0454
77.2428 -46.0007
77.2563 -45.9559
77.2699 -45.9111
77.2835 -45.8663
77.2972 -45.8214
77.3109 -45.7765
77.3246 -45.7315
77.3384 -45.6865
77.3522 -45.6413
77.3661 -45.5961
77.3801 -45.5509
77.394 -45.5056
77.4081 -45.4602
77.4221 -45.4148
77.4362 -45.3694
77.4503 -45.324
77.4645 -45.2786
77.4787 -45.2331
77.493 -45.1876
77.5073 -45.142
77.5216 -45.0964
77.536 -45.0507
77.5504 -45.005
77.5649 -44.9593
77.5794 -44.9136
77.5939 -44.8678
77.6085 -44.8221
77.6231 -44.7763
77.6377 -44.7305
77.6524 -44.6846
77.6671 -44.6388
77.6818 -44.5931
77.6966 -44.5474
77.7114 -44.5016
77.7263 -44.4558
77.7412 -44.4098
77.7561 -44.3639
77.7711 -44.3179
77.7861 -44.2718
77.8012 -44.2257
77.8163 -44.1796
77.8315 -44.1334
77.8467 -44.0872
77.8619 -44.041
77.8772 -43.9946
77.8925 -43.9482
77.9079 -43.9018
77.9234 -43.8553
77.9388 -43.8087
77.9544 -43.7621
77.97 -43.7154
77.9856 -43.6686
78.0013 -43.6218
78.017 -43.5749
78.0327 -43.5281
78.0485 -43.4813
78.0643 -43.4346
78.0802 -43.3878
78.096 -43.3409
78.112 -43.294
78.128 -43.2471
78.144 -43.2
78.1601 -43.1529
78.1762 -43.1058
78.1924 -43.0586
78.2086 -43.0113
78.2249 -42.964
78.2412 -42.9166
78.2576 -42.8692
78.274 -42.8217
78.2904 -42.7742
78.3069 -42.7267
78.3234 -42.6792
78.34 -42.6317
78.3566 -42.5841
78.3733 -42.5364
78.39 -42.4887
78.4067 -42.441
78.4235 -42.3933
78.4403 -42.3456
78.4572 -42.2979
78.474 -42.2502
78.4909 -42.2025
78.5079 -42.1547
78.5249 -42.1069
78.542 -42.059
78.5591 -42.0111
78.5762 -41.9631
78.5934 -41.9151
78.6107 -41.867
78.628 -41.8189
78.6453 -41.7708
78.6626 -41.7227
78.68 -41.6745
78.6975 -41.6263
78.715 -41.5781
78.7325 -41.5298
78.7501 -41.4816
78.7677 -41.4333
78.7853 -41.3849
78.8031 -41.3365
78.8208 -41.288
78.8386 -41.2395
78.8565 -41.1909
78.8744 -41.1422
78.8924 -41.0935
78.9104 -41.0447
78.9285 -40.9959
78.9466 -40.947
78.9647 -40.898
78.9829 -40.8492
79.0012 -40.8002
79.0194 -40.7514
79.0377 -40.7026
79.0559 -40.6538
79.0743 -40.6051
79.0926 -40.5563
79.111 -40.5076
79.1295 -40.4587
79.148 -40.4098
79.1665 -40.3608
79.1851 -40.3118
79.2038 -40.2627
79.2225 -40.2136
79.2412 -40.1644
79.26 -40.1151
79.2789 -40.0658
79.2978 -40.0164
79.3168 -39.967
79.3358 -39.9176
79.3547 -39.8683
79.3737 -39.8191
79.3928 -39.7699
79.4119 -39.7205
79.431 -39.6712
79.4502 -39.6217
79.4695 -39.5723
79.4887 -39.523
79.508 -39.4737
79.5273 -39.4243
79.5467 -39.3748
79.5661 -39.3253
79.5856 -39.2757
79.6052 -39.2261
79.6247 -39.1764
79.6444 -39.1267
79.6641 -39.0769
79.6838 -39.0271
79.7036 -38.9773
79.7234 -38.9273
79.7433 -38.8774
79.7632 -38.8275
79.7832 -38.7775
79.8032 -38.7275
79.8232 -38.6775
79.8433 -38.6275
79.8634 -38.5774
79.8836 -38.5273
79.9038 -38.4771
79.924 -38.4271
79.9443 -38.3769
79.9646 -38.3269
79.9849 -38.2768
80.0053 -38.2268
80.0257 -38.1767
80.0462 -38.1265
80.0666 -38.0764
80.0872 -38.0263
80.1077 -37.9761
80.1284 -37.9259
80.1491 -37.8756
80.1698 -37.8253
80.1906 -37.7749
80.2114 -37.7244
80.2323 -37.674
80.2532 -37.6234
80.2742 -37.5729
80.2952 -37.5223
80.3163 -37.4717
80.3374 -37.421
80.3586 -37.3703
80.3798 -37.3195
80.401 -37.2687
80.4224 -37.2178
80.4437 -37.1671
80.4651 -37.1163
80.4865 -37.0655
80.5079 -37.0147
80.5294 -36.964
80.5509 -36.9133
80.5724 -36.8626
80.5939 -36.812
80.6155 -36.7614
80.637 -36.7108
80.6587 -36.6602
80.6803 -36.6096
80.7021 -36.559
80.7238 -36.5082
80.7457 -36.4575
80.7675 -36.4067
80.7894 -36.3559
80.8114 -36.305
80.8334 -36.2541
80.8555 -36.2032
80.8776 -36.1522
80.8998 -36.1011
80.922 -36.05
80.9443 -35.9988
80.9666 -35.9476
80.989 -35.8963
81.0114 -35.8451
81.0337 -35.794
81.0562 -35.743
81.0786 -35.692
81.101 -35.6411
81.1235 -35.5901
81.1461 -35.5391
81.1687 -35.488
81.1914 -35.4369
81.2141 -35.3857
81.2368 -35.3345
81.2596 -35.2833
81.2825 -35.232
81.3054 -35.1807
81.3283 -35.1294
81.3513 -35.078
81.3743 -35.0266
81.3974 -34.9751
81.4206 -34.9235
81.4438 -34.872
81.467 -34.8205
81.4903 -34.7689
81.5136 -34.7173
81.5369 -34.6658
81.5602 -34.6143
81.5836 -34.5627
81.6069 -34.5111
81.6304 -34.4596
81.6538 -34.4079
81.6774 -34.3563
81.7009 -34.3046
81.7246 -34.2529
81.7482 -34.2011
81.7719 -34.1493
81.7957 -34.0974
81.8195 -34.0455
81.8434 -33.9935
81.8673 -33.9416
81.8913 -33.8896
81.9153 -33.8376
81.9393 -33.7856
81.9634 -33.7336
81.9875 -33.6815
82.0117 -33.6294
82.0359 -33.5774
82.0601 -33.5255
82.0843 -33.4736
82.1085 -33.4218
82.1328 -33.37
82.1571 -33.3182
82.1815 -33.2662
82.2059 -33.2144
82.2303 -33.1626
82.2547 -33.1109
82.2792 -33.0592
82.3036 -33.0075
82.3282 -32.9558
82.3527 -32.904
82.3774 -32.8522
82.402 -32.8004
82.4268 -32.7484
82.4516 -32.6963
82.4764 -32.6438
82.5013 -32.5913
82.5262 -32.5388
82.5511 -32.4863
82.5761 -32.4338
82.6012 -32.3812
82.6263 -32.3285
82.6514 -32.2759
82.6766 -32.2233
82.7018 -32.1707
82.7271 -32.118
82.7524 -32.0653
82.7778 -32.0125
82.8032 -31.9597
82.8287 -31.9068
82.8542 -31.8539
82.8798 -31.8009
82.9054 -31.748
82.931 -31.6952
82.9564 -31.6425
82.9818 -31.5898
83.0073 -31.537
83.0329 -31.4842
83.0585 -31.4313
83.0841 -31.3783
83.1099 -31.3253
83.1356 -31.2723
83.1614 -31.2193
83.1873 -31.1662
83.2132 -31.1131
83.2391 -31.06
83.2651 -31.007
83.2911 -30.9539
83.3171 -30.9008
83.3432 -30.8477
83.3693 -30.7946
83.3955 -30.7415
83.4216 -30.6886
83.4478 -30.6356
83.4741 -30.5826
83.5003 -30.5295
83.5267 -30.4765
83.553 -30.4234
83.5795 -30.3703
83.6059 -30.3172
83.6324 -30.2641
83.659 -30.211
83.6856 -30.1578
83.7122 -30.1045
83.7389 -30.0513
83.7655 -29.9984
83.7922 -29.9453
83.819 -29.8923
83.8458 -29.8391
83.8726 -29.786
83.8995 -29.7327
83.9265 -29.6795
83.9535 -29.6262
83.9805 -29.573
84.0075 -29.5201
84.0345 -29.4671
84.0615 -29.4141
84.0886 -29.3611
84.1158 -29.308
84.143 -29.2549
84.1702 -29.2017
84.1976 -29.1485
84.2249 -29.0953
84.2523 -29.042
84.2798 -28.9887
84.3073 -28.9354
84.3349 -28.882
84.3625 -28.8285
84.3902 -28.775
84.4179 -28.7215
84.4456 -28.668
84.4734 -28.6145
84.5012 -28.561
84.529 -28.5077
84.5569 -28.4543
84.5848 -28.4009
84.6128 -28.3474
84.6408 -28.2938
84.6689 -28.2403
84.697 -28.1866
84.7252 -28.1331
84.7534 -28.0795
84.7816 -28.0259
84.8099 -27.9723
84.8381 -27.9188
84.8664 -27.8654
84.8948 -27.812
84.9231 -27.7585
84.9516 -27.705
84.9801 -27.6515
85.0085 -27.5981
85.037 -27.5447
85.0655 -27.4913
85.0941 -27.438
85.1227 -27.3846
85.1513 -27.3312
85.18 -27.2779
85.2087 -27.2245
85.2374 -27.1712
85.2662 -27.1179
85.295 -27.0646
85.3239 -27.0112
85.3528 -26.9578
85.3818 -26.9044
85.4108 -26.8509
85.4399 -26.7974
85.469 -26.7439
85.4981 -26.6902
85.5274 -26.6366
85.5566 -26.583
85.5859 -26.5294
85.6152 -26.4759
85.6445 -26.4223
85.6739 -26.3687
85.7034 -26.3151
85.7329 -26.2614
85.7625 -26.2076
85.7921 -26.1538
85.8218 -26.1
85.8514 -26.0464
85.881 -25.9929
85.9107 -25.9393
85.9405 -25.8857
85.9702 -25.8321
86.0001 -25.7785
86.0299 -25.7248
86.0599 -25.6711
86.0898 -25.6174
86.1198 -25.5637
86.1499 -25.51
86.18 -25.4562
86.2101 -25.4024
86.2403 -25.3486
86.2706 -25.2947
86.3009 -25.2408
86.3312 -25.187
86.3615 -25.1332
86.3919 -25.0794
86.4224 -25.0255
86.4529 -24.9716
86.4834 -24.9176
86.514 -24.8638
86.5446 -24.8099
86.5752 -24.756
86.6059 -24.7021
86.6366 -24.6482
86.6674 -24.5942
86.6982 -24.5403
86.7291 -24.4863
86.7599 -24.4324
86.7909 -24.3784
86.8218 -24.3244
86.8529 -24.2703
86.8839 -24.2164
86.915 -24.1624
86.946 -24.1087
86.9771 -24.0548
87.0082 -24.0012
87.0393 -23.9476
87.0705 -23.8939
87.1017 -23.8402
87.1329 -23.7864
87.1642 -23.7327
87.1956 -23.679
87.2269 -23.6253
87.2583 -23.5716
87.2897 -23.518
87.3211 -23.4644
87.3526 -23.4108
87.3841 -23.3572
87.4157 -23.3035
87.4473 -23.2499
87.4789 -23.1962
87.5106 -23.1425
87.5424 -23.0888
87.5741 -23.0351
87.606 -22.9813
87.6378 -22.9276
87.6697 -22.8739
87.7016 -22.8202
87.7336 -22.7664
87.7656 -22.7125
87.7975 -22.6586
87.8296 -22.6047
87.8616 -22.5509
87.8937 -22.497
87.9259 -22.443
87.958 -22.3891
87.9903 -22.3352
88.0225 -22.2813
88.0548 -22.2274
88.0871 -22.1736
88.1194 -22.1198
88.1518 -22.0661
88.1842 -22.0123
88.2166 -21.9585
88.2491 -21.9047
88.2816 -21.851
88.3141 -21.7973
88.3466 -21.7436
88.3791 -21.6901
88.4117 -21.6365
88.4444 -21.5828
88.477 -21.5291
88.5098 -21.4754
88.5426 -21.4216
88.5755 -21.3678
88.6084 -21.3139
88.6413 -21.2602
88.6742 -21.2066
88.7071 -21.153
88.74 -21.0994
88.773 -21.0458
88.8061 -20.9922
88.8391 -20.9386
88.8722 -20.8851
88.9053 -20.8315
88.9385 -20.7779
88.9717 -20.7243
89.005 -20.6707
89.0383 -20.617
89.0717 -20.5633
89.1051 -20.5097
89.1384 -20.4562
89.1718 -20.4027
89.2053 -20.3491
89.2388 -20.2956
89.2723 -20.2421
89.3058 -20.1887
89.3393 -20.1354
89.3729 -20.082
89.4065 -20.0287
89.4401 -19.9754
89.4737 -19.9221
89.5075 -19.8687
89.5412 -19.8153
89.575 -19.7619
89.6089 -19.7084
89.6429 -19.6549
89.6768 -19.6013
89.7109 -19.5477
89.745 -19.494
89.7791 -19.4404
89.8133 -19.3866
89.8476 -19.3329
89.8819 -19.2791
89.9162 -19.2254
89.9506 -19.1716
89.9849 -19.118
90.0193 -19.0644
90.0537 -19.0108
90.0881 -18.9571
90.1226 -18.9034
90.1571 -18.8499
90.1915 -18.7965
90.226 -18.7432
90.2605 -18.6898
90.2951 -18.6364
90.3297 -18.5829
90.3644 -18.5294
90.3991 -18.4758
90.4339 -18.4222
90.4688 -18.3686
90.5036 -18.3152
90.5384 -18.2619
90.5732 -18.2084
90.6082 -18.155
90.6431 -18.1015
90.6781 -18.0482
90.713 -17.9949
90.748 -17.9416
90.7831 -17.8883
90.8182 -17.8349
90.8534 -17.7815
90.8885 -17.7282
90.9237 -17.675
90.9589 -17.6217
90.9942 -17.5684
91.0295 -17.515
91.0649 -17.4616
91.1003 -17.4082
91.1358 -17.3548
91.1713 -17.3015
91.2068 -17.2481
91.2423 -17.1948
91.2779 -17.1415
91.3134 -17.0882
91.349 -17.0351
91.3846 -16.982
91.4203 -16.9288
91.456 -16.8756
91.4918 -16.8223
91.5276 -16.769
91.5635 -16.7157
91.5994 -16.6623
91.6353 -16.609
91.6713 -16.5556
91.7074 -16.5023
91.7434 -16.449
91.7795 -16.3957
91.8155 -16.3427
91.8515 -16.2896
91.8876 -16.2365
91.9238 -16.1833
91.96 -16.1301
91.9963 -16.0769
92.0326 -16.0237
92.0689 -15.9705
92.1052 -15.9175
92.1415 -15.8646
92.1778 -15.8117
92.2141 -15.759
92.2504 -15.7062
92.2868 -15.6535
92.3231 -15.6008
92.3594 -15.5484
92.3957 -15.4961
92.432 -15.4439
92.4683 -15.3917
92.5046 -15.3394
92.541 -15.2872
92.5775 -15.2349
92.614 -15.1826
92.6505 -15.1303
92.687 -15.078
92.7236 -15.0257
92.7603 -14.9734
92.797 -14.921
92.8338 -14.8686
92.8706 -14.8161
92.9074 -14.7637
92.9443 -14.7112
92.9812 -14.6588
93.0181 -14.6064
93.0551 -14.5541
93.0921 -14.5017
93.1291 -14.4493
93.1662 -14.3968
93.2034 -14.3443
93.2406 -14.2918
93.2778 -14.2393
93.3151 -14.1868
93.3525 -14.1342
93.3898 -14.0817
93.4271 -14.0294
93.4644 -13.9772
93.5017 -13.925
93.5391 -13.8727
93.5764 -13.8207
93.6137 -13.7688
93.6511 -13.7168
93.6885 -13.6648
93.7258 -13.6131
93.7631 -13.5614
93.8005 -13.5098
93.8379 -13.4582
93.8753 -13.4065
93.9128 -13.3548
93.9504 -13.303
93.9879 -13.2513
94.0255 -13.1997
94.0631 -13.1481
94.1007 -13.0965
94.1383 -13.045
94.176 -12.9934
94.2138 -12.9417
94.2516 -12.89
94.2895 -12.8383
94.3273 -12.7867
94.3651 -12.7352
94.403 -12.6836
94.441 -12.632
94.479 -12.5804
94.517 -12.5288
94.5551 -12.4771
94.5931 -12.4255
94.6311 -12.3738
94.6692 -12.3222
94.7073 -12.2705
94.7455 -12.2187
94.7837 -12.167
94.822 -12.1153
94.8601 -12.0639
94.8982 -12.0126
94.9363 -11.9616
94.9743 -11.9105
95.0125 -11.8595
95.0507 -11.8084
95.0889 -11.7572
95.1272 -11.706
95.1655 -11.6548
95.2039 -11.6035
95.2423 -11.5522
95.2808 -11.5009
95.3194 -11.4495
95.358 -11.3982
95.3965 -11.347
95.4352 -11.2957
95.4738 -11.2444
95.5126 -11.193
95.5513 -11.1416
95.5901 -11.0904
95.6288 -11.0393
95.6675 -10.9882
95.7063 -10.937
95.7452 -10.8858
95.784 -10.8347
95.823 -10.7835
95.8619 -10.7325
95.9008 -10.6814
95.9398 -10.6304
95.9787 -10.5794
96.0178 -10.5284
96.0568 -10.4774
96.0959 -10.4263
96.1351 -10.3752
96.1743 -10.3241
96.2136 -10.273
96.2529 -10.2218
96.2923 -10.1706
96.3316 -10.1194
96.3711 -10.0682
96.4106 -10.017
96.4501 -9.96581
96.4896 -9.91463
96.5292 -9.86342
96.5688 -9.81217
96.6084 -9.76106
96.648 -9.70999
96.6876 -9.65905
96.7272 -9.60811
96.7669 -9.55718
96.8066 -9.50622
96.8464 -9.45524
96.886 -9.40449
96.9257 -9.35389
96.9653 -9.30351
97.0049 -9.25314
97.0444 -9.2029
97.084 -9.15269
97.1237 -9.10243
97.1634 -9.05214
97.2031 -9.00182
97.2429 -8.95148
97.2828 -8.90113
97.3227 -8.85073
97.3626 -8.8003
97.4026 -8.74983
97.4427 -8.69933
97.4828 -8.6488
97.5229 -8.59828
97.563 -8.54788
97.6031 -8.49748
97.6432 -8.44708
97.6834 -8.39669
97.7235 -8.34641
97.7636 -8.29612
97.8038 -8.24578
97.8441 -8.19553
97.8843 -8.14536
97.9245 -8.09519
97.9648 -8.045
98.005 -7.99489
98.0454 -7.94475
98.0857 -7.89458
98.1261 -7.84446
98.1665 -7.79437
98.207 -7.74425
98.2475 -7.69412
98.288 -7.64398
98.3284 -7.59408
98.3688 -7.54421
98.4093 -7.4943
98.4498 -7.44436
98.4903 -7.39438
98.5308 -7.34477
98.5711 -7.29535
98.6114 -7.24601
98.6518 -7.19674
98.6922 -7.14744
98.7326 -7.0982
98.773 -7.04899
98.8135 -6.99974
98.854 -6.95051
98.8945 -6.90126
98.9351 -6.85201
98.9757 -6.80273
99.0164 -6.75341
99.0571 -6.70416
99.0978 -6.65489
99.1386 -6.6056
99.1794 -6.55628
99.2202 -6.50693
99.2612 -6.45754
99.3021 -6.40814
99.3431 -6.35873
99.3841 -6.30937
99.4252 -6.25999
99.4663 -6.21063
99.5072 -6.16161
99.5481 -6.11267
99.5891 -6.06369
99.6301 -6.01469
99.6712 -5.96568
99.7123 -5.91666
99.7534 -5.86767
99.7946 -5.81868
99.8358 -5.76976
99.8769 -5.72093
99.9181 -5.67217
99.9592 -5.62344
100 -5.57467
100.042 -5.52588
100.083 -5.47707
100.124 -5.42826
100.166 -5.37977
100.207 -5.3313
100.248 -5.28282
100.289 -5.23434
100.331 -5.18584
100.372 -5.13733
100.414 -5.08879
100.455 -5.04038
100.496 -4.99215
100.538 -4.94391
100.579 -4.89563
100.621 -4.84737
100.662 -4.79909
100.704 -4.75082
100.745 -4.70253
100.787 -4.6542
100.829 -4.60586
100.87 -4.55756
100.912 -4.50928
100.954 -4.46098
100.996 -4.41264
101.037 -4.3643
101.079 -4.31621
101.121 -4.26816
101.163 -4.22032
101.204 -4.17248
101.246 -4.12463
101.288 -4.07678
101.33 -4.02892
101.371 -3.9811
101.413 -3.93329
101.455 -3.88562
101.497 -3.83794
101.539 -3.79034
101.581 -3.74283
101.623 -3.69529
101.665 -3.64773
101.707 -3.60014
101.749 -3.55258
101.791 -3.50506
101.833 -3.45753
101.875 -3.40998
101.917 -3.36241
101.959 -3.31483
102.001 -3.26734
102.043 -3.21983
102.086 -3.17229
102.128 -3.12472
102.17 -3.07711
102.213 -3.02949
102.255 -2.98203
102.297 -2.93454
102.34 -2.88707
102.382 -2.83958
102.425 -2.7921
102.467 -2.74462
102.51 -2.69715
102.552 -2.6497
102.595 -2.60242
102.637 -2.5552
102.68 -2.50795
102.723 -2.46066
102.765 -2.41336
102.808 -2.36606
102.851 -2.31881
102.893 -2.27159
102.936 -2.22434
102.979 -2.17707
103.022 -2.1299
103.064 -2.0828
103.107 -2.03569
103.15 -1.9886
103.193 -1.94175
103.236 -1.8949
103.278 -1.84802
103.321 -1.80112
103.364 -1.75418
103.407 -1.70721
103.45 -1.66025
103.493 -1.61329
103.536 -1.56629
103.579 -1.51927
103.623 -1.47224
103.666 -1.4252
103.709 -1.37812
103.752 -1.33102
103.796 -1.28389
103.839 -1.23676
103.883 -1.1896
103.926 -1.1424
103.97 -1.09518
104.013 -1.04796
104.057 -1.00086
104.1 -0.953736
104.144 -0.906614
104.188 -0.859461
104.231 -0.812279
104.275 -0.765066
104.319 -0.717823
104.363 -0.67055
104.407 -0.623246
104.45 -0.575989
104.494 -0.528881
104.538 -0.481982
104.582 -0.435053
104.626 -0.3881
104.67 -0.341127
104.714 -0.294124
104.758 -0.247092
104.802 -0.200029
104.846 -0.152937
104.89 -0.105815
104.934 -0.0586629
104.979 -0.0115092
105.023 0.0355628
105.067 0.0826506
105.111 0.129768
105.156 0.176915
105.2 0.224092
105.245 0.271299
105.289 0.318536
105.334 0.365802
105.378 0.413056
105.423 0.460296
105.468 0.507533
105.512 0.5548
105.557 0.602088
105.602 0.649392
105.647 0.696726
105.692 0.74409
105.737 0.791483
105.782 0.838871
105.826 0.885972
105.871 0.933083
105.916 0.980158
105.961 1.02726
106.006 1.07439
106.051 1.12154
106.096 1.16871
106.141 1.21592
106.187 1.26315
106.232 1.31039
106.277 1.35766
106.322 1.40489
106.368 1.45212
106.413 1.49938
106.458 1.54666
106.504 1.59396
106.549 1.64129
106.595 1.68855
106.64 1.73573
106.686 1.78294
106.732 1.83014
106.777 1.87727
106.823 1.92444
106.868 1.97163
106.914 2.01885
106.96 2.06609
107.006 2.11337
107.051 2.16065
107.097 2.20796
107.143 2.25526
107.189 2.30253
107.235 2.34984
107.281 2.39717
107.327 2.44451
107.373 2.49188
107.42 2.53926
107.466 2.58665
107.512 2.63404
107.558 2.68143
107.604 2.72879
107.651 2.77617
107.697 2.82359
107.744 2.87094
107.79 2.91828
107.836 2.96564
107.883 3.01302
107.929 3.06043
107.976 3.10784
108.023 3.15521
108.069 3.20257
108.116 3.24985
108.162 3.29717
108.209 3.34452
108.256 3.39189
108.303 3.4393
108.35 3.48672
108.396 3.53408
108.443 3.58138
108.49 3.62867
108.537 3.676
108.584 3.72335
108.631 3.77071
108.678 3.81803
108.725 3.86536
108.772 3.91268
108.819 3.96003
108.866 4.00741
108.914 4.05481
108.961 4.10222
109.008 4.14964
109.056 4.19709
109.103 4.24453
109.15 4.29199
109.198 4.33942
109.245 4.38688
109.293 4.43437
109.34 4.48178
109.388 4.5292
109.436 4.57665
109.483 4.62411
109.531 4.67155
109.579 4.71898
109.626 4.76636
109.674 4.8137
109.722 4.86108
109.77 4.90848
109.818 4.95587
109.865 5.00323
109.913 5.0506
109.961 5.09789
110.009 5.14519
110.057 5.19249
110.105 5.23983
110.153 5.28711
110.201 5.33439
110.249 5.38169
110.297 5.42903
110.346 5.47637
110.394 5.52374
110.442 5.57113
110.49 5.61856
110.539 5.66601
110.587 5.71345
110.636 5.76091
110.684 5.8084
110.733 5.8559
110.781 5.90333
110.83 5.9508
110.879 5.99829
110.927 6.04581
110.976 6.0933
111.025 6.14074
111.073 6.18821
111.122 6.23571
111.171 6.28323
111.22 6.3307
111.269 6.37816
111.318 6.42566
111.367 6.47313
111.416 6.52061
111.465 6.56812
111.514 6.61565
111.563 6.66322
111.612 6.71079
111.661 6.75839
111.711 6.80602
111.76 6.85367
111.809 6.90136
111.859 6.94907
111.908 6.99681
111.958 7.04458
112.007 7.09237
112.057 7.14019
112.106 7.18804
112.156 7.23592
112.206 7.28383
112.256 7.33176
112.306 7.37972
112.355 7.42771
112.405 7.47573
112.455 7.52377
112.505 7.57184
112.556 7.61994
112.606 7.66807
112.656 7.71622
112.706 7.7644
112.756 7.81261
112.807 7.86085
112.857 7.90912
112.908 7.95741
112.958 8.00573
113.009 8.05408
113.059 8.10246
113.11 8.15086
113.161 8.19929
113.212 8.24775
113.262 8.29624
113.313 8.34475
113.364 8.3933
113.415 8.44187
113.466 8.49046
113.517 8.53909
113.568 8.58774
113.619 8.63642
113.671 8.68513
113.722 8.73387
113.773 8.78263
113.825 8.83142
113.876 8.88024
113.928 8.92909
113.979 8.97797
114.031 9.02687
114.082 9.0758
114.134 9.12476
114.186 9.17374
114.237 9.22276
114.289 9.2718
114.341 9.32087
114.393 9.36996
114.445 9.41909
114.497 9.46824
114.549 9.51742
114.601 9.56663
114.654 9.61586
114.706 9.66512
114.758 9.71441
114.81 9.76373
114.863 9.81308
114.915 9.86245
114.968 9.91185
115.02 9.96128
115.073 10.0107
115.126 10.0602
115.178 10.1097
115.231 10.1593
115.284 10.2088
115.337 10.2584
115.39 10.3081
115.443 10.3577
115.496 10.4074
115.549 10.4571
115.602 10.5068
115.655 10.5566
115.708 10.6064
115.762 10.6562
115.815 10.706
115.868 10.7559
115.922 10.8058
115.975 10.8557
116.029 10.9057
116.082 10.9557
116.136 11.0057
116.19 11.0557
116.244 11.1058
116.297 11.1559
116.351 11.206
116.405 11.2562
116.459 11.3063
116.513 11.3565
116.567 11.4068
116.621 11.457
116.675 11.5073
116.73 11.5576
116.784 11.608
116.838 11.6584
116.893 11.7088
116.947 11.7592
117.002 11.8096
117.056 11.8601
117.111 11.9106
117.165 11.9612
117.22 12.0117
117.275 12.0623
117.33 12.1129
117.384 12.1636
117.439 12.2143
117.494 12.265
117.549 12.3157
117.604 12.3665
117.66 12.4173
117.715 12.4681
117.77 12.5189
117.825 12.5698
117.881 12.6207
117.936 12.6716
117.991 12.7226
118.047 12.7735
118.102 12.8246
118.158 12.8756
118.214 12.9267
118.269 12.9777
118.325 13.0289
118.381 13.08
118.437 13.1312
118.493 13.1824
118.549 13.2336
118.605 13.2849
118.661 13.3362
118.717 13.3875
118.773 13.4388
118.83 13.4902
118.886 13.5416
118.942 13.593
118.999 13.6445
119.055 13.696
119.112 13.7475
119.168 13.799
119.225 13.8506
119.281 13.9022
119.338 13.9538
119.395 14.0054
119.452 14.0571
119.509 14.1088
119.566 14.1605
119.623 14.2123
119.68 14.2641
119.737 14.3159
119.794 14.3677
119.851 14.4196
119.908 14.4715
119.966 14.5234
120.023 14.5754
120.081 14.6273
120.138 14.6794
120.196 14.7314
120.253 14.7835
120.311 14.8355
120.369 14.8877
120.426 14.9398
120.484 14.992
120.542 15.0442
120.6 15.0964
120.658 15.1487
120.716 15.201
120.774 15.2533
120.832 15.3056
120.891 15.358
120.949 15.4104
121.007 15.4628
121.065 15.5153
121.124 15.5677
121.182 15.6202
121.241 15.6728
121.299 15.7253
121.358 15.7779
121.417 15.8305
121.476 15.8832
121.534 15.9359
121.593 15.9886
121.652 16.0413
121.711 16.0941
121.77 16.1468
121.829 16.1997
121.888 16.2525
121.948 16.3054
122.007 16.3583
122.066 16.4112
122.126 16.4641
122.185 16.5171
122.244 16.5701
122.304 16.6232
122.364 16.6762
122.423 16.7293
122.483 16.7824
122.543 16.8356
122.602 16.8887
122.662 16.9419
122.722 16.9952
122.782 17.0484
122.842 17.1017
122.902 17.155
122.962 17.2084
123.023 17.2617
123.083 17.3151
123.143 17.3686
123.204 17.422
123.264 17.4755
123.324 17.529
123.385 17.5825
123.446 17.6361
123.506 17.6897
123.567 17.7433
123.628 17.7969
123.688 17.8506
123.749 17.9043
123.81 17.958
123.871 18.0118
123.932 18.0656
123.993 18.1194
124.055 18.1732
124.116 18.2271
124.177 18.281
124.238 18.3349
124.3 18.3889
124.361 18.4429
124.423 18.4969
124.484 18.5509
124.546 18.605
124.607 18.6591
124.669 18.7132
124.731 18.7673
124.793 18.8215
124.855 18.8757
124.917 18.9299
124.979 18.9842
125.041 19.0385
125.103 19.0928
125.165 19.1471
125.227 19.2015
125.289 19.2559
125.352 19.3103
125.414 19.3648
125.477 19.4192
125.539 19.4737
125.602 19.5283
125.664 19.5828
125.727 19.6374
125.79 19.692
125.853 19.7467
125.915 19.8014
125.978 19.8561
126.041 19.9108
126.104 19.9656
126.167 20.0203
126.231 20.0751
126.294 20.13
126.357 20.1849
126.42 20.2398
126.484 20.2947
126.547 20.3496
126.611 20.4046
126.674 20.4596
126.738 20.5147
126.802 20.5697
126.865 20.6248
126.929 20.6799
126.993 20.7351
127.057 20.7902
127.121 20.8454
127.185 20.9007
127.249 20.9559
127.313 21.0112
127.377 21.0665
127.441 21.1219
127.506 21.1772
127.57 21.2326
127.634 21.2881
127.699 21.3435
127.763 21.399
127.828 21.4545
127.893 21.51
127.957 21.5656
128.022 21.6212
128.087 21.6768
128.152 21.7325
