0.1 0.383331
0.2 0.768806
0.3 1.15716
0.4 1.54818
0.5 1.94191
0.6 2.33837
0.7 2.73761
0.8 3.13965
0.9 3.54454
1 3.9523
0.344269 4.13668
0.688088 4.32098
1.03147 4.50515
1.37449 4.68901
1.71706 4.87279
2.05917 5.05648
2.40087 5.23996
2.74214 5.42323
3.08295 5.60639
3.42327 5.78948
3.76311 5.97249
4.1025 6.15544
4.44143 6.33832
4.77989 6.52116
5.11788 6.70393
5.45543 6.88659
5.79253 7.06914
6.12918 7.25163
6.46538 7.43401
6.80112 7.61627
7.1364 7.7985
7.47123 7.98069
7.80561 8.16273
8.13955 8.34464
8.47303 8.52647
8.80604 8.70826
9.1386 8.89001
9.4707 9.07172
9.80235 9.25337
10.1335 9.43496
10.4642 9.61652
10.7945 9.79801
11.1243 9.97943
11.4537 10.1608
11.7826 10.3421
12.1111 10.5234
12.4391 10.7046
12.7666 10.8858
13.0937 11.0668
13.4204 11.2479
13.7466 11.4288
14.0724 11.6098
14.3977 11.7907
14.7226 11.9716
15.047 12.1524
15.3709 12.3331
15.6944 12.5139
16.0175 12.6946
16.3401 12.8752
16.6623 13.0559
16.984 13.2365
17.3053 13.417
17.6261 13.5976
17.9465 13.7781
18.2664 13.9585
18.5859 14.1389
18.905 14.3193
19.2236 14.4996
19.5418 14.6799
19.8595 14.8602
20.1769 15.0404
20.4937 15.2206
20.8101 15.4008
21.1261 15.5809
21.4417 15.761
21.7568 15.9411
22.0715 16.1211
22.3857 16.3011
22.6995 16.4811
23.0129 16.661
23.3258 16.8409
23.6384 17.0208
23.9504 17.2006
24.2621 17.3804
24.5733 17.5601
24.8841 17.7398
25.1944 17.9195
25.5044 18.0992
25.8139 18.2788
26.1229 18.4583
26.4316 18.6379
26.7398 18.8174
27.0476 18.9968
27.3549 19.1763
27.6618 19.3557
27.9683 19.5351
28.2744 19.7144
28.5801 19.8937
28.8853 20.073
29.1901 20.2523
29.4945 20.4315
29.7985 20.6107
30.102 20.7899
30.4051 20.9691
30.7078 21.1482
31.0101 21.3273
31.312 21.5063
31.6134 21.6854
31.9144 21.8644
32.215 22.0434
32.5152 22.2223
32.815 22.4013
33.1144 22.5801
33.4133 22.759
33.7119 22.9379
34.01 23.1167
34.3077 23.2955
34.605 23.4742
34.9019 23.653
35.1983 23.8317
35.4944 24.0104
35.79 24.189
36.0853 24.3676
36.3801 24.5462
36.6745 24.7248
36.9686 24.9034
37.2622 25.0819
37.5554 25.2604
37.8481 25.4388
38.1405 25.6173
38.4325 25.7957
38.7241 25.9741
39.0152 26.1524
39.306 26.3308
39.5963 26.5091
39.8863 26.6874
40.1758 26.8656
40.465 27.0439
40.7537 27.2221
41.0421 27.4003
41.3301 27.5785
41.6176 27.7566
41.9048 27.9347
42.1915 28.1128
42.4779 28.2908
42.7638 28.4689
43.0494 28.6469
43.3345 28.8249
43.6193 29.0028
43.9037 29.1808
44.1877 29.3587
44.4712 29.5366
44.7544 29.7145
45.0372 29.8923
45.3197 30.0701
45.6017 30.2479
45.8833 30.4257
46.1645 30.6035
46.4454 30.7812
46.7259 30.9589
47.0059 31.1366
47.2856 31.3142
47.5649 31.4919
47.8438 31.6695
48.1223 31.8471
48.4005 32.0246
48.6782 32.2022
48.9556 32.3797
49.2326 32.5572
49.5092 32.7347
49.7854 32.9122
50.0612 33.0896
50.3367 33.267
50.6117 33.4444
50.8864 33.6218
51.1607 33.7991
51.4347 33.9765
51.7082 34.1538
51.9814 34.331
52.2542 34.5083
52.5266 34.6856
52.7987 34.8628
53.0703 35.04
53.3416 35.2172
53.6125 35.3943
53.8831 35.5714
54.1532 35.7486
54.423 35.9256
54.6924 36.1027
54.9615 36.2798
55.2301 36.4568
55.4984 36.6338
55.7664 36.8108
56.0339 36.9877
56.3011 37.1647
56.5679 37.3416
56.8343 37.5185
57.1004 37.6954
57.3661 37.8722
57.6314 38.0491
57.8964 38.2259
58.161 38.4027
58.4252 38.5794
58.6891 38.7561
58.9526 38.9328
59.2157 39.1095
59.4785 39.2862
59.7409 39.4628
60.003 39.6394
60.2646 39.816
60.526 39.9926
60.7869 40.1691
61.0475 40.3457
61.3078 40.5222
61.5676 40.6987
61.8272 40.8752
62.0863 41.0516
62.3451 41.2281
62.6036 41.4045
62.8617 41.5809
63.1194 41.7573
63.3768 41.9336
63.6338 42.1099
63.8905 42.2862
64.1468 42.4625
64.4027 42.6388
64.6583 42.815
64.9136 42.9912
65.1685 43.1674
65.423 43.3436
65.6772 43.5197
65.931 43.6957
66.1845 43.8718
66.4376 44.0479
66.6904 44.2239
66.9428 44.3999
67.1949 44.5759
67.4467 44.7519
67.698 44.9278
67.9491 45.1038
68.1998 45.2797
68.4501 45.4556
68.7001 45.6315
68.9498 45.8074
69.1991 45.9833
69.4481 46.1591
69.6967 46.3349
69.9449 46.5107
70.1929 46.6865
70.4404 46.8622
70.6877 47.0379
70.9346 47.2136
71.1811 47.3892
71.4273 47.5649
71.6732 47.7405
71.9187 47.9161
72.1639 48.0917
72.4088 48.2672
72.6533 48.4427
72.8974 48.6182
73.1413 48.7937
73.3847 48.9692
73.6279 49.1447
73.8707 49.3201
74.1132 49.4956
74.3553 49.671
74.5972 49.8464
74.8386 50.0218
75.0798 50.1972
75.3206 50.3725
75.5611 50.5479
75.8012 50.7232
76.041 50.8985
76.2805 51.0737
76.5196 51.2489
76.7585 51.4241
76.9969 51.5992
77.2351 51.7744
77.4729 51.9495
77.7104 52.1246
77.9475 52.2997
78.1844 52.4748
78.4209 52.6499
78.657 52.825
78.8929 53
79.1284 53.1751
79.3636 53.3501
79.5985 53.5251
79.833 53.7001
80.0672 53.8751
80.3011 54.05
80.5347 54.2249
80.7679 54.3998
81.0008 54.5747
81.2334 54.7496
81.4657 54.9245
81.6977 55.0993
81.9293 55.2742
82.1606 55.449
82.3916 55.6238
82.6223 55.7987
82.8526 55.9735
83.0827 56.1482
83.3124 56.323
83.5418 56.4978
83.7709 56.6726
83.9997 56.8473
84.2281 57.022
84.4563 57.1967
84.6841 57.3714
84.9116 57.5461
85.1388 57.7208
85.3657 57.8955
85.5922 58.0701
85.8185 58.2448
86.0444 58.4194
86.2701 58.594
86.4954 58.7686
86.7204 58.9431
86.9451 59.1177
87.1695 59.2922
87.3935 59.4668
87.6173 59.6413
87.8408 59.8158
88.0639 59.9903
88.2867 60.1648
88.5093 60.3393
88.7315 60.5138
88.9534 60.6882
89.175 60.8627
89.3963 61.0372
89.6173 61.2116
89.838 61.386
90.0584 61.5605
90.2785 61.7349
90.4982 61.9093
90.7177 62.0837
90.9369 62.2581
91.1558 62.4325
91.3743 62.6069
91.5926 62.7813
91.8105 62.9556
92.0282 63.1299
92.2456 63.3043
92.4626 63.4786
92.6794 63.6529
92.8958 63.8272
93.112 64.0015
93.3279 64.1759
93.5434 64.3502
93.7587 64.5244
93.9736 64.6987
94.1883 64.873
94.4027 65.0473
94.6168 65.2216
94.8305 65.3959
95.044 65.5701
95.2572 65.7444
95.4701 65.9187
95.6827 66.0929
95.895 66.2672
96.107 66.4414
96.3188 66.6157
96.5302 66.7899
96.7412 66.9641
96.9519 67.1383
97.1623 67.3125
97.3724 67.4866
97.5823 67.6608
97.7916 67.8349
98.0005 68.009
98.2092 68.183
98.4176 68.3571
98.6257 68.5311
98.8335 68.7051
99.041 68.8792
99.2478 69
99.4528 69
99.6576 69
99.8562 69
100.053 69
100.25 69
100.436 69
100.616 69
100.79 69
100.951 69
101.091 69
101.23 69
101.358 69
101.483 69
101.604 69
101.721 69
101.834 69
101.94 69
102.038 69
102.137 69
102.224 69
102.302 69
102.379 69
102.455 69
102.531 69
102.605 69
102.678 69
102.75 69
102.821 69
102.891 69
102.961 69
103.029 69
103.097 69
103.164 69
103.23 69
103.294 69
103.357 69
103.419 69
103.48 69
103.54 69
103.597 69
103.654 69
103.71 69
103.764 69
103.817 69
103.87 69
103.921 69
103.972 69
104.023 69
104.07 69
104.116 69
104.161 69
104.206 69
104.251 69
104.295 69
104.337 69
104.378 69
104.418 69
104.458 69
104.498 69
104.536 69
104.572 69
104.608 69
104.644 69
104.679 69
104.713 69
104.746 69
104.78 69
104.812 69
104.844 69
104.876 69
104.908 69
104.939 69
104.97 69
105 69
105.029 69
105.059 69
105.088 69
105.113 69
105.133 69
105.152 69
105.17 69
105.187 69
105.13 69
104.992 69
104.719 69
104.167 68.8324
104.259 68.862
104.319 69
101.348 67.9703
101.237 68.022
101.126 68.072
101.024 68.1256
100.981 68.1999
100.971 68.2861
100.973 68.3766
100.972 68.4663
100.969 68.5551
100.962 68.6427
100.952 68.7294
100.939 68.8149
100.926 68.9008
100.903 69
100.866 69
100.843 69
100.827 69
100.805 69
100.775 69
100.742 69
100.707 69
100.67 69
100.631 69
100.591 69
100.548 69
100.505 69
100.461 69
100.416 69
100.373 69
100.34 69
100.305 69
100.268 69
100.231 69
100.193 69
100.153 69
100.111 69
100.069 69
100.027 69
99.9838 69
99.9402 69
99.8962 69
99.8513 69
99.8054 69
99.7633 69
99.7208 69
99.6779 69
99.6345 69
99.5907 69
99.5464 69
99.5016 69
99.4563 69
99.4106 69
99.3643 69
99.3174 69
99.2736 69
99.232 69
99.19 69
99.1474 69
99.1044 69
99.0608 69
99.0166 69
98.9719 69
98.9265 69
98.8806 69
98.8326 69
98.7893 69
98.7462 69
98.7026 69
98.6585 69
98.6138 69
98.5685 69
98.525 69
98.4817 69
98.4377 69
98.3931 69
98.348 69
98.3022 69
98.2558 69
98.2088 69
98.161 69
98.1126 69
98.0628 69
98.0125 69
97.9617 69
97.9103 69
97.8584 69
97.8059 69
97.7529 69
97.6992 69
97.6441 69
97.5884 69
97.5323 69
97.4758 69
97.4203 69
97.3647 69
97.3086 69
97.2527 69
97.198 69
97.1433 69
97.0906 69
97.0375 69
96.984 69
96.9302 69
96.876 69
96.8214 69
96.7677 69
96.7129 69
96.6574 69
96.6016 69
96.5454 69
96.4884 69
96.4311 69
96.3734 69
96.3154 69
96.2569 69
96.189 69
96.1203 69
96.0501 69
95.981 69
95.9118 69
95.8406 69
95.7689 69
95.6968 69
95.6034 69
95.4489 69
95.2756 69
95.0542 69
94.8088 69
94.6514 69
94.5036 69
94.4458 69
94.4529 69
94.4339 69
94.3977 69
94.3463 69
94.2901 69
94.231 69
94.1719 69
94.1147 69
94.0573 69
93.9997 69
93.9421 69
93.8834 69
93.8226 69
93.7618 69
93.7013 69
93.6416 69
93.5819 69
93.522 69
93.4621 69
93.402 69
93.3418 69
93.2816 69
93.223 69
93.1649 69
93.1067 69
93.0484 69
92.9922 69
92.9375 69
92.8826 69
92.8278 69
92.7729 69
92.7199 69
92.6671 69
92.6141 69
92.5612 69
92.5079 69
92.4544 69
92.4008 69
92.3471 69
92.2934 69
92.2397 69
92.1859 69
92.1318 69
92.0779 69
92.0253 69
91.9727 69
91.92 69
91.8673 69
91.8164 69
91.7659 69
91.7154 69
91.6655 69
91.6163 69
91.5669 69
91.5176 69
91.4682 69
91.4188 69
91.3694 69
91.3199 69
91.2704 69
91.2207 69
91.1709 69
91.1211 69
91.0712 69
91.0213 69
90.9714 69
90.9215 69
90.8715 69
90.8214 69
90.7713 69
90.7212 69
90.6711 69
90.6209 69
90.5708 69
90.5206 69
90.4703 69
90.4201 69
90.3701 69
90.3205 69
90.2708 69
90.2212 69
90.1715 69
90.1218 69
90.072 69
90.0222 69
89.9725 69
89.9233 69
89.8741 69
89.8249 69
89.7756 69
89.7263 69
89.677 69
89.6277 69
89.5783 69
89.5309 69
89.487 69
89.4431 69
89.3993 69
89.3554 69
89.3115 69
89.2686 69
89.2259 69
89.183 69
89.14 69
89.097 69
89.0539 69
89.0109 69
88.9682 69
88.9257 69
88.8832 69
88.8406 69
88.7981 69
88.7556 69
88.7131 69
88.6705 69
88.628 69
88.5855 69
88.543 69
88.5005 69
88.458 69
88.4155 69
88.373 69
88.3305 69
88.288 69
88.2454 69
88.2029 69
88.1611 69
88.1193 69
88.0775 69
88.0356 69
87.9938 69
87.9522 69
87.9107 69
87.8691 69
87.8276 69
87.786 69
87.7445 69
87.7026 69
87.6605 69
87.6183 69
87.5761 69
87.5339 69
87.4918 69
87.4494 69
87.406 69
87.3625 69
87.319 69
87.2754 69
87.2318 69
87.1865 69
87.1408 69
87.0949 69
87.0488 69
87.0027 69
86.9564 69
86.91 69
86.8634 69
86.8167 69
86.7698 69
86.7228 69
86.6745 69
86.6273 69
86.5821 69
86.5381 69
86.494 69
86.45 69
86.4059 69
86.3619 69
86.3239 69
86.2875 69
86.2519 69
86.2164 69
86.1809 69
86.1453 69
86.1098 69
86.0742 69
86.0386 69
86.0028 69
85.9671 69
85.9316 69
85.8965 69
85.8614 69
85.8263 69
85.7911 69
85.7558 69
85.7206 69
85.6851 69
85.6497 69
85.6142 69
85.5788 69
85.5468 69
85.5163 69
85.4858 69
85.4553 69
85.4248 69
85.3943 69
85.3638 69
85.3334 69
85.303 69
85.2726 69
85.2422 69
85.2118 69
85.1814 69
85.1511 69
85.1207 69
85.0904 69
85.0601 69
85.0298 69
84.9995 69
84.9693 69
84.939 69
84.9088 69
84.8786 69
84.8484 69
84.8182 69
84.7881 69
84.7579 69
84.7277 69
84.6975 69
84.6674 69
84.6372 69
84.6071 69
84.577 69
84.5469 69
84.5168 69
84.4867 69
84.4567 69
84.4266 69
84.3966 69
84.3666 69
84.3367 69
84.3067 69
84.2768 69
84.2469 69
84.217 69
84.1871 69
84.1572 69
84.1274 69
84.0976 69
84.0678 69
84.038 69
84.0083 69
83.9791 69
83.9499 69
83.9207 69
83.8915 69
83.8623 69
83.8332 69
83.8041 69
83.775 69
83.7459 69
83.7168 69
83.6878 69
83.6588 69
83.6298 69
83.6008 69
83.5719 69
83.5429 69
83.514 69
83.4851 69
83.4562 69
83.4274 69
83.3986 69
83.3698 69
83.341 69
83.3122 69
83.2835 69
83.2548 69
83.2261 69
83.1974 69
83.1687 69
83.1401 69
83.1115 69
83.0829 69
83.0544 69
83.0258 69
82.9973 69
82.9688 69
82.9404 69
82.9119 69
82.8835 69
82.8551 69
82.8267 69
82.7984 69
82.77 69
82.7417 69
82.7135 69
82.6852 69
82.657 69
82.6288 69
82.6006 69
82.5723 69
82.544 69
82.5157 69
82.4875 69
82.4593 69
82.4311 69
82.4029 69
82.3748 69
82.3467 69
82.3215 69
82.2966 69
82.2717 69
82.2468 69
82.222 69
82.1972 69
82.1724 69
82.1476 69
82.1229 69
82.0982 69
82.0735 69
82.0488 69
82.0241 69
81.9994 69
81.9748 69
81.9505 69
81.9261 69
81.9018 69
81.8774 69
81.8532 69
81.8289 69
81.8047 69
81.7805 69
81.7563 69
81.7321 69
81.708 69
81.6839 69
81.6599 69
81.6358 69
81.6118 69
81.588 69
81.5642 69
81.5404 69
81.5167 69
81.493 69
81.4693 69
81.4456 69
81.422 69
81.3984 69
81.3748 69
81.3512 69
81.3277 69
81.3042 69
81.2808 69
81.2573 69
81.2339 69
81.2106 69
81.1872 69
81.1639 69
81.1406 69
81.1174 69
81.0942 69
81.071 69
81.0478 69
81.0247 69
81.0016 69
80.9785 69
80.9555 69
80.9325 69
80.9095 69
80.8865 69
80.8636 69
80.8407 69
80.8179 69
80.7951 69
80.7723 69
80.7495 69
80.7268 69
80.7041 69
80.6814 69
80.6588 69
80.6361 69
80.6135 69
80.591 69
80.5684 69
80.5459 69
80.5235 69
80.501 69
80.4786 69
80.4563 69
80.434 69
80.4117 69
80.3894 69
80.3672 69
80.345 69
80.3229 69
80.3008 69
80.2798 69
80.2588 69
80.2379 69
80.217 69
80.1962 69
80.1754 69
80.1546 69
80.1338 69
80.1131 69
80.0925 69
80.0718 69
80.0512 69
80.0306 69
80.0101 69
79.9896 69
79.9691 69
79.9487 69
79.9283 69
79.908 69
79.8876 69
79.8674 69
79.8471 69
79.8269 69
79.8067 69
79.7866 69
79.7665 69
79.7464 69
79.7264 69
79.7064 69
79.6864 69
79.6665 69
79.6475 69
79.6296 69
79.6117 69
79.5939 69
79.5762 69
79.5584 69
79.5407 69
79.523 69
79.5054 69
79.4878 69
79.4702 69
79.4527 69
79.4352 69
79.4177 69
79.4003 69
79.3829 69
79.3655 69
79.3482 69
79.3309 69
79.3136 69
79.2964 69
79.2792 69
79.2621 69
79.245 69
79.2279 69
79.2108 69
79.1936 69
79.1765 69
79.1594 69
79.1424 69
79.1254 69
79.1084 69
79.0914 69
79.0745 69
79.0576 69
79.0407 69
79.0239 69
79.0071 69
78.9903 69
78.9736 69
78.9569 69
78.9402 69
78.9236 69
78.9071 69
78.8905 69
78.874 69
78.8575 69
78.8411 69
78.8247 69
78.8083 69
78.792 69
78.7757 69
78.7594 69
78.7433 69
78.7273 69
78.7112 69
78.6952 69
78.6793 69
78.6633 69
78.6475 69
78.6316 69
78.6158 69
78.6 69
78.5843 69
78.5686 69
78.5529 69
78.5373 69
78.5217 69
78.5062 69
78.4907 69
78.4752 69
78.4598 69
78.4444 69
78.429 69
78.4137 69
78.3984 69
78.3832 69
78.3679 69
78.3528 69
78.3377 69
78.3226 69
78.3075 69
78.2925 69
78.2775 69
78.2626 69
78.2477 69
78.2329 69
78.2181 69
78.2033 69
78.1886 69
78.1737 69
78.1589 69
78.1442 69
78.1294 69
78.1147 69
78.1001 69
78.0855 69
78.0709 69
78.0564 69
78.0419 69
78.0274 69
78.013 69
77.9986 69
77.9843 69
77.97 69
77.9557 69
77.9415 69
77.9273 69
77.9131 69
77.8989 69
77.8846 69
77.8705 69
77.8564 69
77.8423 69
77.8282 69
77.8142 69
77.8001 69
77.7851 69
77.7702 69
77.7553 69
77.7404 69
77.7255 69
77.7107 69
77.6959 69
77.6811 69
77.6664 69
77.6517 69
77.6371 69
77.6224 69
77.6078 69
77.5933 69
77.5788 69
77.5643 69
77.5498 69
77.5354 69
77.521 69
77.5066 69
77.4923 69
77.478 69
77.4637 69
77.4495 69
77.4353 69
77.4212 69
77.4071 69
77.393 69
77.3789 69
77.3649 69
77.3509 69
77.337 69
77.3231 69
77.3092 69
77.2953 69
77.2815 69
77.2677 69
77.2539 69
77.2401 69
77.2264 69
77.2127 69
77.199 69
77.1854 69
77.1718 69
77.1582 69
77.1447 69
77.1312 69
77.1178 69
77.1044 69
77.091 69
77.0776 69
77.0643 69
77.0514 69
77.0389 69
77.0264 69
77.0139 69
77.0014 69
76.989 69
76.9767 69
76.9644 69
76.9521 69
76.9398 69
76.9276 69
76.9154 69
76.9033 69
76.8912 69
76.8791 69
76.8671 69
76.8551 69
76.8432 69
76.8312 69
76.8193 69
76.8075 69
76.7956 69
76.7839 69
76.7721 69
76.7604 69
76.7487 69
76.7371 69
76.7255 69
76.7139 69
76.7023 69
76.6908 69
76.6794 69
76.6679 69
76.6565 69
76.6452 69
76.6339 69
76.6226 69
76.6113 69
76.6001 69
76.5889 69
76.5778 69
76.5667 69
76.5556 69
76.5446 69
76.5336 69
76.5226 69
76.5117 69
76.5008 69
76.49 69
76.4792 69
76.4684 69
76.4576 69
76.4469 69
76.4363 69
76.4241 69
76.4134 69
76.4014 69
76.3898 69
76.3781 69
76.3666 69
76.355 69
76.3435 69
76.332 69
76.3206 69
76.3092 69
76.2978 69
76.2864 69
76.2751 69
76.2638 69
76.2526 69
76.2414 69
76.2302 69
76.2191 69
76.208 69
76.1969 69
76.1859 69
76.1749 69
76.1639 69
76.153 69
76.1421 69
76.1312 69
76.1204 69
76.1096 69
76.0988 69
76.0881 69
76.0774 69
76.0667 69
76.0561 69
76.0455 69
76.035 69
76.0245 69
76.014 69
76.0035 69
75.9931 69
75.9828 69
75.9724 69
75.9621 69
75.9519 69
75.9416 69
75.9314 69
75.9213 69
75.9111 69
75.901 69
75.891 69
75.8809 69
75.8709 69
75.861 69
75.851 69
75.8411 69
75.8313 69
75.8215 69
75.8117 69
75.8019 69
75.7922 69
75.7825 69
75.7729 69
75.7633 69
75.7537 69
75.7442 69
75.7347 69
75.7252 69
75.7158 69
75.7064 69
75.6971 69
75.688 69
75.6793 69
75.6707 69
75.6621 69
75.6536 69
75.6451 69
75.6366 69
75.6281 69
75.6197 69
75.6113 69
75.603 69
75.5947 69
75.5864 69
75.5782 69
75.57 69
75.5619 69
75.5537 69
75.5457 69
75.5376 69
75.5296 69
75.5217 69
75.5137 69
75.5058 69
75.498 69
75.4902 69
75.4815 69
75.4722 69
75.463 69
75.4537 69
75.4446 69
75.4354 69
75.4263 69
75.4172 69
75.4081 69
75.3991 69
75.3901 69
75.3811 69
75.3721 69
75.3632 69
75.3544 69
75.3455 69
75.3367 69
75.3279 69
75.3191 69
75.3104 69
75.3017 69
75.2931 69
75.2845 69
75.2759 69
75.2673 69
75.2584 69
75.2493 69
75.2402 69
75.2311 69
75.2221 69
75.2131 69
75.2041 69
75.1951 69
75.1862 69
75.1773 69
75.1685 69
75.1596 69
75.1508 69
75.1421 69
75.1333 69
75.1246 69
75.116 69
75.1073 69
75.0987 69
75.0901 69
75.0816 69
75.073 69
75.0646 69
75.0561 69
75.0477 69
75.0393 69
75.0309 69
75.0226 69
75.0143 69
75.006 69
74.9978 69
74.9896 69
74.9814 69
74.9732 69
74.9651 69
74.957 69
74.949 69
74.941 69
74.933 69
74.925 69
74.9171 69
74.9092 69
74.9014 69
74.8935 69
74.8857 69
74.878 69
74.8703 69
74.8626 69
74.8549 69
74.8473 69
74.8397 69
74.8321 69
74.8246 69
74.8171 69
74.8096 69
74.8022 69
74.7948 69
74.7874 69
74.7801 69
74.7728 69
74.7655 69
74.7583 69
74.7511 69
74.7439 69
74.7368 69
74.7297 69
74.7226 69
74.7156 69
74.7086 69
74.7016 69
74.6946 69
74.6877 69
74.6809 69
74.674 69
74.6673 69
74.6605 69
74.6538 69
74.6471 69
74.6404 69
74.6338 69
74.6272 69
74.6206 69
74.6141 69
74.6069 69
74.5989 69
74.5909 69
74.5829 69
74.575 69
74.5671 69
74.5592 69
74.5514 69
74.5436 69
74.5358 69
74.5281 69
74.5203 69
74.5126 69
74.505 69
74.4973 69
74.4897 69
74.4822 69
74.4746 69
74.4671 69
74.4596 69
74.4522 69
74.4448 69
74.4374 69
74.43 69
74.4227 69
74.4154 69
74.4081 69
74.4009 69
74.3937 69
74.3865 69
74.3793 69
74.3722 69
74.3652 69
74.3581 69
74.3511 69
74.3441 69
74.3371 69
74.3302 69
74.3233 69
74.3165 69
74.3096 69
74.3028 69
74.2961 69
74.2893 69
74.2826 69
74.276 69
74.2693 69
74.2627 69
74.2562 69
74.2496 69
74.2431 69
74.2358 69
74.2282 69
74.2205 69
74.2128 69
74.2052 69
74.1976 69
74.19 69
74.1825 69
74.175 69
74.1675 69
74.1601 69
74.1527 69
74.1453 69
74.1379 69
74.1306 69
74.1233 69
74.1161 69
74.1089 69
74.1017 69
74.0945 69
74.0873 69
74.0802 69
74.0732 69
74.0661 69
74.0591 69
74.0521 69
74.0452 69
74.0382 69
74.0314 69
74.0245 69
74.0177 69
74.0109 69
74.0041 69
73.9974 69
73.9907 69
73.9841 69
73.9774 69
73.9708 69
73.9642 69
73.9577 69
73.9512 69
73.9447 69
73.9383 69
73.9319 69
73.9255 69
73.9192 69
73.9129 69
73.9066 69
73.9004 69
73.8942 69
73.888 69
73.8818 69
73.8757 69
73.8697 69
73.8636 69
73.8576 69
73.8516 69
73.8457 69
73.8398 69
73.8339 69
73.8281 69
73.8223 69
73.8165 69
73.8108 69
73.8051 69
73.7994 69
73.7938 69
73.7882 69
73.7826 69
73.7771 69
73.7716 69
73.7662 69
73.7607 69
73.7553 69
73.75 69
73.7447 69
73.7394 69
73.7341 69
73.7289 69
73.7237 69
73.7186 69
73.7135 69
73.7083 69
73.7031 69
73.6978 69
73.6926 69
73.6874 69
73.6823 69
73.6772 69
73.6721 69
73.6671 69
73.6621 69
73.6571 69
73.6522 69
73.6473 69
73.6425 69
73.6376 69
73.6328 69
73.6281 69
73.6233 69
73.6187 69
73.614 69
73.6094 69
73.6048 69
73.6002 69
73.5957 69
73.5912 69
73.5868 69
73.5824 69
73.578 69
73.5736 69
73.5693 69
73.5651 69
73.5608 69
73.5566 69
73.5525 69
73.5483 69
73.5442 69
73.5402 69
73.5361 69
73.5322 69
73.5282 69
73.5243 69
73.5204 69
73.5166 69
73.5127 69
73.5089 69
73.5052 69
73.5015 69
73.4978 69
73.4941 69
73.4905 69
73.487 69
73.4834 69
73.4799 69
73.4764 69
73.473 69
73.4696 69
73.4662 69
73.4628 69
73.4596 69
73.4563 69
73.4531 69
73.4499 69
73.4467 69
73.4436 69
73.4406 69
73.4375 69
73.4345 69
73.4316 69
73.4287 69
73.4258 69
73.4229 69
73.4201 69
73.4174 69
73.4146 69
73.4119 69
73.4093 69
73.4066 69
73.404 69
73.4014 69
73.3989 69
73.3964 69
73.394 69
73.3915 69
73.3892 69
73.3868 69
73.3846 69
73.3823 69
73.3801 69
73.3779 69
73.3757 69
73.3736 69
73.3715 69
73.3695 69
73.3675 69
73.3655 69
73.3636 69
73.3617 69
73.3598 69
73.358 69
73.3562 69
73.3544 69
73.3527 69
73.3511 69
73.3494 69
73.3478 69
73.3463 69
73.3448 69
73.3433 69
73.3419 69
73.3405 69
73.3391 69
73.3378 69
73.3365 69
73.3353 69
73.3341 69
73.333 69
73.3318 69
73.3308 69
73.3297 69
73.3288 69
73.3278 69
73.3269 69
73.326 69
73.3252 69
73.3244 69
73.3237 69
73.3229 69
73.3223 69
73.3216 69
73.321 69
73.3205 69
73.32 69
73.3195 69
73.3191 69
73.3187 69
73.3184 69
73.3181 69
73.3178 69
73.3176 69
73.3174 69
73.317 69
73.3156 69
73.3142 69
73.3129 69
73.3116 69
73.3103 69
73.3091 69
73.3079 69
73.3068 69
73.3057 69
73.3046 69
73.3035 69
73.3025 69
73.3016 69
73.3006 69
73.2997 69
73.2985 69
73.296 69
73.2935 69
73.291 69
73.2885 69
73.286 69
73.2836 69
73.2812 69
73.2789 69
73.2766 69
73.2743 69
73.272 69
73.2698 69
73.2676 69
73.2654 69
73.2633 69
73.2612 69
73.2591 69
73.2571 69
73.2551 69
73.2531 69
73.2511 69
73.2492 69
73.2473 69
73.2455 69
73.2437 69
73.2419 69
73.2401 69
73.2384 69
73.2367 69
73.235 69
73.2334 69
73.2317 69
73.2302 69
73.2286 69
73.2271 69
73.2256 69
73.2242 69
73.2228 69
73.2214 69
73.22 69
73.2187 69
73.2174 69
73.2162 69
73.2149 69
73.2137 69
73.2126 69
73.2114 69
73.2103 69
73.2093 69
73.2083 69
73.2073 69
73.2063 69
73.2053 69
73.2043 69
73.2033 69
73.2024 69
73.2015 69
73.2007 69
73.1998 69
73.199 69
73.1983 69
73.1975 69
73.1968 69
73.1962 69
73.1955 69
73.195 69
73.1944 69
73.1939 69
73.1934 69
73.1929 69
73.1925 69
73.1921 69
73.1917 69
73.1914 69
73.1911 69
73.1908 69
73.1906 69
73.1904 69
73.1902 69
73.1901 69
73.19 69
73.1899 69
73.1899 69
73.1899 69
73.1899 69
73.19 69
73.1901 69
73.1902 69
73.1904 69
73.1906 69
73.1908 69
73.1911 69
73.1914 69
73.1917 69
73.1921 69
73.1925 69
73.193 69
73.1931 69
73.192 69
73.1909 69
73.1899 69
73.1889 69
73.1879 69
73.1869 69
73.186 69
73.1851 69
73.1843 69
73.1835 69
73.1827 69
73.1819 69
73.1812 69
73.1805 69
73.1798 69
73.1791 69
73.1785 69
73.1779 69
73.1774 69
73.1768 69
73.1764 69
73.1759 69
73.1755 69
73.1751 69
73.1742 69
73.1732 69
73.1723 69
73.1714 69
73.1705 69
73.1696 69
73.1688 69
73.1679 69
73.1672 69
73.1664 69
73.1657 69
73.165 69
73.1643 69
73.1637 69
73.1631 69
73.1625 69
73.162 69
73.1615 69
73.161 69
73.1605 69
73.1601 69
73.1597 69
73.1594 69
73.159 69
73.1587 69
73.1585 69
73.1582 69
73.158 69
73.1578 69
73.1577 69
73.1576 69
73.1575 69
73.1574 69
73.1574 69
73.1574 69
73.1575 69
73.1575 69
73.1576 69
73.1578 69
73.1579 69
73.1581 69
73.1583 69
73.1584 69
73.1586 69
73.1589 69
73.1591 69
73.1594 69
73.1597 69
73.1601 69
73.1605 69
73.1609 69
73.1613 69
73.1618 69
73.1623 69
73.1629 69
73.1634 69
73.164 69
73.1647 69
73.1653 69
73.166 69
73.1668 69
73.1675 69
73.1683 69
73.1691 69
73.17 69
73.1709 69
73.1718 69
73.1727 69
73.1734 69
73.174 69
73.1745 69
73.1749 69
73.1752 69
73.1757 69
73.1761 69
73.1766 69
73.1771 69
73.1776 69
73.1782 69
73.1788 69
73.1794 69
73.18 69
73.1807 69
73.1814 69
73.1821 69
73.1828 69
73.1835 69
73.1843 69
73.185 69
73.1858 69
73.1866 69
73.1875 69
73.1883 69
73.1892 69
73.1902 69
73.1911 69
73.1921 69
73.1932 69
73.1942 69
73.1953 69
73.1964 69
73.1976 69
73.1987 69
73.1999 69
73.2012 69
73.2024 69
73.2037 69
73.2051 69
73.2064 69
73.2078 69
73.2092 69
73.2107 69
73.2122 69
73.2137 69
73.2153 69
73.2168 69
73.2184 69
73.2201 69
73.2218 69
73.2235 69
73.2252 69
73.227 69
73.2288 69
73.2306 69
73.2324 69
73.2343 69
73.2363 69
73.2382 69
73.2402 69
73.2422 69
73.2443 69
73.2464 69
73.2485 69
73.2507 69
73.2529 69
73.2551 69
73.2573 69
73.2596 69
73.262 69
73.2643 69
73.2667 69
73.2691 69
73.2715 69
73.274 69
73.2765 69
73.2791 69
73.2816 69
73.2842 69
73.2869 69
73.2895 69
73.2922 69
73.295 69
73.2977 69
73.3005 69
73.3033 69
73.3062 69
73.3091 69
73.312 69
73.315 69
73.318 69
73.321 69
73.3241 69
73.3271 69
73.3301 69
73.3332 69
73.3362 69
73.3394 69
73.3425 69
73.3457 69
73.3489 69
73.3521 69
73.3554 69
73.3587 69
73.3621 69
73.3655 69
73.3689 69
73.3723 69
73.3758 69
73.3793 69
73.3828 69
73.3864 69
73.39 69
73.3937 69
73.3973 69
73.401 69
73.4048 69
73.4086 69
73.4124 69
73.4162 69
73.4201 69
73.424 69
73.428 69
73.432 69
73.436 69
73.44 69
73.4442 69
73.4486 69
73.453 69
73.4575 69
73.462 69
73.4665 69
73.4711 69
73.4757 69
73.4803 69
73.485 69
73.4897 69
73.4945 69
73.4993 69
73.5041 69
73.509 69
73.5139 69
73.5188 69
73.5238 69
73.5288 69
73.5339 69
73.539 69
73.5441 69
73.5493 69
73.5545 69
73.5597 69
73.565 69
73.5703 69
73.5756 69
73.581 69
73.5864 69
73.5918 69
73.5973 69
73.6028 69
73.6083 69
73.6139 69
73.6195 69
73.6252 69
73.6309 69
73.6366 69
73.6424 69
73.6482 69
73.6541 69
73.6599 69
73.6658 69
73.6718 69
73.6778 69
73.6838 69
73.6898 69
73.6959 69
73.7006 69
73.7039 69
73.7072 69
73.7104 69
73.7135 69
73.7167 69
73.7199 69
73.723 69
73.7263 69
73.7295 69
73.7328 69
73.7361 69
73.7395 69
73.7428 69
73.7462 69
73.7497 69
73.7531 69
73.7566 69
73.7601 69
73.7637 69
73.7672 69
73.7709 69
73.7745 69
73.7781 69
73.7818 69
73.7855 69
73.7893 69
73.7931 69
73.7969 69
73.8007 69
73.8045 69
73.8084 69
73.8124 69
73.8163 69
73.8203 69
73.8243 69
73.8283 69
73.8324 69
73.8365 69
73.8406 69
73.8448 69
73.849 69
73.8532 69
73.8574 69
73.8617 69
73.8654 69
73.8674 69
73.8695 69
73.8716 69
73.8736 69
73.8758 69
73.8779 69
73.8799 69
73.8819 69
73.8839 69
73.886 69
73.888 69
73.8901 69
73.8922 69
73.8943 69
73.8965 69
73.8986 69
73.9008 69
73.9031 69
73.9053 69
73.9076 69
73.9099 69
73.9122 69
73.9145 69
73.9169 69
73.9193 69
73.9217 69
73.9242 69
73.9266 69
73.9291 69
73.9316 69
73.9342 69
73.9368 69
73.9394 69
73.942 69
73.9446 69
73.9473 69
73.95 69
73.9527 69
73.9554 69
73.9582 69
73.961 69
73.9638 69
73.9666 69
73.9695 69
73.9724 69
73.9753 69
73.9782 69
73.9812 69
73.9842 69
73.9872 69
73.9902 69
73.9933 69
73.9964 69
73.9996 69
74.0028 69
74.0061 69
74.0094 69
74.0127 69
74.016 69
74.0194 69
74.0228 69
74.0262 69
74.0296 69
74.0331 69
74.0365 69
74.0401 69
74.0436 69
74.0472 69
74.0508 69
74.0544 69
74.058 69
74.0617 69
74.0654 69
74.0691 69
74.0728 69
74.0766 69
74.0804 69
74.0842 69
74.0881 69
74.092 69
74.0959 69
74.0998 69
74.1037 69
74.1077 69
74.1117 69
74.1158 69
74.1198 69
74.1239 69
74.128 69
74.1321 69
74.1363 69
74.1405 69
74.1447 69
74.149 69
74.1532 69
74.1575 69
74.1602 69
74.1624 69
74.1646 69
74.1669 69
74.1692 69
74.1715 69
74.1738 69
74.1762 69
74.1786 69
74.181 69
74.1834 69
74.1859 69
74.1884 69
74.1909 69
74.1935 69
74.196 69
74.1986 69
74.2012 69
74.204 69
74.2067 69
74.2095 69
74.2123 69
74.2151 69
74.218 69
74.2209 69
74.2238 69
74.2267 69
74.2297 69
74.2326 69
74.2356 69
74.2387 69
74.2417 69
74.2448 69
74.2479 69
74.2511 69
74.2543 69
74.2574 69
74.2607 69
74.2639 69
74.2672 69
74.2705 69
74.2738 69
74.2771 69
74.2805 69
74.2839 69
74.2873 69
74.2907 69
74.2942 69
74.2977 69
74.3012 69
74.3048 69
74.3084 69
74.312 69
74.3157 69
74.3193 69
74.323 69
74.3268 69
74.3305 69
74.3343 69
74.3381 69
74.342 69
74.3458 69
74.3497 69
74.3537 69
74.3576 69
74.3616 69
74.3656 69
74.3697 69
74.3737 69
74.3778 69
74.382 69
74.3861 69
74.3903 69
74.3945 69
74.3988 69
74.403 69
74.4071 69
74.4112 69
74.4153 69
74.4195 69
74.4235 69
74.4271 69
74.4308 69
74.4346 69
74.4383 69
74.4421 69
74.4459 69
74.4498 69
74.4536 69
74.4575 69
74.4614 69
74.4654 69
74.4694 69
74.4734 69
74.4774 69
74.4815 69
74.4856 69
74.4897 69
74.4938 69
74.498 69
74.5021 69
74.5064 69
74.5106 69
74.5149 69
74.5192 69
74.5235 69
74.5278 69
74.5322 69
74.5366 69
74.541 69
74.5455 69
74.55 69
74.5545 69
74.559 69
74.5636 69
74.5682 69
74.5728 69
74.5775 69
74.5822 69
74.5869 69
74.5917 69
74.5964 69
74.6013 69
74.6061 69
74.611 69
74.6159 69
74.6209 69
74.6259 69
74.6309 69
74.6359 69
74.641 69
74.6461 69
74.6512 69
74.6564 69
74.6615 69
74.6668 69
74.672 69
74.6773 69
74.6826 69
74.6879 69
74.6933 69
74.6987 69
74.7041 69
74.7096 69
74.7151 69
74.7206 69
74.7261 69
74.7317 69
74.7374 69
74.743 69
74.7487 69
74.7544 69
74.7601 69
74.7659 69
74.7717 69
74.7775 69
74.7834 69
74.7893 69
74.7953 69
74.8012 69
74.8072 69
74.8133 69
74.8193 69
74.8254 69
74.8316 69
74.8377 69
74.8439 69
74.8501 69
74.8564 69
74.8627 69
74.869 69
74.8754 69
74.8818 69
74.8883 69
74.8947 69
74.9012 69
74.9078 69
74.9144 69
74.921 69
74.9276 69
74.9343 69
74.9409 69
74.9475 69
74.954 69
74.9606 69
74.9673 69
74.974 69
74.9807 69
74.9874 69
74.9942 69
75.001 69
75.0072 69
75.0131 69
75.0189 69
75.0248 69
75.0307 69
75.0367 69
75.0427 69
75.0487 69
75.0547 69
75.0608 69
75.0669 69
75.073 69
75.0792 69
75.0854 69
75.0917 69
75.098 69
75.1043 69
75.1106 69
75.117 69
75.1235 69
75.1299 69
75.1364 69
75.1429 69
75.1495 69
75.1561 69
75.1627 69
75.1693 69
75.176 69
75.1827 69
75.1893 69
75.196 69
75.2026 69
75.2093 69
75.2161 69
75.2228 69
75.2296 69
75.2365 69
75.2434 69
75.2503 69
75.2572 69
75.2642 69
75.2712 69
75.2783 69
75.2853 69
75.2925 69
75.2996 69
75.3068 69
75.314 69
75.3213 69
75.3286 69
75.3359 69
75.3433 69
75.3507 69
75.3581 69
75.3656 69
75.3731 69
75.3806 69
75.3881 69
75.3956 69
75.4031 69
75.4107 69
75.4183 69
75.4259 69
75.4336 69
75.4413 69
75.4491 69
75.4569 69
75.4648 69
75.4726 69
75.4805 69
75.4885 69
75.4965 69
75.5045 69
75.5125 69
75.5206 69
75.5288 69
75.5369 69
75.5451 69
75.5534 69
75.5616 69
75.5699 69
75.5782 69
75.5866 69
75.5945 69
75.6019 69
75.6094 69
75.6169 69
75.6244 69
75.632 69
75.6396 69
75.6473 69
75.6549 69
75.6626 69
75.6704 69
75.6781 69
75.6859 69
75.6938 69
75.7017 69
75.7096 69
75.7175 69
75.7255 69
75.7335 69
75.7416 69
75.7496 69
75.7578 69
75.7659 69
75.7742 69
75.7824 69
75.7907 69
75.799 69
75.8073 69
75.8157 69
75.8241 69
75.8326 69
75.8411 69
75.8496 69
75.8582 69
75.8668 69
75.8755 69
75.8842 69
75.8929 69
75.9016 69
75.9104 69
75.9193 69
75.9282 69
75.9371 69
75.946 69
75.955 69
75.964 69
75.9731 69
75.9822 69
75.9914 69
76.0006 69
76.0098 69
76.019 69
76.0284 69
76.0377 69
76.0471 69
76.0565 69
76.066 69
76.0755 69
76.085 69
76.0946 69
76.1042 69
76.1139 69
76.1236 69
76.1333 69
76.1431 69
76.1529 69
76.1628 69
76.1726 69
76.1826 69
76.1925 69
76.2025 69
76.2124 69
76.2224 69
76.2325 69
76.2426 69
76.2527 69
76.2629 69
76.273 69
76.2833 69
76.2935 69
76.3038 69
76.3141 69
76.3245 69
76.3349 69
76.3453 69
76.3558 69
76.3663 69
76.3769 69
76.3875 69
76.3981 69
76.4088 69
76.4196 69
76.4303 69
76.4412 69
76.452 69
76.463 69
76.4739 69
76.4849 69
76.496 69
76.507 69
76.5181 69
76.5292 69
76.5404 69
76.5516 69
76.5628 69
76.5741 69
76.5854 69
76.5968 69
76.6082 69
76.6197 69
76.6311 69
76.6426 69
76.6542 69
76.6657 69
76.6773 69
76.689 69
76.7007 69
76.7124 69
76.7242 69
76.736 69
76.7479 69
76.7598 69
76.7718 69
76.7838 69
76.7958 69
76.8079 69
76.82 69
76.8321 69
76.8443 69
76.8565 69
76.8688 69
76.8811 69
76.8934 69
76.9058 69
76.9182 69
76.9307 69
76.9432 69
76.9558 69
76.9684 69
76.9811 69
76.9938 69
77.0065 69
77.0193 69
77.0321 69
77.045 69
77.058 69
77.0709 69
77.0839 69
77.0969 69
77.11 69
77.1231 69
77.1362 69
77.1494 69
77.1626 69
77.1758 69
77.1891 69
77.2025 69
77.2159 69
77.2293 69
77.2428 69
77.2563 69
77.2699 69
77.2835 69
77.2972 69
77.3109 69
77.3246 69
77.3384 69
77.3522 69
77.3661 69
77.3801 69
77.394 69
77.4081 69
77.4221 69
77.4362 69
77.4503 69
77.4645 69
77.4787 69
77.493 69
77.5073 69
77.5216 69
77.536 69
77.5504 69
77.5649 69
77.5794 69
77.5939 69
77.6085 69
77.6231 69
77.6377 69
77.6524 69
77.6671 69
77.6818 69
77.6966 69
77.7114 69
77.7263 69
77.7412 69
77.7561 69
77.7711 69
77.7861 69
77.8012 69
77.8163 69
77.8315 69
77.8467 69
77.8619 69
77.8772 69
77.8925 69
77.9079 69
77.9234 69
77.9388 69
77.9544 69
77.97 69
77.9856 69
78.0013 69
78.017 69
78.0327 69
78.0485 69
78.0643 69
78.0802 69
78.096 69
78.112 69
78.128 69
78.144 69
78.1601 69
78.1762 69
78.1924 69
78.2086 69
78.2249 69
78.2412 69
78.2576 69
78.274 69
78.2904 69
78.3069 69
78.3234 69
78.34 69
78.3566 69
78.3733 69
78.39 69
78.4067 69
78.4235 69
78.4403 69
78.4572 69
78.474 69
78.4909 69
78.5079 69
78.5249 69
78.542 69
78.5591 69
78.5762 69
78.5934 69
78.6107 69
78.628 69
78.6453 69
78.6626 69
78.68 69
78.6975 69
78.715 69
78.7325 69
78.7501 69
78.7677 69
78.7853 69
78.8031 69
78.8208 69
78.8386 69
78.8565 69
78.8744 69
78.8924 69
78.9104 69
78.9285 69
78.9466 69
78.9647 69
78.9829 69
79.0012 69
79.0194 69
79.0377 69
79.0559 69
79.0743 69
79.0926 69
79.111 69
79.1295 69
79.148 69
79.1665 69
79.1851 69
79.2038 69
79.2225 69
79.2412 69
79.26 69
79.2789 69
79.2978 69
79.3168 69
79.3358 69
79.3547 69
79.3737 69
79.3928 69
79.4119 69
79.431 69
79.4502 69
79.4695 69
79.4887 69
79.508 69
79.5273 69
79.5467 69
79.5661 69
79.5856 69
79.6052 69
79.6247 69
79.6444 69
79.6641 69
79.6838 69
79.7036 69
79.7234 69
79.7433 69
79.7632 69
79.7832 69
79.8032 69
79.8232 69
79.8433 69
79.8634 69
79.8836 69
79.9038 69
79.924 69
79.9443 69
79.9646 69
79.9849 69
80.0053 69
80.0257 69
80.0462 69
80.0666 69
80.0872 69
80.1077 69
80.1284 69
80.1491 69
80.1698 69
80.1906 69
80.2114 69
80.2323 69
80.2532 69
80.2742 69
80.2952 69
80.3163 69
80.3374 69
80.3586 69
80.3798 69
80.401 69
80.4224 69
80.4437 69
80.4651 69
80.4865 69
80.5079 69
80.5294 69
80.5509 69
80.5724 69
80.5939 69
80.6155 69
80.637 69
80.6587 69
80.6803 69
80.7021 69
80.7238 69
80.7457 69
80.7675 69
80.7894 69
80.8114 69
80.8334 69
80.8555 69
80.8776 69
80.8998 69
80.922 69
80.9443 69
80.9666 69
80.989 69
81.0114 69
81.0337 69
81.0562 69
81.0786 69
81.101 69
81.1235 69
81.1461 69
81.1687 69
81.1914 69
81.2141 69
81.2368 69
81.2596 69
81.2825 69
81.3054 69
81.3283 69
81.3513 69
81.3743 69
81.3974 69
81.4206 69
81.4438 69
81.467 69
81.4903 69
81.5136 69
81.5369 69
81.5602 69
81.5836 69
81.6069 69
81.6304 69
81.6538 69
81.6774 69
81.7009 69
81.7246 69
81.7482 69
81.7719 69
81.7957 69
81.8195 69
81.8434 69
81.8673 69
81.8913 69
81.9153 69
81.9393 69
81.9634 69
81.9875 69
82.0117 69
82.0359 69
82.0601 69
82.0843 69
82.1085 69
82.1328 69
82.1571 69
82.1815 69
82.2059 69
82.2303 69
82.2547 69
82.2792 69
82.3036 69
82.3282 69
82.3527 69
82.3774 69
82.402 69
82.4268 69
82.4516 69
82.4764 69
82.5013 69
82.5262 69
82.5511 69
82.5761 69
82.6012 69
82.6263 69
82.6514 69
82.6766 69
82.7018 69
82.7271 69
82.7524 69
82.7778 69
82.8032 69
82.8287 69
82.8542 69
82.8798 69
82.9054 69
82.931 69
82.9564 69
82.9818 69
83.0073 69
83.0329 69
83.0585 69
83.0841 69
83.1099 69
83.1356 69
83.1614 69
83.1873 69
83.2132 69
83.2391 69
83.2651 69
83.2911 69
83.3171 69
83.3432 69
83.3693 69
83.3955 69
83.4216 69
83.4478 69
83.4741 69
83.5003 69
83.5267 69
83.553 69
83.5795 69
83.6059 69
83.6324 69
83.659 69
83.6856 69
83.7122 69
83.7389 69
83.7655 69
83.7922 69
83.819 69
83.8458 69
83.8726 69
83.8995 69
83.9265 69
83.9535 69
83.9805 69
84.0075 69
84.0345 69
84.0615 69
84.0886 69
84.1158 69
84.143 69
84.1702 69
84.1976 69
84.2249 69
84.2523 69
84.2798 69
84.3073 69
84.3349 69
84.3625 69
84.3902 69
84.4179 69
84.4456 69
84.4734 69
84.5012 69
84.529 69
84.5569 69
84.5848 69
84.6128 69
84.6408 69
84.6689 69
84.697 69
84.7252 69
84.7534 69
84.7816 69
84.8099 69
84.8381 69
84.8664 69
84.8948 69
84.9231 69
84.9516 69
84.9801 69
85.0085 69
85.037 69
85.0655 69
85.0941 69
85.1227 69
85.1513 69
85.18 69
85.2087 69
85.2374 69
85.2662 69
85.295 69
85.3239 69
85.3528 69
85.3818 69
85.4108 69
85.4399 69
85.469 69
85.4981 69
85.5274 69
85.5566 69
85.5859 69
85.6152 69
85.6445 69
85.6739 69
85.7034 69
85.7329 69
85.7625 69
85.7921 69
85.8218 69
85.8514 69
85.881 69
85.9107 69
85.9405 69
85.9702 69
86.0001 69
86.0299 69
86.0599 69
86.0898 69
86.1198 69
86.1499 69
86.18 69
86.2101 69
86.2403 69
86.2706 69
86.3009 69
86.3312 69
86.3615 69
86.3919 69
86.4224 69
86.4529 69
86.4834 69
86.514 69
86.5446 69
86.5752 69
86.6059 69
86.6366 69
86.6674 69
86.6982 69
86.7291 69
86.7599 69
86.7909 69
86.8218 69
86.8529 69
86.8839 69
86.915 69
86.946 69
86.9771 69
87.0082 69
87.0393 69
87.0705 69
87.1017 69
87.1329 69
87.1642 69
87.1956 69
87.2269 69
87.2583 69
87.2897 69
87.3211 69
87.3526 69
87.3841 69
87.4157 69
87.4473 69
87.4789 69
87.5106 69
87.5424 69
87.5741 69
87.606 69
87.6378 69
87.6697 69
87.7016 69
87.7336 69
87.7656 69
87.7975 69
87.8296 69
87.8616 69
87.8937 69
87.9259 69
87.958 69
87.9903 69
88.0225 69
88.0548 69
88.0871 69
88.1194 69
88.1518 69
88.1842 69
88.2166 69
88.2491 69
88.2816 69
88.3141 69
88.3466 69
88.3791 69
88.4117 69
88.4444 69
88.477 69
88.5098 69
88.5426 69
88.5755 69
88.6084 69
88.6413 69
88.6742 69
88.7071 69
88.74 69
88.773 69
88.8061 69
88.8391 69
88.8722 69
88.9053 69
88.9385 69
88.9717 69
89.005 69
89.0383 69
89.0717 69
89.1051 69
89.1384 69
89.1718 69
89.2053 69
89.2388 69
89.2723 69
89.3058 69
89.3393 69
89.3729 69
89.4065 69
89.4401 69
89.4737 69
89.5075 69
89.5412 69
89.575 69
89.6089 69
89.6429 69
89.6768 69
89.7109 69
89.745 69
89.7791 69
89.8133 69
89.8476 69
89.8819 69
89.9162 69
89.9506 69
89.9849 69
90.0193 69
90.0537 69
90.0881 69
90.1226 69
90.1571 69
90.1915 69
90.226 69
90.2605 69
90.2951 69
90.3297 69
90.3644 69
90.3991 69
90.4339 69
90.4688 69
90.5036 69
90.5384 69
90.5732 69
90.6082 69
90.6431 69
90.6781 69
90.713 69
90.748 69
90.7831 69
90.8182 69
90.8534 69
90.8885 69
90.9237 69
90.9589 69
90.9942 69
91.0295 69
91.0649 69
91.1003 69
91.1358 69
91.1713 69
91.2068 69
91.2423 69
91.2779 69
91.3134 69
91.349 69
91.3846 69
91.4203 69
91.456 69
91.4918 69
91.5276 69
91.5635 69
91.5994 69
91.6353 69
91.6713 69
91.7074 69
91.7434 69
91.7795 69
91.8155 69
91.8515 69
91.8876 69
91.9238 69
91.96 69
91.9963 69
92.0326 69
92.0689 69
92.1052 69
92.1415 69
92.1778 69
92.2141 69
92.2504 69
92.2868 69
92.3231 69
92.3594 69
92.3957 69
92.432 69
92.4683 69
92.5046 69
92.541 69
92.5775 69
92.614 69
92.6505 69
92.687 69
92.7236 69
92.7603 69
92.797 69
92.8338 69
92.8706 69
92.9074 69
92.9443 69
92.9812 69
93.0181 69
93.0551 69
93.0921 69
93.1291 69
93.1662 69
93.2034 69
93.2406 69
93.2778 69
93.3151 69
93.3525 69
93.3898 69
93.4271 69
93.4644 69
93.5017 69
93.5391 69
93.5764 69
93.6137 69
93.6511 69
93.6885 69
93.7258 69
93.7631 69
93.8005 69
93.8379 69
93.8753 69
93.9128 69
93.9504 69
93.9879 69
94.0255 69
94.0631 69
94.1007 69
94.1383 69
94.176 69
94.2138 69
94.2516 69
94.2895 69
94.3273 69
94.3651 69
94.403 69
94.441 69
94.479 69
94.517 69
94.5551 69
94.5931 69
94.6311 69
94.6692 69
94.7073 69
94.7455 69
94.7837 69
94.822 69
94.8601 69
94.8982 69
94.9363 69
94.9743 69
95.0125 69
95.0507 69
95.0889 69
95.1272 69
95.1655 69
95.2039 69
95.2423 69
95.2808 69
95.3194 69
95.358 69
95.3965 69
95.4352 69
95.4738 69
95.5126 69
95.5513 69
95.5901 69
95.6288 69
95.6675 69
95.7063 69
95.7452 69
95.784 69
95.823 69
95.8619 69
95.9008 69
95.9398 69
95.9787 69
96.0178 69
96.0568 69
96.0959 69
96.1351 69
96.1743 69
96.2136 69
96.2529 69
96.2923 69
96.3316 69
96.3711 69
96.4106 69
96.4501 69
96.4896 69
96.5292 69
96.5688 69
96.6084 69
96.648 69
96.6876 69
96.7272 69
96.7669 69
96.8066 69
96.8464 69
96.886 69
96.9257 69
96.9653 69
97.0049 69
97.0444 69
97.084 69
97.1237 69
97.1634 69
97.2031 69
97.2429 69
97.2828 69
97.3227 69
97.3626 69
97.4026 69
97.4427 69
97.4828 69
97.5229 69
97.563 69
97.6031 69
97.6432 69
97.6834 69
97.7235 69
97.7636 69
97.8038 69
97.8441 69
97.8843 69
97.9245 69
97.9648 69
98.005 69
98.0454 69
98.0857 69
98.1261 69
98.1665 69
98.207 69
98.2475 69
98.288 69
98.3284 69
98.3688 69
98.4093 69
98.4498 69
98.4903 69
98.5308 69
98.5711 69
98.6114 69
98.6518 69
98.6922 69
98.7326 69
98.773 69
98.8135 69
98.854 69
98.8945 69
98.9351 69
98.9757 69
99.0164 69
99.0571 69
99.0978 69
99.1386 69
99.1794 69
99.2202 69
99.2612 69
99.3021 69
99.3431 69
99.3841 69
99.4252 69
99.4663 69
99.5072 69
99.5481 69
99.5891 69
99.6301 69
99.6712 69
99.7123 69
99.7534 69
99.7946 69
99.8358 69
99.8769 69
99.9181 69
99.9592 69
100 69
100.042 69
100.083 69
100.124 69
100.166 69
100.207 69
100.248 69
100.289 69
100.331 69
100.372 69
100.414 69
100.455 69
100.496 69
100.538 69
100.579 69
100.621 69
100.662 69
100.704 69
100.745 69
100.787 69
100.829 69
100.87 69
100.912 69
100.954 69
100.996 69
101.037 69
101.079 69
101.121 69
101.163 69
101.204 69
101.246 69
101.288 69
101.33 69
101.371 69
101.413 69
101.455 69
101.497 69
101.539 69
101.581 69
101.623 69
101.665 69
101.707 69
101.749 69
101.791 69
101.833 69
101.875 69
101.917 69
101.959 69
102.001 69
102.043 69
102.086 69
102.128 69
102.17 69
102.213 69
102.255 69
102.297 69
102.34 69
102.382 69
102.425 69
102.467 69
102.51 69
102.552 69
102.595 69
102.637 69
102.68 69
102.723 69
102.765 69
102.808 69
102.851 69
102.893 69
102.936 69
102.979 69
103.022 69
103.064 69
103.107 69
103.15 69
103.193 69
103.236 69
103.278 69
103.321 69
103.364 69
103.407 69
103.45 69
103.493 69
103.536 69
103.579 69
103.623 69
103.666 69
103.709 69
103.752 69
103.796 69
103.839 69
103.883 69
103.926 69
103.97 69
104.013 69
104.057 69
104.1 69
104.144 69
104.188 69
104.231 69
104.275 69
104.319 69
104.363 69
104.407 69
104.45 69
104.494 69
104.538 69
104.582 69
104.626 69
104.67 69
104.714 69
104.758 69
104.802 69
104.846 69
104.89 69
104.934 69
104.979 69
105.023 69
105.067 69
105.111 69
105.156 69
105.2 69
105.245 69
105.289 69
105.334 69
105.378 69
105.423 69
105.468 69
105.512 69
105.557 69
105.602 69
105.647 69
105.692 69
105.737 69
105.782 69
105.826 69
105.871 69
105.916 69
105.961 69
106.006 69
106.051 69
106.096 69
106.141 69
106.187 69
106.232 69
106.277 69
106.322 69
106.368 69
106.413 69
106.458 69
106.504 69
106.549 69
106.595 69
106.64 69
106.686 69
106.732 69
106.777 69
106.823 69
106.868 69
106.914 69
106.96 69
107.006 69
107.051 69
107.097 69
107.143 69
107.189 69
107.235 69
107.281 69
107.327 69
107.373 69
107.42 69
107.466 69
107.512 69
107.558 69
107.604 69
107.651 69
107.697 69
107.744 69
107.79 69
107.836 69
107.883 69
107.929 69
107.976 69
108.023 69
108.069 69
108.116 69
108.162 69
108.209 69
108.256 69
108.303 69
108.35 69
108.396 69
108.443 69
108.49 69
108.537 69
108.584 69
108.631 69
108.678 69
108.725 69
108.772 69
108.819 69
108.866 69
108.914 69
108.961 69
109.008 69
109.056 69
109.103 69
109.15 69
109.198 69
109.245 69
109.293 69
109.34 69
109.388 69
109.436 69
109.483 69
109.531 69
109.579 69
109.626 69
109.674 69
109.722 69
109.77 69
109.818 69
109.865 69
109.913 69
109.961 69
110.009 69
110.057 69
110.105 69
110.153 69
110.201 69
110.249 69
110.297 69
110.346 69
110.394 69
110.442 69
110.49 69
110.539 69
110.587 69
110.636 69
110.684 69
110.733 69
110.781 69
110.83 69
110.879 69
110.927 69
110.976 69
111.025 69
111.073 69
111.122 69
111.171 69
111.22 69
111.269 69
111.318 69
111.367 69
111.416 69
111.465 69
111.514 69
111.563 69
111.612 69
111.661 69
111.711 69
111.76 69
111.809 69
111.859 69
111.908 69
111.958 69
112.007 69
112.057 69
112.106 69
112.156 69
112.206 69
112.256 69
112.306 69
112.355 69
112.405 69
112.455 69
112.505 69
112.556 69
112.606 69
112.656 69
112.706 69
112.756 69
112.807 69
112.857 69
112.908 69
112.958 69
113.009 69
113.059 69
113.11 69
113.161 69
113.212 69
113.262 69
113.313 69
113.364 69
113.415 69
113.466 69
113.517 69
113.568 69
113.619 69
113.671 69
113.722 69
113.773 69
113.825 69
113.876 69
113.928 69
113.979 69
114.031 69
114.082 69
114.134 69
114.186 69
114.237 69
114.289 69
114.341 69
114.393 69
114.445 69
114.497 69
114.549 69
114.601 69
114.654 69
114.706 69
114.758 69
114.81 69
114.863 69
114.915 69
114.968 69
115.02 69
115.073 69
115.126 69
115.178 69
115.231 69
115.284 69
115.337 69
115.39 69
115.443 69
115.496 69
115.549 69
115.602 69
115.655 69
115.708 69
115.762 69
115.815 69
115.868 69
115.922 69
115.975 69
116.029 69
116.082 69
116.136 69
116.19 69
116.244 69
116.297 69
116.351 69
116.405 69
116.459 69
116.513 69
116.567 69
116.621 69
116.675 69
116.73 69
116.784 69
116.838 69
116.893 69
116.947 69
117.002 69
117.056 69
117.111 69
117.165 69
117.22 69
117.275 69
117.33 69
117.384 69
117.439 69
117.494 69
117.549 69
117.604 69
117.66 69
117.715 69
117.77 69
117.825 69
117.881 69
117.936 69
117.991 69
118.047 69
118.102 69
118.158 69
118.214 69
118.269 69
118.325 69
118.381 69
118.437 69
118.493 69
118.549 69
118.605 69
118.661 69
118.717 69
118.773 69
118.83 69
118.886 69
118.942 69
118.999 69
119.055 69
119.112 69
119.168 69
119.225 69
119.281 69
119.338 69
119.395 69
119.452 69
119.509 69
119.566 69
119.623 69
119.68 69
119.737 69
119.794 69
119.851 69
119.908 69
119.966 69
120.023 69
120.081 69
120.138 69
120.196 69
120.253 69
120.311 69
120.369 69
120.426 69
120.484 69
120.542 69
120.6 69
120.658 69
120.716 69
120.774 69
120.832 69
120.891 69
120.949 69
121.007 69
121.065 69
121.124 69
121.182 69
121.241 69
121.299 69
121.358 69
121.417 69
121.476 69
121.534 69
121.593 69
121.652 69
121.711 69
121.77 69
121.829 69
121.888 69
121.948 69
122.007 69
122.066 69
122.126 69
122.185 69
122.244 69
122.304 69
122.364 69
122.423 69
122.483 69
122.543 69
122.602 69
122.662 69
122.722 69
122.782 69
122.842 69
122.902 69
122.962 69
123.023 69
123.083 69
123.143 69
123.204 69
123.264 69
123.324 69
123.385 69
123.446 69
123.506 69
123.567 69
123.628 69
123.688 69
123.749 69
123.81 69
123.871 69
123.932 69
123.993 69
124.055 69
124.116 69
124.177 69
124.238 69
124.3 69
124.361 69
124.423 69
124.484 69
124.546 69
124.607 69
124.669 69
124.731 69
124.793 69
124.855 69
124.917 69
124.979 69
125.041 69
125.103 69
125.165 69
125.227 69
125.289 69
125.352 69
125.414 69
125.477 69
125.539 69
125.602 69
125.664 69
125.727 69
125.79 69
125.853 69
125.915 69
125.978 69
126.041 69
126.104 69
126.167 69
126.231 69
126.294 69
126.357 69
126.42 69
126.484 69
126.547 69
126.611 69
126.674 69
126.738 69
126.802 69
126.865 69
126.929 69
126.993 69
127.057 69
127.121 69
127.185 69
127.249 69
127.313 69
127.377 69
127.441 69
127.506 69
127.57 69
127.634 69
127.699 69
127.763 69
127.828 69
127.893 69
127.957 69
128.022 69
128.087 69
128.152 69
