0.1 -0.102589
0.2 -0.207668
0.3 -0.305557
0.4 -0.407624
0.5 -0.505721
0.6 -0.603035
0.7 -0.720742
0.8 -0.832971
0.9 -0.946677
1 -1.05687
3.1711 -1.48504
6.331 -1.89666
9.48704 -2.3128
12.6323 -2.73018
15.7621 -3.14832
18.8766 -3.56721
21.9756 -3.98689
25.0593 -4.40733
28.1276 -4.82856
31.1805 -5.2506
34.218 -5.67342
37.2402 -6.09713
40.2435 -6.52076
43.2299 -6.94483
46.1998 -7.36936
49.1496 -7.79332
52.0898 -8.21981
55.0132 -8.64672
57.9218 -9.07462
60.8168 -9.50398
63.6978 -9.93475
66.5591 -10.365
69.4043 -10.796
72.2389 -11.2296
75.0579 -11.664
77.8614 -12.0992
80.6473 -12.5346
83.4182 -12.9713
86.1753 -13.4095
88.9169 -13.8488
91.6427 -14.2891
94.3535 -14.7303
97.0489 -15.1726
99.7288 -15.616
102.391 -16.0595
105.035 -16.5028
107.668 -16.9496
110.285 -17.3973
112.888 -17.8466
115.475 -18.2971
118.045 -18.7485
120.601 -19.2017
123.141 -19.6558
125.665 -20.1115
128.174 -20.5686
130.668 -21.0271
133.146 -21.4871
135.609 -21.9486
138.056 -22.4116
140.486 -22.8758
142.902 -23.342
145.302 -23.8099
147.686 -24.2795
150.055 -24.7508
152.408 -25.2238
154.745 -25.6988
157.067 -26.1756
159.372 -26.6544
161.661 -27.1348
163.935 -27.6175
166.194 -28.1024
168.436 -28.5891
170.661 -29.0773
172.871 -29.5687
175.065 -30.0624
177.244 -30.5584
179.406 -31.0571
181.552 -31.5581
183.682 -32.0619
185.795 -32.5678
187.894 -33.0764
189.961 -33.6234
191.964 -34.2524
193.898 -34.9392
195.733 -35.6624
197.419 -36.3453
199.055 -37.0211
200.672 -37.7071
202.266 -38.4004
203.84 -39.1057
205.393 -39.8207
206.924 -40.5432
208.431 -41.2917
209.9 -42.1147
211.323 -43.0285
212.706 -44.0192
214.067 -45.0315
215.325 -46.2215
216.538 -47.5589
217.627 -49.1935
218.635 -50.9778
219.522 -52.9026
220.284 -55.211
220.822 -57.9714
221.102 -61.5468
221.267 -65.4611
220.954 -69
216.981 -69
215.399 -69
215.614 -69
215.664 -69
215.226 -69
214.792 -69
214.688 -69
214.526 -69
214.269 -69
213.895 -69
213.249 -69
212.331 -69
202.285 -66.9869
201.87 -67.2196
201.063 -67.3269
200.65 -67.6003
199.997 -67.9521
199.593 -68.3962
199.163 -68.8233
198.899 -69
198.696 -69
198.487 -69
198.228 -69
197.923 -69
197.587 -69
197.261 -69
197 -69
196.744 -69
196.475 -69
196.196 -69
195.925 -69
195.64 -69
195.335 -69
195.023 -69
194.7 -69
194.396 -69
194.152 -69
193.922 -69
193.682 -69
193.435 -69
193.176 -69
192.91 -69
192.639 -69
192.355 -69
192.061 -69
191.759 -69
191.444 -69
191.096 -69
190.739 -69
190.376 -69
190.015 -69
189.639 -69
189.253 -69
188.871 -69
188.501 -69
188.151 -69
187.788 -69
187.417 -69
187.039 -69
186.662 -69
186.296 -69
185.926 -69
185.553 -69
185.193 -69
184.862 -69
184.531 -69
184.214 -69
183.896 -69
183.575 -69
183.259 -69
182.942 -69
182.623 -69
182.294 -69
181.971 -69
181.646 -69
181.319 -69
181.01 -69
180.708 -69
180.405 -69
180.1 -69
179.809 -69
179.52 -69
179.229 -69
178.937 -69
178.644 -69
178.35 -69
178.056 -69
177.76 -69
177.462 -69
177.16 -69
176.858 -69
176.555 -69
176.25 -69
175.945 -69
175.638 -69
175.33 -69
175.021 -69
174.712 -69
174.4 -69
174.088 -69
173.775 -69
173.462 -69
173.153 -69
172.843 -69
172.532 -69
172.22 -69
171.912 -69
171.601 -69
171.29 -69
170.977 -69
170.664 -69
170.351 -69
170.036 -69
169.721 -69
169.405 -69
169.089 -69
168.771 -69
168.454 -69
168.135 -69
167.813 -69
167.487 -69
167.196 -69
166.906 -69
166.615 -69
166.322 -69
166.029 -69
165.74 -69
165.465 -69
165.19 -69
164.913 -69
164.634 -69
164.355 -69
164.075 -69
163.794 -69
163.513 -69
163.231 -69
162.948 -69
162.663 -69
162.382 -69
162.103 -69
161.823 -69
161.543 -69
161.262 -69
160.981 -69
160.699 -69
160.417 -69
160.135 -69
159.851 -69
159.566 -69
159.281 -69
158.996 -69
158.71 -69
158.425 -69
158.139 -69
157.853 -69
157.567 -69
157.283 -69
157 -69
156.739 -69
156.495 -69
156.251 -69
156.007 -69
155.762 -69
155.518 -69
155.273 -69
155.028 -69
154.797 -69
154.568 -69
154.341 -69
154.114 -69
153.885 -69
153.656 -69
153.427 -69
153.198 -69
152.968 -69
152.739 -69
152.509 -69
152.28 -69
152.05 -69
151.82 -69
151.592 -69
151.37 -69
151.149 -69
150.934 -69
150.73 -69
150.526 -69
150.323 -69
150.121 -69
149.92 -69
149.718 -69
149.517 -69
149.315 -69
149.113 -69
148.912 -69
148.71 -69
148.508 -69
148.307 -69
148.105 -69
147.904 -69
147.702 -69
147.499 -69
147.297 -69
147.094 -69
146.891 -69
146.689 -69
146.487 -69
146.283 -69
146.078 -69
145.874 -69
145.671 -69
145.467 -69
145.263 -69
145.06 -69
144.857 -69
144.654 -69
144.451 -69
144.249 -69
144.046 -69
143.857 -69
143.675 -69
143.493 -69
143.311 -69
143.129 -69
142.948 -69
142.767 -69
142.586 -69
142.405 -69
142.225 -69
142.045 -69
141.866 -69
141.687 -69
141.508 -69
141.33 -69
141.153 -69
140.997 -69
140.84 -69
140.684 -69
140.528 -69
140.372 -69
140.217 -69
140.06 -69
139.904 -69
139.748 -69
139.592 -69
139.436 -69
139.28 -69
139.125 -69
138.969 -69
138.814 -69
138.659 -69
138.504 -69
138.349 -69
138.194 -69
138.045 -69
137.899 -69
137.753 -69
137.607 -69
137.461 -69
137.318 -69
137.18 -69
137.043 -69
136.906 -69
136.768 -69
136.631 -69
136.494 -69
136.358 -69
136.221 -69
136.085 -69
135.949 -69
135.812 -69
135.677 -69
135.541 -69
135.405 -69
135.27 -69
135.134 -69
134.999 -69
134.864 -69
134.731 -69
134.612 -69
134.493 -69
134.374 -69
134.255 -69
134.136 -69
134.018 -69
133.9 -69
133.782 -69
133.664 -69
133.546 -69
133.428 -69
133.311 -69
133.194 -69
133.077 -69
132.96 -69
132.843 -69
132.727 -69
132.61 -69
132.494 -69
132.378 -69
132.262 -69
132.147 -69
132.032 -69
131.918 -69
131.804 -69
131.69 -69
131.577 -69
131.464 -69
131.351 -69
131.238 -69
131.125 -69
131.012 -69
130.899 -69
130.786 -69
130.674 -69
130.562 -69
130.45 -69
130.338 -69
130.226 -69
130.115 -69
130.004 -69
129.893 -69
129.782 -69
129.671 -69
129.561 -69
129.451 -69
129.341 -69
129.231 -69
129.121 -69
129.011 -69
128.902 -69
128.793 -69
128.684 -69
128.579 -69
128.479 -69
128.38 -69
128.28 -69
128.181 -69
128.082 -69
127.984 -69
127.885 -69
127.787 -69
127.688 -69
127.59 -69
127.493 -69
127.395 -69
127.298 -69
127.201 -69
127.107 -69
127.018 -69
126.93 -69
126.841 -69
126.753 -69
126.665 -69
126.577 -69
126.489 -69
126.401 -69
126.314 -69
126.227 -69
126.14 -69
126.053 -69
125.966 -69
125.879 -69
125.793 -69
125.707 -69
125.621 -69
125.535 -69
125.45 -69
125.364 -69
125.279 -69
125.194 -69
125.109 -69
125.024 -69
124.94 -69
124.855 -69
124.771 -69
124.687 -69
124.603 -69
124.52 -69
124.436 -69
124.353 -69
124.27 -69
124.187 -69
124.104 -69
124.029 -69
123.955 -69
123.88 -69
123.806 -69
123.732 -69
123.658 -69
123.585 -69
123.511 -69
123.438 -69
123.365 -69
123.292 -69
123.219 -69
123.146 -69
123.074 -69
123.002 -69
122.93 -69
122.858 -69
122.786 -69
122.714 -69
122.643 -69
122.571 -69
122.5 -69
122.43 -69
122.359 -69
122.289 -69
122.219 -69
122.149 -69
122.079 -69
122.01 -69
121.94 -69
121.871 -69
121.802 -69
121.733 -69
121.665 -69
121.596 -69
121.531 -69
121.469 -69
121.407 -69
121.345 -69
121.284 -69
121.222 -69
121.16 -69
121.099 -69
121.038 -69
120.977 -69
120.916 -69
120.856 -69
120.795 -69
120.735 -69
120.675 -69
120.615 -69
120.555 -69
120.496 -69
120.436 -69
120.377 -69
120.318 -69
120.259 -69
120.2 -69
120.142 -69
120.083 -69
120.025 -69
119.967 -69
119.909 -69
119.851 -69
119.794 -69
119.737 -69
119.679 -69
119.622 -69
119.566 -69
119.509 -69
119.452 -69
119.396 -69
119.34 -69
119.283 -69
119.226 -69
119.168 -69
119.111 -69
119.054 -69
118.996 -69
118.938 -69
118.881 -69
118.825 -69
118.769 -69
118.714 -69
118.658 -69
118.602 -69
118.547 -69
118.492 -69
118.437 -69
118.382 -69
118.327 -69
118.272 -69
118.217 -69
118.163 -69
118.109 -69
118.054 -69
118 -69
117.947 -69
117.893 -69
117.839 -69
117.786 -69
117.732 -69
117.68 -69
117.627 -69
117.574 -69
117.52 -69
117.467 -69
117.414 -69
117.362 -69
117.309 -69
117.256 -69
117.204 -69
117.151 -69
117.099 -69
117.047 -69
116.995 -69
116.943 -69
116.892 -69
116.84 -69
116.789 -69
116.737 -69
116.686 -69
116.635 -69
116.584 -69
116.533 -69
116.482 -69
116.432 -69
116.381 -69
116.331 -69
116.281 -69
116.231 -69
116.181 -69
116.131 -69
116.081 -69
116.032 -69
115.982 -69
115.933 -69
115.877 -69
115.826 -69
115.773 -69
115.719 -69
115.665 -69
115.612 -69
115.558 -69
115.504 -69
115.45 -69
115.396 -69
115.343 -69
115.289 -69
115.236 -69
115.182 -69
115.129 -69
115.076 -69
115.023 -69
114.97 -69
114.917 -69
114.864 -69
114.811 -69
114.758 -69
114.705 -69
114.652 -69
114.599 -69
114.547 -69
114.494 -69
114.442 -69
114.389 -69
114.337 -69
114.285 -69
114.233 -69
114.181 -69
114.129 -69
114.077 -69
114.025 -69
113.973 -69
113.922 -69
113.87 -69
113.819 -69
113.767 -69
113.716 -69
113.665 -69
113.614 -69
113.563 -69
113.512 -69
113.461 -69
113.41 -69
113.359 -69
113.309 -69
113.258 -69
113.208 -69
113.157 -69
113.107 -69
113.057 -69
113.007 -69
112.957 -69
112.907 -69
112.857 -69
112.807 -69
112.758 -69
112.708 -69
112.659 -69
112.609 -69
112.56 -69
112.511 -69
112.462 -69
112.413 -69
112.364 -69
112.315 -69
112.266 -69
112.218 -69
112.169 -69
112.121 -69
112.072 -69
112.024 -69
111.976 -69
111.928 -69
111.88 -69
111.832 -69
111.784 -69
111.736 -69
111.689 -69
111.641 -69
111.593 -69
111.546 -69
111.501 -69
111.456 -69
111.411 -69
111.366 -69
111.321 -69
111.277 -69
111.232 -69
111.188 -69
111.143 -69
111.099 -69
111.054 -69
111.01 -69
110.966 -69
110.922 -69
110.878 -69
110.834 -69
110.79 -69
110.747 -69
110.703 -69
110.659 -69
110.616 -69
110.572 -69
110.529 -69
110.486 -69
110.442 -69
110.399 -69
110.356 -69
110.313 -69
110.27 -69
110.227 -69
110.184 -69
110.141 -69
110.098 -69
110.055 -69
110.012 -69
109.969 -69
109.927 -69
109.884 -69
109.841 -69
109.799 -69
109.756 -69
109.714 -69
109.671 -69
109.629 -69
109.587 -69
109.545 -69
109.503 -69
109.461 -69
109.419 -69
109.378 -69
109.336 -69
109.294 -69
109.253 -69
109.212 -69
109.17 -69
109.129 -69
109.087 -69
109.043 -69
109 -69
108.957 -69
108.914 -69
108.874 -69
108.834 -69
108.794 -69
108.755 -69
108.715 -69
108.676 -69
108.636 -69
108.597 -69
108.558 -69
108.519 -69
108.48 -69
108.442 -69
108.404 -69
108.367 -69
108.33 -69
108.292 -69
108.255 -69
108.218 -69
108.181 -69
108.144 -69
108.107 -69
108.071 -69
108.034 -69
107.998 -69
107.961 -69
107.925 -69
107.889 -69
107.853 -69
107.817 -69
107.781 -69
107.745 -69
107.709 -69
107.674 -69
107.638 -69
107.603 -69
107.568 -69
107.533 -69
107.498 -69
107.463 -69
107.428 -69
107.393 -69
107.359 -69
107.324 -69
107.29 -69
107.255 -69
107.221 -69
107.187 -69
107.153 -69
107.119 -69
107.085 -69
107.052 -69
107.018 -69
106.985 -69
106.951 -69
106.918 -69
106.885 -69
106.852 -69
106.819 -69
106.786 -69
106.754 -69
106.721 -69
106.689 -69
106.657 -69
106.624 -69
106.592 -69
106.56 -69
106.528 -69
106.496 -69
106.465 -69
106.433 -69
106.402 -69
106.371 -69
106.339 -69
106.308 -69
106.277 -69
106.247 -69
106.216 -69
106.185 -69
106.155 -69
106.125 -69
106.094 -69
106.064 -69
106.034 -69
106.004 -69
105.974 -69
105.945 -69
105.915 -69
105.886 -69
105.856 -69
105.827 -69
105.798 -69
105.769 -69
105.74 -69
105.712 -69
105.683 -69
105.655 -69
105.626 -69
105.598 -69
105.57 -69
105.542 -69
105.514 -69
105.487 -69
105.459 -69
105.432 -69
105.404 -69
105.377 -69
105.35 -69
105.323 -69
105.296 -69
105.27 -69
105.243 -69
105.217 -69
105.19 -69
105.164 -69
105.138 -69
105.112 -69
105.087 -69
105.061 -69
105.035 -69
105.009 -69
104.983 -69
104.957 -69
104.932 -69
104.906 -69
104.881 -69
104.856 -69
104.831 -69
104.806 -69
104.781 -69
104.756 -69
104.732 -69
104.707 -69
104.683 -69
104.659 -69
104.635 -69
104.611 -69
104.587 -69
104.564 -69
104.54 -69
104.517 -69
104.494 -69
104.471 -69
104.448 -69
104.425 -69
104.402 -69
104.377 -69
104.347 -69
104.318 -69
104.29 -69
104.261 -69
104.233 -69
104.205 -69
104.177 -69
104.149 -69
104.121 -69
104.093 -69
104.065 -69
104.038 -69
104.01 -69
103.983 -69
103.955 -69
103.928 -69
103.901 -69
103.874 -69
103.847 -69
103.82 -69
103.794 -69
103.767 -69
103.74 -69
103.714 -69
103.688 -69
103.661 -69
103.635 -69
103.609 -69
103.583 -69
103.558 -69
103.532 -69
103.506 -69
103.481 -69
103.456 -69
103.43 -69
103.405 -69
103.379 -69
103.354 -69
103.328 -69
103.303 -69
103.279 -69
103.256 -69
103.233 -69
103.211 -69
103.188 -69
103.166 -69
103.144 -69
103.121 -69
103.099 -69
103.078 -69
103.056 -69
103.034 -69
103.012 -69
102.991 -69
102.97 -69
102.948 -69
102.927 -69
102.906 -69
102.885 -69
102.864 -69
102.844 -69
102.823 -69
102.803 -69
102.782 -69
102.762 -69
102.742 -69
102.722 -69
102.702 -69
102.682 -69
102.663 -69
102.643 -69
102.623 -69
102.604 -69
102.585 -69
102.566 -69
102.545 -69
102.523 -69
102.5 -69
102.478 -69
102.456 -69
102.434 -69
102.412 -69
102.39 -69
102.368 -69
102.347 -69
102.325 -69
102.304 -69
102.282 -69
102.261 -69
102.24 -69
102.219 -69
102.198 -69
102.177 -69
102.156 -69
102.135 -69
102.115 -69
102.094 -69
102.074 -69
102.053 -69
102.033 -69
102.013 -69
101.993 -69
101.973 -69
101.953 -69
101.934 -69
101.914 -69
101.895 -69
101.875 -69
101.856 -69
101.836 -69
101.817 -69
101.798 -69
101.779 -69
101.758 -69
101.736 -69
101.715 -69
101.693 -69
101.672 -69
101.651 -69
101.629 -69
101.608 -69
101.587 -69
101.566 -69
101.545 -69
101.525 -69
101.504 -69
101.483 -69
101.463 -69
101.442 -69
101.422 -69
101.401 -69
101.381 -69
101.361 -69
101.34 -69
101.32 -69
101.299 -69
101.279 -69
101.259 -69
101.239 -69
101.218 -69
101.198 -69
101.178 -69
101.158 -69
101.139 -69
101.119 -69
101.099 -69
101.08 -69
101.06 -69
101.041 -69
101.021 -69
101.002 -69
100.983 -69
100.964 -69
100.945 -69
100.926 -69
100.907 -69
100.888 -69
100.869 -69
100.849 -69
100.83 -69
100.811 -69
100.792 -69
100.773 -69
100.754 -69
100.736 -69
100.717 -69
100.699 -69
100.68 -69
100.662 -69
100.643 -69
100.625 -69
100.607 -69
100.589 -69
100.571 -69
100.553 -69
100.535 -69
100.518 -69
100.5 -69
100.483 -69
100.465 -69
100.448 -69
100.431 -69
100.414 -69
100.397 -69
100.38 -69
100.363 -69
100.346 -69
100.33 -69
100.313 -69
100.297 -69
100.28 -69
100.264 -69
100.248 -69
100.232 -69
100.216 -69
100.2 -69
100.184 -69
100.168 -69
100.153 -69
100.137 -69
100.122 -69
100.107 -69
100.091 -69
100.076 -69
100.061 -69
100.047 -69
100.032 -69
100.017 -69
100.003 -69
99.988 -69
99.9737 -69
99.9594 -69
99.9452 -69
99.9312 -69
99.9172 -69
99.9033 -69
99.8896 -69
99.8759 -69
99.8623 -69
99.8489 -69
99.8355 -69
99.8223 -69
99.8091 -69
99.7961 -69
99.7832 -69
99.7704 -69
99.7576 -69
99.745 -69
99.7325 -69
99.7201 -69
99.7078 -69
99.6956 -69
99.6835 -69
99.6715 -69
99.6596 -69
99.6478 -69
99.6361 -69
99.6246 -69
99.6131 -69
99.6013 -69
99.5895 -69
99.5729 -69
99.5533 -69
99.5343 -69
99.5155 -69
99.4967 -69
99.4779 -69
99.4593 -69
99.4407 -69
99.4221 -69
99.4037 -69
99.3853 -69
99.367 -69
99.3487 -69
99.3305 -69
99.3124 -69
99.2944 -69
99.2764 -69
99.2585 -69
99.2406 -69
99.2229 -69
99.2051 -69
99.1874 -69
99.1698 -69
99.1522 -69
99.1347 -69
99.1173 -69
99.0999 -69
99.0826 -69
99.0654 -69
99.0483 -69
99.0312 -69
99.0142 -69
98.9973 -69
98.9804 -69
98.9636 -69
98.9469 -69
98.9302 -69
98.9137 -69
98.8972 -69
98.8807 -69
98.8644 -69
98.8481 -69
98.8323 -69
98.8174 -69
98.8026 -69
98.7878 -69
98.7731 -69
98.7584 -69
98.7439 -69
98.7294 -69
98.715 -69
98.7007 -69
98.6864 -69
98.6722 -69
98.6581 -69
98.6441 -69
98.6302 -69
98.6163 -69
98.6025 -69
98.5888 -69
98.5752 -69
98.5616 -69
98.5482 -69
98.5348 -69
98.5214 -69
98.5082 -69
98.4951 -69
98.482 -69
98.469 -69
98.4561 -69
98.4433 -69
98.4305 -69
98.4178 -69
98.4052 -69
98.3927 -69
98.3802 -69
98.3678 -69
98.3555 -69
98.3433 -69
98.3312 -69
98.3191 -69
98.3072 -69
98.2953 -69
98.2835 -69
98.2718 -69
98.2551 -69
98.2365 -69
98.2182 -69
98.2 -69
98.1818 -69
98.1637 -69
98.1456 -69
98.1276 -69
98.1096 -69
98.0917 -69
98.0739 -69
98.0561 -69
98.0384 -69
98.0207 -69
98.0031 -69
97.9856 -69
97.9681 -69
97.9506 -69
97.9332 -69
97.9159 -69
97.8986 -69
97.8814 -69
97.8639 -69
97.8461 -69
97.8283 -69
97.8106 -69
97.793 -69
97.7754 -69
97.7579 -69
97.7404 -69
97.723 -69
97.7056 -69
97.6883 -69
97.671 -69
97.6539 -69
97.6367 -69
97.6196 -69
97.6026 -69
97.5856 -69
97.5687 -69
97.5519 -69
97.5351 -69
97.5184 -69
97.5017 -69
97.4851 -69
97.4685 -69
97.452 -69
97.4356 -69
97.4192 -69
97.4028 -69
97.3865 -69
97.3703 -69
97.3541 -69
97.338 -69
97.322 -69
97.306 -69
97.2901 -69
97.2742 -69
97.2584 -69
97.2426 -69
97.2269 -69
97.2113 -69
97.1957 -69
97.1802 -69
97.1648 -69
97.1494 -69
97.1341 -69
97.1188 -69
97.1036 -69
97.0885 -69
97.0734 -69
97.0584 -69
97.0435 -69
97.0286 -69
97.0138 -69
96.999 -69
96.9843 -69
96.9696 -69
96.955 -69
96.9405 -69
96.9242 -68.9249
96.9059 -68.9726
96.8877 -68.952
96.8696 -68.931
96.8515 -68.9098
96.8335 -68.8883
96.8155 -68.8665
96.7976 -68.8445
96.7798 -68.8221
96.762 -68.7995
96.7443 -68.7766
96.7267 -68.7534
96.7091 -68.7299
96.6915 -68.7061
96.6741 -68.6821
96.6567 -68.6578
96.6393 -68.6331
96.6221 -68.6083
96.6048 -68.5832
96.5877 -68.5579
96.5706 -68.5323
96.5536 -68.5065
96.5366 -68.4804
96.5197 -68.454
96.5028 -68.4274
96.4861 -68.4005
96.4692 -68.3754
96.4518 -68.3592
96.4345 -68.3428
96.4172 -68.3262
96.3999 -68.3093
96.3828 -68.2923
96.3656 -68.275
96.3485 -68.2576
96.3315 -68.2399
96.3145 -68.222
96.2961 -68.2293
96.2771 -68.2367
96.2583 -68.245
96.2395 -68.2531
96.2208 -68.2607
96.2021 -68.2683
96.1834 -68.2758
96.1647 -68.283
96.146 -68.2901
96.1274 -68.297
96.1088 -68.3037
96.0902 -68.3103
96.0717 -68.3166
96.0532 -68.3228
96.0347 -68.3288
96.0162 -68.3346
95.9978 -68.3402
95.9793 -68.3457
95.961 -68.3509
95.9426 -68.356
95.9243 -68.3609
95.906 -68.3656
95.8877 -68.3702
95.8694 -68.3745
95.8512 -68.3787
95.833 -68.3827
95.8148 -68.3866
95.7967 -68.3905
95.7785 -68.3943
95.7604 -68.3978
95.7423 -68.4012
95.7242 -68.4045
95.7062 -68.4076
95.6882 -68.4105
95.6702 -68.4132
95.6522 -68.4158
95.6343 -68.4181
95.6164 -68.4203
95.5985 -68.4223
95.5807 -68.4242
95.5629 -68.4258
95.5452 -68.4273
95.5274 -68.4286
95.5097 -68.4297
95.492 -68.4306
95.4744 -68.4314
95.4568 -68.4319
95.4392 -68.4323
95.4217 -68.4325
95.4042 -68.4326
95.3867 -68.4324
95.3693 -68.4321
95.3519 -68.4316
95.3345 -68.4309
95.3172 -68.43
95.2999 -68.429
95.2826 -68.4278
95.2654 -68.4264
95.2482 -68.4248
95.231 -68.423
95.2139 -68.4209
95.1966 -68.417
95.1793 -68.4128
95.162 -68.4085
95.1448 -68.404
95.1276 -68.3994
95.1104 -68.3945
95.0933 -68.3895
95.0762 -68.3843
95.0591 -68.3789
95.0421 -68.3733
95.0251 -68.3676
95.0082 -68.3617
94.9913 -68.3556
94.9744 -68.3493
94.9576 -68.3428
94.9408 -68.3363
94.9241 -68.3296
94.9074 -68.3227
94.8907 -68.3156
94.8741 -68.3084
94.8575 -68.301
94.8409 -68.2935
94.8244 -68.2857
94.8079 -68.2779
94.7913 -68.2709
94.7747 -68.2636
94.7581 -68.2562
94.7416 -68.2486
94.7251 -68.2409
94.7086 -68.233
94.6922 -68.2249
94.6759 -68.2167
94.6595 -68.2083
94.6432 -68.1997
94.627 -68.1911
94.6107 -68.1822
94.5946 -68.1732
94.5784 -68.164
94.5623 -68.1547
94.5463 -68.1452
94.5302 -68.1355
94.5143 -68.1257
94.4983 -68.1157
94.4824 -68.1056
94.4666 -68.0953
94.4507 -68.0849
94.435 -68.0742
94.4192 -68.0635
94.4032 -68.0544
94.387 -68.0454
94.3709 -68.0363
94.3549 -68.0271
94.3389 -68.0178
94.3229 -68.0083
94.307 -67.9988
94.291 -67.9891
94.2751 -67.9793
94.2593 -67.9695
94.2434 -67.9595
94.2276 -67.9495
94.2119 -67.9393
94.1961 -67.9291
94.1804 -67.9187
94.1647 -67.9082
94.149 -67.8977
94.1333 -67.887
94.1177 -67.8763
94.1021 -67.8655
94.0865 -67.8546
94.0754 -67.8203
94.0597 -67.8226
94.0498 -67.8262
94.0371 -67.8126
94.0234 -67.7984
94.0095 -67.785
93.9953 -67.7727
93.981 -67.7615
93.9666 -67.7514
93.9519 -67.7427
93.937 -67.7353
93.9218 -67.7276
93.9064 -67.7228
93.8907 -67.7197
93.8747 -67.7184
93.8584 -67.7192
93.8077 -67.7861
93.84 -67.6498
93.7785 -67.7855
93.7543 -67.797
93.7331 -67.8034
93.7154 -67.8093
93.6984 -67.8141
93.6815 -67.8186
93.6646 -67.8229
93.6477 -67.8271
93.6309 -67.8312
93.6141 -67.8351
93.5973 -67.8389
93.5806 -67.8426
93.5639 -67.8461
93.5472 -67.8496
93.5305 -67.8529
93.5139 -67.856
93.4973 -67.859
93.4802 -67.8548
93.4629 -67.8504
93.4456 -67.846
93.4284 -67.8413
93.4113 -67.8366
93.3941 -67.8317
93.377 -67.8267
93.36 -67.8216
93.3429 -67.8164
93.3259 -67.811
93.3089 -67.8056
93.2919 -67.8
93.275 -67.7942
93.2581 -67.7884
93.2412 -67.7822
93.2232 -67.767
93.2051 -67.7517
93.1871 -67.7362
93.1691 -67.7207
93.1495 -67.7145
93.1359 -67.6535
93.0882 -67.6953
93.0457 -67.6634
93.0173 -67.6695
93.0084 -67.7076
92.9968 -67.7419
92.9837 -67.7748
92.9659 -67.7669
92.9462 -67.7575
92.9273 -67.747
92.9106 -67.7278
92.894 -67.7079
92.8773 -67.6878
92.8607 -67.6676
92.8442 -67.6472
92.8276 -67.6258
92.8109 -67.6044
92.7939 -67.5851
92.7769 -67.5655
92.7599 -67.5459
92.7429 -67.5261
92.726 -67.5063
92.7091 -67.4863
92.6923 -67.4662
92.6755 -67.446
92.6587 -67.4256
92.6419 -67.4051
92.6252 -67.3845
92.6086 -67.3637
92.5919 -67.3429
92.5753 -67.3219
92.5587 -67.3007
92.5422 -67.2795
92.5257 -67.2581
92.5093 -67.2366
92.4928 -67.2149
92.4764 -67.1931
92.4601 -67.1712
92.4438 -67.1492
92.4275 -67.1271
92.4113 -67.1048
92.3951 -67.0824
92.3789 -67.0598
92.3628 -67.0372
92.3467 -67.0144
92.3306 -66.9915
92.3146 -66.9684
92.2986 -66.9452
92.2827 -66.9219
92.2668 -66.8985
92.2509 -66.8749
92.2351 -66.8512
92.2193 -66.8274
92.2036 -66.8035
92.1879 -66.7794
92.1722 -66.7552
92.1566 -66.7308
92.141 -66.7064
92.1255 -66.6818
92.1099 -66.6571
92.0945 -66.6322
92.079 -66.6072
92.0637 -66.5821
92.0483 -66.5569
92.033 -66.5315
92.0177 -66.5059
92.0025 -66.4803
91.9873 -66.4545
91.9722 -66.4286
91.9571 -66.4025
91.942 -66.3764
91.927 -66.3501
91.912 -66.3237
91.8971 -66.2971
91.8822 -66.2705
91.8674 -66.2433
91.8525 -66.2177
91.8375 -66.1919
91.8226 -66.1661
91.8077 -66.1401
91.7929 -66.114
91.7781 -66.0877
91.7633 -66.0613
91.7486 -66.0349
91.7339 -66.0082
91.7193 -65.9815
91.7047 -65.9546
91.6902 -65.9276
91.6756 -65.9005
91.6612 -65.8732
91.6468 -65.8458
91.6324 -65.8183
91.6181 -65.7906
91.6038 -65.7628
91.5895 -65.7349
91.5753 -65.7069
91.5612 -65.6787
91.5471 -65.6504
91.533 -65.6219
91.519 -65.5933
91.505 -65.5646
91.4911 -65.5358
91.4772 -65.5068
91.4633 -65.4777
91.4495 -65.4485
91.4358 -65.4192
91.4221 -65.3897
91.4084 -65.3601
91.3948 -65.3303
91.3812 -65.3005
91.3677 -65.2706
91.3542 -65.2406
91.3408 -65.2104
91.3274 -65.1801
91.314 -65.1497
91.3007 -65.1191
91.2875 -65.0884
91.2743 -65.0577
91.2611 -65.0268
91.248 -64.9958
91.2349 -64.9647
91.2219 -64.9334
91.2089 -64.902
91.196 -64.8704
91.1831 -64.8388
91.1703 -64.807
91.1575 -64.7751
91.1447 -64.7431
91.1321 -64.7109
91.1194 -64.6786
91.1068 -64.6462
91.0943 -64.6137
91.0818 -64.581
91.0694 -64.5478
91.0572 -64.5139
91.0449 -64.4801
91.0327 -64.4461
91.0206 -64.4121
91.0085 -64.3778
90.9965 -64.3435
90.9845 -64.309
90.9726 -64.2744
90.9607 -64.2396
90.9489 -64.2047
90.9371 -64.1697
90.9254 -64.1345
90.9137 -64.0993
90.9021 -64.0639
90.8905 -64.0288
90.8786 -63.9947
90.8669 -63.9606
90.8551 -63.9263
90.8434 -63.8918
90.8318 -63.8573
90.8202 -63.8226
90.8087 -63.7877
90.7972 -63.7527
90.7858 -63.7176
90.7745 -63.6823
90.7631 -63.6469
90.7519 -63.6114
90.7407 -63.5758
90.7295 -63.54
90.7184 -63.5042
90.7073 -63.4682
90.6963 -63.432
90.6852 -63.3967
90.6736 -63.3628
90.6622 -63.3288
90.6507 -63.2947
90.6393 -63.2604
90.628 -63.226
90.6167 -63.1914
90.6058 -63.1557
90.5953 -63.1182
90.585 -63.0805
90.5746 -63.0427
90.5644 -63.0047
90.5542 -62.9666
90.544 -62.9284
90.5339 -62.89
90.5239 -62.8516
90.5139 -62.8129
90.5039 -62.7742
90.4941 -62.7353
90.4842 -62.6962
90.4745 -62.6571
90.4648 -62.6177
90.4551 -62.5783
90.4455 -62.5387
90.436 -62.499
90.4265 -62.4591
90.4171 -62.4191
90.4077 -62.379
90.3984 -62.3387
90.3892 -62.2984
90.3799 -62.258
90.3708 -62.2175
90.3617 -62.1768
90.3527 -62.136
90.3437 -62.0951
90.3348 -62.054
90.3259 -62.0128
90.3171 -61.9715
90.3084 -61.93
90.2997 -61.8884
90.2911 -61.8467
90.2825 -61.8048
90.274 -61.7628
90.2655 -61.7207
90.2571 -61.6785
90.2488 -61.6361
90.2405 -61.5936
90.2323 -61.551
90.2242 -61.5082
90.2161 -61.4653
90.2081 -61.4222
90.2001 -61.379
90.1922 -61.3357
90.1844 -61.2923
90.1766 -61.2487
90.1689 -61.2049
90.1611 -61.16
90.1532 -61.1147
90.1455 -61.0693
90.1378 -61.0237
90.1302 -60.9779
90.1226 -60.9321
90.1151 -60.8861
90.1077 -60.8399
90.1003 -60.7936
90.093 -60.7472
90.0858 -60.7007
90.0786 -60.654
90.0715 -60.6072
90.0644 -60.5603
90.0574 -60.5132
90.0505 -60.466
90.0437 -60.4186
90.0369 -60.3711
90.0301 -60.3235
90.0235 -60.2757
90.0168 -60.2283
90.01 -60.1813
90.0033 -60.1343
89.9966 -60.0871
89.99 -60.0398
89.9835 -59.9923
89.977 -59.9447
89.9706 -59.897
89.9643 -59.8492
89.9581 -59.8012
89.9519 -59.753
89.9457 -59.7047
89.9396 -59.6563
89.9336 -59.6078
89.9277 -59.5592
89.9218 -59.5104
89.916 -59.4615
89.9103 -59.4125
89.9046 -59.3633
89.899 -59.314
89.8934 -59.2646
89.8879 -59.2151
89.8825 -59.1654
89.8772 -59.1156
89.8719 -59.0657
89.8667 -59.0156
89.8615 -58.9653
89.8564 -58.915
89.8514 -58.8645
89.8465 -58.8139
89.8416 -58.7631
89.8368 -58.7122
89.8321 -58.6612
89.8274 -58.6102
89.8227 -58.559
89.8158 -58.5233
89.8064 -58.4952
89.7972 -58.467
89.7882 -58.4387
89.7792 -58.4103
89.7703 -58.3818
89.7614 -58.3532
89.7525 -58.3245
89.7437 -58.2957
89.7349 -58.2668
89.7262 -58.2379
89.7175 -58.2088
89.7089 -58.1796
89.7003 -58.1504
89.6917 -58.1211
89.6832 -58.0916
89.6748 -58.0621
89.6663 -58.0324
89.658 -58.0027
89.6496 -57.9729
89.6414 -57.943
89.6331 -57.9129
89.6249 -57.8828
89.6168 -57.8526
89.6087 -57.8223
89.6006 -57.7919
89.5926 -57.7615
89.5846 -57.731
89.5767 -57.7004
89.5688 -57.6697
89.5609 -57.6388
89.5531 -57.6079
89.5454 -57.5769
89.5377 -57.5458
89.53 -57.5146
89.5224 -57.4833
89.5148 -57.4519
89.5073 -57.4205
89.4998 -57.3889
89.4924 -57.3572
89.485 -57.3254
89.4777 -57.2936
89.4704 -57.2617
89.4631 -57.2297
89.4559 -57.1975
89.4488 -57.1653
89.4417 -57.133
89.4346 -57.1006
89.4276 -57.0681
89.4206 -57.0355
89.4137 -57.0028
89.4068 -56.9702
89.4 -56.9374
89.3932 -56.9045
89.3864 -56.8716
89.3797 -56.8385
89.3691 -56.8282
89.3566 -56.8187
89.3446 -56.8093
89.3327 -56.7998
89.3208 -56.7903
89.309 -56.7807
89.2972 -56.771
89.2854 -56.7613
89.2736 -56.7515
89.2619 -56.7417
89.2502 -56.7318
89.2385 -56.7218
89.2268 -56.7118
89.2151 -56.7017
89.2035 -56.6915
89.1918 -56.6813
89.1802 -56.6711
89.1687 -56.6607
89.1571 -56.6504
89.1456 -56.6399
89.1341 -56.6294
89.1226 -56.6188
89.1111 -56.6082
89.0997 -56.5975
89.0882 -56.5868
89.0768 -56.576
89.0655 -56.5651
89.0541 -56.5542
89.0428 -56.5432
89.0315 -56.5322
89.0202 -56.5211
89.0089 -56.5099
88.9977 -56.4987
88.9864 -56.4874
88.9752 -56.4761
88.9641 -56.4646
88.9529 -56.4532
88.9418 -56.4417
88.9307 -56.4301
88.9196 -56.4184
88.9085 -56.4067
88.8975 -56.3949
88.8865 -56.3831
88.8755 -56.3712
88.8645 -56.3593
88.8536 -56.3473
88.8427 -56.3352
88.8318 -56.3231
88.8209 -56.3109
88.8101 -56.2986
88.7992 -56.2863
88.7884 -56.274
88.7777 -56.2615
88.7669 -56.2491
88.7562 -56.2365
88.7455 -56.2239
88.7348 -56.2112
88.7241 -56.1985
88.7135 -56.1858
88.7029 -56.1729
88.6923 -56.16
88.6818 -56.1471
88.6712 -56.134
88.6607 -56.121
88.6502 -56.1078
88.6398 -56.0946
88.6294 -56.0814
88.619 -56.068
88.6086 -56.0546
88.5982 -56.0412
88.5879 -56.0277
88.5776 -56.0141
88.5673 -56.0005
88.5571 -55.9868
88.5468 -55.9731
88.5366 -55.9593
88.5265 -55.9454
88.5163 -55.9315
88.5062 -55.9175
88.4961 -55.9035
88.486 -55.8894
88.476 -55.8752
88.4659 -55.861
88.456 -55.8467
88.446 -55.8324
88.436 -55.818
88.4261 -55.8035
88.4162 -55.789
88.4064 -55.7744
88.3965 -55.7598
88.3867 -55.7451
88.377 -55.7303
88.3672 -55.7155
88.3575 -55.7006
88.3476 -55.6874
88.3375 -55.6757
88.3275 -55.664
88.3174 -55.6522
88.3074 -55.6404
88.2974 -55.6285
88.2875 -55.6166
88.2776 -55.6046
88.2677 -55.5925
88.2578 -55.5804
88.248 -55.5682
88.2382 -55.556
88.2284 -55.5437
88.2186 -55.5313
88.2089 -55.5189
88.1992 -55.5065
88.1895 -55.4939
88.1799 -55.4813
88.1702 -55.4687
88.1606 -55.456
88.1511 -55.4432
88.1416 -55.4304
88.132 -55.4175
88.1226 -55.4045
88.1131 -55.3915
88.1037 -55.3785
88.0943 -55.3654
88.0849 -55.3522
88.0756 -55.3389
88.0663 -55.3256
88.057 -55.3123
88.0478 -55.2989
88.0386 -55.2854
88.0294 -55.2719
88.0202 -55.2583
88.0111 -55.2446
88.002 -55.2309
87.9929 -55.2171
87.9838 -55.2033
87.9748 -55.1895
87.9658 -55.1755
87.9569 -55.1615
87.9479 -55.1475
87.939 -55.1333
87.9302 -55.1191
87.9213 -55.1048
87.9125 -55.0905
87.9037 -55.0761
87.895 -55.0616
87.8863 -55.0471
87.8776 -55.0325
87.8689 -55.0178
87.8603 -55.003
87.8517 -54.9882
87.8431 -54.9733
87.8346 -54.9584
87.8261 -54.9434
87.8176 -54.9283
87.8091 -54.9131
87.8007 -54.8979
87.7923 -54.8826
87.784 -54.8673
87.7757 -54.8519
87.7674 -54.8364
87.7591 -54.8209
87.7509 -54.8052
87.7427 -54.7896
87.7345 -54.7738
87.7264 -54.758
87.7183 -54.7421
87.7102 -54.7262
87.7022 -54.7101
87.6941 -54.694
87.6862 -54.6779
87.6782 -54.6617
87.6703 -54.6454
87.6624 -54.629
87.6546 -54.6126
87.6468 -54.5961
87.639 -54.5795
87.6312 -54.5628
87.6235 -54.5461
87.6158 -54.5294
87.6082 -54.5125
87.6006 -54.4956
87.593 -54.4786
87.5854 -54.4616
87.5779 -54.4444
87.5704 -54.4272
87.563 -54.41
87.5556 -54.3926
87.5482 -54.3753
87.5408 -54.3578
87.5335 -54.3402
87.5262 -54.3226
87.519 -54.305
87.5118 -54.2872
87.5046 -54.2694
87.4975 -54.2515
87.4904 -54.2324
87.4833 -54.2136
87.4762 -54.1945
87.4692 -54.1751
87.4623 -54.1555
87.4553 -54.1356
87.4485 -54.1154
87.4416 -54.0949
87.4348 -54.0741
87.428 -54.0531
87.4213 -54.0318
87.4146 -54.0102
87.4079 -53.9883
87.4013 -53.9662
87.3947 -53.9438
87.3881 -53.9211
87.3816 -53.8981
87.3751 -53.8749
87.3687 -53.8514
87.3623 -53.8276
87.356 -53.8035
87.3497 -53.7792
87.3434 -53.7546
87.3372 -53.7297
87.331 -53.7045
87.3249 -53.679
87.3188 -53.6533
87.3128 -53.6273
87.3068 -53.601
87.3008 -53.5741
87.2949 -53.547
87.289 -53.5195
87.2832 -53.4917
87.2775 -53.4635
87.2717 -53.4349
87.266 -53.406
87.2604 -53.3767
87.2548 -53.347
87.2493 -53.317
87.2438 -53.2866
87.2384 -53.2559
87.233 -53.2249
87.2276 -53.1935
87.2223 -53.1618
87.2171 -53.1297
87.2119 -53.0972
87.2068 -53.0644
87.2017 -53.0312
87.1966 -52.9977
87.1917 -52.9637
87.1867 -52.9295
87.1819 -52.8948
87.177 -52.8598
87.1723 -52.8245
87.1676 -52.7887
87.1629 -52.7527
87.1583 -52.7163
87.1538 -52.6798
87.1492 -52.643
87.1448 -52.6058
87.1404 -52.5683
87.1361 -52.5304
87.1318 -52.4922
87.1276 -52.4536
87.1234 -52.4147
87.1193 -52.3754
87.1153 -52.3357
87.1113 -52.2957
87.1074 -52.2553
87.1035 -52.2146
87.0997 -52.1735
87.096 -52.1321
87.0916 -52.0916
87.0859 -52.0521
87.0802 -52.0123
87.0746 -51.9721
87.0691 -51.9316
87.0636 -51.8907
87.0582 -51.8494
87.0529 -51.8078
87.0476 -51.7658
87.0424 -51.7235
87.0372 -51.6808
87.0321 -51.6378
87.0271 -51.5944
87.0221 -51.5506
87.0172 -51.5065
87.0124 -51.4621
87.0076 -51.4172
87.0029 -51.3721
86.9983 -51.3265
86.9937 -51.2807
86.9892 -51.2344
86.9848 -51.1879
86.9804 -51.1409
86.9761 -51.0936
86.9719 -51.046
86.9677 -50.998
86.9636 -50.9496
86.9596 -50.9009
86.9557 -50.8518
86.9518 -50.8024
86.948 -50.7526
86.9442 -50.7025
86.9406 -50.652
86.937 -50.6013
86.9334 -50.5503
86.93 -50.4989
86.9266 -50.4471
86.9233 -50.3949
86.92 -50.3423
86.9168 -50.2893
86.9137 -50.2359
86.9107 -50.1823
86.9077 -50.1286
86.9048 -50.0745
86.902 -50.02
86.8993 -49.9651
86.8966 -49.9098
86.894 -49.8541
86.8915 -49.798
86.8891 -49.7416
86.8867 -49.6847
86.8845 -49.6275
86.8823 -49.5699
86.8802 -49.5118
86.8782 -49.4534
86.8762 -49.3946
86.8743 -49.3354
86.8726 -49.2758
86.8709 -49.2158
86.8693 -49.1553
86.8677 -49.0947
86.8663 -49.0336
86.8649 -48.9722
86.8636 -48.9104
86.8624 -48.8483
86.8613 -48.786
86.8602 -48.7233
86.8593 -48.6603
86.8584 -48.5968
86.8576 -48.533
86.8569 -48.4689
86.8563 -48.4045
86.8557 -48.3398
86.8548 -48.2828
86.8536 -48.2249
86.8525 -48.1675
86.8515 -48.1096
86.8505 -48.0514
86.8497 -47.9928
86.8489 -47.9337
86.8482 -47.8743
86.8476 -47.8145
86.847 -47.7543
86.8466 -47.6937
86.8462 -47.6327
86.846 -47.5713
86.8458 -47.5095
86.8457 -47.4473
86.8456 -47.3847
86.8457 -47.3217
86.8459 -47.2585
86.8461 -47.1949
86.8464 -47.1311
86.8468 -47.0668
86.8473 -47.0022
86.8478 -46.9372
86.8485 -46.8719
86.8492 -46.8061
86.8501 -46.7399
86.851 -46.6733
86.852 -46.6063
86.8532 -46.5389
86.8544 -46.4711
86.8557 -46.403
86.8571 -46.3344
86.8585 -46.2654
86.8601 -46.1961
86.8618 -46.1263
86.8636 -46.0562
86.8654 -45.9856
86.8674 -45.9147
86.8695 -45.8434
86.8716 -45.7716
86.8739 -45.6997
86.8762 -45.6275
86.8786 -45.5548
86.8812 -45.4817
86.8838 -45.4082
86.8865 -45.3344
86.8893 -45.2602
86.8923 -45.1856
86.8953 -45.1107
86.8984 -45.0353
86.9016 -44.9596
86.9049 -44.8836
86.9084 -44.8072
86.9119 -44.7305
86.9155 -44.6537
86.9192 -44.5765
86.9229 -44.4991
86.9268 -44.4212
86.9308 -44.343
86.9349 -44.2644
86.9391 -44.1854
86.9434 -44.106
86.9478 -44.0263
86.9524 -43.9462
86.957 -43.8657
86.9617 -43.7848
86.9666 -43.7036
86.9715 -43.6219
86.9766 -43.5398
86.9816 -43.4565
86.9865 -43.3691
86.9914 -43.2819
86.9965 -43.1943
87.0016 -43.1062
87.0068 -43.0178
87.0116 -42.9307
87.0159 -42.8435
87.0198 -42.7595
87.0236 -42.6749
87.0276 -42.5901
87.0318 -42.505
87.036 -42.4195
87.0403 -42.3338
87.0447 -42.2477
87.0492 -42.1613
87.0538 -42.0746
87.0585 -41.9876
87.0634 -41.9002
87.0683 -41.8124
87.0734 -41.7242
87.0785 -41.6356
87.0838 -41.5467
87.0892 -41.4574
87.0947 -41.3677
87.1003 -41.2777
87.106 -41.1873
87.1118 -41.0966
87.1177 -41.0054
87.1238 -40.9141
87.1299 -40.8227
87.1361 -40.7312
87.1424 -40.6393
87.1488 -40.5471
87.1554 -40.4545
87.162 -40.3615
87.1688 -40.2682
87.1757 -40.1745
87.1827 -40.0804
87.1895 -39.9864
87.1962 -39.8919
87.2031 -39.7971
87.2101 -39.7019
87.2172 -39.6065
87.2244 -39.5107
87.2318 -39.4145
87.2393 -39.3179
87.2468 -39.2211
87.2545 -39.1239
87.2624 -39.0264
87.2703 -38.9285
87.2783 -38.8304
87.2865 -38.7318
87.2948 -38.6329
87.3032 -38.5339
87.3116 -38.4349
87.3202 -38.3355
87.3289 -38.2357
87.3378 -38.1356
87.3467 -38.0352
87.3558 -37.9347
87.3649 -37.8339
87.3742 -37.7328
87.3836 -37.6312
87.3931 -37.5294
87.4028 -37.4272
87.4125 -37.3248
87.4224 -37.2224
87.4324 -37.1196
87.4425 -37.0164
87.4527 -36.9129
87.463 -36.8091
87.4735 -36.705
87.4841 -36.6006
87.4948 -36.4959
87.5056 -36.391
87.5165 -36.2861
87.5274 -36.1811
87.5378 -36.0764
87.5483 -35.9715
87.5588 -35.8666
87.5695 -35.7614
87.5801 -35.6554
87.5908 -35.5493
87.6015 -35.4436
87.6123 -35.3384
87.6231 -35.2336
87.6338 -35.13
87.6446 -35.027
87.6554 -34.9237
87.6664 -34.8201
87.6775 -34.7166
87.6887 -34.6128
87.7 -34.5086
87.7114 -34.404
87.723 -34.2994
87.7345 -34.1956
87.7461 -34.0918
87.7578 -33.9878
87.7696 -33.8835
87.7816 -33.7793
87.7935 -33.6754
87.8056 -33.5714
87.8177 -33.4672
87.83 -33.3627
87.8424 -33.258
87.8549 -33.1529
87.8676 -33.0475
87.8804 -32.9418
87.8933 -32.8357
87.9063 -32.7293
87.9195 -32.6226
87.9326 -32.5171
87.9459 -32.4114
87.9592 -32.3053
87.9727 -32.199
87.9862 -32.0925
87.9999 -31.9859
88.0137 -31.8791
88.0276 -31.7722
88.0416 -31.665
88.0558 -31.5575
88.0701 -31.4497
88.0845 -31.3415
88.099 -31.233
88.1137 -31.1242
88.1285 -31.015
88.1434 -30.9056
88.1585 -30.7961
88.1736 -30.6868
88.1887 -30.5777
88.204 -30.4689
88.2192 -30.3605
88.2346 -30.2517
88.2501 -30.1427
88.2657 -30.0334
88.2815 -29.9238
88.2974 -29.814
88.3134 -29.7039
88.3294 -29.594
88.3456 -29.4842
88.3619 -29.3741
88.3782 -29.2642
88.3947 -29.154
88.4113 -29.0436
88.428 -28.9329
88.4448 -28.8223
88.4616 -28.7122
88.4786 -28.6018
88.4957 -28.4911
88.5129 -28.3801
88.5302 -28.2688
88.5477 -28.1572
88.5653 -28.0453
88.583 -27.9341
88.6007 -27.823
88.6185 -27.7115
88.6365 -27.5998
88.6545 -27.4879
88.6727 -27.3757
88.6911 -27.2631
88.7096 -27.1503
88.7282 -27.0372
88.747 -26.9237
88.7659 -26.8101
88.7848 -26.6965
88.8039 -26.5828
88.8229 -26.4704
88.842 -26.3576
88.8613 -26.2446
88.8807 -26.1314
88.9001 -26.0183
88.9197 -25.9052
88.9393 -25.7917
88.9592 -25.678
88.9791 -25.564
88.9992 -25.4497
89.0195 -25.3352
89.0398 -25.2203
89.0603 -25.1052
89.081 -24.9898
89.1017 -24.8746
89.1224 -24.76
89.1432 -24.6453
89.1642 -24.5302
89.1853 -24.4149
89.2064 -24.2994
89.2266 -24.1847
89.2468 -24.0696
89.2671 -23.9543
89.2876 -23.8387
89.3081 -23.7232
89.3287 -23.6078
89.3495 -23.4923
89.3703 -23.3768
89.3912 -23.261
89.4124 -23.1449
89.4336 -23.0287
89.4549 -22.9126
89.4763 -22.7962
89.4979 -22.6796
89.5196 -22.5626
89.5414 -22.4462
89.5632 -22.3297
89.5851 -22.2135
89.6071 -22.0973
89.6291 -21.9812
89.6512 -21.8655
89.6734 -21.7499
89.6957 -21.634
89.7181 -21.5179
89.7407 -21.4015
89.7634 -21.2849
89.7862 -21.1681
89.8092 -21.0509
89.8323 -20.9335
89.8556 -20.8157
89.879 -20.6977
89.9026 -20.5794
89.9263 -20.4609
89.9502 -20.3421
89.9741 -20.223
89.9983 -20.1037
90.0223 -19.9848
90.0463 -19.866
90.0704 -19.7477
90.0946 -19.6293
90.1189 -19.5107
90.1432 -19.3922
90.1678 -19.2734
90.1924 -19.1543
90.2172 -19.035
90.2421 -18.9159
90.2672 -18.7965
90.2923 -18.6771
90.3175 -18.5576
90.3429 -18.4377
90.3684 -18.3177
90.3941 -18.1973
90.4199 -18.0768
90.4459 -17.956
90.4719 -17.8355
90.4978 -17.716
90.5239 -17.5961
90.5501 -17.4761
90.5764 -17.3558
90.6029 -17.2352
90.6296 -17.1144
90.6563 -16.9933
90.6833 -16.8719
90.7103 -16.7506
90.7375 -16.629
90.7648 -16.5074
90.7922 -16.3857
90.8197 -16.2638
90.8474 -16.1416
90.8752 -16.0193
90.9031 -15.8967
90.9312 -15.7739
90.9595 -15.6509
90.9879 -15.5275
91.0164 -15.4039
91.0451 -15.2801
91.0739 -15.156
91.1029 -15.0318
91.132 -14.9074
91.1612 -14.7827
91.1906 -14.6579
91.2201 -14.5332
91.2496 -14.4085
91.2793 -14.2837
91.3091 -14.1585
91.3391 -14.0333
91.3692 -13.9079
91.3994 -13.7822
91.4298 -13.6565
91.4601 -13.5318
91.4905 -13.4071
91.5209 -13.2825
91.5515 -13.1577
91.5823 -13.0326
91.6131 -12.9079
91.644 -12.7829
91.6751 -12.6577
91.7063 -12.5322
91.7376 -12.4074
91.7688 -12.2826
91.8003 -12.1576
91.8318 -12.0326
91.8634 -11.9077
91.8952 -11.7826
91.9271 -11.6572
91.9592 -11.5319
91.9913 -11.4065
92.0236 -11.2808
92.0559 -11.1558
92.0883 -11.0307
92.1208 -10.9053
92.1535 -10.7798
92.1862 -10.6545
92.2189 -10.5298
92.2517 -10.405
92.2846 -10.2806
92.3175 -10.1565
92.3506 -10.032
92.3838 -9.90737
92.4171 -9.7826
92.4506 -9.6577
92.4842 -9.53256
92.518 -9.40719
92.5517 -9.28245
92.5855 -9.15784
92.6195 -9.03299
92.6536 -8.90812
92.6878 -8.78306
92.7221 -8.65775
92.7566 -8.53233
92.7912 -8.40678
92.826 -8.28099
92.8609 -8.15503
92.896 -8.02884
92.9312 -7.90246
92.9665 -7.77589
93.002 -7.64915
93.0375 -7.5227
93.073 -7.39676
93.1087 -7.27067
93.1445 -7.14443
93.1804 -7.01795
93.2165 -6.89123
93.2527 -6.76436
93.2889 -6.63811
93.3253 -6.51164
93.3618 -6.38493
93.3984 -6.25842
93.435 -6.13247
93.4716 -6.00654
93.5084 -5.88039
93.5453 -5.75446
93.5821 -5.62918
93.619 -5.50373
93.6561 -5.37811
93.6934 -5.2523
93.7307 -5.12626
93.7682 -5.00058
93.8056 -4.87549
93.843 -4.75051
93.8803 -4.62691
93.9177 -4.50314
93.9553 -4.3793
93.9929 -4.25555
94.0305 -4.13203
94.0683 -4.00827
94.1063 -3.8843
94.1444 -3.76009
94.1826 -3.6358
94.2209 -3.51142
94.2594 -3.38683
94.2981 -3.26201
94.3369 -3.13696
94.3758 -3.01174
94.4149 -2.88633
94.4541 -2.7607
94.4935 -2.63485
94.533 -2.50901
94.5722 -2.38529
94.6114 -2.26145
94.6508 -2.13746
94.6903 -2.01357
94.7299 -1.88946
94.7696 -1.76513
94.8095 -1.64059
94.8496 -1.51587
94.8898 -1.39094
94.9301 -1.26593
94.9705 -1.1409
95.0111 -1.01565
95.0518 -0.890651
95.0924 -0.765905
95.1331 -0.641416
95.174 -0.516881
95.2149 -0.392131
95.2561 -0.267165
95.2973 -0.141984
95.3388 -0.0165871
95.3803 0.109026
95.4221 0.23469
95.4639 0.360306
95.5056 0.485049
95.5474 0.610011
95.5894 0.735063
95.6314 0.860137
95.6737 0.985423
95.7159 1.11047
95.7583 1.23518
95.8007 1.35995
95.8432 1.48492
95.8859 1.61009
95.9288 1.73529
95.9717 1.86067
96.0148 1.98627
96.0581 2.11207
96.1015 2.23808
96.1451 2.3643
96.1888 2.49074
96.2326 2.61685
96.2764 2.7427
96.3203 2.86849
96.3643 2.99451
96.4085 3.1207
96.4528 3.24696
96.4972 3.37323
96.5418 3.49971
96.5865 3.62639
96.6314 3.75328
96.6762 3.87934
96.7209 4.00475
96.7658 4.13035
96.8108 4.25594
96.8558 4.38121
96.9009 4.50645
96.9461 4.63189
96.9915 4.75753
97.037 4.88317
97.0825 5.00823
97.1279 5.13275
97.1733 5.25648
97.2187 5.38024
97.2643 5.50418
97.31 5.62833
97.3557 5.75186
97.4015 5.87528
97.4472 5.99819
97.4931 6.12099
97.539 6.24394
97.5851 6.36688
97.6313 6.48982
97.6776 6.61295
97.724 6.73624
97.7705 6.85888
97.8169 6.98148
97.8635 7.10412
97.9103 7.22684
97.9571 7.3497
98.004 7.47242
98.051 7.59514
98.0982 7.71866
98.1449 7.83986
98.1915 7.96044
98.238 8.08324
98.2846 8.20646
98.3313 8.32959
98.3781 8.45268
98.425 8.5757
98.472 8.69889
98.5192 8.82227
98.5664 8.94564
98.6138 9.06914
98.6613 9.19266
98.7086 9.31432
98.7558 9.43618
98.803 9.55724
98.8501 9.67791
98.8974 9.79873
98.9448 9.91973
98.9922 10.0402
99.0397 10.1607
99.0873 10.2813
99.135 10.402
99.1829 10.5229
99.2309 10.644
99.279 10.765
99.3273 10.8862
99.3757 11.0076
99.4241 11.1289
99.4727 11.2503
99.5215 11.3719
99.5702 11.4926
99.6188 11.6132
99.6676 11.7339
99.7164 11.8542
99.7652 11.9744
99.8141 12.0946
99.8629 12.215
99.912 12.3356
99.9611 12.4563
100.01 12.5771
100.06 12.6967
100.108 12.8147
100.157 12.9325
100.206 13.05
100.255 13.1675
100.304 13.2851
100.353 13.4029
100.402 13.5207
100.451 13.6379
100.501 13.7551
100.55 13.8725
100.6 13.99
100.649 14.1065
100.698 14.2225
100.748 14.3386
100.797 14.4549
100.847 14.5712
100.897 14.6873
100.946 14.8034
100.996 14.9196
101.046 15.0357
101.096 15.152
101.147 15.2684
101.197 15.385
101.248 15.5014
101.298 15.6173
101.348 15.7326
101.399 15.8478
101.449 15.9632
101.5 16.0788
101.551 16.1943
101.602 16.3099
101.652 16.4253
101.703 16.5396
101.754 16.6533
101.804 16.767
101.855 16.8792
101.905 16.9915
101.956 17.1039
102.007 17.2163
102.057 17.3288
102.108 17.4414
102.159 17.5531
102.21 17.6646
102.261 17.7763
102.312 17.888
102.363 17.9998
102.414 18.1108
102.465 18.2219
102.516 18.3332
102.568 18.4446
102.619 18.5561
102.671 18.6675
102.722 18.7774
102.773 18.8873
102.825 18.997
102.876 19.1069
102.928 19.2169
102.98 19.327
103.031 19.437
103.083 19.5462
103.135 19.6555
103.187 19.765
103.239 19.8746
103.291 19.9844
103.343 20.0943
103.395 20.2043
103.448 20.3141
103.5 20.4241
103.553 20.5343
103.606 20.6446
103.659 20.755
103.712 20.8656
103.765 20.9743
103.817 21.083
103.87 21.1918
103.923 21.3007
103.976 21.4098
104.029 21.519
104.083 21.6283
104.136 21.7378
104.19 21.8474
104.244 21.9571
104.297 22.067
104.351 22.1769
104.405 22.2868
104.46 22.3968
104.514 22.5069
104.568 22.6172
104.623 22.7276
104.677 22.8379
104.732 22.9482
104.787 23.0577
104.841 23.1674
104.896 23.277
104.951 23.3868
105.006 23.4967
105.061 23.6067
105.116 23.7169
105.172 23.8272
105.227 23.9376
105.283 24.0482
105.339 24.1587
105.394 24.269
105.45 24.3793
105.506 24.4897
105.562 24.5991
105.618 24.7078
105.673 24.8167
105.729 24.9257
105.785 25.0347
105.841 25.1439
105.898 25.2531
105.954 25.3625
106.01 25.472
106.067 25.5817
106.124 25.6914
106.181 25.8014
106.238 25.9114
106.295 26.0214
106.352 26.1316
106.409 26.2419
106.467 26.3524
106.524 26.463
106.582 26.5737
106.64 26.684
106.697 26.7941
106.755 26.9042
106.813 27.0143
106.871 27.1246
106.929 27.2351
106.988 27.3457
107.046 27.4562
107.104 27.5643
107.162 27.6721
107.219 27.7794
107.277 27.8868
107.335 27.9943
107.393 28.102
107.451 28.2097
107.509 28.3176
107.567 28.4255
107.626 28.5336
107.685 28.6418
107.743 28.7502
107.802 28.8586
107.861 28.9671
107.92 29.0757
107.979 29.1842
108.038 29.2924
108.098 29.4007
108.157 29.5089
108.216 29.6173
108.276 29.7259
108.336 29.8345
108.396 29.9433
108.455 30.0516
108.515 30.16
108.575 30.2684
108.635 30.3768
108.695 30.4834
108.754 30.5884
108.813 30.6936
108.873 30.7989
108.932 30.9043
108.992 31.0096
109.051 31.115
109.111 31.2203
109.171 31.3257
109.231 31.4312
109.291 31.5368
109.351 31.6423
109.411 31.748
109.472 31.8536
109.532 31.9593
109.592 32.0649
109.652 32.1678
109.712 32.2708
109.772 32.3738
109.832 32.477
109.892 32.5801
109.952 32.6832
110.012 32.7863
110.073 32.8895
110.133 32.9925
110.193 33.0954
110.254 33.1982
110.314 33.3012
110.375 33.4031
110.435 33.5051
110.496 33.6071
110.556 33.7093
110.617 33.8107
110.677 33.9116
110.738 34.0126
110.798 34.1135
110.859 34.2146
110.92 34.315
110.98 34.4151
111.041 34.5153
111.101 34.6151
111.162 34.7147
111.223 34.8143
111.283 34.914
111.344 35.0136
111.405 35.1133
111.466 35.2125
111.527 35.3115
111.588 35.4106
111.649 35.5087
111.709 35.6067
111.77 35.7049
111.831 35.8018
111.891 35.8988
111.952 35.9951
112.012 36.0915
112.073 36.1879
112.134 36.2845
112.195 36.3813
112.256 36.4781
112.317 36.575
112.378 36.672
112.439 36.7691
112.501 36.8664
112.562 36.9637
112.624 37.0612
112.686 37.1587
112.748 37.2564
112.81 37.3542
112.872 37.4521
112.935 37.55
112.997 37.6481
113.06 37.7463
113.122 37.8446
113.185 37.943
113.248 38.0416
113.311 38.1402
113.374 38.2389
113.437 38.3377
113.501 38.4367
113.564 38.5357
113.628 38.6349
113.691 38.7342
113.755 38.8335
113.819 38.933
113.883 39.0326
113.948 39.1323
114.012 39.2321
114.076 39.332
114.141 39.432
114.206 39.5321
114.27 39.6323
114.335 39.7326
114.4 39.833
114.465 39.9336
114.531 40.0342
114.596 40.135
114.662 40.2358
114.727 40.3368
114.793 40.4379
114.859 40.539
114.925 40.6403
114.991 40.7417
115.057 40.8432
115.124 40.9448
115.19 41.0465
115.257 41.1483
115.323 41.2503
115.39 41.3523
115.457 41.4544
115.524 41.5567
115.592 41.659
115.659 41.7615
115.726 41.864
115.794 41.9667
115.862 42.0694
115.93 42.1723
115.998 42.2753
116.066 42.3784
116.134 42.4816
116.202 42.5849
116.271 42.6882
116.339 42.7917
116.408 42.8953
116.476 42.9989
116.545 43.1027
116.614 43.2066
116.683 43.3106
116.752 43.4147
116.822 43.5189
116.891 43.6232
116.961 43.7276
117.031 43.8321
117.1 43.9368
117.17 44.0415
117.241 44.1463
117.311 44.2513
117.381 44.3563
117.452 44.4615
117.522 44.5668
117.593 44.6721
117.664 44.7776
117.735 44.8832
117.806 44.9889
117.877 45.0947
117.948 45.2006
118.02 45.3066
118.091 45.4127
118.163 45.5189
118.235 45.6253
118.307 45.7317
118.379 45.8382
118.451 45.9449
118.524 46.0516
118.596 46.1585
118.669 46.2655
118.742 46.3725
118.815 46.4797
118.888 46.587
118.961 46.6944
119.034 46.8019
119.107 46.9095
119.181 47.0172
119.255 47.125
119.328 47.2329
119.402 47.3409
119.476 47.4491
119.55 47.5573
119.625 47.6656
119.699 47.7741
119.774 47.8826
119.848 47.9913
119.923 48.1001
119.998 48.2089
120.073 48.3179
120.148 48.427
120.224 48.5362
120.299 48.6455
120.375 48.7549
120.451 48.8644
120.526 48.974
120.602 49.0837
120.679 49.1936
120.755 49.3035
120.831 49.4135
120.908 49.5237
120.984 49.6335
121.06 49.7435
121.136 49.8536
121.213 49.9638
121.289 50.0741
121.366 50.1845
121.442 50.295
121.519 50.4057
121.596 50.5164
121.674 50.6272
121.751 50.7382
121.828 50.8492
121.906 50.9603
121.984 51.0716
122.061 51.183
122.139 51.2944
122.217 51.406
122.296 51.5177
122.374 51.6295
122.453 51.7414
122.531 51.8534
122.61 51.9655
122.689 52.0777
122.768 52.19
122.847 52.3024
122.926 52.4149
123.005 52.526
123.084 52.6368
123.163 52.7477
123.242 52.8587
123.321 52.9699
123.401 53.0811
123.48 53.1924
123.56 53.3038
123.64 53.4153
123.719 53.5269
123.799 53.6387
123.88 53.7505
123.96 53.8624
124.04 53.9745
124.121 54.0866
124.201 54.1989
124.282 54.3112
124.363 54.4237
124.444 54.5362
124.526 54.6489
124.607 54.7617
124.688 54.8745
124.77 54.9875
124.852 55.1006
124.934 55.2138
125.016 55.3271
125.098 55.4404
125.18 55.5539
125.263 55.6675
125.346 55.7825
125.424 55.8797
125.5 55.9789
125.576 56.0776
125.653 56.1763
125.73 56.2751
125.807 56.3739
125.884 56.4729
125.962 56.5719
126.039 56.671
126.117 56.7702
126.194 56.8695
126.272 56.9689
126.35 57.0684
126.428 57.168
126.506 57.2676
126.585 57.3674
126.663 57.4672
126.742 57.5671
126.82 57.6672
126.898 57.7638
126.957 57.8132
127.016 57.8627
127.074 57.9124
127.132 57.9621
127.19 58.0119
127.249 58.0618
127.307 58.1116
127.365 58.1615
127.424 58.2115
127.482 58.2615
127.541 58.3116
127.6 58.3617
127.659 58.4118
127.717 58.462
127.776 58.5122
127.835 58.5625
127.894 58.6128
127.953 58.6631
128.012 58.7136
128.072 58.764
128.131 58.8145
128.19 58.865
128.249 58.9156
128.309 58.9662
128.368 59.0169
128.428 59.0676
128.488 59.1184
128.547 59.1692
128.607 59.22
128.667 59.2715
128.722 59.3054
128.774 59.3399
128.826 59.3743
128.879 59.4087
128.932 59.4431
128.985 59.4776
129.038 59.5121
129.091 59.5466
129.144 59.5811
129.197 59.6157
129.25 59.6503
129.303 59.6849
129.356 59.7196
129.41 59.7543
129.463 59.789
129.516 59.8237
129.57 59.8585
129.623 59.8933
129.677 59.9281
129.73 59.963
129.784 59.9979
129.838 60.0328
129.891 60.0678
129.945 60.1028
129.999 60.1378
130.053 60.1728
130.106 60.2079
130.16 60.243
130.214 60.2782
130.268 60.3133
130.322 60.3485
130.376 60.3838
130.431 60.419
130.485 60.4543
130.539 60.4896
130.593 60.525
130.648 60.5603
130.702 60.5957
130.756 60.6312
130.811 60.6666
130.865 60.7021
130.92 60.7376
130.974 60.7732
131.029 60.8088
131.084 60.8444
131.139 60.88
131.193 60.9157
131.248 60.9514
131.303 60.9871
131.358 61.0229
131.413 61.0587
131.468 61.0945
131.523 61.1304
131.578 61.1662
131.633 61.2021
131.689 61.2381
131.744 61.274
131.799 61.31
131.854 61.3461
131.91 61.3821
131.965 61.4182
132.021 61.4543
132.076 61.4905
132.132 61.5267
132.188 61.5629
132.243 61.5991
132.299 61.6354
132.355 61.6717
132.411 61.708
132.466 61.7443
132.522 61.7807
132.578 61.8171
132.634 61.8536
132.69 61.8901
132.746 61.9266
132.803 61.9631
132.859 61.9997
132.915 62.0363
132.971 62.0729
133.028 62.1095
133.084 62.1462
133.141 62.1829
133.197 62.2197
133.254 62.2564
133.31 62.2932
133.367 62.3301
133.423 62.3669
133.48 62.4038
133.537 62.4407
133.594 62.4777
133.651 62.5147
133.708 62.5517
133.763 62.5862
133.818 62.6205
133.874 62.6548
133.929 62.6891
133.984 62.7235
134.04 62.7578
134.095 62.7922
134.15 62.8266
134.206 62.8611
134.261 62.8956
134.317 62.9301
134.373 62.9646
134.428 62.9972
134.484 63.0202
134.54 63.0432
134.595 63.0663
134.651 63.0893
134.707 63.1124
134.763 63.1355
134.819 63.1587
134.875 63.1818
134.931 63.205
134.987 63.2282
135.043 63.2514
135.099 63.2746
135.155 63.2979
135.212 63.3211
135.268 63.3444
135.324 63.3677
135.381 63.3911
135.437 63.4144
135.494 63.4378
135.55 63.4612
135.607 63.4846
135.663 63.508
135.72 63.5314
135.777 63.5549
135.833 63.5784
135.89 63.6019
135.947 63.625
136.003 63.6477
136.058 63.669
136.111 63.6883
136.164 63.7077
136.218 63.727
136.271 63.7464
136.324 63.7658
136.378 63.7853
136.431 63.8047
136.484 63.8242
136.538 63.8436
136.591 63.8631
136.645 63.8826
136.698 63.9022
136.752 63.9217
136.806 63.9413
136.859 63.9609
136.913 63.9805
136.967 64.0001
137.021 64.0197
137.074 64.0394
137.128 64.059
137.182 64.0787
137.236 64.0984
137.29 64.1181
137.344 64.1379
137.398 64.1576
137.453 64.1774
137.507 64.1972
137.561 64.217
137.615 64.2368
137.669 64.2567
137.724 64.2765
137.778 64.2964
137.833 64.3163
137.887 64.3362
137.942 64.3561
137.996 64.3761
138.051 64.396
138.105 64.416
138.16 64.436
138.215 64.456
138.269 64.4761
138.324 64.4961
138.379 64.5162
138.434 64.5363
138.489 64.5564
138.544 64.5765
138.599 64.5966
138.654 64.6168
138.709 64.637
138.764 64.6571
138.819 64.6774
138.874 64.6976
138.929 64.7178
138.985 64.7381
139.04 64.7584
139.095 64.7786
139.151 64.799
139.206 64.8193
139.262 64.8396
139.317 64.86
139.373 64.8804
139.428 64.9008
139.484 64.9212
139.539 64.9402
139.593 64.9592
139.647 64.9782
139.702 64.9972
139.756 65.0162
139.811 65.0353
139.866 65.0543
139.92 65.0734
139.975 65.0925
140.03 65.1116
140.085 65.1307
140.139 65.1499
140.194 65.169
140.249 65.1882
140.304 65.2074
140.359 65.2266
140.414 65.2458
140.469 65.265
140.524 65.2843
140.579 65.3035
140.635 65.3228
140.69 65.3421
140.745 65.3614
140.8 65.3808
140.856 65.4001
140.911 65.4195
140.966 65.4389
141.022 65.4583
141.077 65.4777
141.133 65.4971
141.188 65.5166
141.244 65.536
141.3 65.5555
141.355 65.575
141.411 65.5945
141.467 65.6141
141.523 65.6336
141.579 65.6532
141.634 65.6728
141.69 65.6924
141.746 65.712
141.802 65.7316
141.858 65.7512
141.914 65.7709
141.971 65.7906
142.027 65.8103
142.083 65.83
142.139 65.8497
142.195 65.8695
142.252 65.8892
142.308 65.909
142.365 65.9288
142.421 65.9486
142.478 65.9684
142.534 65.9883
142.591 66.0081
142.647 66.028
142.704 66.0479
142.761 66.0678
142.817 66.0878
142.874 66.1077
142.931 66.1277
142.988 66.1476
143.045 66.1676
143.102 66.1876
143.157 66.2045
143.211 66.2219
143.265 66.2389
143.319 66.2559
143.373 66.2729
143.427 66.2899
143.482 66.3069
143.536 66.324
143.59 66.3217
143.644 66.2952
143.698 66.2688
143.752 66.2424
143.806 66.2159
143.86 66.1895
143.914 66.163
143.969 66.1365
144.023 66.11
144.077 66.0834
144.131 66.0569
144.186 66.0304
144.24 66.0038
144.293 65.9451
144.346 65.8757
144.398 65.7985
144.45 65.7212
144.502 65.6439
144.554 65.5666
144.607 65.4892
144.659 65.4118
144.711 65.3343
144.764 65.2568
144.816 65.1793
144.868 65.1017
144.921 65.0241
144.973 64.9464
145.026 64.8687
145.078 64.791
145.131 64.7132
145.183 64.6354
145.235 64.6905
145.286 64.7526
145.337 64.815
145.388 64.8852
145.438 64.9588
145.488 65.0324
145.539 65.1061
145.589 65.1798
145.639 65.2536
145.69 65.3274
145.74 65.4013
145.791 65.4753
145.841 65.5493
145.892 65.6233
145.943 65.6974
145.993 65.7716
146.044 65.8458
146.095 65.9201
146.145 65.9944
146.196 66.0687
146.247 66.1432
146.298 66.2176
146.348 66.2922
146.399 66.3668
146.45 66.4414
146.501 66.5161
146.552 66.5909
146.603 66.6657
146.654 66.7406
146.705 66.8155
146.756 66.8903
146.807 66.9653
146.858 67.0403
146.909 67.1153
146.96 67.1904
147.011 67.2656
147.063 67.3408
147.114 67.4161
147.165 67.4914
147.216 67.5668
147.268 67.6422
147.319 67.7177
147.37 67.7933
147.422 67.8689
147.473 67.9445
147.524 68.0202
147.576 68.096
147.627 68.1718
147.679 68.2477
147.731 68.3236
147.782 68.3996
147.834 68.4756
147.885 68.5517
147.937 68.6278
147.989 68.704
148.04 68.7803
148.092 68.8566
148.144 68.9329
148.195 69
148.245 69
148.294 69
148.343 69
148.392 69
148.441 69
148.49 69
148.539 69
148.588 69
148.637 69
148.686 69
148.736 69
148.785 69
148.834 69
148.883 69
148.932 69
148.982 69
149.031 69
149.08 69
149.13 69
149.179 69
149.229 69
149.278 69
149.327 69
149.377 69
149.426 69
149.476 69
149.525 69
149.575 69
149.625 69
149.674 69
149.724 69
149.773 69
149.823 69
149.873 69
149.923 69
149.972 69
150.022 69
150.072 69
150.122 69
150.171 69
150.221 69
150.271 69
150.321 69
150.371 69
150.421 69
150.471 69
150.521 69
150.571 69
150.621 69
150.671 69
150.721 69
150.771 69
150.821 69
150.871 69
150.922 69
150.972 69
151.021 69
151.07 69
151.12 69
151.169 69
151.218 69
151.268 69
151.317 69
151.366 69
151.416 69
151.465 69
151.515 69
151.564 69
151.614 69
151.663 69
151.713 69
151.763 69
151.812 69
151.862 69
151.911 69
151.961 69
152.01 69
152.06 69
152.109 69
152.159 69
152.208 69
152.258 69
152.307 69
152.357 69
152.406 69
152.456 69
152.505 69
152.555 69
152.605 69
152.654 69
152.704 69
152.754 69
152.803 69
152.853 69
152.903 69
152.953 69
153.003 69
153.052 69
153.102 69
153.152 69
153.202 69
153.251 69
153.301 69
153.351 69
153.401 69
153.45 69
153.5 69
153.55 69
153.6 69
153.649 69
153.699 69
153.749 69
153.798 69
153.847 69
153.896 69
153.946 69
153.995 69
154.044 69
154.093 69
154.142 69
154.19 69
154.238 69
154.286 69
154.334 69
154.383 69
154.431 69
154.479 69
154.527 69
154.576 69
154.624 69
154.672 69
154.721 69
154.769 69
154.817 69
154.866 69
154.914 69
154.963 69
155.011 69
155.06 69
155.108 69
155.157 69
155.205 69
155.254 69
155.302 69
155.351 69
155.4 69
155.448 69
155.497 69
155.546 69
155.594 69
155.643 69
155.692 69
155.74 69
155.789 69
155.838 69
155.887 69
155.936 69
155.984 69
156.033 69
156.082 69
156.131 69
156.18 69
156.229 69
156.278 69
156.327 69
156.376 69
156.425 69
156.474 69
156.523 69
156.572 69
156.621 69
156.67 69
156.719 69
156.768 69
156.818 69
156.867 69
156.916 69
156.965 69
157.014 69
157.064 69
157.113 69
157.162 69
157.212 69
157.261 69
157.31 69
157.36 69
157.409 69
157.458 69
157.508 69
157.557 69
157.607 69
157.656 69
157.706 69
157.755 69
157.805 69
157.854 69
157.904 69
157.954 69
158.003 69
158.053 69
158.103 69
158.152 69
158.202 69
158.252 69
158.301 69
158.351 69
158.401 69
158.451 69
158.5 69
158.55 69
158.6 69
158.65 69
158.7 69
158.75 69
158.8 69
158.85 69
158.9 69
158.95 69
159 69
159.05 69
159.1 69
159.15 69
159.2 69
159.25 69
159.3 69
159.35 69
159.4 69
159.451 69
159.501 69
159.551 69
159.6 69
159.65 69
159.7 69
159.75 69
159.8 69
159.85 69
159.9 69
159.95 69
160 69
160.05 69
160.1 69
160.15 69
160.2 69
160.25 69
160.3 69
160.35 69
160.401 69
160.451 69
160.501 69
160.551 69
160.601 69
160.652 69
160.702 69
160.752 69
160.802 69
160.853 69
160.903 69
160.953 69
161.004 69
161.054 69
161.105 69
161.155 69
161.206 69
161.256 69
161.307 69
161.357 69
161.408 69
161.458 69
161.509 69
161.559 69
161.61 69
161.661 69
161.711 69
161.762 69
161.813 69
161.863 69
161.914 69
161.965 69
162.016 69
162.066 69
162.117 69
162.168 69
162.219 69
162.27 69
162.321 69
162.371 69
162.422 69
162.473 69
162.524 69
162.575 69
162.625 69
162.676 69
162.727 69
162.778 69
162.829 69
162.88 69
162.931 69
162.982 69
163.033 69
163.084 69
163.135 69
163.186 69
163.237 69
163.288 69
163.339 69
163.391 69
163.442 69
163.493 69
163.544 69
163.595 69
163.647 69
163.698 69
163.749 69
163.8 69
163.852 69
163.903 69
163.954 69
164.006 69
164.057 69
164.109 69
164.16 69
164.211 69
164.263 69
164.314 69
164.366 69
164.418 69
164.469 69
164.521 69
164.572 69
164.624 69
164.676 69
164.727 69
164.779 69
164.831 69
164.882 69
164.934 69
164.986 69
165.038 69
165.089 69
165.141 69
165.193 69
165.245 69
165.297 69
165.349 69
165.401 69
165.452 69
165.503 69
165.555 69
165.606 69
165.658 69
165.709 69
165.76 69
165.812 69
165.863 69
165.915 69
165.966 69
166.018 69
166.069 69
166.121 69
166.173 69
166.224 69
166.276 69
166.327 69
166.379 69
166.431 69
166.482 69
166.534 69
166.586 69
166.638 69
166.689 69
166.741 69
166.793 69
166.845 69
166.897 69
166.949 69
167.001 69
167.052 69
167.104 69
167.156 69
167.208 69
167.26 69
167.312 69
167.364 69
167.416 69
167.468 69
167.521 69
167.573 69
167.625 69
167.677 69
167.729 69
167.781 69
167.834 69
167.886 69
167.938 69
167.99 69
168.043 69
168.095 69
168.147 69
168.2 69
168.252 69
168.304 69
168.355 69
168.406 69
168.457 69
168.509 69
168.56 69
168.611 69
168.662 69
168.714 69
168.765 69
168.816 69
168.868 69
168.919 69
168.971 69
169.022 69
169.073 69
169.125 69
169.176 69
169.228 69
169.279 69
169.331 69
169.382 69
169.434 69
169.485 69
169.537 69
