0.1 -9.42186e-005
0.2 -0.000754613
0.3 -0.00121665
0.4 -0.00162323
0.5 -0.00202919
0.6 -0.0024351
0.7 -0.00284104
0.8 -0.003247
0.9 -0.00365299
1 -0.004059
9.58464 -0.014059
19.1666 -0.024059
28.7353 -0.034059
38.2909 -0.044059
47.8331 -0.054059
57.3618 -0.064059
66.8769 -0.074059
76.3781 -0.084059
85.8653 -0.094059
95.3385 -0.104059
104.797 -0.114059
114.242 -0.124059
123.672 -0.134059
133.087 -0.144059
142.487 -0.154059
151.872 -0.164059
161.241 -0.174059
170.595 -0.184059
179.934 -0.194059
189.256 -0.204059
198.563 -0.214059
207.853 -0.224059
217.127 -0.234059
226.384 -0.244059
235.623 -0.254059
243.573 -0.264059
246.859 -0.274059
250.473 -0.284059
254.076 -0.294059
257.645 -0.304059
261.178 -0.314059
264.678 -0.324059
268.121 -0.334059
271.527 -0.344059
274.845 -0.354059
277.836 -0.364059
279.744 -0.374059
280.29 -0.384059
280.798 -0.394059
281.252 -0.404059
281.612 -0.414059
281.938 -0.424059
282.202 -0.434059
282.434 -0.444059
282.664 -0.454059
282.891 -0.464059
283.115 -0.474059
283.336 -0.484059
283.554 -0.494059
283.769 -0.504059
283.981 -0.514059
284.19 -0.524059
284.395 -0.534059
284.598 -0.544059
284.797 -0.554059
284.993 -0.564059
285.186 -0.574059
285.375 -0.584059
285.561 -0.594059
285.743 -0.604059
285.922 -0.614059
286.097 -0.624059
286.269 -0.634059
286.432 -0.644059
286.591 -0.654059
286.746 -0.664059
286.897 -0.674059
287.035 -0.684059
287.163 -0.694059
287.287 -0.704059
287.408 -0.714059
287.521 -0.724059
287.614 -0.734059
287.699 -0.744059
287.763 -0.754059
287.79 -0.764059
287.813 -0.774059
287.833 -0.784059
287.849 -0.794059
287.862 -0.804059
287.838 -0.814059
287.808 -0.824059
287.767 -0.834059
287.722 -0.844059
287.672 -0.854059
287.597 -0.864059
287.507 -0.874059
287.411 -0.884059
287.291 -0.894059
287.121 -0.904059
286.935 -0.914059
286.734 -0.924059
286.479 -0.934059
286.177 -0.944059
285.864 -0.954059
285.594 -0.964059
285.359 -0.974059
285.101 -0.984059
284.824 -0.994059
284.534 -1.00406
284.33 -1.01406
284.13 -1.02406
283.9 -1.03406
283.645 -1.04406
283.378 -1.05406
283.088 -1.06406
282.775 -1.07406
282.481 -1.08406
282.185 -1.09406
281.886 -1.10406
281.607 -1.11406
281.402 -1.12406
281.189 -1.13406
280.956 -1.14406
280.705 -1.15406
280.439 -1.16406
280.136 -1.17406
279.837 -1.18406
279.457 -1.19406
278.88 -1.20406
278.436 -1.21406
277.923 -1.22406
277.74 -1.23406
277.492 -1.24406
277.254 -1.25406
277.023 -1.26406
276.801 -1.27406
276.576 -1.28406
276.374 -1.29406
276.169 -1.30406
275.98 -1.31406
275.821 -1.32406
275.648 -1.33406
275.447 -1.34406
275.239 -1.35406
275.076 -1.36406
274.927 -1.37406
274.778 -1.38406
274.617 -1.39406
274.454 -1.40406
274.309 -1.41406
274.164 -1.42406
274.018 -1.43406
273.924 -1.44406
273.831 -1.45406
273.734 -1.46406
273.636 -1.47406
273.537 -1.48406
273.452 -1.49406
273.389 -1.50406
273.308 -1.51406
273.216 -1.52406
273.121 -1.53406
273.046 -1.54406
272.975 -1.55406
272.903 -1.56406
272.831 -1.57406
272.758 -1.58406
272.685 -1.59406
272.611 -1.60406
272.537 -1.61406
272.456 -1.62406
272.367 -1.63406
272.288 -1.64406
272.209 -1.65406
272.128 -1.66406
272.048 -1.67406
271.978 -1.68406
271.911 -1.69406
271.844 -1.70406
271.776 -1.71406
271.708 -1.72406
271.64 -1.73406
271.571 -1.74406
271.501 -1.75406
271.432 -1.76406
271.361 -1.77406
271.29 -1.78406
271.219 -1.79406
271.159 -1.80406
271.106 -1.81406
271.057 -1.82406
271.02 -1.83406
270.982 -1.84406
270.944 -1.85406
270.906 -1.86406
270.874 -1.87406
270.843 -1.88406
270.812 -1.89406
270.781 -1.90406
270.75 -1.91406
270.722 -1.92406
270.694 -1.93406
270.667 -1.94406
270.641 -1.95406
270.625 -1.96406
270.609 -1.97406
270.591 -1.98406
270.573 -1.99406
270.557 -2.00406
270.545 -2.01406
270.534 -2.02406
270.523 -2.03406
270.512 -2.04406
270.505 -2.05406
270.498 -2.06406
270.491 -2.07406
270.484 -2.08406
270.477 -2.09406
270.47 -2.10406
270.463 -2.11406
270.452 -2.12406
270.445 -2.13406
270.443 -2.14406
270.441 -2.15406
270.438 -2.16406
270.436 -2.17406
270.433 -2.18406
270.431 -2.19406
270.428 -2.20406
270.426 -2.21406
270.423 -2.22406
270.42 -2.23406
270.417 -2.24406
270.418 -2.25406
270.421 -2.26406
270.424 -2.27406
270.427 -2.28406
270.431 -2.29406
270.43 -2.30406
270.429 -2.31406
270.427 -2.32406
270.425 -2.33406
270.423 -2.34406
270.424 -2.35406
270.424 -2.36406
270.424 -2.37406
270.425 -2.38406
270.425 -2.39406
270.425 -2.40406
270.426 -2.41406
270.426 -2.42406
270.426 -2.43406
270.426 -2.44406
270.427 -2.45406
270.427 -2.46406
270.427 -2.47406
270.426 -2.48406
270.425 -2.49406
270.423 -2.50406
270.422 -2.51406
270.42 -2.52406
270.418 -2.53406
270.414 -2.54406
270.409 -2.55406
270.405 -2.56406
270.401 -2.57406
270.396 -2.58406
270.392 -2.59406
270.387 -2.60406
270.383 -2.61406
270.379 -2.62406
270.374 -2.63406
270.37 -2.64406
270.365 -2.65406
270.361 -2.66406
270.356 -2.67406
270.352 -2.68406
270.348 -2.69406
270.343 -2.70406
270.338 -2.71406
270.332 -2.72406
270.325 -2.73406
270.319 -2.74406
270.312 -2.75406
270.306 -2.76406
270.299 -2.77406
270.293 -2.78406
270.286 -2.79406
270.28 -2.80406
270.274 -2.81406
270.267 -2.82406
270.261 -2.83406
270.254 -2.84406
270.246 -2.85406
270.238 -2.86406
270.229 -2.87406
270.221 -2.88406
270.213 -2.89406
270.204 -2.90406
270.196 -2.91406
270.187 -2.92406
270.179 -2.93406
270.171 -2.94406
270.162 -2.95406
270.154 -2.96406
270.145 -2.97406
270.137 -2.98406
270.129 -2.99406
270.12 -3.00406
270.112 -3.01406
270.103 -3.02406
270.095 -3.03406
270.087 -3.04406
270.078 -3.05406
270.07 -3.06406
270.061 -3.07406
270.053 -3.08406
270.045 -3.09406
270.036 -3.10406
270.028 -3.11406
270.019 -3.12406
270.011 -3.13406
270.003 -3.14406
269.994 -3.15406
269.986 -3.16406
269.977 -3.17406
269.969 -3.18406
269.96 -3.19406
269.952 -3.20406
269.944 -3.21406
269.935 -3.22406
269.927 -3.23406
269.918 -3.24406
269.91 -3.25406
269.901 -3.26406
269.893 -3.27406
269.885 -3.28406
269.876 -3.29406
269.868 -3.30406
269.859 -3.31406
269.851 -3.32406
269.842 -3.33406
269.834 -3.34406
269.825 -3.35406
269.817 -3.36406
269.808 -3.37406
269.8 -3.38406
269.791 -3.39406
269.781 -3.40406
269.771 -3.41406
269.761 -3.42406
269.751 -3.43406
269.741 -3.44406
269.732 -3.45406
269.722 -3.46406
269.712 -3.47406
269.702 -3.48406
269.692 -3.49406
269.682 -3.50406
269.673 -3.51406
269.663 -3.52406
269.654 -3.53406
269.646 -3.54406
269.637 -3.55406
269.629 -3.56406
269.62 -3.57406
269.612 -3.58406
269.603 -3.59406
269.595 -3.60406
269.586 -3.61406
269.578 -3.62406
269.569 -3.63406
269.561 -3.64406
269.552 -3.65406
269.544 -3.66406
269.535 -3.67406
269.527 -3.68406
269.518 -3.69406
269.51 -3.70406
269.501 -3.71406
269.493 -3.72406
269.484 -3.73406
269.476 -3.74406
269.467 -3.75406
269.459 -3.76406
269.45 -3.77406
269.44 -3.78406
269.431 -3.79406
269.421 -3.80406
269.411 -3.81406
269.401 -3.82406
269.391 -3.83406
269.381 -3.84406
269.372 -3.85406
269.362 -3.86406
269.352 -3.87406
269.342 -3.88406
269.332 -3.89406
269.323 -3.90406
269.315 -3.91406
269.306 -3.92406
269.298 -3.93406
269.29 -3.94406
269.281 -3.95406
269.273 -3.96406
269.265 -3.97406
269.256 -3.98406
269.248 -3.99406
269.24 -4.00406
269.231 -4.01406
269.223 -4.02406
269.215 -4.03406
269.207 -4.04406
269.198 -4.05406
269.19 -4.06406
269.182 -4.07406
269.173 -4.08406
269.165 -4.09406
269.157 -4.10406
269.148 -4.11406
269.14 -4.12406
269.132 -4.13406
269.124 -4.14406
269.115 -4.15406
269.107 -4.16406
269.099 -4.17406
269.09 -4.18406
269.082 -4.19406
269.074 -4.20406
269.066 -4.21406
269.057 -4.22406
269.049 -4.23406
269.041 -4.24406
269.033 -4.25406
269.024 -4.26406
269.016 -4.27406
269.008 -4.28406
269 -4.29406
268.991 -4.30406
268.983 -4.31406
268.975 -4.32406
268.967 -4.33406
268.958 -4.34406
268.95 -4.35406
268.942 -4.36406
268.934 -4.37406
268.926 -4.38406
268.917 -4.39406
268.909 -4.40406
268.901 -4.41406
268.893 -4.42406
268.885 -4.43406
268.877 -4.44406
268.871 -4.45406
268.864 -4.46406
268.858 -4.47406
268.852 -4.48406
268.846 -4.49406
268.84 -4.50406
268.833 -4.51406
268.827 -4.52406
268.821 -4.53406
268.815 -4.54406
268.808 -4.55406
268.802 -4.56406
268.796 -4.57406
268.79 -4.58406
268.784 -4.59406
268.777 -4.60406
268.771 -4.61406
268.765 -4.62406
268.759 -4.63406
268.753 -4.64406
268.746 -4.65406
268.74 -4.66406
268.734 -4.67406
268.728 -4.68406
268.722 -4.69406
268.715 -4.70406
268.709 -4.71406
268.703 -4.72406
268.697 -4.73406
268.691 -4.74406
268.685 -4.75406
268.678 -4.76406
268.672 -4.77406
268.666 -4.78406
268.66 -4.79406
268.654 -4.80406
268.648 -4.81406
268.642 -4.82406
268.635 -4.83406
268.63 -4.84406
268.626 -4.85406
268.621 -4.86406
268.617 -4.87406
268.612 -4.88406
268.608 -4.89406
268.603 -4.90406
268.598 -4.91406
268.594 -4.92406
268.589 -4.93406
268.585 -4.94406
268.58 -4.95406
268.576 -4.96406
268.571 -4.97406
268.567 -4.98406
268.562 -4.99406
268.558 -5.00406
268.553 -5.01406
268.549 -5.02406
268.544 -5.03406
268.54 -5.04406
268.535 -5.05406
268.531 -5.06406
268.526 -5.07406
268.522 -5.08406
268.517 -5.09406
268.513 -5.10406
268.508 -5.11406
268.505 -5.12406
268.501 -5.13406
268.497 -5.14406
268.493 -5.15406
268.489 -5.16406
268.485 -5.17406
268.481 -5.18406
268.477 -5.19406
268.473 -5.20406
268.469 -5.21406
268.465 -5.22406
268.461 -5.23406
268.457 -5.24406
268.454 -5.25406
268.45 -5.26406
268.446 -5.27406
268.442 -5.28406
268.438 -5.29406
268.434 -5.30406
268.43 -5.31406
268.426 -5.32406
268.422 -5.33406
268.419 -5.34406
268.415 -5.35406
268.411 -5.36406
268.407 -5.37406
268.403 -5.38406
268.399 -5.39406
268.395 -5.40406
268.391 -5.41406
268.388 -5.42406
268.384 -5.43406
268.38 -5.44406
268.376 -5.45406
268.372 -5.46406
268.368 -5.47406
268.364 -5.48406
268.361 -5.49406
268.357 -5.50406
268.353 -5.51406
268.349 -5.52406
268.345 -5.53406
268.341 -5.54406
268.338 -5.55406
268.334 -5.56406
268.33 -5.57406
268.326 -5.58406
268.322 -5.59406
268.319 -5.60406
268.315 -5.61406
268.311 -5.62406
268.307 -5.63406
268.303 -5.64406
268.3 -5.65406
268.296 -5.66406
268.292 -5.67406
268.288 -5.68406
268.284 -5.69406
268.281 -5.70406
268.277 -5.71406
268.273 -5.72406
268.269 -5.73406
268.265 -5.74406
268.262 -5.75406
268.258 -5.76406
268.254 -5.77406
268.25 -5.78406
268.247 -5.79406
268.243 -5.80406
268.239 -5.81406
268.235 -5.82406
268.232 -5.83406
268.228 -5.84406
268.224 -5.85406
268.22 -5.86406
268.217 -5.87406
268.213 -5.88406
268.209 -5.89406
268.205 -5.90406
268.202 -5.91406
268.198 -5.92406
268.194 -5.93406
268.191 -5.94406
268.187 -5.95406
268.183 -5.96406
268.179 -5.97406
268.176 -5.98406
268.172 -5.99406
268.168 -6.00406
268.165 -6.01406
268.161 -6.02406
268.157 -6.03406
268.154 -6.04406
268.15 -6.05406
268.146 -6.06406
268.142 -6.07406
268.139 -6.08406
268.135 -6.09406
268.131 -6.10406
268.128 -6.11406
268.124 -6.12406
268.12 -6.13406
268.117 -6.14406
268.113 -6.15406
268.109 -6.16406
268.106 -6.17406
268.102 -6.18406
268.098 -6.19406
268.095 -6.20406
268.091 -6.21406
268.088 -6.22406
268.084 -6.23406
268.08 -6.24406
268.077 -6.25406
268.073 -6.26406
268.069 -6.27406
268.066 -6.28406
268.062 -6.29406
268.058 -6.30406
268.055 -6.31406
268.051 -6.32406
268.048 -6.33406
268.044 -6.34406
268.04 -6.35406
268.037 -6.36406
268.033 -6.37406
268.03 -6.38406
268.026 -6.39406
268.022 -6.40406
268.019 -6.41406
268.015 -6.42406
268.012 -6.43406
268.008 -6.44406
268.004 -6.45406
268.001 -6.46406
267.997 -6.47406
267.994 -6.48406
267.99 -6.49406
267.987 -6.50406
267.983 -6.51406
267.979 -6.52406
267.976 -6.53406
267.972 -6.54406
267.969 -6.55406
267.965 -6.56406
267.962 -6.57406
267.958 -6.58406
267.955 -6.59406
267.951 -6.60406
267.947 -6.61406
267.944 -6.62406
267.94 -6.63406
267.937 -6.64406
267.933 -6.65406
267.93 -6.66406
267.926 -6.67406
267.923 -6.68406
267.919 -6.69406
267.916 -6.70406
267.912 -6.71406
267.909 -6.72406
267.905 -6.73406
267.902 -6.74406
267.898 -6.75406
267.895 -6.76406
267.891 -6.77406
267.888 -6.78406
267.884 -6.79406
267.881 -6.80406
267.877 -6.81406
267.874 -6.82406
267.87 -6.83406
267.867 -6.84406
267.863 -6.85406
267.86 -6.86406
267.856 -6.87406
267.853 -6.88406
267.849 -6.89406
267.846 -6.90406
267.842 -6.91406
267.839 -6.92406
267.836 -6.93406
267.832 -6.94406
267.829 -6.95406
267.825 -6.96406
267.822 -6.97406
267.818 -6.98406
267.815 -6.99406
267.811 -7.00406
267.808 -7.01406
267.805 -7.02406
267.801 -7.03406
267.798 -7.04406
267.794 -7.05406
267.791 -7.06406
267.787 -7.07406
267.784 -7.08406
267.781 -7.09406
267.777 -7.10406
267.774 -7.11406
267.77 -7.12406
267.767 -7.13406
267.764 -7.14406
267.76 -7.15406
267.757 -7.16406
267.753 -7.17406
267.75 -7.18406
267.747 -7.19406
267.743 -7.20406
267.74 -7.21406
267.737 -7.22406
267.733 -7.23406
267.73 -7.24406
267.726 -7.25406
267.723 -7.26406
267.72 -7.27406
267.716 -7.28406
267.713 -7.29406
267.71 -7.30406
267.706 -7.31406
267.703 -7.32406
267.7 -7.33406
267.696 -7.34406
267.693 -7.35406
267.689 -7.36406
267.686 -7.37406
267.683 -7.38406
267.679 -7.39406
267.676 -7.40406
267.673 -7.41406
267.669 -7.42406
267.666 -7.43406
267.663 -7.44406
267.659 -7.45406
267.656 -7.46406
267.653 -7.47406
267.649 -7.48406
267.646 -7.49406
267.643 -7.50406
267.639 -7.51406
267.636 -7.52406
267.633 -7.53406
267.629 -7.54406
267.626 -7.55406
267.623 -7.56406
267.619 -7.57406
267.616 -7.58406
267.613 -7.59406
267.609 -7.60406
267.606 -7.61406
267.603 -7.62406
267.599 -7.63406
267.596 -7.64406
267.593 -7.65406
267.59 -7.66406
267.586 -7.67406
267.583 -7.68406
267.58 -7.69406
267.576 -7.70406
267.573 -7.71406
267.57 -7.72406
267.567 -7.73406
267.563 -7.74406
267.56 -7.75406
267.557 -7.76406
267.553 -7.77406
267.55 -7.78406
267.547 -7.79406
267.544 -7.80406
267.54 -7.81406
267.537 -7.82406
267.534 -7.83406
267.531 -7.84406
267.527 -7.85406
267.524 -7.86406
267.521 -7.87406
267.518 -7.88406
267.514 -7.89406
267.511 -7.90406
267.508 -7.91406
267.505 -7.92406
267.502 -7.93406
267.498 -7.94406
267.495 -7.95406
267.492 -7.96406
267.489 -7.97406
267.485 -7.98406
267.482 -7.99406
267.479 -8.00406
267.476 -8.01406
267.473 -8.02406
267.469 -8.03406
267.466 -8.04406
267.463 -8.05406
267.46 -8.06406
267.457 -8.07406
267.453 -8.08406
267.45 -8.09406
267.447 -8.10406
267.444 -8.11406
267.441 -8.12406
267.438 -8.13406
267.434 -8.14406
267.431 -8.15406
267.428 -8.16406
267.425 -8.17406
267.422 -8.18406
267.419 -8.19406
267.415 -8.20406
267.412 -8.21406
267.409 -8.22406
267.406 -8.23406
267.403 -8.24406
267.4 -8.25406
267.397 -8.26406
267.393 -8.27406
267.39 -8.28406
267.387 -8.29406
267.384 -8.30406
267.381 -8.31406
267.378 -8.32406
267.375 -8.33406
267.372 -8.34406
267.368 -8.35406
267.365 -8.36406
267.362 -8.37406
267.359 -8.38406
267.356 -8.39406
267.353 -8.40406
267.35 -8.41406
267.347 -8.42406
267.344 -8.43406
267.34 -8.44406
267.337 -8.45406
267.334 -8.46406
267.331 -8.47406
267.328 -8.48406
267.325 -8.49406
267.322 -8.50406
267.319 -8.51406
267.316 -8.52406
267.313 -8.53406
267.31 -8.54406
267.307 -8.55406
267.304 -8.56406
267.301 -8.57406
267.297 -8.58406
267.294 -8.59406
267.291 -8.60406
267.288 -8.61406
267.285 -8.62406
267.282 -8.63406
267.279 -8.64406
267.276 -8.65406
267.273 -8.66406
267.27 -8.67406
267.267 -8.68406
267.264 -8.69406
267.261 -8.70406
267.258 -8.71406
267.255 -8.72406
267.252 -8.73406
267.249 -8.74406
267.246 -8.75406
267.243 -8.76406
267.24 -8.77406
267.237 -8.78406
267.234 -8.79406
267.231 -8.80406
267.228 -8.81406
267.225 -8.82406
267.222 -8.83406
267.219 -8.84406
267.216 -8.85406
267.213 -8.86406
267.21 -8.87406
267.207 -8.88406
267.204 -8.89406
267.201 -8.90406
267.198 -8.91406
267.195 -8.92406
267.192 -8.93406
267.189 -8.94406
267.186 -8.95406
267.183 -8.96406
267.18 -8.97406
267.177 -8.98406
267.174 -8.99406
267.171 -9.00406
267.169 -9.01406
267.166 -9.02406
267.163 -9.03406
267.16 -9.04406
267.157 -9.05406
267.154 -9.06406
267.151 -9.07406
267.148 -9.08406
267.145 -9.09406
267.142 -9.10406
267.139 -9.11406
267.136 -9.12406
267.133 -9.13406
267.13 -9.14406
267.128 -9.15406
267.125 -9.16406
267.122 -9.17406
267.119 -9.18406
267.116 -9.19406
267.113 -9.20406
267.11 -9.21406
267.107 -9.22406
267.104 -9.23406
267.102 -9.24406
267.099 -9.25406
267.096 -9.26406
267.093 -9.27406
267.09 -9.28406
267.087 -9.29406
267.084 -9.30406
267.081 -9.31406
267.079 -9.32406
267.076 -9.33406
267.073 -9.34406
267.07 -9.35406
267.067 -9.36406
267.064 -9.37406
267.061 -9.38406
267.059 -9.39406
267.056 -9.40406
267.053 -9.41406
267.05 -9.42406
267.047 -9.43406
267.044 -9.44406
267.042 -9.45406
267.039 -9.46406
267.036 -9.47406
267.033 -9.48406
267.03 -9.49406
267.027 -9.50406
267.025 -9.51406
267.022 -9.52406
267.019 -9.53406
267.016 -9.54406
267.013 -9.55406
267.011 -9.56406
267.008 -9.57406
267.005 -9.58406
267.002 -9.59406
266.999 -9.60406
266.997 -9.61406
266.994 -9.62406
266.991 -9.63406
266.988 -9.64406
266.986 -9.65406
266.983 -9.66406
266.98 -9.67406
266.977 -9.68406
266.974 -9.69406
266.972 -9.70406
266.969 -9.71406
266.966 -9.72406
266.963 -9.73406
266.961 -9.74406
266.958 -9.75406
266.955 -9.76406
266.952 -9.77406
266.95 -9.78406
266.947 -9.79406
266.944 -9.80406
266.941 -9.81406
266.939 -9.82406
266.936 -9.83406
266.933 -9.84406
266.93 -9.85406
266.928 -9.86406
266.925 -9.87406
266.922 -9.88406
266.92 -9.89406
266.917 -9.90406
266.914 -9.91406
266.911 -9.92406
266.909 -9.93406
266.906 -9.94406
266.903 -9.95406
266.901 -9.96406
266.898 -9.97406
266.895 -9.98406
266.893 -9.99406
266.89 -10.0041
266.887 -10.0141
266.885 -10.0241
266.882 -10.0341
266.879 -10.0441
266.877 -10.0541
266.874 -10.0641
266.871 -10.0741
266.868 -10.0841
266.866 -10.0941
266.863 -10.1041
266.861 -10.1141
266.858 -10.1241
266.855 -10.1341
266.853 -10.1441
266.85 -10.1541
266.847 -10.1641
266.845 -10.1741
266.842 -10.1841
266.839 -10.1941
266.837 -10.2041
266.834 -10.2141
266.831 -10.2241
266.829 -10.2341
266.826 -10.2441
266.824 -10.2541
266.821 -10.2641
266.818 -10.2741
266.816 -10.2841
266.813 -10.2941
266.81 -10.3041
266.808 -10.3141
266.805 -10.3241
266.803 -10.3341
266.8 -10.3441
266.797 -10.3541
266.795 -10.3641
266.792 -10.3741
266.79 -10.3841
266.787 -10.3941
266.784 -10.4041
266.782 -10.4141
266.779 -10.4241
266.777 -10.4341
266.774 -10.4441
266.772 -10.4541
266.769 -10.4641
266.766 -10.4741
266.764 -10.4841
266.761 -10.4941
266.759 -10.5041
266.756 -10.5141
266.754 -10.5241
266.751 -10.5341
266.749 -10.5441
266.746 -10.5541
266.743 -10.5641
266.741 -10.5741
266.738 -10.5841
266.736 -10.5941
266.733 -10.6041
266.731 -10.6141
266.728 -10.6241
266.726 -10.6341
266.723 -10.6441
266.721 -10.6541
266.718 -10.6641
266.716 -10.6741
266.713 -10.6841
266.711 -10.6941
266.708 -10.7041
266.706 -10.7141
266.703 -10.7241
266.701 -10.7341
266.698 -10.7441
266.696 -10.7541
266.693 -10.7641
266.691 -10.7741
266.688 -10.7841
266.686 -10.7941
266.683 -10.8041
266.681 -10.8141
266.678 -10.8241
266.676 -10.8341
266.673 -10.8441
266.671 -10.8541
266.668 -10.8641
266.666 -10.8741
266.663 -10.8841
266.661 -10.8941
266.658 -10.9041
266.656 -10.9141
266.654 -10.9241
266.651 -10.9341
266.649 -10.9441
266.646 -10.9541
266.644 -10.9641
266.641 -10.9741
266.639 -10.9841
266.636 -10.9941
266.634 -11.0041
266.632 -11.0141
266.629 -11.0241
266.627 -11.0341
266.624 -11.0441
266.622 -11.0541
266.619 -11.0641
266.617 -11.0741
266.615 -11.0841
266.612 -11.0941
266.61 -11.1041
266.607 -11.1141
266.605 -11.1241
266.603 -11.1341
266.6 -11.1441
266.598 -11.1541
266.595 -11.1641
266.593 -11.1741
266.591 -11.1841
266.588 -11.1941
266.586 -11.2041
266.584 -11.2141
266.581 -11.2241
266.579 -11.2341
266.576 -11.2441
266.574 -11.2541
266.572 -11.2641
266.569 -11.2741
266.567 -11.2841
266.565 -11.2941
266.562 -11.3041
266.56 -11.3141
266.558 -11.3241
266.555 -11.3341
266.553 -11.3441
266.551 -11.3541
266.548 -11.3641
266.546 -11.3741
266.543 -11.3841
266.541 -11.3941
266.539 -11.4041
266.537 -11.4141
266.534 -11.4241
266.532 -11.4341
266.53 -11.4441
266.527 -11.4541
266.525 -11.4641
266.523 -11.4741
266.52 -11.4841
266.518 -11.4941
266.516 -11.5041
266.513 -11.5141
266.511 -11.5241
266.509 -11.5341
266.506 -11.5441
266.504 -11.5541
266.502 -11.5641
266.5 -11.5741
266.497 -11.5841
266.495 -11.5941
266.493 -11.6041
266.49 -11.6141
266.488 -11.6241
266.486 -11.6341
266.484 -11.6441
266.481 -11.6541
266.479 -11.6641
266.477 -11.6741
266.475 -11.6841
266.472 -11.6941
266.47 -11.7041
266.468 -11.7141
266.466 -11.7241
266.463 -11.7341
266.461 -11.7441
266.459 -11.7541
266.457 -11.7641
266.454 -11.7741
266.452 -11.7841
266.45 -11.7941
266.448 -11.8041
266.445 -11.8141
266.443 -11.8241
266.441 -11.8341
266.439 -11.8441
266.436 -11.8541
266.434 -11.8641
266.432 -11.8741
266.43 -11.8841
266.428 -11.8941
266.425 -11.9041
266.423 -11.9141
266.421 -11.9241
266.419 -11.9341
266.417 -11.9441
266.414 -11.9541
266.412 -11.9641
266.41 -11.9741
266.408 -11.9841
266.406 -11.9941
266.403 -12.0041
266.401 -12.0141
266.399 -12.0241
266.397 -12.0341
266.395 -12.0441
266.393 -12.0541
266.39 -12.0641
266.388 -12.0741
266.386 -12.0841
266.384 -12.0941
266.382 -12.1041
266.38 -12.1141
266.377 -12.1241
266.375 -12.1341
266.373 -12.1441
266.371 -12.1541
266.369 -12.1641
266.367 -12.1741
266.365 -12.1841
266.362 -12.1941
266.36 -12.2041
266.358 -12.2141
266.356 -12.2241
266.354 -12.2341
266.352 -12.2441
266.35 -12.2541
266.348 -12.2641
266.345 -12.2741
266.343 -12.2841
266.341 -12.2941
266.339 -12.3041
266.337 -12.3141
266.335 -12.3241
266.333 -12.3341
266.331 -12.3441
266.329 -12.3541
266.327 -12.3641
266.324 -12.3741
266.322 -12.3841
266.32 -12.3941
266.318 -12.4041
266.316 -12.4141
266.314 -12.4241
266.312 -12.4341
266.31 -12.4441
266.308 -12.4541
266.306 -12.4641
266.304 -12.4741
266.302 -12.4841
266.3 -12.4941
266.298 -12.5041
266.295 -12.5141
266.293 -12.5241
266.291 -12.5341
266.289 -12.5441
266.287 -12.5541
266.285 -12.5641
266.283 -12.5741
266.281 -12.5841
266.279 -12.5941
266.277 -12.6041
266.275 -12.6141
266.273 -12.6241
266.271 -12.6341
266.269 -12.6441
266.267 -12.6541
266.265 -12.6641
266.263 -12.6741
266.261 -12.6841
266.259 -12.6941
266.257 -12.7041
266.255 -12.7141
266.253 -12.7241
266.251 -12.7341
266.249 -12.7441
266.247 -12.7541
266.245 -12.7641
266.243 -12.7741
266.241 -12.7841
266.239 -12.7941
266.237 -12.8041
266.235 -12.8141
266.233 -12.8241
266.231 -12.8341
266.229 -12.8441
266.227 -12.8541
266.225 -12.8641
266.223 -12.8741
266.221 -12.8841
266.219 -12.8941
266.217 -12.9041
266.215 -12.9141
266.213 -12.9241
266.211 -12.9341
266.209 -12.9441
266.208 -12.9541
266.206 -12.9641
266.204 -12.9741
266.202 -12.9841
266.2 -12.9941
266.198 -13.0041
266.196 -13.0141
266.194 -13.0241
266.192 -13.0341
266.19 -13.0441
266.188 -13.0541
266.186 -13.0641
266.184 -13.0741
266.182 -13.0841
266.181 -13.0941
266.179 -13.1041
266.177 -13.1141
266.175 -13.1241
266.173 -13.1341
266.171 -13.1441
266.169 -13.1541
266.167 -13.1641
266.165 -13.1741
266.163 -13.1841
266.162 -13.1941
266.16 -13.2041
266.158 -13.2141
266.156 -13.2241
266.154 -13.2341
266.152 -13.2441
266.15 -13.2541
266.148 -13.2641
266.147 -13.2741
266.145 -13.2841
266.143 -13.2941
266.141 -13.3041
266.139 -13.3141
266.137 -13.3241
266.135 -13.3341
266.134 -13.3441
266.132 -13.3541
266.13 -13.3641
266.128 -13.3741
266.126 -13.3841
266.124 -13.3941
266.123 -13.4041
266.121 -13.4141
266.119 -13.4241
266.117 -13.4341
266.115 -13.4441
266.113 -13.4541
266.112 -13.4641
266.11 -13.4741
266.108 -13.4841
266.106 -13.4941
266.104 -13.5041
266.103 -13.5141
266.101 -13.5241
266.099 -13.5341
266.097 -13.5441
266.095 -13.5541
266.094 -13.5641
266.092 -13.5741
266.09 -13.5841
266.088 -13.5941
266.086 -13.6041
266.085 -13.6141
266.083 -13.6241
266.081 -13.6341
266.079 -13.6441
266.078 -13.6541
266.076 -13.6641
266.074 -13.6741
266.072 -13.6841
266.07 -13.6941
266.069 -13.7041
266.067 -13.7141
266.065 -13.7241
266.063 -13.7341
266.062 -13.7441
266.06 -13.7541
266.058 -13.7641
266.056 -13.7741
266.055 -13.7841
266.053 -13.7941
266.051 -13.8041
266.049 -13.8141
266.048 -13.8241
266.046 -13.8341
266.044 -13.8441
266.042 -13.8541
266.041 -13.8641
266.039 -13.8741
266.037 -13.8841
266.035 -13.8941
266.034 -13.9041
266.032 -13.9141
266.03 -13.9241
266.029 -13.9341
266.027 -13.9441
266.025 -13.9541
266.023 -13.9641
266.022 -13.9741
266.02 -13.9841
266.018 -13.9941
266.017 -14.0041
266.015 -14.0141
266.013 -14.0241
266.012 -14.0341
266.01 -14.0441
266.008 -14.0541
266.007 -14.0641
266.005 -14.0741
266.003 -14.0841
266.001 -14.0941
266 -14.1041
265.998 -14.1141
265.996 -14.1241
265.995 -14.1341
265.993 -14.1441
265.991 -14.1541
265.99 -14.1641
265.988 -14.1741
265.987 -14.1841
265.985 -14.1941
265.983 -14.2041
265.982 -14.2141
265.98 -14.2241
265.978 -14.2341
265.977 -14.2441
265.975 -14.2541
265.973 -14.2641
265.972 -14.2741
265.97 -14.2841
265.969 -14.2941
265.967 -14.3041
265.965 -14.3141
265.964 -14.3241
265.962 -14.3341
265.96 -14.3441
265.959 -14.3541
265.957 -14.3641
265.956 -14.3741
265.954 -14.3841
265.952 -14.3941
265.951 -14.4041
265.949 -14.4141
265.948 -14.4241
265.946 -14.4341
265.944 -14.4441
265.943 -14.4541
265.941 -14.4641
265.94 -14.4741
265.938 -14.4841
265.937 -14.4941
265.935 -14.5041
265.933 -14.5141
265.932 -14.5241
265.93 -14.5341
265.929 -14.5441
265.927 -14.5541
265.926 -14.5641
265.924 -14.5741
265.922 -14.5841
265.921 -14.5941
265.919 -14.6041
265.918 -14.6141
265.916 -14.6241
265.915 -14.6341
265.913 -14.6441
265.912 -14.6541
265.91 -14.6641
265.909 -14.6741
265.907 -14.6841
265.906 -14.6941
265.904 -14.7041
265.902 -14.7141
265.901 -14.7241
265.899 -14.7341
265.898 -14.7441
265.896 -14.7541
265.895 -14.7641
265.893 -14.7741
265.892 -14.7841
265.89 -14.7941
265.889 -14.8041
265.887 -14.8141
265.886 -14.8241
265.884 -14.8341
265.883 -14.8441
265.881 -14.8541
265.88 -14.8641
265.878 -14.8741
265.877 -14.8841
265.876 -14.8941
265.874 -14.9041
265.873 -14.9141
265.871 -14.9241
265.87 -14.9341
265.868 -14.9441
265.867 -14.9541
265.865 -14.9641
265.864 -14.9741
265.862 -14.9841
265.861 -14.9941
265.859 -15.0041
265.858 -15.0141
265.857 -15.0241
265.855 -15.0341
265.854 -15.0441
265.852 -15.0541
265.851 -15.0641
265.849 -15.0741
265.848 -15.0841
265.847 -15.0941
265.845 -15.1041
265.844 -15.1141
265.842 -15.1241
265.841 -15.1341
265.839 -15.1441
265.838 -15.1541
265.837 -15.1641
265.835 -15.1741
265.834 -15.1841
265.832 -15.1941
265.831 -15.2041
265.83 -15.2141
265.828 -15.2241
265.827 -15.2341
265.825 -15.2441
265.824 -15.2541
265.823 -15.2641
265.821 -15.2741
265.82 -15.2841
265.819 -15.2941
265.817 -15.3041
265.816 -15.3141
265.814 -15.3241
265.813 -15.3341
265.812 -15.3441
265.81 -15.3541
265.809 -15.3641
265.808 -15.3741
265.806 -15.3841
265.805 -15.3941
265.804 -15.4041
265.802 -15.4141
265.801 -15.4241
265.799 -15.4341
265.798 -15.4441
265.797 -15.4541
265.795 -15.4641
265.794 -15.4741
265.793 -15.4841
265.791 -15.4941
265.79 -15.5041
265.789 -15.5141
265.788 -15.5241
265.786 -15.5341
265.785 -15.5441
265.784 -15.5541
265.782 -15.5641
265.781 -15.5741
265.78 -15.5841
265.778 -15.5941
265.777 -15.6041
265.776 -15.6141
265.774 -15.6241
265.773 -15.6341
265.772 -15.6441
265.771 -15.6541
265.769 -15.6641
265.768 -15.6741
265.767 -15.6841
265.765 -15.6941
265.764 -15.7041
265.763 -15.7141
265.762 -15.7241
265.76 -15.7341
265.759 -15.7441
265.758 -15.7541
265.757 -15.7641
265.755 -15.7741
265.754 -15.7841
265.753 -15.7941
265.752 -15.8041
265.75 -15.8141
265.749 -15.8241
265.748 -15.8341
265.747 -15.8441
265.745 -15.8541
265.744 -15.8641
265.743 -15.8741
265.742 -15.8841
265.74 -15.8941
265.739 -15.9041
265.738 -15.9141
265.737 -15.9241
265.735 -15.9341
265.734 -15.9441
265.733 -15.9541
265.732 -15.9641
265.731 -15.9741
265.729 -15.9841
265.728 -15.9941
265.727 -16.0041
265.726 -16.0141
265.725 -16.0241
265.723 -16.0341
265.722 -16.0441
265.721 -16.0541
265.72 -16.0641
265.719 -16.0741
265.718 -16.0841
265.716 -16.0941
265.715 -16.1041
265.714 -16.1141
265.713 -16.1241
265.712 -16.1341
265.71 -16.1441
265.709 -16.1541
265.708 -16.1641
265.707 -16.1741
265.706 -16.1841
265.705 -16.1941
265.704 -16.2041
265.702 -16.2141
265.701 -16.2241
265.7 -16.2341
265.699 -16.2441
265.698 -16.2541
265.697 -16.2641
265.696 -16.2741
265.694 -16.2841
265.693 -16.2941
265.692 -16.3041
265.691 -16.3141
265.69 -16.3241
265.689 -16.3341
265.688 -16.3441
265.687 -16.3541
265.685 -16.3641
265.684 -16.3741
265.683 -16.3841
265.682 -16.3941
265.681 -16.4041
265.68 -16.4141
265.679 -16.4241
265.678 -16.4341
265.677 -16.4441
265.675 -16.4541
265.674 -16.4641
265.673 -16.4741
265.672 -16.4841
265.671 -16.4941
265.67 -16.5041
265.669 -16.5141
265.668 -16.5241
265.667 -16.5341
265.666 -16.5441
265.665 -16.5541
265.664 -16.5641
265.663 -16.5741
265.662 -16.5841
265.66 -16.5941
265.659 -16.6041
265.658 -16.6141
265.657 -16.6241
265.656 -16.6341
265.655 -16.6441
265.654 -16.6541
265.653 -16.6641
265.652 -16.6741
265.651 -16.6841
265.65 -16.6941
265.649 -16.7041
265.648 -16.7141
265.647 -16.7241
265.646 -16.7341
265.645 -16.7441
265.644 -16.7541
265.643 -16.7641
265.642 -16.7741
265.641 -16.7841
265.64 -16.7941
265.639 -16.8041
265.638 -16.8141
265.637 -16.8241
265.636 -16.8341
265.635 -16.8441
265.634 -16.8541
265.633 -16.8641
265.632 -16.8741
265.631 -16.8841
265.63 -16.8941
265.629 -16.9041
265.628 -16.9141
265.627 -16.9241
265.626 -16.9341
265.625 -16.9441
265.624 -16.9541
265.623 -16.9641
265.622 -16.9741
265.621 -16.9841
265.62 -16.9941
265.619 -17.0041
265.618 -17.0141
265.617 -17.0241
265.616 -17.0341
265.615 -17.0441
265.614 -17.0541
265.614 -17.0641
265.613 -17.0741
265.612 -17.0841
265.611 -17.0941
265.61 -17.1041
265.609 -17.1141
265.608 -17.1241
265.607 -17.1341
265.606 -17.1441
265.605 -17.1541
265.604 -17.1641
265.603 -17.1741
265.602 -17.1841
265.602 -17.1941
265.601 -17.2041
265.6 -17.2141
265.599 -17.2241
265.598 -17.2341
265.597 -17.2441
265.596 -17.2541
265.595 -17.2641
265.594 -17.2741
265.593 -17.2841
265.593 -17.2941
265.592 -17.3041
265.591 -17.3141
265.59 -17.3241
265.589 -17.3341
265.588 -17.3441
265.587 -17.3541
265.586 -17.3641
265.586 -17.3741
265.585 -17.3841
265.584 -17.3941
265.583 -17.4041
265.582 -17.4141
265.581 -17.4241
265.58 -17.4341
265.58 -17.4441
265.579 -17.4541
265.578 -17.4641
265.577 -17.4741
265.576 -17.4841
265.575 -17.4941
265.575 -17.5041
265.574 -17.5141
265.573 -17.5241
265.572 -17.5341
265.571 -17.5441
265.57 -17.5541
265.57 -17.5641
265.569 -17.5741
265.568 -17.5841
265.567 -17.5941
265.566 -17.6041
265.566 -17.6141
265.565 -17.6241
265.564 -17.6341
265.563 -17.6441
265.562 -17.6541
265.562 -17.6641
265.561 -17.6741
265.56 -17.6841
265.559 -17.6941
265.558 -17.7041
265.558 -17.7141
265.557 -17.7241
265.556 -17.7341
265.555 -17.7441
265.554 -17.7541
265.554 -17.7641
265.553 -17.7741
265.552 -17.7841
265.551 -17.7941
265.551 -17.8041
265.55 -17.8141
265.549 -17.8241
265.548 -17.8341
265.548 -17.8441
265.547 -17.8541
265.546 -17.8641
265.545 -17.8741
265.545 -17.8841
265.544 -17.8941
265.543 -17.9041
265.542 -17.9141
265.542 -17.9241
265.541 -17.9341
265.54 -17.9441
265.54 -17.9541
265.539 -17.9641
265.538 -17.9741
265.537 -17.9841
265.537 -17.9941
265.536 -18.0041
265.535 -18.0141
265.535 -18.0241
265.534 -18.0341
265.533 -18.0441
265.532 -18.0541
265.532 -18.0641
265.531 -18.0741
265.53 -18.0841
265.53 -18.0941
265.529 -18.1041
265.528 -18.1141
265.528 -18.1241
265.527 -18.1341
265.526 -18.1441
265.526 -18.1541
265.525 -18.1641
265.524 -18.1741
265.524 -18.1841
265.523 -18.1941
265.522 -18.2041
265.522 -18.2141
265.521 -18.2241
265.52 -18.2341
265.52 -18.2441
265.519 -18.2541
265.518 -18.2641
265.518 -18.2741
265.517 -18.2841
265.516 -18.2941
265.516 -18.3041
265.515 -18.3141
265.514 -18.3241
265.514 -18.3341
265.513 -18.3441
265.513 -18.3541
265.512 -18.3641
265.511 -18.3741
265.511 -18.3841
265.51 -18.3941
265.509 -18.4041
265.509 -18.4141
265.508 -18.4241
265.508 -18.4341
265.507 -18.4441
265.506 -18.4541
265.506 -18.4641
265.505 -18.4741
265.504 -18.4841
265.504 -18.4941
265.503 -18.5041
265.503 -18.5141
265.502 -18.5241
265.501 -18.5341
265.501 -18.5441
265.5 -18.5541
265.5 -18.5641
265.499 -18.5741
265.498 -18.5841
265.498 -18.5941
265.497 -18.6041
265.497 -18.6141
265.496 -18.6241
265.495 -18.6341
265.495 -18.6441
265.494 -18.6541
265.494 -18.6641
265.493 -18.6741
265.493 -18.6841
265.492 -18.6941
265.491 -18.7041
265.491 -18.7141
265.49 -18.7241
265.49 -18.7341
265.489 -18.7441
265.489 -18.7541
265.488 -18.7641
265.488 -18.7741
265.487 -18.7841
265.486 -18.7941
265.486 -18.8041
265.485 -18.8141
265.485 -18.8241
265.484 -18.8341
265.484 -18.8441
265.483 -18.8541
265.483 -18.8641
265.482 -18.8741
265.482 -18.8841
265.481 -18.8941
265.481 -18.9041
265.48 -18.9141
265.48 -18.9241
265.479 -18.9341
265.479 -18.9441
265.478 -18.9541
265.478 -18.9641
265.477 -18.9741
265.477 -18.9841
265.476 -18.9941
265.476 -19.0041
265.475 -19.0141
265.475 -19.0241
265.474 -19.0341
265.474 -19.0441
265.473 -19.0541
265.473 -19.0641
265.472 -19.0741
265.472 -19.0841
265.471 -19.0941
265.471 -19.1041
265.47 -19.1141
265.47 -19.1241
265.469 -19.1341
265.469 -19.1441
265.469 -19.1541
265.468 -19.1641
265.468 -19.1741
265.467 -19.1841
265.467 -19.1941
265.466 -19.2041
265.466 -19.2141
265.465 -19.2241
265.465 -19.2341
265.465 -19.2441
265.464 -19.2541
265.464 -19.2641
265.463 -19.2741
265.463 -19.2841
265.462 -19.2941
265.462 -19.3041
265.462 -19.3141
265.461 -19.3241
265.461 -19.3341
265.46 -19.3441
265.46 -19.3541
265.46 -19.3641
265.459 -19.3741
265.459 -19.3841
265.458 -19.3941
265.458 -19.4041
265.458 -19.4141
265.457 -19.4241
265.457 -19.4341
265.456 -19.4441
265.456 -19.4541
265.456 -19.4641
265.455 -19.4741
265.455 -19.4841
265.455 -19.4941
265.454 -19.5041
265.454 -19.5141
265.453 -19.5241
265.453 -19.5341
265.453 -19.5441
265.452 -19.5541
265.452 -19.5641
265.452 -19.5741
265.451 -19.5841
265.451 -19.5941
265.451 -19.6041
265.45 -19.6141
265.45 -19.6241
265.45 -19.6341
265.449 -19.6441
265.449 -19.6541
265.449 -19.6641
265.448 -19.6741
265.448 -19.6841
265.448 -19.6941
265.447 -19.7041
265.447 -19.7141
265.447 -19.7241
265.446 -19.7341
265.446 -19.7441
265.446 -19.7541
265.445 -19.7641
265.445 -19.7741
265.445 -19.7841
265.445 -19.7941
265.444 -19.8041
265.444 -19.8141
265.444 -19.8241
265.443 -19.8341
265.443 -19.8441
265.443 -19.8541
265.443 -19.8641
265.442 -19.8741
265.442 -19.8841
265.442 -19.8941
265.441 -19.9041
265.441 -19.9141
265.441 -19.9241
265.441 -19.9341
265.44 -19.9441
265.44 -19.9541
265.44 -19.9641
265.44 -19.9741
265.439 -19.9841
265.439 -19.9941
265.439 -20.0041
265.439 -20.0141
265.438 -20.0241
265.438 -20.0341
265.438 -20.0441
265.438 -20.0541
265.437 -20.0641
265.437 -20.0741
265.437 -20.0841
265.437 -20.0941
265.436 -20.1041
265.436 -20.1141
265.436 -20.1241
265.436 -20.1341
265.436 -20.1441
265.435 -20.1541
265.435 -20.1641
265.435 -20.1741
265.435 -20.1841
265.435 -20.1941
265.434 -20.2041
265.434 -20.2141
265.434 -20.2241
265.434 -20.2341
265.434 -20.2441
265.433 -20.2541
265.433 -20.2641
265.433 -20.2741
265.433 -20.2841
265.433 -20.2941
265.432 -20.3041
265.432 -20.3141
265.432 -20.3241
265.432 -20.3341
265.432 -20.3441
265.431 -20.3541
265.431 -20.3641
265.431 -20.3741
265.431 -20.3841
265.431 -20.3941
265.431 -20.4041
265.43 -20.4141
265.43 -20.4241
265.43 -20.4341
265.43 -20.4441
265.43 -20.4541
265.43 -20.4641
265.429 -20.4741
265.429 -20.4841
265.429 -20.4941
265.429 -20.5041
265.429 -20.5141
265.429 -20.5241
265.428 -20.5341
265.428 -20.5441
265.428 -20.5541
265.428 -20.5641
265.428 -20.5741
265.428 -20.5841
265.428 -20.5941
265.428 -20.6041
265.427 -20.6141
265.427 -20.6241
265.427 -20.6341
265.427 -20.6441
265.427 -20.6541
265.427 -20.6641
265.427 -20.6741
265.427 -20.6841
265.426 -20.6941
265.426 -20.7041
265.426 -20.7141
265.426 -20.7241
265.426 -20.7341
265.426 -20.7441
265.426 -20.7541
265.426 -20.7641
265.426 -20.7741
265.426 -20.7841
265.426 -20.7941
265.425 -20.8041
265.425 -20.8141
265.425 -20.8241
265.425 -20.8341
265.425 -20.8441
265.425 -20.8541
265.425 -20.8641
265.425 -20.8741
265.425 -20.8841
265.425 -20.8941
265.425 -20.9041
265.425 -20.9141
265.425 -20.9241
265.425 -20.9341
265.425 -20.9441
265.424 -20.9541
265.424 -20.9641
265.424 -20.9741
265.424 -20.9841
265.424 -20.9941
265.424 -21.0041
265.424 -21.0141
265.424 -21.0241
265.424 -21.0341
265.424 -21.0441
265.424 -21.0541
265.424 -21.0641
265.424 -21.0741
265.424 -21.0841
265.424 -21.0941
265.424 -21.1041
265.424 -21.1141
265.424 -21.1241
265.424 -21.1341
265.424 -21.1441
265.424 -21.1541
265.424 -21.1641
265.424 -21.1741
265.424 -21.1841
265.424 -21.1941
265.424 -21.2041
265.424 -21.2141
265.424 -21.2241
265.424 -21.2341
265.424 -21.2441
265.424 -21.2541
265.424 -21.2641
265.424 -21.2741
265.424 -21.2841
265.424 -21.2941
265.424 -21.3041
265.424 -21.3141
265.424 -21.3241
265.425 -21.3341
265.425 -21.3441
265.425 -21.3541
265.425 -21.3641
265.425 -21.3741
265.425 -21.3841
265.425 -21.3941
265.425 -21.4041
265.425 -21.4141
265.425 -21.4241
265.425 -21.4341
265.425 -21.4441
265.425 -21.4541
265.425 -21.4641
265.426 -21.4741
265.426 -21.4841
265.426 -21.4941
265.426 -21.5041
265.426 -21.5141
265.426 -21.5241
265.426 -21.5341
265.426 -21.5441
265.427 -21.5541
265.427 -21.5641
265.427 -21.5741
265.427 -21.5841
265.427 -21.5941
265.427 -21.6041
265.427 -21.6141
265.428 -21.6241
265.428 -21.6341
265.428 -21.6441
265.428 -21.6541
265.428 -21.6641
265.428 -21.6741
265.429 -21.6841
265.429 -21.6941
265.429 -21.7041
265.429 -21.7141
265.429 -21.7241
265.429 -21.7341
265.43 -21.7441
265.43 -21.7541
265.43 -21.7641
265.43 -21.7741
265.43 -21.7841
265.431 -21.7941
265.431 -21.8041
265.431 -21.8141
265.431 -21.8241
265.431 -21.8341
265.432 -21.8441
265.432 -21.8541
265.432 -21.8641
265.432 -21.8741
265.432 -21.8841
265.433 -21.8941
265.433 -21.9041
265.433 -21.9141
265.433 -21.9241
265.434 -21.9341
265.434 -21.9441
265.434 -21.9541
265.434 -21.9641
265.435 -21.9741
265.435 -21.9841
265.435 -21.9941
265.435 -22.0041
265.436 -22.0141
265.436 -22.0241
265.436 -22.0341
265.436 -22.0441
265.437 -22.0541
265.437 -22.0641
265.437 -22.0741
265.437 -22.0841
265.438 -22.0941
265.438 -22.1041
265.438 -22.1141
265.438 -22.1241
265.439 -22.1341
265.439 -22.1441
265.439 -22.1541
265.44 -22.1641
265.44 -22.1741
265.44 -22.1841
265.44 -22.1941
265.441 -22.2041
265.441 -22.2141
265.441 -22.2241
265.442 -22.2341
265.442 -22.2441
265.442 -22.2541
265.443 -22.2641
265.443 -22.2741
265.443 -22.2841
265.443 -22.2941
265.444 -22.3041
265.444 -22.3141
265.444 -22.3241
265.445 -22.3341
265.445 -22.3441
265.445 -22.3541
265.446 -22.3641
265.446 -22.3741
265.446 -22.3841
265.447 -22.3941
265.447 -22.4041
265.447 -22.4141
265.448 -22.4241
265.448 -22.4341
265.448 -22.4441
265.449 -22.4541
265.449 -22.4641
265.45 -22.4741
265.45 -22.4841
265.45 -22.4941
265.451 -22.5041
265.451 -22.5141
265.451 -22.5241
265.452 -22.5341
265.452 -22.5441
265.453 -22.5541
265.453 -22.5641
265.453 -22.5741
265.454 -22.5841
265.454 -22.5941
265.454 -22.6041
265.455 -22.6141
265.455 -22.6241
265.456 -22.6341
265.456 -22.6441
265.456 -22.6541
265.457 -22.6641
265.457 -22.6741
265.458 -22.6841
265.458 -22.6941
265.459 -22.7041
265.459 -22.7141
265.459 -22.7241
265.46 -22.7341
265.46 -22.7441
265.461 -22.7541
265.461 -22.7641
265.461 -22.7741
265.462 -22.7841
265.462 -22.7941
265.463 -22.8041
265.463 -22.8141
265.464 -22.8241
265.464 -22.8341
265.465 -22.8441
265.465 -22.8541
265.465 -22.8641
265.466 -22.8741
265.466 -22.8841
265.467 -22.8941
265.467 -22.9041
265.468 -22.9141
265.468 -22.9241
265.469 -22.9341
265.469 -22.9441
265.47 -22.9541
265.47 -22.9641
265.471 -22.9741
265.471 -22.9841
265.472 -22.9941
265.472 -23.0041
265.473 -23.0141
265.473 -23.0241
265.474 -23.0341
265.474 -23.0441
265.475 -23.0541
265.475 -23.0641
265.476 -23.0741
265.476 -23.0841
265.477 -23.0941
265.477 -23.1041
265.478 -23.1141
265.478 -23.1241
265.479 -23.1341
265.479 -23.1441
265.48 -23.1541
265.48 -23.1641
265.481 -23.1741
265.481 -23.1841
265.482 -23.1941
265.482 -23.2041
265.483 -23.2141
265.483 -23.2241
265.484 -23.2341
265.485 -23.2441
265.485 -23.2541
265.486 -23.2641
265.486 -23.2741
265.487 -23.2841
265.487 -23.2941
265.488 -23.3041
265.488 -23.3141
265.489 -23.3241
265.49 -23.3341
265.49 -23.3441
265.491 -23.3541
265.491 -23.3641
265.492 -23.3741
265.492 -23.3841
265.493 -23.3941
265.494 -23.4041
265.494 -23.4141
265.495 -23.4241
265.495 -23.4341
265.496 -23.4441
265.497 -23.4541
265.497 -23.4641
265.498 -23.4741
265.498 -23.4841
265.499 -23.4941
265.5 -23.5041
265.5 -23.5141
265.501 -23.5241
265.501 -23.5341
265.502 -23.5441
265.503 -23.5541
265.503 -23.5641
265.504 -23.5741
265.505 -23.5841
265.505 -23.5941
265.506 -23.6041
265.506 -23.6141
265.507 -23.6241
265.508 -23.6341
265.508 -23.6441
265.509 -23.6541
265.51 -23.6641
265.51 -23.6741
265.511 -23.6841
265.512 -23.6941
265.512 -23.7041
265.513 -23.7141
265.514 -23.7241
265.514 -23.7341
265.515 -23.7441
265.516 -23.7541
265.516 -23.7641
265.517 -23.7741
265.518 -23.7841
265.518 -23.7941
265.519 -23.8041
265.52 -23.8141
265.52 -23.8241
265.521 -23.8341
265.522 -23.8441
265.522 -23.8541
265.523 -23.8641
265.524 -23.8741
265.525 -23.8841
265.525 -23.8941
265.526 -23.9041
265.527 -23.9141
265.527 -23.9241
265.528 -23.9341
265.529 -23.9441
265.53 -23.9541
265.53 -23.9641
265.531 -23.9741
265.532 -23.9841
265.532 -23.9941
265.533 -24.0041
265.534 -24.0141
265.535 -24.0241
265.535 -24.0341
265.536 -24.0441
265.537 -24.0541
265.538 -24.0641
265.538 -24.0741
265.539 -24.0841
265.54 -24.0941
265.541 -24.1041
265.541 -24.1141
265.542 -24.1241
265.543 -24.1341
265.544 -24.1441
265.544 -24.1541
265.545 -24.1641
265.546 -24.1741
265.547 -24.1841
265.548 -24.1941
265.548 -24.2041
265.549 -24.2141
265.55 -24.2241
265.551 -24.2341
265.551 -24.2441
265.552 -24.2541
265.553 -24.2641
265.554 -24.2741
265.555 -24.2841
265.555 -24.2941
265.556 -24.3041
265.557 -24.3141
265.558 -24.3241
265.559 -24.3341
265.559 -24.3441
265.56 -24.3541
265.561 -24.3641
265.562 -24.3741
265.563 -24.3841
265.564 -24.3941
265.564 -24.4041
265.565 -24.4141
265.566 -24.4241
265.567 -24.4341
265.568 -24.4441
265.569 -24.4541
265.569 -24.4641
265.57 -24.4741
265.571 -24.4841
265.572 -24.4941
265.573 -24.5041
265.574 -24.5141
265.575 -24.5241
265.575 -24.5341
265.576 -24.5441
265.577 -24.5541
265.578 -24.5641
265.579 -24.5741
265.58 -24.5841
265.581 -24.5941
265.581 -24.6041
265.582 -24.6141
265.583 -24.6241
265.584 -24.6341
265.585 -24.6441
265.586 -24.6541
265.587 -24.6641
265.588 -24.6741
265.589 -24.6841
265.589 -24.6941
265.59 -24.7041
265.591 -24.7141
265.592 -24.7241
265.593 -24.7341
265.594 -24.7441
265.595 -24.7541
265.596 -24.7641
265.597 -24.7741
265.598 -24.7841
265.599 -24.7941
265.599 -24.8041
265.6 -24.8141
265.601 -24.8241
265.602 -24.8341
265.603 -24.8441
265.604 -24.8541
265.605 -24.8641
265.606 -24.8741
265.607 -24.8841
265.608 -24.8941
265.609 -24.9041
265.61 -24.9141
265.611 -24.9241
265.612 -24.9341
265.613 -24.9441
265.614 -24.9541
265.615 -24.9641
265.616 -24.9741
265.617 -24.9841
265.617 -24.9941
265.618 -25.0041
265.619 -25.0141
265.62 -25.0241
265.621 -25.0341
265.622 -25.0441
265.623 -25.0541
265.624 -25.0641
265.625 -25.0741
265.626 -25.0841
265.627 -25.0941
265.628 -25.1041
265.629 -25.1141
265.63 -25.1241
265.631 -25.1341
265.632 -25.1441
265.633 -25.1541
265.634 -25.1641
265.635 -25.1741
265.636 -25.1841
265.637 -25.1941
265.638 -25.2041
265.639 -25.2141
265.64 -25.2241
265.642 -25.2341
265.643 -25.2441
265.644 -25.2541
265.645 -25.2641
265.646 -25.2741
265.647 -25.2841
265.648 -25.2941
265.649 -25.3041
265.65 -25.3141
265.651 -25.3241
265.652 -25.3341
265.653 -25.3441
265.654 -25.3541
265.655 -25.3641
265.656 -25.3741
265.657 -25.3841
265.658 -25.3941
265.659 -25.4041
265.66 -25.4141
265.662 -25.4241
265.663 -25.4341
265.664 -25.4441
265.665 -25.4541
265.666 -25.4641
265.667 -25.4741
265.668 -25.4841
265.669 -25.4941
265.67 -25.5041
265.671 -25.5141
265.672 -25.5241
265.674 -25.5341
265.675 -25.5441
265.676 -25.5541
265.677 -25.5641
265.678 -25.5741
265.679 -25.5841
265.68 -25.5941
265.681 -25.6041
265.682 -25.6141
265.684 -25.6241
265.685 -25.6341
265.686 -25.6441
265.687 -25.6541
265.688 -25.6641
265.689 -25.6741
265.69 -25.6841
265.691 -25.6941
265.693 -25.7041
265.694 -25.7141
265.695 -25.7241
265.696 -25.7341
265.697 -25.7441
265.698 -25.7541
265.7 -25.7641
265.701 -25.7741
265.702 -25.7841
265.703 -25.7941
265.704 -25.8041
265.705 -25.8141
265.706 -25.8241
265.708 -25.8341
265.709 -25.8441
265.71 -25.8541
265.711 -25.8641
265.712 -25.8741
265.714 -25.8841
265.715 -25.8941
265.716 -25.9041
265.717 -25.9141
265.718 -25.9241
265.72 -25.9341
265.721 -25.9441
265.722 -25.9541
265.723 -25.9641
265.724 -25.9741
265.726 -25.9841
265.727 -25.9941
265.728 -26.0041
265.729 -26.0141
265.73 -26.0241
265.732 -26.0341
265.733 -26.0441
265.734 -26.0541
265.735 -26.0641
265.737 -26.0741
265.738 -26.0841
265.739 -26.0941
265.74 -26.1041
265.742 -26.1141
265.743 -26.1241
265.744 -26.1341
265.745 -26.1441
265.747 -26.1541
265.748 -26.1641
265.749 -26.1741
265.75 -26.1841
265.752 -26.1941
265.753 -26.2041
265.754 -26.2141
265.755 -26.2241
265.757 -26.2341
265.758 -26.2441
265.759 -26.2541
265.76 -26.2641
265.762 -26.2741
265.763 -26.2841
265.764 -26.2941
265.766 -26.3041
265.767 -26.3141
265.768 -26.3241
265.769 -26.3341
265.771 -26.3441
265.772 -26.3541
265.773 -26.3641
265.775 -26.3741
265.776 -26.3841
265.777 -26.3941
265.779 -26.4041
265.78 -26.4141
265.781 -26.4241
265.783 -26.4341
265.784 -26.4441
265.785 -26.4541
265.787 -26.4641
265.788 -26.4741
265.789 -26.4841
265.791 -26.4941
265.792 -26.5041
265.793 -26.5141
265.795 -26.5241
265.796 -26.5341
265.797 -26.5441
265.799 -26.5541
265.8 -26.5641
265.801 -26.5741
265.803 -26.5841
265.804 -26.5941
265.805 -26.6041
265.807 -26.6141
265.808 -26.6241
265.809 -26.6341
265.811 -26.6441
265.812 -26.6541
265.814 -26.6641
265.815 -26.6741
265.816 -26.6841
265.818 -26.6941
265.819 -26.7041
265.821 -26.7141
265.822 -26.7241
265.823 -26.7341
265.825 -26.7441
265.826 -26.7541
265.827 -26.7641
265.829 -26.7741
265.83 -26.7841
265.832 -26.7941
265.833 -26.8041
265.835 -26.8141
265.836 -26.8241
265.837 -26.8341
265.839 -26.8441
265.84 -26.8541
265.842 -26.8641
265.843 -26.8741
265.844 -26.8841
265.846 -26.8941
265.847 -26.9041
265.849 -26.9141
265.85 -26.9241
265.852 -26.9341
265.853 -26.9441
265.855 -26.9541
265.856 -26.9641
265.857 -26.9741
265.859 -26.9841
265.86 -26.9941
265.862 -27.0041
265.863 -27.0141
265.865 -27.0241
265.866 -27.0341
265.868 -27.0441
265.869 -27.0541
265.871 -27.0641
265.872 -27.0741
265.874 -27.0841
265.875 -27.0941
265.877 -27.1041
265.878 -27.1141
265.879 -27.1241
265.881 -27.1341
265.882 -27.1441
265.884 -27.1541
265.885 -27.1641
265.887 -27.1741
265.888 -27.1841
265.89 -27.1941
265.891 -27.2041
265.893 -27.2141
265.895 -27.2241
265.896 -27.2341
265.898 -27.2441
265.899 -27.2541
265.901 -27.2641
265.902 -27.2741
265.904 -27.2841
265.905 -27.2941
265.907 -27.3041
265.908 -27.3141
265.91 -27.3241
265.911 -27.3341
265.913 -27.3441
265.914 -27.3541
265.916 -27.3641
265.917 -27.3741
265.919 -27.3841
265.921 -27.3941
265.922 -27.4041
265.924 -27.4141
265.925 -27.4241
265.927 -27.4341
265.928 -27.4441
265.93 -27.4541
265.932 -27.4641
265.933 -27.4741
265.935 -27.4841
265.936 -27.4941
265.938 -27.5041
265.939 -27.5141
265.941 -27.5241
265.943 -27.5341
265.944 -27.5441
265.946 -27.5541
265.947 -27.5641
265.949 -27.5741
265.951 -27.5841
265.952 -27.5941
265.954 -27.6041
265.955 -27.6141
265.957 -27.6241
265.959 -27.6341
265.96 -27.6441
265.962 -27.6541
265.963 -27.6641
265.965 -27.6741
265.967 -27.6841
265.968 -27.6941
265.97 -27.7041
265.972 -27.7141
265.973 -27.7241
265.975 -27.7341
265.976 -27.7441
265.978 -27.7541
265.98 -27.7641
265.981 -27.7741
265.983 -27.7841
265.985 -27.7941
265.986 -27.8041
265.988 -27.8141
265.99 -27.8241
265.991 -27.8341
265.993 -27.8441
265.995 -27.8541
265.996 -27.8641
265.998 -27.8741
266 -27.8841
266.001 -27.8941
266.003 -27.9041
266.005 -27.9141
266.006 -27.9241
266.008 -27.9341
266.01 -27.9441
266.011 -27.9541
266.013 -27.9641
266.015 -27.9741
266.017 -27.9841
266.018 -27.9941
266.02 -28.0041
266.022 -28.0141
266.023 -28.0241
266.025 -28.0341
266.027 -28.0441
266.028 -28.0541
266.03 -28.0641
266.032 -28.0741
266.034 -28.0841
266.035 -28.0941
266.037 -28.1041
266.039 -28.1141
266.041 -28.1241
266.042 -28.1341
266.044 -28.1441
266.046 -28.1541
266.047 -28.1641
266.049 -28.1741
266.051 -28.1841
266.053 -28.1941
266.054 -28.2041
266.056 -28.2141
266.058 -28.2241
266.06 -28.2341
266.061 -28.2441
266.063 -28.2541
266.065 -28.2641
266.067 -28.2741
266.069 -28.2841
266.07 -28.2941
266.072 -28.3041
266.074 -28.3141
266.076 -28.3241
266.077 -28.3341
266.079 -28.3441
266.081 -28.3541
266.083 -28.3641
266.085 -28.3741
266.086 -28.3841
266.088 -28.3941
266.09 -28.4041
266.092 -28.4141
266.094 -28.4241
266.095 -28.4341
266.097 -28.4441
266.099 -28.4541
266.101 -28.4641
266.103 -28.4741
266.104 -28.4841
266.106 -28.4941
266.108 -28.5041
266.11 -28.5141
266.112 -28.5241
266.114 -28.5341
266.115 -28.5441
266.117 -28.5541
266.119 -28.5641
266.121 -28.5741
266.123 -28.5841
266.125 -28.5941
266.126 -28.6041
266.128 -28.6141
266.13 -28.6241
266.132 -28.6341
266.134 -28.6441
266.136 -28.6541
266.138 -28.6641
266.139 -28.6741
266.141 -28.6841
266.143 -28.6941
266.145 -28.7041
266.147 -28.7141
266.149 -28.7241
266.151 -28.7341
266.153 -28.7441
266.154 -28.7541
266.156 -28.7641
266.158 -28.7741
266.16 -28.7841
266.162 -28.7941
266.164 -28.8041
266.166 -28.8141
266.168 -28.8241
266.17 -28.8341
266.172 -28.8441
266.173 -28.8541
266.175 -28.8641
266.177 -28.8741
266.179 -28.8841
266.181 -28.8941
266.183 -28.9041
266.185 -28.9141
266.187 -28.9241
266.189 -28.9341
266.191 -28.9441
266.193 -28.9541
266.195 -28.9641
266.196 -28.9741
266.198 -28.9841
266.2 -28.9941
266.202 -29.0041
266.204 -29.0141
266.206 -29.0241
266.208 -29.0341
266.21 -29.0441
266.212 -29.0541
266.214 -29.0641
266.216 -29.0741
266.218 -29.0841
266.22 -29.0941
266.222 -29.1041
266.224 -29.1141
266.226 -29.1241
266.228 -29.1341
266.23 -29.1441
266.232 -29.1541
266.234 -29.1641
266.236 -29.1741
266.238 -29.1841
266.24 -29.1941
266.242 -29.2041
266.244 -29.2141
266.246 -29.2241
266.248 -29.2341
266.25 -29.2441
266.252 -29.2541
266.254 -29.2641
266.256 -29.2741
266.258 -29.2841
266.26 -29.2941
266.262 -29.3041
266.264 -29.3141
266.266 -29.3241
266.268 -29.3341
266.27 -29.3441
266.272 -29.3541
266.274 -29.3641
266.276 -29.3741
266.278 -29.3841
266.28 -29.3941
266.282 -29.4041
266.284 -29.4141
266.286 -29.4241
266.288 -29.4341
266.29 -29.4441
266.292 -29.4541
266.294 -29.4641
266.296 -29.4741
266.299 -29.4841
266.301 -29.4941
266.303 -29.5041
266.305 -29.5141
266.307 -29.5241
266.309 -29.5341
266.311 -29.5441
266.313 -29.5541
266.315 -29.5641
266.317 -29.5741
266.319 -29.5841
266.321 -29.5941
266.323 -29.6041
266.326 -29.6141
266.328 -29.6241
266.33 -29.6341
266.332 -29.6441
266.334 -29.6541
266.336 -29.6641
266.338 -29.6741
266.34 -29.6841
266.342 -29.6941
266.344 -29.7041
266.347 -29.7141
266.349 -29.7241
266.351 -29.7341
266.353 -29.7441
266.355 -29.7541
266.357 -29.7641
266.359 -29.7741
266.362 -29.7841
266.364 -29.7941
266.366 -29.8041
266.368 -29.8141
266.37 -29.8241
266.372 -29.8341
266.375 -29.8441
266.377 -29.8541
266.379 -29.8641
266.381 -29.8741
266.383 -29.8841
266.385 -29.8941
266.388 -29.9041
266.39 -29.9141
266.392 -29.9241
266.394 -29.9341
266.396 -29.9441
266.399 -29.9541
266.401 -29.9641
266.403 -29.9741
266.405 -29.9841
266.407 -29.9941
266.41 -30.0041
266.412 -30.0141
266.414 -30.0241
266.416 -30.0341
266.419 -30.0441
266.421 -30.0541
266.423 -30.0641
266.425 -30.0741
266.427 -30.0841
266.43 -30.0941
266.432 -30.1041
266.434 -30.1141
266.436 -30.1241
266.439 -30.1341
266.441 -30.1441
266.443 -30.1541
266.445 -30.1641
266.448 -30.1741
266.45 -30.1841
266.452 -30.1941
266.454 -30.2041
266.457 -30.2141
266.459 -30.2241
266.461 -30.2341
266.463 -30.2441
266.466 -30.2541
266.468 -30.2641
266.47 -30.2741
266.473 -30.2841
266.475 -30.2941
266.477 -30.3041
266.479 -30.3141
266.482 -30.3241
266.484 -30.3341
266.486 -30.3441
266.489 -30.3541
266.491 -30.3641
266.493 -30.3741
266.496 -30.3841
266.498 -30.3941
266.5 -30.4041
266.502 -30.4141
266.505 -30.4241
266.507 -30.4341
266.509 -30.4441
266.512 -30.4541
266.514 -30.4641
266.516 -30.4741
266.519 -30.4841
266.521 -30.4941
266.523 -30.5041
266.526 -30.5141
266.528 -30.5241
266.53 -30.5341
266.533 -30.5441
266.535 -30.5541
266.537 -30.5641
266.54 -30.5741
266.542 -30.5841
266.545 -30.5941
266.547 -30.6041
266.549 -30.6141
266.552 -30.6241
266.554 -30.6341
266.556 -30.6441
266.559 -30.6541
266.561 -30.6641
266.563 -30.6741
266.566 -30.6841
266.568 -30.6941
266.571 -30.7041
266.573 -30.7141
266.575 -30.7241
266.578 -30.7341
266.58 -30.7441
266.583 -30.7541
266.585 -30.7641
266.587 -30.7741
266.59 -30.7841
266.592 -30.7941
266.595 -30.8041
266.597 -30.8141
266.599 -30.8241
266.602 -30.8341
266.604 -30.8441
266.607 -30.8541
266.609 -30.8641
266.612 -30.8741
266.614 -30.8841
266.616 -30.8941
266.619 -30.9041
266.621 -30.9141
266.624 -30.9241
266.626 -30.9341
266.629 -30.9441
266.631 -30.9541
266.633 -30.9641
266.636 -30.9741
266.638 -30.9841
266.641 -30.9941
266.643 -31.0041
266.646 -31.0141
266.648 -31.0241
266.651 -31.0341
266.653 -31.0441
266.656 -31.0541
266.658 -31.0641
266.661 -31.0741
266.663 -31.0841
266.666 -31.0941
266.668 -31.1041
266.671 -31.1141
266.673 -31.1241
266.675 -31.1341
266.678 -31.1441
266.68 -31.1541
266.683 -31.1641
266.685 -31.1741
266.688 -31.1841
266.69 -31.1941
266.693 -31.2041
266.695 -31.2141
266.698 -31.2241
266.701 -31.2341
266.703 -31.2441
266.706 -31.2541
266.708 -31.2641
266.711 -31.2741
266.713 -31.2841
266.716 -31.2941
266.718 -31.3041
266.721 -31.3141
266.723 -31.3241
266.726 -31.3341
266.728 -31.3441
266.731 -31.3541
266.733 -31.3641
266.736 -31.3741
266.739 -31.3841
266.741 -31.3941
266.744 -31.4041
266.746 -31.4141
266.749 -31.4241
266.751 -31.4341
266.754 -31.4441
266.756 -31.4541
266.759 -31.4641
266.762 -31.4741
266.764 -31.4841
266.767 -31.4941
266.769 -31.5041
266.772 -31.5141
266.775 -31.5241
266.777 -31.5341
266.78 -31.5441
266.782 -31.5541
266.785 -31.5641
266.788 -31.5741
266.79 -31.5841
266.793 -31.5941
266.795 -31.6041
266.798 -31.6141
266.801 -31.6241
266.803 -31.6341
266.806 -31.6441
266.808 -31.6541
266.811 -31.6641
266.814 -31.6741
266.816 -31.6841
266.819 -31.6941
266.822 -31.7041
266.824 -31.7141
266.827 -31.7241
266.829 -31.7341
266.832 -31.7441
266.835 -31.7541
266.837 -31.7641
266.84 -31.7741
266.843 -31.7841
266.845 -31.7941
266.848 -31.8041
266.851 -31.8141
266.853 -31.8241
266.856 -31.8341
266.859 -31.8441
266.861 -31.8541
266.864 -31.8641
266.867 -31.8741
266.869 -31.8841
266.872 -31.8941
266.875 -31.9041
266.877 -31.9141
266.88 -31.9241
266.883 -31.9341
266.885 -31.9441
266.888 -31.9541
266.891 -31.9641
266.893 -31.9741
266.896 -31.9841
266.899 -31.9941
266.902 -32.0041
266.904 -32.0141
266.907 -32.0241
266.91 -32.0341
266.912 -32.0441
266.915 -32.0541
266.918 -32.0641
266.921 -32.0741
266.923 -32.0841
266.926 -32.0941
266.929 -32.1041
266.931 -32.1141
266.934 -32.1241
266.937 -32.1341
266.94 -32.1441
266.942 -32.1541
266.945 -32.1641
266.948 -32.1741
266.951 -32.1841
266.953 -32.1941
266.956 -32.2041
266.959 -32.2141
266.962 -32.2241
266.964 -32.2341
266.967 -32.2441
266.97 -32.2541
266.973 -32.2641
266.975 -32.2741
266.978 -32.2841
266.981 -32.2941
266.984 -32.3041
266.987 -32.3141
266.989 -32.3241
266.992 -32.3341
266.995 -32.3441
266.998 -32.3541
267 -32.3641
267.003 -32.3741
267.006 -32.3841
267.009 -32.3941
267.012 -32.4041
267.014 -32.4141
267.017 -32.4241
267.02 -32.4341
267.023 -32.4441
267.026 -32.4541
267.029 -32.4641
267.031 -32.4741
267.034 -32.4841
267.037 -32.4941
267.04 -32.5041
267.043 -32.5141
267.045 -32.5241
267.048 -32.5341
267.051 -32.5441
267.054 -32.5541
267.057 -32.5641
267.06 -32.5741
267.062 -32.5841
267.065 -32.5941
267.068 -32.6041
267.071 -32.6141
267.074 -32.6241
267.077 -32.6341
267.08 -32.6441
267.082 -32.6541
267.085 -32.6641
267.088 -32.6741
267.091 -32.6841
267.094 -32.6941
267.097 -32.7041
267.1 -32.7141
267.103 -32.7241
267.106 -32.7341
267.108 -32.7441
267.111 -32.7541
267.114 -32.7641
267.117 -32.7741
267.12 -32.7841
267.123 -32.7941
267.126 -32.8041
267.129 -32.8141
267.132 -32.8241
267.134 -32.8341
267.137 -32.8441
267.14 -32.8541
267.143 -32.8641
267.146 -32.8741
267.149 -32.8841
267.152 -32.8941
267.155 -32.9041
267.158 -32.9141
267.161 -32.9241
267.164 -32.9341
267.167 -32.9441
267.17 -32.9541
267.173 -32.9641
267.176 -32.9741
267.178 -32.9841
267.181 -32.9941
267.184 -33.0041
267.187 -33.0141
267.19 -33.0241
267.193 -33.0341
267.196 -33.0441
267.199 -33.0541
267.202 -33.0641
267.205 -33.0741
267.208 -33.0841
267.211 -33.0941
267.214 -33.1041
267.217 -33.1141
267.22 -33.1241
267.223 -33.1341
267.226 -33.1441
267.229 -33.1541
267.232 -33.1641
267.235 -33.1741
267.238 -33.1841
267.241 -33.1941
267.244 -33.2041
267.247 -33.2141
267.25 -33.2241
267.253 -33.2341
267.256 -33.2441
267.259 -33.2541
267.262 -33.2641
267.265 -33.2741
267.268 -33.2841
267.271 -33.2941
267.274 -33.3041
267.277 -33.3141
267.28 -33.3241
267.283 -33.3341
267.286 -33.3441
267.289 -33.3541
267.292 -33.3641
267.295 -33.3741
267.298 -33.3841
267.302 -33.3941
267.305 -33.4041
267.308 -33.4141
267.311 -33.4241
267.314 -33.4341
267.317 -33.4441
267.32 -33.4541
267.323 -33.4641
267.326 -33.4741
267.329 -33.4841
267.332 -33.4941
267.335 -33.5041
267.338 -33.5141
267.341 -33.5241
267.345 -33.5341
267.348 -33.5441
267.351 -33.5541
267.354 -33.5641
267.357 -33.5741
267.36 -33.5841
267.363 -33.5941
267.366 -33.6041
267.369 -33.6141
267.372 -33.6241
267.376 -33.6341
267.379 -33.6441
267.382 -33.6541
267.385 -33.6641
267.388 -33.6741
267.391 -33.6841
267.394 -33.6941
267.397 -33.7041
267.401 -33.7141
267.404 -33.7241
267.407 -33.7341
267.41 -33.7441
267.413 -33.7541
267.416 -33.7641
267.419 -33.7741
267.423 -33.7841
267.426 -33.7941
267.429 -33.8041
267.432 -33.8141
267.435 -33.8241
267.438 -33.8341
267.442 -33.8441
267.445 -33.8541
267.448 -33.8641
267.451 -33.8741
267.454 -33.8841
267.457 -33.8941
267.461 -33.9041
267.464 -33.9141
267.467 -33.9241
267.47 -33.9341
267.473 -33.9441
267.477 -33.9541
267.48 -33.9641
267.483 -33.9741
267.486 -33.9841
267.489 -33.9941
267.493 -34.0041
267.496 -34.0141
267.499 -34.0241
267.502 -34.0341
267.505 -34.0441
267.509 -34.0541
267.512 -34.0641
267.515 -34.0741
267.518 -34.0841
267.522 -34.0941
267.525 -34.1041
267.528 -34.1141
267.531 -34.1241
267.535 -34.1341
267.538 -34.1441
267.541 -34.1541
267.544 -34.1641
267.548 -34.1741
267.551 -34.1841
267.554 -34.1941
267.557 -34.2041
267.561 -34.2141
267.564 -34.2241
267.567 -34.2341
267.57 -34.2441
267.574 -34.2541
267.577 -34.2641
267.58 -34.2741
267.584 -34.2841
267.587 -34.2941
267.59 -34.3041
267.593 -34.3141
267.597 -34.3241
267.6 -34.3341
267.603 -34.3441
267.607 -34.3541
267.61 -34.3641
267.613 -34.3741
267.616 -34.3841
267.62 -34.3941
267.623 -34.4041
267.626 -34.4141
267.63 -34.4241
267.633 -34.4341
267.636 -34.4441
267.64 -34.4541
267.643 -34.4641
267.646 -34.4741
267.65 -34.4841
267.653 -34.4941
267.656 -34.5041
267.66 -34.5141
267.663 -34.5241
267.666 -34.5341
267.67 -34.5441
267.673 -34.5541
267.676 -34.5641
267.68 -34.5741
267.683 -34.5841
267.687 -34.5941
267.69 -34.6041
267.693 -34.6141
267.697 -34.6241
267.7 -34.6341
267.703 -34.6441
267.707 -34.6541
267.71 -34.6641
267.714 -34.6741
267.717 -34.6841
267.72 -34.6941
267.724 -34.7041
267.727 -34.7141
267.73 -34.7241
267.734 -34.7341
267.737 -34.7441
267.741 -34.7541
267.744 -34.7641
267.747 -34.7741
267.751 -34.7841
267.754 -34.7941
267.758 -34.8041
267.761 -34.8141
267.765 -34.8241
267.768 -34.8341
267.771 -34.8441
267.775 -34.8541
267.778 -34.8641
267.782 -34.8741
267.785 -34.8841
267.789 -34.8941
267.792 -34.9041
267.795 -34.9141
267.799 -34.9241
267.802 -34.9341
267.806 -34.9441
267.809 -34.9541
267.813 -34.9641
267.816 -34.9741
267.82 -34.9841
267.823 -34.9941
267.827 -35.0041
267.83 -35.0141
267.834 -35.0241
267.837 -35.0341
267.84 -35.0441
267.844 -35.0541
267.847 -35.0641
267.851 -35.0741
267.854 -35.0841
267.858 -35.0941
267.861 -35.1041
267.865 -35.1141
267.868 -35.1241
267.872 -35.1341
267.875 -35.1441
267.879 -35.1541
267.882 -35.1641
267.886 -35.1741
267.889 -35.1841
267.893 -35.1941
267.896 -35.2041
267.9 -35.2141
267.904 -35.2241
267.907 -35.2341
267.911 -35.2441
267.914 -35.2541
267.918 -35.2641
267.921 -35.2741
267.925 -35.2841
267.928 -35.2941
267.932 -35.3041
267.935 -35.3141
267.939 -35.3241
267.942 -35.3341
267.946 -35.3441
267.95 -35.3541
267.953 -35.3641
267.957 -35.3741
267.96 -35.3841
267.964 -35.3941
267.967 -35.4041
267.971 -35.4141
267.975 -35.4241
267.978 -35.4341
267.982 -35.4441
267.985 -35.4541
267.989 -35.4641
267.993 -35.4741
267.996 -35.4841
268 -35.4941
268.003 -35.5041
268.007 -35.5141
268.01 -35.5241
268.014 -35.5341
268.018 -35.5441
268.021 -35.5541
268.025 -35.5641
268.029 -35.5741
268.032 -35.5841
268.036 -35.5941
268.039 -35.6041
268.043 -35.6141
268.047 -35.6241
268.05 -35.6341
268.054 -35.6441
268.058 -35.6541
268.061 -35.6641
268.065 -35.6741
268.069 -35.6841
268.072 -35.6941
268.076 -35.7041
268.079 -35.7141
268.083 -35.7241
268.087 -35.7341
268.09 -35.7441
268.094 -35.7541
268.098 -35.7641
268.101 -35.7741
268.105 -35.7841
268.109 -35.7941
268.112 -35.8041
268.116 -35.8141
268.12 -35.8241
268.123 -35.8341
268.127 -35.8441
268.131 -35.8541
268.135 -35.8641
268.138 -35.8741
268.142 -35.8841
268.146 -35.8941
268.149 -35.9041
268.153 -35.9141
268.157 -35.9241
268.16 -35.9341
268.164 -35.9441
268.168 -35.9541
268.172 -35.9641
268.175 -35.9741
268.179 -35.9841
268.183 -35.9941
268.187 -36.0041
268.19 -36.0141
268.194 -36.0241
268.198 -36.0341
268.201 -36.0441
268.205 -36.0541
268.209 -36.0641
268.213 -36.0741
268.216 -36.0841
268.22 -36.0941
268.224 -36.1041
268.228 -36.1141
268.231 -36.1241
268.235 -36.1341
268.239 -36.1441
268.243 -36.1541
268.247 -36.1641
268.25 -36.1741
268.254 -36.1841
268.258 -36.1941
268.262 -36.2041
268.265 -36.2141
268.269 -36.2241
268.273 -36.2341
268.277 -36.2441
268.281 -36.2541
268.284 -36.2641
268.288 -36.2741
268.292 -36.2841
268.296 -36.2941
268.3 -36.3041
268.303 -36.3141
268.307 -36.3241
268.311 -36.3341
268.315 -36.3441
268.319 -36.3541
268.322 -36.3641
268.326 -36.3741
268.33 -36.3841
268.334 -36.3941
268.338 -36.4041
268.342 -36.4141
268.345 -36.4241
268.349 -36.4341
268.353 -36.4441
268.357 -36.4541
268.361 -36.4641
268.365 -36.4741
268.369 -36.4841
268.372 -36.4941
268.376 -36.5041
268.38 -36.5141
268.384 -36.5241
268.388 -36.5341
268.392 -36.5441
268.396 -36.5541
268.4 -36.5641
268.403 -36.5741
268.407 -36.5841
268.411 -36.5941
268.415 -36.6041
268.419 -36.6141
268.423 -36.6241
268.427 -36.6341
268.431 -36.6441
268.435 -36.6541
268.438 -36.6641
268.442 -36.6741
268.448 -36.6841
268.45 -36.6941
268.454 -36.7041
268.458 -36.7141
268.461 -36.7241
268.465 -36.7341
268.469 -36.7441
268.473 -36.7541
268.477 -36.7641
268.48 -36.7741
268.484 -36.7841
268.488 -36.7941
268.492 -36.8041
268.496 -36.8141
268.5 -36.8241
268.503 -36.8341
268.507 -36.8441
268.511 -36.8541
268.515 -36.8641
268.519 -36.8741
268.523 -36.8841
268.526 -36.8941
268.53 -36.9041
268.534 -36.9141
268.538 -36.9241
268.542 -36.9341
268.546 -36.9441
268.55 -36.9541
268.553 -36.9641
268.557 -36.9741
268.561 -36.9841
268.565 -36.9941
268.569 -37.0041
268.573 -37.0141
268.577 -37.0241
268.581 -37.0341
268.584 -37.0441
268.588 -37.0541
268.592 -37.0641
268.596 -37.0741
268.6 -37.0841
268.604 -37.0941
268.608 -37.1041
268.612 -37.1141
268.616 -37.1241
268.62 -37.1341
268.623 -37.1441
268.627 -37.1541
268.631 -37.1641
268.635 -37.1741
268.639 -37.1841
268.643 -37.1941
268.647 -37.2041
268.651 -37.2141
268.655 -37.2241
268.659 -37.2341
268.663 -37.2441
268.667 -37.2541
268.671 -37.2641
268.675 -37.2741
268.678 -37.2841
268.682 -37.2941
268.686 -37.3041
268.69 -37.3141
268.694 -37.3241
268.698 -37.3341
268.702 -37.3441
268.706 -37.3541
268.71 -37.3641
268.714 -37.3741
268.718 -37.3841
268.722 -37.3941
268.726 -37.4041
268.73 -37.4141
268.734 -37.4241
268.738 -37.4341
268.742 -37.4441
268.746 -37.4541
268.75 -37.4641
268.754 -37.4741
268.758 -37.4841
268.762 -37.4941
268.766 -37.5041
268.77 -37.5141
268.774 -37.5241
268.778 -37.5341
268.782 -37.5441
268.786 -37.5541
268.79 -37.5641
268.794 -37.5741
268.798 -37.5841
268.802 -37.5941
268.806 -37.6041
268.81 -37.6141
268.814 -37.6241
268.818 -37.6341
268.822 -37.6441
268.826 -37.6541
268.831 -37.6641
268.835 -37.6741
268.839 -37.6841
268.843 -37.6941
268.847 -37.7041
268.851 -37.7141
268.855 -37.7241
268.859 -37.7341
268.863 -37.7441
268.867 -37.7541
268.871 -37.7641
268.875 -37.7741
268.879 -37.7841
268.883 -37.7941
268.888 -37.8041
268.892 -37.8141
268.896 -37.8241
268.9 -37.8341
268.904 -37.8441
268.908 -37.8541
268.912 -37.8641
268.916 -37.8741
268.92 -37.8841
268.924 -37.8941
268.929 -37.9041
268.933 -37.9141
268.937 -37.9241
268.941 -37.9341
268.945 -37.9441
268.949 -37.9541
268.953 -37.9641
268.957 -37.9741
268.962 -37.9841
268.966 -37.9941
268.97 -38.0041
268.974 -38.0141
268.978 -38.0241
268.982 -38.0341
268.986 -38.0441
268.991 -38.0541
268.995 -38.0641
268.999 -38.0741
269.003 -38.0841
269.007 -38.0941
269.011 -38.1041
269.016 -38.1141
269.02 -38.1241
269.024 -38.1341
269.028 -38.1441
269.032 -38.1541
269.036 -38.1641
269.041 -38.1741
269.045 -38.1841
269.049 -38.1941
269.053 -38.2041
269.057 -38.2141
269.062 -38.2241
269.066 -38.2341
269.07 -38.2441
269.074 -38.2541
269.078 -38.2641
269.083 -38.2741
269.087 -38.2841
269.091 -38.2941
269.095 -38.3041
269.1 -38.3141
269.104 -38.3241
269.108 -38.3341
269.112 -38.3441
269.116 -38.3541
269.121 -38.3641
269.125 -38.3741
269.129 -38.3841
269.133 -38.3941
269.138 -38.4041
269.142 -38.4141
269.146 -38.4241
269.15 -38.4341
269.155 -38.4441
269.159 -38.4541
269.163 -38.4641
269.167 -38.4741
269.172 -38.4841
269.176 -38.4941
269.18 -38.5041
269.185 -38.5141
269.189 -38.5241
269.193 -38.5341
269.197 -38.5441
269.202 -38.5541
269.206 -38.5641
269.21 -38.5741
269.215 -38.5841
269.219 -38.5941
269.223 -38.6041
269.227 -38.6141
269.232 -38.6241
269.236 -38.6341
269.24 -38.6441
269.245 -38.6541
269.249 -38.6641
269.253 -38.6741
269.258 -38.6841
269.262 -38.6941
269.266 -38.7041
269.271 -38.7141
269.275 -38.7241
269.279 -38.7341
269.284 -38.7441
269.288 -38.7541
269.292 -38.7641
269.297 -38.7741
269.301 -38.7841
269.305 -38.7941
269.31 -38.8041
269.314 -38.8141
269.318 -38.8241
269.323 -38.8341
269.327 -38.8441
269.332 -38.8541
269.336 -38.8641
269.34 -38.8741
269.345 -38.8841
269.349 -38.8941
269.353 -38.9041
269.358 -38.9141
269.362 -38.9241
269.367 -38.9341
269.371 -38.9441
269.375 -38.9541
269.38 -38.9641
269.384 -38.9741
269.389 -38.9841
269.393 -38.9941
269.397 -39.0041
269.402 -39.0141
269.406 -39.0241
269.411 -39.0341
269.415 -39.0441
269.42 -39.0541
269.424 -39.0641
269.428 -39.0741
269.433 -39.0841
269.437 -39.0941
269.442 -39.1041
269.446 -39.1141
269.451 -39.1241
269.455 -39.1341
269.459 -39.1441
269.464 -39.1541
269.468 -39.1641
269.473 -39.1741
269.477 -39.1841
269.482 -39.1941
269.486 -39.2041
269.491 -39.2141
269.495 -39.2241
269.5 -39.2341
269.504 -39.2441
269.509 -39.2541
269.513 -39.2641
269.518 -39.2741
269.522 -39.2841
269.526 -39.2941
269.531 -39.3041
269.535 -39.3141
269.54 -39.3241
269.544 -39.3341
269.549 -39.3441
269.553 -39.3541
269.558 -39.3641
269.562 -39.3741
269.567 -39.3841
269.572 -39.3941
269.576 -39.4041
269.581 -39.4141
269.585 -39.4241
269.59 -39.4341
269.594 -39.4441
269.599 -39.4541
269.603 -39.4641
269.608 -39.4741
269.612 -39.4841
269.617 -39.4941
269.621 -39.5041
269.626 -39.5141
269.63 -39.5241
269.635 -39.5341
269.64 -39.5441
269.644 -39.5541
269.649 -39.5641
269.653 -39.5741
269.658 -39.5841
269.662 -39.5941
269.667 -39.6041
269.672 -39.6141
269.676 -39.6241
269.681 -39.6341
269.685 -39.6441
269.69 -39.6541
269.694 -39.6641
269.699 -39.6741
269.704 -39.6841
269.708 -39.6941
269.713 -39.7041
269.717 -39.7141
269.722 -39.7241
269.727 -39.7341
269.731 -39.7441
269.736 -39.7541
269.741 -39.7641
269.745 -39.7741
269.75 -39.7841
269.754 -39.7941
269.759 -39.8041
269.764 -39.8141
269.768 -39.8241
269.773 -39.8341
269.778 -39.8441
269.782 -39.8541
269.787 -39.8641
269.791 -39.8741
269.796 -39.8841
269.801 -39.8941
269.805 -39.9041
269.81 -39.9141
269.815 -39.9241
269.819 -39.9341
269.824 -39.9441
269.829 -39.9541
269.833 -39.9641
269.838 -39.9741
269.843 -39.9841
269.847 -39.9941
269.852 -40.0041
