0.1 -0.0187429
0.2 -0.0553254
0.3 -0.0758472
0.4 -0.101137
0.5 -0.126444
0.6 -0.151766
0.7 -0.177099
0.8 -0.202443
0.9 -0.227798
1 -0.253163
9.58464 -0.710437
19.1666 -1.17379
28.7353 -1.64027
38.2909 -2.10999
47.8331 -2.58304
57.3618 -3.05946
66.8769 -3.53928
76.3781 -4.02258
85.8653 -4.50942
95.3385 -4.99987
104.797 -5.494
114.242 -5.99178
123.672 -6.49297
133.087 -6.99803
142.487 -7.50732
151.872 -8.02066
161.241 -8.53812
170.595 -9.05979
179.934 -9.58578
189.256 -10.1162
198.563 -10.6511
207.853 -11.1906
217.127 -11.7348
226.384 -12.2839
235.623 -12.838
243.573 -13.3495
246.859 -13.6921
250.473 -14.0486
254.076 -14.4067
257.645 -14.7638
261.178 -15.1205
264.678 -15.4774
268.121 -15.8345
271.527 -16.1913
274.845 -16.5614
277.836 -17.0867
279.744 -17.6565
280.29 -17.909
280.798 -18.166
281.252 -18.4127
281.612 -18.61
281.938 -18.7672
282.202 -18.8301
282.434 -18.8341
282.664 -18.841
282.891 -18.8508
283.115 -18.8636
283.336 -18.8793
283.554 -18.8982
283.769 -18.9202
283.981 -18.9454
284.19 -18.9738
284.395 -19.0055
284.598 -19.0407
284.797 -19.0793
284.993 -19.1214
285.186 -19.1671
285.375 -19.2164
285.561 -19.2695
285.743 -19.3264
285.922 -19.3873
286.097 -19.4521
286.269 -19.521
286.432 -19.6081
286.591 -19.705
286.746 -19.8067
286.897 -19.9138
287.035 -20.0422
287.163 -20.1846
287.287 -20.3329
287.408 -20.4877
287.521 -20.6547
287.614 -20.8906
287.699 -21.1515
287.763 -21.4083
287.79 -21.7699
287.813 -22.1399
287.833 -22.518
287.849 -22.9043
287.862 -23.2966
287.838 -23.7416
287.808 -24.198
287.767 -24.6638
287.722 -25.1402
287.672 -25.64
287.597 -26.2084
287.507 -26.7879
287.411 -27.3807
287.291 -28.0985
287.121 -28.9881
286.935 -29.8975
286.734 -30.8243
286.479 -31.9359
286.177 -33.2681
285.864 -34.6498
285.594 -35.8388
285.359 -36.8523
285.101 -37.977
284.824 -39.167
284.534 -40.3616
284.33 -41.1449
284.13 -41.9103
283.9 -42.7534
283.645 -43.6036
283.378 -44.4401
283.088 -45.4406
282.775 -46.5439
282.481 -47.4847
282.185 -48.4455
281.886 -49.3325
281.607 -50.1786
281.402 -50.6925
281.189 -51.1865
280.956 -51.5902
280.705 -51.9623
280.439 -52.3161
280.136 -52.6135
279.837 -52.7407
279.457 -52.5948
278.88 -51.7316
278.436 -51.0363
277.923 -50.0742
277.74 -50.4305
277.492 -50.4785
277.254 -50.6521
277.023 -50.8097
276.801 -50.9033
276.576 -50.9984
276.374 -51.0952
276.169 -51.1892
275.98 -51.2815
275.821 -51.4173
275.648 -51.5569
275.447 -51.7127
275.239 -51.8704
275.076 -52.0569
274.927 -52.2663
274.778 -52.4747
274.617 -52.6815
274.454 -52.8943
274.309 -53.1375
274.164 -53.38
274.018 -53.6217
273.924 -53.9008
273.831 -54.1727
273.734 -54.4369
273.636 -54.7008
273.537 -54.9643
273.452 -55.2516
273.389 -55.5644
273.308 -55.8758
273.216 -56.1864
273.121 -56.4959
273.046 -56.7841
272.975 -57.0724
272.903 -57.3608
272.831 -57.6491
272.758 -57.9374
272.685 -58.2256
272.611 -58.5139
272.537 -58.802
272.456 -59.0898
272.367 -59.3773
272.288 -59.6657
272.209 -59.954
272.128 -60.2422
272.048 -60.5305
271.978 -60.8195
271.911 -61.1087
271.844 -61.3979
271.776 -61.687
271.708 -61.9762
271.64 -62.2653
271.571 -62.5544
271.501 -62.8435
271.432 -63.1325
271.361 -63.4216
271.29 -63.7105
271.219 -63.9995
271.159 -64.2891
271.106 -64.5792
271.057 -64.8695
271.02 -65.1605
270.982 -65.4516
270.944 -65.7426
270.906 -66.0336
270.874 -66.325
270.843 -66.6163
270.812 -66.9077
270.781 -67.1991
270.75 -67.4846
270.722 -67.7297
270.694 -67.9748
270.667 -68.22
270.641 -68.4652
270.625 -68.7109
270.609 -68.9565
270.591 -69
270.573 -69
270.557 -69
270.545 -69
270.534 -69
270.523 -69
270.512 -69
270.505 -69
270.498 -69
270.491 -69
270.484 -69
270.477 -69
270.47 -69
270.463 -69
270.452 -69
270.445 -69
270.443 -69
270.441 -69
270.438 -69
270.436 -69
270.433 -69
270.431 -69
270.428 -69
270.426 -69
270.423 -69
270.42 -69
270.417 -69
270.418 -69
270.421 -69
270.424 -69
270.427 -69
270.431 -69
270.43 -69
270.429 -69
270.427 -69
270.425 -69
270.423 -69
270.424 -69
270.424 -69
270.424 -69
270.425 -69
270.425 -69
270.425 -69
270.426 -69
270.426 -69
270.426 -69
270.426 -69
270.427 -69
270.427 -69
270.427 -69
270.426 -69
270.425 -69
270.423 -69
270.422 -69
270.42 -69
270.418 -69
270.414 -69
270.409 -69
270.405 -69
270.401 -69
270.396 -69
270.392 -69
270.387 -69
270.383 -69
270.379 -69
270.374 -69
270.37 -69
270.365 -69
270.361 -69
270.356 -69
270.352 -69
270.348 -69
270.343 -69
270.338 -69
270.332 -69
270.325 -69
270.319 -69
270.312 -69
270.306 -69
270.299 -69
270.293 -69
270.286 -69
270.28 -69
270.274 -69
270.267 -69
270.261 -69
270.254 -69
270.246 -69
270.238 -69
270.229 -69
270.221 -69
270.213 -69
270.204 -69
270.196 -69
270.187 -69
270.179 -69
270.171 -69
270.162 -69
270.154 -69
270.145 -69
270.137 -69
270.129 -69
270.12 -69
270.112 -69
270.103 -69
270.095 -69
270.087 -69
270.078 -69
270.07 -69
270.061 -69
270.053 -69
270.045 -69
270.036 -69
270.028 -69
270.019 -69
270.011 -69
270.003 -69
269.994 -69
269.986 -69
269.977 -69
269.969 -69
269.96 -69
269.952 -69
269.944 -69
269.935 -69
269.927 -69
269.918 -69
269.91 -69
269.901 -69
269.893 -69
269.885 -69
269.876 -69
269.868 -69
269.859 -69
269.851 -69
269.842 -69
269.834 -69
269.825 -69
269.817 -69
269.808 -69
269.8 -69
269.791 -69
269.781 -69
269.771 -69
269.761 -69
269.751 -69
269.741 -69
269.732 -69
269.722 -69
269.712 -69
269.702 -69
269.692 -69
269.682 -69
269.673 -69
269.663 -69
269.654 -69
269.646 -69
269.637 -69
269.629 -69
269.62 -69
269.612 -69
269.603 -69
269.595 -69
269.586 -69
269.578 -69
269.569 -69
269.561 -69
269.552 -69
269.544 -69
269.535 -69
269.527 -69
269.518 -69
269.51 -69
269.501 -69
269.493 -69
269.484 -69
269.476 -69
269.467 -69
269.459 -69
269.45 -69
269.44 -69
269.431 -69
269.421 -69
269.411 -69
269.401 -69
269.391 -69
269.381 -69
269.372 -69
269.362 -69
269.352 -69
269.342 -69
269.332 -69
269.323 -69
269.315 -69
269.306 -69
269.298 -69
269.29 -69
269.281 -69
269.273 -69
269.265 -69
269.256 -69
269.248 -69
269.24 -69
269.231 -69
269.223 -69
269.215 -69
269.207 -69
269.198 -69
269.19 -69
269.182 -69
269.173 -69
269.165 -69
269.157 -69
269.148 -69
269.14 -69
269.132 -69
269.124 -69
269.115 -69
269.107 -69
269.099 -69
269.09 -69
269.082 -69
269.074 -69
269.066 -69
269.057 -69
269.049 -69
269.041 -69
269.033 -69
269.024 -69
269.016 -69
269.008 -69
269 -69
268.991 -69
268.983 -69
268.975 -69
268.967 -69
268.958 -69
268.95 -69
268.942 -69
268.934 -69
268.926 -69
268.917 -69
268.909 -69
268.901 -69
268.893 -69
268.885 -69
268.877 -69
268.871 -69
268.864 -69
268.858 -69
268.852 -69
268.846 -69
268.84 -69
268.833 -69
268.827 -69
268.821 -69
268.815 -69
268.808 -69
268.802 -69
268.796 -69
268.79 -69
268.784 -69
268.777 -69
268.771 -69
268.765 -69
268.759 -69
268.753 -69
268.746 -69
268.74 -69
268.734 -69
268.728 -69
268.722 -69
268.715 -69
268.709 -69
268.703 -69
268.697 -69
268.691 -69
268.685 -69
268.678 -69
268.672 -69
268.666 -69
268.66 -69
268.654 -69
268.648 -69
268.642 -69
268.635 -69
268.63 -69
268.626 -69
268.621 -69
268.617 -69
268.612 -69
268.608 -69
268.603 -69
268.598 -69
268.594 -69
268.589 -69
268.585 -69
268.58 -69
268.576 -69
268.571 -69
268.567 -69
268.562 -69
268.558 -69
268.553 -69
268.549 -69
268.544 -69
268.54 -69
268.535 -69
268.531 -69
268.526 -69
268.522 -69
268.517 -69
268.513 -69
268.508 -69
268.505 -69
268.501 -69
268.497 -69
268.493 -69
268.489 -69
268.485 -69
268.481 -69
268.477 -69
268.473 -69
268.469 -69
268.465 -69
268.461 -69
268.457 -69
268.454 -69
268.45 -69
268.446 -69
268.442 -69
268.438 -69
268.434 -69
268.43 -69
268.426 -69
268.422 -69
268.419 -69
268.415 -69
268.411 -69
268.407 -69
268.403 -69
268.399 -69
268.395 -69
268.391 -69
268.388 -69
268.384 -69
268.38 -69
268.376 -69
268.372 -69
268.368 -69
268.364 -69
268.361 -69
268.357 -69
268.353 -69
268.349 -69
268.345 -69
268.341 -69
268.338 -69
268.334 -69
268.33 -69
268.326 -69
268.322 -69
268.319 -69
268.315 -69
268.311 -69
268.307 -69
268.303 -69
268.3 -69
268.296 -69
268.292 -69
268.288 -69
268.284 -69
268.281 -69
268.277 -69
268.273 -69
268.269 -69
268.265 -69
268.262 -69
268.258 -69
268.254 -69
268.25 -69
268.247 -69
268.243 -69
268.239 -69
268.235 -69
268.232 -69
268.228 -69
268.224 -69
268.22 -69
268.217 -69
268.213 -69
268.209 -69
268.205 -69
268.202 -69
268.198 -69
268.194 -69
268.191 -69
268.187 -69
268.183 -69
268.179 -69
268.176 -69
268.172 -69
268.168 -69
268.165 -69
268.161 -69
268.157 -69
268.154 -69
268.15 -69
268.146 -69
268.142 -69
268.139 -69
268.135 -69
268.131 -69
268.128 -69
268.124 -69
268.12 -69
268.117 -69
268.113 -69
268.109 -69
268.106 -69
268.102 -69
268.098 -69
268.095 -69
268.091 -69
268.088 -69
268.084 -69
268.08 -69
268.077 -69
268.073 -69
268.069 -69
268.066 -69
268.062 -69
268.058 -69
268.055 -69
268.051 -69
268.048 -69
268.044 -69
268.04 -69
268.037 -69
268.033 -69
268.03 -69
268.026 -69
268.022 -69
268.019 -69
268.015 -69
268.012 -69
268.008 -69
268.004 -69
268.001 -69
267.997 -69
267.994 -69
267.99 -69
267.987 -69
267.983 -69
267.979 -69
267.976 -69
267.972 -69
267.969 -69
267.965 -69
267.962 -69
267.958 -69
267.955 -69
267.951 -69
267.947 -69
267.944 -69
267.94 -69
267.937 -69
267.933 -69
267.93 -69
267.926 -69
267.923 -69
267.919 -69
267.916 -69
267.912 -69
267.909 -69
267.905 -69
267.902 -69
267.898 -69
267.895 -69
267.891 -69
267.888 -69
267.884 -69
267.881 -69
267.877 -69
267.874 -69
267.87 -69
267.867 -69
267.863 -69
267.86 -69
267.856 -69
267.853 -69
267.849 -69
267.846 -69
267.842 -69
267.839 -69
267.836 -69
267.832 -69
267.829 -69
267.825 -69
267.822 -69
267.818 -69
267.815 -69
267.811 -69
267.808 -69
267.805 -69
267.801 -69
267.798 -69
267.794 -69
267.791 -69
267.787 -69
267.784 -69
267.781 -69
267.777 -69
267.774 -69
267.77 -69
267.767 -69
267.764 -69
267.76 -69
267.757 -69
267.753 -69
267.75 -69
267.747 -69
267.743 -69
267.74 -69
267.737 -69
267.733 -69
267.73 -69
267.726 -69
267.723 -69
267.72 -69
267.716 -69
267.713 -69
267.71 -69
267.706 -69
267.703 -69
267.7 -69
267.696 -69
267.693 -69
267.689 -69
267.686 -69
267.683 -69
267.679 -69
267.676 -69
267.673 -69
267.669 -69
267.666 -69
267.663 -69
267.659 -69
267.656 -69
267.653 -69
267.649 -69
267.646 -69
267.643 -69
267.639 -69
267.636 -69
267.633 -69
267.629 -69
267.626 -69
267.623 -69
267.619 -69
267.616 -69
267.613 -69
267.609 -69
267.606 -69
267.603 -69
267.599 -69
267.596 -69
267.593 -69
267.59 -69
267.586 -69
267.583 -69
267.58 -69
267.576 -69
267.573 -69
267.57 -69
267.567 -69
267.563 -69
267.56 -69
267.557 -69
267.553 -69
267.55 -69
267.547 -69
267.544 -69
267.54 -69
267.537 -69
267.534 -69
267.531 -69
267.527 -69
267.524 -69
267.521 -69
267.518 -69
267.514 -69
267.511 -69
267.508 -69
267.505 -69
267.502 -69
267.498 -69
267.495 -69
267.492 -69
267.489 -69
267.485 -69
267.482 -69
267.479 -69
267.476 -69
267.473 -69
267.469 -69
267.466 -69
267.463 -69
267.46 -69
267.457 -69
267.453 -69
267.45 -69
267.447 -69
267.444 -69
267.441 -69
267.438 -69
267.434 -69
267.431 -69
267.428 -69
267.425 -69
267.422 -69
267.419 -69
267.415 -69
267.412 -69
267.409 -69
267.406 -69
267.403 -69
267.4 -69
267.397 -69
267.393 -69
267.39 -69
267.387 -69
267.384 -69
267.381 -69
267.378 -69
267.375 -69
267.372 -69
267.368 -69
267.365 -69
267.362 -69
267.359 -69
267.356 -69
267.353 -69
267.35 -69
267.347 -69
267.344 -69
267.34 -69
267.337 -69
267.334 -69
267.331 -69
267.328 -69
267.325 -69
267.322 -69
267.319 -69
267.316 -69
267.313 -69
267.31 -69
267.307 -69
267.304 -69
267.301 -69
267.297 -69
267.294 -69
267.291 -69
267.288 -69
267.285 -69
267.282 -69
267.279 -69
267.276 -69
267.273 -69
267.27 -69
267.267 -69
267.264 -69
267.261 -69
267.258 -69
267.255 -69
267.252 -69
267.249 -69
267.246 -69
267.243 -69
267.24 -69
267.237 -69
267.234 -69
267.231 -69
267.228 -69
267.225 -69
267.222 -69
267.219 -69
267.216 -69
267.213 -69
267.21 -69
267.207 -69
267.204 -69
267.201 -69
267.198 -69
267.195 -69
267.192 -69
267.189 -69
267.186 -69
267.183 -69
267.18 -69
267.177 -69
267.174 -69
267.171 -69
267.169 -69
267.166 -69
267.163 -69
267.16 -69
267.157 -69
267.154 -69
267.151 -69
267.148 -69
267.145 -69
267.142 -69
267.139 -69
267.136 -69
267.133 -69
267.13 -69
267.128 -69
267.125 -69
267.122 -69
267.119 -69
267.116 -69
267.113 -69
267.11 -69
267.107 -69
267.104 -69
267.102 -69
267.099 -69
267.096 -69
267.093 -69
267.09 -69
267.087 -69
267.084 -69
267.081 -69
267.079 -69
267.076 -69
267.073 -69
267.07 -69
267.067 -69
267.064 -69
267.061 -69
267.059 -69
267.056 -69
267.053 -69
267.05 -69
267.047 -69
267.044 -69
267.042 -69
267.039 -69
267.036 -69
267.033 -69
267.03 -69
267.027 -69
267.025 -69
267.022 -69
267.019 -69
267.016 -69
267.013 -69
267.011 -69
267.008 -69
267.005 -69
267.002 -69
266.999 -69
266.997 -69
266.994 -69
266.991 -69
266.988 -69
266.986 -69
266.983 -69
266.98 -69
266.977 -69
266.974 -69
266.972 -69
266.969 -69
266.966 -69
266.963 -69
266.961 -69
266.958 -69
266.955 -69
266.952 -69
266.95 -69
266.947 -69
266.944 -69
266.941 -69
266.939 -69
266.936 -69
266.933 -69
266.93 -69
266.928 -69
266.925 -69
266.922 -69
266.92 -69
266.917 -69
266.914 -69
266.911 -69
266.909 -69
266.906 -69
266.903 -69
266.901 -69
266.898 -69
266.895 -69
266.893 -69
266.89 -69
266.887 -69
266.885 -69
266.882 -69
266.879 -69
266.877 -69
266.874 -69
266.871 -69
266.868 -69
266.866 -69
266.863 -69
266.861 -69
266.858 -69
266.855 -69
266.853 -69
266.85 -69
266.847 -69
266.845 -69
266.842 -69
266.839 -69
266.837 -69
266.834 -69
266.831 -69
266.829 -69
266.826 -69
266.824 -69
266.821 -69
266.818 -69
266.816 -69
266.813 -69
266.81 -69
266.808 -69
266.805 -69
266.803 -69
266.8 -69
266.797 -69
266.795 -69
266.792 -69
266.79 -69
266.787 -69
266.784 -69
266.782 -69
266.779 -69
266.777 -69
266.774 -69
266.772 -69
266.769 -69
266.766 -69
266.764 -69
266.761 -69
266.759 -69
266.756 -69
266.754 -69
266.751 -69
266.749 -69
266.746 -69
266.743 -69
266.741 -69
266.738 -69
266.736 -69
266.733 -69
266.731 -69
266.728 -69
266.726 -69
266.723 -69
266.721 -69
266.718 -69
266.716 -69
266.713 -69
266.711 -69
266.708 -69
266.706 -69
266.703 -69
266.701 -69
266.698 -69
266.696 -69
266.693 -69
266.691 -69
266.688 -69
266.686 -69
266.683 -69
266.681 -69
266.678 -69
266.676 -69
266.673 -69
266.671 -69
266.668 -69
266.666 -69
266.663 -69
266.661 -69
266.658 -69
266.656 -69
266.654 -69
266.651 -69
266.649 -69
266.646 -69
266.644 -69
266.641 -69
266.639 -69
266.636 -69
266.634 -69
266.632 -69
266.629 -69
266.627 -69
266.624 -69
266.622 -69
266.619 -69
266.617 -69
266.615 -69
266.612 -69
266.61 -69
266.607 -69
266.605 -69
266.603 -69
266.6 -69
266.598 -69
266.595 -69
266.593 -69
266.591 -69
266.588 -69
266.586 -69
266.584 -69
266.581 -69
266.579 -69
266.576 -69
266.574 -69
266.572 -69
266.569 -69
266.567 -69
266.565 -69
266.562 -69
266.56 -69
266.558 -69
266.555 -69
266.553 -69
266.551 -69
266.548 -69
266.546 -69
266.543 -69
266.541 -69
266.539 -69
266.537 -69
266.534 -69
266.532 -69
266.53 -69
266.527 -69
266.525 -69
266.523 -69
266.52 -69
266.518 -69
266.516 -69
266.513 -69
266.511 -69
266.509 -69
266.506 -69
266.504 -69
266.502 -69
266.5 -69
266.497 -69
266.495 -69
266.493 -69
266.49 -69
266.488 -69
266.486 -69
266.484 -69
266.481 -69
266.479 -69
266.477 -69
266.475 -69
266.472 -69
266.47 -69
266.468 -69
266.466 -69
266.463 -69
266.461 -69
266.459 -69
266.457 -69
266.454 -69
266.452 -69
266.45 -69
266.448 -69
266.445 -69
266.443 -69
266.441 -69
266.439 -69
266.436 -69
266.434 -69
266.432 -69
266.43 -69
266.428 -69
266.425 -69
266.423 -69
266.421 -69
266.419 -69
266.417 -69
266.414 -69
266.412 -69
266.41 -69
266.408 -69
266.406 -69
266.403 -69
266.401 -69
266.399 -69
266.397 -69
266.395 -69
266.393 -69
266.39 -69
266.388 -69
266.386 -69
266.384 -69
266.382 -69
266.38 -69
266.377 -69
266.375 -69
266.373 -69
266.371 -69
266.369 -69
266.367 -69
266.365 -69
266.362 -69
266.36 -69
266.358 -69
266.356 -69
266.354 -69
266.352 -69
266.35 -69
266.348 -69
266.345 -69
266.343 -69
266.341 -69
266.339 -69
266.337 -69
266.335 -69
266.333 -69
266.331 -69
266.329 -69
266.327 -69
266.324 -69
266.322 -69
266.32 -69
266.318 -69
266.316 -69
266.314 -69
266.312 -69
266.31 -69
266.308 -69
266.306 -69
266.304 -69
266.302 -69
266.3 -69
266.298 -69
266.295 -69
266.293 -69
266.291 -69
266.289 -69
266.287 -69
266.285 -69
266.283 -69
266.281 -69
266.279 -69
266.277 -69
266.275 -69
266.273 -69
266.271 -69
266.269 -69
266.267 -69
266.265 -69
266.263 -69
266.261 -69
266.259 -69
266.257 -69
266.255 -69
266.253 -69
266.251 -69
266.249 -69
266.247 -69
266.245 -69
266.243 -69
266.241 -69
266.239 -69
266.237 -69
266.235 -69
266.233 -69
266.231 -69
266.229 -69
266.227 -69
266.225 -69
266.223 -69
266.221 -69
266.219 -69
266.217 -69
266.215 -69
266.213 -69
266.211 -69
266.209 -69
266.208 -69
266.206 -69
266.204 -69
266.202 -69
266.2 -69
266.198 -69
266.196 -69
266.194 -69
266.192 -69
266.19 -69
266.188 -69
266.186 -69
266.184 -69
266.182 -69
266.181 -69
266.179 -69
266.177 -69
266.175 -69
266.173 -69
266.171 -69
266.169 -69
266.167 -69
266.165 -69
266.163 -69
266.162 -69
266.16 -69
266.158 -69
266.156 -69
266.154 -69
266.152 -69
266.15 -69
266.148 -69
266.147 -69
266.145 -69
266.143 -69
266.141 -69
266.139 -69
266.137 -69
266.135 -69
266.134 -69
266.132 -69
266.13 -69
266.128 -69
266.126 -69
266.124 -69
266.123 -69
266.121 -69
266.119 -69
266.117 -69
266.115 -69
266.113 -69
266.112 -69
266.11 -69
266.108 -69
266.106 -69
266.104 -69
266.103 -69
266.101 -69
266.099 -69
266.097 -69
266.095 -69
266.094 -69
266.092 -69
266.09 -69
266.088 -69
266.086 -69
266.085 -69
266.083 -69
266.081 -69
266.079 -69
266.078 -69
266.076 -69
266.074 -69
266.072 -69
266.07 -69
266.069 -69
266.067 -69
266.065 -69
266.063 -69
266.062 -69
266.06 -69
266.058 -69
266.056 -69
266.055 -69
266.053 -69
266.051 -69
266.049 -69
266.048 -69
266.046 -69
266.044 -69
266.042 -69
266.041 -69
266.039 -69
266.037 -69
266.035 -69
266.034 -69
266.032 -69
266.03 -69
266.029 -69
266.027 -69
266.025 -69
266.023 -69
266.022 -69
266.02 -69
266.018 -69
266.017 -69
266.015 -69
266.013 -69
266.012 -69
266.01 -69
266.008 -69
266.007 -69
266.005 -69
266.003 -69
266.001 -69
266 -69
265.998 -69
265.996 -69
265.995 -69
265.993 -69
265.991 -69
265.99 -69
265.988 -69
265.987 -69
265.985 -69
265.983 -69
265.982 -69
265.98 -69
265.978 -69
265.977 -69
265.975 -69
265.973 -69
265.972 -69
265.97 -69
265.969 -69
265.967 -69
265.965 -69
265.964 -69
265.962 -69
265.96 -69
265.959 -69
265.957 -69
265.956 -69
265.954 -69
265.952 -69
265.951 -69
265.949 -69
265.948 -69
265.946 -69
265.944 -69
265.943 -69
265.941 -69
265.94 -69
265.938 -69
265.937 -69
265.935 -69
265.933 -69
265.932 -69
265.93 -69
265.929 -69
265.927 -69
265.926 -69
265.924 -69
265.922 -69
265.921 -69
265.919 -69
265.918 -69
265.916 -69
265.915 -69
265.913 -69
265.912 -69
265.91 -69
265.909 -69
265.907 -69
265.906 -69
265.904 -69
265.902 -69
265.901 -69
265.899 -69
265.898 -69
265.896 -69
265.895 -69
265.893 -69
265.892 -69
265.89 -69
265.889 -69
265.887 -69
265.886 -69
265.884 -69
265.883 -69
265.881 -69
265.88 -69
265.878 -69
265.877 -69
265.876 -69
265.874 -69
265.873 -69
265.871 -69
265.87 -69
265.868 -69
265.867 -69
265.865 -69
265.864 -69
265.862 -69
265.861 -69
265.859 -69
265.858 -69
265.857 -69
265.855 -69
265.854 -69
265.852 -69
265.851 -69
265.849 -69
265.848 -69
265.847 -69
265.845 -69
265.844 -69
265.842 -69
265.841 -69
265.839 -69
265.838 -69
265.837 -69
265.835 -69
265.834 -69
265.832 -69
265.831 -69
265.83 -69
265.828 -69
265.827 -69
265.825 -69
265.824 -69
265.823 -69
265.821 -69
265.82 -69
265.819 -69
265.817 -69
265.816 -69
265.814 -69
265.813 -69
265.812 -69
265.81 -69
265.809 -69
265.808 -69
265.806 -69
265.805 -69
265.804 -69
265.802 -69
265.801 -69
265.799 -69
265.798 -69
265.797 -69
265.795 -69
265.794 -69
265.793 -69
265.791 -69
265.79 -69
265.789 -69
265.788 -69
265.786 -69
265.785 -69
265.784 -69
265.782 -69
265.781 -69
265.78 -69
265.778 -69
265.777 -69
265.776 -69
265.774 -69
265.773 -69
265.772 -69
265.771 -69
265.769 -69
265.768 -69
265.767 -69
265.765 -69
265.764 -69
265.763 -69
265.762 -69
265.76 -69
265.759 -69
265.758 -69
265.757 -69
265.755 -69
265.754 -69
265.753 -69
265.752 -69
265.75 -69
265.749 -69
265.748 -69
265.747 -69
265.745 -69
265.744 -69
265.743 -69
265.742 -69
265.74 -69
265.739 -69
265.738 -69
265.737 -69
265.735 -69
265.734 -69
265.733 -69
265.732 -69
265.731 -69
265.729 -69
265.728 -69
265.727 -69
265.726 -69
265.725 -69
265.723 -69
265.722 -69
265.721 -69
265.72 -69
265.719 -69
265.718 -69
265.716 -69
265.715 -69
265.714 -69
265.713 -69
265.712 -69
265.71 -69
265.709 -69
265.708 -69
265.707 -69
265.706 -69
265.705 -69
265.704 -69
265.702 -69
265.701 -69
265.7 -69
265.699 -69
265.698 -69
265.697 -69
265.696 -69
265.694 -69
265.693 -69
265.692 -69
265.691 -69
265.69 -69
265.689 -69
265.688 -69
265.687 -69
265.685 -69
265.684 -69
265.683 -69
265.682 -69
265.681 -69
265.68 -69
265.679 -69
265.678 -69
265.677 -69
265.675 -69
265.674 -69
265.673 -69
265.672 -69
265.671 -69
265.67 -69
265.669 -69
265.668 -69
265.667 -69
265.666 -69
265.665 -69
265.664 -69
265.663 -69
265.662 -69
265.66 -69
265.659 -69
265.658 -69
265.657 -69
265.656 -69
265.655 -69
265.654 -69
265.653 -69
265.652 -69
265.651 -69
265.65 -69
265.649 -69
265.648 -69
265.647 -69
265.646 -69
265.645 -69
265.644 -69
265.643 -69
265.642 -69
265.641 -69
265.64 -69
265.639 -69
265.638 -69
265.637 -69
265.636 -69
265.635 -69
265.634 -69
265.633 -69
265.632 -69
265.631 -69
265.63 -69
265.629 -69
265.628 -69
265.627 -69
265.626 -69
265.625 -69
265.624 -69
265.623 -69
265.622 -69
265.621 -69
265.62 -69
265.619 -69
265.618 -69
265.617 -69
265.616 -69
265.615 -69
265.614 -69
265.614 -69
265.613 -69
265.612 -69
265.611 -69
265.61 -69
265.609 -69
265.608 -69
265.607 -69
265.606 -69
265.605 -69
265.604 -69
265.603 -69
265.602 -69
265.602 -69
265.601 -69
265.6 -69
265.599 -69
265.598 -69
265.597 -69
265.596 -69
265.595 -69
265.594 -69
265.593 -69
265.593 -69
265.592 -69
265.591 -69
265.59 -69
265.589 -69
265.588 -69
265.587 -69
265.586 -69
265.586 -69
265.585 -69
265.584 -69
265.583 -69
265.582 -69
265.581 -69
265.58 -69
265.58 -69
265.579 -69
265.578 -69
265.577 -69
265.576 -69
265.575 -69
265.575 -69
265.574 -69
265.573 -69
265.572 -69
265.571 -69
265.57 -69
265.57 -69
265.569 -69
265.568 -69
265.567 -69
265.566 -69
265.566 -69
265.565 -69
265.564 -69
265.563 -69
265.562 -69
265.562 -69
265.561 -69
265.56 -69
265.559 -69
265.558 -69
265.558 -69
265.557 -69
265.556 -69
265.555 -69
265.554 -69
265.554 -69
265.553 -69
265.552 -69
265.551 -69
265.551 -69
265.55 -69
265.549 -69
265.548 -69
265.548 -69
265.547 -69
265.546 -69
265.545 -69
265.545 -69
265.544 -69
265.543 -69
265.542 -69
265.542 -69
265.541 -69
265.54 -69
265.54 -69
265.539 -69
265.538 -69
265.537 -69
265.537 -69
265.536 -69
265.535 -69
265.535 -69
265.534 -69
265.533 -69
265.532 -69
265.532 -69
265.531 -69
265.53 -69
265.53 -69
265.529 -69
265.528 -69
265.528 -69
265.527 -69
265.526 -69
265.526 -69
265.525 -69
265.524 -69
265.524 -69
265.523 -69
265.522 -69
265.522 -69
265.521 -69
265.52 -69
265.52 -69
265.519 -69
265.518 -69
265.518 -69
265.517 -69
265.516 -69
265.516 -69
265.515 -69
265.514 -69
265.514 -69
265.513 -69
265.513 -69
265.512 -69
265.511 -69
265.511 -69
265.51 -69
265.509 -69
265.509 -69
265.508 -69
265.508 -69
265.507 -69
265.506 -69
265.506 -69
265.505 -69
265.504 -69
265.504 -69
265.503 -69
265.503 -69
265.502 -69
265.501 -69
265.501 -69
265.5 -69
265.5 -69
265.499 -69
265.498 -69
265.498 -69
265.497 -69
265.497 -69
265.496 -69
265.495 -69
265.495 -69
265.494 -69
265.494 -69
265.493 -69
265.493 -69
265.492 -69
265.491 -69
265.491 -69
265.49 -69
265.49 -69
265.489 -69
265.489 -69
265.488 -69
265.488 -69
265.487 -69
265.486 -69
265.486 -69
265.485 -69
265.485 -69
265.484 -69
265.484 -69
265.483 -69
265.483 -69
265.482 -69
265.482 -69
265.481 -69
265.481 -69
265.48 -69
265.48 -69
265.479 -69
265.479 -69
265.478 -69
265.478 -69
265.477 -69
265.477 -69
265.476 -69
265.476 -69
265.475 -69
265.475 -69
265.474 -69
265.474 -69
265.473 -69
265.473 -69
265.472 -69
265.472 -69
265.471 -69
265.471 -69
265.47 -69
265.47 -69
265.469 -69
265.469 -69
265.469 -69
265.468 -69
265.468 -69
265.467 -69
265.467 -69
265.466 -69
265.466 -69
265.465 -69
265.465 -69
265.465 -69
265.464 -69
265.464 -69
265.463 -69
265.463 -69
265.462 -69
265.462 -69
265.462 -69
265.461 -69
265.461 -69
265.46 -69
265.46 -69
265.46 -69
265.459 -69
265.459 -69
265.458 -69
265.458 -69
265.458 -69
265.457 -69
265.457 -69
265.456 -69
265.456 -69
265.456 -69
265.455 -69
265.455 -69
265.455 -69
265.454 -69
265.454 -69
265.453 -69
265.453 -69
265.453 -69
265.452 -69
265.452 -69
265.452 -69
265.451 -69
265.451 -69
265.451 -69
265.45 -69
265.45 -69
265.45 -69
265.449 -69
265.449 -69
265.449 -69
265.448 -69
265.448 -69
265.448 -69
265.447 -69
265.447 -69
265.447 -69
265.446 -69
265.446 -69
265.446 -69
265.445 -69
265.445 -69
265.445 -69
265.445 -69
265.444 -69
265.444 -69
265.444 -69
265.443 -69
265.443 -69
265.443 -69
265.443 -69
265.442 -69
265.442 -69
265.442 -69
265.441 -69
265.441 -69
265.441 -69
265.441 -69
265.44 -69
265.44 -69
265.44 -69
265.44 -69
265.439 -69
265.439 -69
265.439 -69
265.439 -69
265.438 -69
265.438 -69
265.438 -69
265.438 -69
265.437 -69
265.437 -69
265.437 -69
265.437 -69
265.436 -69
265.436 -69
265.436 -69
265.436 -69
265.436 -69
265.435 -69
265.435 -69
265.435 -69
265.435 -69
265.435 -69
265.434 -69
265.434 -69
265.434 -69
265.434 -69
265.434 -69
265.433 -69
265.433 -69
265.433 -69
265.433 -69
265.433 -69
265.432 -69
265.432 -69
265.432 -69
265.432 -69
265.432 -69
265.431 -69
265.431 -69
265.431 -69
265.431 -69
265.431 -69
265.431 -69
265.43 -69
265.43 -69
265.43 -69
265.43 -69
265.43 -69
265.43 -69
265.429 -69
265.429 -69
265.429 -69
265.429 -69
265.429 -69
265.429 -69
265.428 -69
265.428 -69
265.428 -69
265.428 -69
265.428 -69
265.428 -69
265.428 -69
265.428 -69
265.427 -69
265.427 -69
265.427 -69
265.427 -69
265.427 -69
265.427 -69
265.427 -69
265.427 -69
265.426 -69
265.426 -69
265.426 -69
265.426 -69
265.426 -69
265.426 -69
265.426 -69
265.426 -69
265.426 -69
265.426 -69
265.426 -69
265.425 -69
265.425 -69
265.425 -69
265.425 -69
265.425 -69
265.425 -69
265.425 -69
265.425 -69
265.425 -69
265.425 -69
265.425 -69
265.425 -69
265.425 -69
265.425 -69
265.425 -69
265.424 -69
265.424 -69
265.424 -69
265.424 -69
265.424 -69
265.424 -69
265.424 -69
265.424 -69
265.424 -69
265.424 -69
265.424 -69
265.424 -69
265.424 -69
265.424 -69
265.424 -69
265.424 -69
265.424 -69
265.424 -69
265.424 -69
265.424 -69
265.424 -69
265.424 -69
265.424 -69
265.424 -69
265.424 -69
265.424 -69
265.424 -69
265.424 -69
265.424 -69
265.424 -69
265.424 -69
265.424 -69
265.424 -69
265.424 -69
265.424 -69
265.424 -69
265.424 -69
265.424 -69
265.425 -69
265.425 -69
265.425 -69
265.425 -69
265.425 -69
265.425 -69
265.425 -69
265.425 -69
265.425 -69
265.425 -69
265.425 -69
265.425 -69
265.425 -69
265.425 -69
265.426 -69
265.426 -69
265.426 -69
265.426 -69
265.426 -69
265.426 -69
265.426 -69
265.426 -69
265.427 -69
265.427 -69
265.427 -69
265.427 -69
265.427 -69
265.427 -69
265.427 -69
265.428 -69
265.428 -69
265.428 -69
265.428 -69
265.428 -69
265.428 -69
265.429 -69
265.429 -69
265.429 -69
265.429 -69
265.429 -69
265.429 -69
265.43 -69
265.43 -69
265.43 -69
265.43 -69
265.43 -69
265.431 -69
265.431 -69
265.431 -69
265.431 -69
265.431 -69
265.432 -69
265.432 -69
265.432 -69
265.432 -69
265.432 -69
265.433 -69
265.433 -69
265.433 -69
265.433 -69
265.434 -69
265.434 -69
265.434 -69
265.434 -69
265.435 -69
265.435 -69
265.435 -69
265.435 -69
265.436 -69
265.436 -69
265.436 -69
265.436 -69
265.437 -69
265.437 -69
265.437 -69
265.437 -69
265.438 -69
265.438 -69
265.438 -69
265.438 -69
265.439 -69
265.439 -69
265.439 -69
265.44 -69
265.44 -69
265.44 -69
265.44 -69
265.441 -69
265.441 -69
265.441 -69
265.442 -69
265.442 -69
265.442 -69
265.443 -69
265.443 -69
265.443 -69
265.443 -69
265.444 -69
265.444 -69
265.444 -69
265.445 -69
265.445 -69
265.445 -69
265.446 -69
265.446 -69
265.446 -69
265.447 -69
265.447 -69
265.447 -69
265.448 -69
265.448 -69
265.448 -69
265.449 -69
265.449 -69
265.45 -69
265.45 -69
265.45 -69
265.451 -69
265.451 -69
265.451 -69
265.452 -69
265.452 -69
265.453 -69
265.453 -69
265.453 -69
265.454 -69
265.454 -69
265.454 -69
265.455 -69
265.455 -69
265.456 -69
265.456 -69
265.456 -69
265.457 -69
265.457 -69
265.458 -69
265.458 -69
265.459 -69
265.459 -69
265.459 -69
265.46 -69
265.46 -69
265.461 -69
265.461 -69
265.461 -69
265.462 -69
265.462 -69
265.463 -69
265.463 -69
265.464 -69
265.464 -69
265.465 -69
265.465 -69
265.465 -69
265.466 -69
265.466 -69
265.467 -69
265.467 -69
265.468 -69
265.468 -69
265.469 -69
265.469 -69
265.47 -69
265.47 -69
265.471 -69
265.471 -69
265.472 -69
265.472 -69
265.473 -69
265.473 -69
265.474 -69
265.474 -69
265.475 -69
265.475 -69
265.476 -69
265.476 -69
265.477 -69
265.477 -69
265.478 -69
265.478 -69
265.479 -69
265.479 -69
265.48 -69
265.48 -69
265.481 -69
265.481 -69
265.482 -69
265.482 -69
265.483 -69
265.483 -69
265.484 -69
265.485 -69
265.485 -69
265.486 -69
265.486 -69
265.487 -69
265.487 -69
265.488 -69
265.488 -69
265.489 -69
265.49 -69
265.49 -69
265.491 -69
265.491 -69
265.492 -69
265.492 -69
265.493 -69
265.494 -69
265.494 -69
265.495 -69
265.495 -69
265.496 -69
265.497 -69
265.497 -69
265.498 -69
265.498 -69
265.499 -69
265.5 -69
265.5 -69
265.501 -69
265.501 -69
265.502 -69
265.503 -69
265.503 -69
265.504 -69
265.505 -69
265.505 -69
265.506 -69
265.506 -69
265.507 -69
265.508 -69
265.508 -69
265.509 -69
265.51 -69
265.51 -69
265.511 -69
265.512 -69
265.512 -69
265.513 -69
265.514 -69
265.514 -69
265.515 -69
265.516 -69
265.516 -69
265.517 -69
265.518 -69
265.518 -69
265.519 -69
265.52 -69
265.52 -69
265.521 -69
265.522 -69
265.522 -69
265.523 -69
265.524 -69
265.525 -69
265.525 -69
265.526 -69
265.527 -69
265.527 -69
265.528 -69
265.529 -69
265.53 -69
265.53 -69
265.531 -69
265.532 -69
265.532 -69
265.533 -69
265.534 -69
265.535 -69
265.535 -69
265.536 -69
265.537 -69
265.538 -69
265.538 -69
265.539 -69
265.54 -69
265.541 -69
265.541 -69
265.542 -69
265.543 -69
265.544 -69
265.544 -69
265.545 -69
265.546 -69
265.547 -69
265.548 -69
265.548 -69
265.549 -69
265.55 -69
265.551 -69
265.551 -69
265.552 -69
265.553 -69
265.554 -69
265.555 -69
265.555 -69
265.556 -69
265.557 -69
265.558 -69
265.559 -69
265.559 -69
265.56 -69
265.561 -69
265.562 -69
265.563 -69
265.564 -69
265.564 -69
265.565 -69
265.566 -69
265.567 -69
265.568 -69
265.569 -69
265.569 -69
265.57 -69
265.571 -69
265.572 -69
265.573 -69
265.574 -69
265.575 -69
265.575 -69
265.576 -69
265.577 -69
265.578 -69
265.579 -69
265.58 -69
265.581 -69
265.581 -69
265.582 -69
265.583 -69
265.584 -69
265.585 -69
265.586 -69
265.587 -69
265.588 -69
265.589 -69
265.589 -69
265.59 -69
265.591 -69
265.592 -69
265.593 -69
265.594 -69
265.595 -69
265.596 -69
265.597 -69
265.598 -69
265.599 -69
265.599 -69
265.6 -69
265.601 -69
265.602 -69
265.603 -69
265.604 -69
265.605 -69
265.606 -69
265.607 -69
265.608 -69
265.609 -69
265.61 -69
265.611 -69
265.612 -69
265.613 -69
265.614 -69
265.615 -69
265.616 -69
265.617 -69
265.617 -69
265.618 -69
265.619 -69
265.62 -69
265.621 -69
265.622 -69
265.623 -69
265.624 -69
265.625 -69
265.626 -69
265.627 -69
265.628 -69
265.629 -69
265.63 -69
265.631 -69
265.632 -69
265.633 -69
265.634 -69
265.635 -69
265.636 -69
265.637 -69
265.638 -69
265.639 -69
265.64 -69
265.642 -69
265.643 -69
265.644 -69
265.645 -69
265.646 -69
265.647 -69
265.648 -69
265.649 -69
265.65 -69
265.651 -69
265.652 -69
265.653 -69
265.654 -69
265.655 -69
265.656 -69
265.657 -69
265.658 -69
265.659 -69
265.66 -69
265.662 -69
265.663 -69
265.664 -69
265.665 -69
265.666 -69
265.667 -69
265.668 -69
265.669 -69
265.67 -69
265.671 -69
265.672 -69
265.674 -69
265.675 -69
265.676 -69
265.677 -69
265.678 -69
265.679 -69
265.68 -69
265.681 -69
265.682 -69
265.684 -69
265.685 -69
265.686 -69
265.687 -69
265.688 -69
265.689 -69
265.69 -69
265.691 -69
265.693 -69
265.694 -69
265.695 -69
265.696 -69
265.697 -69
265.698 -69
265.7 -69
265.701 -69
265.702 -69
265.703 -69
265.704 -69
265.705 -69
265.706 -69
265.708 -69
265.709 -69
265.71 -69
265.711 -69
265.712 -69
265.714 -69
265.715 -69
265.716 -69
265.717 -69
265.718 -69
265.72 -69
265.721 -69
265.722 -69
265.723 -69
265.724 -69
265.726 -69
265.727 -69
265.728 -69
265.729 -69
265.73 -69
265.732 -69
265.733 -69
265.734 -69
265.735 -69
265.737 -69
265.738 -69
265.739 -69
265.74 -69
265.742 -69
265.743 -69
265.744 -69
265.745 -69
265.747 -69
265.748 -69
265.749 -69
265.75 -69
265.752 -69
265.753 -69
265.754 -69
265.755 -69
265.757 -69
265.758 -69
265.759 -69
265.76 -69
265.762 -69
265.763 -69
265.764 -69
265.766 -69
265.767 -69
265.768 -69
265.769 -69
265.771 -69
265.772 -69
265.773 -69
265.775 -69
265.776 -69
265.777 -69
265.779 -69
265.78 -69
265.781 -69
265.783 -69
265.784 -69
265.785 -69
265.787 -69
265.788 -69
265.789 -69
265.791 -69
265.792 -69
265.793 -69
265.795 -69
265.796 -69
265.797 -69
265.799 -69
265.8 -69
265.801 -69
265.803 -69
265.804 -69
265.805 -69
265.807 -69
265.808 -69
265.809 -69
265.811 -69
265.812 -69
265.814 -69
265.815 -69
265.816 -69
265.818 -69
265.819 -69
265.821 -69
265.822 -69
265.823 -69
265.825 -69
265.826 -69
265.827 -69
265.829 -69
265.83 -69
265.832 -69
265.833 -69
265.835 -69
265.836 -69
265.837 -69
265.839 -69
265.84 -69
265.842 -69
265.843 -69
265.844 -69
265.846 -69
265.847 -69
265.849 -69
265.85 -69
265.852 -69
265.853 -69
265.855 -69
265.856 -69
265.857 -69
265.859 -69
265.86 -69
265.862 -69
265.863 -69
265.865 -69
265.866 -69
265.868 -69
265.869 -69
265.871 -69
265.872 -69
265.874 -69
265.875 -69
265.877 -69
265.878 -69
265.879 -69
265.881 -69
265.882 -69
265.884 -69
265.885 -69
265.887 -69
265.888 -69
265.89 -69
265.891 -69
265.893 -69
265.895 -69
265.896 -69
265.898 -69
265.899 -69
265.901 -69
265.902 -69
265.904 -69
265.905 -69
265.907 -69
265.908 -69
265.91 -69
265.911 -69
265.913 -69
265.914 -69
265.916 -69
265.917 -69
265.919 -69
265.921 -69
265.922 -69
265.924 -69
265.925 -69
265.927 -69
265.928 -69
265.93 -69
265.932 -69
265.933 -69
265.935 -69
265.936 -69
265.938 -69
265.939 -69
265.941 -69
265.943 -69
265.944 -69
265.946 -69
265.947 -69
265.949 -69
265.951 -69
265.952 -69
265.954 -69
265.955 -69
265.957 -69
265.959 -69
265.96 -69
265.962 -69
265.963 -69
265.965 -69
265.967 -69
265.968 -69
265.97 -69
265.972 -69
265.973 -69
265.975 -69
265.976 -69
265.978 -69
265.98 -69
265.981 -69
265.983 -69
265.985 -69
265.986 -69
265.988 -69
265.99 -69
265.991 -69
265.993 -69
265.995 -69
265.996 -69
265.998 -69
266 -69
266.001 -69
266.003 -69
266.005 -69
266.006 -69
266.008 -69
266.01 -69
266.011 -69
266.013 -69
266.015 -69
266.017 -69
266.018 -69
266.02 -69
266.022 -69
266.023 -69
266.025 -69
266.027 -69
266.028 -69
266.03 -69
266.032 -69
266.034 -69
266.035 -69
266.037 -69
266.039 -69
266.041 -69
266.042 -69
266.044 -69
266.046 -69
266.047 -69
266.049 -69
266.051 -69
266.053 -69
266.054 -69
266.056 -69
266.058 -69
266.06 -69
266.061 -69
266.063 -69
266.065 -69
266.067 -69
266.069 -69
266.07 -69
266.072 -69
266.074 -69
266.076 -69
266.077 -69
266.079 -69
266.081 -69
266.083 -69
266.085 -69
266.086 -69
266.088 -69
266.09 -69
266.092 -69
266.094 -69
266.095 -69
266.097 -69
266.099 -69
266.101 -69
266.103 -69
266.104 -69
266.106 -69
266.108 -69
266.11 -69
266.112 -69
266.114 -69
266.115 -69
266.117 -69
266.119 -69
266.121 -69
266.123 -69
266.125 -69
266.126 -69
266.128 -69
266.13 -69
266.132 -69
266.134 -69
266.136 -69
266.138 -69
266.139 -69
266.141 -69
266.143 -69
266.145 -69
266.147 -69
266.149 -69
266.151 -69
266.153 -69
266.154 -69
266.156 -69
266.158 -69
266.16 -69
266.162 -69
266.164 -69
266.166 -69
266.168 -69
266.17 -69
266.172 -69
266.173 -69
266.175 -69
266.177 -69
266.179 -69
266.181 -69
266.183 -69
266.185 -69
266.187 -69
266.189 -69
266.191 -69
266.193 -69
266.195 -69
266.196 -69
266.198 -69
266.2 -69
266.202 -69
266.204 -69
266.206 -69
266.208 -69
266.21 -69
266.212 -69
266.214 -69
266.216 -69
266.218 -69
266.22 -69
266.222 -69
266.224 -69
266.226 -69
266.228 -69
266.23 -69
266.232 -69
266.234 -69
266.236 -69
266.238 -69
266.24 -69
266.242 -69
266.244 -69
266.246 -69
266.248 -69
266.25 -69
266.252 -69
266.254 -69
266.256 -69
266.258 -69
266.26 -69
266.262 -69
266.264 -69
266.266 -69
266.268 -69
266.27 -69
266.272 -69
266.274 -69
266.276 -69
266.278 -69
266.28 -69
266.282 -69
266.284 -69
266.286 -69
266.288 -69
266.29 -69
266.292 -69
266.294 -69
266.296 -69
266.299 -69
266.301 -69
266.303 -69
266.305 -69
266.307 -69
266.309 -69
266.311 -69
266.313 -69
266.315 -69
266.317 -69
266.319 -69
266.321 -69
266.323 -69
266.326 -69
266.328 -69
266.33 -69
266.332 -69
266.334 -69
266.336 -69
266.338 -69
266.34 -69
266.342 -69
266.344 -69
266.347 -69
266.349 -69
266.351 -69
266.353 -69
266.355 -69
266.357 -69
266.359 -69
266.362 -69
266.364 -69
266.366 -69
266.368 -69
266.37 -69
266.372 -69
266.375 -69
266.377 -69
266.379 -69
266.381 -69
266.383 -69
266.385 -69
266.388 -69
266.39 -69
266.392 -69
266.394 -69
266.396 -69
266.399 -69
266.401 -69
266.403 -69
266.405 -69
266.407 -69
266.41 -69
266.412 -69
266.414 -69
266.416 -69
266.419 -69
266.421 -69
266.423 -69
266.425 -69
266.427 -69
266.43 -69
266.432 -69
266.434 -69
266.436 -69
266.439 -69
266.441 -69
266.443 -69
266.445 -69
266.448 -69
266.45 -69
266.452 -69
266.454 -69
266.457 -69
266.459 -69
266.461 -69
266.463 -69
266.466 -69
266.468 -69
266.47 -69
266.473 -69
266.475 -69
266.477 -69
266.479 -69
266.482 -69
266.484 -69
266.486 -69
266.489 -69
266.491 -69
266.493 -69
266.496 -69
266.498 -69
266.5 -69
266.502 -69
266.505 -69
266.507 -69
266.509 -69
266.512 -69
266.514 -69
266.516 -69
266.519 -69
266.521 -69
266.523 -69
266.526 -69
266.528 -69
266.53 -69
266.533 -69
266.535 -69
266.537 -69
266.54 -69
266.542 -69
266.545 -69
266.547 -69
266.549 -69
266.552 -69
266.554 -69
266.556 -69
266.559 -69
266.561 -69
266.563 -69
266.566 -69
266.568 -69
266.571 -69
266.573 -69
266.575 -69
266.578 -69
266.58 -69
266.583 -69
266.585 -69
266.587 -69
266.59 -69
266.592 -69
266.595 -69
266.597 -69
266.599 -69
266.602 -69
266.604 -69
266.607 -69
266.609 -69
266.612 -69
266.614 -69
266.616 -69
266.619 -69
266.621 -69
266.624 -69
266.626 -69
266.629 -69
266.631 -69
266.633 -69
266.636 -69
266.638 -69
266.641 -69
266.643 -69
266.646 -69
266.648 -69
266.651 -69
266.653 -69
266.656 -69
266.658 -69
266.661 -69
266.663 -69
266.666 -69
266.668 -69
266.671 -69
266.673 -69
266.675 -69
266.678 -69
266.68 -69
266.683 -69
266.685 -69
266.688 -69
266.69 -69
266.693 -69
266.695 -69
266.698 -69
266.701 -69
266.703 -69
266.706 -69
266.708 -69
266.711 -69
266.713 -69
266.716 -69
266.718 -69
266.721 -69
266.723 -69
266.726 -69
266.728 -69
266.731 -69
266.733 -69
266.736 -69
266.739 -69
266.741 -69
266.744 -69
266.746 -69
266.749 -69
266.751 -69
266.754 -69
266.756 -69
266.759 -69
266.762 -69
266.764 -69
266.767 -69
266.769 -69
266.772 -69
266.775 -69
266.777 -69
266.78 -69
266.782 -69
266.785 -69
266.788 -69
266.79 -69
266.793 -69
266.795 -69
266.798 -69
266.801 -69
266.803 -69
266.806 -69
266.808 -69
266.811 -69
266.814 -69
266.816 -69
266.819 -69
266.822 -69
266.824 -69
266.827 -69
266.829 -69
266.832 -69
266.835 -69
266.837 -69
266.84 -69
266.843 -69
266.845 -69
266.848 -69
266.851 -69
266.853 -69
266.856 -69
266.859 -69
266.861 -69
266.864 -69
266.867 -69
266.869 -69
266.872 -69
266.875 -69
266.877 -69
266.88 -69
266.883 -69
266.885 -69
266.888 -69
266.891 -69
266.893 -69
266.896 -69
266.899 -69
266.902 -69
266.904 -69
266.907 -69
266.91 -69
266.912 -69
266.915 -69
266.918 -69
266.921 -69
266.923 -69
266.926 -69
266.929 -69
266.931 -69
266.934 -69
266.937 -69
266.94 -69
266.942 -69
266.945 -69
266.948 -69
266.951 -69
266.953 -69
266.956 -69
266.959 -69
266.962 -69
266.964 -69
266.967 -69
266.97 -69
266.973 -69
266.975 -69
266.978 -69
266.981 -69
266.984 -69
266.987 -69
266.989 -69
266.992 -69
266.995 -69
266.998 -69
267 -69
267.003 -69
267.006 -69
267.009 -69
267.012 -69
267.014 -69
267.017 -69
267.02 -69
267.023 -69
267.026 -69
267.029 -69
267.031 -69
267.034 -69
267.037 -69
267.04 -69
267.043 -69
267.045 -69
267.048 -69
267.051 -69
267.054 -69
267.057 -69
267.06 -69
267.062 -69
267.065 -69
267.068 -69
267.071 -69
267.074 -69
267.077 -69
267.08 -69
267.082 -69
267.085 -69
267.088 -69
267.091 -69
267.094 -69
267.097 -69
267.1 -69
267.103 -69
267.106 -69
267.108 -69
267.111 -69
267.114 -69
267.117 -69
267.12 -69
267.123 -69
267.126 -69
267.129 -69
267.132 -69
267.134 -69
267.137 -69
267.14 -69
267.143 -69
267.146 -69
267.149 -69
267.152 -69
267.155 -69
267.158 -69
267.161 -69
267.164 -69
267.167 -69
267.17 -69
267.173 -69
267.176 -69
267.178 -69
267.181 -69
267.184 -69
267.187 -69
267.19 -69
267.193 -69
267.196 -69
267.199 -69
267.202 -69
267.205 -69
267.208 -69
267.211 -69
267.214 -69
267.217 -69
267.22 -69
267.223 -69
267.226 -69
267.229 -69
267.232 -69
267.235 -69
267.238 -69
267.241 -69
267.244 -69
267.247 -69
267.25 -69
267.253 -69
267.256 -69
267.259 -69
267.262 -69
267.265 -69
267.268 -69
267.271 -69
267.274 -69
267.277 -69
267.28 -69
267.283 -69
267.286 -69
267.289 -69
267.292 -69
267.295 -69
267.298 -69
267.302 -69
267.305 -69
267.308 -69
267.311 -69
267.314 -69
267.317 -69
267.32 -69
267.323 -69
267.326 -69
267.329 -69
267.332 -69
267.335 -69
267.338 -69
267.341 -69
267.345 -69
267.348 -69
267.351 -69
267.354 -69
267.357 -69
267.36 -69
267.363 -69
267.366 -69
267.369 -69
267.372 -69
267.376 -69
267.379 -69
267.382 -69
267.385 -69
267.388 -69
267.391 -69
267.394 -69
267.397 -69
267.401 -69
267.404 -69
267.407 -69
267.41 -69
267.413 -69
267.416 -69
267.419 -69
267.423 -69
267.426 -69
267.429 -69
267.432 -69
267.435 -69
267.438 -69
267.442 -69
267.445 -69
267.448 -69
267.451 -69
267.454 -69
267.457 -69
267.461 -69
267.464 -69
267.467 -69
267.47 -69
267.473 -69
267.477 -69
267.48 -69
267.483 -69
267.486 -69
267.489 -69
267.493 -69
267.496 -69
267.499 -69
267.502 -69
267.505 -69
267.509 -69
267.512 -69
267.515 -69
267.518 -69
267.522 -69
267.525 -69
267.528 -69
267.531 -69
267.535 -69
267.538 -69
267.541 -69
267.544 -69
267.548 -69
267.551 -69
267.554 -69
267.557 -69
267.561 -69
267.564 -69
267.567 -69
267.57 -69
267.574 -69
267.577 -69
267.58 -69
267.584 -69
267.587 -69
267.59 -69
267.593 -69
267.597 -69
267.6 -69
267.603 -69
267.607 -69
267.61 -69
267.613 -69
267.616 -69
267.62 -69
267.623 -69
267.626 -69
267.63 -69
267.633 -69
267.636 -69
267.64 -69
267.643 -69
267.646 -69
267.65 -69
267.653 -69
267.656 -69
267.66 -69
267.663 -69
267.666 -69
267.67 -69
267.673 -69
267.676 -69
267.68 -69
267.683 -69
267.687 -69
267.69 -69
267.693 -69
267.697 -69
267.7 -69
267.703 -69
267.707 -69
267.71 -69
267.714 -69
267.717 -69
267.72 -69
267.724 -69
267.727 -69
267.73 -69
267.734 -69
267.737 -69
267.741 -69
267.744 -69
267.747 -69
267.751 -69
267.754 -69
267.758 -69
267.761 -69
267.765 -69
267.768 -69
267.771 -69
267.775 -69
267.778 -69
267.782 -69
267.785 -69
267.789 -69
267.792 -69
267.795 -69
267.799 -69
267.802 -69
267.806 -69
267.809 -69
267.813 -69
267.816 -69
267.82 -69
267.823 -69
267.827 -69
267.83 -69
267.834 -69
267.837 -69
267.84 -69
267.844 -69
267.847 -69
267.851 -69
267.854 -69
267.858 -69
267.861 -69
267.865 -69
267.868 -69
267.872 -69
267.875 -69
267.879 -69
267.882 -69
267.886 -69
267.889 -69
267.893 -69
267.896 -69
267.9 -69
267.904 -69
267.907 -69
267.911 -69
267.914 -69
267.918 -69
267.921 -69
267.925 -69
267.928 -69
267.932 -69
267.935 -69
267.939 -69
267.942 -69
267.946 -69
267.95 -69
267.953 -69
267.957 -69
267.96 -69
267.964 -69
267.967 -69
267.971 -69
267.975 -69
267.978 -69
267.982 -69
267.985 -69
267.989 -69
267.993 -69
267.996 -69
268 -69
268.003 -69
268.007 -69
268.01 -69
268.014 -69
268.018 -69
268.021 -69
268.025 -69
268.029 -69
268.032 -69
268.036 -69
268.039 -69
268.043 -69
268.047 -69
268.05 -69
268.054 -69
268.058 -69
268.061 -69
268.065 -69
268.069 -69
268.072 -69
268.076 -69
268.079 -69
268.083 -69
268.087 -69
268.09 -69
268.094 -69
268.098 -69
268.101 -69
268.105 -69
268.109 -69
268.112 -69
268.116 -69
268.12 -69
268.123 -69
268.127 -69
268.131 -69
268.135 -69
268.138 -69
268.142 -69
268.146 -69
268.149 -69
268.153 -69
268.157 -69
268.16 -69
268.164 -69
268.168 -69
268.172 -69
268.175 -69
268.179 -69
268.183 -69
268.187 -69
268.19 -69
268.194 -69
268.198 -69
268.201 -69
268.205 -69
268.209 -69
268.213 -69
268.216 -69
268.22 -69
268.224 -69
268.228 -69
268.231 -69
268.235 -69
268.239 -69
268.243 -69
268.247 -69
268.25 -69
268.254 -69
268.258 -69
268.262 -69
268.265 -69
268.269 -69
268.273 -69
268.277 -69
268.281 -69
268.284 -69
268.288 -69
268.292 -69
268.296 -69
268.3 -69
268.303 -69
268.307 -69
268.311 -69
268.315 -69
268.319 -69
268.322 -69
268.326 -69
268.33 -69
268.334 -69
268.338 -69
268.342 -69
268.345 -69
268.349 -69
268.353 -69
268.357 -69
268.361 -69
268.365 -69
268.369 -69
268.372 -69
268.376 -69
268.38 -69
268.384 -69
268.388 -69
268.392 -69
268.396 -69
268.4 -69
268.403 -69
268.407 -69
268.411 -69
268.415 -69
268.419 -69
268.423 -69
268.427 -69
268.431 -69
268.435 -69
268.438 -69
268.442 -69
268.448 -69
268.45 -69
268.454 -69
268.458 -69
268.461 -69
268.465 -69
268.469 -69
268.473 -69
268.477 -69
268.48 -69
268.484 -69
268.488 -69
268.492 -69
268.496 -69
268.5 -69
268.503 -69
268.507 -69
268.511 -69
268.515 -69
268.519 -69
268.523 -69
268.526 -69
268.53 -69
268.534 -69
268.538 -69
268.542 -69
268.546 -69
268.55 -69
268.553 -69
268.557 -69
268.561 -69
268.565 -69
268.569 -69
268.573 -69
268.577 -69
268.581 -69
268.584 -69
268.588 -69
268.592 -69
268.596 -69
268.6 -69
268.604 -69
268.608 -69
268.612 -69
268.616 -69
268.62 -69
268.623 -69
268.627 -69
268.631 -69
268.635 -69
268.639 -69
268.643 -69
268.647 -69
268.651 -69
268.655 -69
268.659 -69
268.663 -69
268.667 -69
268.671 -69
268.675 -69
268.678 -69
268.682 -69
268.686 -69
268.69 -69
268.694 -69
268.698 -69
268.702 -69
268.706 -69
268.71 -69
268.714 -69
268.718 -69
268.722 -69
268.726 -69
268.73 -69
268.734 -69
268.738 -69
268.742 -69
268.746 -69
268.75 -69
268.754 -69
268.758 -69
268.762 -69
268.766 -69
268.77 -69
268.774 -69
268.778 -69
268.782 -69
268.786 -69
268.79 -69
268.794 -69
268.798 -69
268.802 -69
268.806 -69
268.81 -69
268.814 -69
268.818 -69
268.822 -69
268.826 -69
268.831 -69
268.835 -69
268.839 -69
268.843 -69
268.847 -69
268.851 -69
268.855 -69
268.859 -69
268.863 -69
268.867 -69
268.871 -69
268.875 -69
268.879 -69
268.883 -69
268.888 -69
268.892 -69
268.896 -69
268.9 -69
268.904 -69
268.908 -69
268.912 -69
268.916 -69
268.92 -69
268.924 -69
268.929 -69
268.933 -69
268.937 -69
268.941 -69
268.945 -69
268.949 -69
268.953 -69
268.957 -69
268.962 -69
268.966 -69
268.97 -69
268.974 -69
268.978 -69
268.982 -69
268.986 -69
268.991 -69
268.995 -69
268.999 -69
269.003 -69
269.007 -69
269.011 -69
269.016 -69
269.02 -69
269.024 -69
269.028 -69
269.032 -69
269.036 -69
269.041 -69
269.045 -69
269.049 -69
269.053 -69
269.057 -69
269.062 -69
269.066 -69
269.07 -69
269.074 -69
269.078 -69
269.083 -69
269.087 -69
269.091 -69
269.095 -69
269.1 -69
269.104 -69
269.108 -69
269.112 -69
269.116 -69
269.121 -69
269.125 -69
269.129 -69
269.133 -69
269.138 -69
269.142 -69
269.146 -69
269.15 -69
269.155 -69
269.159 -69
269.163 -69
269.167 -69
269.172 -69
269.176 -69
269.18 -69
269.185 -69
269.189 -69
269.193 -69
269.197 -69
269.202 -69
269.206 -69
269.21 -69
269.215 -69
269.219 -69
269.223 -69
269.227 -69
269.232 -69
269.236 -69
269.24 -69
269.245 -69
269.249 -69
269.253 -69
269.258 -69
269.262 -69
269.266 -69
269.271 -69
269.275 -69
269.279 -69
269.284 -69
269.288 -69
269.292 -69
269.297 -69
269.301 -69
269.305 -69
269.31 -69
269.314 -69
269.318 -69
269.323 -69
269.327 -69
269.332 -69
269.336 -69
269.34 -69
269.345 -69
269.349 -69
269.353 -69
269.358 -69
269.362 -69
269.367 -69
269.371 -69
269.375 -69
269.38 -69
269.384 -69
269.389 -69
269.393 -69
269.397 -69
269.402 -69
269.406 -69
269.411 -69
269.415 -69
269.42 -69
269.424 -69
269.428 -69
269.433 -69
269.437 -69
269.442 -69
269.446 -69
269.451 -69
269.455 -69
269.459 -69
269.464 -69
269.468 -69
269.473 -69
269.477 -69
269.482 -69
269.486 -69
269.491 -69
269.495 -69
269.5 -69
269.504 -69
269.509 -69
269.513 -69
269.518 -69
269.522 -69
269.526 -69
269.531 -69
269.535 -69
269.54 -69
269.544 -69
269.549 -69
269.553 -69
269.558 -69
269.562 -69
269.567 -69
269.572 -69
269.576 -69
269.581 -69
269.585 -69
269.59 -69
269.594 -69
269.599 -69
269.603 -69
269.608 -69
269.612 -69
269.617 -69
269.621 -69
269.626 -69
269.63 -69
269.635 -69
269.64 -69
269.644 -69
269.649 -69
269.653 -69
269.658 -69
269.662 -69
269.667 -69
269.672 -69
269.676 -69
269.681 -69
269.685 -69
269.69 -69
269.694 -69
269.699 -69
269.704 -69
269.708 -69
269.713 -69
269.717 -69
269.722 -69
269.727 -69
269.731 -69
269.736 -69
269.741 -69
269.745 -69
269.75 -69
269.754 -69
269.759 -69
269.764 -69
269.768 -69
269.773 -69
269.778 -69
269.782 -69
269.787 -69
269.791 -69
269.796 -69
269.801 -69
269.805 -69
269.81 -69
269.815 -69
269.819 -69
269.824 -69
269.829 -69
269.833 -69
269.838 -69
269.843 -69
269.847 -69
269.852 -69
