0.1 -0.037659
0.2 -0.0757753
0.3 -0.113751
0.4 -0.151719
0.5 -0.189712
0.6 -0.227731
0.7 -0.265776
0.8 -0.303848
0.9 -0.341945
1 -0.380069
0.331451 -0.390069
0.661536 -0.400069
0.986698 -0.410069
1.31155 -0.420069
1.636 -0.430069
1.96057 -0.440069
2.28518 -0.450069
2.60974 -0.460069
2.93423 -0.470069
3.25866 -0.480069
3.58302 -0.490069
3.90715 -0.500069
4.23137 -0.510069
4.55553 -0.520069
4.87888 -0.530069
5.20287 -0.540069
5.52678 -0.550069
5.85056 -0.560069
6.17289 -0.570069
6.49572 -0.580069
6.81575 -0.590069
7.13894 -0.600069
7.46015 -0.610069
7.78278 -0.620069
8.10803 -0.630069
8.42798 -0.640069
8.74972 -0.650069
9.07539 -0.660069
9.39468 -0.670069
9.71567 -0.680069
10.0405 -0.690069
10.3597 -0.700069
10.6811 -0.710069
11.003 -0.720069
11.3248 -0.730069
11.6466 -0.740069
11.9682 -0.750069
12.2898 -0.760069
12.6114 -0.770069
12.9328 -0.780069
13.2542 -0.790069
13.5756 -0.800069
13.8968 -0.810069
14.218 -0.820069
14.5392 -0.830069
14.8602 -0.840069
15.1812 -0.850069
15.5021 -0.860069
15.823 -0.870069
16.1438 -0.880069
16.4645 -0.890069
16.7852 -0.900069
17.1057 -0.910069
17.4263 -0.920069
17.7467 -0.930069
18.0671 -0.940069
18.3874 -0.950069
18.7076 -0.960069
19.0278 -0.970069
19.3479 -0.980069
19.668 -0.990069
19.9879 -1.00007
20.3078 -1.01007
20.6277 -1.02007
20.9474 -1.03007
21.2671 -1.04007
21.5867 -1.05007
21.9063 -1.06007
22.2257 -1.07007
22.5451 -1.08007
22.8645 -1.09007
23.1837 -1.10007
23.5029 -1.11007
23.822 -1.12007
24.1411 -1.13007
24.4601 -1.14007
24.779 -1.15007
25.0978 -1.16007
25.4166 -1.17007
25.7353 -1.18007
26.0539 -1.19007
26.3724 -1.20007
26.6909 -1.21007
27.0093 -1.22007
27.3277 -1.23007
27.6459 -1.24007
27.9641 -1.25007
28.2823 -1.26007
28.6003 -1.27007
28.9183 -1.28007
29.2362 -1.29007
29.554 -1.30007
29.8718 -1.31007
30.1895 -1.32007
30.5071 -1.33007
30.8247 -1.34007
31.1421 -1.35007
31.4595 -1.36007
31.7768 -1.37007
32.0941 -1.38007
32.4112 -1.39007
32.7283 -1.40007
33.0454 -1.41007
33.3623 -1.42007
33.6792 -1.43007
33.996 -1.44007
34.3127 -1.45007
34.6294 -1.46007
34.9459 -1.47007
35.2625 -1.48007
35.5789 -1.49007
35.8952 -1.50007
36.2115 -1.51007
36.5277 -1.52007
36.8438 -1.53007
37.1599 -1.54007
37.4759 -1.55007
37.7918 -1.56007
38.1076 -1.57007
38.4234 -1.58007
38.739 -1.59007
39.0546 -1.60007
39.3701 -1.61007
39.6856 -1.62007
40.0009 -1.63007
40.3162 -1.64007
40.6314 -1.65007
40.9466 -1.66007
41.2616 -1.67007
41.5766 -1.68007
41.8915 -1.69007
42.2063 -1.70007
42.5211 -1.71007
42.8357 -1.72007
43.1503 -1.73007
43.4648 -1.74007
43.7793 -1.75007
44.0936 -1.76007
44.4079 -1.77007
44.7221 -1.78007
45.0362 -1.79007
45.3502 -1.80007
45.6642 -1.81007
45.9781 -1.82007
46.2919 -1.83007
46.6056 -1.84007
46.9192 -1.85007
47.2328 -1.86007
47.5462 -1.87007
47.8591 -1.88007
48.1647 -1.89007
48.4505 -1.90007
48.606 -1.91007
48.7398 -1.92007
48.8741 -1.93007
49.0083 -1.94007
49.1423 -1.95007
49.2762 -1.96007
49.4101 -1.97007
49.5437 -1.98007
49.6772 -1.99007
49.8104 -2.00007
49.9435 -2.01007
50.0766 -2.02007
50.2095 -2.03007
50.3423 -2.04007
50.4749 -2.05007
50.6075 -2.06007
50.7398 -2.07007
50.8718 -2.08007
51.0037 -2.09007
51.1355 -2.10007
51.2672 -2.11007
51.3988 -2.12007
51.5302 -2.13007
51.6615 -2.14007
51.7926 -2.15007
51.9237 -2.16007
52.0536 -2.17007
52.1832 -2.18007
52.3104 -2.19007
52.4375 -2.20007
52.5634 -2.21007
52.6867 -2.22007
52.8089 -2.23007
52.9306 -2.24007
53.0498 -2.25007
53.168 -2.26007
53.2846 -2.27007
53.4011 -2.28007
53.5166 -2.29007
53.632 -2.30007
53.7469 -2.31007
53.8615 -2.32007
53.9762 -2.33007
54.0907 -2.34007
54.2052 -2.35007
54.3196 -2.36007
54.4339 -2.37007
54.5481 -2.38007
54.6622 -2.39007
54.7763 -2.40007
54.8902 -2.41007
55.0041 -2.42007
55.1177 -2.43007
55.2314 -2.44007
55.3449 -2.45007
55.4583 -2.46007
55.5717 -2.47007
55.6849 -2.48007
55.7979 -2.49007
55.9108 -2.50007
56.0235 -2.51007
56.1353 -2.52007
56.2474 -2.53007
56.3612 -2.54007
56.4745 -2.55007
56.5886 -2.56007
56.7025 -2.57007
56.8164 -2.58007
56.9295 -2.59007
57.0436 -2.60007
57.1576 -2.61007
57.2716 -2.62007
57.3855 -2.63007
57.4992 -2.64007
57.6129 -2.65007
57.7265 -2.66007
57.8396 -2.67007
57.9532 -2.68007
58.0667 -2.69007
58.18 -2.70007
58.2934 -2.71007
58.4066 -2.72007
58.5194 -2.73007
58.6326 -2.74007
58.7458 -2.75007
58.8594 -2.76007
58.9729 -2.77007
59.0862 -2.78007
59.1996 -2.79007
59.313 -2.80007
59.4263 -2.81007
59.5395 -2.82007
59.6526 -2.83007
59.7652 -2.84007
59.8784 -2.85007
59.9915 -2.86007
60.1044 -2.87007
60.2173 -2.88007
60.3301 -2.89007
60.4428 -2.90007
60.5553 -2.91007
60.6678 -2.92007
60.7801 -2.93007
60.8922 -2.94007
61.0043 -2.95007
61.1163 -2.96007
61.2282 -2.97007
61.3398 -2.98007
61.4515 -2.99007
61.5632 -3.00007
61.6747 -3.01007
61.7861 -3.02007
61.8974 -3.03007
62.0086 -3.04007
62.1197 -3.05007
62.2307 -3.06007
62.3416 -3.07007
62.4523 -3.08007
62.563 -3.09007
62.6735 -3.10007
62.7839 -3.11007
62.8941 -3.12007
63.0041 -3.13007
63.114 -3.14007
63.2238 -3.15007
63.3334 -3.16007
63.443 -3.17007
63.5524 -3.18007
63.6616 -3.19007
63.7707 -3.20007
63.8796 -3.21007
63.9883 -3.22007
64.0964 -3.23007
64.2036 -3.24007
64.3107 -3.25007
64.4168 -3.26007
64.5216 -3.27007
64.6262 -3.28007
64.7307 -3.29007
64.8348 -3.30007
64.9367 -3.31007
65.0385 -3.32007
65.1401 -3.33007
65.2417 -3.34007
65.3429 -3.35007
65.4423 -3.36007
65.5419 -3.37007
65.6414 -3.38007
65.7402 -3.39007
65.8385 -3.40007
65.9368 -3.41007
66.0351 -3.42007
66.1333 -3.43007
66.2315 -3.44007
66.3295 -3.45007
66.4271 -3.46007
66.5248 -3.47007
66.6223 -3.48007
66.7198 -3.49007
66.8171 -3.50007
66.9144 -3.51007
67.0112 -3.52007
67.1077 -3.53007
67.2043 -3.54007
67.3007 -3.55007
67.3971 -3.56007
67.4934 -3.57007
67.5895 -3.58007
67.6856 -3.59007
67.7816 -3.60007
67.8775 -3.61007
67.9733 -3.62007
68.0691 -3.63007
68.1647 -3.64007
68.2602 -3.65007
68.3557 -3.66007
68.451 -3.67007
68.5463 -3.68007
68.6414 -3.69007
68.7365 -3.70007
68.8315 -3.71007
68.9264 -3.72007
69.0212 -3.73007
69.116 -3.74007
69.2106 -3.75007
69.3052 -3.76007
69.3996 -3.77007
69.4939 -3.78007
69.5882 -3.79007
69.6823 -3.80007
69.7763 -3.81007
69.8702 -3.82007
69.964 -3.83007
70.0578 -3.84007
70.1514 -3.85007
70.2449 -3.86007
70.3383 -3.87007
70.4319 -3.88007
70.5252 -3.89007
70.618 -3.90007
70.7108 -3.91007
70.8035 -3.92007
70.8961 -3.93007
70.9884 -3.94007
71.0798 -3.95007
71.1711 -3.96007
71.2623 -3.97007
71.3534 -3.98007
71.4445 -3.99007
71.5354 -4.00007
71.6263 -4.01007
71.7159 -4.02007
71.8054 -4.03007
71.8948 -4.04007
71.9841 -4.05007
72.0733 -4.06007
72.1623 -4.07007
72.2512 -4.08007
72.3399 -4.09007
72.4278 -4.10007
72.5144 -4.11007
72.6009 -4.12007
72.6872 -4.13007
72.7735 -4.14007
72.8596 -4.15007
72.9434 -4.16007
73.0264 -4.17007
73.1094 -4.18007
73.1922 -4.19007
73.275 -4.20007
73.3574 -4.21007
73.4391 -4.22007
73.5201 -4.23007
73.5968 -4.24007
73.6726 -4.25007
73.7435 -4.26007
73.8123 -4.27007
73.8704 -4.28007
73.9018 -4.29007
73.9304 -4.30007
73.9562 -4.31007
73.9804 -4.32007
74.0016 -4.33007
74.0195 -4.34007
74.0342 -4.35007
74.0475 -4.36007
74.0603 -4.37007
74.0731 -4.38007
74.0857 -4.39007
74.0983 -4.40007
74.1108 -4.41007
74.1232 -4.42007
74.1361 -4.43007
74.15 -4.44007
74.1638 -4.45007
74.1768 -4.46007
74.1896 -4.47007
74.2022 -4.48007
74.2148 -4.49007
74.2273 -4.50007
74.2418 -4.51007
74.2565 -4.52007
74.2711 -4.53007
74.2856 -4.54007
74.2999 -4.55007
74.3142 -4.56007
74.3284 -4.57007
74.3425 -4.58007
74.3565 -4.59007
74.3703 -4.60007
74.3842 -4.61007
74.4008 -4.62007
74.4173 -4.63007
74.4337 -4.64007
74.45 -4.65007
74.4662 -4.66007
74.4823 -4.67007
74.4983 -4.68007
74.5142 -4.69007
74.5298 -4.70007
74.5473 -4.71007
74.5646 -4.72007
74.5814 -4.73007
74.5982 -4.74007
74.6141 -4.75007
74.6298 -4.76007
74.6458 -4.77007
74.6615 -4.78007
74.677 -4.79007
74.6922 -4.80007
74.7072 -4.81007
74.7221 -4.82007
74.737 -4.83007
74.7517 -4.84007
74.7663 -4.85007
74.7808 -4.86007
74.7951 -4.87007
74.8094 -4.88007
74.8236 -4.89007
74.8376 -4.90007
74.8515 -4.91007
74.8653 -4.92007
74.8787 -4.93007
74.8912 -4.94007
74.9036 -4.95007
74.9138 -4.96007
74.9235 -4.97007
74.9332 -4.98007
74.9411 -4.99007
74.9473 -5.00007
74.9534 -5.01007
74.9594 -5.02007
74.9625 -5.03007
74.9653 -5.04007
74.9664 -5.05007
74.9665 -5.06007
74.9666 -5.07007
74.966 -5.08007
74.9644 -5.09007
74.9627 -5.10007
74.9609 -5.11007
74.959 -5.12007
74.9568 -5.13007
74.953 -5.14007
74.9492 -5.15007
74.9453 -5.16007
74.9413 -5.17007
74.9372 -5.18007
74.9327 -5.19007
74.927 -5.20007
74.9213 -5.21007
74.9155 -5.22007
74.9096 -5.23007
74.9029 -5.24007
74.8962 -5.25007
74.8894 -5.26007
74.8825 -5.27007
74.8755 -5.28007
74.8685 -5.29007
74.8615 -5.30007
74.8543 -5.31007
74.8471 -5.32007
74.8399 -5.33007
74.8325 -5.34007
74.8251 -5.35007
74.8176 -5.36007
74.8101 -5.37007
74.8024 -5.38007
74.7944 -5.39007
74.7863 -5.40007
74.7781 -5.41007
74.7699 -5.42007
74.7611 -5.43007
74.7519 -5.44007
74.7427 -5.45007
74.7334 -5.46007
74.724 -5.47007
74.7146 -5.48007
74.7044 -5.49007
74.6934 -5.50007
74.682 -5.51007
74.6705 -5.52007
74.6581 -5.53007
74.6445 -5.54007
74.6309 -5.55007
74.6172 -5.56007
74.6035 -5.57007
74.5891 -5.58007
74.5743 -5.59007
74.5587 -5.60007
74.5417 -5.61007
74.5246 -5.62007
74.5074 -5.63007
74.4902 -5.64007
74.4728 -5.65007
74.4551 -5.66007
74.4373 -5.67007
74.4195 -5.68007
74.4016 -5.69007
74.3826 -5.70007
74.3631 -5.71007
74.3434 -5.72007
74.3236 -5.73007
74.3037 -5.74007
74.2837 -5.75007
74.2637 -5.76007
74.2435 -5.77007
74.2229 -5.78007
74.2019 -5.79007
74.1809 -5.80007
74.1597 -5.81007
74.1385 -5.82007
74.1173 -5.83007
74.0959 -5.84007
74.0745 -5.85007
74.053 -5.86007
74.0313 -5.87007
74.0096 -5.88007
73.9878 -5.89007
73.9659 -5.90007
73.9439 -5.91007
73.9218 -5.92007
73.8997 -5.93007
73.8774 -5.94007
73.8539 -5.95007
73.8298 -5.96007
73.8055 -5.97007
73.7812 -5.98007
73.7567 -5.99007
73.732 -6.00007
73.7064 -6.01007
73.6762 -6.02007
73.6457 -6.03007
73.6147 -6.04007
73.5832 -6.05007
73.5512 -6.06007
73.5186 -6.07007
73.4877 -6.08007
73.4632 -6.09007
73.4385 -6.10007
73.414 -6.11007
73.3894 -6.12007
73.363 -6.13007
73.3347 -6.14007
73.3075 -6.15007
73.2872 -6.16007
73.2668 -6.17007
73.2463 -6.18007
73.2258 -6.19007
73.2052 -6.20007
73.1846 -6.21007
73.1639 -6.22007
73.1431 -6.23007
73.1222 -6.24007
73.1013 -6.25007
73.0802 -6.26007
73.0591 -6.27007
73.0382 -6.28007
73.0173 -6.29007
72.9964 -6.30007
72.9759 -6.31007
72.9604 -6.32007
72.9448 -6.33007
72.9291 -6.34007
72.9133 -6.35007
72.8954 -6.36007
72.8774 -6.37007
72.8593 -6.38007
72.8411 -6.39007
72.8228 -6.40007
72.8045 -6.41007
72.786 -6.42007
72.7675 -6.43007
72.7491 -6.44007
72.7307 -6.45007
72.7148 -6.46007
72.7013 -6.47007
72.6878 -6.48007
72.6746 -6.49007
72.6613 -6.50007
72.6481 -6.51007
72.6348 -6.52007
72.6215 -6.53007
72.6088 -6.54007
72.5982 -6.55007
72.5877 -6.56007
72.5771 -6.57007
72.5665 -6.58007
72.5559 -6.59007
72.5453 -6.60007
72.5347 -6.61007
72.5248 -6.62007
72.5154 -6.63007
72.506 -6.64007
72.4966 -6.65007
72.4872 -6.66007
72.478 -6.67007
72.4689 -6.68007
72.4597 -6.69007
72.4505 -6.70007
72.4413 -6.71007
72.4322 -6.72007
72.4233 -6.73007
72.4143 -6.74007
72.4053 -6.75007
72.3962 -6.76007
72.3872 -6.77007
72.3782 -6.78007
72.3692 -6.79007
72.3618 -6.80007
72.3554 -6.81007
72.3489 -6.82007
72.3424 -6.83007
72.3361 -6.84007
72.33 -6.85007
72.3238 -6.86007
72.3177 -6.87007
72.3116 -6.88007
72.3054 -6.89007
72.2993 -6.90007
72.2931 -6.91007
72.287 -6.92007
72.2808 -6.93007
72.2746 -6.94007
72.2694 -6.95007
72.2646 -6.96007
72.2593 -6.97007
72.254 -6.98007
72.2491 -6.99007
72.2455 -7.00007
72.2418 -7.01007
72.2386 -7.02007
72.2355 -7.03007
72.2324 -7.04007
72.2297 -7.05007
72.227 -7.06007
72.2243 -7.07007
72.2216 -7.08007
72.2189 -7.09007
72.2162 -7.10007
72.2134 -7.11007
72.2107 -7.12007
72.208 -7.13007
72.2053 -7.14007
72.2026 -7.15007
72.2007 -7.16007
72.1993 -7.17007
72.1981 -7.18007
72.1969 -7.19007
72.1957 -7.20007
72.1944 -7.21007
72.1932 -7.22007
72.192 -7.23007
72.1907 -7.24007
72.1895 -7.25007
72.1883 -7.26007
72.1871 -7.27007
72.186 -7.28007
72.1848 -7.29007
72.1837 -7.30007
72.1816 -7.31007
72.1795 -7.32007
72.1773 -7.33007
72.1752 -7.34007
72.1729 -7.35007
72.1707 -7.36007
72.1684 -7.37007
72.1661 -7.38007
72.1637 -7.39007
72.1614 -7.40007
72.1589 -7.41007
72.1564 -7.42007
72.1539 -7.43007
72.1513 -7.44007
72.1486 -7.45007
72.1458 -7.46007
72.143 -7.47007
72.14 -7.48007
72.1369 -7.49007
72.1336 -7.50007
72.1302 -7.51007
72.1264 -7.52007
72.1223 -7.53007
72.1177 -7.54007
72.1121 -7.55007
72.1043 -7.56007
72.09 -7.57007
72.1014 -7.58007
72.0732 -7.59007
72.0489 -7.60007
72.0201 -7.61007
71.9969 -7.62007
71.9547 -7.63007
71.8924 -7.64007
71.7668 -7.65007
71.6263 -7.66007
71.6468 -7.67007
71.6489 -7.68007
71.6605 -7.69007
71.6752 -7.70007
71.6892 -7.71007
71.7029 -7.72007
71.7161 -7.73007
71.729 -7.74007
71.7415 -7.75007
71.7491 -7.76007
71.7818 -7.77007
71.815 -7.78007
71.8481 -7.79007
71.8795 -7.80007
71.8776 -7.81007
71.8757 -7.82007
71.8737 -7.83007
71.8718 -7.84007
71.8698 -7.85007
71.8679 -7.86007
71.8659 -7.87007
71.864 -7.88007
71.862 -7.89007
71.86 -7.90007
71.858 -7.91007
71.8559 -7.92007
71.8539 -7.93007
71.8518 -7.94007
71.8496 -7.95007
71.8473 -7.96007
71.845 -7.97007
71.8426 -7.98007
71.8403 -7.99007
71.8379 -8.00007
71.8355 -8.01007
71.8332 -8.02007
71.8308 -8.03007
71.8284 -8.04007
71.826 -8.05007
71.8243 -8.06007
71.8226 -8.07007
71.8209 -8.08007
71.819 -8.09007
71.8171 -8.10007
71.8151 -8.11007
71.8132 -8.12007
71.8112 -8.13007
71.8093 -8.14007
71.8073 -8.15007
71.8054 -8.16007
71.8034 -8.17007
71.8015 -8.18007
71.7995 -8.19007
71.7976 -8.20007
71.7956 -8.21007
71.7936 -8.22007
71.7917 -8.23007
71.7897 -8.24007
71.7878 -8.25007
71.7858 -8.26007
71.7838 -8.27007
71.7818 -8.28007
71.7799 -8.29007
71.7779 -8.30007
71.7759 -8.31007
71.7739 -8.32007
71.772 -8.33007
71.77 -8.34007
71.768 -8.35007
71.766 -8.36007
71.764 -8.37007
71.762 -8.38007
71.76 -8.39007
71.758 -8.40007
71.756 -8.41007
71.754 -8.42007
71.752 -8.43007
71.75 -8.44007
71.748 -8.45007
71.746 -8.46007
71.744 -8.47007
71.742 -8.48007
71.74 -8.49007
71.738 -8.50007
71.7359 -8.51007
71.7339 -8.52007
71.7319 -8.53007
71.7299 -8.54007
71.7278 -8.55007
71.7258 -8.56007
71.7238 -8.57007
71.7218 -8.58007
71.7197 -8.59007
71.7177 -8.60007
71.7156 -8.61007
71.7136 -8.62007
71.7116 -8.63007
71.7095 -8.64007
71.7079 -8.65007
71.707 -8.66007
71.7064 -8.67007
71.7057 -8.68007
71.705 -8.69007
71.7044 -8.70007
71.7037 -8.71007
71.703 -8.72007
71.7024 -8.73007
71.7017 -8.74007
71.701 -8.75007
71.7004 -8.76007
71.6997 -8.77007
71.699 -8.78007
71.6983 -8.79007
71.6977 -8.80007
71.697 -8.81007
71.6963 -8.82007
71.6956 -8.83007
71.695 -8.84007
71.6943 -8.85007
71.6936 -8.86007
71.6929 -8.87007
71.6922 -8.88007
71.6915 -8.89007
71.6908 -8.90007
71.6901 -8.91007
71.6894 -8.92007
71.6887 -8.93007
71.688 -8.94007
71.6873 -8.95007
71.6866 -8.96007
71.6859 -8.97007
71.6852 -8.98007
71.6844 -8.99007
71.6836 -9.00007
71.6827 -9.01007
71.6818 -9.02007
71.681 -9.03007
71.6801 -9.04007
71.6792 -9.05007
71.6784 -9.06007
71.6775 -9.07007
71.6766 -9.08007
71.6758 -9.09007
71.6749 -9.10007
71.674 -9.11007
71.6731 -9.12007
71.6723 -9.13007
71.6714 -9.14007
71.6705 -9.15007
71.6696 -9.16007
71.6687 -9.17007
71.6677 -9.18007
71.6668 -9.19007
71.6659 -9.20007
71.6649 -9.21007
71.664 -9.22007
71.6631 -9.23007
71.6621 -9.24007
71.6612 -9.25007
71.6603 -9.26007
71.6593 -9.27007
71.6584 -9.28007
71.6574 -9.29007
71.6565 -9.30007
71.6555 -9.31007
71.6546 -9.32007
71.6537 -9.33007
71.6527 -9.34007
71.6518 -9.35007
71.6508 -9.36007
71.6499 -9.37007
71.6489 -9.38007
71.6479 -9.39007
71.647 -9.40007
71.646 -9.41007
71.6451 -9.42007
71.6441 -9.43007
71.6432 -9.44007
71.6422 -9.45007
71.6412 -9.46007
71.6403 -9.47007
71.6393 -9.48007
71.6384 -9.49007
71.6374 -9.50007
71.6364 -9.51007
71.6354 -9.52007
71.6345 -9.53007
71.6335 -9.54007
71.6325 -9.55007
71.6316 -9.56007
71.6306 -9.57007
71.6296 -9.58007
71.6286 -9.59007
71.6276 -9.60007
71.6265 -9.61007
71.6254 -9.62007
71.6242 -9.63007
71.6231 -9.64007
71.622 -9.65007
71.6208 -9.66007
71.6197 -9.67007
71.6185 -9.68007
71.6174 -9.69007
71.6163 -9.70007
71.6151 -9.71007
71.614 -9.72007
71.6128 -9.73007
71.6117 -9.74007
71.6105 -9.75007
71.6093 -9.76007
71.6082 -9.77007
71.607 -9.78007
71.6058 -9.79007
71.6046 -9.80007
71.6034 -9.81007
71.6022 -9.82007
71.6011 -9.83007
71.5999 -9.84007
71.5987 -9.85007
71.5975 -9.86007
71.5963 -9.87007
71.5951 -9.88007
71.5939 -9.89007
71.5927 -9.90007
71.5915 -9.91007
71.5902 -9.92007
71.589 -9.93007
71.5878 -9.94007
71.5866 -9.95007
71.5854 -9.96007
71.5842 -9.97007
71.5829 -9.98007
71.5817 -9.99007
71.5805 -10.0001
71.5792 -10.0101
71.578 -10.0201
71.5767 -10.0301
71.5752 -10.0401
71.5737 -10.0501
71.5721 -10.0601
71.5705 -10.0701
71.5689 -10.0801
71.5673 -10.0901
71.5656 -10.1001
71.5638 -10.1101
71.5627 -10.1201
71.5617 -10.1301
71.5606 -10.1401
71.5595 -10.1501
71.5584 -10.1601
71.5573 -10.1701
71.5562 -10.1801
71.5551 -10.1901
71.554 -10.2001
71.5529 -10.2101
71.5518 -10.2201
71.5507 -10.2301
71.5496 -10.2401
71.5485 -10.2501
71.5474 -10.2601
71.5462 -10.2701
71.5451 -10.2801
71.544 -10.2901
71.5429 -10.3001
71.5418 -10.3101
71.5406 -10.3201
71.5395 -10.3301
71.5384 -10.3401
71.5372 -10.3501
71.5361 -10.3601
71.5349 -10.3701
71.5338 -10.3801
71.5326 -10.3901
71.5317 -10.4001
71.5309 -10.4101
71.5302 -10.4201
71.5294 -10.4301
71.5286 -10.4401
71.5278 -10.4501
71.527 -10.4601
71.5263 -10.4701
71.5255 -10.4801
71.5247 -10.4901
71.5239 -10.5001
71.5231 -10.5101
71.5223 -10.5201
71.5215 -10.5301
71.5207 -10.5401
71.5199 -10.5501
71.5191 -10.5601
71.5182 -10.5701
71.5174 -10.5801
71.5165 -10.5901
71.5157 -10.6001
71.5148 -10.6101
71.514 -10.6201
71.5131 -10.6301
71.5123 -10.6401
71.5115 -10.6501
71.5106 -10.6601
71.5098 -10.6701
71.5089 -10.6801
71.5081 -10.6901
71.5072 -10.7001
71.5064 -10.7101
71.5055 -10.7201
71.5047 -10.7301
71.5038 -10.7401
71.503 -10.7501
71.5021 -10.7601
71.5013 -10.7701
71.5004 -10.7801
71.4996 -10.7901
71.4987 -10.8001
71.4979 -10.8101
71.497 -10.8201
71.4962 -10.8301
71.4953 -10.8401
71.4945 -10.8501
71.4936 -10.8601
71.4928 -10.8701
71.4919 -10.8801
71.491 -10.8901
71.4902 -10.9001
71.4893 -10.9101
71.4885 -10.9201
71.4876 -10.9301
71.4868 -10.9401
71.4859 -10.9501
71.485 -10.9601
71.4842 -10.9701
71.4833 -10.9801
71.4825 -10.9901
71.4816 -11.0001
71.4807 -11.0101
71.4799 -11.0201
71.479 -11.0301
71.4781 -11.0401
71.4773 -11.0501
71.4764 -11.0601
71.4755 -11.0701
71.4747 -11.0801
71.4738 -11.0901
71.4729 -11.1001
71.4721 -11.1101
71.4712 -11.1201
71.4703 -11.1301
71.4695 -11.1401
71.4686 -11.1501
71.4677 -11.1601
71.4669 -11.1701
71.466 -11.1801
71.4651 -11.1901
71.4642 -11.2001
71.4634 -11.2101
71.4625 -11.2201
71.4616 -11.2301
71.4607 -11.2401
71.4598 -11.2501
71.459 -11.2601
71.4581 -11.2701
71.4572 -11.2801
71.4563 -11.2901
71.4554 -11.3001
71.4546 -11.3101
71.4537 -11.3201
71.4528 -11.3301
71.4519 -11.3401
71.451 -11.3501
71.4501 -11.3601
71.4492 -11.3701
71.4483 -11.3801
71.4474 -11.3901
71.4465 -11.4001
71.4456 -11.4101
71.4447 -11.4201
71.4438 -11.4301
71.4429 -11.4401
71.442 -11.4501
71.4411 -11.4601
71.4402 -11.4701
71.4393 -11.4801
71.4384 -11.4901
71.4375 -11.5001
71.4366 -11.5101
71.4357 -11.5201
71.4347 -11.5301
71.4338 -11.5401
71.4329 -11.5501
71.432 -11.5601
71.431 -11.5701
71.4301 -11.5801
71.4292 -11.5901
71.4282 -11.6001
71.4273 -11.6101
71.4263 -11.6201
71.4254 -11.6301
71.4244 -11.6401
71.4235 -11.6501
71.4225 -11.6601
71.4215 -11.6701
71.4205 -11.6801
71.4195 -11.6901
71.4185 -11.7001
71.4175 -11.7101
71.4164 -11.7201
71.4153 -11.7301
71.4142 -11.7401
71.4131 -11.7501
71.4119 -11.7601
71.4105 -11.7701
71.4084 -11.7801
71.3918 -11.7901
71.3475 -11.8001
71.2923 -11.8101
71.2154 -11.8201
71.0757 -11.8301
70.9037 -11.8401
70.7649 -11.8501
70.7077 -11.8601
70.6502 -11.8701
70.5926 -11.8801
70.5348 -11.8901
70.4769 -11.9001
70.4188 -11.9101
70.3598 -11.9201
70.3007 -11.9301
70.2995 -11.9401
70.3094 -11.9501
70.3194 -11.9601
70.3293 -11.9701
70.3393 -11.9801
70.3492 -11.9901
70.3592 -12.0001
70.3691 -12.0101
70.3791 -12.0201
70.389 -12.0301
70.399 -12.0401
70.4089 -12.0501
70.4189 -12.0601
70.4288 -12.0701
70.4388 -12.0801
70.4487 -12.0901
70.4587 -12.1001
70.4686 -12.1101
70.4786 -12.1201
70.4885 -12.1301
70.4984 -12.1401
70.5084 -12.1501
70.5183 -12.1601
70.5279 -12.1701
70.5351 -12.1801
70.5423 -12.1901
70.5493 -12.2001
70.5562 -12.2101
70.5629 -12.2201
70.5696 -12.2301
70.5761 -12.2401
70.6001 -12.2501
70.6348 -12.2601
70.6686 -12.2701
70.7024 -12.2801
70.7362 -12.2901
70.7699 -12.3001
70.8037 -12.3101
70.8374 -12.3201
70.8712 -12.3301
70.9049 -12.3401
70.9386 -12.3501
70.9723 -12.3601
71.006 -12.3701
71.0197 -12.3801
71.0191 -12.3901
71.0194 -12.4001
71.0198 -12.4101
71.0202 -12.4201
71.0205 -12.4301
71.0209 -12.4401
71.0213 -12.4501
71.0217 -12.4601
71.022 -12.4701
71.0224 -12.4801
71.0228 -12.4901
71.0231 -12.5001
71.0235 -12.5101
71.024 -12.5201
71.0246 -12.5301
71.0252 -12.5401
71.0258 -12.5501
71.0264 -12.5601
71.027 -12.5701
71.0277 -12.5801
71.0283 -12.5901
71.0289 -12.6001
71.0295 -12.6101
71.0301 -12.6201
71.0307 -12.6301
71.0313 -12.6401
71.0319 -12.6501
71.0326 -12.6601
71.0332 -12.6701
71.0338 -12.6801
71.0344 -12.6901
71.035 -12.7001
71.0356 -12.7101
71.0362 -12.7201
71.0368 -12.7301
71.0375 -12.7401
71.0381 -12.7501
71.0387 -12.7601
71.0392 -12.7701
71.0398 -12.7801
71.0404 -12.7901
71.041 -12.8001
71.0415 -12.8101
71.0421 -12.8201
71.0427 -12.8301
71.0432 -12.8401
71.0437 -12.8501
71.0443 -12.8601
71.0448 -12.8701
71.0453 -12.8801
71.0458 -12.8901
71.0464 -12.9001
71.0469 -12.9101
71.0474 -12.9201
71.048 -12.9301
71.0485 -12.9401
71.049 -12.9501
71.0495 -12.9601
71.0501 -12.9701
71.0506 -12.9801
71.0511 -12.9901
71.0516 -13.0001
71.0521 -13.0101
71.0526 -13.0201
71.0531 -13.0301
71.0537 -13.0401
71.0542 -13.0501
71.0547 -13.0601
71.0552 -13.0701
71.0557 -13.0801
71.0562 -13.0901
71.0567 -13.1001
71.0564 -13.1101
71.0557 -13.1201
71.0551 -13.1301
71.0545 -13.1401
71.0539 -13.1501
71.0534 -13.1601
71.0528 -13.1701
71.0522 -13.1801
71.0516 -13.1901
71.051 -13.2001
71.0504 -13.2101
71.0498 -13.2201
71.0492 -13.2301
71.0486 -13.2401
71.048 -13.2501
71.0474 -13.2601
71.0468 -13.2701
71.0462 -13.2801
71.0457 -13.2901
71.0451 -13.3001
71.0445 -13.3101
71.0439 -13.3201
71.0433 -13.3301
71.0427 -13.3401
71.0421 -13.3501
71.0415 -13.3601
71.0409 -13.3701
71.0403 -13.3801
71.0397 -13.3901
71.0391 -13.4001
71.0385 -13.4101
71.0379 -13.4201
71.0373 -13.4301
71.0363 -13.4401
71.0353 -13.4501
71.0343 -13.4601
71.0333 -13.4701
71.0323 -13.4801
71.0313 -13.4901
71.0303 -13.5001
71.0293 -13.5101
71.0283 -13.5201
71.0273 -13.5301
71.0263 -13.5401
71.0253 -13.5501
71.0243 -13.5601
71.0233 -13.5701
71.0223 -13.5801
71.0213 -13.5901
71.0203 -13.6001
71.0193 -13.6101
71.0183 -13.6201
71.0173 -13.6301
71.0163 -13.6401
71.0153 -13.6501
71.0143 -13.6601
71.0133 -13.6701
71.0123 -13.6801
71.0113 -13.6901
71.0103 -13.7001
71.0092 -13.7101
71.0082 -13.7201
71.0072 -13.7301
71.0062 -13.7401
71.0052 -13.7501
71.0042 -13.7601
71.0032 -13.7701
71.0022 -13.7801
71.0012 -13.7901
71.0002 -13.8001
70.9992 -13.8101
70.9982 -13.8201
70.9972 -13.8301
70.9962 -13.8401
70.9952 -13.8501
70.9942 -13.8601
70.9932 -13.8701
70.9922 -13.8801
70.9912 -13.8901
70.9902 -13.9001
70.9892 -13.9101
70.9882 -13.9201
70.9871 -13.9301
70.9861 -13.9401
70.9851 -13.9501
70.9841 -13.9601
70.9831 -13.9701
70.9821 -13.9801
70.9811 -13.9901
70.9801 -14.0001
70.9791 -14.0101
70.9781 -14.0201
70.9771 -14.0301
70.9761 -14.0401
70.9751 -14.0501
70.9741 -14.0601
70.9731 -14.0701
70.9721 -14.0801
70.9711 -14.0901
70.9701 -14.1001
70.9691 -14.1101
70.9681 -14.1201
70.9671 -14.1301
70.9661 -14.1401
70.9651 -14.1501
70.9641 -14.1601
70.9631 -14.1701
70.9621 -14.1801
70.961 -14.1901
70.96 -14.2001
70.959 -14.2101
70.958 -14.2201
70.957 -14.2301
70.956 -14.2401
70.955 -14.2501
70.954 -14.2601
70.953 -14.2701
70.952 -14.2801
70.951 -14.2901
70.95 -14.3001
70.949 -14.3101
70.948 -14.3201
70.947 -14.3301
70.946 -14.3401
70.945 -14.3501
70.944 -14.3601
70.943 -14.3701
70.942 -14.3801
70.941 -14.3901
70.94 -14.4001
70.939 -14.4101
70.938 -14.4201
70.937 -14.4301
70.936 -14.4401
70.935 -14.4501
70.934 -14.4601
70.933 -14.4701
70.932 -14.4801
70.931 -14.4901
70.93 -14.5001
70.929 -14.5101
70.928 -14.5201
70.927 -14.5301
70.926 -14.5401
70.925 -14.5501
70.924 -14.5601
70.923 -14.5701
70.922 -14.5801
70.921 -14.5901
70.92 -14.6001
70.919 -14.6101
70.918 -14.6201
70.917 -14.6301
70.916 -14.6401
70.915 -14.6501
70.914 -14.6601
70.913 -14.6701
70.912 -14.6801
70.911 -14.6901
70.91 -14.7001
70.909 -14.7101
70.908 -14.7201
70.907 -14.7301
70.906 -14.7401
70.905 -14.7501
70.904 -14.7601
70.903 -14.7701
70.902 -14.7801
70.901 -14.7901
70.9 -14.8001
70.899 -14.8101
70.898 -14.8201
70.897 -14.8301
70.896 -14.8401
70.895 -14.8501
70.894 -14.8601
70.893 -14.8701
70.892 -14.8801
70.891 -14.8901
70.89 -14.9001
70.889 -14.9101
70.888 -14.9201
70.887 -14.9301
70.886 -14.9401
70.8851 -14.9501
70.8841 -14.9601
70.8831 -14.9701
70.8821 -14.9801
70.8811 -14.9901
70.8801 -15.0001
70.8791 -15.0101
70.8781 -15.0201
70.8771 -15.0301
70.8761 -15.0401
70.8751 -15.0501
70.8741 -15.0601
70.8731 -15.0701
70.8721 -15.0801
70.8711 -15.0901
70.8701 -15.1001
70.8691 -15.1101
70.8681 -15.1201
70.8671 -15.1301
70.8661 -15.1401
70.8651 -15.1501
70.8641 -15.1601
70.8631 -15.1701
70.8621 -15.1801
70.8611 -15.1901
70.8602 -15.2001
70.8592 -15.2101
70.8582 -15.2201
70.8572 -15.2301
70.8562 -15.2401
70.8552 -15.2501
70.8542 -15.2601
70.8532 -15.2701
70.8522 -15.2801
70.8512 -15.2901
70.8502 -15.3001
70.8492 -15.3101
70.8482 -15.3201
70.8472 -15.3301
70.8462 -15.3401
70.8452 -15.3501
70.8442 -15.3601
70.8432 -15.3701
70.8422 -15.3801
70.8413 -15.3901
70.8403 -15.4001
70.8393 -15.4101
70.8383 -15.4201
70.8373 -15.4301
70.8363 -15.4401
70.8353 -15.4501
70.8343 -15.4601
70.8333 -15.4701
70.8323 -15.4801
70.8313 -15.4901
70.8303 -15.5001
70.8293 -15.5101
70.8283 -15.5201
70.8274 -15.5301
70.8264 -15.5401
70.8254 -15.5501
70.8244 -15.5601
70.8234 -15.5701
70.8224 -15.5801
70.8214 -15.5901
70.8204 -15.6001
70.8194 -15.6101
70.8184 -15.6201
70.8174 -15.6301
70.8164 -15.6401
70.8154 -15.6501
70.8145 -15.6601
70.8135 -15.6701
70.8125 -15.6801
70.8115 -15.6901
70.8105 -15.7001
70.8095 -15.7101
70.8085 -15.7201
70.8075 -15.7301
70.8065 -15.7401
70.8055 -15.7501
70.8045 -15.7601
70.8036 -15.7701
70.8026 -15.7801
70.8016 -15.7901
70.8006 -15.8001
70.7996 -15.8101
70.7986 -15.8201
70.7976 -15.8301
70.7966 -15.8401
70.7956 -15.8501
70.7946 -15.8601
70.7936 -15.8701
70.7927 -15.8801
70.7917 -15.8901
70.7907 -15.9001
70.7897 -15.9101
70.7887 -15.9201
70.7877 -15.9301
70.7867 -15.9401
70.7857 -15.9501
70.7847 -15.9601
70.7838 -15.9701
70.7828 -15.9801
70.7818 -15.9901
70.7808 -16.0001
70.7798 -16.0101
70.7788 -16.0201
70.7778 -16.0301
70.7768 -16.0401
70.7758 -16.0501
70.7748 -16.0601
70.7739 -16.0701
70.7729 -16.0801
70.7719 -16.0901
70.7709 -16.1001
70.7699 -16.1101
70.7689 -16.1201
70.7679 -16.1301
70.7669 -16.1401
70.766 -16.1501
70.765 -16.1601
70.764 -16.1701
70.763 -16.1801
70.762 -16.1901
70.761 -16.2001
70.76 -16.2101
70.759 -16.2201
70.7581 -16.2301
70.7571 -16.2401
70.7561 -16.2501
70.7551 -16.2601
70.7541 -16.2701
70.7531 -16.2801
70.7521 -16.2901
70.7511 -16.3001
70.7502 -16.3101
70.7492 -16.3201
70.7482 -16.3301
70.7472 -16.3401
70.7462 -16.3501
70.7452 -16.3601
70.7442 -16.3701
70.7433 -16.3801
70.7423 -16.3901
70.7413 -16.4001
70.7403 -16.4101
70.7393 -16.4201
70.7383 -16.4301
70.7373 -16.4401
70.7364 -16.4501
70.7354 -16.4601
70.7344 -16.4701
70.7334 -16.4801
70.7324 -16.4901
70.7314 -16.5001
70.7304 -16.5101
70.7295 -16.5201
70.7285 -16.5301
70.7275 -16.5401
70.7265 -16.5501
70.7255 -16.5601
70.7245 -16.5701
70.7235 -16.5801
70.7225 -16.5901
70.7215 -16.6001
70.7206 -16.6101
70.7196 -16.6201
70.7186 -16.6301
70.7176 -16.6401
70.7166 -16.6501
70.7156 -16.6601
70.7146 -16.6701
70.7136 -16.6801
70.7126 -16.6901
70.7116 -16.7001
70.7106 -16.7101
70.7096 -16.7201
70.7086 -16.7301
70.7077 -16.7401
70.7067 -16.7501
70.7057 -16.7601
70.7047 -16.7701
70.7037 -16.7801
70.7027 -16.7901
70.7017 -16.8001
70.7007 -16.8101
70.6997 -16.8201
70.6987 -16.8301
70.6977 -16.8401
70.6967 -16.8501
70.6957 -16.8601
70.6948 -16.8701
70.6938 -16.8801
70.6928 -16.8901
70.6918 -16.9001
70.6908 -16.9101
70.6898 -16.9201
70.6888 -16.9301
70.6878 -16.9401
70.6868 -16.9501
70.6858 -16.9601
70.6848 -16.9701
70.6839 -16.9801
70.6829 -16.9901
70.6819 -17.0001
70.6809 -17.0101
70.6799 -17.0201
70.6789 -17.0301
70.6779 -17.0401
70.6769 -17.0501
70.6759 -17.0601
70.6749 -17.0701
70.6739 -17.0801
70.673 -17.0901
70.672 -17.1001
70.671 -17.1101
70.67 -17.1201
70.669 -17.1301
70.668 -17.1401
70.667 -17.1501
70.666 -17.1601
70.665 -17.1701
70.664 -17.1801
70.663 -17.1901
70.6621 -17.2001
70.6611 -17.2101
70.6601 -17.2201
70.6591 -17.2301
70.6581 -17.2401
70.6571 -17.2501
70.6561 -17.2601
70.6551 -17.2701
70.6541 -17.2801
70.6532 -17.2901
70.6522 -17.3001
70.6512 -17.3101
70.6502 -17.3201
70.6492 -17.3301
70.6482 -17.3401
70.6472 -17.3501
70.6462 -17.3601
70.6452 -17.3701
70.6443 -17.3801
70.6433 -17.3901
70.6423 -17.4001
70.6413 -17.4101
70.6403 -17.4201
70.6393 -17.4301
70.6383 -17.4401
70.6373 -17.4501
70.6363 -17.4601
70.6354 -17.4701
70.6344 -17.4801
70.6334 -17.4901
70.6324 -17.5001
70.6314 -17.5101
70.6304 -17.5201
70.6294 -17.5301
70.6284 -17.5401
70.6275 -17.5501
70.6265 -17.5601
70.6255 -17.5701
70.6245 -17.5801
70.6235 -17.5901
70.6225 -17.6001
70.6215 -17.6101
70.6205 -17.6201
70.6196 -17.6301
70.6186 -17.6401
70.6176 -17.6501
70.6166 -17.6601
70.6156 -17.6701
70.6146 -17.6801
70.6136 -17.6901
70.6126 -17.7001
70.6117 -17.7101
70.6107 -17.7201
70.6097 -17.7301
70.6087 -17.7401
70.6077 -17.7501
70.6067 -17.7601
70.6057 -17.7701
70.6047 -17.7801
70.6038 -17.7901
70.6028 -17.8001
70.6018 -17.8101
70.6008 -17.8201
70.5998 -17.8301
70.5988 -17.8401
70.5978 -17.8501
70.5969 -17.8601
70.5959 -17.8701
70.5949 -17.8801
70.5939 -17.8901
70.5929 -17.9001
70.5919 -17.9101
70.5909 -17.9201
70.59 -17.9301
70.589 -17.9401
70.588 -17.9501
70.587 -17.9601
70.586 -17.9701
70.585 -17.9801
70.584 -17.9901
70.5831 -18.0001
70.5821 -18.0101
70.5811 -18.0201
70.5801 -18.0301
70.5791 -18.0401
70.5781 -18.0501
70.5772 -18.0601
70.5762 -18.0701
70.5752 -18.0801
70.5742 -18.0901
70.5732 -18.1001
70.5722 -18.1101
70.5713 -18.1201
70.5703 -18.1301
70.5694 -18.1401
70.5684 -18.1501
70.5675 -18.1601
70.5665 -18.1701
70.5655 -18.1801
70.5646 -18.1901
70.5636 -18.2001
70.5627 -18.2101
70.5617 -18.2201
70.5608 -18.2301
70.5598 -18.2401
70.5589 -18.2501
70.5579 -18.2601
70.5569 -18.2701
70.556 -18.2801
70.555 -18.2901
70.5541 -18.3001
70.5531 -18.3101
70.5522 -18.3201
70.5512 -18.3301
70.5502 -18.3401
70.5493 -18.3501
70.5483 -18.3601
70.5474 -18.3701
70.5464 -18.3801
70.5455 -18.3901
70.5445 -18.4001
70.5436 -18.4101
70.5426 -18.4201
70.5416 -18.4301
70.5407 -18.4401
70.5397 -18.4501
70.5388 -18.4601
70.5379 -18.4701
70.537 -18.4801
70.5361 -18.4901
70.5352 -18.5001
70.5343 -18.5101
70.5334 -18.5201
70.5325 -18.5301
70.5316 -18.5401
70.5307 -18.5501
70.5297 -18.5601
70.5288 -18.5701
70.5279 -18.5801
70.527 -18.5901
70.5261 -18.6001
70.5252 -18.6101
70.5243 -18.6201
70.5234 -18.6301
70.5225 -18.6401
70.5216 -18.6501
70.5207 -18.6601
70.5198 -18.6701
70.5189 -18.6801
70.518 -18.6901
70.5171 -18.7001
70.5162 -18.7101
70.5153 -18.7201
70.5143 -18.7301
70.5134 -18.7401
70.5125 -18.7501
70.5116 -18.7601
70.5107 -18.7701
70.5098 -18.7801
70.5089 -18.7901
70.508 -18.8001
70.5071 -18.8101
70.5062 -18.8201
70.5053 -18.8301
70.5044 -18.8401
70.5035 -18.8501
70.5026 -18.8601
70.5017 -18.8701
70.5008 -18.8801
70.4999 -18.8901
70.499 -18.9001
70.4981 -18.9101
70.4972 -18.9201
70.4962 -18.9301
70.4953 -18.9401
70.4944 -18.9501
70.4936 -18.9601
70.4927 -18.9701
70.4919 -18.9801
70.491 -18.9901
70.4902 -19.0001
70.4894 -19.0101
70.4885 -19.0201
70.4877 -19.0301
70.4868 -19.0401
70.486 -19.0501
70.4851 -19.0601
70.4843 -19.0701
70.4834 -19.0801
70.4826 -19.0901
70.4818 -19.1001
70.4809 -19.1101
70.4801 -19.1201
70.4792 -19.1301
70.4784 -19.1401
70.4775 -19.1501
70.4767 -19.1601
70.4758 -19.1701
70.475 -19.1801
70.4742 -19.1901
70.4733 -19.2001
70.4725 -19.2101
70.4716 -19.2201
70.4708 -19.2301
70.4699 -19.2401
70.4691 -19.2501
70.4682 -19.2601
70.4674 -19.2701
70.4666 -19.2801
70.4657 -19.2901
70.4649 -19.3001
70.464 -19.3101
70.4632 -19.3201
70.4623 -19.3301
70.4615 -19.3401
70.4607 -19.3501
70.4598 -19.3601
70.459 -19.3701
70.4581 -19.3801
70.4573 -19.3901
70.4564 -19.4001
70.4556 -19.4101
70.4548 -19.4201
70.4541 -19.4301
70.4533 -19.4401
70.4525 -19.4501
70.4517 -19.4601
70.4509 -19.4701
70.4501 -19.4801
70.4493 -19.4901
70.4485 -19.5001
70.4477 -19.5101
70.4469 -19.5201
70.4461 -19.5301
70.4453 -19.5401
70.4445 -19.5501
70.4438 -19.5601
70.443 -19.5701
70.4422 -19.5801
70.4414 -19.5901
70.4406 -19.6001
70.4398 -19.6101
70.439 -19.6201
70.4382 -19.6301
70.4374 -19.6401
70.4366 -19.6501
70.4358 -19.6601
70.435 -19.6701
70.4342 -19.6801
70.4335 -19.6901
70.4327 -19.7001
70.4319 -19.7101
70.4311 -19.7201
70.4303 -19.7301
70.4296 -19.7401
70.4288 -19.7501
70.428 -19.7601
70.4273 -19.7701
70.4265 -19.7801
70.4257 -19.7901
70.425 -19.8001
70.4242 -19.8101
70.4234 -19.8201
70.4226 -19.8301
70.4219 -19.8401
70.4211 -19.8501
70.4203 -19.8601
70.4196 -19.8701
70.4188 -19.8801
70.418 -19.8901
70.4173 -19.9001
70.4165 -19.9101
70.4157 -19.9201
70.415 -19.9301
70.4142 -19.9401
70.4134 -19.9501
70.4127 -19.9601
70.4119 -19.9701
70.4111 -19.9801
70.4104 -19.9901
70.4096 -20.0001
70.4088 -20.0101
70.408 -20.0201
70.4073 -20.0301
70.4065 -20.0401
70.4057 -20.0501
70.405 -20.0601
70.4042 -20.0701
70.4034 -20.0801
70.4027 -20.0901
70.4019 -20.1001
70.4011 -20.1101
70.4004 -20.1201
70.3996 -20.1301
70.3988 -20.1401
70.3981 -20.1501
70.3973 -20.1601
70.3965 -20.1701
70.3958 -20.1801
70.395 -20.1901
70.3942 -20.2001
70.3935 -20.2101
70.3927 -20.2201
70.3919 -20.2301
70.3912 -20.2401
70.3904 -20.2501
70.3896 -20.2601
70.3889 -20.2701
70.3881 -20.2801
70.3873 -20.2901
70.3866 -20.3001
70.3858 -20.3101
70.385 -20.3201
70.3843 -20.3301
70.3835 -20.3401
70.3827 -20.3501
70.382 -20.3601
70.3812 -20.3701
70.3804 -20.3801
70.3797 -20.3901
70.3789 -20.4001
70.3781 -20.4101
70.3774 -20.4201
70.3766 -20.4301
70.3758 -20.4401
70.3751 -20.4501
70.3743 -20.4601
70.3735 -20.4701
70.3728 -20.4801
70.372 -20.4901
70.3712 -20.5001
70.3705 -20.5101
70.3697 -20.5201
70.3689 -20.5301
70.3682 -20.5401
70.3674 -20.5501
70.3666 -20.5601
70.3659 -20.5701
70.3651 -20.5801
70.3643 -20.5901
70.3636 -20.6001
70.3628 -20.6101
70.3621 -20.6201
70.3613 -20.6301
70.3605 -20.6401
70.3598 -20.6501
70.359 -20.6601
70.3582 -20.6701
70.3575 -20.6801
70.3567 -20.6901
70.3559 -20.7001
70.3552 -20.7101
70.3544 -20.7201
70.3536 -20.7301
70.3529 -20.7401
70.3521 -20.7501
70.3513 -20.7601
70.3506 -20.7701
70.3498 -20.7801
70.3491 -20.7901
70.3483 -20.8001
70.3475 -20.8101
70.3468 -20.8201
70.346 -20.8301
70.3452 -20.8401
70.3445 -20.8501
70.3437 -20.8601
70.3429 -20.8701
70.3422 -20.8801
70.3414 -20.8901
70.3406 -20.9001
70.3399 -20.9101
70.3391 -20.9201
70.3384 -20.9301
70.3376 -20.9401
70.3368 -20.9501
70.3361 -20.9601
70.3353 -20.9701
70.3345 -20.9801
70.3338 -20.9901
70.333 -21.0001
70.3323 -21.0101
70.3315 -21.0201
70.3307 -21.0301
70.33 -21.0401
70.3292 -21.0501
70.3284 -21.0601
70.3277 -21.0701
70.3269 -21.0801
70.3261 -21.0901
70.3254 -21.1001
70.3246 -21.1101
70.3239 -21.1201
70.3231 -21.1301
70.3223 -21.1401
70.3216 -21.1501
70.3208 -21.1601
70.32 -21.1701
70.3193 -21.1801
70.3185 -21.1901
70.3178 -21.2001
70.317 -21.2101
70.3162 -21.2201
70.3155 -21.2301
70.3147 -21.2401
70.3139 -21.2501
70.3132 -21.2601
70.3124 -21.2701
70.3117 -21.2801
70.3109 -21.2901
70.3101 -21.3001
70.3094 -21.3101
70.3086 -21.3201
70.3079 -21.3301
70.3071 -21.3401
70.3063 -21.3501
70.3056 -21.3601
70.3048 -21.3701
70.304 -21.3801
70.3033 -21.3901
70.3025 -21.4001
70.3018 -21.4101
70.301 -21.4201
70.3002 -21.4301
70.2995 -21.4401
70.2987 -21.4501
70.298 -21.4601
70.2972 -21.4701
70.2964 -21.4801
70.2957 -21.4901
70.2949 -21.5001
70.2941 -21.5101
70.2934 -21.5201
70.2926 -21.5301
70.2919 -21.5401
70.2911 -21.5501
70.2903 -21.5601
70.2896 -21.5701
70.2888 -21.5801
70.2881 -21.5901
70.2873 -21.6001
70.2865 -21.6101
70.2858 -21.6201
70.285 -21.6301
70.2843 -21.6401
70.2835 -21.6501
70.2827 -21.6601
70.282 -21.6701
70.2812 -21.6801
70.2805 -21.6901
70.2797 -21.7001
70.2789 -21.7101
70.2782 -21.7201
70.2774 -21.7301
70.2767 -21.7401
70.2759 -21.7501
70.2751 -21.7601
70.2744 -21.7701
70.2736 -21.7801
70.2729 -21.7901
70.2721 -21.8001
70.2713 -21.8101
70.2706 -21.8201
70.2698 -21.8301
70.2691 -21.8401
70.2683 -21.8501
70.2675 -21.8601
70.2668 -21.8701
70.266 -21.8801
70.2653 -21.8901
70.2645 -21.9001
70.2637 -21.9101
70.263 -21.9201
70.2622 -21.9301
70.2615 -21.9401
70.2607 -21.9501
70.26 -21.9601
70.2592 -21.9701
70.2584 -21.9801
70.2577 -21.9901
70.2569 -22.0001
70.2562 -22.0101
70.2554 -22.0201
70.2546 -22.0301
70.2539 -22.0401
70.2531 -22.0501
70.2524 -22.0601
70.2516 -22.0701
70.2508 -22.0801
70.2501 -22.0901
70.2493 -22.1001
70.2486 -22.1101
70.2478 -22.1201
70.2471 -22.1301
70.2463 -22.1401
70.2455 -22.1501
70.2448 -22.1601
70.244 -22.1701
70.2433 -22.1801
70.2425 -22.1901
70.2417 -22.2001
70.241 -22.2101
70.2402 -22.2201
70.2395 -22.2301
70.2387 -22.2401
70.238 -22.2501
70.2372 -22.2601
70.2364 -22.2701
70.2357 -22.2801
70.2349 -22.2901
70.2342 -22.3001
70.2334 -22.3101
70.2327 -22.3201
70.2319 -22.3301
70.2311 -22.3401
70.2304 -22.3501
70.2296 -22.3601
70.2289 -22.3701
70.2281 -22.3801
70.2274 -22.3901
70.2266 -22.4001
70.2258 -22.4101
70.2251 -22.4201
70.2243 -22.4301
70.2236 -22.4401
70.2228 -22.4501
70.2221 -22.4601
70.2213 -22.4701
70.2205 -22.4801
70.2198 -22.4901
70.219 -22.5001
70.2183 -22.5101
70.2175 -22.5201
70.2168 -22.5301
70.216 -22.5401
70.2152 -22.5501
70.2145 -22.5601
70.2137 -22.5701
70.213 -22.5801
70.2122 -22.5901
70.2115 -22.6001
70.2107 -22.6101
70.2099 -22.6201
70.2092 -22.6301
70.2084 -22.6401
70.2077 -22.6501
70.2069 -22.6601
70.2062 -22.6701
70.2054 -22.6801
70.2047 -22.6901
70.2039 -22.7001
70.2031 -22.7101
70.2024 -22.7201
70.2016 -22.7301
70.2009 -22.7401
70.2001 -22.7501
70.1994 -22.7601
70.1986 -22.7701
70.1978 -22.7801
70.1971 -22.7901
70.1963 -22.8001
70.1956 -22.8101
70.1948 -22.8201
70.1941 -22.8301
70.1933 -22.8401
70.1925 -22.8501
70.1917 -22.8601
70.191 -22.8701
70.1902 -22.8801
70.1894 -22.8901
70.1886 -22.9001
70.1879 -22.9101
70.1871 -22.9201
70.1863 -22.9301
70.1855 -22.9401
70.1848 -22.9501
70.184 -22.9601
70.1832 -22.9701
70.1825 -22.9801
70.1817 -22.9901
70.1809 -23.0001
70.1801 -23.0101
70.1794 -23.0201
70.1786 -23.0301
70.1778 -23.0401
70.177 -23.0501
70.1763 -23.0601
70.1755 -23.0701
70.1747 -23.0801
70.1739 -23.0901
70.1732 -23.1001
70.1724 -23.1101
70.1716 -23.1201
70.1708 -23.1301
70.17 -23.1401
70.1693 -23.1501
70.1685 -23.1601
70.1677 -23.1701
70.1669 -23.1801
70.1662 -23.1901
70.1654 -23.2001
70.1646 -23.2101
70.1638 -23.2201
70.1631 -23.2301
70.1623 -23.2401
70.1615 -23.2501
70.1607 -23.2601
70.16 -23.2701
70.1592 -23.2801
70.1584 -23.2901
70.1576 -23.3001
70.1569 -23.3101
70.1561 -23.3201
70.1553 -23.3301
70.1545 -23.3401
70.1538 -23.3501
70.153 -23.3601
70.1522 -23.3701
70.1514 -23.3801
70.1506 -23.3901
70.1499 -23.4001
70.1491 -23.4101
70.1483 -23.4201
70.1475 -23.4301
70.1468 -23.4401
70.146 -23.4501
70.1452 -23.4601
70.1444 -23.4701
70.1436 -23.4801
70.1429 -23.4901
70.1421 -23.5001
70.1413 -23.5101
70.1405 -23.5201
70.1398 -23.5301
70.139 -23.5401
70.1382 -23.5501
70.1374 -23.5601
70.1366 -23.5701
70.1359 -23.5801
70.1351 -23.5901
70.1343 -23.6001
70.1335 -23.6101
70.1327 -23.6201
70.132 -23.6301
70.1312 -23.6401
70.1304 -23.6501
70.1296 -23.6601
70.1288 -23.6701
70.1281 -23.6801
70.1273 -23.6901
70.1265 -23.7001
70.1257 -23.7101
70.1249 -23.7201
70.1242 -23.7301
70.1234 -23.7401
70.1226 -23.7501
70.1218 -23.7601
70.121 -23.7701
70.1203 -23.7801
70.1195 -23.7901
70.1187 -23.8001
70.1179 -23.8101
70.1171 -23.8201
70.1164 -23.8301
70.1156 -23.8401
70.1148 -23.8501
70.114 -23.8601
70.1132 -23.8701
70.1124 -23.8801
70.1117 -23.8901
70.1109 -23.9001
70.1101 -23.9101
70.1093 -23.9201
70.1085 -23.9301
70.1078 -23.9401
70.107 -23.9501
70.1062 -23.9601
70.1054 -23.9701
70.1046 -23.9801
70.1038 -23.9901
70.1031 -24.0001
70.1023 -24.0101
70.1015 -24.0201
70.1007 -24.0301
70.0999 -24.0401
70.0991 -24.0501
70.0983 -24.0601
70.0976 -24.0701
70.0968 -24.0801
70.096 -24.0901
70.0952 -24.1001
70.0944 -24.1101
70.0936 -24.1201
70.0928 -24.1301
70.0921 -24.1401
70.0913 -24.1501
70.0905 -24.1601
70.0897 -24.1701
70.0889 -24.1801
70.0881 -24.1901
70.0873 -24.2001
70.0866 -24.2101
70.0858 -24.2201
70.085 -24.2301
70.0842 -24.2401
70.0834 -24.2501
70.0826 -24.2601
70.0818 -24.2701
70.081 -24.2801
70.0802 -24.2901
70.0795 -24.3001
70.0787 -24.3101
70.0779 -24.3201
70.0771 -24.3301
70.0763 -24.3401
70.0755 -24.3501
70.0747 -24.3601
70.0739 -24.3701
70.0731 -24.3801
70.0723 -24.3901
70.0716 -24.4001
70.0708 -24.4101
70.07 -24.4201
70.0692 -24.4301
70.0684 -24.4401
70.0676 -24.4501
70.0668 -24.4601
70.066 -24.4701
70.0652 -24.4801
70.0644 -24.4901
70.0636 -24.5001
70.0628 -24.5101
70.062 -24.5201
70.0612 -24.5301
70.0604 -24.5401
70.0597 -24.5501
70.0589 -24.5601
70.0581 -24.5701
70.0573 -24.5801
70.0565 -24.5901
70.0557 -24.6001
70.0549 -24.6101
70.0541 -24.6201
70.0533 -24.6301
70.0525 -24.6401
70.0517 -24.6501
70.0509 -24.6601
70.0501 -24.6701
70.0493 -24.6801
70.0485 -24.6901
70.0477 -24.7001
70.0469 -24.7101
70.0461 -24.7201
70.0453 -24.7301
70.0445 -24.7401
70.0437 -24.7501
70.0429 -24.7601
70.0421 -24.7701
70.0413 -24.7801
70.0405 -24.7901
70.0397 -24.8001
70.0388 -24.8101
70.038 -24.8201
70.0372 -24.8301
70.0364 -24.8401
70.0356 -24.8501
70.0348 -24.8601
70.034 -24.8701
70.0332 -24.8801
70.0324 -24.8901
70.0316 -24.9001
70.0308 -24.9101
70.03 -24.9201
70.0292 -24.9301
70.0283 -24.9401
70.0275 -24.9501
70.0267 -24.9601
70.0259 -24.9701
70.0251 -24.9801
70.0243 -24.9901
70.0235 -25.0001
70.0227 -25.0101
70.0218 -25.0201
70.021 -25.0301
70.0202 -25.0401
70.0194 -25.0501
70.0186 -25.0601
70.0177 -25.0701
70.0169 -25.0801
70.0161 -25.0901
70.0153 -25.1001
70.0145 -25.1101
70.0136 -25.1201
70.0128 -25.1301
70.012 -25.1401
70.0112 -25.1501
70.0103 -25.1601
70.0095 -25.1701
70.0087 -25.1801
70.0079 -25.1901
70.007 -25.2001
70.0062 -25.2101
70.0054 -25.2201
70.0045 -25.2301
70.0037 -25.2401
70.0029 -25.2501
70.002 -25.2601
70.0012 -25.2701
70.0004 -25.2801
69.9995 -25.2901
69.9987 -25.3001
69.9978 -25.3101
69.997 -25.3201
69.9962 -25.3301
69.9953 -25.3401
69.9945 -25.3501
69.9936 -25.3601
69.9928 -25.3701
69.9919 -25.3801
69.9911 -25.3901
69.9902 -25.4001
69.9894 -25.4101
69.9885 -25.4201
69.9876 -25.4301
69.9868 -25.4401
69.9859 -25.4501
69.9851 -25.4601
69.9842 -25.4701
69.9833 -25.4801
69.9825 -25.4901
69.9816 -25.5001
69.9807 -25.5101
69.9798 -25.5201
69.9789 -25.5301
69.9781 -25.5401
69.9772 -25.5501
69.9763 -25.5601
69.9754 -25.5701
69.9745 -25.5801
69.9736 -25.5901
69.9727 -25.6001
69.9718 -25.6101
69.9709 -25.6201
69.97 -25.6301
69.9691 -25.6401
69.9681 -25.6501
69.9672 -25.6601
69.9663 -25.6701
69.9653 -25.6801
69.9644 -25.6901
69.9634 -25.7001
69.9625 -25.7101
69.9615 -25.7201
69.9606 -25.7301
69.9596 -25.7401
69.9586 -25.7501
69.9576 -25.7601
69.9566 -25.7701
69.9555 -25.7801
69.9545 -25.7901
69.9534 -25.8001
69.9523 -25.8101
69.9512 -25.8201
69.9501 -25.8301
69.9485 -25.8401
69.9465 -25.8501
69.9442 -25.8601
69.9415 -25.8701
69.9381 -25.8801
69.9329 -25.8901
69.9263 -25.9001
69.9173 -25.9101
69.907 -25.9201
69.9001 -25.9301
69.8876 -25.9401
69.8746 -25.9501
69.861 -25.9601
69.8467 -25.9701
69.8319 -25.9801
69.8163 -25.9901
69.8001 -26.0001
69.7876 -26.0101
69.7818 -26.0201
69.7753 -26.0301
69.7682 -26.0401
69.7606 -26.0501
69.7524 -26.0601
69.7437 -26.0701
69.7344 -26.0801
69.7245 -26.0901
69.714 -26.1001
69.7028 -26.1101
69.6909 -26.1201
69.6783 -26.1301
69.6649 -26.1401
69.649 -26.1501
69.6459 -26.1601
69.6501 -26.1701
69.6531 -26.1801
69.6559 -26.1901
69.6587 -26.2001
69.6615 -26.2101
69.6642 -26.2201
69.6647 -26.2301
69.6644 -26.2401
69.6639 -26.2501
69.663 -26.2601
69.6617 -26.2701
69.66 -26.2801
69.6579 -26.2901
69.6576 -26.3001
69.659 -26.3101
69.6599 -26.3201
69.6622 -26.3301
69.6779 -26.3401
69.6933 -26.3501
69.7086 -26.3601
69.7238 -26.3701
69.7388 -26.3801
69.7537 -26.3901
69.7685 -26.4001
69.783 -26.4101
69.7975 -26.4201
69.8118 -26.4301
69.8208 -26.4401
69.8212 -26.4501
69.822 -26.4601
69.8229 -26.4701
69.8237 -26.4801
69.8246 -26.4901
69.8254 -26.5001
69.8262 -26.5101
69.8271 -26.5201
69.8279 -26.5301
69.8287 -26.5401
69.8296 -26.5501
69.8304 -26.5601
69.8312 -26.5701
69.832 -26.5801
69.8328 -26.5901
69.8337 -26.6001
69.8345 -26.6101
69.8353 -26.6201
69.8361 -26.6301
69.8368 -26.6401
69.8376 -26.6501
69.8384 -26.6601
69.8392 -26.6701
69.84 -26.6801
69.8408 -26.6901
69.8416 -26.7001
69.8421 -26.7101
69.842 -26.7201
69.842 -26.7301
69.8419 -26.7401
69.8419 -26.7501
69.8418 -26.7601
69.8418 -26.7701
69.8417 -26.7801
69.8416 -26.7901
69.8416 -26.8001
69.8415 -26.8101
69.8415 -26.8201
69.8413 -26.8301
69.8411 -26.8401
69.8409 -26.8501
69.8407 -26.8601
69.8405 -26.8701
69.8403 -26.8801
69.8401 -26.8901
69.8399 -26.9001
69.8397 -26.9101
69.8395 -26.9201
69.8393 -26.9301
69.839 -26.9401
69.8388 -26.9501
69.8386 -26.9601
69.8383 -26.9701
69.8381 -26.9801
69.8379 -26.9901
69.8376 -27.0001
69.8374 -27.0101
69.8372 -27.0201
69.8369 -27.0301
69.8367 -27.0401
69.8364 -27.0501
69.8362 -27.0601
69.836 -27.0701
69.8357 -27.0801
69.8355 -27.0901
69.8352 -27.1001
69.835 -27.1101
69.8348 -27.1201
69.8345 -27.1301
69.8343 -27.1401
69.8341 -27.1501
69.8338 -27.1601
69.8336 -27.1701
69.8333 -27.1801
69.8331 -27.1901
69.8329 -27.2001
69.8326 -27.2101
69.8324 -27.2201
69.8321 -27.2301
69.8319 -27.2401
69.8317 -27.2501
69.8314 -27.2601
69.8312 -27.2701
69.831 -27.2801
69.8307 -27.2901
69.8305 -27.3001
69.8302 -27.3101
69.83 -27.3201
69.8298 -27.3301
69.8295 -27.3401
69.8293 -27.3501
69.829 -27.3601
69.8288 -27.3701
69.8286 -27.3801
69.8283 -27.3901
69.8281 -27.4001
69.8279 -27.4101
69.8276 -27.4201
69.8274 -27.4301
69.8271 -27.4401
69.8269 -27.4501
69.8267 -27.4601
69.8264 -27.4701
69.8262 -27.4801
69.8259 -27.4901
69.8257 -27.5001
69.8255 -27.5101
69.8252 -27.5201
69.825 -27.5301
69.8248 -27.5401
69.8245 -27.5501
69.8243 -27.5601
69.824 -27.5701
69.8238 -27.5801
69.8236 -27.5901
69.8233 -27.6001
69.8231 -27.6101
69.8228 -27.6201
69.8226 -27.6301
69.8224 -27.6401
69.8221 -27.6501
69.8219 -27.6601
69.8217 -27.6701
69.8214 -27.6801
69.8212 -27.6901
69.8209 -27.7001
69.8207 -27.7101
69.8205 -27.7201
69.8202 -27.7301
69.82 -27.7401
69.8198 -27.7501
69.8195 -27.7601
69.8193 -27.7701
69.819 -27.7801
69.8188 -27.7901
69.8186 -27.8001
69.8183 -27.8101
69.8181 -27.8201
69.8178 -27.8301
69.8176 -27.8401
69.8174 -27.8501
69.8171 -27.8601
69.8169 -27.8701
69.8166 -27.8801
69.8164 -27.8901
69.8162 -27.9001
69.8159 -27.9101
69.8157 -27.9201
69.8155 -27.9301
69.8152 -27.9401
69.815 -27.9501
69.8147 -27.9601
69.8145 -27.9701
69.8143 -27.9801
69.814 -27.9901
69.8138 -28.0001
69.8135 -28.0101
69.8133 -28.0201
69.8131 -28.0301
69.8128 -28.0401
69.8126 -28.0501
69.8124 -28.0601
69.8121 -28.0701
69.8119 -28.0801
69.8116 -28.0901
69.8114 -28.1001
69.8112 -28.1101
69.8109 -28.1201
69.8107 -28.1301
69.8104 -28.1401
69.8102 -28.1501
69.81 -28.1601
69.8097 -28.1701
69.8095 -28.1801
69.8092 -28.1901
69.809 -28.2001
69.8088 -28.2101
69.8085 -28.2201
69.8083 -28.2301
69.808 -28.2401
69.8078 -28.2501
69.8076 -28.2601
69.8073 -28.2701
69.8072 -28.2801
69.8072 -28.2901
69.8072 -28.3001
69.8072 -28.3101
69.8071 -28.3201
69.8071 -28.3301
69.8071 -28.3401
69.8071 -28.3501
69.8071 -28.3601
69.807 -28.3701
69.807 -28.3801
69.807 -28.3901
69.807 -28.4001
69.807 -28.4101
69.8069 -28.4201
69.8069 -28.4301
69.8069 -28.4401
69.8069 -28.4501
69.8069 -28.4601
69.8068 -28.4701
69.8068 -28.4801
69.8068 -28.4901
69.8068 -28.5001
69.8067 -28.5101
69.8067 -28.5201
69.8067 -28.5301
69.8067 -28.5401
69.8067 -28.5501
69.8066 -28.5601
69.8066 -28.5701
69.8066 -28.5801
69.8066 -28.5901
69.8066 -28.6001
69.8065 -28.6101
69.8065 -28.6201
69.8065 -28.6301
69.8065 -28.6401
69.8065 -28.6501
69.8064 -28.6601
69.8064 -28.6701
69.8064 -28.6801
69.8064 -28.6901
69.8064 -28.7001
69.8063 -28.7101
69.8063 -28.7201
69.8063 -28.7301
69.8063 -28.7401
69.8063 -28.7501
69.8062 -28.7601
69.8062 -28.7701
69.8062 -28.7801
69.8062 -28.7901
69.8062 -28.8001
69.8061 -28.8101
69.8061 -28.8201
69.8061 -28.8301
69.8061 -28.8401
69.8061 -28.8501
69.806 -28.8601
69.806 -28.8701
69.806 -28.8801
69.806 -28.8901
69.806 -28.9001
69.806 -28.9101
69.8059 -28.9201
69.8059 -28.9301
69.8059 -28.9401
69.8059 -28.9501
69.8059 -28.9601
69.8058 -28.9701
69.8058 -28.9801
69.8058 -28.9901
69.8058 -29.0001
69.8058 -29.0101
69.8057 -29.0201
69.8057 -29.0301
69.8057 -29.0401
69.8057 -29.0501
69.8057 -29.0601
69.8056 -29.0701
69.8056 -29.0801
69.8056 -29.0901
69.8056 -29.1001
69.8056 -29.1101
69.8055 -29.1201
69.8055 -29.1301
69.8055 -29.1401
69.8055 -29.1501
69.8055 -29.1601
69.8055 -29.1701
69.8054 -29.1801
69.8054 -29.1901
69.8054 -29.2001
69.8054 -29.2101
69.8054 -29.2201
69.8053 -29.2301
69.8053 -29.2401
69.8053 -29.2501
69.8053 -29.2601
69.8053 -29.2701
69.8052 -29.2801
69.8052 -29.2901
69.8052 -29.3001
69.8052 -29.3101
69.8052 -29.3201
69.8051 -29.3301
69.8051 -29.3401
69.8051 -29.3501
69.8051 -29.3601
69.8051 -29.3701
69.8051 -29.3801
69.805 -29.3901
69.805 -29.4001
69.805 -29.4101
69.805 -29.4201
69.805 -29.4301
69.8049 -29.4401
69.8049 -29.4501
69.8049 -29.4601
69.8049 -29.4701
69.8049 -29.4801
69.8048 -29.4901
69.8048 -29.5001
69.8048 -29.5101
69.8048 -29.5201
69.8048 -29.5301
69.8047 -29.5401
69.8047 -29.5501
69.8047 -29.5601
69.8047 -29.5701
69.8047 -29.5801
69.8046 -29.5901
69.8046 -29.6001
69.8046 -29.6101
69.8046 -29.6201
69.8046 -29.6301
69.8045 -29.6401
69.8045 -29.6501
69.8045 -29.6601
69.8045 -29.6701
69.8045 -29.6801
69.8044 -29.6901
69.8044 -29.7001
69.8044 -29.7101
69.8044 -29.7201
69.8044 -29.7301
69.8043 -29.7401
69.8043 -29.7501
69.8043 -29.7601
69.8043 -29.7701
69.8043 -29.7801
69.8042 -29.7901
69.8042 -29.8001
69.8042 -29.8101
69.8042 -29.8201
69.8042 -29.8301
69.8041 -29.8401
69.8041 -29.8501
69.8041 -29.8601
69.8041 -29.8701
69.804 -29.8801
69.804 -29.8901
69.804 -29.9001
69.804 -29.9101
69.804 -29.9201
69.8039 -29.9301
69.8039 -29.9401
69.8039 -29.9501
69.8039 -29.9601
69.8038 -29.9701
69.8038 -29.9801
69.8038 -29.9901
69.8038 -30.0001
69.8037 -30.0101
69.8037 -30.0201
69.8037 -30.0301
69.8037 -30.0401
69.8037 -30.0501
69.8036 -30.0601
69.8036 -30.0701
69.8036 -30.0801
69.8035 -30.0901
69.8035 -30.1001
69.8035 -30.1101
69.8035 -30.1201
69.8034 -30.1301
69.8034 -30.1401
69.8034 -30.1501
69.8034 -30.1601
69.8033 -30.1701
69.8033 -30.1801
69.8033 -30.1901
69.8032 -30.2001
69.8032 -30.2101
69.8032 -30.2201
69.8031 -30.2301
69.8031 -30.2401
69.8031 -30.2501
69.8031 -30.2601
69.803 -30.2701
69.803 -30.2801
69.8029 -30.2901
69.8029 -30.3001
69.8029 -30.3101
69.8028 -30.3201
69.8028 -30.3301
69.8028 -30.3401
69.8027 -30.3501
69.8027 -30.3601
69.8026 -30.3701
69.8026 -30.3801
69.8026 -30.3901
69.8026 -30.4001
69.8026 -30.4101
69.8026 -30.4201
69.8026 -30.4301
69.8026 -30.4401
69.8025 -30.4501
69.8026 -30.4601
69.8028 -30.4701
69.8028 -30.4801
69.803 -30.4901
69.8032 -30.5001
69.8086 -30.5101
69.804 -30.5201
69.8033 -30.5301
69.8034 -30.5401
69.8035 -30.5501
69.8036 -30.5601
69.8037 -30.5701
69.8038 -30.5801
69.8039 -30.5901
69.8039 -30.6001
69.804 -30.6101
69.8041 -30.6201
69.8041 -30.6301
69.8042 -30.6401
69.8043 -30.6501
69.8043 -30.6601
69.8044 -30.6701
69.8044 -30.6801
69.8045 -30.6901
69.8045 -30.7001
69.8045 -30.7101
69.8045 -30.7201
69.8045 -30.7301
69.8046 -30.7401
69.8046 -30.7501
69.8045 -30.7601
69.8045 -30.7701
69.8045 -30.7801
69.8044 -30.7901
69.8044 -30.8001
69.8043 -30.8101
69.8043 -30.8201
69.8048 -30.8301
69.8048 -30.8401
69.7968 -30.8501
69.5872 -30.8601
69.5852 -30.8701
69.5875 -30.8801
69.6193 -30.8901
69.5954 -30.9001
69.5754 -30.9101
69.5549 -30.9201
69.5335 -30.9301
69.5109 -30.9401
69.4871 -30.9501
69.4621 -30.9601
69.435 -30.9701
69.406 -30.9801
69.375 -30.9901
69.3371 -31.0001
69.308 -31.0101
69.2796 -31.0201
69.2513 -31.0301
69.2229 -31.0401
69.1946 -31.0501
69.1662 -31.0601
69.1452 -31.0701
69.1308 -31.0801
69.114 -31.0901
69.0969 -31.1001
69.0796 -31.1101
69.062 -31.1201
69.0442 -31.1301
69.026 -31.1401
69.0077 -31.1501
68.989 -31.1601
68.9701 -31.1701
68.9508 -31.1801
68.9312 -31.1901
68.9113 -31.2001
68.891 -31.2101
68.8704 -31.2201
68.8495 -31.2301
68.8282 -31.2401
68.8064 -31.2501
68.7843 -31.2601
68.7618 -31.2701
68.7388 -31.2801
68.7154 -31.2901
68.6915 -31.3001
68.6671 -31.3101
68.6422 -31.3201
68.6168 -31.3301
68.5908 -31.3401
68.5642 -31.3501
68.5369 -31.3601
68.509 -31.3701
68.4939 -31.3801
68.4854 -31.3901
68.4756 -31.4001
68.4655 -31.4101
68.4551 -31.4201
68.4444 -31.4301
68.4335 -31.4401
68.4223 -31.4501
68.4109 -31.4601
68.3992 -31.4701
68.3872 -31.4801
68.3748 -31.4901
68.3622 -31.5001
68.3492 -31.5101
68.3359 -31.5201
68.3222 -31.5301
68.3082 -31.5401
68.2937 -31.5501
68.2788 -31.5601
68.2634 -31.5701
68.2476 -31.5801
68.2312 -31.5901
68.2142 -31.6001
68.1966 -31.6101
68.1782 -31.6201
68.1552 -31.6301
68.1055 -31.6401
68.0474 -31.6501
67.9841 -31.6601
67.9126 -31.6701
67.8299 -31.6801
67.733 -31.6901
67.6181 -31.7001
67.4786 -31.7101
67.3031 -31.7201
67.2059 -31.7301
67.1531 -31.7401
67.1191 -31.7501
67.0846 -31.7601
67.0351 -31.7701
66.9807 -31.7801
66.9213 -31.7901
66.8562 -31.8001
66.7848 -31.8101
66.7065 -31.8201
66.632 -31.8301
66.6073 -31.8401
66.5797 -31.8501
66.549 -31.8601
66.5152 -31.8701
66.478 -31.8801
66.4371 -31.8901
66.3922 -31.9001
66.3429 -31.9101
66.289 -31.9201
66.2298 -31.9301
66.1648 -31.9401
66.0934 -31.9501
66.0148 -31.9601
65.928 -31.9701
65.7929 -31.9801
65.7129 -31.9901
65.6086 -32.0001
65.5132 -32.0101
65.4056 -32.0201
65.2919 -32.0301
65.1717 -32.0401
65.0443 -32.0501
64.9087 -32.0601
64.7642 -32.0701
64.6095 -32.0801
64.4431 -32.0901
64.2633 -32.1001
64.0679 -32.1101
63.8546 -32.1201
63.7252 -32.1301
63.6278 -32.1401
63.5091 -32.1501
63.3831 -32.1601
63.2564 -32.1701
63.1295 -32.1801
63.0026 -32.1901
62.8757 -32.2001
62.7488 -32.2101
62.622 -32.2201
62.4951 -32.2301
62.3682 -32.2401
62.2413 -32.2501
62.1144 -32.2601
61.9875 -32.2701
61.8604 -32.2801
61.7332 -32.2901
61.6134 -32.3001
61.5347 -32.3101
61.4559 -32.3201
61.3769 -32.3301
61.298 -32.3401
61.2342 -32.3501
61.1874 -32.3601
61.1394 -32.3701
61.0912 -32.3801
61.0431 -32.3901
60.9949 -32.4001
60.9467 -32.4101
60.8986 -32.4201
60.8504 -32.4301
60.8023 -32.4401
60.7542 -32.4501
60.706 -32.4601
60.6578 -32.4701
60.6097 -32.4801
60.5615 -32.4901
60.5133 -32.5001
60.4647 -32.5101
60.4933 -32.5201
60.5218 -32.5301
60.5499 -32.5401
60.5775 -32.5501
60.6046 -32.5601
60.631 -32.5701
60.6568 -32.5801
60.6819 -32.5901
60.7064 -32.6001
60.7303 -32.6101
60.7534 -32.6201
60.7759 -32.6301
60.7976 -32.6401
60.8185 -32.6501
60.8387 -32.6601
60.8581 -32.6701
60.8766 -32.6801
60.8943 -32.6901
60.9111 -32.7001
60.9271 -32.7101
60.942 -32.7201
60.956 -32.7301
60.969 -32.7401
60.9809 -32.7501
60.9918 -32.7601
61.0015 -32.7701
61.01 -32.7801
61.0174 -32.7901
61.0234 -32.8001
61.0281 -32.8101
61.0315 -32.8201
61.0333 -32.8301
61.0337 -32.8401
61.0325 -32.8501
61.0296 -32.8601
61.0249 -32.8701
61.0184 -32.8801
61.0099 -32.8901
61.0513 -32.9001
61.1107 -32.9101
61.172 -32.9201
61.2342 -32.9301
61.296 -32.9401
61.3574 -32.9501
61.4186 -32.9601
61.4793 -32.9701
61.5398 -32.9801
61.5999 -32.9901
61.6596 -33.0001
61.719 -33.0101
61.778 -33.0201
61.8366 -33.0301
61.8948 -33.0401
61.9526 -33.0501
62.0101 -33.0601
62.0671 -33.0701
62.1237 -33.0801
62.1798 -33.0901
62.2354 -33.1001
62.2906 -33.1101
62.3452 -33.1201
62.3993 -33.1301
62.4529 -33.1401
62.5059 -33.1501
62.5584 -33.1601
62.6103 -33.1701
62.6615 -33.1801
62.7121 -33.1901
62.762 -33.2001
62.8112 -33.2101
62.8597 -33.2201
62.9067 -33.2301
62.9525 -33.2401
62.9978 -33.2501
63.0425 -33.2601
63.0866 -33.2701
63.13 -33.2801
63.1728 -33.2901
63.2148 -33.3001
63.2562 -33.3101
63.2967 -33.3201
63.3365 -33.3301
63.3755 -33.3401
63.4136 -33.3501
63.4509 -33.3601
63.4872 -33.3701
63.5226 -33.3801
63.557 -33.3901
63.5903 -33.4001
63.6225 -33.4101
63.6536 -33.4201
63.6835 -33.4301
63.7111 -33.4401
63.7369 -33.4501
63.7615 -33.4601
63.7847 -33.4701
63.8066 -33.4801
63.8269 -33.4901
63.8455 -33.5001
63.8624 -33.5101
63.8775 -33.5201
63.8905 -33.5301
63.9013 -33.5401
63.9098 -33.5501
63.9156 -33.5601
63.9186 -33.5701
63.9185 -33.5801
63.9148 -33.5901
63.9072 -33.6001
63.8951 -33.6101
63.8779 -33.6201
63.8845 -33.6301
63.9464 -33.6401
64.009 -33.6501
64.0706 -33.6601
64.1313 -33.6701
64.1918 -33.6801
64.252 -33.6901
64.312 -33.7001
64.3717 -33.7101
64.4311 -33.7201
64.4902 -33.7301
64.549 -33.7401
64.6076 -33.7501
64.6658 -33.7601
64.7237 -33.7701
64.7813 -33.7801
64.8385 -33.7901
64.8955 -33.8001
64.9521 -33.8101
65.0083 -33.8201
65.0641 -33.8301
65.1202 -33.8401
65.178 -33.8501
65.2354 -33.8601
65.2926 -33.8701
65.3493 -33.8801
65.4057 -33.8901
65.4618 -33.9001
65.5175 -33.9101
65.5728 -33.9201
65.6277 -33.9301
65.6823 -33.9401
65.7364 -33.9501
65.7888 -33.9601
65.839 -33.9701
65.8889 -33.9801
65.9384 -33.9901
65.9875 -34.0001
66.0362 -34.0101
66.0845 -34.0201
66.1324 -34.0301
66.1798 -34.0401
66.2267 -34.0501
66.2732 -34.0601
66.3191 -34.0701
66.3645 -34.0801
66.4094 -34.0901
66.4538 -34.1001
66.4975 -34.1101
66.5406 -34.1201
66.5831 -34.1301
66.625 -34.1401
66.6662 -34.1501
66.7066 -34.1601
66.7464 -34.1701
66.7853 -34.1801
66.8235 -34.1901
66.8607 -34.2001
66.8971 -34.2101
66.9326 -34.2201
66.9671 -34.2301
67.0005 -34.2401
67.0328 -34.2501
67.064 -34.2601
67.0893 -34.2701
67.1022 -34.2801
67.1107 -34.2901
67.1209 -34.3001
67.1311 -34.3101
67.1412 -34.3201
67.1511 -34.3301
67.1607 -34.3401
67.1702 -34.3501
67.1794 -34.3601
67.1884 -34.3701
67.1971 -34.3801
67.2057 -34.3901
67.214 -34.4001
67.222 -34.4101
67.2299 -34.4201
67.2422 -34.4301
67.2543 -34.4401
67.2662 -34.4501
67.2779 -34.4601
67.2893 -34.4701
67.3004 -34.4801
67.3113 -34.4901
67.3351 -34.5001
67.3594 -34.5101
67.3813 -34.5201
67.4027 -34.5301
67.4241 -34.5401
67.4453 -34.5501
67.4666 -34.5601
67.4878 -34.5701
67.5089 -34.5801
67.5299 -34.5901
67.5509 -34.6001
67.5719 -34.6101
67.5928 -34.6201
67.6136 -34.6301
67.6344 -34.6401
67.6551 -34.6501
67.6757 -34.6601
67.6963 -34.6701
67.7169 -34.6801
67.7373 -34.6901
67.7577 -34.7001
67.7781 -34.7101
67.7983 -34.7201
67.8185 -34.7301
67.8387 -34.7401
67.8587 -34.7501
67.8787 -34.7601
67.8987 -34.7701
67.9185 -34.7801
67.9383 -34.7901
67.9581 -34.8001
67.9777 -34.8101
67.9973 -34.8201
68.0168 -34.8301
68.0362 -34.8401
68.0556 -34.8501
68.0749 -34.8601
68.0941 -34.8701
68.1132 -34.8801
68.1323 -34.8901
68.1512 -34.9001
68.1701 -34.9101
68.1889 -34.9201
68.2077 -34.9301
68.2263 -34.9401
68.2449 -34.9501
68.2633 -34.9601
68.2817 -34.9701
68.3 -34.9801
68.3182 -34.9901
68.3363 -35.0001
68.3543 -35.0101
68.3656 -35.0201
68.3668 -35.0301
68.3686 -35.0401
68.3704 -35.0501
68.3722 -35.0601
68.3741 -35.0701
68.3759 -35.0801
68.3777 -35.0901
68.3796 -35.1001
68.3814 -35.1101
68.3832 -35.1201
68.385 -35.1301
68.3869 -35.1401
68.3887 -35.1501
68.3905 -35.1601
68.3923 -35.1701
68.3941 -35.1801
68.396 -35.1901
68.3978 -35.2001
68.3996 -35.2101
68.4014 -35.2201
68.4033 -35.2301
68.4051 -35.2401
68.4069 -35.2501
68.4087 -35.2601
68.4105 -35.2701
68.4123 -35.2801
68.4142 -35.2901
68.416 -35.3001
68.4178 -35.3101
68.4196 -35.3201
68.4214 -35.3301
68.4233 -35.3401
68.4251 -35.3501
68.4269 -35.3601
68.4287 -35.3701
68.4305 -35.3801
68.4323 -35.3901
68.4341 -35.4001
68.436 -35.4101
68.4378 -35.4201
68.4396 -35.4301
68.4414 -35.4401
68.4432 -35.4501
68.445 -35.4601
68.4468 -35.4701
68.4486 -35.4801
68.4504 -35.4901
68.4522 -35.5001
68.454 -35.5101
68.4558 -35.5201
68.4576 -35.5301
68.4594 -35.5401
68.4612 -35.5501
68.463 -35.5601
68.4648 -35.5701
68.4666 -35.5801
68.4684 -35.5901
68.4702 -35.6001
68.472 -35.6101
68.4738 -35.6201
68.4756 -35.6301
68.4774 -35.6401
68.4792 -35.6501
68.481 -35.6601
68.4828 -35.6701
68.4846 -35.6801
68.4864 -35.6901
68.4881 -35.7001
68.4899 -35.7101
68.4917 -35.7201
68.4935 -35.7301
68.4953 -35.7401
68.4971 -35.7501
68.4989 -35.7601
68.5008 -35.7701
68.5031 -35.7801
68.5053 -35.7901
68.5075 -35.8001
68.5097 -35.8101
68.512 -35.8201
68.5135 -35.8301
68.5137 -35.8401
68.5139 -35.8501
68.5141 -35.8601
68.5143 -35.8701
68.5146 -35.8801
68.5148 -35.8901
68.515 -35.9001
68.5153 -35.9101
68.5155 -35.9201
68.5157 -35.9301
68.5159 -35.9401
68.5162 -35.9501
68.5164 -35.9601
68.5166 -35.9701
68.5168 -35.9801
68.5169 -35.9901
68.5171 -36.0001
68.5173 -36.0101
68.5175 -36.0201
68.5177 -36.0301
68.5179 -36.0401
68.5181 -36.0501
68.5182 -36.0601
68.5184 -36.0701
68.5186 -36.0801
68.5188 -36.0901
68.519 -36.1001
68.5192 -36.1101
68.5193 -36.1201
68.5195 -36.1301
68.5197 -36.1401
68.5199 -36.1501
68.5201 -36.1601
68.5203 -36.1701
68.5205 -36.1801
68.5206 -36.1901
68.5208 -36.2001
68.521 -36.2101
68.5212 -36.2201
68.5214 -36.2301
68.5216 -36.2401
68.5218 -36.2501
68.522 -36.2601
68.5221 -36.2701
68.5223 -36.2801
68.5225 -36.2901
68.5227 -36.3001
68.5229 -36.3101
68.5231 -36.3201
68.5233 -36.3301
68.5235 -36.3401
68.5236 -36.3501
68.5238 -36.3601
68.524 -36.3701
68.5242 -36.3801
68.5244 -36.3901
68.5246 -36.4001
68.5248 -36.4101
68.525 -36.4201
68.5251 -36.4301
68.5253 -36.4401
68.5255 -36.4501
68.5257 -36.4601
68.5259 -36.4701
68.5261 -36.4801
68.5263 -36.4901
68.5265 -36.5001
68.5266 -36.5101
68.5268 -36.5201
68.527 -36.5301
68.5272 -36.5401
68.5274 -36.5501
68.5276 -36.5601
68.5278 -36.5701
68.528 -36.5801
68.5282 -36.5901
68.5284 -36.6001
68.5285 -36.6101
68.5287 -36.6201
68.5289 -36.6301
68.5291 -36.6401
68.5293 -36.6501
68.5295 -36.6601
68.5297 -36.6701
68.5298 -36.6801
68.53 -36.6901
68.5302 -36.7001
68.5303 -36.7101
68.5305 -36.7201
68.5307 -36.7301
68.5309 -36.7401
68.531 -36.7501
68.5312 -36.7601
68.5314 -36.7701
68.5315 -36.7801
68.5317 -36.7901
68.5319 -36.8001
68.5321 -36.8101
68.5322 -36.8201
68.5324 -36.8301
68.5326 -36.8401
68.5327 -36.8501
68.5329 -36.8601
68.5331 -36.8701
68.5333 -36.8801
68.5334 -36.8901
68.5336 -36.9001
68.5338 -36.9101
68.5339 -36.9201
68.5341 -36.9301
68.5343 -36.9401
68.5345 -36.9501
68.5346 -36.9601
68.5348 -36.9701
68.535 -36.9801
68.5352 -36.9901
68.5353 -37.0001
68.5355 -37.0101
68.5357 -37.0201
68.5358 -37.0301
68.536 -37.0401
68.5362 -37.0501
68.5364 -37.0601
68.5365 -37.0701
68.5367 -37.0801
68.5369 -37.0901
68.5371 -37.1001
68.5372 -37.1101
68.5374 -37.1201
68.5376 -37.1301
68.5377 -37.1401
68.5379 -37.1501
68.5381 -37.1601
68.5383 -37.1701
68.5384 -37.1801
68.5386 -37.1901
68.5388 -37.2001
68.539 -37.2101
68.5391 -37.2201
68.5393 -37.2301
68.5395 -37.2401
68.5396 -37.2501
68.5398 -37.2601
68.54 -37.2701
68.5402 -37.2801
68.5403 -37.2901
68.5405 -37.3001
68.5407 -37.3101
68.5409 -37.3201
68.541 -37.3301
68.5412 -37.3401
68.5414 -37.3501
68.5415 -37.3601
68.5417 -37.3701
68.5419 -37.3801
68.5421 -37.3901
68.5422 -37.4001
68.5424 -37.4101
68.5426 -37.4201
68.5428 -37.4301
68.5429 -37.4401
68.5431 -37.4501
68.5433 -37.4601
68.5435 -37.4701
68.5436 -37.4801
68.5438 -37.4901
68.544 -37.5001
68.5442 -37.5101
68.5443 -37.5201
68.5445 -37.5301
68.5447 -37.5401
68.5449 -37.5501
68.545 -37.5601
68.5452 -37.5701
68.5454 -37.5801
68.5456 -37.5901
68.5457 -37.6001
68.5459 -37.6101
68.5461 -37.6201
68.5463 -37.6301
68.5464 -37.6401
68.5466 -37.6501
68.5468 -37.6601
68.547 -37.6701
68.5471 -37.6801
68.5473 -37.6901
68.5475 -37.7001
68.5477 -37.7101
68.5478 -37.7201
68.548 -37.7301
68.5482 -37.7401
68.5484 -37.7501
68.5486 -37.7601
68.5487 -37.7701
68.5489 -37.7801
68.5491 -37.7901
68.5493 -37.8001
68.5494 -37.8101
68.5496 -37.8201
68.5498 -37.8301
68.55 -37.8401
68.5501 -37.8501
68.5503 -37.8601
68.5505 -37.8701
68.5507 -37.8801
68.5509 -37.8901
68.551 -37.9001
68.5512 -37.9101
68.5514 -37.9201
68.5516 -37.9301
68.5517 -37.9401
68.5519 -37.9501
68.5521 -37.9601
68.5523 -37.9701
68.5525 -37.9801
68.5526 -37.9901
68.5528 -38.0001
68.553 -38.0101
68.5532 -38.0201
68.5534 -38.0301
68.5535 -38.0401
68.5537 -38.0501
68.5539 -38.0601
68.5541 -38.0701
68.5543 -38.0801
68.5544 -38.0901
68.5546 -38.1001
68.5548 -38.1101
68.555 -38.1201
68.5552 -38.1301
68.5553 -38.1401
68.5555 -38.1501
68.5557 -38.1601
68.5559 -38.1701
68.5561 -38.1801
68.5562 -38.1901
68.5564 -38.2001
68.5566 -38.2101
68.5568 -38.2201
68.557 -38.2301
68.5571 -38.2401
68.5573 -38.2501
68.5575 -38.2601
68.5577 -38.2701
68.5579 -38.2801
68.558 -38.2901
68.5582 -38.3001
68.5584 -38.3101
68.5586 -38.3201
68.5588 -38.3301
68.5589 -38.3401
68.5591 -38.3501
68.5593 -38.3601
68.5595 -38.3701
68.5597 -38.3801
68.5599 -38.3901
68.56 -38.4001
68.5602 -38.4101
68.5604 -38.4201
68.5606 -38.4301
68.5608 -38.4401
68.5609 -38.4501
68.5611 -38.4601
68.5613 -38.4701
68.5615 -38.4801
68.5617 -38.4901
68.5619 -38.5001
68.562 -38.5101
68.5622 -38.5201
68.5624 -38.5301
68.5626 -38.5401
68.5628 -38.5501
68.563 -38.5601
68.5631 -38.5701
68.5633 -38.5801
68.5635 -38.5901
68.5637 -38.6001
68.5639 -38.6101
68.5641 -38.6201
68.5642 -38.6301
68.5644 -38.6401
68.5646 -38.6501
68.5648 -38.6601
68.565 -38.6701
68.5652 -38.6801
68.5654 -38.6901
68.5655 -38.7001
68.5657 -38.7101
68.5659 -38.7201
68.5661 -38.7301
68.5663 -38.7401
68.5665 -38.7501
68.5666 -38.7601
68.5668 -38.7701
68.567 -38.7801
68.5672 -38.7901
68.5674 -38.8001
68.5676 -38.8101
68.5678 -38.8201
68.5679 -38.8301
68.5681 -38.8401
68.5683 -38.8501
68.5685 -38.8601
68.5687 -38.8701
68.5689 -38.8801
68.5691 -38.8901
68.5692 -38.9001
68.5694 -38.9101
68.5696 -38.9201
68.5698 -38.9301
68.57 -38.9401
68.5702 -38.9501
68.5704 -38.9601
68.5706 -38.9701
68.5707 -38.9801
68.5709 -38.9901
68.5711 -39.0001
68.5713 -39.0101
68.5715 -39.0201
68.5717 -39.0301
68.5719 -39.0401
68.572 -39.0501
68.5722 -39.0601
68.5724 -39.0701
68.5726 -39.0801
68.5728 -39.0901
68.573 -39.1001
68.5732 -39.1101
68.5734 -39.1201
68.5736 -39.1301
68.5737 -39.1401
68.5739 -39.1501
68.5741 -39.1601
68.5743 -39.1701
68.5745 -39.1801
68.5747 -39.1901
68.5749 -39.2001
68.5751 -39.2101
68.5752 -39.2201
68.5754 -39.2301
68.5756 -39.2401
68.5758 -39.2501
68.576 -39.2601
68.5762 -39.2701
68.5764 -39.2801
68.5766 -39.2901
68.5768 -39.3001
68.5769 -39.3101
68.5771 -39.3201
68.5773 -39.3301
68.5775 -39.3401
68.5777 -39.3501
68.5779 -39.3601
68.5781 -39.3701
68.5783 -39.3801
68.5785 -39.3901
68.5787 -39.4001
68.5789 -39.4101
68.579 -39.4201
68.5792 -39.4301
68.5794 -39.4401
68.5796 -39.4501
68.5798 -39.4601
68.58 -39.4701
68.5802 -39.4801
68.5804 -39.4901
68.5806 -39.5001
68.5808 -39.5101
68.5809 -39.5201
68.5811 -39.5301
68.5813 -39.5401
68.5815 -39.5501
68.5817 -39.5601
68.5819 -39.5701
68.5821 -39.5801
68.5823 -39.5901
68.5825 -39.6001
68.5827 -39.6101
68.5829 -39.6201
68.5831 -39.6301
68.5833 -39.6401
68.5834 -39.6501
68.5836 -39.6601
68.5838 -39.6701
68.584 -39.6801
68.5842 -39.6901
68.5844 -39.7001
68.5846 -39.7101
68.5848 -39.7201
68.585 -39.7301
68.5852 -39.7401
68.5854 -39.7501
68.5856 -39.7601
68.5858 -39.7701
68.586 -39.7801
68.5861 -39.7901
68.5863 -39.8001
68.5865 -39.8101
68.5867 -39.8201
68.5869 -39.8301
68.5871 -39.8401
68.5873 -39.8501
68.5875 -39.8601
68.5877 -39.8701
68.5879 -39.8801
68.5881 -39.8901
68.5883 -39.9001
68.5885 -39.9101
68.5887 -39.9201
68.5889 -39.9301
68.5891 -39.9401
68.5893 -39.9501
68.5894 -39.9601
68.5896 -39.9701
68.5898 -39.9801
68.59 -39.9901
68.5902 -40.0001
68.5904 -40.0101
68.5906 -40.0201
68.5908 -40.0301
68.591 -40.0401
68.5912 -40.0501
68.5914 -40.0601
68.5916 -40.0701
68.5918 -40.0801
68.592 -40.0901
68.5922 -40.1001
68.5924 -40.1101
68.5926 -40.1201
68.5928 -40.1301
68.593 -40.1401
68.5932 -40.1501
68.5934 -40.1601
68.5936 -40.1701
68.5938 -40.1801
68.594 -40.1901
68.5942 -40.2001
68.5943 -40.2101
68.5945 -40.2201
68.5947 -40.2301
68.5949 -40.2401
68.5951 -40.2501
68.5953 -40.2601
68.5955 -40.2701
68.5957 -40.2801
68.5959 -40.2901
68.5961 -40.3001
68.5963 -40.3101
68.5965 -40.3201
68.5967 -40.3301
68.5969 -40.3401
68.5971 -40.3501
68.5973 -40.3601
68.5975 -40.3701
68.5977 -40.3801
