0.1 0.600871
0.2 1.20121
0.3 1.80284
0.4 2.40398
0.5 3.00518
0.6 3.60646
0.7 4.20783
0.8 4.80929
0.9 5.41083
1 6.01246
0.331451 6.21387
0.661536 6.43051
0.986698 6.65216
1.31155 6.87386
1.636 7.09574
1.96057 7.31747
2.28518 7.53912
2.60974 7.76073
2.93423 7.98232
3.25866 8.20387
3.58302 8.42541
3.90715 8.64704
4.23137 8.86853
4.55553 9.08999
4.87888 9.31205
5.20287 9.53345
5.52678 9.75491
5.85056 9.97635
6.17289 10.1991
6.49572 10.4213
6.81575 10.6464
7.13894 10.8681
7.46015 11.092
7.78278 11.3142
8.10803 11.533
8.42798 11.7582
8.74972 11.9813
9.07539 12.1989
9.39468 12.425
9.71567 12.6487
10.0405 12.8669
10.3597 13.0929
10.6811 13.3157
11.003 13.5377
11.3248 13.7597
11.6466 13.9817
11.9682 14.2036
12.2898 14.4256
12.6114 14.6475
12.9328 14.8693
13.2542 15.0911
13.5756 15.313
13.8968 15.5347
14.218 15.7565
14.5392 15.9782
14.8602 16.1999
15.1812 16.4216
15.5021 16.6432
15.823 16.8648
16.1438 17.0864
16.4645 17.308
16.7852 17.5295
17.1057 17.751
17.4263 17.9724
17.7467 18.1938
18.0671 18.4152
18.3874 18.6366
18.7076 18.858
19.0278 19.0793
19.3479 19.3005
19.668 19.5218
19.9879 19.743
20.3078 19.9642
20.6277 20.1854
20.9474 20.4065
21.2671 20.6276
21.5867 20.8487
21.9063 21.0698
22.2257 21.2908
22.5451 21.5118
22.8645 21.7328
23.1837 21.9537
23.5029 22.1746
23.822 22.3955
24.1411 22.6164
24.4601 22.8372
24.779 23.058
25.0978 23.2787
25.4166 23.4995
25.7353 23.7202
26.0539 23.9409
26.3724 24.1615
26.6909 24.3821
27.0093 24.6027
27.3277 24.8232
27.6459 25.0437
27.9641 25.2642
28.2823 25.4846
28.6003 25.705
28.9183 25.9254
29.2362 26.1458
29.554 26.3661
29.8718 26.5864
30.1895 26.8066
30.5071 27.0269
30.8247 27.2471
31.1421 27.4672
31.4595 27.6874
31.7768 27.9075
32.0941 28.1276
32.4112 28.3477
32.7283 28.5677
33.0454 28.7877
33.3623 29.0077
33.6792 29.2276
33.996 29.4475
34.3127 29.6674
34.6294 29.8872
34.9459 30.107
35.2625 30.3268
35.5789 30.5466
35.8952 30.7663
36.2115 30.9859
36.5277 31.2056
36.8438 31.4252
37.1599 31.6448
37.4759 31.8643
37.7918 32.0838
38.1076 32.3033
38.4234 32.5228
38.739 32.7422
39.0546 32.9616
39.3701 33.181
39.6856 33.4003
40.0009 33.6196
40.3162 33.8389
40.6314 34.0581
40.9466 34.2773
41.2616 34.4965
41.5766 34.7156
41.8915 34.9348
42.2063 35.1538
42.5211 35.3729
42.8357 35.5919
43.1503 35.8109
43.4648 36.0298
43.7793 36.2488
44.0936 36.4676
44.4079 36.6865
44.7221 36.9053
45.0362 37.1241
45.3502 37.3429
45.6642 37.5616
45.9781 37.7803
46.2919 37.999
46.6056 38.2176
46.9192 38.4362
47.2328 38.6548
47.5462 38.8733
47.8591 39.0916
48.1647 39.3066
48.4505 39.5136
48.606 39.6603
48.7398 39.7977
48.8741 39.9358
49.0083 40.0738
49.1423 40.2118
49.2762 40.3498
49.4101 40.4877
49.5437 40.6255
49.6772 40.7631
49.8104 40.9007
49.9435 41.0381
50.0766 41.1755
50.2095 41.3129
50.3423 41.4502
50.4749 41.5875
50.6075 41.7248
50.7398 41.8618
50.8718 41.9986
51.0037 42.1354
51.1355 42.2722
51.2672 42.4089
51.3988 42.5455
51.5302 42.6821
51.6615 42.8186
51.7926 42.9551
51.9237 43.0915
52.0536 43.2275
52.1832 43.3632
52.3104 43.4979
52.4375 43.6325
52.5634 43.7667
52.6867 43.8996
52.8089 44.032
52.9306 44.1642
53.0498 44.2951
53.168 44.4256
53.2846 44.5555
53.4011 44.6854
53.5166 44.8147
53.632 44.9441
53.7469 45.0732
53.8615 45.2022
53.9762 45.3312
54.0907 45.4601
54.2052 45.589
54.3196 45.7179
54.4339 45.8466
54.5481 45.9754
54.6622 46.1041
54.7763 46.2328
54.8902 46.3614
55.0041 46.4899
55.1177 46.6183
55.2314 46.7467
55.3449 46.875
55.4583 47.0033
55.5717 47.1316
55.6849 47.2598
55.7979 47.3877
55.9108 47.5156
56.0235 47.6434
56.1353 47.77
56.2474 47.897
56.3612 48.0264
56.4745 48.1552
56.5886 48.285
56.7025 48.4147
56.8164 48.5444
56.9295 48.6731
57.0436 48.8032
57.1576 48.9334
57.2716 49.0636
57.3855 49.1936
57.4992 49.3237
57.6129 49.4536
57.7265 49.5836
57.8396 49.713
57.9532 49.8431
58.0667 49.9732
58.18 50.1032
58.2934 50.2332
58.4066 50.3632
58.5194 50.4927
58.6326 50.6227
58.7458 50.7528
58.8594 50.8836
58.9729 51.0143
59.0862 51.1447
59.1996 51.2755
59.313 51.4063
59.4263 51.537
59.5395 51.6677
59.6526 51.7982
59.7652 51.9284
59.8784 52.0593
59.9915 52.1902
60.1044 52.321
60.2173 52.4518
60.3301 52.5825
60.4428 52.7131
60.5553 52.8437
60.6678 52.9743
60.7801 53.1048
60.8922 53.2351
61.0043 53.3655
61.1163 53.4959
61.2282 53.6264
61.3398 53.7566
61.4515 53.8871
61.5632 54.0176
61.6747 54.148
61.7861 54.2783
61.8974 54.4086
62.0086 54.5389
62.1197 54.6691
62.2307 54.7993
62.3416 54.9294
62.4523 55.0594
62.563 55.1895
62.6735 55.3194
62.7839 55.4493
62.8941 55.5789
63.0041 55.7085
63.114 55.8381
63.2238 55.9676
63.3334 56.097
63.443 56.2264
63.5524 56.3557
63.6616 56.4848
63.7707 56.6139
63.8796 56.743
63.9883 56.8718
64.0964 57.0001
64.2036 57.1281
64.3107 57.256
64.4168 57.3835
64.5216 57.5103
64.6262 57.6372
64.7307 57.7639
64.8348 57.8905
64.9367 58.0165
65.0385 58.1425
65.1401 58.2683
65.2417 58.3943
65.3429 58.5201
65.4423 58.645
65.5419 58.7702
65.6414 58.8954
65.7402 59.0203
65.8385 59.145
65.9368 59.2697
66.0351 59.3944
66.1333 59.5191
66.2315 59.6438
66.3295 59.7684
66.4271 59.8926
66.5248 60.0169
66.6223 60.1411
66.7198 60.2653
66.8171 60.3893
66.9144 60.5135
67.0112 60.637
67.1077 60.7603
67.2043 60.8837
67.3007 61.0073
67.3971 61.1309
67.4934 61.2545
67.5895 61.378
67.6856 61.5014
67.7816 61.6248
67.8775 61.7482
67.9733 61.8715
68.0691 61.9948
68.1647 62.118
68.2602 62.2412
68.3557 62.3644
68.451 62.4875
68.5463 62.6105
68.6414 62.7336
68.7365 62.8566
68.8315 62.9795
68.9264 63.1025
69.0212 63.2254
69.116 63.3483
69.2106 63.4711
69.3052 63.5939
69.3996 63.7167
69.4939 63.8393
69.5882 63.9619
69.6823 64.0845
69.7763 64.207
69.8702 64.3295
69.964 64.452
70.0578 64.5744
70.1514 64.6967
70.2449 64.8191
70.3383 64.9413
70.4319 65.0638
70.5252 65.1862
70.618 65.3083
70.7108 65.4304
70.8035 65.5526
70.8961 65.6747
70.9884 65.7967
71.0798 65.9183
71.1711 66.0399
71.2623 66.1614
71.3534 66.2828
71.4445 66.4043
71.5354 66.5258
71.6263 66.6472
71.7159 66.768
71.8054 66.8888
71.8948 67.0096
71.9841 67.1303
72.0733 67.251
72.1623 67.3715
72.2512 67.492
72.3399 67.6124
72.4278 67.7324
72.5144 67.8518
72.6009 67.9712
72.6872 68.0905
72.7735 68.2098
72.8596 68.3291
72.9434 68.4472
73.0264 68.565
73.1094 68.6827
73.1922 68.8004
73.275 68.9181
73.3574 69
73.4391 69
73.5201 69
73.5968 69
73.6726 69
73.7435 69
73.8123 69
73.8704 69
73.9018 69
73.9304 69
73.9562 69
73.9804 69
74.0016 69
74.0195 69
74.0342 69
74.0475 69
74.0603 69
74.0731 69
74.0857 69
74.0983 69
74.1108 69
74.1232 69
74.1361 69
74.15 69
74.1638 69
74.1768 69
74.1896 69
74.2022 69
74.2148 69
74.2273 69
74.2418 69
74.2565 69
74.2711 69
74.2856 69
74.2999 69
74.3142 69
74.3284 69
74.3425 69
74.3565 69
74.3703 69
74.3842 69
74.4008 69
74.4173 69
74.4337 69
74.45 69
74.4662 69
74.4823 69
74.4983 69
74.5142 69
74.5298 69
74.5473 69
74.5646 69
74.5814 69
74.5982 69
74.6141 69
74.6298 69
74.6458 69
74.6615 69
74.677 69
74.6922 69
74.7072 69
74.7221 69
74.737 69
74.7517 69
74.7663 69
74.7808 69
74.7951 69
74.8094 69
74.8236 69
74.8376 69
74.8515 69
74.8653 69
74.8787 69
74.8912 69
74.9036 69
74.9138 69
74.9235 69
74.9332 69
74.9411 69
74.9473 69
74.9534 69
74.9594 69
74.9625 69
74.9653 69
74.9664 69
74.9665 69
74.9666 69
74.966 69
74.9644 69
74.9627 69
74.9609 69
74.959 69
74.9568 69
74.953 69
74.9492 69
74.9453 69
74.9413 69
74.9372 69
74.9327 69
74.927 69
74.9213 69
74.9155 69
74.9096 69
74.9029 69
74.8962 69
74.8894 69
74.8825 69
74.8755 69
74.8685 69
74.8615 69
74.8543 69
74.8471 69
74.8399 69
74.8325 69
74.8251 69
74.8176 69
74.8101 69
74.8024 69
74.7944 69
74.7863 69
74.7781 69
74.7699 69
74.7611 69
74.7519 69
74.7427 69
74.7334 69
74.724 69
74.7146 69
74.7044 69
74.6934 69
74.682 69
74.6705 69
74.6581 69
74.6445 69
74.6309 69
74.6172 69
74.6035 69
74.5891 69
74.5743 69
74.5587 69
74.5417 69
74.5246 69
74.5074 69
74.4902 69
74.4728 69
74.4551 69
74.4373 69
74.4195 69
74.4016 69
74.3826 69
74.3631 69
74.3434 69
74.3236 69
74.3037 69
74.2837 69
74.2637 69
74.2435 69
74.2229 69
74.2019 69
74.1809 69
74.1597 69
74.1385 69
74.1173 69
74.0959 69
74.0745 69
74.053 69
74.0313 69
74.0096 69
73.9878 69
73.9659 69
73.9439 69
73.9218 69
73.8997 69
73.8774 69
73.8539 69
73.8298 69
73.8055 69
73.7812 69
73.7567 69
73.732 69
73.7064 69
73.6762 69
73.6457 69
73.6147 69
73.5832 69
73.5512 69
73.5186 69
73.4877 69
73.4632 69
73.4385 69
73.414 69
73.3894 69
73.363 69
73.3347 69
73.3075 69
73.2872 69
73.2668 69
73.2463 69
73.2258 69
73.2052 69
73.1846 69
73.1639 69
73.1431 69
73.1222 69
73.1013 69
73.0802 69
73.0591 69
73.0382 69
73.0173 69
72.9964 69
72.9759 69
72.9604 69
72.9448 69
72.9291 69
72.9133 69
72.8954 69
72.8774 69
72.8593 69
72.8411 69
72.8228 69
72.8045 69
72.786 69
72.7675 69
72.7491 69
72.7307 69
72.7148 69
72.7013 69
72.6878 69
72.6746 69
72.6613 69
72.6481 69
72.6348 69
72.6215 69
72.6088 69
72.5982 69
72.5877 69
72.5771 69
72.5665 69
72.5559 69
72.5453 69
72.5347 69
72.5248 69
72.5154 69
72.506 69
72.4966 69
72.4872 69
72.478 69
72.4689 69
72.4597 69
72.4505 69
72.4413 69
72.4322 69
72.4233 69
72.4143 69
72.4053 69
72.3962 69
72.3872 69
72.3782 69
72.3692 69
72.3618 69
72.3554 69
72.3489 69
72.3424 69
72.3361 69
72.33 69
72.3238 69
72.3177 69
72.3116 69
72.3054 69
72.2993 69
72.2931 69
72.287 69
72.2808 69
72.2746 69
72.2694 69
72.2646 69
72.2593 69
72.254 69
72.2491 69
72.2455 69
72.2418 69
72.2386 69
72.2355 69
72.2324 69
72.2297 69
72.227 69
72.2243 69
72.2216 69
72.2189 69
72.2162 69
72.2134 69
72.2107 69
72.208 69
72.2053 69
72.2026 69
72.2007 69
72.1993 69
72.1981 69
72.1969 69
72.1957 69
72.1944 69
72.1932 69
72.192 69
72.1907 69
72.1895 69
72.1883 69
72.1871 69
72.186 69
72.1848 69
72.1837 69
72.1816 69
72.1795 69
72.1773 69
72.1752 69
72.1729 69
72.1707 69
72.1684 69
72.1661 69
72.1637 69
72.1614 69
72.1589 69
72.1564 69
72.1539 69
72.1513 69
72.1486 69
72.1458 69
72.143 69
72.14 69
72.1369 69
72.1336 69
72.1302 69
72.1264 69
72.1223 69
72.1177 69
72.1121 69
72.1043 69
72.09 69
72.1014 69
72.0732 69
72.0489 69
72.0201 69
71.9969 69
71.9547 69
71.8924 69
71.7668 69
71.6263 69
71.6468 69
71.6489 69
71.6605 69
71.6752 69
71.6892 69
71.7029 69
71.7161 69
71.729 69
71.7415 69
71.7491 69
71.7818 69
71.815 69
71.8481 69
71.8795 69
71.8776 69
71.8757 69
71.8737 69
71.8718 69
71.8698 69
71.8679 69
71.8659 69
71.864 69
71.862 69
71.86 69
71.858 69
71.8559 69
71.8539 69
71.8518 69
71.8496 69
71.8473 69
71.845 69
71.8426 69
71.8403 69
71.8379 69
71.8355 69
71.8332 69
71.8308 69
71.8284 69
71.826 69
71.8243 69
71.8226 69
71.8209 69
71.819 69
71.8171 69
71.8151 69
71.8132 69
71.8112 69
71.8093 69
71.8073 69
71.8054 69
71.8034 69
71.8015 69
71.7995 69
71.7976 69
71.7956 69
71.7936 69
71.7917 69
71.7897 69
71.7878 69
71.7858 69
71.7838 69
71.7818 69
71.7799 69
71.7779 69
71.7759 69
71.7739 69
71.772 69
71.77 69
71.768 69
71.766 69
71.764 69
71.762 69
71.76 69
71.758 69
71.756 69
71.754 69
71.752 69
71.75 69
71.748 69
71.746 69
71.744 69
71.742 69
71.74 69
71.738 69
71.7359 69
71.7339 69
71.7319 69
71.7299 69
71.7278 69
71.7258 69
71.7238 69
71.7218 69
71.7197 69
71.7177 69
71.7156 69
71.7136 69
71.7116 69
71.7095 69
71.7079 69
71.707 69
71.7064 69
71.7057 69
71.705 69
71.7044 69
71.7037 69
71.703 69
71.7024 69
71.7017 69
71.701 69
71.7004 69
71.6997 69
71.699 69
71.6983 69
71.6977 69
71.697 69
71.6963 69
71.6956 69
71.695 69
71.6943 69
71.6936 69
71.6929 69
71.6922 69
71.6915 69
71.6908 69
71.6901 69
71.6894 69
71.6887 69
71.688 69
71.6873 69
71.6866 69
71.6859 69
71.6852 69
71.6844 69
71.6836 69
71.6827 69
71.6818 69
71.681 69
71.6801 69
71.6792 69
71.6784 69
71.6775 69
71.6766 69
71.6758 69
71.6749 69
71.674 69
71.6731 69
71.6723 69
71.6714 69
71.6705 69
71.6696 69
71.6687 69
71.6677 69
71.6668 69
71.6659 69
71.6649 69
71.664 69
71.6631 69
71.6621 69
71.6612 69
71.6603 69
71.6593 69
71.6584 69
71.6574 69
71.6565 69
71.6555 69
71.6546 69
71.6537 69
71.6527 69
71.6518 69
71.6508 69
71.6499 69
71.6489 69
71.6479 69
71.647 69
71.646 69
71.6451 69
71.6441 69
71.6432 69
71.6422 69
71.6412 69
71.6403 69
71.6393 69
71.6384 69
71.6374 69
71.6364 69
71.6354 69
71.6345 69
71.6335 69
71.6325 69
71.6316 69
71.6306 69
71.6296 69
71.6286 69
71.6276 69
71.6265 69
71.6254 69
71.6242 69
71.6231 69
71.622 69
71.6208 69
71.6197 69
71.6185 69
71.6174 69
71.6163 69
71.6151 69
71.614 69
71.6128 69
71.6117 69
71.6105 69
71.6093 69
71.6082 69
71.607 69
71.6058 69
71.6046 69
71.6034 69
71.6022 69
71.6011 69
71.5999 69
71.5987 69
71.5975 69
71.5963 69
71.5951 69
71.5939 69
71.5927 69
71.5915 69
71.5902 69
71.589 69
71.5878 69
71.5866 69
71.5854 69
71.5842 69
71.5829 69
71.5817 69
71.5805 69
71.5792 69
71.578 69
71.5767 69
71.5752 69
71.5737 69
71.5721 69
71.5705 69
71.5689 69
71.5673 69
71.5656 69
71.5638 69
71.5627 69
71.5617 69
71.5606 69
71.5595 69
71.5584 69
71.5573 69
71.5562 69
71.5551 69
71.554 69
71.5529 69
71.5518 69
71.5507 69
71.5496 69
71.5485 69
71.5474 69
71.5462 69
71.5451 69
71.544 69
71.5429 69
71.5418 69
71.5406 69
71.5395 69
71.5384 69
71.5372 69
71.5361 69
71.5349 69
71.5338 69
71.5326 69
71.5317 69
71.5309 69
71.5302 69
71.5294 69
71.5286 69
71.5278 69
71.527 69
71.5263 69
71.5255 69
71.5247 69
71.5239 69
71.5231 69
71.5223 69
71.5215 69
71.5207 69
71.5199 69
71.5191 69
71.5182 69
71.5174 69
71.5165 69
71.5157 69
71.5148 69
71.514 69
71.5131 69
71.5123 69
71.5115 69
71.5106 69
71.5098 69
71.5089 69
71.5081 69
71.5072 69
71.5064 69
71.5055 69
71.5047 69
71.5038 69
71.503 69
71.5021 69
71.5013 69
71.5004 69
71.4996 69
71.4987 69
71.4979 69
71.497 69
71.4962 69
71.4953 69
71.4945 69
71.4936 69
71.4928 69
71.4919 69
71.491 69
71.4902 69
71.4893 69
71.4885 69
71.4876 69
71.4868 69
71.4859 69
71.485 69
71.4842 69
71.4833 69
71.4825 69
71.4816 69
71.4807 69
71.4799 69
71.479 69
71.4781 69
71.4773 69
71.4764 69
71.4755 69
71.4747 69
71.4738 69
71.4729 69
71.4721 69
71.4712 69
71.4703 69
71.4695 69
71.4686 69
71.4677 69
71.4669 69
71.466 69
71.4651 69
71.4642 69
71.4634 69
71.4625 69
71.4616 69
71.4607 69
71.4598 69
71.459 69
71.4581 69
71.4572 69
71.4563 69
71.4554 69
71.4546 69
71.4537 69
71.4528 69
71.4519 69
71.451 69
71.4501 69
71.4492 69
71.4483 69
71.4474 69
71.4465 69
71.4456 69
71.4447 69
71.4438 69
71.4429 69
71.442 69
71.4411 69
71.4402 69
71.4393 69
71.4384 69
71.4375 69
71.4366 69
71.4357 69
71.4347 69
71.4338 69
71.4329 69
71.432 69
71.431 69
71.4301 69
71.4292 69
71.4282 69
71.4273 69
71.4263 69
71.4254 69
71.4244 69
71.4235 69
71.4225 69
71.4215 69
71.4205 69
71.4195 69
71.4185 69
71.4175 69
71.4164 69
71.4153 69
71.4142 69
71.4131 69
71.4119 69
71.4105 69
71.4084 69
71.3918 68.6078
71.3475 68.4418
71.2923 67.9151
71.2154 67.1652
71.0757 65.9676
70.9037 64.5489
70.7649 63.3529
70.7077 62.6826
70.6502 62.0116
70.5926 61.3398
70.5348 60.6673
70.4769 59.9941
70.4188 59.3199
70.3598 58.7387
70.3007 58.1589
70.2995 58.2248
70.3094 58.4009
70.3194 58.577
70.3293 58.7531
70.3393 58.9292
70.3492 59.1054
70.3592 59.2815
70.3691 59.4576
70.3791 59.6337
70.389 59.8098
70.399 59.9859
70.4089 60.1621
70.4189 60.3382
70.4288 60.5143
70.4388 60.6904
70.4487 60.8665
70.4587 61.0426
70.4686 61.2188
70.4786 61.3949
70.4885 61.571
70.4984 61.7471
70.5084 61.9232
70.5183 62.0993
70.5279 62.27
70.5351 62.4145
70.5423 62.5575
70.5493 62.6991
70.5562 62.8392
70.5629 62.9777
70.5696 63.1148
70.5761 63.2504
70.6001 63.5912
70.6348 64.0291
70.6686 64.467
70.7024 64.9048
70.7362 65.3425
70.7699 65.7801
70.8037 66.2176
70.8374 66.655
70.8712 67.0923
70.9049 67.5294
70.9386 67.9665
70.9723 68.4035
71.006 68.8404
71.0197 69
71.0191 69
71.0194 69
71.0198 69
71.0202 69
71.0205 69
71.0209 69
71.0213 69
71.0217 69
71.022 69
71.0224 69
71.0228 69
71.0231 69
71.0235 69
71.024 69
71.0246 69
71.0252 69
71.0258 69
71.0264 69
71.027 69
71.0277 69
71.0283 69
71.0289 69
71.0295 69
71.0301 69
71.0307 69
71.0313 69
71.0319 69
71.0326 69
71.0332 69
71.0338 69
71.0344 69
71.035 69
71.0356 69
71.0362 69
71.0368 69
71.0375 69
71.0381 69
71.0387 69
71.0392 69
71.0398 69
71.0404 69
71.041 69
71.0415 69
71.0421 69
71.0427 69
71.0432 69
71.0437 69
71.0443 69
71.0448 69
71.0453 69
71.0458 69
71.0464 69
71.0469 69
71.0474 69
71.048 69
71.0485 69
71.049 69
71.0495 69
71.0501 69
71.0506 69
71.0511 69
71.0516 69
71.0521 69
71.0526 69
71.0531 69
71.0537 69
71.0542 69
71.0547 69
71.0552 69
71.0557 69
71.0562 69
71.0567 69
71.0564 69
71.0557 69
71.0551 69
71.0545 69
71.0539 69
71.0534 69
71.0528 69
71.0522 69
71.0516 69
71.051 69
71.0504 69
71.0498 69
71.0492 69
71.0486 69
71.048 69
71.0474 69
71.0468 69
71.0462 69
71.0457 69
71.0451 69
71.0445 69
71.0439 69
71.0433 69
71.0427 69
71.0421 69
71.0415 69
71.0409 69
71.0403 69
71.0397 69
71.0391 69
71.0385 69
71.0379 69
71.0373 69
71.0363 69
71.0353 69
71.0343 69
71.0333 69
71.0323 69
71.0313 69
71.0303 69
71.0293 69
71.0283 69
71.0273 69
71.0263 69
71.0253 69
71.0243 69
71.0233 69
71.0223 69
71.0213 69
71.0203 69
71.0193 69
71.0183 69
71.0173 69
71.0163 69
71.0153 69
71.0143 69
71.0133 69
71.0123 69
71.0113 69
71.0103 69
71.0092 69
71.0082 69
71.0072 69
71.0062 69
71.0052 69
71.0042 69
71.0032 69
71.0022 69
71.0012 69
71.0002 69
70.9992 69
70.9982 69
70.9972 69
70.9962 69
70.9952 69
70.9942 69
70.9932 69
70.9922 69
70.9912 69
70.9902 69
70.9892 69
70.9882 69
70.9871 69
70.9861 69
70.9851 69
70.9841 69
70.9831 69
70.9821 69
70.9811 69
70.9801 69
70.9791 69
70.9781 69
70.9771 69
70.9761 69
70.9751 69
70.9741 69
70.9731 69
70.9721 69
70.9711 69
70.9701 69
70.9691 69
70.9681 69
70.9671 69
70.9661 69
70.9651 69
70.9641 69
70.9631 69
70.9621 69
70.961 69
70.96 69
70.959 69
70.958 69
70.957 69
70.956 69
70.955 69
70.954 69
70.953 69
70.952 69
70.951 69
70.95 69
70.949 69
70.948 69
70.947 69
70.946 69
70.945 69
70.944 69
70.943 69
70.942 69
70.941 69
70.94 69
70.939 69
70.938 69
70.937 69
70.936 69
70.935 69
70.934 69
70.933 69
70.932 69
70.931 69
70.93 69
70.929 69
70.928 69
70.927 69
70.926 69
70.925 69
70.924 69
70.923 69
70.922 69
70.921 69
70.92 69
70.919 69
70.918 69
70.917 69
70.916 69
70.915 69
70.914 69
70.913 69
70.912 69
70.911 69
70.91 69
70.909 69
70.908 69
70.907 69
70.906 69
70.905 69
70.904 69
70.903 69
70.902 69
70.901 69
70.9 69
70.899 69
70.898 69
70.897 69
70.896 69
70.895 69
70.894 69
70.893 69
70.892 69
70.891 69
70.89 69
70.889 69
70.888 69
70.887 69
70.886 69
70.8851 69
70.8841 69
70.8831 69
70.8821 69
70.8811 69
70.8801 69
70.8791 69
70.8781 69
70.8771 69
70.8761 69
70.8751 69
70.8741 69
70.8731 69
70.8721 69
70.8711 69
70.8701 69
70.8691 69
70.8681 69
70.8671 69
70.8661 69
70.8651 69
70.8641 69
70.8631 69
70.8621 69
70.8611 69
70.8602 69
70.8592 69
70.8582 69
70.8572 69
70.8562 69
70.8552 69
70.8542 69
70.8532 69
70.8522 69
70.8512 69
70.8502 69
70.8492 69
70.8482 69
70.8472 69
70.8462 69
70.8452 69
70.8442 69
70.8432 69
70.8422 69
70.8413 69
70.8403 69
70.8393 69
70.8383 69
70.8373 69
70.8363 69
70.8353 69
70.8343 69
70.8333 69
70.8323 69
70.8313 69
70.8303 69
70.8293 69
70.8283 69
70.8274 69
70.8264 69
70.8254 69
70.8244 69
70.8234 69
70.8224 69
70.8214 69
70.8204 69
70.8194 69
70.8184 69
70.8174 69
70.8164 69
70.8154 69
70.8145 69
70.8135 69
70.8125 69
70.8115 69
70.8105 69
70.8095 69
70.8085 69
70.8075 69
70.8065 69
70.8055 69
70.8045 69
70.8036 69
70.8026 69
70.8016 69
70.8006 69
70.7996 69
70.7986 69
70.7976 69
70.7966 69
70.7956 69
70.7946 69
70.7936 69
70.7927 69
70.7917 69
70.7907 69
70.7897 69
70.7887 69
70.7877 69
70.7867 69
70.7857 69
70.7847 69
70.7838 69
70.7828 69
70.7818 69
70.7808 69
70.7798 69
70.7788 69
70.7778 69
70.7768 69
70.7758 69
70.7748 69
70.7739 69
70.7729 69
70.7719 69
70.7709 69
70.7699 69
70.7689 69
70.7679 69
70.7669 69
70.766 69
70.765 69
70.764 69
70.763 69
70.762 69
70.761 69
70.76 69
70.759 69
70.7581 69
70.7571 69
70.7561 69
70.7551 69
70.7541 69
70.7531 69
70.7521 69
70.7511 69
70.7502 69
70.7492 69
70.7482 69
70.7472 69
70.7462 69
70.7452 69
70.7442 69
70.7433 69
70.7423 69
70.7413 69
70.7403 69
70.7393 69
70.7383 69
70.7373 69
70.7364 69
70.7354 69
70.7344 69
70.7334 69
70.7324 69
70.7314 69
70.7304 69
70.7295 69
70.7285 69
70.7275 69
70.7265 69
70.7255 69
70.7245 69
70.7235 69
70.7225 69
70.7215 69
70.7206 69
70.7196 69
70.7186 69
70.7176 69
70.7166 69
70.7156 69
70.7146 69
70.7136 69
70.7126 69
70.7116 69
70.7106 69
70.7096 69
70.7086 69
70.7077 69
70.7067 69
70.7057 69
70.7047 69
70.7037 69
70.7027 69
70.7017 69
70.7007 69
70.6997 69
70.6987 69
70.6977 69
70.6967 69
70.6957 69
70.6948 69
70.6938 69
70.6928 69
70.6918 69
70.6908 69
70.6898 69
70.6888 69
70.6878 69
70.6868 69
70.6858 69
70.6848 69
70.6839 69
70.6829 69
70.6819 69
70.6809 69
70.6799 69
70.6789 69
70.6779 69
70.6769 69
70.6759 69
70.6749 69
70.6739 69
70.673 69
70.672 69
70.671 69
70.67 69
70.669 69
70.668 69
70.667 69
70.666 69
70.665 69
70.664 69
70.663 69
70.6621 69
70.6611 69
70.6601 69
70.6591 69
70.6581 69
70.6571 69
70.6561 69
70.6551 69
70.6541 69
70.6532 69
70.6522 69
70.6512 69
70.6502 69
70.6492 69
70.6482 69
70.6472 69
70.6462 69
70.6452 69
70.6443 69
70.6433 69
70.6423 69
70.6413 69
70.6403 69
70.6393 69
70.6383 69
70.6373 69
70.6363 69
70.6354 69
70.6344 69
70.6334 69
70.6324 69
70.6314 69
70.6304 69
70.6294 69
70.6284 69
70.6275 69
70.6265 69
70.6255 69
70.6245 69
70.6235 69
70.6225 69
70.6215 69
70.6205 69
70.6196 69
70.6186 69
70.6176 69
70.6166 69
70.6156 69
70.6146 69
70.6136 69
70.6126 69
70.6117 69
70.6107 69
70.6097 69
70.6087 69
70.6077 69
70.6067 69
70.6057 69
70.6047 69
70.6038 69
70.6028 69
70.6018 69
70.6008 69
70.5998 69
70.5988 69
70.5978 69
70.5969 69
70.5959 69
70.5949 69
70.5939 69
70.5929 69
70.5919 69
70.5909 69
70.59 69
70.589 69
70.588 69
70.587 69
70.586 69
70.585 69
70.584 69
70.5831 69
70.5821 69
70.5811 69
70.5801 69
70.5791 69
70.5781 69
70.5772 69
70.5762 69
70.5752 69
70.5742 69
70.5732 69
70.5722 69
70.5713 69
70.5703 69
70.5694 69
70.5684 69
70.5675 69
70.5665 69
70.5655 69
70.5646 69
70.5636 69
70.5627 69
70.5617 69
70.5608 69
70.5598 69
70.5589 69
70.5579 69
70.5569 69
70.556 69
70.555 69
70.5541 69
70.5531 69
70.5522 69
70.5512 69
70.5502 69
70.5493 69
70.5483 69
70.5474 69
70.5464 69
70.5455 69
70.5445 69
70.5436 69
70.5426 69
70.5416 69
70.5407 69
70.5397 69
70.5388 69
70.5379 69
70.537 69
70.5361 69
70.5352 69
70.5343 69
70.5334 69
70.5325 69
70.5316 69
70.5307 69
70.5297 69
70.5288 69
70.5279 69
70.527 69
70.5261 69
70.5252 69
70.5243 69
70.5234 69
70.5225 69
70.5216 69
70.5207 69
70.5198 69
70.5189 69
70.518 69
70.5171 69
70.5162 69
70.5153 69
70.5143 69
70.5134 69
70.5125 69
70.5116 69
70.5107 69
70.5098 69
70.5089 69
70.508 69
70.5071 69
70.5062 69
70.5053 69
70.5044 69
70.5035 69
70.5026 69
70.5017 69
70.5008 69
70.4999 69
70.499 69
70.4981 69
70.4972 69
70.4962 69
70.4953 69
70.4944 69
70.4936 69
70.4927 69
70.4919 69
70.491 69
70.4902 69
70.4894 69
70.4885 69
70.4877 69
70.4868 69
70.486 69
70.4851 69
70.4843 69
70.4834 69
70.4826 69
70.4818 69
70.4809 69
70.4801 69
70.4792 69
70.4784 69
70.4775 69
70.4767 69
70.4758 69
70.475 69
70.4742 69
70.4733 69
70.4725 69
70.4716 69
70.4708 69
70.4699 69
70.4691 69
70.4682 69
70.4674 69
70.4666 69
70.4657 69
70.4649 69
70.464 69
70.4632 69
70.4623 69
70.4615 69
70.4607 69
70.4598 69
70.459 69
70.4581 69
70.4573 69
70.4564 69
70.4556 69
70.4548 69
70.4541 69
70.4533 69
70.4525 69
70.4517 69
70.4509 69
70.4501 69
70.4493 69
70.4485 69
70.4477 69
70.4469 69
70.4461 69
70.4453 69
70.4445 69
70.4438 69
70.443 69
70.4422 69
70.4414 69
70.4406 69
70.4398 69
70.439 69
70.4382 69
70.4374 69
70.4366 69
70.4358 69
70.435 69
70.4342 69
70.4335 69
70.4327 69
70.4319 69
70.4311 69
70.4303 69
70.4296 69
70.4288 69
70.428 69
70.4273 69
70.4265 69
70.4257 69
70.425 69
70.4242 69
70.4234 69
70.4226 69
70.4219 69
70.4211 69
70.4203 69
70.4196 69
70.4188 69
70.418 69
70.4173 69
70.4165 69
70.4157 69
70.415 69
70.4142 69
70.4134 69
70.4127 69
70.4119 69
70.4111 69
70.4104 69
70.4096 69
70.4088 69
70.408 69
70.4073 69
70.4065 69
70.4057 69
70.405 69
70.4042 69
70.4034 69
70.4027 69
70.4019 69
70.4011 69
70.4004 69
70.3996 69
70.3988 69
70.3981 69
70.3973 69
70.3965 69
70.3958 69
70.395 69
70.3942 69
70.3935 69
70.3927 69
70.3919 69
70.3912 69
70.3904 69
70.3896 69
70.3889 69
70.3881 69
70.3873 69
70.3866 69
70.3858 69
70.385 69
70.3843 69
70.3835 69
70.3827 69
70.382 69
70.3812 69
70.3804 69
70.3797 69
70.3789 69
70.3781 69
70.3774 69
70.3766 69
70.3758 69
70.3751 69
70.3743 69
70.3735 69
70.3728 69
70.372 69
70.3712 69
70.3705 69
70.3697 69
70.3689 69
70.3682 69
70.3674 69
70.3666 69
70.3659 69
70.3651 69
70.3643 69
70.3636 69
70.3628 69
70.3621 69
70.3613 69
70.3605 69
70.3598 69
70.359 69
70.3582 69
70.3575 69
70.3567 69
70.3559 69
70.3552 69
70.3544 69
70.3536 69
70.3529 69
70.3521 69
70.3513 69
70.3506 69
70.3498 69
70.3491 69
70.3483 69
70.3475 69
70.3468 69
70.346 69
70.3452 69
70.3445 69
70.3437 69
70.3429 69
70.3422 69
70.3414 69
70.3406 69
70.3399 69
70.3391 69
70.3384 69
70.3376 69
70.3368 69
70.3361 69
70.3353 69
70.3345 69
70.3338 69
70.333 69
70.3323 69
70.3315 69
70.3307 69
70.33 69
70.3292 69
70.3284 69
70.3277 69
70.3269 69
70.3261 69
70.3254 69
70.3246 69
70.3239 69
70.3231 69
70.3223 69
70.3216 69
70.3208 69
70.32 69
70.3193 69
70.3185 69
70.3178 69
70.317 69
70.3162 69
70.3155 69
70.3147 69
70.3139 69
70.3132 69
70.3124 69
70.3117 69
70.3109 69
70.3101 69
70.3094 69
70.3086 69
70.3079 69
70.3071 69
70.3063 69
70.3056 69
70.3048 69
70.304 69
70.3033 69
70.3025 69
70.3018 69
70.301 69
70.3002 69
70.2995 69
70.2987 69
70.298 69
70.2972 69
70.2964 69
70.2957 69
70.2949 69
70.2941 69
70.2934 69
70.2926 69
70.2919 69
70.2911 69
70.2903 69
70.2896 69
70.2888 69
70.2881 69
70.2873 69
70.2865 69
70.2858 69
70.285 69
70.2843 69
70.2835 69
70.2827 69
70.282 69
70.2812 69
70.2805 69
70.2797 69
70.2789 69
70.2782 69
70.2774 69
70.2767 69
70.2759 69
70.2751 69
70.2744 69
70.2736 69
70.2729 69
70.2721 69
70.2713 69
70.2706 69
70.2698 69
70.2691 69
70.2683 69
70.2675 69
70.2668 69
70.266 69
70.2653 69
70.2645 69
70.2637 69
70.263 69
70.2622 69
70.2615 69
70.2607 69
70.26 69
70.2592 69
70.2584 69
70.2577 69
70.2569 69
70.2562 69
70.2554 69
70.2546 69
70.2539 69
70.2531 69
70.2524 69
70.2516 69
70.2508 69
70.2501 69
70.2493 69
70.2486 69
70.2478 69
70.2471 69
70.2463 69
70.2455 69
70.2448 69
70.244 69
70.2433 69
70.2425 69
70.2417 69
70.241 69
70.2402 69
70.2395 69
70.2387 69
70.238 69
70.2372 69
70.2364 69
70.2357 69
70.2349 69
70.2342 69
70.2334 69
70.2327 69
70.2319 69
70.2311 69
70.2304 69
70.2296 69
70.2289 69
70.2281 69
70.2274 69
70.2266 69
70.2258 69
70.2251 69
70.2243 69
70.2236 69
70.2228 69
70.2221 69
70.2213 69
70.2205 69
70.2198 69
70.219 69
70.2183 69
70.2175 69
70.2168 69
70.216 69
70.2152 69
70.2145 69
70.2137 69
70.213 69
70.2122 69
70.2115 69
70.2107 69
70.2099 69
70.2092 69
70.2084 69
70.2077 69
70.2069 69
70.2062 69
70.2054 69
70.2047 69
70.2039 69
70.2031 69
70.2024 69
70.2016 69
70.2009 69
70.2001 69
70.1994 69
70.1986 69
70.1978 69
70.1971 69
70.1963 69
70.1956 69
70.1948 69
70.1941 69
70.1933 69
70.1925 69
70.1917 69
70.191 69
70.1902 69
70.1894 69
70.1886 69
70.1879 69
70.1871 69
70.1863 69
70.1855 69
70.1848 69
70.184 69
70.1832 69
70.1825 69
70.1817 69
70.1809 69
70.1801 69
70.1794 69
70.1786 69
70.1778 69
70.177 69
70.1763 69
70.1755 69
70.1747 69
70.1739 69
70.1732 69
70.1724 69
70.1716 69
70.1708 69
70.17 69
70.1693 69
70.1685 69
70.1677 69
70.1669 69
70.1662 69
70.1654 69
70.1646 69
70.1638 69
70.1631 69
70.1623 69
70.1615 69
70.1607 69
70.16 69
70.1592 69
70.1584 69
70.1576 69
70.1569 69
70.1561 69
70.1553 69
70.1545 69
70.1538 69
70.153 69
70.1522 69
70.1514 69
70.1506 69
70.1499 69
70.1491 69
70.1483 69
70.1475 69
70.1468 69
70.146 69
70.1452 69
70.1444 69
70.1436 69
70.1429 69
70.1421 69
70.1413 69
70.1405 69
70.1398 69
70.139 69
70.1382 69
70.1374 69
70.1366 69
70.1359 69
70.1351 69
70.1343 69
70.1335 69
70.1327 69
70.132 69
70.1312 69
70.1304 69
70.1296 69
70.1288 69
70.1281 69
70.1273 69
70.1265 69
70.1257 69
70.1249 69
70.1242 69
70.1234 69
70.1226 69
70.1218 69
70.121 69
70.1203 69
70.1195 69
70.1187 69
70.1179 69
70.1171 69
70.1164 69
70.1156 69
70.1148 69
70.114 69
70.1132 69
70.1124 69
70.1117 69
70.1109 69
70.1101 69
70.1093 69
70.1085 69
70.1078 69
70.107 69
70.1062 69
70.1054 69
70.1046 69
70.1038 69
70.1031 69
70.1023 69
70.1015 69
70.1007 69
70.0999 69
70.0991 69
70.0983 69
70.0976 69
70.0968 69
70.096 69
70.0952 69
70.0944 69
70.0936 69
70.0928 69
70.0921 69
70.0913 69
70.0905 69
70.0897 69
70.0889 69
70.0881 69
70.0873 69
70.0866 69
70.0858 69
70.085 69
70.0842 69
70.0834 69
70.0826 69
70.0818 69
70.081 69
70.0802 69
70.0795 69
70.0787 69
70.0779 69
70.0771 69
70.0763 69
70.0755 69
70.0747 69
70.0739 69
70.0731 69
70.0723 69
70.0716 69
70.0708 69
70.07 69
70.0692 69
70.0684 69
70.0676 69
70.0668 69
70.066 69
70.0652 69
70.0644 69
70.0636 69
70.0628 69
70.062 69
70.0612 69
70.0604 69
70.0597 69
70.0589 69
70.0581 69
70.0573 69
70.0565 69
70.0557 69
70.0549 69
70.0541 69
70.0533 69
70.0525 69
70.0517 69
70.0509 69
70.0501 69
70.0493 69
70.0485 69
70.0477 69
70.0469 69
70.0461 69
70.0453 69
70.0445 69
70.0437 69
70.0429 69
70.0421 69
70.0413 69
70.0405 69
70.0397 69
70.0388 69
70.038 69
70.0372 69
70.0364 69
70.0356 69
70.0348 69
70.034 69
70.0332 69
70.0324 69
70.0316 69
70.0308 69
70.03 69
70.0292 69
70.0283 69
70.0275 69
70.0267 69
70.0259 69
70.0251 69
70.0243 69
70.0235 69
70.0227 69
70.0218 69
70.021 69
70.0202 69
70.0194 69
70.0186 69
70.0177 69
70.0169 69
70.0161 69
70.0153 69
70.0145 69
70.0136 69
70.0128 69
70.012 69
70.0112 69
70.0103 69
70.0095 69
70.0087 69
70.0079 69
70.007 69
70.0062 69
70.0054 69
70.0045 69
70.0037 69
70.0029 69
70.002 69
70.0012 69
70.0004 69
69.9995 69
69.9987 69
69.9978 69
69.997 69
69.9962 69
69.9953 69
69.9945 69
69.9936 69
69.9928 69
69.9919 69
69.9911 69
69.9902 69
69.9894 69
69.9885 69
69.9876 69
69.9868 69
69.9859 69
69.9851 69
69.9842 69
69.9833 69
69.9825 69
69.9816 69
69.9807 69
69.9798 69
69.9789 69
69.9781 69
69.9772 69
69.9763 69
69.9754 69
69.9745 69
69.9736 69
69.9727 69
69.9718 69
69.9709 69
69.97 69
69.9691 69
69.9681 69
69.9672 69
69.9663 69
69.9653 69
69.9644 69
69.9634 69
69.9625 69
69.9615 69
69.9606 69
69.9596 69
69.9586 69
69.9576 69
69.9566 69
69.9555 69
69.9545 69
69.9534 69
69.9523 69
69.9512 69
69.9501 69
69.9485 69
69.9465 69
69.9442 69
69.9415 69
69.9381 69
69.9329 69
69.9263 69
69.9173 69
69.907 69
69.9001 69
69.8876 69
69.8746 69
69.861 69
69.8467 69
69.8319 69
69.8163 69
69.8001 69
69.7876 69
69.7818 69
69.7753 69
69.7682 69
69.7606 69
69.7524 69
69.7437 69
69.7344 69
69.7245 69
69.714 69
69.7028 69
69.6909 69
69.6783 69
69.6649 69
69.649 69
69.6459 69
69.6501 69
69.6531 69
69.6559 69
69.6587 69
69.6615 69
69.6642 69
69.6647 69
69.6644 69
69.6639 69
69.663 69
69.6617 69
69.66 69
69.6579 69
69.6576 69
69.659 69
69.6599 69
69.6622 69
69.6779 69
69.6933 69
69.7086 69
69.7238 69
69.7388 69
69.7537 69
69.7685 69
69.783 69
69.7975 69
69.8118 69
69.8208 69
69.8212 69
69.822 69
69.8229 69
69.8237 69
69.8246 69
69.8254 69
69.8262 69
69.8271 69
69.8279 69
69.8287 69
69.8296 69
69.8304 69
69.8312 69
69.832 69
69.8328 69
69.8337 69
69.8345 69
69.8353 69
69.8361 69
69.8368 69
69.8376 69
69.8384 69
69.8392 69
69.84 69
69.8408 69
69.8416 69
69.8421 69
69.842 69
69.842 69
69.8419 69
69.8419 69
69.8418 69
69.8418 69
69.8417 69
69.8416 69
69.8416 69
69.8415 69
69.8415 69
69.8413 69
69.8411 69
69.8409 69
69.8407 69
69.8405 69
69.8403 69
69.8401 69
69.8399 69
69.8397 69
69.8395 69
69.8393 69
69.839 69
69.8388 69
69.8386 69
69.8383 69
69.8381 69
69.8379 69
69.8376 69
69.8374 69
69.8372 69
69.8369 69
69.8367 69
69.8364 69
69.8362 69
69.836 69
69.8357 69
69.8355 69
69.8352 69
69.835 69
69.8348 69
69.8345 69
69.8343 69
69.8341 69
69.8338 69
69.8336 69
69.8333 69
69.8331 69
69.8329 69
69.8326 69
69.8324 69
69.8321 69
69.8319 69
69.8317 69
69.8314 69
69.8312 69
69.831 69
69.8307 69
69.8305 69
69.8302 69
69.83 69
69.8298 69
69.8295 69
69.8293 69
69.829 69
69.8288 69
69.8286 69
69.8283 69
69.8281 69
69.8279 69
69.8276 69
69.8274 69
69.8271 69
69.8269 69
69.8267 69
69.8264 69
69.8262 69
69.8259 69
69.8257 69
69.8255 69
69.8252 69
69.825 69
69.8248 69
69.8245 69
69.8243 69
69.824 69
69.8238 69
69.8236 69
69.8233 69
69.8231 69
69.8228 69
69.8226 69
69.8224 69
69.8221 69
69.8219 69
69.8217 69
69.8214 69
69.8212 69
69.8209 69
69.8207 69
69.8205 69
69.8202 69
69.82 69
69.8198 69
69.8195 69
69.8193 69
69.819 69
69.8188 69
69.8186 69
69.8183 69
69.8181 69
69.8178 69
69.8176 69
69.8174 69
69.8171 69
69.8169 69
69.8166 69
69.8164 69
69.8162 69
69.8159 69
69.8157 69
69.8155 69
69.8152 69
69.815 69
69.8147 69
69.8145 69
69.8143 69
69.814 69
69.8138 69
69.8135 69
69.8133 69
69.8131 69
69.8128 69
69.8126 69
69.8124 69
69.8121 69
69.8119 69
69.8116 69
69.8114 69
69.8112 69
69.8109 69
69.8107 69
69.8104 69
69.8102 69
69.81 69
69.8097 69
69.8095 69
69.8092 69
69.809 69
69.8088 69
69.8085 69
69.8083 69
69.808 69
69.8078 69
69.8076 69
69.8073 69
69.8072 69
69.8072 69
69.8072 69
69.8072 69
69.8071 69
69.8071 69
69.8071 69
69.8071 69
69.8071 69
69.807 69
69.807 69
69.807 69
69.807 69
69.807 69
69.8069 69
69.8069 69
69.8069 69
69.8069 69
69.8069 69
69.8068 69
69.8068 69
69.8068 69
69.8068 69
69.8067 69
69.8067 69
69.8067 69
69.8067 69
69.8067 69
69.8066 69
69.8066 69
69.8066 69
69.8066 69
69.8066 69
69.8065 69
69.8065 69
69.8065 69
69.8065 69
69.8065 69
69.8064 69
69.8064 69
69.8064 69
69.8064 69
69.8064 69
69.8063 69
69.8063 69
69.8063 69
69.8063 69
69.8063 69
69.8062 69
69.8062 69
69.8062 69
69.8062 69
69.8062 69
69.8061 69
69.8061 69
69.8061 69
69.8061 69
69.8061 69
69.806 69
69.806 69
69.806 69
69.806 69
69.806 69
69.806 69
69.8059 69
69.8059 69
69.8059 69
69.8059 69
69.8059 69
69.8058 69
69.8058 69
69.8058 69
69.8058 69
69.8058 69
69.8057 69
69.8057 69
69.8057 69
69.8057 69
69.8057 69
69.8056 69
69.8056 69
69.8056 69
69.8056 69
69.8056 69
69.8055 69
69.8055 69
69.8055 69
69.8055 69
69.8055 69
69.8055 69
69.8054 69
69.8054 69
69.8054 69
69.8054 69
69.8054 69
69.8053 69
69.8053 69
69.8053 69
69.8053 69
69.8053 69
69.8052 69
69.8052 69
69.8052 69
69.8052 69
69.8052 69
69.8051 69
69.8051 69
69.8051 69
69.8051 69
69.8051 69
69.8051 69
69.805 69
69.805 69
69.805 69
69.805 69
69.805 69
69.8049 69
69.8049 69
69.8049 69
69.8049 69
69.8049 69
69.8048 69
69.8048 69
69.8048 69
69.8048 69
69.8048 69
69.8047 69
69.8047 69
69.8047 69
69.8047 69
69.8047 69
69.8046 69
69.8046 69
69.8046 69
69.8046 69
69.8046 69
69.8045 69
69.8045 69
69.8045 69
69.8045 69
69.8045 69
69.8044 69
69.8044 69
69.8044 69
69.8044 69
69.8044 69
69.8043 69
69.8043 69
69.8043 69
69.8043 69
69.8043 69
69.8042 69
69.8042 69
69.8042 69
69.8042 69
69.8042 69
69.8041 69
69.8041 69
69.8041 69
69.8041 69
69.804 69
69.804 69
69.804 69
69.804 69
69.804 69
69.8039 69
69.8039 69
69.8039 69
69.8039 69
69.8038 69
69.8038 69
69.8038 69
69.8038 69
69.8037 69
69.8037 69
69.8037 69
69.8037 69
69.8037 69
69.8036 69
69.8036 69
69.8036 69
69.8035 69
69.8035 69
69.8035 69
69.8035 69
69.8034 69
69.8034 69
69.8034 69
69.8034 69
69.8033 69
69.8033 69
69.8033 69
69.8032 69
69.8032 69
69.8032 69
69.8031 69
69.8031 69
69.8031 69
69.8031 69
69.803 69
69.803 69
69.8029 69
69.8029 69
69.8029 69
69.8028 69
69.8028 69
69.8028 69
69.8027 69
69.8027 69
69.8026 69
69.8026 69
69.8026 69
69.8026 69
69.8026 69
69.8026 69
69.8026 69
69.8026 69
69.8025 69
69.8026 69
69.8028 69
69.8028 69
69.803 69
69.8032 69
69.8086 69
69.804 69
69.8033 69
69.8034 69
69.8035 69
69.8036 69
69.8037 69
69.8038 69
69.8039 69
69.8039 69
69.804 69
69.8041 69
69.8041 69
69.8042 69
69.8043 69
69.8043 69
69.8044 69
69.8044 69
69.8045 69
69.8045 69
69.8045 69
69.8045 69
69.8045 69
69.8046 69
69.8046 69
69.8045 69
69.8045 69
69.8045 69
69.8044 69
69.8044 69
69.8043 69
69.8043 69
69.8048 69
69.8048 69
69.7968 69
69.5872 69
69.5852 69
69.5875 69
69.6193 69
69.5954 69
69.5754 69
69.5549 69
69.5335 69
69.5109 69
69.4871 69
69.4621 69
69.435 69
69.406 69
69.375 69
69.3371 69
69.308 69
69.2796 69
69.2513 69
69.2229 69
69.1946 69
69.1662 69
69.1452 69
69.1308 69
69.114 69
69.0969 69
69.0796 69
69.062 69
69.0442 69
69.026 69
69.0077 69
68.989 69
68.9701 69
68.9508 69
68.9312 69
68.9113 69
68.891 69
68.8704 69
68.8495 69
68.8282 69
68.8064 69
68.7843 69
68.7618 69
68.7388 69
68.7154 69
68.6915 69
68.6671 69
68.6422 69
68.6168 69
68.5908 69
68.5642 69
68.5369 69
68.509 69
68.4939 69
68.4854 69
68.4756 69
68.4655 69
68.4551 69
68.4444 69
68.4335 69
68.4223 69
68.4109 69
68.3992 69
68.3872 69
68.3748 69
68.3622 69
68.3492 69
68.3359 69
68.3222 69
68.3082 69
68.2937 69
68.2788 69
68.2634 69
68.2476 69
68.2312 69
68.2142 69
68.1966 69
68.1782 69
68.1552 69
68.1055 69
68.0474 69
67.9841 69
67.9126 69
67.8299 69
67.733 69
67.6181 68.9649
67.4786 68.8769
67.3031 68.7128
67.2059 68.6535
67.1531 68.7022
67.1191 68.7581
67.0846 68.8137
67.0351 68.8415
66.9807 68.8607
66.9213 68.8707
66.8562 68.8704
66.7848 68.8588
66.7065 68.8344
66.632 68.8092
66.6073 68.8298
66.5797 68.8442
66.549 68.8521
66.5152 68.8528
66.478 68.846
66.4371 68.831
66.3922 68.8071
66.3429 68.7735
66.289 68.7294
66.2298 68.6736
66.1648 68.6051
66.0934 68.5222
66.0148 68.4232
65.928 68.3059
65.7929 68.0874
65.7129 67.9918
65.6086 67.928
65.5132 67.8349
65.4056 67.7168
65.2919 67.5832
65.1717 67.4332
65.0443 67.2649
64.9087 67.0765
64.7642 66.8655
64.6095 66.6292
64.4431 66.3636
64.2633 66.0644
64.0679 65.7264
63.8546 65.3514
63.7252 65.1265
63.6278 65.0053
63.5091 64.8087
63.3831 64.5229
63.2564 64.2379
63.1295 63.9528
63.0026 63.6678
62.8757 63.3827
62.7488 63.0977
62.622 62.8127
62.4951 62.5276
62.3682 62.2426
62.2413 61.9575
62.1144 61.6724
61.9875 61.3874
61.8604 61.1019
61.7332 60.8163
61.6134 60.5555
61.5347 60.4141
61.4559 60.2728
61.3769 60.1315
61.298 59.9902
61.2342 59.8616
61.1874 59.7426
61.1394 59.6236
61.0912 59.5046
61.0431 59.3859
60.9949 59.2671
60.9467 59.1482
60.8986 59.0294
60.8504 58.9106
60.8023 58.7919
60.7542 58.6731
60.706 58.5543
60.6578 58.4355
60.6097 58.3166
60.5615 58.1977
60.5133 58.0788
60.4647 57.9597
60.4933 57.8777
60.5218 57.7955
60.5499 57.7128
60.5775 57.6299
60.6046 57.5467
60.631 57.4631
60.6568 57.3793
60.6819 57.2952
60.7064 57.2108
60.7303 57.126
60.7534 57.0409
60.7759 56.9555
60.7976 56.8697
60.8185 56.7835
60.8387 56.697
60.8581 56.6101
60.8766 56.5228
60.8943 56.4351
60.9111 56.347
60.9271 56.2585
60.942 56.1696
60.956 56.0801
60.969 55.9902
60.9809 55.8998
60.9918 55.8089
61.0015 55.7175
61.01 55.6255
61.0174 55.5329
61.0234 55.4397
61.0281 55.3459
61.0315 55.2514
61.0333 55.1562
61.0337 55.0603
61.0325 54.9637
61.0296 54.8662
61.0249 54.768
61.0184 54.6688
61.0099 54.5687
61.0513 54.5328
61.1107 54.5206
61.172 54.5138
61.2342 54.5104
61.296 54.5069
61.3574 54.5033
61.4186 54.4995
61.4793 54.4955
61.5398 54.4915
61.5999 54.4872
61.6596 54.4829
61.719 54.4783
61.778 54.4737
61.8366 54.4688
61.8948 54.4638
61.9526 54.4586
62.0101 54.4533
62.0671 54.4478
62.1237 54.442
62.1798 54.4361
62.2354 54.43
62.2906 54.4237
62.3452 54.4172
62.3993 54.4105
62.4529 54.4035
62.5059 54.3963
62.5584 54.3889
62.6103 54.3812
62.6615 54.3733
62.7121 54.3651
62.762 54.3567
62.8112 54.3479
62.8597 54.3389
62.9067 54.3302
62.9525 54.3212
62.9978 54.3117
63.0425 54.3017
63.0866 54.291
63.13 54.2799
63.1728 54.2681
63.2148 54.2557
63.2562 54.2427
63.2967 54.229
63.3365 54.2146
63.3755 54.1995
63.4136 54.1837
63.4509 54.1671
63.4872 54.1497
63.5226 54.1314
63.557 54.1123
63.5903 54.0923
63.6225 54.0713
63.6536 54.0493
63.6835 54.0262
63.7111 53.9878
63.7369 53.9442
63.7615 53.8999
63.7847 53.8549
63.8066 53.8093
63.8269 53.763
63.8455 53.7158
63.8624 53.6678
63.8775 53.6189
63.8905 53.5691
63.9013 53.5181
63.9098 53.4661
63.9156 53.4127
63.9186 53.358
63.9185 53.3018
63.9148 53.2439
63.9072 53.1841
63.8951 53.1221
63.8779 53.0576
63.8845 53.0406
63.9464 53.1093
64.009 53.1807
64.0706 53.2537
64.1313 53.3275
64.1918 53.4009
64.252 53.474
64.312 53.5466
64.3717 53.6189
64.4311 53.6908
64.4902 53.7622
64.549 53.8333
64.6076 53.9039
64.6658 53.9742
64.7237 54.0439
64.7813 54.1132
64.8385 54.1821
64.8955 54.2505
64.9521 54.3184
65.0083 54.3858
65.0641 54.4527
65.1202 54.5219
65.178 54.6001
65.2354 54.6778
65.2926 54.7551
65.3493 54.832
65.4057 54.9085
65.4618 54.9845
65.5175 55.0601
65.5728 55.1352
65.6277 55.2099
65.6823 55.284
65.7364 55.3577
65.7888 55.4502
65.839 55.5621
65.8889 55.6732
65.9384 55.7836
65.9875 55.8931
66.0362 56.0017
66.0845 56.1095
66.1324 56.2164
66.1798 56.3223
66.2267 56.4272
66.2732 56.5312
66.3191 56.634
66.3645 56.7358
66.4094 56.8365
66.4538 56.936
66.4975 57.0343
66.5406 57.1313
66.5831 57.227
66.625 57.3213
66.6662 57.4143
66.7066 57.5057
66.7464 57.5956
66.7853 57.6839
66.8235 57.7705
66.8607 57.8554
66.8971 57.9383
66.9326 58.0194
66.9671 58.0983
67.0005 58.1751
67.0328 58.2496
67.064 58.3216
67.0893 58.2854
67.1022 58.053
67.1107 57.8488
67.1209 57.6289
67.1311 57.4079
67.1412 57.1857
67.1511 56.9623
67.1607 56.7378
67.1702 56.512
67.1794 56.285
67.1884 56.0568
67.1971 55.8273
67.2057 55.5964
67.214 55.3644
67.222 55.1317
67.2299 54.8993
67.2422 54.6974
67.2543 54.4944
67.2662 54.2904
67.2779 54.0851
67.2893 53.8787
67.3004 53.6711
67.3113 53.4622
67.3351 53.6151
67.3594 53.9406
67.3813 54.2622
67.4027 54.5828
67.4241 54.9026
67.4453 55.2216
67.4666 55.5398
67.4878 55.8572
67.5089 56.1737
67.5299 56.4895
67.5509 56.8043
67.5719 57.1184
67.5928 57.4315
67.6136 57.7438
67.6344 58.0552
67.6551 58.3657
67.6757 58.6752
67.6963 58.9839
67.7169 59.2916
67.7373 59.5985
67.7577 59.9044
67.7781 60.2093
67.7983 60.5133
67.8185 60.8163
67.8387 61.1184
67.8587 61.4195
67.8787 61.7195
67.8987 62.0186
67.9185 62.3166
67.9383 62.6136
67.9581 62.9096
67.9777 63.2045
67.9973 63.4983
68.0168 63.7911
68.0362 64.0827
68.0556 64.3733
68.0749 64.6627
68.0941 64.951
68.1132 65.2381
68.1323 65.524
68.1512 65.8088
68.1701 66.0924
68.1889 66.3747
68.2077 66.6558
68.2263 66.9357
68.2449 67.2143
68.2633 67.4916
68.2817 67.7677
68.3 68.0424
68.3182 68.3157
68.3363 68.5877
68.3543 68.8583
68.3656 69
68.3668 69
68.3686 69
68.3704 69
68.3722 69
68.3741 69
68.3759 69
68.3777 69
68.3796 69
68.3814 69
68.3832 69
68.385 69
68.3869 69
68.3887 69
68.3905 69
68.3923 69
68.3941 69
68.396 69
68.3978 69
68.3996 69
68.4014 69
68.4033 69
68.4051 69
68.4069 69
68.4087 69
68.4105 69
68.4123 69
68.4142 69
68.416 69
68.4178 69
68.4196 69
68.4214 69
68.4233 69
68.4251 69
68.4269 69
68.4287 69
68.4305 69
68.4323 69
68.4341 69
68.436 69
68.4378 69
68.4396 69
68.4414 69
68.4432 69
68.445 69
68.4468 69
68.4486 69
68.4504 69
68.4522 69
68.454 69
68.4558 69
68.4576 69
68.4594 69
68.4612 69
68.463 69
68.4648 69
68.4666 69
68.4684 69
68.4702 69
68.472 69
68.4738 69
68.4756 69
68.4774 69
68.4792 69
68.481 69
68.4828 69
68.4846 69
68.4864 69
68.4881 69
68.4899 69
68.4917 69
68.4935 69
68.4953 69
68.4971 69
68.4989 69
68.5008 69
68.5031 69
68.5053 69
68.5075 69
68.5097 69
68.512 69
68.5135 69
68.5137 69
68.5139 69
68.5141 69
68.5143 69
68.5146 69
68.5148 69
68.515 69
68.5153 69
68.5155 69
68.5157 69
68.5159 69
68.5162 69
68.5164 69
68.5166 69
68.5168 69
68.5169 69
68.5171 69
68.5173 69
68.5175 69
68.5177 69
68.5179 69
68.5181 69
68.5182 69
68.5184 69
68.5186 69
68.5188 69
68.519 69
68.5192 69
68.5193 69
68.5195 69
68.5197 69
68.5199 69
68.5201 69
68.5203 69
68.5205 69
68.5206 69
68.5208 69
68.521 69
68.5212 69
68.5214 69
68.5216 69
68.5218 69
68.522 69
68.5221 69
68.5223 69
68.5225 69
68.5227 69
68.5229 69
68.5231 69
68.5233 69
68.5235 69
68.5236 69
68.5238 69
68.524 69
68.5242 69
68.5244 69
68.5246 69
68.5248 69
68.525 69
68.5251 69
68.5253 69
68.5255 69
68.5257 69
68.5259 69
68.5261 69
68.5263 69
68.5265 69
68.5266 69
68.5268 69
68.527 69
68.5272 69
68.5274 69
68.5276 69
68.5278 69
68.528 69
68.5282 69
68.5284 69
68.5285 69
68.5287 69
68.5289 69
68.5291 69
68.5293 69
68.5295 69
68.5297 69
68.5298 69
68.53 69
68.5302 69
68.5303 69
68.5305 69
68.5307 69
68.5309 69
68.531 69
68.5312 69
68.5314 69
68.5315 69
68.5317 69
68.5319 69
68.5321 69
68.5322 69
68.5324 69
68.5326 69
68.5327 69
68.5329 69
68.5331 69
68.5333 69
68.5334 69
68.5336 69
68.5338 69
68.5339 69
68.5341 69
68.5343 69
68.5345 69
68.5346 69
68.5348 69
68.535 69
68.5352 69
68.5353 69
68.5355 69
68.5357 69
68.5358 69
68.536 69
68.5362 69
68.5364 69
68.5365 69
68.5367 69
68.5369 69
68.5371 69
68.5372 69
68.5374 69
68.5376 69
68.5377 69
68.5379 69
68.5381 69
68.5383 69
68.5384 69
68.5386 69
68.5388 69
68.539 69
68.5391 69
68.5393 69
68.5395 69
68.5396 69
68.5398 69
68.54 69
68.5402 69
68.5403 69
68.5405 69
68.5407 69
68.5409 69
68.541 69
68.5412 69
68.5414 69
68.5415 69
68.5417 69
68.5419 69
68.5421 69
68.5422 69
68.5424 69
68.5426 69
68.5428 69
68.5429 69
68.5431 69
68.5433 69
68.5435 69
68.5436 69
68.5438 69
68.544 69
68.5442 69
68.5443 69
68.5445 69
68.5447 69
68.5449 69
68.545 69
68.5452 69
68.5454 69
68.5456 69
68.5457 69
68.5459 69
68.5461 69
68.5463 69
68.5464 69
68.5466 69
68.5468 69
68.547 69
68.5471 69
68.5473 69
68.5475 69
68.5477 69
68.5478 69
68.548 69
68.5482 69
68.5484 69
68.5486 69
68.5487 69
68.5489 69
68.5491 69
68.5493 69
68.5494 69
68.5496 69
68.5498 69
68.55 69
68.5501 69
68.5503 69
68.5505 69
68.5507 69
68.5509 69
68.551 69
68.5512 69
68.5514 69
68.5516 69
68.5517 69
68.5519 69
68.5521 69
68.5523 69
68.5525 69
68.5526 69
68.5528 69
68.553 69
68.5532 69
68.5534 69
68.5535 69
68.5537 69
68.5539 69
68.5541 69
68.5543 69
68.5544 69
68.5546 69
68.5548 69
68.555 69
68.5552 69
68.5553 69
68.5555 69
68.5557 69
68.5559 69
68.5561 69
68.5562 69
68.5564 69
68.5566 69
68.5568 69
68.557 69
68.5571 69
68.5573 69
68.5575 69
68.5577 69
68.5579 69
68.558 69
68.5582 69
68.5584 69
68.5586 69
68.5588 69
68.5589 69
68.5591 69
68.5593 69
68.5595 69
68.5597 69
68.5599 69
68.56 69
68.5602 69
68.5604 69
68.5606 69
68.5608 69
68.5609 69
68.5611 69
68.5613 69
68.5615 69
68.5617 69
68.5619 69
68.562 69
68.5622 69
68.5624 69
68.5626 69
68.5628 69
68.563 69
68.5631 69
68.5633 69
68.5635 69
68.5637 69
68.5639 69
68.5641 69
68.5642 69
68.5644 69
68.5646 69
68.5648 69
68.565 69
68.5652 69
68.5654 69
68.5655 69
68.5657 69
68.5659 69
68.5661 69
68.5663 69
68.5665 69
68.5666 69
68.5668 69
68.567 69
68.5672 69
68.5674 69
68.5676 69
68.5678 69
68.5679 69
68.5681 69
68.5683 69
68.5685 69
68.5687 69
68.5689 69
68.5691 69
68.5692 69
68.5694 69
68.5696 69
68.5698 69
68.57 69
68.5702 69
68.5704 69
68.5706 69
68.5707 69
68.5709 69
68.5711 69
68.5713 69
68.5715 69
68.5717 69
68.5719 69
68.572 69
68.5722 69
68.5724 69
68.5726 69
68.5728 69
68.573 69
68.5732 69
68.5734 69
68.5736 69
68.5737 69
68.5739 69
68.5741 69
68.5743 69
68.5745 69
68.5747 69
68.5749 69
68.5751 69
68.5752 69
68.5754 69
68.5756 69
68.5758 69
68.576 69
68.5762 69
68.5764 69
68.5766 69
68.5768 69
68.5769 69
68.5771 69
68.5773 69
68.5775 69
68.5777 69
68.5779 69
68.5781 69
68.5783 69
68.5785 69
68.5787 69
68.5789 69
68.579 69
68.5792 69
68.5794 69
68.5796 69
68.5798 69
68.58 69
68.5802 69
68.5804 69
68.5806 69
68.5808 69
68.5809 69
68.5811 69
68.5813 69
68.5815 69
68.5817 69
68.5819 69
68.5821 69
68.5823 69
68.5825 69
68.5827 69
68.5829 69
68.5831 69
68.5833 69
68.5834 69
68.5836 69
68.5838 69
68.584 69
68.5842 69
68.5844 69
68.5846 69
68.5848 69
68.585 69
68.5852 69
68.5854 69
68.5856 69
68.5858 69
68.586 69
68.5861 69
68.5863 69
68.5865 69
68.5867 69
68.5869 69
68.5871 69
68.5873 69
68.5875 69
68.5877 69
68.5879 69
68.5881 69
68.5883 69
68.5885 69
68.5887 69
68.5889 69
68.5891 69
68.5893 69
68.5894 69
68.5896 69
68.5898 69
68.59 69
68.5902 69
68.5904 69
68.5906 69
68.5908 69
68.591 69
68.5912 69
68.5914 69
68.5916 69
68.5918 69
68.592 69
68.5922 69
68.5924 69
68.5926 69
68.5928 69
68.593 69
68.5932 69
68.5934 69
68.5936 69
68.5938 69
68.594 69
68.5942 69
68.5943 69
68.5945 69
68.5947 69
68.5949 69
68.5951 69
68.5953 69
68.5955 69
68.5957 69
68.5959 69
68.5961 69
68.5963 69
68.5965 69
68.5967 69
68.5969 69
68.5971 69
68.5973 69
68.5975 69
68.5977 69
