0.1 -0.173886
0.2 -0.350817
0.3 -0.527213
0.4 -0.703928
0.5 -0.881126
0.6 -1.05882
0.7 -1.23701
0.8 -1.41571
0.9 -1.59491
1 -1.77462
0.331451 -1.83663
0.661536 -1.90324
0.986698 -1.9714
1.31155 -2.03963
1.636 -2.10799
1.96057 -2.17637
2.28518 -2.24479
2.60974 -2.31327
2.93423 -2.38181
3.25866 -2.45042
3.58302 -2.51908
3.90715 -2.58784
4.23137 -2.65663
4.55553 -2.72548
4.87888 -2.79458
5.20287 -2.86356
5.52678 -2.93262
5.85056 -3.00174
6.17289 -3.07132
6.49572 -3.14082
6.81575 -3.21126
7.13894 -3.28074
7.46015 -3.35097
7.78278 -3.42074
8.10803 -3.48957
8.42798 -3.56043
8.74972 -3.63068
9.07539 -3.69938
9.39468 -3.77069
9.71567 -3.84137
10.0405 -3.91046
10.3597 -3.98198
10.6811 -4.0526
11.003 -4.12306
11.3248 -4.19359
11.6466 -4.26419
11.9682 -4.33485
12.2898 -4.40558
12.6114 -4.47637
12.9328 -4.54723
13.2542 -4.61816
13.5756 -4.68916
13.8968 -4.76022
14.218 -4.83135
14.5392 -4.90255
14.8602 -4.97382
15.1812 -5.04515
15.5021 -5.11655
15.823 -5.18802
16.1438 -5.25956
16.4645 -5.33117
16.7852 -5.40284
17.1057 -5.47459
17.4263 -5.5464
17.7467 -5.61828
18.0671 -5.69023
18.3874 -5.76225
18.7076 -5.83434
19.0278 -5.9065
19.3479 -5.97873
19.668 -6.05103
19.9879 -6.1234
20.3078 -6.19585
20.6277 -6.26836
20.9474 -6.34095
21.2671 -6.41361
21.5867 -6.48634
21.9063 -6.55914
22.2257 -6.63202
22.5451 -6.70497
22.8645 -6.77799
23.1837 -6.85109
23.5029 -6.92426
23.822 -6.9975
24.1411 -7.07082
24.4601 -7.14421
24.779 -7.21767
25.0978 -7.29121
25.4166 -7.36482
25.7353 -7.43851
26.0539 -7.51228
26.3724 -7.58612
26.6909 -7.66004
27.0093 -7.73402
27.3277 -7.80807
27.6459 -7.8822
27.9641 -7.95641
28.2823 -8.0307
28.6003 -8.10506
28.9183 -8.1795
29.2362 -8.25402
29.554 -8.32861
29.8718 -8.40328
30.1895 -8.47803
30.5071 -8.55286
30.8247 -8.62777
31.1421 -8.70275
31.4595 -8.77782
31.7768 -8.85299
32.0941 -8.92821
32.4112 -9.00352
32.7283 -9.07891
33.0454 -9.15438
33.3623 -9.22993
33.6792 -9.30555
33.996 -9.38126
34.3127 -9.45705
34.6294 -9.53292
34.9459 -9.60888
35.2625 -9.68491
35.5789 -9.76103
35.8952 -9.83723
36.2115 -9.9135
36.5277 -9.98986
36.8438 -10.0663
37.1599 -10.1428
37.4759 -10.2194
37.7918 -10.2961
38.1076 -10.3729
38.4234 -10.4498
38.739 -10.5268
39.0546 -10.6038
39.3701 -10.6809
39.6856 -10.7581
40.0009 -10.8354
40.3162 -10.9128
40.6314 -10.9903
40.9466 -11.0678
41.2616 -11.1455
41.5766 -11.2232
41.8915 -11.301
42.2063 -11.3789
42.5211 -11.4569
42.8357 -11.535
43.1503 -11.6132
43.4648 -11.6915
43.7793 -11.7698
44.0936 -11.8483
44.4079 -11.9268
44.7221 -12.0054
45.0362 -12.0841
45.3502 -12.1629
45.6642 -12.2418
45.9781 -12.3208
46.2919 -12.3999
46.6056 -12.4791
46.9192 -12.5584
47.2328 -12.6377
47.5462 -12.7172
47.8591 -12.7967
48.1647 -12.875
48.4505 -12.9505
48.606 -13.0038
48.7398 -13.0537
48.8741 -13.1039
49.0083 -13.1541
49.1423 -13.2043
49.2762 -13.2546
49.4101 -13.3049
49.5437 -13.3551
49.6772 -13.4054
49.8104 -13.4557
49.9435 -13.506
50.0766 -13.5563
50.2095 -13.6066
50.3423 -13.657
50.4749 -13.7074
50.6075 -13.7579
50.7398 -13.8082
50.8718 -13.8586
51.0037 -13.909
51.1355 -13.9594
51.2672 -14.0098
51.3988 -14.0603
51.5302 -14.1108
51.6615 -14.1613
51.7926 -14.2118
51.9237 -14.2624
52.0536 -14.3128
52.1832 -14.3632
52.3104 -14.4133
52.4375 -14.4633
52.5634 -14.5132
52.6867 -14.5627
52.8089 -14.6121
52.9306 -14.6614
53.0498 -14.7102
53.168 -14.759
53.2846 -14.8075
53.4011 -14.8561
53.5166 -14.9045
53.632 -14.953
53.7469 -15.0014
53.8615 -15.0498
53.9762 -15.0983
54.0907 -15.1468
54.2052 -15.1953
54.3196 -15.2436
54.4339 -15.292
54.5481 -15.3403
54.6622 -15.3887
54.7763 -15.4371
54.8902 -15.4856
55.0041 -15.534
55.1177 -15.5824
55.2314 -15.6309
55.3449 -15.6794
55.4583 -15.7279
55.5717 -15.7764
55.6849 -15.825
55.7979 -15.8735
55.9108 -15.922
56.0235 -15.9705
56.1353 -16.0186
56.2474 -16.0669
56.3612 -16.1162
56.4745 -16.1652
56.5886 -16.2147
56.7025 -16.2642
56.8164 -16.3138
56.9295 -16.363
57.0436 -16.4128
57.1576 -16.4623
57.2716 -16.5118
57.3855 -16.5613
57.4992 -16.6109
57.6129 -16.6604
57.7265 -16.71
57.8396 -16.7595
57.9532 -16.8092
58.0667 -16.8589
58.18 -16.9087
58.2934 -16.9585
58.4066 -17.0084
58.5194 -17.0581
58.6326 -17.108
58.7458 -17.1581
58.8594 -17.2084
58.9729 -17.2587
59.0862 -17.309
59.1996 -17.3594
59.313 -17.4099
59.4263 -17.4604
59.5395 -17.511
59.6526 -17.5615
59.7652 -17.6119
59.8784 -17.6627
59.9915 -17.7134
60.1044 -17.7642
60.2173 -17.815
60.3301 -17.8659
60.4428 -17.9167
60.5553 -17.9676
60.6678 -18.0186
60.7801 -18.0695
60.8922 -18.1204
61.0043 -18.1713
61.1163 -18.2222
61.2282 -18.2729
61.3398 -18.3236
61.4515 -18.3745
61.5632 -18.4254
61.6747 -18.4763
61.7861 -18.5272
61.8974 -18.5781
62.0086 -18.629
62.1197 -18.68
62.2307 -18.731
62.3416 -18.7821
62.4523 -18.8331
62.563 -18.8842
62.6735 -18.9353
62.7839 -18.9864
62.8941 -19.0374
63.0041 -19.0885
63.114 -19.1396
63.2238 -19.1907
63.3334 -19.2418
63.443 -19.293
63.5524 -19.3442
63.6616 -19.3953
63.7707 -19.4465
63.8796 -19.4977
63.9883 -19.5488
64.0964 -19.5998
64.2036 -19.6507
64.3107 -19.7016
64.4168 -19.7523
64.5216 -19.8029
64.6262 -19.8535
64.7307 -19.9041
64.8348 -19.9547
64.9367 -20.0049
65.0385 -20.0551
65.1401 -20.1053
65.2417 -20.1556
65.3429 -20.2059
65.4423 -20.2558
65.5419 -20.3059
65.6414 -20.3561
65.7402 -20.4061
65.8385 -20.4562
65.9368 -20.5062
66.0351 -20.5563
66.1333 -20.6065
66.2315 -20.6567
66.3295 -20.7069
66.4271 -20.7569
66.5248 -20.807
66.6223 -20.8572
66.7198 -20.9074
66.8171 -20.9575
66.9144 -21.0078
67.0112 -21.0578
67.1077 -21.1078
67.2043 -21.1579
67.3007 -21.208
67.3971 -21.2582
67.4934 -21.3084
67.5895 -21.3586
67.6856 -21.4088
67.7816 -21.4591
67.8775 -21.5094
67.9733 -21.5597
68.0691 -21.61
68.1647 -21.6604
68.2602 -21.7107
68.3557 -21.7611
68.451 -21.8116
68.5463 -21.862
68.6414 -21.9125
68.7365 -21.963
68.8315 -22.0135
68.9264 -22.0641
69.0212 -22.1146
69.116 -22.1653
69.2106 -22.2159
69.3052 -22.2666
69.3996 -22.3173
69.4939 -22.368
69.5882 -22.4187
69.6823 -22.4694
69.7763 -22.5202
69.8702 -22.571
69.964 -22.6218
70.0578 -22.6726
70.1514 -22.7235
70.2449 -22.7744
70.3383 -22.8253
70.4319 -22.8764
70.5252 -22.9274
70.618 -22.9784
70.7108 -23.0294
70.8035 -23.0805
70.8961 -23.1316
70.9884 -23.1827
71.0798 -23.2336
71.1711 -23.2846
71.2623 -23.3357
71.3534 -23.3867
71.4445 -23.4378
71.5354 -23.4889
71.6263 -23.5401
71.7159 -23.591
71.8054 -23.642
71.8948 -23.693
71.9841 -23.744
72.0733 -23.7951
72.1623 -23.8461
72.2512 -23.8972
72.3399 -23.9482
72.4278 -23.9991
72.5144 -24.0499
72.6009 -24.1006
72.6872 -24.1514
72.7735 -24.2022
72.8596 -24.253
72.9434 -24.3034
73.0264 -24.3537
73.1094 -24.404
73.1922 -24.4543
73.275 -24.5047
73.3574 -24.559
73.4391 -24.6224
73.5201 -24.6912
73.5968 -24.7843
73.6726 -24.8774
73.7435 -24.993
73.8123 -25.1177
73.8704 -25.2477
73.9018 -25.355
73.9304 -25.4643
73.9562 -25.5797
73.9804 -25.694
74.0016 -25.8046
74.0195 -25.9
74.0342 -25.9769
74.0475 -26.0507
74.0603 -26.1247
74.0731 -26.199
74.0857 -26.2738
74.0983 -26.3489
74.1108 -26.4244
74.1232 -26.5003
74.1361 -26.5769
74.15 -26.6542
74.1638 -26.732
74.1768 -26.8099
74.1896 -26.8881
74.2022 -26.9668
74.2148 -27.0459
74.2273 -27.1254
74.2418 -27.2063
74.2565 -27.2876
74.2711 -27.3694
74.2856 -27.4516
74.2999 -27.5343
74.3142 -27.6175
74.3284 -27.7011
74.3425 -27.7852
74.3565 -27.8697
74.3703 -27.9547
74.3842 -28.0402
74.4008 -28.1274
74.4173 -28.2152
74.4337 -28.3034
74.45 -28.3921
74.4662 -28.4814
74.4823 -28.5712
74.4983 -28.6615
74.5142 -28.7523
74.5298 -28.8448
74.5473 -28.9399
74.5646 -29.0366
74.5814 -29.1344
74.5982 -29.2329
74.6141 -29.3286
74.6298 -29.4247
74.6458 -29.5197
74.6615 -29.61
74.677 -29.6984
74.6922 -29.7843
74.7072 -29.8709
74.7221 -29.958
74.737 -30.0457
74.7517 -30.1341
74.7663 -30.2231
74.7808 -30.3127
74.7951 -30.403
74.8094 -30.4938
74.8236 -30.5853
74.8376 -30.6775
74.8515 -30.7703
74.8653 -30.8638
74.8787 -30.9607
74.8912 -31.0638
74.9036 -31.1678
74.9138 -31.2785
74.9235 -31.3911
74.9332 -31.5045
74.9411 -31.6112
74.9473 -31.7117
74.9534 -31.813
74.9594 -31.9152
74.9625 -31.983
74.9653 -32.054
74.9664 -32.1175
74.9665 -32.1731
74.9666 -32.2292
74.966 -32.2947
74.9644 -32.376
74.9627 -32.4578
74.9609 -32.5402
74.959 -32.623
74.9568 -32.7083
74.953 -32.8036
74.9492 -32.8993
74.9453 -32.9956
74.9413 -33.0923
74.9372 -33.1896
74.9327 -33.2854
74.927 -33.3772
74.9213 -33.4694
74.9155 -33.5622
74.9096 -33.6546
74.9029 -33.7386
74.8962 -33.8231
74.8894 -33.9082
74.8825 -33.9938
74.8755 -34.08
74.8685 -34.1668
74.8615 -34.2541
74.8543 -34.342
74.8471 -34.4305
74.8399 -34.5195
74.8325 -34.6092
74.8251 -34.6994
74.8176 -34.7902
74.8101 -34.8816
74.8024 -34.9758
74.7944 -35.079
74.7863 -35.1828
74.7781 -35.2872
74.7699 -35.3923
74.7611 -35.5082
74.7519 -35.6305
74.7427 -35.7535
74.7334 -35.8772
74.724 -36.0015
74.7146 -36.1265
74.7044 -36.2728
74.6934 -36.4285
74.682 -36.5892
74.6705 -36.756
74.6581 -36.9474
74.6445 -37.1659
74.6309 -37.3852
74.6172 -37.6053
74.6035 -37.8263
74.5891 -38.0617
74.5743 -38.2971
74.5587 -38.5442
74.5417 -38.8101
74.5246 -39.0773
74.5074 -39.3465
74.4902 -39.6196
74.4728 -39.8915
74.4551 -40.1594
74.4373 -40.4288
74.4195 -40.6998
74.4016 -40.9725
74.3826 -41.2359
74.3631 -41.4981
74.3434 -41.7677
74.3236 -42.0448
74.3037 -42.3239
74.2837 -42.6053
74.2637 -42.8888
74.2435 -43.1746
74.2229 -43.4498
74.2019 -43.7182
74.1809 -43.989
74.1597 -44.2622
74.1385 -44.5379
74.1173 -44.8162
74.0959 -45.0972
74.0745 -45.3808
74.053 -45.6672
74.0313 -45.955
74.0096 -46.2457
73.9878 -46.5395
73.9659 -46.8365
73.9439 -47.1368
73.9218 -47.4405
73.8997 -47.7476
73.8774 -48.0584
73.8539 -48.4393
73.8298 -48.8513
73.8055 -49.2697
73.7812 -49.6946
73.7567 -50.121
73.732 -50.5546
73.7064 -51.0346
73.6762 -51.7322
73.6457 -52.4516
73.6147 -53.1954
73.5832 -53.9664
73.5512 -54.7681
73.5186 -55.605
73.4877 -56.3688
73.4632 -56.8115
73.4385 -57.2659
73.414 -57.7279
73.3894 -58.1972
73.363 -58.7233
73.3347 -59.3041
73.3075 -59.8417
73.2872 -60.1162
73.2668 -60.3918
73.2463 -60.6684
73.2258 -60.9461
73.2052 -61.225
73.1846 -61.505
73.1639 -61.7862
73.1431 -62.0681
73.1222 -62.3457
73.1013 -62.6245
73.0802 -62.9043
73.0591 -63.1852
73.0382 -63.4676
73.0173 -63.7515
72.9964 -64.0367
72.9759 -64.3059
72.9604 -64.4776
72.9448 -64.6483
72.9291 -64.818
72.9133 -64.9853
72.8954 -65.1008
72.8774 -65.2137
72.8593 -65.324
72.8411 -65.4316
72.8228 -65.5363
72.8045 -65.6379
72.786 -65.7364
72.7675 -65.8313
72.7491 -65.9229
72.7307 -66.0106
72.7148 -66.1196
72.7013 -66.2822
72.6878 -66.4171
72.6746 -66.5139
72.6613 -66.61
72.6481 -66.7051
72.6348 -66.7994
72.6215 -66.8928
72.6088 -67.0087
72.5982 -67.2024
72.5877 -67.3964
72.5771 -67.5909
72.5665 -67.7859
72.5559 -67.9812
72.5453 -68.177
72.5347 -68.3732
72.5248 -68.5312
72.5154 -68.661
72.506 -68.7907
72.4966 -68.9204
72.4872 -69
72.478 -69
72.4689 -69
72.4597 -69
72.4505 -69
72.4413 -69
72.4322 -69
72.4233 -69
72.4143 -69
72.4053 -69
72.3962 -69
72.3872 -69
72.3782 -69
72.3692 -69
72.3618 -69
72.3554 -69
72.3489 -69
72.3424 -69
72.3361 -69
72.33 -69
72.3238 -69
72.3177 -69
72.3116 -69
72.3054 -69
72.2993 -69
72.2931 -69
72.287 -69
72.2808 -69
72.2746 -69
72.2694 -69
72.2646 -69
72.2593 -69
72.254 -69
72.2491 -69
72.2455 -69
72.2418 -69
72.2386 -69
72.2355 -69
72.2324 -69
72.2297 -69
72.227 -69
72.2243 -69
72.2216 -69
72.2189 -69
72.2162 -69
72.2134 -69
72.2107 -69
72.208 -69
72.2053 -69
72.2026 -69
72.2007 -69
72.1993 -69
72.1981 -69
72.1969 -69
72.1957 -69
72.1944 -69
72.1932 -69
72.192 -69
72.1907 -69
72.1895 -69
72.1883 -69
72.1871 -69
72.186 -69
72.1848 -69
72.1837 -69
72.1816 -69
72.1795 -69
72.1773 -69
72.1752 -69
72.1729 -69
72.1707 -69
72.1684 -69
72.1661 -69
72.1637 -69
72.1614 -69
72.1589 -69
72.1564 -69
72.1539 -69
72.1513 -69
72.1486 -69
72.1458 -69
72.143 -69
72.14 -69
72.1369 -69
72.1336 -69
72.1302 -69
72.1264 -69
72.1223 -69
72.1177 -69
72.1121 -69
72.1043 -69
72.09 -69
72.1014 -69
72.0732 -69
72.0489 -69
72.0201 -69
71.9969 -69
71.9547 -69
71.8924 -69
71.7668 -69
71.6263 -69
71.6468 -69
71.6489 -69
71.6605 -69
71.6752 -69
71.6892 -69
71.7029 -69
71.7161 -69
71.729 -69
71.7415 -69
71.7491 -69
71.7818 -69
71.815 -69
71.8481 -69
71.8795 -69
71.8776 -69
71.8757 -69
71.8737 -69
71.8718 -69
71.8698 -69
71.8679 -69
71.8659 -69
71.864 -69
71.862 -69
71.86 -69
71.858 -69
71.8559 -69
71.8539 -69
71.8518 -69
71.8496 -69
71.8473 -69
71.845 -69
71.8426 -69
71.8403 -69
71.8379 -69
71.8355 -69
71.8332 -69
71.8308 -69
71.8284 -69
71.826 -69
71.8243 -69
71.8226 -69
71.8209 -69
71.819 -69
71.8171 -69
71.8151 -69
71.8132 -69
71.8112 -69
71.8093 -69
71.8073 -69
71.8054 -69
71.8034 -69
71.8015 -69
71.7995 -69
71.7976 -69
71.7956 -69
71.7936 -69
71.7917 -69
71.7897 -69
71.7878 -69
71.7858 -69
71.7838 -69
71.7818 -69
71.7799 -69
71.7779 -69
71.7759 -69
71.7739 -69
71.772 -69
71.77 -69
71.768 -69
71.766 -69
71.764 -69
71.762 -69
71.76 -69
71.758 -69
71.756 -69
71.754 -69
71.752 -69
71.75 -69
71.748 -69
71.746 -69
71.744 -69
71.742 -69
71.74 -69
71.738 -69
71.7359 -69
71.7339 -69
71.7319 -69
71.7299 -69
71.7278 -69
71.7258 -69
71.7238 -69
71.7218 -69
71.7197 -69
71.7177 -69
71.7156 -69
71.7136 -69
71.7116 -69
71.7095 -69
71.7079 -69
71.707 -69
71.7064 -69
71.7057 -69
71.705 -69
71.7044 -69
71.7037 -69
71.703 -69
71.7024 -69
71.7017 -69
71.701 -69
71.7004 -69
71.6997 -69
71.699 -69
71.6983 -69
71.6977 -69
71.697 -69
71.6963 -69
71.6956 -69
71.695 -69
71.6943 -69
71.6936 -69
71.6929 -69
71.6922 -69
71.6915 -69
71.6908 -69
71.6901 -69
71.6894 -69
71.6887 -69
71.688 -69
71.6873 -69
71.6866 -69
71.6859 -69
71.6852 -69
71.6844 -69
71.6836 -69
71.6827 -69
71.6818 -69
71.681 -69
71.6801 -69
71.6792 -69
71.6784 -69
71.6775 -69
71.6766 -69
71.6758 -69
71.6749 -69
71.674 -69
71.6731 -69
71.6723 -69
71.6714 -69
71.6705 -69
71.6696 -69
71.6687 -69
71.6677 -69
71.6668 -69
71.6659 -69
71.6649 -69
71.664 -69
71.6631 -69
71.6621 -69
71.6612 -69
71.6603 -69
71.6593 -69
71.6584 -69
71.6574 -69
71.6565 -69
71.6555 -69
71.6546 -69
71.6537 -69
71.6527 -69
71.6518 -69
71.6508 -69
71.6499 -69
71.6489 -69
71.6479 -69
71.647 -69
71.646 -69
71.6451 -69
71.6441 -69
71.6432 -69
71.6422 -69
71.6412 -69
71.6403 -69
71.6393 -69
71.6384 -69
71.6374 -69
71.6364 -69
71.6354 -69
71.6345 -69
71.6335 -69
71.6325 -69
71.6316 -69
71.6306 -69
71.6296 -69
71.6286 -69
71.6276 -69
71.6265 -69
71.6254 -69
71.6242 -69
71.6231 -69
71.622 -69
71.6208 -69
71.6197 -69
71.6185 -69
71.6174 -69
71.6163 -69
71.6151 -69
71.614 -69
71.6128 -69
71.6117 -69
71.6105 -69
71.6093 -69
71.6082 -69
71.607 -69
71.6058 -69
71.6046 -69
71.6034 -69
71.6022 -69
71.6011 -69
71.5999 -69
71.5987 -69
71.5975 -69
71.5963 -69
71.5951 -69
71.5939 -69
71.5927 -69
71.5915 -69
71.5902 -69
71.589 -69
71.5878 -69
71.5866 -69
71.5854 -69
71.5842 -69
71.5829 -69
71.5817 -69
71.5805 -69
71.5792 -69
71.578 -69
71.5767 -69
71.5752 -69
71.5737 -69
71.5721 -69
71.5705 -69
71.5689 -69
71.5673 -69
71.5656 -69
71.5638 -69
71.5627 -69
71.5617 -69
71.5606 -69
71.5595 -69
71.5584 -69
71.5573 -69
71.5562 -69
71.5551 -69
71.554 -69
71.5529 -69
71.5518 -69
71.5507 -69
71.5496 -69
71.5485 -69
71.5474 -69
71.5462 -69
71.5451 -69
71.544 -69
71.5429 -69
71.5418 -69
71.5406 -69
71.5395 -69
71.5384 -69
71.5372 -69
71.5361 -69
71.5349 -69
71.5338 -69
71.5326 -69
71.5317 -69
71.5309 -69
71.5302 -69
71.5294 -69
71.5286 -69
71.5278 -69
71.527 -69
71.5263 -69
71.5255 -69
71.5247 -69
71.5239 -69
71.5231 -69
71.5223 -69
71.5215 -69
71.5207 -69
71.5199 -69
71.5191 -69
71.5182 -69
71.5174 -69
71.5165 -69
71.5157 -69
71.5148 -69
71.514 -69
71.5131 -69
71.5123 -69
71.5115 -69
71.5106 -69
71.5098 -69
71.5089 -69
71.5081 -69
71.5072 -69
71.5064 -69
71.5055 -69
71.5047 -69
71.5038 -69
71.503 -69
71.5021 -69
71.5013 -69
71.5004 -69
71.4996 -69
71.4987 -69
71.4979 -69
71.497 -69
71.4962 -69
71.4953 -69
71.4945 -69
71.4936 -69
71.4928 -69
71.4919 -69
71.491 -69
71.4902 -69
71.4893 -69
71.4885 -69
71.4876 -69
71.4868 -69
71.4859 -69
71.485 -69
71.4842 -69
71.4833 -69
71.4825 -69
71.4816 -69
71.4807 -69
71.4799 -69
71.479 -69
71.4781 -69
71.4773 -69
71.4764 -69
71.4755 -69
71.4747 -69
71.4738 -69
71.4729 -69
71.4721 -69
71.4712 -69
71.4703 -69
71.4695 -69
71.4686 -69
71.4677 -69
71.4669 -69
71.466 -69
71.4651 -69
71.4642 -69
71.4634 -69
71.4625 -69
71.4616 -69
71.4607 -69
71.4598 -69
71.459 -69
71.4581 -69
71.4572 -69
71.4563 -69
71.4554 -69
71.4546 -69
71.4537 -69
71.4528 -69
71.4519 -69
71.451 -69
71.4501 -69
71.4492 -69
71.4483 -69
71.4474 -69
71.4465 -69
71.4456 -69
71.4447 -69
71.4438 -69
71.4429 -69
71.442 -69
71.4411 -69
71.4402 -69
71.4393 -69
71.4384 -69
71.4375 -69
71.4366 -69
71.4357 -69
71.4347 -69
71.4338 -69
71.4329 -69
71.432 -69
71.431 -69
71.4301 -69
71.4292 -69
71.4282 -69
71.4273 -69
71.4263 -69
71.4254 -69
71.4244 -69
71.4235 -69
71.4225 -69
71.4215 -69
71.4205 -69
71.4195 -69
71.4185 -69
71.4175 -69
71.4164 -69
71.4153 -69
71.4142 -69
71.4131 -69
71.4119 -69
71.4105 -69
71.4084 -68.9814
71.3918 -68.9187
71.3475 -68.8179
71.2923 -68.6936
71.2154 -68.5358
71.0757 -68.2875
70.9037 -67.9954
70.7649 -67.7431
70.7077 -67.5722
70.6502 -67.4034
70.5926 -67.2365
70.5348 -67.0716
70.4769 -66.9086
70.4188 -66.7462
70.3598 -66.5858
70.3007 -66.4274
70.2995 -66.1476
70.3094 -65.8909
70.3194 -65.6342
70.3293 -65.3775
70.3393 -65.1209
70.3492 -64.8642
70.3592 -64.6076
70.3691 -64.3509
70.3791 -64.0943
70.389 -63.8376
70.399 -63.581
70.4089 -63.3243
70.4189 -63.0677
70.4288 -62.811
70.4388 -62.5544
70.4487 -62.2977
70.4587 -62.0411
70.4686 -61.7845
70.4786 -61.5278
70.4885 -61.2712
70.4984 -61.0146
70.5084 -60.7579
70.5183 -60.5013
70.5279 -60.247
70.5351 -60.0039
70.5423 -59.7615
70.5493 -59.5197
70.5562 -59.2785
70.5629 -59.038
70.5696 -58.7981
70.5761 -58.559
70.6001 -58.3684
70.6348 -58.2161
70.6686 -58.0594
70.7024 -57.9028
70.7362 -57.7463
70.7699 -57.5899
70.8037 -57.4336
70.8374 -57.2774
70.8712 -57.1213
70.9049 -56.9654
70.9386 -56.8095
70.9723 -56.6538
71.006 -56.4982
71.0197 -56.5398
71.0191 -56.6948
71.0194 -56.8498
71.0198 -57.0048
71.0202 -57.1599
71.0205 -57.3149
71.0209 -57.4699
71.0213 -57.625
71.0217 -57.78
71.022 -57.935
71.0224 -58.0901
71.0228 -58.2451
71.0231 -58.4002
71.0235 -58.5552
71.024 -58.718
71.0246 -58.8926
71.0252 -59.0672
71.0258 -59.2418
71.0264 -59.4164
71.027 -59.591
71.0277 -59.7656
71.0283 -59.9402
71.0289 -60.1148
71.0295 -60.2894
71.0301 -60.464
71.0307 -60.6386
71.0313 -60.8132
71.0319 -60.9878
71.0326 -61.1624
71.0332 -61.337
71.0338 -61.5116
71.0344 -61.6862
71.035 -61.8608
71.0356 -62.0354
71.0362 -62.21
71.0368 -62.3846
71.0375 -62.5591
71.0381 -62.7337
71.0387 -62.9093
71.0392 -63.0854
71.0398 -63.2615
71.0404 -63.4376
71.041 -63.6137
71.0415 -63.7898
71.0421 -63.9662
71.0427 -64.1431
71.0432 -64.3205
71.0437 -64.4987
71.0443 -64.677
71.0448 -64.8552
71.0453 -65.0334
71.0458 -65.2116
71.0464 -65.3898
71.0469 -65.568
71.0474 -65.7462
71.048 -65.9245
71.0485 -66.1027
71.049 -66.2809
71.0495 -66.4591
71.0501 -66.6373
71.0506 -66.8155
71.0511 -66.9949
71.0516 -67.1743
71.0521 -67.3537
71.0526 -67.5331
71.0531 -67.7125
71.0537 -67.8919
71.0542 -68.0713
71.0547 -68.2507
71.0552 -68.43
71.0557 -68.6094
71.0562 -68.7888
71.0567 -68.9682
71.0564 -69
71.0557 -69
71.0551 -69
71.0545 -69
71.0539 -69
71.0534 -69
71.0528 -69
71.0522 -69
71.0516 -69
71.051 -69
71.0504 -69
71.0498 -69
71.0492 -69
71.0486 -69
71.048 -69
71.0474 -69
71.0468 -69
71.0462 -69
71.0457 -69
71.0451 -69
71.0445 -69
71.0439 -69
71.0433 -69
71.0427 -69
71.0421 -69
71.0415 -69
71.0409 -69
71.0403 -69
71.0397 -69
71.0391 -69
71.0385 -69
71.0379 -69
71.0373 -69
71.0363 -69
71.0353 -69
71.0343 -69
71.0333 -69
71.0323 -69
71.0313 -69
71.0303 -69
71.0293 -69
71.0283 -69
71.0273 -69
71.0263 -69
71.0253 -69
71.0243 -69
71.0233 -69
71.0223 -69
71.0213 -69
71.0203 -69
71.0193 -69
71.0183 -69
71.0173 -69
71.0163 -69
71.0153 -69
71.0143 -69
71.0133 -69
71.0123 -69
71.0113 -69
71.0103 -69
71.0092 -69
71.0082 -69
71.0072 -69
71.0062 -69
71.0052 -69
71.0042 -69
71.0032 -69
71.0022 -69
71.0012 -69
71.0002 -69
70.9992 -69
70.9982 -69
70.9972 -69
70.9962 -69
70.9952 -69
70.9942 -69
70.9932 -69
70.9922 -69
70.9912 -69
70.9902 -69
70.9892 -69
70.9882 -69
70.9871 -69
70.9861 -69
70.9851 -69
70.9841 -69
70.9831 -69
70.9821 -69
70.9811 -69
70.9801 -69
70.9791 -69
70.9781 -69
70.9771 -69
70.9761 -69
70.9751 -69
70.9741 -69
70.9731 -69
70.9721 -69
70.9711 -69
70.9701 -69
70.9691 -69
70.9681 -69
70.9671 -69
70.9661 -69
70.9651 -69
70.9641 -69
70.9631 -69
70.9621 -69
70.961 -69
70.96 -69
70.959 -69
70.958 -69
70.957 -69
70.956 -69
70.955 -69
70.954 -69
70.953 -69
70.952 -69
70.951 -69
70.95 -69
70.949 -69
70.948 -69
70.947 -69
70.946 -69
70.945 -69
70.944 -69
70.943 -69
70.942 -69
70.941 -69
70.94 -69
70.939 -69
70.938 -69
70.937 -69
70.936 -69
70.935 -69
70.934 -69
70.933 -69
70.932 -69
70.931 -69
70.93 -69
70.929 -69
70.928 -69
70.927 -69
70.926 -69
70.925 -69
70.924 -69
70.923 -69
70.922 -69
70.921 -69
70.92 -69
70.919 -69
70.918 -69
70.917 -69
70.916 -69
70.915 -69
70.914 -69
70.913 -69
70.912 -69
70.911 -69
70.91 -69
70.909 -69
70.908 -69
70.907 -69
70.906 -69
70.905 -69
70.904 -69
70.903 -69
70.902 -69
70.901 -69
70.9 -69
70.899 -69
70.898 -69
70.897 -69
70.896 -69
70.895 -69
70.894 -69
70.893 -69
70.892 -69
70.891 -69
70.89 -69
70.889 -69
70.888 -69
70.887 -69
70.886 -69
70.8851 -69
70.8841 -69
70.8831 -69
70.8821 -69
70.8811 -69
70.8801 -69
70.8791 -69
70.8781 -69
70.8771 -69
70.8761 -69
70.8751 -69
70.8741 -69
70.8731 -69
70.8721 -69
70.8711 -69
70.8701 -69
70.8691 -69
70.8681 -69
70.8671 -69
70.8661 -69
70.8651 -69
70.8641 -69
70.8631 -69
70.8621 -69
70.8611 -69
70.8602 -69
70.8592 -69
70.8582 -69
70.8572 -69
70.8562 -69
70.8552 -69
70.8542 -69
70.8532 -69
70.8522 -69
70.8512 -69
70.8502 -69
70.8492 -69
70.8482 -69
70.8472 -69
70.8462 -69
70.8452 -69
70.8442 -69
70.8432 -69
70.8422 -69
70.8413 -69
70.8403 -69
70.8393 -69
70.8383 -69
70.8373 -69
70.8363 -69
70.8353 -69
70.8343 -69
70.8333 -69
70.8323 -69
70.8313 -69
70.8303 -69
70.8293 -69
70.8283 -69
70.8274 -69
70.8264 -69
70.8254 -69
70.8244 -69
70.8234 -69
70.8224 -69
70.8214 -69
70.8204 -69
70.8194 -69
70.8184 -69
70.8174 -69
70.8164 -69
70.8154 -69
70.8145 -69
70.8135 -69
70.8125 -69
70.8115 -69
70.8105 -69
70.8095 -69
70.8085 -69
70.8075 -69
70.8065 -69
70.8055 -69
70.8045 -69
70.8036 -69
70.8026 -69
70.8016 -69
70.8006 -69
70.7996 -69
70.7986 -69
70.7976 -69
70.7966 -69
70.7956 -69
70.7946 -69
70.7936 -69
70.7927 -69
70.7917 -69
70.7907 -69
70.7897 -69
70.7887 -69
70.7877 -69
70.7867 -69
70.7857 -69
70.7847 -69
70.7838 -69
70.7828 -69
70.7818 -69
70.7808 -69
70.7798 -69
70.7788 -69
70.7778 -69
70.7768 -69
70.7758 -69
70.7748 -69
70.7739 -69
70.7729 -69
70.7719 -69
70.7709 -69
70.7699 -69
70.7689 -69
70.7679 -69
70.7669 -69
70.766 -69
70.765 -69
70.764 -69
70.763 -69
70.762 -69
70.761 -69
70.76 -69
70.759 -69
70.7581 -69
70.7571 -69
70.7561 -69
70.7551 -69
70.7541 -69
70.7531 -69
70.7521 -69
70.7511 -69
70.7502 -69
70.7492 -69
70.7482 -69
70.7472 -69
70.7462 -69
70.7452 -69
70.7442 -69
70.7433 -69
70.7423 -69
70.7413 -69
70.7403 -69
70.7393 -69
70.7383 -69
70.7373 -69
70.7364 -69
70.7354 -69
70.7344 -69
70.7334 -69
70.7324 -69
70.7314 -69
70.7304 -69
70.7295 -69
70.7285 -69
70.7275 -69
70.7265 -69
70.7255 -69
70.7245 -69
70.7235 -69
70.7225 -69
70.7215 -69
70.7206 -69
70.7196 -69
70.7186 -69
70.7176 -69
70.7166 -69
70.7156 -69
70.7146 -69
70.7136 -69
70.7126 -69
70.7116 -69
70.7106 -69
70.7096 -69
70.7086 -69
70.7077 -69
70.7067 -69
70.7057 -69
70.7047 -69
70.7037 -69
70.7027 -69
70.7017 -69
70.7007 -69
70.6997 -69
70.6987 -69
70.6977 -69
70.6967 -69
70.6957 -69
70.6948 -69
70.6938 -69
70.6928 -69
70.6918 -69
70.6908 -69
70.6898 -69
70.6888 -69
70.6878 -69
70.6868 -69
70.6858 -69
70.6848 -69
70.6839 -69
70.6829 -69
70.6819 -69
70.6809 -69
70.6799 -69
70.6789 -69
70.6779 -69
70.6769 -69
70.6759 -69
70.6749 -69
70.6739 -69
70.673 -69
70.672 -69
70.671 -69
70.67 -69
70.669 -69
70.668 -69
70.667 -69
70.666 -69
70.665 -69
70.664 -69
70.663 -69
70.6621 -69
70.6611 -69
70.6601 -69
70.6591 -69
70.6581 -69
70.6571 -69
70.6561 -69
70.6551 -69
70.6541 -69
70.6532 -69
70.6522 -69
70.6512 -69
70.6502 -69
70.6492 -69
70.6482 -69
70.6472 -69
70.6462 -69
70.6452 -69
70.6443 -69
70.6433 -69
70.6423 -69
70.6413 -69
70.6403 -69
70.6393 -69
70.6383 -69
70.6373 -69
70.6363 -69
70.6354 -69
70.6344 -69
70.6334 -69
70.6324 -69
70.6314 -69
70.6304 -69
70.6294 -69
70.6284 -69
70.6275 -69
70.6265 -69
70.6255 -69
70.6245 -69
70.6235 -69
70.6225 -69
70.6215 -69
70.6205 -69
70.6196 -69
70.6186 -69
70.6176 -69
70.6166 -69
70.6156 -69
70.6146 -69
70.6136 -69
70.6126 -69
70.6117 -69
70.6107 -69
70.6097 -69
70.6087 -69
70.6077 -69
70.6067 -69
70.6057 -69
70.6047 -69
70.6038 -69
70.6028 -69
70.6018 -69
70.6008 -69
70.5998 -69
70.5988 -69
70.5978 -69
70.5969 -69
70.5959 -69
70.5949 -69
70.5939 -69
70.5929 -69
70.5919 -69
70.5909 -69
70.59 -69
70.589 -69
70.588 -69
70.587 -69
70.586 -69
70.585 -69
70.584 -69
70.5831 -69
70.5821 -69
70.5811 -69
70.5801 -69
70.5791 -69
70.5781 -69
70.5772 -69
70.5762 -69
70.5752 -69
70.5742 -69
70.5732 -69
70.5722 -69
70.5713 -69
70.5703 -69
70.5694 -69
70.5684 -69
70.5675 -69
70.5665 -69
70.5655 -69
70.5646 -69
70.5636 -69
70.5627 -69
70.5617 -69
70.5608 -69
70.5598 -69
70.5589 -69
70.5579 -69
70.5569 -69
70.556 -69
70.555 -69
70.5541 -69
70.5531 -69
70.5522 -69
70.5512 -69
70.5502 -69
70.5493 -69
70.5483 -69
70.5474 -69
70.5464 -69
70.5455 -69
70.5445 -69
70.5436 -69
70.5426 -69
70.5416 -69
70.5407 -69
70.5397 -69
70.5388 -69
70.5379 -69
70.537 -69
70.5361 -69
70.5352 -69
70.5343 -69
70.5334 -69
70.5325 -69
70.5316 -69
70.5307 -69
70.5297 -69
70.5288 -69
70.5279 -69
70.527 -69
70.5261 -69
70.5252 -69
70.5243 -69
70.5234 -69
70.5225 -69
70.5216 -69
70.5207 -69
70.5198 -69
70.5189 -69
70.518 -69
70.5171 -69
70.5162 -69
70.5153 -69
70.5143 -69
70.5134 -69
70.5125 -69
70.5116 -69
70.5107 -69
70.5098 -69
70.5089 -69
70.508 -69
70.5071 -69
70.5062 -69
70.5053 -69
70.5044 -69
70.5035 -69
70.5026 -69
70.5017 -69
70.5008 -69
70.4999 -69
70.499 -69
70.4981 -69
70.4972 -69
70.4962 -69
70.4953 -69
70.4944 -69
70.4936 -69
70.4927 -69
70.4919 -69
70.491 -69
70.4902 -69
70.4894 -69
70.4885 -69
70.4877 -69
70.4868 -69
70.486 -69
70.4851 -69
70.4843 -69
70.4834 -69
70.4826 -69
70.4818 -69
70.4809 -69
70.4801 -69
70.4792 -69
70.4784 -69
70.4775 -69
70.4767 -69
70.4758 -69
70.475 -69
70.4742 -69
70.4733 -69
70.4725 -69
70.4716 -69
70.4708 -69
70.4699 -69
70.4691 -69
70.4682 -69
70.4674 -69
70.4666 -69
70.4657 -69
70.4649 -69
70.464 -69
70.4632 -69
70.4623 -69
70.4615 -69
70.4607 -69
70.4598 -69
70.459 -69
70.4581 -69
70.4573 -69
70.4564 -69
70.4556 -69
70.4548 -69
70.4541 -69
70.4533 -69
70.4525 -69
70.4517 -69
70.4509 -69
70.4501 -69
70.4493 -69
70.4485 -69
70.4477 -69
70.4469 -69
70.4461 -69
70.4453 -69
70.4445 -69
70.4438 -69
70.443 -69
70.4422 -69
70.4414 -69
70.4406 -69
70.4398 -69
70.439 -69
70.4382 -69
70.4374 -69
70.4366 -69
70.4358 -69
70.435 -69
70.4342 -69
70.4335 -69
70.4327 -69
70.4319 -69
70.4311 -69
70.4303 -69
70.4296 -69
70.4288 -69
70.428 -69
70.4273 -69
70.4265 -69
70.4257 -69
70.425 -69
70.4242 -69
70.4234 -69
70.4226 -69
70.4219 -69
70.4211 -69
70.4203 -69
70.4196 -69
70.4188 -69
70.418 -69
70.4173 -69
70.4165 -69
70.4157 -69
70.415 -69
70.4142 -69
70.4134 -69
70.4127 -69
70.4119 -69
70.4111 -69
70.4104 -69
70.4096 -69
70.4088 -69
70.408 -69
70.4073 -69
70.4065 -69
70.4057 -69
70.405 -69
70.4042 -69
70.4034 -69
70.4027 -69
70.4019 -69
70.4011 -69
70.4004 -69
70.3996 -69
70.3988 -69
70.3981 -69
70.3973 -69
70.3965 -69
70.3958 -69
70.395 -69
70.3942 -69
70.3935 -69
70.3927 -69
70.3919 -69
70.3912 -69
70.3904 -69
70.3896 -69
70.3889 -69
70.3881 -69
70.3873 -69
70.3866 -69
70.3858 -69
70.385 -69
70.3843 -69
70.3835 -69
70.3827 -69
70.382 -69
70.3812 -69
70.3804 -69
70.3797 -69
70.3789 -69
70.3781 -69
70.3774 -69
70.3766 -69
70.3758 -69
70.3751 -69
70.3743 -69
70.3735 -69
70.3728 -69
70.372 -69
70.3712 -69
70.3705 -69
70.3697 -69
70.3689 -69
70.3682 -69
70.3674 -69
70.3666 -69
70.3659 -69
70.3651 -69
70.3643 -69
70.3636 -69
70.3628 -69
70.3621 -69
70.3613 -69
70.3605 -69
70.3598 -69
70.359 -69
70.3582 -69
70.3575 -69
70.3567 -69
70.3559 -69
70.3552 -69
70.3544 -69
70.3536 -69
70.3529 -69
70.3521 -69
70.3513 -69
70.3506 -69
70.3498 -69
70.3491 -69
70.3483 -69
70.3475 -69
70.3468 -69
70.346 -69
70.3452 -69
70.3445 -69
70.3437 -69
70.3429 -69
70.3422 -69
70.3414 -69
70.3406 -69
70.3399 -69
70.3391 -69
70.3384 -69
70.3376 -69
70.3368 -69
70.3361 -69
70.3353 -69
70.3345 -69
70.3338 -69
70.333 -69
70.3323 -69
70.3315 -69
70.3307 -69
70.33 -69
70.3292 -69
70.3284 -69
70.3277 -69
70.3269 -69
70.3261 -69
70.3254 -69
70.3246 -69
70.3239 -69
70.3231 -69
70.3223 -69
70.3216 -69
70.3208 -69
70.32 -69
70.3193 -69
70.3185 -69
70.3178 -69
70.317 -69
70.3162 -69
70.3155 -69
70.3147 -69
70.3139 -69
70.3132 -69
70.3124 -69
70.3117 -69
70.3109 -69
70.3101 -69
70.3094 -69
70.3086 -69
70.3079 -69
70.3071 -69
70.3063 -69
70.3056 -69
70.3048 -69
70.304 -69
70.3033 -69
70.3025 -69
70.3018 -69
70.301 -69
70.3002 -69
70.2995 -69
70.2987 -69
70.298 -69
70.2972 -69
70.2964 -69
70.2957 -69
70.2949 -69
70.2941 -69
70.2934 -69
70.2926 -69
70.2919 -69
70.2911 -69
70.2903 -69
70.2896 -69
70.2888 -69
70.2881 -69
70.2873 -69
70.2865 -69
70.2858 -69
70.285 -69
70.2843 -69
70.2835 -69
70.2827 -69
70.282 -69
70.2812 -69
70.2805 -69
70.2797 -69
70.2789 -69
70.2782 -69
70.2774 -69
70.2767 -69
70.2759 -69
70.2751 -69
70.2744 -69
70.2736 -69
70.2729 -69
70.2721 -69
70.2713 -69
70.2706 -69
70.2698 -69
70.2691 -69
70.2683 -69
70.2675 -69
70.2668 -69
70.266 -69
70.2653 -69
70.2645 -69
70.2637 -69
70.263 -69
70.2622 -69
70.2615 -69
70.2607 -69
70.26 -69
70.2592 -69
70.2584 -69
70.2577 -69
70.2569 -69
70.2562 -69
70.2554 -69
70.2546 -69
70.2539 -69
70.2531 -69
70.2524 -69
70.2516 -69
70.2508 -69
70.2501 -69
70.2493 -69
70.2486 -69
70.2478 -69
70.2471 -69
70.2463 -69
70.2455 -69
70.2448 -69
70.244 -69
70.2433 -69
70.2425 -69
70.2417 -69
70.241 -69
70.2402 -69
70.2395 -69
70.2387 -69
70.238 -69
70.2372 -69
70.2364 -69
70.2357 -69
70.2349 -69
70.2342 -69
70.2334 -69
70.2327 -69
70.2319 -69
70.2311 -69
70.2304 -69
70.2296 -69
70.2289 -69
70.2281 -69
70.2274 -69
70.2266 -69
70.2258 -69
70.2251 -69
70.2243 -69
70.2236 -69
70.2228 -69
70.2221 -69
70.2213 -69
70.2205 -69
70.2198 -69
70.219 -69
70.2183 -69
70.2175 -69
70.2168 -69
70.216 -69
70.2152 -69
70.2145 -69
70.2137 -69
70.213 -69
70.2122 -69
70.2115 -69
70.2107 -69
70.2099 -69
70.2092 -69
70.2084 -69
70.2077 -69
70.2069 -69
70.2062 -69
70.2054 -69
70.2047 -69
70.2039 -69
70.2031 -69
70.2024 -69
70.2016 -69
70.2009 -69
70.2001 -69
70.1994 -69
70.1986 -69
70.1978 -69
70.1971 -69
70.1963 -69
70.1956 -69
70.1948 -69
70.1941 -69
70.1933 -69
70.1925 -69
70.1917 -69
70.191 -69
70.1902 -69
70.1894 -69
70.1886 -69
70.1879 -69
70.1871 -69
70.1863 -69
70.1855 -69
70.1848 -69
70.184 -69
70.1832 -69
70.1825 -69
70.1817 -69
70.1809 -69
70.1801 -69
70.1794 -69
70.1786 -69
70.1778 -69
70.177 -69
70.1763 -69
70.1755 -69
70.1747 -69
70.1739 -69
70.1732 -69
70.1724 -69
70.1716 -69
70.1708 -69
70.17 -69
70.1693 -69
70.1685 -69
70.1677 -69
70.1669 -69
70.1662 -69
70.1654 -69
70.1646 -69
70.1638 -69
70.1631 -69
70.1623 -69
70.1615 -69
70.1607 -69
70.16 -69
70.1592 -69
70.1584 -69
70.1576 -69
70.1569 -69
70.1561 -69
70.1553 -69
70.1545 -69
70.1538 -69
70.153 -69
70.1522 -69
70.1514 -69
70.1506 -69
70.1499 -69
70.1491 -69
70.1483 -69
70.1475 -69
70.1468 -69
70.146 -69
70.1452 -69
70.1444 -69
70.1436 -69
70.1429 -69
70.1421 -69
70.1413 -69
70.1405 -69
70.1398 -69
70.139 -69
70.1382 -69
70.1374 -69
70.1366 -69
70.1359 -69
70.1351 -69
70.1343 -69
70.1335 -69
70.1327 -69
70.132 -69
70.1312 -69
70.1304 -69
70.1296 -69
70.1288 -69
70.1281 -69
70.1273 -69
70.1265 -69
70.1257 -69
70.1249 -69
70.1242 -69
70.1234 -69
70.1226 -69
70.1218 -69
70.121 -69
70.1203 -69
70.1195 -69
70.1187 -69
70.1179 -69
70.1171 -69
70.1164 -69
70.1156 -69
70.1148 -69
70.114 -69
70.1132 -69
70.1124 -69
70.1117 -69
70.1109 -69
70.1101 -69
70.1093 -69
70.1085 -69
70.1078 -69
70.107 -69
70.1062 -69
70.1054 -69
70.1046 -69
70.1038 -69
70.1031 -69
70.1023 -69
70.1015 -69
70.1007 -69
70.0999 -69
70.0991 -69
70.0983 -69
70.0976 -69
70.0968 -69
70.096 -69
70.0952 -69
70.0944 -69
70.0936 -69
70.0928 -69
70.0921 -69
70.0913 -69
70.0905 -69
70.0897 -69
70.0889 -69
70.0881 -69
70.0873 -69
70.0866 -69
70.0858 -69
70.085 -69
70.0842 -69
70.0834 -69
70.0826 -69
70.0818 -69
70.081 -69
70.0802 -69
70.0795 -69
70.0787 -69
70.0779 -69
70.0771 -69
70.0763 -69
70.0755 -69
70.0747 -69
70.0739 -69
70.0731 -69
70.0723 -69
70.0716 -69
70.0708 -69
70.07 -69
70.0692 -69
70.0684 -69
70.0676 -69
70.0668 -69
70.066 -69
70.0652 -69
70.0644 -69
70.0636 -69
70.0628 -69
70.062 -69
70.0612 -69
70.0604 -69
70.0597 -69
70.0589 -69
70.0581 -69
70.0573 -69
70.0565 -69
70.0557 -69
70.0549 -69
70.0541 -69
70.0533 -69
70.0525 -69
70.0517 -69
70.0509 -69
70.0501 -69
70.0493 -69
70.0485 -69
70.0477 -69
70.0469 -69
70.0461 -69
70.0453 -69
70.0445 -69
70.0437 -69
70.0429 -69
70.0421 -69
70.0413 -69
70.0405 -69
70.0397 -69
70.0388 -69
70.038 -69
70.0372 -69
70.0364 -69
70.0356 -69
70.0348 -69
70.034 -69
70.0332 -69
70.0324 -69
70.0316 -69
70.0308 -69
70.03 -69
70.0292 -69
70.0283 -69
70.0275 -69
70.0267 -69
70.0259 -69
70.0251 -69
70.0243 -69
70.0235 -69
70.0227 -69
70.0218 -69
70.021 -69
70.0202 -69
70.0194 -69
70.0186 -69
70.0177 -69
70.0169 -69
70.0161 -69
70.0153 -69
70.0145 -69
70.0136 -69
70.0128 -69
70.012 -69
70.0112 -69
70.0103 -69
70.0095 -69
70.0087 -69
70.0079 -69
70.007 -69
70.0062 -69
70.0054 -69
70.0045 -69
70.0037 -69
70.0029 -69
70.002 -69
70.0012 -69
70.0004 -69
69.9995 -69
69.9987 -69
69.9978 -69
69.997 -69
69.9962 -69
69.9953 -69
69.9945 -69
69.9936 -69
69.9928 -69
69.9919 -69
69.9911 -69
69.9902 -69
69.9894 -69
69.9885 -69
69.9876 -69
69.9868 -69
69.9859 -69
69.9851 -69
69.9842 -69
69.9833 -69
69.9825 -69
69.9816 -69
69.9807 -69
69.9798 -69
69.9789 -69
69.9781 -69
69.9772 -69
69.9763 -69
69.9754 -69
69.9745 -69
69.9736 -69
69.9727 -69
69.9718 -69
69.9709 -69
69.97 -69
69.9691 -69
69.9681 -69
69.9672 -69
69.9663 -69
69.9653 -69
69.9644 -69
69.9634 -69
69.9625 -69
69.9615 -69
69.9606 -69
69.9596 -69
69.9586 -69
69.9576 -69
69.9566 -69
69.9555 -69
69.9545 -69
69.9534 -69
69.9523 -69
69.9512 -69
69.9501 -69
69.9485 -69
69.9465 -69
69.9442 -69
69.9415 -69
69.9381 -69
69.9329 -69
69.9263 -69
69.9173 -69
69.907 -69
69.9001 -69
69.8876 -69
69.8746 -69
69.861 -69
69.8467 -69
69.8319 -69
69.8163 -69
69.8001 -69
69.7876 -69
69.7818 -69
69.7753 -69
69.7682 -69
69.7606 -69
69.7524 -69
69.7437 -69
69.7344 -69
69.7245 -69
69.714 -69
69.7028 -69
69.6909 -69
69.6783 -69
69.6649 -69
69.649 -69
69.6459 -69
69.6501 -69
69.6531 -69
69.6559 -69
69.6587 -69
69.6615 -69
69.6642 -69
69.6647 -69
69.6644 -69
69.6639 -69
69.663 -69
69.6617 -69
69.66 -69
69.6579 -69
69.6576 -69
69.659 -69
69.6599 -69
69.6622 -69
69.6779 -69
69.6933 -69
69.7086 -69
69.7238 -69
69.7388 -69
69.7537 -69
69.7685 -69
69.783 -69
69.7975 -69
69.8118 -69
69.8208 -69
69.8212 -69
69.822 -69
69.8229 -69
69.8237 -69
69.8246 -69
69.8254 -69
69.8262 -69
69.8271 -69
69.8279 -69
69.8287 -69
69.8296 -69
69.8304 -69
69.8312 -69
69.832 -69
69.8328 -69
69.8337 -69
69.8345 -69
69.8353 -69
69.8361 -69
69.8368 -69
69.8376 -69
69.8384 -69
69.8392 -69
69.84 -69
69.8408 -69
69.8416 -69
69.8421 -69
69.842 -69
69.842 -69
69.8419 -69
69.8419 -69
69.8418 -69
69.8418 -69
69.8417 -69
69.8416 -69
69.8416 -69
69.8415 -69
69.8415 -69
69.8413 -69
69.8411 -69
69.8409 -69
69.8407 -69
69.8405 -69
69.8403 -69
69.8401 -69
69.8399 -69
69.8397 -69
69.8395 -69
69.8393 -69
69.839 -69
69.8388 -69
69.8386 -69
69.8383 -69
69.8381 -69
69.8379 -69
69.8376 -69
69.8374 -69
69.8372 -69
69.8369 -69
69.8367 -69
69.8364 -69
69.8362 -69
69.836 -69
69.8357 -69
69.8355 -69
69.8352 -69
69.835 -69
69.8348 -69
69.8345 -69
69.8343 -69
69.8341 -69
69.8338 -69
69.8336 -69
69.8333 -69
69.8331 -69
69.8329 -69
69.8326 -69
69.8324 -69
69.8321 -69
69.8319 -69
69.8317 -69
69.8314 -69
69.8312 -69
69.831 -69
69.8307 -69
69.8305 -69
69.8302 -69
69.83 -69
69.8298 -69
69.8295 -69
69.8293 -69
69.829 -69
69.8288 -69
69.8286 -69
69.8283 -69
69.8281 -69
69.8279 -69
69.8276 -69
69.8274 -69
69.8271 -69
69.8269 -69
69.8267 -69
69.8264 -69
69.8262 -69
69.8259 -69
69.8257 -69
69.8255 -69
69.8252 -69
69.825 -69
69.8248 -69
69.8245 -69
69.8243 -69
69.824 -69
69.8238 -69
69.8236 -69
69.8233 -69
69.8231 -69
69.8228 -69
69.8226 -69
69.8224 -69
69.8221 -69
69.8219 -69
69.8217 -69
69.8214 -69
69.8212 -69
69.8209 -69
69.8207 -69
69.8205 -69
69.8202 -69
69.82 -69
69.8198 -69
69.8195 -69
69.8193 -69
69.819 -69
69.8188 -69
69.8186 -69
69.8183 -69
69.8181 -69
69.8178 -69
69.8176 -69
69.8174 -69
69.8171 -69
69.8169 -69
69.8166 -69
69.8164 -69
69.8162 -69
69.8159 -69
69.8157 -69
69.8155 -69
69.8152 -69
69.815 -69
69.8147 -69
69.8145 -69
69.8143 -69
69.814 -69
69.8138 -69
69.8135 -69
69.8133 -69
69.8131 -69
69.8128 -69
69.8126 -69
69.8124 -69
69.8121 -69
69.8119 -69
69.8116 -69
69.8114 -69
69.8112 -69
69.8109 -69
69.8107 -69
69.8104 -69
69.8102 -69
69.81 -69
69.8097 -69
69.8095 -69
69.8092 -69
69.809 -69
69.8088 -69
69.8085 -69
69.8083 -69
69.808 -69
69.8078 -69
69.8076 -69
69.8073 -69
69.8072 -69
69.8072 -69
69.8072 -69
69.8072 -69
69.8071 -69
69.8071 -69
69.8071 -69
69.8071 -69
69.8071 -69
69.807 -69
69.807 -69
69.807 -69
69.807 -69
69.807 -69
69.8069 -69
69.8069 -69
69.8069 -69
69.8069 -69
69.8069 -69
69.8068 -69
69.8068 -69
69.8068 -69
69.8068 -69
69.8067 -69
69.8067 -69
69.8067 -69
69.8067 -69
69.8067 -69
69.8066 -69
69.8066 -69
69.8066 -69
69.8066 -69
69.8066 -69
69.8065 -69
69.8065 -69
69.8065 -69
69.8065 -69
69.8065 -69
69.8064 -69
69.8064 -69
69.8064 -69
69.8064 -69
69.8064 -69
69.8063 -69
69.8063 -69
69.8063 -69
69.8063 -69
69.8063 -69
69.8062 -69
69.8062 -69
69.8062 -69
69.8062 -69
69.8062 -69
69.8061 -69
69.8061 -69
69.8061 -69
69.8061 -69
69.8061 -69
69.806 -69
69.806 -69
69.806 -69
69.806 -69
69.806 -69
69.806 -69
69.8059 -69
69.8059 -69
69.8059 -69
69.8059 -69
69.8059 -69
69.8058 -69
69.8058 -69
69.8058 -69
69.8058 -69
69.8058 -69
69.8057 -69
69.8057 -69
69.8057 -69
69.8057 -69
69.8057 -69
69.8056 -69
69.8056 -69
69.8056 -69
69.8056 -69
69.8056 -69
69.8055 -69
69.8055 -69
69.8055 -69
69.8055 -69
69.8055 -69
69.8055 -69
69.8054 -69
69.8054 -69
69.8054 -69
69.8054 -69
69.8054 -69
69.8053 -69
69.8053 -69
69.8053 -69
69.8053 -69
69.8053 -69
69.8052 -69
69.8052 -69
69.8052 -69
69.8052 -69
69.8052 -69
69.8051 -69
69.8051 -69
69.8051 -69
69.8051 -69
69.8051 -69
69.8051 -69
69.805 -69
69.805 -69
69.805 -69
69.805 -69
69.805 -69
69.8049 -69
69.8049 -69
69.8049 -69
69.8049 -69
69.8049 -69
69.8048 -69
69.8048 -69
69.8048 -69
69.8048 -69
69.8048 -69
69.8047 -69
69.8047 -69
69.8047 -69
69.8047 -69
69.8047 -69
69.8046 -69
69.8046 -69
69.8046 -69
69.8046 -69
69.8046 -69
69.8045 -69
69.8045 -69
69.8045 -69
69.8045 -69
69.8045 -69
69.8044 -69
69.8044 -69
69.8044 -69
69.8044 -69
69.8044 -69
69.8043 -69
69.8043 -69
69.8043 -69
69.8043 -69
69.8043 -69
69.8042 -69
69.8042 -69
69.8042 -69
69.8042 -69
69.8042 -69
69.8041 -69
69.8041 -69
69.8041 -69
69.8041 -69
69.804 -69
69.804 -69
69.804 -69
69.804 -69
69.804 -69
69.8039 -69
69.8039 -69
69.8039 -69
69.8039 -69
69.8038 -69
69.8038 -69
69.8038 -69
69.8038 -69
69.8037 -69
69.8037 -69
69.8037 -69
69.8037 -69
69.8037 -69
69.8036 -69
69.8036 -69
69.8036 -69
69.8035 -69
69.8035 -69
69.8035 -69
69.8035 -69
69.8034 -69
69.8034 -69
69.8034 -69
69.8034 -69
69.8033 -69
69.8033 -69
69.8033 -69
69.8032 -69
69.8032 -69
69.8032 -69
69.8031 -69
69.8031 -69
69.8031 -69
69.8031 -69
69.803 -69
69.803 -69
69.8029 -69
69.8029 -69
69.8029 -69
69.8028 -69
69.8028 -69
69.8028 -69
69.8027 -69
69.8027 -69
69.8026 -69
69.8026 -69
69.8026 -69
69.8026 -69
69.8026 -69
69.8026 -69
69.8026 -69
69.8026 -69
69.8025 -69
69.8026 -69
69.8028 -69
69.8028 -69
69.803 -69
69.8032 -68.5915
69.8086 -69
69.804 -69
69.8033 -69
69.8034 -69
69.8035 -69
69.8036 -69
69.8037 -69
69.8038 -69
69.8039 -69
69.8039 -69
69.804 -69
69.8041 -69
69.8041 -69
69.8042 -69
69.8043 -69
69.8043 -69
69.8044 -69
69.8044 -69
69.8045 -69
69.8045 -69
69.8045 -69
69.8045 -69
69.8045 -69
69.8046 -69
69.8046 -69
69.8045 -69
69.8045 -69
69.8045 -69
69.8044 -69
69.8044 -69
69.8043 -69
69.8043 -69
69.8048 -69
69.8048 -69
69.7968 -69
69.5872 -66.182
69.5852 -68.6192
69.5875 -69
69.6193 -69
69.5954 -69
69.5754 -69
69.5549 -69
69.5335 -69
69.5109 -69
69.4871 -69
69.4621 -69
69.435 -69
69.406 -69
69.375 -69
69.3371 -69
69.308 -69
69.2796 -69
69.2513 -69
69.2229 -69
69.1946 -69
69.1662 -69
69.1452 -69
69.1308 -69
69.114 -69
69.0969 -69
69.0796 -69
69.062 -69
69.0442 -69
69.026 -69
69.0077 -69
68.989 -69
68.9701 -69
68.9508 -69
68.9312 -69
68.9113 -69
68.891 -69
68.8704 -69
68.8495 -69
68.8282 -69
68.8064 -69
68.7843 -69
68.7618 -69
68.7388 -69
68.7154 -69
68.6915 -69
68.6671 -69
68.6422 -69
68.6168 -69
68.5908 -69
68.5642 -69
68.5369 -69
68.509 -69
68.4939 -69
68.4854 -69
68.4756 -69
68.4655 -69
68.4551 -69
68.4444 -69
68.4335 -69
68.4223 -69
68.4109 -69
68.3992 -69
68.3872 -69
68.3748 -69
68.3622 -69
68.3492 -69
68.3359 -69
68.3222 -69
68.3082 -69
68.2937 -69
68.2788 -69
68.2634 -69
68.2476 -69
68.2312 -69
68.2142 -69
68.1966 -69
68.1782 -69
68.1552 -69
68.1055 -69
68.0474 -69
67.9841 -69
67.9126 -69
67.8299 -69
67.733 -69
67.6181 -69
67.4786 -69
67.3031 -69
67.2059 -69
67.1531 -69
67.1191 -69
67.0846 -69
67.0351 -69
66.9807 -69
66.9213 -69
66.8562 -69
66.7848 -69
66.7065 -69
66.632 -69
66.6073 -69
66.5797 -69
66.549 -69
66.5152 -69
66.478 -69
66.4371 -69
66.3922 -69
66.3429 -69
66.289 -69
66.2298 -69
66.1648 -69
66.0934 -69
66.0148 -69
65.928 -69
65.7929 -69
65.7129 -69
65.6086 -69
65.5132 -69
65.4056 -69
65.2919 -69
65.1717 -69
65.0443 -69
64.9087 -69
64.7642 -69
64.6095 -69
64.4431 -69
64.2633 -69
64.0679 -69
63.8546 -69
63.7252 -69
63.6278 -69
63.5091 -69
63.3831 -69
63.2564 -69
63.1295 -69
63.0026 -69
62.8757 -69
62.7488 -69
62.622 -69
62.4951 -69
62.3682 -69
62.2413 -69
62.1144 -69
61.9875 -69
61.8604 -69
61.7332 -69
61.6134 -69
61.5347 -69
61.4559 -69
61.3769 -69
61.298 -69
61.2342 -69
61.1874 -69
61.1394 -69
61.0912 -69
61.0431 -69
60.9949 -69
60.9467 -69
60.8986 -69
60.8504 -69
60.8023 -69
60.7542 -69
60.706 -69
60.6578 -69
60.6097 -69
60.5615 -69
60.5133 -69
60.4647 -69
60.4933 -69
60.5218 -69
60.5499 -69
60.5775 -69
60.6046 -69
60.631 -69
60.6568 -69
60.6819 -69
60.7064 -69
60.7303 -69
60.7534 -69
60.7759 -69
60.7976 -69
60.8185 -69
60.8387 -69
60.8581 -69
60.8766 -69
60.8943 -69
60.9111 -69
60.9271 -69
60.942 -69
60.956 -69
60.969 -69
60.9809 -69
60.9918 -69
61.0015 -69
61.01 -69
61.0174 -69
61.0234 -69
61.0281 -69
61.0315 -69
61.0333 -69
61.0337 -69
61.0325 -69
61.0296 -69
61.0249 -69
61.0184 -69
61.0099 -69
61.0513 -69
61.1107 -69
61.172 -69
61.2342 -69
61.296 -69
61.3574 -69
61.4186 -69
61.4793 -69
61.5398 -69
61.5999 -69
61.6596 -69
61.719 -69
61.778 -69
61.8366 -69
61.8948 -69
61.9526 -69
62.0101 -69
62.0671 -69
62.1237 -69
62.1798 -69
62.2354 -69
62.2906 -69
62.3452 -69
62.3993 -69
62.4529 -69
62.5059 -69
62.5584 -69
62.6103 -69
62.6615 -69
62.7121 -69
62.762 -69
62.8112 -69
62.8597 -69
62.9067 -69
62.9525 -69
62.9978 -69
63.0425 -69
63.0866 -69
63.13 -69
63.1728 -69
63.2148 -69
63.2562 -69
63.2967 -69
63.3365 -69
63.3755 -69
63.4136 -69
63.4509 -69
63.4872 -69
63.5226 -69
63.557 -69
63.5903 -69
63.6225 -69
63.6536 -69
63.6835 -69
63.7111 -69
63.7369 -69
63.7615 -69
63.7847 -69
63.8066 -69
63.8269 -69
63.8455 -69
63.8624 -69
63.8775 -69
63.8905 -69
63.9013 -69
63.9098 -69
63.9156 -69
63.9186 -69
63.9185 -69
63.9148 -69
63.9072 -69
63.8951 -69
63.8779 -69
63.8845 -69
63.9464 -69
64.009 -69
64.0706 -69
64.1313 -69
64.1918 -69
64.252 -69
64.312 -69
64.3717 -69
64.4311 -69
64.4902 -69
64.549 -69
64.6076 -69
64.6658 -69
64.7237 -69
64.7813 -69
64.8385 -69
64.8955 -69
64.9521 -69
65.0083 -69
65.0641 -69
65.1202 -69
65.178 -69
65.2354 -69
65.2926 -69
65.3493 -69
65.4057 -69
65.4618 -69
65.5175 -69
65.5728 -69
65.6277 -69
65.6823 -69
65.7364 -69
65.7888 -69
65.839 -69
65.8889 -69
65.9384 -69
65.9875 -69
66.0362 -69
66.0845 -69
66.1324 -69
66.1798 -69
66.2267 -69
66.2732 -69
66.3191 -69
66.3645 -69
66.4094 -69
66.4538 -69
66.4975 -69
66.5406 -69
66.5831 -69
66.625 -69
66.6662 -69
66.7066 -69
66.7464 -69
66.7853 -69
66.8235 -69
66.8607 -69
66.8971 -69
66.9326 -69
66.9671 -69
67.0005 -69
67.0328 -69
67.064 -69
67.0893 -69
67.1022 -68.7062
67.1107 -68.8059
67.1209 -68.7147
67.1311 -68.6273
67.1412 -68.544
67.1511 -68.4648
67.1607 -68.3897
67.1702 -68.319
67.1794 -68.2526
67.1884 -68.1908
67.1971 -68.1334
67.2057 -68.0808
67.214 -68.035
67.222 -68.0029
67.2299 -67.9778
67.2422 -67.9607
67.2543 -67.9499
67.2662 -67.9456
67.2779 -67.948
67.2893 -67.9573
67.3004 -67.9737
67.3113 -67.9974
67.3351 -67.6728
67.3594 -67.567
67.3813 -67.3475
67.4027 -67.1283
67.4241 -66.9096
67.4453 -66.6912
67.4666 -66.4733
67.4878 -66.2557
67.5089 -66.0386
67.5299 -65.8218
67.5509 -65.6055
67.5719 -65.3896
67.5928 -65.1741
67.6136 -64.9591
67.6344 -64.7445
67.6551 -64.5304
67.6757 -64.3168
67.6963 -64.1036
67.7169 -63.8909
67.7373 -63.6786
67.7577 -63.4668
67.7781 -63.2555
67.7983 -63.0447
67.8185 -62.8344
67.8387 -62.6246
67.8587 -62.4153
67.8787 -62.2066
67.8987 -61.9983
67.9185 -61.7906
67.9383 -61.5835
67.9581 -61.3769
67.9777 -61.1708
67.9973 -60.9654
68.0168 -60.7605
68.0362 -60.5562
68.0556 -60.3524
68.0749 -60.1493
68.0941 -59.9469
68.1132 -59.745
68.1323 -59.5438
68.1512 -59.3432
68.1701 -59.1433
68.1889 -58.944
68.2077 -58.7454
68.2263 -58.5476
68.2449 -58.3504
68.2633 -58.1539
68.2817 -57.9582
68.3 -57.7632
68.3182 -57.569
68.3363 -57.3755
68.3543 -57.1828
68.3656 -57.1493
68.3668 -57.2936
68.3686 -57.4381
68.3704 -57.5826
68.3722 -57.727
68.3741 -57.8714
68.3759 -58.0158
68.3777 -58.1601
68.3796 -58.3044
68.3814 -58.4487
68.3832 -58.5929
68.385 -58.7371
68.3869 -58.882
68.3887 -59.0268
68.3905 -59.1715
68.3923 -59.3162
68.3941 -59.4609
68.396 -59.6055
68.3978 -59.7501
68.3996 -59.8947
68.4014 -60.0392
68.4033 -60.1837
68.4051 -60.3281
68.4069 -60.4725
68.4087 -60.6169
68.4105 -60.7612
68.4123 -60.9055
68.4142 -61.0497
68.416 -61.1939
68.4178 -61.3381
68.4196 -61.4822
68.4214 -61.6263
68.4233 -61.7704
68.4251 -61.9144
68.4269 -62.0583
68.4287 -62.2022
68.4305 -62.3461
68.4323 -62.4899
68.4341 -62.6337
68.436 -62.7775
68.4378 -62.9214
68.4396 -63.0656
68.4414 -63.2097
68.4432 -63.3539
68.445 -63.4979
68.4468 -63.642
68.4486 -63.7859
68.4504 -63.9299
68.4522 -64.0739
68.454 -64.218
68.4558 -64.3621
68.4576 -64.5066
68.4594 -64.651
68.4612 -64.7954
68.463 -64.9397
68.4648 -65.084
68.4666 -65.2283
68.4684 -65.3725
68.4702 -65.5167
68.472 -65.6608
68.4738 -65.8049
68.4756 -65.9489
68.4774 -66.0929
68.4792 -66.2368
68.481 -66.3807
68.4828 -66.5246
68.4846 -66.6684
68.4864 -66.8122
68.4881 -66.956
68.4899 -67.1
68.4917 -67.244
68.4935 -67.3879
68.4953 -67.5318
68.4971 -67.6757
68.4989 -67.8195
68.5008 -67.9812
68.5031 -68.163
68.5053 -68.3448
68.5075 -68.5265
68.5097 -68.7083
68.512 -68.89
68.5135 -69
68.5137 -69
68.5139 -69
68.5141 -69
68.5143 -69
68.5146 -69
68.5148 -69
68.515 -69
68.5153 -69
68.5155 -69
68.5157 -69
68.5159 -69
68.5162 -69
68.5164 -69
68.5166 -69
68.5168 -69
68.5169 -69
68.5171 -69
68.5173 -69
68.5175 -69
68.5177 -69
68.5179 -69
68.5181 -69
68.5182 -69
68.5184 -69
68.5186 -69
68.5188 -69
68.519 -69
68.5192 -69
68.5193 -69
68.5195 -69
68.5197 -69
68.5199 -69
68.5201 -69
68.5203 -69
68.5205 -69
68.5206 -69
68.5208 -69
68.521 -69
68.5212 -69
68.5214 -69
68.5216 -69
68.5218 -69
68.522 -69
68.5221 -69
68.5223 -69
68.5225 -69
68.5227 -69
68.5229 -69
68.5231 -69
68.5233 -69
68.5235 -69
68.5236 -69
68.5238 -69
68.524 -69
68.5242 -69
68.5244 -69
68.5246 -69
68.5248 -69
68.525 -69
68.5251 -69
68.5253 -69
68.5255 -69
68.5257 -69
68.5259 -69
68.5261 -69
68.5263 -69
68.5265 -69
68.5266 -69
68.5268 -69
68.527 -69
68.5272 -69
68.5274 -69
68.5276 -69
68.5278 -69
68.528 -69
68.5282 -69
68.5284 -69
68.5285 -69
68.5287 -69
68.5289 -69
68.5291 -69
68.5293 -69
68.5295 -69
68.5297 -69
68.5298 -69
68.53 -69
68.5302 -69
68.5303 -69
68.5305 -69
68.5307 -69
68.5309 -69
68.531 -69
68.5312 -69
68.5314 -69
68.5315 -69
68.5317 -69
68.5319 -69
68.5321 -69
68.5322 -69
68.5324 -69
68.5326 -69
68.5327 -69
68.5329 -69
68.5331 -69
68.5333 -69
68.5334 -69
68.5336 -69
68.5338 -69
68.5339 -69
68.5341 -69
68.5343 -69
68.5345 -69
68.5346 -69
68.5348 -69
68.535 -69
68.5352 -69
68.5353 -69
68.5355 -69
68.5357 -69
68.5358 -69
68.536 -69
68.5362 -69
68.5364 -69
68.5365 -69
68.5367 -69
68.5369 -69
68.5371 -69
68.5372 -69
68.5374 -69
68.5376 -69
68.5377 -69
68.5379 -69
68.5381 -69
68.5383 -69
68.5384 -69
68.5386 -69
68.5388 -69
68.539 -69
68.5391 -69
68.5393 -69
68.5395 -69
68.5396 -69
68.5398 -69
68.54 -69
68.5402 -69
68.5403 -69
68.5405 -69
68.5407 -69
68.5409 -69
68.541 -69
68.5412 -69
68.5414 -69
68.5415 -69
68.5417 -69
68.5419 -69
68.5421 -69
68.5422 -69
68.5424 -69
68.5426 -69
68.5428 -69
68.5429 -69
68.5431 -69
68.5433 -69
68.5435 -69
68.5436 -69
68.5438 -69
68.544 -69
68.5442 -69
68.5443 -69
68.5445 -69
68.5447 -69
68.5449 -69
68.545 -69
68.5452 -69
68.5454 -69
68.5456 -69
68.5457 -69
68.5459 -69
68.5461 -69
68.5463 -69
68.5464 -69
68.5466 -69
68.5468 -69
68.547 -69
68.5471 -69
68.5473 -69
68.5475 -69
68.5477 -69
68.5478 -69
68.548 -69
68.5482 -69
68.5484 -69
68.5486 -69
68.5487 -69
68.5489 -69
68.5491 -69
68.5493 -69
68.5494 -69
68.5496 -69
68.5498 -69
68.55 -69
68.5501 -69
68.5503 -69
68.5505 -69
68.5507 -69
68.5509 -69
68.551 -69
68.5512 -69
68.5514 -69
68.5516 -69
68.5517 -69
68.5519 -69
68.5521 -69
68.5523 -69
68.5525 -69
68.5526 -69
68.5528 -69
68.553 -69
68.5532 -69
68.5534 -69
68.5535 -69
68.5537 -69
68.5539 -69
68.5541 -69
68.5543 -69
68.5544 -69
68.5546 -69
68.5548 -69
68.555 -69
68.5552 -69
68.5553 -69
68.5555 -69
68.5557 -69
68.5559 -69
68.5561 -69
68.5562 -69
68.5564 -69
68.5566 -69
68.5568 -69
68.557 -69
68.5571 -69
68.5573 -69
68.5575 -69
68.5577 -69
68.5579 -69
68.558 -69
68.5582 -69
68.5584 -69
68.5586 -69
68.5588 -69
68.5589 -69
68.5591 -69
68.5593 -69
68.5595 -69
68.5597 -69
68.5599 -69
68.56 -69
68.5602 -69
68.5604 -69
68.5606 -69
68.5608 -69
68.5609 -69
68.5611 -69
68.5613 -69
68.5615 -69
68.5617 -69
68.5619 -69
68.562 -69
68.5622 -69
68.5624 -69
68.5626 -69
68.5628 -69
68.563 -69
68.5631 -69
68.5633 -69
68.5635 -69
68.5637 -69
68.5639 -69
68.5641 -69
68.5642 -69
68.5644 -69
68.5646 -69
68.5648 -69
68.565 -69
68.5652 -69
68.5654 -69
68.5655 -69
68.5657 -69
68.5659 -69
68.5661 -69
68.5663 -69
68.5665 -69
68.5666 -69
68.5668 -69
68.567 -69
68.5672 -69
68.5674 -69
68.5676 -69
68.5678 -69
68.5679 -69
68.5681 -69
68.5683 -69
68.5685 -69
68.5687 -69
68.5689 -69
68.5691 -69
68.5692 -69
68.5694 -69
68.5696 -69
68.5698 -69
68.57 -69
68.5702 -69
68.5704 -69
68.5706 -69
68.5707 -69
68.5709 -69
68.5711 -69
68.5713 -69
68.5715 -69
68.5717 -69
68.5719 -69
68.572 -69
68.5722 -69
68.5724 -69
68.5726 -69
68.5728 -69
68.573 -69
68.5732 -69
68.5734 -69
68.5736 -69
68.5737 -69
68.5739 -69
68.5741 -69
68.5743 -69
68.5745 -69
68.5747 -69
68.5749 -69
68.5751 -69
68.5752 -69
68.5754 -69
68.5756 -69
68.5758 -69
68.576 -69
68.5762 -69
68.5764 -69
68.5766 -69
68.5768 -69
68.5769 -69
68.5771 -69
68.5773 -69
68.5775 -69
68.5777 -69
68.5779 -69
68.5781 -69
68.5783 -69
68.5785 -69
68.5787 -69
68.5789 -69
68.579 -69
68.5792 -69
68.5794 -69
68.5796 -69
68.5798 -69
68.58 -69
68.5802 -69
68.5804 -69
68.5806 -69
68.5808 -69
68.5809 -69
68.5811 -69
68.5813 -69
68.5815 -69
68.5817 -69
68.5819 -69
68.5821 -69
68.5823 -69
68.5825 -69
68.5827 -69
68.5829 -69
68.5831 -69
68.5833 -69
68.5834 -69
68.5836 -69
68.5838 -69
68.584 -69
68.5842 -69
68.5844 -69
68.5846 -69
68.5848 -69
68.585 -69
68.5852 -69
68.5854 -69
68.5856 -69
68.5858 -69
68.586 -69
68.5861 -69
68.5863 -69
68.5865 -69
68.5867 -69
68.5869 -69
68.5871 -69
68.5873 -69
68.5875 -69
68.5877 -69
68.5879 -69
68.5881 -69
68.5883 -69
68.5885 -69
68.5887 -69
68.5889 -69
68.5891 -69
68.5893 -69
68.5894 -69
68.5896 -69
68.5898 -69
68.59 -69
68.5902 -69
68.5904 -69
68.5906 -69
68.5908 -69
68.591 -69
68.5912 -69
68.5914 -69
68.5916 -69
68.5918 -69
68.592 -69
68.5922 -69
68.5924 -69
68.5926 -69
68.5928 -69
68.593 -69
68.5932 -69
68.5934 -69
68.5936 -69
68.5938 -69
68.594 -69
68.5942 -69
68.5943 -69
68.5945 -69
68.5947 -69
68.5949 -69
68.5951 -69
68.5953 -69
68.5955 -69
68.5957 -69
68.5959 -69
68.5961 -69
68.5963 -69
68.5965 -69
68.5967 -69
68.5969 -69
68.5971 -69
68.5973 -69
68.5975 -69
68.5977 -69
