0.1 -0.203842
0.2 -0.430942
0.3 -0.647839
0.4 -0.86599
0.5 -1.08527
0.6 -1.30569
0.7 -1.52726
0.8 -1.74999
0.9 -1.97389
1 -2.19899
0.331451 -2.25107
0.661536 -2.29887
0.986698 -2.34388
1.31155 -2.38883
1.636 -2.43367
1.96057 -2.47863
2.28518 -2.52369
2.60974 -2.56879
2.93423 -2.61393
3.25866 -2.65911
3.58302 -2.70433
3.90715 -2.74951
4.23137 -2.79481
4.55553 -2.84015
4.87888 -2.88513
5.20287 -2.93054
5.52678 -2.97597
5.85056 -3.02141
6.17289 -3.06611
6.49572 -3.11116
6.81575 -3.1546
7.13894 -3.20002
7.46015 -3.24426
7.78278 -3.28947
8.10803 -3.33646
8.42798 -3.3801
8.74972 -3.42496
9.07539 -3.47256
9.39468 -3.51595
9.71567 -3.56055
10.0405 -3.60791
10.3597 -3.65144
10.6811 -3.69659
11.003 -3.74215
11.3248 -3.78774
11.6466 -3.83337
11.9682 -3.87905
12.2898 -3.92477
12.6114 -3.97054
12.9328 -4.01634
13.2542 -4.06219
13.5756 -4.10807
13.8968 -4.154
14.218 -4.19997
14.5392 -4.24599
14.8602 -4.29204
15.1812 -4.33814
15.5021 -4.38429
15.823 -4.43047
16.1438 -4.4767
16.4645 -4.52297
16.7852 -4.56928
17.1057 -4.61564
17.4263 -4.66204
17.7467 -4.70849
18.0671 -4.75498
18.3874 -4.80152
18.7076 -4.84809
19.0278 -4.89471
19.3479 -4.94138
19.668 -4.98809
19.9879 -5.03484
20.3078 -5.08164
20.6277 -5.12848
20.9474 -5.17536
21.2671 -5.22229
21.5867 -5.26926
21.9063 -5.31627
22.2257 -5.36333
22.5451 -5.41043
22.8645 -5.45758
23.1837 -5.50477
23.5029 -5.55201
23.822 -5.59929
24.1411 -5.64661
24.4601 -5.69398
24.779 -5.7414
25.0978 -5.78886
25.4166 -5.83636
25.7353 -5.88391
26.0539 -5.9315
26.3724 -5.97914
26.6909 -6.02683
27.0093 -6.07458
27.3277 -6.12237
27.6459 -6.17021
27.9641 -6.21809
28.2823 -6.26602
28.6003 -6.31399
28.9183 -6.36201
29.2362 -6.41008
29.554 -6.45819
29.8718 -6.50635
30.1895 -6.55456
30.5071 -6.60281
30.8247 -6.65111
31.1421 -6.69946
31.4595 -6.74786
31.7768 -6.79627
32.0941 -6.84476
32.4112 -6.89329
32.7283 -6.94187
33.0454 -6.99049
33.3623 -7.03917
33.6792 -7.08789
33.996 -7.13667
34.3127 -7.18549
34.6294 -7.23435
34.9459 -7.28327
35.2625 -7.33224
35.5789 -7.38125
35.8952 -7.43031
36.2115 -7.47943
36.5277 -7.5286
36.8438 -7.57781
37.1599 -7.62707
37.4759 -7.67638
37.7918 -7.72574
38.1076 -7.77515
38.4234 -7.82461
38.739 -7.87411
39.0546 -7.92366
39.3701 -7.97327
39.6856 -8.02293
40.0009 -8.07263
40.3162 -8.12239
40.6314 -8.17219
40.9466 -8.22205
41.2616 -8.27195
41.5766 -8.3219
41.8915 -8.37191
42.2063 -8.42196
42.5211 -8.47207
42.8357 -8.52223
43.1503 -8.57244
43.4648 -8.6227
43.7793 -8.67301
44.0936 -8.72337
44.4079 -8.77378
44.7221 -8.82425
45.0362 -8.87476
45.3502 -8.92533
45.6642 -8.97595
45.9781 -9.02662
46.2919 -9.07735
46.6056 -9.12812
46.9192 -9.17895
47.2328 -9.22983
47.5462 -9.28076
47.8591 -9.33394
48.1647 -9.4095
48.4505 -9.50814
48.606 -9.51023
48.7398 -9.48897
48.8741 -9.46819
49.0083 -9.44774
49.1423 -9.4276
49.2762 -9.40779
49.4101 -9.38831
49.5437 -9.36913
49.6772 -9.35028
49.8104 -9.33175
49.9435 -9.31355
50.0766 -9.29568
50.2095 -9.27815
50.3423 -9.26096
50.4749 -9.24411
50.6075 -9.2276
50.7398 -9.21141
50.8718 -9.19556
51.0037 -9.18005
51.1355 -9.1649
51.2672 -9.1501
51.3988 -9.13566
51.5302 -9.12157
51.6615 -9.10783
51.7926 -9.09446
51.9237 -9.08108
52.0536 -9.07424
52.1832 -9.06783
52.3104 -9.06571
52.4375 -9.06401
52.5634 -9.06172
52.6867 -9.04993
52.8089 -9.03972
52.9306 -9.02459
53.0498 -8.98574
53.168 -8.94175
53.2846 -8.87441
53.4011 -8.80676
53.5166 -8.72854
53.632 -8.65086
53.7469 -8.56504
53.8615 -8.4795
53.9762 -8.3943
54.0907 -8.30944
54.2052 -8.2249
54.3196 -8.14069
54.4339 -8.05682
54.5481 -7.97329
54.6622 -7.89009
54.7763 -7.80723
54.8902 -7.72472
55.0041 -7.64252
55.1177 -7.56064
55.2314 -7.47911
55.3449 -7.39794
55.4583 -7.31712
55.5717 -7.23665
55.6849 -7.15653
55.7979 -7.07669
55.9108 -6.99716
56.0235 -6.918
56.1353 -6.83867
56.2474 -6.75991
56.3612 -6.68271
56.4745 -6.60558
56.5886 -6.52934
56.7025 -6.45345
56.8164 -6.37794
56.9295 -6.30238
57.0436 -6.22789
57.1576 -6.15379
57.2716 -6.08009
57.3855 -6.00676
57.4992 -5.9338
57.6129 -5.86124
57.7265 -5.78907
57.8396 -5.71709
57.9532 -5.64582
58.0667 -5.57496
58.18 -5.50447
58.2934 -5.43444
58.4066 -5.36481
58.5194 -5.29538
58.6326 -5.22661
58.7458 -5.15835
58.8594 -5.09081
58.9729 -5.02369
59.0862 -4.95684
59.1996 -4.89065
59.313 -4.82488
59.4263 -4.75953
59.5395 -4.69461
59.6526 -4.63007
59.7652 -4.56582
59.8784 -4.50237
59.9915 -4.43934
60.1044 -4.37677
60.2173 -4.31464
60.3301 -4.25295
60.4428 -4.19172
60.5553 -4.13094
60.6678 -4.07061
60.7801 -4.01075
60.8922 -3.95128
61.0043 -3.89232
61.1163 -3.83383
61.2282 -3.77581
61.3398 -3.7182
61.4515 -3.6612
61.5632 -3.60469
61.6747 -3.54866
61.7861 -3.49313
61.8974 -3.43807
62.0086 -3.38354
62.1197 -3.32952
62.2307 -3.27601
62.3416 -3.22301
62.4523 -3.17053
62.563 -3.11856
62.6735 -3.06712
62.7839 -3.01621
62.8941 -2.96616
63.0041 -2.91669
63.114 -2.8678
63.2238 -2.81947
63.3334 -2.77169
63.443 -2.72451
63.5524 -2.6779
63.6616 -2.6318
63.7707 -2.58633
63.8796 -2.54145
63.9883 -2.49725
64.0964 -2.4589
64.2036 -2.43342
64.3107 -2.40853
64.4168 -2.39619
64.5216 -2.39954
64.6262 -2.40335
64.7307 -2.40762
64.8348 -2.41407
64.9367 -2.43206
65.0385 -2.45044
65.1401 -2.46962
65.2417 -2.48976
65.3429 -2.50874
65.4423 -2.52319
65.5419 -2.53807
65.6414 -2.55339
65.7402 -2.56205
65.8385 -2.56822
65.9368 -2.57491
66.0351 -2.58211
66.1333 -2.58983
66.2315 -2.59809
66.3295 -2.60687
66.4271 -2.61599
66.5248 -2.62541
66.6223 -2.63536
66.7198 -2.64587
66.8171 -2.65693
66.9144 -2.66853
67.0112 -2.68072
67.1077 -2.69349
67.2043 -2.70683
67.3007 -2.72074
67.3971 -2.73466
67.4934 -2.74902
67.5895 -2.76396
67.6856 -2.77949
67.7816 -2.79561
67.8775 -2.81233
67.9733 -2.82964
68.0691 -2.84757
68.1647 -2.86611
68.2602 -2.88527
68.3557 -2.90505
68.451 -2.92546
68.5463 -2.94651
68.6414 -2.9682
68.7365 -2.99054
68.8315 -3.01353
68.9264 -3.03718
69.0212 -3.06149
69.116 -3.08647
69.2106 -3.11214
69.3052 -3.13849
69.3996 -3.16554
69.4939 -3.19329
69.5882 -3.22176
69.6823 -3.25094
69.7763 -3.28084
69.8702 -3.31148
69.964 -3.34285
70.0578 -3.37496
70.1514 -3.40783
70.2449 -3.44146
70.3383 -3.47587
70.4319 -3.51098
70.5252 -3.54691
70.618 -3.59537
70.7108 -3.64522
70.8035 -3.69583
70.8961 -3.74725
70.9884 -3.80438
71.0798 -3.87662
71.1711 -3.94967
71.2623 -4.02352
71.3534 -4.0982
71.4445 -4.17365
71.5354 -4.24994
71.6263 -4.32708
71.7159 -4.41413
71.8054 -4.50192
71.8948 -4.59057
71.9841 -4.68009
72.0733 -4.77049
72.1623 -4.86184
72.2512 -4.95407
72.3399 -5.04726
72.4278 -5.13753
72.5144 -5.25751
72.6009 -5.37949
72.6872 -5.50236
72.7735 -5.62607
72.8596 -5.75063
72.9434 -5.91958
73.0264 -6.09141
73.1094 -6.26394
73.1922 -6.43713
73.275 -6.61097
73.3574 -6.78529
73.4391 -6.95983
73.5201 -7.13467
73.5968 -7.32616
73.6726 -7.52587
73.7435 -7.72232
73.8123 -7.91734
73.8704 -8.10488
73.9018 -8.27093
73.9304 -8.43544
73.9562 -8.59814
73.9804 -8.75981
74.0016 -8.91945
74.0195 -9.07687
74.0342 -9.23188
74.0475 -9.37984
74.0603 -9.52507
74.0731 -9.67058
74.0857 -9.81635
74.0983 -9.96236
74.1108 -10.1086
74.1232 -10.2551
74.1361 -10.3819
74.15 -10.4761
74.1638 -10.5704
74.1768 -10.6525
74.1896 -10.7309
74.2022 -10.8094
74.2148 -10.888
74.2273 -10.9667
74.2418 -10.9952
74.2565 -11.0186
74.2711 -11.042
74.2856 -11.0654
74.2999 -11.0887
74.3142 -11.112
74.3284 -11.1353
74.3425 -11.1586
74.3565 -11.1818
74.3703 -11.205
74.3842 -11.2275
74.4008 -11.232
74.4173 -11.2364
74.4337 -11.2409
74.45 -11.2453
74.4662 -11.2496
74.4823 -11.2539
74.4983 -11.2582
74.5142 -11.2624
74.5298 -11.2665
74.5473 -11.2894
74.5646 -11.3141
74.5814 -11.3388
74.5982 -11.3635
74.6141 -11.3881
74.6298 -11.4126
74.6458 -11.449
74.6615 -11.4914
74.677 -11.5338
74.6922 -11.5762
74.7072 -11.6187
74.7221 -11.6612
74.737 -11.7038
74.7517 -11.7464
74.7663 -11.789
74.7808 -11.8317
74.7951 -11.8745
74.8094 -11.9173
74.8236 -11.9601
74.8376 -12.003
74.8515 -12.0459
74.8653 -12.0889
74.8787 -12.1318
74.8912 -12.1746
74.9036 -12.2174
74.9138 -12.2598
74.9235 -12.302
74.9332 -12.3444
74.9411 -12.3864
74.9473 -12.428
74.9534 -12.4696
74.9594 -12.5113
74.9625 -12.5523
74.9653 -12.5933
74.9664 -12.634
74.9665 -12.6744
74.9666 -12.7149
74.966 -12.7554
74.9644 -12.7955
74.9627 -12.8358
74.9609 -12.8761
74.959 -12.9164
74.9568 -12.9567
74.953 -12.9967
74.9492 -13.0367
74.9453 -13.0767
74.9413 -13.1168
74.9372 -13.157
74.9327 -13.1971
74.927 -13.2369
74.9213 -13.2768
74.9155 -13.3168
74.9096 -13.3568
74.9029 -13.3966
74.8962 -13.4365
74.8894 -13.4765
74.8825 -13.5165
74.8755 -13.5565
74.8685 -13.5966
74.8615 -13.6367
74.8543 -13.6769
74.8471 -13.7171
74.8399 -13.7574
74.8325 -13.7977
74.8251 -13.8381
74.8176 -13.8785
74.8101 -13.9189
74.8024 -13.9594
74.7944 -13.9998
74.7863 -14.0403
74.7781 -14.0809
74.7699 -14.1215
74.7611 -14.162
74.7519 -14.2024
74.7427 -14.243
74.7334 -14.2835
74.724 -14.3241
74.7146 -14.3648
74.7044 -14.4053
74.6934 -14.4456
74.682 -14.486
74.6705 -14.5263
74.6581 -14.5665
74.6445 -14.6064
74.6309 -14.6463
74.6172 -14.6863
74.6035 -14.7264
74.5891 -14.7663
74.5743 -14.8062
74.5587 -14.8459
74.5417 -14.8853
74.5246 -14.9248
74.5074 -14.9643
74.4902 -15.0038
74.4728 -15.0433
74.4551 -15.0828
74.4373 -15.1224
74.4195 -15.162
74.4016 -15.2017
74.3826 -15.2411
74.3631 -15.2804
74.3434 -15.3198
74.3236 -15.3591
74.3037 -15.3985
74.2837 -15.4379
74.2637 -15.4774
74.2435 -15.5169
74.2229 -15.5564
74.2019 -15.5958
74.1809 -15.6352
74.1597 -15.6747
74.1385 -15.7142
74.1173 -15.7538
74.0959 -15.7934
74.0745 -15.833
74.053 -15.8727
74.0313 -15.9124
74.0096 -15.9521
73.9878 -15.9919
73.9659 -16.0317
73.9439 -16.0715
73.9218 -16.1114
73.8997 -16.1513
73.8774 -16.1912
73.8539 -16.2309
73.8298 -16.2704
73.8055 -16.3099
73.7812 -16.3472
73.7567 -16.3765
73.732 -16.4057
73.7064 -16.4348
73.6762 -16.4628
73.6457 -16.4908
73.6147 -16.5188
73.5832 -16.5466
73.5512 -16.5744
73.5186 -16.6021
73.4877 -16.6302
73.4632 -16.6598
73.4385 -16.6895
73.414 -16.7083
73.3894 -16.725
73.363 -16.7414
73.3347 -16.7575
73.3075 -16.7739
73.2872 -16.7913
73.2668 -16.8087
73.2463 -16.8261
73.2258 -16.8436
73.2052 -16.861
73.1846 -16.8785
73.1639 -16.896
73.1431 -16.9135
73.1222 -16.931
73.1013 -16.9485
73.0802 -16.966
73.0591 -16.9836
73.0382 -16.9984
73.0173 -17.0106
72.9964 -17.0228
72.9759 -17.0351
72.9604 -17.048
72.9448 -17.061
72.9291 -17.0739
72.9133 -17.0868
72.8954 -17.0995
72.8774 -17.1123
72.8593 -17.125
72.8411 -17.1377
72.8228 -17.1505
72.8045 -17.1632
72.786 -17.176
72.7675 -17.1888
72.7491 -17.2048
72.7307 -17.2217
72.7148 -17.2389
72.7013 -17.2565
72.6878 -17.2741
72.6746 -17.2918
72.6613 -17.3095
72.6481 -17.3272
72.6348 -17.345
72.6215 -17.3627
72.6088 -17.3821
72.5982 -17.405
72.5877 -17.428
72.5771 -17.4509
72.5665 -17.4739
72.5559 -17.497
72.5453 -17.52
72.5347 -17.5431
72.5248 -17.5664
72.5154 -17.5898
72.506 -17.6132
72.4966 -17.6367
72.4872 -17.6602
72.478 -17.6837
72.4689 -17.7073
72.4597 -17.731
72.4505 -17.7547
72.4413 -17.7784
72.4322 -17.7913
72.4233 -17.8015
72.4143 -17.8117
72.4053 -17.822
72.3962 -17.8322
72.3872 -17.8425
72.3782 -17.8528
72.3692 -17.8631
72.3618 -17.8736
72.3554 -17.8842
72.3489 -17.8948
72.3424 -17.9055
72.3361 -17.9077
72.33 -17.9019
72.3238 -17.8961
72.3177 -17.8903
72.3116 -17.8845
72.3054 -17.8787
72.2993 -17.8729
72.2931 -17.8671
72.287 -17.8613
72.2808 -17.8555
72.2746 -17.8497
72.2694 -17.844
72.2646 -17.8382
72.2593 -17.8325
72.254 -17.8267
72.2491 -17.821
72.2455 -17.8153
72.2418 -17.8091
72.2386 -17.7967
72.2355 -17.7844
72.2324 -17.772
72.2297 -17.7596
72.227 -17.7472
72.2243 -17.7349
72.2216 -17.7225
72.2189 -17.7101
72.2162 -17.6978
72.2134 -17.6854
72.2107 -17.673
72.208 -17.6607
72.2053 -17.6483
72.2026 -17.636
72.2007 -17.6236
72.1993 -17.6147
72.1981 -17.6072
72.1969 -17.5998
72.1957 -17.5923
72.1944 -17.5849
72.1932 -17.5774
72.192 -17.57
72.1907 -17.5626
72.1895 -17.5552
72.1883 -17.5478
72.1871 -17.5422
72.186 -17.54
72.1848 -17.5378
72.1837 -17.5357
72.1816 -17.5336
72.1795 -17.5314
72.1773 -17.5293
72.1752 -17.5272
72.1729 -17.5251
72.1707 -17.523
72.1684 -17.521
72.1661 -17.5189
72.1637 -17.5169
72.1614 -17.5148
72.1589 -17.5128
72.1564 -17.5108
72.1539 -17.5088
72.1513 -17.5068
72.1486 -17.5048
72.1458 -17.5028
72.143 -17.5009
72.14 -17.4989
72.1369 -17.497
72.1336 -17.4951
72.1302 -17.4932
72.1264 -17.4912
72.1223 -17.4893
72.1177 -17.4874
72.1121 -17.4855
72.1043 -17.4835
72.09 -17.4815
72.1014 -17.48
72.0732 -17.4776
72.0489 -17.4753
72.0201 -17.4729
71.9969 -17.4706
71.9547 -17.4679
71.8924 -17.4647
71.7668 -17.46
71.6263 -17.454
71.6468 -17.4537
71.6489 -17.4521
71.6605 -17.4508
71.6752 -17.4495
71.6892 -17.4483
71.7029 -17.447
71.7161 -17.4458
71.729 -17.4445
71.7415 -17.4433
71.7491 -17.4419
71.7818 -17.4413
71.815 -17.4406
71.8481 -17.44
71.8795 -17.4393
71.8776 -17.4378
71.8757 -17.4363
71.8737 -17.4348
71.8718 -17.4333
71.8698 -17.4319
71.8679 -17.4304
71.8659 -17.429
71.864 -17.4276
71.862 -17.4262
71.86 -17.4248
71.858 -17.4234
71.8559 -17.422
71.8539 -17.4207
71.8518 -17.4193
71.8496 -17.418
71.8473 -17.4167
71.845 -17.4153
71.8426 -17.414
71.8403 -17.4128
71.8379 -17.4115
71.8355 -17.4102
71.8332 -17.409
71.8308 -17.4078
71.8284 -17.4065
71.826 -17.4053
71.8243 -17.4042
71.8226 -17.403
71.8209 -17.4019
71.819 -17.4007
71.8171 -17.3996
71.8151 -17.3985
71.8132 -17.3974
71.8112 -17.3963
71.8093 -17.3952
71.8073 -17.3942
71.8054 -17.3931
71.8034 -17.3921
71.8015 -17.3911
71.7995 -17.3901
71.7976 -17.3891
71.7956 -17.3881
71.7936 -17.3871
71.7917 -17.3862
71.7897 -17.3853
71.7878 -17.3843
71.7858 -17.3834
71.7838 -17.3825
71.7818 -17.3816
71.7799 -17.3808
71.7779 -17.3799
71.7759 -17.3791
71.7739 -17.3783
71.772 -17.3774
71.77 -17.3766
71.768 -17.3759
71.766 -17.3751
71.764 -17.3743
71.762 -17.3736
71.76 -17.3729
71.758 -17.3721
71.756 -17.3714
71.754 -17.3708
71.752 -17.3701
71.75 -17.3694
71.748 -17.3688
71.746 -17.3681
71.744 -17.3675
71.742 -17.3669
71.74 -17.3663
71.738 -17.3658
71.7359 -17.3652
71.7339 -17.3646
71.7319 -17.3641
71.7299 -17.3636
71.7278 -17.3631
71.7258 -17.3626
71.7238 -17.3621
71.7218 -17.3616
71.7197 -17.3612
71.7177 -17.3608
71.7156 -17.3603
71.7136 -17.3599
71.7116 -17.3595
71.7095 -17.3592
71.7079 -17.3588
71.707 -17.3585
71.7064 -17.3582
71.7057 -17.3579
71.705 -17.3577
71.7044 -17.3574
71.7037 -17.3572
71.703 -17.357
71.7024 -17.3568
71.7017 -17.3566
71.701 -17.3564
71.7004 -17.3562
71.6997 -17.3561
71.699 -17.356
71.6983 -17.3558
71.6977 -17.3557
71.697 -17.3557
71.6963 -17.3556
71.6956 -17.3555
71.695 -17.3555
71.6943 -17.3554
71.6936 -17.3554
71.6929 -17.3575
71.6922 -17.3613
71.6915 -17.365
71.6908 -17.3688
71.6901 -17.3725
71.6894 -17.3763
71.6887 -17.3801
71.688 -17.3839
71.6873 -17.3877
71.6866 -17.3916
71.6859 -17.3954
71.6852 -17.3992
71.6844 -17.4031
71.6836 -17.407
71.6827 -17.4108
71.6818 -17.4147
71.681 -17.4186
71.6801 -17.4225
71.6792 -17.4264
71.6784 -17.4303
71.6775 -17.4343
71.6766 -17.4382
71.6758 -17.4422
71.6749 -17.4462
71.674 -17.4501
71.6731 -17.4541
71.6723 -17.4581
71.6714 -17.4621
71.6705 -17.4662
71.6696 -17.4723
71.6687 -17.4826
71.6677 -17.4928
71.6668 -17.5031
71.6659 -17.5133
71.6649 -17.5236
71.664 -17.5339
71.6631 -17.5441
71.6621 -17.5544
71.6612 -17.5647
71.6603 -17.5749
71.6593 -17.5852
71.6584 -17.5955
71.6574 -17.6057
71.6565 -17.616
71.6555 -17.6263
71.6546 -17.6366
71.6537 -17.6468
71.6527 -17.6571
71.6518 -17.6674
71.6508 -17.6777
71.6499 -17.6879
71.6489 -17.6982
71.6479 -17.7085
71.647 -17.7188
71.646 -17.7291
71.6451 -17.7394
71.6441 -17.7497
71.6432 -17.76
71.6422 -17.7703
71.6412 -17.7805
71.6403 -17.7908
71.6393 -17.8011
71.6384 -17.8114
71.6374 -17.8217
71.6364 -17.832
71.6354 -17.8423
71.6345 -17.8526
71.6335 -17.8629
71.6325 -17.8733
71.6316 -17.8836
71.6306 -17.8939
71.6296 -17.9042
71.6286 -17.9145
71.6276 -17.9264
71.6265 -17.9399
71.6254 -17.9534
71.6242 -17.9669
71.6231 -17.9804
71.622 -17.9939
71.6208 -18.0074
71.6197 -18.0209
71.6185 -18.0343
71.6174 -18.0478
71.6163 -18.0613
71.6151 -18.0747
71.614 -18.0882
71.6128 -18.1016
71.6117 -18.1151
71.6105 -18.1285
71.6093 -18.142
71.6082 -18.1554
71.607 -18.1688
71.6058 -18.1823
71.6046 -18.1957
71.6034 -18.2091
71.6022 -18.2225
71.6011 -18.2359
71.5999 -18.2493
71.5987 -18.2627
71.5975 -18.2761
71.5963 -18.2895
71.5951 -18.3028
71.5939 -18.3162
71.5927 -18.3296
71.5915 -18.3429
71.5902 -18.3563
71.589 -18.3697
71.5878 -18.383
71.5866 -18.3963
71.5854 -18.4097
71.5842 -18.423
71.5829 -18.4363
71.5817 -18.4497
71.5805 -18.463
71.5792 -18.4763
71.578 -18.4896
71.5767 -18.5029
71.5752 -18.5162
71.5737 -18.5294
71.5721 -18.5427
71.5705 -18.556
71.5689 -18.5692
71.5673 -18.5825
71.5656 -18.5946
71.5638 -18.6067
71.5627 -18.6188
71.5617 -18.6309
71.5606 -18.6431
71.5595 -18.6552
71.5584 -18.6673
71.5573 -18.6795
71.5562 -18.6916
71.5551 -18.7037
71.554 -18.7158
71.5529 -18.7279
71.5518 -18.74
71.5507 -18.7521
71.5496 -18.7642
71.5485 -18.7763
71.5474 -18.7884
71.5462 -18.8005
71.5451 -18.8126
71.544 -18.8246
71.5429 -18.8367
71.5418 -18.8488
71.5406 -18.8608
71.5395 -18.8729
71.5384 -18.885
71.5372 -18.897
71.5361 -18.909
71.5349 -18.9211
71.5338 -18.9331
71.5326 -18.9452
71.5317 -18.9572
71.5309 -18.9693
71.5302 -18.9813
71.5294 -18.9934
71.5286 -19.0047
71.5278 -19.0146
71.527 -19.0245
71.5263 -19.0344
71.5255 -19.0443
71.5247 -19.0543
71.5239 -19.0642
71.5231 -19.0741
71.5223 -19.084
71.5215 -19.0939
71.5207 -19.1038
71.5199 -19.1137
71.5191 -19.1236
71.5182 -19.1336
71.5174 -19.1435
71.5165 -19.1534
71.5157 -19.1633
71.5148 -19.1732
71.514 -19.1831
71.5131 -19.193
71.5123 -19.2029
71.5115 -19.2128
71.5106 -19.2227
71.5098 -19.2326
71.5089 -19.2426
71.5081 -19.2525
71.5072 -19.2624
71.5064 -19.2723
71.5055 -19.2822
71.5047 -19.2921
71.5038 -19.302
71.503 -19.3119
71.5021 -19.3218
71.5013 -19.3317
71.5004 -19.3416
71.4996 -19.3516
71.4987 -19.3615
71.4979 -19.3714
71.497 -19.3813
71.4962 -19.3912
71.4953 -19.4011
71.4945 -19.411
71.4936 -19.4209
71.4928 -19.4308
71.4919 -19.4407
71.491 -19.4506
71.4902 -19.4606
71.4893 -19.4705
71.4885 -19.4804
71.4876 -19.4903
71.4868 -19.5002
71.4859 -19.5101
71.485 -19.52
71.4842 -19.5299
71.4833 -19.5398
71.4825 -19.5497
71.4816 -19.5596
71.4807 -19.5695
71.4799 -19.5795
71.479 -19.5894
71.4781 -19.5993
71.4773 -19.6092
71.4764 -19.6191
71.4755 -19.629
71.4747 -19.6389
71.4738 -19.6488
71.4729 -19.6587
71.4721 -19.6686
71.4712 -19.6785
71.4703 -19.6884
71.4695 -19.6983
71.4686 -19.7083
71.4677 -19.7182
71.4669 -19.7281
71.466 -19.738
71.4651 -19.7479
71.4642 -19.7578
71.4634 -19.7677
71.4625 -19.7776
71.4616 -19.7875
71.4607 -19.7974
71.4598 -19.8073
71.459 -19.8172
71.4581 -19.8271
71.4572 -19.837
71.4563 -19.847
71.4554 -19.8569
71.4546 -19.8668
71.4537 -19.8767
71.4528 -19.8866
71.4519 -19.8965
71.451 -19.9064
71.4501 -19.9163
71.4492 -19.9262
71.4483 -19.9361
71.4474 -19.946
71.4465 -19.9559
71.4456 -19.9658
71.4447 -19.9757
71.4438 -19.9856
71.4429 -19.9955
71.442 -20.0054
71.4411 -20.0154
71.4402 -20.0253
71.4393 -20.0352
71.4384 -20.0451
71.4375 -20.055
71.4366 -20.0649
71.4357 -20.0748
71.4347 -20.0847
71.4338 -20.0946
71.4329 -20.1045
71.432 -20.1144
71.431 -20.1243
71.4301 -20.1342
71.4292 -20.1441
71.4282 -20.154
71.4273 -20.1639
71.4263 -20.1738
71.4254 -20.1837
71.4244 -20.1936
71.4235 -20.2035
71.4225 -20.2134
71.4215 -20.2233
71.4205 -20.2332
71.4195 -20.2431
71.4185 -20.253
71.4175 -20.2629
71.4164 -20.2728
71.4153 -20.2827
71.4142 -20.2926
71.4131 -20.3025
71.4119 -20.3124
71.4105 -20.3223
71.4084 -20.3322
71.3918 -20.3407
71.3475 -20.3466
71.2923 -20.3514
71.2154 -20.3543
71.0757 -20.3512
70.9037 -20.3451
70.7649 -20.3422
70.7077 -20.3469
70.6502 -20.3515
70.5926 -20.3562
70.5348 -20.3608
70.4769 -20.3655
70.4188 -20.3701
70.3598 -20.3746
70.3007 -20.3791
70.2995 -20.3891
70.3094 -20.4001
70.3194 -20.4111
70.3293 -20.4221
70.3393 -20.4331
70.3492 -20.4441
70.3592 -20.4551
70.3691 -20.466
70.3791 -20.477
70.389 -20.488
70.399 -20.499
70.4089 -20.51
70.4189 -20.521
70.4288 -20.532
70.4388 -20.543
70.4487 -20.554
70.4587 -20.565
70.4686 -20.576
70.4786 -20.587
70.4885 -20.598
70.4984 -20.609
70.5084 -20.62
70.5183 -20.631
70.5279 -20.642
70.5351 -20.6527
70.5423 -20.6635
70.5493 -20.6742
70.5562 -20.6849
70.5629 -20.6956
70.5696 -20.7063
70.5761 -20.717
70.6001 -20.7293
70.6348 -20.7426
70.6686 -20.7558
70.7024 -20.7691
70.7362 -20.7823
70.7699 -20.7955
70.8037 -20.8088
70.8374 -20.822
70.8712 -20.8352
70.9049 -20.8484
70.9386 -20.8617
70.9723 -20.8749
71.006 -20.8881
71.0197 -20.8994
71.0191 -20.9094
71.0194 -20.9194
71.0198 -20.9294
71.0202 -20.9395
71.0205 -20.9495
71.0209 -20.9596
71.0213 -20.9696
71.0217 -20.9796
71.022 -20.9897
71.0224 -20.9997
71.0228 -21.0097
71.0231 -21.0198
71.0235 -21.0298
71.024 -21.0399
71.0246 -21.0499
71.0252 -21.06
71.0258 -21.07
71.0264 -21.0801
71.027 -21.0902
71.0277 -21.1002
71.0283 -21.1103
71.0289 -21.1203
71.0295 -21.1304
71.0301 -21.1405
71.0307 -21.1505
71.0313 -21.1606
71.0319 -21.1706
71.0326 -21.1807
71.0332 -21.1908
71.0338 -21.2008
71.0344 -21.2109
71.035 -21.2209
71.0356 -21.231
71.0362 -21.2411
71.0368 -21.2511
71.0375 -21.2612
71.0381 -21.2712
71.0387 -21.2813
71.0392 -21.2913
71.0398 -21.3014
71.0404 -21.3115
71.041 -21.3215
71.0415 -21.3316
71.0421 -21.3416
71.0427 -21.3517
71.0432 -21.3617
71.0437 -21.3718
71.0443 -21.3818
71.0448 -21.3919
71.0453 -21.4019
71.0458 -21.412
71.0464 -21.422
71.0469 -21.4321
71.0474 -21.4421
71.048 -21.4522
71.0485 -21.4622
71.049 -21.4723
71.0495 -21.4823
71.0501 -21.4924
71.0506 -21.5024
71.0511 -21.5125
71.0516 -21.5225
71.0521 -21.5326
71.0526 -21.5426
71.0531 -21.5527
71.0537 -21.5627
71.0542 -21.5728
71.0547 -21.5828
71.0552 -21.5929
71.0557 -21.6029
71.0562 -21.613
71.0567 -21.623
71.0564 -21.633
71.0557 -21.6429
71.0551 -21.6529
71.0545 -21.6628
71.0539 -21.6727
71.0534 -21.6827
71.0528 -21.6926
71.0522 -21.7026
71.0516 -21.7125
71.051 -21.7224
71.0504 -21.7324
71.0498 -21.7423
71.0492 -21.7523
71.0486 -21.7622
71.048 -21.7721
71.0474 -21.7821
71.0468 -21.792
71.0462 -21.802
71.0457 -21.8119
71.0451 -21.8218
71.0445 -21.8318
71.0439 -21.8417
71.0433 -21.8517
71.0427 -21.8616
71.0421 -21.8715
71.0415 -21.8815
71.0409 -21.8914
71.0403 -21.9014
71.0397 -21.9113
71.0391 -21.9212
71.0385 -21.9312
71.0379 -21.9411
71.0373 -21.9511
71.0363 -21.961
71.0353 -21.9709
71.0343 -21.9808
71.0333 -21.9907
71.0323 -22.0006
71.0313 -22.0105
71.0303 -22.0204
71.0293 -22.0303
71.0283 -22.0402
71.0273 -22.0501
71.0263 -22.06
71.0253 -22.0699
71.0243 -22.0797
71.0233 -22.0896
71.0223 -22.0995
71.0213 -22.1094
71.0203 -22.1193
71.0193 -22.1292
71.0183 -22.1391
71.0173 -22.149
71.0163 -22.1589
71.0153 -22.1688
71.0143 -22.1787
71.0133 -22.1886
71.0123 -22.1985
71.0113 -22.2084
71.0103 -22.2183
71.0092 -22.2282
71.0082 -22.2381
71.0072 -22.248
71.0062 -22.2579
71.0052 -22.2678
71.0042 -22.2777
71.0032 -22.2876
71.0022 -22.2975
71.0012 -22.3074
71.0002 -22.3173
70.9992 -22.3272
70.9982 -22.3371
70.9972 -22.347
70.9962 -22.3569
70.9952 -22.3668
70.9942 -22.3767
70.9932 -22.3866
70.9922 -22.3965
70.9912 -22.4064
70.9902 -22.4163
70.9892 -22.4262
70.9882 -22.4361
70.9871 -22.446
70.9861 -22.4559
70.9851 -22.4658
70.9841 -22.4757
70.9831 -22.4856
70.9821 -22.4955
70.9811 -22.5054
70.9801 -22.5153
70.9791 -22.5252
70.9781 -22.5351
70.9771 -22.545
70.9761 -22.5549
70.9751 -22.5648
70.9741 -22.5747
70.9731 -22.5846
70.9721 -22.5945
70.9711 -22.6044
70.9701 -22.6143
70.9691 -22.6242
70.9681 -22.6341
70.9671 -22.644
70.9661 -22.6539
70.9651 -22.6638
70.9641 -22.6737
70.9631 -22.6836
70.9621 -22.6935
70.961 -22.7034
70.96 -22.7133
70.959 -22.7232
70.958 -22.7331
70.957 -22.743
70.956 -22.7529
70.955 -22.7628
70.954 -22.7727
70.953 -22.7826
70.952 -22.7925
70.951 -22.8024
70.95 -22.8123
70.949 -22.8222
70.948 -22.8321
70.947 -22.842
70.946 -22.8519
70.945 -22.8618
70.944 -22.8717
70.943 -22.8816
70.942 -22.8914
70.941 -22.9013
70.94 -22.9112
70.939 -22.9211
70.938 -22.931
70.937 -22.9409
70.936 -22.9508
70.935 -22.9607
70.934 -22.9706
70.933 -22.9805
70.932 -22.9904
70.931 -23.0003
70.93 -23.0102
70.929 -23.0201
70.928 -23.03
70.927 -23.0399
70.926 -23.0498
70.925 -23.0597
70.924 -23.0696
70.923 -23.0795
70.922 -23.0894
70.921 -23.0993
70.92 -23.1092
70.919 -23.1191
70.918 -23.129
70.917 -23.1389
70.916 -23.1488
70.915 -23.1587
70.914 -23.1686
70.913 -23.1785
70.912 -23.1884
70.911 -23.1983
70.91 -23.2082
70.909 -23.2181
70.908 -23.228
70.907 -23.2379
70.906 -23.2478
70.905 -23.2577
70.904 -23.2676
70.903 -23.2775
70.902 -23.2874
70.901 -23.2973
70.9 -23.3072
70.899 -23.3171
70.898 -23.327
70.897 -23.3369
70.896 -23.3468
70.895 -23.3567
70.894 -23.3666
70.893 -23.3765
70.892 -23.3864
70.891 -23.3963
70.89 -23.4062
70.889 -23.4161
70.888 -23.426
70.887 -23.4359
70.886 -23.4458
70.8851 -23.4557
70.8841 -23.4656
70.8831 -23.4755
70.8821 -23.4854
70.8811 -23.4953
70.8801 -23.5052
70.8791 -23.5151
70.8781 -23.525
70.8771 -23.5349
70.8761 -23.5448
70.8751 -23.5547
70.8741 -23.5646
70.8731 -23.5745
70.8721 -23.5844
70.8711 -23.5943
70.8701 -23.6042
70.8691 -23.614
70.8681 -23.6239
70.8671 -23.6338
70.8661 -23.6437
70.8651 -23.6536
70.8641 -23.6635
70.8631 -23.6734
70.8621 -23.6833
70.8611 -23.6932
70.8602 -23.7031
70.8592 -23.713
70.8582 -23.7229
70.8572 -23.7328
70.8562 -23.7427
70.8552 -23.7526
70.8542 -23.7625
70.8532 -23.7724
70.8522 -23.7823
70.8512 -23.7922
70.8502 -23.8021
70.8492 -23.812
70.8482 -23.8219
70.8472 -23.8318
70.8462 -23.8417
70.8452 -23.8516
70.8442 -23.8615
70.8432 -23.8714
70.8422 -23.8813
70.8413 -23.8912
70.8403 -23.9011
70.8393 -23.911
70.8383 -23.9209
70.8373 -23.9308
70.8363 -23.9407
70.8353 -23.9506
70.8343 -23.9605
70.8333 -23.9704
70.8323 -23.9803
70.8313 -23.9902
70.8303 -24.0001
70.8293 -24.01
70.8283 -24.0199
70.8274 -24.0298
70.8264 -24.0397
70.8254 -24.0496
70.8244 -24.0595
70.8234 -24.0694
70.8224 -24.0793
70.8214 -24.0892
70.8204 -24.0991
70.8194 -24.109
70.8184 -24.1189
70.8174 -24.1288
70.8164 -24.1387
70.8154 -24.1486
70.8145 -24.1585
70.8135 -24.1684
70.8125 -24.1783
70.8115 -24.1882
70.8105 -24.1981
70.8095 -24.208
70.8085 -24.2179
70.8075 -24.2278
70.8065 -24.2377
70.8055 -24.2476
70.8045 -24.2575
70.8036 -24.2674
70.8026 -24.2773
70.8016 -24.2872
70.8006 -24.2971
70.7996 -24.307
70.7986 -24.3169
70.7976 -24.3268
70.7966 -24.3367
70.7956 -24.3466
70.7946 -24.3564
70.7936 -24.3663
70.7927 -24.3762
70.7917 -24.3861
70.7907 -24.396
70.7897 -24.4059
70.7887 -24.4158
70.7877 -24.4257
70.7867 -24.4356
70.7857 -24.4455
70.7847 -24.4554
70.7838 -24.4653
70.7828 -24.4752
70.7818 -24.4851
70.7808 -24.495
70.7798 -24.5049
70.7788 -24.5148
70.7778 -24.5247
70.7768 -24.5346
70.7758 -24.5445
70.7748 -24.5544
70.7739 -24.5643
70.7729 -24.5742
70.7719 -24.5841
70.7709 -24.594
70.7699 -24.6039
70.7689 -24.6138
70.7679 -24.6237
70.7669 -24.6336
70.766 -24.6435
70.765 -24.6534
70.764 -24.6633
70.763 -24.6732
70.762 -24.6831
70.761 -24.693
70.76 -24.7029
70.759 -24.7128
70.7581 -24.7227
70.7571 -24.7326
70.7561 -24.7425
70.7551 -24.7524
70.7541 -24.7623
70.7531 -24.7722
70.7521 -24.7821
70.7511 -24.792
70.7502 -24.8019
70.7492 -24.8118
70.7482 -24.8217
70.7472 -24.8316
70.7462 -24.8415
70.7452 -24.8514
70.7442 -24.8613
70.7433 -24.8712
70.7423 -24.8811
70.7413 -24.891
70.7403 -24.9009
70.7393 -24.9108
70.7383 -24.9207
70.7373 -24.9306
70.7364 -24.9405
70.7354 -24.9504
70.7344 -24.9603
70.7334 -24.9702
70.7324 -24.9801
70.7314 -24.99
70.7304 -24.9999
70.7295 -25.0098
70.7285 -25.0197
70.7275 -25.0296
70.7265 -25.0395
70.7255 -25.0494
70.7245 -25.0593
70.7235 -25.0692
70.7225 -25.0791
70.7215 -25.089
70.7206 -25.0988
70.7196 -25.1087
70.7186 -25.1186
70.7176 -25.1285
70.7166 -25.1384
70.7156 -25.1483
70.7146 -25.1582
70.7136 -25.1681
70.7126 -25.178
70.7116 -25.1879
70.7106 -25.1978
70.7096 -25.2077
70.7086 -25.2176
70.7077 -25.2275
70.7067 -25.2374
70.7057 -25.2473
70.7047 -25.2572
70.7037 -25.2671
70.7027 -25.277
70.7017 -25.2869
70.7007 -25.2968
70.6997 -25.3067
70.6987 -25.3166
70.6977 -25.3265
70.6967 -25.3364
70.6957 -25.3463
70.6948 -25.3562
70.6938 -25.3661
70.6928 -25.376
70.6918 -25.3859
70.6908 -25.3958
70.6898 -25.4057
70.6888 -25.4156
70.6878 -25.4255
70.6868 -25.4354
70.6858 -25.4453
70.6848 -25.4552
70.6839 -25.4651
70.6829 -25.475
70.6819 -25.4849
70.6809 -25.4948
70.6799 -25.5047
70.6789 -25.5146
70.6779 -25.5245
70.6769 -25.5343
70.6759 -25.5442
70.6749 -25.5541
70.6739 -25.564
70.673 -25.5739
70.672 -25.5838
70.671 -25.5937
70.67 -25.6036
70.669 -25.6135
70.668 -25.6234
70.667 -25.6333
70.666 -25.6432
70.665 -25.6531
70.664 -25.663
70.663 -25.6729
70.6621 -25.6828
70.6611 -25.6927
70.6601 -25.7026
70.6591 -25.7125
70.6581 -25.7224
70.6571 -25.7323
70.6561 -25.7422
70.6551 -25.7521
70.6541 -25.762
70.6532 -25.7719
70.6522 -25.7818
70.6512 -25.7917
70.6502 -25.8016
70.6492 -25.8115
70.6482 -25.8214
70.6472 -25.8313
70.6462 -25.8412
70.6452 -25.8511
70.6443 -25.861
70.6433 -25.8709
70.6423 -25.8808
70.6413 -25.8907
70.6403 -25.9006
70.6393 -25.9105
70.6383 -25.9204
70.6373 -25.9303
70.6363 -25.9402
70.6354 -25.9501
70.6344 -25.96
70.6334 -25.9699
70.6324 -25.9797
70.6314 -25.9896
70.6304 -25.9995
70.6294 -26.0094
70.6284 -26.0193
70.6275 -26.0292
70.6265 -26.0391
70.6255 -26.049
70.6245 -26.0589
70.6235 -26.0688
70.6225 -26.0787
70.6215 -26.0886
70.6205 -26.0985
70.6196 -26.1084
70.6186 -26.1183
70.6176 -26.1282
70.6166 -26.1381
70.6156 -26.148
70.6146 -26.1579
70.6136 -26.1678
70.6126 -26.1777
70.6117 -26.1876
70.6107 -26.1975
70.6097 -26.2074
70.6087 -26.2173
70.6077 -26.2272
70.6067 -26.2371
70.6057 -26.247
70.6047 -26.2569
70.6038 -26.2668
70.6028 -26.2767
70.6018 -26.2866
70.6008 -26.2965
70.5998 -26.3064
70.5988 -26.3163
70.5978 -26.3262
70.5969 -26.3361
70.5959 -26.346
70.5949 -26.3559
70.5939 -26.3658
70.5929 -26.3757
70.5919 -26.3856
70.5909 -26.3955
70.59 -26.4054
70.589 -26.4153
70.588 -26.4251
70.587 -26.435
70.586 -26.4449
70.585 -26.4548
70.584 -26.4647
70.5831 -26.4746
70.5821 -26.4845
70.5811 -26.4944
70.5801 -26.5043
70.5791 -26.5142
70.5781 -26.5241
70.5772 -26.534
70.5762 -26.5439
70.5752 -26.5538
70.5742 -26.5637
70.5732 -26.5736
70.5722 -26.5808
70.5713 -26.5859
70.5703 -26.5911
70.5694 -26.5962
70.5684 -26.6013
70.5675 -26.6065
70.5665 -26.6116
70.5655 -26.6168
70.5646 -26.6219
70.5636 -26.627
70.5627 -26.6322
70.5617 -26.6373
70.5608 -26.6424
70.5598 -26.6476
70.5589 -26.6527
70.5579 -26.6579
70.5569 -26.663
70.556 -26.6681
70.555 -26.6733
70.5541 -26.6784
70.5531 -26.6836
70.5522 -26.6887
70.5512 -26.6938
70.5502 -26.699
70.5493 -26.7041
70.5483 -26.7092
70.5474 -26.7144
70.5464 -26.7195
70.5455 -26.7247
70.5445 -26.7298
70.5436 -26.7349
70.5426 -26.7401
70.5416 -26.7452
70.5407 -26.7504
70.5397 -26.7555
70.5388 -26.7567
70.5379 -26.7561
70.537 -26.7554
70.5361 -26.7547
70.5352 -26.754
70.5343 -26.7533
70.5334 -26.7527
70.5325 -26.752
70.5316 -26.7513
70.5307 -26.7506
70.5297 -26.7499
70.5288 -26.7493
70.5279 -26.7486
70.527 -26.7479
70.5261 -26.7472
70.5252 -26.7465
70.5243 -26.7459
70.5234 -26.7452
70.5225 -26.7445
70.5216 -26.7438
70.5207 -26.7431
70.5198 -26.7425
70.5189 -26.7418
70.518 -26.7411
70.5171 -26.7404
70.5162 -26.7397
70.5153 -26.7391
70.5143 -26.7384
70.5134 -26.7377
70.5125 -26.737
70.5116 -26.7363
70.5107 -26.7357
70.5098 -26.735
70.5089 -26.7343
70.508 -26.7336
70.5071 -26.7329
70.5062 -26.7323
70.5053 -26.7316
70.5044 -26.7309
70.5035 -26.7302
70.5026 -26.7295
70.5017 -26.7289
70.5008 -26.7282
70.4999 -26.7275
70.499 -26.7268
70.4981 -26.7261
70.4972 -26.7255
70.4962 -26.7248
70.4953 -26.7241
70.4944 -26.7234
70.4936 -26.721
70.4927 -26.7179
70.4919 -26.7147
70.491 -26.7116
70.4902 -26.7085
70.4894 -26.7053
70.4885 -26.7022
70.4877 -26.699
70.4868 -26.6959
70.486 -26.6928
70.4851 -26.6896
70.4843 -26.6865
70.4834 -26.6834
70.4826 -26.6802
70.4818 -26.6771
70.4809 -26.6739
70.4801 -26.6708
70.4792 -26.6677
70.4784 -26.6645
70.4775 -26.6614
70.4767 -26.6582
70.4758 -26.6551
70.475 -26.652
70.4742 -26.6488
70.4733 -26.6457
70.4725 -26.6426
70.4716 -26.6394
70.4708 -26.6363
70.4699 -26.6331
70.4691 -26.63
70.4682 -26.6269
70.4674 -26.6237
70.4666 -26.6206
70.4657 -26.6174
70.4649 -26.6143
70.464 -26.6112
70.4632 -26.608
70.4623 -26.6049
70.4615 -26.6018
70.4607 -26.5986
70.4598 -26.5955
70.459 -26.5923
70.4581 -26.5892
70.4573 -26.5861
70.4564 -26.5829
70.4556 -26.5809
70.4548 -26.5792
70.4541 -26.5775
70.4533 -26.5758
70.4525 -26.5741
70.4517 -26.5724
70.4509 -26.5707
70.4501 -26.569
70.4493 -26.5673
70.4485 -26.5656
70.4477 -26.5639
70.4469 -26.5622
70.4461 -26.5605
70.4453 -26.5588
70.4445 -26.5571
70.4438 -26.5554
70.443 -26.5537
70.4422 -26.552
70.4414 -26.5503
70.4406 -26.5486
70.4398 -26.5469
70.439 -26.5452
70.4382 -26.5435
70.4374 -26.5418
70.4366 -26.5401
70.4358 -26.5384
70.435 -26.5367
70.4342 -26.535
70.4335 -26.5333
70.4327 -26.5316
70.4319 -26.5304
70.4311 -26.5304
70.4303 -26.5303
70.4296 -26.5303
70.4288 -26.5303
70.428 -26.5302
70.4273 -26.5302
70.4265 -26.5302
70.4257 -26.5301
70.425 -26.5301
70.4242 -26.53
70.4234 -26.53
70.4226 -26.53
70.4219 -26.5299
70.4211 -26.5299
70.4203 -26.5298
70.4196 -26.5298
70.4188 -26.5298
70.418 -26.5297
70.4173 -26.5297
70.4165 -26.5296
70.4157 -26.5296
70.415 -26.5296
70.4142 -26.5295
70.4134 -26.5295
70.4127 -26.5294
70.4119 -26.5294
70.4111 -26.5294
70.4104 -26.5293
70.4096 -26.5293
70.4088 -26.5292
70.408 -26.5292
70.4073 -26.5292
70.4065 -26.5291
70.4057 -26.5291
70.405 -26.529
70.4042 -26.529
70.4034 -26.529
70.4027 -26.5289
70.4019 -26.5289
70.4011 -26.5289
70.4004 -26.5288
70.3996 -26.5288
70.3988 -26.5287
70.3981 -26.5287
70.3973 -26.5287
70.3965 -26.5286
70.3958 -26.5286
70.395 -26.5285
70.3942 -26.5285
70.3935 -26.5285
70.3927 -26.5284
70.3919 -26.5284
70.3912 -26.5283
70.3904 -26.5283
70.3896 -26.5283
70.3889 -26.5282
70.3881 -26.5282
70.3873 -26.5281
70.3866 -26.5281
70.3858 -26.5281
70.385 -26.528
70.3843 -26.528
70.3835 -26.5279
70.3827 -26.5279
70.382 -26.5279
70.3812 -26.5278
70.3804 -26.5278
70.3797 -26.5277
70.3789 -26.5277
70.3781 -26.5277
70.3774 -26.5276
70.3766 -26.5276
70.3758 -26.5276
70.3751 -26.5275
70.3743 -26.5275
70.3735 -26.5274
70.3728 -26.5274
70.372 -26.5274
70.3712 -26.5273
70.3705 -26.5273
70.3697 -26.5272
70.3689 -26.5272
70.3682 -26.5272
70.3674 -26.5271
70.3666 -26.5271
70.3659 -26.527
70.3651 -26.527
70.3643 -26.527
70.3636 -26.5269
70.3628 -26.5269
70.3621 -26.5268
70.3613 -26.5268
70.3605 -26.5268
70.3598 -26.5267
70.359 -26.5267
70.3582 -26.5266
70.3575 -26.5266
70.3567 -26.5266
70.3559 -26.5265
70.3552 -26.5265
70.3544 -26.5265
70.3536 -26.5264
70.3529 -26.5264
70.3521 -26.5263
70.3513 -26.5263
70.3506 -26.5263
70.3498 -26.5262
70.3491 -26.5262
70.3483 -26.5261
70.3475 -26.5261
70.3468 -26.5261
70.346 -26.526
70.3452 -26.526
70.3445 -26.5259
70.3437 -26.5259
70.3429 -26.5259
70.3422 -26.5258
70.3414 -26.5258
70.3406 -26.5257
70.3399 -26.5257
70.3391 -26.5257
70.3384 -26.5256
70.3376 -26.5256
70.3368 -26.5255
70.3361 -26.5255
70.3353 -26.5255
70.3345 -26.5254
70.3338 -26.5254
70.333 -26.5253
70.3323 -26.5253
70.3315 -26.5253
70.3307 -26.5252
70.33 -26.5252
70.3292 -26.5252
70.3284 -26.5251
70.3277 -26.5251
70.3269 -26.525
70.3261 -26.525
70.3254 -26.525
70.3246 -26.5249
70.3239 -26.5249
70.3231 -26.5248
70.3223 -26.5248
70.3216 -26.5248
70.3208 -26.5247
70.32 -26.5247
70.3193 -26.5246
70.3185 -26.5246
70.3178 -26.5246
70.317 -26.5245
70.3162 -26.5245
70.3155 -26.5244
70.3147 -26.5244
70.3139 -26.5244
70.3132 -26.5243
70.3124 -26.5243
70.3117 -26.5242
70.3109 -26.5242
70.3101 -26.5242
70.3094 -26.5241
70.3086 -26.5241
70.3079 -26.5241
70.3071 -26.524
70.3063 -26.524
70.3056 -26.5239
70.3048 -26.5239
70.304 -26.5239
70.3033 -26.5238
70.3025 -26.5238
70.3018 -26.5237
70.301 -26.5237
70.3002 -26.5237
70.2995 -26.5236
70.2987 -26.5236
70.298 -26.5235
70.2972 -26.5235
70.2964 -26.5235
70.2957 -26.5234
70.2949 -26.5234
70.2941 -26.5233
70.2934 -26.5233
70.2926 -26.5233
70.2919 -26.5232
70.2911 -26.5232
70.2903 -26.5232
70.2896 -26.5231
70.2888 -26.5231
70.2881 -26.523
70.2873 -26.523
70.2865 -26.523
70.2858 -26.5229
70.285 -26.5229
70.2843 -26.5228
70.2835 -26.5228
70.2827 -26.5228
70.282 -26.5227
70.2812 -26.5227
70.2805 -26.5226
70.2797 -26.5226
70.2789 -26.5226
70.2782 -26.5225
70.2774 -26.5225
70.2767 -26.5224
70.2759 -26.5224
70.2751 -26.5224
70.2744 -26.5223
70.2736 -26.5223
70.2729 -26.5222
70.2721 -26.5222
70.2713 -26.5222
70.2706 -26.5221
70.2698 -26.5221
70.2691 -26.5221
70.2683 -26.522
70.2675 -26.522
70.2668 -26.5219
70.266 -26.5219
70.2653 -26.5219
70.2645 -26.5218
70.2637 -26.5218
70.263 -26.5217
70.2622 -26.5217
70.2615 -26.5217
70.2607 -26.5216
70.26 -26.5216
70.2592 -26.5215
70.2584 -26.5215
70.2577 -26.5215
70.2569 -26.5214
70.2562 -26.5214
70.2554 -26.5213
70.2546 -26.5213
70.2539 -26.5213
70.2531 -26.5212
70.2524 -26.5212
70.2516 -26.5211
70.2508 -26.5211
70.2501 -26.5211
70.2493 -26.521
70.2486 -26.521
70.2478 -26.521
70.2471 -26.5209
70.2463 -26.5209
70.2455 -26.5208
70.2448 -26.5208
70.244 -26.5208
70.2433 -26.5207
70.2425 -26.5207
70.2417 -26.5206
70.241 -26.5206
70.2402 -26.5206
70.2395 -26.5205
70.2387 -26.5205
70.238 -26.5204
70.2372 -26.5204
70.2364 -26.5204
70.2357 -26.5203
70.2349 -26.5203
70.2342 -26.5202
70.2334 -26.5202
70.2327 -26.5202
70.2319 -26.5201
70.2311 -26.5201
70.2304 -26.5201
70.2296 -26.52
70.2289 -26.52
70.2281 -26.5199
70.2274 -26.5199
70.2266 -26.5199
70.2258 -26.5198
70.2251 -26.5198
70.2243 -26.5197
70.2236 -26.5197
70.2228 -26.5197
70.2221 -26.5196
70.2213 -26.5196
70.2205 -26.5195
70.2198 -26.5195
70.219 -26.5195
70.2183 -26.5194
70.2175 -26.5194
70.2168 -26.5193
70.216 -26.5193
70.2152 -26.5193
70.2145 -26.5192
70.2137 -26.5192
70.213 -26.5192
70.2122 -26.5191
70.2115 -26.5191
70.2107 -26.519
70.2099 -26.519
70.2092 -26.519
70.2084 -26.5189
70.2077 -26.5189
70.2069 -26.5188
70.2062 -26.5188
70.2054 -26.5188
70.2047 -26.5187
70.2039 -26.5187
70.2031 -26.5186
70.2024 -26.5186
70.2016 -26.5186
70.2009 -26.5185
70.2001 -26.5185
70.1994 -26.5184
70.1986 -26.5184
70.1978 -26.5184
70.1971 -26.5183
70.1963 -26.5183
70.1956 -26.5182
70.1948 -26.5182
70.1941 -26.5182
70.1933 -26.5181
70.1925 -26.5181
70.1917 -26.5181
70.191 -26.518
70.1902 -26.518
70.1894 -26.5179
70.1886 -26.5179
70.1879 -26.5179
70.1871 -26.5178
70.1863 -26.5178
70.1855 -26.5177
70.1848 -26.5177
70.184 -26.5177
70.1832 -26.5176
70.1825 -26.5176
70.1817 -26.5175
70.1809 -26.5175
70.1801 -26.5175
70.1794 -26.5174
70.1786 -26.5174
70.1778 -26.5173
70.177 -26.5173
70.1763 -26.5173
70.1755 -26.5172
70.1747 -26.5172
70.1739 -26.5171
70.1732 -26.5171
70.1724 -26.5171
70.1716 -26.517
70.1708 -26.517
70.17 -26.5169
70.1693 -26.5169
70.1685 -26.5169
70.1677 -26.5168
70.1669 -26.5168
70.1662 -26.5167
70.1654 -26.5167
70.1646 -26.5167
70.1638 -26.5166
70.1631 -26.5166
70.1623 -26.5165
70.1615 -26.5165
70.1607 -26.5165
70.16 -26.5164
70.1592 -26.5164
70.1584 -26.5163
70.1576 -26.5163
70.1569 -26.5163
70.1561 -26.5162
70.1553 -26.5162
70.1545 -26.5161
70.1538 -26.5161
70.153 -26.5161
70.1522 -26.516
70.1514 -26.516
70.1506 -26.5159
70.1499 -26.5159
70.1491 -26.5159
70.1483 -26.5158
70.1475 -26.5158
70.1468 -26.5157
70.146 -26.5157
70.1452 -26.5157
70.1444 -26.5156
70.1436 -26.5156
70.1429 -26.5155
70.1421 -26.5155
70.1413 -26.5155
70.1405 -26.5154
70.1398 -26.5154
70.139 -26.5153
70.1382 -26.5153
70.1374 -26.5153
70.1366 -26.5152
70.1359 -26.5152
70.1351 -26.5151
70.1343 -26.5151
70.1335 -26.5151
70.1327 -26.515
70.132 -26.515
70.1312 -26.5149
70.1304 -26.5149
70.1296 -26.5149
70.1288 -26.5148
70.1281 -26.5148
70.1273 -26.5147
70.1265 -26.5147
70.1257 -26.5147
70.1249 -26.5146
70.1242 -26.5146
70.1234 -26.5145
70.1226 -26.5145
70.1218 -26.5145
70.121 -26.5144
70.1203 -26.5144
70.1195 -26.5143
70.1187 -26.5143
70.1179 -26.5143
70.1171 -26.5142
70.1164 -26.5142
70.1156 -26.5141
70.1148 -26.5141
70.114 -26.5141
70.1132 -26.514
70.1124 -26.514
70.1117 -26.5139
70.1109 -26.5139
70.1101 -26.5139
70.1093 -26.5138
70.1085 -26.5138
70.1078 -26.5137
70.107 -26.5137
70.1062 -26.5137
70.1054 -26.5136
70.1046 -26.5136
70.1038 -26.5135
70.1031 -26.5135
70.1023 -26.5135
70.1015 -26.5134
70.1007 -26.5134
70.0999 -26.5133
70.0991 -26.5133
70.0983 -26.5133
70.0976 -26.5132
70.0968 -26.5132
70.096 -26.5131
70.0952 -26.5131
70.0944 -26.513
70.0936 -26.513
70.0928 -26.513
70.0921 -26.5129
70.0913 -26.5129
70.0905 -26.5128
70.0897 -26.5128
70.0889 -26.5128
70.0881 -26.5127
70.0873 -26.5127
70.0866 -26.5126
70.0858 -26.5126
70.085 -26.5126
70.0842 -26.5125
70.0834 -26.5125
70.0826 -26.5124
70.0818 -26.5124
70.081 -26.5124
70.0802 -26.5123
70.0795 -26.5123
70.0787 -26.5122
70.0779 -26.5122
70.0771 -26.5122
70.0763 -26.5121
70.0755 -26.5121
70.0747 -26.512
70.0739 -26.512
70.0731 -26.512
70.0723 -26.5119
70.0716 -26.5119
70.0708 -26.5118
70.07 -26.5118
70.0692 -26.5118
70.0684 -26.5117
70.0676 -26.5117
70.0668 -26.5116
70.066 -26.5116
70.0652 -26.5116
70.0644 -26.5115
70.0636 -26.5115
70.0628 -26.5114
70.062 -26.5114
70.0612 -26.5113
70.0604 -26.5113
70.0597 -26.5113
70.0589 -26.5112
70.0581 -26.5112
70.0573 -26.5111
70.0565 -26.5111
70.0557 -26.5111
70.0549 -26.511
70.0541 -26.511
70.0533 -26.5109
70.0525 -26.5109
70.0517 -26.5109
70.0509 -26.5108
70.0501 -26.5108
70.0493 -26.5107
70.0485 -26.5107
70.0477 -26.5107
70.0469 -26.5106
70.0461 -26.5106
70.0453 -26.5105
70.0445 -26.5105
70.0437 -26.5105
70.0429 -26.5104
70.0421 -26.5104
70.0413 -26.5103
70.0405 -26.5103
70.0397 -26.5102
70.0388 -26.5102
70.038 -26.5102
70.0372 -26.5101
70.0364 -26.5101
70.0356 -26.51
70.0348 -26.51
70.034 -26.51
70.0332 -26.5099
70.0324 -26.5099
70.0316 -26.5098
70.0308 -26.5098
70.03 -26.5098
70.0292 -26.5097
70.0283 -26.5097
70.0275 -26.5096
70.0267 -26.5096
70.0259 -26.5095
70.0251 -26.5095
70.0243 -26.5095
70.0235 -26.5094
70.0227 -26.5094
70.0218 -26.5093
70.021 -26.5093
70.0202 -26.5093
70.0194 -26.5092
70.0186 -26.5092
70.0177 -26.5091
70.0169 -26.5091
70.0161 -26.509
70.0153 -26.509
70.0145 -26.509
70.0136 -26.5089
70.0128 -26.5089
70.012 -26.5088
70.0112 -26.5088
70.0103 -26.5088
70.0095 -26.5087
70.0087 -26.5087
70.0079 -26.5086
70.007 -26.5086
70.0062 -26.5085
70.0054 -26.5085
70.0045 -26.5085
70.0037 -26.5084
70.0029 -26.5084
70.002 -26.5083
70.0012 -26.5083
70.0004 -26.5083
69.9995 -26.5082
69.9987 -26.5082
69.9978 -26.5081
69.997 -26.5081
69.9962 -26.508
69.9953 -26.508
69.9945 -26.508
69.9936 -26.5079
69.9928 -26.5079
69.9919 -26.5078
69.9911 -26.5078
69.9902 -26.5077
69.9894 -26.5077
69.9885 -26.5077
69.9876 -26.5076
69.9868 -26.5076
69.9859 -26.5075
69.9851 -26.5075
69.9842 -26.5074
69.9833 -26.5074
69.9825 -26.5074
69.9816 -26.5073
69.9807 -26.5073
69.9798 -26.5072
69.9789 -26.5072
69.9781 -26.5071
69.9772 -26.5071
69.9763 -26.5071
69.9754 -26.507
69.9745 -26.507
69.9736 -26.5069
69.9727 -26.5069
69.9718 -26.5068
69.9709 -26.5068
69.97 -26.5067
69.9691 -26.5067
69.9681 -26.5066
69.9672 -26.5066
69.9663 -26.5066
69.9653 -26.5065
69.9644 -26.5065
69.9634 -26.5064
69.9625 -26.5064
69.9615 -26.5063
69.9606 -26.5063
69.9596 -26.5062
69.9586 -26.5062
69.9576 -26.5061
69.9566 -26.5061
69.9555 -26.506
69.9545 -26.506
69.9534 -26.5059
69.9523 -26.5059
69.9512 -26.5058
69.9501 -26.5058
69.9485 -26.5057
69.9465 -26.5056
69.9442 -26.5055
69.9415 -26.5054
69.9381 -26.5053
69.9329 -26.5051
69.9263 -26.5049
69.9173 -26.5045
69.907 -26.5042
69.9001 -26.5039
69.8876 -26.5035
69.8746 -26.503
69.861 -26.5025
69.8467 -26.502
69.8319 -26.5015
69.8163 -26.5009
69.8001 -26.5004
69.7876 -26.4999
69.7818 -26.4997
69.7753 -26.4995
69.7682 -26.4992
69.7606 -26.4989
69.7524 -26.4986
69.7437 -26.4983
69.7344 -26.498
69.7245 -26.4976
69.714 -26.4972
69.7028 -26.4968
69.6909 -26.4964
69.6783 -26.496
69.6649 -26.4955
69.649 -26.4949
69.6459 -26.4948
69.6501 -26.4949
69.6531 -26.495
69.6559 -26.4951
69.6587 -26.4952
69.6615 -26.4953
69.6642 -26.4953
69.6647 -26.4954
69.6644 -26.4953
69.6639 -26.4953
69.663 -26.4953
69.6617 -26.4952
69.66 -26.4951
69.6579 -26.495
69.6576 -26.495
69.659 -26.4951
69.6599 -26.4951
69.6622 -26.4951
69.6779 -26.4957
69.6933 -26.4962
69.7086 -26.4967
69.7238 -26.4972
69.7388 -26.4977
69.7537 -26.4982
69.7685 -26.4987
69.783 -26.4992
69.7975 -26.4997
69.8118 -26.5002
69.8208 -26.5005
69.8212 -26.5005
69.822 -26.5005
69.8229 -26.5005
69.8237 -26.5005
69.8246 -26.5006
69.8254 -26.5006
69.8262 -26.5006
69.8271 -26.5006
69.8279 -26.5006
69.8287 -26.5006
69.8296 -26.5007
69.8304 -26.5007
69.8312 -26.5007
69.832 -26.5007
69.8328 -26.5007
69.8337 -26.5007
69.8345 -26.5007
69.8353 -26.5008
69.8361 -26.5008
69.8368 -26.5008
69.8376 -26.5008
69.8384 -26.5008
69.8392 -26.5008
69.84 -26.5008
69.8408 -26.5009
69.8416 -26.5009
69.8421 -26.5009
69.842 -26.5009
69.842 -26.5008
69.8419 -26.5008
69.8419 -26.5008
69.8418 -26.5008
69.8418 -26.5008
69.8417 -26.5008
69.8416 -26.5008
69.8416 -26.5007
69.8415 -26.5007
69.8415 -26.5007
69.8413 -26.5007
69.8411 -26.5007
69.8409 -26.5007
69.8407 -26.5006
69.8405 -26.5006
69.8403 -26.5006
69.8401 -26.5006
69.8399 -26.5006
69.8397 -26.5005
69.8395 -26.5005
69.8393 -26.5005
69.839 -26.5005
69.8388 -26.5004
69.8386 -26.5004
69.8383 -26.5004
69.8381 -26.5004
69.8379 -26.5004
69.8376 -26.5003
69.8374 -26.5003
69.8372 -26.5003
69.8369 -26.5003
69.8367 -26.5003
69.8364 -26.5002
69.8362 -26.5002
69.836 -26.5002
69.8357 -26.5002
69.8355 -26.5001
69.8352 -26.5001
69.835 -26.5001
69.8348 -26.5001
69.8345 -26.5001
69.8343 -26.5
69.8341 -26.5
69.8338 -26.5
69.8336 -26.5
69.8333 -26.5
69.8331 -26.4999
69.8329 -26.4999
69.8326 -26.4999
69.8324 -26.4999
69.8321 -26.4998
69.8319 -26.4998
69.8317 -26.4998
69.8314 -26.4998
69.8312 -26.4998
69.831 -26.4997
69.8307 -26.4997
69.8305 -26.4997
69.8302 -26.4997
69.83 -26.4997
69.8298 -26.4996
69.8295 -26.4996
69.8293 -26.4996
69.829 -26.4996
69.8288 -26.4995
69.8286 -26.4995
69.8283 -26.4995
69.8281 -26.4995
69.8279 -26.4995
69.8276 -26.4994
69.8274 -26.4994
69.8271 -26.4994
69.8269 -26.4994
69.8267 -26.4994
69.8264 -26.4993
69.8262 -26.4993
69.8259 -26.4993
69.8257 -26.4993
69.8255 -26.4992
69.8252 -26.4992
69.825 -26.4992
69.8248 -26.4992
69.8245 -26.4992
69.8243 -26.4991
69.824 -26.4991
69.8238 -26.4991
69.8236 -26.4991
69.8233 -26.499
69.8231 -26.499
69.8228 -26.499
69.8226 -26.499
69.8224 -26.499
69.8221 -26.4989
69.8219 -26.4989
69.8217 -26.4989
69.8214 -26.4989
69.8212 -26.4989
69.8209 -26.4988
69.8207 -26.4988
69.8205 -26.4988
69.8202 -26.4988
69.82 -26.4987
69.8198 -26.4987
69.8195 -26.4987
69.8193 -26.4987
69.819 -26.4987
69.8188 -26.4986
69.8186 -26.4986
69.8183 -26.4986
69.8181 -26.4986
69.8178 -26.4986
69.8176 -26.4985
69.8174 -26.4985
69.8171 -26.4985
69.8169 -26.4985
69.8166 -26.4984
69.8164 -26.4984
69.8162 -26.4984
69.8159 -26.4984
69.8157 -26.4984
69.8155 -26.4983
69.8152 -26.4983
69.815 -26.4983
69.8147 -26.4983
69.8145 -26.4982
69.8143 -26.4982
69.814 -26.4982
69.8138 -26.4982
69.8135 -26.4982
69.8133 -26.4981
69.8131 -26.4981
69.8128 -26.4981
69.8126 -26.4981
69.8124 -26.4981
69.8121 -26.498
69.8119 -26.498
69.8116 -26.498
69.8114 -26.498
69.8112 -26.4979
69.8109 -26.4979
69.8107 -26.4979
69.8104 -26.4979
69.8102 -26.4979
69.81 -26.4978
69.8097 -26.4978
69.8095 -26.4978
69.8092 -26.4978
69.809 -26.4978
69.8088 -26.4977
69.8085 -26.4977
69.8083 -26.4977
69.808 -26.4977
69.8078 -26.4976
69.8076 -26.4976
69.8073 -26.4976
69.8072 -26.4976
69.8072 -26.4976
69.8072 -26.4976
69.8072 -26.4975
69.8071 -26.4975
69.8071 -26.4975
69.8071 -26.4975
69.8071 -26.4975
69.8071 -26.4975
69.807 -26.4975
69.807 -26.4974
69.807 -26.4974
69.807 -26.4974
69.807 -26.4974
69.8069 -26.4974
69.8069 -26.4974
69.8069 -26.4974
69.8069 -26.4973
69.8069 -26.4973
69.8068 -26.4973
69.8068 -26.4973
69.8068 -26.4973
69.8068 -26.4973
69.8067 -26.4973
69.8067 -26.4972
69.8067 -26.4972
69.8067 -26.4972
69.8067 -26.4972
69.8066 -26.4972
69.8066 -26.4972
69.8066 -26.4972
69.8066 -26.4971
69.8066 -26.4971
69.8065 -26.4971
69.8065 -26.4971
69.8065 -26.4971
69.8065 -26.4971
69.8065 -26.4971
69.8064 -26.497
69.8064 -26.497
69.8064 -26.497
69.8064 -26.497
69.8064 -26.497
69.8063 -26.497
69.8063 -26.497
69.8063 -26.4969
69.8063 -26.4969
69.8063 -26.4969
69.8062 -26.4969
69.8062 -26.4969
69.8062 -26.4969
69.8062 -26.4969
69.8062 -26.4969
69.8061 -26.4968
69.8061 -26.4968
69.8061 -26.4968
69.8061 -26.4968
69.8061 -26.4968
69.806 -26.4968
69.806 -26.4968
69.806 -26.4967
69.806 -26.4967
69.806 -26.4967
69.806 -26.4967
69.8059 -26.4967
69.8059 -26.4967
69.8059 -26.4967
69.8059 -26.4966
69.8059 -26.4966
69.8058 -26.4966
69.8058 -26.4966
69.8058 -26.4966
69.8058 -26.4966
69.8058 -26.4966
69.8057 -26.4965
69.8057 -26.4965
69.8057 -26.4965
69.8057 -26.4965
69.8057 -26.4965
69.8056 -26.4965
69.8056 -26.4965
69.8056 -26.4964
69.8056 -26.4964
69.8056 -26.4964
69.8055 -26.4964
69.8055 -26.4964
69.8055 -26.4964
69.8055 -26.4964
69.8055 -26.4963
69.8055 -26.4963
69.8054 -26.4963
69.8054 -26.4963
69.8054 -26.4963
69.8054 -26.4963
69.8054 -26.4963
69.8053 -26.4962
69.8053 -26.4962
69.8053 -26.4962
69.8053 -26.4962
69.8053 -26.4962
69.8052 -26.4962
69.8052 -26.4962
69.8052 -26.4961
69.8052 -26.4961
69.8052 -26.4961
69.8051 -26.4961
69.8051 -26.4961
69.8051 -26.4961
69.8051 -26.4961
69.8051 -26.496
69.8051 -26.496
69.805 -26.496
69.805 -26.496
69.805 -26.496
69.805 -26.496
69.805 -26.496
69.8049 -26.4959
69.8049 -26.4959
69.8049 -26.4959
69.8049 -26.4959
69.8049 -26.4959
69.8048 -26.4959
69.8048 -26.4959
69.8048 -26.4958
69.8048 -26.4958
69.8048 -26.4958
69.8047 -26.4958
69.8047 -26.4958
69.8047 -26.4958
69.8047 -26.4958
69.8047 -26.4957
69.8046 -26.4957
69.8046 -26.4957
69.8046 -26.4957
69.8046 -26.4957
69.8046 -26.4957
69.8045 -26.4957
69.8045 -26.4956
69.8045 -26.4956
69.8045 -26.4956
69.8045 -26.4956
69.8044 -26.4956
69.8044 -26.4956
69.8044 -26.4956
69.8044 -26.4955
69.8044 -26.4955
69.8043 -26.4955
69.8043 -26.4955
69.8043 -26.4955
69.8043 -26.4955
69.8043 -26.4955
69.8042 -26.4954
69.8042 -26.4954
69.8042 -26.4954
69.8042 -26.4954
69.8042 -26.4954
69.8041 -26.4954
69.8041 -26.4954
69.8041 -26.4953
69.8041 -26.4953
69.804 -26.4953
69.804 -26.4953
69.804 -26.4953
69.804 -26.4953
69.804 -26.4953
69.8039 -26.4952
69.8039 -26.4952
69.8039 -26.4952
69.8039 -26.4952
69.8038 -26.4952
69.8038 -26.4952
69.8038 -26.4952
69.8038 -26.4951
69.8037 -26.4951
69.8037 -26.4951
69.8037 -26.4951
69.8037 -26.4951
69.8037 -26.4951
69.8036 -26.4951
69.8036 -26.495
69.8036 -26.495
69.8035 -26.495
69.8035 -26.495
69.8035 -26.495
69.8035 -26.495
69.8034 -26.495
69.8034 -26.4949
69.8034 -26.4949
69.8034 -26.4949
69.8033 -26.4949
69.8033 -26.4949
69.8033 -26.4949
69.8032 -26.4949
69.8032 -26.4948
69.8032 -26.4948
69.8031 -26.4948
69.8031 -26.4948
69.8031 -26.4948
69.8031 -26.4948
69.803 -26.4948
69.803 -26.4947
69.8029 -26.4947
69.8029 -26.4947
69.8029 -26.4947
69.8028 -26.4947
69.8028 -26.4947
69.8028 -26.4947
69.8027 -26.4946
69.8027 -26.4946
69.8026 -26.4946
69.8026 -26.4946
69.8026 -26.4946
69.8026 -26.4946
69.8026 -26.4946
69.8026 -26.4945
69.8026 -26.4945
69.8026 -26.4945
69.8025 -26.4945
69.8026 -26.4945
69.8028 -26.4945
69.8028 -26.4945
69.803 -26.4945
69.8032 -26.4945
69.8086 -26.4946
69.804 -26.4945
69.8033 -26.4944
69.8034 -26.4944
69.8035 -26.4944
69.8036 -26.4944
69.8037 -26.4944
69.8038 -26.4944
69.8039 -26.4944
69.8039 -26.4943
69.804 -26.4943
69.8041 -26.4943
69.8041 -26.4943
69.8042 -26.4943
69.8043 -26.4943
69.8043 -26.4943
69.8044 -26.4943
69.8044 -26.4942
69.8045 -26.4942
69.8045 -26.4942
69.8045 -26.4942
69.8045 -26.4942
69.8045 -26.4942
69.8046 -26.4942
69.8046 -26.4942
69.8045 -26.4941
69.8045 -26.4941
69.8045 -26.4941
69.8044 -26.4941
69.8044 -26.4941
69.8043 -26.4941
69.8043 -26.4941
69.8048 -26.4941
69.8048 -26.494
69.7968 -26.4938
69.5872 -26.5012
69.5852 -26.536
69.5875 -26.4865
69.6193 -26.4875
69.5954 -26.4867
69.5754 -26.486
69.5549 -26.4853
69.5335 -26.4845
69.5109 -26.4837
69.4871 -26.4829
69.4621 -26.482
69.435 -26.4811
69.406 -26.48
69.375 -26.4789
69.3371 -26.4776
69.308 -26.4766
69.2796 -26.4756
69.2513 -26.4746
69.2229 -26.4736
69.1946 -26.4726
69.1662 -26.4716
69.1452 -26.4709
69.1308 -26.4704
69.114 -26.4698
69.0969 -26.4692
69.0796 -26.4685
69.062 -26.4679
69.0442 -26.4673
69.026 -26.4667
69.0077 -26.466
68.989 -26.4653
68.9701 -26.4647
68.9508 -26.464
68.9312 -26.4633
68.9113 -26.4626
68.891 -26.4619
68.8704 -26.4612
68.8495 -26.4604
68.8282 -26.4597
68.8064 -26.4589
68.7843 -26.4581
68.7618 -26.4573
68.7388 -26.4565
68.7154 -26.4557
68.6915 -26.4548
68.6671 -26.454
68.6422 -26.4531
68.6168 -26.4522
68.5908 -26.4513
68.5642 -26.4504
68.5369 -26.4494
68.509 -26.4484
68.4939 -26.4479
68.4854 -26.4476
68.4756 -26.4472
68.4655 -26.4469
68.4551 -26.4465
68.4444 -26.4461
68.4335 -26.4457
68.4223 -26.4453
68.4109 -26.4449
68.3992 -26.4445
68.3872 -26.4441
68.3748 -26.4436
68.3622 -26.4432
68.3492 -26.4427
68.3359 -26.4422
68.3222 -26.4417
68.3082 -26.4412
68.2937 -26.4407
68.2788 -26.4402
68.2634 -26.4397
68.2476 -26.4391
68.2312 -26.4385
68.2142 -26.4379
68.1966 -26.4373
68.1782 -26.4366
68.1552 -26.4358
68.1055 -26.4341
68.0474 -26.4321
67.9841 -26.4299
67.9126 -26.4274
67.8299 -26.4245
67.733 -26.4211
67.6181 -26.4171
67.4786 -26.4123
67.3031 -26.4062
67.2059 -26.402
67.1531 -26.401
67.1191 -26.3998
67.0846 -26.3986
67.0351 -26.3968
66.9807 -26.3949
66.9213 -26.3929
66.8562 -26.3906
66.7848 -26.3881
66.7065 -26.3854
66.632 -26.3828
66.6073 -26.3819
66.5797 -26.3809
66.549 -26.3799
66.5152 -26.3787
66.478 -26.3774
66.4371 -26.376
66.3922 -26.3744
66.3429 -26.3727
66.289 -26.3708
66.2298 -26.3687
66.1648 -26.3665
66.0934 -26.364
66.0148 -26.3612
65.928 -26.3582
65.7929 -26.3535
65.7129 -26.3841
65.6086 -26.3471
65.5132 -26.3438
65.4056 -26.34
65.2919 -26.3361
65.1717 -26.3319
65.0443 -26.3275
64.9087 -26.3228
64.7642 -26.3178
64.6095 -26.3124
64.4431 -26.3066
64.2633 -26.3004
64.0679 -26.2937
63.8546 -26.2877
63.7252 -26.2974
63.6278 -26.2783
63.5091 -26.2742
63.3831 -26.2698
63.2564 -26.2654
63.1295 -26.261
63.0026 -26.2566
62.8757 -26.2522
62.7488 -26.2478
62.622 -26.2434
62.4951 -26.2389
62.3682 -26.2345
62.2413 -26.2301
62.1144 -26.2257
61.9875 -26.2213
61.8604 -26.2169
61.7332 -26.2125
61.6134 -26.2083
61.5347 -26.2056
61.4559 -26.2028
61.3769 -26.2001
61.298 -26.1973
61.2342 -26.1951
61.1874 -26.1935
61.1394 -26.1918
61.0912 -26.1901
61.0431 -26.1884
60.9949 -26.1868
60.9467 -26.1851
60.8986 -26.1834
60.8504 -26.1817
60.8023 -26.18
60.7542 -26.1784
60.706 -26.1767
60.6578 -26.175
60.6097 -26.1733
60.5615 -26.1716
60.5133 -26.1699
60.4647 -26.1682
60.4933 -26.1692
60.5218 -26.1702
60.5499 -26.1712
60.5775 -26.1721
60.6046 -26.173
60.631 -26.1739
60.6568 -26.1748
60.6819 -26.1757
60.7064 -26.1765
60.7303 -26.1773
60.7534 -26.1781
60.7759 -26.1789
60.7976 -26.1796
60.8185 -26.1803
60.8387 -26.181
60.8581 -26.1817
60.8766 -26.1823
60.8943 -26.1829
60.9111 -26.1835
60.9271 -26.184
60.942 -26.1845
60.956 -26.185
60.969 -26.1854
60.9809 -26.1858
60.9918 -26.1862
61.0015 -26.1865
61.01 -26.1868
61.0174 -26.187
61.0234 -26.1872
61.0281 -26.1874
61.0315 -26.1875
61.0333 -26.1875
61.0337 -26.1875
61.0325 -26.1875
61.0296 -26.1874
61.0249 -26.1872
61.0184 -26.187
61.0099 -26.1867
61.0513 -26.1881
61.1107 -26.1901
61.172 -26.1922
61.2342 -26.1944
61.296 -26.1965
61.3574 -26.1986
61.4186 -26.2007
61.4793 -26.2028
61.5398 -26.2049
61.5999 -26.207
61.6596 -26.209
61.719 -26.2111
61.778 -26.2131
61.8366 -26.2151
61.8948 -26.2171
61.9526 -26.2191
62.0101 -26.2211
62.0671 -26.2231
62.1237 -26.225
62.1798 -26.2269
62.2354 -26.2288
62.2906 -26.2307
62.3452 -26.2326
62.3993 -26.2345
62.4529 -26.2363
62.5059 -26.2381
62.5584 -26.24
62.6103 -26.2417
62.6615 -26.2435
62.7121 -26.2452
62.762 -26.247
62.8112 -26.2486
62.8597 -26.2503
62.9067 -26.2519
62.9525 -26.2535
62.9978 -26.2551
63.0425 -26.2566
63.0866 -26.2581
63.13 -26.2596
63.1728 -26.2611
63.2148 -26.2625
63.2562 -26.2639
63.2967 -26.2653
63.3365 -26.2667
63.3755 -26.268
63.4136 -26.2693
63.4509 -26.2706
63.4872 -26.2718
63.5226 -26.2731
63.557 -26.2742
63.5903 -26.2754
63.6225 -26.2765
63.6536 -26.2775
63.6835 -26.2786
63.7111 -26.2795
63.7369 -26.2804
63.7615 -26.2812
63.7847 -26.282
63.8066 -26.2828
63.8269 -26.2834
63.8455 -26.2841
63.8624 -26.2847
63.8775 -26.2852
63.8905 -26.2856
63.9013 -26.286
63.9098 -26.2862
63.9156 -26.2864
63.9186 -26.2865
63.9185 -26.2865
63.9148 -26.2864
63.9072 -26.2861
63.8951 -26.2857
63.8779 -26.285
63.8845 -26.2853
63.9464 -26.2874
64.009 -26.2895
64.0706 -26.2917
64.1313 -26.2938
64.1918 -26.2958
64.252 -26.2979
64.312 -26.3
64.3717 -26.302
64.4311 -26.3041
64.4902 -26.3061
64.549 -26.3081
64.6076 -26.3101
64.6658 -26.3121
64.7237 -26.3141
64.7813 -26.3161
64.8385 -26.3181
64.8955 -26.32
64.9521 -26.322
65.0083 -26.3239
65.0641 -26.3258
65.1202 -26.3278
65.178 -26.3297
65.2354 -26.3317
65.2926 -26.3337
65.3493 -26.3356
65.4057 -26.3376
65.4618 -26.3395
65.5175 -26.3414
65.5728 -26.3433
65.6277 -26.3452
65.6823 -26.3471
65.7364 -26.3489
65.7888 -26.3507
65.839 -26.3525
65.8889 -26.3542
65.9384 -26.3559
65.9875 -26.3576
66.0362 -26.3592
66.0845 -26.3609
66.1324 -26.3625
66.1798 -26.3642
66.2267 -26.3658
66.2732 -26.3674
66.3191 -26.369
66.3645 -26.3705
66.4094 -26.3721
66.4538 -26.3736
66.4975 -26.3751
66.5406 -26.3766
66.5831 -26.378
66.625 -26.3794
66.6662 -26.3809
66.7066 -26.3822
66.7464 -26.3836
66.7853 -26.3849
66.8235 -26.3862
66.8607 -26.3875
66.8971 -26.3888
66.9326 -26.39
66.9671 -26.3912
67.0005 -26.3923
67.0328 -26.3934
67.064 -26.3945
67.0893 -26.3953
67.1022 -26.3958
67.1107 -26.3961
67.1209 -26.3964
67.1311 -26.3967
67.1412 -26.3971
67.1511 -26.3974
67.1607 -26.3977
67.1702 -26.398
67.1794 -26.3983
67.1884 -26.3986
67.1971 -26.3989
67.2057 -26.3992
67.214 -26.3995
67.222 -26.3997
67.2299 -26.4
67.2422 -26.4004
67.2543 -26.4008
67.2662 -26.4012
67.2779 -26.4016
67.2893 -26.402
67.3004 -26.4024
67.3113 -26.4027
67.3351 -26.4035
67.3594 -26.4044
67.3813 -26.4051
67.4027 -26.4058
67.4241 -26.4066
67.4453 -26.4073
67.4666 -26.408
67.4878 -26.4087
67.5089 -26.4094
67.5299 -26.4101
67.5509 -26.4109
67.5719 -26.4116
67.5928 -26.4123
67.6136 -26.413
67.6344 -26.4137
67.6551 -26.4144
67.6757 -26.4151
67.6963 -26.4158
67.7169 -26.4165
67.7373 -26.4172
67.7577 -26.4179
67.7781 -26.4186
67.7983 -26.4193
67.8185 -26.4199
67.8387 -26.4206
67.8587 -26.4213
67.8787 -26.422
67.8987 -26.4227
67.9185 -26.4233
67.9383 -26.424
67.9581 -26.4247
67.9777 -26.4253
67.9973 -26.426
68.0168 -26.4267
68.0362 -26.4273
68.0556 -26.428
68.0749 -26.4286
68.0941 -26.4293
68.1132 -26.4299
68.1323 -26.4306
68.1512 -26.4312
68.1701 -26.4319
68.1889 -26.4325
68.2077 -26.4331
68.2263 -26.4338
68.2449 -26.4344
68.2633 -26.435
68.2817 -26.4356
68.3 -26.4362
68.3182 -26.4369
68.3363 -26.4375
68.3543 -26.4381
68.3656 -26.4385
68.3668 -26.4385
68.3686 -26.4385
68.3704 -26.4386
68.3722 -26.4386
68.3741 -26.4387
68.3759 -26.4387
68.3777 -26.4388
68.3796 -26.4388
68.3814 -26.4389
68.3832 -26.4389
68.385 -26.439
68.3869 -26.439
68.3887 -26.4391
68.3905 -26.4391
68.3923 -26.4392
68.3941 -26.4392
68.396 -26.4393
68.3978 -26.4393
68.3996 -26.4394
68.4014 -26.4394
68.4033 -26.4395
68.4051 -26.4395
68.4069 -26.4396
68.4087 -26.4396
68.4105 -26.4397
68.4123 -26.4397
68.4142 -26.4398
68.416 -26.4398
68.4178 -26.4399
68.4196 -26.4399
68.4214 -26.44
68.4233 -26.44
68.4251 -26.4401
68.4269 -26.4401
68.4287 -26.4402
68.4305 -26.4402
68.4323 -26.4403
68.4341 -26.4403
68.436 -26.4404
68.4378 -26.4404
68.4396 -26.4405
68.4414 -26.4405
68.4432 -26.4405
68.445 -26.4406
68.4468 -26.4406
68.4486 -26.4407
68.4504 -26.4407
68.4522 -26.4408
68.454 -26.4408
68.4558 -26.4409
68.4576 -26.4409
68.4594 -26.441
68.4612 -26.441
68.463 -26.4411
68.4648 -26.4411
68.4666 -26.4412
68.4684 -26.4412
68.4702 -26.4413
68.472 -26.4413
68.4738 -26.4414
68.4756 -26.4414
68.4774 -26.4415
68.4792 -26.4415
68.481 -26.4416
68.4828 -26.4416
68.4846 -26.4417
68.4864 -26.4417
68.4881 -26.4418
68.4899 -26.4418
68.4917 -26.4419
68.4935 -26.4419
68.4953 -26.4419
68.4971 -26.442
68.4989 -26.442
68.5008 -26.4421
68.5031 -26.4422
68.5053 -26.4422
68.5075 -26.4423
68.5097 -26.4423
68.512 -26.4424
68.5135 -26.4424
68.5137 -26.4424
68.5139 -26.4424
68.5141 -26.4424
68.5143 -26.4424
68.5146 -26.4424
68.5148 -26.4424
68.515 -26.4424
68.5153 -26.4424
68.5155 -26.4424
68.5157 -26.4424
68.5159 -26.4424
68.5162 -26.4424
68.5164 -26.4424
68.5166 -26.4424
68.5168 -26.4424
68.5169 -26.4423
68.5171 -26.4423
68.5173 -26.4423
68.5175 -26.4423
68.5177 -26.4423
68.5179 -26.4423
68.5181 -26.4423
68.5182 -26.4423
68.5184 -26.4423
68.5186 -26.4423
68.5188 -26.4423
68.519 -26.4423
68.5192 -26.4423
68.5193 -26.4422
68.5195 -26.4422
68.5197 -26.4422
68.5199 -26.4422
68.5201 -26.4422
68.5203 -26.4422
68.5205 -26.4422
68.5206 -26.4422
68.5208 -26.4422
68.521 -26.4422
68.5212 -26.4422
68.5214 -26.4422
68.5216 -26.4422
68.5218 -26.4421
68.522 -26.4421
68.5221 -26.4421
68.5223 -26.4421
68.5225 -26.4421
68.5227 -26.4421
68.5229 -26.4421
68.5231 -26.4421
68.5233 -26.4421
68.5235 -26.4421
68.5236 -26.4421
68.5238 -26.4421
68.524 -26.4421
68.5242 -26.4421
68.5244 -26.442
68.5246 -26.442
68.5248 -26.442
68.525 -26.442
68.5251 -26.442
68.5253 -26.442
68.5255 -26.442
68.5257 -26.442
68.5259 -26.442
68.5261 -26.442
68.5263 -26.442
68.5265 -26.442
68.5266 -26.442
68.5268 -26.4419
68.527 -26.4419
68.5272 -26.4419
68.5274 -26.4419
68.5276 -26.4419
68.5278 -26.4419
68.528 -26.4419
68.5282 -26.4419
68.5284 -26.4419
68.5285 -26.4419
68.5287 -26.4419
68.5289 -26.4419
68.5291 -26.4419
68.5293 -26.4418
68.5295 -26.4418
68.5297 -26.4418
68.5298 -26.4418
68.53 -26.4418
68.5302 -26.4418
68.5303 -26.4418
68.5305 -26.4418
68.5307 -26.4418
68.5309 -26.4418
68.531 -26.4418
68.5312 -26.4418
68.5314 -26.4418
68.5315 -26.4417
68.5317 -26.4417
68.5319 -26.4417
68.5321 -26.4417
68.5322 -26.4417
68.5324 -26.4417
68.5326 -26.4417
68.5327 -26.4417
68.5329 -26.4417
68.5331 -26.4417
68.5333 -26.4417
68.5334 -26.4417
68.5336 -26.4416
68.5338 -26.4416
68.5339 -26.4416
68.5341 -26.4416
68.5343 -26.4416
68.5345 -26.4416
68.5346 -26.4416
68.5348 -26.4416
68.535 -26.4416
68.5352 -26.4416
68.5353 -26.4416
68.5355 -26.4416
68.5357 -26.4415
68.5358 -26.4415
68.536 -26.4415
68.5362 -26.4415
68.5364 -26.4415
68.5365 -26.4415
68.5367 -26.4415
68.5369 -26.4415
68.5371 -26.4415
68.5372 -26.4415
68.5374 -26.4415
68.5376 -26.4415
68.5377 -26.4415
68.5379 -26.4414
68.5381 -26.4414
68.5383 -26.4414
68.5384 -26.4414
68.5386 -26.4414
68.5388 -26.4414
68.539 -26.4414
68.5391 -26.4414
68.5393 -26.4414
68.5395 -26.4414
68.5396 -26.4414
68.5398 -26.4414
68.54 -26.4413
68.5402 -26.4413
68.5403 -26.4413
68.5405 -26.4413
68.5407 -26.4413
68.5409 -26.4413
68.541 -26.4413
68.5412 -26.4413
68.5414 -26.4413
68.5415 -26.4413
68.5417 -26.4413
68.5419 -26.4413
68.5421 -26.4412
68.5422 -26.4412
68.5424 -26.4412
68.5426 -26.4412
68.5428 -26.4412
68.5429 -26.4412
68.5431 -26.4412
68.5433 -26.4412
68.5435 -26.4412
68.5436 -26.4412
68.5438 -26.4412
68.544 -26.4412
68.5442 -26.4412
68.5443 -26.4411
68.5445 -26.4411
68.5447 -26.4411
68.5449 -26.4411
68.545 -26.4411
68.5452 -26.4411
68.5454 -26.4411
68.5456 -26.4411
68.5457 -26.4411
68.5459 -26.4411
68.5461 -26.4411
68.5463 -26.4411
68.5464 -26.441
68.5466 -26.441
68.5468 -26.441
68.547 -26.441
68.5471 -26.441
68.5473 -26.441
68.5475 -26.441
68.5477 -26.441
68.5478 -26.441
68.548 -26.441
68.5482 -26.441
68.5484 -26.441
68.5486 -26.4409
68.5487 -26.4409
68.5489 -26.4409
68.5491 -26.4409
68.5493 -26.4409
68.5494 -26.4409
68.5496 -26.4409
68.5498 -26.4409
68.55 -26.4409
68.5501 -26.4409
68.5503 -26.4409
68.5505 -26.4409
68.5507 -26.4409
68.5509 -26.4408
68.551 -26.4408
68.5512 -26.4408
68.5514 -26.4408
68.5516 -26.4408
68.5517 -26.4408
68.5519 -26.4408
68.5521 -26.4408
68.5523 -26.4408
68.5525 -26.4408
68.5526 -26.4408
68.5528 -26.4408
68.553 -26.4407
68.5532 -26.4407
68.5534 -26.4407
68.5535 -26.4407
68.5537 -26.4407
68.5539 -26.4407
68.5541 -26.4407
68.5543 -26.4407
68.5544 -26.4407
68.5546 -26.4407
68.5548 -26.4407
68.555 -26.4407
68.5552 -26.4407
68.5553 -26.4406
68.5555 -26.4406
68.5557 -26.4406
68.5559 -26.4406
68.5561 -26.4406
68.5562 -26.4406
68.5564 -26.4406
68.5566 -26.4406
68.5568 -26.4406
68.557 -26.4406
68.5571 -26.4406
68.5573 -26.4406
68.5575 -26.4405
68.5577 -26.4405
68.5579 -26.4405
68.558 -26.4405
68.5582 -26.4405
68.5584 -26.4405
68.5586 -26.4405
68.5588 -26.4405
68.5589 -26.4405
68.5591 -26.4405
68.5593 -26.4405
68.5595 -26.4405
68.5597 -26.4405
68.5599 -26.4404
68.56 -26.4404
68.5602 -26.4404
68.5604 -26.4404
68.5606 -26.4404
68.5608 -26.4404
68.5609 -26.4404
68.5611 -26.4404
68.5613 -26.4404
68.5615 -26.4404
68.5617 -26.4404
68.5619 -26.4404
68.562 -26.4403
68.5622 -26.4403
68.5624 -26.4403
68.5626 -26.4403
68.5628 -26.4403
68.563 -26.4403
68.5631 -26.4403
68.5633 -26.4403
68.5635 -26.4403
68.5637 -26.4403
68.5639 -26.4403
68.5641 -26.4403
68.5642 -26.4403
68.5644 -26.4402
68.5646 -26.4402
68.5648 -26.4402
68.565 -26.4402
68.5652 -26.4402
68.5654 -26.4402
68.5655 -26.4402
68.5657 -26.4402
68.5659 -26.4402
68.5661 -26.4402
68.5663 -26.4402
68.5665 -26.4402
68.5666 -26.4402
68.5668 -26.4401
68.567 -26.4401
68.5672 -26.4401
68.5674 -26.4401
68.5676 -26.4401
68.5678 -26.4401
68.5679 -26.4401
68.5681 -26.4401
68.5683 -26.4401
68.5685 -26.4401
68.5687 -26.4401
68.5689 -26.4401
68.5691 -26.4401
68.5692 -26.44
68.5694 -26.44
68.5696 -26.44
68.5698 -26.44
68.57 -26.44
68.5702 -26.44
68.5704 -26.44
68.5706 -26.44
68.5707 -26.44
68.5709 -26.44
68.5711 -26.44
68.5713 -26.44
68.5715 -26.4399
68.5717 -26.4399
68.5719 -26.4399
68.572 -26.4399
68.5722 -26.4399
68.5724 -26.4399
68.5726 -26.4399
68.5728 -26.4399
68.573 -26.4399
68.5732 -26.4399
68.5734 -26.4399
68.5736 -26.4399
68.5737 -26.4399
68.5739 -26.4398
68.5741 -26.4398
68.5743 -26.4398
68.5745 -26.4398
68.5747 -26.4398
68.5749 -26.4398
68.5751 -26.4398
68.5752 -26.4398
68.5754 -26.4398
68.5756 -26.4398
68.5758 -26.4398
68.576 -26.4398
68.5762 -26.4398
68.5764 -26.4397
68.5766 -26.4397
68.5768 -26.4397
68.5769 -26.4397
68.5771 -26.4397
68.5773 -26.4397
68.5775 -26.4397
68.5777 -26.4397
68.5779 -26.4397
68.5781 -26.4397
68.5783 -26.4397
68.5785 -26.4397
68.5787 -26.4397
68.5789 -26.4396
68.579 -26.4396
68.5792 -26.4396
68.5794 -26.4396
68.5796 -26.4396
68.5798 -26.4396
68.58 -26.4396
68.5802 -26.4396
68.5804 -26.4396
68.5806 -26.4396
68.5808 -26.4396
68.5809 -26.4396
68.5811 -26.4396
68.5813 -26.4395
68.5815 -26.4395
68.5817 -26.4395
68.5819 -26.4395
68.5821 -26.4395
68.5823 -26.4395
68.5825 -26.4395
68.5827 -26.4395
68.5829 -26.4395
68.5831 -26.4395
68.5833 -26.4395
68.5834 -26.4395
68.5836 -26.4395
68.5838 -26.4394
68.584 -26.4394
68.5842 -26.4394
68.5844 -26.4394
68.5846 -26.4394
68.5848 -26.4394
68.585 -26.4394
68.5852 -26.4394
68.5854 -26.4394
68.5856 -26.4394
68.5858 -26.4394
68.586 -26.4394
68.5861 -26.4394
68.5863 -26.4393
68.5865 -26.4393
68.5867 -26.4393
68.5869 -26.4393
68.5871 -26.4393
68.5873 -26.4393
68.5875 -26.4393
68.5877 -26.4393
68.5879 -26.4393
68.5881 -26.4393
68.5883 -26.4393
68.5885 -26.4393
68.5887 -26.4393
68.5889 -26.4392
68.5891 -26.4392
68.5893 -26.4392
68.5894 -26.4392
68.5896 -26.4392
68.5898 -26.4392
68.59 -26.4392
68.5902 -26.4392
68.5904 -26.4392
68.5906 -26.4392
68.5908 -26.4392
68.591 -26.4392
68.5912 -26.4392
68.5914 -26.4391
68.5916 -26.4391
68.5918 -26.4391
68.592 -26.4391
68.5922 -26.4391
68.5924 -26.4391
68.5926 -26.4391
68.5928 -26.4391
68.593 -26.4391
68.5932 -26.4391
68.5934 -26.4391
68.5936 -26.4391
68.5938 -26.4391
68.594 -26.439
68.5942 -26.439
68.5943 -26.439
68.5945 -26.439
68.5947 -26.439
68.5949 -26.439
68.5951 -26.439
68.5953 -26.439
68.5955 -26.439
68.5957 -26.439
68.5959 -26.439
68.5961 -26.439
68.5963 -26.439
68.5965 -26.4389
68.5967 -26.4389
68.5969 -26.4389
68.5971 -26.4389
68.5973 -26.4389
68.5975 -26.4389
68.5977 -26.4389
