0.1 -12.6882
0.2 -25.2014
0.3 -37.7816
0.4 -50.3782
0.5 -62.9761
0.6 -75.5751
0.7 -88.1752
0.8 -100.776
0.9 -113.378
1 -125.981
0.51136 -130.759
1.02182 -135.538
1.53132 -140.315
2.03975 -145.085
2.54711 -149.846
3.0534 -154.602
3.55864 -159.352
4.06272 -164.104
4.56579 -168.85
5.06773 -173.593
5.56853 -178.329
6.06831 -183.059
6.56703 -187.782
7.06468 -192.498
7.56126 -197.204
8.05678 -201.899
8.55119 -206.588
9.04449 -211.272
9.5368 -215.949
10.028 -220.618
10.5183 -225.28
11.0075 -229.933
11.4956 -234.576
11.9826 -239.21
12.4687 -243.835
12.9536 -248.452
13.4376 -253.059
13.9204 -257.656
14.4023 -262.243
14.8831 -266.82
15.3628 -271.388
15.8415 -275.947
16.3192 -280.497
16.7959 -285.038
17.2715 -289.571
17.7461 -294.094
18.2197 -298.607
18.6922 -303.11
19.1637 -307.604
19.6342 -312.088
20.1036 -316.564
20.5721 -321.031
21.0395 -325.487
21.5058 -329.934
21.9712 -334.372
22.4355 -338.8
22.8988 -343.22
23.3611 -347.629
23.8224 -352.029
24.2827 -356.42
24.7419 -360.8
25.2002 -365.17
25.6574 -369.531
26.1136 -373.882
26.5688 -378.224
27.023 -382.556
27.4762 -386.878
27.9284 -391.19
28.3796 -395.493
28.8297 -399.786
29.2789 -404.069
29.7271 -408.343
30.1743 -412.607
30.6204 -416.862
31.0656 -421.106
31.5098 -425.341
31.953 -429.566
32.3952 -433.781
32.8364 -437.987
33.2766 -442.183
33.7158 -446.368
34.154 -450.544
34.5913 -454.711
35.0275 -458.868
35.4628 -463.016
35.8971 -467.153
36.3304 -471.281
36.7627 -475.399
37.194 -479.507
37.6244 -483.606
38.0538 -487.695
38.4822 -491.776
38.9096 -495.848
39.336 -499.91
39.7615 -503.962
40.186 -508.006
40.6095 -512.039
41.032 -516.063
41.4536 -520.078
41.8742 -524.082
42.2938 -528.077
42.7125 -532.062
43.1302 -536.038
43.5469 -540.005
43.9627 -543.964
44.3775 -547.913
44.7913 -551.853
45.2042 -555.782
45.6162 -559.703
46.0271 -563.613
46.4372 -567.514
46.8462 -571.405
47.2543 -575.287
47.6615 -579.159
48.0677 -583.021
48.473 -586.874
48.8773 -590.718
49.2807 -594.554
49.6831 -598.38
50.0846 -602.197
50.4851 -606.004
50.8847 -609.802
51.2833 -613.591
51.681 -617.37
52.0778 -621.14
52.4736 -624.9
52.8684 -628.652
53.2624 -632.394
53.6554 -636.126
54.0475 -639.849
54.4386 -643.563
54.8288 -647.267
55.2181 -650.961
55.6065 -654.646
55.9939 -658.321
56.3804 -661.987
56.766 -665.643
57.1506 -669.29
57.5343 -672.928
57.9171 -676.556
58.299 -680.174
58.68 -683.783
59.06 -687.383
59.4392 -690.973
59.8174 -694.553
60.1947 -698.124
60.5711 -701.685
60.9465 -705.237
61.3211 -708.78
61.6948 -712.312
62.0675 -715.836
62.4393 -719.35
62.8103 -722.854
63.1803 -726.349
63.5494 -729.834
63.9176 -733.31
64.2849 -736.776
64.6513 -740.233
65.0169 -743.681
65.3815 -747.119
65.7452 -750.547
66.108 -753.966
66.4699 -757.376
66.8309 -760.776
67.1911 -764.167
67.5503 -767.549
67.9086 -770.92
68.2661 -774.283
68.6226 -777.636
68.9783 -780.979
69.3331 -784.314
69.687 -787.638
70.04 -790.953
70.3921 -794.259
70.7434 -797.555
71.0937 -800.842
71.4432 -804.119
71.7918 -807.387
72.1395 -810.646
72.4864 -813.895
72.8324 -817.135
73.1774 -820.365
73.5217 -823.585
73.865 -826.797
74.2075 -829.999
74.5491 -833.191
74.8898 -836.374
75.2296 -839.548
75.5686 -842.712
75.9067 -845.867
76.244 -849.012
76.5786 -852.154
76.9083 -855.299
77.2336 -858.447
77.5476 -861.62
77.8444 -864.841
78.1158 -868.134
78.3914 -871.401
78.666 -874.659
78.9396 -877.907
79.2122 -881.147
79.4839 -884.378
79.7545 -887.6
80.023 -890.827
80.2894 -894.059
80.5531 -897.303
80.8151 -900.548
81.0731 -903.827
81.3296 -907.103
81.5817 -910.419
81.8308 -913.751
82.0785 -917.082
82.325 -920.403
82.5706 -923.715
82.8151 -927.019
83.0586 -930.313
83.301 -933.599
83.5424 -936.875
83.7827 -940.143
84.022 -943.401
84.2602 -946.65
84.4974 -949.89
84.7335 -953.121
84.9685 -956.342
85.2025 -959.557
85.4356 -962.764
85.6675 -965.962
85.8984 -969.152
86.1283 -972.335
86.3573 -975.513
86.5852 -978.682
86.8119 -981.842
87.0376 -984.993
87.2622 -988.134
87.4857 -991.267
87.7083 -994.397
87.9298 -997.519
88.1502 -1000.63
88.3695 -1003.74
88.5877 -1006.83
88.8049 -1009.92
89.0208 -1013
89.2358 -1016.07
89.4493 -1019.14
89.6596 -1022.19
89.8685 -1025.23
90.071 -1028.25
90.2724 -1031.26
90.4727 -1034.27
90.666 -1037.25
90.8574 -1040.22
91.0478 -1043.19
91.235 -1046.14
91.4177 -1049.07
91.5992 -1052
91.7771 -1054.91
91.9533 -1057.82
92.1284 -1060.71
92.3021 -1063.59
92.4731 -1066.46
92.6429 -1069.32
92.8091 -1072.17
92.9726 -1075
93.1312 -1077.8
93.2883 -1080.6
93.433 -1083.35
93.574 -1086.09
93.7135 -1088.81
93.8507 -1091.53
93.975 -1094.19
94.0971 -1096.84
94.2177 -1099.48
94.3363 -1102.11
94.448 -1104.71
94.5548 -1107.29
94.6604 -1109.86
94.7639 -1112.41
94.8624 -1114.94
94.9596 -1117.46
95.0554 -1119.97
95.1492 -1122.47
95.2368 -1124.93
95.3231 -1127.39
95.4063 -1129.82
95.4769 -1132.18
95.5458 -1134.53
95.6131 -1136.86
95.6788 -1139.18
95.7383 -1141.46
95.7865 -1143.66
95.8321 -1145.82
95.8767 -1147.98
95.9192 -1150.12
95.9597 -1152.24
95.9979 -1154.34
96.0304 -1156.4
96.0742 -1158.5
96.1189 -1160.61
96.1623 -1162.7
96.2073 -1164.8
96.2719 -1166.99
96.329 -1169.14
96.3848 -1171.28
96.4388 -1173.4
96.4848 -1175.43
96.5209 -1177.35
96.5843 -1179.42
96.6494 -1181.48
96.7134 -1183.53
96.7958 -1185.62
96.6712 -1185.13
96.6185 -1186.54
96.6213 -1187.7
96.6676 -1189.25
96.6371 -1189.89
96.5913 -1190.29
96.5151 -1190.27
96.4648 -1190.46
96.4649 -1191.22
96.4736 -1192.04
96.5072 -1193.08
96.5364 -1194.04
96.5608 -1194.92
96.6184 -1196.22
96.6872 -1197.66
96.7526 -1199.06
96.8147 -1200.4
96.8751 -1201.7
96.9332 -1202.98
96.9891 -1204.23
97.0432 -1205.44
97.0954 -1206.6
97.1452 -1207.7
97.1925 -1208.74
97.2371 -1209.71
97.2752 -1210.59
97.3006 -1211.65
97.3226 -1212.76
97.3478 -1213.87
97.3851 -1215.1
97.4269 -1216.4
97.4855 -1217.79
97.5428 -1219.16
97.6078 -1220.58
97.6758 -1221.99
97.7427 -1223.39
97.8083 -1224.75
97.8728 -1226.09
97.9352 -1227.4
97.9953 -1228.67
98.0543 -1229.92
98.1118 -1231.13
98.168 -1232.32
98.2228 -1233.48
98.2806 -1234.68
98.342 -1235.95
98.4026 -1237.19
98.4623 -1238.42
98.521 -1239.63
98.5786 -1240.83
98.6341 -1241.98
98.6886 -1243.12
98.7423 -1244.24
98.7953 -1245.35
98.8474 -1246.43
98.8988 -1247.49
98.9494 -1248.54
98.9948 -1249.55
99.0207 -1250.47
99.0468 -1251.36
99.0916 -1252.37
99.1359 -1253.44
99.1799 -1254.5
99.2367 -1255.71
99.2927 -1256.91
99.3481 -1258.09
99.4025 -1259.25
99.4557 -1260.39
99.5082 -1261.51
99.5581 -1262.58
99.6066 -1263.62
99.6529 -1264.62
99.6985 -1265.62
99.7435 -1266.61
99.7879 -1267.59
99.8314 -1268.55
99.8738 -1269.49
99.9155 -1270.42
99.9605 -1271.39
100.007 -1272.38
100.052 -1273.35
100.097 -1274.32
100.141 -1275.27
100.185 -1276.21
100.227 -1277.13
100.269 -1278.04
100.309 -1278.93
100.348 -1279.81
100.385 -1280.68
100.422 -1281.53
100.459 -1282.39
100.49 -1283.24
100.517 -1284.12
100.539 -1284.92
100.558 -1285.7
100.574 -1286.45
100.472 -1286.57
100.295 -1286.1
100.061 -1282.23
88.1461 -1178.07
88.0998 -1177.47
88.051 -1176.93
87.9998 -1176.35
87.9461 -1175.73
87.8899 -1175.07
87.8305 -1174.38
87.7686 -1173.68
87.7037 -1172.96
87.6352 -1172.2
87.5606 -1171.36
87.5261 -1170.93
87.4977 -1170.55
87.4676 -1170.14
87.4357 -1169.7
87.4018 -1169.23
87.3658 -1168.74
87.3143 -1168.06
87.2587 -1167.32
87.2005 -1166.56
87.1363 -1165.82
87.0622 -1165.15
86.9571 -1164.76
86.8501 -1164.34
86.7383 -1163.84
86.6247 -1163.32
86.5099 -1162.76
86.3938 -1162.19
86.2765 -1161.6
86.1577 -1160.98
86.0374 -1160.33
85.9158 -1159.66
85.7927 -1158.96
85.6682 -1158.23
85.5385 -1157.54
85.4192 -1156.97
85.3018 -1156.42
85.1829 -1155.84
85.0614 -1155.21
84.9397 -1154.57
84.8247 -1154.02
84.7091 -1153.45
84.5925 -1152.87
84.4751 -1152.27
84.3568 -1151.66
84.2537 -1151.25
84.1508 -1150.82
84.0475 -1150.39
83.9454 -1149.97
83.8506 -1149.65
83.7554 -1149.31
83.6597 -1148.95
83.5635 -1148.59
83.4668 -1148.21
83.3696 -1147.82
83.2711 -1147.4
83.1722 -1146.97
83.0729 -1146.54
82.9731 -1146.09
82.8729 -1145.63
82.7741 -1145.2
82.6838 -1144.89
82.5926 -1144.56
82.501 -1144.22
82.4091 -1143.87
82.3169 -1143.5
82.2268 -1143.17
82.1414 -1142.9
82.0557 -1142.61
81.9696 -1142.32
81.8805 -1141.99
81.7884 -1141.63
81.696 -1141.26
81.6026 -1140.9
81.5079 -1140.56
81.4128 -1140.2
81.3182 -1139.88
81.2235 -1139.55
81.1285 -1139.22
81.0332 -1138.88
80.9376 -1138.53
80.8416 -1138.17
80.7454 -1137.8
80.6488 -1137.43
80.5518 -1137.04
80.4546 -1136.64
80.357 -1136.24
80.2581 -1135.81
80.1587 -1135.36
80.059 -1134.91
79.9592 -1134.45
79.8592 -1133.99
79.7591 -1133.52
79.6588 -1133.04
79.5583 -1132.56
79.4576 -1132.07
79.3568 -1131.58
79.2557 -1131.08
79.1545 -1130.57
79.054 -1130.07
78.9553 -1129.59
78.8564 -1129.1
78.7573 -1128.61
78.6579 -1128.11
78.5583 -1127.59
78.4579 -1127.05
78.3564 -1126.48
78.2545 -1125.91
78.1525 -1125.33
78.0503 -1124.74
77.9481 -1124.15
77.8446 -1123.54
77.7405 -1122.9
77.6363 -1122.27
77.532 -1121.62
77.4274 -1120.97
77.3226 -1120.31
77.2177 -1119.65
77.1126 -1118.97
77.0073 -1118.29
76.9019 -1117.61
76.7963 -1116.91
76.6904 -1116.21
76.5844 -1115.5
76.4785 -1114.79
76.3779 -1114.17
76.277 -1113.53
76.1755 -1112.89
76.074 -1112.24
75.9723 -1111.58
75.8849 -1111.1
75.7993 -1110.65
75.7135 -1110.19
75.6276 -1109.73
75.5417 -1109.26
75.4557 -1108.78
75.3695 -1108.3
75.2833 -1107.81
75.1971 -1107.33
75.1107 -1106.83
75.0242 -1106.33
74.9376 -1105.83
74.8509 -1105.32
74.7642 -1104.8
74.6773 -1104.28
74.5903 -1103.75
74.5017 -1103.18
74.4127 -1102.59
74.3237 -1102
74.2345 -1101.41
74.1452 -1100.81
74.0559 -1100.2
73.9664 -1099.58
73.8768 -1098.97
73.7872 -1098.34
73.6974 -1097.71
73.6075 -1097.08
73.5174 -1096.43
73.4272 -1095.79
73.3368 -1095.14
73.2459 -1094.48
73.1549 -1093.81
73.0639 -1093.13
72.9727 -1092.45
72.8815 -1091.76
72.7902 -1091.07
72.6988 -1090.37
72.6073 -1089.66
72.5157 -1088.95
72.424 -1088.23
72.3322 -1087.51
72.2403 -1086.78
72.1485 -1086.06
72.0564 -1085.32
71.9633 -1084.56
71.8701 -1083.79
71.7768 -1083.01
71.6834 -1082.22
71.5901 -1081.44
71.4972 -1080.68
71.4184 -1080.12
71.3445 -1079.63
71.2705 -1079.13
71.1965 -1078.62
71.1224 -1078.11
71.0482 -1077.6
70.974 -1077.08
70.8998 -1076.56
70.8255 -1076.03
70.7566 -1075.58
70.691 -1075.18
70.626 -1074.79
70.561 -1074.39
70.4959 -1073.99
70.4309 -1073.59
70.3657 -1073.19
70.3006 -1072.78
70.2354 -1072.36
70.1702 -1071.95
70.1049 -1071.52
70.0396 -1071.1
69.9742 -1070.66
69.9089 -1070.22
69.8435 -1069.78
69.7781 -1069.34
69.7128 -1068.89
69.6474 -1068.44
69.582 -1067.98
69.5166 -1067.53
69.4511 -1067.07
69.3857 -1066.6
69.3203 -1066.13
69.2549 -1065.66
69.1894 -1065.19
69.124 -1064.71
69.0585 -1064.23
68.9931 -1063.74
68.9279 -1063.26
68.8635 -1062.8
68.7991 -1062.34
68.7347 -1061.87
68.6703 -1061.39
68.6059 -1060.92
68.5415 -1060.44
68.477 -1059.96
68.4127 -1059.48
68.3488 -1059.03
68.2848 -1058.57
68.2209 -1058.12
68.157 -1057.66
68.093 -1057.19
68.0291 -1056.72
67.9653 -1056.26
67.9012 -1055.79
67.8366 -1055.29
67.7719 -1054.79
67.7073 -1054.29
67.6426 -1053.78
67.578 -1053.28
67.5134 -1052.76
67.4488 -1052.25
67.3842 -1051.73
67.3196 -1051.21
67.255 -1050.69
67.1904 -1050.17
67.1259 -1049.64
67.0613 -1049.11
66.9967 -1048.57
66.9322 -1048.04
66.8677 -1047.5
66.8031 -1046.95
66.7386 -1046.41
66.6741 -1045.86
66.6094 -1045.3
66.5447 -1044.73
66.4799 -1044.16
66.4153 -1043.59
66.3506 -1043.02
66.286 -1042.45
66.2219 -1041.91
66.158 -1041.38
66.0942 -1040.85
66.032 -1040.34
65.977 -1039.93
65.922 -1039.52
65.867 -1039.11
65.812 -1038.7
65.7571 -1038.29
65.7021 -1037.87
65.6473 -1037.45
65.5924 -1037.03
65.5375 -1036.61
65.4827 -1036.18
65.4279 -1035.75
65.3731 -1035.32
65.3184 -1034.89
65.2638 -1034.47
65.2092 -1034.04
65.1546 -1033.61
65.1001 -1033.18
65.0455 -1032.74
64.9911 -1032.31
64.9376 -1031.9
64.8843 -1031.49
64.8309 -1031.08
64.7776 -1030.66
64.7243 -1030.25
64.671 -1029.83
64.6177 -1029.41
64.5645 -1028.98
64.5113 -1028.56
64.4581 -1028.13
64.405 -1027.7
64.3519 -1027.27
64.2988 -1026.84
64.2457 -1026.4
64.1927 -1025.96
64.1399 -1025.53
64.0874 -1025.12
64.0349 -1024.7
63.9824 -1024.28
63.93 -1023.86
63.8776 -1023.44
63.8252 -1023.02
63.7728 -1022.59
63.7205 -1022.16
63.6682 -1021.73
63.6159 -1021.3
63.5637 -1020.87
63.5114 -1020.43
63.4617 -1020.03
63.4125 -1019.63
63.3634 -1019.23
63.3144 -1018.84
63.2653 -1018.43
63.2163 -1018.03
63.1673 -1017.62
63.1184 -1017.22
63.0694 -1016.81
63.0204 -1016.39
62.9714 -1015.97
62.9224 -1015.55
62.8735 -1015.13
62.8246 -1014.7
62.7758 -1014.28
62.727 -1013.85
62.6782 -1013.42
62.6294 -1012.99
62.5807 -1012.55
62.5321 -1012.12
62.4835 -1011.68
62.4349 -1011.24
62.3863 -1010.8
62.3378 -1010.36
62.2893 -1009.91
62.2409 -1009.47
62.1924 -1009.04
62.1439 -1008.6
62.0955 -1008.17
62.0471 -1007.73
61.9988 -1007.29
61.9505 -1006.85
61.9022 -1006.41
61.8539 -1005.97
61.8057 -1005.52
61.7576 -1005.08
61.7095 -1004.63
61.6614 -1004.18
61.6133 -1003.73
61.5654 -1003.28
61.5175 -1002.84
61.4697 -1002.4
61.4219 -1001.95
61.3742 -1001.5
61.3265 -1001.06
61.2788 -1000.61
61.2312 -1000.15
61.1836 -999.699
61.1404 -999.303
61.0981 -998.917
61.0558 -998.529
61.0136 -998.14
60.9714 -997.748
60.9292 -997.355
60.8871 -996.96
60.845 -996.564
60.8029 -996.165
60.7609 -995.765
60.7189 -995.363
60.6769 -994.959
60.635 -994.554
60.5931 -994.147
60.5513 -993.738
60.5095 -993.327
60.4677 -992.915
60.426 -992.501
60.3843 -992.085
60.3426 -991.668
60.301 -991.248
60.2594 -990.827
60.2178 -990.404
60.1763 -989.979
60.1348 -989.553
60.0934 -989.124
60.052 -988.694
60.0106 -988.263
59.9693 -987.829
59.928 -987.394
59.8868 -986.957
59.8456 -986.518
59.8044 -986.077
59.7636 -985.645
59.7229 -985.213
59.6822 -984.78
59.6416 -984.345
59.601 -983.908
59.5604 -983.469
59.5199 -983.028
59.4794 -982.586
59.439 -982.142
59.3986 -981.696
59.3583 -981.249
59.3179 -980.799
59.2777 -980.348
59.2374 -979.895
59.1972 -979.441
59.1571 -978.984
59.117 -978.527
59.0769 -978.068
59.0369 -977.607
58.9969 -977.145
58.9569 -976.681
58.917 -976.216
58.8771 -975.749
58.8373 -975.281
58.7975 -974.81
58.7578 -974.338
58.7181 -973.864
58.6784 -973.388
58.6388 -972.911
58.5992 -972.432
58.5597 -971.952
58.5202 -971.469
58.4808 -970.985
58.4414 -970.499
58.402 -970.011
58.3627 -969.522
58.3235 -969.031
58.2842 -968.538
58.2451 -968.043
58.2059 -967.547
58.1668 -967.049
58.128 -966.552
58.092 -966.098
58.0561 -965.642
58.0203 -965.184
57.9844 -964.725
57.9486 -964.264
57.9129 -963.801
57.8772 -963.336
57.8415 -962.87
57.8059 -962.402
57.7703 -961.933
57.7348 -961.462
57.6993 -960.989
57.6638 -960.515
57.6284 -960.038
57.593 -959.56
57.5577 -959.081
57.5224 -958.599
57.4872 -958.116
57.452 -957.632
57.4168 -957.147
57.3817 -956.66
57.3466 -956.182
57.3113 -955.717
57.2761 -955.25
57.2409 -954.782
57.2058 -954.311
57.1707 -953.84
57.1356 -953.366
57.1006 -952.891
57.0657 -952.415
57.0308 -951.936
56.9959 -951.456
56.9611 -950.975
56.9263 -950.492
56.8915 -950.007
56.8569 -949.52
56.8222 -949.032
56.7876 -948.542
56.753 -948.051
56.7185 -947.558
56.684 -947.063
56.6496 -946.567
56.6152 -946.07
56.5809 -945.572
56.5466 -945.071
56.5123 -944.569
56.4781 -944.065
56.4439 -943.56
56.4098 -943.053
56.3757 -942.544
56.3417 -942.034
56.3077 -941.523
56.2738 -941.011
56.2399 -940.498
56.206 -939.983
56.1722 -939.466
56.1385 -938.948
56.1047 -938.428
56.0711 -937.906
56.0375 -937.383
56.0039 -936.859
55.9704 -936.333
55.9369 -935.805
55.9035 -935.276
55.8701 -934.745
55.8368 -934.213
55.8035 -933.679
55.7702 -933.143
55.737 -932.606
55.7039 -932.067
55.6708 -931.528
55.6378 -930.987
55.6047 -930.446
55.5718 -929.902
55.5389 -929.357
55.506 -928.811
55.4732 -928.264
55.4404 -927.715
55.4077 -927.165
55.375 -926.613
55.3424 -926.063
55.3097 -925.512
55.2772 -924.959
55.2446 -924.406
55.2121 -923.852
55.1797 -923.297
55.1473 -922.739
55.1149 -922.181
55.0826 -921.622
55.0516 -921.077
55.022 -920.558
54.9925 -920.039
54.9631 -919.518
54.9337 -918.995
54.9043 -918.471
54.875 -917.946
54.8458 -917.418
54.8166 -916.889
54.7874 -916.359
54.7583 -915.827
54.7293 -915.293
54.7002 -914.757
54.6713 -914.22
54.6424 -913.681
54.6135 -913.141
54.5847 -912.599
54.5559 -912.055
54.5272 -911.51
54.4986 -910.963
54.47 -910.414
54.4414 -909.864
54.4129 -909.312
54.3844 -908.759
54.356 -908.204
54.3276 -907.647
54.2993 -907.089
54.2711 -906.529
54.2429 -905.968
54.2147 -905.405
54.1866 -904.84
54.1585 -904.274
54.1305 -903.705
54.1026 -903.136
54.0747 -902.566
54.0468 -901.995
54.019 -901.422
53.9912 -900.847
53.9635 -900.271
53.9359 -899.693
53.9083 -899.113
53.8807 -898.532
53.8532 -897.949
53.8258 -897.364
53.7984 -896.778
53.7711 -896.19
53.7438 -895.601
53.7166 -895.01
53.6894 -894.417
53.6623 -893.823
53.6352 -893.227
53.6082 -892.629
53.5813 -892.03
53.5544 -891.43
53.5275 -890.827
53.5007 -890.223
53.474 -889.618
53.4473 -889.011
53.4207 -888.402
53.3915 -888.086
53.3651 -887.439
53.3366 -886.902
53.3086 -886.4
53.2807 -885.896
53.2528 -885.39
53.225 -884.883
53.1972 -884.374
53.1695 -883.864
53.1418 -883.352
53.1141 -882.838
53.0865 -882.323
53.059 -881.806
53.0315 -881.288
53.004 -880.768
52.9766 -880.246
52.9492 -879.723
52.9219 -879.199
52.8946 -878.673
52.8674 -878.145
52.8403 -877.616
52.8131 -877.085
52.7861 -876.552
52.759 -876.018
52.7321 -875.483
52.7051 -874.946
52.6782 -874.407
52.6514 -873.866
52.6246 -873.325
52.5979 -872.781
52.5712 -872.236
52.5446 -871.69
52.518 -871.142
52.4915 -870.592
52.465 -870.041
52.4385 -869.489
52.4121 -868.935
52.3858 -868.38
52.3595 -867.823
52.3333 -867.264
52.3071 -866.705
52.2809 -866.144
52.2548 -865.581
52.2288 -865.018
52.2028 -864.454
52.1769 -863.887
52.151 -863.32
52.1251 -862.75
52.0993 -862.179
52.0736 -861.607
52.0479 -861.033
52.0223 -860.457
51.9967 -859.88
51.9712 -859.302
51.9457 -858.721
51.9203 -858.14
51.8949 -857.556
51.8696 -856.971
51.8443 -856.385
51.8191 -855.797
51.7939 -855.207
51.7688 -854.616
51.7438 -854.023
51.7188 -853.428
51.6938 -852.833
51.6689 -852.235
51.6441 -851.636
51.6193 -851.036
51.5946 -850.434
51.5699 -849.83
51.5453 -849.225
51.5207 -848.619
51.4962 -848.012
51.4718 -847.403
51.4474 -846.793
51.4233 -846.186
51.3997 -845.584
51.3761 -844.981
51.3526 -844.376
51.3292 -843.77
51.3058 -843.162
51.2824 -842.553
51.2591 -841.941
51.2359 -841.329
51.2127 -840.715
51.1896 -840.099
51.1666 -839.481
51.1431 -838.887
51.118 -838.395
51.0929 -837.902
51.0678 -837.407
51.0428 -836.911
51.0178 -836.413
50.9929 -835.914
50.968 -835.414
50.9432 -834.912
50.9184 -834.409
50.8936 -833.904
50.8689 -833.398
50.8443 -832.89
50.8197 -832.381
50.7951 -831.871
50.7706 -831.36
50.7461 -830.85
50.7217 -830.339
50.6973 -829.826
50.6729 -829.312
50.6486 -828.796
50.6244 -828.279
50.6002 -827.761
50.576 -827.242
50.5519 -826.722
50.5278 -826.2
50.5038 -825.678
50.4798 -825.154
50.4559 -824.629
50.432 -824.102
50.4081 -823.574
50.3843 -823.045
50.3606 -822.514
50.3369 -821.982
50.3133 -821.448
50.2897 -820.913
50.2661 -820.376
50.2426 -819.838
50.2192 -819.299
50.1958 -818.758
50.1724 -818.216
50.1491 -817.672
50.1258 -817.128
50.1026 -816.583
50.0795 -816.037
50.0563 -815.489
50.0333 -814.94
50.0103 -814.389
49.9873 -813.837
49.9644 -813.284
49.9415 -812.73
49.9187 -812.175
49.8959 -811.619
49.8732 -811.062
49.8505 -810.501
49.8279 -809.939
49.8053 -809.376
49.7827 -808.812
49.7602 -808.246
49.7378 -807.679
49.7154 -807.11
49.6931 -806.54
49.6708 -805.968
49.6486 -805.395
49.6264 -804.82
49.6043 -804.244
49.5822 -803.667
49.5602 -803.088
49.5383 -802.507
49.5163 -801.926
49.4945 -801.343
49.4727 -800.758
49.4509 -800.172
49.4292 -799.585
49.4076 -798.996
49.386 -798.405
49.3644 -797.814
49.343 -797.221
49.3215 -796.627
49.3001 -796.032
49.2788 -795.435
49.2575 -794.837
49.2363 -794.239
49.2151 -793.639
49.194 -793.037
49.1729 -792.435
49.1519 -791.831
49.1309 -791.226
49.11 -790.621
49.0891 -790.014
49.0683 -789.405
49.0475 -788.796
49.0268 -788.185
49.0062 -787.572
48.9856 -786.958
48.965 -786.343
48.9446 -785.726
48.9241 -785.108
48.9038 -784.489
48.8834 -783.869
48.8632 -783.247
48.843 -782.623
48.8228 -781.999
48.8018 -781.435
48.7793 -780.928
48.7569 -780.424
48.7345 -779.918
48.7122 -779.411
48.69 -778.903
48.6677 -778.393
48.6455 -777.882
48.6234 -777.369
48.6013 -776.855
48.5793 -776.34
48.5573 -775.823
48.5353 -775.305
48.5134 -774.786
48.4916 -774.265
48.4698 -773.743
48.448 -773.219
48.4263 -772.695
48.4046 -772.169
48.383 -771.643
48.3614 -771.116
48.3399 -770.588
48.3184 -770.058
48.297 -769.528
48.2756 -768.996
48.2542 -768.463
48.2329 -767.929
48.2116 -767.394
48.1904 -766.857
48.1692 -766.32
48.1481 -765.782
48.127 -765.242
48.106 -764.701
48.085 -764.159
48.0641 -763.615
48.0432 -763.07
48.0224 -762.524
48.0016 -761.976
47.9809 -761.427
47.9602 -760.878
47.9395 -760.326
47.919 -759.774
47.8984 -759.22
47.8779 -758.665
47.8575 -758.108
47.8371 -757.55
47.8167 -756.998
47.7964 -756.444
47.7761 -755.89
47.7559 -755.334
47.7357 -754.777
47.7156 -754.218
47.6944 -753.709
47.6725 -753.178
47.6506 -752.665
47.6287 -752.15
47.6068 -751.634
47.585 -751.117
47.5633 -750.598
47.5416 -750.077
47.5199 -749.556
47.4983 -749.033
47.4767 -748.509
47.4552 -747.983
47.4337 -747.455
47.4122 -746.927
47.3909 -746.397
47.3695 -745.866
47.3482 -745.333
47.327 -744.799
47.3058 -744.263
47.2846 -743.727
47.2635 -743.19
47.2424 -742.652
47.2214 -742.112
47.2005 -741.57
47.1795 -741.027
47.1587 -740.483
47.1379 -739.937
47.1171 -739.389
47.097 -738.857
47.0774 -738.332
47.0578 -737.806
47.0383 -737.278
47.0188 -736.751
46.9994 -736.223
46.9799 -735.694
46.9606 -735.163
46.9413 -734.63
46.922 -734.097
46.9028 -733.561
46.8836 -733.025
46.8645 -732.488
46.8454 -731.949
46.8264 -731.409
46.8074 -730.868
46.7884 -730.326
46.7695 -729.782
46.7507 -729.237
46.7319 -728.69
46.7131 -728.145
46.6944 -727.599
46.6757 -727.051
46.6571 -726.502
46.6385 -725.952
46.62 -725.4
46.6015 -724.848
46.583 -724.297
46.5646 -723.746
46.5462 -723.194
46.5279 -722.641
46.5096 -722.086
46.4914 -721.531
46.4732 -720.973
46.4551 -720.416
46.437 -719.859
46.4189 -719.301
46.4009 -718.741
46.3829 -718.18
46.365 -717.618
46.3472 -717.054
46.3294 -716.489
46.3116 -715.922
46.2939 -715.354
46.2762 -714.786
46.2586 -714.217
46.2411 -713.646
46.2235 -713.074
46.2061 -712.501
46.1887 -711.927
46.1713 -711.351
46.154 -710.774
46.1367 -710.196
46.1195 -709.617
46.1023 -709.036
46.0852 -708.454
46.0685 -707.88
46.0522 -707.315
46.0359 -706.748
46.0197 -706.18
46.0036 -705.612
45.9875 -705.042
45.9714 -704.471
45.9554 -703.898
45.9394 -703.324
45.9235 -702.749
45.9076 -702.173
45.8917 -701.61
45.8759 -701.043
45.86 -700.475
45.8443 -699.906
45.8286 -699.335
45.8129 -698.763
45.7973 -698.19
45.7817 -697.616
45.7662 -697.041
45.7507 -696.464
45.7353 -695.886
45.7199 -695.307
45.7046 -694.727
45.6893 -694.144
45.6741 -693.561
45.659 -692.976
45.6439 -692.39
45.6288 -691.802
45.6138 -691.212
45.5989 -690.622
45.584 -690.029
45.5692 -689.436
45.5544 -688.841
45.5397 -688.246
45.525 -687.65
45.5103 -687.053
45.4957 -686.455
45.4812 -685.855
45.4667 -685.254
45.4523 -684.652
45.4379 -684.048
45.4236 -683.443
45.4093 -682.837
45.3951 -682.229
45.381 -681.62
45.3669 -681.01
45.3528 -680.398
45.3388 -679.786
45.3248 -679.173
45.3109 -678.558
45.2971 -677.942
45.2833 -677.324
45.2696 -676.706
45.2559 -676.087
45.2423 -675.466
45.2287 -674.844
45.2152 -674.22
45.2017 -673.595
45.1883 -672.969
45.175 -672.341
45.1617 -671.712
45.1484 -671.081
45.1353 -670.449
45.1221 -669.816
45.1091 -669.182
45.096 -668.551
45.083 -667.919
45.07 -667.287
45.0571 -666.652
45.0443 -666.016
45.0315 -665.379
45.0187 -664.742
45.006 -664.106
44.9933 -663.468
44.9807 -662.829
44.9682 -662.189
44.9555 -661.559
44.9429 -660.932
44.9303 -660.304
44.9178 -659.676
44.9053 -659.047
44.8929 -658.419
44.8805 -657.79
44.8681 -657.16
44.8558 -656.529
44.8436 -655.896
44.8314 -655.261
44.8193 -654.626
44.8073 -653.989
44.7953 -653.351
44.7833 -652.712
44.7714 -652.072
44.7596 -651.43
44.7478 -650.787
44.7361 -650.142
44.7244 -649.496
44.7128 -648.85
44.7013 -648.204
44.6897 -647.557
44.6783 -646.91
44.6668 -646.262
44.6555 -645.612
44.6442 -644.962
44.6329 -644.309
44.6217 -643.656
44.6106 -643.001
44.5995 -642.349
44.5884 -641.696
44.5774 -641.042
44.5664 -640.387
44.5555 -639.731
44.5447 -639.073
44.5339 -638.414
44.5232 -637.753
44.5125 -637.092
44.5019 -636.429
44.4914 -635.764
44.4809 -635.098
44.4705 -634.431
44.4601 -633.763
44.4498 -633.093
44.4396 -632.422
44.4294 -631.75
44.4193 -631.077
44.4092 -630.402
44.3992 -629.727
44.3892 -629.051
44.3793 -628.375
44.3694 -627.698
44.3596 -627.02
44.3499 -626.341
44.3402 -625.661
44.3306 -624.979
44.321 -624.296
44.3116 -623.611
44.3021 -622.925
44.2928 -622.238
44.2835 -621.549
44.2742 -620.86
44.265 -620.169
44.2559 -619.478
44.2468 -618.785
44.2377 -618.098
44.2286 -617.418
44.2195 -616.738
44.2104 -616.056
44.2014 -615.373
44.1925 -614.688
44.1837 -614.002
44.1749 -613.315
44.1662 -612.627
44.1575 -611.941
44.1488 -611.255
44.1402 -610.567
44.1316 -609.879
44.1232 -609.189
44.1147 -608.498
44.1064 -607.806
44.0981 -607.113
44.0898 -606.418
44.0816 -605.722
44.0735 -605.025
44.0655 -604.326
44.0575 -603.626
44.0496 -602.925
44.0417 -602.223
44.0339 -601.519
44.0262 -600.814
44.0185 -600.108
44.0109 -599.401
44.0033 -598.692
43.9958 -597.982
43.9884 -597.27
43.9811 -596.558
43.9738 -595.844
43.9665 -595.129
43.9594 -594.412
43.9523 -593.695
43.9452 -592.977
43.9382 -592.259
43.9312 -591.541
43.9243 -590.822
43.9175 -590.102
43.9107 -589.383
43.904 -588.662
43.8973 -587.94
43.8907 -587.217
43.8841 -586.492
43.8776 -585.766
43.8712 -585.04
43.8649 -584.312
43.8586 -583.582
43.8523 -582.852
43.8462 -582.12
43.8401 -581.387
43.8341 -580.652
43.8281 -579.916
43.8222 -579.179
43.8164 -578.44
43.8107 -577.7
43.805 -576.96
43.7993 -576.219
43.7937 -575.477
43.7882 -574.734
43.7827 -573.99
43.7773 -573.245
43.772 -572.498
43.7668 -571.75
43.7616 -571.001
43.7564 -570.252
43.7514 -569.502
43.7463 -568.75
43.7414 -567.997
43.7365 -567.244
43.7317 -566.49
43.7267 -565.749
43.7216 -565.011
43.7167 -564.273
43.7118 -563.533
43.707 -562.792
43.7022 -562.05
43.6975 -561.307
43.6928 -560.563
43.6882 -559.82
43.6836 -559.08
43.6791 -558.339
43.6746 -557.596
43.6702 -556.852
43.6658 -556.107
43.6615 -555.36
43.6573 -554.613
43.6532 -553.863
43.6491 -553.116
43.645 -552.37
43.6409 -551.625
43.6369 -550.88
43.6329 -550.133
43.629 -549.385
43.6251 -548.639
43.6213 -547.892
43.6176 -547.143
43.6139 -546.393
43.6104 -545.642
43.6068 -544.889
43.6033 -544.139
43.5998 -543.39
43.5964 -542.64
43.593 -541.889
43.5897 -541.137
43.5865 -540.385
43.5833 -539.632
43.5801 -538.882
43.5769 -538.131
43.5739 -537.378
43.5709 -536.625
43.5679 -535.87
43.5651 -535.114
43.5623 -534.358
43.5595 -533.6
43.5568 -532.841
43.5542 -532.082
43.5517 -531.321
43.5492 -530.561
43.5467 -529.801
43.5443 -529.04
43.542 -528.278
43.5397 -527.514
43.5375 -526.75
43.5354 -525.984
43.5333 -525.218
43.5313 -524.451
43.5294 -523.683
43.5275 -522.914
43.5257 -522.144
43.524 -521.373
43.5223 -520.6
43.5207 -519.826
43.5192 -519.051
43.5177 -518.276
43.5164 -517.499
43.515 -516.722
43.5137 -515.943
43.5125 -515.165
43.5114 -514.386
43.5103 -513.606
43.5093 -512.825
43.5083 -512.043
43.5074 -511.259
43.5066 -510.475
43.5058 -509.689
43.5052 -508.903
43.5046 -508.115
43.504 -507.325
43.5036 -506.535
43.5032 -505.744
43.5028 -504.951
43.5026 -504.157
43.5024 -503.362
43.5023 -502.565
43.5023 -501.768
43.5023 -500.969
43.5024 -500.17
43.5026 -499.37
43.5028 -498.571
43.5028 -497.78
43.5029 -496.99
43.503 -496.2
43.5032 -495.409
43.5035 -494.616
43.5038 -493.823
43.5042 -493.029
43.5047 -492.234
43.5053 -491.437
43.5059 -490.639
43.5066 -489.84
43.5073 -489.039
43.5082 -488.238
43.5091 -487.436
43.51 -486.635
43.511 -485.832
43.5121 -485.028
43.5132 -484.223
43.5145 -483.417
43.5158 -482.609
43.5172 -481.801
43.5186 -480.991
43.5201 -480.18
43.5217 -479.37
43.5233 -478.558
43.525 -477.745
43.5268 -476.931
43.5287 -476.115
43.5306 -475.299
43.5326 -474.482
43.5346 -473.664
43.5367 -472.845
43.5389 -472.025
43.5412 -471.203
43.5436 -470.38
43.5459 -469.559
43.548 -468.746
43.5502 -467.933
43.5524 -467.118
43.5548 -466.301
43.5571 -465.484
43.5596 -464.665
43.5622 -463.845
43.5648 -463.024
43.5675 -462.202
43.5702 -461.379
43.573 -460.555
43.5759 -459.73
43.5789 -458.905
43.5819 -458.079
43.585 -457.251
43.5882 -456.423
43.5914 -455.594
43.5947 -454.765
43.598 -453.937
43.6013 -453.108
43.6047 -452.282
43.6081 -451.456
43.6116 -450.629
43.6151 -449.802
43.6187 -448.975
43.6223 -448.146
43.6261 -447.317
43.6299 -446.486
43.6338 -445.654
43.6377 -444.82
43.6418 -443.986
43.6458 -443.155
43.6499 -442.323
43.654 -441.491
43.6582 -440.658
43.6625 -439.825
43.6668 -438.991
43.6712 -438.155
43.6751 -437.34
43.6762 -436.612
43.6774 -435.882
43.6787 -435.152
43.68 -434.42
43.6814 -433.69
43.6827 -432.962
43.6841 -432.234
43.6855 -431.504
43.687 -430.774
43.6886 -430.042
43.6902 -429.31
43.6919 -428.577
43.6937 -427.843
43.6955 -427.108
43.6973 -426.373
43.6993 -425.637
43.7013 -424.899
43.7033 -424.161
43.7055 -423.422
43.7076 -422.682
43.7099 -421.941
43.7122 -421.2
43.7146 -420.458
43.717 -419.715
43.7195 -418.972
43.722 -418.228
43.7246 -417.483
43.7273 -416.737
43.73 -415.99
43.7328 -415.242
43.7357 -414.494
43.7386 -413.746
43.7416 -412.997
43.7446 -412.246
43.7477 -411.496
43.7508 -410.746
43.7539 -409.997
43.7571 -409.247
43.7604 -408.497
43.7638 -407.745
43.7671 -406.994
43.7706 -406.241
43.774 -405.492
43.7775 -404.742
43.7811 -403.991
43.7847 -403.238
43.7883 -402.487
43.7921 -401.734
43.7958 -400.983
43.7996 -400.232
43.8034 -399.481
43.8073 -398.729
43.8113 -397.977
43.8153 -397.225
43.8193 -396.472
43.8235 -395.717
43.8277 -394.962
43.8319 -394.206
43.8363 -393.449
43.8407 -392.69
43.8448 -391.938
43.8487 -391.193
43.8526 -390.448
43.8566 -389.702
43.8606 -388.956
43.8647 -388.208
43.8689 -387.46
43.8731 -386.712
43.8773 -385.964
43.8816 -385.216
43.886 -384.466
43.8904 -383.715
43.8949 -382.964
43.8995 -382.212
43.9041 -381.459
43.9088 -380.705
43.9136 -379.95
43.9184 -379.195
43.9233 -378.438
43.9282 -377.682
43.9332 -376.927
43.9382 -376.171
43.9433 -375.414
43.9484 -374.656
43.9536 -373.898
43.9589 -373.139
43.9643 -372.378
43.9697 -371.617
43.9751 -370.857
43.9806 -370.097
43.9861 -369.337
43.9917 -368.576
43.9974 -367.814
44.0031 -367.052
44.0089 -366.288
44.0147 -365.524
44.0206 -364.76
44.0266 -363.994
44.0326 -363.228
44.0387 -362.461
44.0449 -361.694
44.0511 -360.926
44.0573 -360.158
44.0637 -359.389
44.0701 -358.618
44.0766 -357.847
44.0831 -357.074
44.0897 -356.302
44.0964 -355.529
44.103 -354.757
44.1098 -353.985
44.1165 -353.214
44.1233 -352.443
44.1302 -351.671
44.1372 -350.902
44.1443 -350.137
44.1514 -349.37
44.1587 -348.602
44.166 -347.834
44.1734 -347.064
44.1808 -346.293
44.1883 -345.522
44.1959 -344.75
44.2035 -343.978
44.2111 -343.206
44.2189 -342.433
44.2267 -341.658
44.2346 -340.882
44.2425 -340.108
44.2497 -339.348
44.2549 -338.666
44.2601 -337.975
44.2654 -337.283
44.2708 -336.59
44.2762 -335.896
44.2816 -335.203
44.2871 -334.511
44.2926 -333.819
44.2981 -333.127
44.3037 -332.435
44.3094 -331.742
44.315 -331.052
44.3207 -330.362
44.3264 -329.673
44.3321 -328.984
44.3379 -328.293
44.3438 -327.602
44.3497 -326.91
44.3557 -326.219
44.3616 -325.529
44.3676 -324.839
44.3737 -324.15
44.3798 -323.461
44.3859 -322.77
44.3921 -322.078
44.3984 -321.386
44.4047 -320.692
44.4111 -319.998
44.4176 -319.303
44.4241 -318.608
44.4306 -317.912
44.4372 -317.215
44.4439 -316.518
44.4507 -315.819
44.4575 -315.12
44.4643 -314.42
44.4712 -313.719
44.4782 -313.019
44.4852 -312.319
44.4923 -311.617
44.4994 -310.915
44.5066 -310.211
44.5138 -309.507
44.5211 -308.804
44.5284 -308.102
44.5354 -307.407
44.5421 -306.72
44.5488 -306.032
44.5556 -305.344
44.5625 -304.654
44.5694 -303.964
44.5763 -303.273
44.5834 -302.581
44.5905 -301.888
44.5976 -301.194
44.6049 -300.499
44.6122 -299.803
44.6195 -299.106
44.6269 -298.408
44.6336 -297.734
44.6403 -297.058
44.6471 -296.382
44.654 -295.706
44.6609 -295.029
44.6678 -294.351
44.6748 -293.673
44.6819 -292.995
44.689 -292.316
44.6961 -291.639
44.7032 -290.96
44.7105 -290.281
44.7178 -289.601
44.7251 -288.92
44.7325 -288.238
44.74 -287.555
44.7475 -286.871
44.7551 -286.186
44.7628 -285.501
44.7704 -284.816
44.7782 -284.132
44.7859 -283.447
44.7938 -282.76
44.8017 -282.073
44.8096 -281.386
44.8176 -280.698
44.8257 -280.01
44.8338 -279.321
44.8419 -278.632
44.8501 -277.942
44.8584 -277.251
44.8668 -276.56
44.8751 -275.869
44.8836 -275.177
44.8921 -274.484
44.9006 -273.791
44.9092 -273.098
44.9178 -272.403
44.9265 -271.709
44.9353 -271.014
44.9441 -270.318
44.953 -269.622
44.9619 -268.926
44.9709 -268.23
44.9799 -267.533
44.9889 -266.835
44.998 -266.138
45.0072 -265.441
45.0164 -264.743
45.0257 -264.044
45.035 -263.344
45.0444 -262.644
45.0538 -261.946
45.0632 -261.248
45.0726 -260.551
45.0821 -259.853
45.0917 -259.155
45.1013 -258.457
45.1109 -257.76
45.1206 -257.063
45.1302 -256.365
45.1399 -255.668
45.1497 -254.971
45.1595 -254.273
45.1694 -253.574
45.1793 -252.874
45.1893 -252.173
45.1994 -251.471
45.2095 -250.769
45.2197 -250.067
45.2296 -249.37
45.2394 -248.676
45.2492 -247.981
45.2591 -247.285
45.2691 -246.589
45.2791 -245.894
45.2891 -245.198
45.2992 -244.502
45.3093 -243.805
45.3195 -243.108
45.3298 -242.409
45.3401 -241.709
45.3505 -241.009
45.361 -240.308
45.3715 -239.607
45.382 -238.905
45.3926 -238.203
45.4033 -237.5
45.414 -236.796
45.4248 -236.092
45.4357 -235.386
45.4466 -234.68
45.4576 -233.972
45.4687 -233.265
45.4798 -232.556
45.4909 -231.848
45.5021 -231.141
45.5133 -230.432
45.5246 -229.723
45.536 -229.014
45.5474 -228.304
45.5588 -227.594
45.5703 -226.883
45.5819 -226.171
45.5935 -225.461
45.6052 -224.75
45.6169 -224.038
45.6286 -223.325
45.6405 -222.613
45.6523 -221.9
45.6642 -221.19
45.676 -220.48
45.688 -219.77
45.6999 -219.06
45.712 -218.349
45.7241 -217.637
45.7362 -216.927
45.7483 -216.217
45.7605 -215.507
45.7727 -214.796
45.785 -214.087
45.7973 -213.377
45.8094 -212.67
45.8216 -211.964
45.8338 -211.256
45.8461 -210.55
45.8584 -209.843
45.8708 -209.136
45.8832 -208.427
45.8957 -207.718
45.9083 -207.008
45.9209 -206.298
45.9336 -205.588
45.9463 -204.877
45.9591 -204.165
45.9719 -203.452
45.9848 -202.738
45.9978 -202.024
46.0109 -201.309
46.024 -200.593
46.0371 -199.877
46.0503 -199.161
46.0636 -198.445
46.0769 -197.728
46.0903 -197.01
46.1037 -196.291
46.1172 -195.572
46.1308 -194.851
46.1444 -194.13
46.1581 -193.408
46.1719 -192.685
46.1858 -191.961
46.1996 -191.237
46.2136 -190.513
46.2276 -189.788
46.2416 -189.063
46.2557 -188.337
46.2699 -187.611
46.2842 -186.883
46.2985 -186.155
46.3129 -185.426
46.3273 -184.696
46.3418 -183.966
46.3532 -183.313
46.3645 -182.684
46.3758 -182.045
46.3872 -181.406
46.3986 -180.766
46.4101 -180.127
46.4216 -179.486
46.4331 -178.846
46.4448 -178.205
46.4564 -177.563
46.4681 -176.921
46.4799 -176.279
46.4917 -175.635
46.5036 -174.991
46.5155 -174.348
46.5274 -173.705
46.5394 -173.061
46.5514 -172.417
46.5635 -171.772
46.5757 -171.126
46.5879 -170.479
46.6001 -169.832
46.6125 -169.184
46.6248 -168.537
46.6371 -167.891
46.6496 -167.244
46.662 -166.596
46.6745 -165.948
46.6871 -165.301
46.6997 -164.652
46.7124 -164.003
46.7251 -163.354
46.7378 -162.705
46.7506 -162.056
46.7634 -161.406
46.7763 -160.755
46.7893 -160.105
46.8022 -159.454
46.8153 -158.803
46.8283 -158.152
46.8415 -157.501
46.8546 -156.849
46.8678 -156.197
46.8811 -155.546
46.8943 -154.896
46.9076 -154.245
46.921 -153.593
46.9344 -152.94
46.9479 -152.288
46.9613 -151.637
46.9748 -150.986
46.9884 -150.334
47.002 -149.681
47.0157 -149.028
47.0294 -148.374
47.0432 -147.721
47.057 -147.07
47.0708 -146.418
47.0846 -145.765
47.0985 -145.112
47.1125 -144.459
47.1265 -143.806
47.1405 -143.154
47.1545 -142.503
47.1686 -141.851
47.1827 -141.199
47.1969 -140.546
47.2111 -139.894
47.2253 -139.241
47.2396 -138.59
47.2539 -137.939
47.2683 -137.287
47.2827 -136.634
47.2971 -135.981
47.3115 -135.332
47.326 -134.682
47.3404 -134.034
47.355 -133.385
47.3695 -132.736
47.3841 -132.088
47.3986 -131.441
47.4133 -130.794
47.4279 -130.148
47.4425 -129.502
47.4572 -128.857
47.4719 -128.212
47.4867 -127.566
47.5015 -126.922
47.5163 -126.278
47.5311 -125.633
47.546 -124.988
47.561 -124.344
47.5759 -123.7
47.5909 -123.055
47.606 -122.41
47.6211 -121.767
47.6362 -121.122
47.6513 -120.478
47.6666 -119.834
47.6818 -119.19
47.6971 -118.545
47.7124 -117.899
47.7278 -117.253
47.7433 -116.607
47.7588 -115.962
47.7743 -115.316
47.7898 -114.671
47.8054 -114.027
47.821 -113.382
47.8366 -112.736
47.8523 -112.093
47.868 -111.449
47.8837 -110.804
47.8995 -110.16
47.9154 -109.515
47.9312 -108.871
47.9471 -108.227
47.9631 -107.583
47.9791 -106.938
47.9951 -106.294
48.0111 -105.65
48.0272 -105.007
48.0433 -104.362
48.0595 -103.717
48.0758 -103.071
48.0921 -102.426
48.1084 -101.78
48.1248 -101.134
48.1394 -100.54
48.1531 -99.9704
48.1669 -99.4
48.1807 -98.8289
48.1946 -98.2575
48.2085 -97.6863
48.2224 -97.1145
48.2364 -96.542
48.2505 -95.9692
48.2646 -95.3961
48.2786 -94.8269
48.2889 -94.3525
48.2993 -93.8779
48.3097 -93.4032
48.3202 -92.9282
48.3306 -92.4528
48.3412 -91.9769
48.3517 -91.5004
48.3623 -91.0236
48.373 -90.5475
48.3836 -90.071
48.3943 -89.5939
48.4051 -89.1165
48.4158 -88.6406
48.4266 -88.1642
48.4373 -87.6896
48.4478 -87.2203
48.4584 -86.7505
48.469 -86.2801
48.4796 -85.8092
48.4903 -85.3377
48.5011 -84.8657
48.5118 -84.3933
48.5226 -83.9208
48.5332 -83.4542
48.5437 -82.9907
48.5542 -82.5271
48.5648 -82.063
48.5753 -81.5984
48.586 -81.1333
48.5966 -80.6678
48.6074 -80.2016
48.6181 -79.7355
48.6289 -79.2689
48.6397 -78.8026
48.6505 -78.3358
48.6614 -77.8685
48.6724 -77.4009
48.6833 -76.9341
48.6942 -76.4678
48.7052 -76.001
48.7162 -75.5342
48.7273 -75.0675
48.7357 -74.6707
48.7439 -74.2785
48.7522 -73.8857
48.7606 -73.4925
48.7689 -73.0992
48.7773 -72.7059
48.7857 -72.3121
48.7942 -71.9178
48.8027 -71.523
48.8112 -71.1277
48.8198 -70.7322
48.8284 -70.3363
48.837 -69.94
48.8457 -69.5436
48.8543 -69.1467
48.8631 -68.7492
48.8718 -68.3513
48.8806 -67.953
48.8895 -67.5545
48.8983 -67.1558
48.9072 -66.7571
48.9161 -66.3578
48.9251 -65.9581
48.9341 -65.5579
48.9431 -65.1572
48.9522 -64.756
48.9613 -64.3543
48.9704 -63.9523
48.9796 -63.5501
48.9888 -63.1475
48.998 -62.7444
49.0073 -62.3408
49.0166 -61.9369
49.0259 -61.5326
49.0353 -61.1277
49.0447 -60.7224
49.0542 -60.3168
49.0637 -59.9107
49.0732 -59.5043
49.0828 -59.0974
49.0924 -58.6901
49.102 -58.2823
49.1117 -57.874
49.1214 -57.4652
49.1311 -57.056
49.1409 -56.6467
49.1507 -56.2368
49.1605 -55.8265
49.1704 -55.4161
49.1803 -55.0057
49.1902 -54.5952
49.2002 -54.1842
49.2102 -53.7731
49.2202 -53.3615
49.2303 -52.9496
49.2404 -52.538
49.2505 -52.1264
49.2606 -51.7143
49.2708 -51.3018
49.281 -50.8888
49.2912 -50.4774
49.3013 -50.0683
49.3114 -49.6588
49.3215 -49.2498
49.3317 -48.8405
49.3419 -48.4309
49.3521 -48.0209
49.3621 -47.615
49.3722 -47.21
49.3823 -46.8045
49.3924 -46.3988
49.4025 -45.9928
49.4127 -45.5864
49.4229 -45.1799
49.4331 -44.775
49.4432 -44.3719
49.4534 -43.9682
49.4637 -43.5645
49.4739 -43.1623
49.4841 -42.7597
49.4944 -42.3568
49.5039 -41.8936
49.513 -41.5263
49.5221 -41.1127
49.5312 -40.6956
49.5402 -40.2738
49.5493 -39.8503
49.5565 -39.3625
49.5621 -38.8257
49.5678 -38.288
49.5734 -37.7485
49.5791 -37.2083
49.5848 -36.6609
49.5903 -36.1045
49.5959 -35.5475
49.6015 -34.9901
49.6071 -34.4329
49.6128 -33.8757
49.6186 -33.3178
49.6244 -32.7592
49.6302 -32.2001
49.6361 -31.6405
49.642 -31.0805
49.648 -30.5198
49.654 -29.9594
49.6601 -29.3988
49.6661 -28.8384
49.6722 -28.2783
49.6812 -27.8051
49.692 -27.3864
49.7028 -26.9669
49.7137 -26.5466
49.7246 -26.1255
49.7355 -25.7041
49.7465 -25.284
49.7574 -24.8631
49.7684 -24.442
49.7795 -24.0202
49.7906 -23.5976
49.8017 -23.1742
49.8128 -22.7502
49.824 -22.3268
49.8352 -21.9031
49.8464 -21.479
49.8577 -21.054
49.869 -20.6283
49.8804 -20.2019
49.8918 -19.7748
49.9032 -19.3471
49.9147 -18.9186
49.9262 -18.4894
49.9377 -18.0594
49.9489 -17.6082
49.9589 -17.0964
49.9688 -16.5823
49.9788 -16.0654
49.9888 -15.5456
49.9987 -15.0232
50.0087 -14.4976
50.0186 -13.9686
50.0285 -13.436
50.0384 -12.8999
50.0483 -12.3602
50.0582 -11.818
50.0679 -11.2727
50.0777 -10.7231
50.0883 -10.2253
50.0992 -9.73843
50.1081 -9.1686
50.1145 -8.48524
50.121 -7.80144
50.1283 -7.15712
50.1394 -6.69847
50.1505 -6.23928
50.1616 -5.77928
50.1728 -5.31848
50.1843 -4.86241
50.1964 -4.41983
50.2086 -3.97673
50.2209 -3.53282
50.2331 -3.0881
50.2454 -2.64257
50.2578 -2.19623
50.2702 -1.74908
50.2826 -1.30118
50.2951 -0.853162
50.3076 -0.40433
50.3201 0.0451949
50.3327 0.494935
50.3453 0.945482
50.358 1.39627
50.3706 1.84542
50.3833 2.29484
50.396 2.74488
50.4088 3.19573
50.4216 3.64738
50.4344 4.0997
50.4473 4.5525
50.4602 5.00024
50.4737 5.43251
50.4873 5.86465
50.5009 6.29737
50.5145 6.7309
50.5282 7.16523
50.542 7.60037
50.5557 8.03626
50.5695 8.47221
50.5833 8.90814
50.5972 9.34488
50.6087 9.76384
50.6196 10.1772
50.6306 10.5922
50.6416 11.0079
50.6527 11.4245
50.6637 11.8419
50.6749 12.2601
50.6861 12.6791
50.6973 13.0989
50.7085 13.5193
50.7198 13.9403
50.7311 14.3611
50.7424 14.7822
50.7538 15.204
50.7652 15.6257
50.7766 16.0482
50.7881 16.4714
50.7996 16.8952
50.8111 17.3199
50.8227 17.7453
50.8343 18.1716
50.846 18.5986
50.8575 19.0248
50.869 19.4485
50.8804 19.8712
50.892 20.2946
50.9035 20.7184
50.915 21.1411
50.9266 21.5646
50.9382 21.9889
50.9499 22.4139
50.9616 22.8398
50.9733 23.2664
50.9851 23.6938
50.9969 24.122
51.0088 24.551
51.0193 24.97
51.0284 25.3665
51.0376 25.7672
51.0467 26.1686
51.0559 26.5708
51.0652 26.9738
51.0745 27.3776
51.0838 27.7823
51.0931 28.1877
51.1025 28.5936
51.1119 29.0004
51.1214 29.4074
51.1309 29.8145
51.1404 30.222
51.1499 30.6297
51.1595 31.0377
51.1691 31.4466
51.1787 31.8563
51.1884 32.2668
51.1981 32.6781
51.2078 33.0902
51.2176 33.5031
51.2275 33.9167
51.2373 34.3312
51.2472 34.7463
51.2572 35.162
51.2671 35.5783
51.2771 35.9951
51.2872 36.4126
51.2973 36.8309
51.3074 37.2499
51.3175 37.6695
51.3277 38.0896
51.3379 38.5106
51.3482 38.9323
51.3585 39.3548
51.3688 39.7772
51.3792 40.2003
51.3896 40.6241
51.4 41.0487
51.4105 41.4737
51.421 41.8995
51.4316 42.3259
51.4421 42.7526
51.4527 43.1778
51.4633 43.6028
51.4739 44.0285
51.4846 44.4549
51.4953 44.8822
51.5061 45.3103
51.5169 45.7391
51.5277 46.1688
51.5386 46.599
51.5495 47.0299
51.5604 47.4616
51.5714 47.8941
51.5825 48.3274
51.5935 48.7615
51.6046 49.1964
51.6158 49.6321
51.6269 50.0675
51.6379 50.4917
51.6488 50.9158
51.6597 51.3405
51.6706 51.7646
51.6815 52.1889
51.6925 52.6141
51.7035 53.0395
51.7146 53.4653
51.7256 53.8918
51.7368 54.3191
51.7479 54.7472
51.7591 55.1761
51.7704 55.6056
51.7816 56.0358
51.7929 56.4652
51.8043 56.8955
51.8156 57.3248
51.827 57.7547
51.8384 58.1853
51.8498 58.6168
51.8613 59.049
51.8729 59.4819
51.8844 59.9147
51.896 60.3463
51.9076 60.778
51.9192 61.2101
51.9308 61.6418
51.9425 62.0738
51.9542 62.5066
51.966 62.9402
51.9777 63.3745
51.9896 63.8095
52.0014 64.2451
52.0133 64.6816
52.0253 65.1188
52.0373 65.555
52.0492 65.9911
52.0613 66.4281
52.0733 66.8658
52.0854 67.3033
52.0975 67.74
52.1096 68.1774
52.1218 68.6146
52.134 69.0514
52.1462 69.4889
52.1584 69.9271
52.1707 70.3661
52.183 70.8024
52.1953 71.2373
52.2076 71.6727
52.2199 72.1089
52.2323 72.5458
52.2447 72.9818
52.2571 73.4174
52.2695 73.8538
52.282 74.2905
52.2945 74.7269
52.307 75.164
52.3196 75.6018
52.3322 76.0404
52.3448 76.4758
52.3574 76.9106
52.37 77.3461
52.3827 77.7823
52.3954 78.2193
52.4082 78.6569
52.421 79.0953
52.4338 79.5344
52.4467 79.9739
52.4596 80.414
52.4725 80.8545
52.4855 81.2951
52.4985 81.7365
52.5116 82.1786
52.5247 82.6213
52.5378 83.0646
52.551 83.508
52.5642 83.9516
52.5774 84.3954
52.5906 84.84
52.604 85.2853
52.6173 85.7314
52.6307 86.1778
52.6441 86.6244
52.6575 87.0714
52.671 87.5189
52.6845 87.9668
52.6981 88.4149
52.7117 88.8638
52.7253 89.3134
52.739 89.7637
52.7527 90.2147
52.7665 90.6665
52.7803 91.119
52.7941 91.572
52.808 92.0249
52.8218 92.4765
52.8357 92.927
52.8496 93.3776
52.8635 93.8289
52.8775 94.2802
52.8915 94.7317
52.9055 95.1833
52.9196 95.6353
52.9336 96.0859
52.9477 96.5348
52.9618 96.9839
52.9759 97.4333
52.9901 97.8834
53.0043 98.3342
53.0185 98.7856
53.0328 99.2378
53.0472 99.6905
53.0615 100.144
53.0759 100.597
53.0904 101.051
53.1048 101.506
53.1194 101.962
53.1339 102.418
53.1485 102.875
53.1632 103.332
53.1779 103.79
53.1926 104.249
53.2074 104.709
53.2221 105.168
53.237 105.628
53.2518 106.088
53.2667 106.547
53.2816 107.008
53.2966 107.469
53.3116 107.931
53.3266 108.392
53.3417 108.855
53.3568 109.318
53.372 109.782
53.3871 110.245
53.4023 110.708
53.4174 111.166
53.4326 111.624
53.4478 112.083
53.463 112.543
53.4783 113.004
53.4936 113.465
53.509 113.927
53.5244 114.389
53.5398 114.852
53.5553 115.316
53.5709 115.78
53.5864 116.245
53.602 116.71
53.6177 117.176
53.6333 117.642
53.6491 118.108
53.6648 118.575
53.6806 119.043
53.6965 119.512
53.7123 119.981
53.7283 120.451
53.7442 120.921
53.7603 121.392
53.7763 121.864
53.7924 122.337
53.8086 122.81
53.8247 123.284
53.841 123.758
53.8572 124.233
53.8736 124.709
53.8899 125.186
53.9063 125.663
53.9228 126.141
53.9392 126.62
53.9558 127.099
53.9724 127.579
53.989 128.06
54.0056 128.541
54.0223 129.023
54.0391 129.506
54.0559 129.99
54.0727 130.474
54.0896 130.959
54.1066 131.445
54.1235 131.931
54.1405 132.417
54.1576 132.903
54.1747 133.391
54.1912 133.876
54.2075 134.36
54.2238 134.845
54.2402 135.331
54.2566 135.815
54.273 136.298
54.2895 136.781
54.3059 137.264
54.3224 137.747
54.339 138.231
54.3555 138.716
54.3722 139.201
54.3888 139.688
54.4055 140.173
54.4223 140.659
54.439 141.145
54.4558 141.632
54.4727 142.12
54.4896 142.608
54.5065 143.096
54.5235 143.586
54.5405 144.076
54.5576 144.566
54.5747 145.057
54.5918 145.548
54.609 146.039
54.6262 146.53
54.6435 147.022
54.6608 147.515
54.6781 148.009
54.6955 148.502
54.7129 148.997
54.7304 149.491
54.7478 149.986
54.7654 150.48
54.7829 150.975
54.8005 151.471
54.8182 151.968
54.8359 152.465
54.8536 152.963
54.8714 153.462
54.8893 153.961
54.9072 154.461
54.9251 154.961
54.943 155.461
54.961 155.961
54.979 156.461
54.997 156.962
55.0151 157.463
55.0333 157.965
55.0515 158.468
55.0697 158.97
55.0878 159.468
55.106 159.967
55.1242 160.465
55.1425 160.964
55.1608 161.464
55.1791 161.964
55.1975 162.465
55.2159 162.966
55.2344 163.466
55.2529 163.968
55.2714 164.47
55.29 164.973
55.3087 165.477
55.3273 165.981
55.3461 166.485
55.3648 166.989
55.3836 167.494
55.4024 168
55.4213 168.506
55.4402 169.012
55.4592 169.518
55.4782 170.025
55.4972 170.533
55.5163 171.042
55.5354 171.55
55.5545 172.057
55.5737 172.563
55.5928 173.069
55.612 173.576
55.6313 174.084
55.6506 174.592
55.6699 175.101
55.6893 175.609
55.7087 176.119
55.7281 176.627
55.7476 177.136
55.7671 177.645
55.7867 178.155
55.8063 178.665
55.8259 179.176
55.8456 179.687
55.8653 180.198
55.8851 180.709
55.9049 181.221
55.9247 181.734
55.9445 182.245
55.9644 182.756
55.9843 183.268
56.0043 183.78
56.0243 184.293
56.0443 184.806
56.0644 185.32
56.0846 185.835
56.1047 186.349
56.125 186.865
56.1451 187.377
56.1653 187.888
56.1855 188.401
56.2058 188.912
56.2261 189.423
56.2464 189.934
56.2667 190.446
56.2871 190.957
56.3075 191.469
56.3278 191.977
56.3482 192.485
56.3686 192.993
56.3891 193.501
56.4095 194.009
56.43 194.517
56.4506 195.027
56.4712 195.536
56.4919 196.047
56.5126 196.558
56.5333 197.07
56.5533 197.574
56.5733 198.078
56.5932 198.582
56.6132 199.086
56.6333 199.589
56.6534 200.094
56.6735 200.599
56.6937 201.104
56.7139 201.61
56.7341 202.116
56.7544 202.623
56.7748 203.131
56.7952 203.639
56.8156 204.148
56.8361 204.657
56.8566 205.167
56.8772 205.677
56.8978 206.187
56.9185 206.698
56.9392 207.21
56.9599 207.723
56.9807 208.236
57.0015 208.749
57.0224 209.264
57.0434 209.778
57.0644 210.294
57.0852 210.805
57.1062 211.315
57.1271 211.824
57.148 212.334
57.169 212.844
57.1901 213.354
57.2111 213.865
57.2323 214.376
57.2535 214.889
57.2747 215.401
57.2959 215.915
57.3172 216.428
57.3386 216.942
57.36 217.456
57.3814 217.97
57.4028 218.483
57.4243 218.996
57.4457 219.509
57.4673 220.023
57.4888 220.537
57.5105 221.052
57.5321 221.566
57.5538 222.082
57.5756 222.598
57.5974 223.114
57.6192 223.631
57.641 224.147
57.6629 224.663
57.6849 225.181
57.7068 225.698
57.7288 226.216
57.7509 226.734
57.773 227.252
57.7951 227.771
57.8173 228.291
57.8396 228.81
57.8618 229.331
57.8842 229.852
57.9065 230.373
57.9289 230.894
57.9513 231.416
57.9738 231.938
57.9964 232.461
58.0189 232.983
58.0415 233.506
58.0641 234.029
58.0868 234.552
58.1095 235.074
58.1322 235.596
58.155 236.12
58.1778 236.643
58.2006 237.168
58.2235 237.693
58.2465 238.217
58.2694 238.741
58.2924 239.265
58.3154 239.788
58.3383 240.308
58.3613 240.828
58.3843 241.347
58.4073 241.867
58.4303 242.387
58.4534 242.907
58.4766 243.428
58.4998 243.95
58.523 244.472
58.5463 244.994
58.5696 245.516
58.5929 246.037
58.6163 246.559
58.6397 247.082
58.6632 247.605
58.6867 248.128
58.7102 248.652
58.7338 249.177
58.7574 249.702
58.7811 250.226
58.8048 250.75
58.8285 251.274
58.8522 251.797
58.8759 252.319
58.8996 252.84
58.9234 253.361
58.9472 253.883
58.9711 254.405
58.995 254.928
59.0189 255.45
59.0428 255.973
59.0668 256.496
59.0909 257.02
59.115 257.544
59.1391 258.068
59.1632 258.589
59.1873 259.111
59.2115 259.633
59.2357 260.155
59.2599 260.675
59.2841 261.195
59.3083 261.716
59.3326 262.237
59.3569 262.758
59.3813 263.279
59.4057 263.802
59.4302 264.324
59.4547 264.848
59.4793 265.371
59.5038 265.894
59.5285 266.418
59.5531 266.941
59.5778 267.466
59.6026 267.99
59.6274 268.515
59.652 269.04
59.6766 269.565
59.7012 270.09
59.7258 270.614
59.7504 271.136
59.7751 271.658
59.7997 272.18
59.8244 272.703
59.8492 273.225
59.8739 273.748
59.8988 274.271
59.9236 274.794
59.9485 275.318
59.9735 275.841
59.9984 276.363
60.0233 276.884
60.0482 277.404
60.0732 277.925
60.0982 278.445
60.1233 278.966
60.1483 279.487
60.1735 280.009
60.1986 280.531
60.2239 281.053
60.2491 281.576
60.2744 282.1
60.2998 282.624
60.3252 283.148
60.3506 283.672
60.376 284.194
60.4014 284.715
60.4269 285.237
60.4524 285.759
60.4779 286.282
60.5035 286.805
60.5292 287.329
60.5544 287.85
60.5795 288.372
60.6048 288.895
60.6301 289.417
60.6554 289.941
60.6808 290.465
60.7062 290.989
60.7316 291.514
60.7572 292.039
60.7827 292.565
60.8083 293.091
60.8339 293.616
60.8595 294.141
60.8852 294.666
60.9109 295.191
60.9367 295.717
60.9625 296.244
60.9883 296.771
61.0142 297.298
61.0402 297.826
61.0662 298.355
61.0922 298.884
61.1183 299.413
61.1444 299.942
61.1705 300.47
61.1967 300.999
61.2228 301.528
61.2489 302.056
61.275 302.585
61.3012 303.114
61.3274 303.643
61.3536 304.173
61.3799 304.703
61.4063 305.234
61.4327 305.766
61.4591 306.298
61.4856 306.83
61.5121 307.362
61.5387 307.895
61.5653 308.427
61.5918 308.957
61.6185 309.488
61.6451 310.02
61.6718 310.552
61.6986 311.085
61.7254 311.618
61.7522 312.151
61.7791 312.685
61.8061 313.219
61.833 313.753
61.8601 314.288
61.8871 314.821
61.9141 315.355
61.9412 315.888
61.9683 316.422
61.9955 316.957
62.0227 317.492
62.05 318.026
62.0773 318.562
62.1046 319.097
62.132 319.633
62.1594 320.168
62.1868 320.703
62.2143 321.238
62.2418 321.774
62.2694 322.311
62.297 322.847
62.3246 323.384
62.3523 323.921
62.38 324.459
62.4078 324.997
62.4357 325.536
62.4635 326.075
62.4915 326.615
62.5195 327.155
62.5475 327.695
62.5756 328.236
62.6037 328.778
62.6318 329.319
62.66 329.862
62.6883 330.404
62.7166 330.948
62.745 331.491
62.7734 332.036
62.8018 332.58
62.8304 333.126
62.8589 333.671
62.8875 334.217
62.9162 334.764
62.9449 335.311
62.9736 335.859
63.0024 336.407
63.0313 336.956
63.0601 337.501
63.0889 338.046
63.1177 338.591
63.1466 339.136
63.1755 339.681
63.2044 340.227
63.2334 340.773
63.2625 341.32
63.2916 341.866
63.3207 342.413
63.3499 342.961
63.3791 343.508
63.4084 344.056
63.4377 344.604
63.467 345.153
63.4964 345.702
63.5259 346.252
63.5554 346.802
63.585 347.352
63.6146 347.903
63.6442 348.455
63.6739 349.007
63.7037 349.56
63.7335 350.112
63.7633 350.665
63.7932 351.217
63.8231 351.771
63.853 352.324
63.883 352.878
63.9131 353.433
63.9432 353.988
63.9733 354.543
64.0035 355.099
64.0338 355.655
64.0641 356.211
64.0944 356.768
64.1248 357.324
64.1552 357.881
64.1856 358.438
64.2161 358.995
64.2466 359.552
64.2772 360.109
64.3078 360.667
64.3384 361.226
64.3692 361.785
64.3999 362.344
64.4307 362.904
64.4616 363.464
64.4925 364.024
64.5234 364.585
64.5544 365.146
64.5855 365.708
64.6166 366.27
64.6477 366.833
64.6789 367.395
64.7101 367.958
64.7414 368.521
64.7727 369.084
64.804 369.648
64.8353 370.212
64.8667 370.776
64.8981 371.341
64.9296 371.906
64.9611 372.47
64.9926 373.034
65.0241 373.598
65.0557 374.162
65.0873 374.727
65.119 375.292
65.1508 375.857
65.1825 376.423
65.2144 376.989
65.2462 377.556
65.2782 378.123
65.3102 378.691
65.3422 379.258
65.3742 379.825
65.4063 380.393
65.4384 380.96
65.4705 381.528
65.5028 382.097
65.535 382.666
65.5674 383.235
65.5997 383.805
65.6322 384.376
65.6647 384.947
65.6972 385.518
65.7298 386.09
65.7624 386.663
65.7951 387.236
65.8278 387.809
65.8606 388.383
65.8935 388.958
65.9263 389.531
65.9593 390.106
65.9922 390.68
66.0252 391.256
66.0583 391.831
66.0914 392.407
66.1245 392.981
66.1575 393.552
66.1906 394.125
66.2237 394.697
66.2569 395.271
66.2901 395.844
66.3234 396.418
66.3568 396.993
66.3902 397.568
66.4236 398.144
66.4571 398.72
66.4907 399.296
66.5243 399.873
66.5579 400.45
66.5916 401.027
66.6253 401.604
66.6591 402.181
66.6929 402.759
66.7267 403.337
66.7607 403.916
66.7946 404.496
66.8287 405.075
66.8627 405.656
66.8969 406.236
66.9311 406.818
66.9653 407.399
66.9996 407.981
67.0339 408.564
67.0683 409.147
67.1028 409.731
67.1373 410.315
67.1718 410.9
67.2064 411.485
67.2411 412.07
67.2757 412.654
67.3104 413.237
67.3451 413.821
67.3798 414.404
67.4146 414.989
67.4494 415.573
67.4843 416.159
67.5193 416.744
67.5543 417.33
67.5893 417.917
67.6245 418.504
67.6596 419.092
67.6947 419.676
67.7297 420.259
67.7649 420.842
67.8 421.424
67.8351 422.006
67.8703 422.589
67.9055 423.172
67.9408 423.755
67.9762 424.339
68.0116 424.923
68.047 425.506
68.0824 426.089
68.1179 426.673
68.1534 427.257
68.189 427.842
68.2247 428.427
68.2604 429.012
68.2961 429.598
68.3319 430.184
68.3677 430.77
68.4036 431.356
68.4395 431.943
68.4755 432.53
68.5115 433.118
68.5475 433.705
68.5837 434.294
68.6198 434.882
68.656 435.47
68.6922 436.058
68.7285 436.646
68.7648 437.235
68.8012 437.824
68.8376 438.413
68.8741 439.003
68.9106 439.593
68.9471 440.184
68.9837 440.774
69.0204 441.365
69.0571 441.957
69.0939 442.549
69.1306 443.138
69.1674 443.729
69.2042 444.319
69.2411 444.911
69.278 445.502
69.315 446.094
69.352 446.687
69.389 447.276
69.4258 447.86
69.4626 448.445
69.4995 449.03
69.5365 449.615
69.5734 450.201
69.6105 450.786
69.6475 451.372
69.6846 451.958
69.7218 452.544
69.759 453.13
69.7963 453.718
69.8336 454.305
69.871 454.893
69.9084 455.482
69.9459 456.071
69.9834 456.66
70.021 457.25
70.0586 457.84
70.0963 458.431
70.1341 459.022
70.1718 459.611
70.2095 460.2
70.2473 460.789
70.2851 461.379
70.323 461.969
70.3608 462.557
70.3985 463.141
70.4363 463.725
70.474 464.308
70.5119 464.893
70.5497 465.477
70.5877 466.062
70.6257 466.648
70.6637 467.234
70.7018 467.82
70.74 468.407
70.7782 468.994
70.8164 469.582
70.8547 470.17
70.8931 470.759
70.9315 471.348
70.97 471.938
71.0085 472.527
71.047 473.116
71.0856 473.705
71.1242 474.294
71.1627 474.882
71.2014 475.47
71.2401 476.059
71.2788 476.648
71.3176 477.237
71.3564 477.825
71.3952 478.414
71.4341 479.003
71.473 479.593
71.512 480.182
71.5511 480.773
71.5902 481.364
71.6293 481.955
71.6685 482.546
71.7078 483.139
71.747 483.73
71.7863 484.32
71.8256 484.911
71.865 485.502
71.9044 486.094
71.9439 486.686
71.9834 487.278
72.0229 487.869
72.0624 488.46
72.102 489.051
72.1416 489.642
72.1813 490.234
72.221 490.825
72.2608 491.418
72.3006 492.01
72.3405 492.603
72.3804 493.197
72.4203 493.789
72.4602 494.381
72.5002 494.973
72.5403 495.566
72.5804 496.16
72.6205 496.753
72.6607 497.347
72.701 497.941
72.7413 498.536
72.7816 499.129
72.8218 499.719
72.862 500.31
72.9023 500.9
72.9425 501.489
72.9828 502.079
73.0232 502.669
73.0636 503.258
73.104 503.847
73.1444 504.437
73.1849 505.026
73.2254 505.616
73.266 506.206
73.3067 506.796
73.3473 507.386
73.388 507.976
73.4287 508.566
73.4694 509.156
73.5103 509.746
73.5511 510.337
73.592 510.928
73.633 511.52
73.674 512.111
73.7151 512.703
73.7562 513.295
73.7973 513.888
73.8382 514.474
73.8791 515.057
73.92 515.64
73.9608 516.223
74.0018 516.806
74.0427 517.388
74.0837 517.971
74.1248 518.555
74.1659 519.138
74.207 519.72
74.2481 520.304
74.2893 520.887
74.3305 521.47
74.3718 522.053
74.4131 522.637
74.4545 523.221
74.4959 523.806
74.5374 524.39
74.5789 524.974
74.6204 525.559
74.662 526.144
74.7036 526.729
74.7452 527.313
74.7869 527.897
74.8286 528.481
74.8699 529.056
74.9113 529.631
74.9527 530.206
74.9941 530.78
75.0355 531.353
75.077 531.927
75.1185 532.501
75.16 533.075
75.2017 533.65
75.2433 534.225
75.285 534.799
75.3267 535.374
75.3685 535.95
75.4103 536.526
75.4521 537.1
75.4937 537.668
75.5353 538.236
75.577 538.805
75.6187 539.374
75.6605 539.944
75.7023 540.513
75.7441 541.083
75.7859 541.651
75.8278 542.22
75.8697 542.788
75.9117 543.358
75.9537 543.927
75.9957 544.496
76.0377 545.062
76.0797 545.629
76.1217 546.197
76.1638 546.765
76.206 547.332
76.2482 547.9
76.2904 548.468
76.3327 549.037
76.3751 549.606
76.4174 550.176
76.4599 550.746
76.5024 551.315
76.5449 551.885
76.5874 552.454
76.63 553.025
76.6726 553.594
76.7152 554.163
76.7578 554.732
76.8005 555.3
76.8432 555.869
76.886 556.439
76.9287 557.006
76.9715 557.575
77.0144 558.143
77.0572 558.712
77.1002 559.281
77.1431 559.85
77.1861 560.418
77.2291 560.986
77.272 561.551
77.3147 562.112
77.3575 562.673
77.4004 563.235
77.4433 563.798
77.4862 564.36
77.5293 564.923
77.5723 565.487
77.6154 566.051
77.6586 566.615
77.7018 567.178
77.7449 567.741
77.7881 568.303
77.8313 568.866
77.8746 569.428
77.9179 569.992
77.9611 570.551
78.0041 571.104
78.0471 571.658
78.0901 572.211
78.1331 572.764
78.1762 573.318
78.2194 573.872
78.2626 574.426
78.3058 574.981
78.3491 575.536
78.3924 576.09
78.4357 576.644
78.479 577.196
78.5223 577.749
78.5657 578.302
78.6091 578.855
78.6525 579.406
78.6955 579.949
78.7386 580.493
78.7817 581.037
78.8249 581.581
78.8682 582.126
78.9114 582.671
78.9548 583.216
78.9981 583.762
79.0415 584.307
79.0846 584.845
79.1275 585.379
79.1705 585.912
79.2135 586.446
79.2566 586.981
79.2996 587.515
79.3427 588.049
79.3857 588.583
79.4288 589.117
79.4719 589.65
79.5151 590.184
79.5583 590.718
79.6015 591.253
79.6448 591.787
79.6881 592.321
79.7314 592.855
79.7747 593.388
79.8181 593.923
79.8615 594.457
79.905 594.991
79.9485 595.526
79.9921 596.061
80.0356 596.594
80.0792 597.128
80.1228 597.662
80.1664 598.196
80.2101 598.73
80.2538 599.264
80.2976 599.798
80.3413 600.331
80.385 600.863
80.4288 601.396
80.4726 601.929
80.5165 602.462
80.5604 602.996
80.6044 603.53
80.6484 604.063
80.6921 604.591
80.7358 605.117
80.7796 605.644
80.8233 606.17
80.8672 606.696
80.911 607.223
80.9548 607.748
80.9987 608.274
81.0426 608.799
81.0863 609.32
81.1297 609.833
81.1731 610.346
81.2165 610.86
81.26 611.373
81.3035 611.886
81.347 612.398
81.3905 612.911
81.434 613.422
81.4776 613.933
81.5207 614.435
81.5638 614.936
81.6069 615.437
81.65 615.936
81.6931 616.434
81.7361 616.93
81.7789 617.421
81.8217 617.912
81.8646 618.404
81.9075 618.896
81.9504 619.386
81.9933 619.877
82.0363 620.368
82.0793 620.859
82.1223 621.349
82.1653 621.84
82.2084 622.331
82.2516 622.822
82.2947 623.314
82.338 623.806
82.3812 624.298
82.4245 624.789
82.4678 625.28
82.511 625.771
82.5543 626.262
82.5977 626.753
82.6411 627.244
82.6845 627.735
82.728 628.227
82.7716 628.719
82.8152 629.212
82.8588 629.704
82.9024 630.196
82.946 630.687
82.9894 631.175
83.0329 631.662
83.0763 632.147
83.1197 632.632
83.1629 633.111
83.2061 633.591
83.2494 634.071
83.2927 634.551
83.3356 635.021
83.3785 635.492
83.4214 635.961
83.464 636.426
83.5063 636.882
83.5485 637.335
83.5904 637.783
83.6324 638.231
83.6744 638.679
83.7164 639.128
83.7585 639.576
83.8006 640.024
83.8427 640.473
83.8848 640.92
83.927 641.368
83.9691 641.816
84.0113 642.263
84.0536 642.711
84.0958 643.159
84.1381 643.607
84.1805 644.056
84.2229 644.505
84.2653 644.954
84.3078 645.403
84.3498 645.843
84.3918 646.281
84.4337 646.719
84.4758 647.157
84.5178 647.595
84.5599 648.034
84.6021 648.472
84.6442 648.911
84.6863 649.348
84.7282 649.78
84.7698 650.206
84.8114 650.632
84.853 651.056
84.8947 651.481
84.9362 651.904
84.9777 652.326
85.0193 652.747
85.0608 653.167
85.1022 653.585
85.1436 654.003
85.1851 654.421
85.2266 654.839
85.2681 655.257
85.3097 655.676
85.3513 656.095
85.393 656.515
85.4347 656.934
85.4764 657.354
85.5182 657.774
85.56 658.194
85.6019 658.615
85.6438 659.036
85.6857 659.457
85.7277 659.878
85.7697 660.3
85.8117 660.722
85.8538 661.144
85.8959 661.567
85.9381 661.989
85.9803 662.412
86.0225 662.835
86.0648 663.259
86.1071 663.683
86.1495 664.107
86.1919 664.531
86.2343 664.956
86.2768 665.38
86.3193 665.805
86.3619 666.231
86.4045 666.656
86.4471 667.082
86.4898 667.508
86.5325 667.935
86.5753 668.361
86.6181 668.788
86.6609 669.215
86.7038 669.643
86.7467 670.071
86.7896 670.499
86.8326 670.927
86.8756 671.355
86.9187 671.784
86.9618 672.213
87.005 672.642
87.0482 673.072
87.0914 673.502
87.1347 673.932
87.178 674.362
87.2213 674.793
87.2647 675.223
87.3081 675.654
87.3516 676.086
87.3951 676.517
87.4386 676.949
87.4822 677.382
87.5258 677.814
87.5695 678.247
87.6132 678.68
87.657 679.113
87.7007 679.546
87.7446 679.98
87.7884 680.414
87.832 680.846
87.8756 681.278
87.9192 681.71
87.9628 682.142
88.0065 682.575
88.0503 683.008
88.094 683.441
88.1379 683.875
88.1817 684.309
88.2256 684.743
88.2695 685.177
88.3135 685.612
88.3575 686.046
88.4016 686.482
88.4457 686.917
88.4898 687.352
88.534 687.788
88.5782 688.225
88.6225 688.661
88.6668 689.098
88.7111 689.535
88.7555 689.972
88.7999 690.409
88.8444 690.847
88.8889 691.285
88.9334 691.723
88.978 692.162
89.0226 692.6
89.0673 693.039
89.112 693.479
89.1567 693.918
89.2015 694.358
89.2463 694.798
89.2912 695.239
89.3361 695.679
89.381 696.12
89.426 696.561
89.4711 697.003
89.5161 697.444
89.5612 697.886
89.6064 698.328
89.6516 698.771
89.6968 699.214
89.7421 699.657
89.7874 700.1
89.8328 700.543
89.8781 700.987
89.9236 701.431
89.9691 701.876
90.0146 702.32
90.0601 702.765
90.1057 703.21
90.1514 703.655
90.1971 704.101
90.2428 704.547
90.2886 704.993
90.3344 705.439
90.3802 705.886
90.4261 706.333
90.472 706.78
90.518 707.228
90.564 707.675
90.6101 708.123
90.6562 708.572
90.7023 709.02
90.7485 709.469
90.7947 709.918
90.841 710.367
90.8873 710.817
90.9336 711.267
90.9799 711.716
91.0262 712.165
91.0726 712.614
91.119 713.064
91.1654 713.514
91.2119 713.964
91.2584 714.415
91.305 714.866
91.3516 715.317
91.3982 715.768
91.4449 716.219
91.4917 716.671
91.5384 717.123
91.5852 717.576
91.6321 718.028
91.679 718.481
91.7259 718.934
91.7729 719.388
91.8199 719.841
91.8669 720.295
91.914 720.749
91.9611 721.203
92.0082 721.657
92.0554 722.112
92.1026 722.567
92.1499 723.022
92.1972 723.477
92.2445 723.933
92.2919 724.389
92.3394 724.845
92.3868 725.302
92.4343 725.758
92.4819 726.215
92.5295 726.673
92.5772 727.13
92.6248 727.588
92.6726 728.046
92.7203 728.504
92.7682 728.963
92.816 729.422
92.8639 729.881
92.9118 730.34
92.9598 730.8
93.0079 731.26
93.0559 731.72
93.104 732.181
93.1522 732.641
93.2004 733.102
93.2486 733.564
93.2969 734.025
93.3452 734.487
93.3936 734.949
93.442 735.411
93.4905 735.874
93.539 736.337
93.5875 736.8
93.6361 737.263
93.6847 737.727
93.7334 738.191
93.7821 738.655
93.8308 739.119
93.8796 739.584
93.9285 740.049
93.9774 740.514
94.0261 740.975
94.0748 741.437
94.1236 741.898
94.1724 742.359
94.2213 742.821
94.2702 743.283
94.3192 743.746
94.3681 744.208
94.4172 744.671
94.4663 745.135
94.5154 745.598
94.5646 746.062
94.6138 746.526
94.663 746.99
94.7123 747.454
94.7616 747.919
94.811 748.384
94.8604 748.849
94.9099 749.315
94.9594 749.781
95.009 750.247
95.0586 750.713
95.1082 751.18
95.1579 751.646
95.2076 752.113
95.2574 752.581
95.3072 753.048
95.3571 753.516
95.407 753.984
95.4569 754.453
95.5069 754.922
95.5569 755.39
95.607 755.86
95.6571 756.329
95.7073 756.799
95.7575 757.269
95.8077 757.739
95.858 758.21
95.9083 758.68
95.9587 759.151
96.0091 759.623
96.0596 760.094
96.1101 760.566
96.1606 761.038
96.2112 761.51
96.2619 761.983
96.3126 762.456
96.3633 762.929
96.414 763.402
96.4649 763.876
96.5157 764.35
96.5666 764.824
96.6176 765.299
96.6686 765.773
96.7196 766.248
96.7707 766.723
96.8218 767.199
96.8729 767.675
96.9242 768.151
96.9754 768.627
97.0267 769.103
97.078 769.58
97.1294 770.057
97.1809 770.535
97.2323 771.012
97.2839 771.49
97.3354 771.968
97.387 772.446
97.4387 772.925
97.4904 773.404
97.5421 773.883
97.5939 774.363
97.6457 774.842
97.6976 775.322
97.7495 775.802
97.8015 776.283
97.8535 776.764
97.9055 777.245
97.9576 777.726
98.0098 778.207
98.0619 778.689
98.1142 779.171
98.1664 779.654
98.2188 780.136
98.2711 780.619
98.3235 781.102
98.376 781.585
98.4285 782.069
98.481 782.553
98.5336 783.037
98.5862 783.522
98.6389 784.006
98.6916 784.491
98.7444 784.976
98.7972 785.462
98.8501 785.948
98.903 786.434
98.9559 786.92
99.0089 787.406
99.0619 787.893
99.115 788.38
99.1682 788.868
99.2213 789.355
99.2745 789.843
99.3278 790.331
99.3811 790.819
99.4345 791.308
99.4879 791.797
99.5413 792.286
99.5948 792.775
99.6483 793.265
99.7019 793.755
99.7555 794.245
99.8092 794.736
99.8623 795.216
99.914 795.669
99.9658 796.123
100.018 796.577
100.069 797.031
100.121 797.485
100.173 797.939
100.225 798.394
100.277 798.849
100.329 799.304
100.381 799.76
100.433 800.215
100.486 800.671
100.538 801.128
100.59 801.584
100.642 802.041
100.695 802.497
100.747 802.955
100.8 803.412
100.852 803.87
100.904 804.327
100.957 804.786
101.01 805.244
101.062 805.702
101.115 806.161
101.168 806.62
101.22 807.08
101.273 807.539
101.326 807.999
101.379 808.459
101.432 808.919
101.485 809.38
101.538 809.84
101.591 810.301
