0.1 -0.342515
0.2 -0.687409
0.3 -1.03429
0.4 -1.38332
0.5 -1.73454
0.6 -2.08798
0.7 -2.44367
0.8 -2.80167
0.9 -3.162
1 -3.52471
0.51136 -3.64703
1.02182 -3.76951
1.53132 -3.89211
2.03975 -4.01477
2.54711 -4.13745
3.0534 -4.26019
3.55864 -4.383
4.06272 -4.50599
4.56579 -4.62908
5.06773 -4.75221
5.56853 -4.87541
6.06831 -4.99869
6.56703 -5.12204
7.06468 -5.24544
7.56126 -5.36887
8.05678 -5.49231
8.55119 -5.6158
9.04449 -5.73933
9.5368 -5.86296
10.028 -5.98663
10.5183 -6.11005
11.0075 -6.23325
11.4956 -6.35647
11.9826 -6.4797
12.4687 -6.60296
12.9536 -6.72561
13.4376 -6.84814
13.9204 -6.9707
14.4023 -7.09327
14.8831 -7.21586
15.3628 -7.33848
15.8415 -7.46111
16.3192 -7.58378
16.7959 -7.70637
17.2715 -7.82875
17.7461 -7.95115
18.2197 -8.07357
18.6922 -8.19601
19.1637 -8.31847
19.6342 -8.44095
20.1036 -8.56347
20.5721 -8.68602
21.0395 -8.80858
21.5058 -8.93117
21.9712 -9.05381
22.4355 -9.1765
22.8988 -9.29921
23.3611 -9.42196
23.8224 -9.54473
24.2827 -9.66752
24.7419 -9.79034
25.2002 -9.91318
25.6574 -10.036
26.1136 -10.159
26.5688 -10.282
27.023 -10.405
27.4762 -10.5281
27.9284 -10.6512
28.3796 -10.7743
28.8297 -10.8975
29.2789 -11.0207
29.7271 -11.1439
30.1743 -11.2671
30.6204 -11.3904
31.0656 -11.5136
31.5098 -11.6369
31.953 -11.7603
32.3952 -11.8836
32.8364 -12.007
33.2766 -12.1304
33.7158 -12.2539
34.154 -12.3773
34.5913 -12.5008
35.0275 -12.6243
35.4628 -12.7479
35.8971 -12.8715
36.3304 -12.9951
36.7627 -13.1187
37.194 -13.2424
37.6244 -13.366
38.0538 -13.4898
38.4822 -13.6135
38.9096 -13.7372
39.336 -13.861
39.7615 -13.9848
40.186 -14.1087
40.6095 -14.2325
41.032 -14.3564
41.4536 -14.4804
41.8742 -14.6043
42.2938 -14.7283
42.7125 -14.8523
43.1302 -14.9764
43.5469 -15.1005
43.9627 -15.2246
44.3775 -15.3487
44.7913 -15.4729
45.2042 -15.5971
45.6162 -15.7213
46.0271 -15.8456
46.4372 -15.9699
46.8462 -16.0942
47.2543 -16.2186
47.6615 -16.343
48.0677 -16.4674
48.473 -16.5919
48.8773 -16.7164
49.2807 -16.841
49.6831 -16.9655
50.0846 -17.0902
50.4851 -17.2148
50.8847 -17.3395
51.2833 -17.4642
51.681 -17.589
52.0778 -17.7138
52.4736 -17.8386
52.8684 -17.9635
53.2624 -18.0884
53.6554 -18.2133
54.0475 -18.3383
54.4386 -18.4633
54.8288 -18.5884
55.2181 -18.7135
55.6065 -18.8386
55.9939 -18.9638
56.3804 -19.0891
56.766 -19.2143
57.1506 -19.3397
57.5343 -19.465
57.9171 -19.5904
58.299 -19.7159
58.68 -19.8414
59.06 -19.9669
59.4392 -20.0925
59.8174 -20.2181
60.1947 -20.3438
60.5711 -20.4695
60.9465 -20.5953
61.3211 -20.7211
61.6948 -20.8469
62.0675 -20.9728
62.4393 -21.0988
62.8103 -21.2248
63.1803 -21.3509
63.5494 -21.477
63.9176 -21.6031
64.2849 -21.7293
64.6513 -21.8556
65.0169 -21.9819
65.3815 -22.1083
65.7452 -22.2347
66.108 -22.3611
66.4699 -22.4877
66.8309 -22.6142
67.1911 -22.7409
67.5503 -22.8675
67.9086 -22.9943
68.2661 -23.1211
68.6226 -23.2479
68.9783 -23.3748
69.3331 -23.5018
69.687 -23.6288
70.04 -23.7558
70.3921 -23.883
70.7434 -24.0102
71.0937 -24.1374
71.4432 -24.2647
71.7918 -24.3921
72.1395 -24.5195
72.4864 -24.647
72.8324 -24.7745
73.1774 -24.9022
73.5217 -25.0298
73.865 -25.1576
74.2075 -25.2854
74.5491 -25.4132
74.8898 -25.5412
75.2296 -25.6692
75.5686 -25.7972
75.9067 -25.9254
76.244 -26.0536
76.5786 -26.1929
76.9083 -26.3503
77.2336 -26.5204
77.5476 -26.7121
77.8444 -26.9071
78.1158 -27.0881
78.3914 -27.2731
78.666 -27.4587
78.9396 -27.6452
79.2122 -27.8323
79.4839 -28.0203
79.7545 -28.2089
80.023 -28.4038
80.2894 -28.6022
80.5531 -28.8054
80.8151 -29.009
81.0731 -29.211
81.3296 -29.4125
81.5817 -29.6011
81.8308 -29.7796
82.0785 -29.9559
82.325 -30.1331
82.5706 -30.3112
82.8151 -30.4903
83.0586 -30.6702
83.301 -30.8511
83.5424 -31.0329
83.7827 -31.2158
84.022 -31.3996
84.2602 -31.5845
84.4974 -31.7704
84.7335 -31.9574
84.9685 -32.1454
85.2025 -32.3345
85.4356 -32.5245
85.6675 -32.7157
85.8984 -32.9081
86.1283 -33.1014
86.3573 -33.2958
86.5852 -33.4913
86.8119 -33.6881
87.0376 -33.8862
87.2622 -34.0855
87.4857 -34.2861
87.7083 -34.4877
87.9298 -34.6906
88.1502 -34.8948
88.3695 -35.1005
88.5877 -35.3074
88.8049 -35.5158
89.0208 -35.7257
89.2358 -35.9369
89.4493 -36.1527
89.6596 -36.3907
89.8685 -36.6323
90.071 -36.913
90.2724 -37.1955
90.4727 -37.4798
90.666 -37.7846
90.8574 -38.0935
91.0478 -38.4043
91.235 -38.7145
91.4177 -39.0218
91.5992 -39.3314
91.7771 -39.6318
91.9533 -39.9318
92.1284 -40.2341
92.3021 -40.5397
92.4731 -40.8648
92.6429 -41.1924
92.8091 -41.5411
92.9726 -41.9035
93.1312 -42.3101
93.2883 -42.7207
93.433 -43.2081
93.574 -43.7197
93.7135 -44.2353
93.8507 -44.759
93.975 -45.317
94.0971 -45.878
94.2177 -46.4452
94.3363 -47.0151
94.448 -47.5718
94.5548 -48.1256
94.6604 -48.6836
94.7639 -49.2425
94.8624 -49.7797
94.9596 -50.3211
95.0554 -50.8671
95.1492 -51.4262
95.2368 -52.0544
95.3231 -52.688
95.4063 -53.3425
95.4769 -54.1212
95.5458 -54.9174
95.6131 -55.7217
95.6788 -56.5352
95.7383 -57.3779
95.7865 -58.2757
95.8321 -59.2092
95.8767 -60.1534
95.9192 -61.1124
95.9597 -62.0876
95.9979 -63.08
96.0304 -64.0707
96.0742 -64.818
96.1189 -65.542
96.1623 -66.2705
96.2073 -66.9777
96.2719 -67.4655
96.329 -67.8969
96.3848 -68.3266
96.4388 -68.7573
96.4848 -69
96.5209 -69
96.5843 -69
96.6494 -69
96.7134 -69
96.7958 -69
96.6712 -69
96.6185 -69
96.6213 -69
96.6676 -69
96.6371 -69
96.5913 -69
96.5151 -69
96.4648 -69
96.4649 -69
96.4736 -69
96.5072 -69
96.5364 -69
96.5608 -69
96.6184 -69
96.6872 -69
96.7526 -69
96.8147 -69
96.8751 -69
96.9332 -69
96.9891 -69
97.0432 -69
97.0954 -69
97.1452 -69
97.1925 -69
97.2371 -69
97.2752 -69
97.3006 -69
97.3226 -69
97.3478 -69
97.3851 -69
97.4269 -69
97.4855 -69
97.5428 -69
97.6078 -69
97.6758 -69
97.7427 -69
97.8083 -69
97.8728 -69
97.9352 -69
97.9953 -69
98.0543 -69
98.1118 -69
98.168 -69
98.2228 -69
98.2806 -69
98.342 -69
98.4026 -69
98.4623 -69
98.521 -69
98.5786 -69
98.6341 -69
98.6886 -69
98.7423 -69
98.7953 -69
98.8474 -69
98.8988 -69
98.9494 -69
98.9948 -69
99.0207 -69
99.0468 -69
99.0916 -69
99.1359 -69
99.1799 -69
99.2367 -69
99.2927 -69
99.3481 -69
99.4025 -69
99.4557 -69
99.5082 -69
99.5581 -69
99.6066 -69
99.6529 -69
99.6985 -69
99.7435 -69
99.7879 -69
99.8314 -69
99.8738 -69
99.9155 -69
99.9605 -69
100.007 -69
100.052 -69
100.097 -69
100.141 -69
100.185 -69
100.227 -69
100.269 -69
100.309 -69
100.348 -69
100.385 -69
100.422 -69
100.459 -69
100.49 -69
100.517 -69
100.539 -69
100.558 -69
100.574 -69
100.472 -69
100.295 -69
100.061 -69
88.1461 -63.4474
88.0998 -63.5126
88.051 -63.5658
87.9998 -63.6175
87.9461 -63.6677
87.8899 -63.7163
87.8305 -63.7628
87.7686 -63.8085
87.7037 -63.8528
87.6352 -63.8949
87.5606 -63.9336
87.5261 -63.9926
87.4977 -64.0541
87.4676 -64.1147
87.4357 -64.1741
87.4018 -64.2321
87.3658 -64.2888
87.3143 -64.3371
87.2587 -64.383
87.2005 -64.4217
87.1363 -64.4377
87.0622 -64.4448
86.9571 -64.5545
86.8501 -64.6668
86.7383 -64.7757
86.6247 -64.8833
86.5099 -64.9898
86.3938 -65.0957
86.2765 -65.2004
86.1577 -65.3037
86.0374 -65.4056
85.9158 -65.5065
85.7927 -65.6063
85.6682 -65.7047
85.5385 -65.774
85.4192 -65.8521
85.3018 -65.9318
85.1829 -66.0102
85.0614 -66.0864
84.9397 -66.1624
84.8247 -66.2433
84.7091 -66.3233
84.5925 -66.4018
84.4751 -66.4804
84.3568 -66.56
84.2537 -66.6506
84.1508 -66.7406
84.0475 -66.8302
83.9454 -66.9209
83.8506 -67.0181
83.7554 -67.1161
83.6597 -67.2136
83.5635 -67.3106
83.4668 -67.4072
83.3696 -67.5032
83.2711 -67.598
83.1722 -67.6924
83.0729 -67.7865
82.9731 -67.88
82.8729 -67.9726
82.7741 -68.0676
82.6838 -68.1695
82.5926 -68.2705
82.501 -68.3712
82.4091 -68.4715
82.3169 -68.5715
82.2268 -68.673
82.1414 -68.7779
82.0557 -68.8825
81.9696 -68.9864
81.8805 -69
81.7884 -69
81.696 -69
81.6026 -69
81.5079 -69
81.4128 -69
81.3182 -69
81.2235 -69
81.1285 -69
81.0332 -69
80.9376 -69
80.8416 -69
80.7454 -69
80.6488 -69
80.5518 -69
80.4546 -69
80.357 -69
80.2581 -69
80.1587 -69
80.059 -69
79.9592 -69
79.8592 -69
79.7591 -69
79.6588 -69
79.5583 -69
79.4576 -69
79.3568 -69
79.2557 -69
79.1545 -69
79.054 -69
78.9553 -69
78.8564 -69
78.7573 -69
78.6579 -69
78.5583 -69
78.4579 -69
78.3564 -69
78.2545 -69
78.1525 -69
78.0503 -69
77.9481 -69
77.8446 -69
77.7405 -69
77.6363 -69
77.532 -69
77.4274 -69
77.3226 -69
77.2177 -69
77.1126 -69
77.0073 -69
76.9019 -69
76.7963 -69
76.6904 -69
76.5844 -69
76.4785 -69
76.3779 -69
76.277 -69
76.1755 -69
76.074 -69
75.9723 -69
75.8849 -69
75.7993 -69
75.7135 -69
75.6276 -69
75.5417 -69
75.4557 -69
75.3695 -69
75.2833 -69
75.1971 -69
75.1107 -69
75.0242 -69
74.9376 -69
74.8509 -69
74.7642 -69
74.6773 -69
74.5903 -69
74.5017 -69
74.4127 -69
74.3237 -69
74.2345 -69
74.1452 -69
74.0559 -69
73.9664 -69
73.8768 -69
73.7872 -69
73.6974 -69
73.6075 -69
73.5174 -69
73.4272 -69
73.3368 -69
73.2459 -69
73.1549 -69
73.0639 -69
72.9727 -69
72.8815 -69
72.7902 -69
72.6988 -69
72.6073 -69
72.5157 -69
72.424 -69
72.3322 -69
72.2403 -69
72.1485 -69
72.0564 -69
71.9633 -69
71.8701 -69
71.7768 -69
71.6834 -69
71.5901 -69
71.4972 -69
71.4184 -69
71.3445 -69
71.2705 -69
71.1965 -69
71.1224 -69
71.0482 -69
70.974 -69
70.8998 -69
70.8255 -69
70.7566 -69
70.691 -69
70.626 -69
70.561 -69
70.4959 -69
70.4309 -69
70.3657 -69
70.3006 -69
70.2354 -69
70.1702 -69
70.1049 -69
70.0396 -69
69.9742 -69
69.9089 -69
69.8435 -69
69.7781 -69
69.7128 -69
69.6474 -69
69.582 -69
69.5166 -69
69.4511 -69
69.3857 -69
69.3203 -69
69.2549 -69
69.1894 -69
69.124 -69
69.0585 -69
68.9931 -69
68.9279 -69
68.8635 -69
68.7991 -69
68.7347 -69
68.6703 -69
68.6059 -69
68.5415 -69
68.477 -69
68.4127 -69
68.3488 -69
68.2848 -69
68.2209 -69
68.157 -69
68.093 -69
68.0291 -69
67.9653 -69
67.9012 -69
67.8366 -69
67.7719 -69
67.7073 -69
67.6426 -69
67.578 -69
67.5134 -69
67.4488 -69
67.3842 -69
67.3196 -69
67.255 -69
67.1904 -69
67.1259 -69
67.0613 -69
66.9967 -69
66.9322 -69
66.8677 -69
66.8031 -69
66.7386 -69
66.6741 -69
66.6094 -69
66.5447 -69
66.4799 -69
66.4153 -69
66.3506 -69
66.286 -69
66.2219 -69
66.158 -69
66.0942 -69
66.032 -69
65.977 -69
65.922 -69
65.867 -69
65.812 -69
65.7571 -69
65.7021 -69
65.6473 -69
65.5924 -69
65.5375 -69
65.4827 -69
65.4279 -69
65.3731 -69
65.3184 -69
65.2638 -69
65.2092 -69
65.1546 -69
65.1001 -69
65.0455 -69
64.9911 -69
64.9376 -69
64.8843 -69
64.8309 -69
64.7776 -69
64.7243 -69
64.671 -69
64.6177 -69
64.5645 -69
64.5113 -69
64.4581 -69
64.405 -69
64.3519 -69
64.2988 -69
64.2457 -69
64.1927 -69
64.1399 -69
64.0874 -69
64.0349 -69
63.9824 -69
63.93 -69
63.8776 -69
63.8252 -69
63.7728 -69
63.7205 -69
63.6682 -69
63.6159 -69
63.5637 -69
63.5114 -69
63.4617 -69
63.4125 -69
63.3634 -69
63.3144 -69
63.2653 -69
63.2163 -69
63.1673 -69
63.1184 -69
63.0694 -69
63.0204 -69
62.9714 -69
62.9224 -69
62.8735 -69
62.8246 -69
62.7758 -69
62.727 -69
62.6782 -69
62.6294 -69
62.5807 -69
62.5321 -69
62.4835 -69
62.4349 -69
62.3863 -69
62.3378 -69
62.2893 -69
62.2409 -69
62.1924 -69
62.1439 -69
62.0955 -69
62.0471 -69
61.9988 -69
61.9505 -69
61.9022 -69
61.8539 -69
61.8057 -69
61.7576 -69
61.7095 -69
61.6614 -69
61.6133 -69
61.5654 -69
61.5175 -69
61.4697 -69
61.4219 -69
61.3742 -69
61.3265 -69
61.2788 -69
61.2312 -69
61.1836 -69
61.1404 -69
61.0981 -69
61.0558 -69
61.0136 -69
60.9714 -69
60.9292 -69
60.8871 -69
60.845 -69
60.8029 -69
60.7609 -69
60.7189 -69
60.6769 -69
60.635 -69
60.5931 -69
60.5513 -69
60.5095 -69
60.4677 -69
60.426 -69
60.3843 -69
60.3426 -69
60.301 -69
60.2594 -69
60.2178 -69
60.1763 -69
60.1348 -69
60.0934 -69
60.052 -69
60.0106 -69
59.9693 -69
59.928 -69
59.8868 -69
59.8456 -69
59.8044 -69
59.7636 -69
59.7229 -69
59.6822 -69
59.6416 -69
59.601 -69
59.5604 -69
59.5199 -69
59.4794 -69
59.439 -69
59.3986 -69
59.3583 -69
59.3179 -69
59.2777 -69
59.2374 -69
59.1972 -69
59.1571 -69
59.117 -69
59.0769 -69
59.0369 -69
58.9969 -69
58.9569 -69
58.917 -69
58.8771 -69
58.8373 -69
58.7975 -69
58.7578 -69
58.7181 -69
58.6784 -69
58.6388 -69
58.5992 -69
58.5597 -69
58.5202 -69
58.4808 -69
58.4414 -69
58.402 -69
58.3627 -69
58.3235 -69
58.2842 -69
58.2451 -69
58.2059 -69
58.1668 -69
58.128 -69
58.092 -69
58.0561 -69
58.0203 -69
57.9844 -69
57.9486 -69
57.9129 -69
57.8772 -69
57.8415 -69
57.8059 -69
57.7703 -69
57.7348 -69
57.6993 -69
57.6638 -69
57.6284 -69
57.593 -69
57.5577 -69
57.5224 -69
57.4872 -69
57.452 -69
57.4168 -69
57.3817 -69
57.3466 -69
57.3113 -69
57.2761 -69
57.2409 -69
57.2058 -69
57.1707 -69
57.1356 -69
57.1006 -69
57.0657 -69
57.0308 -69
56.9959 -69
56.9611 -69
56.9263 -69
56.8915 -69
56.8569 -69
56.8222 -69
56.7876 -69
56.753 -69
56.7185 -69
56.684 -69
56.6496 -69
56.6152 -69
56.5809 -69
56.5466 -69
56.5123 -69
56.4781 -69
56.4439 -69
56.4098 -69
56.3757 -69
56.3417 -69
56.3077 -69
56.2738 -69
56.2399 -69
56.206 -69
56.1722 -69
56.1385 -69
56.1047 -69
56.0711 -69
56.0375 -69
56.0039 -69
55.9704 -69
55.9369 -69
55.9035 -69
55.8701 -69
55.8368 -69
55.8035 -69
55.7702 -69
55.737 -69
55.7039 -69
55.6708 -69
55.6378 -69
55.6047 -69
55.5718 -69
55.5389 -69
55.506 -69
55.4732 -69
55.4404 -69
55.4077 -69
55.375 -69
55.3424 -69
55.3097 -69
55.2772 -69
55.2446 -69
55.2121 -69
55.1797 -69
55.1473 -69
55.1149 -69
55.0826 -69
55.0516 -69
55.022 -69
54.9925 -69
54.9631 -69
54.9337 -69
54.9043 -69
54.875 -69
54.8458 -69
54.8166 -69
54.7874 -69
54.7583 -69
54.7293 -69
54.7002 -69
54.6713 -69
54.6424 -69
54.6135 -69
54.5847 -69
54.5559 -69
54.5272 -69
54.4986 -69
54.47 -69
54.4414 -69
54.4129 -69
54.3844 -69
54.356 -69
54.3276 -69
54.2993 -69
54.2711 -69
54.2429 -69
54.2147 -69
54.1866 -69
54.1585 -69
54.1305 -69
54.1026 -69
54.0747 -69
54.0468 -69
54.019 -69
53.9912 -69
53.9635 -69
53.9359 -69
53.9083 -69
53.8807 -69
53.8532 -69
53.8258 -69
53.7984 -69
53.7711 -69
53.7438 -69
53.7166 -69
53.6894 -69
53.6623 -69
53.6352 -69
53.6082 -69
53.5813 -69
53.5544 -69
53.5275 -69
53.5007 -69
53.474 -69
53.4473 -69
53.4207 -69
53.3915 -69
53.3651 -69
53.3366 -69
53.3086 -69
53.2807 -69
53.2528 -69
53.225 -69
53.1972 -69
53.1695 -69
53.1418 -69
53.1141 -69
53.0865 -69
53.059 -69
53.0315 -69
53.004 -69
52.9766 -69
52.9492 -69
52.9219 -69
52.8946 -69
52.8674 -69
52.8403 -69
52.8131 -69
52.7861 -69
52.759 -69
52.7321 -69
52.7051 -69
52.6782 -69
52.6514 -69
52.6246 -69
52.5979 -69
52.5712 -69
52.5446 -69
52.518 -69
52.4915 -69
52.465 -69
52.4385 -69
52.4121 -69
52.3858 -69
52.3595 -69
52.3333 -69
52.3071 -69
52.2809 -69
52.2548 -69
52.2288 -69
52.2028 -69
52.1769 -69
52.151 -69
52.1251 -69
52.0993 -69
52.0736 -69
52.0479 -69
52.0223 -69
51.9967 -69
51.9712 -69
51.9457 -69
51.9203 -69
51.8949 -69
51.8696 -69
51.8443 -69
51.8191 -69
51.7939 -69
51.7688 -69
51.7438 -69
51.7188 -69
51.6938 -69
51.6689 -69
51.6441 -69
51.6193 -69
51.5946 -69
51.5699 -69
51.5453 -69
51.5207 -69
51.4962 -69
51.4718 -69
51.4474 -69
51.4233 -69
51.3997 -69
51.3761 -69
51.3526 -69
51.3292 -69
51.3058 -69
51.2824 -69
51.2591 -69
51.2359 -69
51.2127 -69
51.1896 -69
51.1666 -69
51.1431 -69
51.118 -69
51.0929 -69
51.0678 -69
51.0428 -69
51.0178 -69
50.9929 -69
50.968 -69
50.9432 -69
50.9184 -69
50.8936 -69
50.8689 -69
50.8443 -69
50.8197 -69
50.7951 -69
50.7706 -69
50.7461 -69
50.7217 -69
50.6973 -69
50.6729 -69
50.6486 -69
50.6244 -69
50.6002 -69
50.576 -69
50.5519 -69
50.5278 -69
50.5038 -69
50.4798 -69
50.4559 -69
50.432 -69
50.4081 -69
50.3843 -69
50.3606 -69
50.3369 -69
50.3133 -69
50.2897 -69
50.2661 -69
50.2426 -69
50.2192 -69
50.1958 -69
50.1724 -69
50.1491 -69
50.1258 -69
50.1026 -69
50.0795 -69
50.0563 -69
50.0333 -69
50.0103 -69
49.9873 -69
49.9644 -69
49.9415 -69
49.9187 -69
49.8959 -69
49.8732 -69
49.8505 -69
49.8279 -69
49.8053 -69
49.7827 -69
49.7602 -69
49.7378 -69
49.7154 -69
49.6931 -69
49.6708 -69
49.6486 -69
49.6264 -69
49.6043 -69
49.5822 -69
49.5602 -69
49.5383 -69
49.5163 -69
49.4945 -69
49.4727 -69
49.4509 -69
49.4292 -69
49.4076 -69
49.386 -69
49.3644 -69
49.343 -69
49.3215 -69
49.3001 -69
49.2788 -69
49.2575 -69
49.2363 -69
49.2151 -69
49.194 -69
49.1729 -69
49.1519 -69
49.1309 -69
49.11 -69
49.0891 -69
49.0683 -69
49.0475 -69
49.0268 -69
49.0062 -69
48.9856 -69
48.965 -69
48.9446 -69
48.9241 -69
48.9038 -69
48.8834 -69
48.8632 -69
48.843 -69
48.8228 -69
48.8018 -69
48.7793 -69
48.7569 -69
48.7345 -69
48.7122 -69
48.69 -69
48.6677 -69
48.6455 -69
48.6234 -69
48.6013 -69
48.5793 -69
48.5573 -69
48.5353 -69
48.5134 -69
48.4916 -69
48.4698 -69
48.448 -69
48.4263 -69
48.4046 -69
48.383 -69
48.3614 -69
48.3399 -69
48.3184 -69
48.297 -69
48.2756 -69
48.2542 -69
48.2329 -69
48.2116 -69
48.1904 -69
48.1692 -69
48.1481 -69
48.127 -69
48.106 -69
48.085 -69
48.0641 -69
48.0432 -69
48.0224 -69
48.0016 -69
47.9809 -69
47.9602 -69
47.9395 -69
47.919 -69
47.8984 -69
47.8779 -69
47.8575 -69
47.8371 -69
47.8167 -69
47.7964 -69
47.7761 -69
47.7559 -69
47.7357 -69
47.7156 -69
47.6944 -68.9712
47.6725 -68.9729
47.6506 -68.9499
47.6287 -68.9268
47.6068 -68.9036
47.585 -68.8803
47.5633 -68.8568
47.5416 -68.8332
47.5199 -68.8095
47.4983 -68.7856
47.4767 -68.7617
47.4552 -68.7376
47.4337 -68.7134
47.4122 -68.6892
47.3909 -68.6648
47.3695 -68.6403
47.3482 -68.6158
47.327 -68.5911
47.3058 -68.5663
47.2846 -68.5414
47.2635 -68.5165
47.2424 -68.4915
47.2214 -68.4664
47.2005 -68.4411
47.1795 -68.4158
47.1587 -68.3903
47.1379 -68.3647
47.1171 -68.339
47.097 -68.3146
47.0774 -68.2907
47.0578 -68.2668
47.0383 -68.2427
47.0188 -68.2188
46.9994 -68.1947
46.9799 -68.1705
46.9606 -68.1462
46.9413 -68.1218
46.922 -68.0973
46.9028 -68.0727
46.8836 -68.048
46.8645 -68.0232
46.8454 -67.9984
46.8264 -67.9734
46.8074 -67.9484
46.7884 -67.9233
46.7695 -67.898
46.7507 -67.8726
46.7319 -67.8471
46.7131 -67.8218
46.6944 -67.7963
46.6757 -67.7708
46.6571 -67.7451
46.6385 -67.7194
46.62 -67.6935
46.6015 -67.6677
46.583 -67.6419
46.5646 -67.6161
46.5462 -67.5902
46.5279 -67.5643
46.5096 -67.5383
46.4914 -67.5121
46.4732 -67.4859
46.4551 -67.4596
46.437 -67.4334
46.4189 -67.407
46.4009 -67.3806
46.3829 -67.3541
46.365 -67.3274
46.3472 -67.3007
46.3294 -67.2738
46.3116 -67.2469
46.2939 -67.2198
46.2762 -67.1928
46.2586 -67.1656
46.2411 -67.1383
46.2235 -67.1109
46.2061 -67.0835
46.1887 -67.056
46.1713 -67.0283
46.154 -67.0006
46.1367 -66.9728
46.1195 -66.9449
46.1023 -66.9169
46.0852 -66.8887
46.0685 -66.8613
46.0522 -66.8345
46.0359 -66.8077
46.0197 -66.7808
46.0036 -66.7538
45.9875 -66.7267
45.9714 -66.6995
45.9554 -66.6722
45.9394 -66.6448
45.9235 -66.6173
45.9076 -66.59
45.8917 -66.5632
45.8759 -66.5364
45.86 -66.5095
45.8443 -66.4825
45.8286 -66.4553
45.8129 -66.4281
45.7973 -66.4007
45.7817 -66.3733
45.7662 -66.3459
45.7507 -66.3183
45.7353 -66.2906
45.7199 -66.2629
45.7046 -66.235
45.6893 -66.207
45.6741 -66.1789
45.659 -66.1506
45.6439 -66.1223
45.6288 -66.0939
45.6138 -66.0653
45.5989 -66.0367
45.584 -66.0079
45.5692 -65.979
45.5544 -65.9501
45.5397 -65.9211
45.525 -65.8921
45.5103 -65.8629
45.4957 -65.8337
45.4812 -65.8044
45.4667 -65.775
45.4523 -65.7455
45.4379 -65.7158
45.4236 -65.6861
45.4093 -65.6563
45.3951 -65.6264
45.381 -65.5963
45.3669 -65.5662
45.3528 -65.536
45.3388 -65.5057
45.3248 -65.4754
45.3109 -65.4449
45.2971 -65.4143
45.2833 -65.3837
45.2696 -65.3529
45.2559 -65.3221
45.2423 -65.2912
45.2287 -65.2602
45.2152 -65.229
45.2017 -65.1978
45.1883 -65.1664
45.175 -65.135
45.1617 -65.1034
45.1484 -65.0718
45.1353 -65.04
45.1221 -65.0081
45.1091 -64.9762
45.096 -64.9445
45.083 -64.9128
45.07 -64.881
45.0571 -64.849
45.0443 -64.817
45.0315 -64.7848
45.0187 -64.7526
45.006 -64.7205
44.9933 -64.6883
44.9807 -64.656
44.9682 -64.6237
44.9555 -64.5921
44.9429 -64.5607
44.9303 -64.5293
44.9178 -64.4978
44.9053 -64.4663
44.8929 -64.4348
44.8805 -64.4034
44.8681 -64.3718
44.8558 -64.3401
44.8436 -64.3083
44.8314 -64.2764
44.8193 -64.2444
44.8073 -64.2123
44.7953 -64.1801
44.7833 -64.1478
44.7714 -64.1155
44.7596 -64.083
44.7478 -64.0504
44.7361 -64.0177
44.7244 -63.9849
44.7128 -63.9521
44.7013 -63.9193
44.6897 -63.8865
44.6783 -63.8536
44.6668 -63.8207
44.6555 -63.7876
44.6442 -63.7544
44.6329 -63.7212
44.6217 -63.6878
44.6106 -63.6544
44.5995 -63.6211
44.5884 -63.5878
44.5774 -63.5544
44.5664 -63.521
44.5555 -63.4874
44.5447 -63.4537
44.5339 -63.4199
44.5232 -63.3861
44.5125 -63.3521
44.5019 -63.318
44.4914 -63.2838
44.4809 -63.2495
44.4705 -63.2151
44.4601 -63.1806
44.4498 -63.146
44.4396 -63.1114
44.4294 -63.0766
44.4193 -63.0418
44.4092 -63.0068
44.3992 -62.9718
44.3892 -62.9367
44.3793 -62.9017
44.3694 -62.8666
44.3596 -62.8314
44.3499 -62.7961
44.3402 -62.7607
44.3306 -62.7252
44.321 -62.6895
44.3116 -62.6538
44.3021 -62.618
44.2928 -62.5821
44.2835 -62.5461
44.2742 -62.51
44.265 -62.4738
44.2559 -62.4376
44.2468 -62.4013
44.2377 -62.3653
44.2286 -62.33
44.2195 -62.2946
44.2104 -62.2591
44.2014 -62.2235
44.1925 -62.1878
44.1837 -62.152
44.1749 -62.1161
44.1662 -62.0801
44.1575 -62.0442
44.1488 -62.0084
44.1402 -61.9725
44.1316 -61.9365
44.1232 -61.9004
44.1147 -61.8642
44.1064 -61.828
44.0981 -61.7916
44.0898 -61.7551
44.0816 -61.7186
44.0735 -61.6819
44.0655 -61.6451
44.0575 -61.6082
44.0496 -61.5712
44.0417 -61.5342
44.0339 -61.497
44.0262 -61.4598
44.0185 -61.4224
44.0109 -61.385
44.0033 -61.3474
43.9958 -61.3098
43.9884 -61.272
43.9811 -61.2342
43.9738 -61.1963
43.9665 -61.1582
43.9594 -61.1201
43.9523 -61.0818
43.9452 -61.0436
43.9382 -61.0054
43.9312 -60.9672
43.9243 -60.9289
43.9175 -60.8905
43.9107 -60.8522
43.904 -60.8138
43.8973 -60.7752
43.8907 -60.7366
43.8841 -60.6979
43.8776 -60.6591
43.8712 -60.6202
43.8649 -60.5813
43.8586 -60.5422
43.8523 -60.503
43.8462 -60.4637
43.8401 -60.4244
43.8341 -60.3849
43.8281 -60.3453
43.8222 -60.3056
43.8164 -60.2658
43.8107 -60.226
43.805 -60.186
43.7993 -60.1461
43.7937 -60.106
43.7882 -60.066
43.7827 -60.0258
43.7773 -59.9855
43.772 -59.9451
43.7668 -59.9046
43.7616 -59.8641
43.7564 -59.8235
43.7514 -59.7828
43.7463 -59.7421
43.7414 -59.7012
43.7365 -59.6604
43.7317 -59.6194
43.7267 -59.5794
43.7216 -59.5398
43.7167 -59.5001
43.7118 -59.4602
43.707 -59.4203
43.7022 -59.3803
43.6975 -59.3402
43.6928 -59.3001
43.6882 -59.2601
43.6836 -59.2202
43.6791 -59.1803
43.6746 -59.1403
43.6702 -59.1002
43.6658 -59.0599
43.6615 -59.0196
43.6573 -58.9792
43.6532 -58.9387
43.6491 -58.8983
43.645 -58.8581
43.6409 -58.8179
43.6369 -58.7777
43.6329 -58.7373
43.629 -58.697
43.6251 -58.6567
43.6213 -58.6164
43.6176 -58.5759
43.6139 -58.5354
43.6104 -58.4948
43.6068 -58.454
43.6033 -58.4135
43.5998 -58.373
43.5964 -58.3325
43.593 -58.2919
43.5897 -58.2513
43.5865 -58.2106
43.5833 -58.1699
43.5801 -58.1293
43.5769 -58.0888
43.5739 -58.0481
43.5709 -58.0073
43.5679 -57.9664
43.5651 -57.9255
43.5623 -57.8845
43.5595 -57.8434
43.5568 -57.8022
43.5542 -57.761
43.5517 -57.7197
43.5492 -57.6785
43.5467 -57.6372
43.5443 -57.5959
43.542 -57.5545
43.5397 -57.513
43.5375 -57.4714
43.5354 -57.4297
43.5333 -57.388
43.5313 -57.3462
43.5294 -57.3043
43.5275 -57.2624
43.5257 -57.2204
43.524 -57.1783
43.5223 -57.1361
43.5207 -57.0939
43.5192 -57.0515
43.5177 -57.0091
43.5164 -56.9666
43.515 -56.924
43.5137 -56.8814
43.5125 -56.8388
43.5114 -56.7961
43.5103 -56.7534
43.5093 -56.7105
43.5083 -56.6676
43.5074 -56.6246
43.5066 -56.5815
43.5058 -56.5384
43.5052 -56.4951
43.5046 -56.4518
43.504 -56.4083
43.5036 -56.3648
43.5032 -56.3212
43.5028 -56.2775
43.5026 -56.2337
43.5024 -56.1898
43.5023 -56.1458
43.5023 -56.1017
43.5023 -56.0576
43.5024 -56.0134
43.5026 -55.9691
43.5028 -55.925
43.5028 -55.8814
43.5029 -55.838
43.503 -55.7945
43.5032 -55.751
43.5035 -55.7073
43.5038 -55.6636
43.5042 -55.6198
43.5047 -55.576
43.5053 -55.532
43.5059 -55.4879
43.5066 -55.4437
43.5073 -55.3995
43.5082 -55.3551
43.5091 -55.3108
43.51 -55.2665
43.511 -55.2221
43.5121 -55.1776
43.5132 -55.133
43.5145 -55.0883
43.5158 -55.0435
43.5172 -54.9986
43.5186 -54.9537
43.5201 -54.9087
43.5217 -54.8637
43.5233 -54.8186
43.525 -54.7734
43.5268 -54.7281
43.5287 -54.6828
43.5306 -54.6373
43.5326 -54.5918
43.5346 -54.5463
43.5367 -54.5006
43.5389 -54.4549
43.5412 -54.4091
43.5436 -54.3631
43.5459 -54.3182
43.548 -54.2799
43.5502 -54.2416
43.5524 -54.2031
43.5548 -54.1645
43.5571 -54.1259
43.5596 -54.0871
43.5622 -54.0483
43.5648 -54.0094
43.5675 -53.9704
43.5702 -53.9314
43.573 -53.8922
43.5759 -53.8531
43.5789 -53.8139
43.5819 -53.7746
43.585 -53.7353
43.5882 -53.6958
43.5914 -53.6564
43.5947 -53.6169
43.598 -53.5775
43.6013 -53.5381
43.6047 -53.4989
43.6081 -53.4596
43.6116 -53.4203
43.6151 -53.3811
43.6187 -53.3418
43.6223 -53.3024
43.6261 -53.263
43.6299 -53.2234
43.6338 -53.1838
43.6377 -53.144
43.6418 -53.1042
43.6458 -53.0647
43.6499 -53.0251
43.654 -52.9855
43.6582 -52.9458
43.6625 -52.9061
43.6668 -52.8664
43.6712 -52.8265
43.6751 -52.7881
43.6762 -52.7558
43.6774 -52.7234
43.6787 -52.691
43.68 -52.6585
43.6814 -52.6261
43.6827 -52.5939
43.6841 -52.5616
43.6855 -52.5293
43.687 -52.4968
43.6886 -52.4643
43.6902 -52.4318
43.6919 -52.3991
43.6937 -52.3665
43.6955 -52.3337
43.6973 -52.3009
43.6993 -52.2681
43.7013 -52.2352
43.7033 -52.2022
43.7055 -52.1692
43.7076 -52.1361
43.7099 -52.1029
43.7122 -52.0697
43.7146 -52.0364
43.717 -52.0031
43.7195 -51.9697
43.722 -51.9363
43.7246 -51.9028
43.7273 -51.8693
43.73 -51.8357
43.7328 -51.802
43.7357 -51.7683
43.7386 -51.7346
43.7416 -51.7008
43.7446 -51.667
43.7477 -51.6331
43.7508 -51.5993
43.7539 -51.5656
43.7571 -51.5319
43.7604 -51.498
43.7638 -51.4641
43.7671 -51.4303
43.7706 -51.3963
43.774 -51.3626
43.7775 -51.3289
43.7811 -51.295
43.7847 -51.2611
43.7883 -51.2273
43.7921 -51.1934
43.7958 -51.1596
43.7996 -51.1258
43.8034 -51.092
43.8073 -51.0582
43.8113 -51.0243
43.8153 -50.9905
43.8193 -50.9565
43.8235 -50.9225
43.8277 -50.8885
43.8319 -50.8543
43.8363 -50.8201
43.8407 -50.7858
43.8448 -50.7543
43.8487 -50.7258
43.8526 -50.6973
43.8566 -50.6687
43.8606 -50.6401
43.8647 -50.6114
43.8689 -50.5827
43.8731 -50.554
43.8773 -50.5253
43.8816 -50.4965
43.886 -50.4676
43.8904 -50.4387
43.8949 -50.4098
43.8995 -50.3808
43.9041 -50.3517
43.9088 -50.3225
43.9136 -50.2934
43.9184 -50.2641
43.9233 -50.2348
43.9282 -50.2055
43.9332 -50.1763
43.9382 -50.1471
43.9433 -50.1177
43.9484 -50.0884
43.9536 -50.0589
43.9589 -50.0294
43.9643 -49.9999
43.9697 -49.9702
43.9751 -49.9407
43.9806 -49.9113
43.9861 -49.8817
43.9917 -49.8522
43.9974 -49.8225
44.0031 -49.7928
44.0089 -49.7631
44.0147 -49.7333
44.0206 -49.7035
44.0266 -49.6736
44.0326 -49.6436
44.0387 -49.6136
44.0449 -49.5837
44.0511 -49.5537
44.0573 -49.5236
44.0637 -49.4935
44.0701 -49.4633
44.0766 -49.433
44.0831 -49.4027
44.0897 -49.3723
44.0964 -49.342
44.103 -49.3116
44.1098 -49.2813
44.1165 -49.2511
44.1233 -49.2208
44.1302 -49.1905
44.1372 -49.1604
44.1443 -49.1306
44.1514 -49.1007
44.1587 -49.0707
44.166 -49.0406
44.1734 -49.0105
44.1808 -48.9804
44.1883 -48.9501
44.1959 -48.9199
44.2035 -48.8897
44.2111 -48.8594
44.2189 -48.829
44.2267 -48.7986
44.2346 -48.7681
44.2425 -48.7377
44.2497 -48.7091
44.2549 -48.6841
44.2601 -48.6593
44.2654 -48.6345
44.2708 -48.6096
44.2762 -48.5846
44.2816 -48.5597
44.2871 -48.5349
44.2926 -48.51
44.2981 -48.4852
44.3037 -48.4603
44.3094 -48.4355
44.315 -48.4108
44.3207 -48.3861
44.3264 -48.3616
44.3321 -48.337
44.3379 -48.3123
44.3438 -48.2876
44.3497 -48.2628
44.3557 -48.2382
44.3616 -48.2136
44.3676 -48.189
44.3737 -48.1645
44.3798 -48.1399
44.3859 -48.1153
44.3921 -48.0906
44.3984 -48.0659
44.4047 -48.0411
44.4111 -48.0162
44.4176 -47.9913
44.4241 -47.9663
44.4306 -47.9414
44.4372 -47.9164
44.4439 -47.8913
44.4507 -47.8662
44.4575 -47.841
44.4643 -47.8157
44.4712 -47.7904
44.4782 -47.7652
44.4852 -47.7399
44.4923 -47.7146
44.4994 -47.6892
44.5066 -47.6638
44.5138 -47.6383
44.5211 -47.6129
44.5284 -47.5876
44.5354 -47.5589
44.5421 -47.5245
44.5488 -47.4901
44.5556 -47.4556
44.5625 -47.4211
44.5694 -47.3865
44.5763 -47.3518
44.5834 -47.3171
44.5905 -47.2823
44.5976 -47.2474
44.6049 -47.2124
44.6122 -47.1774
44.6195 -47.1423
44.6269 -47.1071
44.6336 -47.0737
44.6403 -47.0402
44.6471 -47.0067
44.654 -46.9731
44.6609 -46.9395
44.6678 -46.9058
44.6748 -46.8721
44.6819 -46.8385
44.689 -46.8048
44.6961 -46.7711
44.7032 -46.7374
44.7105 -46.7038
44.7178 -46.6704
44.7251 -46.6369
44.7325 -46.6033
44.74 -46.5697
44.7475 -46.536
44.7551 -46.5022
44.7628 -46.4683
44.7704 -46.4346
44.7782 -46.4009
44.7859 -46.3671
44.7938 -46.3332
44.8017 -46.2993
44.8096 -46.2653
44.8176 -46.2314
44.8257 -46.1974
44.8338 -46.1633
44.8419 -46.1292
44.8501 -46.0951
44.8584 -46.0609
44.8668 -46.0267
44.8751 -45.9925
44.8836 -45.9582
44.8921 -45.9239
44.9006 -45.8895
44.9092 -45.8551
44.9178 -45.8207
44.9265 -45.7862
44.9353 -45.7517
44.9441 -45.7172
44.953 -45.6826
44.9619 -45.6481
44.9709 -45.6135
44.9799 -45.5789
44.9889 -45.5442
44.998 -45.5096
45.0072 -45.475
45.0164 -45.4403
45.0257 -45.4055
45.035 -45.3707
45.0444 -45.3359
45.0538 -45.3013
45.0632 -45.2667
45.0726 -45.2321
45.0821 -45.1974
45.0917 -45.1628
45.1013 -45.1282
45.1109 -45.0937
45.1206 -45.0591
45.1302 -45.0245
45.1399 -44.99
45.1497 -44.9554
45.1595 -44.9208
45.1694 -44.8861
45.1793 -44.8514
45.1893 -44.8166
45.1994 -44.7817
45.2095 -44.7468
45.2197 -44.7119
45.2296 -44.6645
45.2394 -44.6114
45.2492 -44.5582
45.2591 -44.5049
45.2691 -44.4516
45.2791 -44.3984
45.2891 -44.3451
45.2992 -44.2918
45.3093 -44.2385
45.3195 -44.185
45.3298 -44.1315
45.3401 -44.0779
45.3505 -44.0242
45.361 -43.9705
45.3715 -43.9167
45.382 -43.863
45.3926 -43.8092
45.4033 -43.7553
45.414 -43.7013
45.4248 -43.6473
45.4357 -43.5932
45.4466 -43.539
45.4576 -43.4847
45.4687 -43.4304
45.4798 -43.3761
45.4909 -43.3218
45.5021 -43.2675
45.5133 -43.2131
45.5246 -43.1587
45.536 -43.1043
45.5474 -43.0498
45.5588 -42.9953
45.5703 -42.9408
45.5819 -42.8861
45.5935 -42.8316
45.6052 -42.7771
45.6169 -42.7224
45.6286 -42.6677
45.6405 -42.613
45.6523 -42.5584
45.6642 -42.5038
45.676 -42.4494
45.688 -42.395
45.6999 -42.3405
45.712 -42.2859
45.7241 -42.2313
45.7362 -42.1769
45.7483 -42.1224
45.7605 -42.068
45.7727 -42.0135
45.785 -41.9591
45.7973 -41.9047
45.8094 -41.8395
45.8216 -41.7723
45.8338 -41.705
45.8461 -41.6377
45.8584 -41.5704
45.8708 -41.5031
45.8832 -41.4357
45.8957 -41.3681
45.9083 -41.3006
45.9209 -41.233
45.9336 -41.1654
45.9463 -41.0977
45.9591 -41.0299
45.9719 -40.9621
45.9848 -40.8942
45.9978 -40.8262
46.0109 -40.7581
46.024 -40.69
46.0371 -40.6219
46.0503 -40.5537
46.0636 -40.4856
46.0769 -40.4173
46.0903 -40.349
46.1037 -40.2806
46.1172 -40.2121
46.1308 -40.1435
46.1444 -40.0749
46.1581 -40.0062
46.1719 -39.9373
46.1858 -39.8685
46.1996 -39.7996
46.2136 -39.7306
46.2276 -39.6617
46.2416 -39.5927
46.2557 -39.5236
46.2699 -39.4544
46.2842 -39.3852
46.2985 -39.3159
46.3129 -39.2465
46.3273 -39.1771
46.3418 -39.1076
46.3532 -39.0467
46.3645 -38.9856
46.3758 -38.9248
46.3872 -38.864
46.3986 -38.8031
46.4101 -38.7423
46.4216 -38.6814
46.4331 -38.6204
46.4448 -38.5595
46.4564 -38.4985
46.4681 -38.4374
46.4799 -38.3762
46.4917 -38.315
46.5036 -38.2539
46.5155 -38.1928
46.5274 -38.1318
46.5394 -38.0708
46.5514 -38.0097
46.5635 -37.9485
46.5757 -37.8873
46.5879 -37.8259
46.6001 -37.7645
46.6125 -37.7031
46.6248 -37.6417
46.6371 -37.5804
46.6496 -37.5191
46.662 -37.4576
46.6745 -37.3962
46.6871 -37.3348
46.6997 -37.2733
46.7124 -37.2118
46.7251 -37.1502
46.7378 -37.0887
46.7506 -37.0271
46.7634 -36.9654
46.7763 -36.9038
46.7893 -36.8421
46.8022 -36.7804
46.8153 -36.7187
46.8283 -36.6569
46.8415 -36.5952
46.8546 -36.5334
46.8678 -36.4715
46.8811 -36.4099
46.8943 -36.3482
46.9076 -36.2864
46.921 -36.2246
46.9344 -36.1627
46.9479 -36.1009
46.9613 -36.0392
46.9748 -35.9774
46.9884 -35.9156
47.002 -35.8537
47.0157 -35.7918
47.0294 -35.7298
47.0432 -35.6679
47.057 -35.6062
47.0708 -35.5443
47.0846 -35.4825
47.0985 -35.4206
47.1125 -35.3587
47.1265 -35.2968
47.1405 -35.235
47.1545 -35.1732
47.1686 -35.1114
47.1827 -35.0496
47.1969 -34.9877
47.2111 -34.9259
47.2253 -34.864
47.2396 -34.8023
47.2539 -34.7406
47.2683 -34.6788
47.2827 -34.6169
47.2971 -34.555
47.3115 -34.4935
47.326 -34.4319
47.3404 -34.3705
47.355 -34.3089
47.3695 -34.2475
47.3841 -34.186
47.3986 -34.1247
47.4133 -34.0634
47.4279 -34.0022
47.4425 -33.941
47.4572 -33.8799
47.4719 -33.8188
47.4867 -33.7576
47.5015 -33.6966
47.5163 -33.6355
47.5311 -33.5744
47.546 -33.5133
47.561 -33.4523
47.5759 -33.3912
47.5909 -33.3302
47.606 -33.2691
47.6211 -33.2081
47.6362 -33.1471
47.6513 -33.086
47.6666 -33.025
47.6818 -32.9639
47.6971 -32.9029
47.7124 -32.8417
47.7278 -32.7805
47.7433 -32.7193
47.7588 -32.6581
47.7743 -32.597
47.7898 -32.5359
47.8054 -32.4749
47.821 -32.4137
47.8366 -32.3526
47.8523 -32.2917
47.868 -32.2307
47.8837 -32.1696
47.8995 -32.1086
47.9154 -32.0475
47.9312 -31.9864
47.9471 -31.9255
47.9631 -31.8644
47.9791 -31.8034
47.9951 -31.7424
48.0111 -31.6814
48.0272 -31.6204
48.0433 -31.5594
48.0595 -31.4983
48.0758 -31.4372
48.0921 -31.376
48.1084 -31.3148
48.1248 -31.2537
48.1394 -31.1975
48.1531 -31.1435
48.1669 -31.0896
48.1807 -31.0355
48.1946 -30.9815
48.2085 -30.9274
48.2224 -30.8733
48.2364 -30.8191
48.2505 -30.7649
48.2646 -30.7107
48.2786 -30.6568
48.2889 -30.612
48.2993 -30.5671
48.3097 -30.5223
48.3202 -30.4774
48.3306 -30.4325
48.3412 -30.3875
48.3517 -30.3425
48.3623 -30.2974
48.373 -30.2524
48.3836 -30.2074
48.3943 -30.1623
48.4051 -30.1172
48.4158 -30.0722
48.4266 -30.0272
48.4373 -29.9823
48.4478 -29.938
48.4584 -29.8936
48.469 -29.8491
48.4796 -29.8046
48.4903 -29.7601
48.5011 -29.7155
48.5118 -29.6708
48.5226 -29.6262
48.5332 -29.5821
48.5437 -29.5383
48.5542 -29.4945
48.5648 -29.4507
48.5753 -29.4068
48.586 -29.3628
48.5966 -29.3188
48.6074 -29.2748
48.6181 -29.2307
48.6289 -29.1867
48.6397 -29.1426
48.6505 -29.0985
48.6614 -29.0543
48.6724 -29.0102
48.6833 -28.9661
48.6942 -28.922
48.7052 -28.8779
48.7162 -28.8338
48.7273 -28.7897
48.7357 -28.7525
48.7439 -28.7153
48.7522 -28.6782
48.7606 -28.6411
48.7689 -28.6041
48.7773 -28.567
48.7857 -28.5298
48.7942 -28.4926
48.8027 -28.4554
48.8112 -28.4181
48.8198 -28.3808
48.8284 -28.3434
48.837 -28.3061
48.8457 -28.2687
48.8543 -28.2312
48.8631 -28.1937
48.8718 -28.1562
48.8806 -28.1186
48.8895 -28.081
48.8983 -28.0434
48.9072 -28.0058
48.9161 -27.9681
48.9251 -27.9304
48.9341 -27.8927
48.9431 -27.8549
48.9522 -27.817
48.9613 -27.7791
48.9704 -27.7412
48.9796 -27.7033
48.9888 -27.6653
48.998 -27.6273
49.0073 -27.5892
49.0166 -27.5511
49.0259 -27.5129
49.0353 -27.4748
49.0447 -27.4365
49.0542 -27.3982
49.0637 -27.3599
49.0732 -27.3216
49.0828 -27.2832
49.0924 -27.2448
49.102 -27.2063
49.1117 -27.1678
49.1214 -27.1292
49.1311 -27.0906
49.1409 -27.052
49.1507 -27.0133
49.1605 -26.9746
49.1704 -26.9359
49.1803 -26.8972
49.1902 -26.8585
49.2002 -26.8197
49.2102 -26.7809
49.2202 -26.7421
49.2303 -26.7032
49.2404 -26.6644
49.2505 -26.6255
49.2606 -26.5867
49.2708 -26.5477
49.281 -26.5088
49.2912 -26.47
49.3013 -26.4314
49.3114 -26.3927
49.3215 -26.3542
49.3317 -26.3155
49.3419 -26.2769
49.3521 -26.2382
49.3621 -26.1999
49.3722 -26.1617
49.3823 -26.1235
49.3924 -26.0852
49.4025 -26.0469
49.4127 -26.0086
49.4229 -25.9702
49.4331 -25.932
49.4432 -25.894
49.4534 -25.856
49.4637 -25.8179
49.4739 -25.78
49.4841 -25.742
49.4944 -25.704
49.5039 -25.6675
49.513 -25.6268
49.5221 -25.5868
49.5312 -25.547
49.5402 -25.5071
49.5493 -25.4671
49.5565 -25.4207
49.5621 -25.3695
49.5678 -25.3182
49.5734 -25.2667
49.5791 -25.2151
49.5848 -25.1629
49.5903 -25.1097
49.5959 -25.0565
49.6015 -25.0033
49.6071 -24.9501
49.6128 -24.8969
49.6186 -24.8436
49.6244 -24.7903
49.6302 -24.7369
49.6361 -24.6835
49.642 -24.63
49.648 -24.5765
49.654 -24.523
49.6601 -24.4694
49.6661 -24.4159
49.6722 -24.3624
49.6812 -24.3173
49.692 -24.2774
49.7028 -24.2373
49.7137 -24.1972
49.7246 -24.157
49.7355 -24.1167
49.7465 -24.0766
49.7574 -24.0364
49.7684 -23.9962
49.7795 -23.9559
49.7906 -23.9156
49.8017 -23.8752
49.8128 -23.8347
49.824 -23.7942
49.8352 -23.7538
49.8464 -23.7133
49.8577 -23.6727
49.869 -23.6321
49.8804 -23.5913
49.8918 -23.5506
49.9032 -23.5097
49.9147 -23.4688
49.9262 -23.4278
49.9377 -23.3868
49.9489 -23.3436
49.9589 -23.2945
49.9688 -23.2452
49.9788 -23.1956
49.9888 -23.1457
49.9987 -23.0955
50.0087 -23.0451
50.0186 -22.9943
50.0285 -22.9432
50.0384 -22.8917
50.0483 -22.8398
50.0582 -22.7877
50.0679 -22.7353
50.0777 -22.6825
50.0883 -22.6348
50.0992 -22.5882
50.1081 -22.5333
50.1145 -22.4673
50.121 -22.4013
50.1283 -22.3391
50.1394 -22.2952
50.1505 -22.2513
50.1616 -22.2072
50.1728 -22.1631
50.1843 -22.1195
50.1964 -22.0772
50.2086 -22.0349
50.2209 -21.9925
50.2331 -21.95
50.2454 -21.9074
50.2578 -21.8648
50.2702 -21.8221
50.2826 -21.7793
50.2951 -21.7365
50.3076 -21.6936
50.3201 -21.6507
50.3327 -21.6077
50.3453 -21.5646
50.358 -21.5216
50.3706 -21.4787
50.3833 -21.4357
50.396 -21.3927
50.4088 -21.3497
50.4216 -21.3065
50.4344 -21.2633
50.4473 -21.22
50.4602 -21.1773
50.4737 -21.136
50.4873 -21.0948
50.5009 -21.0536
50.5145 -21.0122
50.5282 -20.9708
50.542 -20.9293
50.5557 -20.8877
50.5695 -20.8461
50.5833 -20.8045
50.5972 -20.7629
50.6087 -20.723
50.6196 -20.6833
50.6306 -20.6437
50.6416 -20.6039
50.6527 -20.5641
50.6637 -20.5242
50.6749 -20.4842
50.6861 -20.4442
50.6973 -20.4041
50.7085 -20.3639
50.7198 -20.3236
50.7311 -20.2834
50.7424 -20.2431
50.7538 -20.2028
50.7652 -20.1625
50.7766 -20.1221
50.7881 -20.0817
50.7996 -20.0411
50.8111 -20.0005
50.8227 -19.9599
50.8343 -19.9191
50.846 -19.8783
50.8575 -19.8376
50.869 -19.797
50.8804 -19.7566
50.892 -19.7162
50.9035 -19.6756
50.915 -19.6352
50.9266 -19.5947
50.9382 -19.5542
50.9499 -19.5135
50.9616 -19.4728
50.9733 -19.432
50.9851 -19.3912
50.9969 -19.3502
51.0088 -19.3092
51.0193 -19.2697
51.0284 -19.2312
51.0376 -19.1928
51.0467 -19.1543
51.0559 -19.1158
51.0652 -19.0772
51.0745 -19.0385
51.0838 -18.9998
51.0931 -18.9609
51.1025 -18.922
51.1119 -18.8831
51.1214 -18.8441
51.1309 -18.8051
51.1404 -18.7661
51.1499 -18.727
51.1595 -18.6879
51.1691 -18.6488
51.1787 -18.6095
51.1884 -18.5702
51.1981 -18.5308
51.2078 -18.4913
51.2176 -18.4518
51.2275 -18.4121
51.2373 -18.3724
51.2472 -18.3327
51.2572 -18.2929
51.2671 -18.253
51.2771 -18.213
51.2872 -18.1731
51.2973 -18.133
51.3074 -18.0928
51.3175 -18.0526
51.3277 -18.0124
51.3379 -17.9721
51.3482 -17.9317
51.3585 -17.8912
51.3688 -17.8507
51.3792 -17.8102
51.3896 -17.7696
51.4 -17.7289
51.4105 -17.6882
51.421 -17.6474
51.4316 -17.6066
51.4421 -17.5657
51.4527 -17.5249
51.4633 -17.4842
51.4739 -17.4434
51.4846 -17.4026
51.4953 -17.3617
51.5061 -17.3206
51.5169 -17.2796
51.5277 -17.2384
51.5386 -17.1972
51.5495 -17.1559
51.5604 -17.1145
51.5714 -17.0731
51.5825 -17.0316
51.5935 -16.99
51.6046 -16.9483
51.6158 -16.9066
51.6269 -16.8649
51.6379 -16.8242
51.6488 -16.7836
51.6597 -16.7429
51.6706 -16.7023
51.6815 -16.6617
51.6925 -16.6209
51.7035 -16.5802
51.7146 -16.5394
51.7256 -16.4985
51.7368 -16.4576
51.7479 -16.4166
51.7591 -16.3755
51.7704 -16.3344
51.7816 -16.2932
51.7929 -16.252
51.8043 -16.2108
51.8156 -16.1697
51.827 -16.1285
51.8384 -16.0873
51.8498 -16.0459
51.8613 -16.0045
51.8729 -15.9631
51.8844 -15.9216
51.896 -15.8803
51.9076 -15.8389
51.9192 -15.7975
51.9308 -15.7562
51.9425 -15.7148
51.9542 -15.6734
51.966 -15.6319
51.9777 -15.5903
51.9896 -15.5486
52.0014 -15.5069
52.0133 -15.4652
52.0253 -15.4233
52.0373 -15.3815
52.0492 -15.3398
52.0613 -15.298
52.0733 -15.2561
52.0854 -15.2142
52.0975 -15.1724
52.1096 -15.1305
52.1218 -15.0886
52.134 -15.0468
52.1462 -15.005
52.1584 -14.963
52.1707 -14.921
52.183 -14.8792
52.1953 -14.8376
52.2076 -14.7959
52.2199 -14.7542
52.2323 -14.7124
52.2447 -14.6706
52.2571 -14.6289
52.2695 -14.5872
52.282 -14.5454
52.2945 -14.5036
52.307 -14.4618
52.3196 -14.4199
52.3322 -14.3779
52.3448 -14.3362
52.3574 -14.2946
52.37 -14.253
52.3827 -14.2112
52.3954 -14.1694
52.4082 -14.1275
52.421 -14.0856
52.4338 -14.0435
52.4467 -14.0015
52.4596 -13.9594
52.4725 -13.9172
52.4855 -13.875
52.4985 -13.8328
52.5116 -13.7905
52.5247 -13.7481
52.5378 -13.7057
52.551 -13.6633
52.5642 -13.6208
52.5774 -13.5783
52.5906 -13.5358
52.604 -13.4932
52.6173 -13.4505
52.6307 -13.4078
52.6441 -13.3651
52.6575 -13.3223
52.671 -13.2795
52.6845 -13.2367
52.6981 -13.1938
52.7117 -13.1509
52.7253 -13.1079
52.739 -13.0648
52.7527 -13.0217
52.7665 -12.9784
52.7803 -12.9352
52.7941 -12.8918
52.808 -12.8485
52.8218 -12.8053
52.8357 -12.7622
52.8496 -12.7191
52.8635 -12.676
52.8775 -12.6328
52.8915 -12.5896
52.9055 -12.5464
52.9196 -12.5032
52.9336 -12.4601
52.9477 -12.4172
52.9618 -12.3742
52.9759 -12.3313
52.9901 -12.2882
53.0043 -12.2451
53.0185 -12.2019
53.0328 -12.1587
53.0472 -12.1154
53.0615 -12.0721
53.0759 -12.0287
53.0904 -11.9853
53.1048 -11.9418
53.1194 -11.8982
53.1339 -11.8546
53.1485 -11.8109
53.1632 -11.7671
53.1779 -11.7233
53.1926 -11.6794
53.2074 -11.6354
53.2221 -11.5913
53.237 -11.5466
53.2518 -11.5019
53.2667 -11.4572
53.2816 -11.4124
53.2966 -11.3675
53.3116 -11.3227
53.3266 -11.2777
53.3417 -11.2327
53.3568 -11.1877
53.372 -11.1426
53.3871 -11.0975
53.4023 -11.0526
53.4174 -11.008
53.4326 -10.9634
53.4478 -10.9188
53.463 -10.8741
53.4783 -10.8293
53.4936 -10.7845
53.509 -10.7396
53.5244 -10.6946
53.5398 -10.6496
53.5553 -10.6045
53.5709 -10.5594
53.5864 -10.5142
53.602 -10.4689
53.6177 -10.4237
53.6333 -10.3783
53.6491 -10.333
53.6648 -10.2876
53.6806 -10.2421
53.6965 -10.1965
53.7123 -10.1509
53.7283 -10.1052
53.7442 -10.0594
53.7603 -10.0136
53.7763 -9.96773
53.7924 -9.92179
53.8086 -9.87578
53.8247 -9.82971
53.841 -9.78356
53.8572 -9.73735
53.8736 -9.69108
53.8899 -9.64473
53.9063 -9.59832
53.9228 -9.55184
53.9392 -9.50529
53.9558 -9.45867
53.9724 -9.41199
53.989 -9.36524
54.0056 -9.31842
54.0223 -9.27154
54.0391 -9.22458
54.0559 -9.17756
54.0727 -9.13047
54.0896 -9.08331
54.1066 -9.03609
54.1235 -8.9888
54.1405 -8.94153
54.1576 -8.89421
54.1747 -8.84682
54.1912 -8.79963
54.2075 -8.75248
54.2238 -8.70526
54.2402 -8.65797
54.2566 -8.6109
54.273 -8.56391
54.2895 -8.51693
54.3059 -8.46996
54.3224 -8.42292
54.339 -8.37581
54.3555 -8.32864
54.3722 -8.2814
54.3888 -8.2341
54.4055 -8.18682
54.4223 -8.13958
54.439 -8.09226
54.4558 -8.04489
54.4727 -7.99745
54.4896 -7.94997
54.5065 -7.90242
54.5235 -7.85481
54.5405 -7.80712
54.5576 -7.75941
54.5747 -7.71165
54.5918 -7.66391
54.609 -7.61615
54.6262 -7.56832
54.6435 -7.52043
54.6608 -7.47248
54.6781 -7.42445
54.6955 -7.37642
54.7129 -7.32832
54.7304 -7.28019
54.7478 -7.23209
54.7654 -7.18397
54.7829 -7.13578
54.8005 -7.08753
54.8182 -7.03922
54.8359 -6.99083
54.8536 -6.94238
54.8714 -6.89387
54.8893 -6.84529
54.9072 -6.79664
54.9251 -6.74796
54.943 -6.6993
54.961 -6.65071
54.979 -6.60206
54.997 -6.55335
55.0151 -6.50457
55.0333 -6.45572
55.0515 -6.40681
55.0697 -6.35792
55.0878 -6.30946
55.106 -6.26099
55.1242 -6.21248
55.1425 -6.16395
55.1608 -6.11536
55.1791 -6.0667
55.1975 -6.01798
55.2159 -5.96924
55.2344 -5.92051
55.2529 -5.87172
55.2714 -5.82286
55.29 -5.77394
55.3087 -5.72495
55.3273 -5.6759
55.3461 -5.62684
55.3648 -5.57779
55.3836 -5.52868
55.4024 -5.4795
55.4213 -5.4303
55.4402 -5.38107
55.4592 -5.3318
55.4782 -5.28246
55.4972 -5.23307
55.5163 -5.1836
55.5354 -5.13415
55.5545 -5.08482
55.5737 -5.03562
55.5928 -4.98637
55.612 -4.93705
55.6313 -4.88768
55.6506 -4.83824
55.6699 -4.78881
55.6893 -4.73933
55.7087 -4.68979
55.7281 -4.64036
55.7476 -4.59088
55.7671 -4.54135
55.7867 -4.49175
55.8063 -4.44209
55.8259 -4.3924
55.8456 -4.34273
55.8653 -4.29302
55.8851 -4.24329
55.9049 -4.19349
55.9247 -4.14364
55.9445 -4.09395
55.9644 -4.04424
55.9843 -3.99447
56.0043 -3.94464
56.0243 -3.89479
56.0443 -3.84487
56.0644 -3.79489
56.0846 -3.74487
56.1047 -3.69479
56.125 -3.64466
56.1451 -3.59489
56.1653 -3.54514
56.1855 -3.49533
56.2058 -3.44562
56.2261 -3.39592
56.2464 -3.34621
56.2667 -3.29646
56.2871 -3.24669
56.3075 -3.19698
56.3278 -3.14759
56.3482 -3.0982
56.3686 -3.04878
56.3891 -2.9994
56.4095 -2.95
56.43 -2.90055
56.4506 -2.85103
56.4712 -2.80145
56.4919 -2.75181
56.5126 -2.70212
56.5333 -2.65236
56.5533 -2.60328
56.5733 -2.55425
56.5932 -2.50525
56.6132 -2.45626
56.6333 -2.40725
56.6534 -2.35818
56.6735 -2.30908
56.6937 -2.25992
56.7139 -2.21057
56.7341 -2.16084
56.7544 -2.11106
56.7748 -2.06122
56.7952 -2.01131
56.8156 -1.96135
56.8361 -1.91135
56.8566 -1.86134
56.8772 -1.81127
56.8978 -1.76114
56.9185 -1.71095
56.9392 -1.6607
56.9599 -1.61039
56.9807 -1.56002
57.0015 -1.50959
57.0224 -1.4591
57.0434 -1.40855
57.0644 -1.35798
57.0852 -1.30781
57.1062 -1.25769
57.1271 -1.20769
57.148 -1.15767
57.169 -1.10763
57.1901 -1.05752
57.2111 -1.00736
57.2323 -0.957135
57.2535 -0.906854
57.2747 -0.856515
57.2959 -0.806129
57.3172 -0.755731
57.3386 -0.705275
57.36 -0.654772
57.3814 -0.604391
57.4028 -0.554011
57.4243 -0.503656
57.4457 -0.453243
57.4673 -0.402803
57.4888 -0.352363
57.5105 -0.301866
57.5321 -0.251338
57.5538 -0.200752
57.5756 -0.150109
57.5974 -0.0994076
57.6192 -0.0487162
57.641 0.00194156
57.6629 0.0526551
57.6849 0.10342
57.7068 0.154227
57.7288 0.205012
57.7509 0.255854
57.773 0.306753
57.7951 0.357699
57.8173 0.408655
57.8396 0.459668
57.8618 0.510739
57.8842 0.561867
57.9065 0.613019
57.9289 0.664148
57.9513 0.715335
57.9738 0.766578
57.9964 0.817874
58.0189 0.869129
58.0415 0.92044
58.0641 0.971789
58.0868 1.02306
58.1095 1.07429
58.1322 1.12558
58.155 1.17692
58.1778 1.22832
58.2006 1.27978
58.2235 1.33127
58.2465 1.3827
58.2694 1.43411
58.2924 1.48557
58.3154 1.53688
58.3383 1.58791
58.3613 1.63891
58.3843 1.68989
58.4073 1.74088
58.4303 1.79188
58.4534 1.84294
58.4766 1.89405
58.4998 1.94522
58.523 1.99644
58.5463 2.0477
58.5696 2.09889
58.5929 2.15006
58.6163 2.20129
58.6397 2.25256
58.6632 2.30387
58.6867 2.35523
58.7102 2.40665
58.7338 2.45811
58.7574 2.50958
58.7811 2.56106
58.8048 2.61247
58.8285 2.66389
58.8522 2.71516
58.8759 2.76635
58.8996 2.81748
58.9234 2.86863
58.9472 2.91981
58.9711 2.97104
58.995 3.02232
59.0189 3.07355
59.0428 3.12482
59.0668 3.17616
59.0909 3.22754
59.115 3.27896
59.1391 3.33034
59.1632 3.38148
59.1873 3.43266
59.2115 3.48385
59.2357 3.53508
59.2599 3.58608
59.2841 3.63712
59.3083 3.6882
59.3326 3.73933
59.3569 3.79045
59.3813 3.84162
59.4057 3.89284
59.4302 3.94411
59.4547 3.99543
59.4793 4.04679
59.5038 4.0981
59.5285 4.14948
59.5531 4.20084
59.5778 4.25225
59.6026 4.30371
59.6274 4.35522
59.652 4.40669
59.6766 4.45819
59.7012 4.5097
59.7258 4.56115
59.7504 4.61236
59.7751 4.66353
59.7997 4.71476
59.8244 4.76603
59.8492 4.81726
59.8739 4.86852
59.8988 4.91983
59.9236 4.97119
59.9485 5.02257
59.9735 5.07394
59.9984 5.12511
60.0233 5.17618
60.0482 5.22727
60.0732 5.27837
60.0982 5.32939
60.1233 5.38046
60.1483 5.43159
60.1735 5.48275
60.1986 5.53395
60.2239 5.5852
60.2491 5.6365
60.2744 5.68785
60.2998 5.73925
60.3252 5.79069
60.3506 5.84204
60.376 5.89326
60.4014 5.94438
60.4269 5.99555
60.4524 6.04678
60.4779 6.09805
60.5035 6.14938
60.5292 6.20076
60.5544 6.25194
60.5795 6.30313
60.6048 6.35438
60.6301 6.40568
60.6554 6.45703
60.6808 6.50843
60.7062 6.55988
60.7316 6.61138
60.7572 6.66292
60.7827 6.71448
60.8083 6.76609
60.8339 6.81764
60.8595 6.86909
60.8852 6.92059
60.9109 6.97214
60.9367 7.02375
60.9625 7.0754
60.9883 7.12711
61.0142 7.17887
61.0402 7.23066
61.0662 7.2825
61.0922 7.33438
61.1183 7.38629
61.1444 7.43821
61.1705 7.49003
61.1967 7.54189
61.2228 7.59379
61.2489 7.6456
61.275 7.69744
61.3012 7.74932
61.3274 7.80126
61.3536 7.85325
61.3799 7.90528
61.4063 7.95737
61.4327 8.0095
61.4591 8.06167
61.4856 8.11386
61.5121 8.16607
61.5387 8.21832
61.5653 8.2705
61.5918 8.32254
61.6185 8.37463
61.6451 8.42677
61.6718 8.47896
61.6986 8.5312
61.7254 8.58349
61.7522 8.6358
61.7791 8.68812
61.8061 8.74048
61.833 8.7929
61.8601 8.84536
61.8871 8.89767
61.9141 8.94995
61.9412 9.00229
61.9683 9.05468
61.9955 9.10711
62.0227 9.15951
62.05 9.21195
62.0773 9.26444
62.1046 9.31697
62.132 9.36947
62.1594 9.42195
62.1868 9.47441
62.2143 9.52692
62.2418 9.57947
62.2694 9.63205
62.297 9.68467
62.3246 9.7373
62.3523 9.78998
62.38 9.84271
62.4078 9.89547
62.4357 9.94827
62.4635 10.0011
62.4915 10.054
62.5195 10.107
62.5475 10.16
62.5756 10.213
62.6037 10.2661
62.6318 10.3192
62.66 10.3723
62.6883 10.4255
62.7166 10.4788
62.745 10.5321
62.7734 10.5854
62.8018 10.6388
62.8304 10.6923
62.8589 10.7458
62.8875 10.7993
62.9162 10.8529
62.9449 10.9065
62.9736 10.9602
63.0024 11.0139
63.0313 11.0677
63.0601 11.1211
63.0889 11.1746
63.1177 11.228
63.1466 11.2814
63.1755 11.3348
63.2044 11.3883
63.2334 11.4419
63.2625 11.4954
63.2916 11.549
63.3207 11.6026
63.3499 11.6563
63.3791 11.7099
63.4084 11.7636
63.4377 11.8173
63.467 11.871
63.4964 11.9249
63.5259 11.9787
63.5554 12.0326
63.585 12.0866
63.6146 12.1406
63.6442 12.1946
63.6739 12.2487
63.7037 12.3029
63.7335 12.357
63.7633 12.4111
63.7932 12.4653
63.8231 12.5195
63.853 12.5737
63.883 12.628
63.9131 12.6823
63.9432 12.7367
63.9733 12.7911
64.0035 12.8456
64.0338 12.9
64.0641 12.9545
64.0944 13.0091
64.1248 13.0636
64.1552 13.1181
64.1856 13.1727
64.2161 13.2272
64.2466 13.2818
64.2772 13.3364
64.3078 13.3911
64.3384 13.4458
64.3692 13.5005
64.3999 13.5553
64.4307 13.6101
64.4616 13.665
64.4925 13.7199
64.5234 13.7748
64.5544 13.8298
64.5855 13.8848
64.6166 13.9399
64.6477 13.995
64.6789 14.0501
64.7101 14.1052
64.7414 14.1603
64.7727 14.2155
64.804 14.2707
64.8353 14.3259
64.8667 14.3812
64.8981 14.4366
64.9296 14.4919
64.9611 14.5471
64.9926 14.6023
65.0241 14.6575
65.0557 14.7128
65.0873 14.7681
65.119 14.8235
65.1508 14.8788
65.1825 14.9342
65.2144 14.9897
65.2462 15.0452
65.2782 15.1008
65.3102 15.1564
65.3422 15.2119
65.3742 15.2674
65.4063 15.3229
65.4384 15.3785
65.4705 15.4341
65.5028 15.4898
65.535 15.5455
65.5674 15.6013
65.5997 15.6571
65.6322 15.713
65.6647 15.7689
65.6972 15.8248
65.7298 15.8808
65.7624 15.9369
65.7951 15.993
65.8278 16.0491
65.8606 16.1053
65.8935 16.1616
65.9263 16.2177
65.9593 16.274
65.9922 16.3302
66.0252 16.3865
66.0583 16.4429
66.0914 16.4993
66.1245 16.5554
66.1575 16.6114
66.1906 16.6674
66.2237 16.7234
66.2569 16.7795
66.2901 16.8357
66.3234 16.8919
66.3568 16.9481
66.3902 17.0044
66.4236 17.0608
66.4571 17.1172
66.4907 17.1736
66.5243 17.2301
66.5579 17.2865
66.5916 17.343
66.6253 17.3994
66.6591 17.4559
66.6929 17.5125
66.7267 17.5691
66.7607 17.6258
66.7946 17.6824
66.8287 17.7392
66.8627 17.796
66.8969 17.8528
66.9311 17.9097
66.9653 17.9666
66.9996 18.0236
67.0339 18.0806
67.0683 18.1377
67.1028 18.1948
67.1373 18.2519
67.1718 18.3091
67.2064 18.3664
67.2411 18.4237
67.2757 18.4808
67.3104 18.5379
67.3451 18.595
67.3798 18.6521
67.4146 18.7093
67.4494 18.7665
67.4843 18.8237
67.5193 18.881
67.5543 18.9384
67.5893 18.9958
67.6245 19.0532
67.6596 19.1107
67.6947 19.1679
67.7297 19.2249
67.7649 19.2819
67.8 19.3389
67.8351 19.3958
67.8703 19.4528
67.9055 19.5098
67.9408 19.5669
67.9762 19.624
68.0116 19.6811
68.047 19.7382
68.0824 19.7952
68.1179 19.8523
68.1534 19.9095
68.189 19.9666
68.2247 20.0239
68.2604 20.0811
68.2961 20.1384
68.3319 20.1957
68.3677 20.253
68.4036 20.3104
68.4395 20.3678
68.4755 20.4252
68.5115 20.4827
68.5475 20.5401
68.5837 20.5977
68.6198 20.6553
68.656 20.7127
68.6922 20.7702
68.7285 20.8278
68.7648 20.8853
68.8012 20.9429
68.8376 21.0005
68.8741 21.0582
68.9106 21.1159
68.9471 21.1737
68.9837 21.2314
69.0204 21.2892
69.0571 21.3471
69.0939 21.4049
69.1306 21.4626
69.1674 21.5203
69.2042 21.5781
69.2411 21.6359
69.278 21.6937
69.315 21.7516
69.352 21.8096
69.389 21.8671
69.4258 21.9243
69.4626 21.9814
69.4995 22.0386
69.5365 22.0958
69.5734 22.1531
69.6105 22.2104
69.6475 22.2676
69.6846 22.3248
69.7218 22.3821
69.759 22.4395
69.7963 22.4969
69.8336 22.5543
69.871 22.6118
69.9084 22.6693
69.9459 22.7269
69.9834 22.7845
70.021 22.8422
70.0586 22.8999
70.0963 22.9576
70.1341 23.0154
70.1718 23.073
70.2095 23.1305
70.2473 23.1881
70.2851 23.2457
70.323 23.3034
70.3608 23.3609
70.3985 23.4179
70.4363 23.475
70.474 23.5321
70.5119 23.5891
70.5497 23.6463
70.5877 23.7034
70.6257 23.7607
70.6637 23.8179
70.7018 23.8752
70.74 23.9326
70.7782 23.99
70.8164 24.0474
70.8547 24.1049
70.8931 24.1624
70.9315 24.22
70.97 24.2776
71.0085 24.3352
71.047 24.3927
71.0856 24.4502
71.1242 24.5078
71.1627 24.5652
71.2014 24.6227
71.2401 24.6802
71.2788 24.7378
71.3176 24.7953
71.3564 24.8528
71.3952 24.9103
71.4341 24.9679
71.473 25.0255
71.512 25.0831
71.5511 25.1408
71.5902 25.1985
71.6293 25.2563
71.6685 25.3141
71.7078 25.3719
71.747 25.4297
71.7863 25.4873
71.8256 25.545
71.865 25.6028
71.9044 25.6606
71.9439 25.7184
71.9834 25.7762
72.0229 25.834
72.0624 25.8917
72.102 25.9494
72.1416 26.0072
72.1813 26.065
72.221 26.1228
72.2608 26.1806
72.3006 26.2385
72.3405 26.2964
72.3804 26.3544
72.4203 26.4122
72.4602 26.47
72.5002 26.5279
72.5403 26.5858
72.5804 26.6437
72.6205 26.7017
72.6607 26.7597
72.701 26.8177
72.7413 26.8758
72.7816 26.9338
72.8218 26.9914
72.862 27.049
72.9023 27.1067
72.9425 27.1642
72.9828 27.2218
73.0232 27.2794
73.0636 27.3369
73.104 27.3945
73.1444 27.452
73.1849 27.5096
73.2254 27.5672
73.266 27.6248
73.3067 27.6824
73.3473 27.74
73.388 27.7976
73.4287 27.8551
73.4694 27.9127
73.5103 27.9704
73.5511 28.0281
73.592 28.0858
73.633 28.1435
73.674 28.2013
73.7151 28.259
73.7562 28.3169
73.7973 28.3747
73.8382 28.4319
73.8791 28.4888
73.92 28.5458
73.9608 28.6026
74.0018 28.6595
74.0427 28.7164
74.0837 28.7733
74.1248 28.8303
74.1659 28.8872
74.207 28.944
74.2481 29.001
74.2893 29.0579
74.3305 29.1148
74.3718 29.1717
74.4131 29.2287
74.4545 29.2857
74.4959 29.3428
74.5374 29.3998
74.5789 29.4568
74.6204 29.5139
74.662 29.5709
74.7036 29.628
74.7452 29.685
74.7869 29.742
74.8286 29.799
74.8699 29.8551
74.9113 29.9113
74.9527 29.9674
74.9941 30.0233
75.0355 30.0793
75.077 30.1352
75.1185 30.1912
75.16 30.2473
75.2017 30.3034
75.2433 30.3595
75.285 30.4155
75.3267 30.4716
75.3685 30.5278
75.4103 30.5839
75.4521 30.6399
75.4937 30.6954
75.5353 30.7508
75.577 30.8063
75.6187 30.8618
75.6605 30.9174
75.7023 30.973
75.7441 31.0285
75.7859 31.0839
75.8278 31.1394
75.8697 31.1949
75.9117 31.2504
75.9537 31.3059
75.9957 31.3614
76.0377 31.4167
76.0797 31.472
76.1217 31.5273
76.1638 31.5827
76.206 31.6381
76.2482 31.6934
76.2904 31.7489
76.3327 31.8043
76.3751 31.8599
76.4174 31.9154
76.4599 31.971
76.5024 32.0265
76.5449 32.0821
76.5874 32.1376
76.63 32.1932
76.6726 32.2488
76.7152 32.3043
76.7578 32.3597
76.8005 32.4151
76.8432 32.4706
76.886 32.5262
76.9287 32.5815
76.9715 32.6369
77.0144 32.6923
77.0572 32.7478
77.1002 32.8033
77.1431 32.8588
77.1861 32.9142
77.2291 32.9695
77.272 33.0246
77.3147 33.0793
77.3575 33.1341
77.4004 33.1889
77.4433 33.2437
77.4862 33.2985
77.5293 33.3534
77.5723 33.4084
77.6154 33.4633
77.6586 33.5183
77.7018 33.5733
77.7449 33.6281
77.7881 33.6829
77.8313 33.7377
77.8746 33.7926
77.9179 33.8475
77.9611 33.9021
78.0041 33.956
78.0471 34.0099
78.0901 34.0638
78.1331 34.1177
78.1762 34.1717
78.2194 34.2257
78.2626 34.2797
78.3058 34.3338
78.3491 34.3879
78.3924 34.4419
78.4357 34.4959
78.479 34.5497
78.5223 34.6036
78.5657 34.6575
78.6091 34.7114
78.6525 34.765
78.6955 34.818
78.7386 34.871
78.7817 34.924
78.8249 34.977
78.8682 35.0301
78.9114 35.0832
78.9548 35.1363
78.9981 35.1895
79.0415 35.2426
79.0846 35.2951
79.1275 35.347
79.1705 35.399
79.2135 35.451
79.2566 35.5031
79.2996 35.5551
79.3427 35.6071
79.3857 35.6591
79.4288 35.7112
79.4719 35.7632
79.5151 35.8152
79.5583 35.8672
79.6015 35.9193
79.6448 35.9714
79.6881 36.0234
79.7314 36.0753
79.7747 36.1273
79.8181 36.1794
79.8615 36.2314
79.905 36.2835
79.9485 36.3355
79.9921 36.3876
80.0356 36.4396
80.0792 36.4916
80.1228 36.5436
80.1664 36.5956
80.2101 36.6476
80.2538 36.6997
80.2976 36.7517
80.3413 36.8035
80.385 36.8554
80.4288 36.9073
80.4726 36.9592
80.5165 37.0111
80.5604 37.0631
80.6044 37.1151
80.6484 37.1671
80.6921 37.2185
80.7358 37.2697
80.7796 37.321
80.8233 37.3722
80.8672 37.4235
80.911 37.4747
80.9548 37.5259
80.9987 37.5771
81.0426 37.6282
81.0863 37.679
81.1297 37.7289
81.1731 37.7789
81.2165 37.8289
81.26 37.8789
81.3035 37.9288
81.347 37.9787
81.3905 38.0286
81.434 38.0784
81.4776 38.1281
81.5207 38.177
81.5638 38.2258
81.6069 38.2745
81.65 38.3231
81.6931 38.3716
81.7361 38.4198
81.7789 38.4676
81.8217 38.5155
81.8646 38.5633
81.9075 38.6112
81.9504 38.6589
81.9933 38.7067
82.0363 38.7545
82.0793 38.8022
82.1223 38.85
82.1653 38.8977
82.2084 38.9455
82.2516 38.9934
82.2947 39.0412
82.338 39.0891
82.3812 39.1369
82.4245 39.1848
82.4678 39.2326
82.511 39.2803
82.5543 39.3281
82.5977 39.3759
82.6411 39.4237
82.6845 39.4715
82.728 39.5194
82.7716 39.5673
82.8152 39.6152
82.8588 39.6631
82.9024 39.711
82.946 39.7587
82.9894 39.8062
83.0329 39.8536
83.0763 39.9008
83.1197 39.948
83.1629 39.9946
83.2061 40.0413
83.2494 40.0879
83.2927 40.1347
83.3356 40.1805
83.3785 40.2262
83.4214 40.2719
83.464 40.3171
83.5063 40.3615
83.5485 40.4055
83.5904 40.4491
83.6324 40.4927
83.6744 40.5363
83.7164 40.5799
83.7585 40.6235
83.8006 40.6671
83.8427 40.7107
83.8848 40.7543
83.927 40.7979
83.9691 40.8414
84.0113 40.8849
84.0536 40.9285
84.0958 40.9721
84.1381 41.0157
84.1805 41.0593
84.2229 41.1029
84.2653 41.1466
84.3078 41.1903
84.3498 41.2331
84.3918 41.2757
84.4337 41.3182
84.4758 41.3608
84.5178 41.4035
84.5599 41.4461
84.6021 41.4888
84.6442 41.5315
84.6863 41.574
84.7282 41.6159
84.7698 41.6574
84.8114 41.6988
84.853 41.7401
84.8947 41.7814
84.9362 41.8225
84.9777 41.8635
85.0193 41.9045
85.0608 41.9453
85.1022 41.986
85.1436 42.0266
85.1851 42.0672
85.2266 42.1079
85.2681 42.1486
85.3097 42.1893
85.3513 42.23
85.393 42.2708
85.4347 42.3116
85.4764 42.3524
85.5182 42.3932
85.56 42.4341
85.6019 42.475
85.6438 42.5159
85.6857 42.5569
85.7277 42.5978
85.7697 42.6388
85.8117 42.6798
85.8538 42.7209
85.8959 42.762
85.9381 42.803
85.9803 42.8442
86.0225 42.8853
86.0648 42.9265
86.1071 42.9677
86.1495 43.0089
86.1919 43.0501
86.2343 43.0914
86.2768 43.1327
86.3193 43.174
86.3619 43.2153
86.4045 43.2567
86.4471 43.2981
86.4898 43.3395
86.5325 43.381
86.5753 43.4224
86.6181 43.4639
86.6609 43.5054
86.7038 43.547
86.7467 43.5886
86.7896 43.6302
86.8326 43.6718
86.8756 43.7134
86.9187 43.7551
86.9618 43.7968
87.005 43.8385
87.0482 43.8802
87.0914 43.922
87.1347 43.9638
87.178 44.0056
87.2213 44.0475
87.2647 44.0893
87.3081 44.1312
87.3516 44.1732
87.3951 44.2151
87.4386 44.2571
87.4822 44.2991
87.5258 44.3411
87.5695 44.3831
87.6132 44.4252
87.657 44.4673
87.7007 44.5094
87.7446 44.5516
87.7884 44.5937
87.832 44.6357
87.8756 44.6777
87.9192 44.7197
87.9628 44.7617
88.0065 44.8038
88.0503 44.8458
88.094 44.8879
88.1379 44.9301
88.1817 44.9722
88.2256 45.0144
88.2695 45.0566
88.3135 45.0988
88.3575 45.1411
88.4016 45.1834
88.4457 45.2257
88.4898 45.268
88.534 45.3104
88.5782 45.3527
88.6225 45.3951
88.6668 45.4376
88.7111 45.48
88.7555 45.5225
88.7999 45.565
88.8444 45.6075
88.8889 45.6501
88.9334 45.6927
88.978 45.7353
89.0226 45.7779
89.0673 45.8206
89.112 45.8632
89.1567 45.9059
89.2015 45.9487
89.2463 45.9914
89.2912 46.0342
89.3361 46.077
89.381 46.1198
89.426 46.1627
89.4711 46.2056
89.5161 46.2485
89.5612 46.2914
89.6064 46.3344
89.6516 46.3774
89.6968 46.4204
89.7421 46.4634
89.7874 46.5065
89.8328 46.5495
89.8781 46.5926
89.9236 46.6358
89.9691 46.6789
90.0146 46.7221
90.0601 46.7653
90.1057 46.8086
90.1514 46.8518
90.1971 46.8951
90.2428 46.9384
90.2886 46.9817
90.3344 47.0251
90.3802 47.0685
90.4261 47.1119
90.472 47.1553
90.518 47.1988
90.564 47.2423
90.6101 47.2858
90.6562 47.3293
90.7023 47.3729
90.7485 47.4165
90.7947 47.4601
90.841 47.5037
90.8873 47.5474
90.9336 47.5911
90.9799 47.6347
91.0262 47.6783
91.0726 47.7219
91.119 47.7656
91.1654 47.8093
91.2119 47.853
91.2584 47.8968
91.305 47.9405
91.3516 47.9843
91.3982 48.0282
91.4449 48.072
91.4917 48.1159
91.5384 48.1598
91.5852 48.2037
91.6321 48.2477
91.679 48.2917
91.7259 48.3357
91.7729 48.3797
91.8199 48.4237
91.8669 48.4677
91.914 48.5118
91.9611 48.5559
92.0082 48.6
92.0554 48.6442
92.1026 48.6883
92.1499 48.7325
92.1972 48.7768
92.2445 48.821
92.2919 48.8653
92.3394 48.9096
92.3868 48.9539
92.4343 48.9982
92.4819 49.0426
92.5295 49.087
92.5772 49.1314
92.6248 49.1759
92.6726 49.2203
92.7203 49.2648
92.7682 49.3093
92.816 49.3539
92.8639 49.3985
92.9118 49.4431
92.9598 49.4877
93.0079 49.5323
93.0559 49.577
93.104 49.6217
93.1522 49.6664
93.2004 49.7112
93.2486 49.7559
93.2969 49.8007
93.3452 49.8456
93.3936 49.8904
93.442 49.9353
93.4905 49.9802
93.539 50.0251
93.5875 50.0701
93.6361 50.115
93.6847 50.16
93.7334 50.2051
93.7821 50.2501
93.8308 50.2952
93.8796 50.3403
93.9285 50.3854
93.9774 50.4306
94.0261 50.4754
94.0748 50.5201
94.1236 50.5649
94.1724 50.6097
94.2213 50.6545
94.2702 50.6994
94.3192 50.7442
94.3681 50.7891
94.4172 50.8341
94.4663 50.879
94.5154 50.924
94.5646 50.969
94.6138 51.014
94.663 51.059
94.7123 51.1041
94.7616 51.1492
94.811 51.1943
94.8604 51.2395
94.9099 51.2847
94.9594 51.3299
95.009 51.3751
95.0586 51.4203
95.1082 51.4656
95.1579 51.5109
95.2076 51.5562
95.2574 51.6016
95.3072 51.6469
95.3571 51.6923
95.407 51.7378
95.4569 51.7832
95.5069 51.8287
95.5569 51.8742
95.607 51.9197
95.6571 51.9652
95.7073 52.0108
95.7575 52.0564
95.8077 52.102
95.858 52.1477
95.9083 52.1933
95.9587 52.239
96.0091 52.2848
96.0596 52.3305
96.1101 52.3763
96.1606 52.4221
96.2112 52.4679
96.2619 52.5137
96.3126 52.5596
96.3633 52.6055
96.414 52.6514
96.4649 52.6974
96.5157 52.7433
96.5666 52.7893
96.6176 52.8354
96.6686 52.8814
96.7196 52.9275
96.7707 52.9736
96.8218 53.0197
96.8729 53.0658
96.9242 53.112
96.9754 53.1582
97.0267 53.2044
97.078 53.2507
97.1294 53.297
97.1809 53.3433
97.2323 53.3896
97.2839 53.4359
97.3354 53.4823
97.387 53.5287
97.4387 53.5751
97.4904 53.6216
97.5421 53.668
97.5939 53.7145
97.6457 53.761
97.6976 53.8076
97.7495 53.8542
97.8015 53.9008
97.8535 53.9474
97.9055 53.994
97.9576 54.0407
98.0098 54.0874
98.0619 54.1341
98.1142 54.1809
98.1664 54.2276
98.2188 54.2744
98.2711 54.3213
98.3235 54.3681
98.376 54.415
98.4285 54.4619
98.481 54.5088
98.5336 54.5557
98.5862 54.6027
98.6389 54.6497
98.6916 54.6967
98.7444 54.7438
98.7972 54.7908
98.8501 54.8379
98.903 54.8851
98.9559 54.9322
99.0089 54.9794
99.0619 55.0266
99.115 55.0738
99.1682 55.1211
99.2213 55.1683
99.2745 55.2156
99.3278 55.2629
99.3811 55.3103
99.4345 55.3577
99.4879 55.4051
99.5413 55.4525
99.5948 55.4999
99.6483 55.5474
99.7019 55.5949
99.7555 55.6424
99.8092 55.69
99.8623 55.7365
99.914 55.7805
99.9658 55.8244
100.018 55.8684
100.069 55.9124
100.121 55.9564
100.173 56.0005
100.225 56.0446
100.277 56.0887
100.329 56.1328
100.381 56.1769
100.433 56.2211
100.486 56.2653
100.538 56.3095
100.59 56.3537
100.642 56.398
100.695 56.4422
100.747 56.4865
100.8 56.5309
100.852 56.5752
100.904 56.6196
100.957 56.664
101.01 56.7084
101.062 56.7528
101.115 56.7973
101.168 56.8418
101.22 56.8863
101.273 56.9308
101.326 56.9753
101.379 57.0199
101.432 57.0645
101.485 57.1091
101.538 57.1538
101.591 57.1984
