0.1 1.90038
0.2 3.76093
0.3 5.64239
0.4 7.52451
0.5 9.4073
0.6 11.2908
0.7 13.1749
0.8 15.0597
0.9 16.9453
1 18.8315
0.299527 19.1851
0.599009 19.5386
0.89845 19.8921
1.19784 20.2456
1.49701 20.5982
1.79612 20.9507
2.09508 21.3026
2.39362 21.6526
2.69178 22.001
2.9899 22.3493
3.28798 22.6976
3.58601 23.0459
3.88401 23.3941
4.18204 23.7428
4.48004 24.0915
4.77801 24.4403
5.07599 24.7892
5.37393 25.1383
5.67183 25.4873
5.96969 25.8363
6.2675 26.1852
6.56527 26.5342
6.86299 26.8831
7.16069 27.2321
7.45835 27.581
7.75596 27.93
8.05353 28.2789
8.35105 28.6278
8.64854 28.9767
8.94598 29.3255
9.24337 29.6743
9.54072 30.0231
9.83802 30.3719
10.1353 30.7206
10.4325 31.0693
10.7297 31.418
11.0268 31.7666
11.3239 32.1153
11.6209 32.4639
11.9179 32.8125
12.2149 33.161
12.5118 33.5096
12.8086 33.858
13.1055 34.2065
13.4022 34.555
13.699 34.9034
13.9956 35.2518
14.2923 35.6002
14.5889 35.9485
14.8854 36.297
15.182 36.6455
15.4785 36.994
15.7749 37.3424
16.0713 37.6909
16.3677 38.0393
16.664 38.3877
16.9602 38.736
17.2565 39.0844
17.5526 39.4327
17.8488 39.7809
18.1448 40.1292
18.4409 40.4774
18.7369 40.8257
19.0328 41.1739
19.3287 41.5222
19.6246 41.8704
19.9204 42.2185
20.2162 42.5667
20.5119 42.9149
20.8076 43.2631
21.1033 43.6113
21.3989 43.9594
21.6944 44.3075
21.9899 44.6555
22.2854 45.0036
22.5808 45.3515
22.8762 45.6995
23.1715 46.0474
23.4668 46.3952
23.762 46.7431
24.0572 47.0909
24.3523 47.4388
24.6474 47.7866
24.9424 48.1343
25.2374 48.4821
25.5324 48.8298
25.8273 49.1774
26.1221 49.5249
26.4169 49.8725
26.7117 50.22
27.0064 50.5675
27.301 50.9149
27.5956 51.2624
27.8902 51.6098
28.1847 51.9572
28.4792 52.3046
28.7736 52.6519
29.068 52.9993
29.3623 53.3466
29.6566 53.6939
29.9509 54.0411
30.2451 54.3884
30.5392 54.7356
30.8333 55.0828
31.1274 55.4299
31.4214 55.7771
31.7153 56.1242
32.0092 56.4713
32.3031 56.8184
32.5969 57.1654
32.8907 57.5125
33.1844 57.8595
33.4781 58.2065
33.7717 58.5534
34.0653 58.9004
34.3588 59.2473
34.6523 59.5942
34.9457 59.9411
35.2391 60.288
35.5325 60.6348
35.8257 60.9816
36.119 61.3285
36.4122 61.6752
36.7053 62.022
36.9984 62.3687
37.2915 62.7154
37.5845 63.0621
37.8774 63.4088
38.1704 63.7554
38.4632 64.1021
38.756 64.4486
39.0488 64.7952
39.3415 65.1418
39.6342 65.4883
39.9268 65.8348
40.2193 66.1813
40.5119 66.5277
40.8043 66.8742
41.0967 67.2206
41.3891 67.5669
41.6814 67.9133
41.9737 68.2596
42.2659 68.6059
42.5581 68.9522
42.8444 69
43.0936 69
43.2202 69
43.3572 69
43.4941 69
43.6309 69
43.7676 69
43.9041 69
44.0405 69
44.1767 69
44.3128 69
44.4486 69
44.5829 69
44.714 69
44.8441 69
44.9682 69
45.0908 69
45.2082 69
45.3224 69
45.4347 69
45.5457 69
45.6558 69
45.7659 69
45.8761 69
45.9862 69
46.0962 69
46.2062 69
46.316 69
46.4257 69
46.5354 69
46.645 69
46.7546 69
46.8641 69
46.9735 69
47.083 69
47.1922 69
47.3013 69
47.4103 69
47.5192 69
47.6281 69
47.7369 69
47.8457 69
47.9544 69
48.063 69
48.1716 69
48.2802 69
48.3887 69
48.4971 69
48.6055 69
48.7138 69
48.8221 69
48.9303 69
49.0384 69
49.1465 69
49.2545 69
49.3625 69
49.4704 69
49.5783 69
49.6861 69
49.7938 69
49.9015 69
50.009 69
50.1164 69
50.2238 69
50.3311 69
50.4384 69
50.5455 69
50.6527 69
50.7597 69
50.8667 69
50.9736 69
51.0803 69
51.1868 69
51.2932 69
51.3996 69
51.5059 69
51.6119 69
51.7177 69
51.8235 69
51.9293 69
52.0349 69
52.1405 69
52.246 69
52.3514 69
52.4568 69
52.562 69
52.6673 69
52.7724 69
52.8785 69
52.985 69
53.0918 69
53.1986 69
53.3055 69
53.4124 69
53.5193 69
53.6261 69
53.7328 69
53.8396 69
53.9466 69
54.0535 69
54.1604 69
54.2672 69
54.3739 69
54.4805 69
54.5871 69
54.6936 69
54.8 69
54.9063 69
55.0126 69
55.1187 69
55.225 69
55.3312 69
55.4373 69
55.5435 69
55.6497 69
55.7559 69
55.8621 69
55.9684 69
56.0746 69
56.1808 69
56.2869 69
56.3929 69
56.4988 69
56.6047 69
56.7106 69
56.8164 69
56.9221 69
57.0277 69
57.1332 69
57.2387 69
57.344 69
57.4493 69
57.5544 69
57.6595 69
57.7646 69
57.8695 69
57.9744 69
58.0792 69
58.1839 69
58.2885 69
58.393 69
58.4975 69
58.6018 69
58.706 69
58.8101 69
58.9141 69
59.018 69
59.1218 69
59.2255 69
59.3291 69
59.4325 69
59.5357 69
59.6388 69
59.7418 69
59.8445 69
59.9471 69
60.0496 69
60.152 69
60.2543 69
60.3564 69
60.4586 69
60.5605 69
60.6623 69
60.764 69
60.8655 69
60.967 69
61.0684 69
61.1696 69
61.2708 69
61.3718 69
61.4727 69
61.5731 69
61.6719 69
61.7681 69
61.8564 69
61.9022 69
61.9408 69
61.9787 69
62.0164 69
62.0519 69
62.0817 69
62.1081 69
62.131 69
62.1487 69
62.1646 69
62.1783 69
62.1914 69
62.2044 69
62.2173 69
62.2301 69
62.2429 69
62.2555 69
62.2664 69
62.2768 69
62.2871 69
62.2973 69
62.3075 69
62.3164 69
62.325 69
62.3336 69
62.342 69
62.3504 69
62.3587 69
62.3668 69
62.375 69
62.383 69
62.3909 69
62.3989 69
62.4068 69
62.4146 69
62.4223 69
62.4299 69
62.4374 69
62.4449 69
62.4522 69
62.4594 69
62.4665 69
62.4736 69
62.4805 69
62.4874 69
62.4941 69
62.5008 69
62.5074 69
62.5139 69
62.5203 69
62.5266 69
62.5329 69
62.539 69
62.5451 69
62.5511 69
62.557 69
62.5628 69
62.5685 69
62.5741 69
62.5796 69
62.585 69
62.5903 69
62.5955 69
62.6006 69
62.6056 69
62.6106 69
62.6154 69
62.6202 69
62.6248 69
62.6293 69
62.6337 69
62.638 69
62.6422 69
62.6462 69
62.6502 69
62.654 69
62.6578 69
62.6614 69
62.6649 69
62.6682 69
62.6714 69
62.6744 69
62.6774 69
62.6802 69
62.6829 69
62.6855 69
62.6879 69
62.6903 69
62.6925 69
62.6946 69
62.6965 69
62.6983 69
62.7 69
62.7015 69
62.7028 69
62.7039 69
62.705 69
62.7058 69
62.7066 69
62.7061 69
62.7055 69
62.7047 69
62.7037 69
62.7025 69
62.6989 69
62.6943 69
62.6895 69
62.6838 69
62.6817 69
62.6797 69
62.6774 69
62.675 69
62.6713 69
62.668 69
62.6668 69
62.6652 69
62.6635 69
62.6615 69
62.658 69
62.6542 69
62.6504 69
62.6463 69
62.6415 69
62.6408 69
62.6383 69
62.6357 69
62.633 69
62.6302 69
62.6271 69
62.6233 69
62.6195 69
62.6195 69
62.6192 69
62.6188 69
62.6183 69
62.6173 69
62.6176 69
62.6179 69
62.6181 69
62.6183 69
62.6185 69
62.6186 69
62.6176 69
62.6155 69
62.6133 69
62.6111 69
62.6089 69
62.6066 69
62.6043 69
62.6019 69
62.5995 69
62.597 69
62.5945 69
62.5903 69
62.5851 69
62.5799 69
62.5747 69
62.5693 69
62.564 69
62.5585 69
62.5531 69
62.5475 69
62.5419 69
62.5363 69
62.5306 69
62.5248 69
62.519 69
62.5131 69
62.5072 69
62.5012 69
62.4944 69
62.4866 69
62.4789 69
62.471 69
62.4631 69
62.4552 69
62.4471 69
62.439 69
62.4309 69
62.4226 69
62.4141 69
62.4051 69
62.3959 69
62.3867 69
62.3775 69
62.3664 69
62.355 69
62.3428 69
62.3304 69
62.3179 69
62.3053 69
62.2918 69
62.2768 69
62.2616 69
62.2463 69
62.2307 69
62.215 69
62.1992 69
62.1833 69
62.1673 69
62.1509 69
62.1332 69
62.1153 69
62.0974 69
62.08 69
62.0631 69
62.046 69
62.0289 69
62.0116 69
61.9936 69
61.9752 69
61.9568 69
61.9382 69
61.9195 69
61.9007 69
61.8817 69
61.8627 69
61.8435 69
61.8258 69
61.8081 69
61.7902 69
61.7723 69
61.7542 69
61.7358 69
61.7172 69
61.6985 69
61.6796 69
61.6605 69
61.6412 69
61.6218 69
61.6021 69
61.5822 69
61.5621 69
61.5416 69
61.5178 69
61.4933 69
61.4679 69
61.4415 69
61.4276 69
61.4142 69
61.4321 69
61.3171 69
61.1458 69
60.8603 68.9062
60.8209 69
60.7998 69
60.7783 69
60.7568 69
60.7352 69
60.7135 69
60.6871 69
60.6606 69
60.6339 69
60.607 69
60.5787 69
60.5487 69
60.5183 69
60.4869 69
60.455 69
60.4225 69
60.3896 69
60.3562 69
60.3223 69
60.2879 69
60.252 69
60.2044 69
60.1643 69
60.1354 69
60.1058 69
60.0751 69
60.0423 69
60.0135 69
59.9745 69
59.9496 69
59.9225 69
59.9014 69
59.8877 69
59.6697 68.6183
59.6054 69
59.3735 68.4455
59.4327 69
59.3463 69
59.3295 69
59.3126 69
59.2957 69
59.2788 69
59.2618 69
59.2447 69
59.2276 69
59.2105 69
59.1933 69
59.176 69
59.1587 69
59.1412 69
59.1235 69
59.1058 69
59.0881 69
59.0701 69
59.0506 69
59.0319 69
59.0154 69
58.999 69
58.9826 69
58.9661 69
58.9495 69
58.9339 69
58.9204 69
58.9067 69
58.8927 69
58.8785 69
58.8664 69
58.8549 69
58.8434 69
58.8327 69
58.8225 69
58.8123 69
58.8021 69
58.7907 69
58.7798 69
58.7698 69
58.7598 69
58.7505 69
58.7438 69
58.7374 69
58.7307 69
58.7227 69
58.7146 69
58.7084 69
58.7041 69
58.6997 69
58.6954 69
58.691 69
58.6861 69
58.6835 69
58.681 69
58.6784 69
58.6765 69
58.675 69
58.6732 69
58.6714 69
58.6696 69
58.6679 69
58.6661 69
58.6643 69
58.6625 69
58.6608 69
58.659 69
58.6572 69
58.6554 69
58.6537 69
58.6519 69
58.6501 69
58.6483 69
58.6465 69
58.6448 69
58.643 69
58.6412 69
58.6394 69
58.6376 69
58.6359 69
58.6341 69
58.6323 69
58.6305 69
58.6287 69
58.627 69
58.6252 69
58.6234 69
58.6216 69
58.6198 69
58.6181 69
58.6163 69
58.6145 69
58.6127 69
58.6109 69
58.6091 69
58.6074 69
58.6056 69
58.6038 69
58.602 69
58.6002 69
58.5984 69
58.5967 69
58.5949 69
58.5931 69
58.5913 69
58.5895 69
58.5877 69
58.586 69
58.5842 69
58.5824 69
58.5806 69
58.5788 69
58.577 69
58.5752 69
58.5735 69
58.5717 69
58.5699 69
58.5681 69
58.5663 69
58.5645 69
58.5627 69
58.561 69
58.5592 69
58.5574 69
58.5556 69
58.5538 69
58.552 69
58.5502 69
58.5484 69
58.5467 69
58.5449 69
58.5431 69
58.5413 69
58.5395 69
58.5377 69
58.5359 69
58.5341 69
58.5323 69
58.5306 69
58.5288 69
58.527 69
58.5252 69
58.5234 69
58.5216 69
58.5198 69
58.518 69
58.5162 69
58.5144 69
58.5127 69
58.5109 69
58.5091 69
58.5073 69
58.5055 69
58.5037 69
58.5019 69
58.5001 69
58.4983 69
58.4965 69
58.4947 69
58.4929 69
58.4911 69
58.4893 69
58.4876 69
58.4858 69
58.484 69
58.4822 69
58.4804 69
58.4786 69
58.4768 69
58.475 69
58.4732 69
58.4714 69
58.4696 69
58.4678 69
58.466 69
58.4642 69
58.4624 69
58.4606 69
58.4588 69
58.457 69
58.4552 69
58.4534 69
58.4516 69
58.4498 69
58.448 69
58.4462 69
58.4444 69
58.4426 69
58.4409 69
58.4391 69
58.4373 69
58.4355 69
58.4337 69
58.4319 69
58.4301 69
58.4283 69
58.4265 69
58.4247 69
58.4229 69
58.421 69
58.4192 69
58.4174 69
58.4156 69
58.4138 69
58.412 69
58.4102 69
58.4084 69
58.4066 69
58.4048 69
58.403 69
58.4012 69
58.3994 69
58.3976 69
58.3958 69
58.394 69
58.3922 69
58.3904 69
58.3885 69
58.3867 69
58.3849 69
58.3831 69
58.3813 69
58.3795 69
58.3777 69
58.3759 69
58.3741 69
58.3723 69
58.3705 69
58.3686 69
58.3668 69
58.365 69
58.3632 69
58.3614 69
58.3596 69
58.3578 69
58.356 69
58.3542 69
58.3523 69
58.3505 69
58.3487 69
58.3469 69
58.3451 69
58.3433 69
58.3415 69
58.3397 69
58.3378 69
58.336 69
58.3342 69
58.3324 69
58.3306 69
58.3288 69
58.327 69
58.3251 69
58.3233 69
58.3215 69
58.3197 69
58.3179 69
58.3161 69
58.3143 69
58.3125 69
58.3111 69
58.3097 69
58.3083 69
58.3069 69
58.3055 69
58.3041 69
58.3033 69
58.3026 69
58.3019 69
58.3012 69
58.3005 69
58.2998 69
58.2991 69
58.2984 69
58.2978 69
58.298 69
58.2982 69
58.2984 69
58.2986 69
58.2988 69
58.2989 69
58.2991 69
58.2999 69
58.3008 69
58.3017 69
58.3027 69
58.3036 69
58.3048 69
58.306 69
58.3072 69
58.3085 69
58.3097 69
58.311 69
58.3122 69
58.3135 69
58.3147 69
58.316 69
58.3172 69
58.3184 69
58.3197 69
58.3209 69
58.3222 69
58.3234 69
58.3247 69
58.3259 69
58.3271 69
58.3284 69
58.3296 69
58.3309 69
58.3321 69
58.3333 69
58.3344 69
58.3356 69
58.3367 69
58.3378 69
58.3389 69
58.34 69
58.3411 69
58.3422 69
58.343 69
58.3439 69
58.3447 69
58.3455 69
58.3463 69
58.3471 69
58.3479 69
58.3488 69
58.3496 69
58.3504 69
58.3512 69
58.3519 69
58.3524 69
58.3528 69
58.3533 69
58.3538 69
58.3542 69
58.3547 69
58.3552 69
58.3556 69
58.3561 69
58.3566 69
58.357 69
58.3575 69
58.358 69
58.3582 69
58.3584 69
58.3586 69
58.3588 69
58.359 69
58.3592 69
58.3593 69
58.3595 69
58.3597 69
58.3599 69
58.3599 69
58.3599 69
58.3599 69
58.36 69
58.36 69
58.36 69
58.36 69
58.36 69
58.3601 69
58.3601 69
58.3601 69
58.3601 69
58.3601 69
58.3602 69
58.3602 69
58.3602 69
58.3602 69
58.3602 69
58.3602 69
58.3603 69
58.3603 69
58.3603 69
58.3603 69
58.3603 69
58.3603 69
58.3603 69
58.3604 69
58.3604 69
58.3604 69
58.3604 69
58.3604 69
58.3604 69
58.3604 69
58.3605 69
58.3605 69
58.3605 69
58.3605 69
58.3605 69
58.3605 69
58.3605 69
58.3605 69
58.3605 69
58.3605 69
58.3606 69
58.3606 69
58.3606 69
58.3606 69
58.3606 69
58.3606 69
58.3606 69
58.3606 69
58.3606 69
58.3606 69
58.3606 69
58.3606 69
58.3606 69
58.3607 69
58.3607 69
58.3607 69
58.3607 69
58.3607 69
58.3607 69
58.3607 69
58.3607 69
58.3607 69
58.3607 69
58.3607 69
58.3607 69
58.3607 69
58.3607 69
58.3607 69
58.3607 69
58.3607 69
58.3607 69
58.3607 69
58.3607 69
58.3607 69
58.3607 69
58.3607 69
58.3607 69
58.3607 69
58.3607 69
58.3607 69
58.3607 69
58.3607 69
58.3607 69
58.3607 69
58.3607 69
58.3606 69
58.3606 69
58.3606 69
58.3606 69
58.3606 69
58.3606 69
58.3606 69
58.3606 69
58.3606 69
58.3606 69
58.3606 69
58.3606 69
58.3606 69
58.3606 69
58.3605 69
58.3605 69
58.3605 69
58.3605 69
58.3605 69
58.3605 69
58.3605 69
58.3605 69
58.3605 69
58.3604 69
58.3604 69
58.3604 69
58.3604 69
58.3604 69
58.3604 69
58.3604 69
58.3604 69
58.3603 69
58.3603 69
58.3603 69
58.3603 69
58.3603 69
58.3602 69
58.3601 69
58.3601 69
58.36 69
58.3599 69
58.3598 69
58.3598 69
58.3597 69
58.3596 69
58.3595 69
58.3595 69
58.3594 69
58.3593 69
58.3592 69
58.3591 69
58.3591 69
58.359 69
58.3589 69
58.3588 69
58.3587 69
58.3587 69
58.3586 69
58.3585 69
58.3584 69
58.3583 69
58.3582 69
58.3582 69
58.3581 69
58.3579 69
58.3576 69
58.3573 69
58.3571 69
58.3568 69
58.3565 69
58.3562 69
58.356 69
58.3557 69
58.3554 69
58.3552 69
58.3549 69
58.3546 69
58.3543 69
58.3541 69
58.3538 69
58.3535 69
58.3532 69
58.353 69
58.3527 69
58.3524 69
58.3521 69
58.3519 69
58.3516 69
58.3513 69
58.351 69
58.3508 69
58.3505 69
58.3502 69
58.3499 69
58.3496 69
58.3494 69
58.3491 69
58.3488 69
58.3485 69
58.3482 69
58.348 69
58.3477 69
58.3474 69
58.3471 69
58.3468 69
58.3463 69
58.3458 69
58.3453 69
58.3448 69
58.3442 69
58.3437 69
58.3432 69
58.3427 69
58.3422 69
58.3417 69
58.3412 69
58.3407 69
58.3401 69
58.3396 69
58.3391 69
58.3386 69
58.3381 69
58.3376 69
58.3371 69
58.3366 69
58.336 69
58.3355 69
58.335 69
58.3345 69
58.334 69
58.3335 69
58.333 69
58.3324 69
58.3319 69
58.3314 69
58.3309 69
58.3304 69
58.3299 69
58.3294 69
58.3288 69
58.3283 69
58.3278 69
58.3273 69
58.3268 69
58.3263 69
58.3257 69
58.3252 69
58.3247 69
58.3242 69
58.3237 69
58.3232 69
58.3226 69
58.3221 69
58.3216 69
58.3211 69
58.3206 69
58.3201 69
58.3195 69
58.319 69
58.3185 69
58.318 69
58.3175 69
58.317 69
58.3164 69
58.3159 69
58.3154 69
58.3148 69
58.3141 69
58.3134 69
58.3127 69
58.3121 69
58.3114 69
58.3107 69
58.31 69
58.3093 69
58.3087 69
58.308 69
58.3073 69
58.3066 69
58.3059 69
58.3053 69
58.3046 69
58.3039 69
58.3032 69
58.3025 69
58.3019 69
58.3012 69
58.3005 69
58.2998 69
58.2992 69
58.2985 69
58.2978 69
58.2971 69
58.2964 69
58.2958 69
58.2951 69
58.2944 69
58.2937 69
58.293 69
58.2923 69
58.2917 69
58.291 69
58.2903 69
58.2896 69
58.2889 69
58.2883 69
58.2876 69
58.2869 69
58.2862 69
58.2855 69
58.2849 69
58.2842 69
58.2835 69
58.2828 69
58.2821 69
58.2815 69
58.2808 69
58.28 69
58.2792 69
58.2784 69
58.2776 69
58.2768 69
58.276 69
58.2752 69
58.2744 69
58.2735 69
58.2727 69
58.2719 69
58.2711 69
58.2703 69
58.2695 69
58.2687 69
58.2679 69
58.2671 69
58.2663 69
58.2655 69
58.2647 69
58.2639 69
58.2631 69
58.2623 69
58.2615 69
58.2607 69
58.2599 69
58.2591 69
58.2583 69
58.2575 69
58.2567 69
58.2559 69
58.2551 69
58.2543 69
58.2535 69
58.2527 69
58.2519 69
58.251 69
58.2502 69
58.2494 69
58.2486 69
58.2478 69
58.247 69
58.2462 69
58.2454 69
58.2446 69
58.2438 69
58.243 69
58.2422 69
58.2414 69
58.2406 69
58.2398 69
58.239 69
58.2382 69
58.2374 69
58.2366 69
58.2358 69
58.235 69
58.2342 69
58.2334 69
58.2326 69
58.2318 69
58.231 69
58.2302 69
58.2294 69
58.2286 69
58.2278 69
58.227 69
58.2262 69
58.2254 69
58.2246 69
58.2238 69
58.223 69
58.2222 69
58.2214 69
58.2206 69
58.2198 69
58.219 69
58.2182 69
58.2174 69
58.2166 69
58.2158 69
58.215 69
58.2142 69
58.2134 69
58.2126 69
58.2118 69
58.211 69
58.2102 69
58.2094 69
58.2086 69
58.2078 69
58.207 69
58.2062 69
58.2054 69
58.2046 69
58.2038 69
58.203 69
58.2022 69
58.2014 69
58.2006 69
58.1998 69
58.199 69
58.1982 69
58.1974 69
58.1966 69
58.1958 69
58.195 69
58.1942 69
58.1934 69
58.1926 69
58.1918 69
58.1911 69
58.1903 69
58.1895 69
58.1887 69
58.1879 69
58.1871 69
58.1863 69
58.1855 69
58.1847 69
58.1839 69
58.1831 69
58.1823 69
58.1815 69
58.1807 69
58.1799 69
58.1791 69
58.1783 69
58.1775 69
58.1767 69
58.1759 69
58.1751 69
58.1743 69
58.1735 69
58.1727 69
58.1719 69
58.1711 69
58.1703 69
58.1695 69
58.1688 69
58.168 69
58.1672 69
58.1664 69
58.1656 69
58.1648 69
58.164 69
58.1632 69
58.1624 69
58.1616 69
58.1608 69
58.16 69
58.1592 69
58.1584 69
58.1576 69
58.1568 69
58.156 69
58.1552 69
58.1544 69
58.1537 69
58.1529 69
58.1521 69
58.1513 69
58.1505 69
58.1497 69
58.1489 69
58.1481 69
58.1473 69
58.1465 69
58.1457 69
58.1449 69
58.1441 69
58.1433 69
58.1425 69
58.1418 69
58.141 69
58.1402 69
58.1394 69
58.1388 69
58.1381 69
58.1374 69
58.1368 69
58.1361 69
58.1354 69
58.1348 69
58.1341 69
58.1334 69
58.1327 69
58.1321 69
58.1314 69
58.1307 69
58.1301 69
58.1294 69
58.1287 69
58.1281 69
58.1274 69
58.1267 69
58.1261 69
58.1254 69
58.1247 69
58.1241 69
58.1234 69
58.1227 69
58.1221 69
58.1214 69
58.1207 69
58.1201 69
58.1194 69
58.1188 69
58.1181 69
58.1174 69
58.1168 69
58.1161 69
58.1154 69
58.1148 69
58.1141 69
58.1134 69
58.1128 69
58.1121 69
58.1114 69
58.1108 69
58.1101 69
58.1094 69
58.1088 69
58.1081 69
58.1074 69
58.1068 69
58.1061 69
58.1056 69
58.1051 69
58.1046 69
58.1041 69
58.1036 69
58.1031 69
58.1026 69
58.1021 69
58.1016 69
58.1011 69
58.1006 69
58.1001 69
58.0996 69
58.0991 69
58.0986 69
58.0981 69
58.0976 69
58.0971 69
58.0966 69
58.0961 69
58.0956 69
58.0951 69
58.0946 69
58.0941 69
58.0936 69
58.0931 69
58.0926 69
58.0921 69
58.0916 69
58.0911 69
58.0906 69
58.0901 69
58.0896 69
58.0892 69
58.0887 69
58.0882 69
58.0877 69
58.0872 69
58.0867 69
58.0862 69
58.0857 69
58.0852 69
58.0847 69
58.0842 69
58.0837 69
58.0832 69
58.0827 69
58.0822 69
58.0817 69
58.0812 69
58.0807 69
58.0802 69
58.0797 69
58.0792 69
58.0787 69
58.0782 69
58.0777 69
58.0772 69
58.0767 69
58.0762 69
58.0758 69
58.0753 69
58.075 69
58.0748 69
58.0745 69
58.0743 69
58.074 69
58.0737 69
58.0735 69
58.0732 69
58.0729 69
58.0727 69
58.0724 69
58.0722 69
58.0719 69
58.0716 69
58.0714 69
58.0711 69
58.0709 69
58.0706 69
58.0703 69
58.0701 69
58.0698 69
58.0696 69
58.0693 69
58.069 69
58.0688 69
58.0685 69
58.0683 69
58.068 69
58.0678 69
58.0675 69
58.0672 69
58.067 69
58.0667 69
58.0665 69
58.0662 69
58.0659 69
58.0657 69
58.0654 69
58.0652 69
58.0649 69
58.0646 69
58.0644 69
58.0644 69
58.0643 69
58.0642 69
58.0642 69
58.0641 69
58.064 69
58.0639 69
58.0639 69
58.0638 69
58.0637 69
58.0637 69
58.0636 69
58.0635 69
58.0634 69
58.0634 69
58.0633 69
58.0632 69
58.0631 69
58.0631 69
58.063 69
58.0629 69
58.0629 69
58.0628 69
58.0627 69
58.0627 69
58.0626 69
58.0625 69
58.0624 69
58.0624 69
58.0623 69
58.0623 69
58.0623 69
58.0623 69
58.0623 69
58.0623 69
58.0623 69
58.0622 69
58.0622 69
58.0622 69
58.0622 69
58.0622 69
58.0622 69
58.0622 69
58.0622 69
58.0621 69
58.0621 69
58.0621 69
58.0621 69
58.0621 69
58.0621 69
58.0621 69
58.0621 69
58.062 69
58.062 69
58.062 69
58.062 69
58.062 69
58.062 69
58.062 69
58.062 69
58.062 69
58.0619 69
58.0619 69
58.0619 69
58.0619 69
58.0619 69
58.0619 69
58.0619 69
58.0619 69
58.0619 69
58.0618 69
58.0618 69
58.0618 69
58.0618 69
58.0618 69
58.0618 69
58.0618 69
58.0618 69
58.0618 69
58.0617 69
58.0617 69
58.0617 69
58.0617 69
58.0617 69
58.0617 69
58.0617 69
58.0617 69
58.0617 69
58.0617 69
58.0616 69
58.0616 69
58.0616 69
58.0616 69
58.0616 69
58.0616 69
58.0616 69
58.0616 69
58.0616 69
58.0616 69
58.0616 69
58.0616 69
58.0615 69
58.0615 69
58.0615 69
58.0615 69
58.0615 69
58.0615 69
58.0615 69
58.0615 69
58.0615 69
58.0615 69
58.0615 69
58.0615 69
58.0614 69
58.0614 69
58.0614 69
58.0614 69
58.0614 69
58.0614 69
58.0614 69
58.0614 69
58.0614 69
58.0614 69
58.0614 69
58.0614 69
58.0614 69
58.0613 69
58.0613 69
58.0613 69
58.0613 69
58.0613 69
58.0613 69
58.0613 69
58.0613 69
58.0613 69
58.0613 69
58.0613 69
58.0613 69
58.0613 69
58.0613 69
58.0613 69
58.0613 69
58.0612 69
58.0612 69
58.0612 69
58.0612 69
58.0612 69
58.0612 69
58.0612 69
58.0612 69
58.0612 69
58.0612 69
58.0612 69
58.0612 69
58.0612 69
58.0612 69
58.0612 69
58.0612 69
58.0612 69
58.0612 69
58.0612 69
58.0612 69
58.0611 69
58.0611 69
58.0611 69
58.0611 69
58.0611 69
58.0611 69
58.0611 69
58.0611 69
58.0611 69
58.0611 69
58.0611 69
58.0611 69
58.0611 69
58.0611 69
58.0611 69
58.0611 69
58.0611 69
58.0611 69
58.0611 69
58.0611 69
58.0611 69
58.0611 69
58.0611 69
58.0611 69
58.0611 69
58.0611 69
58.0611 69
58.0611 69
58.0611 69
58.0611 69
58.061 69
58.061 69
58.061 69
58.061 69
58.061 69
58.061 69
58.061 69
58.061 69
58.061 69
58.061 69
58.061 69
58.061 69
58.061 69
58.061 69
58.061 69
58.061 69
58.061 69
58.061 69
58.061 69
58.061 69
58.061 69
58.061 69
58.061 69
58.061 69
58.061 69
58.061 69
58.061 69
58.061 69
58.061 69
58.061 69
58.061 69
58.061 69
58.061 69
58.061 69
58.061 69
58.061 69
58.061 69
58.061 69
58.061 69
58.061 69
58.061 69
58.061 69
58.061 69
58.061 69
58.061 69
58.061 69
58.061 69
58.061 69
58.061 69
58.061 69
58.061 69
58.061 69
58.061 69
58.061 69
58.061 69
58.061 69
58.061 69
58.061 69
58.061 69
58.061 69
58.061 69
58.061 69
58.061 69
58.061 69
58.061 69
58.061 69
58.061 69
58.0611 69
58.0611 69
58.0611 69
58.0611 69
58.0611 69
58.0611 69
58.0611 69
58.0611 69
58.0611 69
58.0611 69
58.0611 69
58.0611 69
58.0611 69
58.0611 69
58.0611 69
58.0611 69
58.0611 69
58.0611 69
58.0611 69
58.0611 69
58.0611 69
58.0611 69
58.0611 69
58.0611 69
58.0611 69
58.0611 69
58.0611 69
58.0611 69
58.0611 69
58.0611 69
58.0612 69
58.0612 69
58.0612 69
58.0612 69
58.0612 69
58.0612 69
58.0612 69
58.0612 69
58.0612 69
58.0612 69
58.0612 69
58.0612 69
58.0612 69
58.0612 69
58.0612 69
58.0612 69
58.0612 69
58.0612 69
58.0612 69
58.0612 69
58.0613 69
58.0613 69
58.0613 69
58.0613 69
58.0613 69
58.0613 69
58.0613 69
58.0613 69
58.0613 69
58.0613 69
58.0613 69
58.0613 69
58.0613 69
58.0613 69
58.0613 69
58.0613 69
58.0614 69
58.0614 69
58.0614 69
58.0614 69
58.0614 69
58.0614 69
58.0614 69
58.0614 69
58.0614 69
58.0614 69
58.0614 69
58.0614 69
58.0614 69
58.0615 69
58.0615 69
58.0615 69
58.0615 69
58.0615 69
58.0615 69
58.0615 69
58.0615 69
58.0615 69
58.0615 69
58.0615 69
58.0615 69
58.0616 69
58.0616 69
58.0616 69
58.0616 69
58.0616 69
58.0616 69
58.0616 69
58.0616 69
58.0616 69
58.0616 69
58.0616 69
58.0616 69
58.0617 69
58.0617 69
58.0617 69
58.0617 69
58.0617 69
58.0617 69
58.0617 69
58.0617 69
58.0617 69
58.0617 69
58.0618 69
58.0618 69
58.0618 69
58.0618 69
58.0618 69
58.0618 69
58.0618 69
58.0618 69
58.0618 69
58.0619 69
58.0619 69
58.0619 69
58.0619 69
58.0619 69
58.0619 69
58.0619 69
58.0619 69
58.0619 69
58.062 69
58.062 69
58.062 69
58.062 69
58.062 69
58.062 69
58.062 69
58.062 69
58.062 69
58.0621 69
58.0621 69
58.0621 69
58.0621 69
58.0621 69
58.0621 69
58.0621 69
58.0621 69
58.0622 69
58.0622 69
58.0622 69
58.0622 69
58.0622 69
58.0622 69
58.0622 69
58.0622 69
58.0623 69
58.0623 69
58.0623 69
58.0623 69
58.0623 69
58.0623 69
58.0623 69
58.0624 69
58.0624 69
58.0624 69
58.0624 69
58.0624 69
58.0624 69
58.0624 69
58.0624 69
58.0625 69
58.0625 69
58.0625 69
58.0625 69
58.0625 69
58.0625 69
58.0625 69
58.0626 69
58.0626 69
58.0626 69
58.0626 69
58.0626 69
58.0626 69
58.0627 69
58.0627 69
58.0627 69
58.0627 69
58.0627 69
58.0627 69
58.0627 69
58.0628 69
58.0628 69
58.0628 69
58.0628 69
58.0628 69
58.0628 69
58.0629 69
58.0629 69
58.0629 69
58.0629 69
58.0629 69
58.0629 69
58.0629 69
58.063 69
58.063 69
58.063 69
58.063 69
58.063 69
58.063 69
58.0631 69
58.0631 69
58.0631 69
58.0631 69
58.0631 69
58.0632 69
58.0632 69
58.0632 69
58.0632 69
58.0632 69
58.0632 69
58.0633 69
58.0633 69
58.0633 69
58.0633 69
58.0633 69
58.0633 69
58.0634 69
58.0634 69
58.0634 69
58.0634 69
58.0634 69
58.0635 69
58.0635 69
58.0635 69
58.0635 69
58.0635 69
58.0635 69
58.0636 69
58.0636 69
58.0636 69
58.0636 69
58.0636 69
58.0637 69
58.0637 69
58.0637 69
58.0637 69
58.0637 69
58.0638 69
58.0638 69
58.0638 69
58.0638 69
58.0638 69
58.0639 69
58.0639 69
58.0639 69
58.0639 69
58.0639 69
58.064 69
58.064 69
58.064 69
58.064 69
58.064 69
58.0641 69
58.0641 69
58.0641 69
58.0641 69
58.0641 69
58.0642 69
58.0642 69
58.0642 69
58.0642 69
58.0642 69
58.0643 69
58.0643 69
58.0643 69
58.0643 69
58.0643 69
58.0644 69
58.0644 69
58.0644 69
58.0644 69
58.0645 69
58.0645 69
58.0645 69
58.0645 69
58.0645 69
58.0646 69
58.0646 69
58.0646 69
58.0646 69
58.0647 69
58.0647 69
58.0647 69
58.0647 69
58.0647 69
58.0648 69
58.0648 69
58.0648 69
58.0648 69
58.0649 69
58.0649 69
58.0649 69
58.0649 69
58.065 69
58.065 69
58.065 69
58.065 69
58.065 69
58.0651 69
58.0651 69
58.0651 69
58.0651 69
58.0652 69
58.0652 69
58.0652 69
58.0652 69
58.0653 69
58.0653 69
58.0653 69
58.0653 69
58.0654 69
58.0654 69
58.0654 69
58.0654 69
58.0655 69
58.0655 69
58.0655 69
58.0655 69
58.0656 69
58.0656 69
58.0656 69
58.0656 69
58.0657 69
58.0657 69
58.0657 69
58.0657 69
58.0658 69
58.0658 69
58.0658 69
58.0658 69
58.0659 69
58.0659 69
58.0659 69
58.0659 69
58.066 69
58.066 69
58.066 69
58.066 69
58.0661 69
58.0661 69
58.0661 69
58.0661 69
58.0662 69
58.0662 69
58.0662 69
58.0663 69
58.0663 69
58.0663 69
58.0663 69
58.0664 69
58.0664 69
58.0664 69
58.0664 69
58.0665 69
58.0665 69
58.0665 69
58.0666 69
58.0666 69
58.0666 69
58.0666 69
58.0667 69
58.0667 69
58.0667 69
58.0668 69
58.0668 69
58.0668 69
58.0668 69
58.0669 69
58.0669 69
58.0669 69
58.067 69
58.067 69
58.067 69
58.067 69
58.0671 69
58.0671 69
58.0671 69
58.0672 69
58.0672 69
58.0672 69
58.0672 69
58.0673 69
58.0673 69
58.0673 69
58.0674 69
58.0674 69
58.0674 69
58.0674 69
58.0675 69
58.0675 69
58.0675 69
58.0676 69
58.0676 69
58.0676 69
58.0677 69
58.0677 69
58.0677 69
58.0677 69
58.0678 69
58.0678 69
58.0678 69
58.0679 69
58.0679 69
58.0679 69
58.068 69
58.068 69
58.068 69
58.0681 69
58.0681 69
58.0681 69
58.0682 69
58.0682 69
58.0682 69
58.0682 69
58.0683 69
58.0683 69
58.0683 69
58.0684 69
58.0684 69
58.0684 69
58.0685 69
58.0685 69
58.0685 69
58.0686 69
58.0686 69
58.0686 69
58.0687 69
58.0687 69
58.0687 69
58.0688 69
58.0688 69
58.0688 69
58.0689 69
58.0689 69
58.0689 69
58.069 69
58.069 69
58.069 69
58.0691 69
58.0691 69
58.0691 69
58.0692 69
58.0692 69
58.0692 69
58.0693 69
58.0693 69
58.0693 69
58.0694 69
58.0694 69
58.0694 69
58.0695 69
58.0695 69
58.0695 69
58.0696 69
58.0696 69
58.0696 69
58.0697 69
58.0697 69
58.0697 69
58.0698 69
58.0698 69
58.0698 69
58.0699 69
58.0699 69
58.0699 69
58.07 69
58.07 69
58.0701 69
58.0701 69
58.0701 69
58.0702 69
58.0702 69
58.0702 69
58.0703 69
58.0703 69
58.0703 69
58.0704 69
58.0704 69
58.0704 69
58.0705 69
58.0705 69
58.0706 69
58.0706 69
58.0706 69
58.0707 69
58.0707 69
58.0707 69
58.0708 69
58.0708 69
58.0708 69
58.0709 69
58.0709 69
58.071 69
58.071 69
58.071 69
58.0711 69
58.0711 69
58.0711 69
58.0712 69
58.0712 69
58.0713 69
58.0713 69
58.0713 69
58.0714 69
58.0714 69
58.0714 69
58.0715 69
58.0715 69
58.0716 69
58.0716 69
58.0716 69
58.0717 69
58.0717 69
58.0717 69
58.0718 69
58.0718 69
58.0719 69
58.0719 69
58.0719 69
58.072 69
58.072 69
58.0721 69
58.0721 69
58.0721 69
58.0722 69
58.0722 69
58.0723 69
58.0723 69
58.0723 69
58.0724 69
58.0724 69
58.0725 69
58.0725 69
58.0725 69
58.0726 69
58.0726 69
58.0727 69
58.0727 69
58.0727 69
58.0728 69
58.0728 69
58.0729 69
58.0729 69
58.0729 69
58.073 69
58.073 69
58.0731 69
58.0731 69
58.0731 69
58.0732 69
58.0732 69
58.0733 69
58.0733 69
58.0733 69
58.0734 69
58.0734 69
58.0735 69
58.0735 69
58.0735 69
58.0736 69
58.0736 69
58.0737 69
58.0737 69
58.0738 69
58.0738 69
58.0738 69
58.0739 69
58.0739 69
58.074 69
58.074 69
58.0741 69
58.0741 69
58.0741 69
58.0742 69
58.0742 69
58.0743 69
58.0743 69
58.0744 69
58.0744 69
58.0744 69
58.0745 69
58.0745 69
58.0746 69
58.0746 69
58.0747 69
58.0747 69
58.0747 69
58.0748 69
58.0748 69
58.0749 69
58.0749 69
58.075 69
58.075 69
58.075 69
58.0751 69
58.0751 69
58.0752 69
58.0752 69
58.0753 69
58.0753 69
58.0754 69
58.0754 69
58.0754 69
58.0755 69
58.0755 69
58.0756 69
58.0756 69
58.0757 69
58.0757 69
58.0758 69
58.0758 69
58.0758 69
58.0759 69
58.0759 69
58.076 69
58.076 69
58.0761 69
58.0761 69
58.0762 69
58.0762 69
58.0763 69
58.0763 69
58.0764 69
58.0764 69
58.0764 69
58.0765 69
58.0765 69
58.0766 69
58.0766 69
58.0767 69
58.0767 69
58.0768 69
58.0768 69
58.0769 69
58.0769 69
58.077 69
58.077 69
58.077 69
58.0771 69
58.0771 69
58.0772 69
58.0772 69
58.0773 69
58.0773 69
58.0774 69
58.0774 69
58.0775 69
58.0775 69
58.0776 69
58.0776 69
58.0777 69
58.0777 69
58.0778 69
58.0778 69
58.0779 69
58.0779 69
58.078 69
58.078 69
58.0781 69
58.0781 69
58.0781 69
58.0782 69
58.0782 69
58.0783 69
58.0783 69
58.0784 69
58.0784 69
58.0785 69
58.0785 69
58.0786 69
58.0786 69
58.0787 69
58.0787 69
58.0788 69
58.0788 69
58.0789 69
58.0789 69
58.079 69
58.079 69
58.0791 69
58.0791 69
58.0792 69
58.0792 69
58.0793 69
58.0793 69
58.0794 69
58.0794 69
58.0795 69
58.0795 69
58.0796 69
58.0796 69
58.0797 69
58.0797 69
58.0798 69
58.0798 69
58.0799 69
58.0799 69
58.08 69
58.08 69
58.0801 69
58.0801 69
58.0802 69
58.0803 69
58.0803 69
58.0804 69
58.0804 69
58.0805 69
58.0805 69
58.0806 69
58.0806 69
58.0807 69
58.0807 69
58.0808 69
58.0808 69
58.0809 69
58.0809 69
58.081 69
58.081 69
58.0811 69
58.0811 69
58.0812 69
58.0812 69
58.0813 69
58.0813 69
58.0814 69
58.0815 69
58.0815 69
58.0816 69
58.0816 69
58.0817 69
58.0817 69
58.0818 69
58.0818 69
58.0819 69
58.0819 69
58.082 69
58.082 69
58.0821 69
58.0821 69
58.0822 69
58.0823 69
58.0823 69
58.0824 69
58.0824 69
58.0825 69
58.0825 69
58.0826 69
58.0826 69
58.0827 69
58.0827 69
58.0828 69
58.0829 69
58.0829 69
58.083 69
58.083 69
58.0831 69
58.0831 69
58.0832 69
58.0832 69
58.0833 69
58.0834 69
58.0834 69
58.0835 69
58.0835 69
58.0836 69
58.0836 69
58.0837 69
58.0837 69
58.0838 69
58.0839 69
58.0839 69
58.084 69
58.084 69
58.0841 69
58.0841 69
58.0842 69
58.0843 69
58.0843 69
58.0844 69
58.0844 69
58.0845 69
58.0845 69
58.0846 69
58.0846 69
58.0847 69
58.0848 69
58.0848 69
58.0849 69
58.0849 69
58.085 69
58.0851 69
58.0851 69
58.0852 69
58.0852 69
58.0853 69
58.0853 69
58.0854 69
58.0855 69
58.0855 69
58.0856 69
58.0856 69
58.0857 69
58.0857 69
58.0858 69
58.0859 69
58.0859 69
58.086 69
58.086 69
58.0861 69
58.0862 69
58.0862 69
58.0863 69
58.0863 69
58.0864 69
58.0865 69
58.0865 69
58.0866 69
58.0866 69
58.0867 69
58.0867 69
58.0868 69
58.0869 69
58.0869 69
58.087 69
58.087 69
58.0871 69
58.0872 69
58.0872 69
58.0873 69
58.0873 69
58.0874 69
58.0875 69
58.0875 69
58.0876 69
58.0877 69
58.0877 69
58.0878 69
58.0878 69
58.0879 69
58.088 69
58.088 69
58.0881 69
58.0881 69
58.0882 69
58.0883 69
58.0883 69
58.0884 69
58.0884 69
58.0885 69
58.0886 69
58.0886 69
58.0887 69
58.0888 69
58.0888 69
58.0889 69
58.0889 69
58.089 69
58.0891 69
58.0891 69
58.0892 69
58.0893 69
58.0893 69
58.0894 69
58.0894 69
58.0895 69
58.0896 69
58.0896 69
58.0897 69
58.0898 69
58.0898 69
58.0899 69
58.0899 69
58.09 69
58.0901 69
58.0901 69
58.0902 69
58.0903 69
58.0903 69
58.0904 69
58.0904 69
58.0905 69
58.0906 69
58.0906 69
58.0907 69
58.0908 69
58.0908 69
58.0909 69
58.091 69
58.091 69
58.0911 69
58.0912 69
58.0912 69
58.0913 69
58.0913 69
58.0914 69
58.0915 69
58.0915 69
58.0916 69
58.0917 69
58.0917 69
58.0918 69
58.0919 69
58.0919 69
58.092 69
58.0921 69
58.0921 69
58.0922 69
58.0923 69
58.0923 69
58.0924 69
58.0925 69
58.0925 69
58.0926 69
58.0927 69
58.0927 69
58.0928 69
58.0929 69
58.0929 69
58.093 69
58.0931 69
58.0931 69
58.0932 69
58.0933 69
58.0933 69
58.0934 69
58.0935 69
58.0935 69
58.0936 69
58.0937 69
58.0937 69
58.0938 69
58.0939 69
58.0939 69
58.094 69
58.0941 69
58.0941 69
58.0942 69
58.0943 69
58.0943 69
58.0944 69
58.0945 69
58.0945 69
58.0946 69
58.0947 69
58.0947 69
58.0948 69
58.0949 69
58.0949 69
58.095 69
58.0951 69
58.0951 69
58.0952 69
58.0953 69
58.0954 69
58.0954 69
58.0955 69
58.0956 69
58.0956 69
58.0957 69
58.0958 69
58.0958 69
58.0959 69
58.096 69
58.096 69
58.0961 69
58.0962 69
58.0963 69
58.0963 69
58.0964 69
58.0965 69
58.0965 69
58.0966 69
58.0967 69
58.0967 69
58.0968 69
58.0969 69
58.097 69
58.097 69
58.0971 69
58.0972 69
58.0972 69
58.0973 69
58.0974 69
58.0974 69
58.0975 69
58.0976 69
58.0977 69
58.0977 69
58.0978 69
58.0979 69
58.0979 69
58.098 69
58.0981 69
58.0982 69
58.0982 69
58.0983 69
58.0984 69
58.0984 69
58.0985 69
58.0986 69
58.0987 69
58.0987 69
58.0988 69
58.0989 69
58.099 69
58.099 69
58.0991 69
58.0992 69
58.0992 69
58.0993 69
58.0994 69
58.0995 69
58.0995 69
58.0996 69
58.0997 69
58.0998 69
58.0998 69
58.0999 69
58.1 69
58.1 69
58.1001 69
58.1002 69
58.1003 69
58.1003 69
58.1004 69
58.1005 69
58.1006 69
58.1006 69
58.1007 69
58.1008 69
58.1009 69
58.1009 69
58.101 69
58.1011 69
58.1012 69
58.1012 69
58.1013 69
58.1014 69
58.1015 69
58.1015 69
58.1016 69
58.1017 69
58.1018 69
58.1018 69
58.1019 69
58.102 69
58.1021 69
58.1021 69
58.1022 69
58.1023 69
58.1024 69
58.1024 69
58.1025 69
58.1026 69
58.1027 69
58.1027 69
58.1028 69
58.1029 69
58.103 69
58.103 69
58.1031 69
58.1032 69
58.1033 69
58.1033 69
58.1034 69
58.1035 69
58.1036 69
58.1036 69
58.1037 69
58.1038 69
58.1039 69
58.104 69
58.104 69
58.1041 69
58.1042 69
58.1043 69
58.1043 69
58.1044 69
58.1045 69
58.1046 69
58.1047 69
58.1047 69
58.1048 69
58.1049 69
58.105 69
58.105 69
58.1051 69
58.1052 69
58.1053 69
58.1054 69
58.1054 69
58.1055 69
58.1056 69
58.1057 69
58.1057 69
58.1058 69
58.1059 69
58.106 69
58.1061 69
58.1061 69
58.1062 69
58.1063 69
58.1064 69
58.1065 69
58.1065 69
58.1066 69
58.1067 69
58.1068 69
58.1069 69
58.1069 69
58.107 69
58.1071 69
58.1072 69
58.1073 69
58.1073 69
58.1074 69
58.1075 69
58.1076 69
58.1077 69
58.1077 69
58.1078 69
58.1079 69
58.108 69
58.1081 69
58.1081 69
58.1082 69
58.1083 69
58.1084 69
58.1085 69
58.1085 69
58.1086 69
58.1087 69
58.1088 69
58.1089 69
58.1089 69
58.109 69
58.1091 69
58.1092 69
58.1093 69
58.1094 69
58.1094 69
58.1095 69
58.1096 69
58.1097 69
58.1098 69
58.1098 69
58.1099 69
58.11 69
58.1101 69
58.1102 69
58.1103 69
58.1103 69
58.1104 69
58.1105 69
58.1106 69
58.1107 69
58.1107 69
58.1108 69
58.1109 69
58.111 69
58.1111 69
58.1112 69
58.1112 69
58.1113 69
58.1114 69
58.1115 69
58.1116 69
58.1117 69
58.1117 69
58.1118 69
58.1119 69
58.112 69
58.1121 69
58.1122 69
58.1123 69
58.1123 69
58.1124 69
58.1125 69
58.1126 69
58.1127 69
58.1128 69
58.1128 69
58.1129 69
58.113 69
58.1131 69
58.1132 69
58.1133 69
58.1134 69
58.1134 69
58.1135 69
58.1136 69
58.1137 69
58.1138 69
58.1139 69
58.1139 69
58.114 69
58.1141 69
58.1142 69
58.1143 69
58.1144 69
58.1145 69
58.1145 69
58.1146 69
58.1147 69
58.1148 69
58.1149 69
58.115 69
58.1151 69
58.1152 69
58.1152 69
58.1153 69
58.1154 69
58.1155 69
58.1156 69
58.1157 69
58.1158 69
58.1158 69
58.1159 69
58.116 69
58.1161 69
58.1162 69
58.1163 69
58.1164 69
58.1165 69
58.1165 69
58.1166 69
58.1167 69
58.1168 69
58.1169 69
58.117 69
58.1171 69
58.1172 69
58.1172 69
58.1173 69
58.1174 69
58.1175 69
58.1176 69
58.1177 69
58.1178 69
58.1179 69
58.118 69
58.118 69
58.1181 69
58.1182 69
58.1183 69
58.1184 69
58.1185 69
58.1186 69
58.1187 69
58.1188 69
58.1188 69
58.1189 69
58.119 69
58.1191 69
58.1192 69
58.1193 69
58.1194 69
58.1195 69
58.1196 69
58.1197 69
58.1197 69
58.1198 69
58.1199 69
58.12 69
58.1201 69
58.1202 69
58.1203 69
58.1204 69
58.1205 69
58.1206 69
58.1206 69
58.1207 69
58.1208 69
58.1209 69
58.121 69
58.1211 69
58.1212 69
58.1213 69
58.1214 69
58.1215 69
58.1216 69
58.1216 69
58.1217 69
58.1218 69
58.1219 69
58.122 69
58.1221 69
58.1222 69
58.1223 69
58.1224 69
58.1225 69
58.1226 69
58.1227 69
58.1227 69
58.1228 69
58.1229 69
58.123 69
58.1231 69
58.1232 69
58.1233 69
58.1234 69
58.1235 69
58.1236 69
58.1237 69
58.1238 69
58.1239 69
58.124 69
58.124 69
58.1241 69
58.1242 69
58.1243 69
58.1244 69
58.1245 69
58.1246 69
58.1247 69
58.1248 69
58.1249 69
58.125 69
58.1251 69
58.1252 69
58.1253 69
58.1254 69
58.1255 69
58.1256 69
58.1256 69
58.1257 69
58.1258 69
58.1259 69
58.126 69
58.1261 69
58.1262 69
58.1263 69
58.1264 69
58.1265 69
58.1266 69
58.1267 69
58.1268 69
58.1269 69
58.127 69
58.1271 69
58.1272 69
58.1273 69
58.1274 69
58.1275 69
58.1275 69
58.1276 69
58.1277 69
58.1278 69
58.1279 69
58.128 69
58.1281 69
58.1282 69
58.1283 69
58.1284 69
58.1285 69
58.1286 69
58.1287 69
58.1288 69
58.1289 69
58.129 69
58.1291 69
58.1292 69
58.1293 69
58.1294 69
58.1295 69
58.1296 69
58.1297 69
58.1298 69
58.1299 69
58.13 69
58.1301 69
58.1302 69
58.1303 69
58.1304 69
58.1305 69
58.1306 69
58.1307 69
58.1308 69
58.1308 69
58.1309 69
58.131 69
58.1311 69
58.1312 69
58.1313 69
58.1314 69
58.1315 69
58.1316 69
58.1317 69
58.1318 69
58.1319 69
58.132 69
58.1321 69
58.1322 69
58.1323 69
58.1324 69
58.1325 69
58.1326 69
58.1327 69
58.1328 69
58.1329 69
58.133 69
58.1331 69
58.1332 69
58.1333 69
58.1334 69
58.1335 69
58.1336 69
58.1337 69
58.1338 69
58.1339 69
58.134 69
58.1341 69
58.1342 69
58.1343 69
58.1344 69
58.1345 69
58.1346 69
58.1347 69
58.1348 69
58.1349 69
58.135 69
58.1351 69
58.1352 69
58.1353 69
58.1354 69
58.1355 69
58.1356 69
58.1357 69
58.1358 69
58.1359 69
58.136 69
58.1362 69
58.1363 69
58.1364 69
58.1365 69
58.1366 69
58.1367 69
58.1368 69
58.1369 69
58.137 69
58.1371 69
58.1372 69
58.1373 69
58.1374 69
58.1375 69
58.1376 69
58.1377 69
58.1378 69
58.1379 69
58.138 69
58.1381 69
58.1382 69
58.1383 69
58.1384 69
58.1385 69
58.1386 69
58.1387 69
58.1388 69
58.1389 69
58.139 69
58.1391 69
58.1392 69
58.1393 69
58.1394 69
58.1396 69
58.1397 69
58.1398 69
58.1399 69
58.14 69
58.1401 69
58.1402 69
58.1403 69
58.1404 69
58.1405 69
58.1406 69
58.1407 69
58.1408 69
58.1409 69
58.141 69
58.1411 69
58.1412 69
58.1413 69
58.1414 69
58.1415 69
58.1416 69
58.1418 69
58.1419 69
58.142 69
58.1421 69
58.1422 69
58.1423 69
58.1424 69
58.1425 69
58.1426 69
58.1427 69
58.1428 69
58.1429 69
58.143 69
58.1431 69
58.1432 69
58.1433 69
58.1435 69
58.1436 69
58.1437 69
58.1438 69
58.1439 69
58.144 69
58.1441 69
58.1442 69
58.1443 69
58.1444 69
58.1445 69
58.1446 69
58.1447 69
58.1448 69
58.145 69
58.1451 69
58.1452 69
58.1453 69
58.1454 69
58.1455 69
58.1456 69
58.1457 69
58.1458 69
58.1459 69
58.146 69
58.1461 69
58.1463 69
58.1464 69
58.1465 69
58.1466 69
58.1467 69
58.1468 69
58.1469 69
58.147 69
58.1471 69
58.1472 69
58.1473 69
58.1475 69
58.1476 69
58.1477 69
58.1478 69
58.1479 69
58.148 69
58.1481 69
58.1482 69
58.1483 69
58.1484 69
58.1485 69
58.1487 69
58.1488 69
58.1489 69
58.149 69
58.1491 69
58.1492 69
58.1493 69
58.1494 69
58.1495 69
58.1497 69
58.1498 69
58.1499 69
58.15 69
58.1501 69
58.1502 69
58.1503 69
58.1504 69
58.1505 69
58.1507 69
58.1508 69
58.1509 69
58.151 69
58.1511 69
58.1512 69
58.1513 69
58.1514 69
58.1515 69
58.1517 69
58.1518 69
58.1519 69
58.152 69
58.1521 69
58.1522 69
58.1523 69
58.1524 69
58.1526 69
58.1527 69
58.1528 69
58.1529 69
58.153 69
58.1531 69
58.1532 69
58.1533 69
58.1535 69
58.1536 69
58.1537 69
58.1538 69
58.1539 69
58.154 69
58.1541 69
58.1542 69
58.1544 69
58.1545 69
58.1546 69
58.1547 69
58.1548 69
58.1549 69
58.155 69
58.1552 69
58.1553 69
58.1554 69
58.1555 69
58.1556 69
58.1557 69
58.1558 69
58.156 69
58.1561 69
58.1562 69
58.1563 69
58.1564 69
58.1565 69
58.1566 69
58.1568 69
58.1569 69
58.157 69
58.1571 69
58.1572 69
58.1573 69
58.1575 69
58.1576 69
58.1577 69
58.1578 69
58.1579 69
58.158 69
58.1581 69
58.1583 69
58.1584 69
58.1585 69
58.1586 69
58.1587 69
58.1588 69
58.159 69
58.1591 69
58.1592 69
58.1593 69
58.1594 69
58.1595 69
58.1597 69
58.1598 69
58.1599 69
58.16 69
58.1601 69
58.1602 69
58.1604 69
58.1605 69
58.1606 69
58.1607 69
58.1608 69
58.161 69
58.1611 69
58.1612 69
58.1613 69
58.1614 69
58.1615 69
58.1617 69
58.1618 69
58.1619 69
58.162 69
58.1621 69
58.1622 69
58.1624 69
58.1625 69
58.1626 69
58.1627 69
58.1628 69
58.163 69
58.1631 69
58.1632 69
58.1633 69
58.1634 69
58.1636 69
58.1637 69
58.1638 69
58.1639 69
58.164 69
58.1642 69
58.1643 69
58.1644 69
58.1645 69
58.1646 69
58.1647 69
58.1649 69
58.165 69
58.1651 69
58.1652 69
58.1653 69
58.1655 69
58.1656 69
58.1657 69
58.1658 69
58.166 69
58.1661 69
58.1662 69
58.1663 69
58.1664 69
58.1666 69
58.1667 69
58.1668 69
58.1669 69
58.167 69
58.1672 69
58.1673 69
58.1674 69
58.1675 69
58.1676 69
58.1678 69
58.1679 69
58.168 69
58.1681 69
58.1683 69
58.1684 69
58.1685 69
58.1686 69
58.1687 69
58.1689 69
58.169 69
58.1691 69
58.1692 69
58.1694 69
58.1695 69
58.1696 69
58.1697 69
58.1698 69
58.17 69
58.1701 69
58.1702 69
58.1703 69
58.1705 69
58.1706 69
58.1707 69
58.1708 69
58.1709 69
58.1711 69
58.1712 69
58.1713 69
58.1714 69
58.1716 69
58.1717 69
58.1718 69
58.1719 69
58.1721 69
58.1722 69
58.1723 69
58.1724 69
58.1726 69
58.1727 69
58.1728 69
58.1729 69
58.1731 69
58.1732 69
58.1733 69
58.1734 69
58.1736 69
58.1737 69
58.1738 69
58.1739 69
58.1741 69
58.1742 69
58.1743 69
58.1744 69
58.1746 69
58.1747 69
58.1748 69
58.1749 69
58.1751 69
58.1752 69
58.1753 69
58.1754 69
58.1756 69
58.1757 69
58.1758 69
58.1759 69
58.1761 69
58.1762 69
58.1763 69
58.1764 69
58.1766 69
58.1767 69
58.1768 69
58.1769 69
58.1771 69
58.1772 69
58.1773 69
58.1775 69
58.1776 69
58.1777 69
58.1778 69
58.178 69
58.1781 69
58.1782 69
58.1783 69
58.1785 69
58.1786 69
58.1787 69
58.1789 69
58.179 69
58.1791 69
58.1792 69
58.1794 69
58.1795 69
58.1796 69
58.1798 69
58.1799 69
58.18 69
58.1801 69
58.1803 69
58.1804 69
58.1805 69
58.1807 69
58.1808 69
58.1809 69
58.181 69
58.1812 69
58.1813 69
58.1814 69
58.1816 69
58.1817 69
58.1818 69
58.1819 69
58.1821 69
58.1822 69
58.1823 69
58.1825 69
58.1826 69
58.1827 69
58.1829 69
58.183 69
58.1831 69
58.1832 69
58.1834 69
58.1835 69
58.1836 69
58.1838 69
58.1839 69
58.184 69
58.1842 69
58.1843 69
58.1844 69
58.1845 69
58.1847 69
58.1848 69
58.1849 69
58.1851 69
58.1852 69
58.1853 69
58.1855 69
58.1856 69
58.1857 69
58.1859 69
58.186 69
58.1861 69
58.1863 69
58.1864 69
58.1865 69
58.1866 69
58.1868 69
58.1869 69
58.187 69
58.1872 69
58.1873 69
58.1874 69
58.1876 69
58.1877 69
58.1878 69
58.188 69
58.1881 69
58.1882 69
58.1884 69
58.1885 69
58.1886 69
58.1888 69
58.1889 69
58.189 69
58.1892 69
58.1893 69
58.1894 69
58.1896 69
58.1897 69
58.1898 69
58.19 69
58.1901 69
58.1902 69
58.1904 69
58.1905 69
58.1906 69
58.1908 69
58.1909 69
58.191 69
58.1912 69
58.1913 69
58.1914 69
58.1916 69
58.1917 69
58.1918 69
58.192 69
58.1921 69
58.1922 69
58.1924 69
58.1925 69
58.1927 69
58.1928 69
58.1929 69
58.1931 69
58.1932 69
58.1933 69
58.1935 69
58.1936 69
58.1937 69
58.1939 69
58.194 69
58.1941 69
58.1943 69
58.1944 69
58.1946 69
58.1947 69
58.1948 69
58.195 69
58.1951 69
58.1952 69
58.1954 69
58.1955 69
58.1956 69
58.1958 69
58.1959 69
58.1961 69
58.1962 69
58.1963 69
58.1965 69
58.1966 69
58.1967 69
58.1969 69
58.197 69
58.1971 69
58.1973 69
58.1974 69
58.1976 69
58.1977 69
58.1978 69
58.198 69
58.1981 69
58.1982 69
58.1984 69
58.1985 69
58.1987 69
58.1988 69
58.1989 69
58.1991 69
58.1992 69
58.1994 69
58.1995 69
58.1996 69
58.1998 69
58.1999 69
58.2 69
58.2002 69
58.2003 69
58.2005 69
58.2006 69
58.2007 69
58.2009 69
58.201 69
58.2012 69
58.2013 69
58.2014 69
58.2016 69
58.2017 69
58.2019 69
58.202 69
58.2021 69
58.2023 69
58.2024 69
58.2026 69
58.2027 69
58.2028 69
58.203 69
58.2031 69
58.2033 69
58.2034 69
58.2035 69
58.2037 69
58.2038 69
58.204 69
58.2041 69
58.2042 69
58.2044 69
58.2045 69
58.2047 69
58.2048 69
58.2049 69
58.2051 69
58.2052 69
58.2054 69
58.2055 69
58.2057 69
58.2058 69
58.2059 69
58.2061 69
58.2062 69
58.2064 69
58.2065 69
58.2066 69
58.2068 69
58.2069 69
58.2071 69
58.2072 69
58.2074 69
58.2075 69
58.2076 69
58.2078 69
58.2079 69
58.2081 69
58.2082 69
58.2084 69
58.2085 69
58.2086 69
58.2088 69
58.2089 69
58.2091 69
58.2092 69
58.2094 69
58.2095 69
58.2096 69
58.2098 69
58.2099 69
58.2101 69
58.2102 69
58.2104 69
58.2105 69
58.2107 69
58.2108 69
58.2109 69
58.2111 69
58.2112 69
58.2114 69
58.2115 69
58.2117 69
58.2118 69
58.212 69
58.2121 69
58.2122 69
58.2124 69
58.2125 69
58.2127 69
58.2128 69
58.213 69
58.2131 69
58.2133 69
58.2134 69
58.2135 69
58.2137 69
58.2138 69
58.214 69
58.2141 69
58.2143 69
58.2144 69
58.2146 69
58.2147 69
58.2149 69
58.215 69
58.2152 69
58.2153 69
58.2154 69
58.2156 69
58.2157 69
58.2159 69
58.216 69
58.2162 69
58.2163 69
58.2165 69
58.2166 69
58.2168 69
58.2169 69
58.2171 69
58.2172 69
58.2174 69
58.2175 69
58.2176 69
58.2178 69
58.2179 69
58.2181 69
58.2182 69
58.2184 69
58.2185 69
58.2187 69
58.2188 69
58.219 69
58.2191 69
58.2193 69
58.2194 69
58.2196 69
58.2197 69
58.2199 69
58.22 69
58.2202 69
58.2203 69
58.2205 69
58.2206 69
58.2208 69
58.2209 69
58.2211 69
58.2212 69
58.2214 69
58.2215 69
58.2217 69
58.2218 69
58.222 69
58.2221 69
58.2223 69
58.2224 69
58.2225 69
58.2227 69
58.2228 69
58.223 69
58.2231 69
58.2233 69
58.2234 69
58.2236 69
58.2237 69
58.2239 69
58.224 69
58.2242 69
58.2244 69
58.2245 69
58.2247 69
58.2248 69
58.225 69
58.2251 69
58.2253 69
58.2254 69
58.2256 69
58.2257 69
58.2259 69
