0.1 -0.119982
0.2 -0.245156
0.3 -0.368301
0.4 -0.491828
0.5 -0.615739
0.6 -0.740037
0.7 -0.864724
0.8 -0.989805
0.9 -1.11528
1 -1.24115
0.299527 -1.28635
0.599009 -1.3316
0.89845 -1.37689
1.19784 -1.42222
1.49701 -1.46763
1.79612 -1.51309
2.09508 -1.55861
2.39362 -1.60426
2.69178 -1.65002
2.9899 -1.69583
3.28798 -1.74169
3.58601 -1.78758
3.88401 -1.83353
4.18204 -1.87949
4.48004 -1.9255
4.77801 -1.97155
5.07599 -2.01764
5.37393 -2.06376
5.67183 -2.10994
5.96969 -2.15615
6.2675 -2.20242
6.56527 -2.24872
6.86299 -2.29508
7.16069 -2.3414
7.45835 -2.38771
7.75596 -2.43405
8.05353 -2.48044
8.35105 -2.52688
8.64854 -2.57335
8.94598 -2.61987
9.24337 -2.66643
9.54072 -2.71304
9.83802 -2.75969
10.1353 -2.80638
10.4325 -2.85301
10.7297 -2.89963
11.0268 -2.94628
11.3239 -2.99297
11.6209 -3.03971
11.9179 -3.08648
12.2149 -3.13329
12.5118 -3.18015
12.8086 -3.22704
13.1055 -3.27397
13.4022 -3.32095
13.699 -3.36796
13.9956 -3.41502
14.2923 -3.46211
14.5889 -3.50925
14.8854 -3.55641
15.182 -3.60362
15.4785 -3.65086
15.7749 -3.69814
16.0713 -3.74547
16.3677 -3.79283
16.664 -3.84024
16.9602 -3.88769
17.2565 -3.93518
17.5526 -3.98271
17.8488 -4.03029
18.1448 -4.0779
18.4409 -4.12547
18.7369 -4.17307
19.0328 -4.2207
19.3287 -4.26837
19.6246 -4.31608
19.9204 -4.36383
20.2162 -4.41162
20.5119 -4.45945
20.8076 -4.50731
21.1033 -4.55522
21.3989 -4.60316
21.6944 -4.65115
21.9899 -4.69917
22.2854 -4.74724
22.5808 -4.79535
22.8762 -4.8435
23.1715 -4.8917
23.4668 -4.93993
23.762 -4.9882
24.0572 -5.03652
24.3523 -5.08487
24.6474 -5.13326
24.9424 -5.1817
25.2374 -5.23018
25.5324 -5.27869
25.8273 -5.32726
26.1221 -5.37587
26.4169 -5.42452
26.7117 -5.47321
27.0064 -5.52195
27.301 -5.57072
27.5956 -5.61954
27.8902 -5.66839
28.1847 -5.71729
28.4792 -5.76623
28.7736 -5.81522
29.068 -5.86425
29.3623 -5.91333
29.6566 -5.96245
29.9509 -6.01162
30.2451 -6.06083
30.5392 -6.11008
30.8333 -6.15937
31.1274 -6.20871
31.4214 -6.25808
31.7153 -6.30751
32.0092 -6.35697
32.3031 -6.40648
32.5969 -6.45603
32.8907 -6.50563
33.1844 -6.55527
33.4781 -6.60495
33.7717 -6.65468
34.0653 -6.70445
34.3588 -6.75427
34.6523 -6.80412
34.9457 -6.85402
35.2391 -6.90397
35.5325 -6.95396
35.8257 -7.00399
36.119 -7.05407
36.4122 -7.1042
36.7053 -7.15437
36.9984 -7.20458
37.2915 -7.25486
37.5845 -7.30522
37.8774 -7.35562
38.1704 -7.40607
38.4632 -7.45657
38.756 -7.50711
39.0488 -7.5577
39.3415 -7.60833
39.6342 -7.65902
39.9268 -7.70974
40.2193 -7.76052
40.5119 -7.81134
40.8043 -7.86221
41.0967 -7.91313
41.3891 -7.9641
41.6814 -8.01511
41.9737 -8.06617
42.2659 -8.11728
42.5581 -8.16844
42.8444 -8.21897
43.0936 -8.26528
43.2202 -8.2975
43.3572 -8.33095
43.4941 -8.3644
43.6309 -8.39787
43.7676 -8.43134
43.9041 -8.46482
44.0405 -8.49829
44.1767 -8.53177
44.3128 -8.56526
44.4486 -8.59873
44.5829 -8.63206
44.714 -8.66502
44.8441 -8.69789
44.9682 -8.73009
45.0908 -8.76214
45.2082 -8.79359
45.3224 -8.82474
45.4347 -8.8557
45.5457 -8.88653
45.6558 -8.91727
45.7659 -8.94805
45.8761 -8.97886
45.9862 -9.0097
46.0962 -9.04052
46.2062 -9.07135
46.316 -9.10219
46.4257 -9.13302
46.5354 -9.16386
46.645 -9.19471
46.7546 -9.22558
46.8641 -9.25645
46.9735 -9.28736
47.083 -9.31828
47.1922 -9.34916
47.3013 -9.38002
47.4103 -9.41089
47.5192 -9.44177
47.6281 -9.47267
47.7369 -9.50358
47.8457 -9.5345
47.9544 -9.56543
48.063 -9.59637
48.1716 -9.62735
48.2802 -9.65833
48.3887 -9.68933
48.4971 -9.72034
48.6055 -9.75136
48.7138 -9.78239
48.8221 -9.81344
48.9303 -9.8445
49.0384 -9.87557
49.1465 -9.90666
49.2545 -9.93777
49.3625 -9.96889
49.4704 -10
49.5783 -10.0312
49.6861 -10.0623
49.7938 -10.0935
49.9015 -10.1247
50.009 -10.1558
50.1164 -10.187
50.2238 -10.2182
50.3311 -10.2494
50.4384 -10.2806
50.5455 -10.3118
50.6527 -10.3431
50.7597 -10.3743
50.8667 -10.4056
50.9736 -10.4369
51.0803 -10.4681
51.1868 -10.4993
51.2932 -10.5305
51.3996 -10.5617
51.5059 -10.593
51.6119 -10.6241
51.7177 -10.6553
51.8235 -10.6865
51.9293 -10.7176
52.0349 -10.7488
52.1405 -10.78
52.246 -10.8112
52.3514 -10.8425
52.4568 -10.8737
52.562 -10.9049
52.6673 -10.9362
52.7724 -10.9675
52.8785 -10.9991
52.985 -11.0309
53.0918 -11.0629
53.1986 -11.0949
53.3055 -11.127
53.4124 -11.1591
53.5193 -11.1912
53.6261 -11.2234
53.7328 -11.2556
53.8396 -11.2878
53.9466 -11.3201
54.0535 -11.3525
54.1604 -11.3848
54.2672 -11.4172
54.3739 -11.4496
54.4805 -11.482
54.5871 -11.5144
54.6936 -11.5469
54.8 -11.5793
54.9063 -11.6118
55.0126 -11.6443
55.1187 -11.6767
55.225 -11.7093
55.3312 -11.7419
55.4373 -11.7744
55.5435 -11.8071
55.6497 -11.8398
55.7559 -11.8725
55.8621 -11.9053
55.9684 -11.9382
56.0746 -11.971
56.1808 -12.0039
56.2869 -12.0368
56.3929 -12.0697
56.4988 -12.1027
56.6047 -12.1357
56.7106 -12.1687
56.8164 -12.2017
56.9221 -12.2347
57.0277 -12.2677
57.1332 -12.3008
57.2387 -12.3338
57.344 -12.3669
57.4493 -12.4
57.5544 -12.433
57.6595 -12.4661
57.7646 -12.4993
57.8695 -12.5324
57.9744 -12.5656
58.0792 -12.5988
58.1839 -12.632
58.2885 -12.6652
58.393 -12.6984
58.4975 -12.7316
58.6018 -12.7648
58.706 -12.7981
58.8101 -12.8313
58.9141 -12.8646
59.018 -12.8978
59.1218 -12.9311
59.2255 -12.9644
59.3291 -12.9977
59.4325 -13.0309
59.5357 -13.0642
59.6388 -13.0974
59.7418 -13.1307
59.8445 -13.1639
59.9471 -13.1971
60.0496 -13.2304
60.152 -13.2636
60.2543 -13.2968
60.3564 -13.3301
60.4586 -13.3634
60.5605 -13.3966
60.6623 -13.4299
60.764 -13.4632
60.8655 -13.4965
60.967 -13.5298
61.0684 -13.5631
61.1696 -13.5964
61.2708 -13.6297
61.3718 -13.663
61.4727 -13.6964
61.5731 -13.733
61.6719 -13.7797
61.7681 -13.8396
61.8564 -13.9161
61.9022 -13.9666
61.9408 -14.0095
61.9787 -14.0525
62.0164 -14.0961
62.0519 -14.1452
62.0817 -14.1982
62.1081 -14.2443
62.131 -14.2781
62.1487 -14.281
62.1646 -14.2708
62.1783 -14.2608
62.1914 -14.2511
62.2044 -14.2415
62.2173 -14.2321
62.2301 -14.2228
62.2429 -14.2137
62.2555 -14.2048
62.2664 -14.1961
62.2768 -14.1877
62.2871 -14.1793
62.2973 -14.1712
62.3075 -14.1632
62.3164 -14.1554
62.325 -14.1478
62.3336 -14.1404
62.342 -14.1332
62.3504 -14.1261
62.3587 -14.1192
62.3668 -14.1124
62.375 -14.1059
62.383 -14.0995
62.3909 -14.0933
62.3989 -14.0873
62.4068 -14.0814
62.4146 -14.0757
62.4223 -14.0703
62.4299 -14.065
62.4374 -14.0598
62.4449 -14.0549
62.4522 -14.0501
62.4594 -14.0456
62.4665 -14.0412
62.4736 -14.037
62.4805 -14.033
62.4874 -14.0291
62.4941 -14.0255
62.5008 -14.022
62.5074 -14.0188
62.5139 -14.0157
62.5203 -14.0128
62.5266 -14.0101
62.5329 -14.0076
62.539 -14.0053
62.5451 -14.0031
62.5511 -14.0012
62.557 -13.9995
62.5628 -13.9979
62.5685 -13.9966
62.5741 -13.9955
62.5796 -13.9945
62.585 -13.9938
62.5903 -13.9933
62.5955 -13.9929
62.6006 -13.9928
62.6056 -13.9929
62.6106 -13.9931
62.6154 -13.9936
62.6202 -13.9943
62.6248 -13.9952
62.6293 -13.9964
62.6337 -13.9977
62.638 -13.9992
62.6422 -14.001
62.6462 -14.0029
62.6502 -14.0051
62.654 -14.0075
62.6578 -14.0102
62.6614 -14.013
62.6649 -14.016
62.6682 -14.0193
62.6714 -14.0228
62.6744 -14.0265
62.6774 -14.0305
62.6802 -14.0347
62.6829 -14.0391
62.6855 -14.0437
62.6879 -14.0485
62.6903 -14.0536
62.6925 -14.0589
62.6946 -14.0645
62.6965 -14.0703
62.6983 -14.0763
62.7 -14.0825
62.7015 -14.089
62.7028 -14.0957
62.7039 -14.1027
62.705 -14.1099
62.7058 -14.1173
62.7066 -14.125
62.7061 -14.1329
62.7055 -14.141
62.7047 -14.1493
62.7037 -14.1579
62.7025 -14.1674
62.6989 -14.1813
62.6943 -14.1954
62.6895 -14.2098
62.6838 -14.2276
62.6817 -14.2478
62.6797 -14.2683
62.6774 -14.2892
62.675 -14.3103
62.6713 -14.3233
62.668 -14.3347
62.6668 -14.3469
62.6652 -14.3617
62.6635 -14.3769
62.6615 -14.3888
62.658 -14.3797
62.6542 -14.3713
62.6504 -14.3631
62.6463 -14.3554
62.6415 -14.3239
62.6408 -14.2854
62.6383 -14.2457
62.6357 -14.2063
62.633 -14.1671
62.6302 -14.1283
62.6271 -14.0834
62.6233 -14.0312
62.6195 -13.9793
62.6195 -13.9265
62.6192 -13.866
62.6188 -13.803
62.6183 -13.7402
62.6173 -13.6779
62.6176 -13.6153
62.6179 -13.553
62.6181 -13.491
62.6183 -13.4292
62.6185 -13.3677
62.6186 -13.3064
62.6176 -13.2458
62.6155 -13.1857
62.6133 -13.126
62.6111 -13.0664
62.6089 -13.0071
62.6066 -12.9481
62.6043 -12.8894
62.6019 -12.8309
62.5995 -12.7726
62.597 -12.7147
62.5945 -12.657
62.5903 -12.6001
62.5851 -12.5437
62.5799 -12.4876
62.5747 -12.4318
62.5693 -12.3762
62.564 -12.321
62.5585 -12.2661
62.5531 -12.2114
62.5475 -12.157
62.5419 -12.1029
62.5363 -12.049
62.5306 -11.9955
62.5248 -11.9422
62.519 -11.8893
62.5131 -11.8366
62.5072 -11.7842
62.5012 -11.7321
62.4944 -11.6805
62.4866 -11.6295
62.4789 -11.5787
62.471 -11.5282
62.4631 -11.4781
62.4552 -11.4282
62.4471 -11.3787
62.439 -11.3294
62.4309 -11.2805
62.4226 -11.2319
62.4141 -11.1917
62.4051 -11.1699
62.3959 -11.1486
62.3867 -11.1276
62.3775 -11.1071
62.3664 -11.1368
62.355 -11.171
62.3428 -11.2056
62.3304 -11.2408
62.3179 -11.2766
62.3053 -11.3131
62.2918 -11.3682
62.2768 -11.4503
62.2616 -11.5336
62.2463 -11.6243
62.2307 -11.7296
62.215 -11.8367
62.1992 -11.9457
62.1833 -12.0567
62.1673 -12.1697
62.1509 -12.2827
62.1332 -12.3875
62.1153 -12.4944
62.0974 -12.6033
62.08 -12.7207
62.0631 -12.8453
62.046 -12.9728
62.0289 -13.103
62.0116 -13.2363
61.9936 -13.351
61.9752 -13.4606
61.9568 -13.5732
61.9382 -13.6887
61.9195 -13.8074
61.9007 -13.9292
61.8817 -14.0545
61.8627 -14.1832
61.8435 -14.3156
61.8258 -14.4534
61.8081 -14.5954
61.7902 -14.7418
61.7723 -14.8928
61.7542 -15.0485
61.7358 -15.2055
61.7172 -15.3674
61.6985 -15.5347
61.6796 -15.7079
61.6605 -15.8872
61.6412 -16.073
61.6218 -16.2659
61.6021 -16.4662
61.5822 -16.6746
61.5621 -16.8918
61.5416 -17.1287
61.5178 -17.5669
61.4933 -18.0421
61.4679 -18.5627
61.4415 -19.1362
61.4276 -19.0834
61.4142 -19.034
61.4321 -22.3579
61.3171 -24.6743
61.1458 -29.1592
60.8603 -33.4502
60.8209 -33.9869
60.7998 -34.2709
60.7783 -34.5557
60.7568 -34.8422
60.7352 -35.1303
60.7135 -35.4199
60.6871 -35.7658
60.6606 -36.1145
60.6339 -36.4651
60.607 -36.8178
60.5787 -37.1613
60.5487 -37.4942
60.5183 -37.8352
60.4869 -38.1855
60.455 -38.5203
60.4225 -38.8533
60.3896 -39.1882
60.3562 -39.5249
60.3223 -39.8633
60.2879 -40.2036
60.252 -40.5334
60.2044 -40.8089
60.1643 -41
60.1354 -41.1572
60.1058 -41.3022
60.0751 -41.4274
60.0423 -41.5228
60.0135 -41.6427
59.9745 -41.621
59.9496 -41.8088
59.9225 -41.9196
59.9014 -42.0969
59.8877 -42.0918
59.6697 -40.7583
59.6054 -39.4053
59.3735 -38.4918
59.4327 -38.4232
59.3463 -38.5182
59.3295 -38.6001
59.3126 -38.6821
59.2957 -38.764
59.2788 -38.8459
59.2618 -38.9277
59.2447 -39.0096
59.2276 -39.0914
59.2105 -39.1731
59.1933 -39.2549
59.176 -39.3366
59.1587 -39.4183
59.1412 -39.5016
59.1235 -39.5876
59.1058 -39.6735
59.0881 -39.7595
59.0701 -39.848
59.0506 -39.9749
59.0319 -40.1093
59.0154 -40.211
58.999 -40.31
58.9826 -40.4091
58.9661 -40.5081
58.9495 -40.607
58.9339 -40.7016
58.9204 -40.7871
58.9067 -40.8745
58.8927 -40.98
58.8785 -41.0857
58.8664 -41.2033
58.8549 -41.325
58.8434 -41.4469
58.8327 -41.6039
58.8225 -41.7733
58.8123 -41.9429
58.8021 -42.1127
58.7907 -42.3149
58.7798 -42.501
58.7698 -42.6621
58.7598 -42.8233
58.7505 -42.9721
58.7438 -43.0698
58.7374 -43.1676
58.7307 -43.2683
58.7227 -43.3813
58.7146 -43.4943
58.7084 -43.595
58.7041 -43.6831
58.6997 -43.771
58.6954 -43.8589
58.691 -43.9466
58.6861 -44.0294
58.6835 -44.1247
58.681 -44.2198
58.6784 -44.3149
58.6765 -44.4208
58.675 -44.5287
58.6732 -44.6322
58.6714 -44.7356
58.6696 -44.8391
58.6679 -44.9426
58.6661 -45.0461
58.6643 -45.1495
58.6625 -45.253
58.6608 -45.3565
58.659 -45.46
58.6572 -45.5635
58.6554 -45.6669
58.6537 -45.7704
58.6519 -45.8739
58.6501 -45.9772
58.6483 -46.0806
58.6465 -46.1839
58.6448 -46.2872
58.643 -46.3906
58.6412 -46.4939
58.6394 -46.5973
58.6376 -46.7006
58.6359 -46.804
58.6341 -46.9074
58.6323 -47.0107
58.6305 -47.1141
58.6287 -47.2174
58.627 -47.3208
58.6252 -47.4241
58.6234 -47.5275
58.6216 -47.6308
58.6198 -47.7342
58.6181 -47.8375
58.6163 -47.9409
58.6145 -48.0442
58.6127 -48.1476
58.6109 -48.251
58.6091 -48.3543
58.6074 -48.4577
58.6056 -48.561
58.6038 -48.6644
58.602 -48.7678
58.6002 -48.8711
58.5984 -48.9745
58.5967 -49.0778
58.5949 -49.1812
58.5931 -49.2846
58.5913 -49.3879
58.5895 -49.4913
58.5877 -49.5946
58.586 -49.698
58.5842 -49.8014
58.5824 -49.9047
58.5806 -50.0081
58.5788 -50.1115
58.577 -50.2148
58.5752 -50.3182
58.5735 -50.4216
58.5717 -50.5249
58.5699 -50.6283
58.5681 -50.7317
58.5663 -50.835
58.5645 -50.9384
58.5627 -51.0418
58.561 -51.1451
58.5592 -51.2485
58.5574 -51.3519
58.5556 -51.4552
58.5538 -51.5586
58.552 -51.662
58.5502 -51.7654
58.5484 -51.8687
58.5467 -51.9721
58.5449 -52.0755
58.5431 -52.1788
58.5413 -52.2822
58.5395 -52.3856
58.5377 -52.489
58.5359 -52.5923
58.5341 -52.6957
58.5323 -52.7991
58.5306 -52.9025
58.5288 -53.0058
58.527 -53.1092
58.5252 -53.2126
58.5234 -53.316
58.5216 -53.4194
58.5198 -53.5227
58.518 -53.6261
58.5162 -53.7295
58.5144 -53.8329
58.5127 -53.9362
58.5109 -54.0396
58.5091 -54.143
58.5073 -54.2464
58.5055 -54.3498
58.5037 -54.4532
58.5019 -54.5565
58.5001 -54.6599
58.4983 -54.7633
58.4965 -54.8667
58.4947 -54.9701
58.4929 -55.0735
58.4911 -55.1768
58.4893 -55.2802
58.4876 -55.3836
58.4858 -55.487
58.484 -55.5904
58.4822 -55.6938
58.4804 -55.7972
58.4786 -55.9006
58.4768 -56.0039
58.475 -56.1073
58.4732 -56.2107
58.4714 -56.3141
58.4696 -56.4175
58.4678 -56.5209
58.466 -56.6243
58.4642 -56.7277
58.4624 -56.8311
58.4606 -56.9345
58.4588 -57.0379
58.457 -57.1413
58.4552 -57.2446
58.4534 -57.348
58.4516 -57.4514
58.4498 -57.5548
58.448 -57.6582
58.4462 -57.7616
58.4444 -57.865
58.4426 -57.9684
58.4409 -58.0718
58.4391 -58.1752
58.4373 -58.2786
58.4355 -58.382
58.4337 -58.4854
58.4319 -58.5888
58.4301 -58.6922
58.4283 -58.7956
58.4265 -58.899
58.4247 -59.0027
58.4229 -59.1066
58.421 -59.2111
58.4192 -59.3158
58.4174 -59.4204
58.4156 -59.5251
58.4138 -59.6298
58.412 -59.7344
58.4102 -59.8391
58.4084 -59.9438
58.4066 -60.0485
58.4048 -60.1532
58.403 -60.2579
58.4012 -60.3626
58.3994 -60.4672
58.3976 -60.5719
58.3958 -60.6766
58.394 -60.7813
58.3922 -60.886
58.3904 -60.9907
58.3885 -61.0954
58.3867 -61.2001
58.3849 -61.3048
58.3831 -61.4096
58.3813 -61.5143
58.3795 -61.619
58.3777 -61.7237
58.3759 -61.8284
58.3741 -61.9331
58.3723 -62.0379
58.3705 -62.1426
58.3686 -62.2473
58.3668 -62.3521
58.365 -62.4568
58.3632 -62.5615
58.3614 -62.6663
58.3596 -62.771
58.3578 -62.8757
58.356 -62.9805
58.3542 -63.0852
58.3523 -63.19
58.3505 -63.2947
58.3487 -63.3995
58.3469 -63.5042
58.3451 -63.609
58.3433 -63.7137
58.3415 -63.8185
58.3397 -63.9233
58.3378 -64.028
58.336 -64.1328
58.3342 -64.2376
58.3324 -64.3423
58.3306 -64.4471
58.3288 -64.5519
58.327 -64.6567
58.3251 -64.7615
58.3233 -64.8662
58.3215 -64.971
58.3197 -65.0758
58.3179 -65.1806
58.3161 -65.2854
58.3143 -65.3902
58.3125 -65.4927
58.3111 -65.5782
58.3097 -65.6637
58.3083 -65.7492
58.3069 -65.8347
58.3055 -65.9202
58.3041 -66.0058
58.3033 -66.073
58.3026 -66.1387
58.3019 -66.204
58.3012 -66.2692
58.3005 -66.3345
58.2998 -66.3997
58.2991 -66.465
58.2984 -66.5303
58.2978 -66.5943
58.298 -66.6521
58.2982 -66.7099
58.2984 -66.7676
58.2986 -66.8254
58.2988 -66.8832
58.2989 -66.941
58.2991 -66.9987
58.2999 -67.0613
58.3008 -67.1255
58.3017 -67.1897
58.3027 -67.2539
58.3036 -67.3181
58.3048 -67.3867
58.306 -67.457
58.3072 -67.5274
58.3085 -67.5977
58.3097 -67.668
58.311 -67.7383
58.3122 -67.8086
58.3135 -67.8789
58.3147 -67.9492
58.316 -68.0195
58.3172 -68.0898
58.3184 -68.1601
58.3197 -68.2305
58.3209 -68.3008
58.3222 -68.3711
58.3234 -68.4414
58.3247 -68.5117
58.3259 -68.582
58.3271 -68.6523
58.3284 -68.7226
58.3296 -68.7929
58.3309 -68.8632
58.3321 -68.9335
58.3333 -69
58.3344 -69
58.3356 -69
58.3367 -69
58.3378 -69
58.3389 -69
58.34 -69
58.3411 -69
58.3422 -69
58.343 -69
58.3439 -69
58.3447 -69
58.3455 -69
58.3463 -69
58.3471 -69
58.3479 -69
58.3488 -69
58.3496 -69
58.3504 -69
58.3512 -69
58.3519 -69
58.3524 -69
58.3528 -69
58.3533 -69
58.3538 -69
58.3542 -69
58.3547 -69
58.3552 -69
58.3556 -69
58.3561 -69
58.3566 -69
58.357 -69
58.3575 -69
58.358 -69
58.3582 -69
58.3584 -69
58.3586 -69
58.3588 -69
58.359 -69
58.3592 -69
58.3593 -69
58.3595 -69
58.3597 -69
58.3599 -69
58.3599 -69
58.3599 -69
58.3599 -69
58.36 -69
58.36 -69
58.36 -69
58.36 -69
58.36 -69
58.3601 -69
58.3601 -69
58.3601 -69
58.3601 -69
58.3601 -69
58.3602 -69
58.3602 -69
58.3602 -69
58.3602 -69
58.3602 -69
58.3602 -69
58.3603 -69
58.3603 -69
58.3603 -69
58.3603 -69
58.3603 -69
58.3603 -69
58.3603 -69
58.3604 -69
58.3604 -69
58.3604 -69
58.3604 -69
58.3604 -69
58.3604 -69
58.3604 -69
58.3605 -69
58.3605 -69
58.3605 -69
58.3605 -69
58.3605 -69
58.3605 -69
58.3605 -69
58.3605 -69
58.3605 -69
58.3605 -69
58.3606 -69
58.3606 -69
58.3606 -69
58.3606 -69
58.3606 -69
58.3606 -69
58.3606 -69
58.3606 -69
58.3606 -69
58.3606 -69
58.3606 -69
58.3606 -69
58.3606 -69
58.3607 -69
58.3607 -69
58.3607 -69
58.3607 -69
58.3607 -69
58.3607 -69
58.3607 -69
58.3607 -69
58.3607 -69
58.3607 -69
58.3607 -69
58.3607 -69
58.3607 -69
58.3607 -69
58.3607 -69
58.3607 -69
58.3607 -69
58.3607 -69
58.3607 -69
58.3607 -69
58.3607 -69
58.3607 -69
58.3607 -69
58.3607 -69
58.3607 -69
58.3607 -69
58.3607 -69
58.3607 -69
58.3607 -69
58.3607 -69
58.3607 -69
58.3607 -69
58.3606 -69
58.3606 -69
58.3606 -69
58.3606 -69
58.3606 -69
58.3606 -69
58.3606 -69
58.3606 -69
58.3606 -69
58.3606 -69
58.3606 -69
58.3606 -69
58.3606 -69
58.3606 -69
58.3605 -69
58.3605 -69
58.3605 -69
58.3605 -69
58.3605 -69
58.3605 -69
58.3605 -69
58.3605 -69
58.3605 -69
58.3604 -69
58.3604 -69
58.3604 -69
58.3604 -69
58.3604 -69
58.3604 -69
58.3604 -69
58.3604 -69
58.3603 -69
58.3603 -69
58.3603 -69
58.3603 -69
58.3603 -69
58.3602 -69
58.3601 -69
58.3601 -69
58.36 -69
58.3599 -69
58.3598 -69
58.3598 -69
58.3597 -69
58.3596 -69
58.3595 -69
58.3595 -69
58.3594 -69
58.3593 -69
58.3592 -69
58.3591 -69
58.3591 -69
58.359 -69
58.3589 -69
58.3588 -69
58.3587 -69
58.3587 -69
58.3586 -69
58.3585 -69
58.3584 -69
58.3583 -69
58.3582 -69
58.3582 -69
58.3581 -69
58.3579 -69
58.3576 -69
58.3573 -69
58.3571 -69
58.3568 -69
58.3565 -69
58.3562 -69
58.356 -69
58.3557 -69
58.3554 -69
58.3552 -69
58.3549 -69
58.3546 -69
58.3543 -69
58.3541 -69
58.3538 -69
58.3535 -69
58.3532 -69
58.353 -69
58.3527 -69
58.3524 -69
58.3521 -69
58.3519 -69
58.3516 -69
58.3513 -69
58.351 -69
58.3508 -69
58.3505 -69
58.3502 -69
58.3499 -69
58.3496 -69
58.3494 -69
58.3491 -69
58.3488 -69
58.3485 -69
58.3482 -69
58.348 -69
58.3477 -69
58.3474 -69
58.3471 -69
58.3468 -69
58.3463 -69
58.3458 -69
58.3453 -69
58.3448 -69
58.3442 -69
58.3437 -69
58.3432 -69
58.3427 -69
58.3422 -69
58.3417 -69
58.3412 -69
58.3407 -69
58.3401 -69
58.3396 -69
58.3391 -69
58.3386 -69
58.3381 -69
58.3376 -69
58.3371 -69
58.3366 -69
58.336 -69
58.3355 -69
58.335 -69
58.3345 -69
58.334 -69
58.3335 -69
58.333 -69
58.3324 -69
58.3319 -69
58.3314 -69
58.3309 -69
58.3304 -69
58.3299 -69
58.3294 -69
58.3288 -69
58.3283 -69
58.3278 -69
58.3273 -69
58.3268 -69
58.3263 -69
58.3257 -69
58.3252 -69
58.3247 -69
58.3242 -69
58.3237 -69
58.3232 -69
58.3226 -69
58.3221 -69
58.3216 -69
58.3211 -69
58.3206 -69
58.3201 -69
58.3195 -69
58.319 -69
58.3185 -69
58.318 -69
58.3175 -69
58.317 -69
58.3164 -69
58.3159 -69
58.3154 -69
58.3148 -69
58.3141 -69
58.3134 -69
58.3127 -69
58.3121 -69
58.3114 -69
58.3107 -69
58.31 -69
58.3093 -69
58.3087 -69
58.308 -69
58.3073 -69
58.3066 -69
58.3059 -69
58.3053 -69
58.3046 -69
58.3039 -69
58.3032 -69
58.3025 -69
58.3019 -69
58.3012 -69
58.3005 -69
58.2998 -69
58.2992 -69
58.2985 -69
58.2978 -69
58.2971 -69
58.2964 -69
58.2958 -69
58.2951 -69
58.2944 -69
58.2937 -69
58.293 -69
58.2923 -69
58.2917 -69
58.291 -69
58.2903 -69
58.2896 -69
58.2889 -69
58.2883 -69
58.2876 -69
58.2869 -69
58.2862 -69
58.2855 -69
58.2849 -69
58.2842 -69
58.2835 -69
58.2828 -69
58.2821 -69
58.2815 -69
58.2808 -69
58.28 -69
58.2792 -69
58.2784 -69
58.2776 -69
58.2768 -69
58.276 -69
58.2752 -69
58.2744 -69
58.2735 -69
58.2727 -69
58.2719 -69
58.2711 -69
58.2703 -69
58.2695 -69
58.2687 -69
58.2679 -69
58.2671 -69
58.2663 -69
58.2655 -69
58.2647 -69
58.2639 -69
58.2631 -69
58.2623 -69
58.2615 -69
58.2607 -69
58.2599 -69
58.2591 -69
58.2583 -69
58.2575 -69
58.2567 -69
58.2559 -69
58.2551 -69
58.2543 -69
58.2535 -69
58.2527 -69
58.2519 -69
58.251 -69
58.2502 -69
58.2494 -69
58.2486 -69
58.2478 -69
58.247 -69
58.2462 -69
58.2454 -69
58.2446 -69
58.2438 -69
58.243 -69
58.2422 -69
58.2414 -69
58.2406 -69
58.2398 -69
58.239 -69
58.2382 -69
58.2374 -69
58.2366 -69
58.2358 -69
58.235 -69
58.2342 -69
58.2334 -69
58.2326 -69
58.2318 -69
58.231 -69
58.2302 -69
58.2294 -69
58.2286 -69
58.2278 -69
58.227 -69
58.2262 -69
58.2254 -69
58.2246 -69
58.2238 -69
58.223 -69
58.2222 -69
58.2214 -69
58.2206 -69
58.2198 -69
58.219 -69
58.2182 -69
58.2174 -69
58.2166 -69
58.2158 -69
58.215 -69
58.2142 -69
58.2134 -69
58.2126 -69
58.2118 -69
58.211 -69
58.2102 -69
58.2094 -69
58.2086 -69
58.2078 -69
58.207 -69
58.2062 -69
58.2054 -69
58.2046 -69
58.2038 -69
58.203 -69
58.2022 -69
58.2014 -69
58.2006 -69
58.1998 -69
58.199 -69
58.1982 -69
58.1974 -69
58.1966 -69
58.1958 -69
58.195 -69
58.1942 -69
58.1934 -69
58.1926 -69
58.1918 -69
58.1911 -69
58.1903 -69
58.1895 -69
58.1887 -69
58.1879 -69
58.1871 -69
58.1863 -69
58.1855 -69
58.1847 -69
58.1839 -69
58.1831 -69
58.1823 -69
58.1815 -69
58.1807 -69
58.1799 -69
58.1791 -69
58.1783 -69
58.1775 -69
58.1767 -69
58.1759 -69
58.1751 -69
58.1743 -69
58.1735 -69
58.1727 -69
58.1719 -69
58.1711 -69
58.1703 -69
58.1695 -69
58.1688 -69
58.168 -69
58.1672 -69
58.1664 -69
58.1656 -69
58.1648 -69
58.164 -69
58.1632 -69
58.1624 -69
58.1616 -69
58.1608 -69
58.16 -69
58.1592 -69
58.1584 -69
58.1576 -69
58.1568 -69
58.156 -69
58.1552 -69
58.1544 -69
58.1537 -69
58.1529 -69
58.1521 -69
58.1513 -69
58.1505 -69
58.1497 -69
58.1489 -69
58.1481 -69
58.1473 -69
58.1465 -69
58.1457 -69
58.1449 -69
58.1441 -69
58.1433 -69
58.1425 -69
58.1418 -69
58.141 -69
58.1402 -69
58.1394 -69
58.1388 -69
58.1381 -69
58.1374 -69
58.1368 -69
58.1361 -69
58.1354 -69
58.1348 -69
58.1341 -69
58.1334 -69
58.1327 -69
58.1321 -69
58.1314 -69
58.1307 -69
58.1301 -69
58.1294 -69
58.1287 -69
58.1281 -69
58.1274 -69
58.1267 -69
58.1261 -69
58.1254 -69
58.1247 -69
58.1241 -69
58.1234 -69
58.1227 -69
58.1221 -69
58.1214 -69
58.1207 -69
58.1201 -69
58.1194 -69
58.1188 -69
58.1181 -69
58.1174 -69
58.1168 -69
58.1161 -69
58.1154 -69
58.1148 -69
58.1141 -69
58.1134 -69
58.1128 -69
58.1121 -69
58.1114 -69
58.1108 -69
58.1101 -69
58.1094 -69
58.1088 -69
58.1081 -69
58.1074 -69
58.1068 -69
58.1061 -69
58.1056 -69
58.1051 -69
58.1046 -69
58.1041 -69
58.1036 -69
58.1031 -69
58.1026 -69
58.1021 -69
58.1016 -69
58.1011 -69
58.1006 -69
58.1001 -69
58.0996 -69
58.0991 -69
58.0986 -69
58.0981 -69
58.0976 -69
58.0971 -69
58.0966 -69
58.0961 -69
58.0956 -69
58.0951 -69
58.0946 -69
58.0941 -69
58.0936 -69
58.0931 -69
58.0926 -69
58.0921 -69
58.0916 -69
58.0911 -69
58.0906 -69
58.0901 -69
58.0896 -69
58.0892 -69
58.0887 -69
58.0882 -69
58.0877 -69
58.0872 -69
58.0867 -69
58.0862 -69
58.0857 -69
58.0852 -69
58.0847 -69
58.0842 -69
58.0837 -69
58.0832 -69
58.0827 -69
58.0822 -69
58.0817 -69
58.0812 -69
58.0807 -69
58.0802 -69
58.0797 -69
58.0792 -69
58.0787 -69
58.0782 -69
58.0777 -69
58.0772 -69
58.0767 -69
58.0762 -69
58.0758 -69
58.0753 -69
58.075 -69
58.0748 -69
58.0745 -69
58.0743 -69
58.074 -69
58.0737 -69
58.0735 -69
58.0732 -69
58.0729 -69
58.0727 -69
58.0724 -69
58.0722 -69
58.0719 -69
58.0716 -69
58.0714 -69
58.0711 -69
58.0709 -69
58.0706 -69
58.0703 -69
58.0701 -69
58.0698 -69
58.0696 -69
58.0693 -69
58.069 -69
58.0688 -69
58.0685 -69
58.0683 -69
58.068 -69
58.0678 -69
58.0675 -69
58.0672 -69
58.067 -69
58.0667 -69
58.0665 -69
58.0662 -69
58.0659 -69
58.0657 -69
58.0654 -69
58.0652 -69
58.0649 -69
58.0646 -69
58.0644 -69
58.0644 -69
58.0643 -69
58.0642 -69
58.0642 -69
58.0641 -69
58.064 -69
58.0639 -69
58.0639 -69
58.0638 -69
58.0637 -69
58.0637 -69
58.0636 -69
58.0635 -69
58.0634 -69
58.0634 -69
58.0633 -69
58.0632 -69
58.0631 -69
58.0631 -69
58.063 -69
58.0629 -69
58.0629 -69
58.0628 -69
58.0627 -69
58.0627 -69
58.0626 -69
58.0625 -69
58.0624 -69
58.0624 -69
58.0623 -69
58.0623 -69
58.0623 -69
58.0623 -69
58.0623 -69
58.0623 -69
58.0623 -69
58.0622 -69
58.0622 -69
58.0622 -69
58.0622 -69
58.0622 -69
58.0622 -69
58.0622 -69
58.0622 -69
58.0621 -69
58.0621 -69
58.0621 -69
58.0621 -69
58.0621 -69
58.0621 -69
58.0621 -69
58.0621 -69
58.062 -69
58.062 -69
58.062 -69
58.062 -69
58.062 -69
58.062 -69
58.062 -69
58.062 -69
58.062 -69
58.0619 -69
58.0619 -69
58.0619 -69
58.0619 -69
58.0619 -69
58.0619 -69
58.0619 -69
58.0619 -69
58.0619 -69
58.0618 -69
58.0618 -69
58.0618 -69
58.0618 -69
58.0618 -69
58.0618 -69
58.0618 -69
58.0618 -69
58.0618 -69
58.0617 -69
58.0617 -69
58.0617 -69
58.0617 -69
58.0617 -69
58.0617 -69
58.0617 -69
58.0617 -69
58.0617 -69
58.0617 -69
58.0616 -69
58.0616 -69
58.0616 -69
58.0616 -69
58.0616 -69
58.0616 -69
58.0616 -69
58.0616 -69
58.0616 -69
58.0616 -69
58.0616 -69
58.0616 -69
58.0615 -69
58.0615 -69
58.0615 -69
58.0615 -69
58.0615 -69
58.0615 -69
58.0615 -69
58.0615 -69
58.0615 -69
58.0615 -69
58.0615 -69
58.0615 -69
58.0614 -69
58.0614 -69
58.0614 -69
58.0614 -69
58.0614 -69
58.0614 -69
58.0614 -69
58.0614 -69
58.0614 -69
58.0614 -69
58.0614 -69
58.0614 -69
58.0614 -69
58.0613 -69
58.0613 -69
58.0613 -69
58.0613 -69
58.0613 -69
58.0613 -69
58.0613 -69
58.0613 -69
58.0613 -69
58.0613 -69
58.0613 -69
58.0613 -69
58.0613 -69
58.0613 -69
58.0613 -69
58.0613 -69
58.0612 -69
58.0612 -69
58.0612 -69
58.0612 -69
58.0612 -69
58.0612 -69
58.0612 -69
58.0612 -69
58.0612 -69
58.0612 -69
58.0612 -69
58.0612 -69
58.0612 -69
58.0612 -69
58.0612 -69
58.0612 -69
58.0612 -69
58.0612 -69
58.0612 -69
58.0612 -69
58.0611 -69
58.0611 -69
58.0611 -69
58.0611 -69
58.0611 -69
58.0611 -69
58.0611 -69
58.0611 -69
58.0611 -69
58.0611 -69
58.0611 -69
58.0611 -69
58.0611 -69
58.0611 -69
58.0611 -69
58.0611 -69
58.0611 -69
58.0611 -69
58.0611 -69
58.0611 -69
58.0611 -69
58.0611 -69
58.0611 -69
58.0611 -69
58.0611 -69
58.0611 -69
58.0611 -69
58.0611 -69
58.0611 -69
58.0611 -69
58.061 -69
58.061 -69
58.061 -69
58.061 -69
58.061 -69
58.061 -69
58.061 -69
58.061 -69
58.061 -69
58.061 -69
58.061 -69
58.061 -69
58.061 -69
58.061 -69
58.061 -69
58.061 -69
58.061 -69
58.061 -69
58.061 -69
58.061 -69
58.061 -69
58.061 -69
58.061 -69
58.061 -69
58.061 -69
58.061 -69
58.061 -69
58.061 -69
58.061 -69
58.061 -69
58.061 -69
58.061 -69
58.061 -69
58.061 -69
58.061 -69
58.061 -69
58.061 -69
58.061 -69
58.061 -69
58.061 -69
58.061 -69
58.061 -69
58.061 -69
58.061 -69
58.061 -69
58.061 -69
58.061 -69
58.061 -69
58.061 -69
58.061 -69
58.061 -69
58.061 -69
58.061 -69
58.061 -69
58.061 -69
58.061 -69
58.061 -69
58.061 -69
58.061 -69
58.061 -69
58.061 -69
58.061 -69
58.061 -69
58.061 -69
58.061 -69
58.061 -69
58.061 -69
58.0611 -69
58.0611 -69
58.0611 -69
58.0611 -69
58.0611 -69
58.0611 -69
58.0611 -69
58.0611 -69
58.0611 -69
58.0611 -69
58.0611 -69
58.0611 -69
58.0611 -69
58.0611 -69
58.0611 -69
58.0611 -69
58.0611 -69
58.0611 -69
58.0611 -69
58.0611 -69
58.0611 -69
58.0611 -69
58.0611 -69
58.0611 -69
58.0611 -69
58.0611 -69
58.0611 -69
58.0611 -69
58.0611 -69
58.0611 -69
58.0612 -69
58.0612 -69
58.0612 -69
58.0612 -69
58.0612 -69
58.0612 -69
58.0612 -69
58.0612 -69
58.0612 -69
58.0612 -69
58.0612 -69
58.0612 -69
58.0612 -69
58.0612 -69
58.0612 -69
58.0612 -69
58.0612 -69
58.0612 -69
58.0612 -69
58.0612 -69
58.0613 -69
58.0613 -69
58.0613 -69
58.0613 -69
58.0613 -69
58.0613 -69
58.0613 -69
58.0613 -69
58.0613 -69
58.0613 -69
58.0613 -69
58.0613 -69
58.0613 -69
58.0613 -69
58.0613 -69
58.0613 -69
58.0614 -69
58.0614 -69
58.0614 -69
58.0614 -69
58.0614 -69
58.0614 -69
58.0614 -69
58.0614 -69
58.0614 -69
58.0614 -69
58.0614 -69
58.0614 -69
58.0614 -69
58.0615 -69
58.0615 -69
58.0615 -69
58.0615 -69
58.0615 -69
58.0615 -69
58.0615 -69
58.0615 -69
58.0615 -69
58.0615 -69
58.0615 -69
58.0615 -69
58.0616 -69
58.0616 -69
58.0616 -69
58.0616 -69
58.0616 -69
58.0616 -69
58.0616 -69
58.0616 -69
58.0616 -69
58.0616 -69
58.0616 -69
58.0616 -69
58.0617 -69
58.0617 -69
58.0617 -69
58.0617 -69
58.0617 -69
58.0617 -69
58.0617 -69
58.0617 -69
58.0617 -69
58.0617 -69
58.0618 -69
58.0618 -69
58.0618 -69
58.0618 -69
58.0618 -69
58.0618 -69
58.0618 -69
58.0618 -69
58.0618 -69
58.0619 -69
58.0619 -69
58.0619 -69
58.0619 -69
58.0619 -69
58.0619 -69
58.0619 -69
58.0619 -69
58.0619 -69
58.062 -69
58.062 -69
58.062 -69
58.062 -69
58.062 -69
58.062 -69
58.062 -69
58.062 -69
58.062 -69
58.0621 -69
58.0621 -69
58.0621 -69
58.0621 -69
58.0621 -69
58.0621 -69
58.0621 -69
58.0621 -69
58.0622 -69
58.0622 -69
58.0622 -69
58.0622 -69
58.0622 -69
58.0622 -69
58.0622 -69
58.0622 -69
58.0623 -69
58.0623 -69
58.0623 -69
58.0623 -69
58.0623 -69
58.0623 -69
58.0623 -69
58.0624 -69
58.0624 -69
58.0624 -69
58.0624 -69
58.0624 -69
58.0624 -69
58.0624 -69
58.0624 -69
58.0625 -69
58.0625 -69
58.0625 -69
58.0625 -69
58.0625 -69
58.0625 -69
58.0625 -69
58.0626 -69
58.0626 -69
58.0626 -69
58.0626 -69
58.0626 -69
58.0626 -69
58.0627 -69
58.0627 -69
58.0627 -69
58.0627 -69
58.0627 -69
58.0627 -69
58.0627 -69
58.0628 -69
58.0628 -69
58.0628 -69
58.0628 -69
58.0628 -69
58.0628 -69
58.0629 -69
58.0629 -69
58.0629 -69
58.0629 -69
58.0629 -69
58.0629 -69
58.0629 -69
58.063 -69
58.063 -69
58.063 -69
58.063 -69
58.063 -69
58.063 -69
58.0631 -69
58.0631 -69
58.0631 -69
58.0631 -69
58.0631 -69
58.0632 -69
58.0632 -69
58.0632 -69
58.0632 -69
58.0632 -69
58.0632 -69
58.0633 -69
58.0633 -69
58.0633 -69
58.0633 -69
58.0633 -69
58.0633 -69
58.0634 -69
58.0634 -69
58.0634 -69
58.0634 -69
58.0634 -69
58.0635 -69
58.0635 -69
58.0635 -69
58.0635 -69
58.0635 -69
58.0635 -69
58.0636 -69
58.0636 -69
58.0636 -69
58.0636 -69
58.0636 -69
58.0637 -69
58.0637 -69
58.0637 -69
58.0637 -69
58.0637 -69
58.0638 -69
58.0638 -69
58.0638 -69
58.0638 -69
58.0638 -69
58.0639 -69
58.0639 -69
58.0639 -69
58.0639 -69
58.0639 -69
58.064 -69
58.064 -69
58.064 -69
58.064 -69
58.064 -69
58.0641 -69
58.0641 -69
58.0641 -69
58.0641 -69
58.0641 -69
58.0642 -69
58.0642 -69
58.0642 -69
58.0642 -69
58.0642 -69
58.0643 -69
58.0643 -69
58.0643 -69
58.0643 -69
58.0643 -69
58.0644 -69
58.0644 -69
58.0644 -69
58.0644 -69
58.0645 -69
58.0645 -69
58.0645 -69
58.0645 -69
58.0645 -69
58.0646 -69
58.0646 -69
58.0646 -69
58.0646 -69
58.0647 -69
58.0647 -69
58.0647 -69
58.0647 -69
58.0647 -69
58.0648 -69
58.0648 -69
58.0648 -69
58.0648 -69
58.0649 -69
58.0649 -69
58.0649 -69
58.0649 -69
58.065 -69
58.065 -69
58.065 -69
58.065 -69
58.065 -69
58.0651 -69
58.0651 -69
58.0651 -69
58.0651 -69
58.0652 -69
58.0652 -69
58.0652 -69
58.0652 -69
58.0653 -69
58.0653 -69
58.0653 -69
58.0653 -69
58.0654 -69
58.0654 -69
58.0654 -69
58.0654 -69
58.0655 -69
58.0655 -69
58.0655 -69
58.0655 -69
58.0656 -69
58.0656 -69
58.0656 -69
58.0656 -69
58.0657 -69
58.0657 -69
58.0657 -69
58.0657 -69
58.0658 -69
58.0658 -69
58.0658 -69
58.0658 -69
58.0659 -69
58.0659 -69
58.0659 -69
58.0659 -69
58.066 -69
58.066 -69
58.066 -69
58.066 -69
58.0661 -69
58.0661 -69
58.0661 -69
58.0661 -69
58.0662 -69
58.0662 -69
58.0662 -69
58.0663 -69
58.0663 -69
58.0663 -69
58.0663 -69
58.0664 -69
58.0664 -69
58.0664 -69
58.0664 -69
58.0665 -69
58.0665 -69
58.0665 -69
58.0666 -69
58.0666 -69
58.0666 -69
58.0666 -69
58.0667 -69
58.0667 -69
58.0667 -69
58.0668 -69
58.0668 -69
58.0668 -69
58.0668 -69
58.0669 -69
58.0669 -69
58.0669 -69
58.067 -69
58.067 -69
58.067 -69
58.067 -69
58.0671 -69
58.0671 -69
58.0671 -69
58.0672 -69
58.0672 -69
58.0672 -69
58.0672 -69
58.0673 -69
58.0673 -69
58.0673 -69
58.0674 -69
58.0674 -69
58.0674 -69
58.0674 -69
58.0675 -69
58.0675 -69
58.0675 -69
58.0676 -69
58.0676 -69
58.0676 -69
58.0677 -69
58.0677 -69
58.0677 -69
58.0677 -69
58.0678 -69
58.0678 -69
58.0678 -69
58.0679 -69
58.0679 -69
58.0679 -69
58.068 -69
58.068 -69
58.068 -69
58.0681 -69
58.0681 -69
58.0681 -69
58.0682 -69
58.0682 -69
58.0682 -69
58.0682 -69
58.0683 -69
58.0683 -69
58.0683 -69
58.0684 -69
58.0684 -69
58.0684 -69
58.0685 -69
58.0685 -69
58.0685 -69
58.0686 -69
58.0686 -69
58.0686 -69
58.0687 -69
58.0687 -69
58.0687 -69
58.0688 -69
58.0688 -69
58.0688 -69
58.0689 -69
58.0689 -69
58.0689 -69
58.069 -69
58.069 -69
58.069 -69
58.0691 -69
58.0691 -69
58.0691 -69
58.0692 -69
58.0692 -69
58.0692 -69
58.0693 -69
58.0693 -69
58.0693 -69
58.0694 -69
58.0694 -69
58.0694 -69
58.0695 -69
58.0695 -69
58.0695 -69
58.0696 -69
58.0696 -69
58.0696 -69
58.0697 -69
58.0697 -69
58.0697 -69
58.0698 -69
58.0698 -69
58.0698 -69
58.0699 -69
58.0699 -69
58.0699 -69
58.07 -69
58.07 -69
58.0701 -69
58.0701 -69
58.0701 -69
58.0702 -69
58.0702 -69
58.0702 -69
58.0703 -69
58.0703 -69
58.0703 -69
58.0704 -69
58.0704 -69
58.0704 -69
58.0705 -69
58.0705 -69
58.0706 -69
58.0706 -69
58.0706 -69
58.0707 -69
58.0707 -69
58.0707 -69
58.0708 -69
58.0708 -69
58.0708 -69
58.0709 -69
58.0709 -69
58.071 -69
58.071 -69
58.071 -69
58.0711 -69
58.0711 -69
58.0711 -69
58.0712 -69
58.0712 -69
58.0713 -69
58.0713 -69
58.0713 -69
58.0714 -69
58.0714 -69
58.0714 -69
58.0715 -69
58.0715 -69
58.0716 -69
58.0716 -69
58.0716 -69
58.0717 -69
58.0717 -69
58.0717 -69
58.0718 -69
58.0718 -69
58.0719 -69
58.0719 -69
58.0719 -69
58.072 -69
58.072 -69
58.0721 -69
58.0721 -69
58.0721 -69
58.0722 -69
58.0722 -69
58.0723 -69
58.0723 -69
58.0723 -69
58.0724 -69
58.0724 -69
58.0725 -69
58.0725 -69
58.0725 -69
58.0726 -69
58.0726 -69
58.0727 -69
58.0727 -69
58.0727 -69
58.0728 -69
58.0728 -69
58.0729 -69
58.0729 -69
58.0729 -69
58.073 -69
58.073 -69
58.0731 -69
58.0731 -69
58.0731 -69
58.0732 -69
58.0732 -69
58.0733 -69
58.0733 -69
58.0733 -69
58.0734 -69
58.0734 -69
58.0735 -69
58.0735 -69
58.0735 -69
58.0736 -69
58.0736 -69
58.0737 -69
58.0737 -69
58.0738 -69
58.0738 -69
58.0738 -69
58.0739 -69
58.0739 -69
58.074 -69
58.074 -69
58.0741 -69
58.0741 -69
58.0741 -69
58.0742 -69
58.0742 -69
58.0743 -69
58.0743 -69
58.0744 -69
58.0744 -69
58.0744 -69
58.0745 -69
58.0745 -69
58.0746 -69
58.0746 -69
58.0747 -69
58.0747 -69
58.0747 -69
58.0748 -69
58.0748 -69
58.0749 -69
58.0749 -69
58.075 -69
58.075 -69
58.075 -69
58.0751 -69
58.0751 -69
58.0752 -69
58.0752 -69
58.0753 -69
58.0753 -69
58.0754 -69
58.0754 -69
58.0754 -69
58.0755 -69
58.0755 -69
58.0756 -69
58.0756 -69
58.0757 -69
58.0757 -69
58.0758 -69
58.0758 -69
58.0758 -69
58.0759 -69
58.0759 -69
58.076 -69
58.076 -69
58.0761 -69
58.0761 -69
58.0762 -69
58.0762 -69
58.0763 -69
58.0763 -69
58.0764 -69
58.0764 -69
58.0764 -69
58.0765 -69
58.0765 -69
58.0766 -69
58.0766 -69
58.0767 -69
58.0767 -69
58.0768 -69
58.0768 -69
58.0769 -69
58.0769 -69
58.077 -69
58.077 -69
58.077 -69
58.0771 -69
58.0771 -69
58.0772 -69
58.0772 -69
58.0773 -69
58.0773 -69
58.0774 -69
58.0774 -69
58.0775 -69
58.0775 -69
58.0776 -69
58.0776 -69
58.0777 -69
58.0777 -69
58.0778 -69
58.0778 -69
58.0779 -69
58.0779 -69
58.078 -69
58.078 -69
58.0781 -69
58.0781 -69
58.0781 -69
58.0782 -69
58.0782 -69
58.0783 -69
58.0783 -69
58.0784 -69
58.0784 -69
58.0785 -69
58.0785 -69
58.0786 -69
58.0786 -69
58.0787 -69
58.0787 -69
58.0788 -69
58.0788 -69
58.0789 -69
58.0789 -69
58.079 -69
58.079 -69
58.0791 -69
58.0791 -69
58.0792 -69
58.0792 -69
58.0793 -69
58.0793 -69
58.0794 -69
58.0794 -69
58.0795 -69
58.0795 -69
58.0796 -69
58.0796 -69
58.0797 -69
58.0797 -69
58.0798 -69
58.0798 -69
58.0799 -69
58.0799 -69
58.08 -69
58.08 -69
58.0801 -69
58.0801 -69
58.0802 -69
58.0803 -69
58.0803 -69
58.0804 -69
58.0804 -69
58.0805 -69
58.0805 -69
58.0806 -69
58.0806 -69
58.0807 -69
58.0807 -69
58.0808 -69
58.0808 -69
58.0809 -69
58.0809 -69
58.081 -69
58.081 -69
58.0811 -69
58.0811 -69
58.0812 -69
58.0812 -69
58.0813 -69
58.0813 -69
58.0814 -69
58.0815 -69
58.0815 -69
58.0816 -69
58.0816 -69
58.0817 -69
58.0817 -69
58.0818 -69
58.0818 -69
58.0819 -69
58.0819 -69
58.082 -69
58.082 -69
58.0821 -69
58.0821 -69
58.0822 -69
58.0823 -69
58.0823 -69
58.0824 -69
58.0824 -69
58.0825 -69
58.0825 -69
58.0826 -69
58.0826 -69
58.0827 -69
58.0827 -69
58.0828 -69
58.0829 -69
58.0829 -69
58.083 -69
58.083 -69
58.0831 -69
58.0831 -69
58.0832 -69
58.0832 -69
58.0833 -69
58.0834 -69
58.0834 -69
58.0835 -69
58.0835 -69
58.0836 -69
58.0836 -69
58.0837 -69
58.0837 -69
58.0838 -69
58.0839 -69
58.0839 -69
58.084 -69
58.084 -69
58.0841 -69
58.0841 -69
58.0842 -69
58.0843 -69
58.0843 -69
58.0844 -69
58.0844 -69
58.0845 -69
58.0845 -69
58.0846 -69
58.0846 -69
58.0847 -69
58.0848 -69
58.0848 -69
58.0849 -69
58.0849 -69
58.085 -69
58.0851 -69
58.0851 -69
58.0852 -69
58.0852 -69
58.0853 -69
58.0853 -69
58.0854 -69
58.0855 -69
58.0855 -69
58.0856 -69
58.0856 -69
58.0857 -69
58.0857 -69
58.0858 -69
58.0859 -69
58.0859 -69
58.086 -69
58.086 -69
58.0861 -69
58.0862 -69
58.0862 -69
58.0863 -69
58.0863 -69
58.0864 -69
58.0865 -69
58.0865 -69
58.0866 -69
58.0866 -69
58.0867 -69
58.0867 -69
58.0868 -69
58.0869 -69
58.0869 -69
58.087 -69
58.087 -69
58.0871 -69
58.0872 -69
58.0872 -69
58.0873 -69
58.0873 -69
58.0874 -69
58.0875 -69
58.0875 -69
58.0876 -69
58.0877 -69
58.0877 -69
58.0878 -69
58.0878 -69
58.0879 -69
58.088 -69
58.088 -69
58.0881 -69
58.0881 -69
58.0882 -69
58.0883 -69
58.0883 -69
58.0884 -69
58.0884 -69
58.0885 -69
58.0886 -69
58.0886 -69
58.0887 -69
58.0888 -69
58.0888 -69
58.0889 -69
58.0889 -69
58.089 -69
58.0891 -69
58.0891 -69
58.0892 -69
58.0893 -69
58.0893 -69
58.0894 -69
58.0894 -69
58.0895 -69
58.0896 -69
58.0896 -69
58.0897 -69
58.0898 -69
58.0898 -69
58.0899 -69
58.0899 -69
58.09 -69
58.0901 -69
58.0901 -69
58.0902 -69
58.0903 -69
58.0903 -69
58.0904 -69
58.0904 -69
58.0905 -69
58.0906 -69
58.0906 -69
58.0907 -69
58.0908 -69
58.0908 -69
58.0909 -69
58.091 -69
58.091 -69
58.0911 -69
58.0912 -69
58.0912 -69
58.0913 -69
58.0913 -69
58.0914 -69
58.0915 -69
58.0915 -69
58.0916 -69
58.0917 -69
58.0917 -69
58.0918 -69
58.0919 -69
58.0919 -69
58.092 -69
58.0921 -69
58.0921 -69
58.0922 -69
58.0923 -69
58.0923 -69
58.0924 -69
58.0925 -69
58.0925 -69
58.0926 -69
58.0927 -69
58.0927 -69
58.0928 -69
58.0929 -69
58.0929 -69
58.093 -69
58.0931 -69
58.0931 -69
58.0932 -69
58.0933 -69
58.0933 -69
58.0934 -69
58.0935 -69
58.0935 -69
58.0936 -69
58.0937 -69
58.0937 -69
58.0938 -69
58.0939 -69
58.0939 -69
58.094 -69
58.0941 -69
58.0941 -69
58.0942 -69
58.0943 -69
58.0943 -69
58.0944 -69
58.0945 -69
58.0945 -69
58.0946 -69
58.0947 -69
58.0947 -69
58.0948 -69
58.0949 -69
58.0949 -69
58.095 -69
58.0951 -69
58.0951 -69
58.0952 -69
58.0953 -69
58.0954 -69
58.0954 -69
58.0955 -69
58.0956 -69
58.0956 -69
58.0957 -69
58.0958 -69
58.0958 -69
58.0959 -69
58.096 -69
58.096 -69
58.0961 -69
58.0962 -69
58.0963 -69
58.0963 -69
58.0964 -69
58.0965 -69
58.0965 -69
58.0966 -69
58.0967 -69
58.0967 -69
58.0968 -69
58.0969 -69
58.097 -69
58.097 -69
58.0971 -69
58.0972 -69
58.0972 -69
58.0973 -69
58.0974 -69
58.0974 -69
58.0975 -69
58.0976 -69
58.0977 -69
58.0977 -69
58.0978 -69
58.0979 -69
58.0979 -69
58.098 -69
58.0981 -69
58.0982 -69
58.0982 -69
58.0983 -69
58.0984 -69
58.0984 -69
58.0985 -69
58.0986 -69
58.0987 -69
58.0987 -69
58.0988 -69
58.0989 -69
58.099 -69
58.099 -69
58.0991 -69
58.0992 -69
58.0992 -69
58.0993 -69
58.0994 -69
58.0995 -69
58.0995 -69
58.0996 -69
58.0997 -69
58.0998 -69
58.0998 -69
58.0999 -69
58.1 -69
58.1 -69
58.1001 -69
58.1002 -69
58.1003 -69
58.1003 -69
58.1004 -69
58.1005 -69
58.1006 -69
58.1006 -69
58.1007 -69
58.1008 -69
58.1009 -69
58.1009 -69
58.101 -69
58.1011 -69
58.1012 -69
58.1012 -69
58.1013 -69
58.1014 -69
58.1015 -69
58.1015 -69
58.1016 -69
58.1017 -69
58.1018 -69
58.1018 -69
58.1019 -69
58.102 -69
58.1021 -69
58.1021 -69
58.1022 -69
58.1023 -69
58.1024 -69
58.1024 -69
58.1025 -69
58.1026 -69
58.1027 -69
58.1027 -69
58.1028 -69
58.1029 -69
58.103 -69
58.103 -69
58.1031 -69
58.1032 -69
58.1033 -69
58.1033 -69
58.1034 -69
58.1035 -69
58.1036 -69
58.1036 -69
58.1037 -69
58.1038 -69
58.1039 -69
58.104 -69
58.104 -69
58.1041 -69
58.1042 -69
58.1043 -69
58.1043 -69
58.1044 -69
58.1045 -69
58.1046 -69
58.1047 -69
58.1047 -69
58.1048 -69
58.1049 -69
58.105 -69
58.105 -69
58.1051 -69
58.1052 -69
58.1053 -69
58.1054 -69
58.1054 -69
58.1055 -69
58.1056 -69
58.1057 -69
58.1057 -69
58.1058 -69
58.1059 -69
58.106 -69
58.1061 -69
58.1061 -69
58.1062 -69
58.1063 -69
58.1064 -69
58.1065 -69
58.1065 -69
58.1066 -69
58.1067 -69
58.1068 -69
58.1069 -69
58.1069 -69
58.107 -69
58.1071 -69
58.1072 -69
58.1073 -69
58.1073 -69
58.1074 -69
58.1075 -69
58.1076 -69
58.1077 -69
58.1077 -69
58.1078 -69
58.1079 -69
58.108 -69
58.1081 -69
58.1081 -69
58.1082 -69
58.1083 -69
58.1084 -69
58.1085 -69
58.1085 -69
58.1086 -69
58.1087 -69
58.1088 -69
58.1089 -69
58.1089 -69
58.109 -69
58.1091 -69
58.1092 -69
58.1093 -69
58.1094 -69
58.1094 -69
58.1095 -69
58.1096 -69
58.1097 -69
58.1098 -69
58.1098 -69
58.1099 -69
58.11 -69
58.1101 -69
58.1102 -69
58.1103 -69
58.1103 -69
58.1104 -69
58.1105 -69
58.1106 -69
58.1107 -69
58.1107 -69
58.1108 -69
58.1109 -69
58.111 -69
58.1111 -69
58.1112 -69
58.1112 -69
58.1113 -69
58.1114 -69
58.1115 -69
58.1116 -69
58.1117 -69
58.1117 -69
58.1118 -69
58.1119 -69
58.112 -69
58.1121 -69
58.1122 -69
58.1123 -69
58.1123 -69
58.1124 -69
58.1125 -69
58.1126 -69
58.1127 -69
58.1128 -69
58.1128 -69
58.1129 -69
58.113 -69
58.1131 -69
58.1132 -69
58.1133 -69
58.1134 -69
58.1134 -69
58.1135 -69
58.1136 -69
58.1137 -69
58.1138 -69
58.1139 -69
58.1139 -69
58.114 -69
58.1141 -69
58.1142 -69
58.1143 -69
58.1144 -69
58.1145 -69
58.1145 -69
58.1146 -69
58.1147 -69
58.1148 -69
58.1149 -69
58.115 -69
58.1151 -69
58.1152 -69
58.1152 -69
58.1153 -69
58.1154 -69
58.1155 -69
58.1156 -69
58.1157 -69
58.1158 -69
58.1158 -69
58.1159 -69
58.116 -69
58.1161 -69
58.1162 -69
58.1163 -69
58.1164 -69
58.1165 -69
58.1165 -69
58.1166 -69
58.1167 -69
58.1168 -69
58.1169 -69
58.117 -69
58.1171 -69
58.1172 -69
58.1172 -69
58.1173 -69
58.1174 -69
58.1175 -69
58.1176 -69
58.1177 -69
58.1178 -69
58.1179 -69
58.118 -69
58.118 -69
58.1181 -69
58.1182 -69
58.1183 -69
58.1184 -69
58.1185 -69
58.1186 -69
58.1187 -69
58.1188 -69
58.1188 -69
58.1189 -69
58.119 -69
58.1191 -69
58.1192 -69
58.1193 -69
58.1194 -69
58.1195 -69
58.1196 -69
58.1197 -69
58.1197 -69
58.1198 -69
58.1199 -69
58.12 -69
58.1201 -69
58.1202 -69
58.1203 -69
58.1204 -69
58.1205 -69
58.1206 -69
58.1206 -69
58.1207 -69
58.1208 -69
58.1209 -69
58.121 -69
58.1211 -69
58.1212 -69
58.1213 -69
58.1214 -69
58.1215 -69
58.1216 -69
58.1216 -69
58.1217 -69
58.1218 -69
58.1219 -69
58.122 -69
58.1221 -69
58.1222 -69
58.1223 -69
58.1224 -69
58.1225 -69
58.1226 -69
58.1227 -69
58.1227 -69
58.1228 -69
58.1229 -69
58.123 -69
58.1231 -69
58.1232 -69
58.1233 -69
58.1234 -69
58.1235 -69
58.1236 -69
58.1237 -69
58.1238 -69
58.1239 -69
58.124 -69
58.124 -69
58.1241 -69
58.1242 -69
58.1243 -69
58.1244 -69
58.1245 -69
58.1246 -69
58.1247 -69
58.1248 -69
58.1249 -69
58.125 -69
58.1251 -69
58.1252 -69
58.1253 -69
58.1254 -69
58.1255 -69
58.1256 -69
58.1256 -69
58.1257 -69
58.1258 -69
58.1259 -69
58.126 -69
58.1261 -69
58.1262 -69
58.1263 -69
58.1264 -69
58.1265 -69
58.1266 -69
58.1267 -69
58.1268 -69
58.1269 -69
58.127 -69
58.1271 -69
58.1272 -69
58.1273 -69
58.1274 -69
58.1275 -69
58.1275 -69
58.1276 -69
58.1277 -69
58.1278 -69
58.1279 -69
58.128 -69
58.1281 -69
58.1282 -69
58.1283 -69
58.1284 -69
58.1285 -69
58.1286 -69
58.1287 -69
58.1288 -69
58.1289 -69
58.129 -69
58.1291 -69
58.1292 -69
58.1293 -69
58.1294 -69
58.1295 -69
58.1296 -69
58.1297 -69
58.1298 -69
58.1299 -69
58.13 -69
58.1301 -69
58.1302 -69
58.1303 -69
58.1304 -69
58.1305 -69
58.1306 -69
58.1307 -69
58.1308 -69
58.1308 -69
58.1309 -69
58.131 -69
58.1311 -69
58.1312 -69
58.1313 -69
58.1314 -69
58.1315 -69
58.1316 -69
58.1317 -69
58.1318 -69
58.1319 -69
58.132 -69
58.1321 -69
58.1322 -69
58.1323 -69
58.1324 -69
58.1325 -69
58.1326 -69
58.1327 -69
58.1328 -69
58.1329 -69
58.133 -69
58.1331 -69
58.1332 -69
58.1333 -69
58.1334 -69
58.1335 -69
58.1336 -69
58.1337 -69
58.1338 -69
58.1339 -69
58.134 -69
58.1341 -69
58.1342 -69
58.1343 -69
58.1344 -69
58.1345 -69
58.1346 -69
58.1347 -69
58.1348 -69
58.1349 -69
58.135 -69
58.1351 -69
58.1352 -69
58.1353 -69
58.1354 -69
58.1355 -69
58.1356 -69
58.1357 -69
58.1358 -69
58.1359 -69
58.136 -69
58.1362 -69
58.1363 -69
58.1364 -69
58.1365 -69
58.1366 -69
58.1367 -69
58.1368 -69
58.1369 -69
58.137 -69
58.1371 -69
58.1372 -69
58.1373 -69
58.1374 -69
58.1375 -69
58.1376 -69
58.1377 -69
58.1378 -69
58.1379 -69
58.138 -69
58.1381 -69
58.1382 -69
58.1383 -69
58.1384 -69
58.1385 -69
58.1386 -69
58.1387 -69
58.1388 -69
58.1389 -69
58.139 -69
58.1391 -69
58.1392 -69
58.1393 -69
58.1394 -69
58.1396 -69
58.1397 -69
58.1398 -69
58.1399 -69
58.14 -69
58.1401 -69
58.1402 -69
58.1403 -69
58.1404 -69
58.1405 -69
58.1406 -69
58.1407 -69
58.1408 -69
58.1409 -69
58.141 -69
58.1411 -69
58.1412 -69
58.1413 -69
58.1414 -69
58.1415 -69
58.1416 -69
58.1418 -69
58.1419 -69
58.142 -69
58.1421 -69
58.1422 -69
58.1423 -69
58.1424 -69
58.1425 -69
58.1426 -69
58.1427 -69
58.1428 -69
58.1429 -69
58.143 -69
58.1431 -69
58.1432 -69
58.1433 -69
58.1435 -69
58.1436 -69
58.1437 -69
58.1438 -69
58.1439 -69
58.144 -69
58.1441 -69
58.1442 -69
58.1443 -69
58.1444 -69
58.1445 -69
58.1446 -69
58.1447 -69
58.1448 -69
58.145 -69
58.1451 -69
58.1452 -69
58.1453 -69
58.1454 -69
58.1455 -69
58.1456 -69
58.1457 -69
58.1458 -69
58.1459 -69
58.146 -69
58.1461 -69
58.1463 -69
58.1464 -69
58.1465 -69
58.1466 -69
58.1467 -69
58.1468 -69
58.1469 -69
58.147 -69
58.1471 -69
58.1472 -69
58.1473 -69
58.1475 -69
58.1476 -69
58.1477 -69
58.1478 -69
58.1479 -69
58.148 -69
58.1481 -69
58.1482 -69
58.1483 -69
58.1484 -69
58.1485 -69
58.1487 -69
58.1488 -69
58.1489 -69
58.149 -69
58.1491 -69
58.1492 -69
58.1493 -69
58.1494 -69
58.1495 -69
58.1497 -69
58.1498 -69
58.1499 -69
58.15 -69
58.1501 -69
58.1502 -69
58.1503 -69
58.1504 -69
58.1505 -69
58.1507 -69
58.1508 -69
58.1509 -69
58.151 -69
58.1511 -69
58.1512 -69
58.1513 -69
58.1514 -69
58.1515 -69
58.1517 -69
58.1518 -69
58.1519 -69
58.152 -69
58.1521 -69
58.1522 -69
58.1523 -69
58.1524 -69
58.1526 -69
58.1527 -69
58.1528 -69
58.1529 -69
58.153 -69
58.1531 -69
58.1532 -69
58.1533 -69
58.1535 -69
58.1536 -69
58.1537 -69
58.1538 -69
58.1539 -69
58.154 -69
58.1541 -69
58.1542 -69
58.1544 -69
58.1545 -69
58.1546 -69
58.1547 -69
58.1548 -69
58.1549 -69
58.155 -69
58.1552 -69
58.1553 -69
58.1554 -69
58.1555 -69
58.1556 -69
58.1557 -69
58.1558 -69
58.156 -69
58.1561 -69
58.1562 -69
58.1563 -69
58.1564 -69
58.1565 -69
58.1566 -69
58.1568 -69
58.1569 -69
58.157 -69
58.1571 -69
58.1572 -69
58.1573 -69
58.1575 -69
58.1576 -69
58.1577 -69
58.1578 -69
58.1579 -69
58.158 -69
58.1581 -69
58.1583 -69
58.1584 -69
58.1585 -69
58.1586 -69
58.1587 -69
58.1588 -69
58.159 -69
58.1591 -69
58.1592 -69
58.1593 -69
58.1594 -69
58.1595 -69
58.1597 -69
58.1598 -69
58.1599 -69
58.16 -69
58.1601 -69
58.1602 -69
58.1604 -69
58.1605 -69
58.1606 -69
58.1607 -69
58.1608 -69
58.161 -69
58.1611 -69
58.1612 -69
58.1613 -69
58.1614 -69
58.1615 -69
58.1617 -69
58.1618 -69
58.1619 -69
58.162 -69
58.1621 -69
58.1622 -69
58.1624 -69
58.1625 -69
58.1626 -69
58.1627 -69
58.1628 -69
58.163 -69
58.1631 -69
58.1632 -69
58.1633 -69
58.1634 -69
58.1636 -69
58.1637 -69
58.1638 -69
58.1639 -69
58.164 -69
58.1642 -69
58.1643 -69
58.1644 -69
58.1645 -69
58.1646 -69
58.1647 -69
58.1649 -69
58.165 -69
58.1651 -69
58.1652 -69
58.1653 -69
58.1655 -69
58.1656 -69
58.1657 -69
58.1658 -69
58.166 -69
58.1661 -69
58.1662 -69
58.1663 -69
58.1664 -69
58.1666 -69
58.1667 -69
58.1668 -69
58.1669 -69
58.167 -69
58.1672 -69
58.1673 -69
58.1674 -69
58.1675 -69
58.1676 -69
58.1678 -69
58.1679 -69
58.168 -69
58.1681 -69
58.1683 -69
58.1684 -69
58.1685 -69
58.1686 -69
58.1687 -69
58.1689 -69
58.169 -69
58.1691 -69
58.1692 -69
58.1694 -69
58.1695 -69
58.1696 -69
58.1697 -69
58.1698 -69
58.17 -69
58.1701 -69
58.1702 -69
58.1703 -69
58.1705 -69
58.1706 -69
58.1707 -69
58.1708 -69
58.1709 -69
58.1711 -69
58.1712 -69
58.1713 -69
58.1714 -69
58.1716 -69
58.1717 -69
58.1718 -69
58.1719 -69
58.1721 -69
58.1722 -69
58.1723 -69
58.1724 -69
58.1726 -69
58.1727 -69
58.1728 -69
58.1729 -69
58.1731 -69
58.1732 -69
58.1733 -69
58.1734 -69
58.1736 -69
58.1737 -69
58.1738 -69
58.1739 -69
58.1741 -69
58.1742 -69
58.1743 -69
58.1744 -69
58.1746 -69
58.1747 -69
58.1748 -69
58.1749 -69
58.1751 -69
58.1752 -69
58.1753 -69
58.1754 -69
58.1756 -69
58.1757 -69
58.1758 -69
58.1759 -69
58.1761 -69
58.1762 -69
58.1763 -69
58.1764 -69
58.1766 -69
58.1767 -69
58.1768 -69
58.1769 -69
58.1771 -69
58.1772 -69
58.1773 -69
58.1775 -69
58.1776 -69
58.1777 -69
58.1778 -69
58.178 -69
58.1781 -69
58.1782 -69
58.1783 -69
58.1785 -69
58.1786 -69
58.1787 -69
58.1789 -69
58.179 -69
58.1791 -69
58.1792 -69
58.1794 -69
58.1795 -69
58.1796 -69
58.1798 -69
58.1799 -69
58.18 -69
58.1801 -69
58.1803 -69
58.1804 -69
58.1805 -69
58.1807 -69
58.1808 -69
58.1809 -69
58.181 -69
58.1812 -69
58.1813 -69
58.1814 -69
58.1816 -69
58.1817 -69
58.1818 -69
58.1819 -69
58.1821 -69
58.1822 -69
58.1823 -69
58.1825 -69
58.1826 -69
58.1827 -69
58.1829 -69
58.183 -69
58.1831 -69
58.1832 -69
58.1834 -69
58.1835 -69
58.1836 -69
58.1838 -69
58.1839 -69
58.184 -69
58.1842 -69
58.1843 -69
58.1844 -69
58.1845 -69
58.1847 -69
58.1848 -69
58.1849 -69
58.1851 -69
58.1852 -69
58.1853 -69
58.1855 -69
58.1856 -69
58.1857 -69
58.1859 -69
58.186 -69
58.1861 -69
58.1863 -69
58.1864 -69
58.1865 -69
58.1866 -69
58.1868 -69
58.1869 -69
58.187 -69
58.1872 -69
58.1873 -69
58.1874 -69
58.1876 -69
58.1877 -69
58.1878 -69
58.188 -69
58.1881 -69
58.1882 -69
58.1884 -69
58.1885 -69
58.1886 -69
58.1888 -69
58.1889 -69
58.189 -69
58.1892 -69
58.1893 -69
58.1894 -69
58.1896 -69
58.1897 -69
58.1898 -69
58.19 -69
58.1901 -69
58.1902 -69
58.1904 -69
58.1905 -69
58.1906 -69
58.1908 -69
58.1909 -69
58.191 -69
58.1912 -69
58.1913 -69
58.1914 -69
58.1916 -69
58.1917 -69
58.1918 -69
58.192 -69
58.1921 -69
58.1922 -69
58.1924 -69
58.1925 -69
58.1927 -69
58.1928 -69
58.1929 -69
58.1931 -69
58.1932 -69
58.1933 -69
58.1935 -69
58.1936 -69
58.1937 -69
58.1939 -69
58.194 -69
58.1941 -69
58.1943 -69
58.1944 -69
58.1946 -69
58.1947 -69
58.1948 -69
58.195 -69
58.1951 -69
58.1952 -69
58.1954 -69
58.1955 -69
58.1956 -69
58.1958 -69
58.1959 -69
58.1961 -69
58.1962 -69
58.1963 -69
58.1965 -69
58.1966 -69
58.1967 -69
58.1969 -69
58.197 -69
58.1971 -69
58.1973 -69
58.1974 -69
58.1976 -69
58.1977 -69
58.1978 -69
58.198 -69
58.1981 -69
58.1982 -69
58.1984 -69
58.1985 -69
58.1987 -69
58.1988 -69
58.1989 -69
58.1991 -69
58.1992 -69
58.1994 -69
58.1995 -69
58.1996 -69
58.1998 -69
58.1999 -69
58.2 -69
58.2002 -69
58.2003 -69
58.2005 -69
58.2006 -69
58.2007 -69
58.2009 -69
58.201 -69
58.2012 -69
58.2013 -69
58.2014 -69
58.2016 -69
58.2017 -69
58.2019 -69
58.202 -69
58.2021 -69
58.2023 -69
58.2024 -69
58.2026 -69
58.2027 -69
58.2028 -69
58.203 -69
58.2031 -69
58.2033 -69
58.2034 -69
58.2035 -69
58.2037 -69
58.2038 -69
58.204 -69
58.2041 -69
58.2042 -69
58.2044 -69
58.2045 -69
58.2047 -69
58.2048 -69
58.2049 -69
58.2051 -69
58.2052 -69
58.2054 -69
58.2055 -69
58.2057 -69
58.2058 -69
58.2059 -69
58.2061 -69
58.2062 -69
58.2064 -69
58.2065 -69
58.2066 -69
58.2068 -69
58.2069 -69
58.2071 -69
58.2072 -69
58.2074 -69
58.2075 -69
58.2076 -69
58.2078 -69
58.2079 -69
58.2081 -69
58.2082 -69
58.2084 -69
58.2085 -69
58.2086 -69
58.2088 -69
58.2089 -69
58.2091 -69
58.2092 -69
58.2094 -69
58.2095 -69
58.2096 -69
58.2098 -69
58.2099 -69
58.2101 -69
58.2102 -69
58.2104 -69
58.2105 -69
58.2107 -69
58.2108 -69
58.2109 -69
58.2111 -69
58.2112 -69
58.2114 -69
58.2115 -69
58.2117 -69
58.2118 -69
58.212 -69
58.2121 -69
58.2122 -69
58.2124 -69
58.2125 -69
58.2127 -69
58.2128 -69
58.213 -69
58.2131 -69
58.2133 -69
58.2134 -69
58.2135 -69
58.2137 -69
58.2138 -69
58.214 -69
58.2141 -69
58.2143 -69
58.2144 -69
58.2146 -69
58.2147 -69
58.2149 -69
58.215 -69
58.2152 -69
58.2153 -69
58.2154 -69
58.2156 -69
58.2157 -69
58.2159 -69
58.216 -69
58.2162 -69
58.2163 -69
58.2165 -69
58.2166 -69
58.2168 -69
58.2169 -69
58.2171 -69
58.2172 -69
58.2174 -69
58.2175 -69
58.2176 -69
58.2178 -69
58.2179 -69
58.2181 -69
58.2182 -69
58.2184 -69
58.2185 -69
58.2187 -69
58.2188 -69
58.219 -69
58.2191 -69
58.2193 -69
58.2194 -69
58.2196 -69
58.2197 -69
58.2199 -69
58.22 -69
58.2202 -69
58.2203 -69
58.2205 -69
58.2206 -69
58.2208 -69
58.2209 -69
58.2211 -69
58.2212 -69
58.2214 -69
58.2215 -69
58.2217 -69
58.2218 -69
58.222 -69
58.2221 -69
58.2223 -69
58.2224 -69
58.2225 -69
58.2227 -69
58.2228 -69
58.223 -69
58.2231 -69
58.2233 -69
58.2234 -69
58.2236 -69
58.2237 -69
58.2239 -69
58.224 -69
58.2242 -69
58.2244 -69
58.2245 -69
58.2247 -69
58.2248 -69
58.225 -69
58.2251 -69
58.2253 -69
58.2254 -69
58.2256 -69
58.2257 -69
58.2259 -69
