0.1 -0.146118
0.2 -0.314811
0.3 -0.473578
0.4 -0.633265
0.5 -0.793881
0.6 -0.955434
0.7 -1.11793
0.8 -1.28139
0.9 -1.44582
1 -1.61122
0.299527 -1.64144
0.599009 -1.67169
0.89845 -1.70197
1.19784 -1.73227
1.49701 -1.76253
1.79612 -1.79282
2.09508 -1.82309
2.39362 -1.85325
2.69178 -1.88329
2.9899 -1.91336
3.28798 -1.94346
3.58601 -1.97359
3.88401 -2.00375
4.18204 -2.03398
4.48004 -2.06424
4.77801 -2.09453
5.07599 -2.12488
5.37393 -2.15526
5.67183 -2.18568
5.96969 -2.21612
6.2675 -2.24659
6.56527 -2.27709
6.86299 -2.30762
7.16069 -2.33819
7.45835 -2.36879
7.75596 -2.39942
8.05353 -2.43008
8.35105 -2.46077
8.64854 -2.49149
8.94598 -2.52224
9.24337 -2.55302
9.54072 -2.58383
9.83802 -2.61468
10.1353 -2.64555
10.4325 -2.67645
10.7297 -2.70738
11.0268 -2.73834
11.3239 -2.76934
11.6209 -2.80036
11.9179 -2.83142
12.2149 -2.86251
12.5118 -2.89362
12.8086 -2.92477
13.1055 -2.95595
13.4022 -2.98716
13.699 -3.0184
13.9956 -3.04967
14.2923 -3.08097
14.5889 -3.11231
14.8854 -3.14368
15.182 -3.1751
15.4785 -3.20655
15.7749 -3.23803
16.0713 -3.26954
16.3677 -3.30108
16.664 -3.33265
16.9602 -3.36425
17.2565 -3.39589
17.5526 -3.42756
17.8488 -3.45926
18.1448 -3.49099
18.4409 -3.52276
18.7369 -3.55456
19.0328 -3.58639
19.3287 -3.61826
19.6246 -3.65016
19.9204 -3.68209
20.2162 -3.71406
20.5119 -3.74606
20.8076 -3.77809
21.1033 -3.81016
21.3989 -3.84227
21.6944 -3.8744
21.9899 -3.90656
22.2854 -3.93876
22.5808 -3.97098
22.8762 -4.00324
23.1715 -4.03553
23.4668 -4.06786
23.762 -4.10022
24.0572 -4.13261
24.3523 -4.16503
24.6474 -4.19749
24.9424 -4.22999
25.2374 -4.26251
25.5324 -4.29507
25.8273 -4.32765
26.1221 -4.36027
26.4169 -4.39292
26.7117 -4.4256
27.0064 -4.45832
27.301 -4.49108
27.5956 -4.52386
27.8902 -4.55668
28.1847 -4.58954
28.4792 -4.62243
28.7736 -4.65535
29.068 -4.68831
29.3623 -4.7213
29.6566 -4.75433
29.9509 -4.78739
30.2451 -4.82049
30.5392 -4.85362
30.8333 -4.88678
31.1274 -4.91999
31.4214 -4.95322
31.7153 -4.98649
32.0092 -5.0198
32.3031 -5.05314
32.5969 -5.08652
32.8907 -5.11993
33.1844 -5.15338
33.4781 -5.18686
33.7717 -5.22038
34.0653 -5.25393
34.3588 -5.28752
34.6523 -5.32115
34.9457 -5.35481
35.2391 -5.38851
35.5325 -5.42224
35.8257 -5.45602
36.119 -5.48982
36.4122 -5.52367
36.7053 -5.55755
36.9984 -5.59146
37.2915 -5.62541
37.5845 -5.6594
37.8774 -5.69343
38.1704 -5.72749
38.4632 -5.76159
38.756 -5.79572
39.0488 -5.82989
39.3415 -5.8641
39.6342 -5.89835
39.9268 -5.93263
40.2193 -5.96695
40.5119 -6.0013
40.8043 -6.0357
41.0967 -6.07013
41.3891 -6.1046
41.6814 -6.1391
41.9737 -6.17365
42.2659 -6.20823
42.5581 -6.24284
42.8444 -6.29144
43.0936 -6.35026
43.2202 -6.31241
43.3572 -6.28488
43.4941 -6.25761
43.6309 -6.23063
43.7676 -6.20391
43.9041 -6.17747
44.0405 -6.15131
44.1767 -6.12542
44.3128 -6.09982
44.4486 -6.07522
44.5829 -6.05643
44.714 -6.04132
44.8441 -6.02796
44.9682 -6.00081
45.0908 -5.97414
45.2082 -5.91041
45.3224 -5.82139
45.4347 -5.71482
45.5457 -5.59759
45.6558 -5.47148
45.7659 -5.34564
45.8761 -5.22006
45.9862 -5.09474
46.0962 -4.96957
46.2062 -4.84459
46.316 -4.71981
46.4257 -4.59519
46.5354 -4.4708
46.645 -4.34663
46.7546 -4.22268
46.8641 -4.09895
46.9735 -3.97549
47.083 -3.85226
47.1922 -3.72913
47.3013 -3.60612
47.4103 -3.48335
47.5192 -3.3608
47.6281 -3.23849
47.7369 -3.11641
47.8457 -2.99457
47.9544 -2.87296
48.063 -2.7516
48.1716 -2.63052
48.2802 -2.50967
48.3887 -2.38907
48.4971 -2.26871
48.6055 -2.14859
48.7138 -2.02872
48.8221 -1.9091
48.9303 -1.78973
49.0384 -1.67062
49.1465 -1.55176
49.2545 -1.43316
49.3625 -1.31483
49.4704 -1.19676
49.5783 -1.07894
49.6861 -0.961384
49.7938 -0.844085
49.9015 -0.727037
50.009 -0.610179
50.1164 -0.493586
50.2238 -0.377258
50.3311 -0.261204
50.4384 -0.145419
50.5455 -0.0299086
50.6527 0.0853286
50.7597 0.200285
50.8667 0.314957
50.9736 0.429436
51.0803 0.543732
51.1868 0.657836
51.2932 0.771656
51.3996 0.885186
51.5059 0.998425
51.6119 1.11167
51.7177 1.22464
51.8235 1.33732
51.9293 1.44971
52.0349 1.56179
52.1405 1.67358
52.246 1.78506
52.3514 1.89624
52.4568 2.00712
52.562 2.11769
52.6673 2.22795
52.7724 2.3379
52.8785 2.44648
52.985 2.55442
53.0918 2.66153
53.1986 2.76834
53.3055 2.87468
53.4124 2.98057
53.5193 3.08614
53.6261 3.1914
53.7328 3.29634
53.8396 3.40089
53.9466 3.50475
54.0535 3.60829
54.1604 3.71151
54.2672 3.8144
54.3739 3.91696
54.4805 4.01919
54.5871 4.12109
54.6936 4.22265
54.8 4.32388
54.9063 4.42476
55.0126 4.5253
55.1187 4.62549
55.225 4.72517
55.3312 4.82449
55.4373 4.92347
55.5435 5.02198
55.6497 5.11993
55.7559 5.21751
55.8621 5.31469
55.9684 5.41135
56.0746 5.50757
56.1808 5.60343
56.2869 5.69892
56.3929 5.79404
56.4988 5.88876
56.6047 5.98301
56.7106 6.07689
56.8164 6.17038
56.9221 6.2635
57.0277 6.35622
57.1332 6.44855
57.2387 6.54049
57.344 6.63203
57.4493 6.72317
57.5544 6.81396
57.6595 6.90428
57.7646 6.99414
57.8695 7.0836
57.9744 7.17263
58.0792 7.26125
58.1839 7.34945
58.2885 7.43722
58.393 7.52456
58.4975 7.61147
58.6018 7.69795
58.706 7.78398
58.8101 7.86959
58.9141 7.9548
59.018 8.03955
59.1218 8.12385
59.2255 8.20768
59.3291 8.29105
59.4325 8.37405
59.5357 8.45666
59.6388 8.53879
59.7418 8.62044
59.8445 8.70177
59.9471 8.78261
60.0496 8.86296
60.152 8.94282
60.2543 9.02216
60.3564 9.10099
60.4586 9.17803
60.5605 9.25464
60.6623 9.33075
60.764 9.40634
60.8655 9.48141
60.967 9.55595
61.0684 9.62996
61.1696 9.70344
61.2708 9.77637
61.3718 9.84876
61.4727 9.92059
61.5731 9.99177
61.6719 10.062
61.7681 10.1311
61.8564 10.1978
61.9022 10.2541
61.9408 10.2962
61.9787 10.3258
62.0164 10.355
62.0519 10.3769
62.0817 10.3613
62.1081 10.3457
62.131 10.3299
62.1487 10.3143
62.1646 10.2984
62.1783 10.2665
62.1914 10.2298
62.2044 10.1927
62.2173 10.1552
62.2301 10.1172
62.2429 10.0788
62.2555 10.0399
62.2664 10.0103
62.2768 9.98215
62.2871 9.95363
62.2973 9.92471
62.3075 9.89538
62.3164 9.88247
62.325 9.87316
62.3336 9.86349
62.342 9.85345
62.3504 9.84306
62.3587 9.8323
62.3668 9.82117
62.375 9.80968
62.383 9.79782
62.3909 9.78559
62.3989 9.76714
62.4068 9.74774
62.4146 9.72785
62.4223 9.70746
62.4299 9.68658
62.4374 9.66521
62.4449 9.64335
62.4522 9.62098
62.4594 9.59804
62.4665 9.57459
62.4736 9.55064
62.4805 9.52617
62.4874 9.50118
62.4941 9.47566
62.5008 9.44962
62.5074 9.42304
62.5139 9.39592
62.5203 9.36826
62.5266 9.34005
62.5329 9.31129
62.539 9.28203
62.5451 9.25222
62.5511 9.22183
62.557 9.19088
62.5628 9.15934
62.5685 9.12723
62.5741 9.09452
62.5796 9.06122
62.585 9.02732
62.5903 8.99282
62.5955 8.95772
62.6006 8.92201
62.6056 8.88569
62.6106 8.84876
62.6154 8.81121
62.6202 8.77301
62.6248 8.73417
62.6293 8.69468
62.6337 8.65304
62.638 8.60874
62.6422 8.56366
62.6462 8.5178
62.6502 8.47115
62.654 8.42369
62.6578 8.37542
62.6614 8.32633
62.6649 8.2764
62.6682 8.22209
62.6714 8.16498
62.6744 8.10685
62.6774 8.04765
62.6802 7.98738
62.6829 7.92602
62.6855 7.86359
62.6879 7.80004
62.6903 7.73533
62.6925 7.66945
62.6946 7.60237
62.6965 7.53408
62.6983 7.46455
62.7 7.39375
62.7015 7.31923
62.7028 7.24302
62.7039 7.16538
62.705 7.08626
62.7058 7.00564
62.7066 6.92347
62.7061 6.80329
62.7055 6.6793
62.7047 6.55306
62.7037 6.42449
62.7025 6.29356
62.6989 6.10489
62.6943 5.89183
62.6895 5.67443
62.6838 5.45338
62.6817 5.35523
62.6797 5.25968
62.6774 5.16412
62.675 5.06729
62.6713 4.96977
62.668 4.90018
62.6668 4.88461
62.6652 4.86891
62.6635 4.85303
62.6615 4.837
62.658 4.82098
62.6542 4.80481
62.6504 4.78932
62.6463 4.77533
62.6415 4.76138
62.6408 4.77898
62.6383 4.81148
62.6357 4.84432
62.633 4.8775
62.6302 4.91104
62.6271 4.9449
62.6233 4.98507
62.6195 5.03311
62.6195 5.04661
62.6192 5.05994
62.6188 5.07317
62.6183 5.0859
62.6173 5.06685
62.6176 5.01341
62.6179 4.95921
62.6181 4.90456
62.6183 4.84945
62.6185 4.79389
62.6186 4.73786
62.6176 4.63648
62.6155 4.49256
62.6133 4.34789
62.6111 4.20247
62.6089 4.05627
62.6066 3.90928
62.6043 3.76148
62.6019 3.61287
62.5995 3.46343
62.597 3.31316
62.5945 3.16205
62.5903 2.97286
62.5851 2.76354
62.5799 2.553
62.5747 2.34119
62.5693 2.12812
62.564 1.91375
62.5585 1.69807
62.5531 1.48106
62.5475 1.26269
62.5419 1.04295
62.5363 0.821817
62.5306 0.599259
62.5248 0.375257
62.519 0.149786
62.5131 -0.0771798
62.5072 -0.305666
62.5012 -0.5357
62.4944 -0.759821
62.4866 -0.977642
62.4789 -1.19699
62.471 -1.41789
62.4631 -1.64038
62.4552 -1.86447
62.4471 -2.09021
62.439 -2.31768
62.4309 -2.54686
62.4226 -2.77779
62.4141 -3.01016
62.4051 -3.24359
62.3959 -3.47885
62.3867 -3.71598
62.3775 -3.95501
62.3664 -4.19318
62.355 -4.43307
62.3428 -4.63322
62.3304 -4.83204
62.3179 -5.03253
62.3053 -5.23475
62.2918 -5.43751
62.2768 -5.63991
62.2616 -5.84406
62.2463 -6.04988
62.2307 -6.25726
62.215 -6.46649
62.1992 -6.6776
62.1833 -6.89065
62.1673 -7.10568
62.1509 -7.32236
62.1332 -7.5392
62.1153 -7.75812
62.0974 -7.97917
62.08 -8.14417
62.0631 -8.27248
62.046 -8.40135
62.0289 -8.53082
62.0116 -8.66089
61.9936 -8.79101
61.9752 -8.92154
61.9568 -9.05268
61.9382 -9.18445
61.9195 -9.31684
61.9007 -9.44985
61.8817 -9.58351
61.8627 -9.7178
61.8435 -9.85273
61.8258 -9.91253
61.8081 -9.96427
61.7902 -10.0159
61.7723 -10.0674
61.7542 -10.1188
61.7358 -10.17
61.7172 -10.2211
61.6985 -10.272
61.6796 -10.3229
61.6605 -10.3736
61.6412 -10.4241
61.6218 -10.4744
61.6021 -10.5246
61.5822 -10.5746
61.5621 -10.6244
61.5416 -10.6739
61.5178 -10.7219
61.4933 -10.7695
61.4679 -10.8166
61.4415 -10.8632
61.4276 -10.9116
61.4142 -10.9355
61.4321 -10.9976
61.3171 -10.9657
61.1458 -10.9548
60.8603 -10.9792
60.8209 -10.93
60.7998 -10.9326
60.7783 -10.9724
60.7568 -10.9931
60.7352 -11.0135
60.7135 -11.0336
60.6871 -11.0525
60.6606 -11.0711
60.6339 -11.0893
60.607 -11.1073
60.5787 -11.1247
60.5487 -11.1415
60.5183 -11.1579
60.4869 -11.1623
60.455 -11.1634
60.4225 -11.1668
60.3896 -11.1701
60.3562 -11.1733
60.3223 -11.1764
60.2879 -11.1795
60.252 -11.1823
60.2044 -11.1841
60.1643 -11.1864
60.1354 -11.1897
60.1058 -11.199
60.0751 -11.2209
60.0423 -11.2424
60.0135 -11.2648
59.9745 -11.2852
59.9496 -11.3084
59.9225 -11.3313
59.9014 -11.3554
59.8877 -11.341
59.6697 -11.337
59.6054 -11.3194
59.3735 -11.3188
59.4327 -11.3789
59.3463 -11.2799
59.3295 -11.255
59.3126 -11.2316
59.2957 -11.2105
59.2788 -11.1893
59.2618 -11.1681
59.2447 -11.1468
59.2276 -11.1255
59.2105 -11.1041
59.1933 -11.0827
59.176 -11.0612
59.1587 -11.0397
59.1412 -11.0182
59.1235 -10.9966
59.1058 -10.975
59.0881 -10.9534
59.0701 -10.9317
59.0506 -10.91
59.0319 -10.8753
59.0154 -10.8386
58.999 -10.8018
58.9826 -10.7649
58.9661 -10.7281
58.9495 -10.6912
58.9339 -10.654
58.9204 -10.6165
58.9067 -10.5789
58.8927 -10.5414
58.8785 -10.5038
58.8664 -10.4658
58.8549 -10.4276
58.8434 -10.3894
58.8327 -10.3629
58.8225 -10.3416
58.8123 -10.3203
58.8021 -10.299
58.7907 -10.2778
58.7798 -10.2565
58.7698 -10.2352
58.7598 -10.2139
58.7505 -10.1925
58.7438 -10.1729
58.7374 -10.1641
58.7307 -10.1554
58.7227 -10.1467
58.7146 -10.138
58.7084 -10.1294
58.7041 -10.1207
58.6997 -10.112
58.6954 -10.1033
58.691 -10.0947
58.6861 -10.086
58.6835 -10.0774
58.681 -10.0687
58.6784 -10.0601
58.6765 -10.0515
58.675 -10.0429
58.6732 -10.0343
58.6714 -10.0257
58.6696 -10.0172
58.6679 -10.0086
58.6661 -10.0001
58.6643 -9.99157
58.6625 -9.98307
58.6608 -9.97459
58.659 -9.96612
58.6572 -9.95766
58.6554 -9.94922
58.6537 -9.9408
58.6519 -9.93239
58.6501 -9.924
58.6483 -9.91562
58.6465 -9.90725
58.6448 -9.89891
58.643 -9.89057
58.6412 -9.88225
58.6394 -9.87395
58.6376 -9.86566
58.6359 -9.85739
58.6341 -9.84913
58.6323 -9.84089
58.6305 -9.83267
58.6287 -9.82445
58.627 -9.81626
58.6252 -9.80808
58.6234 -9.79991
58.6216 -9.79176
58.6198 -9.78363
58.6181 -9.77551
58.6163 -9.7674
58.6145 -9.75932
58.6127 -9.75124
58.6109 -9.74319
58.6091 -9.73514
58.6074 -9.72712
58.6056 -9.71911
58.6038 -9.71111
58.602 -9.70313
58.6002 -9.69517
58.5984 -9.68722
58.5967 -9.67929
58.5949 -9.67137
58.5931 -9.66347
58.5913 -9.65558
58.5895 -9.64771
58.5877 -9.63986
58.586 -9.63202
58.5842 -9.6242
58.5824 -9.61639
58.5806 -9.6086
58.5788 -9.60083
58.577 -9.59307
58.5752 -9.58532
58.5735 -9.5776
58.5717 -9.56989
58.5699 -9.56219
58.5681 -9.55451
58.5663 -9.54685
58.5645 -9.5392
58.5627 -9.53157
58.561 -9.52395
58.5592 -9.51635
58.5574 -9.50877
58.5556 -9.5012
58.5538 -9.49365
58.552 -9.48612
58.5502 -9.4786
58.5484 -9.4711
58.5467 -9.46361
58.5449 -9.45614
58.5431 -9.44869
58.5413 -9.44125
58.5395 -9.43383
58.5377 -9.42642
58.5359 -9.41904
58.5341 -9.41166
58.5323 -9.40431
58.5306 -9.39697
58.5288 -9.38965
58.527 -9.38234
58.5252 -9.37505
58.5234 -9.36778
58.5216 -9.36052
58.5198 -9.35328
58.518 -9.34605
58.5162 -9.33885
58.5144 -9.33166
58.5127 -9.32448
58.5109 -9.31733
58.5091 -9.31018
58.5073 -9.30306
58.5055 -9.29595
58.5037 -9.28886
58.5019 -9.28179
58.5001 -9.27473
58.4983 -9.26769
58.4965 -9.26067
58.4947 -9.25366
58.4929 -9.24667
58.4911 -9.2397
58.4893 -9.23274
58.4876 -9.2258
58.4858 -9.21888
58.484 -9.21197
58.4822 -9.20509
58.4804 -9.19822
58.4786 -9.19136
58.4768 -9.18452
58.475 -9.1777
58.4732 -9.1709
58.4714 -9.16411
58.4696 -9.15735
58.4678 -9.15059
58.466 -9.14386
58.4642 -9.13714
58.4624 -9.13044
58.4606 -9.12376
58.4588 -9.1171
58.457 -9.11045
58.4552 -9.10382
58.4534 -9.0972
58.4516 -9.09061
58.4498 -9.08403
58.448 -9.07747
58.4462 -9.07092
58.4444 -9.0644
58.4426 -9.05789
58.4409 -9.0514
58.4391 -9.04492
58.4373 -9.03847
58.4355 -9.03203
58.4337 -9.02561
58.4319 -9.0192
58.4301 -9.01282
58.4283 -9.00645
58.4265 -9.0001
58.4247 -8.99377
58.4229 -8.98745
58.421 -8.98116
58.4192 -8.97488
58.4174 -8.96862
58.4156 -8.96237
58.4138 -8.95615
58.412 -8.94994
58.4102 -8.94375
58.4084 -8.93758
58.4066 -8.93142
58.4048 -8.92529
58.403 -8.91917
58.4012 -8.91307
58.3994 -8.90699
58.3976 -8.90092
58.3958 -8.89488
58.394 -8.88885
58.3922 -8.88284
58.3904 -8.87685
58.3885 -8.87088
58.3867 -8.86492
58.3849 -8.85899
58.3831 -8.85307
58.3813 -8.84717
58.3795 -8.84129
58.3777 -8.83542
58.3759 -8.82958
58.3741 -8.82375
58.3723 -8.81795
58.3705 -8.81216
58.3686 -8.80639
58.3668 -8.80063
58.365 -8.7949
58.3632 -8.78918
58.3614 -8.78349
58.3596 -8.77781
58.3578 -8.77215
58.356 -8.76651
58.3542 -8.76089
58.3523 -8.75528
58.3505 -8.7497
58.3487 -8.74413
58.3469 -8.73859
58.3451 -8.73306
58.3433 -8.72755
58.3415 -8.72206
58.3397 -8.71659
58.3378 -8.71114
58.336 -8.7057
58.3342 -8.70029
58.3324 -8.69489
58.3306 -8.68952
58.3288 -8.68416
58.327 -8.67882
58.3251 -8.6735
58.3233 -8.6682
58.3215 -8.66292
58.3197 -8.65766
58.3179 -8.65242
58.3161 -8.6472
58.3143 -8.64199
58.3125 -8.63681
58.3111 -8.63165
58.3097 -8.62651
58.3083 -8.62138
58.3069 -8.61628
58.3055 -8.6112
58.3041 -8.60613
58.3033 -8.60109
58.3026 -8.59608
58.3019 -8.59108
58.3012 -8.5861
58.3005 -8.58114
58.2998 -8.57621
58.2991 -8.57129
58.2984 -8.56639
58.2978 -8.56151
58.298 -8.55667
58.2982 -8.55184
58.2984 -8.54703
58.2986 -8.54225
58.2988 -8.53748
58.2989 -8.53274
58.2991 -8.52801
58.2999 -8.52331
58.3008 -8.51864
58.3017 -8.51399
58.3027 -8.50935
58.3036 -8.50474
58.3048 -8.50016
58.306 -8.49559
58.3072 -8.49105
58.3085 -8.48652
58.3097 -8.48202
58.311 -8.47754
58.3122 -8.47308
58.3135 -8.46864
58.3147 -8.46422
58.316 -8.45983
58.3172 -8.45545
58.3184 -8.4511
58.3197 -8.44677
58.3209 -8.44246
58.3222 -8.43817
58.3234 -8.4339
58.3247 -8.42965
58.3259 -8.42543
58.3271 -8.42123
58.3284 -8.41705
58.3296 -8.41289
58.3309 -8.40875
58.3321 -8.40463
58.3333 -8.40054
58.3344 -8.39646
58.3356 -8.39241
58.3367 -8.38838
58.3378 -8.38437
58.3389 -8.38038
58.34 -8.37641
58.3411 -8.37247
58.3422 -8.36854
58.343 -8.36464
58.3439 -8.36076
58.3447 -8.3569
58.3455 -8.35306
58.3463 -8.34924
58.3471 -8.34544
58.3479 -8.34167
58.3488 -8.33792
58.3496 -8.33419
58.3504 -8.33048
58.3512 -8.3268
58.3519 -8.32314
58.3524 -8.31949
58.3528 -8.31587
58.3533 -8.31226
58.3538 -8.30868
58.3542 -8.30513
58.3547 -8.30159
58.3552 -8.29808
58.3556 -8.29459
58.3561 -8.29112
58.3566 -8.28768
58.357 -8.28425
58.3575 -8.28085
58.358 -8.27748
58.3582 -8.27412
58.3584 -8.27078
58.3586 -8.26747
58.3588 -8.26417
58.359 -8.2609
58.3592 -8.25766
58.3593 -8.25443
58.3595 -8.25123
58.3597 -8.24805
58.3599 -8.2449
58.3599 -8.24176
58.3599 -8.23865
58.3599 -8.23555
58.36 -8.23249
58.36 -8.22944
58.36 -8.22642
58.36 -8.22342
58.36 -8.22045
58.3601 -8.2175
58.3601 -8.21457
58.3601 -8.21166
58.3601 -8.20878
58.3601 -8.20592
58.3602 -8.20308
58.3602 -8.20027
58.3602 -8.19748
58.3602 -8.19472
58.3602 -8.19198
58.3602 -8.18926
58.3603 -8.18656
58.3603 -8.18389
58.3603 -8.18125
58.3603 -8.17862
58.3603 -8.17602
58.3603 -8.17345
58.3603 -8.1709
58.3604 -8.16837
58.3604 -8.16586
58.3604 -8.16338
58.3604 -8.16093
58.3604 -8.1585
58.3604 -8.15609
58.3604 -8.1537
58.3605 -8.15134
58.3605 -8.14901
58.3605 -8.1467
58.3605 -8.14441
58.3605 -8.14215
58.3605 -8.13991
58.3605 -8.1377
58.3605 -8.13551
58.3605 -8.13334
58.3605 -8.1312
58.3606 -8.12909
58.3606 -8.127
58.3606 -8.12493
58.3606 -8.12289
58.3606 -8.12087
58.3606 -8.11888
58.3606 -8.11691
58.3606 -8.11497
58.3606 -8.11305
58.3606 -8.11116
58.3606 -8.10929
58.3606 -8.10745
58.3606 -8.10563
58.3607 -8.10384
58.3607 -8.10207
58.3607 -8.10033
58.3607 -8.09861
58.3607 -8.09692
58.3607 -8.09525
58.3607 -8.09361
58.3607 -8.092
58.3607 -8.09041
58.3607 -8.08884
58.3607 -8.0873
58.3607 -8.08579
58.3607 -8.0843
58.3607 -8.08284
58.3607 -8.0814
58.3607 -8.07999
58.3607 -8.07861
58.3607 -8.07725
58.3607 -8.07591
58.3607 -8.07461
58.3607 -8.07333
58.3607 -8.07207
58.3607 -8.07084
58.3607 -8.06964
58.3607 -8.06846
58.3607 -8.06731
58.3607 -8.06619
58.3607 -8.06509
58.3607 -8.06402
58.3607 -8.06297
58.3607 -8.06196
58.3607 -8.06096
58.3606 -8.06
58.3606 -8.05906
58.3606 -8.05815
58.3606 -8.05726
58.3606 -8.0564
58.3606 -8.05557
58.3606 -8.05477
58.3606 -8.05399
58.3606 -8.05324
58.3606 -8.05251
58.3606 -8.05181
58.3606 -8.05114
58.3606 -8.0505
58.3606 -8.04988
58.3605 -8.0493
58.3605 -8.04873
58.3605 -8.0482
58.3605 -8.04769
58.3605 -8.04721
58.3605 -8.04676
58.3605 -8.04634
58.3605 -8.04594
58.3605 -8.04557
58.3604 -8.04523
58.3604 -8.04492
58.3604 -8.04463
58.3604 -8.04437
58.3604 -8.04414
58.3604 -8.04394
58.3604 -8.04376
58.3604 -8.04362
58.3603 -8.0435
58.3603 -8.04341
58.3603 -8.04335
58.3603 -8.04331
58.3603 -8.04331
58.3602 -8.05095
58.3601 -8.06346
58.3601 -8.07601
58.36 -8.08858
58.3599 -8.10119
58.3598 -8.11384
58.3598 -8.12652
58.3597 -8.13923
58.3596 -8.15197
58.3595 -8.16475
58.3595 -8.17757
58.3594 -8.19041
58.3593 -8.20329
58.3592 -8.21621
58.3591 -8.22916
58.3591 -8.24214
58.359 -8.25516
58.3589 -8.26821
58.3588 -8.2813
58.3587 -8.29442
58.3587 -8.30757
58.3586 -8.32076
58.3585 -8.33398
58.3584 -8.34724
58.3583 -8.36054
58.3582 -8.37386
58.3582 -8.38723
58.3581 -8.40062
58.3579 -8.43524
58.3576 -8.47949
58.3573 -8.52377
58.3571 -8.56806
58.3568 -8.61238
58.3565 -8.65671
58.3562 -8.70107
58.356 -8.74544
58.3557 -8.78984
58.3554 -8.83425
58.3552 -8.87869
58.3549 -8.92314
58.3546 -8.96762
58.3543 -9.01211
58.3541 -9.05663
58.3538 -9.10116
58.3535 -9.14572
58.3532 -9.19029
58.353 -9.23488
58.3527 -9.2795
58.3524 -9.32413
58.3521 -9.36879
58.3519 -9.41346
58.3516 -9.45816
58.3513 -9.50287
58.351 -9.54761
58.3508 -9.59236
58.3505 -9.63714
58.3502 -9.68193
58.3499 -9.72675
58.3496 -9.77159
58.3494 -9.81644
58.3491 -9.86132
58.3488 -9.90621
58.3485 -9.95113
58.3482 -9.99607
58.348 -10.041
58.3477 -10.086
58.3474 -10.131
58.3471 -10.176
58.3468 -10.2246
58.3463 -10.291
58.3458 -10.3574
58.3453 -10.4238
58.3448 -10.4902
58.3442 -10.5566
58.3437 -10.6229
58.3432 -10.6893
58.3427 -10.7556
58.3422 -10.822
58.3417 -10.8883
58.3412 -10.9546
58.3407 -11.0209
58.3401 -11.0872
58.3396 -11.1535
58.3391 -11.2198
58.3386 -11.2861
58.3381 -11.3524
58.3376 -11.4187
58.3371 -11.4849
58.3366 -11.5512
58.336 -11.6174
58.3355 -11.6837
58.335 -11.7499
58.3345 -11.8161
58.334 -11.8823
58.3335 -11.9485
58.333 -12.0147
58.3324 -12.0809
58.3319 -12.1471
58.3314 -12.2133
58.3309 -12.2795
58.3304 -12.3456
58.3299 -12.4118
58.3294 -12.4779
58.3288 -12.5441
58.3283 -12.6102
58.3278 -12.6763
58.3273 -12.7424
58.3268 -12.8085
58.3263 -12.8746
58.3257 -12.9407
58.3252 -13.0068
58.3247 -13.0728
58.3242 -13.1389
58.3237 -13.205
58.3232 -13.271
58.3226 -13.337
58.3221 -13.4031
58.3216 -13.4691
58.3211 -13.5351
58.3206 -13.6011
58.3201 -13.6671
58.3195 -13.7331
58.319 -13.7991
58.3185 -13.865
58.318 -13.931
58.3175 -13.997
58.317 -14.0629
58.3164 -14.1288
58.3159 -14.1948
58.3154 -14.2607
58.3148 -14.3242
58.3141 -14.3868
58.3134 -14.4494
58.3127 -14.5119
58.3121 -14.5745
58.3114 -14.637
58.3107 -14.6995
58.31 -14.762
58.3093 -14.8245
58.3087 -14.887
58.308 -14.9494
58.3073 -15.0119
58.3066 -15.0743
58.3059 -15.1367
58.3053 -15.1991
58.3046 -15.2615
58.3039 -15.3239
58.3032 -15.3862
58.3025 -15.4485
58.3019 -15.5109
58.3012 -15.5732
58.3005 -15.6355
58.2998 -15.6977
58.2992 -15.76
58.2985 -15.8222
58.2978 -15.8845
58.2971 -15.9467
58.2964 -16.0089
58.2958 -16.0711
58.2951 -16.1333
58.2944 -16.1954
58.2937 -16.2575
58.293 -16.3197
58.2923 -16.3818
58.2917 -16.4439
58.291 -16.506
58.2903 -16.568
58.2896 -16.6301
58.2889 -16.6921
58.2883 -16.7541
58.2876 -16.8161
58.2869 -16.8781
58.2862 -16.9401
58.2855 -17.002
58.2849 -17.064
58.2842 -17.1259
58.2835 -17.1878
58.2828 -17.2497
58.2821 -17.3116
58.2815 -17.3734
58.2808 -17.4353
58.28 -17.485
58.2792 -17.5325
58.2784 -17.58
58.2776 -17.6276
58.2768 -17.6751
58.276 -17.7227
58.2752 -17.7702
58.2744 -17.8178
58.2735 -17.8653
58.2727 -17.9129
58.2719 -17.9604
58.2711 -18.008
58.2703 -18.0555
58.2695 -18.103
58.2687 -18.1506
58.2679 -18.1981
58.2671 -18.2457
58.2663 -18.2932
58.2655 -18.3408
58.2647 -18.3883
58.2639 -18.4358
58.2631 -18.4834
58.2623 -18.5309
58.2615 -18.5785
58.2607 -18.626
58.2599 -18.6736
58.2591 -18.7211
58.2583 -18.7687
58.2575 -18.8162
58.2567 -18.8637
58.2559 -18.9113
58.2551 -18.9588
58.2543 -19.0064
58.2535 -19.0539
58.2527 -19.1015
58.2519 -19.149
58.251 -19.1966
58.2502 -19.2441
58.2494 -19.2916
58.2486 -19.3392
58.2478 -19.3867
58.247 -19.4343
58.2462 -19.4818
58.2454 -19.5294
58.2446 -19.5769
58.2438 -19.6244
58.243 -19.672
58.2422 -19.7195
58.2414 -19.7671
58.2406 -19.8146
58.2398 -19.8622
58.239 -19.9097
58.2382 -19.9573
58.2374 -20.0048
58.2366 -20.0523
58.2358 -20.0999
58.235 -20.1474
58.2342 -20.195
58.2334 -20.2425
58.2326 -20.2901
58.2318 -20.3376
58.231 -20.3851
58.2302 -20.4327
58.2294 -20.4802
58.2286 -20.5278
58.2278 -20.5753
58.227 -20.6229
58.2262 -20.6704
58.2254 -20.7179
58.2246 -20.7655
58.2238 -20.813
58.223 -20.8606
58.2222 -20.9081
58.2214 -20.9557
58.2206 -21.0032
58.2198 -21.0507
58.219 -21.0983
58.2182 -21.1458
58.2174 -21.1934
58.2166 -21.2409
58.2158 -21.2885
58.215 -21.336
58.2142 -21.3835
58.2134 -21.4311
58.2126 -21.4786
58.2118 -21.5262
58.211 -21.5737
58.2102 -21.6213
58.2094 -21.6688
58.2086 -21.7163
58.2078 -21.7639
58.207 -21.8114
58.2062 -21.859
58.2054 -21.9065
58.2046 -21.9541
58.2038 -22.0016
58.203 -22.0491
58.2022 -22.0967
58.2014 -22.1442
58.2006 -22.1918
58.1998 -22.2393
58.199 -22.2869
58.1982 -22.3344
58.1974 -22.3819
58.1966 -22.4295
58.1958 -22.477
58.195 -22.5246
58.1942 -22.5721
58.1934 -22.6197
58.1926 -22.6672
58.1918 -22.7147
58.1911 -22.7623
58.1903 -22.8098
58.1895 -22.8574
58.1887 -22.9049
58.1879 -22.9525
58.1871 -23
58.1863 -23.0475
58.1855 -23.0951
58.1847 -23.1426
58.1839 -23.1902
58.1831 -23.2377
58.1823 -23.2852
58.1815 -23.3328
58.1807 -23.3803
58.1799 -23.4279
58.1791 -23.4754
58.1783 -23.523
58.1775 -23.5705
58.1767 -23.618
58.1759 -23.6656
58.1751 -23.7131
58.1743 -23.7607
58.1735 -23.8082
58.1727 -23.8557
58.1719 -23.9033
58.1711 -23.9508
58.1703 -23.9984
58.1695 -24.0459
58.1688 -24.0935
58.168 -24.141
58.1672 -24.1885
58.1664 -24.2361
58.1656 -24.2836
58.1648 -24.3312
58.164 -24.3787
58.1632 -24.4262
58.1624 -24.4738
58.1616 -24.5213
58.1608 -24.5689
58.16 -24.6164
58.1592 -24.664
58.1584 -24.7115
58.1576 -24.759
58.1568 -24.8066
58.156 -24.8541
58.1552 -24.9017
58.1544 -24.9492
58.1537 -24.9967
58.1529 -25.0443
58.1521 -25.0918
58.1513 -25.1394
58.1505 -25.1869
58.1497 -25.2345
58.1489 -25.282
58.1481 -25.3295
58.1473 -25.3771
58.1465 -25.4246
58.1457 -25.4722
58.1449 -25.5197
58.1441 -25.5672
58.1433 -25.6148
58.1425 -25.6623
58.1418 -25.7099
58.141 -25.7574
58.1402 -25.8049
58.1394 -25.8403
58.1388 -25.8581
58.1381 -25.8759
58.1374 -25.8936
58.1368 -25.9114
58.1361 -25.9292
58.1354 -25.947
58.1348 -25.9648
58.1341 -25.9826
58.1334 -26.0004
58.1327 -26.0182
58.1321 -26.0359
58.1314 -26.0537
58.1307 -26.0715
58.1301 -26.0893
58.1294 -26.1071
58.1287 -26.1249
58.1281 -26.1427
58.1274 -26.1605
58.1267 -26.1782
58.1261 -26.196
58.1254 -26.2138
58.1247 -26.2316
58.1241 -26.2494
58.1234 -26.2672
58.1227 -26.285
58.1221 -26.3028
58.1214 -26.3205
58.1207 -26.3383
58.1201 -26.3561
58.1194 -26.3739
58.1188 -26.3917
58.1181 -26.4095
58.1174 -26.4273
58.1168 -26.4451
58.1161 -26.4628
58.1154 -26.4806
58.1148 -26.4984
58.1141 -26.5162
58.1134 -26.534
58.1128 -26.5518
58.1121 -26.5696
58.1114 -26.5874
58.1108 -26.6052
58.1101 -26.6229
58.1094 -26.6407
58.1088 -26.6585
58.1081 -26.6763
58.1074 -26.6941
58.1068 -26.7119
58.1061 -26.7297
58.1056 -26.7263
58.1051 -26.72
58.1046 -26.7137
58.1041 -26.7075
58.1036 -26.7012
58.1031 -26.6949
58.1026 -26.6887
58.1021 -26.6824
58.1016 -26.6761
58.1011 -26.6699
58.1006 -26.6636
58.1001 -26.6573
58.0996 -26.651
58.0991 -26.6448
58.0986 -26.6385
58.0981 -26.6322
58.0976 -26.626
58.0971 -26.6197
58.0966 -26.6134
58.0961 -26.6072
58.0956 -26.6009
58.0951 -26.5946
58.0946 -26.5884
58.0941 -26.5821
58.0936 -26.5758
58.0931 -26.5696
58.0926 -26.5633
58.0921 -26.557
58.0916 -26.5508
58.0911 -26.5445
58.0906 -26.5382
58.0901 -26.532
58.0896 -26.5257
58.0892 -26.5194
58.0887 -26.5132
58.0882 -26.5069
58.0877 -26.5006
58.0872 -26.4944
58.0867 -26.4881
58.0862 -26.4818
58.0857 -26.4756
58.0852 -26.4693
58.0847 -26.463
58.0842 -26.4568
58.0837 -26.4505
58.0832 -26.4442
58.0827 -26.438
58.0822 -26.4317
58.0817 -26.4254
58.0812 -26.4192
58.0807 -26.4129
58.0802 -26.4066
58.0797 -26.4004
58.0792 -26.3941
58.0787 -26.3878
58.0782 -26.3816
58.0777 -26.3753
58.0772 -26.369
58.0767 -26.3628
58.0762 -26.3565
58.0758 -26.3502
58.0753 -26.3427
58.075 -26.3288
58.0748 -26.3149
58.0745 -26.301
58.0743 -26.2872
58.074 -26.2733
58.0737 -26.2594
58.0735 -26.2455
58.0732 -26.2317
58.0729 -26.2178
58.0727 -26.2039
58.0724 -26.19
58.0722 -26.1762
58.0719 -26.1623
58.0716 -26.1484
58.0714 -26.1345
58.0711 -26.1207
58.0709 -26.1068
58.0706 -26.0929
58.0703 -26.079
58.0701 -26.0652
58.0698 -26.0513
58.0696 -26.0374
58.0693 -26.0235
58.069 -26.0097
58.0688 -25.9958
58.0685 -25.9819
58.0683 -25.968
58.068 -25.9541
58.0678 -25.9403
58.0675 -25.9264
58.0672 -25.9125
58.067 -25.8986
58.0667 -25.8848
58.0665 -25.8709
58.0662 -25.857
58.0659 -25.8431
58.0657 -25.8293
58.0654 -25.8154
58.0652 -25.8015
58.0649 -25.7876
58.0646 -25.7738
58.0644 -25.7624
58.0644 -25.7567
58.0643 -25.7511
58.0642 -25.7454
58.0642 -25.7398
58.0641 -25.7341
58.064 -25.7285
58.0639 -25.7228
58.0639 -25.7172
58.0638 -25.7115
58.0637 -25.7059
58.0637 -25.7002
58.0636 -25.6946
58.0635 -25.6889
58.0634 -25.6833
58.0634 -25.6776
58.0633 -25.672
58.0632 -25.6663
58.0631 -25.6607
58.0631 -25.655
58.063 -25.6494
58.0629 -25.6437
58.0629 -25.6381
58.0628 -25.6324
58.0627 -25.6268
58.0627 -25.6212
58.0626 -25.6155
58.0625 -25.6099
58.0624 -25.6042
58.0624 -25.5986
58.0623 -25.5968
58.0623 -25.5968
58.0623 -25.5968
58.0623 -25.5968
58.0623 -25.5968
58.0623 -25.5968
58.0623 -25.5968
58.0622 -25.5967
58.0622 -25.5967
58.0622 -25.5967
58.0622 -25.5967
58.0622 -25.5967
58.0622 -25.5967
58.0622 -25.5967
58.0622 -25.5966
58.0621 -25.5966
58.0621 -25.5966
58.0621 -25.5966
58.0621 -25.5966
58.0621 -25.5966
58.0621 -25.5966
58.0621 -25.5965
58.0621 -25.5965
58.062 -25.5965
58.062 -25.5965
58.062 -25.5965
58.062 -25.5965
58.062 -25.5965
58.062 -25.5964
58.062 -25.5964
58.062 -25.5964
58.062 -25.5964
58.0619 -25.5964
58.0619 -25.5964
58.0619 -25.5964
58.0619 -25.5963
58.0619 -25.5963
58.0619 -25.5963
58.0619 -25.5963
58.0619 -25.5963
58.0619 -25.5963
58.0618 -25.5963
58.0618 -25.5962
58.0618 -25.5962
58.0618 -25.5962
58.0618 -25.5962
58.0618 -25.5962
58.0618 -25.5962
58.0618 -25.5962
58.0618 -25.5961
58.0617 -25.5961
58.0617 -25.5961
58.0617 -25.5961
58.0617 -25.5961
58.0617 -25.5961
58.0617 -25.5961
58.0617 -25.596
58.0617 -25.596
58.0617 -25.596
58.0617 -25.596
58.0616 -25.596
58.0616 -25.596
58.0616 -25.596
58.0616 -25.5959
58.0616 -25.5959
58.0616 -25.5959
58.0616 -25.5959
58.0616 -25.5959
58.0616 -25.5959
58.0616 -25.5959
58.0616 -25.5958
58.0616 -25.5958
58.0615 -25.5958
58.0615 -25.5958
58.0615 -25.5958
58.0615 -25.5958
58.0615 -25.5958
58.0615 -25.5957
58.0615 -25.5957
58.0615 -25.5957
58.0615 -25.5957
58.0615 -25.5957
58.0615 -25.5957
58.0615 -25.5957
58.0614 -25.5956
58.0614 -25.5956
58.0614 -25.5956
58.0614 -25.5956
58.0614 -25.5956
58.0614 -25.5956
58.0614 -25.5956
58.0614 -25.5955
58.0614 -25.5955
58.0614 -25.5955
58.0614 -25.5955
58.0614 -25.5955
58.0614 -25.5955
58.0613 -25.5955
58.0613 -25.5954
58.0613 -25.5954
58.0613 -25.5954
58.0613 -25.5954
58.0613 -25.5954
58.0613 -25.5954
58.0613 -25.5954
58.0613 -25.5953
58.0613 -25.5953
58.0613 -25.5953
58.0613 -25.5953
58.0613 -25.5953
58.0613 -25.5953
58.0613 -25.5953
58.0613 -25.5952
58.0612 -25.5952
58.0612 -25.5952
58.0612 -25.5952
58.0612 -25.5952
58.0612 -25.5952
58.0612 -25.5952
58.0612 -25.5951
58.0612 -25.5951
58.0612 -25.5951
58.0612 -25.5951
58.0612 -25.5951
58.0612 -25.5951
58.0612 -25.5951
58.0612 -25.595
58.0612 -25.595
58.0612 -25.595
58.0612 -25.595
58.0612 -25.595
58.0612 -25.595
58.0612 -25.595
58.0611 -25.5949
58.0611 -25.5949
58.0611 -25.5949
58.0611 -25.5949
58.0611 -25.5949
58.0611 -25.5949
58.0611 -25.5949
58.0611 -25.5948
58.0611 -25.5948
58.0611 -25.5948
58.0611 -25.5948
58.0611 -25.5948
58.0611 -25.5948
58.0611 -25.5948
58.0611 -25.5947
58.0611 -25.5947
58.0611 -25.5947
58.0611 -25.5947
58.0611 -25.5947
58.0611 -25.5947
58.0611 -25.5947
58.0611 -25.5947
58.0611 -25.5946
58.0611 -25.5946
58.0611 -25.5946
58.0611 -25.5946
58.0611 -25.5946
58.0611 -25.5946
58.0611 -25.5946
58.0611 -25.5945
58.061 -25.5945
58.061 -25.5945
58.061 -25.5945
58.061 -25.5945
58.061 -25.5945
58.061 -25.5945
58.061 -25.5944
58.061 -25.5944
58.061 -25.5944
58.061 -25.5944
58.061 -25.5944
58.061 -25.5944
58.061 -25.5944
58.061 -25.5943
58.061 -25.5943
58.061 -25.5943
58.061 -25.5943
58.061 -25.5943
58.061 -25.5943
58.061 -25.5943
58.061 -25.5942
58.061 -25.5942
58.061 -25.5942
58.061 -25.5942
58.061 -25.5942
58.061 -25.5942
58.061 -25.5942
58.061 -25.5941
58.061 -25.5941
58.061 -25.5941
58.061 -25.5941
58.061 -25.5941
58.061 -25.5941
58.061 -25.5941
58.061 -25.594
58.061 -25.594
58.061 -25.594
58.061 -25.594
58.061 -25.594
58.061 -25.594
58.061 -25.594
58.061 -25.594
58.061 -25.5939
58.061 -25.5939
58.061 -25.5939
58.061 -25.5939
58.061 -25.5939
58.061 -25.5939
58.061 -25.5939
58.061 -25.5938
58.061 -25.5938
58.061 -25.5938
58.061 -25.5938
58.061 -25.5938
58.061 -25.5938
58.061 -25.5938
58.061 -25.5937
58.061 -25.5937
58.061 -25.5937
58.061 -25.5937
58.061 -25.5937
58.061 -25.5937
58.061 -25.5937
58.061 -25.5936
58.061 -25.5936
58.061 -25.5936
58.061 -25.5936
58.0611 -25.5936
58.0611 -25.5936
58.0611 -25.5936
58.0611 -25.5935
58.0611 -25.5935
58.0611 -25.5935
58.0611 -25.5935
58.0611 -25.5935
58.0611 -25.5935
58.0611 -25.5935
58.0611 -25.5935
58.0611 -25.5934
58.0611 -25.5934
58.0611 -25.5934
58.0611 -25.5934
58.0611 -25.5934
58.0611 -25.5934
58.0611 -25.5934
58.0611 -25.5933
58.0611 -25.5933
58.0611 -25.5933
58.0611 -25.5933
58.0611 -25.5933
58.0611 -25.5933
58.0611 -25.5933
58.0611 -25.5932
58.0611 -25.5932
58.0611 -25.5932
58.0611 -25.5932
58.0611 -25.5932
58.0612 -25.5932
58.0612 -25.5932
58.0612 -25.5931
58.0612 -25.5931
58.0612 -25.5931
58.0612 -25.5931
58.0612 -25.5931
58.0612 -25.5931
58.0612 -25.5931
58.0612 -25.593
58.0612 -25.593
58.0612 -25.593
58.0612 -25.593
58.0612 -25.593
58.0612 -25.593
58.0612 -25.593
58.0612 -25.593
58.0612 -25.5929
58.0612 -25.5929
58.0612 -25.5929
58.0613 -25.5929
58.0613 -25.5929
58.0613 -25.5929
58.0613 -25.5929
58.0613 -25.5928
58.0613 -25.5928
58.0613 -25.5928
58.0613 -25.5928
58.0613 -25.5928
58.0613 -25.5928
58.0613 -25.5928
58.0613 -25.5927
58.0613 -25.5927
58.0613 -25.5927
58.0613 -25.5927
58.0613 -25.5927
58.0614 -25.5927
58.0614 -25.5927
58.0614 -25.5926
58.0614 -25.5926
58.0614 -25.5926
58.0614 -25.5926
58.0614 -25.5926
58.0614 -25.5926
58.0614 -25.5926
58.0614 -25.5926
58.0614 -25.5925
58.0614 -25.5925
58.0614 -25.5925
58.0615 -25.5925
58.0615 -25.5925
58.0615 -25.5925
58.0615 -25.5925
58.0615 -25.5924
58.0615 -25.5924
58.0615 -25.5924
58.0615 -25.5924
58.0615 -25.5924
58.0615 -25.5924
58.0615 -25.5924
58.0615 -25.5923
58.0616 -25.5923
58.0616 -25.5923
58.0616 -25.5923
58.0616 -25.5923
58.0616 -25.5923
58.0616 -25.5923
58.0616 -25.5923
58.0616 -25.5922
58.0616 -25.5922
58.0616 -25.5922
58.0616 -25.5922
58.0616 -25.5922
58.0617 -25.5922
58.0617 -25.5922
58.0617 -25.5921
58.0617 -25.5921
58.0617 -25.5921
58.0617 -25.5921
58.0617 -25.5921
58.0617 -25.5921
58.0617 -25.5921
58.0617 -25.592
58.0618 -25.592
58.0618 -25.592
58.0618 -25.592
58.0618 -25.592
58.0618 -25.592
58.0618 -25.592
58.0618 -25.5919
58.0618 -25.5919
58.0618 -25.5919
58.0619 -25.5919
58.0619 -25.5919
58.0619 -25.5919
58.0619 -25.5919
58.0619 -25.5919
58.0619 -25.5918
58.0619 -25.5918
58.0619 -25.5918
58.0619 -25.5918
58.062 -25.5918
58.062 -25.5918
58.062 -25.5918
58.062 -25.5917
58.062 -25.5917
58.062 -25.5917
58.062 -25.5917
58.062 -25.5917
58.062 -25.5917
58.0621 -25.5917
58.0621 -25.5916
58.0621 -25.5916
58.0621 -25.5916
58.0621 -25.5916
58.0621 -25.5916
58.0621 -25.5916
58.0621 -25.5916
58.0622 -25.5916
58.0622 -25.5915
58.0622 -25.5915
58.0622 -25.5915
58.0622 -25.5915
58.0622 -25.5915
58.0622 -25.5915
58.0622 -25.5915
58.0623 -25.5914
58.0623 -25.5914
58.0623 -25.5914
58.0623 -25.5914
58.0623 -25.5914
58.0623 -25.5914
58.0623 -25.5914
58.0624 -25.5913
58.0624 -25.5913
58.0624 -25.5913
58.0624 -25.5913
58.0624 -25.5913
58.0624 -25.5913
58.0624 -25.5913
58.0624 -25.5913
58.0625 -25.5912
58.0625 -25.5912
58.0625 -25.5912
58.0625 -25.5912
58.0625 -25.5912
58.0625 -25.5912
58.0625 -25.5912
58.0626 -25.5911
58.0626 -25.5911
58.0626 -25.5911
58.0626 -25.5911
58.0626 -25.5911
58.0626 -25.5911
58.0627 -25.5911
58.0627 -25.5911
58.0627 -25.591
58.0627 -25.591
58.0627 -25.591
58.0627 -25.591
58.0627 -25.591
58.0628 -25.591
58.0628 -25.591
58.0628 -25.5909
58.0628 -25.5909
58.0628 -25.5909
58.0628 -25.5909
58.0629 -25.5909
58.0629 -25.5909
58.0629 -25.5909
58.0629 -25.5908
58.0629 -25.5908
58.0629 -25.5908
58.0629 -25.5908
58.063 -25.5908
58.063 -25.5908
58.063 -25.5908
58.063 -25.5908
58.063 -25.5907
58.063 -25.5907
58.0631 -25.5907
58.0631 -25.5907
58.0631 -25.5907
58.0631 -25.5907
58.0631 -25.5907
58.0632 -25.5906
58.0632 -25.5906
58.0632 -25.5906
58.0632 -25.5906
58.0632 -25.5906
58.0632 -25.5906
58.0633 -25.5906
58.0633 -25.5906
58.0633 -25.5905
58.0633 -25.5905
58.0633 -25.5905
58.0633 -25.5905
58.0634 -25.5905
58.0634 -25.5905
58.0634 -25.5905
58.0634 -25.5904
58.0634 -25.5904
58.0635 -25.5904
58.0635 -25.5904
58.0635 -25.5904
58.0635 -25.5904
58.0635 -25.5904
58.0635 -25.5904
58.0636 -25.5903
58.0636 -25.5903
58.0636 -25.5903
58.0636 -25.5903
58.0636 -25.5903
58.0637 -25.5903
58.0637 -25.5903
58.0637 -25.5902
58.0637 -25.5902
58.0637 -25.5902
58.0638 -25.5902
58.0638 -25.5902
58.0638 -25.5902
58.0638 -25.5902
58.0638 -25.5902
58.0639 -25.5901
58.0639 -25.5901
58.0639 -25.5901
58.0639 -25.5901
58.0639 -25.5901
58.064 -25.5901
58.064 -25.5901
58.064 -25.59
58.064 -25.59
58.064 -25.59
58.0641 -25.59
58.0641 -25.59
58.0641 -25.59
58.0641 -25.59
58.0641 -25.5899
58.0642 -25.5899
58.0642 -25.5899
58.0642 -25.5899
58.0642 -25.5899
58.0642 -25.5899
58.0643 -25.5899
58.0643 -25.5899
58.0643 -25.5898
58.0643 -25.5898
58.0643 -25.5898
58.0644 -25.5898
58.0644 -25.5898
58.0644 -25.5898
58.0644 -25.5898
58.0645 -25.5897
58.0645 -25.5897
58.0645 -25.5897
58.0645 -25.5897
58.0645 -25.5897
58.0646 -25.5897
58.0646 -25.5897
58.0646 -25.5897
58.0646 -25.5896
58.0647 -25.5896
58.0647 -25.5896
58.0647 -25.5896
58.0647 -25.5896
58.0647 -25.5896
58.0648 -25.5896
58.0648 -25.5895
58.0648 -25.5895
58.0648 -25.5895
58.0649 -25.5895
58.0649 -25.5895
58.0649 -25.5895
58.0649 -25.5895
58.065 -25.5895
58.065 -25.5894
58.065 -25.5894
58.065 -25.5894
58.065 -25.5894
58.0651 -25.5894
58.0651 -25.5894
58.0651 -25.5894
58.0651 -25.5894
58.0652 -25.5893
58.0652 -25.5893
58.0652 -25.5893
58.0652 -25.5893
58.0653 -25.5893
58.0653 -25.5893
58.0653 -25.5893
58.0653 -25.5892
58.0654 -25.5892
58.0654 -25.5892
58.0654 -25.5892
58.0654 -25.5892
58.0655 -25.5892
58.0655 -25.5892
58.0655 -25.5892
58.0655 -25.5891
58.0656 -25.5891
58.0656 -25.5891
58.0656 -25.5891
58.0656 -25.5891
58.0657 -25.5891
58.0657 -25.5891
58.0657 -25.589
58.0657 -25.589
58.0658 -25.589
58.0658 -25.589
58.0658 -25.589
58.0658 -25.589
58.0659 -25.589
58.0659 -25.589
58.0659 -25.5889
58.0659 -25.5889
58.066 -25.5889
58.066 -25.5889
58.066 -25.5889
58.066 -25.5889
58.0661 -25.5889
58.0661 -25.5888
58.0661 -25.5888
58.0661 -25.5888
58.0662 -25.5888
58.0662 -25.5888
58.0662 -25.5888
58.0663 -25.5888
58.0663 -25.5888
58.0663 -25.5887
58.0663 -25.5887
58.0664 -25.5887
58.0664 -25.5887
58.0664 -25.5887
58.0664 -25.5887
58.0665 -25.5887
58.0665 -25.5886
58.0665 -25.5886
58.0666 -25.5886
58.0666 -25.5886
58.0666 -25.5886
58.0666 -25.5886
58.0667 -25.5886
58.0667 -25.5886
58.0667 -25.5885
58.0668 -25.5885
58.0668 -25.5885
58.0668 -25.5885
58.0668 -25.5885
58.0669 -25.5885
58.0669 -25.5885
58.0669 -25.5885
58.067 -25.5884
58.067 -25.5884
58.067 -25.5884
58.067 -25.5884
58.0671 -25.5884
58.0671 -25.5884
58.0671 -25.5884
58.0672 -25.5883
58.0672 -25.5883
58.0672 -25.5883
58.0672 -25.5883
58.0673 -25.5883
58.0673 -25.5883
58.0673 -25.5883
58.0674 -25.5883
58.0674 -25.5882
58.0674 -25.5882
58.0674 -25.5882
58.0675 -25.5882
58.0675 -25.5882
58.0675 -25.5882
58.0676 -25.5882
58.0676 -25.5882
58.0676 -25.5881
58.0677 -25.5881
58.0677 -25.5881
58.0677 -25.5881
58.0677 -25.5881
58.0678 -25.5881
58.0678 -25.5881
58.0678 -25.588
58.0679 -25.588
58.0679 -25.588
58.0679 -25.588
58.068 -25.588
58.068 -25.588
58.068 -25.588
58.0681 -25.588
58.0681 -25.5879
58.0681 -25.5879
58.0682 -25.5879
58.0682 -25.5879
58.0682 -25.5879
58.0682 -25.5879
58.0683 -25.5879
58.0683 -25.5879
58.0683 -25.5878
58.0684 -25.5878
58.0684 -25.5878
58.0684 -25.5878
58.0685 -25.5878
58.0685 -25.5878
58.0685 -25.5878
58.0686 -25.5877
58.0686 -25.5877
58.0686 -25.5877
58.0687 -25.5877
58.0687 -25.5877
58.0687 -25.5877
58.0688 -25.5877
58.0688 -25.5877
58.0688 -25.5876
58.0689 -25.5876
58.0689 -25.5876
58.0689 -25.5876
58.069 -25.5876
58.069 -25.5876
58.069 -25.5876
58.0691 -25.5876
58.0691 -25.5875
58.0691 -25.5875
58.0692 -25.5875
58.0692 -25.5875
58.0692 -25.5875
58.0693 -25.5875
58.0693 -25.5875
58.0693 -25.5874
58.0694 -25.5874
58.0694 -25.5874
58.0694 -25.5874
58.0695 -25.5874
58.0695 -25.5874
58.0695 -25.5874
58.0696 -25.5874
58.0696 -25.5873
58.0696 -25.5873
58.0697 -25.5873
58.0697 -25.5873
58.0697 -25.5873
58.0698 -25.5873
58.0698 -25.5873
58.0698 -25.5873
58.0699 -25.5872
58.0699 -25.5872
58.0699 -25.5872
58.07 -25.5872
58.07 -25.5872
58.0701 -25.5872
58.0701 -25.5872
58.0701 -25.5871
58.0702 -25.5871
58.0702 -25.5871
58.0702 -25.5871
58.0703 -25.5871
58.0703 -25.5871
58.0703 -25.5871
58.0704 -25.5871
58.0704 -25.587
58.0704 -25.587
58.0705 -25.587
58.0705 -25.587
58.0706 -25.587
58.0706 -25.587
58.0706 -25.587
58.0707 -25.587
58.0707 -25.5869
58.0707 -25.5869
58.0708 -25.5869
58.0708 -25.5869
58.0708 -25.5869
58.0709 -25.5869
58.0709 -25.5869
58.071 -25.5869
58.071 -25.5868
58.071 -25.5868
58.0711 -25.5868
58.0711 -25.5868
58.0711 -25.5868
58.0712 -25.5868
58.0712 -25.5868
58.0713 -25.5867
58.0713 -25.5867
58.0713 -25.5867
58.0714 -25.5867
58.0714 -25.5867
58.0714 -25.5867
58.0715 -25.5867
58.0715 -25.5867
58.0716 -25.5866
58.0716 -25.5866
58.0716 -25.5866
58.0717 -25.5866
58.0717 -25.5866
58.0717 -25.5866
58.0718 -25.5866
58.0718 -25.5866
58.0719 -25.5865
58.0719 -25.5865
58.0719 -25.5865
58.072 -25.5865
58.072 -25.5865
58.0721 -25.5865
58.0721 -25.5865
58.0721 -25.5865
58.0722 -25.5864
58.0722 -25.5864
58.0723 -25.5864
58.0723 -25.5864
58.0723 -25.5864
58.0724 -25.5864
58.0724 -25.5864
58.0725 -25.5864
58.0725 -25.5863
58.0725 -25.5863
58.0726 -25.5863
58.0726 -25.5863
58.0727 -25.5863
58.0727 -25.5863
58.0727 -25.5863
58.0728 -25.5862
58.0728 -25.5862
58.0729 -25.5862
58.0729 -25.5862
58.0729 -25.5862
58.073 -25.5862
58.073 -25.5862
58.0731 -25.5862
58.0731 -25.5861
58.0731 -25.5861
58.0732 -25.5861
58.0732 -25.5861
58.0733 -25.5861
58.0733 -25.5861
58.0733 -25.5861
58.0734 -25.5861
58.0734 -25.586
58.0735 -25.586
58.0735 -25.586
58.0735 -25.586
58.0736 -25.586
58.0736 -25.586
58.0737 -25.586
58.0737 -25.586
58.0738 -25.5859
58.0738 -25.5859
58.0738 -25.5859
58.0739 -25.5859
58.0739 -25.5859
58.074 -25.5859
58.074 -25.5859
58.0741 -25.5859
58.0741 -25.5858
58.0741 -25.5858
58.0742 -25.5858
58.0742 -25.5858
58.0743 -25.5858
58.0743 -25.5858
58.0744 -25.5858
58.0744 -25.5858
58.0744 -25.5857
58.0745 -25.5857
58.0745 -25.5857
58.0746 -25.5857
58.0746 -25.5857
58.0747 -25.5857
58.0747 -25.5857
58.0747 -25.5856
58.0748 -25.5856
58.0748 -25.5856
58.0749 -25.5856
58.0749 -25.5856
58.075 -25.5856
58.075 -25.5856
58.075 -25.5856
58.0751 -25.5855
58.0751 -25.5855
58.0752 -25.5855
58.0752 -25.5855
58.0753 -25.5855
58.0753 -25.5855
58.0754 -25.5855
58.0754 -25.5855
58.0754 -25.5854
58.0755 -25.5854
58.0755 -25.5854
58.0756 -25.5854
58.0756 -25.5854
58.0757 -25.5854
58.0757 -25.5854
58.0758 -25.5854
58.0758 -25.5853
58.0758 -25.5853
58.0759 -25.5853
58.0759 -25.5853
58.076 -25.5853
58.076 -25.5853
58.0761 -25.5853
58.0761 -25.5853
58.0762 -25.5852
58.0762 -25.5852
58.0763 -25.5852
58.0763 -25.5852
58.0764 -25.5852
58.0764 -25.5852
58.0764 -25.5852
58.0765 -25.5852
58.0765 -25.5851
58.0766 -25.5851
58.0766 -25.5851
58.0767 -25.5851
58.0767 -25.5851
58.0768 -25.5851
58.0768 -25.5851
58.0769 -25.5851
58.0769 -25.585
58.077 -25.585
58.077 -25.585
58.077 -25.585
58.0771 -25.585
58.0771 -25.585
58.0772 -25.585
58.0772 -25.585
58.0773 -25.5849
58.0773 -25.5849
58.0774 -25.5849
58.0774 -25.5849
58.0775 -25.5849
58.0775 -25.5849
58.0776 -25.5849
58.0776 -25.5849
58.0777 -25.5848
58.0777 -25.5848
58.0778 -25.5848
58.0778 -25.5848
58.0779 -25.5848
58.0779 -25.5848
58.078 -25.5848
58.078 -25.5848
58.0781 -25.5847
58.0781 -25.5847
58.0781 -25.5847
58.0782 -25.5847
58.0782 -25.5847
58.0783 -25.5847
58.0783 -25.5847
58.0784 -25.5847
58.0784 -25.5846
58.0785 -25.5846
58.0785 -25.5846
58.0786 -25.5846
58.0786 -25.5846
58.0787 -25.5846
58.0787 -25.5846
58.0788 -25.5846
58.0788 -25.5845
58.0789 -25.5845
58.0789 -25.5845
58.079 -25.5845
58.079 -25.5845
58.0791 -25.5845
58.0791 -25.5845
58.0792 -25.5845
58.0792 -25.5844
58.0793 -25.5844
58.0793 -25.5844
58.0794 -25.5844
58.0794 -25.5844
58.0795 -25.5844
58.0795 -25.5844
58.0796 -25.5844
58.0796 -25.5843
58.0797 -25.5843
58.0797 -25.5843
58.0798 -25.5843
58.0798 -25.5843
58.0799 -25.5843
58.0799 -25.5843
58.08 -25.5843
58.08 -25.5842
58.0801 -25.5842
58.0801 -25.5842
58.0802 -25.5842
58.0803 -25.5842
58.0803 -25.5842
58.0804 -25.5842
58.0804 -25.5842
58.0805 -25.5841
58.0805 -25.5841
58.0806 -25.5841
58.0806 -25.5841
58.0807 -25.5841
58.0807 -25.5841
58.0808 -25.5841
58.0808 -25.5841
58.0809 -25.584
58.0809 -25.584
58.081 -25.584
58.081 -25.584
58.0811 -25.584
58.0811 -25.584
58.0812 -25.584
58.0812 -25.584
58.0813 -25.5839
58.0813 -25.5839
58.0814 -25.5839
58.0815 -25.5839
58.0815 -25.5839
58.0816 -25.5839
58.0816 -25.5839
58.0817 -25.5839
58.0817 -25.5838
58.0818 -25.5838
58.0818 -25.5838
58.0819 -25.5838
58.0819 -25.5838
58.082 -25.5838
58.082 -25.5838
58.0821 -25.5838
58.0821 -25.5837
58.0822 -25.5837
58.0823 -25.5837
58.0823 -25.5837
58.0824 -25.5837
58.0824 -25.5837
58.0825 -25.5837
58.0825 -25.5837
58.0826 -25.5836
58.0826 -25.5836
58.0827 -25.5836
58.0827 -25.5836
58.0828 -25.5836
58.0829 -25.5836
58.0829 -25.5836
58.083 -25.5836
58.083 -25.5835
58.0831 -25.5835
58.0831 -25.5835
58.0832 -25.5835
58.0832 -25.5835
58.0833 -25.5835
58.0834 -25.5835
58.0834 -25.5835
58.0835 -25.5834
58.0835 -25.5834
58.0836 -25.5834
58.0836 -25.5834
58.0837 -25.5834
58.0837 -25.5834
58.0838 -25.5834
58.0839 -25.5834
58.0839 -25.5833
58.084 -25.5833
58.084 -25.5833
58.0841 -25.5833
58.0841 -25.5833
58.0842 -25.5833
58.0843 -25.5833
58.0843 -25.5833
58.0844 -25.5832
58.0844 -25.5832
58.0845 -25.5832
58.0845 -25.5832
58.0846 -25.5832
58.0846 -25.5832
58.0847 -25.5832
58.0848 -25.5832
58.0848 -25.5831
58.0849 -25.5831
58.0849 -25.5831
58.085 -25.5831
58.0851 -25.5831
58.0851 -25.5831
58.0852 -25.5831
58.0852 -25.5831
58.0853 -25.583
58.0853 -25.583
58.0854 -25.583
58.0855 -25.583
58.0855 -25.583
58.0856 -25.583
58.0856 -25.583
58.0857 -25.583
58.0857 -25.583
58.0858 -25.5829
58.0859 -25.5829
58.0859 -25.5829
58.086 -25.5829
58.086 -25.5829
58.0861 -25.5829
58.0862 -25.5829
58.0862 -25.5829
58.0863 -25.5828
58.0863 -25.5828
58.0864 -25.5828
58.0865 -25.5828
58.0865 -25.5828
58.0866 -25.5828
58.0866 -25.5828
58.0867 -25.5828
58.0867 -25.5827
58.0868 -25.5827
58.0869 -25.5827
58.0869 -25.5827
58.087 -25.5827
58.087 -25.5827
58.0871 -25.5827
58.0872 -25.5827
58.0872 -25.5826
58.0873 -25.5826
58.0873 -25.5826
58.0874 -25.5826
58.0875 -25.5826
58.0875 -25.5826
58.0876 -25.5826
58.0877 -25.5826
58.0877 -25.5825
58.0878 -25.5825
58.0878 -25.5825
58.0879 -25.5825
58.088 -25.5825
58.088 -25.5825
58.0881 -25.5825
58.0881 -25.5825
58.0882 -25.5824
58.0883 -25.5824
58.0883 -25.5824
58.0884 -25.5824
58.0884 -25.5824
58.0885 -25.5824
58.0886 -25.5824
58.0886 -25.5824
58.0887 -25.5824
58.0888 -25.5823
58.0888 -25.5823
58.0889 -25.5823
58.0889 -25.5823
58.089 -25.5823
58.0891 -25.5823
58.0891 -25.5823
58.0892 -25.5823
58.0893 -25.5822
58.0893 -25.5822
58.0894 -25.5822
58.0894 -25.5822
58.0895 -25.5822
58.0896 -25.5822
58.0896 -25.5822
58.0897 -25.5822
58.0898 -25.5821
58.0898 -25.5821
58.0899 -25.5821
58.0899 -25.5821
58.09 -25.5821
58.0901 -25.5821
58.0901 -25.5821
58.0902 -25.5821
58.0903 -25.582
58.0903 -25.582
58.0904 -25.582
58.0904 -25.582
58.0905 -25.582
58.0906 -25.582
58.0906 -25.582
58.0907 -25.582
58.0908 -25.582
58.0908 -25.5819
58.0909 -25.5819
58.091 -25.5819
58.091 -25.5819
58.0911 -25.5819
58.0912 -25.5819
58.0912 -25.5819
58.0913 -25.5819
58.0913 -25.5818
58.0914 -25.5818
58.0915 -25.5818
58.0915 -25.5818
58.0916 -25.5818
58.0917 -25.5818
58.0917 -25.5818
58.0918 -25.5818
58.0919 -25.5817
58.0919 -25.5817
58.092 -25.5817
58.0921 -25.5817
58.0921 -25.5817
58.0922 -25.5817
58.0923 -25.5817
58.0923 -25.5817
58.0924 -25.5816
58.0925 -25.5816
58.0925 -25.5816
58.0926 -25.5816
58.0927 -25.5816
58.0927 -25.5816
58.0928 -25.5816
58.0929 -25.5816
58.0929 -25.5816
58.093 -25.5815
58.0931 -25.5815
58.0931 -25.5815
58.0932 -25.5815
58.0933 -25.5815
58.0933 -25.5815
58.0934 -25.5815
58.0935 -25.5815
58.0935 -25.5814
58.0936 -25.5814
58.0937 -25.5814
58.0937 -25.5814
58.0938 -25.5814
58.0939 -25.5814
58.0939 -25.5814
58.094 -25.5814
58.0941 -25.5813
58.0941 -25.5813
58.0942 -25.5813
58.0943 -25.5813
58.0943 -25.5813
58.0944 -25.5813
58.0945 -25.5813
58.0945 -25.5813
58.0946 -25.5813
58.0947 -25.5812
58.0947 -25.5812
58.0948 -25.5812
58.0949 -25.5812
58.0949 -25.5812
58.095 -25.5812
58.0951 -25.5812
58.0951 -25.5812
58.0952 -25.5811
58.0953 -25.5811
58.0954 -25.5811
58.0954 -25.5811
58.0955 -25.5811
58.0956 -25.5811
58.0956 -25.5811
58.0957 -25.5811
58.0958 -25.581
58.0958 -25.581
58.0959 -25.581
58.096 -25.581
58.096 -25.581
58.0961 -25.581
58.0962 -25.581
58.0963 -25.581
58.0963 -25.581
58.0964 -25.5809
58.0965 -25.5809
58.0965 -25.5809
58.0966 -25.5809
58.0967 -25.5809
58.0967 -25.5809
58.0968 -25.5809
58.0969 -25.5809
58.097 -25.5808
58.097 -25.5808
58.0971 -25.5808
58.0972 -25.5808
58.0972 -25.5808
58.0973 -25.5808
58.0974 -25.5808
58.0974 -25.5808
58.0975 -25.5807
58.0976 -25.5807
58.0977 -25.5807
58.0977 -25.5807
58.0978 -25.5807
58.0979 -25.5807
58.0979 -25.5807
58.098 -25.5807
58.0981 -25.5807
58.0982 -25.5806
58.0982 -25.5806
58.0983 -25.5806
58.0984 -25.5806
58.0984 -25.5806
58.0985 -25.5806
58.0986 -25.5806
58.0987 -25.5806
58.0987 -25.5805
58.0988 -25.5805
58.0989 -25.5805
58.099 -25.5805
58.099 -25.5805
58.0991 -25.5805
58.0992 -25.5805
58.0992 -25.5805
58.0993 -25.5805
58.0994 -25.5804
58.0995 -25.5804
58.0995 -25.5804
58.0996 -25.5804
58.0997 -25.5804
58.0998 -25.5804
58.0998 -25.5804
58.0999 -25.5804
58.1 -25.5803
58.1 -25.5803
58.1001 -25.5803
58.1002 -25.5803
58.1003 -25.5803
58.1003 -25.5803
58.1004 -25.5803
58.1005 -25.5803
58.1006 -25.5802
58.1006 -25.5802
58.1007 -25.5802
58.1008 -25.5802
58.1009 -25.5802
58.1009 -25.5802
58.101 -25.5802
58.1011 -25.5802
58.1012 -25.5802
58.1012 -25.5801
58.1013 -25.5801
58.1014 -25.5801
58.1015 -25.5801
58.1015 -25.5801
58.1016 -25.5801
58.1017 -25.5801
58.1018 -25.5801
58.1018 -25.58
58.1019 -25.58
58.102 -25.58
58.1021 -25.58
58.1021 -25.58
58.1022 -25.58
58.1023 -25.58
58.1024 -25.58
58.1024 -25.58
58.1025 -25.5799
58.1026 -25.5799
58.1027 -25.5799
58.1027 -25.5799
58.1028 -25.5799
58.1029 -25.5799
58.103 -25.5799
58.103 -25.5799
58.1031 -25.5798
58.1032 -25.5798
58.1033 -25.5798
58.1033 -25.5798
58.1034 -25.5798
58.1035 -25.5798
58.1036 -25.5798
58.1036 -25.5798
58.1037 -25.5798
58.1038 -25.5797
58.1039 -25.5797
58.104 -25.5797
58.104 -25.5797
58.1041 -25.5797
58.1042 -25.5797
58.1043 -25.5797
58.1043 -25.5797
58.1044 -25.5796
58.1045 -25.5796
58.1046 -25.5796
58.1047 -25.5796
58.1047 -25.5796
58.1048 -25.5796
58.1049 -25.5796
58.105 -25.5796
58.105 -25.5796
58.1051 -25.5795
58.1052 -25.5795
58.1053 -25.5795
58.1054 -25.5795
58.1054 -25.5795
58.1055 -25.5795
58.1056 -25.5795
58.1057 -25.5795
58.1057 -25.5794
58.1058 -25.5794
58.1059 -25.5794
58.106 -25.5794
58.1061 -25.5794
58.1061 -25.5794
58.1062 -25.5794
58.1063 -25.5794
58.1064 -25.5794
58.1065 -25.5793
58.1065 -25.5793
58.1066 -25.5793
58.1067 -25.5793
58.1068 -25.5793
58.1069 -25.5793
58.1069 -25.5793
58.107 -25.5793
58.1071 -25.5792
58.1072 -25.5792
58.1073 -25.5792
58.1073 -25.5792
58.1074 -25.5792
58.1075 -25.5792
58.1076 -25.5792
58.1077 -25.5792
58.1077 -25.5792
58.1078 -25.5791
58.1079 -25.5791
58.108 -25.5791
58.1081 -25.5791
58.1081 -25.5791
58.1082 -25.5791
58.1083 -25.5791
58.1084 -25.5791
58.1085 -25.5791
58.1085 -25.579
58.1086 -25.579
58.1087 -25.579
58.1088 -25.579
58.1089 -25.579
58.1089 -25.579
58.109 -25.579
58.1091 -25.579
58.1092 -25.5789
58.1093 -25.5789
58.1094 -25.5789
58.1094 -25.5789
58.1095 -25.5789
58.1096 -25.5789
58.1097 -25.5789
58.1098 -25.5789
58.1098 -25.5789
58.1099 -25.5788
58.11 -25.5788
58.1101 -25.5788
58.1102 -25.5788
58.1103 -25.5788
58.1103 -25.5788
58.1104 -25.5788
58.1105 -25.5788
58.1106 -25.5787
58.1107 -25.5787
58.1107 -25.5787
58.1108 -25.5787
58.1109 -25.5787
58.111 -25.5787
58.1111 -25.5787
58.1112 -25.5787
58.1112 -25.5787
58.1113 -25.5786
58.1114 -25.5786
58.1115 -25.5786
58.1116 -25.5786
58.1117 -25.5786
58.1117 -25.5786
58.1118 -25.5786
58.1119 -25.5786
58.112 -25.5786
58.1121 -25.5785
58.1122 -25.5785
58.1123 -25.5785
58.1123 -25.5785
58.1124 -25.5785
58.1125 -25.5785
58.1126 -25.5785
58.1127 -25.5785
58.1128 -25.5784
58.1128 -25.5784
58.1129 -25.5784
58.113 -25.5784
58.1131 -25.5784
58.1132 -25.5784
58.1133 -25.5784
58.1134 -25.5784
58.1134 -25.5784
58.1135 -25.5783
58.1136 -25.5783
58.1137 -25.5783
58.1138 -25.5783
58.1139 -25.5783
58.1139 -25.5783
58.114 -25.5783
58.1141 -25.5783
58.1142 -25.5783
58.1143 -25.5782
58.1144 -25.5782
58.1145 -25.5782
58.1145 -25.5782
58.1146 -25.5782
58.1147 -25.5782
58.1148 -25.5782
58.1149 -25.5782
58.115 -25.5781
58.1151 -25.5781
58.1152 -25.5781
58.1152 -25.5781
58.1153 -25.5781
58.1154 -25.5781
58.1155 -25.5781
58.1156 -25.5781
58.1157 -25.5781
58.1158 -25.578
58.1158 -25.578
58.1159 -25.578
58.116 -25.578
58.1161 -25.578
58.1162 -25.578
58.1163 -25.578
58.1164 -25.578
58.1165 -25.578
58.1165 -25.5779
58.1166 -25.5779
58.1167 -25.5779
58.1168 -25.5779
58.1169 -25.5779
58.117 -25.5779
58.1171 -25.5779
58.1172 -25.5779
58.1172 -25.5778
58.1173 -25.5778
58.1174 -25.5778
58.1175 -25.5778
58.1176 -25.5778
58.1177 -25.5778
58.1178 -25.5778
58.1179 -25.5778
58.118 -25.5778
58.118 -25.5777
58.1181 -25.5777
58.1182 -25.5777
58.1183 -25.5777
58.1184 -25.5777
58.1185 -25.5777
58.1186 -25.5777
58.1187 -25.5777
58.1188 -25.5777
58.1188 -25.5776
58.1189 -25.5776
58.119 -25.5776
58.1191 -25.5776
58.1192 -25.5776
58.1193 -25.5776
58.1194 -25.5776
58.1195 -25.5776
58.1196 -25.5776
58.1197 -25.5775
58.1197 -25.5775
58.1198 -25.5775
58.1199 -25.5775
58.12 -25.5775
58.1201 -25.5775
58.1202 -25.5775
58.1203 -25.5775
58.1204 -25.5774
58.1205 -25.5774
58.1206 -25.5774
58.1206 -25.5774
58.1207 -25.5774
58.1208 -25.5774
58.1209 -25.5774
58.121 -25.5774
58.1211 -25.5774
58.1212 -25.5773
58.1213 -25.5773
58.1214 -25.5773
58.1215 -25.5773
58.1216 -25.5773
58.1216 -25.5773
58.1217 -25.5773
58.1218 -25.5773
58.1219 -25.5773
58.122 -25.5772
58.1221 -25.5772
58.1222 -25.5772
58.1223 -25.5772
58.1224 -25.5772
58.1225 -25.5772
58.1226 -25.5772
58.1227 -25.5772
58.1227 -25.5772
58.1228 -25.5771
58.1229 -25.5771
58.123 -25.5771
58.1231 -25.5771
58.1232 -25.5771
58.1233 -25.5771
58.1234 -25.5771
58.1235 -25.5771
58.1236 -25.5771
58.1237 -25.577
58.1238 -25.577
58.1239 -25.577
58.124 -25.577
58.124 -25.577
58.1241 -25.577
58.1242 -25.577
58.1243 -25.577
58.1244 -25.577
58.1245 -25.5769
58.1246 -25.5769
58.1247 -25.5769
58.1248 -25.5769
58.1249 -25.5769
58.125 -25.5769
58.1251 -25.5769
58.1252 -25.5769
58.1253 -25.5768
58.1254 -25.5768
58.1255 -25.5768
58.1256 -25.5768
58.1256 -25.5768
58.1257 -25.5768
58.1258 -25.5768
58.1259 -25.5768
58.126 -25.5768
58.1261 -25.5767
58.1262 -25.5767
58.1263 -25.5767
58.1264 -25.5767
58.1265 -25.5767
58.1266 -25.5767
58.1267 -25.5767
58.1268 -25.5767
58.1269 -25.5767
58.127 -25.5766
58.1271 -25.5766
58.1272 -25.5766
58.1273 -25.5766
58.1274 -25.5766
58.1275 -25.5766
58.1275 -25.5766
58.1276 -25.5766
58.1277 -25.5766
58.1278 -25.5765
58.1279 -25.5765
58.128 -25.5765
58.1281 -25.5765
58.1282 -25.5765
58.1283 -25.5765
58.1284 -25.5765
58.1285 -25.5765
58.1286 -25.5765
58.1287 -25.5764
58.1288 -25.5764
58.1289 -25.5764
58.129 -25.5764
58.1291 -25.5764
58.1292 -25.5764
58.1293 -25.5764
58.1294 -25.5764
58.1295 -25.5764
58.1296 -25.5763
58.1297 -25.5763
58.1298 -25.5763
58.1299 -25.5763
58.13 -25.5763
58.1301 -25.5763
58.1302 -25.5763
58.1303 -25.5763
58.1304 -25.5763
58.1305 -25.5762
58.1306 -25.5762
58.1307 -25.5762
58.1308 -25.5762
58.1308 -25.5762
58.1309 -25.5762
58.131 -25.5762
58.1311 -25.5762
58.1312 -25.5762
58.1313 -25.5761
58.1314 -25.5761
58.1315 -25.5761
58.1316 -25.5761
58.1317 -25.5761
58.1318 -25.5761
58.1319 -25.5761
58.132 -25.5761
58.1321 -25.5761
58.1322 -25.576
58.1323 -25.576
58.1324 -25.576
58.1325 -25.576
58.1326 -25.576
58.1327 -25.576
58.1328 -25.576
58.1329 -25.576
58.133 -25.576
58.1331 -25.5759
58.1332 -25.5759
58.1333 -25.5759
58.1334 -25.5759
58.1335 -25.5759
58.1336 -25.5759
58.1337 -25.5759
58.1338 -25.5759
58.1339 -25.5759
58.134 -25.5758
58.1341 -25.5758
58.1342 -25.5758
58.1343 -25.5758
58.1344 -25.5758
58.1345 -25.5758
58.1346 -25.5758
58.1347 -25.5758
58.1348 -25.5758
58.1349 -25.5757
58.135 -25.5757
58.1351 -25.5757
58.1352 -25.5757
58.1353 -25.5757
58.1354 -25.5757
58.1355 -25.5757
58.1356 -25.5757
58.1357 -25.5757
58.1358 -25.5756
58.1359 -25.5756
58.136 -25.5756
58.1362 -25.5756
58.1363 -25.5756
58.1364 -25.5756
58.1365 -25.5756
58.1366 -25.5756
58.1367 -25.5756
58.1368 -25.5755
58.1369 -25.5755
58.137 -25.5755
58.1371 -25.5755
58.1372 -25.5755
58.1373 -25.5755
58.1374 -25.5755
58.1375 -25.5755
58.1376 -25.5755
58.1377 -25.5754
58.1378 -25.5754
58.1379 -25.5754
58.138 -25.5754
58.1381 -25.5754
58.1382 -25.5754
58.1383 -25.5754
58.1384 -25.5754
58.1385 -25.5754
58.1386 -25.5753
58.1387 -25.5753
58.1388 -25.5753
58.1389 -25.5753
58.139 -25.5753
58.1391 -25.5753
58.1392 -25.5753
58.1393 -25.5753
58.1394 -25.5753
58.1396 -25.5752
58.1397 -25.5752
58.1398 -25.5752
58.1399 -25.5752
58.14 -25.5752
58.1401 -25.5752
58.1402 -25.5752
58.1403 -25.5752
58.1404 -25.5752
58.1405 -25.5751
58.1406 -25.5751
58.1407 -25.5751
58.1408 -25.5751
58.1409 -25.5751
58.141 -25.5751
58.1411 -25.5751
58.1412 -25.5751
58.1413 -25.5751
58.1414 -25.575
58.1415 -25.575
58.1416 -25.575
58.1418 -25.575
58.1419 -25.575
58.142 -25.575
58.1421 -25.575
58.1422 -25.575
58.1423 -25.575
58.1424 -25.5749
58.1425 -25.5749
58.1426 -25.5749
58.1427 -25.5749
58.1428 -25.5749
58.1429 -25.5749
58.143 -25.5749
58.1431 -25.5749
58.1432 -25.5749
58.1433 -25.5748
58.1435 -25.5748
58.1436 -25.5748
58.1437 -25.5748
58.1438 -25.5748
58.1439 -25.5748
58.144 -25.5748
58.1441 -25.5748
58.1442 -25.5748
58.1443 -25.5748
58.1444 -25.5747
58.1445 -25.5747
58.1446 -25.5747
58.1447 -25.5747
58.1448 -25.5747
58.145 -25.5747
58.1451 -25.5747
58.1452 -25.5747
58.1453 -25.5747
58.1454 -25.5746
58.1455 -25.5746
58.1456 -25.5746
58.1457 -25.5746
58.1458 -25.5746
58.1459 -25.5746
58.146 -25.5746
58.1461 -25.5746
58.1463 -25.5746
58.1464 -25.5745
58.1465 -25.5745
58.1466 -25.5745
58.1467 -25.5745
58.1468 -25.5745
58.1469 -25.5745
58.147 -25.5745
58.1471 -25.5745
58.1472 -25.5745
58.1473 -25.5744
58.1475 -25.5744
58.1476 -25.5744
58.1477 -25.5744
58.1478 -25.5744
58.1479 -25.5744
58.148 -25.5744
58.1481 -25.5744
58.1482 -25.5744
58.1483 -25.5743
58.1484 -25.5743
58.1485 -25.5743
58.1487 -25.5743
58.1488 -25.5743
58.1489 -25.5743
58.149 -25.5743
58.1491 -25.5743
58.1492 -25.5743
58.1493 -25.5742
58.1494 -25.5742
58.1495 -25.5742
58.1497 -25.5742
58.1498 -25.5742
58.1499 -25.5742
58.15 -25.5742
58.1501 -25.5742
58.1502 -25.5742
58.1503 -25.5742
58.1504 -25.5741
58.1505 -25.5741
58.1507 -25.5741
58.1508 -25.5741
58.1509 -25.5741
58.151 -25.5741
58.1511 -25.5741
58.1512 -25.5741
58.1513 -25.5741
58.1514 -25.574
58.1515 -25.574
58.1517 -25.574
58.1518 -25.574
58.1519 -25.574
58.152 -25.574
58.1521 -25.574
58.1522 -25.574
58.1523 -25.574
58.1524 -25.5739
58.1526 -25.5739
58.1527 -25.5739
58.1528 -25.5739
58.1529 -25.5739
58.153 -25.5739
58.1531 -25.5739
58.1532 -25.5739
58.1533 -25.5739
58.1535 -25.5739
58.1536 -25.5738
58.1537 -25.5738
58.1538 -25.5738
58.1539 -25.5738
58.154 -25.5738
58.1541 -25.5738
58.1542 -25.5738
58.1544 -25.5738
58.1545 -25.5738
58.1546 -25.5737
58.1547 -25.5737
58.1548 -25.5737
58.1549 -25.5737
58.155 -25.5737
58.1552 -25.5737
58.1553 -25.5737
58.1554 -25.5737
58.1555 -25.5737
58.1556 -25.5736
58.1557 -25.5736
58.1558 -25.5736
58.156 -25.5736
58.1561 -25.5736
58.1562 -25.5736
58.1563 -25.5736
58.1564 -25.5736
58.1565 -25.5736
58.1566 -25.5735
58.1568 -25.5735
58.1569 -25.5735
58.157 -25.5735
58.1571 -25.5735
58.1572 -25.5735
58.1573 -25.5735
58.1575 -25.5735
58.1576 -25.5735
58.1577 -25.5735
58.1578 -25.5734
58.1579 -25.5734
58.158 -25.5734
58.1581 -25.5734
58.1583 -25.5734
58.1584 -25.5734
58.1585 -25.5734
58.1586 -25.5734
58.1587 -25.5734
58.1588 -25.5733
58.159 -25.5733
58.1591 -25.5733
58.1592 -25.5733
58.1593 -25.5733
58.1594 -25.5733
58.1595 -25.5733
58.1597 -25.5733
58.1598 -25.5733
58.1599 -25.5733
58.16 -25.5732
58.1601 -25.5732
58.1602 -25.5732
58.1604 -25.5732
58.1605 -25.5732
58.1606 -25.5732
58.1607 -25.5732
58.1608 -25.5732
58.161 -25.5732
58.1611 -25.5731
58.1612 -25.5731
58.1613 -25.5731
58.1614 -25.5731
58.1615 -25.5731
58.1617 -25.5731
58.1618 -25.5731
58.1619 -25.5731
58.162 -25.5731
58.1621 -25.573
58.1622 -25.573
58.1624 -25.573
58.1625 -25.573
58.1626 -25.573
58.1627 -25.573
58.1628 -25.573
58.163 -25.573
58.1631 -25.573
58.1632 -25.573
58.1633 -25.5729
58.1634 -25.5729
58.1636 -25.5729
58.1637 -25.5729
58.1638 -25.5729
58.1639 -25.5729
58.164 -25.5729
58.1642 -25.5729
58.1643 -25.5729
58.1644 -25.5728
58.1645 -25.5728
58.1646 -25.5728
58.1647 -25.5728
58.1649 -25.5728
58.165 -25.5728
58.1651 -25.5728
58.1652 -25.5728
58.1653 -25.5728
58.1655 -25.5728
58.1656 -25.5727
58.1657 -25.5727
58.1658 -25.5727
58.166 -25.5727
58.1661 -25.5727
58.1662 -25.5727
58.1663 -25.5727
58.1664 -25.5727
58.1666 -25.5727
58.1667 -25.5726
58.1668 -25.5726
58.1669 -25.5726
58.167 -25.5726
58.1672 -25.5726
58.1673 -25.5726
58.1674 -25.5726
58.1675 -25.5726
58.1676 -25.5726
58.1678 -25.5726
58.1679 -25.5725
58.168 -25.5725
58.1681 -25.5725
58.1683 -25.5725
58.1684 -25.5725
58.1685 -25.5725
58.1686 -25.5725
58.1687 -25.5725
58.1689 -25.5725
58.169 -25.5724
58.1691 -25.5724
58.1692 -25.5724
58.1694 -25.5724
58.1695 -25.5724
58.1696 -25.5724
58.1697 -25.5724
58.1698 -25.5724
58.17 -25.5724
58.1701 -25.5724
58.1702 -25.5723
58.1703 -25.5723
58.1705 -25.5723
58.1706 -25.5723
58.1707 -25.5723
58.1708 -25.5723
58.1709 -25.5723
58.1711 -25.5723
58.1712 -25.5723
58.1713 -25.5722
58.1714 -25.5722
58.1716 -25.5722
58.1717 -25.5722
58.1718 -25.5722
58.1719 -25.5722
58.1721 -25.5722
58.1722 -25.5722
58.1723 -25.5722
58.1724 -25.5722
58.1726 -25.5721
58.1727 -25.5721
58.1728 -25.5721
58.1729 -25.5721
58.1731 -25.5721
58.1732 -25.5721
58.1733 -25.5721
58.1734 -25.5721
58.1736 -25.5721
58.1737 -25.572
58.1738 -25.572
58.1739 -25.572
58.1741 -25.572
58.1742 -25.572
58.1743 -25.572
58.1744 -25.572
58.1746 -25.572
58.1747 -25.572
58.1748 -25.572
58.1749 -25.5719
58.1751 -25.5719
58.1752 -25.5719
58.1753 -25.5719
58.1754 -25.5719
58.1756 -25.5719
58.1757 -25.5719
58.1758 -25.5719
58.1759 -25.5719
58.1761 -25.5718
58.1762 -25.5718
58.1763 -25.5718
58.1764 -25.5718
58.1766 -25.5718
58.1767 -25.5718
58.1768 -25.5718
58.1769 -25.5718
58.1771 -25.5718
58.1772 -25.5718
58.1773 -25.5717
58.1775 -25.5717
58.1776 -25.5717
58.1777 -25.5717
58.1778 -25.5717
58.178 -25.5717
58.1781 -25.5717
58.1782 -25.5717
58.1783 -25.5717
58.1785 -25.5717
58.1786 -25.5716
58.1787 -25.5716
58.1789 -25.5716
58.179 -25.5716
58.1791 -25.5716
58.1792 -25.5716
58.1794 -25.5716
58.1795 -25.5716
58.1796 -25.5716
58.1798 -25.5715
58.1799 -25.5715
58.18 -25.5715
58.1801 -25.5715
58.1803 -25.5715
58.1804 -25.5715
58.1805 -25.5715
58.1807 -25.5715
58.1808 -25.5715
58.1809 -25.5715
58.181 -25.5714
58.1812 -25.5714
58.1813 -25.5714
58.1814 -25.5714
58.1816 -25.5714
58.1817 -25.5714
58.1818 -25.5714
58.1819 -25.5714
58.1821 -25.5714
58.1822 -25.5714
58.1823 -25.5713
58.1825 -25.5713
58.1826 -25.5713
58.1827 -25.5713
58.1829 -25.5713
58.183 -25.5713
58.1831 -25.5713
58.1832 -25.5713
58.1834 -25.5713
58.1835 -25.5712
58.1836 -25.5712
58.1838 -25.5712
58.1839 -25.5712
58.184 -25.5712
58.1842 -25.5712
58.1843 -25.5712
58.1844 -25.5712
58.1845 -25.5712
58.1847 -25.5712
58.1848 -25.5711
58.1849 -25.5711
58.1851 -25.5711
58.1852 -25.5711
58.1853 -25.5711
58.1855 -25.5711
58.1856 -25.5711
58.1857 -25.5711
58.1859 -25.5711
58.186 -25.5711
58.1861 -25.571
58.1863 -25.571
58.1864 -25.571
58.1865 -25.571
58.1866 -25.571
58.1868 -25.571
58.1869 -25.571
58.187 -25.571
58.1872 -25.571
58.1873 -25.5709
58.1874 -25.5709
58.1876 -25.5709
58.1877 -25.5709
58.1878 -25.5709
58.188 -25.5709
58.1881 -25.5709
58.1882 -25.5709
58.1884 -25.5709
58.1885 -25.5709
58.1886 -25.5708
58.1888 -25.5708
58.1889 -25.5708
58.189 -25.5708
58.1892 -25.5708
58.1893 -25.5708
58.1894 -25.5708
58.1896 -25.5708
58.1897 -25.5708
58.1898 -25.5708
58.19 -25.5707
58.1901 -25.5707
58.1902 -25.5707
58.1904 -25.5707
58.1905 -25.5707
58.1906 -25.5707
58.1908 -25.5707
58.1909 -25.5707
58.191 -25.5707
58.1912 -25.5707
58.1913 -25.5706
58.1914 -25.5706
58.1916 -25.5706
58.1917 -25.5706
58.1918 -25.5706
58.192 -25.5706
58.1921 -25.5706
58.1922 -25.5706
58.1924 -25.5706
58.1925 -25.5706
58.1927 -25.5705
58.1928 -25.5705
58.1929 -25.5705
58.1931 -25.5705
58.1932 -25.5705
58.1933 -25.5705
58.1935 -25.5705
58.1936 -25.5705
58.1937 -25.5705
58.1939 -25.5704
58.194 -25.5704
58.1941 -25.5704
58.1943 -25.5704
58.1944 -25.5704
58.1946 -25.5704
58.1947 -25.5704
58.1948 -25.5704
58.195 -25.5704
58.1951 -25.5704
58.1952 -25.5703
58.1954 -25.5703
58.1955 -25.5703
58.1956 -25.5703
58.1958 -25.5703
58.1959 -25.5703
58.1961 -25.5703
58.1962 -25.5703
58.1963 -25.5703
58.1965 -25.5703
58.1966 -25.5702
58.1967 -25.5702
58.1969 -25.5702
58.197 -25.5702
58.1971 -25.5702
58.1973 -25.5702
58.1974 -25.5702
58.1976 -25.5702
58.1977 -25.5702
58.1978 -25.5702
58.198 -25.5701
58.1981 -25.5701
58.1982 -25.5701
58.1984 -25.5701
58.1985 -25.5701
58.1987 -25.5701
58.1988 -25.5701
58.1989 -25.5701
58.1991 -25.5701
58.1992 -25.5701
58.1994 -25.57
58.1995 -25.57
58.1996 -25.57
58.1998 -25.57
58.1999 -25.57
58.2 -25.57
58.2002 -25.57
58.2003 -25.57
58.2005 -25.57
58.2006 -25.57
58.2007 -25.5699
58.2009 -25.5699
58.201 -25.5699
58.2012 -25.5699
58.2013 -25.5699
58.2014 -25.5699
58.2016 -25.5699
58.2017 -25.5699
58.2019 -25.5699
58.202 -25.5699
58.2021 -25.5698
58.2023 -25.5698
58.2024 -25.5698
58.2026 -25.5698
58.2027 -25.5698
58.2028 -25.5698
58.203 -25.5698
58.2031 -25.5698
58.2033 -25.5698
58.2034 -25.5698
58.2035 -25.5697
58.2037 -25.5697
58.2038 -25.5697
58.204 -25.5697
58.2041 -25.5697
58.2042 -25.5697
58.2044 -25.5697
58.2045 -25.5697
58.2047 -25.5697
58.2048 -25.5697
58.2049 -25.5696
58.2051 -25.5696
58.2052 -25.5696
58.2054 -25.5696
58.2055 -25.5696
58.2057 -25.5696
58.2058 -25.5696
58.2059 -25.5696
58.2061 -25.5696
58.2062 -25.5696
58.2064 -25.5695
58.2065 -25.5695
58.2066 -25.5695
58.2068 -25.5695
58.2069 -25.5695
58.2071 -25.5695
58.2072 -25.5695
58.2074 -25.5695
58.2075 -25.5695
58.2076 -25.5695
58.2078 -25.5694
58.2079 -25.5694
58.2081 -25.5694
58.2082 -25.5694
58.2084 -25.5694
58.2085 -25.5694
58.2086 -25.5694
58.2088 -25.5694
58.2089 -25.5694
58.2091 -25.5694
58.2092 -25.5693
58.2094 -25.5693
58.2095 -25.5693
58.2096 -25.5693
58.2098 -25.5693
58.2099 -25.5693
58.2101 -25.5693
58.2102 -25.5693
58.2104 -25.5693
58.2105 -25.5693
58.2107 -25.5692
58.2108 -25.5692
58.2109 -25.5692
58.2111 -25.5692
58.2112 -25.5692
58.2114 -25.5692
58.2115 -25.5692
58.2117 -25.5692
58.2118 -25.5692
58.212 -25.5692
58.2121 -25.5691
58.2122 -25.5691
58.2124 -25.5691
58.2125 -25.5691
58.2127 -25.5691
58.2128 -25.5691
58.213 -25.5691
58.2131 -25.5691
58.2133 -25.5691
58.2134 -25.5691
58.2135 -25.569
58.2137 -25.569
58.2138 -25.569
58.214 -25.569
58.2141 -25.569
58.2143 -25.569
58.2144 -25.569
58.2146 -25.569
58.2147 -25.569
58.2149 -25.569
58.215 -25.5689
58.2152 -25.5689
58.2153 -25.5689
58.2154 -25.5689
58.2156 -25.5689
58.2157 -25.5689
58.2159 -25.5689
58.216 -25.5689
58.2162 -25.5689
58.2163 -25.5689
58.2165 -25.5688
58.2166 -25.5688
58.2168 -25.5688
58.2169 -25.5688
58.2171 -25.5688
58.2172 -25.5688
58.2174 -25.5688
58.2175 -25.5688
58.2176 -25.5688
58.2178 -25.5688
58.2179 -25.5687
58.2181 -25.5687
58.2182 -25.5687
58.2184 -25.5687
58.2185 -25.5687
58.2187 -25.5687
58.2188 -25.5687
58.219 -25.5687
58.2191 -25.5687
58.2193 -25.5687
58.2194 -25.5686
58.2196 -25.5686
58.2197 -25.5686
58.2199 -25.5686
58.22 -25.5686
58.2202 -25.5686
58.2203 -25.5686
58.2205 -25.5686
58.2206 -25.5686
58.2208 -25.5686
58.2209 -25.5686
58.2211 -25.5685
58.2212 -25.5685
58.2214 -25.5685
58.2215 -25.5685
58.2217 -25.5685
58.2218 -25.5685
58.222 -25.5685
58.2221 -25.5685
58.2223 -25.5685
58.2224 -25.5685
58.2225 -25.5684
58.2227 -25.5684
58.2228 -25.5684
58.223 -25.5684
58.2231 -25.5684
58.2233 -25.5684
58.2234 -25.5684
58.2236 -25.5684
58.2237 -25.5684
58.2239 -25.5684
58.224 -25.5683
58.2242 -25.5683
58.2244 -25.5683
58.2245 -25.5683
58.2247 -25.5683
58.2248 -25.5683
58.225 -25.5683
58.2251 -25.5683
58.2253 -25.5683
58.2254 -25.5683
58.2256 -25.5682
58.2257 -25.5682
58.2259 -25.5682
