0.1 -3.9306
0.2 -7.9329
0.3 -11.8138
0.4 -15.7398
0.5 -19.6692
0.6 -23.5964
0.7 -27.5213
0.8 -31.4439
0.9 -35.3643
1 -39.2824
1.42308 -45.977
2.84283 -52.6746
4.25872 -59.3692
5.67077 -66.0575
7.07888 -72.7325
8.483 -79.3908
9.88302 -86.0251
11.2789 -92.6413
12.6706 -99.2343
14.0582 -105.802
15.4418 -112.347
16.8212 -118.866
18.1965 -125.361
19.5677 -131.83
20.9348 -138.273
22.2977 -144.689
23.6566 -151.078
25.0113 -157.442
26.362 -163.781
27.7085 -170.095
29.051 -176.383
30.3893 -182.645
31.7236 -188.88
33.0538 -195.088
34.3799 -201.269
35.7019 -207.424
37.0198 -213.552
38.3337 -219.654
39.6435 -225.729
40.9492 -231.778
42.2509 -237.8
43.5485 -243.795
44.842 -249.764
46.1315 -255.706
47.417 -261.621
48.6984 -267.509
49.9757 -273.37
51.249 -279.205
52.5183 -285.014
53.7835 -290.796
55.0446 -296.553
56.3018 -302.282
57.5549 -307.985
58.8039 -313.662
60.049 -319.311
61.29 -324.934
62.527 -330.53
63.76 -336.099
64.9889 -341.642
66.2139 -347.157
67.4348 -352.646
68.6517 -358.108
69.8646 -363.544
71.0735 -368.953
72.2784 -374.335
73.4793 -379.69
74.6762 -385.019
75.8691 -390.321
77.058 -395.596
78.2428 -400.844
79.4237 -406.066
80.6006 -411.26
81.7735 -416.428
82.9424 -421.569
84.1074 -426.683
85.2683 -431.77
86.4253 -436.831
87.5782 -441.864
88.7272 -446.87
89.8722 -451.85
91.0132 -456.802
92.1502 -461.728
93.2833 -466.626
94.4124 -471.498
95.5375 -476.342
96.6586 -481.159
97.7757 -485.949
98.8889 -490.712
99.9981 -495.448
101.103 -500.156
102.204 -504.838
103.302 -509.493
104.395 -514.12
105.484 -518.722
106.57 -523.297
107.651 -527.844
108.728 -532.364
109.802 -536.857
110.871 -541.322
111.936 -545.761
112.998 -550.171
114.055 -554.555
115.109 -558.911
116.158 -563.239
117.204 -567.54
118.245 -571.813
119.283 -576.059
120.316 -580.277
121.346 -584.468
122.372 -588.631
123.393 -592.766
124.411 -596.874
125.424 -600.954
126.434 -605.007
127.439 -609.034
128.441 -613.033
129.439 -617.004
130.432 -620.948
131.422 -624.863
132.407 -628.751
133.389 -632.61
134.366 -636.442
135.339 -640.247
136.309 -644.023
137.274 -647.773
138.235 -651.495
139.193 -655.188
140.146 -658.854
141.095 -662.491
142.04 -666.101
142.981 -669.682
143.918 -673.236
144.851 -676.762
145.779 -680.26
146.703 -683.726
147.623 -687.162
148.538 -690.569
149.447 -693.941
150.342 -697.301
151.222 -700.656
152.066 -704.041
152.894 -707.415
153.646 -710.891
154.379 -714.358
155.035 -717.956
155.613 -721.709
156.138 -725.541
156.654 -729.31
157.161 -733.058
157.617 -736.922
158.048 -740.791
158.446 -744.73
158.811 -748.712
159.167 -752.716
159.515 -756.705
159.851 -760.649
160.181 -764.591
160.504 -768.545
160.821 -772.474
161.13 -776.408
161.432 -780.303
161.727 -784.167
162.017 -788.008
162.303 -791.831
162.586 -795.634
162.865 -799.428
163.136 -803.194
163.404 -806.941
163.669 -810.675
163.928 -814.375
164.15 -817.932
164.366 -821.479
164.578 -825.002
164.661 -827.952
164.646 -830.385
164.595 -832.609
164.503 -834.562
164.195 -835.297
163.485 -833.618
162.238 -828.754
160.982 -823.867
160.093 -820.515
159.6 -819.182
159.22 -818.548
159.013 -819.037
158.836 -819.797
158.626 -820.207
158.391 -820.406
158.253 -821.2
158.121 -822.003
157.976 -822.737
157.816 -823.357
157.64 -823.857
157.48 -824.44
157.338 -825.093
157.188 -825.641
157.039 -826.163
156.883 -826.617
156.721 -826.983
156.555 -827.493
156.404 -828.058
156.244 -828.554
156.078 -828.977
155.902 -829.311
155.687 -829.35
155.331 -828.493
154.898 -827.24
154.34 -825.313
153.59 -822.036
152.774 -817.969
152.365 -816.491
152.079 -815.855
151.721 -814.587
151.417 -813.525
151.209 -812.958
151.04 -812.701
150.864 -812.349
150.684 -811.95
150.5 -811.507
150.313 -811.019
150.122 -810.524
149.943 -810.083
149.784 -809.72
149.624 -809.335
149.469 -808.953
149.321 -808.584
149.178 -808.228
149.011 -807.957
148.838 -807.622
148.663 -807.254
148.486 -806.856
148.308 -806.422
148.133 -805.994
147.97 -805.627
147.803 -805.203
147.643 -804.822
147.483 -804.427
147.327 -804.045
147.186 -803.792
147.047 -803.56
146.91 -803.375
146.771 -803.171
146.631 -802.947
146.491 -802.704
146.349 -802.439
146.206 -802.154
146.062 -801.847
145.917 -801.514
145.769 -801.146
145.62 -800.76
145.471 -800.357
145.321 -799.941
145.169 -799.507
145.017 -799.056
144.874 -798.679
144.73 -798.292
144.586 -797.894
144.441 -797.486
144.297 -797.068
144.151 -796.635
144.005 -796.19
143.858 -795.731
143.71 -795.259
143.562 -794.777
143.414 -794.285
143.265 -793.783
143.116 -793.272
142.967 -792.75
142.817 -792.219
142.667 -791.665
142.516 -791.095
142.365 -790.52
142.217 -789.982
142.073 -789.472
141.932 -788.967
141.791 -788.453
141.649 -787.93
141.507 -787.397
141.365 -786.856
141.222 -786.305
141.079 -785.745
140.937 -785.179
140.799 -784.639
140.66 -784.09
140.522 -783.531
140.385 -783.005
140.248 -782.491
140.114 -782.012
139.98 -781.544
139.848 -781.077
139.717 -780.602
139.585 -780.119
139.452 -779.627
139.322 -779.136
139.193 -778.644
139.063 -778.143
138.933 -777.633
138.804 -777.115
138.673 -776.587
138.543 -776.051
138.413 -775.506
138.283 -774.955
138.154 -774.405
138.026 -773.846
137.901 -773.296
137.777 -772.79
137.655 -772.306
137.532 -771.815
137.409 -771.318
137.287 -770.813
137.164 -770.303
137.041 -769.794
136.917 -769.278
136.794 -768.756
136.67 -768.227
136.546 -767.683
136.422 -767.11
136.298 -766.53
136.176 -765.956
136.054 -765.377
135.932 -764.792
135.81 -764.199
135.688 -763.6
135.566 -762.994
135.444 -762.382
135.322 -761.765
135.202 -761.151
135.092 -760.557
134.981 -759.955
134.871 -759.345
134.761 -758.736
134.651 -758.12
134.541 -757.495
134.432 -756.861
134.322 -756.219
134.212 -755.569
134.102 -754.91
133.991 -754.242
133.882 -753.58
133.774 -752.91
133.665 -752.233
133.556 -751.547
133.447 -750.852
133.338 -750.149
133.229 -749.431
133.119 -748.681
133.009 -747.925
132.899 -747.162
132.79 -746.394
132.68 -745.618
132.57 -744.837
132.46 -744.049
132.35 -743.254
132.241 -742.453
132.131 -741.645
132.021 -740.83
131.911 -740.009
131.801 -739.181
131.692 -738.347
131.582 -737.505
131.472 -736.657
131.362 -735.801
131.252 -734.939
131.143 -734.069
131.034 -733.198
130.925 -732.421
130.817 -731.642
130.709 -730.858
130.601 -730.069
130.492 -729.265
130.384 -728.454
130.276 -727.64
130.167 -726.821
130.059 -725.999
129.951 -725.173
129.849 -724.37
129.754 -723.597
129.659 -722.819
129.564 -722.037
129.469 -721.251
129.375 -720.461
129.28 -719.666
129.185 -718.868
129.091 -718.065
128.996 -717.258
128.902 -716.446
128.807 -715.631
128.715 -714.819
128.626 -714.024
128.539 -713.236
128.451 -712.444
128.364 -711.647
128.277 -710.846
128.19 -710.039
128.102 -709.219
128.015 -708.394
127.928 -707.564
127.84 -706.73
127.753 -705.89
127.666 -705.046
127.579 -704.198
127.492 -703.344
127.405 -702.487
127.319 -701.646
127.234 -700.832
127.149 -700.015
127.064 -699.193
126.979 -698.371
126.895 -697.549
126.812 -696.722
126.728 -695.891
126.644 -695.056
126.561 -694.217
126.477 -693.374
126.394 -692.529
126.312 -691.716
126.23 -690.9
126.147 -690.079
126.065 -689.255
125.983 -688.427
125.901 -687.595
125.819 -686.759
125.737 -685.92
125.656 -685.078
125.574 -684.229
125.492 -683.375
125.41 -682.518
125.329 -681.658
125.247 -680.795
125.172 -680.047
125.096 -679.297
125.021 -678.543
124.946 -677.787
124.871 -677.028
124.796 -676.266
124.72 -675.502
124.646 -674.735
124.571 -673.965
124.496 -673.192
124.421 -672.417
124.346 -671.638
124.272 -670.856
124.197 -670.071
124.123 -669.283
124.048 -668.493
123.974 -667.701
123.9 -666.907
123.826 -666.11
123.751 -665.31
123.677 -664.509
123.604 -663.707
123.53 -662.903
123.456 -662.096
123.383 -661.288
123.309 -660.477
123.236 -659.664
123.162 -658.842
123.089 -658.008
123.016 -657.172
122.948 -656.355
122.882 -655.539
122.816 -654.722
122.75 -653.904
122.684 -653.084
122.618 -652.263
122.552 -651.44
122.486 -650.615
122.42 -649.784
122.355 -648.951
122.289 -648.118
122.224 -647.283
122.159 -646.447
122.094 -645.61
122.029 -644.771
121.964 -643.931
121.899 -643.091
121.835 -642.249
121.77 -641.406
121.706 -640.563
121.641 -639.718
121.577 -638.871
121.513 -638.024
121.449 -637.175
121.385 -636.326
121.321 -635.475
121.258 -634.623
121.194 -633.77
121.131 -632.915
121.067 -632.06
121.004 -631.189
120.941 -630.312
120.877 -629.437
120.814 -628.562
120.751 -627.686
120.688 -626.81
120.626 -625.933
120.563 -625.056
120.5 -624.178
120.439 -623.322
120.383 -622.604
120.328 -621.884
120.272 -621.164
120.217 -620.442
120.161 -619.722
120.106 -619
120.051 -618.277
119.996 -617.552
119.941 -616.827
119.886 -616.1
119.831 -615.372
119.777 -614.646
119.725 -613.931
119.674 -613.215
119.622 -612.522
119.571 -611.832
119.52 -611.14
119.469 -610.446
119.418 -609.752
119.367 -609.056
119.316 -608.359
119.266 -607.66
119.215 -606.961
119.165 -606.259
119.114 -605.557
119.064 -604.854
119.014 -604.155
118.965 -603.456
118.915 -602.755
118.865 -602.054
118.816 -601.35
118.766 -600.644
118.717 -599.938
118.668 -599.23
118.618 -598.52
118.569 -597.81
118.52 -597.098
118.471 -596.385
118.426 -595.694
118.382 -595.009
118.339 -594.323
118.295 -593.645
118.254 -593.011
118.213 -592.376
118.172 -591.74
118.13 -591.102
118.089 -590.464
118.048 -589.823
118.008 -589.182
117.967 -588.539
117.926 -587.895
117.885 -587.25
117.845 -586.609
117.804 -585.968
117.764 -585.325
117.724 -584.681
117.683 -584.036
117.643 -583.389
117.603 -582.741
117.563 -582.092
117.523 -581.442
117.483 -580.79
117.443 -580.135
117.404 -579.478
117.364 -578.819
117.325 -578.16
117.285 -577.499
117.246 -576.838
117.207 -576.175
117.167 -575.511
117.128 -574.846
117.089 -574.18
117.05 -573.513
117.012 -572.844
116.973 -572.175
116.934 -571.504
116.896 -570.832
116.857 -570.159
116.819 -569.485
116.781 -568.81
116.742 -568.133
116.704 -567.456
116.666 -566.777
116.629 -566.097
116.591 -565.416
116.553 -564.734
116.515 -564.052
116.478 -563.368
116.441 -562.683
116.403 -561.996
116.366 -561.309
116.329 -560.621
116.292 -559.932
116.255 -559.241
116.218 -558.549
116.181 -557.857
116.144 -557.231
116.105 -556.652
116.067 -556.076
116.029 -555.505
115.991 -554.94
115.952 -554.375
115.914 -553.808
115.876 -553.241
115.838 -552.673
115.8 -552.104
115.763 -551.535
115.725 -550.964
115.687 -550.392
115.65 -549.819
115.612 -549.246
115.575 -548.671
115.537 -548.095
115.5 -547.518
115.463 -546.94
115.426 -546.361
115.389 -545.781
115.352 -545.2
115.315 -544.618
115.278 -544.036
115.241 -543.452
115.205 -542.868
115.168 -542.283
115.132 -541.696
115.095 -541.109
115.059 -540.521
115.024 -539.951
114.99 -539.384
114.956 -538.816
114.922 -538.247
114.888 -537.677
114.854 -537.105
114.82 -536.533
114.786 -535.96
114.753 -535.386
114.719 -534.811
114.686 -534.235
114.652 -533.657
114.619 -533.079
114.585 -532.501
114.552 -531.921
114.519 -531.34
114.486 -530.759
114.453 -530.178
114.42 -529.595
114.387 -529.011
114.355 -528.426
114.322 -527.841
114.289 -527.254
114.257 -526.666
114.224 -526.077
114.192 -525.487
114.16 -524.895
114.128 -524.303
114.096 -523.711
114.064 -523.117
114.032 -522.522
114 -521.926
113.968 -521.329
113.936 -520.731
113.905 -520.132
113.873 -519.532
113.842 -518.931
113.81 -518.33
113.779 -517.727
113.748 -517.124
113.717 -516.519
113.686 -515.914
113.655 -515.307
113.624 -514.699
113.593 -514.09
113.565 -513.543
113.537 -512.997
113.508 -512.45
113.48 -511.902
113.452 -511.353
113.424 -510.803
113.396 -510.251
113.369 -509.697
113.341 -509.142
113.312 -508.663
113.284 -508.268
113.255 -507.85
113.226 -507.43
113.197 -507.009
113.169 -506.587
113.14 -506.165
113.112 -505.745
113.083 -505.335
113.053 -505.013
113.023 -504.691
112.993 -504.367
112.963 -504.042
112.933 -503.716
112.904 -503.389
112.874 -503.06
112.844 -502.731
112.815 -502.401
112.785 -502.069
112.756 -501.737
112.728 -501.418
112.701 -501.106
112.674 -500.793
112.647 -500.479
112.62 -500.164
112.593 -499.847
112.566 -499.53
112.539 -499.212
112.512 -498.892
112.485 -498.572
112.458 -498.25
112.432 -497.929
112.405 -497.608
112.379 -497.285
112.352 -496.961
112.326 -496.636
112.299 -496.31
112.273 -495.983
112.246 -495.655
112.22 -495.326
112.194 -494.996
112.168 -494.665
112.142 -494.333
112.115 -494
112.089 -493.665
112.063 -493.33
112.037 -492.993
112.011 -492.658
111.985 -492.322
111.96 -491.985
111.934 -491.647
111.908 -491.308
111.882 -490.968
111.856 -490.626
111.831 -490.284
111.805 -489.94
111.779 -489.596
111.754 -489.25
111.728 -488.903
111.703 -488.555
111.677 -488.206
111.652 -487.856
111.627 -487.505
111.602 -487.153
111.576 -486.799
111.551 -486.445
111.526 -486.089
111.501 -485.732
111.476 -485.375
111.451 -485.016
111.426 -484.656
111.401 -484.295
111.376 -483.933
111.352 -483.57
111.327 -483.206
111.302 -482.84
111.278 -482.473
111.253 -482.105
111.229 -481.735
111.204 -481.364
111.18 -480.992
111.155 -480.619
111.131 -480.244
111.107 -479.869
111.083 -479.492
111.059 -479.113
111.035 -478.734
111.011 -478.353
110.987 -477.97
110.963 -477.587
110.939 -477.202
110.915 -476.815
110.891 -476.428
110.867 -476.039
110.844 -475.662
110.822 -475.295
110.799 -474.926
110.777 -474.556
110.755 -474.185
110.732 -473.813
110.71 -473.439
110.688 -473.064
110.666 -472.687
110.643 -472.31
110.621 -471.931
110.599 -471.55
110.577 -471.168
110.556 -470.785
110.534 -470.401
110.512 -470.015
110.49 -469.628
110.468 -469.24
110.447 -468.85
110.425 -468.459
110.404 -468.067
110.382 -467.673
110.361 -467.278
110.339 -466.882
110.318 -466.484
110.297 -466.086
110.276 -465.686
110.255 -465.284
110.234 -464.882
110.212 -464.478
110.192 -464.072
110.171 -463.666
110.15 -463.258
110.129 -462.849
110.108 -462.439
110.088 -462.027
110.067 -461.613
110.046 -461.199
110.026 -460.783
110.005 -460.366
109.985 -459.948
109.965 -459.528
109.944 -459.107
109.924 -458.685
109.904 -458.262
109.884 -457.837
109.864 -457.41
109.844 -456.983
109.824 -456.554
109.804 -456.124
109.784 -455.692
109.764 -455.259
109.745 -454.825
109.725 -454.39
109.706 -453.953
109.686 -453.515
109.667 -453.076
109.647 -452.635
109.628 -452.193
109.609 -451.75
109.59 -451.306
109.57 -450.86
109.551 -450.412
109.532 -449.964
109.513 -449.514
109.495 -449.063
109.476 -448.61
109.457 -448.156
109.438 -447.701
109.42 -447.244
109.401 -446.786
109.383 -446.327
109.364 -445.866
109.346 -445.404
109.328 -444.941
109.309 -444.476
109.291 -444.01
109.273 -443.543
109.255 -443.074
109.237 -442.604
109.219 -442.132
109.201 -441.66
109.184 -441.186
109.166 -440.71
109.148 -440.234
109.131 -439.756
109.113 -439.277
109.096 -438.796
109.078 -438.314
109.061 -437.831
109.044 -437.347
109.027 -436.861
109.009 -436.374
108.992 -435.886
108.975 -435.396
108.959 -434.905
108.942 -434.413
108.925 -433.919
108.908 -433.424
108.892 -432.927
108.875 -432.43
108.859 -431.931
108.842 -431.431
108.826 -430.929
108.81 -430.427
108.793 -429.923
108.777 -429.471
108.759 -429.031
108.742 -428.598
108.725 -428.165
108.708 -427.73
108.691 -427.293
108.674 -426.856
108.657 -426.418
108.64 -425.978
108.623 -425.538
108.606 -425.096
108.59 -424.652
108.573 -424.208
108.556 -423.762
108.54 -423.316
108.523 -422.868
108.507 -422.418
108.491 -421.968
108.475 -421.516
108.458 -421.063
108.442 -420.609
108.426 -420.154
108.41 -419.697
108.394 -419.24
108.378 -418.781
108.363 -418.321
108.347 -417.86
108.331 -417.398
108.316 -416.934
108.3 -416.469
108.285 -416.004
108.269 -415.541
108.254 -415.081
108.239 -414.62
108.224 -414.158
108.209 -413.695
108.194 -413.231
108.18 -412.765
108.165 -412.298
108.15 -411.83
108.136 -411.361
108.121 -410.89
108.107 -410.419
108.092 -409.947
108.078 -409.473
108.064 -408.999
108.049 -408.523
108.035 -408.046
108.021 -407.567
108.007 -407.088
107.993 -406.607
107.979 -406.125
107.966 -405.642
107.952 -405.157
107.938 -404.671
107.925 -404.184
107.911 -403.696
107.898 -403.207
107.884 -402.718
107.871 -402.226
107.858 -401.734
107.845 -401.241
107.831 -400.746
107.818 -400.25
107.805 -399.753
107.793 -399.255
107.78 -398.756
107.767 -398.256
107.754 -397.754
107.742 -397.251
107.729 -396.748
107.716 -396.244
107.704 -395.761
107.691 -395.28
107.678 -394.798
107.665 -394.316
107.652 -393.832
107.639 -393.346
107.627 -392.86
107.614 -392.373
107.602 -391.885
107.589 -391.395
107.577 -390.905
107.565 -390.414
107.552 -389.921
107.54 -389.426
107.528 -388.929
107.517 -388.43
107.505 -387.93
107.493 -387.43
107.481 -386.928
107.47 -386.425
107.458 -385.921
107.447 -385.416
107.436 -384.909
107.424 -384.402
107.413 -383.893
107.402 -383.383
107.391 -382.872
107.38 -382.36
107.369 -381.847
107.358 -381.333
107.347 -380.817
107.336 -380.301
107.326 -379.783
107.315 -379.265
107.305 -378.745
107.292 -378.299
107.279 -377.924
107.265 -377.545
107.251 -377.165
107.237 -376.784
107.224 -376.402
107.21 -376.019
107.197 -375.634
107.183 -375.249
107.17 -374.863
107.156 -374.475
107.143 -374.087
107.13 -373.697
107.117 -373.307
107.104 -372.915
107.091 -372.522
107.078 -372.129
107.065 -371.734
107.052 -371.338
107.039 -370.941
107.026 -370.543
107.013 -370.144
107.001 -369.744
106.988 -369.343
106.975 -368.941
106.963 -368.538
106.95 -368.134
106.938 -367.73
106.926 -367.324
106.913 -366.917
106.901 -366.509
106.889 -366.1
106.877 -365.69
106.865 -365.279
106.853 -364.867
106.841 -364.454
106.829 -364.04
106.817 -363.625
106.805 -363.209
106.793 -362.792
106.782 -362.375
106.77 -361.956
106.759 -361.536
106.747 -361.115
106.736 -360.694
106.724 -360.271
106.713 -359.847
106.702 -359.422
106.691 -358.996
106.679 -358.57
106.668 -358.142
106.657 -357.713
106.646 -357.283
106.635 -356.852
106.625 -356.421
106.614 -355.988
106.603 -355.554
106.592 -355.119
106.582 -354.683
106.571 -354.245
106.561 -353.807
106.55 -353.368
106.54 -352.928
106.53 -352.486
106.519 -352.044
106.509 -351.601
106.499 -351.156
106.489 -350.711
106.479 -350.266
106.469 -349.819
106.459 -349.373
106.449 -348.926
106.439 -348.478
106.43 -348.029
106.42 -347.579
106.41 -347.132
106.4 -346.699
106.39 -346.264
106.38 -345.829
106.37 -345.393
106.361 -344.955
106.351 -344.517
106.341 -344.078
106.332 -343.637
106.322 -343.196
106.313 -342.754
106.304 -342.311
106.294 -341.867
106.285 -341.422
106.276 -340.976
106.267 -340.529
106.258 -340.082
106.249 -339.633
106.24 -339.184
106.231 -338.733
106.222 -338.282
106.213 -337.829
106.205 -337.376
106.196 -336.921
106.187 -336.466
106.179 -336.01
106.17 -335.554
106.162 -335.096
106.154 -334.637
106.146 -334.178
106.137 -333.717
106.129 -333.255
106.121 -332.793
106.113 -332.329
106.105 -331.865
106.097 -331.399
106.089 -330.959
106.079 -330.568
106.069 -330.172
106.059 -329.775
106.049 -329.377
106.04 -328.978
106.03 -328.578
106.02 -328.178
106.011 -327.776
106.001 -327.374
105.992 -326.971
105.983 -326.567
105.973 -326.162
105.964 -325.756
105.955 -325.349
105.946 -324.941
105.937 -324.532
105.928 -324.122
105.919 -323.711
105.91 -323.3
105.901 -322.887
105.892 -322.474
105.883 -322.059
105.874 -321.651
105.865 -321.247
105.856 -320.844
105.848 -320.451
105.84 -320.056
105.831 -319.661
105.823 -319.265
105.815 -318.868
105.807 -318.47
105.799 -318.071
105.791 -317.668
105.783 -317.265
105.775 -316.861
105.767 -316.456
105.76 -316.05
105.752 -315.644
105.745 -315.237
105.737 -314.828
105.73 -314.419
105.722 -314.009
105.715 -313.598
105.708 -313.186
105.701 -312.773
105.693 -312.359
105.686 -311.945
105.679 -311.529
105.672 -311.113
105.665 -310.696
105.658 -310.278
105.652 -309.859
105.645 -309.439
105.638 -309.018
105.632 -308.596
105.625 -308.173
105.619 -307.75
105.612 -307.326
105.606 -306.9
105.599 -306.474
105.593 -306.047
105.587 -305.619
105.581 -305.191
105.575 -304.761
105.569 -304.331
105.563 -303.899
105.557 -303.467
105.551 -303.034
105.545 -302.6
105.539 -302.165
105.534 -301.729
105.528 -301.293
105.522 -300.855
105.517 -300.418
105.511 -299.979
105.506 -299.54
105.501 -299.1
105.495 -298.659
105.49 -298.217
105.485 -297.774
105.48 -297.329
105.475 -296.882
105.47 -296.434
105.466 -295.986
105.461 -295.538
105.456 -295.088
105.452 -294.638
105.447 -294.187
105.443 -293.735
105.438 -293.282
105.434 -292.829
105.43 -292.375
105.425 -291.92
105.421 -291.464
105.417 -291.007
105.413 -290.549
105.409 -290.09
105.405 -289.631
105.401 -289.171
105.398 -288.709
105.394 -288.247
105.39 -287.785
105.387 -287.321
105.383 -286.857
105.379 -286.392
105.376 -285.926
105.373 -285.459
105.369 -284.992
105.366 -284.524
105.363 -284.054
105.36 -283.584
105.357 -283.113
105.354 -282.641
105.351 -282.168
105.348 -281.694
105.345 -281.219
105.343 -280.743
105.336 -280.397
105.329 -280.088
105.321 -279.801
105.313 -279.513
105.306 -279.224
105.297 -279.004
105.288 -278.755
105.279 -278.53
105.27 -278.305
105.261 -278.079
105.252 -277.852
105.243 -277.625
105.234 -277.397
105.225 -277.168
105.216 -276.939
105.208 -276.708
105.199 -276.478
105.19 -276.247
105.181 -276.015
105.173 -275.783
105.164 -275.55
105.156 -275.316
105.147 -275.082
105.138 -274.848
105.13 -274.613
105.121 -274.377
105.113 -274.141
105.105 -273.904
105.096 -273.667
105.088 -273.429
105.08 -273.191
105.071 -272.951
105.063 -272.712
105.055 -272.472
105.047 -272.231
105.039 -271.989
105.03 -271.748
105.022 -271.505
105.014 -271.262
105.006 -271.018
104.998 -270.774
104.99 -270.529
104.983 -270.283
104.975 -270.038
104.967 -269.798
104.959 -269.557
104.951 -269.316
104.943 -269.075
104.935 -268.832
104.927 -268.589
104.919 -268.346
104.911 -268.102
104.904 -267.858
104.896 -267.612
104.888 -267.367
104.88 -267.121
104.873 -266.874
104.865 -266.627
104.858 -266.379
104.85 -266.13
104.843 -265.881
104.835 -265.631
104.828 -265.381
104.82 -265.13
104.813 -264.879
104.806 -264.627
104.799 -264.374
104.791 -264.121
104.784 -263.867
104.777 -263.613
104.77 -263.358
104.763 -263.102
104.756 -262.846
104.749 -262.59
104.742 -262.332
104.734 -262.084
104.725 -261.886
104.716 -261.688
104.707 -261.489
104.698 -261.29
104.69 -261.091
104.681 -260.891
104.672 -260.69
104.663 -260.489
104.654 -260.287
104.645 -260.085
104.637 -259.882
104.628 -259.679
104.619 -259.475
104.611 -259.271
104.602 -259.067
104.593 -258.861
104.585 -258.655
104.576 -258.449
104.568 -258.242
104.559 -258.035
104.551 -257.827
104.542 -257.619
104.534 -257.41
104.525 -257.201
104.517 -256.991
104.509 -256.78
104.5 -256.569
104.492 -256.358
104.484 -256.146
104.476 -255.934
104.468 -255.721
104.459 -255.507
104.451 -255.293
104.443 -255.079
104.435 -254.864
104.427 -254.648
104.419 -254.433
104.411 -254.218
104.403 -254.001
104.395 -253.785
104.387 -253.568
104.379 -253.35
104.372 -253.132
104.364 -252.913
104.356 -252.694
104.348 -252.475
104.34 -252.254
104.333 -252.034
104.325 -251.812
104.317 -251.591
104.31 -251.369
104.302 -251.146
104.295 -250.923
104.287 -250.699
104.28 -250.475
104.272 -250.25
104.265 -250.025
104.257 -249.799
104.25 -249.573
104.243 -249.346
104.236 -249.119
104.228 -248.891
104.221 -248.662
104.214 -248.433
104.206 -248.215
104.198 -248.034
104.19 -247.852
104.181 -247.669
104.173 -247.486
104.165 -247.303
104.157 -247.119
104.148 -246.935
104.14 -246.75
104.132 -246.565
104.124 -246.379
104.116 -246.193
104.108 -246.006
104.1 -245.819
104.092 -245.631
104.084 -245.443
104.076 -245.254
104.068 -245.07
104.059 -244.885
104.051 -244.699
104.043 -244.513
104.035 -244.327
104.027 -244.14
104.019 -243.953
104.011 -243.765
104.003 -243.577
103.995 -243.388
103.987 -243.199
103.979 -243.026
103.97 -242.853
103.962 -242.679
103.954 -242.504
103.945 -242.33
103.937 -242.154
103.929 -241.979
103.921 -241.803
103.912 -241.626
103.904 -241.449
103.896 -241.271
103.888 -241.093
103.88 -240.915
103.872 -240.736
103.864 -240.557
103.856 -240.377
103.848 -240.197
103.84 -240.016
103.832 -239.835
103.824 -239.653
103.816 -239.471
103.808 -239.288
103.8 -239.105
103.792 -238.922
103.785 -238.738
103.777 -238.553
103.769 -238.369
103.761 -238.183
103.754 -237.997
103.746 -237.811
103.738 -237.625
103.731 -237.437
103.723 -237.25
103.716 -237.062
103.708 -236.873
103.701 -236.684
103.693 -236.495
103.686 -236.305
103.678 -236.114
103.671 -235.924
103.664 -235.735
103.657 -235.547
103.649 -235.358
103.642 -235.169
103.635 -234.98
103.628 -234.79
103.621 -234.6
103.614 -234.409
103.607 -234.218
103.6 -234.026
103.593 -233.834
103.587 -233.642
103.58 -233.449
103.573 -233.255
103.566 -233.061
103.559 -232.867
103.553 -232.672
103.544 -232.534
103.536 -232.401
103.528 -232.267
103.519 -232.133
103.511 -231.998
103.503 -231.862
103.494 -231.727
103.486 -231.591
103.478 -231.454
103.469 -231.318
103.461 -231.18
103.453 -231.043
103.445 -230.905
103.437 -230.766
103.429 -230.628
103.421 -230.489
103.412 -230.349
103.404 -230.209
103.396 -230.069
103.388 -229.928
103.38 -229.787
103.372 -229.646
103.364 -229.504
103.356 -229.362
103.348 -229.225
103.34 -229.091
103.332 -228.956
103.324 -228.821
103.316 -228.686
103.307 -228.551
103.299 -228.415
103.291 -228.28
103.283 -228.146
103.275 -228.012
103.267 -227.878
103.259 -227.744
103.251 -227.609
103.243 -227.473
103.234 -227.338
103.226 -227.201
103.218 -227.065
103.21 -226.928
103.202 -226.791
103.194 -226.653
103.187 -226.515
103.179 -226.377
103.171 -226.238
103.163 -226.099
103.155 -225.96
103.147 -225.82
103.139 -225.68
103.132 -225.539
103.124 -225.398
103.116 -225.257
103.108 -225.115
103.101 -224.973
103.093 -224.83
103.085 -224.687
103.078 -224.544
103.07 -224.4
103.062 -224.256
103.055 -224.112
103.047 -223.967
103.04 -223.822
103.032 -223.676
103.025 -223.531
103.017 -223.384
103.01 -223.238
103.002 -223.091
102.995 -222.943
102.987 -222.795
102.98 -222.647
102.973 -222.499
102.965 -222.35
102.958 -222.201
102.951 -222.051
102.943 -221.901
102.936 -221.751
102.929 -221.6
102.922 -221.449
102.914 -221.297
102.907 -221.146
102.9 -220.993
102.893 -220.841
102.886 -220.688
102.879 -220.535
102.872 -220.381
102.865 -220.227
102.858 -220.072
102.851 -219.917
102.844 -219.762
102.837 -219.607
102.83 -219.451
102.823 -219.296
102.816 -219.141
102.809 -218.987
102.802 -218.832
102.795 -218.676
102.788 -218.52
102.781 -218.364
102.774 -218.207
102.768 -218.05
102.761 -217.893
102.754 -217.735
102.747 -217.577
102.741 -217.419
102.734 -217.26
102.727 -217.101
102.721 -216.941
102.713 -216.706
102.706 -216.63
102.699 -216.496
102.692 -216.346
102.685 -216.195
102.678 -216.044
102.671 -215.893
102.664 -215.74
102.657 -215.587
102.65 -215.434
102.643 -215.279
102.636 -215.124
102.629 -214.969
102.622 -214.812
102.615 -214.656
102.608 -214.498
102.602 -214.34
102.595 -214.181
102.588 -214.021
102.581 -213.861
102.574 -213.7
102.568 -213.538
102.561 -213.376
102.554 -213.213
102.548 -213.049
102.541 -212.885
102.534 -212.72
102.528 -212.555
102.521 -212.388
102.515 -212.221
102.508 -212.054
102.502 -211.886
102.495 -211.717
102.489 -211.547
102.482 -211.377
102.476 -211.206
102.47 -211.035
102.463 -210.862
102.457 -210.689
102.451 -210.516
102.444 -210.341
102.438 -210.166
102.432 -209.991
102.426 -209.81
102.42 -209.627
102.414 -209.445
102.408 -209.262
102.402 -209.079
102.396 -208.895
102.39 -208.711
102.384 -208.526
102.378 -208.34
102.373 -208.153
102.367 -207.966
102.361 -207.778
102.355 -207.589
102.35 -207.399
102.344 -207.209
102.338 -207.018
102.333 -206.826
102.327 -206.634
102.321 -206.44
102.316 -206.246
102.31 -206.052
102.305 -205.856
102.299 -205.66
102.294 -205.463
102.288 -205.266
102.283 -205.067
102.278 -204.868
102.272 -204.669
102.267 -204.468
102.262 -204.268
102.256 -204.068
102.251 -203.867
102.246 -203.665
102.241 -203.463
102.235 -203.259
102.23 -203.055
102.225 -202.851
102.22 -202.645
102.215 -202.439
102.21 -202.232
102.205 -202.024
102.2 -201.816
102.195 -201.606
102.19 -201.396
102.185 -201.186
102.18 -200.974
102.175 -200.762
102.17 -200.549
102.166 -200.335
102.161 -200.121
102.156 -199.905
102.151 -199.689
102.147 -199.472
102.142 -199.255
102.138 -199.037
102.133 -198.818
102.128 -198.598
102.124 -198.377
102.119 -198.156
102.115 -197.934
102.111 -197.711
102.106 -197.487
102.102 -197.262
102.098 -197.037
102.093 -196.811
102.089 -196.584
102.085 -196.356
102.081 -196.128
102.076 -195.898
102.072 -195.668
102.068 -195.437
102.064 -195.205
102.06 -194.973
102.056 -194.739
102.052 -194.505
102.048 -194.27
102.044 -194.034
102.041 -193.798
102.037 -193.56
102.033 -193.322
102.029 -193.083
102.025 -192.843
102.022 -192.603
102.018 -192.361
102.014 -192.119
102.011 -191.876
102.007 -191.632
102.004 -191.388
102 -191.142
101.997 -190.896
101.993 -190.65
101.99 -190.402
101.986 -190.158
101.981 -189.916
101.977 -189.672
101.972 -189.428
101.968 -189.183
101.964 -188.937
101.959 -188.691
101.955 -188.443
101.951 -188.195
101.947 -187.946
101.942 -187.696
101.938 -187.446
101.934 -187.194
101.93 -186.942
101.926 -186.689
101.922 -186.435
101.918 -186.181
101.914 -185.926
101.91 -185.67
101.906 -185.413
101.902 -185.155
101.898 -184.897
101.895 -184.637
101.891 -184.377
101.887 -184.117
101.884 -183.855
101.88 -183.593
101.876 -183.33
101.873 -183.066
101.869 -182.801
101.866 -182.536
101.862 -182.27
101.859 -182.003
101.856 -181.735
101.852 -181.467
101.849 -181.198
101.846 -180.928
101.842 -180.657
101.839 -180.385
101.836 -180.113
101.833 -179.84
101.83 -179.566
101.827 -179.291
101.824 -179.016
101.821 -178.739
101.818 -178.462
101.815 -178.184
101.812 -177.906
101.81 -177.626
101.807 -177.346
101.804 -177.065
101.802 -176.783
101.799 -176.5
101.796 -176.225
101.791 -176.064
101.786 -175.902
101.781 -175.739
101.776 -175.576
101.771 -175.412
101.766 -175.248
101.761 -175.083
101.756 -174.917
101.752 -174.746
101.747 -174.574
101.742 -174.401
101.738 -174.228
101.733 -174.054
101.728 -173.88
101.724 -173.705
101.719 -173.529
101.715 -173.353
101.71 -173.177
101.706 -173
101.702 -172.822
101.697 -172.644
101.693 -172.466
101.688 -172.287
101.684 -172.107
101.68 -171.926
101.675 -171.746
101.671 -171.564
101.667 -171.382
101.663 -171.2
101.659 -171.017
101.654 -170.833
101.65 -170.649
101.646 -170.464
101.642 -170.279
101.638 -170.093
101.634 -169.907
101.63 -169.725
101.624 -169.636
101.618 -169.547
101.611 -169.458
101.605 -169.368
101.599 -169.278
101.593 -169.187
101.587 -169.096
101.581 -169.005
101.574 -168.913
101.568 -168.822
101.562 -168.729
101.556 -168.636
101.55 -168.543
101.544 -168.45
101.538 -168.356
101.532 -168.262
101.526 -168.167
101.52 -168.072
101.514 -167.977
101.508 -167.881
101.502 -167.785
101.496 -167.689
101.49 -167.591
101.484 -167.49
101.479 -167.39
101.473 -167.288
101.467 -167.187
101.461 -167.085
101.456 -166.982
101.45 -166.88
101.444 -166.777
101.438 -166.674
101.432 -166.57
101.427 -166.466
101.421 -166.362
101.415 -166.257
101.41 -166.152
101.404 -166.046
101.398 -165.941
101.393 -165.834
101.387 -165.728
101.381 -165.621
101.376 -165.514
101.37 -165.406
101.364 -165.298
101.359 -165.189
101.353 -165.08
101.348 -164.971
101.342 -164.862
101.337 -164.752
101.331 -164.641
101.326 -164.531
101.32 -164.419
101.315 -164.308
101.309 -164.196
101.304 -164.084
101.299 -163.971
101.293 -163.858
101.288 -163.745
101.282 -163.631
101.277 -163.517
101.272 -163.403
101.266 -163.288
101.261 -163.172
101.256 -163.057
101.251 -162.941
101.245 -162.824
101.24 -162.708
101.235 -162.591
101.23 -162.473
101.225 -162.355
101.219 -162.237
101.214 -162.118
101.209 -161.999
101.204 -161.88
101.199 -161.76
101.194 -161.64
101.189 -161.519
101.184 -161.399
101.179 -161.277
101.174 -161.156
101.169 -161.034
101.164 -160.911
101.159 -160.788
101.154 -160.665
101.149 -160.542
101.144 -160.418
101.139 -160.294
101.134 -160.169
101.13 -160.044
101.125 -159.919
101.12 -159.793
101.115 -159.667
101.11 -159.54
101.106 -159.413
101.101 -159.286
101.096 -159.158
101.091 -159.03
101.087 -158.902
101.082 -158.773
101.077 -158.644
101.073 -158.514
101.068 -158.384
101.064 -158.254
101.059 -158.123
101.055 -157.992
101.05 -157.861
101.045 -157.729
101.041 -157.597
101.037 -157.464
101.032 -157.331
101.028 -157.197
101.023 -157.064
101.019 -156.929
101.014 -156.795
101.01 -156.66
101.006 -156.524
101.001 -156.388
100.997 -156.252
100.993 -156.115
100.989 -155.978
100.984 -155.841
100.98 -155.703
100.976 -155.565
100.972 -155.426
100.967 -155.287
100.963 -155.148
100.959 -155.008
100.955 -154.868
100.951 -154.727
100.947 -154.586
100.943 -154.445
100.939 -154.303
100.935 -154.161
100.931 -154.018
100.927 -153.875
100.923 -153.731
100.919 -153.587
100.915 -153.443
100.911 -153.299
100.907 -153.154
100.904 -153.008
100.9 -152.862
100.896 -152.716
100.892 -152.569
100.888 -152.422
100.885 -152.275
100.881 -152.127
100.877 -151.979
100.874 -151.83
100.87 -151.681
100.866 -151.531
100.863 -151.381
100.859 -151.231
100.855 -151.08
100.852 -150.929
100.848 -150.778
100.845 -150.626
100.841 -150.473
100.838 -150.321
100.835 -150.167
100.831 -150.014
100.828 -149.86
100.824 -149.705
100.821 -149.55
100.818 -149.395
100.814 -149.239
100.811 -149.083
100.808 -148.927
100.805 -148.77
100.801 -148.613
100.798 -148.455
100.795 -148.297
100.792 -148.138
100.789 -147.979
100.786 -147.82
100.782 -147.66
100.779 -147.5
100.776 -147.339
100.773 -147.178
100.77 -147.016
100.767 -146.865
100.763 -146.759
100.758 -146.653
100.754 -146.547
100.75 -146.44
100.745 -146.333
100.741 -146.225
100.737 -146.118
100.733 -146.01
100.728 -145.901
100.724 -145.793
100.72 -145.684
100.716 -145.575
100.711 -145.465
100.707 -145.355
100.703 -145.245
100.699 -145.135
100.695 -145.024
100.691 -144.913
100.687 -144.802
100.682 -144.69
100.678 -144.578
100.674 -144.466
100.67 -144.353
100.666 -144.24
100.662 -144.127
100.658 -144.014
100.654 -143.9
100.65 -143.786
100.646 -143.671
100.643 -143.556
100.639 -143.441
100.635 -143.326
100.631 -143.21
100.627 -143.094
100.623 -142.978
100.619 -142.862
100.616 -142.745
100.612 -142.628
100.608 -142.51
100.604 -142.392
100.6 -142.274
100.597 -142.155
100.593 -142.037
100.589 -141.918
100.586 -141.798
100.582 -141.678
100.578 -141.558
100.575 -141.438
100.571 -141.317
100.568 -141.196
100.564 -141.075
100.56 -140.953
100.557 -140.831
100.553 -140.709
100.55 -140.586
100.546 -140.463
100.543 -140.34
100.539 -140.217
100.536 -140.093
100.533 -139.969
100.529 -139.844
100.526 -139.719
100.523 -139.594
100.519 -139.469
100.516 -139.343
100.513 -139.217
100.509 -139.09
100.506 -138.964
100.503 -138.837
100.5 -138.709
100.496 -138.581
100.493 -138.453
100.49 -138.325
100.487 -138.196
100.484 -138.067
100.48 -137.938
100.477 -137.808
100.474 -137.678
100.471 -137.547
100.468 -137.417
100.465 -137.286
100.462 -137.154
100.459 -137.022
100.456 -136.89
100.453 -136.758
100.45 -136.625
100.447 -136.492
100.444 -136.358
100.442 -136.224
100.439 -136.09
100.436 -135.955
100.433 -135.82
100.43 -135.685
100.427 -135.55
100.425 -135.414
100.422 -135.277
100.419 -135.141
100.417 -135.004
100.414 -134.866
100.411 -134.729
100.409 -134.591
100.406 -134.452
100.403 -134.313
100.401 -134.174
100.398 -134.035
100.396 -133.895
100.393 -133.755
100.391 -133.615
100.388 -133.474
100.386 -133.333
100.383 -133.191
100.381 -133.049
100.378 -132.907
100.376 -132.764
100.374 -132.622
100.371 -132.478
100.369 -132.335
100.367 -132.191
100.364 -132.047
100.362 -131.902
100.36 -131.757
100.358 -131.612
100.355 -131.466
100.353 -131.32
100.351 -131.174
100.349 -131.027
100.347 -130.88
100.345 -130.733
100.343 -130.585
100.341 -130.437
100.339 -130.288
100.337 -130.14
100.335 -129.99
100.333 -129.841
100.331 -129.691
100.329 -129.541
100.327 -129.391
100.325 -129.24
100.323 -129.087
100.321 -128.933
100.319 -128.777
100.318 -128.62
100.316 -128.462
100.314 -128.302
100.312 -128.141
100.311 -127.978
100.309 -127.814
100.307 -127.649
100.306 -127.482
100.304 -127.314
100.302 -127.144
100.301 -126.972
100.299 -126.799
100.298 -126.624
100.296 -126.447
100.295 -126.269
100.293 -126.088
100.292 -125.906
100.291 -125.723
100.289 -125.537
100.288 -125.35
100.287 -125.161
100.285 -124.97
100.284 -124.778
100.283 -124.584
100.282 -124.388
100.28 -124.19
100.279 -123.991
100.278 -123.79
100.277 -123.587
100.276 -123.382
100.275 -123.176
100.274 -122.968
100.273 -122.758
100.272 -122.546
100.271 -122.332
100.27 -122.115
100.27 -121.897
100.269 -121.677
100.268 -121.455
100.267 -121.231
100.266 -121.005
100.266 -120.777
100.265 -120.548
100.264 -120.316
100.264 -120.083
100.263 -119.847
100.263 -119.609
100.262 -119.37
100.262 -119.128
100.261 -118.885
100.261 -118.639
100.261 -118.393
100.26 -118.144
100.26 -117.893
100.26 -117.641
100.26 -117.386
100.259 -117.13
100.259 -116.871
100.259 -116.61
100.259 -116.346
100.259 -116.081
100.259 -115.813
100.259 -115.543
100.259 -115.272
100.259 -114.997
100.26 -114.721
100.26 -114.443
100.26 -114.162
100.26 -113.88
100.26 -113.597
100.26 -113.313
100.261 -113.026
100.26 -112.74
100.26 -112.453
100.26 -112.163
100.26 -111.872
100.259 -111.578
100.259 -111.282
100.259 -110.984
100.259 -110.685
100.259 -110.383
100.259 -110.078
100.259 -109.772
100.259 -109.464
100.259 -109.153
100.26 -108.841
100.26 -108.527
100.26 -108.21
100.261 -107.891
100.261 -107.571
100.261 -107.248
100.262 -106.924
100.262 -106.598
100.263 -106.276
100.263 -105.955
100.263 -105.632
100.264 -105.306
100.264 -104.979
100.265 -104.649
100.265 -104.318
100.266 -103.984
100.266 -103.648
100.267 -103.31
100.268 -102.97
100.268 -102.627
100.269 -102.284
100.27 -101.938
100.271 -101.59
100.271 -101.247
100.271 -100.913
100.271 -100.577
100.271 -100.239
100.27 -99.8982
100.27 -99.5561
100.27 -99.2119
100.27 -98.8656
100.27 -98.5171
100.27 -98.1666
100.27 -97.8142
100.27 -97.4597
100.271 -97.1032
100.271 -96.7445
100.271 -96.3839
100.271 -96.0214
100.272 -95.6568
100.272 -95.2901
100.273 -94.9213
100.273 -94.5504
100.274 -94.1774
100.275 -93.8022
100.275 -93.4251
100.276 -93.046
100.277 -92.6649
100.278 -92.2816
100.278 -91.9008
100.278 -91.521
100.278 -91.1391
100.278 -90.7555
100.279 -90.3698
100.279 -89.9821
100.279 -89.5928
100.28 -89.2018
100.28 -88.8094
100.281 -88.4162
100.281 -88.021
100.282 -87.6238
100.282 -87.2248
100.283 -86.8237
100.284 -86.4206
100.284 -86.0157
100.285 -85.6088
100.286 -85.1999
100.287 -84.7892
100.288 -84.3771
100.289 -83.963
100.29 -83.5468
100.292 -83.1286
100.293 -82.7086
100.294 -82.2873
100.296 -81.8651
100.297 -81.4414
100.298 -81.0161
100.3 -80.5887
100.302 -80.1593
100.303 -79.729
100.305 -79.2968
100.307 -78.8627
100.308 -78.4266
100.31 -77.9887
100.312 -77.5489
100.314 -77.1074
100.316 -76.6653
100.318 -76.2223
100.32 -75.7772
100.322 -75.3303
100.324 -74.8812
100.326 -74.4301
100.329 -73.9772
100.331 -73.5233
100.333 -73.0678
100.336 -72.6107
100.338 -72.1515
100.34 -71.6907
100.343 -71.2279
100.346 -70.7635
100.348 -70.2973
100.351 -69.8291
100.354 -69.3594
100.357 -68.8885
100.36 -68.4161
100.363 -67.9419
100.366 -67.4656
100.369 -66.9874
100.372 -66.5084
100.375 -66.0287
100.378 -65.5476
100.382 -65.0644
100.385 -64.5792
100.389 -64.0922
100.392 -63.6036
100.396 -63.113
100.399 -62.6204
100.403 -62.1257
100.407 -61.6291
100.41 -61.1304
100.414 -60.6298
100.418 -60.1274
100.422 -59.6232
100.426 -59.1181
100.43 -58.613
100.435 -58.1059
100.439 -57.5968
100.443 -57.0857
100.448 -56.5727
100.452 -56.0578
100.457 -55.5408
100.461 -55.0224
100.466 -54.5019
100.471 -53.98
100.476 -53.4583
100.481 -52.9352
100.485 -52.4119
100.49 -51.8885
100.495 -51.364
100.501 -50.8377
100.506 -50.3111
100.511 -49.7834
100.516 -49.2564
100.522 -48.7278
100.527 -48.1972
100.533 -47.6647
100.538 -47.1312
100.544 -46.597
100.549 -46.0616
100.555 -45.525
100.561 -44.9866
100.567 -44.4464
100.573 -43.9046
100.579 -43.3613
100.585 -42.816
100.591 -42.2689
100.597 -41.7199
100.604 -41.1695
100.61 -40.6187
100.617 -40.0659
100.623 -39.5116
100.63 -38.9563
100.637 -38.3993
100.643 -37.8409
100.65 -37.2813
100.657 -36.7216
100.664 -36.1603
100.671 -35.5977
100.678 -35.0357
100.685 -34.4719
100.692 -33.9066
100.7 -33.3398
100.707 -32.7735
100.715 -32.2075
100.722 -31.6408
100.73 -31.0735
100.737 -30.5053
100.745 -29.9374
100.752 -29.3681
100.76 -28.7971
100.768 -28.2246
100.776 -27.6516
100.784 -27.0768
100.792 -26.5016
100.8 -25.9252
100.808 -25.3479
100.817 -24.7698
100.825 -24.1899
100.834 -23.6084
100.842 -23.0263
100.851 -22.4433
100.859 -21.8589
100.868 -21.2728
100.877 -20.6851
100.886 -20.0969
100.895 -19.5075
100.904 -18.9172
100.913 -18.3252
100.922 -17.7315
100.931 -17.1362
100.94 -16.5394
100.95 -15.9408
100.959 -15.3426
100.969 -14.7439
100.978 -14.145
100.988 -13.5446
100.998 -12.9427
101.008 -12.3391
101.018 -11.7336
101.028 -11.1263
101.038 -10.5172
101.048 -9.90675
101.058 -9.29518
101.068 -8.68187
101.079 -8.06677
101.089 -7.44995
101.1 -6.83279
101.11 -6.21424
101.121 -5.59389
101.132 -4.97175
101.143 -4.34812
101.154 -3.72274
101.165 -3.09574
101.176 -2.46744
101.187 -1.83734
101.199 -1.20545
101.21 -0.571761
101.222 0.0626156
101.233 0.698446
101.245 1.33607
101.257 1.97548
101.268 2.61667
101.28 3.25966
101.292 3.90382
101.304 4.54707
101.317 5.19065
101.329 5.8358
101.341 6.48265
101.353 7.13026
101.366 7.77856
101.378 8.4278
101.391 9.07763
101.404 9.72878
101.416 10.3812
101.429 11.0351
101.442 11.6895
101.455 12.3456
101.468 13.0035
101.482 13.6628
101.495 14.3238
101.508 14.9853
101.522 15.6482
101.535 16.3128
101.549 16.9788
101.562 17.6466
101.576 18.3161
101.59 18.9871
101.604 19.6595
101.618 20.3333
101.632 21.0083
101.646 21.6848
101.661 22.3631
101.675 23.0427
101.69 23.7235
101.704 24.4057
101.719 25.0896
101.734 25.7742
101.748 26.4586
101.763 27.1437
101.778 27.8304
101.793 28.5182
101.808 29.2063
101.824 29.896
101.839 30.5874
101.854 31.2806
101.87 31.9751
101.885 32.6705
101.901 33.3675
101.917 34.0658
101.933 34.7657
101.949 35.4672
101.965 36.1697
101.981 36.8736
101.997 37.5789
102.014 38.2859
102.03 38.9942
102.046 39.7041
102.063 40.4157
102.08 41.1276
102.097 41.8395
102.113 42.5499
102.13 43.2603
102.147 43.9722
102.164 44.6845
102.181 45.3966
102.199 46.1102
102.216 46.8255
102.233 47.542
102.251 48.2596
102.268 48.9788
102.286 49.6994
102.304 50.4214
102.322 51.1451
102.34 51.8703
102.358 52.5972
102.376 53.324
102.394 54.0523
102.412 54.7823
102.431 55.5128
102.449 56.2449
102.468 56.9786
102.487 57.7121
102.506 58.4467
102.524 59.1822
102.543 59.9194
102.562 60.657
102.582 61.3959
102.601 62.1364
102.62 62.878
102.64 63.6188
102.659 64.3582
102.679 65.0986
102.698 65.8404
102.718 66.5838
102.738 67.3286
102.758 68.0728
102.778 68.8183
102.798 69.5629
102.818 70.3087
102.838 71.056
102.858 71.8048
102.879 72.5521
102.899 73.2992
102.92 74.0477
102.94 74.7979
102.961 75.5497
102.982 76.3032
103.003 77.0582
103.024 77.8121
103.045 78.5666
103.066 79.3227
103.088 80.0805
103.109 80.8399
103.131 81.6007
103.152 82.3631
103.174 83.1267
103.196 83.8916
103.218 84.6579
103.24 85.4259
103.262 86.1954
103.284 86.9654
103.306 87.7359
103.329 88.508
103.351 89.2813
103.374 90.0549
103.397 90.8278
103.419 91.6008
103.442 92.375
103.465 93.15
103.488 93.9261
103.511 94.7035
103.535 95.4824
103.558 96.2628
103.581 97.0444
103.605 97.8249
103.628 98.6068
103.652 99.3901
103.676 100.175
103.7 100.961
103.724 101.747
103.748 102.533
103.772 103.32
103.796 104.108
103.821 104.896
103.845 105.684
103.869 106.47
103.894 107.257
103.919 108.045
103.943 108.835
103.968 109.626
103.993 110.418
104.018 111.209
104.043 112
104.068 112.791
104.093 113.583
104.119 114.376
104.144 115.17
104.17 115.965
104.195 116.762
104.221 117.556
104.247 118.352
104.273 119.148
104.299 119.942
104.325 120.736
104.351 121.532
104.377 122.33
104.403 123.128
104.43 123.927
104.456 124.726
104.483 125.527
104.509 126.328
104.536 127.131
104.563 127.935
104.59 128.74
104.617 129.546
104.644 130.353
104.671 131.161
104.699 131.969
104.726 132.776
104.754 133.585
104.781 134.395
104.809 135.205
104.837 136.017
104.865 136.831
104.893 137.645
104.921 138.459
104.949 139.272
104.977 140.086
105.006 140.901
105.034 141.716
105.063 142.533
105.091 143.351
105.12 144.17
105.149 144.991
105.178 145.812
105.207 146.633
105.236 147.454
105.265 148.276
105.295 149.099
105.324 149.921
105.353 150.743
105.383 151.561
105.412 152.378
105.441 153.195
105.471 154.015
105.501 154.836
105.531 155.657
105.56 156.477
105.59 157.297
105.62 158.119
105.651 158.941
105.681 159.765
105.711 160.589
105.742 161.416
105.772 162.242
105.803 163.07
105.834 163.9
105.865 164.73
105.896 165.562
105.927 166.393
105.958 167.225
105.989 168.059
106.021 168.894
106.052 169.73
106.084 170.567
106.115 171.405
106.147 172.244
106.179 173.084
106.211 173.923
106.243 174.761
106.275 175.598
106.308 176.437
106.34 177.275
106.372 178.113
106.405 178.952
106.437 179.79
106.47 180.63
106.503 181.47
106.536 182.311
106.568 183.152
106.601 183.993
106.635 184.835
106.668 185.678
106.701 186.521
106.734 187.364
106.768 188.209
106.801 189.052
106.835 189.897
106.869 190.742
106.903 191.588
106.937 192.434
106.971 193.281
107.005 194.129
107.039 194.973
107.073 195.816
107.107 196.652
107.141 197.489
107.176 198.325
107.21 199.163
107.244 200.003
107.279 200.843
107.314 201.684
107.348 202.527
107.383 203.37
107.418 204.214
107.453 205.06
107.488 205.906
107.524 206.753
107.559 207.602
107.595 208.449
107.63 209.296
107.666 210.145
107.702 210.994
107.738 211.845
107.774 212.695
107.81 213.546
107.846 214.396
107.882 215.246
107.918 216.098
107.955 216.951
107.991 217.805
108.028 218.66
108.065 219.514
108.101 220.368
108.138 221.222
108.175 222.074
108.212 222.926
108.249 223.778
108.286 224.629
108.324 225.481
108.361 226.331
108.398 227.178
108.435 228.026
108.473 228.874
108.51 229.722
108.548 230.57
108.585 231.417
108.623 232.267
108.661 233.117
108.699 233.967
108.737 234.818
108.775 235.67
108.813 236.524
108.852 237.379
108.89 238.235
108.929 239.093
108.968 239.951
109.007 240.809
109.046 241.669
109.085 242.529
109.124 243.387
109.163 244.244
109.202 245.1
109.241 245.955
109.28 246.805
109.32 247.655
109.359 248.506
109.398 249.357
109.438 250.207
109.477 251.057
109.517 251.908
109.557 252.756
109.596 253.604
109.636 254.453
109.676 255.303
109.716 256.153
109.756 257.001
109.796 257.851
109.836 258.699
109.877 259.548
109.917 260.397
109.958 261.248
109.998 262.099
110.039 262.952
110.08 263.805
110.121 264.658
110.162 265.513
110.203 266.368
110.244 267.225
110.285 268.08
110.326 268.933
110.368 269.784
110.409 270.632
110.45 271.481
110.492 272.331
110.533 273.181
110.575 274.028
110.616 274.874
110.658 275.72
110.7 276.566
110.742 277.413
110.783 278.261
110.826 279.11
110.868 279.959
110.91 280.806
110.952 281.652
110.994 282.499
111.037 283.346
111.079 284.195
111.122 285.043
111.165 285.891
111.207 286.739
111.25 287.588
111.293 288.437
111.336 289.287
111.379 290.135
111.422 290.983
111.466 291.832
111.509 292.681
111.552 293.532
111.596 294.382
111.639 295.228
111.683 296.073
111.727 296.917
111.77 297.763
111.814 298.607
111.858 299.452
111.902 300.298
111.946 301.143
111.99 301.988
112.034 302.833
112.078 303.678
112.123 304.524
112.167 305.371
112.212 306.217
112.256 307.06
112.301 307.904
112.345 308.747
112.39 309.588
112.435 310.431
112.479 311.271
112.524 312.112
112.569 312.954
112.614 313.797
112.66 314.641
112.705 315.486
112.75 316.327
112.796 317.165
112.841 318.002
112.886 318.84
112.932 319.676
112.977 320.513
113.023 321.35
113.068 322.187
113.114 323.024
113.16 323.862
113.206 324.698
113.252 325.532
113.298 326.365
113.344 327.197
113.39 328.03
113.436 328.864
113.482 329.698
113.529 330.533
113.575 331.367
113.622 332.203
113.668 333.039
113.715 333.874
113.762 334.707
113.808 335.539
113.855 336.371
113.902 337.203
113.949 338.035
113.996 338.868
114.043 339.7
114.09 340.527
114.137 341.348
114.184 342.167
114.231 342.985
114.278 343.804
114.325 344.623
114.372 345.441
114.42 346.261
114.467 347.081
114.514 347.902
114.562 348.724
114.61 349.544
114.657 350.366
114.705 351.187
114.753 352.008
114.801 352.831
114.849 353.654
114.897 354.478
114.946 355.297
114.994 356.114
115.042 356.93
115.09 357.747
115.138 358.564
115.187 359.382
115.235 360.197
115.284 361.008
115.332 361.819
115.38 362.628
115.429 363.438
115.478 364.247
115.526 365.058
115.575 365.869
115.624 366.681
115.673 367.492
115.722 368.304
115.771 369.116
115.82 369.928
115.87 370.738
115.919 371.547
115.968 372.355
116.018 373.163
116.067 373.969
116.116 374.776
116.166 375.582
116.216 376.388
116.265 377.196
116.315 378.004
116.365 378.811
116.415 379.614
116.464 380.414
116.514 381.21
116.564 382.005
116.613 382.799
116.663 383.593
116.713 384.387
116.762 385.182
116.812 385.977
116.862 386.772
116.912 387.568
116.962 388.362
117.012 389.155
117.062 389.949
117.112 390.743
117.162 391.532
117.212 392.32
117.262 393.106
117.312 393.89
117.362 394.674
117.412 395.459
117.463 396.245
117.513 397.032
117.563 397.813
117.614 398.593
117.664 399.372
117.714 400.15
117.765 400.929
117.816 401.709
117.866 402.489
117.917 403.266
117.967 404.039
118.018 404.812
118.069 405.586
118.12 406.36
118.171 407.134
118.221 407.908
118.272 408.68
118.323 409.45
118.374 410.218
118.425 410.984
118.476 411.751
118.527 412.518
118.578 413.285
118.63 414.051
118.681 414.815
118.732 415.58
118.783 416.344
118.835 417.105
118.886 417.864
118.937 418.623
118.989 419.382
119.04 420.139
119.092 420.897
119.143 421.655
119.195 422.41
119.247 423.167
119.298 423.923
119.35 424.677
119.402 425.428
119.453 426.178
119.505 426.927
119.557 427.677
119.609 428.426
119.66 429.173
119.712 429.919
119.764 430.665
119.816 431.409
119.868 432.153
119.92 432.895
119.972 433.638
120.024 434.38
120.076 435.123
120.129 435.865
120.181 436.606
120.233 437.347
120.286 438.087
120.338 438.828
120.391 439.566
120.443 440.301
120.495 441.037
120.548 441.773
120.6 442.507
120.653 443.241
120.706 443.975
120.758 444.708
120.811 445.441
120.864 446.174
120.917 446.904
120.97 447.635
121.023 448.366
121.076 449.099
121.129 449.831
121.182 450.563
121.235 451.295
121.289 452.027
121.342 452.759
121.395 453.489
121.449 454.22
121.502 454.951
121.556 455.682
121.61 456.414
121.663 457.143
121.717 457.872
121.771 458.603
121.825 459.334
121.879 460.066
121.933 460.798
121.987 461.529
122.042 462.26
122.096 462.992
122.151 463.725
122.205 464.458
122.26 465.188
122.314 465.919
122.369 466.651
122.424 467.383
122.478 468.115
122.533 468.848
122.588 469.58
122.643 470.31
122.698 471.04
122.753 471.771
122.809 472.5
122.864 473.231
122.919 473.961
122.974 474.69
123.03 475.418
123.085 476.146
123.141 476.873
123.196 477.6
123.252 478.326
123.307 479.053
123.363 479.78
123.419 480.508
123.475 481.236
123.531 481.964
123.587 482.692
123.643 483.421
123.699 484.15
123.755 484.878
123.811 485.606
123.868 486.335
123.924 487.064
123.981 487.79
124.037 488.517
124.094 489.245
124.15 489.971
124.207 490.697
124.264 491.422
124.321 492.148
124.378 492.874
124.435 493.601
124.492 494.329
124.549 495.057
124.606 495.787
124.664 496.517
124.721 497.247
124.779 497.979
124.836 498.711
124.894 499.444
124.952 500.178
125.01 500.912
125.068 501.647
125.127 502.383
125.185 503.12
125.243 503.857
125.302 504.595
125.36 505.334
125.419 506.074
125.478 506.814
125.537 507.555
125.596 508.297
125.655 509.04
125.714 509.783
125.774 510.527
125.833 511.272
125.893 512.017
125.953 512.764
126.012 513.511
126.072 514.258
126.132 515.007
126.192 515.756
126.253 516.506
126.313 517.257
126.373 518.008
126.434 518.76
126.494 519.513
126.555 520.267
126.616 521.021
126.677 521.776
126.738 522.532
126.799 523.289
126.86 524.046
126.922 524.804
126.983 525.563
127.045 526.322
127.107 527.083
127.168 527.844
127.23 528.605
127.292 529.368
127.354 530.131
127.417 530.895
127.479 531.66
127.541 532.425
127.604 533.191
127.667 533.958
127.729 534.726
127.792 535.494
127.855 536.263
127.918 537.033
127.981 537.804
128.045 538.575
128.108 539.347
128.172 540.12
128.235 540.894
128.299 541.668
128.363 542.443
128.427 543.219
128.491 543.995
128.555 544.773
128.619 545.551
128.684 546.329
128.748 547.109
128.813 547.889
128.877 548.67
128.942 549.452
129.007 550.234
129.072 551.017
129.137 551.801
129.203 552.586
129.268 553.371
129.334 554.157
129.399 554.944
129.465 555.732
129.531 556.52
129.597 557.309
129.663 558.099
129.729 558.889
129.795 559.68
129.861 560.472
129.928 561.265
129.994 562.059
130.061 562.853
130.128 563.648
130.195 564.444
130.262 565.24
130.329 566.037
130.396 566.835
130.464 567.634
130.531 568.433
130.599 569.233
130.666 570.034
130.734 570.836
130.802 571.638
130.87 572.441
130.938 573.245
131.007 574.049
131.075 574.855
131.144 575.661
131.212 576.467
131.281 577.275
131.35 578.083
131.419 578.892
131.488 579.702
131.557 580.512
131.626 581.323
131.696 582.135
131.765 582.948
131.835 583.761
131.904 584.576
131.974 585.39
132.044 586.206
132.114 587.022
132.185 587.839
132.255 588.657
132.325 589.476
132.396 590.295
132.467 591.115
132.537 591.936
132.608 592.757
132.679 593.58
132.75 594.403
132.822 595.226
132.893 596.051
132.964 596.876
133.036 597.702
133.108 598.529
133.179 599.356
133.251 600.184
133.323 601.013
133.396 601.843
133.468 602.673
133.54 603.504
133.613 604.336
133.685 605.168
133.758 606.002
133.831 606.836
133.904 607.67
133.977 608.506
134.05 609.342
134.124 610.179
134.197 611.017
134.271 611.855
134.344 612.695
134.418 613.534
134.492 614.375
134.566 615.217
134.64 616.059
134.714 616.902
134.789 617.745
134.863 618.59
134.938 619.435
135.013 620.28
135.088 621.127
135.163 621.974
135.238 622.822
135.313 623.671
135.388 624.521
135.464 625.371
135.539 626.222
135.615 627.074
135.691 627.926
135.767 628.779
135.843 629.633
135.919 630.488
135.995 631.343
136.072 632.199
136.148 633.056
136.225 633.914
136.302 634.772
136.378 635.631
136.455 636.491
136.533 637.352
136.61 638.213
136.687 639.075
136.765 639.938
136.842 640.801
136.92 641.665
136.998 642.53
137.076 643.396
137.154 644.263
137.232 645.13
137.311 645.998
137.389 646.866
137.468 647.736
137.546 648.606
137.625 649.477
137.704 650.348
137.783 651.221
137.862 652.094
137.942 652.968
138.021 653.842
138.101 654.717
138.18 655.594
138.26 656.47
138.34 657.348
138.42 658.226
138.5 659.105
138.581 659.985
138.661 660.865
138.742 661.746
138.822 662.628
138.903 663.511
138.984 664.394
139.065 665.278
139.146 666.163
139.227 667.049
139.309 667.935
139.39 668.822
139.472 669.71
139.554 670.599
139.636 671.488
139.718 672.378
139.8 673.268
139.882 674.158
139.964 675.05
140.047 675.942
140.129 676.835
140.212 677.728
140.295 678.623
140.378 679.518
140.461 680.414
140.544 681.31
140.627 682.207
140.711 683.105
140.794 684.004
140.878 684.904
140.962 685.804
141.046 686.705
141.13 687.607
141.214 688.509
141.298 689.412
141.383 690.316
141.467 691.221
141.552 692.126
141.637 693.032
141.722 693.939
141.807 694.847
141.892 695.755
141.977 696.664
142.063 697.574
142.148 698.484
142.234 699.396
142.32 700.307
142.406 701.22
142.492 702.134
142.578 703.048
142.665 703.963
142.751 704.878
142.838 705.795
142.925 706.712
143.011 707.63
143.098 708.549
143.186 709.468
143.273 710.387
143.36 711.308
143.447 712.229
143.535 713.15
143.622 714.073
143.71 714.996
143.798 715.92
143.886 716.845
143.974 717.77
144.063 718.696
144.151 719.623
144.239 720.551
144.328 721.479
144.417 722.408
144.506 723.338
144.595 724.269
144.684 725.2
144.773 726.132
144.863 727.065
144.952 727.998
145.042 728.932
145.132 729.867
145.222 730.803
145.312 731.739
145.402 732.677
145.493 733.615
145.583 734.553
145.674 735.493
145.765 736.433
145.855 737.374
145.946 738.315
146.038 739.257
146.129 740.2
146.22 741.144
146.312 742.089
146.404 743.034
146.495 743.98
146.587 744.927
146.679 745.874
146.772 746.822
146.864 747.771
146.956 748.721
147.049 749.67
147.141 750.62
147.234 751.57
147.326 752.521
147.419 753.472
147.512 754.425
147.605 755.378
147.699 756.331
147.792 757.286
147.886 758.241
147.979 759.197
148.073 760.154
148.167 761.111
148.261 762.07
148.355 763.028
148.449 763.988
148.544 764.949
148.638 765.91
148.733 766.872
148.828 767.834
148.923 768.797
149.018 769.762
149.113 770.726
149.209 771.692
149.304 772.658
149.4 773.625
149.496 774.593
149.592 775.561
149.688 776.531
149.784 777.501
149.88 778.471
149.977 779.443
150.073 780.415
150.17 781.388
150.267 782.361
150.364 783.336
150.461 784.311
150.558 785.287
150.656 786.263
150.753 787.24
150.851 788.218
150.949 789.197
151.047 790.177
151.145 791.157
151.243 792.138
151.342 793.12
151.44 794.102
151.539 795.085
151.638 796.069
151.736 797.054
151.836 798.039
151.935 799.025
152.034 800.012
152.134 800.999
152.233 801.988
152.333 802.977
152.433 803.966
152.533 804.956
152.633 805.947
152.733 806.939
152.833 807.932
152.934 808.925
153.035 809.919
153.135 810.913
153.236 811.909
153.338 812.905
153.439 813.901
153.54 814.899
153.642 815.897
153.743 816.896
153.845 817.896
153.947 818.897
154.049 819.898
154.151 820.9
154.254 821.902
154.356 822.906
154.459 823.91
154.561 824.915
154.664 825.921
154.767 826.927
154.871 827.934
154.974 828.942
155.077 829.95
155.181 830.96
155.285 831.97
155.389 832.981
155.493 833.992
155.597 835.004
155.701 836.017
155.806 837.031
155.91 838.045
156.015 839.06
156.12 840.076
156.225 841.093
156.33 842.11
156.435 843.128
156.541 844.147
156.646 845.167
156.752 846.187
156.858 847.208
156.964 848.23
157.07 849.252
157.177 850.276
157.283 851.3
157.39 852.324
157.496 853.35
157.603 854.376
157.71 855.403
157.817 856.43
157.925 857.459
158.032 858.488
158.14 859.518
158.248 860.548
158.355 861.58
158.463 862.612
158.572 863.644
158.68 864.678
158.788 865.712
158.897 866.747
159.006 867.783
159.115 868.819
159.224 869.856
159.333 870.894
159.442 871.933
159.552 872.972
159.661 874.012
159.771 875.053
159.881 876.095
159.991 877.137
160.101 878.18
160.212 879.224
160.322 880.268
160.433 881.314
160.544 882.359
160.655 883.406
160.766 884.454
160.877 885.502
160.988 886.551
161.1 887.6
161.211 888.651
161.323 889.702
161.435 890.754
161.547 891.806
161.66 892.859
161.772 893.913
161.885 894.968
161.997 896.024
162.11 897.08
162.223 898.137
162.336 899.194
162.45 900.253
162.563 901.312
162.677 902.372
162.79 903.433
162.904 904.494
163.018 905.556
163.132 906.619
163.247 907.682
163.361 908.747
163.476 909.812
163.591 910.877
163.706 911.944
163.821 913.011
163.936 914.079
164.051 915.148
164.167 916.217
164.282 917.281
164.397 918.339
164.512 919.398
164.627 920.457
164.743 921.517
164.858 922.577
164.974 923.639
165.09 924.701
165.206 925.764
165.322 926.828
165.438 927.892
165.554 928.957
165.671 930.023
165.788 931.089
165.904 932.156
166.021 933.224
166.139 934.293
166.256 935.362
166.373 936.433
166.491 937.503
166.609 938.575
166.726 939.647
166.845 940.72
166.963 941.794
167.081 942.868
167.2 943.944
167.318 945.019
167.437 946.096
167.556 947.173
167.675 948.251
167.794 949.33
167.914 950.41
168.033 951.49
168.153 952.571
168.273 953.653
168.393 954.735
168.513 955.818
168.633 956.892
168.752 957.963
168.872 959.035
168.991 960.107
169.111 961.18
169.231 962.254
169.352 963.328
169.472 964.403
169.592 965.479
169.713 966.556
169.834 967.633
169.955 968.711
170.076 969.79
170.197 970.869
170.319 971.949
170.44 973.03
170.562 974.112
170.684 975.194
170.806 976.277
170.928 977.361
171.05 978.445
171.173 979.53
171.296 980.616
171.418 981.703
171.541 982.79
171.664 983.878
171.788 984.967
171.911 986.056
172.035 987.146
172.158 988.237
172.282 989.328
172.406 990.421
172.53 991.514
172.655 992.607
172.779 993.702
172.904 994.797
173.028 995.893
173.153 996.989
173.278 998.087
173.404 999.184
173.529 1000.28
173.654 1001.38
173.78 1002.48
173.906 1003.58
174.031 1004.67
174.15 1005.67
174.268 1006.67
174.367 1007.4
174.461 1008.06
174.556 1008.73
174.65 1009.39
174.734 1009.92
174.817 1010.41
174.899 1010.91
174.982 1011.41
175.064 1011.9
175.147 1012.4
175.23 1012.9
175.312 1013.39
175.395 1013.89
175.477 1014.38
175.537 1014.54
175.595 1014.69
175.654 1014.83
175.712 1014.97
175.77 1015.12
175.829 1015.26
175.887 1015.41
175.946 1015.55
176.004 1015.7
176.063 1015.84
176.121 1015.99
176.18 1016.13
176.238 1016.28
176.297 1016.42
176.355 1016.57
176.414 1016.71
176.473 1016.86
176.531 1017
176.59 1017.15
176.649 1017.29
176.708 1017.44
176.766 1017.59
176.825 1017.73
176.884 1017.88
176.943 1018.02
177.002 1018.17
177.06 1018.32
177.119 1018.46
177.178 1018.61
177.237 1018.75
177.296 1018.9
177.355 1019.05
177.414 1019.19
177.473 1019.34
177.532 1019.49
177.591 1019.64
177.65 1019.78
177.709 1019.93
177.768 1020.08
177.827 1020.23
177.887 1020.37
177.946 1020.52
178.005 1020.67
178.064 1020.82
178.123 1020.96
178.183 1021.11
178.242 1021.26
178.301 1021.41
178.36 1021.56
178.42 1021.7
178.479 1021.85
178.538 1022
178.598 1022.15
178.657 1022.3
178.717 1022.45
178.776 1022.6
178.836 1022.75
178.895 1022.89
178.954 1023.04
179.014 1023.19
179.073 1023.33
179.132 1023.48
179.192 1023.63
179.251 1023.78
179.311 1023.92
179.37 1024.07
179.43 1024.22
179.489 1024.37
179.549 1024.51
179.608 1024.66
179.668 1024.81
179.727 1024.96
179.787 1025.1
179.847 1025.25
179.906 1025.4
179.966 1025.55
180.026 1025.7
180.085 1025.85
180.145 1025.99
180.205 1026.14
180.265 1026.29
180.324 1026.44
180.384 1026.59
180.444 1026.74
180.504 1026.89
180.564 1027.04
180.624 1027.19
180.683 1027.33
180.743 1027.48
180.803 1027.63
180.862 1027.77
180.92 1027.9
180.979 1028.03
181.037 1028.16
181.095 1028.29
181.154 1028.42
181.212 1028.55
181.271 1028.69
181.329 1028.81
181.387 1028.94
181.445 1029.06
181.503 1029.19
181.561 1029.32
181.619 1029.44
181.677 1029.57
181.735 1029.7
181.793 1029.82
181.851 1029.95
181.91 1030.08
181.968 1030.2
182.026 1030.33
182.084 1030.46
182.142 1030.59
182.201 1030.71
182.259 1030.84
182.317 1030.97
182.376 1031.1
182.434 1031.22
182.492 1031.35
182.551 1031.48
182.609 1031.61
182.667 1031.74
182.726 1031.86
182.784 1031.99
182.843 1032.12
182.901 1032.25
182.96 1032.38
183.018 1032.5
183.077 1032.63
183.134 1032.74
183.191 1032.86
183.248 1032.97
183.305 1033.08
183.362 1033.19
183.419 1033.3
183.476 1033.41
183.533 1033.53
183.591 1033.64
183.648 1033.75
183.705 1033.86
183.762 1033.97
183.819 1034.09
183.877 1034.2
183.934 1034.31
183.991 1034.42
184.048 1034.54
184.106 1034.65
184.163 1034.76
184.22 1034.87
184.278 1034.99
184.333 1035.08
184.389 1035.17
184.445 1035.26
184.5 1035.36
184.556 1035.45
184.612 1035.54
184.667 1035.63
184.723 1035.73
184.779 1035.82
184.834 1035.91
184.89 1036
184.946 1036.1
185.001 1036.19
185.057 1036.28
185.113 1036.38
185.169 1036.47
185.225 1036.56
185.28 1036.65
185.336 1036.75
185.392 1036.84
185.448 1036.93
185.504 1037.03
185.56 1037.12
185.615 1037.21
185.671 1037.31
185.727 1037.4
185.783 1037.5
185.839 1037.59
185.895 1037.68
185.951 1037.78
186.007 1037.87
186.063 1037.96
186.119 1038.06
186.175 1038.15
186.231 1038.25
186.287 1038.34
186.343 1038.44
186.399 1038.53
186.455 1038.62
186.511 1038.72
186.568 1038.81
186.624 1038.91
186.68 1039
186.736 1039.1
186.792 1039.19
186.848 1039.29
186.904 1039.38
186.961 1039.48
187.017 1039.57
187.073 1039.67
187.129 1039.76
187.186 1039.86
187.242 1039.95
187.298 1040.05
187.354 1040.14
187.411 1040.24
187.467 1040.33
187.523 1040.43
187.58 1040.52
187.636 1040.62
187.693 1040.71
187.749 1040.81
187.805 1040.91
187.862 1041
187.918 1041.1
187.975 1041.19
188.031 1041.29
188.088 1041.39
188.144 1041.48
188.201 1041.58
188.257 1041.67
188.314 1041.77
188.37 1041.87
188.427 1041.96
188.483 1042.06
188.54 1042.16
188.596 1042.25
188.653 1042.35
188.71 1042.45
188.766 1042.54
188.823 1042.64
188.88 1042.74
188.936 1042.83
188.993 1042.93
189.05 1043.03
189.106 1043.12
189.162 1043.21
189.219 1043.31
189.275 1043.4
189.331 1043.49
189.388 1043.58
189.444 1043.68
189.5 1043.77
189.557 1043.86
189.613 1043.96
189.67 1044.05
189.726 1044.14
189.782 1044.23
189.839 1044.33
189.895 1044.42
189.951 1044.51
190.008 1044.6
190.064 1044.69
190.12 1044.78
190.177 1044.87
190.233 1044.97
190.289 1045.06
190.346 1045.15
190.402 1045.24
190.458 1045.33
190.515 1045.42
190.571 1045.52
190.628 1045.61
190.684 1045.7
190.741 1045.79
190.797 1045.88
190.854 1045.98
190.91 1046.07
190.967 1046.16
191.023 1046.25
191.08 1046.35
191.136 1046.44
191.193 1046.53
191.249 1046.62
191.306 1046.72
191.363 1046.81
191.419 1046.9
191.476 1046.99
191.532 1047.09
191.588 1047.17
191.644 1047.26
191.7 1047.34
191.756 1047.42
191.811 1047.5
191.867 1047.59
191.923 1047.67
191.978 1047.75
192.034 1047.83
192.089 1047.91
192.145 1047.99
192.201 1048.07
192.256 1048.16
192.312 1048.24
192.368 1048.32
192.424 1048.4
192.479 1048.48
192.535 1048.57
192.591 1048.65
192.647 1048.73
192.702 1048.81
192.758 1048.89
192.814 1048.98
192.87 1049.06
192.926 1049.14
192.981 1049.22
193.037 1049.3
193.093 1049.39
193.149 1049.47
193.205 1049.55
193.261 1049.63
193.317 1049.72
193.373 1049.8
193.428 1049.88
193.484 1049.96
193.54 1050.05
193.596 1050.13
193.652 1050.21
193.708 1050.3
193.764 1050.38
193.82 1050.46
193.876 1050.54
193.932 1050.63
193.988 1050.71
194.044 1050.79
194.1 1050.88
194.157 1050.96
194.213 1051.04
194.269 1051.13
194.325 1051.21
194.381 1051.29
194.437 1051.38
194.493 1051.46
194.549 1051.55
194.606 1051.63
194.662 1051.71
194.718 1051.8
194.774 1051.88
194.83 1051.96
194.887 1052.05
194.943 1052.13
194.999 1052.22
195.055 1052.3
195.112 1052.38
195.168 1052.47
195.224 1052.55
195.281 1052.64
195.337 1052.72
195.393 1052.81
195.45 1052.89
195.506 1052.97
195.562 1053.06
195.618 1053.14
195.675 1053.23
195.731 1053.31
195.787 1053.39
195.843 1053.48
195.9 1053.56
195.956 1053.64
196.012 1053.73
196.069 1053.81
196.125 1053.89
196.181 1053.98
196.238 1054.06
196.294 1054.14
196.35 1054.23
196.407 1054.31
196.463 1054.4
196.52 1054.48
196.576 1054.56
196.633 1054.65
196.689 1054.73
196.745 1054.82
196.802 1054.9
196.858 1054.98
196.915 1055.07
196.971 1055.15
197.028 1055.24
197.084 1055.32
197.141 1055.41
197.198 1055.49
197.254 1055.58
197.311 1055.66
197.367 1055.74
197.424 1055.83
197.481 1055.91
197.537 1056
197.594 1056.08
197.65 1056.17
197.707 1056.25
197.764 1056.34
197.82 1056.42
197.877 1056.51
197.934 1056.59
197.991 1056.68
198.047 1056.76
198.104 1056.85
198.161 1056.94
198.218 1057.02
198.274 1057.11
198.331 1057.19
198.388 1057.28
198.445 1057.36
198.502 1057.45
