0.1 -0.00522155
0.2 -0.0110596
0.3 -0.0166
0.4 -0.0221501
0.5 -0.0277107
0.6 -0.0332807
0.7 -0.0388599
0.8 -0.0444486
0.9 -0.0500468
1 -0.0556544
1.42308 -0.0656544
2.84283 -0.0756544
4.25872 -0.0856544
5.67077 -0.0956544
7.07888 -0.105654
8.483 -0.115654
9.88302 -0.125654
11.2789 -0.135654
12.6706 -0.145654
14.0582 -0.155654
15.4418 -0.165654
16.8212 -0.175654
18.1965 -0.185654
19.5677 -0.195654
20.9348 -0.205654
22.2977 -0.215654
23.6566 -0.225654
25.0113 -0.235654
26.362 -0.245654
27.7085 -0.255654
29.051 -0.265654
30.3893 -0.275654
31.7236 -0.285654
33.0538 -0.295654
34.3799 -0.305654
35.7019 -0.315654
37.0198 -0.325654
38.3337 -0.335654
39.6435 -0.345654
40.9492 -0.355654
42.2509 -0.365654
43.5485 -0.375654
44.842 -0.385654
46.1315 -0.395654
47.417 -0.405654
48.6984 -0.415654
49.9757 -0.425654
51.249 -0.435654
52.5183 -0.445654
53.7835 -0.455654
55.0446 -0.465654
56.3018 -0.475654
57.5549 -0.485654
58.8039 -0.495654
60.049 -0.505654
61.29 -0.515654
62.527 -0.525654
63.76 -0.535654
64.9889 -0.545654
66.2139 -0.555654
67.4348 -0.565654
68.6517 -0.575654
69.8646 -0.585654
71.0735 -0.595654
72.2784 -0.605654
73.4793 -0.615654
74.6762 -0.625654
75.8691 -0.635654
77.058 -0.645654
78.2428 -0.655654
79.4237 -0.665654
80.6006 -0.675654
81.7735 -0.685654
82.9424 -0.695654
84.1074 -0.705654
85.2683 -0.715654
86.4253 -0.725654
87.5782 -0.735654
88.7272 -0.745654
89.8722 -0.755654
91.0132 -0.765654
92.1502 -0.775654
93.2833 -0.785654
94.4124 -0.795654
95.5375 -0.805654
96.6586 -0.815654
97.7757 -0.825654
98.8889 -0.835654
99.9981 -0.845654
101.103 -0.855654
102.204 -0.865654
103.302 -0.875654
104.395 -0.885654
105.484 -0.895654
106.57 -0.905654
107.651 -0.915654
108.728 -0.925654
109.802 -0.935654
110.871 -0.945654
111.936 -0.955654
112.998 -0.965654
114.055 -0.975654
115.109 -0.985654
116.158 -0.995654
117.204 -1.00565
118.245 -1.01565
119.283 -1.02565
120.316 -1.03565
121.346 -1.04565
122.372 -1.05565
123.393 -1.06565
124.411 -1.07565
125.424 -1.08565
126.434 -1.09565
127.439 -1.10565
128.441 -1.11565
129.439 -1.12565
130.432 -1.13565
131.422 -1.14565
132.407 -1.15565
133.389 -1.16565
134.366 -1.17565
135.339 -1.18565
136.309 -1.19565
137.274 -1.20565
138.235 -1.21565
139.193 -1.22565
140.146 -1.23565
141.095 -1.24565
142.04 -1.25565
142.981 -1.26565
143.918 -1.27565
144.851 -1.28565
145.779 -1.29565
146.703 -1.30565
147.623 -1.31565
148.538 -1.32565
149.447 -1.33565
150.342 -1.34565
151.222 -1.35565
152.066 -1.36565
152.894 -1.37565
153.646 -1.38565
154.379 -1.39565
155.035 -1.40565
155.613 -1.41565
156.138 -1.42565
156.654 -1.43565
157.161 -1.44565
157.617 -1.45565
158.048 -1.46565
158.446 -1.47565
158.811 -1.48565
159.167 -1.49565
159.515 -1.50565
159.851 -1.51565
160.181 -1.52565
160.504 -1.53565
160.821 -1.54565
161.13 -1.55565
161.432 -1.56565
161.727 -1.57565
162.017 -1.58565
162.303 -1.59565
162.586 -1.60565
162.865 -1.61565
163.136 -1.62565
163.404 -1.63565
163.669 -1.64565
163.928 -1.65565
164.15 -1.66565
164.366 -1.67565
164.578 -1.68565
164.661 -1.69565
164.646 -1.70565
164.595 -1.71565
164.503 -1.72565
164.195 -1.73565
163.485 -1.74565
162.238 -1.75565
160.982 -1.76565
160.093 -1.77565
159.6 -1.78565
159.22 -1.79565
159.013 -1.80565
158.836 -1.81565
158.626 -1.82565
158.391 -1.83565
158.253 -1.84565
158.121 -1.85565
157.976 -1.86565
157.816 -1.87565
157.64 -1.88565
157.48 -1.89565
157.338 -1.90565
157.188 -1.91565
157.039 -1.92565
156.883 -1.93565
156.721 -1.94565
156.555 -1.95565
156.404 -1.96565
156.244 -1.97565
156.078 -1.98565
155.902 -1.99565
155.687 -2.00565
155.331 -2.01565
154.898 -2.02565
154.34 -2.03565
153.59 -2.04565
152.774 -2.05565
152.365 -2.06565
152.079 -2.07565
151.721 -2.08565
151.417 -2.09565
151.209 -2.10565
151.04 -2.11565
150.864 -2.12565
150.684 -2.13565
150.5 -2.14565
150.313 -2.15565
150.122 -2.16565
149.943 -2.17565
149.784 -2.18565
149.624 -2.19565
149.469 -2.20565
149.321 -2.21565
149.178 -2.22565
149.011 -2.23565
148.838 -2.24565
148.663 -2.25565
148.486 -2.26565
148.308 -2.27565
148.133 -2.28565
147.97 -2.29565
147.803 -2.30565
147.643 -2.31565
147.483 -2.32565
147.327 -2.33565
147.186 -2.34565
147.047 -2.35565
146.91 -2.36565
146.771 -2.37565
146.631 -2.38565
146.491 -2.39565
146.349 -2.40565
146.206 -2.41565
146.062 -2.42565
145.917 -2.43565
145.769 -2.44565
145.62 -2.45565
145.471 -2.46565
145.321 -2.47565
145.169 -2.48565
145.017 -2.49565
144.874 -2.50565
144.73 -2.51565
144.586 -2.52565
144.441 -2.53565
144.297 -2.54565
144.151 -2.55565
144.005 -2.56565
143.858 -2.57565
143.71 -2.58565
143.562 -2.59565
143.414 -2.60565
143.265 -2.61565
143.116 -2.62565
142.967 -2.63565
142.817 -2.64565
142.667 -2.65565
142.516 -2.66565
142.365 -2.67565
142.217 -2.68565
142.073 -2.69565
141.932 -2.70565
141.791 -2.71565
141.649 -2.72565
141.507 -2.73565
141.365 -2.74565
141.222 -2.75565
141.079 -2.76565
140.937 -2.77565
140.799 -2.78565
140.66 -2.79565
140.522 -2.80565
140.385 -2.81565
140.248 -2.82565
140.114 -2.83565
139.98 -2.84565
139.848 -2.85565
139.717 -2.86565
139.585 -2.87565
139.452 -2.88565
139.322 -2.89565
139.193 -2.90565
139.063 -2.91565
138.933 -2.92565
138.804 -2.93565
138.673 -2.94565
138.543 -2.95565
138.413 -2.96565
138.283 -2.97565
138.154 -2.98565
138.026 -2.99565
137.901 -3.00565
137.777 -3.01565
137.655 -3.02565
137.532 -3.03565
137.409 -3.04565
137.287 -3.05565
137.164 -3.06565
137.041 -3.07565
136.917 -3.08565
136.794 -3.09565
136.67 -3.10565
136.546 -3.11565
136.422 -3.12565
136.298 -3.13565
136.176 -3.14565
136.054 -3.15565
135.932 -3.16565
135.81 -3.17565
135.688 -3.18565
135.566 -3.19565
135.444 -3.20565
135.322 -3.21565
135.202 -3.22565
135.092 -3.23565
134.981 -3.24565
134.871 -3.25565
134.761 -3.26565
134.651 -3.27565
134.541 -3.28565
134.432 -3.29565
134.322 -3.30565
134.212 -3.31565
134.102 -3.32565
133.991 -3.33565
133.882 -3.34565
133.774 -3.35565
133.665 -3.36565
133.556 -3.37565
133.447 -3.38565
133.338 -3.39565
133.229 -3.40565
133.119 -3.41565
133.009 -3.42565
132.899 -3.43565
132.79 -3.44565
132.68 -3.45565
132.57 -3.46565
132.46 -3.47565
132.35 -3.48565
132.241 -3.49565
132.131 -3.50565
132.021 -3.51565
131.911 -3.52565
131.801 -3.53565
131.692 -3.54565
131.582 -3.55565
131.472 -3.56565
131.362 -3.57565
131.252 -3.58565
131.143 -3.59565
131.034 -3.60565
130.925 -3.61565
130.817 -3.62565
130.709 -3.63565
130.601 -3.64565
130.492 -3.65565
130.384 -3.66565
130.276 -3.67565
130.167 -3.68565
130.059 -3.69565
129.951 -3.70565
129.849 -3.71565
129.754 -3.72565
129.659 -3.73565
129.564 -3.74565
129.469 -3.75565
129.375 -3.76565
129.28 -3.77565
129.185 -3.78565
129.091 -3.79565
128.996 -3.80565
128.902 -3.81565
128.807 -3.82565
128.715 -3.83565
128.626 -3.84565
128.539 -3.85565
128.451 -3.86565
128.364 -3.87565
128.277 -3.88565
128.19 -3.89565
128.102 -3.90565
128.015 -3.91565
127.928 -3.92565
127.84 -3.93565
127.753 -3.94565
127.666 -3.95565
127.579 -3.96565
127.492 -3.97565
127.405 -3.98565
127.319 -3.99565
127.234 -4.00565
127.149 -4.01565
127.064 -4.02565
126.979 -4.03565
126.895 -4.04565
126.812 -4.05565
126.728 -4.06565
126.644 -4.07565
126.561 -4.08565
126.477 -4.09565
126.394 -4.10565
126.312 -4.11565
126.23 -4.12565
126.147 -4.13565
126.065 -4.14565
125.983 -4.15565
125.901 -4.16565
125.819 -4.17565
125.737 -4.18565
125.656 -4.19565
125.574 -4.20565
125.492 -4.21565
125.41 -4.22565
125.329 -4.23565
125.247 -4.24565
125.172 -4.25565
125.096 -4.26565
125.021 -4.27565
124.946 -4.28565
124.871 -4.29565
124.796 -4.30565
124.72 -4.31565
124.646 -4.32565
124.571 -4.33565
124.496 -4.34565
124.421 -4.35565
124.346 -4.36565
124.272 -4.37565
124.197 -4.38565
124.123 -4.39565
124.048 -4.40565
123.974 -4.41565
123.9 -4.42565
123.826 -4.43565
123.751 -4.44565
123.677 -4.45565
123.604 -4.46565
123.53 -4.47565
123.456 -4.48565
123.383 -4.49565
123.309 -4.50565
123.236 -4.51565
123.162 -4.52565
123.089 -4.53565
123.016 -4.54565
122.948 -4.55565
122.882 -4.56565
122.816 -4.57565
122.75 -4.58565
122.684 -4.59565
122.618 -4.60565
122.552 -4.61565
122.486 -4.62565
122.42 -4.63565
122.355 -4.64565
122.289 -4.65565
122.224 -4.66565
122.159 -4.67565
122.094 -4.68565
122.029 -4.69565
121.964 -4.70565
121.899 -4.71565
121.835 -4.72565
121.77 -4.73565
121.706 -4.74565
121.641 -4.75565
121.577 -4.76565
121.513 -4.77565
121.449 -4.78565
121.385 -4.79565
121.321 -4.80565
121.258 -4.81565
121.194 -4.82565
121.131 -4.83565
121.067 -4.84565
121.004 -4.85565
120.941 -4.86565
120.877 -4.87565
120.814 -4.88565
120.751 -4.89565
120.688 -4.90565
120.626 -4.91565
120.563 -4.92565
120.5 -4.93565
120.439 -4.94565
120.383 -4.95565
120.328 -4.96565
120.272 -4.97565
120.217 -4.98565
120.161 -4.99565
120.106 -5.00565
120.051 -5.01565
119.996 -5.02565
119.941 -5.03565
119.886 -5.04565
119.831 -5.05565
119.777 -5.06565
119.725 -5.07565
119.674 -5.08565
119.622 -5.09565
119.571 -5.10565
119.52 -5.11565
119.469 -5.12565
119.418 -5.13565
119.367 -5.14565
119.316 -5.15565
119.266 -5.16565
119.215 -5.17565
119.165 -5.18565
119.114 -5.19565
119.064 -5.20565
119.014 -5.21565
118.965 -5.22565
118.915 -5.23565
118.865 -5.24565
118.816 -5.25565
118.766 -5.26565
118.717 -5.27565
118.668 -5.28565
118.618 -5.29565
118.569 -5.30565
118.52 -5.31565
118.471 -5.32565
118.426 -5.33565
118.382 -5.34565
118.339 -5.35565
118.295 -5.36565
118.254 -5.37565
118.213 -5.38565
118.172 -5.39565
118.13 -5.40565
118.089 -5.41565
118.048 -5.42565
118.008 -5.43565
117.967 -5.44565
117.926 -5.45565
117.885 -5.46565
117.845 -5.47565
117.804 -5.48565
117.764 -5.49565
117.724 -5.50565
117.683 -5.51565
117.643 -5.52565
117.603 -5.53565
117.563 -5.54565
117.523 -5.55565
117.483 -5.56565
117.443 -5.57565
117.404 -5.58565
117.364 -5.59565
117.325 -5.60565
117.285 -5.61565
117.246 -5.62565
117.207 -5.63565
117.167 -5.64565
117.128 -5.65565
117.089 -5.66565
117.05 -5.67565
117.012 -5.68565
116.973 -5.69565
116.934 -5.70565
116.896 -5.71565
116.857 -5.72565
116.819 -5.73565
116.781 -5.74565
116.742 -5.75565
116.704 -5.76565
116.666 -5.77565
116.629 -5.78565
116.591 -5.79565
116.553 -5.80565
116.515 -5.81565
116.478 -5.82565
116.441 -5.83565
116.403 -5.84565
116.366 -5.85565
116.329 -5.86565
116.292 -5.87565
116.255 -5.88565
116.218 -5.89565
116.181 -5.90565
116.144 -5.91565
116.105 -5.92565
116.067 -5.93565
116.029 -5.94565
115.991 -5.95565
115.952 -5.96565
115.914 -5.97565
115.876 -5.98565
115.838 -5.99565
115.8 -6.00565
115.763 -6.01565
115.725 -6.02565
115.687 -6.03565
115.65 -6.04565
115.612 -6.05565
115.575 -6.06565
115.537 -6.07565
115.5 -6.08565
115.463 -6.09565
115.426 -6.10565
115.389 -6.11565
115.352 -6.12565
115.315 -6.13565
115.278 -6.14565
115.241 -6.15565
115.205 -6.16565
115.168 -6.17565
115.132 -6.18565
115.095 -6.19565
115.059 -6.20565
115.024 -6.21565
114.99 -6.22565
114.956 -6.23565
114.922 -6.24565
114.888 -6.25565
114.854 -6.26565
114.82 -6.27565
114.786 -6.28565
114.753 -6.29565
114.719 -6.30565
114.686 -6.31565
114.652 -6.32565
114.619 -6.33565
114.585 -6.34565
114.552 -6.35565
114.519 -6.36565
114.486 -6.37565
114.453 -6.38565
114.42 -6.39565
114.387 -6.40565
114.355 -6.41565
114.322 -6.42565
114.289 -6.43565
114.257 -6.44565
114.224 -6.45565
114.192 -6.46565
114.16 -6.47565
114.128 -6.48565
114.096 -6.49565
114.064 -6.50565
114.032 -6.51565
114 -6.52565
113.968 -6.53565
113.936 -6.54565
113.905 -6.55565
113.873 -6.56565
113.842 -6.57565
113.81 -6.58565
113.779 -6.59565
113.748 -6.60565
113.717 -6.61565
113.686 -6.62565
113.655 -6.63565
113.624 -6.64565
113.593 -6.65565
113.565 -6.66565
113.537 -6.67565
113.508 -6.68565
113.48 -6.69565
113.452 -6.70565
113.424 -6.71565
113.396 -6.72565
113.369 -6.73565
113.341 -6.74565
113.312 -6.75565
113.284 -6.76565
113.255 -6.77565
113.226 -6.78565
113.197 -6.79565
113.169 -6.80565
113.14 -6.81565
113.112 -6.82565
113.083 -6.83565
113.053 -6.84565
113.023 -6.85565
112.993 -6.86565
112.963 -6.87565
112.933 -6.88565
112.904 -6.89565
112.874 -6.90565
112.844 -6.91565
112.815 -6.92565
112.785 -6.93565
112.756 -6.94565
112.728 -6.95565
112.701 -6.96565
112.674 -6.97565
112.647 -6.98565
112.62 -6.99565
112.593 -7.00565
112.566 -7.01565
112.539 -7.02565
112.512 -7.03565
112.485 -7.04565
112.458 -7.05565
112.432 -7.06565
112.405 -7.07565
112.379 -7.08565
112.352 -7.09565
112.326 -7.10565
112.299 -7.11565
112.273 -7.12565
112.246 -7.13565
112.22 -7.14565
112.194 -7.15565
112.168 -7.16565
112.142 -7.17565
112.115 -7.18565
112.089 -7.19565
112.063 -7.20565
112.037 -7.21565
112.011 -7.22565
111.985 -7.23565
111.96 -7.24565
111.934 -7.25565
111.908 -7.26565
111.882 -7.27565
111.856 -7.28565
111.831 -7.29565
111.805 -7.30565
111.779 -7.31565
111.754 -7.32565
111.728 -7.33565
111.703 -7.34565
111.677 -7.35565
111.652 -7.36565
111.627 -7.37565
111.602 -7.38565
111.576 -7.39565
111.551 -7.40565
111.526 -7.41565
111.501 -7.42565
111.476 -7.43565
111.451 -7.44565
111.426 -7.45565
111.401 -7.46565
111.376 -7.47565
111.352 -7.48565
111.327 -7.49565
111.302 -7.50565
111.278 -7.51565
111.253 -7.52565
111.229 -7.53565
111.204 -7.54565
111.18 -7.55565
111.155 -7.56565
111.131 -7.57565
111.107 -7.58565
111.083 -7.59565
111.059 -7.60565
111.035 -7.61565
111.011 -7.62565
110.987 -7.63565
110.963 -7.64565
110.939 -7.65565
110.915 -7.66565
110.891 -7.67565
110.867 -7.68565
110.844 -7.69565
110.822 -7.70565
110.799 -7.71565
110.777 -7.72565
110.755 -7.73565
110.732 -7.74565
110.71 -7.75565
110.688 -7.76565
110.666 -7.77565
110.643 -7.78565
110.621 -7.79565
110.599 -7.80565
110.577 -7.81565
110.556 -7.82565
110.534 -7.83565
110.512 -7.84565
110.49 -7.85565
110.468 -7.86565
110.447 -7.87565
110.425 -7.88565
110.404 -7.89565
110.382 -7.90565
110.361 -7.91565
110.339 -7.92565
110.318 -7.93565
110.297 -7.94565
110.276 -7.95565
110.255 -7.96565
110.234 -7.97565
110.212 -7.98565
110.192 -7.99565
110.171 -8.00565
110.15 -8.01565
110.129 -8.02565
110.108 -8.03565
110.088 -8.04565
110.067 -8.05565
110.046 -8.06565
110.026 -8.07565
110.005 -8.08565
109.985 -8.09565
109.965 -8.10565
109.944 -8.11565
109.924 -8.12565
109.904 -8.13565
109.884 -8.14565
109.864 -8.15565
109.844 -8.16565
109.824 -8.17565
109.804 -8.18565
109.784 -8.19565
109.764 -8.20565
109.745 -8.21565
109.725 -8.22565
109.706 -8.23565
109.686 -8.24565
109.667 -8.25565
109.647 -8.26565
109.628 -8.27565
109.609 -8.28565
109.59 -8.29565
109.57 -8.30565
109.551 -8.31565
109.532 -8.32565
109.513 -8.33565
109.495 -8.34565
109.476 -8.35565
109.457 -8.36565
109.438 -8.37565
109.42 -8.38565
109.401 -8.39565
109.383 -8.40565
109.364 -8.41565
109.346 -8.42565
109.328 -8.43565
109.309 -8.44565
109.291 -8.45565
109.273 -8.46565
109.255 -8.47565
109.237 -8.48565
109.219 -8.49565
109.201 -8.50565
109.184 -8.51565
109.166 -8.52565
109.148 -8.53565
109.131 -8.54565
109.113 -8.55565
109.096 -8.56565
109.078 -8.57565
109.061 -8.58565
109.044 -8.59565
109.027 -8.60565
109.009 -8.61565
108.992 -8.62565
108.975 -8.63565
108.959 -8.64565
108.942 -8.65565
108.925 -8.66565
108.908 -8.67565
108.892 -8.68565
108.875 -8.69565
108.859 -8.70565
108.842 -8.71565
108.826 -8.72565
108.81 -8.73565
108.793 -8.74565
108.777 -8.75565
108.759 -8.76565
108.742 -8.77565
108.725 -8.78565
108.708 -8.79565
108.691 -8.80565
108.674 -8.81565
108.657 -8.82565
108.64 -8.83565
108.623 -8.84565
108.606 -8.85565
108.59 -8.86565
108.573 -8.87565
108.556 -8.88565
108.54 -8.89565
108.523 -8.90565
108.507 -8.91565
108.491 -8.92565
108.475 -8.93565
108.458 -8.94565
108.442 -8.95565
108.426 -8.96565
108.41 -8.97565
108.394 -8.98565
108.378 -8.99565
108.363 -9.00565
108.347 -9.01565
108.331 -9.02565
108.316 -9.03565
108.3 -9.04565
108.285 -9.05565
108.269 -9.06565
108.254 -9.07565
108.239 -9.08565
108.224 -9.09565
108.209 -9.10565
108.194 -9.11565
108.18 -9.12565
108.165 -9.13565
108.15 -9.14565
108.136 -9.15565
108.121 -9.16565
108.107 -9.17565
108.092 -9.18565
108.078 -9.19565
108.064 -9.20565
108.049 -9.21565
108.035 -9.22565
108.021 -9.23565
108.007 -9.24565
107.993 -9.25565
107.979 -9.26565
107.966 -9.27565
107.952 -9.28565
107.938 -9.29565
107.925 -9.30565
107.911 -9.31565
107.898 -9.32565
107.884 -9.33565
107.871 -9.34565
107.858 -9.35565
107.845 -9.36565
107.831 -9.37565
107.818 -9.38565
107.805 -9.39565
107.793 -9.40565
107.78 -9.41565
107.767 -9.42565
107.754 -9.43565
107.742 -9.44565
107.729 -9.45565
107.716 -9.46565
107.704 -9.47565
107.691 -9.48565
107.678 -9.49565
107.665 -9.50565
107.652 -9.51565
107.639 -9.52565
107.627 -9.53565
107.614 -9.54565
107.602 -9.55565
107.589 -9.56565
107.577 -9.57565
107.565 -9.58565
107.552 -9.59565
107.54 -9.60565
107.528 -9.61565
107.517 -9.62565
107.505 -9.63565
107.493 -9.64565
107.481 -9.65565
107.47 -9.66565
107.458 -9.67565
107.447 -9.68565
107.436 -9.69565
107.424 -9.70565
107.413 -9.71565
107.402 -9.72565
107.391 -9.73565
107.38 -9.74565
107.369 -9.75565
107.358 -9.76565
107.347 -9.77565
107.336 -9.78565
107.326 -9.79565
107.315 -9.80565
107.305 -9.81565
107.292 -9.82565
107.279 -9.83565
107.265 -9.84565
107.251 -9.85565
107.237 -9.86565
107.224 -9.87565
107.21 -9.88565
107.197 -9.89565
107.183 -9.90565
107.17 -9.91565
107.156 -9.92565
107.143 -9.93565
107.13 -9.94565
107.117 -9.95565
107.104 -9.96565
107.091 -9.97565
107.078 -9.98565
107.065 -9.99565
107.052 -10.0057
107.039 -10.0157
107.026 -10.0257
107.013 -10.0357
107.001 -10.0457
106.988 -10.0557
106.975 -10.0657
106.963 -10.0757
106.95 -10.0857
106.938 -10.0957
106.926 -10.1057
106.913 -10.1157
106.901 -10.1257
106.889 -10.1357
106.877 -10.1457
106.865 -10.1557
106.853 -10.1657
106.841 -10.1757
106.829 -10.1857
106.817 -10.1957
106.805 -10.2057
106.793 -10.2157
106.782 -10.2257
106.77 -10.2357
106.759 -10.2457
106.747 -10.2557
106.736 -10.2657
106.724 -10.2757
106.713 -10.2857
106.702 -10.2957
106.691 -10.3057
106.679 -10.3157
106.668 -10.3257
106.657 -10.3357
106.646 -10.3457
106.635 -10.3557
106.625 -10.3657
106.614 -10.3757
106.603 -10.3857
106.592 -10.3957
106.582 -10.4057
106.571 -10.4157
106.561 -10.4257
106.55 -10.4357
106.54 -10.4457
106.53 -10.4557
106.519 -10.4657
106.509 -10.4757
106.499 -10.4857
106.489 -10.4957
106.479 -10.5057
106.469 -10.5157
106.459 -10.5257
106.449 -10.5357
106.439 -10.5457
106.43 -10.5557
106.42 -10.5657
106.41 -10.5757
106.4 -10.5857
106.39 -10.5957
106.38 -10.6057
106.37 -10.6157
106.361 -10.6257
106.351 -10.6357
106.341 -10.6457
106.332 -10.6557
106.322 -10.6657
106.313 -10.6757
106.304 -10.6857
106.294 -10.6957
106.285 -10.7057
106.276 -10.7157
106.267 -10.7257
106.258 -10.7357
106.249 -10.7457
106.24 -10.7557
106.231 -10.7657
106.222 -10.7757
106.213 -10.7857
106.205 -10.7957
106.196 -10.8057
106.187 -10.8157
106.179 -10.8257
106.17 -10.8357
106.162 -10.8457
106.154 -10.8557
106.146 -10.8657
106.137 -10.8757
106.129 -10.8857
106.121 -10.8957
106.113 -10.9057
106.105 -10.9157
106.097 -10.9257
106.089 -10.9357
106.079 -10.9457
106.069 -10.9557
106.059 -10.9657
106.049 -10.9757
106.04 -10.9857
106.03 -10.9957
106.02 -11.0057
106.011 -11.0157
106.001 -11.0257
105.992 -11.0357
105.983 -11.0457
105.973 -11.0557
105.964 -11.0657
105.955 -11.0757
105.946 -11.0857
105.937 -11.0957
105.928 -11.1057
105.919 -11.1157
105.91 -11.1257
105.901 -11.1357
105.892 -11.1457
105.883 -11.1557
105.874 -11.1657
105.865 -11.1757
105.856 -11.1857
105.848 -11.1957
105.84 -11.2057
105.831 -11.2157
105.823 -11.2257
105.815 -11.2357
105.807 -11.2457
105.799 -11.2557
105.791 -11.2657
105.783 -11.2757
105.775 -11.2857
105.767 -11.2957
105.76 -11.3057
105.752 -11.3157
105.745 -11.3257
105.737 -11.3357
105.73 -11.3457
105.722 -11.3557
105.715 -11.3657
105.708 -11.3757
105.701 -11.3857
105.693 -11.3957
105.686 -11.4057
105.679 -11.4157
105.672 -11.4257
105.665 -11.4357
105.658 -11.4457
105.652 -11.4557
105.645 -11.4657
105.638 -11.4757
105.632 -11.4857
105.625 -11.4957
105.619 -11.5057
105.612 -11.5157
105.606 -11.5257
105.599 -11.5357
105.593 -11.5457
105.587 -11.5557
105.581 -11.5657
105.575 -11.5757
105.569 -11.5857
105.563 -11.5957
105.557 -11.6057
105.551 -11.6157
105.545 -11.6257
105.539 -11.6357
105.534 -11.6457
105.528 -11.6557
105.522 -11.6657
105.517 -11.6757
105.511 -11.6857
105.506 -11.6957
105.501 -11.7057
105.495 -11.7157
105.49 -11.7257
105.485 -11.7357
105.48 -11.7457
105.475 -11.7557
105.47 -11.7657
105.466 -11.7757
105.461 -11.7857
105.456 -11.7957
105.452 -11.8057
105.447 -11.8157
105.443 -11.8257
105.438 -11.8357
105.434 -11.8457
105.43 -11.8557
105.425 -11.8657
105.421 -11.8757
105.417 -11.8857
105.413 -11.8957
105.409 -11.9057
105.405 -11.9157
105.401 -11.9257
105.398 -11.9357
105.394 -11.9457
105.39 -11.9557
105.387 -11.9657
105.383 -11.9757
105.379 -11.9857
105.376 -11.9957
105.373 -12.0057
105.369 -12.0157
105.366 -12.0257
105.363 -12.0357
105.36 -12.0457
105.357 -12.0557
105.354 -12.0657
105.351 -12.0757
105.348 -12.0857
105.345 -12.0957
105.343 -12.1057
105.336 -12.1157
105.329 -12.1257
105.321 -12.1357
105.313 -12.1457
105.306 -12.1557
105.297 -12.1657
105.288 -12.1757
105.279 -12.1857
105.27 -12.1957
105.261 -12.2057
105.252 -12.2157
105.243 -12.2257
105.234 -12.2357
105.225 -12.2457
105.216 -12.2557
105.208 -12.2657
105.199 -12.2757
105.19 -12.2857
105.181 -12.2957
105.173 -12.3057
105.164 -12.3157
105.156 -12.3257
105.147 -12.3357
105.138 -12.3457
105.13 -12.3557
105.121 -12.3657
105.113 -12.3757
105.105 -12.3857
105.096 -12.3957
105.088 -12.4057
105.08 -12.4157
105.071 -12.4257
105.063 -12.4357
105.055 -12.4457
105.047 -12.4557
105.039 -12.4657
105.03 -12.4757
105.022 -12.4857
105.014 -12.4957
105.006 -12.5057
104.998 -12.5157
104.99 -12.5257
104.983 -12.5357
104.975 -12.5457
104.967 -12.5557
104.959 -12.5657
104.951 -12.5757
104.943 -12.5857
104.935 -12.5957
104.927 -12.6057
104.919 -12.6157
104.911 -12.6257
104.904 -12.6357
104.896 -12.6457
104.888 -12.6557
104.88 -12.6657
104.873 -12.6757
104.865 -12.6857
104.858 -12.6957
104.85 -12.7057
104.843 -12.7157
104.835 -12.7257
104.828 -12.7357
104.82 -12.7457
104.813 -12.7557
104.806 -12.7657
104.799 -12.7757
104.791 -12.7857
104.784 -12.7957
104.777 -12.8057
104.77 -12.8157
104.763 -12.8257
104.756 -12.8357
104.749 -12.8457
104.742 -12.8557
104.734 -12.8657
104.725 -12.8757
104.716 -12.8857
104.707 -12.8957
104.698 -12.9057
104.69 -12.9157
104.681 -12.9257
104.672 -12.9357
104.663 -12.9457
104.654 -12.9557
104.645 -12.9657
104.637 -12.9757
104.628 -12.9857
104.619 -12.9957
104.611 -13.0057
104.602 -13.0157
104.593 -13.0257
104.585 -13.0357
104.576 -13.0457
104.568 -13.0557
104.559 -13.0657
104.551 -13.0757
104.542 -13.0857
104.534 -13.0957
104.525 -13.1057
104.517 -13.1157
104.509 -13.1257
104.5 -13.1357
104.492 -13.1457
104.484 -13.1557
104.476 -13.1657
104.468 -13.1757
104.459 -13.1857
104.451 -13.1957
104.443 -13.2057
104.435 -13.2157
104.427 -13.2257
104.419 -13.2357
104.411 -13.2457
104.403 -13.2557
104.395 -13.2657
104.387 -13.2757
104.379 -13.2857
104.372 -13.2957
104.364 -13.3057
104.356 -13.3157
104.348 -13.3257
104.34 -13.3357
104.333 -13.3457
104.325 -13.3557
104.317 -13.3657
104.31 -13.3757
104.302 -13.3857
104.295 -13.3957
104.287 -13.4057
104.28 -13.4157
104.272 -13.4257
104.265 -13.4357
104.257 -13.4457
104.25 -13.4557
104.243 -13.4657
104.236 -13.4757
104.228 -13.4857
104.221 -13.4957
104.214 -13.5057
104.206 -13.5157
104.198 -13.5257
104.19 -13.5357
104.181 -13.5457
104.173 -13.5557
104.165 -13.5657
104.157 -13.5757
104.148 -13.5857
104.14 -13.5957
104.132 -13.6057
104.124 -13.6157
104.116 -13.6257
104.108 -13.6357
104.1 -13.6457
104.092 -13.6557
104.084 -13.6657
104.076 -13.6757
104.068 -13.6857
104.059 -13.6957
104.051 -13.7057
104.043 -13.7157
104.035 -13.7257
104.027 -13.7357
104.019 -13.7457
104.011 -13.7557
104.003 -13.7657
103.995 -13.7757
103.987 -13.7857
103.979 -13.7957
103.97 -13.8057
103.962 -13.8157
103.954 -13.8257
103.945 -13.8357
103.937 -13.8457
103.929 -13.8557
103.921 -13.8657
103.912 -13.8757
103.904 -13.8857
103.896 -13.8957
103.888 -13.9057
103.88 -13.9157
103.872 -13.9257
103.864 -13.9357
103.856 -13.9457
103.848 -13.9557
103.84 -13.9657
103.832 -13.9757
103.824 -13.9857
103.816 -13.9957
103.808 -14.0057
103.8 -14.0157
103.792 -14.0257
103.785 -14.0357
103.777 -14.0457
103.769 -14.0557
103.761 -14.0657
103.754 -14.0757
103.746 -14.0857
103.738 -14.0957
103.731 -14.1057
103.723 -14.1157
103.716 -14.1257
103.708 -14.1357
103.701 -14.1457
103.693 -14.1557
103.686 -14.1657
103.678 -14.1757
103.671 -14.1857
103.664 -14.1957
103.657 -14.2057
103.649 -14.2157
103.642 -14.2257
103.635 -14.2357
103.628 -14.2457
103.621 -14.2557
103.614 -14.2657
103.607 -14.2757
103.6 -14.2857
103.593 -14.2957
103.587 -14.3057
103.58 -14.3157
103.573 -14.3257
103.566 -14.3357
103.559 -14.3457
103.553 -14.3557
103.544 -14.3657
103.536 -14.3757
103.528 -14.3857
103.519 -14.3957
103.511 -14.4057
103.503 -14.4157
103.494 -14.4257
103.486 -14.4357
103.478 -14.4457
103.469 -14.4557
103.461 -14.4657
103.453 -14.4757
103.445 -14.4857
103.437 -14.4957
103.429 -14.5057
103.421 -14.5157
103.412 -14.5257
103.404 -14.5357
103.396 -14.5457
103.388 -14.5557
103.38 -14.5657
103.372 -14.5757
103.364 -14.5857
103.356 -14.5957
103.348 -14.6057
103.34 -14.6157
103.332 -14.6257
103.324 -14.6357
103.316 -14.6457
103.307 -14.6557
103.299 -14.6657
103.291 -14.6757
103.283 -14.6857
103.275 -14.6957
103.267 -14.7057
103.259 -14.7157
103.251 -14.7257
103.243 -14.7357
103.234 -14.7457
103.226 -14.7557
103.218 -14.7657
103.21 -14.7757
103.202 -14.7857
103.194 -14.7957
103.187 -14.8057
103.179 -14.8157
103.171 -14.8257
103.163 -14.8357
103.155 -14.8457
103.147 -14.8557
103.139 -14.8657
103.132 -14.8757
103.124 -14.8857
103.116 -14.8957
103.108 -14.9057
103.101 -14.9157
103.093 -14.9257
103.085 -14.9357
103.078 -14.9457
103.07 -14.9557
103.062 -14.9657
103.055 -14.9757
103.047 -14.9857
103.04 -14.9957
103.032 -15.0057
103.025 -15.0157
103.017 -15.0257
103.01 -15.0357
103.002 -15.0457
102.995 -15.0557
102.987 -15.0657
102.98 -15.0757
102.973 -15.0857
102.965 -15.0957
102.958 -15.1057
102.951 -15.1157
102.943 -15.1257
102.936 -15.1357
102.929 -15.1457
102.922 -15.1557
102.914 -15.1657
102.907 -15.1757
102.9 -15.1857
102.893 -15.1957
102.886 -15.2057
102.879 -15.2157
102.872 -15.2257
102.865 -15.2357
102.858 -15.2457
102.851 -15.2557
102.844 -15.2657
102.837 -15.2757
102.83 -15.2857
102.823 -15.2957
102.816 -15.3057
102.809 -15.3157
102.802 -15.3257
102.795 -15.3357
102.788 -15.3457
102.781 -15.3557
102.774 -15.3657
102.768 -15.3757
102.761 -15.3857
102.754 -15.3957
102.747 -15.4057
102.741 -15.4157
102.734 -15.4257
102.727 -15.4357
102.721 -15.4457
102.713 -15.4557
102.706 -15.4657
102.699 -15.4757
102.692 -15.4857
102.685 -15.4957
102.678 -15.5057
102.671 -15.5157
102.664 -15.5257
102.657 -15.5357
102.65 -15.5457
102.643 -15.5557
102.636 -15.5657
102.629 -15.5757
102.622 -15.5857
102.615 -15.5957
102.608 -15.6057
102.602 -15.6157
102.595 -15.6257
102.588 -15.6357
102.581 -15.6457
102.574 -15.6557
102.568 -15.6657
102.561 -15.6757
102.554 -15.6857
102.548 -15.6957
102.541 -15.7057
102.534 -15.7157
102.528 -15.7257
102.521 -15.7357
102.515 -15.7457
102.508 -15.7557
102.502 -15.7657
102.495 -15.7757
102.489 -15.7857
102.482 -15.7957
102.476 -15.8057
102.47 -15.8157
102.463 -15.8257
102.457 -15.8357
102.451 -15.8457
102.444 -15.8557
102.438 -15.8657
102.432 -15.8757
102.426 -15.8857
102.42 -15.8957
102.414 -15.9057
102.408 -15.9157
102.402 -15.9257
102.396 -15.9357
102.39 -15.9457
102.384 -15.9557
102.378 -15.9657
102.373 -15.9757
102.367 -15.9857
102.361 -15.9957
102.355 -16.0057
102.35 -16.0157
102.344 -16.0257
102.338 -16.0357
102.333 -16.0457
102.327 -16.0557
102.321 -16.0657
102.316 -16.0757
102.31 -16.0857
102.305 -16.0957
102.299 -16.1057
102.294 -16.1157
102.288 -16.1257
102.283 -16.1357
102.278 -16.1457
102.272 -16.1557
102.267 -16.1657
102.262 -16.1757
102.256 -16.1857
102.251 -16.1957
102.246 -16.2057
102.241 -16.2157
102.235 -16.2257
102.23 -16.2357
102.225 -16.2457
102.22 -16.2557
102.215 -16.2657
102.21 -16.2757
102.205 -16.2857
102.2 -16.2957
102.195 -16.3057
102.19 -16.3157
102.185 -16.3257
102.18 -16.3357
102.175 -16.3457
102.17 -16.3557
102.166 -16.3657
102.161 -16.3757
102.156 -16.3857
102.151 -16.3957
102.147 -16.4057
102.142 -16.4157
102.138 -16.4257
102.133 -16.4357
102.128 -16.4457
102.124 -16.4557
102.119 -16.4657
102.115 -16.4757
102.111 -16.4857
102.106 -16.4957
102.102 -16.5057
102.098 -16.5157
102.093 -16.5257
102.089 -16.5357
102.085 -16.5457
102.081 -16.5557
102.076 -16.5657
102.072 -16.5757
102.068 -16.5857
102.064 -16.5957
102.06 -16.6057
102.056 -16.6157
102.052 -16.6257
102.048 -16.6357
102.044 -16.6457
102.041 -16.6557
102.037 -16.6657
102.033 -16.6757
102.029 -16.6857
102.025 -16.6957
102.022 -16.7057
102.018 -16.7157
102.014 -16.7257
102.011 -16.7357
102.007 -16.7457
102.004 -16.7557
102 -16.7657
101.997 -16.7757
101.993 -16.7857
101.99 -16.7957
101.986 -16.8057
101.981 -16.8157
101.977 -16.8257
101.972 -16.8357
101.968 -16.8457
101.964 -16.8557
101.959 -16.8657
101.955 -16.8757
101.951 -16.8857
101.947 -16.8957
101.942 -16.9057
101.938 -16.9157
101.934 -16.9257
101.93 -16.9357
101.926 -16.9457
101.922 -16.9557
101.918 -16.9657
101.914 -16.9757
101.91 -16.9857
101.906 -16.9957
101.902 -17.0057
101.898 -17.0157
101.895 -17.0257
101.891 -17.0357
101.887 -17.0457
101.884 -17.0557
101.88 -17.0657
101.876 -17.0757
101.873 -17.0857
101.869 -17.0957
101.866 -17.1057
101.862 -17.1157
101.859 -17.1257
101.856 -17.1357
101.852 -17.1457
101.849 -17.1557
101.846 -17.1657
101.842 -17.1757
101.839 -17.1857
101.836 -17.1957
101.833 -17.2057
101.83 -17.2157
101.827 -17.2257
101.824 -17.2357
101.821 -17.2457
101.818 -17.2557
101.815 -17.2657
101.812 -17.2757
101.81 -17.2857
101.807 -17.2957
101.804 -17.3057
101.802 -17.3157
101.799 -17.3257
101.796 -17.3357
101.791 -17.3457
101.786 -17.3557
101.781 -17.3657
101.776 -17.3757
101.771 -17.3857
101.766 -17.3957
101.761 -17.4057
101.756 -17.4157
101.752 -17.4257
101.747 -17.4357
101.742 -17.4457
101.738 -17.4557
101.733 -17.4657
101.728 -17.4757
101.724 -17.4857
101.719 -17.4957
101.715 -17.5057
101.71 -17.5157
101.706 -17.5257
101.702 -17.5357
101.697 -17.5457
101.693 -17.5557
101.688 -17.5657
101.684 -17.5757
101.68 -17.5857
101.675 -17.5957
101.671 -17.6057
101.667 -17.6157
101.663 -17.6257
101.659 -17.6357
101.654 -17.6457
101.65 -17.6557
101.646 -17.6657
101.642 -17.6757
101.638 -17.6857
101.634 -17.6957
101.63 -17.7057
101.624 -17.7157
101.618 -17.7257
101.611 -17.7357
101.605 -17.7457
101.599 -17.7557
101.593 -17.7657
101.587 -17.7757
101.581 -17.7857
101.574 -17.7957
101.568 -17.8057
101.562 -17.8157
101.556 -17.8257
101.55 -17.8357
101.544 -17.8457
101.538 -17.8557
101.532 -17.8657
101.526 -17.8757
101.52 -17.8857
101.514 -17.8957
101.508 -17.9057
101.502 -17.9157
101.496 -17.9257
101.49 -17.9357
101.484 -17.9457
101.479 -17.9557
101.473 -17.9657
101.467 -17.9757
101.461 -17.9857
101.456 -17.9957
101.45 -18.0057
101.444 -18.0157
101.438 -18.0257
101.432 -18.0357
101.427 -18.0457
101.421 -18.0557
101.415 -18.0657
101.41 -18.0757
101.404 -18.0857
101.398 -18.0957
101.393 -18.1057
101.387 -18.1157
101.381 -18.1257
101.376 -18.1357
101.37 -18.1457
101.364 -18.1557
101.359 -18.1657
101.353 -18.1757
101.348 -18.1857
101.342 -18.1957
101.337 -18.2057
101.331 -18.2157
101.326 -18.2257
101.32 -18.2357
101.315 -18.2457
101.309 -18.2557
101.304 -18.2657
101.299 -18.2757
101.293 -18.2857
101.288 -18.2957
101.282 -18.3057
101.277 -18.3157
101.272 -18.3257
101.266 -18.3357
101.261 -18.3457
101.256 -18.3557
101.251 -18.3657
101.245 -18.3757
101.24 -18.3857
101.235 -18.3957
101.23 -18.4057
101.225 -18.4157
101.219 -18.4257
101.214 -18.4357
101.209 -18.4457
101.204 -18.4557
101.199 -18.4657
101.194 -18.4757
101.189 -18.4857
101.184 -18.4957
101.179 -18.5057
101.174 -18.5157
101.169 -18.5257
101.164 -18.5357
101.159 -18.5457
101.154 -18.5557
101.149 -18.5657
101.144 -18.5757
101.139 -18.5857
101.134 -18.5957
101.13 -18.6057
101.125 -18.6157
101.12 -18.6257
101.115 -18.6357
101.11 -18.6457
101.106 -18.6557
101.101 -18.6657
101.096 -18.6757
101.091 -18.6857
101.087 -18.6957
101.082 -18.7057
101.077 -18.7157
101.073 -18.7257
101.068 -18.7357
101.064 -18.7457
101.059 -18.7557
101.055 -18.7657
101.05 -18.7757
101.045 -18.7857
101.041 -18.7957
101.037 -18.8057
101.032 -18.8157
101.028 -18.8257
101.023 -18.8357
101.019 -18.8457
101.014 -18.8557
101.01 -18.8657
101.006 -18.8757
101.001 -18.8857
100.997 -18.8957
100.993 -18.9057
100.989 -18.9157
100.984 -18.9257
100.98 -18.9357
100.976 -18.9457
100.972 -18.9557
100.967 -18.9657
100.963 -18.9757
100.959 -18.9857
100.955 -18.9957
100.951 -19.0057
100.947 -19.0157
100.943 -19.0257
100.939 -19.0357
100.935 -19.0457
100.931 -19.0557
100.927 -19.0657
100.923 -19.0757
100.919 -19.0857
100.915 -19.0957
100.911 -19.1057
100.907 -19.1157
100.904 -19.1257
100.9 -19.1357
100.896 -19.1457
100.892 -19.1557
100.888 -19.1657
100.885 -19.1757
100.881 -19.1857
100.877 -19.1957
100.874 -19.2057
100.87 -19.2157
100.866 -19.2257
100.863 -19.2357
100.859 -19.2457
100.855 -19.2557
100.852 -19.2657
100.848 -19.2757
100.845 -19.2857
100.841 -19.2957
100.838 -19.3057
100.835 -19.3157
100.831 -19.3257
100.828 -19.3357
100.824 -19.3457
100.821 -19.3557
100.818 -19.3657
100.814 -19.3757
100.811 -19.3857
100.808 -19.3957
100.805 -19.4057
100.801 -19.4157
100.798 -19.4257
100.795 -19.4357
100.792 -19.4457
100.789 -19.4557
100.786 -19.4657
100.782 -19.4757
100.779 -19.4857
100.776 -19.4957
100.773 -19.5057
100.77 -19.5157
100.767 -19.5257
100.763 -19.5357
100.758 -19.5457
100.754 -19.5557
100.75 -19.5657
100.745 -19.5757
100.741 -19.5857
100.737 -19.5957
100.733 -19.6057
100.728 -19.6157
100.724 -19.6257
100.72 -19.6357
100.716 -19.6457
100.711 -19.6557
100.707 -19.6657
100.703 -19.6757
100.699 -19.6857
100.695 -19.6957
100.691 -19.7057
100.687 -19.7157
100.682 -19.7257
100.678 -19.7357
100.674 -19.7457
100.67 -19.7557
100.666 -19.7657
100.662 -19.7757
100.658 -19.7857
100.654 -19.7957
100.65 -19.8057
100.646 -19.8157
100.643 -19.8257
100.639 -19.8357
100.635 -19.8457
100.631 -19.8557
100.627 -19.8657
100.623 -19.8757
100.619 -19.8857
100.616 -19.8957
100.612 -19.9057
100.608 -19.9157
100.604 -19.9257
100.6 -19.9357
100.597 -19.9457
100.593 -19.9557
100.589 -19.9657
100.586 -19.9757
100.582 -19.9857
100.578 -19.9957
100.575 -20.0057
100.571 -20.0157
100.568 -20.0257
100.564 -20.0357
100.56 -20.0457
100.557 -20.0557
100.553 -20.0657
100.55 -20.0757
100.546 -20.0857
100.543 -20.0957
100.539 -20.1057
100.536 -20.1157
100.533 -20.1257
100.529 -20.1357
100.526 -20.1457
100.523 -20.1557
100.519 -20.1657
100.516 -20.1757
100.513 -20.1857
100.509 -20.1957
100.506 -20.2057
100.503 -20.2157
100.5 -20.2257
100.496 -20.2357
100.493 -20.2457
100.49 -20.2557
100.487 -20.2657
100.484 -20.2757
100.48 -20.2857
100.477 -20.2957
100.474 -20.3057
100.471 -20.3157
100.468 -20.3257
100.465 -20.3357
100.462 -20.3457
100.459 -20.3557
100.456 -20.3657
100.453 -20.3757
100.45 -20.3857
100.447 -20.3957
100.444 -20.4057
100.442 -20.4157
100.439 -20.4257
100.436 -20.4357
100.433 -20.4457
100.43 -20.4557
100.427 -20.4657
100.425 -20.4757
100.422 -20.4857
100.419 -20.4957
100.417 -20.5057
100.414 -20.5157
100.411 -20.5257
100.409 -20.5357
100.406 -20.5457
100.403 -20.5557
100.401 -20.5657
100.398 -20.5757
100.396 -20.5857
100.393 -20.5957
100.391 -20.6057
100.388 -20.6157
100.386 -20.6257
100.383 -20.6357
100.381 -20.6457
100.378 -20.6557
100.376 -20.6657
100.374 -20.6757
100.371 -20.6857
100.369 -20.6957
100.367 -20.7057
100.364 -20.7157
100.362 -20.7257
100.36 -20.7357
100.358 -20.7457
100.355 -20.7557
100.353 -20.7657
100.351 -20.7757
100.349 -20.7857
100.347 -20.7957
100.345 -20.8057
100.343 -20.8157
100.341 -20.8257
100.339 -20.8357
100.337 -20.8457
100.335 -20.8557
100.333 -20.8657
100.331 -20.8757
100.329 -20.8857
100.327 -20.8957
100.325 -20.9057
100.323 -20.9157
100.321 -20.9257
100.319 -20.9357
100.318 -20.9457
100.316 -20.9557
100.314 -20.9657
100.312 -20.9757
100.311 -20.9857
100.309 -20.9957
100.307 -21.0057
100.306 -21.0157
100.304 -21.0257
100.302 -21.0357
100.301 -21.0457
100.299 -21.0557
100.298 -21.0657
100.296 -21.0757
100.295 -21.0857
100.293 -21.0957
100.292 -21.1057
100.291 -21.1157
100.289 -21.1257
100.288 -21.1357
100.287 -21.1457
100.285 -21.1557
100.284 -21.1657
100.283 -21.1757
100.282 -21.1857
100.28 -21.1957
100.279 -21.2057
100.278 -21.2157
100.277 -21.2257
100.276 -21.2357
100.275 -21.2457
100.274 -21.2557
100.273 -21.2657
100.272 -21.2757
100.271 -21.2857
100.27 -21.2957
100.27 -21.3057
100.269 -21.3157
100.268 -21.3257
100.267 -21.3357
100.266 -21.3457
100.266 -21.3557
100.265 -21.3657
100.264 -21.3757
100.264 -21.3857
100.263 -21.3957
100.263 -21.4057
100.262 -21.4157
100.262 -21.4257
100.261 -21.4357
100.261 -21.4457
100.261 -21.4557
100.26 -21.4657
100.26 -21.4757
100.26 -21.4857
100.26 -21.4957
100.259 -21.5057
100.259 -21.5157
100.259 -21.5257
100.259 -21.5357
100.259 -21.5457
100.259 -21.5557
100.259 -21.5657
100.259 -21.5757
100.259 -21.5857
100.26 -21.5957
100.26 -21.6057
100.26 -21.6157
100.26 -21.6257
100.26 -21.6357
100.26 -21.6457
100.261 -21.6557
100.26 -21.6657
100.26 -21.6757
100.26 -21.6857
100.26 -21.6957
100.259 -21.7057
100.259 -21.7157
100.259 -21.7257
100.259 -21.7357
100.259 -21.7457
100.259 -21.7557
100.259 -21.7657
100.259 -21.7757
100.259 -21.7857
100.26 -21.7957
100.26 -21.8057
100.26 -21.8157
100.261 -21.8257
100.261 -21.8357
100.261 -21.8457
100.262 -21.8557
100.262 -21.8657
100.263 -21.8757
100.263 -21.8857
100.263 -21.8957
100.264 -21.9057
100.264 -21.9157
100.265 -21.9257
100.265 -21.9357
100.266 -21.9457
100.266 -21.9557
100.267 -21.9657
100.268 -21.9757
100.268 -21.9857
100.269 -21.9957
100.27 -22.0057
100.271 -22.0157
100.271 -22.0257
100.271 -22.0357
100.271 -22.0457
100.271 -22.0557
100.27 -22.0657
100.27 -22.0757
100.27 -22.0857
100.27 -22.0957
100.27 -22.1057
100.27 -22.1157
100.27 -22.1257
100.27 -22.1357
100.271 -22.1457
100.271 -22.1557
100.271 -22.1657
100.271 -22.1757
100.272 -22.1857
100.272 -22.1957
100.273 -22.2057
100.273 -22.2157
100.274 -22.2257
100.275 -22.2357
100.275 -22.2457
100.276 -22.2557
100.277 -22.2657
100.278 -22.2757
100.278 -22.2857
100.278 -22.2957
100.278 -22.3057
100.278 -22.3157
100.279 -22.3257
100.279 -22.3357
100.279 -22.3457
100.28 -22.3557
100.28 -22.3657
100.281 -22.3757
100.281 -22.3857
100.282 -22.3957
100.282 -22.4057
100.283 -22.4157
100.284 -22.4257
100.284 -22.4357
100.285 -22.4457
100.286 -22.4557
100.287 -22.4657
100.288 -22.4757
100.289 -22.4857
100.29 -22.4957
100.292 -22.5057
100.293 -22.5157
100.294 -22.5257
100.296 -22.5357
100.297 -22.5457
100.298 -22.5557
100.3 -22.5657
100.302 -22.5757
100.303 -22.5857
100.305 -22.5957
100.307 -22.6057
100.308 -22.6157
100.31 -22.6257
100.312 -22.6357
100.314 -22.6457
100.316 -22.6557
100.318 -22.6657
100.32 -22.6757
100.322 -22.6857
100.324 -22.6957
100.326 -22.7057
100.329 -22.7157
100.331 -22.7257
100.333 -22.7357
100.336 -22.7457
100.338 -22.7557
100.34 -22.7657
100.343 -22.7757
100.346 -22.7857
100.348 -22.7957
100.351 -22.8057
100.354 -22.8157
100.357 -22.8257
100.36 -22.8357
100.363 -22.8457
100.366 -22.8557
100.369 -22.8657
100.372 -22.8757
100.375 -22.8857
100.378 -22.8957
100.382 -22.9057
100.385 -22.9157
100.389 -22.9257
100.392 -22.9357
100.396 -22.9457
100.399 -22.9557
100.403 -22.9657
100.407 -22.9757
100.41 -22.9857
100.414 -22.9957
100.418 -23.0057
100.422 -23.0157
100.426 -23.0257
100.43 -23.0357
100.435 -23.0457
100.439 -23.0557
100.443 -23.0657
100.448 -23.0757
100.452 -23.0857
100.457 -23.0957
100.461 -23.1057
100.466 -23.1157
100.471 -23.1257
100.476 -23.1357
100.481 -23.1457
100.485 -23.1557
100.49 -23.1657
100.495 -23.1757
100.501 -23.1857
100.506 -23.1957
100.511 -23.2057
100.516 -23.2157
100.522 -23.2257
100.527 -23.2357
100.533 -23.2457
100.538 -23.2557
100.544 -23.2657
100.549 -23.2757
100.555 -23.2857
100.561 -23.2957
100.567 -23.3057
100.573 -23.3157
100.579 -23.3257
100.585 -23.3357
100.591 -23.3457
100.597 -23.3557
100.604 -23.3657
100.61 -23.3757
100.617 -23.3857
100.623 -23.3957
100.63 -23.4057
100.637 -23.4157
100.643 -23.4257
100.65 -23.4357
100.657 -23.4457
100.664 -23.4557
100.671 -23.4657
100.678 -23.4757
100.685 -23.4857
100.692 -23.4957
100.7 -23.5057
100.707 -23.5157
100.715 -23.5257
100.722 -23.5357
100.73 -23.5457
100.737 -23.5557
100.745 -23.5657
100.752 -23.5757
100.76 -23.5857
100.768 -23.5957
100.776 -23.6057
100.784 -23.6157
100.792 -23.6257
100.8 -23.6357
100.808 -23.6457
100.817 -23.6557
100.825 -23.6657
100.834 -23.6757
100.842 -23.6857
100.851 -23.6957
100.859 -23.7057
100.868 -23.7157
100.877 -23.7257
100.886 -23.7357
100.895 -23.7457
100.904 -23.7557
100.913 -23.7657
100.922 -23.7757
100.931 -23.7857
100.94 -23.7957
100.95 -23.8057
100.959 -23.8157
100.969 -23.8257
100.978 -23.8357
100.988 -23.8457
100.998 -23.8557
101.008 -23.8657
101.018 -23.8757
101.028 -23.8857
101.038 -23.8957
101.048 -23.9057
101.058 -23.9157
101.068 -23.9257
101.079 -23.9357
101.089 -23.9457
101.1 -23.9557
101.11 -23.9657
101.121 -23.9757
101.132 -23.9857
101.143 -23.9957
101.154 -24.0057
101.165 -24.0157
101.176 -24.0257
101.187 -24.0357
101.199 -24.0457
101.21 -24.0557
101.222 -24.0657
101.233 -24.0757
101.245 -24.0857
101.257 -24.0957
101.268 -24.1057
101.28 -24.1157
101.292 -24.1257
101.304 -24.1357
101.317 -24.1457
101.329 -24.1557
101.341 -24.1657
101.353 -24.1757
101.366 -24.1857
101.378 -24.1957
101.391 -24.2057
101.404 -24.2157
101.416 -24.2257
101.429 -24.2357
101.442 -24.2457
101.455 -24.2557
101.468 -24.2657
101.482 -24.2757
101.495 -24.2857
101.508 -24.2957
101.522 -24.3057
101.535 -24.3157
101.549 -24.3257
101.562 -24.3357
101.576 -24.3457
101.59 -24.3557
101.604 -24.3657
101.618 -24.3757
101.632 -24.3857
101.646 -24.3957
101.661 -24.4057
101.675 -24.4157
101.69 -24.4257
101.704 -24.4357
101.719 -24.4457
101.734 -24.4557
101.748 -24.4657
101.763 -24.4757
101.778 -24.4857
101.793 -24.4957
101.808 -24.5057
101.824 -24.5157
101.839 -24.5257
101.854 -24.5357
101.87 -24.5457
101.885 -24.5557
101.901 -24.5657
101.917 -24.5757
101.933 -24.5857
101.949 -24.5957
101.965 -24.6057
101.981 -24.6157
101.997 -24.6257
102.014 -24.6357
102.03 -24.6457
102.046 -24.6557
102.063 -24.6657
102.08 -24.6757
102.097 -24.6857
102.113 -24.6957
102.13 -24.7057
102.147 -24.7157
102.164 -24.7257
102.181 -24.7357
102.199 -24.7457
102.216 -24.7557
102.233 -24.7657
102.251 -24.7757
102.268 -24.7857
102.286 -24.7957
102.304 -24.8057
102.322 -24.8157
102.34 -24.8257
102.358 -24.8357
102.376 -24.8457
102.394 -24.8557
102.412 -24.8657
102.431 -24.8757
102.449 -24.8857
102.468 -24.8957
102.487 -24.9057
102.506 -24.9157
102.524 -24.9257
102.543 -24.9357
102.562 -24.9457
102.582 -24.9557
102.601 -24.9657
102.62 -24.9757
102.64 -24.9857
102.659 -24.9957
102.679 -25.0057
102.698 -25.0157
102.718 -25.0257
102.738 -25.0357
102.758 -25.0457
102.778 -25.0557
102.798 -25.0657
102.818 -25.0757
102.838 -25.0857
102.858 -25.0957
102.879 -25.1057
102.899 -25.1157
102.92 -25.1257
102.94 -25.1357
102.961 -25.1457
102.982 -25.1557
103.003 -25.1657
103.024 -25.1757
103.045 -25.1857
103.066 -25.1957
103.088 -25.2057
103.109 -25.2157
103.131 -25.2257
103.152 -25.2357
103.174 -25.2457
103.196 -25.2557
103.218 -25.2657
103.24 -25.2757
103.262 -25.2857
103.284 -25.2957
103.306 -25.3057
103.329 -25.3157
103.351 -25.3257
103.374 -25.3357
103.397 -25.3457
103.419 -25.3557
103.442 -25.3657
103.465 -25.3757
103.488 -25.3857
103.511 -25.3957
103.535 -25.4057
103.558 -25.4157
103.581 -25.4257
103.605 -25.4357
103.628 -25.4457
103.652 -25.4557
103.676 -25.4657
103.7 -25.4757
103.724 -25.4857
103.748 -25.4957
103.772 -25.5057
103.796 -25.5157
103.821 -25.5257
103.845 -25.5357
103.869 -25.5457
103.894 -25.5557
103.919 -25.5657
103.943 -25.5757
103.968 -25.5857
103.993 -25.5957
104.018 -25.6057
104.043 -25.6157
104.068 -25.6257
104.093 -25.6357
104.119 -25.6457
104.144 -25.6557
104.17 -25.6657
104.195 -25.6757
104.221 -25.6857
104.247 -25.6957
104.273 -25.7057
104.299 -25.7157
104.325 -25.7257
104.351 -25.7357
104.377 -25.7457
104.403 -25.7557
104.43 -25.7657
104.456 -25.7757
104.483 -25.7857
104.509 -25.7957
104.536 -25.8057
104.563 -25.8157
104.59 -25.8257
104.617 -25.8357
104.644 -25.8457
104.671 -25.8557
104.699 -25.8657
104.726 -25.8757
104.754 -25.8857
104.781 -25.8957
104.809 -25.9057
104.837 -25.9157
104.865 -25.9257
104.893 -25.9357
104.921 -25.9457
104.949 -25.9557
104.977 -25.9657
105.006 -25.9757
105.034 -25.9857
105.063 -25.9957
105.091 -26.0057
105.12 -26.0157
105.149 -26.0257
105.178 -26.0357
105.207 -26.0457
105.236 -26.0557
105.265 -26.0657
105.295 -26.0757
105.324 -26.0857
105.353 -26.0957
105.383 -26.1057
105.412 -26.1157
105.441 -26.1257
105.471 -26.1357
105.501 -26.1457
105.531 -26.1557
105.56 -26.1657
105.59 -26.1757
105.62 -26.1857
105.651 -26.1957
105.681 -26.2057
105.711 -26.2157
105.742 -26.2257
105.772 -26.2357
105.803 -26.2457
105.834 -26.2557
105.865 -26.2657
105.896 -26.2757
105.927 -26.2857
105.958 -26.2957
105.989 -26.3057
106.021 -26.3157
106.052 -26.3257
106.084 -26.3357
106.115 -26.3457
106.147 -26.3557
106.179 -26.3657
106.211 -26.3757
106.243 -26.3857
106.275 -26.3957
106.308 -26.4057
106.34 -26.4157
106.372 -26.4257
106.405 -26.4357
106.437 -26.4457
106.47 -26.4557
106.503 -26.4657
106.536 -26.4757
106.568 -26.4857
106.601 -26.4957
106.635 -26.5057
106.668 -26.5157
106.701 -26.5257
106.734 -26.5357
106.768 -26.5457
106.801 -26.5557
106.835 -26.5657
106.869 -26.5757
106.903 -26.5857
106.937 -26.5957
106.971 -26.6057
107.005 -26.6157
107.039 -26.6257
107.073 -26.6357
107.107 -26.6457
107.141 -26.6557
107.176 -26.6657
107.21 -26.6757
107.244 -26.6857
107.279 -26.6957
107.314 -26.7057
107.348 -26.7157
107.383 -26.7257
107.418 -26.7357
107.453 -26.7457
107.488 -26.7557
107.524 -26.7657
107.559 -26.7757
107.595 -26.7857
107.63 -26.7957
107.666 -26.8057
107.702 -26.8157
107.738 -26.8257
107.774 -26.8357
107.81 -26.8457
107.846 -26.8557
107.882 -26.8657
107.918 -26.8757
107.955 -26.8857
107.991 -26.8957
108.028 -26.9057
108.065 -26.9157
108.101 -26.9257
108.138 -26.9357
108.175 -26.9457
108.212 -26.9557
108.249 -26.9657
108.286 -26.9757
108.324 -26.9857
108.361 -26.9957
108.398 -27.0057
108.435 -27.0157
108.473 -27.0257
108.51 -27.0357
108.548 -27.0457
108.585 -27.0557
108.623 -27.0657
108.661 -27.0757
108.699 -27.0857
108.737 -27.0957
108.775 -27.1057
108.813 -27.1157
108.852 -27.1257
108.89 -27.1357
108.929 -27.1457
108.968 -27.1557
109.007 -27.1657
109.046 -27.1757
109.085 -27.1857
109.124 -27.1957
109.163 -27.2057
109.202 -27.2157
109.241 -27.2257
109.28 -27.2357
109.32 -27.2457
109.359 -27.2557
109.398 -27.2657
109.438 -27.2757
109.477 -27.2857
109.517 -27.2957
109.557 -27.3057
109.596 -27.3157
109.636 -27.3257
109.676 -27.3357
109.716 -27.3457
109.756 -27.3557
109.796 -27.3657
109.836 -27.3757
109.877 -27.3857
109.917 -27.3957
109.958 -27.4057
109.998 -27.4157
110.039 -27.4257
110.08 -27.4357
110.121 -27.4457
110.162 -27.4557
110.203 -27.4657
110.244 -27.4757
110.285 -27.4857
110.326 -27.4957
110.368 -27.5057
110.409 -27.5157
110.45 -27.5257
110.492 -27.5357
110.533 -27.5457
110.575 -27.5557
110.616 -27.5657
110.658 -27.5757
110.7 -27.5857
110.742 -27.5957
110.783 -27.6057
110.826 -27.6157
110.868 -27.6257
110.91 -27.6357
110.952 -27.6457
110.994 -27.6557
111.037 -27.6657
111.079 -27.6757
111.122 -27.6857
111.165 -27.6957
111.207 -27.7057
111.25 -27.7157
111.293 -27.7257
111.336 -27.7357
111.379 -27.7457
111.422 -27.7557
111.466 -27.7657
111.509 -27.7757
111.552 -27.7857
111.596 -27.7957
111.639 -27.8057
111.683 -27.8157
111.727 -27.8257
111.77 -27.8357
111.814 -27.8457
111.858 -27.8557
111.902 -27.8657
111.946 -27.8757
111.99 -27.8857
112.034 -27.8957
112.078 -27.9057
112.123 -27.9157
112.167 -27.9257
112.212 -27.9357
112.256 -27.9457
112.301 -27.9557
112.345 -27.9657
112.39 -27.9757
112.435 -27.9857
112.479 -27.9957
112.524 -28.0057
112.569 -28.0157
112.614 -28.0257
112.66 -28.0357
112.705 -28.0457
112.75 -28.0557
112.796 -28.0657
112.841 -28.0757
112.886 -28.0857
112.932 -28.0957
112.977 -28.1057
113.023 -28.1157
113.068 -28.1257
113.114 -28.1357
113.16 -28.1457
113.206 -28.1557
113.252 -28.1657
113.298 -28.1757
113.344 -28.1857
113.39 -28.1957
113.436 -28.2057
113.482 -28.2157
113.529 -28.2257
113.575 -28.2357
113.622 -28.2457
113.668 -28.2557
113.715 -28.2657
113.762 -28.2757
113.808 -28.2857
113.855 -28.2957
113.902 -28.3057
113.949 -28.3157
113.996 -28.3257
114.043 -28.3357
114.09 -28.3457
114.137 -28.3557
114.184 -28.3657
114.231 -28.3757
114.278 -28.3857
114.325 -28.3957
114.372 -28.4057
114.42 -28.4157
114.467 -28.4257
114.514 -28.4357
114.562 -28.4457
114.61 -28.4557
114.657 -28.4657
114.705 -28.4757
114.753 -28.4857
114.801 -28.4957
114.849 -28.5057
114.897 -28.5157
114.946 -28.5257
114.994 -28.5357
115.042 -28.5457
115.09 -28.5557
115.138 -28.5657
115.187 -28.5757
115.235 -28.5857
115.284 -28.5957
115.332 -28.6057
115.38 -28.6157
115.429 -28.6257
115.478 -28.6357
115.526 -28.6457
115.575 -28.6557
115.624 -28.6657
115.673 -28.6757
115.722 -28.6857
115.771 -28.6957
115.82 -28.7057
115.87 -28.7157
115.919 -28.7257
115.968 -28.7357
116.018 -28.7457
116.067 -28.7557
116.116 -28.7657
116.166 -28.7757
116.216 -28.7857
116.265 -28.7957
116.315 -28.8057
116.365 -28.8157
116.415 -28.8257
116.464 -28.8357
116.514 -28.8457
116.564 -28.8557
116.613 -28.8657
116.663 -28.8757
116.713 -28.8857
116.762 -28.8957
116.812 -28.9057
116.862 -28.9157
116.912 -28.9257
116.962 -28.9357
117.012 -28.9457
117.062 -28.9557
117.112 -28.9657
117.162 -28.9757
117.212 -28.9857
117.262 -28.9957
117.312 -29.0057
117.362 -29.0157
117.412 -29.0257
117.463 -29.0357
117.513 -29.0457
117.563 -29.0557
117.614 -29.0657
117.664 -29.0757
117.714 -29.0857
117.765 -29.0957
117.816 -29.1057
117.866 -29.1157
117.917 -29.1257
117.967 -29.1357
118.018 -29.1457
118.069 -29.1557
118.12 -29.1657
118.171 -29.1757
118.221 -29.1857
118.272 -29.1957
118.323 -29.2057
118.374 -29.2157
118.425 -29.2257
118.476 -29.2357
118.527 -29.2457
118.578 -29.2557
118.63 -29.2657
118.681 -29.2757
118.732 -29.2857
118.783 -29.2957
118.835 -29.3057
118.886 -29.3157
118.937 -29.3257
118.989 -29.3357
119.04 -29.3457
119.092 -29.3557
119.143 -29.3657
119.195 -29.3757
119.247 -29.3857
119.298 -29.3957
119.35 -29.4057
119.402 -29.4157
119.453 -29.4257
119.505 -29.4357
119.557 -29.4457
119.609 -29.4557
119.66 -29.4657
119.712 -29.4757
119.764 -29.4857
119.816 -29.4957
119.868 -29.5057
119.92 -29.5157
119.972 -29.5257
120.024 -29.5357
120.076 -29.5457
120.129 -29.5557
120.181 -29.5657
120.233 -29.5757
120.286 -29.5857
120.338 -29.5957
120.391 -29.6057
120.443 -29.6157
120.495 -29.6257
120.548 -29.6357
120.6 -29.6457
120.653 -29.6557
120.706 -29.6657
120.758 -29.6757
120.811 -29.6857
120.864 -29.6957
120.917 -29.7057
120.97 -29.7157
121.023 -29.7257
121.076 -29.7357
121.129 -29.7457
121.182 -29.7557
121.235 -29.7657
121.289 -29.7757
121.342 -29.7857
121.395 -29.7957
121.449 -29.8057
121.502 -29.8157
121.556 -29.8257
121.61 -29.8357
121.663 -29.8457
121.717 -29.8557
121.771 -29.8657
121.825 -29.8757
121.879 -29.8857
121.933 -29.8957
121.987 -29.9057
122.042 -29.9157
122.096 -29.9257
122.151 -29.9357
122.205 -29.9457
122.26 -29.9557
122.314 -29.9657
122.369 -29.9757
122.424 -29.9857
122.478 -29.9957
122.533 -30.0057
122.588 -30.0157
122.643 -30.0257
122.698 -30.0357
122.753 -30.0457
122.809 -30.0557
122.864 -30.0657
122.919 -30.0757
122.974 -30.0857
123.03 -30.0957
123.085 -30.1057
123.141 -30.1157
123.196 -30.1257
123.252 -30.1357
123.307 -30.1457
123.363 -30.1557
123.419 -30.1657
123.475 -30.1757
123.531 -30.1857
123.587 -30.1957
123.643 -30.2057
123.699 -30.2157
123.755 -30.2257
123.811 -30.2357
123.868 -30.2457
123.924 -30.2557
123.981 -30.2657
124.037 -30.2757
124.094 -30.2857
124.15 -30.2957
124.207 -30.3057
124.264 -30.3157
124.321 -30.3257
124.378 -30.3357
124.435 -30.3457
124.492 -30.3557
124.549 -30.3657
124.606 -30.3757
124.664 -30.3857
124.721 -30.3957
124.779 -30.4057
124.836 -30.4157
124.894 -30.4257
124.952 -30.4357
125.01 -30.4457
125.068 -30.4557
125.127 -30.4657
125.185 -30.4757
125.243 -30.4857
125.302 -30.4957
125.36 -30.5057
125.419 -30.5157
125.478 -30.5257
125.537 -30.5357
125.596 -30.5457
125.655 -30.5557
125.714 -30.5657
125.774 -30.5757
125.833 -30.5857
125.893 -30.5957
125.953 -30.6057
126.012 -30.6157
126.072 -30.6257
126.132 -30.6357
126.192 -30.6457
126.253 -30.6557
126.313 -30.6657
126.373 -30.6757
126.434 -30.6857
126.494 -30.6957
126.555 -30.7057
126.616 -30.7157
126.677 -30.7257
126.738 -30.7357
126.799 -30.7457
126.86 -30.7557
126.922 -30.7657
126.983 -30.7757
127.045 -30.7857
127.107 -30.7957
127.168 -30.8057
127.23 -30.8157
127.292 -30.8257
127.354 -30.8357
127.417 -30.8457
127.479 -30.8557
127.541 -30.8657
127.604 -30.8757
127.667 -30.8857
127.729 -30.8957
127.792 -30.9057
127.855 -30.9157
127.918 -30.9257
127.981 -30.9357
128.045 -30.9457
128.108 -30.9557
128.172 -30.9657
128.235 -30.9757
128.299 -30.9857
128.363 -30.9957
128.427 -31.0057
128.491 -31.0157
128.555 -31.0257
128.619 -31.0357
128.684 -31.0457
128.748 -31.0557
128.813 -31.0657
128.877 -31.0757
128.942 -31.0857
129.007 -31.0957
129.072 -31.1057
129.137 -31.1157
129.203 -31.1257
129.268 -31.1357
129.334 -31.1457
129.399 -31.1557
129.465 -31.1657
129.531 -31.1757
129.597 -31.1857
129.663 -31.1957
129.729 -31.2057
129.795 -31.2157
129.861 -31.2257
129.928 -31.2357
129.994 -31.2457
130.061 -31.2557
130.128 -31.2657
130.195 -31.2757
130.262 -31.2857
130.329 -31.2957
130.396 -31.3057
130.464 -31.3157
130.531 -31.3257
130.599 -31.3357
130.666 -31.3457
130.734 -31.3557
130.802 -31.3657
130.87 -31.3757
130.938 -31.3857
131.007 -31.3957
131.075 -31.4057
131.144 -31.4157
131.212 -31.4257
131.281 -31.4357
131.35 -31.4457
131.419 -31.4557
131.488 -31.4657
131.557 -31.4757
131.626 -31.4857
131.696 -31.4957
131.765 -31.5057
131.835 -31.5157
131.904 -31.5257
131.974 -31.5357
132.044 -31.5457
132.114 -31.5557
132.185 -31.5657
132.255 -31.5757
132.325 -31.5857
132.396 -31.5957
132.467 -31.6057
132.537 -31.6157
132.608 -31.6257
132.679 -31.6357
132.75 -31.6457
132.822 -31.6557
132.893 -31.6657
132.964 -31.6757
133.036 -31.6857
133.108 -31.6957
133.179 -31.7057
133.251 -31.7157
133.323 -31.7257
133.396 -31.7357
133.468 -31.7457
133.54 -31.7557
133.613 -31.7657
133.685 -31.7757
133.758 -31.7857
133.831 -31.7957
133.904 -31.8057
133.977 -31.8157
134.05 -31.8257
134.124 -31.8357
134.197 -31.8457
134.271 -31.8557
134.344 -31.8657
134.418 -31.8757
134.492 -31.8857
134.566 -31.8957
134.64 -31.9057
134.714 -31.9157
134.789 -31.9257
134.863 -31.9357
134.938 -31.9457
135.013 -31.9557
135.088 -31.9657
135.163 -31.9757
135.238 -31.9857
135.313 -31.9957
135.388 -32.0057
135.464 -32.0157
135.539 -32.0257
135.615 -32.0357
135.691 -32.0457
135.767 -32.0557
135.843 -32.0657
135.919 -32.0757
135.995 -32.0857
136.072 -32.0957
136.148 -32.1057
136.225 -32.1157
136.302 -32.1257
136.378 -32.1357
136.455 -32.1457
136.533 -32.1557
136.61 -32.1657
136.687 -32.1757
136.765 -32.1857
136.842 -32.1957
136.92 -32.2057
136.998 -32.2157
137.076 -32.2257
137.154 -32.2357
137.232 -32.2457
137.311 -32.2557
137.389 -32.2657
137.468 -32.2757
137.546 -32.2857
137.625 -32.2957
137.704 -32.3057
137.783 -32.3157
137.862 -32.3257
137.942 -32.3357
138.021 -32.3457
138.101 -32.3557
138.18 -32.3657
138.26 -32.3757
138.34 -32.3857
138.42 -32.3957
138.5 -32.4057
138.581 -32.4157
138.661 -32.4257
138.742 -32.4357
138.822 -32.4457
138.903 -32.4557
138.984 -32.4657
139.065 -32.4757
139.146 -32.4857
139.227 -32.4957
139.309 -32.5057
139.39 -32.5157
139.472 -32.5257
139.554 -32.5357
139.636 -32.5457
139.718 -32.5557
139.8 -32.5657
139.882 -32.5757
139.964 -32.5857
140.047 -32.5957
140.129 -32.6057
140.212 -32.6157
140.295 -32.6257
140.378 -32.6357
140.461 -32.6457
140.544 -32.6557
140.627 -32.6657
140.711 -32.6757
140.794 -32.6857
140.878 -32.6957
140.962 -32.7057
141.046 -32.7157
141.13 -32.7257
141.214 -32.7357
141.298 -32.7457
141.383 -32.7557
141.467 -32.7657
141.552 -32.7757
141.637 -32.7857
141.722 -32.7957
141.807 -32.8057
141.892 -32.8157
141.977 -32.8257
142.063 -32.8357
142.148 -32.8457
142.234 -32.8557
142.32 -32.8657
142.406 -32.8757
142.492 -32.8857
142.578 -32.8957
142.665 -32.9057
142.751 -32.9157
142.838 -32.9257
142.925 -32.9357
143.011 -32.9457
143.098 -32.9557
143.186 -32.9657
143.273 -32.9757
143.36 -32.9857
143.447 -32.9957
143.535 -33.0057
143.622 -33.0157
143.71 -33.0257
143.798 -33.0357
143.886 -33.0457
143.974 -33.0557
144.063 -33.0657
144.151 -33.0757
144.239 -33.0857
144.328 -33.0957
144.417 -33.1057
144.506 -33.1157
144.595 -33.1257
144.684 -33.1357
144.773 -33.1457
144.863 -33.1557
144.952 -33.1657
145.042 -33.1757
145.132 -33.1857
145.222 -33.1957
145.312 -33.2057
145.402 -33.2157
145.493 -33.2257
145.583 -33.2357
145.674 -33.2457
145.765 -33.2557
145.855 -33.2657
145.946 -33.2757
146.038 -33.2857
146.129 -33.2957
146.22 -33.3057
146.312 -33.3157
146.404 -33.3257
146.495 -33.3357
146.587 -33.3457
146.679 -33.3557
146.772 -33.3657
146.864 -33.3757
146.956 -33.3857
147.049 -33.3957
147.141 -33.4057
147.234 -33.4157
147.326 -33.4257
147.419 -33.4357
147.512 -33.4457
147.605 -33.4557
147.699 -33.4657
147.792 -33.4757
147.886 -33.4857
147.979 -33.4957
148.073 -33.5057
148.167 -33.5157
148.261 -33.5257
148.355 -33.5357
148.449 -33.5457
148.544 -33.5557
148.638 -33.5657
148.733 -33.5757
148.828 -33.5857
148.923 -33.5957
149.018 -33.6057
149.113 -33.6157
149.209 -33.6257
149.304 -33.6357
149.4 -33.6457
149.496 -33.6557
149.592 -33.6657
149.688 -33.6757
149.784 -33.6857
149.88 -33.6957
149.977 -33.7057
150.073 -33.7157
150.17 -33.7257
150.267 -33.7357
150.364 -33.7457
150.461 -33.7557
150.558 -33.7657
150.656 -33.7757
150.753 -33.7857
150.851 -33.7957
150.949 -33.8057
151.047 -33.8157
151.145 -33.8257
151.243 -33.8357
151.342 -33.8457
151.44 -33.8557
151.539 -33.8657
151.638 -33.8757
151.736 -33.8857
151.836 -33.8957
151.935 -33.9057
152.034 -33.9157
152.134 -33.9257
152.233 -33.9357
152.333 -33.9457
152.433 -33.9557
152.533 -33.9657
152.633 -33.9757
152.733 -33.9857
152.833 -33.9957
152.934 -34.0057
153.035 -34.0157
153.135 -34.0257
153.236 -34.0357
153.338 -34.0457
153.439 -34.0557
153.54 -34.0657
153.642 -34.0757
153.743 -34.0857
153.845 -34.0957
153.947 -34.1057
154.049 -34.1157
154.151 -34.1257
154.254 -34.1357
154.356 -34.1457
154.459 -34.1557
154.561 -34.1657
154.664 -34.1757
154.767 -34.1857
154.871 -34.1957
154.974 -34.2057
155.077 -34.2157
155.181 -34.2257
155.285 -34.2357
155.389 -34.2457
155.493 -34.2557
155.597 -34.2657
155.701 -34.2757
155.806 -34.2857
155.91 -34.2957
156.015 -34.3057
156.12 -34.3157
156.225 -34.3257
156.33 -34.3357
156.435 -34.3457
156.541 -34.3557
156.646 -34.3657
156.752 -34.3757
156.858 -34.3857
156.964 -34.3957
157.07 -34.4057
157.177 -34.4157
157.283 -34.4257
157.39 -34.4357
157.496 -34.4457
157.603 -34.4557
157.71 -34.4657
157.817 -34.4757
157.925 -34.4857
158.032 -34.4957
158.14 -34.5057
158.248 -34.5157
158.355 -34.5257
158.463 -34.5357
158.572 -34.5457
158.68 -34.5557
158.788 -34.5657
158.897 -34.5757
159.006 -34.5857
159.115 -34.5957
159.224 -34.6057
159.333 -34.6157
159.442 -34.6257
159.552 -34.6357
159.661 -34.6457
159.771 -34.6557
159.881 -34.6657
159.991 -34.6757
160.101 -34.6857
160.212 -34.6957
160.322 -34.7057
160.433 -34.7157
160.544 -34.7257
160.655 -34.7357
160.766 -34.7457
160.877 -34.7557
160.988 -34.7657
161.1 -34.7757
161.211 -34.7857
161.323 -34.7957
161.435 -34.8057
161.547 -34.8157
161.66 -34.8257
161.772 -34.8357
161.885 -34.8457
161.997 -34.8557
162.11 -34.8657
162.223 -34.8757
162.336 -34.8857
162.45 -34.8957
162.563 -34.9057
162.677 -34.9157
162.79 -34.9257
162.904 -34.9357
163.018 -34.9457
163.132 -34.9557
163.247 -34.9657
163.361 -34.9757
163.476 -34.9857
163.591 -34.9957
163.706 -35.0057
163.821 -35.0157
163.936 -35.0257
164.051 -35.0357
164.167 -35.0457
164.282 -35.0557
164.397 -35.0657
164.512 -35.0757
164.627 -35.0857
164.743 -35.0957
164.858 -35.1057
164.974 -35.1157
165.09 -35.1257
165.206 -35.1357
165.322 -35.1457
165.438 -35.1557
165.554 -35.1657
165.671 -35.1757
165.788 -35.1857
165.904 -35.1957
166.021 -35.2057
166.139 -35.2157
166.256 -35.2257
166.373 -35.2357
166.491 -35.2457
166.609 -35.2557
166.726 -35.2657
166.845 -35.2757
166.963 -35.2857
167.081 -35.2957
167.2 -35.3057
167.318 -35.3157
167.437 -35.3257
167.556 -35.3357
167.675 -35.3457
167.794 -35.3557
167.914 -35.3657
168.033 -35.3757
168.153 -35.3857
168.273 -35.3957
168.393 -35.4057
168.513 -35.4157
168.633 -35.4257
168.752 -35.4357
168.872 -35.4457
168.991 -35.4557
169.111 -35.4657
169.231 -35.4757
169.352 -35.4857
169.472 -35.4957
169.592 -35.5057
169.713 -35.5157
169.834 -35.5257
169.955 -35.5357
170.076 -35.5457
170.197 -35.5557
170.319 -35.5657
170.44 -35.5757
170.562 -35.5857
170.684 -35.5957
170.806 -35.6057
170.928 -35.6157
171.05 -35.6257
171.173 -35.6357
171.296 -35.6457
171.418 -35.6557
171.541 -35.6657
171.664 -35.6757
171.788 -35.6857
171.911 -35.6957
172.035 -35.7057
172.158 -35.7157
172.282 -35.7257
172.406 -35.7357
172.53 -35.7457
172.655 -35.7557
172.779 -35.7657
172.904 -35.7757
173.028 -35.7857
173.153 -35.7957
173.278 -35.8057
173.404 -35.8157
173.529 -35.8257
173.654 -35.8357
173.78 -35.8457
173.906 -35.8557
174.031 -35.8657
174.15 -35.8757
174.268 -35.8857
174.367 -35.8957
174.461 -35.9057
174.556 -35.9157
174.65 -35.9257
174.734 -35.9357
174.817 -35.9457
174.899 -35.9557
174.982 -35.9657
175.064 -35.9757
175.147 -35.9857
175.23 -35.9957
175.312 -36.0057
175.395 -36.0157
175.477 -36.0257
175.537 -36.0357
175.595 -36.0457
175.654 -36.0557
175.712 -36.0657
175.77 -36.0757
175.829 -36.0857
175.887 -36.0957
175.946 -36.1057
176.004 -36.1157
176.063 -36.1257
176.121 -36.1357
176.18 -36.1457
176.238 -36.1557
176.297 -36.1657
176.355 -36.1757
176.414 -36.1857
176.473 -36.1957
176.531 -36.2057
176.59 -36.2157
176.649 -36.2257
176.708 -36.2357
176.766 -36.2457
176.825 -36.2557
176.884 -36.2657
176.943 -36.2757
177.002 -36.2857
177.06 -36.2957
177.119 -36.3057
177.178 -36.3157
177.237 -36.3257
177.296 -36.3357
177.355 -36.3457
177.414 -36.3557
177.473 -36.3657
177.532 -36.3757
177.591 -36.3857
177.65 -36.3957
177.709 -36.4057
177.768 -36.4157
177.827 -36.4257
177.887 -36.4357
177.946 -36.4457
178.005 -36.4557
178.064 -36.4657
178.123 -36.4757
178.183 -36.4857
178.242 -36.4957
178.301 -36.5057
178.36 -36.5157
178.42 -36.5257
178.479 -36.5357
178.538 -36.5457
178.598 -36.5557
178.657 -36.5657
178.717 -36.5757
178.776 -36.5857
178.836 -36.5957
178.895 -36.6057
178.954 -36.6157
179.014 -36.6257
179.073 -36.6357
179.132 -36.6457
179.192 -36.6557
179.251 -36.6657
179.311 -36.6757
179.37 -36.6857
179.43 -36.6957
179.489 -36.7057
179.549 -36.7157
179.608 -36.7257
179.668 -36.7357
179.727 -36.7457
179.787 -36.7557
179.847 -36.7657
179.906 -36.7757
179.966 -36.7857
180.026 -36.7957
180.085 -36.8057
180.145 -36.8157
180.205 -36.8257
180.265 -36.8357
180.324 -36.8457
180.384 -36.8557
180.444 -36.8657
180.504 -36.8757
180.564 -36.8857
180.624 -36.8957
180.683 -36.9057
180.743 -36.9157
180.803 -36.9257
180.862 -36.9357
180.92 -36.9457
180.979 -36.9557
181.037 -36.9657
181.095 -36.9757
181.154 -36.9857
181.212 -36.9957
181.271 -37.0057
181.329 -37.0157
181.387 -37.0257
181.445 -37.0357
181.503 -37.0457
181.561 -37.0557
181.619 -37.0657
181.677 -37.0757
181.735 -37.0857
181.793 -37.0957
181.851 -37.1057
181.91 -37.1157
181.968 -37.1257
182.026 -37.1357
182.084 -37.1457
182.142 -37.1557
182.201 -37.1657
182.259 -37.1757
182.317 -37.1857
182.376 -37.1957
182.434 -37.2057
182.492 -37.2157
182.551 -37.2257
182.609 -37.2357
182.667 -37.2457
182.726 -37.2557
182.784 -37.2657
182.843 -37.2757
182.901 -37.2857
182.96 -37.2957
183.018 -37.3057
183.077 -37.3157
183.134 -37.3257
183.191 -37.3357
183.248 -37.3457
183.305 -37.3557
183.362 -37.3657
183.419 -37.3757
183.476 -37.3857
183.533 -37.3957
183.591 -37.4057
183.648 -37.4157
183.705 -37.4257
183.762 -37.4357
183.819 -37.4457
183.877 -37.4557
183.934 -37.4657
183.991 -37.4757
184.048 -37.4857
184.106 -37.4957
184.163 -37.5057
184.22 -37.5157
184.278 -37.5257
184.333 -37.5357
184.389 -37.5457
184.445 -37.5557
184.5 -37.5657
184.556 -37.5757
184.612 -37.5857
184.667 -37.5957
184.723 -37.6057
184.779 -37.6157
184.834 -37.6257
184.89 -37.6357
184.946 -37.6457
185.001 -37.6557
185.057 -37.6657
185.113 -37.6757
185.169 -37.6857
185.225 -37.6957
185.28 -37.7057
185.336 -37.7157
185.392 -37.7257
185.448 -37.7357
185.504 -37.7457
185.56 -37.7557
185.615 -37.7657
185.671 -37.7757
185.727 -37.7857
185.783 -37.7957
185.839 -37.8057
185.895 -37.8157
185.951 -37.8257
186.007 -37.8357
186.063 -37.8457
186.119 -37.8557
186.175 -37.8657
186.231 -37.8757
186.287 -37.8857
186.343 -37.8957
186.399 -37.9057
186.455 -37.9157
186.511 -37.9257
186.568 -37.9357
186.624 -37.9457
186.68 -37.9557
186.736 -37.9657
186.792 -37.9757
186.848 -37.9857
186.904 -37.9957
186.961 -38.0057
187.017 -38.0157
187.073 -38.0257
187.129 -38.0357
187.186 -38.0457
187.242 -38.0557
187.298 -38.0657
187.354 -38.0757
187.411 -38.0857
187.467 -38.0957
187.523 -38.1057
187.58 -38.1157
187.636 -38.1257
187.693 -38.1357
187.749 -38.1457
187.805 -38.1557
187.862 -38.1657
187.918 -38.1757
187.975 -38.1857
188.031 -38.1957
188.088 -38.2057
188.144 -38.2157
188.201 -38.2257
188.257 -38.2357
188.314 -38.2457
188.37 -38.2557
188.427 -38.2657
188.483 -38.2757
188.54 -38.2857
188.596 -38.2957
188.653 -38.3057
188.71 -38.3157
188.766 -38.3257
188.823 -38.3357
188.88 -38.3457
188.936 -38.3557
188.993 -38.3657
189.05 -38.3757
189.106 -38.3857
189.162 -38.3957
189.219 -38.4057
189.275 -38.4157
189.331 -38.4257
189.388 -38.4357
189.444 -38.4457
189.5 -38.4557
189.557 -38.4657
189.613 -38.4757
189.67 -38.4857
189.726 -38.4957
189.782 -38.5057
189.839 -38.5157
189.895 -38.5257
189.951 -38.5357
190.008 -38.5457
190.064 -38.5557
190.12 -38.5657
190.177 -38.5757
190.233 -38.5857
190.289 -38.5957
190.346 -38.6057
190.402 -38.6157
190.458 -38.6257
190.515 -38.6357
190.571 -38.6457
190.628 -38.6557
190.684 -38.6657
190.741 -38.6757
190.797 -38.6857
190.854 -38.6957
190.91 -38.7057
190.967 -38.7157
191.023 -38.7257
191.08 -38.7357
191.136 -38.7457
191.193 -38.7557
191.249 -38.7657
191.306 -38.7757
191.363 -38.7857
191.419 -38.7957
191.476 -38.8057
191.532 -38.8157
191.588 -38.8257
191.644 -38.8357
191.7 -38.8457
191.756 -38.8557
191.811 -38.8657
191.867 -38.8757
191.923 -38.8857
191.978 -38.8957
192.034 -38.9057
192.089 -38.9157
192.145 -38.9257
192.201 -38.9357
192.256 -38.9457
192.312 -38.9557
192.368 -38.9657
192.424 -38.9757
192.479 -38.9857
192.535 -38.9957
192.591 -39.0057
192.647 -39.0157
192.702 -39.0257
192.758 -39.0357
192.814 -39.0457
192.87 -39.0557
192.926 -39.0657
192.981 -39.0757
193.037 -39.0857
193.093 -39.0957
193.149 -39.1057
193.205 -39.1157
193.261 -39.1257
193.317 -39.1357
193.373 -39.1457
193.428 -39.1557
193.484 -39.1657
193.54 -39.1757
193.596 -39.1857
193.652 -39.1957
193.708 -39.2057
193.764 -39.2157
193.82 -39.2257
193.876 -39.2357
193.932 -39.2457
193.988 -39.2557
194.044 -39.2657
194.1 -39.2757
194.157 -39.2857
194.213 -39.2957
194.269 -39.3057
194.325 -39.3157
194.381 -39.3257
194.437 -39.3357
194.493 -39.3457
194.549 -39.3557
194.606 -39.3657
194.662 -39.3757
194.718 -39.3857
194.774 -39.3957
194.83 -39.4057
194.887 -39.4157
194.943 -39.4257
194.999 -39.4357
195.055 -39.4457
195.112 -39.4557
195.168 -39.4657
195.224 -39.4757
195.281 -39.4857
195.337 -39.4957
195.393 -39.5057
195.45 -39.5157
195.506 -39.5257
195.562 -39.5357
195.618 -39.5457
195.675 -39.5557
195.731 -39.5657
195.787 -39.5757
195.843 -39.5857
195.9 -39.5957
195.956 -39.6057
196.012 -39.6157
196.069 -39.6257
196.125 -39.6357
196.181 -39.6457
196.238 -39.6557
196.294 -39.6657
196.35 -39.6757
196.407 -39.6857
196.463 -39.6957
196.52 -39.7057
196.576 -39.7157
196.633 -39.7257
196.689 -39.7357
196.745 -39.7457
196.802 -39.7557
196.858 -39.7657
196.915 -39.7757
196.971 -39.7857
197.028 -39.7957
197.084 -39.8057
197.141 -39.8157
197.198 -39.8257
197.254 -39.8357
197.311 -39.8457
197.367 -39.8557
197.424 -39.8657
197.481 -39.8757
197.537 -39.8857
197.594 -39.8957
197.65 -39.9057
197.707 -39.9157
197.764 -39.9257
197.82 -39.9357
197.877 -39.9457
197.934 -39.9557
197.991 -39.9657
198.047 -39.9757
198.104 -39.9857
198.161 -39.9957
198.218 -40.0057
198.274 -40.0157
198.331 -40.0257
198.388 -40.0357
198.445 -40.0457
198.502 -40.0557
