0.1 0.142854
0.2 0.327997
0.3 0.493222
0.4 0.658152
0.5 0.823437
0.6 0.989025
0.7 1.15492
0.8 1.32111
0.9 1.48761
1 1.65442
1.42308 2.20154
2.84283 2.74659
4.25872 3.29022
5.67077 3.83238
7.07888 4.37344
8.483 4.9136
9.88302 5.45332
11.2789 5.99242
12.6706 6.53112
14.0582 7.06944
15.4418 7.60728
16.8212 8.1447
18.1965 8.68172
19.5677 9.21842
20.9348 9.75485
22.2977 10.291
23.6566 10.8269
25.0113 11.3625
26.362 11.8978
27.7085 12.4326
29.051 12.9673
30.3893 13.5016
31.7236 14.0357
33.0538 14.5695
34.3799 15.103
35.7019 15.6363
37.0198 16.1693
38.3337 16.7021
39.6435 17.2346
40.9492 17.7669
42.2509 18.2989
43.5485 18.8306
44.842 19.3621
46.1315 19.8934
47.417 20.4244
48.6984 20.9552
49.9757 21.4857
51.249 22.016
52.5183 22.5461
53.7835 23.0759
55.0446 23.6055
56.3018 24.1349
57.5549 24.664
58.8039 25.1929
60.049 25.7215
61.29 26.2499
62.527 26.7781
63.76 27.3061
64.9889 27.8339
66.2139 28.3614
67.4348 28.8887
68.6517 29.4158
69.8646 29.9427
71.0735 30.4693
72.2784 30.9958
73.4793 31.522
74.6762 32.0481
75.8691 32.5739
77.058 33.0995
78.2428 33.625
79.4237 34.1502
80.6006 34.6752
81.7735 35.2001
82.9424 35.7247
84.1074 36.2491
85.2683 36.7734
86.4253 37.2975
87.5782 37.8213
88.7272 38.3451
89.8722 38.8686
91.0132 39.3919
92.1502 39.9151
93.2833 40.4381
94.4124 40.9609
95.5375 41.4836
96.6586 42.0061
97.7757 42.5284
98.8889 43.0506
99.9981 43.5727
101.103 44.0946
102.204 44.6163
103.302 45.1379
104.395 45.6594
105.484 46.1807
106.57 46.7019
107.651 47.2229
108.728 47.7438
109.802 48.2646
110.871 48.7853
111.936 49.3059
112.998 49.8263
114.055 50.3466
115.109 50.8669
116.158 51.387
117.204 51.907
118.245 52.427
119.283 52.9468
120.316 53.4666
121.346 53.9863
122.372 54.5059
123.393 55.0254
124.411 55.5449
125.424 56.0644
126.434 56.5837
127.439 57.1028
128.441 57.622
129.439 58.141
130.432 58.6601
131.422 59.1791
132.407 59.698
133.389 60.217
134.366 60.7359
135.339 61.2548
136.309 61.7737
137.274 62.2926
138.235 62.8114
139.193 63.3302
140.146 63.8491
141.095 64.3679
142.04 64.8868
142.981 65.4057
143.918 65.9247
144.851 66.4438
145.779 66.963
146.703 67.4821
147.623 68.0012
148.538 68.5204
149.447 69
150.342 69
151.222 69
152.066 69
152.894 69
153.646 69
154.379 69
155.035 69
155.613 69
156.138 69
156.654 69
157.161 69
157.617 69
158.048 69
158.446 69
158.811 69
159.167 69
159.515 69
159.851 69
160.181 69
160.504 69
160.821 69
161.13 69
161.432 69
161.727 69
162.017 69
162.303 69
162.586 69
162.865 69
163.136 69
163.404 69
163.669 69
163.928 69
164.15 69
164.366 69
164.578 69
164.661 69
164.646 69
164.595 69
164.503 69
164.195 69
163.485 69
162.238 69
160.982 68.9416
160.093 69
159.6 69
159.22 69
159.013 69
158.836 69
158.626 69
158.391 69
158.253 69
158.121 69
157.976 69
157.816 69
157.64 69
157.48 69
157.338 69
157.188 69
157.039 69
156.883 69
156.721 69
156.555 69
156.404 69
156.244 69
156.078 69
155.902 69
155.687 69
155.331 69
154.898 69
154.34 69
153.59 69
152.774 69
152.365 69
152.079 69
151.721 69
151.417 69
151.209 69
151.04 69
150.864 69
150.684 69
150.5 69
150.313 69
150.122 69
149.943 69
149.784 69
149.624 69
149.469 69
149.321 69
149.178 69
149.011 69
148.838 69
148.663 69
148.486 69
148.308 69
148.133 69
147.97 69
147.803 69
147.643 69
147.483 69
147.327 69
147.186 69
147.047 69
146.91 69
146.771 69
146.631 69
146.491 69
146.349 69
146.206 69
146.062 69
145.917 69
145.769 69
145.62 69
145.471 69
145.321 69
145.169 69
145.017 69
144.874 69
144.73 69
144.586 69
144.441 69
144.297 69
144.151 69
144.005 69
143.858 69
143.71 69
143.562 69
143.414 69
143.265 69
143.116 69
142.967 69
142.817 69
142.667 69
142.516 69
142.365 69
142.217 69
142.073 69
141.932 69
141.791 69
141.649 69
141.507 69
141.365 69
141.222 69
141.079 69
140.937 69
140.799 69
140.66 69
140.522 69
140.385 69
140.248 69
140.114 69
139.98 69
139.848 69
139.717 69
139.585 69
139.452 69
139.322 69
139.193 69
139.063 69
138.933 69
138.804 69
138.673 69
138.543 69
138.413 69
138.283 69
138.154 69
138.026 69
137.901 69
137.777 69
137.655 69
137.532 69
137.409 69
137.287 69
137.164 69
137.041 69
136.917 69
136.794 69
136.67 69
136.546 69
136.422 69
136.298 69
136.176 69
136.054 69
135.932 69
135.81 69
135.688 69
135.566 69
135.444 69
135.322 69
135.202 69
135.092 69
134.981 69
134.871 69
134.761 69
134.651 69
134.541 69
134.432 69
134.322 69
134.212 69
134.102 69
133.991 69
133.882 69
133.774 69
133.665 69
133.556 69
133.447 69
133.338 69
133.229 69
133.119 69
133.009 69
132.899 69
132.79 69
132.68 69
132.57 69
132.46 69
132.35 69
132.241 69
132.131 69
132.021 69
131.911 69
131.801 69
131.692 69
131.582 69
131.472 69
131.362 69
131.252 69
131.143 69
131.034 69
130.925 69
130.817 69
130.709 69
130.601 69
130.492 69
130.384 69
130.276 69
130.167 69
130.059 69
129.951 69
129.849 69
129.754 69
129.659 69
129.564 69
129.469 69
129.375 69
129.28 69
129.185 69
129.091 69
128.996 69
128.902 69
128.807 69
128.715 69
128.626 69
128.539 69
128.451 69
128.364 69
128.277 69
128.19 69
128.102 69
128.015 69
127.928 69
127.84 69
127.753 69
127.666 69
127.579 69
127.492 69
127.405 69
127.319 69
127.234 69
127.149 69
127.064 69
126.979 69
126.895 69
126.812 69
126.728 69
126.644 69
126.561 69
126.477 69
126.394 69
126.312 69
126.23 69
126.147 69
126.065 69
125.983 69
125.901 69
125.819 69
125.737 69
125.656 69
125.574 69
125.492 69
125.41 69
125.329 69
125.247 69
125.172 69
125.096 69
125.021 69
124.946 69
124.871 69
124.796 69
124.72 69
124.646 69
124.571 69
124.496 69
124.421 69
124.346 69
124.272 69
124.197 69
124.123 69
124.048 69
123.974 69
123.9 69
123.826 69
123.751 69
123.677 69
123.604 69
123.53 69
123.456 69
123.383 69
123.309 69
123.236 69
123.162 69
123.089 69
123.016 69
122.948 69
122.882 69
122.816 69
122.75 69
122.684 69
122.618 69
122.552 69
122.486 69
122.42 69
122.355 69
122.289 69
122.224 69
122.159 69
122.094 69
122.029 69
121.964 69
121.899 69
121.835 69
121.77 69
121.706 69
121.641 69
121.577 69
121.513 69
121.449 69
121.385 69
121.321 69
121.258 69
121.194 69
121.131 69
121.067 69
121.004 69
120.941 69
120.877 69
120.814 69
120.751 69
120.688 69
120.626 69
120.563 69
120.5 69
120.439 69
120.383 69
120.328 69
120.272 69
120.217 69
120.161 69
120.106 69
120.051 69
119.996 69
119.941 69
119.886 69
119.831 69
119.777 69
119.725 69
119.674 69
119.622 69
119.571 69
119.52 69
119.469 69
119.418 69
119.367 69
119.316 69
119.266 69
119.215 69
119.165 69
119.114 69
119.064 69
119.014 69
118.965 69
118.915 69
118.865 69
118.816 69
118.766 69
118.717 69
118.668 69
118.618 69
118.569 69
118.52 69
118.471 69
118.426 69
118.382 69
118.339 69
118.295 69
118.254 69
118.213 69
118.172 69
118.13 69
118.089 69
118.048 69
118.008 69
117.967 69
117.926 69
117.885 69
117.845 69
117.804 69
117.764 69
117.724 69
117.683 69
117.643 69
117.603 69
117.563 69
117.523 69
117.483 69
117.443 69
117.404 69
117.364 69
117.325 69
117.285 69
117.246 69
117.207 69
117.167 69
117.128 69
117.089 69
117.05 69
117.012 69
116.973 69
116.934 69
116.896 69
116.857 69
116.819 69
116.781 69
116.742 69
116.704 69
116.666 69
116.629 69
116.591 69
116.553 69
116.515 69
116.478 69
116.441 69
116.403 69
116.366 69
116.329 69
116.292 69
116.255 69
116.218 69
116.181 69
116.144 69
116.105 69
116.067 69
116.029 69
115.991 69
115.952 69
115.914 69
115.876 69
115.838 69
115.8 69
115.763 69
115.725 69
115.687 69
115.65 69
115.612 69
115.575 69
115.537 69
115.5 69
115.463 69
115.426 69
115.389 69
115.352 69
115.315 69
115.278 69
115.241 69
115.205 69
115.168 69
115.132 69
115.095 69
115.059 69
115.024 69
114.99 69
114.956 69
114.922 69
114.888 69
114.854 69
114.82 69
114.786 69
114.753 69
114.719 69
114.686 69
114.652 69
114.619 69
114.585 69
114.552 69
114.519 69
114.486 69
114.453 69
114.42 69
114.387 69
114.355 69
114.322 69
114.289 69
114.257 69
114.224 69
114.192 69
114.16 69
114.128 69
114.096 69
114.064 69
114.032 69
114 69
113.968 69
113.936 69
113.905 69
113.873 69
113.842 69
113.81 69
113.779 69
113.748 69
113.717 69
113.686 69
113.655 69
113.624 69
113.593 69
113.565 69
113.537 69
113.508 69
113.48 69
113.452 69
113.424 69
113.396 69
113.369 69
113.341 69
113.312 69
113.284 69
113.255 69
113.226 69
113.197 69
113.169 69
113.14 69
113.112 69
113.083 69
113.053 69
113.023 69
112.993 69
112.963 69
112.933 69
112.904 69
112.874 69
112.844 69
112.815 69
112.785 69
112.756 69
112.728 69
112.701 69
112.674 69
112.647 69
112.62 69
112.593 69
112.566 69
112.539 69
112.512 69
112.485 69
112.458 69
112.432 69
112.405 69
112.379 69
112.352 69
112.326 69
112.299 69
112.273 69
112.246 69
112.22 69
112.194 69
112.168 69
112.142 69
112.115 69
112.089 69
112.063 69
112.037 69
112.011 69
111.985 69
111.96 69
111.934 69
111.908 69
111.882 69
111.856 69
111.831 69
111.805 69
111.779 69
111.754 69
111.728 69
111.703 69
111.677 69
111.652 69
111.627 69
111.602 69
111.576 69
111.551 69
111.526 69
111.501 69
111.476 69
111.451 69
111.426 69
111.401 69
111.376 69
111.352 69
111.327 69
111.302 69
111.278 69
111.253 69
111.229 69
111.204 69
111.18 69
111.155 69
111.131 69
111.107 69
111.083 69
111.059 69
111.035 69
111.011 69
110.987 69
110.963 69
110.939 69
110.915 69
110.891 69
110.867 69
110.844 69
110.822 69
110.799 69
110.777 69
110.755 69
110.732 69
110.71 69
110.688 69
110.666 69
110.643 69
110.621 69
110.599 69
110.577 69
110.556 69
110.534 69
110.512 69
110.49 69
110.468 69
110.447 69
110.425 69
110.404 69
110.382 69
110.361 69
110.339 69
110.318 69
110.297 69
110.276 69
110.255 69
110.234 69
110.212 69
110.192 69
110.171 69
110.15 69
110.129 69
110.108 69
110.088 69
110.067 69
110.046 69
110.026 69
110.005 69
109.985 69
109.965 69
109.944 69
109.924 69
109.904 69
109.884 69
109.864 69
109.844 69
109.824 69
109.804 69
109.784 69
109.764 69
109.745 69
109.725 69
109.706 69
109.686 69
109.667 69
109.647 69
109.628 69
109.609 69
109.59 69
109.57 69
109.551 69
109.532 69
109.513 69
109.495 69
109.476 69
109.457 69
109.438 69
109.42 69
109.401 69
109.383 69
109.364 69
109.346 69
109.328 69
109.309 69
109.291 69
109.273 69
109.255 69
109.237 69
109.219 69
109.201 69
109.184 69
109.166 69
109.148 69
109.131 69
109.113 69
109.096 69
109.078 69
109.061 69
109.044 69
109.027 69
109.009 69
108.992 69
108.975 69
108.959 69
108.942 69
108.925 69
108.908 69
108.892 69
108.875 69
108.859 69
108.842 69
108.826 69
108.81 69
108.793 69
108.777 69
108.759 69
108.742 69
108.725 69
108.708 69
108.691 69
108.674 69
108.657 69
108.64 69
108.623 69
108.606 69
108.59 69
108.573 69
108.556 69
108.54 69
108.523 69
108.507 69
108.491 69
108.475 69
108.458 69
108.442 69
108.426 69
108.41 69
108.394 69
108.378 69
108.363 69
108.347 69
108.331 69
108.316 69
108.3 69
108.285 69
108.269 69
108.254 69
108.239 69
108.224 69
108.209 69
108.194 69
108.18 69
108.165 69
108.15 69
108.136 69
108.121 69
108.107 69
108.092 69
108.078 69
108.064 69
108.049 69
108.035 69
108.021 69
108.007 69
107.993 69
107.979 69
107.966 69
107.952 69
107.938 69
107.925 69
107.911 69
107.898 69
107.884 69
107.871 69
107.858 69
107.845 69
107.831 69
107.818 69
107.805 69
107.793 69
107.78 69
107.767 69
107.754 69
107.742 69
107.729 69
107.716 69
107.704 69
107.691 69
107.678 69
107.665 69
107.652 69
107.639 69
107.627 69
107.614 69
107.602 69
107.589 69
107.577 69
107.565 69
107.552 69
107.54 69
107.528 69
107.517 69
107.505 69
107.493 69
107.481 69
107.47 69
107.458 69
107.447 69
107.436 69
107.424 69
107.413 69
107.402 69
107.391 69
107.38 69
107.369 69
107.358 69
107.347 69
107.336 69
107.326 69
107.315 69
107.305 69
107.292 69
107.279 69
107.265 69
107.251 69
107.237 69
107.224 69
107.21 69
107.197 69
107.183 69
107.17 69
107.156 69
107.143 69
107.13 69
107.117 69
107.104 69
107.091 69
107.078 69
107.065 69
107.052 69
107.039 69
107.026 69
107.013 69
107.001 69
106.988 69
106.975 69
106.963 69
106.95 69
106.938 69
106.926 69
106.913 69
106.901 69
106.889 69
106.877 69
106.865 69
106.853 69
106.841 69
106.829 69
106.817 69
106.805 69
106.793 69
106.782 69
106.77 69
106.759 69
106.747 69
106.736 69
106.724 69
106.713 69
106.702 69
106.691 69
106.679 69
106.668 69
106.657 69
106.646 69
106.635 69
106.625 69
106.614 69
106.603 69
106.592 69
106.582 69
106.571 69
106.561 69
106.55 69
106.54 69
106.53 69
106.519 69
106.509 69
106.499 69
106.489 69
106.479 69
106.469 69
106.459 69
106.449 69
106.439 69
106.43 69
106.42 69
106.41 69
106.4 69
106.39 69
106.38 69
106.37 69
106.361 69
106.351 69
106.341 69
106.332 69
106.322 69
106.313 69
106.304 69
106.294 69
106.285 69
106.276 69
106.267 69
106.258 69
106.249 69
106.24 69
106.231 69
106.222 69
106.213 69
106.205 69
106.196 69
106.187 69
106.179 69
106.17 69
106.162 69
106.154 69
106.146 69
106.137 69
106.129 69
106.121 69
106.113 69
106.105 69
106.097 69
106.089 69
106.079 69
106.069 69
106.059 69
106.049 69
106.04 69
106.03 69
106.02 69
106.011 69
106.001 69
105.992 69
105.983 69
105.973 69
105.964 69
105.955 69
105.946 69
105.937 69
105.928 69
105.919 69
105.91 69
105.901 69
105.892 69
105.883 69
105.874 69
105.865 69
105.856 69
105.848 69
105.84 69
105.831 69
105.823 69
105.815 69
105.807 69
105.799 69
105.791 69
105.783 69
105.775 69
105.767 69
105.76 69
105.752 69
105.745 69
105.737 69
105.73 69
105.722 69
105.715 69
105.708 69
105.701 69
105.693 69
105.686 69
105.679 69
105.672 69
105.665 69
105.658 69
105.652 69
105.645 69
105.638 69
105.632 69
105.625 69
105.619 69
105.612 69
105.606 69
105.599 69
105.593 69
105.587 69
105.581 69
105.575 69
105.569 69
105.563 69
105.557 69
105.551 69
105.545 69
105.539 69
105.534 69
105.528 69
105.522 69
105.517 69
105.511 69
105.506 69
105.501 69
105.495 69
105.49 69
105.485 69
105.48 69
105.475 69
105.47 69
105.466 69
105.461 69
105.456 69
105.452 69
105.447 69
105.443 69
105.438 69
105.434 69
105.43 69
105.425 69
105.421 69
105.417 69
105.413 69
105.409 69
105.405 69
105.401 69
105.398 69
105.394 69
105.39 69
105.387 69
105.383 69
105.379 69
105.376 69
105.373 69
105.369 69
105.366 69
105.363 69
105.36 69
105.357 69
105.354 69
105.351 69
105.348 69
105.345 69
105.343 69
105.336 69
105.329 69
105.321 69
105.313 69
105.306 69
105.297 69
105.288 69
105.279 69
105.27 69
105.261 69
105.252 69
105.243 69
105.234 69
105.225 69
105.216 69
105.208 69
105.199 69
105.19 69
105.181 69
105.173 69
105.164 69
105.156 69
105.147 69
105.138 69
105.13 69
105.121 69
105.113 69
105.105 69
105.096 69
105.088 69
105.08 69
105.071 69
105.063 69
105.055 69
105.047 69
105.039 69
105.03 69
105.022 69
105.014 69
105.006 69
104.998 69
104.99 69
104.983 69
104.975 69
104.967 69
104.959 69
104.951 69
104.943 69
104.935 69
104.927 69
104.919 69
104.911 69
104.904 69
104.896 69
104.888 69
104.88 69
104.873 69
104.865 69
104.858 69
104.85 69
104.843 69
104.835 69
104.828 69
104.82 69
104.813 69
104.806 69
104.799 69
104.791 69
104.784 69
104.777 69
104.77 69
104.763 69
104.756 69
104.749 69
104.742 69
104.734 69
104.725 69
104.716 69
104.707 69
104.698 69
104.69 69
104.681 69
104.672 69
104.663 69
104.654 69
104.645 69
104.637 69
104.628 69
104.619 69
104.611 69
104.602 69
104.593 69
104.585 69
104.576 69
104.568 69
104.559 69
104.551 69
104.542 69
104.534 69
104.525 69
104.517 69
104.509 69
104.5 69
104.492 69
104.484 69
104.476 69
104.468 69
104.459 69
104.451 69
104.443 69
104.435 69
104.427 69
104.419 69
104.411 69
104.403 69
104.395 69
104.387 69
104.379 69
104.372 69
104.364 69
104.356 69
104.348 69
104.34 69
104.333 69
104.325 69
104.317 69
104.31 69
104.302 69
104.295 69
104.287 69
104.28 69
104.272 69
104.265 69
104.257 69
104.25 69
104.243 69
104.236 69
104.228 69
104.221 69
104.214 69
104.206 69
104.198 69
104.19 69
104.181 69
104.173 69
104.165 69
104.157 69
104.148 69
104.14 69
104.132 69
104.124 69
104.116 69
104.108 69
104.1 69
104.092 69
104.084 69
104.076 69
104.068 69
104.059 69
104.051 69
104.043 69
104.035 69
104.027 69
104.019 69
104.011 69
104.003 69
103.995 69
103.987 69
103.979 69
103.97 69
103.962 69
103.954 69
103.945 69
103.937 69
103.929 69
103.921 69
103.912 69
103.904 69
103.896 69
103.888 69
103.88 69
103.872 69
103.864 69
103.856 69
103.848 69
103.84 69
103.832 69
103.824 69
103.816 69
103.808 69
103.8 69
103.792 69
103.785 69
103.777 69
103.769 69
103.761 69
103.754 69
103.746 69
103.738 69
103.731 69
103.723 69
103.716 69
103.708 69
103.701 69
103.693 69
103.686 69
103.678 69
103.671 69
103.664 69
103.657 69
103.649 69
103.642 69
103.635 69
103.628 69
103.621 69
103.614 69
103.607 69
103.6 69
103.593 69
103.587 69
103.58 69
103.573 69
103.566 69
103.559 69
103.553 69
103.544 69
103.536 69
103.528 69
103.519 69
103.511 69
103.503 69
103.494 69
103.486 69
103.478 69
103.469 69
103.461 69
103.453 69
103.445 69
103.437 69
103.429 69
103.421 69
103.412 69
103.404 69
103.396 69
103.388 69
103.38 69
103.372 69
103.364 69
103.356 69
103.348 69
103.34 69
103.332 69
103.324 69
103.316 69
103.307 69
103.299 69
103.291 69
103.283 69
103.275 69
103.267 69
103.259 69
103.251 69
103.243 69
103.234 69
103.226 69
103.218 69
103.21 69
103.202 69
103.194 69
103.187 69
103.179 69
103.171 69
103.163 69
103.155 69
103.147 69
103.139 69
103.132 69
103.124 69
103.116 69
103.108 69
103.101 69
103.093 69
103.085 69
103.078 69
103.07 69
103.062 69
103.055 69
103.047 69
103.04 69
103.032 69
103.025 69
103.017 69
103.01 69
103.002 69
102.995 69
102.987 69
102.98 69
102.973 69
102.965 69
102.958 69
102.951 69
102.943 69
102.936 69
102.929 69
102.922 69
102.914 69
102.907 69
102.9 69
102.893 69
102.886 69
102.879 69
102.872 69
102.865 69
102.858 69
102.851 69
102.844 69
102.837 69
102.83 69
102.823 69
102.816 69
102.809 69
102.802 69
102.795 69
102.788 69
102.781 69
102.774 69
102.768 69
102.761 69
102.754 69
102.747 69
102.741 69
102.734 69
102.727 69
102.721 69
102.713 69
102.706 69
102.699 69
102.692 69
102.685 69
102.678 69
102.671 69
102.664 69
102.657 69
102.65 69
102.643 69
102.636 69
102.629 69
102.622 69
102.615 69
102.608 69
102.602 69
102.595 69
102.588 69
102.581 69
102.574 69
102.568 69
102.561 69
102.554 69
102.548 69
102.541 69
102.534 69
102.528 69
102.521 69
102.515 69
102.508 69
102.502 69
102.495 69
102.489 69
102.482 69
102.476 69
102.47 69
102.463 69
102.457 69
102.451 69
102.444 69
102.438 69
102.432 69
102.426 69
102.42 69
102.414 69
102.408 69
102.402 69
102.396 69
102.39 69
102.384 69
102.378 69
102.373 69
102.367 69
102.361 69
102.355 69
102.35 69
102.344 69
102.338 69
102.333 69
102.327 69
102.321 69
102.316 69
102.31 69
102.305 69
102.299 69
102.294 69
102.288 69
102.283 69
102.278 69
102.272 69
102.267 69
102.262 69
102.256 69
102.251 69
102.246 69
102.241 69
102.235 69
102.23 69
102.225 69
102.22 69
102.215 69
102.21 69
102.205 69
102.2 69
102.195 69
102.19 69
102.185 69
102.18 69
102.175 69
102.17 69
102.166 69
102.161 69
102.156 69
102.151 69
102.147 69
102.142 69
102.138 69
102.133 69
102.128 69
102.124 69
102.119 69
102.115 69
102.111 69
102.106 69
102.102 69
102.098 69
102.093 69
102.089 69
102.085 69
102.081 69
102.076 69
102.072 69
102.068 69
102.064 69
102.06 69
102.056 69
102.052 69
102.048 69
102.044 69
102.041 69
102.037 69
102.033 69
102.029 69
102.025 69
102.022 69
102.018 69
102.014 69
102.011 69
102.007 69
102.004 69
102 69
101.997 69
101.993 69
101.99 69
101.986 69
101.981 69
101.977 69
101.972 69
101.968 69
101.964 69
101.959 69
101.955 69
101.951 69
101.947 69
101.942 69
101.938 69
101.934 69
101.93 69
101.926 69
101.922 69
101.918 69
101.914 69
101.91 69
101.906 69
101.902 69
101.898 69
101.895 69
101.891 69
101.887 69
101.884 69
101.88 69
101.876 69
101.873 69
101.869 69
101.866 69
101.862 69
101.859 69
101.856 69
101.852 69
101.849 69
101.846 69
101.842 69
101.839 69
101.836 69
101.833 69
101.83 69
101.827 69
101.824 69
101.821 69
101.818 69
101.815 69
101.812 69
101.81 69
101.807 69
101.804 69
101.802 69
101.799 69
101.796 69
101.791 69
101.786 69
101.781 69
101.776 69
101.771 69
101.766 69
101.761 69
101.756 69
101.752 69
101.747 69
101.742 69
101.738 69
101.733 69
101.728 69
101.724 69
101.719 69
101.715 69
101.71 69
101.706 69
101.702 69
101.697 69
101.693 69
101.688 69
101.684 69
101.68 69
101.675 69
101.671 69
101.667 69
101.663 69
101.659 69
101.654 69
101.65 69
101.646 69
101.642 69
101.638 69
101.634 69
101.63 69
101.624 69
101.618 69
101.611 69
101.605 69
101.599 69
101.593 69
101.587 69
101.581 69
101.574 69
101.568 69
101.562 69
101.556 69
101.55 69
101.544 69
101.538 69
101.532 69
101.526 69
101.52 69
101.514 69
101.508 69
101.502 69
101.496 69
101.49 69
101.484 69
101.479 69
101.473 69
101.467 69
101.461 69
101.456 69
101.45 69
101.444 69
101.438 69
101.432 69
101.427 69
101.421 69
101.415 69
101.41 69
101.404 69
101.398 69
101.393 69
101.387 69
101.381 69
101.376 69
101.37 69
101.364 69
101.359 69
101.353 69
101.348 69
101.342 69
101.337 69
101.331 69
101.326 69
101.32 69
101.315 69
101.309 69
101.304 69
101.299 69
101.293 69
101.288 69
101.282 69
101.277 69
101.272 69
101.266 69
101.261 69
101.256 69
101.251 69
101.245 69
101.24 69
101.235 69
101.23 69
101.225 69
101.219 69
101.214 69
101.209 69
101.204 69
101.199 69
101.194 69
101.189 69
101.184 69
101.179 69
101.174 69
101.169 69
101.164 69
101.159 69
101.154 69
101.149 69
101.144 69
101.139 69
101.134 69
101.13 69
101.125 69
101.12 69
101.115 69
101.11 69
101.106 69
101.101 69
101.096 69
101.091 69
101.087 69
101.082 69
101.077 69
101.073 69
101.068 69
101.064 69
101.059 69
101.055 69
101.05 69
101.045 69
101.041 69
101.037 69
101.032 69
101.028 69
101.023 69
101.019 69
101.014 69
101.01 69
101.006 69
101.001 69
100.997 69
100.993 69
100.989 69
100.984 69
100.98 69
100.976 69
100.972 69
100.967 69
100.963 69
100.959 69
100.955 69
100.951 69
100.947 69
100.943 69
100.939 69
100.935 69
100.931 69
100.927 69
100.923 69
100.919 69
100.915 69
100.911 69
100.907 69
100.904 69
100.9 69
100.896 69
100.892 69
100.888 69
100.885 69
100.881 69
100.877 69
100.874 69
100.87 69
100.866 69
100.863 69
100.859 69
100.855 69
100.852 69
100.848 69
100.845 69
100.841 69
100.838 69
100.835 69
100.831 69
100.828 69
100.824 69
100.821 69
100.818 69
100.814 69
100.811 69
100.808 69
100.805 69
100.801 69
100.798 69
100.795 69
100.792 69
100.789 69
100.786 69
100.782 69
100.779 69
100.776 69
100.773 69
100.77 69
100.767 69
100.763 69
100.758 69
100.754 69
100.75 69
100.745 69
100.741 69
100.737 69
100.733 69
100.728 69
100.724 69
100.72 69
100.716 69
100.711 69
100.707 69
100.703 69
100.699 69
100.695 69
100.691 69
100.687 69
100.682 69
100.678 69
100.674 69
100.67 69
100.666 69
100.662 69
100.658 69
100.654 69
100.65 69
100.646 69
100.643 69
100.639 69
100.635 69
100.631 69
100.627 69
100.623 69
100.619 69
100.616 69
100.612 69
100.608 69
100.604 69
100.6 69
100.597 69
100.593 69
100.589 69
100.586 69
100.582 69
100.578 69
100.575 69
100.571 69
100.568 69
100.564 69
100.56 69
100.557 69
100.553 69
100.55 69
100.546 69
100.543 69
100.539 69
100.536 69
100.533 69
100.529 69
100.526 69
100.523 69
100.519 69
100.516 69
100.513 69
100.509 69
100.506 69
100.503 69
100.5 69
100.496 69
100.493 69
100.49 69
100.487 69
100.484 69
100.48 69
100.477 69
100.474 69
100.471 69
100.468 69
100.465 69
100.462 69
100.459 69
100.456 69
100.453 69
100.45 69
100.447 69
100.444 69
100.442 69
100.439 69
100.436 69
100.433 69
100.43 69
100.427 69
100.425 69
100.422 69
100.419 69
100.417 69
100.414 69
100.411 69
100.409 69
100.406 69
100.403 69
100.401 69
100.398 69
100.396 69
100.393 69
100.391 69
100.388 69
100.386 69
100.383 69
100.381 69
100.378 69
100.376 69
100.374 69
100.371 69
100.369 69
100.367 69
100.364 69
100.362 69
100.36 69
100.358 69
100.355 69
100.353 69
100.351 69
100.349 69
100.347 69
100.345 69
100.343 69
100.341 69
100.339 69
100.337 69
100.335 69
100.333 69
100.331 69
100.329 69
100.327 69
100.325 69
100.323 69
100.321 69
100.319 69
100.318 69
100.316 69
100.314 69
100.312 69
100.311 69
100.309 69
100.307 69
100.306 69
100.304 69
100.302 69
100.301 69
100.299 69
100.298 69
100.296 69
100.295 69
100.293 69
100.292 69
100.291 69
100.289 69
100.288 69
100.287 69
100.285 69
100.284 69
100.283 69
100.282 69
100.28 69
100.279 69
100.278 69
100.277 69
100.276 69
100.275 69
100.274 69
100.273 69
100.272 69
100.271 69
100.27 69
100.27 69
100.269 69
100.268 69
100.267 69
100.266 69
100.266 69
100.265 69
100.264 69
100.264 69
100.263 69
100.263 69
100.262 69
100.262 69
100.261 69
100.261 69
100.261 69
100.26 69
100.26 69
100.26 69
100.26 69
100.259 69
100.259 69
100.259 69
100.259 69
100.259 69
100.259 69
100.259 69
100.259 69
100.259 69
100.26 69
100.26 69
100.26 69
100.26 69
100.26 69
100.26 69
100.261 69
100.26 69
100.26 69
100.26 69
100.26 69
100.259 69
100.259 69
100.259 69
100.259 69
100.259 69
100.259 69
100.259 69
100.259 69
100.259 69
100.26 69
100.26 69
100.26 69
100.261 69
100.261 69
100.261 69
100.262 69
100.262 69
100.263 69
100.263 69
100.263 69
100.264 69
100.264 69
100.265 69
100.265 69
100.266 69
100.266 69
100.267 69
100.268 69
100.268 69
100.269 69
100.27 69
100.271 69
100.271 69
100.271 69
100.271 69
100.271 69
100.27 69
100.27 69
100.27 69
100.27 69
100.27 69
100.27 69
100.27 69
100.27 69
100.271 69
100.271 69
100.271 69
100.271 69
100.272 69
100.272 69
100.273 69
100.273 69
100.274 69
100.275 69
100.275 69
100.276 69
100.277 69
100.278 69
100.278 69
100.278 69
100.278 69
100.278 69
100.279 69
100.279 69
100.279 69
100.28 69
100.28 69
100.281 69
100.281 69
100.282 69
100.282 69
100.283 69
100.284 69
100.284 69
100.285 69
100.286 69
100.287 69
100.288 69
100.289 69
100.29 69
100.292 69
100.293 69
100.294 69
100.296 69
100.297 69
100.298 69
100.3 69
100.302 69
100.303 69
100.305 69
100.307 69
100.308 69
100.31 69
100.312 69
100.314 69
100.316 69
100.318 69
100.32 69
100.322 69
100.324 69
100.326 69
100.329 69
100.331 69
100.333 69
100.336 69
100.338 69
100.34 69
100.343 69
100.346 69
100.348 69
100.351 69
100.354 69
100.357 69
100.36 69
100.363 69
100.366 69
100.369 69
100.372 69
100.375 69
100.378 69
100.382 69
100.385 69
100.389 69
100.392 69
100.396 69
100.399 69
100.403 69
100.407 69
100.41 69
100.414 69
100.418 69
100.422 69
100.426 69
100.43 69
100.435 69
100.439 69
100.443 69
100.448 69
100.452 69
100.457 69
100.461 69
100.466 69
100.471 69
100.476 69
100.481 69
100.485 69
100.49 69
100.495 69
100.501 69
100.506 69
100.511 69
100.516 69
100.522 69
100.527 69
100.533 69
100.538 69
100.544 69
100.549 69
100.555 69
100.561 69
100.567 69
100.573 69
100.579 69
100.585 69
100.591 69
100.597 69
100.604 69
100.61 69
100.617 69
100.623 69
100.63 69
100.637 69
100.643 69
100.65 69
100.657 69
100.664 69
100.671 69
100.678 69
100.685 69
100.692 69
100.7 69
100.707 69
100.715 69
100.722 69
100.73 69
100.737 69
100.745 69
100.752 69
100.76 69
100.768 69
100.776 69
100.784 69
100.792 69
100.8 69
100.808 69
100.817 69
100.825 69
100.834 69
100.842 69
100.851 69
100.859 69
100.868 69
100.877 69
100.886 69
100.895 69
100.904 69
100.913 69
100.922 69
100.931 69
100.94 69
100.95 69
100.959 69
100.969 69
100.978 69
100.988 69
100.998 69
101.008 69
101.018 69
101.028 69
101.038 69
101.048 69
101.058 69
101.068 69
101.079 69
101.089 69
101.1 69
101.11 69
101.121 69
101.132 69
101.143 69
101.154 69
101.165 69
101.176 69
101.187 69
101.199 69
101.21 69
101.222 69
101.233 69
101.245 69
101.257 69
101.268 69
101.28 69
101.292 69
101.304 69
101.317 69
101.329 69
101.341 69
101.353 69
101.366 69
101.378 69
101.391 69
101.404 69
101.416 69
101.429 69
101.442 69
101.455 69
101.468 69
101.482 69
101.495 69
101.508 69
101.522 69
101.535 69
101.549 69
101.562 69
101.576 69
101.59 69
101.604 69
101.618 69
101.632 69
101.646 69
101.661 69
101.675 69
101.69 69
101.704 69
101.719 69
101.734 69
101.748 69
101.763 69
101.778 69
101.793 69
101.808 69
101.824 69
101.839 69
101.854 69
101.87 69
101.885 69
101.901 69
101.917 69
101.933 69
101.949 69
101.965 69
101.981 69
101.997 69
102.014 69
102.03 69
102.046 69
102.063 69
102.08 69
102.097 69
102.113 69
102.13 69
102.147 69
102.164 69
102.181 69
102.199 69
102.216 69
102.233 69
102.251 69
102.268 69
102.286 69
102.304 69
102.322 69
102.34 69
102.358 69
102.376 69
102.394 69
102.412 69
102.431 69
102.449 69
102.468 69
102.487 69
102.506 69
102.524 69
102.543 69
102.562 69
102.582 69
102.601 69
102.62 69
102.64 69
102.659 69
102.679 69
102.698 69
102.718 69
102.738 69
102.758 69
102.778 69
102.798 69
102.818 69
102.838 69
102.858 69
102.879 69
102.899 69
102.92 69
102.94 69
102.961 69
102.982 69
103.003 69
103.024 69
103.045 69
103.066 69
103.088 69
103.109 69
103.131 69
103.152 69
103.174 69
103.196 69
103.218 69
103.24 69
103.262 69
103.284 69
103.306 69
103.329 69
103.351 69
103.374 69
103.397 69
103.419 69
103.442 69
103.465 69
103.488 69
103.511 69
103.535 69
103.558 69
103.581 69
103.605 69
103.628 69
103.652 69
103.676 69
103.7 69
103.724 69
103.748 69
103.772 69
103.796 69
103.821 69
103.845 69
103.869 69
103.894 69
103.919 69
103.943 69
103.968 69
103.993 69
104.018 69
104.043 69
104.068 69
104.093 69
104.119 69
104.144 69
104.17 69
104.195 69
104.221 69
104.247 69
104.273 69
104.299 69
104.325 69
104.351 69
104.377 69
104.403 69
104.43 69
104.456 69
104.483 69
104.509 69
104.536 69
104.563 69
104.59 69
104.617 69
104.644 69
104.671 69
104.699 69
104.726 69
104.754 69
104.781 69
104.809 69
104.837 69
104.865 69
104.893 69
104.921 69
104.949 69
104.977 69
105.006 69
105.034 69
105.063 69
105.091 69
105.12 69
105.149 69
105.178 69
105.207 69
105.236 69
105.265 69
105.295 69
105.324 69
105.353 69
105.383 69
105.412 69
105.441 69
105.471 69
105.501 69
105.531 69
105.56 69
105.59 69
105.62 69
105.651 69
105.681 69
105.711 69
105.742 69
105.772 69
105.803 69
105.834 69
105.865 69
105.896 69
105.927 69
105.958 69
105.989 69
106.021 69
106.052 69
106.084 69
106.115 69
106.147 69
106.179 69
106.211 69
106.243 69
106.275 69
106.308 69
106.34 69
106.372 69
106.405 69
106.437 69
106.47 69
106.503 69
106.536 69
106.568 69
106.601 69
106.635 69
106.668 69
106.701 69
106.734 69
106.768 69
106.801 69
106.835 69
106.869 69
106.903 69
106.937 69
106.971 69
107.005 69
107.039 69
107.073 69
107.107 69
107.141 69
107.176 69
107.21 69
107.244 69
107.279 69
107.314 69
107.348 69
107.383 69
107.418 69
107.453 69
107.488 69
107.524 69
107.559 69
107.595 69
107.63 69
107.666 69
107.702 69
107.738 69
107.774 69
107.81 69
107.846 69
107.882 69
107.918 69
107.955 69
107.991 69
108.028 69
108.065 69
108.101 69
108.138 69
108.175 69
108.212 69
108.249 69
108.286 69
108.324 69
108.361 69
108.398 69
108.435 69
108.473 69
108.51 69
108.548 69
108.585 69
108.623 69
108.661 69
108.699 69
108.737 69
108.775 69
108.813 69
108.852 69
108.89 69
108.929 69
108.968 69
109.007 69
109.046 69
109.085 69
109.124 69
109.163 69
109.202 69
109.241 69
109.28 69
109.32 69
109.359 69
109.398 69
109.438 69
109.477 69
109.517 69
109.557 69
109.596 69
109.636 69
109.676 69
109.716 69
109.756 69
109.796 69
109.836 69
109.877 69
109.917 69
109.958 69
109.998 69
110.039 69
110.08 69
110.121 69
110.162 69
110.203 69
110.244 69
110.285 69
110.326 69
110.368 69
110.409 69
110.45 69
110.492 69
110.533 69
110.575 69
110.616 69
110.658 69
110.7 69
110.742 69
110.783 69
110.826 69
110.868 69
110.91 69
110.952 69
110.994 69
111.037 69
111.079 69
111.122 69
111.165 69
111.207 69
111.25 69
111.293 69
111.336 69
111.379 69
111.422 69
111.466 69
111.509 69
111.552 69
111.596 69
111.639 69
111.683 69
111.727 69
111.77 69
111.814 69
111.858 69
111.902 69
111.946 69
111.99 69
112.034 69
112.078 69
112.123 69
112.167 69
112.212 69
112.256 69
112.301 69
112.345 69
112.39 69
112.435 69
112.479 69
112.524 69
112.569 69
112.614 69
112.66 69
112.705 69
112.75 69
112.796 69
112.841 69
112.886 69
112.932 69
112.977 69
113.023 69
113.068 69
113.114 69
113.16 69
113.206 69
113.252 69
113.298 69
113.344 69
113.39 69
113.436 69
113.482 69
113.529 69
113.575 69
113.622 69
113.668 69
113.715 69
113.762 69
113.808 69
113.855 69
113.902 69
113.949 69
113.996 69
114.043 69
114.09 69
114.137 69
114.184 69
114.231 69
114.278 69
114.325 69
114.372 69
114.42 69
114.467 69
114.514 69
114.562 69
114.61 69
114.657 69
114.705 69
114.753 69
114.801 69
114.849 69
114.897 69
114.946 69
114.994 69
115.042 69
115.09 69
115.138 69
115.187 69
115.235 69
115.284 69
115.332 69
115.38 69
115.429 69
115.478 69
115.526 69
115.575 69
115.624 69
115.673 69
115.722 69
115.771 69
115.82 69
115.87 69
115.919 69
115.968 69
116.018 69
116.067 69
116.116 69
116.166 69
116.216 69
116.265 69
116.315 69
116.365 69
116.415 69
116.464 69
116.514 69
116.564 69
116.613 69
116.663 69
116.713 69
116.762 69
116.812 69
116.862 69
116.912 69
116.962 69
117.012 69
117.062 69
117.112 69
117.162 69
117.212 69
117.262 69
117.312 69
117.362 69
117.412 69
117.463 69
117.513 69
117.563 69
117.614 69
117.664 69
117.714 69
117.765 69
117.816 69
117.866 69
117.917 69
117.967 69
118.018 69
118.069 69
118.12 69
118.171 69
118.221 69
118.272 69
118.323 69
118.374 69
118.425 69
118.476 69
118.527 69
118.578 69
118.63 69
118.681 69
118.732 69
118.783 69
118.835 69
118.886 69
118.937 69
118.989 69
119.04 69
119.092 69
119.143 69
119.195 69
119.247 69
119.298 69
119.35 69
119.402 69
119.453 69
119.505 69
119.557 69
119.609 69
119.66 69
119.712 69
119.764 69
119.816 69
119.868 69
119.92 69
119.972 69
120.024 69
120.076 69
120.129 69
120.181 69
120.233 69
120.286 69
120.338 69
120.391 69
120.443 69
120.495 69
120.548 69
120.6 69
120.653 69
120.706 69
120.758 69
120.811 69
120.864 69
120.917 69
120.97 69
121.023 69
121.076 69
121.129 69
121.182 69
121.235 69
121.289 69
121.342 69
121.395 69
121.449 69
121.502 69
121.556 69
121.61 69
121.663 69
121.717 69
121.771 69
121.825 69
121.879 69
121.933 69
121.987 69
122.042 69
122.096 69
122.151 69
122.205 69
122.26 69
122.314 69
122.369 69
122.424 69
122.478 69
122.533 69
122.588 69
122.643 69
122.698 69
122.753 69
122.809 69
122.864 69
122.919 69
122.974 69
123.03 69
123.085 69
123.141 69
123.196 69
123.252 69
123.307 69
123.363 69
123.419 69
123.475 69
123.531 69
123.587 69
123.643 69
123.699 69
123.755 69
123.811 69
123.868 69
123.924 69
123.981 69
124.037 69
124.094 69
124.15 69
124.207 69
124.264 69
124.321 69
124.378 69
124.435 69
124.492 69
124.549 69
124.606 69
124.664 69
124.721 69
124.779 69
124.836 69
124.894 69
124.952 69
125.01 69
125.068 69
125.127 69
125.185 69
125.243 69
125.302 69
125.36 69
125.419 69
125.478 69
125.537 69
125.596 69
125.655 69
125.714 69
125.774 69
125.833 69
125.893 69
125.953 69
126.012 69
126.072 69
126.132 69
126.192 69
126.253 69
126.313 69
126.373 69
126.434 69
126.494 69
126.555 69
126.616 69
126.677 69
126.738 69
126.799 69
126.86 69
126.922 69
126.983 69
127.045 69
127.107 69
127.168 69
127.23 69
127.292 69
127.354 69
127.417 69
127.479 69
127.541 69
127.604 69
127.667 69
127.729 69
127.792 69
127.855 69
127.918 69
127.981 69
128.045 69
128.108 69
128.172 69
128.235 69
128.299 69
128.363 69
128.427 69
128.491 69
128.555 69
128.619 69
128.684 69
128.748 69
128.813 69
128.877 69
128.942 69
129.007 69
129.072 69
129.137 69
129.203 69
129.268 69
129.334 69
129.399 69
129.465 69
129.531 69
129.597 69
129.663 69
129.729 69
129.795 69
129.861 69
129.928 69
129.994 69
130.061 69
130.128 69
130.195 69
130.262 69
130.329 69
130.396 69
130.464 69
130.531 69
130.599 69
130.666 69
130.734 69
130.802 69
130.87 69
130.938 69
131.007 69
131.075 69
131.144 69
131.212 69
131.281 69
131.35 69
131.419 69
131.488 69
131.557 69
131.626 69
131.696 69
131.765 69
131.835 69
131.904 69
131.974 69
132.044 69
132.114 69
132.185 69
132.255 69
132.325 69
132.396 69
132.467 69
132.537 69
132.608 69
132.679 69
132.75 69
132.822 69
132.893 69
132.964 69
133.036 69
133.108 69
133.179 69
133.251 69
133.323 69
133.396 69
133.468 69
133.54 69
133.613 69
133.685 69
133.758 69
133.831 69
133.904 69
133.977 69
134.05 69
134.124 69
134.197 69
134.271 69
134.344 69
134.418 69
134.492 69
134.566 69
134.64 69
134.714 69
134.789 69
134.863 69
134.938 69
135.013 69
135.088 69
135.163 69
135.238 69
135.313 69
135.388 69
135.464 69
135.539 69
135.615 69
135.691 69
135.767 69
135.843 69
135.919 69
135.995 69
136.072 69
136.148 69
136.225 69
136.302 69
136.378 69
136.455 69
136.533 69
136.61 69
136.687 69
136.765 69
136.842 69
136.92 69
136.998 69
137.076 69
137.154 69
137.232 69
137.311 69
137.389 69
137.468 69
137.546 69
137.625 69
137.704 69
137.783 69
137.862 69
137.942 69
138.021 69
138.101 69
138.18 69
138.26 69
138.34 69
138.42 69
138.5 69
138.581 69
138.661 69
138.742 69
138.822 69
138.903 69
138.984 69
139.065 69
139.146 69
139.227 69
139.309 69
139.39 69
139.472 69
139.554 69
139.636 69
139.718 69
139.8 69
139.882 69
139.964 69
140.047 69
140.129 69
140.212 69
140.295 69
140.378 69
140.461 69
140.544 69
140.627 69
140.711 69
140.794 69
140.878 69
140.962 69
141.046 69
141.13 69
141.214 69
141.298 69
141.383 69
141.467 69
141.552 69
141.637 69
141.722 69
141.807 69
141.892 69
141.977 69
142.063 69
142.148 69
142.234 69
142.32 69
142.406 69
142.492 69
142.578 69
142.665 69
142.751 69
142.838 69
142.925 69
143.011 69
143.098 69
143.186 69
143.273 69
143.36 69
143.447 69
143.535 69
143.622 69
143.71 69
143.798 69
143.886 69
143.974 69
144.063 69
144.151 69
144.239 69
144.328 69
144.417 69
144.506 69
144.595 69
144.684 69
144.773 69
144.863 69
144.952 69
145.042 69
145.132 69
145.222 69
145.312 69
145.402 69
145.493 69
145.583 69
145.674 69
145.765 69
145.855 69
145.946 69
146.038 69
146.129 69
146.22 69
146.312 69
146.404 69
146.495 69
146.587 69
146.679 69
146.772 69
146.864 69
146.956 69
147.049 69
147.141 69
147.234 69
147.326 69
147.419 69
147.512 69
147.605 69
147.699 69
147.792 69
147.886 69
147.979 69
148.073 69
148.167 69
148.261 69
148.355 69
148.449 69
148.544 69
148.638 69
148.733 69
148.828 69
148.923 69
149.018 69
149.113 69
149.209 69
149.304 69
149.4 69
149.496 69
149.592 69
149.688 69
149.784 69
149.88 69
149.977 69
150.073 69
150.17 69
150.267 69
150.364 69
150.461 69
150.558 69
150.656 69
150.753 69
150.851 69
150.949 69
151.047 69
151.145 69
151.243 69
151.342 69
151.44 69
151.539 69
151.638 69
151.736 69
151.836 69
151.935 69
152.034 69
152.134 69
152.233 69
152.333 69
152.433 69
152.533 69
152.633 69
152.733 69
152.833 69
152.934 69
153.035 69
153.135 69
153.236 69
153.338 69
153.439 69
153.54 69
153.642 69
153.743 69
153.845 69
153.947 69
154.049 69
154.151 69
154.254 69
154.356 69
154.459 69
154.561 69
154.664 69
154.767 69
154.871 69
154.974 69
155.077 69
155.181 69
155.285 69
155.389 69
155.493 69
155.597 69
155.701 69
155.806 69
155.91 69
156.015 69
156.12 69
156.225 69
156.33 69
156.435 69
156.541 69
156.646 69
156.752 69
156.858 69
156.964 69
157.07 69
157.177 69
157.283 69
157.39 69
157.496 69
157.603 69
157.71 69
157.817 69
157.925 69
158.032 69
158.14 69
158.248 69
158.355 69
158.463 69
158.572 69
158.68 69
158.788 69
158.897 69
159.006 69
159.115 69
159.224 69
159.333 69
159.442 69
159.552 69
159.661 69
159.771 69
159.881 69
159.991 69
160.101 69
160.212 69
160.322 69
160.433 69
160.544 69
160.655 69
160.766 69
160.877 69
160.988 69
161.1 69
161.211 69
161.323 69
161.435 69
161.547 69
161.66 69
161.772 69
161.885 69
161.997 69
162.11 69
162.223 69
162.336 69
162.45 69
162.563 69
162.677 69
162.79 69
162.904 69
163.018 69
163.132 69
163.247 69
163.361 69
163.476 69
163.591 69
163.706 69
163.821 69
163.936 69
164.051 69
164.167 69
164.282 69
164.397 69
164.512 69
164.627 69
164.743 69
164.858 69
164.974 69
165.09 69
165.206 69
165.322 69
165.438 69
165.554 69
165.671 69
165.788 69
165.904 69
166.021 69
166.139 69
166.256 69
166.373 69
166.491 69
166.609 69
166.726 69
166.845 69
166.963 69
167.081 69
167.2 69
167.318 69
167.437 69
167.556 69
167.675 69
167.794 69
167.914 69
168.033 69
168.153 69
168.273 69
168.393 69
168.513 69
168.633 69
168.752 69
168.872 69
168.991 69
169.111 69
169.231 69
169.352 69
169.472 69
169.592 69
169.713 69
169.834 69
169.955 69
170.076 69
170.197 69
170.319 69
170.44 69
170.562 69
170.684 69
170.806 69
170.928 69
171.05 69
171.173 69
171.296 69
171.418 69
171.541 69
171.664 69
171.788 69
171.911 69
172.035 69
172.158 69
172.282 69
172.406 69
172.53 69
172.655 69
172.779 69
172.904 69
173.028 69
173.153 69
173.278 69
173.404 69
173.529 69
173.654 69
173.78 69
173.906 69
174.031 69
174.15 69
174.268 69
174.367 69
174.461 69
174.556 69
174.65 69
174.734 69
174.817 69
174.899 69
174.982 69
175.064 69
175.147 69
175.23 69
175.312 69
175.395 69
175.477 69
175.537 69
175.595 69
175.654 69
175.712 69
175.77 69
175.829 69
175.887 69
175.946 69
176.004 69
176.063 69
176.121 69
176.18 69
176.238 69
176.297 69
176.355 69
176.414 69
176.473 69
176.531 69
176.59 69
176.649 69
176.708 69
176.766 69
176.825 69
176.884 69
176.943 69
177.002 69
177.06 69
177.119 69
177.178 69
177.237 69
177.296 69
177.355 69
177.414 69
177.473 69
177.532 69
177.591 69
177.65 69
177.709 69
177.768 69
177.827 69
177.887 69
177.946 69
178.005 69
178.064 69
178.123 69
178.183 69
178.242 69
178.301 69
178.36 69
178.42 69
178.479 69
178.538 69
178.598 69
178.657 69
178.717 69
178.776 69
178.836 69
178.895 69
178.954 69
179.014 69
179.073 69
179.132 69
179.192 69
179.251 69
179.311 69
179.37 69
179.43 69
179.489 69
179.549 69
179.608 69
179.668 69
179.727 69
179.787 69
179.847 69
179.906 69
179.966 69
180.026 69
180.085 69
180.145 69
180.205 69
180.265 69
180.324 69
180.384 69
180.444 69
180.504 69
180.564 69
180.624 69
180.683 69
180.743 69
180.803 69
180.862 69
180.92 69
180.979 69
181.037 69
181.095 69
181.154 69
181.212 69
181.271 69
181.329 69
181.387 69
181.445 69
181.503 69
181.561 69
181.619 69
181.677 69
181.735 69
181.793 69
181.851 69
181.91 69
181.968 69
182.026 69
182.084 69
182.142 69
182.201 69
182.259 69
182.317 69
182.376 69
182.434 69
182.492 69
182.551 69
182.609 69
182.667 69
182.726 69
182.784 69
182.843 69
182.901 69
182.96 69
183.018 69
183.077 69
183.134 69
183.191 69
183.248 69
183.305 69
183.362 69
183.419 69
183.476 69
183.533 69
183.591 69
183.648 69
183.705 69
183.762 69
183.819 69
183.877 69
183.934 69
183.991 69
184.048 69
184.106 69
184.163 69
184.22 69
184.278 69
184.333 69
184.389 69
184.445 69
184.5 69
184.556 69
184.612 69
184.667 69
184.723 69
184.779 69
184.834 69
184.89 69
184.946 69
185.001 69
185.057 69
185.113 69
185.169 69
185.225 69
185.28 69
185.336 69
185.392 69
185.448 69
185.504 69
185.56 69
185.615 69
185.671 69
185.727 69
185.783 69
185.839 69
185.895 69
185.951 69
186.007 69
186.063 69
186.119 69
186.175 69
186.231 69
186.287 69
186.343 69
186.399 69
186.455 69
186.511 69
186.568 69
186.624 69
186.68 69
186.736 69
186.792 69
186.848 69
186.904 69
186.961 69
187.017 69
187.073 69
187.129 69
187.186 69
187.242 69
187.298 69
187.354 69
187.411 69
187.467 69
187.523 69
187.58 69
187.636 69
187.693 69
187.749 69
187.805 69
187.862 69
187.918 69
187.975 69
188.031 69
188.088 69
188.144 69
188.201 69
188.257 69
188.314 69
188.37 69
188.427 69
188.483 69
188.54 69
188.596 69
188.653 69
188.71 69
188.766 69
188.823 69
188.88 69
188.936 69
188.993 69
189.05 69
189.106 69
189.162 69
189.219 69
189.275 69
189.331 69
189.388 69
189.444 69
189.5 69
189.557 69
189.613 69
189.67 69
189.726 69
189.782 69
189.839 69
189.895 69
189.951 69
190.008 69
190.064 69
190.12 69
190.177 69
190.233 69
190.289 69
190.346 69
190.402 69
190.458 69
190.515 69
190.571 69
190.628 69
190.684 69
190.741 69
190.797 69
190.854 69
190.91 69
190.967 69
191.023 69
191.08 69
191.136 69
191.193 69
191.249 69
191.306 69
191.363 69
191.419 69
191.476 69
191.532 69
191.588 69
191.644 69
191.7 69
191.756 69
191.811 69
191.867 69
191.923 69
191.978 69
192.034 69
192.089 69
192.145 69
192.201 69
192.256 69
192.312 69
192.368 69
192.424 69
192.479 69
192.535 69
192.591 69
192.647 69
192.702 69
192.758 69
192.814 69
192.87 69
192.926 69
192.981 69
193.037 69
193.093 69
193.149 69
193.205 69
193.261 69
193.317 69
193.373 69
193.428 69
193.484 69
193.54 69
193.596 69
193.652 69
193.708 69
193.764 69
193.82 69
193.876 69
193.932 69
193.988 69
194.044 69
194.1 69
194.157 69
194.213 69
194.269 69
194.325 69
194.381 69
194.437 69
194.493 69
194.549 69
194.606 69
194.662 69
194.718 69
194.774 69
194.83 69
194.887 69
194.943 69
194.999 69
195.055 69
195.112 69
195.168 69
195.224 69
195.281 69
195.337 69
195.393 69
195.45 69
195.506 69
195.562 69
195.618 69
195.675 69
195.731 69
195.787 69
195.843 69
195.9 69
195.956 69
196.012 69
196.069 69
196.125 69
196.181 69
196.238 69
196.294 69
196.35 69
196.407 69
196.463 69
196.52 69
196.576 69
196.633 69
196.689 69
196.745 69
196.802 69
196.858 69
196.915 69
196.971 69
197.028 69
197.084 69
197.141 69
197.198 69
197.254 69
197.311 69
197.367 69
197.424 69
197.481 69
197.537 69
197.594 69
197.65 69
197.707 69
197.764 69
197.82 69
197.877 69
197.934 69
197.991 69
198.047 69
198.104 69
198.161 69
198.218 69
198.274 69
198.331 69
198.388 69
198.445 69
198.502 69
