0.1 -0.209265
0.2 -0.421671
0.3 -0.633588
0.4 -0.845931
0.5 -1.0588
0.6 -1.27223
0.7 -1.48622
0.8 -1.70079
0.9 -1.91593
1 -2.13165
1.42308 -2.43937
2.84283 -2.74792
4.25872 -3.05651
5.67077 -3.36503
7.07888 -3.67394
8.483 -3.98296
9.88302 -4.29231
11.2789 -4.60193
12.6706 -4.91184
14.0582 -5.22212
15.4418 -5.53276
16.8212 -5.84375
18.1965 -6.15509
19.5677 -6.46675
20.9348 -6.77873
22.2977 -7.09103
23.6566 -7.40366
25.0113 -7.7166
26.362 -8.02991
27.7085 -8.34357
29.051 -8.65756
30.3893 -8.97191
31.7236 -9.28661
33.0538 -9.60167
34.3799 -9.91709
35.7019 -10.2329
37.0198 -10.549
38.3337 -10.8655
39.6435 -11.1824
40.9492 -11.4997
42.2509 -11.8173
43.5485 -12.1354
44.842 -12.4538
46.1315 -12.7727
47.417 -13.0919
48.6984 -13.4115
49.9757 -13.7316
51.249 -14.0521
52.5183 -14.373
53.7835 -14.6943
55.0446 -15.016
56.3018 -15.3382
57.5549 -15.6609
58.8039 -15.9839
60.049 -16.3075
61.29 -16.6315
62.527 -16.9559
63.76 -17.2809
64.9889 -17.6063
66.2139 -17.9322
67.4348 -18.2586
68.6517 -18.5855
69.8646 -18.9129
71.0735 -19.2408
72.2784 -19.5692
73.4793 -19.8982
74.6762 -20.2277
75.8691 -20.5577
77.058 -20.8882
78.2428 -21.2193
79.4237 -21.551
80.6006 -21.8833
81.7735 -22.2161
82.9424 -22.5495
84.1074 -22.8835
85.2683 -23.2181
86.4253 -23.5533
87.5782 -23.8892
88.7272 -24.2256
89.8722 -24.5627
91.0132 -24.9005
92.1502 -25.2389
93.2833 -25.5779
94.4124 -25.9177
95.5375 -26.2581
96.6586 -26.5992
97.7757 -26.9411
98.8889 -27.2836
99.9981 -27.6269
101.103 -27.9709
102.204 -28.3156
103.302 -28.6612
104.395 -29.0075
105.484 -29.3545
106.57 -29.7024
107.651 -30.051
108.728 -30.4005
109.802 -30.7509
110.871 -31.102
111.936 -31.4541
112.998 -31.807
114.055 -32.1608
115.109 -32.5156
116.158 -32.8712
117.204 -33.2278
118.245 -33.5854
119.283 -33.9439
120.316 -34.3034
121.346 -34.664
122.372 -35.0255
123.393 -35.3881
124.411 -35.7518
125.424 -36.1166
126.434 -36.4824
127.439 -36.8494
128.441 -37.2176
129.439 -37.587
130.432 -37.9575
131.422 -38.3293
132.407 -38.7023
133.389 -39.0765
134.366 -39.4521
135.339 -39.8289
136.309 -40.2072
137.274 -40.5868
138.235 -40.9678
139.193 -41.3502
140.146 -41.7341
141.095 -42.1195
142.04 -42.5065
142.981 -42.895
143.918 -43.285
144.851 -43.6767
145.779 -44.0701
146.703 -44.4708
147.623 -44.8766
148.538 -45.2839
149.447 -45.7036
150.342 -46.1258
151.222 -46.5474
152.066 -47.0242
152.894 -47.5178
153.646 -48.1056
154.379 -48.768
155.035 -49.4211
155.613 -50.1458
156.138 -50.9393
156.654 -51.7621
157.161 -52.5874
157.617 -53.4098
158.048 -54.2381
158.446 -55.0257
158.811 -55.7837
159.167 -56.5408
159.515 -57.2907
159.851 -58.0722
160.181 -58.852
160.504 -59.6289
160.821 -60.4032
161.13 -61.1737
161.432 -61.9434
161.727 -62.7239
162.017 -63.507
162.303 -64.2921
162.586 -65.0703
162.865 -65.8556
163.136 -66.6586
163.404 -67.4652
163.669 -68.2758
163.928 -69
164.15 -69
164.366 -69
164.578 -69
164.661 -69
164.646 -69
164.595 -69
164.503 -69
164.195 -69
163.485 -69
162.238 -69
160.982 -69
160.093 -69
159.6 -69
159.22 -69
159.013 -69
158.836 -69
158.626 -69
158.391 -69
158.253 -69
158.121 -69
157.976 -69
157.816 -69
157.64 -69
157.48 -69
157.338 -69
157.188 -69
157.039 -69
156.883 -69
156.721 -69
156.555 -69
156.404 -69
156.244 -69
156.078 -69
155.902 -69
155.687 -69
155.331 -69
154.898 -69
154.34 -69
153.59 -68.9815
152.774 -68.9894
152.365 -69
152.079 -69
151.721 -69
151.417 -69
151.209 -69
151.04 -69
150.864 -69
150.684 -69
150.5 -69
150.313 -69
150.122 -69
149.943 -69
149.784 -69
149.624 -69
149.469 -69
149.321 -69
149.178 -69
149.011 -69
148.838 -69
148.663 -69
148.486 -69
148.308 -69
148.133 -69
147.97 -69
147.803 -69
147.643 -69
147.483 -69
147.327 -69
147.186 -69
147.047 -69
146.91 -69
146.771 -69
146.631 -69
146.491 -69
146.349 -69
146.206 -69
146.062 -69
145.917 -69
145.769 -69
145.62 -69
145.471 -69
145.321 -69
145.169 -69
145.017 -69
144.874 -69
144.73 -69
144.586 -69
144.441 -69
144.297 -69
144.151 -69
144.005 -69
143.858 -69
143.71 -69
143.562 -69
143.414 -69
143.265 -69
143.116 -69
142.967 -69
142.817 -69
142.667 -69
142.516 -69
142.365 -69
142.217 -69
142.073 -69
141.932 -69
141.791 -69
141.649 -69
141.507 -69
141.365 -69
141.222 -69
141.079 -69
140.937 -69
140.799 -69
140.66 -69
140.522 -69
140.385 -69
140.248 -69
140.114 -69
139.98 -69
139.848 -69
139.717 -69
139.585 -69
139.452 -69
139.322 -69
139.193 -69
139.063 -69
138.933 -69
138.804 -69
138.673 -69
138.543 -69
138.413 -69
138.283 -69
138.154 -69
138.026 -69
137.901 -69
137.777 -69
137.655 -69
137.532 -69
137.409 -69
137.287 -69
137.164 -69
137.041 -69
136.917 -69
136.794 -69
136.67 -69
136.546 -69
136.422 -69
136.298 -69
136.176 -69
136.054 -69
135.932 -69
135.81 -69
135.688 -69
135.566 -69
135.444 -69
135.322 -69
135.202 -69
135.092 -69
134.981 -69
134.871 -69
134.761 -69
134.651 -69
134.541 -69
134.432 -69
134.322 -69
134.212 -69
134.102 -69
133.991 -69
133.882 -69
133.774 -69
133.665 -69
133.556 -69
133.447 -69
133.338 -69
133.229 -69
133.119 -69
133.009 -69
132.899 -69
132.79 -69
132.68 -69
132.57 -69
132.46 -69
132.35 -69
132.241 -69
132.131 -69
132.021 -69
131.911 -69
131.801 -69
131.692 -69
131.582 -69
131.472 -69
131.362 -69
131.252 -69
131.143 -69
131.034 -69
130.925 -69
130.817 -69
130.709 -69
130.601 -69
130.492 -69
130.384 -69
130.276 -69
130.167 -69
130.059 -69
129.951 -69
129.849 -69
129.754 -69
129.659 -69
129.564 -69
129.469 -69
129.375 -69
129.28 -69
129.185 -69
129.091 -69
128.996 -69
128.902 -69
128.807 -69
128.715 -69
128.626 -69
128.539 -69
128.451 -69
128.364 -69
128.277 -69
128.19 -69
128.102 -69
128.015 -69
127.928 -69
127.84 -69
127.753 -69
127.666 -69
127.579 -69
127.492 -69
127.405 -69
127.319 -69
127.234 -69
127.149 -69
127.064 -69
126.979 -69
126.895 -69
126.812 -69
126.728 -69
126.644 -69
126.561 -69
126.477 -69
126.394 -69
126.312 -69
126.23 -69
126.147 -69
126.065 -69
125.983 -69
125.901 -69
125.819 -69
125.737 -69
125.656 -69
125.574 -69
125.492 -69
125.41 -69
125.329 -69
125.247 -69
125.172 -69
125.096 -69
125.021 -69
124.946 -69
124.871 -69
124.796 -69
124.72 -69
124.646 -69
124.571 -69
124.496 -69
124.421 -69
124.346 -69
124.272 -69
124.197 -69
124.123 -69
124.048 -69
123.974 -69
123.9 -69
123.826 -69
123.751 -69
123.677 -69
123.604 -69
123.53 -69
123.456 -69
123.383 -69
123.309 -69
123.236 -69
123.162 -69
123.089 -69
123.016 -69
122.948 -69
122.882 -69
122.816 -69
122.75 -69
122.684 -69
122.618 -69
122.552 -69
122.486 -69
122.42 -69
122.355 -69
122.289 -69
122.224 -69
122.159 -69
122.094 -69
122.029 -69
121.964 -69
121.899 -69
121.835 -69
121.77 -69
121.706 -69
121.641 -69
121.577 -69
121.513 -69
121.449 -69
121.385 -69
121.321 -69
121.258 -69
121.194 -69
121.131 -69
121.067 -69
121.004 -69
120.941 -69
120.877 -69
120.814 -69
120.751 -69
120.688 -69
120.626 -69
120.563 -69
120.5 -69
120.439 -69
120.383 -69
120.328 -69
120.272 -69
120.217 -69
120.161 -69
120.106 -69
120.051 -69
119.996 -69
119.941 -69
119.886 -69
119.831 -69
119.777 -69
119.725 -69
119.674 -69
119.622 -69
119.571 -69
119.52 -69
119.469 -69
119.418 -69
119.367 -69
119.316 -69
119.266 -69
119.215 -69
119.165 -69
119.114 -69
119.064 -69
119.014 -69
118.965 -69
118.915 -69
118.865 -69
118.816 -69
118.766 -69
118.717 -69
118.668 -69
118.618 -69
118.569 -69
118.52 -69
118.471 -69
118.426 -69
118.382 -69
118.339 -69
118.295 -69
118.254 -69
118.213 -69
118.172 -69
118.13 -69
118.089 -69
118.048 -69
118.008 -69
117.967 -69
117.926 -69
117.885 -69
117.845 -69
117.804 -69
117.764 -69
117.724 -69
117.683 -69
117.643 -69
117.603 -69
117.563 -69
117.523 -69
117.483 -69
117.443 -69
117.404 -69
117.364 -69
117.325 -69
117.285 -69
117.246 -69
117.207 -69
117.167 -69
117.128 -69
117.089 -69
117.05 -69
117.012 -69
116.973 -69
116.934 -69
116.896 -69
116.857 -69
116.819 -69
116.781 -69
116.742 -69
116.704 -69
116.666 -69
116.629 -69
116.591 -69
116.553 -69
116.515 -69
116.478 -69
116.441 -69
116.403 -69
116.366 -69
116.329 -69
116.292 -69
116.255 -69
116.218 -69
116.181 -69
116.144 -69
116.105 -69
116.067 -69
116.029 -69
115.991 -69
115.952 -69
115.914 -69
115.876 -69
115.838 -69
115.8 -69
115.763 -69
115.725 -69
115.687 -69
115.65 -69
115.612 -69
115.575 -69
115.537 -69
115.5 -69
115.463 -69
115.426 -69
115.389 -69
115.352 -69
115.315 -69
115.278 -69
115.241 -69
115.205 -69
115.168 -69
115.132 -69
115.095 -69
115.059 -69
115.024 -69
114.99 -69
114.956 -69
114.922 -69
114.888 -69
114.854 -69
114.82 -69
114.786 -69
114.753 -69
114.719 -69
114.686 -69
114.652 -69
114.619 -69
114.585 -69
114.552 -69
114.519 -69
114.486 -69
114.453 -69
114.42 -69
114.387 -69
114.355 -69
114.322 -69
114.289 -69
114.257 -69
114.224 -69
114.192 -69
114.16 -69
114.128 -69
114.096 -69
114.064 -69
114.032 -69
114 -69
113.968 -69
113.936 -69
113.905 -69
113.873 -69
113.842 -69
113.81 -69
113.779 -69
113.748 -69
113.717 -69
113.686 -69
113.655 -69
113.624 -69
113.593 -69
113.565 -69
113.537 -69
113.508 -69
113.48 -69
113.452 -69
113.424 -69
113.396 -69
113.369 -69
113.341 -69
113.312 -69
113.284 -69
113.255 -69
113.226 -69
113.197 -69
113.169 -69
113.14 -69
113.112 -69
113.083 -69
113.053 -69
113.023 -69
112.993 -69
112.963 -69
112.933 -69
112.904 -69
112.874 -69
112.844 -69
112.815 -69
112.785 -69
112.756 -69
112.728 -69
112.701 -69
112.674 -69
112.647 -69
112.62 -69
112.593 -69
112.566 -69
112.539 -69
112.512 -69
112.485 -69
112.458 -69
112.432 -69
112.405 -69
112.379 -69
112.352 -69
112.326 -69
112.299 -69
112.273 -69
112.246 -69
112.22 -69
112.194 -69
112.168 -69
112.142 -69
112.115 -69
112.089 -69
112.063 -69
112.037 -69
112.011 -69
111.985 -69
111.96 -69
111.934 -69
111.908 -69
111.882 -69
111.856 -69
111.831 -69
111.805 -69
111.779 -69
111.754 -69
111.728 -69
111.703 -69
111.677 -69
111.652 -69
111.627 -69
111.602 -69
111.576 -69
111.551 -69
111.526 -69
111.501 -69
111.476 -69
111.451 -69
111.426 -69
111.401 -69
111.376 -69
111.352 -69
111.327 -69
111.302 -69
111.278 -69
111.253 -69
111.229 -69
111.204 -69
111.18 -69
111.155 -69
111.131 -69
111.107 -69
111.083 -69
111.059 -69
111.035 -69
111.011 -69
110.987 -69
110.963 -69
110.939 -69
110.915 -69
110.891 -69
110.867 -69
110.844 -69
110.822 -69
110.799 -69
110.777 -69
110.755 -69
110.732 -69
110.71 -69
110.688 -69
110.666 -69
110.643 -69
110.621 -69
110.599 -69
110.577 -69
110.556 -69
110.534 -69
110.512 -69
110.49 -69
110.468 -69
110.447 -69
110.425 -69
110.404 -69
110.382 -69
110.361 -69
110.339 -69
110.318 -69
110.297 -69
110.276 -69
110.255 -69
110.234 -69
110.212 -69
110.192 -69
110.171 -69
110.15 -69
110.129 -69
110.108 -69
110.088 -69
110.067 -69
110.046 -69
110.026 -69
110.005 -69
109.985 -69
109.965 -69
109.944 -69
109.924 -69
109.904 -69
109.884 -69
109.864 -69
109.844 -69
109.824 -69
109.804 -69
109.784 -69
109.764 -69
109.745 -69
109.725 -69
109.706 -69
109.686 -69
109.667 -69
109.647 -69
109.628 -69
109.609 -69
109.59 -69
109.57 -69
109.551 -69
109.532 -69
109.513 -69
109.495 -69
109.476 -69
109.457 -69
109.438 -69
109.42 -69
109.401 -69
109.383 -69
109.364 -69
109.346 -69
109.328 -69
109.309 -69
109.291 -69
109.273 -69
109.255 -69
109.237 -69
109.219 -69
109.201 -69
109.184 -69
109.166 -69
109.148 -69
109.131 -69
109.113 -69
109.096 -69
109.078 -69
109.061 -69
109.044 -69
109.027 -69
109.009 -69
108.992 -69
108.975 -69
108.959 -69
108.942 -69
108.925 -69
108.908 -69
108.892 -69
108.875 -69
108.859 -69
108.842 -69
108.826 -69
108.81 -69
108.793 -69
108.777 -69
108.759 -69
108.742 -69
108.725 -69
108.708 -69
108.691 -69
108.674 -69
108.657 -69
108.64 -69
108.623 -69
108.606 -69
108.59 -69
108.573 -69
108.556 -69
108.54 -69
108.523 -69
108.507 -69
108.491 -69
108.475 -69
108.458 -69
108.442 -69
108.426 -69
108.41 -69
108.394 -69
108.378 -69
108.363 -69
108.347 -69
108.331 -69
108.316 -69
108.3 -69
108.285 -69
108.269 -69
108.254 -69
108.239 -69
108.224 -69
108.209 -69
108.194 -69
108.18 -69
108.165 -69
108.15 -69
108.136 -69
108.121 -69
108.107 -69
108.092 -69
108.078 -69
108.064 -69
108.049 -69
108.035 -69
108.021 -69
108.007 -69
107.993 -69
107.979 -69
107.966 -69
107.952 -69
107.938 -69
107.925 -69
107.911 -69
107.898 -69
107.884 -69
107.871 -69
107.858 -69
107.845 -69
107.831 -69
107.818 -69
107.805 -69
107.793 -69
107.78 -69
107.767 -69
107.754 -69
107.742 -69
107.729 -69
107.716 -69
107.704 -69
107.691 -69
107.678 -69
107.665 -69
107.652 -69
107.639 -69
107.627 -69
107.614 -69
107.602 -69
107.589 -69
107.577 -69
107.565 -69
107.552 -69
107.54 -69
107.528 -69
107.517 -69
107.505 -69
107.493 -69
107.481 -69
107.47 -69
107.458 -69
107.447 -69
107.436 -69
107.424 -69
107.413 -69
107.402 -69
107.391 -69
107.38 -69
107.369 -69
107.358 -69
107.347 -69
107.336 -69
107.326 -69
107.315 -69
107.305 -69
107.292 -69
107.279 -69
107.265 -69
107.251 -69
107.237 -69
107.224 -69
107.21 -69
107.197 -69
107.183 -69
107.17 -69
107.156 -69
107.143 -69
107.13 -69
107.117 -69
107.104 -69
107.091 -69
107.078 -69
107.065 -69
107.052 -69
107.039 -69
107.026 -69
107.013 -69
107.001 -69
106.988 -69
106.975 -69
106.963 -69
106.95 -69
106.938 -69
106.926 -69
106.913 -69
106.901 -69
106.889 -69
106.877 -69
106.865 -69
106.853 -69
106.841 -69
106.829 -69
106.817 -69
106.805 -69
106.793 -69
106.782 -69
106.77 -69
106.759 -69
106.747 -69
106.736 -69
106.724 -69
106.713 -69
106.702 -69
106.691 -69
106.679 -69
106.668 -69
106.657 -69
106.646 -69
106.635 -69
106.625 -69
106.614 -69
106.603 -69
106.592 -69
106.582 -69
106.571 -69
106.561 -69
106.55 -69
106.54 -69
106.53 -69
106.519 -69
106.509 -69
106.499 -69
106.489 -69
106.479 -69
106.469 -69
106.459 -69
106.449 -69
106.439 -69
106.43 -69
106.42 -69
106.41 -69
106.4 -69
106.39 -69
106.38 -69
106.37 -69
106.361 -69
106.351 -69
106.341 -69
106.332 -69
106.322 -69
106.313 -69
106.304 -69
106.294 -69
106.285 -69
106.276 -69
106.267 -69
106.258 -69
106.249 -69
106.24 -69
106.231 -69
106.222 -69
106.213 -69
106.205 -69
106.196 -69
106.187 -69
106.179 -69
106.17 -69
106.162 -69
106.154 -69
106.146 -69
106.137 -69
106.129 -69
106.121 -69
106.113 -69
106.105 -69
106.097 -69
106.089 -69
106.079 -69
106.069 -69
106.059 -69
106.049 -69
106.04 -69
106.03 -69
106.02 -69
106.011 -69
106.001 -69
105.992 -69
105.983 -69
105.973 -69
105.964 -69
105.955 -69
105.946 -69
105.937 -69
105.928 -69
105.919 -69
105.91 -69
105.901 -69
105.892 -69
105.883 -69
105.874 -69
105.865 -69
105.856 -69
105.848 -69
105.84 -69
105.831 -69
105.823 -69
105.815 -69
105.807 -69
105.799 -69
105.791 -69
105.783 -69
105.775 -69
105.767 -69
105.76 -69
105.752 -69
105.745 -69
105.737 -69
105.73 -69
105.722 -69
105.715 -69
105.708 -69
105.701 -69
105.693 -69
105.686 -69
105.679 -69
105.672 -69
105.665 -69
105.658 -69
105.652 -69
105.645 -69
105.638 -69
105.632 -69
105.625 -69
105.619 -69
105.612 -69
105.606 -69
105.599 -69
105.593 -69
105.587 -69
105.581 -69
105.575 -69
105.569 -69
105.563 -69
105.557 -69
105.551 -69
105.545 -69
105.539 -69
105.534 -69
105.528 -69
105.522 -69
105.517 -69
105.511 -69
105.506 -69
105.501 -69
105.495 -69
105.49 -69
105.485 -69
105.48 -69
105.475 -69
105.47 -69
105.466 -69
105.461 -69
105.456 -69
105.452 -69
105.447 -69
105.443 -69
105.438 -69
105.434 -69
105.43 -69
105.425 -69
105.421 -69
105.417 -69
105.413 -69
105.409 -69
105.405 -69
105.401 -69
105.398 -69
105.394 -69
105.39 -69
105.387 -69
105.383 -69
105.379 -69
105.376 -69
105.373 -69
105.369 -69
105.366 -69
105.363 -69
105.36 -69
105.357 -69
105.354 -69
105.351 -69
105.348 -69
105.345 -69
105.343 -69
105.336 -69
105.329 -69
105.321 -69
105.313 -69
105.306 -69
105.297 -69
105.288 -69
105.279 -69
105.27 -69
105.261 -69
105.252 -69
105.243 -69
105.234 -69
105.225 -69
105.216 -69
105.208 -69
105.199 -69
105.19 -69
105.181 -69
105.173 -69
105.164 -69
105.156 -69
105.147 -69
105.138 -69
105.13 -69
105.121 -69
105.113 -69
105.105 -69
105.096 -69
105.088 -69
105.08 -69
105.071 -69
105.063 -69
105.055 -69
105.047 -69
105.039 -69
105.03 -69
105.022 -69
105.014 -69
105.006 -69
104.998 -69
104.99 -69
104.983 -69
104.975 -69
104.967 -69
104.959 -69
104.951 -69
104.943 -69
104.935 -69
104.927 -69
104.919 -69
104.911 -69
104.904 -69
104.896 -69
104.888 -69
104.88 -69
104.873 -69
104.865 -69
104.858 -69
104.85 -69
104.843 -69
104.835 -69
104.828 -69
104.82 -69
104.813 -69
104.806 -69
104.799 -69
104.791 -69
104.784 -69
104.777 -69
104.77 -69
104.763 -69
104.756 -69
104.749 -69
104.742 -69
104.734 -69
104.725 -69
104.716 -69
104.707 -69
104.698 -69
104.69 -69
104.681 -69
104.672 -69
104.663 -69
104.654 -69
104.645 -69
104.637 -69
104.628 -69
104.619 -69
104.611 -69
104.602 -69
104.593 -69
104.585 -69
104.576 -69
104.568 -69
104.559 -69
104.551 -69
104.542 -69
104.534 -69
104.525 -69
104.517 -69
104.509 -69
104.5 -69
104.492 -69
104.484 -69
104.476 -69
104.468 -69
104.459 -69
104.451 -69
104.443 -69
104.435 -69
104.427 -69
104.419 -69
104.411 -69
104.403 -69
104.395 -69
104.387 -69
104.379 -69
104.372 -69
104.364 -69
104.356 -69
104.348 -69
104.34 -69
104.333 -69
104.325 -69
104.317 -69
104.31 -69
104.302 -69
104.295 -69
104.287 -69
104.28 -69
104.272 -69
104.265 -69
104.257 -69
104.25 -69
104.243 -69
104.236 -69
104.228 -69
104.221 -69
104.214 -69
104.206 -69
104.198 -69
104.19 -69
104.181 -69
104.173 -69
104.165 -69
104.157 -69
104.148 -69
104.14 -69
104.132 -69
104.124 -69
104.116 -69
104.108 -69
104.1 -69
104.092 -69
104.084 -69
104.076 -69
104.068 -69
104.059 -69
104.051 -69
104.043 -69
104.035 -69
104.027 -69
104.019 -69
104.011 -69
104.003 -69
103.995 -69
103.987 -69
103.979 -69
103.97 -69
103.962 -69
103.954 -69
103.945 -69
103.937 -69
103.929 -69
103.921 -69
103.912 -69
103.904 -69
103.896 -69
103.888 -69
103.88 -69
103.872 -69
103.864 -69
103.856 -69
103.848 -69
103.84 -69
103.832 -69
103.824 -69
103.816 -69
103.808 -69
103.8 -69
103.792 -69
103.785 -69
103.777 -69
103.769 -69
103.761 -69
103.754 -69
103.746 -69
103.738 -69
103.731 -69
103.723 -69
103.716 -69
103.708 -69
103.701 -69
103.693 -69
103.686 -69
103.678 -69
103.671 -69
103.664 -69
103.657 -69
103.649 -69
103.642 -69
103.635 -69
103.628 -69
103.621 -69
103.614 -69
103.607 -69
103.6 -69
103.593 -69
103.587 -69
103.58 -69
103.573 -69
103.566 -69
103.559 -69
103.553 -69
103.544 -69
103.536 -69
103.528 -69
103.519 -69
103.511 -69
103.503 -69
103.494 -69
103.486 -69
103.478 -69
103.469 -69
103.461 -69
103.453 -69
103.445 -69
103.437 -69
103.429 -69
103.421 -69
103.412 -69
103.404 -69
103.396 -69
103.388 -69
103.38 -69
103.372 -69
103.364 -69
103.356 -69
103.348 -69
103.34 -69
103.332 -69
103.324 -69
103.316 -69
103.307 -69
103.299 -69
103.291 -69
103.283 -69
103.275 -69
103.267 -69
103.259 -69
103.251 -69
103.243 -69
103.234 -69
103.226 -69
103.218 -69
103.21 -69
103.202 -69
103.194 -69
103.187 -69
103.179 -69
103.171 -69
103.163 -69
103.155 -69
103.147 -69
103.139 -69
103.132 -69
103.124 -69
103.116 -69
103.108 -69
103.101 -69
103.093 -69
103.085 -69
103.078 -69
103.07 -69
103.062 -69
103.055 -69
103.047 -69
103.04 -69
103.032 -69
103.025 -69
103.017 -69
103.01 -69
103.002 -69
102.995 -69
102.987 -69
102.98 -69
102.973 -69
102.965 -69
102.958 -69
102.951 -69
102.943 -69
102.936 -69
102.929 -69
102.922 -69
102.914 -69
102.907 -69
102.9 -69
102.893 -69
102.886 -69
102.879 -69
102.872 -69
102.865 -69
102.858 -69
102.851 -69
102.844 -69
102.837 -69
102.83 -69
102.823 -69
102.816 -69
102.809 -69
102.802 -69
102.795 -69
102.788 -69
102.781 -69
102.774 -69
102.768 -69
102.761 -69
102.754 -69
102.747 -69
102.741 -69
102.734 -69
102.727 -69
102.721 -69
102.713 -69
102.706 -69
102.699 -69
102.692 -69
102.685 -69
102.678 -69
102.671 -69
102.664 -69
102.657 -69
102.65 -69
102.643 -69
102.636 -69
102.629 -69
102.622 -69
102.615 -69
102.608 -69
102.602 -69
102.595 -69
102.588 -69
102.581 -69
102.574 -69
102.568 -69
102.561 -69
102.554 -69
102.548 -69
102.541 -69
102.534 -69
102.528 -69
102.521 -69
102.515 -69
102.508 -69
102.502 -69
102.495 -69
102.489 -69
102.482 -69
102.476 -69
102.47 -69
102.463 -69
102.457 -69
102.451 -69
102.444 -69
102.438 -69
102.432 -69
102.426 -69
102.42 -69
102.414 -69
102.408 -69
102.402 -69
102.396 -69
102.39 -69
102.384 -69
102.378 -69
102.373 -69
102.367 -69
102.361 -69
102.355 -69
102.35 -69
102.344 -69
102.338 -69
102.333 -69
102.327 -69
102.321 -69
102.316 -69
102.31 -69
102.305 -69
102.299 -69
102.294 -69
102.288 -69
102.283 -69
102.278 -69
102.272 -69
102.267 -69
102.262 -69
102.256 -69
102.251 -69
102.246 -69
102.241 -69
102.235 -69
102.23 -69
102.225 -69
102.22 -69
102.215 -69
102.21 -69
102.205 -69
102.2 -69
102.195 -69
102.19 -69
102.185 -69
102.18 -69
102.175 -69
102.17 -69
102.166 -69
102.161 -69
102.156 -69
102.151 -69
102.147 -69
102.142 -69
102.138 -69
102.133 -69
102.128 -69
102.124 -69
102.119 -69
102.115 -69
102.111 -69
102.106 -69
102.102 -69
102.098 -69
102.093 -69
102.089 -69
102.085 -69
102.081 -69
102.076 -69
102.072 -69
102.068 -69
102.064 -69
102.06 -69
102.056 -69
102.052 -69
102.048 -69
102.044 -69
102.041 -69
102.037 -69
102.033 -69
102.029 -69
102.025 -69
102.022 -69
102.018 -69
102.014 -69
102.011 -69
102.007 -69
102.004 -69
102 -69
101.997 -69
101.993 -69
101.99 -69
101.986 -69
101.981 -69
101.977 -69
101.972 -69
101.968 -69
101.964 -69
101.959 -69
101.955 -69
101.951 -69
101.947 -69
101.942 -69
101.938 -69
101.934 -69
101.93 -69
101.926 -69
101.922 -69
101.918 -69
101.914 -69
101.91 -69
101.906 -69
101.902 -69
101.898 -69
101.895 -69
101.891 -69
101.887 -69
101.884 -69
101.88 -69
101.876 -69
101.873 -69
101.869 -69
101.866 -69
101.862 -69
101.859 -69
101.856 -69
101.852 -69
101.849 -69
101.846 -69
101.842 -69
101.839 -69
101.836 -69
101.833 -69
101.83 -69
101.827 -69
101.824 -69
101.821 -69
101.818 -69
101.815 -69
101.812 -69
101.81 -69
101.807 -69
101.804 -69
101.802 -69
101.799 -69
101.796 -69
101.791 -69
101.786 -69
101.781 -69
101.776 -69
101.771 -69
101.766 -69
101.761 -69
101.756 -69
101.752 -69
101.747 -69
101.742 -69
101.738 -69
101.733 -69
101.728 -69
101.724 -69
101.719 -69
101.715 -69
101.71 -69
101.706 -69
101.702 -69
101.697 -69
101.693 -69
101.688 -69
101.684 -69
101.68 -69
101.675 -69
101.671 -69
101.667 -69
101.663 -69
101.659 -69
101.654 -69
101.65 -69
101.646 -69
101.642 -69
101.638 -69
101.634 -69
101.63 -69
101.624 -69
101.618 -69
101.611 -69
101.605 -69
101.599 -69
101.593 -69
101.587 -69
101.581 -69
101.574 -69
101.568 -69
101.562 -69
101.556 -69
101.55 -69
101.544 -69
101.538 -69
101.532 -69
101.526 -69
101.52 -69
101.514 -69
101.508 -69
101.502 -69
101.496 -69
101.49 -69
101.484 -69
101.479 -69
101.473 -69
101.467 -69
101.461 -69
101.456 -69
101.45 -69
101.444 -69
101.438 -69
101.432 -69
101.427 -69
101.421 -69
101.415 -69
101.41 -69
101.404 -69
101.398 -69
101.393 -69
101.387 -69
101.381 -69
101.376 -69
101.37 -69
101.364 -69
101.359 -69
101.353 -69
101.348 -69
101.342 -69
101.337 -69
101.331 -69
101.326 -69
101.32 -69
101.315 -69
101.309 -69
101.304 -69
101.299 -69
101.293 -69
101.288 -69
101.282 -69
101.277 -69
101.272 -69
101.266 -69
101.261 -69
101.256 -69
101.251 -69
101.245 -69
101.24 -69
101.235 -69
101.23 -69
101.225 -69
101.219 -69
101.214 -69
101.209 -69
101.204 -69
101.199 -69
101.194 -69
101.189 -69
101.184 -69
101.179 -69
101.174 -69
101.169 -69
101.164 -69
101.159 -69
101.154 -69
101.149 -69
101.144 -69
101.139 -69
101.134 -69
101.13 -69
101.125 -69
101.12 -69
101.115 -69
101.11 -69
101.106 -69
101.101 -69
101.096 -69
101.091 -69
101.087 -69
101.082 -69
101.077 -69
101.073 -69
101.068 -69
101.064 -69
101.059 -69
101.055 -69
101.05 -69
101.045 -69
101.041 -69
101.037 -69
101.032 -69
101.028 -69
101.023 -69
101.019 -69
101.014 -69
101.01 -69
101.006 -69
101.001 -69
100.997 -69
100.993 -69
100.989 -69
100.984 -69
100.98 -69
100.976 -69
100.972 -69
100.967 -69
100.963 -69
100.959 -69
100.955 -69
100.951 -69
100.947 -69
100.943 -69
100.939 -69
100.935 -69
100.931 -69
100.927 -69
100.923 -69
100.919 -69
100.915 -69
100.911 -69
100.907 -69
100.904 -69
100.9 -69
100.896 -69
100.892 -69
100.888 -69
100.885 -69
100.881 -69
100.877 -69
100.874 -69
100.87 -69
100.866 -69
100.863 -69
100.859 -69
100.855 -69
100.852 -69
100.848 -69
100.845 -69
100.841 -69
100.838 -69
100.835 -69
100.831 -69
100.828 -69
100.824 -69
100.821 -69
100.818 -69
100.814 -69
100.811 -69
100.808 -69
100.805 -69
100.801 -69
100.798 -69
100.795 -69
100.792 -69
100.789 -69
100.786 -69
100.782 -69
100.779 -69
100.776 -69
100.773 -69
100.77 -69
100.767 -69
100.763 -69
100.758 -69
100.754 -69
100.75 -69
100.745 -69
100.741 -69
100.737 -69
100.733 -69
100.728 -69
100.724 -69
100.72 -69
100.716 -69
100.711 -69
100.707 -69
100.703 -69
100.699 -69
100.695 -69
100.691 -69
100.687 -69
100.682 -69
100.678 -69
100.674 -69
100.67 -69
100.666 -69
100.662 -69
100.658 -69
100.654 -69
100.65 -69
100.646 -69
100.643 -69
100.639 -69
100.635 -69
100.631 -69
100.627 -69
100.623 -69
100.619 -69
100.616 -69
100.612 -69
100.608 -69
100.604 -69
100.6 -69
100.597 -69
100.593 -69
100.589 -69
100.586 -69
100.582 -69
100.578 -69
100.575 -69
100.571 -69
100.568 -69
100.564 -69
100.56 -69
100.557 -69
100.553 -69
100.55 -69
100.546 -69
100.543 -69
100.539 -69
100.536 -69
100.533 -69
100.529 -69
100.526 -69
100.523 -69
100.519 -69
100.516 -69
100.513 -69
100.509 -69
100.506 -69
100.503 -69
100.5 -69
100.496 -69
100.493 -69
100.49 -69
100.487 -69
100.484 -69
100.48 -69
100.477 -69
100.474 -69
100.471 -69
100.468 -69
100.465 -69
100.462 -69
100.459 -69
100.456 -69
100.453 -69
100.45 -69
100.447 -69
100.444 -69
100.442 -69
100.439 -69
100.436 -69
100.433 -69
100.43 -69
100.427 -69
100.425 -69
100.422 -69
100.419 -69
100.417 -69
100.414 -69
100.411 -69
100.409 -69
100.406 -69
100.403 -69
100.401 -69
100.398 -69
100.396 -69
100.393 -69
100.391 -69
100.388 -69
100.386 -69
100.383 -69
100.381 -69
100.378 -69
100.376 -69
100.374 -69
100.371 -69
100.369 -69
100.367 -69
100.364 -69
100.362 -69
100.36 -69
100.358 -69
100.355 -69
100.353 -69
100.351 -69
100.349 -69
100.347 -69
100.345 -69
100.343 -69
100.341 -69
100.339 -69
100.337 -69
100.335 -69
100.333 -69
100.331 -69
100.329 -69
100.327 -69
100.325 -68.9991
100.323 -68.9988
100.321 -68.9973
100.319 -68.995
100.318 -68.9921
100.316 -68.9886
100.314 -68.9844
100.312 -68.9796
100.311 -68.974
100.309 -68.9679
100.307 -68.9611
100.306 -68.9536
100.304 -68.9456
100.302 -68.9374
100.301 -68.9289
100.299 -68.9202
100.298 -68.9112
100.296 -68.9019
100.295 -68.8924
100.293 -68.8825
100.292 -68.8724
100.291 -68.862
100.289 -68.8514
100.288 -68.8405
100.287 -68.8293
100.285 -68.8178
100.284 -68.8061
100.283 -68.7941
100.282 -68.7818
100.28 -68.7692
100.279 -68.7564
100.278 -68.7433
100.277 -68.7299
100.276 -68.7163
100.275 -68.7024
100.274 -68.6882
100.273 -68.6738
100.272 -68.6592
100.271 -68.6445
100.27 -68.6295
100.27 -68.6143
100.269 -68.5989
100.268 -68.5834
100.267 -68.5677
100.266 -68.5518
100.266 -68.5357
100.265 -68.5194
100.264 -68.5029
100.264 -68.4862
100.263 -68.4694
100.263 -68.4523
100.262 -68.435
100.262 -68.4176
100.261 -68.3999
100.261 -68.3821
100.261 -68.3642
100.26 -68.346
100.26 -68.3275
100.26 -68.3088
100.26 -68.2899
100.259 -68.2707
100.259 -68.2512
100.259 -68.2314
100.259 -68.2114
100.259 -68.191
100.259 -68.1705
100.259 -68.1496
100.259 -68.1285
100.259 -68.1071
100.26 -68.0854
100.26 -68.0635
100.26 -68.0412
100.26 -68.0185
100.26 -67.995
100.26 -67.9713
100.261 -67.9473
100.26 -67.9203
100.26 -67.8928
100.26 -67.8649
100.26 -67.8369
100.259 -67.8085
100.259 -67.7799
100.259 -67.7511
100.259 -67.722
100.259 -67.6926
100.259 -67.663
100.259 -67.633
100.259 -67.6029
100.259 -67.5724
100.26 -67.5417
100.26 -67.5108
100.26 -67.4796
100.261 -67.4481
100.261 -67.4164
100.261 -67.3844
100.262 -67.3522
100.262 -67.3198
100.263 -67.2879
100.263 -67.2561
100.263 -67.2241
100.264 -67.1917
100.264 -67.1591
100.265 -67.1262
100.265 -67.0931
100.266 -67.0597
100.266 -67.026
100.267 -66.9921
100.268 -66.9579
100.268 -66.9234
100.269 -66.8888
100.27 -66.8539
100.271 -66.8187
100.271 -66.7846
100.271 -66.752
100.271 -66.7193
100.271 -66.6862
100.27 -66.6529
100.27 -66.6194
100.27 -66.5856
100.27 -66.5516
100.27 -66.5173
100.27 -66.4827
100.27 -66.4479
100.27 -66.4128
100.271 -66.3775
100.271 -66.3419
100.271 -66.306
100.271 -66.2699
100.272 -66.2336
100.272 -66.197
100.273 -66.1601
100.273 -66.123
100.274 -66.0856
100.275 -66.0479
100.275 -66.01
100.276 -65.9718
100.277 -65.9334
100.278 -65.8947
100.278 -65.8536
100.278 -65.8109
100.278 -65.768
100.278 -65.7248
100.279 -65.6814
100.279 -65.6377
100.279 -65.5938
100.28 -65.5497
100.28 -65.5054
100.281 -65.461
100.281 -65.4164
100.282 -65.3715
100.282 -65.3264
100.283 -65.281
100.284 -65.2354
100.284 -65.1895
100.285 -65.1434
100.286 -65.097
100.287 -65.0504
100.288 -65.0036
100.289 -64.9566
100.29 -64.9093
100.292 -64.8618
100.293 -64.814
100.294 -64.7661
100.296 -64.718
100.297 -64.6698
100.298 -64.6214
100.3 -64.5727
100.302 -64.5237
100.303 -64.4746
100.305 -64.4253
100.307 -64.3758
100.308 -64.326
100.31 -64.276
100.312 -64.2257
100.314 -64.1752
100.316 -64.1246
100.318 -64.074
100.32 -64.023
100.322 -63.9718
100.324 -63.9204
100.326 -63.8687
100.329 -63.8167
100.331 -63.7647
100.333 -63.7124
100.336 -63.6599
100.338 -63.6072
100.34 -63.5543
100.343 -63.5011
100.346 -63.4477
100.348 -63.3941
100.351 -63.3402
100.354 -63.2862
100.357 -63.232
100.36 -63.1776
100.363 -63.123
100.366 -63.0681
100.369 -63.0129
100.372 -62.9577
100.375 -62.9024
100.378 -62.8469
100.382 -62.7912
100.385 -62.7352
100.389 -62.6789
100.392 -62.6225
100.396 -62.5658
100.399 -62.5088
100.403 -62.4516
100.407 -62.3942
100.41 -62.3365
100.414 -62.2785
100.418 -62.2203
100.422 -62.1619
100.426 -62.1034
100.43 -62.0449
100.435 -61.9861
100.439 -61.9271
100.443 -61.8678
100.448 -61.8083
100.452 -61.7485
100.457 -61.6885
100.461 -61.6283
100.466 -61.5679
100.471 -61.5072
100.476 -61.4466
100.481 -61.3858
100.485 -61.325
100.49 -61.2642
100.495 -61.2032
100.501 -61.142
100.506 -61.0808
100.511 -61.0194
100.516 -60.9582
100.522 -60.8967
100.527 -60.8349
100.533 -60.773
100.538 -60.7109
100.544 -60.6487
100.549 -60.5864
100.555 -60.5239
100.561 -60.4612
100.567 -60.3982
100.573 -60.3351
100.579 -60.2717
100.585 -60.2082
100.591 -60.1444
100.597 -60.0803
100.604 -60.0161
100.61 -59.9518
100.617 -59.8873
100.623 -59.8226
100.63 -59.7577
100.637 -59.6927
100.643 -59.6274
100.65 -59.562
100.657 -59.4967
100.664 -59.4311
100.671 -59.3653
100.678 -59.2996
100.685 -59.2337
100.692 -59.1676
100.7 -59.1013
100.707 -59.0351
100.715 -58.9689
100.722 -58.9026
100.73 -58.8363
100.737 -58.7698
100.745 -58.7034
100.752 -58.6368
100.76 -58.57
100.768 -58.503
100.776 -58.4359
100.784 -58.3687
100.792 -58.3013
100.8 -58.2338
100.808 -58.1662
100.817 -58.0985
100.825 -58.0306
100.834 -57.9625
100.842 -57.8943
100.851 -57.8259
100.859 -57.7574
100.868 -57.6887
100.877 -57.6198
100.886 -57.5508
100.895 -57.4817
100.904 -57.4125
100.913 -57.343
100.922 -57.2733
100.931 -57.2034
100.94 -57.1334
100.95 -57.063
100.959 -56.9928
100.969 -56.9224
100.978 -56.8521
100.988 -56.7815
100.998 -56.7108
101.008 -56.6398
101.018 -56.5686
101.028 -56.4971
101.038 -56.4254
101.048 -56.3536
101.058 -56.2816
101.068 -56.2093
101.079 -56.1369
101.089 -56.0642
101.1 -55.9914
101.11 -55.9185
101.121 -55.8453
101.132 -55.7719
101.143 -55.6984
101.154 -55.6245
101.165 -55.5505
101.176 -55.4763
101.187 -55.4019
101.199 -55.3272
101.21 -55.2523
101.222 -55.1773
101.233 -55.1022
101.245 -55.0268
101.257 -54.9511
101.268 -54.8752
101.28 -54.7991
101.292 -54.7229
101.304 -54.6467
101.317 -54.5705
101.329 -54.4941
101.341 -54.4175
101.353 -54.3408
101.366 -54.264
101.378 -54.1871
101.391 -54.1101
101.404 -54.033
101.416 -53.9556
101.429 -53.8781
101.442 -53.8005
101.455 -53.7227
101.468 -53.6446
101.482 -53.5664
101.495 -53.4879
101.508 -53.4094
101.522 -53.3307
101.535 -53.2518
101.549 -53.1727
101.562 -53.0933
101.576 -53.0137
101.59 -52.934
101.604 -52.854
101.618 -52.7739
101.632 -52.6936
101.646 -52.6131
101.661 -52.5324
101.675 -52.4515
101.69 -52.3705
101.704 -52.2893
101.719 -52.2078
101.734 -52.1263
101.748 -52.0448
101.763 -51.9632
101.778 -51.8814
101.793 -51.7995
101.808 -51.7175
101.824 -51.6353
101.839 -51.5529
101.854 -51.4702
101.87 -51.3874
101.885 -51.3045
101.901 -51.2213
101.917 -51.138
101.933 -51.0545
101.949 -50.9707
101.965 -50.8869
101.981 -50.8028
101.997 -50.7186
102.014 -50.6341
102.03 -50.5495
102.046 -50.4647
102.063 -50.3796
102.08 -50.2945
102.097 -50.2095
102.113 -50.1246
102.13 -50.0397
102.147 -49.9546
102.164 -49.8695
102.181 -49.7843
102.199 -49.699
102.216 -49.6135
102.233 -49.5278
102.251 -49.442
102.268 -49.356
102.286 -49.2698
102.304 -49.1834
102.322 -49.0967
102.34 -49.0099
102.358 -48.9229
102.376 -48.8359
102.394 -48.7487
102.412 -48.6612
102.431 -48.5737
102.449 -48.486
102.468 -48.3981
102.487 -48.3102
102.506 -48.2222
102.524 -48.1341
102.543 -48.0457
102.562 -47.9573
102.582 -47.8687
102.601 -47.7799
102.62 -47.691
102.64 -47.6022
102.659 -47.5135
102.679 -47.4247
102.698 -47.3358
102.718 -47.2466
102.738 -47.1573
102.758 -47.068
102.778 -46.9786
102.798 -46.8893
102.818 -46.7998
102.838 -46.7101
102.858 -46.6203
102.879 -46.5306
102.899 -46.441
102.92 -46.3512
102.94 -46.2612
102.961 -46.1709
102.982 -46.0805
103.003 -45.9898
103.024 -45.8993
103.045 -45.8087
103.066 -45.7179
103.088 -45.6269
103.109 -45.5357
103.131 -45.4442
103.152 -45.3526
103.174 -45.2609
103.196 -45.1689
103.218 -45.0768
103.24 -44.9845
103.262 -44.8919
103.284 -44.7993
103.306 -44.7066
103.329 -44.6138
103.351 -44.5207
103.374 -44.4276
103.397 -44.3347
103.419 -44.2417
103.442 -44.1485
103.465 -44.0553
103.488 -43.9619
103.511 -43.8683
103.535 -43.7746
103.558 -43.6806
103.581 -43.5865
103.605 -43.4925
103.628 -43.3984
103.652 -43.3041
103.676 -43.2096
103.7 -43.1149
103.724 -43.0201
103.748 -42.9254
103.772 -42.8307
103.796 -42.7358
103.821 -42.6409
103.845 -42.546
103.869 -42.4513
103.894 -42.3566
103.919 -42.2616
103.943 -42.1665
103.968 -42.0712
103.993 -41.9758
104.018 -41.8805
104.043 -41.7851
104.068 -41.6899
104.093 -41.5944
104.119 -41.4989
104.144 -41.4033
104.17 -41.3074
104.195 -41.2114
104.221 -41.1156
104.247 -41.0197
104.273 -40.9238
104.299 -40.8282
104.325 -40.7324
104.351 -40.6365
104.377 -40.5404
104.403 -40.4442
104.43 -40.3479
104.456 -40.2516
104.483 -40.155
104.509 -40.0584
104.536 -39.9616
104.563 -39.8646
104.59 -39.7675
104.617 -39.6702
104.644 -39.5729
104.671 -39.4755
104.699 -39.378
104.726 -39.2806
104.754 -39.183
104.781 -39.0853
104.809 -38.9875
104.837 -38.8895
104.865 -38.7913
104.893 -38.6931
104.921 -38.5948
104.949 -38.4966
104.977 -38.3984
105.006 -38.3
105.034 -38.2016
105.063 -38.1031
105.091 -38.0043
105.12 -37.9053
105.149 -37.8062
105.178 -37.707
105.207 -37.6076
105.236 -37.5076
105.265 -37.4075
105.295 -37.3073
105.324 -37.2072
105.353 -37.1073
105.383 -37.0078
105.412 -36.9084
105.441 -36.8089
105.471 -36.7093
105.501 -36.6094
105.531 -36.5094
105.56 -36.4097
105.59 -36.3099
105.62 -36.2099
105.651 -36.1098
105.681 -36.0096
105.711 -35.9093
105.742 -35.8087
105.772 -35.7081
105.803 -35.6072
105.834 -35.5063
105.865 -35.4051
105.896 -35.3038
105.927 -35.2027
105.958 -35.1013
105.989 -34.9998
106.021 -34.8982
106.052 -34.7963
106.084 -34.6943
106.115 -34.5923
106.147 -34.49
106.179 -34.3876
106.211 -34.2854
106.243 -34.1834
106.275 -34.0814
106.308 -33.9793
106.34 -33.8772
106.372 -33.775
106.405 -33.6729
106.437 -33.5707
106.47 -33.4685
106.503 -33.3661
106.536 -33.2637
106.568 -33.1613
106.601 -33.0587
106.635 -32.9562
106.668 -32.8535
106.701 -32.7508
106.734 -32.648
106.768 -32.5451
106.801 -32.4423
106.835 -32.3394
106.869 -32.2364
106.903 -32.1334
106.937 -32.0303
106.971 -31.927
107.005 -31.8237
107.039 -31.7208
107.073 -31.6181
107.107 -31.5163
107.141 -31.4145
107.176 -31.3127
107.21 -31.2106
107.244 -31.1085
107.279 -31.0062
107.314 -30.9037
107.348 -30.8011
107.383 -30.6984
107.418 -30.5955
107.453 -30.4925
107.488 -30.3895
107.524 -30.2863
107.559 -30.1829
107.595 -30.0797
107.63 -29.9765
107.666 -29.8731
107.702 -29.7696
107.738 -29.6659
107.774 -29.5623
107.81 -29.4586
107.846 -29.355
107.882 -29.2514
107.918 -29.1477
107.955 -29.0437
107.991 -28.9396
108.028 -28.8354
108.065 -28.7313
108.101 -28.6272
108.138 -28.5232
108.175 -28.4193
108.212 -28.3155
108.249 -28.2117
108.286 -28.1079
108.324 -28.0042
108.361 -27.9007
108.398 -27.7974
108.435 -27.6942
108.473 -27.5909
108.51 -27.4876
108.548 -27.3845
108.585 -27.2812
108.623 -27.1778
108.661 -27.0743
108.699 -26.9707
108.737 -26.8671
108.775 -26.7632
108.813 -26.6592
108.852 -26.5551
108.89 -26.4508
108.929 -26.3463
108.968 -26.2416
109.007 -26.1371
109.046 -26.0323
109.085 -25.9275
109.124 -25.8229
109.163 -25.7186
109.202 -25.6143
109.241 -25.5102
109.28 -25.4066
109.32 -25.3032
109.359 -25.1996
109.398 -25.0959
109.438 -24.9924
109.477 -24.8889
109.517 -24.7853
109.557 -24.6821
109.596 -24.5789
109.636 -24.4756
109.676 -24.3721
109.716 -24.2686
109.756 -24.1654
109.796 -24.0621
109.836 -23.9588
109.877 -23.8556
109.917 -23.7522
109.958 -23.6487
109.998 -23.545
110.039 -23.4412
110.08 -23.3374
110.121 -23.2335
110.162 -23.1295
110.203 -23.0254
110.244 -22.921
110.285 -22.817
110.326 -22.7132
110.368 -22.6096
110.409 -22.5064
110.45 -22.4032
110.492 -22.2998
110.533 -22.1963
110.575 -22.0934
110.616 -21.9905
110.658 -21.8876
110.7 -21.7848
110.742 -21.6817
110.783 -21.5786
110.826 -21.4753
110.868 -21.372
110.91 -21.2691
110.952 -21.1662
110.994 -21.0632
111.037 -20.9601
111.079 -20.857
111.122 -20.7538
111.165 -20.6507
111.207 -20.5476
111.25 -20.4443
111.293 -20.3411
111.336 -20.2378
111.379 -20.1346
111.422 -20.0316
111.466 -19.9284
111.509 -19.825
111.552 -19.7217
111.596 -19.6183
111.639 -19.5154
111.683 -19.4128
111.727 -19.3102
111.77 -19.2075
111.814 -19.1048
111.858 -19.0022
111.902 -18.8995
111.946 -18.7967
111.99 -18.6941
112.034 -18.5914
112.078 -18.4888
112.123 -18.386
112.167 -18.2831
112.212 -18.1802
112.256 -18.0778
112.301 -17.9753
112.345 -17.873
112.39 -17.7708
112.435 -17.6684
112.479 -17.5663
112.524 -17.4642
112.569 -17.362
112.614 -17.2596
112.66 -17.1571
112.705 -17.0545
112.75 -16.9524
112.796 -16.8507
112.841 -16.7491
112.886 -16.6474
112.932 -16.5459
112.977 -16.4444
113.023 -16.3428
113.068 -16.2412
113.114 -16.1397
113.16 -16.0381
113.206 -15.9366
113.252 -15.8355
113.298 -15.7344
113.344 -15.6335
113.39 -15.5324
113.436 -15.4313
113.482 -15.3301
113.529 -15.229
113.575 -15.1277
113.622 -15.0264
113.668 -14.9249
113.715 -14.8237
113.762 -14.7227
113.808 -14.6218
113.855 -14.5209
113.902 -14.42
113.949 -14.3191
113.996 -14.2182
114.043 -14.1173
114.09 -14.0171
114.137 -13.9177
114.184 -13.8186
114.231 -13.7195
114.278 -13.6204
114.325 -13.5213
114.372 -13.4222
114.42 -13.3231
114.467 -13.2238
114.514 -13.1244
114.562 -13.0249
114.61 -12.9256
114.657 -12.8262
114.705 -12.7268
114.753 -12.6273
114.801 -12.5277
114.849 -12.428
114.897 -12.3284
114.946 -12.2292
114.994 -12.1304
115.042 -12.0317
115.09 -11.933
115.138 -11.8341
115.187 -11.7351
115.235 -11.6366
115.284 -11.5385
115.332 -11.4406
115.38 -11.3427
115.429 -11.2449
115.478 -11.147
115.526 -11.0491
115.575 -10.951
115.624 -10.8529
115.673 -10.7549
115.722 -10.6568
115.771 -10.5586
115.82 -10.4605
115.87 -10.3626
115.919 -10.2649
115.968 -10.1672
116.018 -10.0697
116.067 -9.9723
116.116 -9.87494
116.166 -9.77758
116.216 -9.68022
116.265 -9.58273
116.315 -9.48517
116.365 -9.38768
116.415 -9.29071
116.464 -9.19428
116.514 -9.09829
116.564 -9.00241
116.613 -8.90565
116.663 -8.80739
116.713 -8.70904
116.762 -8.61061
116.812 -8.51197
116.862 -8.41311
116.912 -8.31418
116.962 -8.21554
117.012 -8.11695
117.062 -8.01828
117.112 -7.91968
117.162 -7.82164
117.212 -7.72372
117.262 -7.62613
117.312 -7.52876
117.362 -7.43142
117.412 -7.33397
117.463 -7.23639
117.513 -7.13873
117.563 -7.0417
117.614 -6.94496
117.664 -6.84827
117.714 -6.75173
117.765 -6.65508
117.816 -6.55831
117.866 -6.46147
117.917 -6.36507
117.967 -6.26921
118.018 -6.17331
118.069 -6.07731
118.12 -5.98131
118.171 -5.8854
118.221 -5.7894
118.272 -5.69363
118.323 -5.59818
118.374 -5.50306
118.425 -5.4081
118.476 -5.31302
118.527 -5.21801
118.578 -5.12299
118.63 -5.02801
118.681 -4.93334
118.732 -4.83862
118.783 -4.74403
118.835 -4.64976
118.886 -4.55581
118.937 -4.46178
118.989 -4.36784
119.04 -4.27404
119.092 -4.18026
119.143 -4.08642
119.195 -3.9929
119.247 -3.89928
119.298 -3.80564
119.35 -3.71244
119.402 -3.61944
119.453 -3.52676
119.505 -3.43411
119.557 -3.34135
119.609 -3.24862
119.66 -3.15628
119.712 -3.06402
119.764 -2.97188
119.816 -2.87981
119.868 -2.78788
119.92 -2.69615
119.972 -2.6044
120.024 -2.51264
120.076 -2.42083
120.129 -2.32911
120.181 -2.23764
120.233 -2.14608
120.286 -2.05462
120.338 -1.96308
120.391 -1.87192
120.443 -1.7811
120.495 -1.69029
120.548 -1.59937
120.6 -1.50881
120.653 -1.41817
120.706 -1.32755
120.758 -1.23708
120.811 -1.14657
120.864 -1.0561
120.917 -0.966044
120.97 -0.875888
121.023 -0.78563
121.076 -0.69527
121.129 -0.604921
121.182 -0.514538
121.235 -0.424216
121.289 -0.333878
121.342 -0.243674
121.395 -0.153623
121.449 -0.0634699
121.502 0.026778
121.556 0.116919
121.61 0.207143
121.663 0.297061
121.717 0.38703
121.771 0.4771
121.825 0.567272
121.879 0.657544
121.933 0.747811
121.987 0.837931
122.042 0.928085
122.096 1.01834
122.151 1.10869
122.205 1.19908
122.26 1.28918
122.314 1.37929
122.369 1.46949
122.424 1.55979
122.478 1.65002
122.533 1.74034
122.588 1.83052
122.643 1.92048
122.698 2.01054
122.753 2.10057
122.809 2.19045
122.864 2.28044
122.919 2.37048
122.974 2.46022
123.03 2.54998
123.085 2.63953
123.141 2.72915
123.196 2.81863
123.252 2.9081
123.307 2.99758
123.363 3.08708
123.419 3.17668
123.475 3.26632
123.531 3.35603
123.587 3.4457
123.643 3.53544
123.699 3.62527
123.755 3.71485
123.811 3.80448
123.868 3.8942
123.924 3.98392
123.981 4.07332
124.037 4.16282
124.094 4.25241
124.15 4.34175
124.207 4.43109
124.264 4.52033
124.321 4.6096
124.378 4.69897
124.435 4.78844
124.492 4.878
124.549 4.96765
124.606 5.0574
124.664 5.14725
124.721 5.23719
124.779 5.32723
124.836 5.41736
124.894 5.50759
124.952 5.59791
125.01 5.68833
125.068 5.77885
125.127 5.86946
125.185 5.96016
125.243 6.05096
125.302 6.14186
125.36 6.23285
125.419 6.32394
125.478 6.41512
125.537 6.5064
125.596 6.59778
125.655 6.68924
125.714 6.78081
125.774 6.87247
125.833 6.96422
125.893 7.05608
125.953 7.14802
126.012 7.24006
126.072 7.3322
126.132 7.42443
126.192 7.51676
126.253 7.60918
126.313 7.7017
126.373 7.79432
126.434 7.88703
126.494 7.97983
126.555 8.07273
126.616 8.16573
126.677 8.25882
126.738 8.35201
126.799 8.44529
126.86 8.53867
126.922 8.63214
126.983 8.72571
127.045 8.81937
127.107 8.91313
127.168 9.00698
127.23 9.10093
127.292 9.19498
127.354 9.28912
127.417 9.38336
127.479 9.47769
127.541 9.57211
127.604 9.66664
127.667 9.76125
127.729 9.85597
127.792 9.95077
127.855 10.0457
127.918 10.1407
127.981 10.2358
128.045 10.331
128.108 10.4262
128.172 10.5216
128.235 10.6171
128.299 10.7127
128.363 10.8083
128.427 10.9041
128.491 11
128.555 11.0959
128.619 11.192
128.684 11.2881
128.748 11.3843
128.813 11.4807
128.877 11.5771
128.942 11.6736
129.007 11.7702
129.072 11.867
129.137 11.9638
129.203 12.0607
129.268 12.1577
129.334 12.2548
129.399 12.352
129.465 12.4492
129.531 12.5466
129.597 12.6441
129.663 12.7417
129.729 12.8393
129.795 12.9371
129.861 13.035
129.928 13.1329
129.994 13.231
130.061 13.3291
130.128 13.4274
130.195 13.5257
130.262 13.6241
130.329 13.7226
130.396 13.8213
130.464 13.92
130.531 14.0188
130.599 14.1177
130.666 14.2167
130.734 14.3158
130.802 14.415
130.87 14.5143
130.938 14.6137
131.007 14.7131
131.075 14.8127
131.144 14.9124
131.212 15.0121
131.281 15.112
131.35 15.2119
131.419 15.312
131.488 15.4121
131.557 15.5124
131.626 15.6127
131.696 15.7131
131.765 15.8137
131.835 15.9143
131.904 16.015
131.974 16.1158
132.044 16.2167
132.114 16.3177
132.185 16.4188
132.255 16.52
132.325 16.6213
132.396 16.7227
132.467 16.8242
132.537 16.9257
132.608 17.0274
132.679 17.1292
132.75 17.231
132.822 17.333
132.893 17.435
132.964 17.5372
133.036 17.6394
133.108 17.7417
133.179 17.8442
133.251 17.9467
133.323 18.0493
133.396 18.152
133.468 18.2548
133.54 18.3577
133.613 18.4607
133.685 18.5638
133.758 18.667
133.831 18.7703
133.904 18.8737
133.977 18.9772
134.05 19.0807
134.124 19.1844
134.197 19.2882
134.271 19.392
134.344 19.496
134.418 19.6
134.492 19.7042
134.566 19.8084
134.64 19.9127
134.714 20.0172
134.789 20.1217
134.863 20.2263
134.938 20.331
135.013 20.4358
135.088 20.5407
135.163 20.6457
135.238 20.7508
135.313 20.856
135.388 20.9613
135.464 21.0667
135.539 21.1721
135.615 21.2777
135.691 21.3834
135.767 21.4891
135.843 21.595
135.919 21.7009
135.995 21.807
136.072 21.9131
136.148 22.0193
136.225 22.1257
136.302 22.2321
136.378 22.3386
136.455 22.4452
136.533 22.5519
136.61 22.6587
136.687 22.7656
136.765 22.8726
136.842 22.9797
136.92 23.0869
136.998 23.1942
137.076 23.3016
137.154 23.409
137.232 23.5166
137.311 23.6243
137.389 23.732
137.468 23.8399
137.546 23.9478
137.625 24.0559
137.704 24.164
137.783 24.2722
137.862 24.3806
137.942 24.489
138.021 24.5975
138.101 24.7061
138.18 24.8148
138.26 24.9236
138.34 25.0325
138.42 25.1415
138.5 25.2506
138.581 25.3598
138.661 25.469
138.742 25.5784
138.822 25.6879
138.903 25.7974
138.984 25.9071
139.065 26.0168
139.146 26.1267
139.227 26.2366
139.309 26.3467
139.39 26.4568
139.472 26.567
139.554 26.6773
139.636 26.7878
139.718 26.8983
139.8 27.0084
139.882 27.1186
139.964 27.2289
140.047 27.3393
140.129 27.4497
140.212 27.5603
140.295 27.671
140.378 27.7818
140.461 27.8927
140.544 28.0036
140.627 28.1147
140.711 28.2258
140.794 28.3371
140.878 28.4484
140.962 28.5599
141.046 28.6714
141.13 28.783
141.214 28.8947
141.298 29.0065
141.383 29.1185
141.467 29.2305
141.552 29.3426
141.637 29.4548
141.722 29.567
141.807 29.6794
141.892 29.7919
141.977 29.9045
142.063 30.0172
142.148 30.1299
142.234 30.2428
142.32 30.3557
142.406 30.4688
142.492 30.5819
142.578 30.6952
142.665 30.8085
142.751 30.9219
142.838 31.0354
142.925 31.149
143.011 31.2628
143.098 31.3766
143.186 31.4905
143.273 31.6054
143.36 31.7207
143.447 31.836
143.535 31.9515
143.622 32.0671
143.71 32.1827
143.798 32.2985
143.886 32.4143
143.974 32.5302
144.063 32.6463
144.151 32.7624
144.239 32.8786
144.328 32.9949
144.417 33.1114
144.506 33.2279
144.595 33.3445
144.684 33.4612
144.773 33.5779
144.863 33.6948
144.952 33.8118
145.042 33.9289
145.132 34.0461
145.222 34.1633
145.312 34.2807
145.402 34.3981
145.493 34.5157
145.583 34.6333
145.674 34.7511
145.765 34.8689
145.855 34.9868
145.946 35.1049
146.038 35.223
146.129 35.3412
146.22 35.4595
146.312 35.5779
146.404 35.6964
146.495 35.815
146.587 35.9337
146.679 36.0525
146.772 36.1714
146.864 36.2903
146.956 36.4099
147.049 36.5303
147.141 36.6508
147.234 36.7713
147.326 36.8919
147.419 37.0126
147.512 37.1334
147.605 37.2543
147.699 37.3753
147.792 37.4964
147.886 37.6176
147.979 37.7389
148.073 37.8602
148.167 37.9817
148.261 38.1033
148.355 38.2249
148.449 38.3467
148.544 38.4685
148.638 38.5905
148.733 38.7125
148.828 38.8347
148.923 38.9569
149.018 39.0792
149.113 39.2017
149.209 39.3242
149.304 39.4468
149.4 39.5695
149.496 39.6923
149.592 39.8152
149.688 39.9382
149.784 40.0613
149.88 40.1845
149.977 40.3077
150.073 40.4311
150.17 40.5546
150.267 40.6781
150.364 40.8018
150.461 40.9255
150.558 41.0494
150.656 41.1733
150.753 41.2974
150.851 41.4215
150.949 41.5457
151.047 41.6701
151.145 41.7945
151.243 41.919
151.342 42.0436
151.44 42.1683
151.539 42.2931
151.638 42.418
151.736 42.543
151.836 42.6681
151.935 42.7932
152.034 42.9185
152.134 43.0439
152.233 43.1693
152.333 43.295
152.433 43.4209
152.533 43.5469
152.633 43.6731
152.733 43.7993
152.833 43.9256
152.934 44.0521
153.035 44.1786
153.135 44.3052
153.236 44.4319
153.338 44.5587
153.439 44.6856
153.54 44.8126
153.642 44.9397
153.743 45.0669
153.845 45.1942
153.947 45.3215
154.049 45.449
154.151 45.5766
154.254 45.7042
154.356 45.832
154.459 45.9598
154.561 46.0878
154.664 46.2158
154.767 46.3439
154.871 46.4722
154.974 46.6005
155.077 46.7289
155.181 46.8574
155.285 46.986
155.389 47.1147
155.493 47.2435
155.597 47.3724
155.701 47.5014
155.806 47.6305
155.91 47.7597
156.015 47.889
156.12 48.0183
156.225 48.1478
156.33 48.2774
156.435 48.407
156.541 48.5368
156.646 48.6666
156.752 48.7965
156.858 48.9266
156.964 49.0567
157.07 49.1869
157.177 49.3172
157.283 49.4477
157.39 49.5782
157.496 49.7088
157.603 49.8395
157.71 49.9703
157.817 50.1012
157.925 50.2321
158.032 50.3632
158.14 50.4944
158.248 50.6257
158.355 50.757
158.463 50.8885
158.572 51.02
158.68 51.1517
158.788 51.2834
158.897 51.4153
159.006 51.5472
159.115 51.6792
159.224 51.8113
159.333 51.9436
159.442 52.0759
159.552 52.2083
159.661 52.3408
159.771 52.4734
159.881 52.6061
159.991 52.7389
160.101 52.8718
160.212 53.0047
160.322 53.1378
160.433 53.271
160.544 53.4042
160.655 53.5376
160.766 53.671
160.877 53.8046
160.988 53.9382
161.1 54.072
161.211 54.2058
161.323 54.3397
161.435 54.4737
161.547 54.6079
161.66 54.7421
161.772 54.8764
161.885 55.0108
161.997 55.1453
162.11 55.2799
162.223 55.4146
162.336 55.5493
162.45 55.6842
162.563 55.8192
162.677 55.9542
162.79 56.0894
162.904 56.2247
163.018 56.36
163.132 56.4955
163.247 56.631
163.361 56.7666
163.476 56.9024
163.591 57.0382
163.706 57.1741
163.821 57.3101
163.936 57.4462
164.051 57.5824
164.167 57.7187
164.282 57.8543
164.397 57.9891
164.512 58.124
164.627 58.259
164.743 58.394
164.858 58.5292
164.974 58.6644
165.09 58.7998
165.206 58.9352
165.322 59.0707
165.438 59.2063
165.554 59.3421
165.671 59.4779
165.788 59.6138
165.904 59.7498
166.021 59.8859
166.139 60.022
166.256 60.1583
166.373 60.2947
166.491 60.4311
166.609 60.5677
166.726 60.7044
166.845 60.8411
166.963 60.9779
167.081 61.1149
167.2 61.2519
167.318 61.389
167.437 61.5262
167.556 61.6635
167.675 61.8009
167.794 61.9384
167.914 62.076
168.033 62.2137
168.153 62.3515
168.273 62.4893
168.393 62.6273
168.513 62.7654
168.633 62.8755
168.752 62.9746
168.872 63.0738
168.991 63.1731
169.111 63.2724
169.231 63.3717
169.352 63.4712
169.472 63.5707
169.592 63.6703
169.713 63.77
169.834 63.8697
169.955 63.9695
170.076 64.0693
170.197 64.1692
170.319 64.2692
170.44 64.3693
170.562 64.4694
170.684 64.5696
170.806 64.6699
170.928 64.7702
171.05 64.8706
171.173 64.971
171.296 65.0716
171.418 65.1722
171.541 65.2728
171.664 65.3735
171.788 65.4743
171.911 65.5752
172.035 65.6761
172.158 65.7771
172.282 65.8782
172.406 65.9793
172.53 66.0805
172.655 66.1818
172.779 66.2832
172.904 66.3846
173.028 66.486
173.153 66.5876
173.278 66.6892
173.404 66.7908
173.529 66.8926
173.654 66.9944
173.78 67.0963
173.906 67.1982
174.031 67.2833
174.15 67.2275
174.268 67.1711
174.367 67.0525
174.461 66.9182
174.556 66.7838
174.65 66.6492
174.734 66.8247
174.817 67.0639
174.899 67.3038
174.982 67.5438
175.064 67.7839
175.147 68.0243
175.23 68.2647
175.312 68.5054
175.395 68.7462
175.477 68.9776
175.537 69
175.595 69
175.654 69
175.712 69
175.77 69
175.829 69
175.887 69
175.946 69
176.004 69
176.063 69
176.121 69
176.18 69
176.238 69
176.297 69
176.355 69
176.414 69
176.473 69
176.531 69
176.59 69
176.649 69
176.708 69
176.766 69
176.825 69
176.884 69
176.943 69
177.002 69
177.06 69
177.119 69
177.178 69
177.237 69
177.296 69
177.355 69
177.414 69
177.473 69
177.532 69
177.591 69
177.65 69
177.709 69
177.768 69
177.827 69
177.887 69
177.946 69
178.005 69
178.064 69
178.123 69
178.183 69
178.242 69
178.301 69
178.36 69
178.42 69
178.479 69
178.538 69
178.598 69
178.657 69
178.717 69
178.776 69
178.836 69
178.895 69
178.954 69
179.014 69
179.073 69
179.132 69
179.192 69
179.251 69
179.311 69
179.37 69
179.43 69
179.489 69
179.549 69
179.608 69
179.668 69
179.727 69
179.787 69
179.847 69
179.906 69
179.966 69
180.026 69
180.085 69
180.145 69
180.205 69
180.265 69
180.324 69
180.384 69
180.444 69
180.504 69
180.564 69
180.624 69
180.683 69
180.743 69
180.803 69
180.862 69
180.92 69
180.979 69
181.037 69
181.095 69
181.154 69
181.212 69
181.271 69
181.329 69
181.387 69
181.445 69
181.503 69
181.561 69
181.619 69
181.677 69
181.735 69
181.793 69
181.851 69
181.91 69
181.968 69
182.026 69
182.084 69
182.142 69
182.201 69
182.259 69
182.317 69
182.376 69
182.434 69
182.492 69
182.551 69
182.609 69
182.667 69
182.726 69
182.784 69
182.843 69
182.901 69
182.96 69
183.018 69
183.077 69
183.134 69
183.191 69
183.248 69
183.305 69
183.362 69
183.419 69
183.476 69
183.533 69
183.591 69
183.648 69
183.705 69
183.762 69
183.819 69
183.877 69
183.934 69
183.991 69
184.048 69
184.106 69
184.163 69
184.22 69
184.278 69
184.333 69
184.389 69
184.445 69
184.5 69
184.556 69
184.612 69
184.667 69
184.723 69
184.779 69
184.834 69
184.89 69
184.946 69
185.001 69
185.057 69
185.113 69
185.169 69
185.225 69
185.28 69
185.336 69
185.392 69
185.448 69
185.504 69
185.56 69
185.615 69
185.671 69
185.727 69
185.783 69
185.839 69
185.895 69
185.951 69
186.007 69
186.063 69
186.119 69
186.175 69
186.231 69
186.287 69
186.343 69
186.399 69
186.455 69
186.511 69
186.568 69
186.624 69
186.68 69
186.736 69
186.792 69
186.848 69
186.904 69
186.961 69
187.017 69
187.073 69
187.129 69
187.186 69
187.242 69
187.298 69
187.354 69
187.411 69
187.467 69
187.523 69
187.58 69
187.636 69
187.693 69
187.749 69
187.805 69
187.862 69
187.918 69
187.975 69
188.031 69
188.088 69
188.144 69
188.201 69
188.257 69
188.314 69
188.37 69
188.427 69
188.483 69
188.54 69
188.596 69
188.653 69
188.71 69
188.766 69
188.823 69
188.88 69
188.936 69
188.993 69
189.05 69
189.106 69
189.162 69
189.219 69
189.275 69
189.331 69
189.388 69
189.444 69
189.5 69
189.557 69
189.613 69
189.67 69
189.726 69
189.782 69
189.839 69
189.895 69
189.951 69
190.008 69
190.064 69
190.12 69
190.177 69
190.233 69
190.289 69
190.346 69
190.402 69
190.458 69
190.515 69
190.571 69
190.628 69
190.684 69
190.741 69
190.797 69
190.854 69
190.91 69
190.967 69
191.023 69
191.08 69
191.136 69
191.193 69
191.249 69
191.306 69
191.363 69
191.419 69
191.476 69
191.532 69
191.588 69
191.644 69
191.7 69
191.756 69
191.811 69
191.867 69
191.923 69
191.978 69
192.034 69
192.089 69
192.145 69
192.201 69
192.256 69
192.312 69
192.368 69
192.424 69
192.479 69
192.535 69
192.591 69
192.647 69
192.702 69
192.758 69
192.814 69
192.87 69
192.926 69
192.981 69
193.037 69
193.093 69
193.149 69
193.205 69
193.261 69
193.317 69
193.373 69
193.428 69
193.484 69
193.54 69
193.596 69
193.652 69
193.708 69
193.764 69
193.82 69
193.876 69
193.932 69
193.988 69
194.044 69
194.1 69
194.157 69
194.213 69
194.269 69
194.325 69
194.381 69
194.437 69
194.493 69
194.549 69
194.606 69
194.662 69
194.718 69
194.774 69
194.83 69
194.887 69
194.943 69
194.999 69
195.055 69
195.112 69
195.168 69
195.224 69
195.281 69
195.337 69
195.393 69
195.45 69
195.506 69
195.562 69
195.618 69
195.675 69
195.731 69
195.787 69
195.843 69
195.9 69
195.956 69
196.012 69
196.069 69
196.125 69
196.181 69
196.238 69
196.294 69
196.35 69
196.407 69
196.463 69
196.52 69
196.576 69
196.633 69
196.689 69
196.745 69
196.802 69
196.858 69
196.915 69
196.971 69
197.028 69
197.084 69
197.141 69
197.198 69
197.254 69
197.311 69
197.367 69
197.424 69
197.481 69
197.537 69
197.594 69
197.65 69
197.707 69
197.764 69
197.82 69
197.877 69
197.934 69
197.991 69
198.047 69
198.104 69
198.161 69
198.218 69
198.274 69
198.331 69
198.388 69
198.445 69
198.502 69
