0.1 -0.0433267
0.2 -0.0870113
0.3 -0.131058
0.4 -0.175475
0.5 -0.22027
0.6 -0.265449
0.7 -0.311022
0.8 -0.356995
0.9 -0.403378
1 -0.450179
0.273814 -0.460179
0.547182 -0.470179
0.820053 -0.480179
1.09248 -0.490179
1.36443 -0.500179
1.63594 -0.510179
1.90706 -0.520179
2.1777 -0.530179
2.44785 -0.540179
2.71748 -0.550179
2.98662 -0.560179
3.25527 -0.570179
3.52344 -0.580179
3.79116 -0.590179
4.05838 -0.600179
4.32511 -0.610179
4.59134 -0.620179
4.85707 -0.630179
5.12236 -0.640179
5.38716 -0.650179
5.65145 -0.660179
5.91525 -0.670179
6.17857 -0.680179
6.4414 -0.690179
6.70374 -0.700179
6.96557 -0.710179
7.22691 -0.720179
7.48778 -0.730179
7.74816 -0.740179
8.00806 -0.750179
8.26746 -0.760179
8.52638 -0.770179
8.78481 -0.780179
9.04275 -0.790179
9.3002 -0.800179
9.55715 -0.810179
9.81361 -0.820179
10.0696 -0.830179
10.3251 -0.840179
10.5801 -0.850179
10.8346 -0.860179
11.0886 -0.870179
11.3421 -0.880179
11.5951 -0.890179
11.8476 -0.900179
12.0996 -0.910179
12.3511 -0.920179
12.6022 -0.930179
12.8528 -0.940179
13.1028 -0.950179
13.3524 -0.960179
13.6016 -0.970179
13.8502 -0.980179
14.0984 -0.990179
14.3461 -1.00018
14.5933 -1.01018
14.84 -1.02018
15.0863 -1.03018
15.3321 -1.04018
15.5773 -1.05018
15.8222 -1.06018
16.0665 -1.07018
16.3104 -1.08018
16.5538 -1.09018
16.7967 -1.10018
17.0392 -1.11018
17.2811 -1.12018
17.5226 -1.13018
17.7637 -1.14018
18.0042 -1.15018
18.2443 -1.16018
18.4839 -1.17018
18.7231 -1.18018
18.9618 -1.19018
19.2 -1.20018
19.4378 -1.21018
19.675 -1.22018
19.9119 -1.23018
20.1482 -1.24018
20.3841 -1.25018
20.6195 -1.26018
20.8544 -1.27018
21.0889 -1.28018
21.3229 -1.29018
21.5565 -1.30018
21.7896 -1.31018
22.0222 -1.32018
22.2544 -1.33018
22.4861 -1.34018
22.7173 -1.35018
22.9481 -1.36018
23.1785 -1.37018
23.4083 -1.38018
23.6378 -1.39018
23.8667 -1.40018
24.0952 -1.41018
24.3233 -1.42018
24.5509 -1.43018
24.778 -1.44018
25.0047 -1.45018
25.2309 -1.46018
25.4567 -1.47018
25.682 -1.48018
25.9069 -1.49018
26.1313 -1.50018
26.3553 -1.51018
26.5788 -1.52018
26.8019 -1.53018
27.0246 -1.54018
27.2467 -1.55018
27.4685 -1.56018
27.6898 -1.57018
27.9106 -1.58018
28.131 -1.59018
28.351 -1.60018
28.5705 -1.61018
28.7896 -1.62018
29.0082 -1.63018
29.2264 -1.64018
29.4441 -1.65018
29.6614 -1.66018
29.8783 -1.67018
30.0947 -1.68018
30.3107 -1.69018
30.5262 -1.70018
30.7413 -1.71018
30.956 -1.72018
31.1702 -1.73018
31.384 -1.74018
31.5974 -1.75018
31.8103 -1.76018
32.0228 -1.77018
32.2348 -1.78018
32.4465 -1.79018
32.6576 -1.80018
32.8684 -1.81018
33.0787 -1.82018
33.2886 -1.83018
33.4981 -1.84018
33.7071 -1.85018
33.9157 -1.86018
34.1238 -1.87018
34.3316 -1.88018
34.5389 -1.89018
34.7457 -1.90018
34.9522 -1.91018
35.1582 -1.92018
35.3638 -1.93018
35.5689 -1.94018
35.7737 -1.95018
35.978 -1.96018
36.1819 -1.97018
36.3853 -1.98018
36.5884 -1.99018
36.791 -2.00018
36.9932 -2.01018
37.195 -2.02018
37.3963 -2.03018
37.5973 -2.04018
37.7978 -2.05018
37.9979 -2.06018
38.1975 -2.07018
38.3968 -2.08018
38.5956 -2.09018
38.7941 -2.10018
38.9921 -2.11018
39.1897 -2.12018
39.3868 -2.13018
39.5836 -2.14018
39.7799 -2.15018
39.9759 -2.16018
40.1714 -2.17018
40.3665 -2.18018
40.5612 -2.19018
40.7555 -2.20018
40.9493 -2.21018
41.1428 -2.22018
41.3358 -2.23018
41.5284 -2.24018
41.7207 -2.25018
41.9125 -2.26018
42.1039 -2.27018
42.2949 -2.28018
42.4855 -2.29018
42.6757 -2.30018
42.8654 -2.31018
43.0548 -2.32018
43.2438 -2.33018
43.4323 -2.34018
43.6205 -2.35018
43.8082 -2.36018
43.9956 -2.37018
44.1825 -2.38018
44.3691 -2.39018
44.5552 -2.40018
44.741 -2.41018
44.9263 -2.42018
45.1112 -2.43018
45.2958 -2.44018
45.4799 -2.45018
45.6637 -2.46018
45.847 -2.47018
46.0299 -2.48018
46.2125 -2.49018
46.3946 -2.50018
46.5764 -2.51018
46.7577 -2.52018
46.9387 -2.53018
47.1193 -2.54018
47.2994 -2.55018
47.4792 -2.56018
47.6586 -2.57018
47.8376 -2.58018
48.0162 -2.59018
48.1944 -2.60018
48.3722 -2.61018
48.5496 -2.62018
48.7267 -2.63018
48.9033 -2.64018
49.0796 -2.65018
49.2554 -2.66018
49.4309 -2.67018
49.6059 -2.68018
49.7806 -2.69018
49.9549 -2.70018
50.1288 -2.71018
50.3024 -2.72018
50.4755 -2.73018
50.6483 -2.74018
50.8206 -2.75018
50.9926 -2.76018
51.1642 -2.77018
51.3354 -2.78018
51.5063 -2.79018
51.6767 -2.80018
51.8468 -2.81018
52.0165 -2.82018
52.1858 -2.83018
52.3547 -2.84018
52.5233 -2.85018
52.6914 -2.86018
52.8592 -2.87018
53.0266 -2.88018
53.1936 -2.89018
53.3603 -2.90018
53.5266 -2.91018
53.6924 -2.92018
53.8579 -2.93018
54.0231 -2.94018
54.1878 -2.95018
54.3522 -2.96018
54.5162 -2.97018
54.6798 -2.98018
54.8431 -2.99018
55.006 -3.00018
55.1685 -3.01018
55.3306 -3.02018
55.4923 -3.03018
55.6537 -3.04018
55.8147 -3.05018
55.9753 -3.06018
56.1356 -3.07018
56.2955 -3.08018
56.455 -3.09018
56.6141 -3.10018
56.7729 -3.11018
56.9313 -3.12018
57.0893 -3.13018
57.247 -3.14018
57.4043 -3.15018
57.5612 -3.16018
57.7178 -3.17018
57.874 -3.18018
58.0298 -3.19018
58.1845 -3.20018
58.3384 -3.21018
58.4886 -3.22018
58.638 -3.23018
58.7795 -3.24018
58.9167 -3.25018
59.0381 -3.26018
59.1499 -3.27018
59.2612 -3.28018
59.3721 -3.29018
59.4825 -3.30018
59.5896 -3.31018
59.6937 -3.32018
59.7974 -3.33018
59.9003 -3.34018
59.9981 -3.35018
60.0909 -3.36018
60.1796 -3.37018
60.261 -3.38018
60.3415 -3.39018
60.421 -3.40018
60.4998 -3.41018
60.5779 -3.42018
60.6548 -3.43018
60.7304 -3.44018
60.8054 -3.45018
60.8797 -3.46018
60.9526 -3.47018
61.0249 -3.48018
61.0956 -3.49018
61.1634 -3.50018
61.2298 -3.51018
61.2957 -3.52018
61.3593 -3.53018
61.42 -3.54018
61.4797 -3.55018
61.538 -3.56018
61.5938 -3.57018
61.6482 -3.58018
61.7014 -3.59018
61.7521 -3.60018
61.8011 -3.61018
61.8496 -3.62018
61.897 -3.63018
61.9437 -3.64018
61.9882 -3.65018
62.0319 -3.66018
62.0738 -3.67018
62.1147 -3.68018
62.1541 -3.69018
62.1918 -3.70018
62.229 -3.71018
62.2654 -3.72018
62.3006 -3.73018
62.3354 -3.74018
62.3693 -3.75018
62.4025 -3.76018
62.4331 -3.77018
62.4629 -3.78018
62.4922 -3.79018
62.5201 -3.80018
62.5469 -3.81018
62.5732 -3.82018
62.599 -3.83018
62.6243 -3.84018
62.6481 -3.85018
62.6694 -3.86018
62.6901 -3.87018
62.7102 -3.88018
62.7294 -3.89018
62.7481 -3.90018
62.7654 -3.91018
62.7819 -3.92018
62.7975 -3.93018
62.8086 -3.94018
62.8119 -3.95018
62.8137 -3.96018
62.8125 -3.97018
62.7619 -3.98018
62.6448 -3.99018
62.4731 -4.00018
59.2959 -4.01018
58.9245 -4.02018
58.8285 -4.03018
58.7414 -4.04018
58.6464 -4.05018
58.5429 -4.06018
58.4298 -4.07018
58.3528 -4.08018
58.302 -4.09018
58.2591 -4.10018
58.2114 -4.11018
58.1898 -4.12018
58.1654 -4.13018
58.1355 -4.14018
58.1008 -4.15018
58.0621 -4.16018
58.0144 -4.17018
57.9585 -4.18018
57.911 -4.19018
57.8762 -4.20018
57.8487 -4.21018
57.8254 -4.22018
57.8007 -4.23018
57.7744 -4.24018
57.747 -4.25018
57.7185 -4.26018
57.6884 -4.27018
57.6558 -4.28018
57.6186 -4.29018
57.5771 -4.30018
57.5332 -4.31018
57.4878 -4.32018
57.4403 -4.33018
57.396 -4.34018
57.361 -4.35018
57.3243 -4.36018
57.2871 -4.37018
57.2494 -4.38018
57.2112 -4.39018
57.1723 -4.40018
57.1326 -4.41018
57.0918 -4.42018
57.0509 -4.43018
57.0132 -4.44018
56.975 -4.45018
56.9364 -4.46018
56.8973 -4.47018
56.8576 -4.48018
56.8174 -4.49018
56.7764 -4.50018
56.7347 -4.51018
56.6923 -4.52018
56.6493 -4.53018
56.6057 -4.54018
56.5614 -4.55018
56.5163 -4.56018
56.4706 -4.57018
56.4229 -4.58018
56.373 -4.59018
56.3278 -4.60018
56.2825 -4.61018
56.2364 -4.62018
56.1897 -4.63018
56.1421 -4.64018
56.0939 -4.65018
56.0452 -4.66018
56.0023 -4.67018
55.9588 -4.68018
55.9146 -4.69018
55.8695 -4.70018
55.8235 -4.71018
55.7768 -4.72018
55.7292 -4.73018
55.6808 -4.74018
55.6316 -4.75018
55.5801 -4.76018
55.5278 -4.77018
55.4747 -4.78018
55.4209 -4.79018
55.3663 -4.80018
55.3098 -4.81018
55.2528 -4.82018
55.1951 -4.83018
55.137 -4.84018
55.0797 -4.85018
55.0218 -4.86018
54.9633 -4.87018
54.9042 -4.88018
54.8445 -4.89018
54.7869 -4.90018
54.7291 -4.91018
54.6707 -4.92018
54.6117 -4.93018
54.5519 -4.94018
54.4915 -4.95018
54.4303 -4.96018
54.3684 -4.97018
54.3056 -4.98018
54.2421 -4.99018
54.1777 -5.00018
54.1124 -5.01018
54.0461 -5.02018
53.9789 -5.03018
53.9107 -5.04018
53.8432 -5.05018
53.7743 -5.06018
53.7049 -5.07018
53.6388 -5.08018
53.5712 -5.09018
53.5044 -5.10018
53.4378 -5.11018
53.3704 -5.12018
53.3033 -5.13018
53.2402 -5.14018
53.1771 -5.15018
53.1162 -5.16018
53.0551 -5.17018
52.9945 -5.18018
52.9359 -5.19018
52.8771 -5.20018
52.8181 -5.21018
52.7589 -5.22018
52.7016 -5.23018
52.6462 -5.24018
52.5907 -5.25018
52.535 -5.26018
52.4792 -5.27018
52.4232 -5.28018
52.3671 -5.29018
52.3108 -5.30018
52.2543 -5.31018
52.1977 -5.32018
52.1409 -5.33018
52.084 -5.34018
52.0269 -5.35018
51.9696 -5.36018
51.9121 -5.37018
51.8545 -5.38018
51.7967 -5.39018
51.7399 -5.40018
51.6862 -5.41018
51.6324 -5.42018
51.5785 -5.43018
51.5244 -5.44018
51.4691 -5.45018
51.4137 -5.46018
51.3581 -5.47018
51.3024 -5.48018
51.248 -5.49018
51.1938 -5.50018
51.1355 -5.51018
51.0746 -5.52018
51.0134 -5.53018
50.9519 -5.54018
50.8902 -5.55018
50.8282 -5.56018
50.7677 -5.57018
50.7063 -5.58018
50.6305 -5.59018
50.5529 -5.60018
50.4695 -5.61018
50.3803 -5.62018
50.258 -5.63018
50.0485 -5.64018
49.7872 -5.65018
49.6525 -5.66018
49.5087 -5.67018
49.4145 -5.68018
49.3046 -5.69018
49.215 -5.70018
49.1495 -5.71018
49.1267 -5.72018
49.0904 -5.73018
49.0451 -5.74018
48.9936 -5.75018
48.9485 -5.76018
48.9021 -5.77018
48.8522 -5.78018
48.8011 -5.79018
48.7479 -5.80018
48.6943 -5.81018
48.6399 -5.82018
48.5852 -5.83018
48.5301 -5.84018
48.4748 -5.85018
48.4193 -5.86018
48.3637 -5.87018
48.3081 -5.88018
48.2522 -5.89018
48.1962 -5.90018
48.1402 -5.91018
48.084 -5.92018
48.0277 -5.93018
47.9716 -5.94018
47.9155 -5.95018
47.8619 -5.96018
47.8126 -5.97018
47.7664 -5.98018
47.7205 -5.99018
47.6745 -6.00018
47.6285 -6.01018
47.5824 -6.02018
47.5361 -6.03018
47.4895 -6.04018
47.4429 -6.05018
47.3976 -6.06018
47.3525 -6.07018
47.3073 -6.08018
47.2621 -6.09018
47.2169 -6.10018
47.1715 -6.11018
47.126 -6.12018
47.0802 -6.13018
47.0342 -6.14018
46.9882 -6.15018
46.9422 -6.16018
46.8961 -6.17018
46.8501 -6.18018
46.804 -6.19018
46.7579 -6.20018
46.7118 -6.21018
46.6657 -6.22018
46.6195 -6.23018
46.5734 -6.24018
46.5272 -6.25018
46.481 -6.26018
46.4343 -6.27018
46.3875 -6.28018
46.3407 -6.29018
46.2939 -6.30018
46.2471 -6.31018
46.2017 -6.32018
46.1563 -6.33018
46.1109 -6.34018
46.0654 -6.35018
46.0205 -6.36018
45.9757 -6.37018
45.9308 -6.38018
45.8859 -6.39018
45.841 -6.40018
45.7961 -6.41018
45.7511 -6.42018
45.7062 -6.43018
45.6612 -6.44018
45.6162 -6.45018
45.5712 -6.46018
45.5262 -6.47018
45.4812 -6.48018
45.4362 -6.49018
45.3911 -6.50018
45.3463 -6.51018
45.3015 -6.52018
45.2566 -6.53018
45.2118 -6.54018
45.1669 -6.55018
45.122 -6.56018
45.077 -6.57018
45.0321 -6.58018
44.9871 -6.59018
44.9421 -6.60018
44.8971 -6.61018
44.8521 -6.62018
44.8078 -6.63018
44.77 -6.64018
44.7321 -6.65018
44.6941 -6.66018
44.6561 -6.67018
44.6179 -6.68018
44.5796 -6.69018
44.5414 -6.70018
44.5032 -6.71018
44.4649 -6.72018
44.4267 -6.73018
44.3885 -6.74018
44.3502 -6.75018
44.3106 -6.76018
44.2484 -6.77018
44.1751 -6.78018
44.1066 -6.79018
44.0671 -6.80018
44.0308 -6.81018
43.9929 -6.82018
43.9542 -6.83018
43.9165 -6.84018
43.8797 -6.85018
43.8449 -6.86018
43.8106 -6.87018
43.7765 -6.88018
43.7423 -6.89018
43.7081 -6.90018
43.6739 -6.91018
43.6396 -6.92018
43.6052 -6.93018
43.5709 -6.94018
43.5365 -6.95018
43.502 -6.96018
43.4675 -6.97018
43.4324 -6.98018
43.3973 -6.99018
43.3622 -7.00018
43.327 -7.01018
43.2917 -7.02018
43.256 -7.03018
43.2206 -7.04018
43.1864 -7.05018
43.1522 -7.06018
43.118 -7.07018
43.0838 -7.08018
43.0496 -7.09018
43.0154 -7.10018
42.9812 -7.11018
42.9483 -7.12018
42.916 -7.13018
42.8837 -7.14018
42.8515 -7.15018
42.8192 -7.16018
42.7869 -7.17018
42.7546 -7.18018
42.7223 -7.19018
42.6901 -7.20018
42.6578 -7.21018
42.6256 -7.22018
42.5933 -7.23018
42.5615 -7.24018
42.53 -7.25018
42.4984 -7.26018
42.4666 -7.27018
42.4348 -7.28018
42.403 -7.29018
42.3713 -7.30018
42.3395 -7.31018
42.3077 -7.32018
42.276 -7.33018
42.2442 -7.34018
42.2125 -7.35018
42.1808 -7.36018
42.149 -7.37018
42.1173 -7.38018
42.0857 -7.39018
42.0552 -7.40018
42.0246 -7.41018
41.9941 -7.42018
41.9635 -7.43018
41.933 -7.44018
41.9024 -7.45018
41.8719 -7.46018
41.8414 -7.47018
41.8109 -7.48018
41.7803 -7.49018
41.7498 -7.50018
41.7193 -7.51018
41.6888 -7.52018
41.6583 -7.53018
41.6279 -7.54018
41.5974 -7.55018
41.5669 -7.56018
41.5364 -7.57018
41.506 -7.58018
41.4755 -7.59018
41.445 -7.60018
41.4145 -7.61018
41.3839 -7.62018
41.3534 -7.63018
41.3228 -7.64018
41.2923 -7.65018
41.2617 -7.66018
41.2312 -7.67018
41.2007 -7.68018
41.1701 -7.69018
41.1395 -7.70018
41.1088 -7.71018
41.0781 -7.72018
41.0475 -7.73018
41.0169 -7.74018
40.9862 -7.75018
40.9556 -7.76018
40.925 -7.77018
40.8944 -7.78018
40.8639 -7.79018
40.8333 -7.80018
40.8028 -7.81018
40.7722 -7.82018
40.7417 -7.83018
40.7112 -7.84018
40.681 -7.85018
40.6512 -7.86018
40.6246 -7.87018
40.598 -7.88018
40.5715 -7.89018
40.5451 -7.90018
40.5186 -7.91018
40.4922 -7.92018
40.4658 -7.93018
40.4394 -7.94018
40.4131 -7.95018
40.3867 -7.96018
40.3603 -7.97018
40.3338 -7.98018
40.3074 -7.99018
40.281 -8.00018
40.2546 -8.01018
40.2282 -8.02018
40.2018 -8.03018
40.1755 -8.04018
40.1491 -8.05018
40.1228 -8.06018
40.0965 -8.07018
40.0702 -8.08018
40.0439 -8.09018
40.0176 -8.10018
39.9913 -8.11018
39.9651 -8.12018
39.9388 -8.13018
39.9126 -8.14018
39.8864 -8.15018
39.8602 -8.16018
39.834 -8.17018
39.8078 -8.18018
39.7816 -8.19018
39.7555 -8.20018
39.7294 -8.21018
39.7032 -8.22018
39.6771 -8.23018
39.6511 -8.24018
39.625 -8.25018
39.5989 -8.26018
39.5729 -8.27018
39.5469 -8.28018
39.5208 -8.29018
39.4947 -8.30018
39.4687 -8.31018
39.4427 -8.32018
39.4167 -8.33018
39.3907 -8.34018
39.3648 -8.35018
39.3389 -8.36018
39.3129 -8.37018
39.287 -8.38018
39.2612 -8.39018
39.2353 -8.40018
39.2095 -8.41018
39.1836 -8.42018
39.1578 -8.43018
39.132 -8.44018
39.1063 -8.45018
39.0805 -8.46018
39.0548 -8.47018
39.0291 -8.48018
39.0034 -8.49018
38.9778 -8.50018
38.9521 -8.51018
38.9265 -8.52018
38.9009 -8.53018
38.8753 -8.54018
38.8497 -8.55018
38.8242 -8.56018
38.7987 -8.57018
38.7732 -8.58018
38.7477 -8.59018
38.7223 -8.60018
38.6968 -8.61018
38.6714 -8.62018
38.6474 -8.63018
38.6235 -8.64018
38.5996 -8.65018
38.5758 -8.66018
38.552 -8.67018
38.5282 -8.68018
38.5044 -8.69018
38.4806 -8.70018
38.4569 -8.71018
38.4332 -8.72018
38.4095 -8.73018
38.3858 -8.74018
38.3622 -8.75018
38.3385 -8.76018
38.3149 -8.77018
38.2913 -8.78018
38.2678 -8.79018
38.2442 -8.80018
38.2207 -8.81018
38.1972 -8.82018
38.1738 -8.83018
38.1503 -8.84018
38.1268 -8.85018
38.1033 -8.86018
38.0799 -8.87018
38.0565 -8.88018
38.0331 -8.89018
38.0098 -8.90018
37.9864 -8.91018
37.9631 -8.92018
37.9398 -8.93018
37.9165 -8.94018
37.8933 -8.95018
37.8722 -8.96018
37.8512 -8.97018
37.8302 -8.98018
37.8093 -8.99018
37.7884 -9.00018
37.7675 -9.01018
37.7466 -9.02018
37.7257 -9.03018
37.7049 -9.04018
37.6841 -9.05018
37.6634 -9.06018
37.6428 -9.07018
37.6222 -9.08018
37.6016 -9.09018
37.581 -9.10018
37.5605 -9.11018
37.5399 -9.12018
37.5194 -9.13018
37.4989 -9.14018
37.4785 -9.15018
37.458 -9.16018
37.4376 -9.17018
37.4172 -9.18018
37.3969 -9.19018
37.3765 -9.20018
37.3562 -9.21018
37.3359 -9.22018
37.3156 -9.23018
37.2953 -9.24018
37.2751 -9.25018
37.2549 -9.26018
37.2347 -9.27018
37.2145 -9.28018
37.1944 -9.29018
37.1743 -9.30018
37.1542 -9.31018
37.1341 -9.32018
37.1141 -9.33018
37.094 -9.34018
37.074 -9.35018
37.0541 -9.36018
37.0341 -9.37018
37.0142 -9.38018
36.9943 -9.39018
36.9744 -9.40018
36.9546 -9.41018
36.9347 -9.42018
36.9149 -9.43018
36.8952 -9.44018
36.8754 -9.45018
36.8557 -9.46018
36.836 -9.47018
36.8163 -9.48018
36.7967 -9.49018
36.777 -9.50018
36.7574 -9.51018
36.7379 -9.52018
36.7183 -9.53018
36.6988 -9.54018
36.6793 -9.55018
36.6598 -9.56018
36.6404 -9.57018
36.621 -9.58018
36.6016 -9.59018
36.5822 -9.60018
36.5629 -9.61018
36.5436 -9.62018
36.5243 -9.63018
36.505 -9.64018
36.4858 -9.65018
36.4666 -9.66018
36.4474 -9.67018
36.4283 -9.68018
36.4091 -9.69018
36.39 -9.70018
36.371 -9.71018
36.3519 -9.72018
36.3329 -9.73018
36.3139 -9.74018
36.295 -9.75018
36.2761 -9.76018
36.2572 -9.77018
36.2383 -9.78018
36.2194 -9.79018
36.2006 -9.80018
36.1818 -9.81018
36.1631 -9.82018
36.1443 -9.83018
36.1256 -9.84018
36.107 -9.85018
36.0883 -9.86018
36.0697 -9.87018
36.0511 -9.88018
36.0325 -9.89018
36.014 -9.90018
35.9955 -9.91018
35.977 -9.92018
35.9586 -9.93018
35.9401 -9.94018
35.9218 -9.95018
35.9034 -9.96018
35.8851 -9.97018
35.8668 -9.98018
35.8485 -9.99018
35.8302 -10.0002
35.812 -10.0102
35.7938 -10.0202
35.7757 -10.0302
35.7576 -10.0402
35.7395 -10.0502
35.7214 -10.0602
35.7034 -10.0702
35.6854 -10.0802
35.6674 -10.0902
35.6494 -10.1002
35.6315 -10.1102
35.6137 -10.1202
35.5958 -10.1302
35.578 -10.1402
35.5602 -10.1502
35.5426 -10.1602
35.5249 -10.1702
35.5073 -10.1802
35.4897 -10.1902
35.4721 -10.2002
35.4546 -10.2102
35.4371 -10.2202
35.4197 -10.2302
35.4022 -10.2402
35.3848 -10.2502
35.3675 -10.2602
35.3502 -10.2702
35.3329 -10.2802
35.3156 -10.2902
35.2984 -10.3002
35.2812 -10.3102
35.264 -10.3202
35.2469 -10.3302
35.2305 -10.3402
35.2146 -10.3502
35.1987 -10.3602
35.1829 -10.3702
35.167 -10.3802
35.151 -10.3902
35.1352 -10.4002
35.1193 -10.4102
35.1035 -10.4202
35.0877 -10.4302
35.0719 -10.4402
35.0562 -10.4502
35.0405 -10.4602
35.0248 -10.4702
35.0092 -10.4802
34.9935 -10.4902
34.978 -10.5002
34.9624 -10.5102
34.9469 -10.5202
34.9314 -10.5302
34.9159 -10.5402
34.9005 -10.5502
34.8851 -10.5602
34.8698 -10.5702
34.8544 -10.5802
34.8391 -10.5902
34.8239 -10.6002
34.8086 -10.6102
34.7934 -10.6202
34.7782 -10.6302
34.7631 -10.6402
34.748 -10.6502
34.7329 -10.6602
34.7179 -10.6702
34.7028 -10.6802
34.6879 -10.6902
34.6729 -10.7002
34.658 -10.7102
34.6431 -10.7202
34.6282 -10.7302
34.6134 -10.7402
34.5986 -10.7502
34.5839 -10.7602
34.5692 -10.7702
34.5545 -10.7802
34.5399 -10.7902
34.5253 -10.8002
34.5108 -10.8102
34.4962 -10.8202
34.4817 -10.8302
34.4673 -10.8402
34.4529 -10.8502
34.4385 -10.8602
34.4241 -10.8702
34.4098 -10.8802
34.3955 -10.8902
34.3813 -10.9002
34.367 -10.9102
34.3528 -10.9202
34.3387 -10.9302
34.3246 -10.9402
34.3105 -10.9502
34.2965 -10.9602
34.2825 -10.9702
34.2686 -10.9802
34.2546 -10.9902
34.2408 -11.0002
34.2269 -11.0102
34.2131 -11.0202
34.1993 -11.0302
34.1856 -11.0402
34.1719 -11.0502
34.1582 -11.0602
34.1446 -11.0702
34.1309 -11.0802
34.1172 -11.0902
34.1035 -11.1002
34.0899 -11.1102
34.0763 -11.1202
34.0627 -11.1302
34.0492 -11.1402
34.0357 -11.1502
34.0222 -11.1602
34.0088 -11.1702
33.9954 -11.1802
33.982 -11.1902
33.9687 -11.2002
33.9554 -11.2102
33.9421 -11.2202
33.9289 -11.2302
33.9157 -11.2402
33.9025 -11.2502
33.8894 -11.2602
33.8763 -11.2702
33.8632 -11.2802
33.8501 -11.2902
33.8371 -11.3002
33.824 -11.3102
33.811 -11.3202
33.7981 -11.3302
33.7851 -11.3402
33.7722 -11.3502
33.7593 -11.3602
33.7465 -11.3702
33.7337 -11.3802
33.7217 -11.3902
33.7098 -11.4002
33.698 -11.4102
33.6861 -11.4202
33.6743 -11.4302
33.6626 -11.4402
33.6509 -11.4502
33.6392 -11.4602
33.6275 -11.4702
33.6159 -11.4802
33.6043 -11.4902
33.5927 -11.5002
33.5812 -11.5102
33.5697 -11.5202
33.5583 -11.5302
33.5468 -11.5402
33.5354 -11.5502
33.5241 -11.5602
33.5128 -11.5702
33.5014 -11.5802
33.4902 -11.5902
33.4789 -11.6002
33.4677 -11.6102
33.4565 -11.6202
33.4454 -11.6302
33.4343 -11.6402
33.4232 -11.6502
33.4122 -11.6602
33.4012 -11.6702
33.3902 -11.6802
33.3792 -11.6902
33.3683 -11.7002
33.3573 -11.7102
33.3464 -11.7202
33.3354 -11.7302
33.3245 -11.7402
33.3137 -11.7502
33.3028 -11.7602
33.2921 -11.7702
33.2813 -11.7802
33.2706 -11.7902
33.2599 -11.8002
33.2492 -11.8102
33.2386 -11.8202
33.2279 -11.8302
33.2173 -11.8402
33.2062 -11.8502
33.1945 -11.8602
33.1828 -11.8702
33.1711 -11.8802
33.1595 -11.8902
33.1479 -11.9002
33.1363 -11.9102
33.1248 -11.9202
33.1133 -11.9302
33.1018 -11.9402
33.0903 -11.9502
33.0789 -11.9602
33.0675 -11.9702
33.0562 -11.9802
33.0448 -11.9902
33.0335 -12.0002
33.0223 -12.0102
33.011 -12.0202
32.9998 -12.0302
32.9886 -12.0402
32.9774 -12.0502
32.9662 -12.0602
32.9551 -12.0702
32.944 -12.0802
32.9329 -12.0902
32.9219 -12.1002
32.9109 -12.1102
32.8999 -12.1202
32.8889 -12.1302
32.878 -12.1402
32.8671 -12.1502
32.8563 -12.1602
32.8455 -12.1702
32.8347 -12.1802
32.8239 -12.1902
32.8132 -12.2002
32.8025 -12.2102
32.7918 -12.2202
32.7812 -12.2302
32.7706 -12.2402
32.76 -12.2502
32.7494 -12.2602
32.7389 -12.2702
32.7284 -12.2802
32.718 -12.2902
32.7075 -12.3002
32.6971 -12.3102
32.6868 -12.3202
32.6764 -12.3302
32.6661 -12.3402
32.6558 -12.3502
32.6456 -12.3602
32.6354 -12.3702
32.6252 -12.3802
32.6151 -12.3902
32.6049 -12.4002
32.5949 -12.4102
32.5848 -12.4202
32.5748 -12.4302
32.5648 -12.4402
32.5549 -12.4502
32.5449 -12.4602
32.5351 -12.4702
32.5252 -12.4802
32.5154 -12.4902
32.5056 -12.5002
32.4959 -12.5102
32.4861 -12.5202
32.4765 -12.5302
32.4668 -12.5402
32.4572 -12.5502
32.4476 -12.5602
32.4381 -12.5702
32.4286 -12.5802
32.4191 -12.5902
32.4096 -12.6002
32.4002 -12.6102
32.3908 -12.6202
32.3815 -12.6302
32.3722 -12.6402
32.3629 -12.6502
32.3537 -12.6602
32.3445 -12.6702
32.3353 -12.6802
32.3261 -12.6902
32.317 -12.7002
32.308 -12.7102
32.2989 -12.7202
32.2899 -12.7302
32.281 -12.7402
32.272 -12.7502
32.2631 -12.7602
32.2542 -12.7702
32.2454 -12.7802
32.2366 -12.7902
32.2279 -12.8002
32.2191 -12.8102
32.2104 -12.8202
32.2018 -12.8302
32.1932 -12.8402
32.1846 -12.8502
32.176 -12.8602
32.1675 -12.8702
32.159 -12.8802
32.1506 -12.8902
32.1422 -12.9002
32.1338 -12.9102
32.1255 -12.9202
32.1172 -12.9302
32.1089 -12.9402
32.1007 -12.9502
32.0925 -12.9602
32.0844 -12.9702
32.0761 -12.9802
32.0679 -12.9902
32.0598 -13.0002
32.0517 -13.0102
32.0436 -13.0202
32.0355 -13.0302
32.0275 -13.0402
32.0195 -13.0502
32.0116 -13.0602
32.0036 -13.0702
31.9957 -13.0802
31.9879 -13.0902
31.9801 -13.1002
31.9723 -13.1102
31.9646 -13.1202
31.9569 -13.1302
31.9492 -13.1402
31.9416 -13.1502
31.934 -13.1602
31.9265 -13.1702
31.9189 -13.1802
31.9115 -13.1902
31.904 -13.2002
31.8966 -13.2102
31.8893 -13.2202
31.8819 -13.2302
31.8746 -13.2402
31.8674 -13.2502
31.8602 -13.2602
31.853 -13.2702
31.8459 -13.2802
31.8388 -13.2902
31.8317 -13.3002
31.8247 -13.3102
31.8177 -13.3202
31.8108 -13.3302
31.8038 -13.3402
31.797 -13.3502
31.7901 -13.3602
31.7833 -13.3702
31.7766 -13.3802
31.7699 -13.3902
31.7632 -13.4002
31.7565 -13.4102
31.7499 -13.4202
31.7434 -13.4302
31.7368 -13.4402
31.7304 -13.4502
31.7239 -13.4602
31.7175 -13.4702
31.7111 -13.4802
31.7048 -13.4902
31.6985 -13.5002
31.6923 -13.5102
31.686 -13.5202
31.6799 -13.5302
31.6737 -13.5402
31.6676 -13.5502
31.6616 -13.5602
31.6555 -13.5702
31.6483 -13.5802
31.641 -13.5902
31.6338 -13.6002
31.6267 -13.6102
31.6196 -13.6202
31.6125 -13.6302
31.6055 -13.6402
31.5985 -13.6502
31.5915 -13.6602
31.5846 -13.6702
31.5777 -13.6802
31.5708 -13.6902
31.564 -13.7002
31.5572 -13.7102
31.5504 -13.7202
31.5437 -13.7302
31.537 -13.7402
31.5304 -13.7502
31.5238 -13.7602
31.5172 -13.7702
31.5107 -13.7802
31.5041 -13.7902
31.4977 -13.8002
31.4913 -13.8102
31.4849 -13.8202
31.4785 -13.8302
31.4722 -13.8402
31.4659 -13.8502
31.4596 -13.8602
31.4534 -13.8702
31.4472 -13.8802
31.441 -13.8902
31.4349 -13.9002
31.4288 -13.9102
31.4228 -13.9202
31.4168 -13.9302
31.4108 -13.9402
31.4048 -13.9502
31.3989 -13.9602
31.3931 -13.9702
31.3872 -13.9802
31.3814 -13.9902
31.3757 -14.0002
31.37 -14.0102
31.3643 -14.0202
31.3586 -14.0302
31.353 -14.0402
31.3474 -14.0502
31.3419 -14.0602
31.3364 -14.0702
31.3309 -14.0802
31.3254 -14.0902
31.3194 -14.1002
31.313 -14.1102
31.3067 -14.1202
31.3004 -14.1302
31.2927 -14.1402
31.2851 -14.1502
31.2776 -14.1602
31.27 -14.1702
31.2625 -14.1802
31.255 -14.1902
31.2476 -14.2002
31.2401 -14.2102
31.2327 -14.2202
31.2254 -14.2302
31.218 -14.2402
31.2107 -14.2502
31.2034 -14.2602
31.1962 -14.2702
31.1889 -14.2802
31.1818 -14.2902
31.1746 -14.3002
31.1674 -14.3102
31.1603 -14.3202
31.1532 -14.3302
31.1462 -14.3402
31.1392 -14.3502
31.1322 -14.3602
31.1252 -14.3702
31.1183 -14.3802
31.1114 -14.3902
31.1045 -14.4002
31.0977 -14.4102
31.0909 -14.4202
31.0841 -14.4302
31.0773 -14.4402
31.0706 -14.4502
31.0639 -14.4602
31.0572 -14.4702
31.0506 -14.4802
31.044 -14.4902
31.0374 -14.5002
31.0309 -14.5102
31.0244 -14.5202
31.0179 -14.5302
31.0114 -14.5402
31.005 -14.5502
30.9986 -14.5602
30.9922 -14.5702
30.9859 -14.5802
30.9796 -14.5902
30.9733 -14.6002
30.967 -14.6102
30.9608 -14.6202
30.9546 -14.6302
30.9484 -14.6402
30.9423 -14.6502
30.9362 -14.6602
30.9301 -14.6702
30.9241 -14.6802
30.9181 -14.6902
30.9121 -14.7002
30.9061 -14.7102
30.9002 -14.7202
30.8943 -14.7302
30.8884 -14.7402
30.8826 -14.7502
30.8768 -14.7602
30.8711 -14.7702
30.865 -14.7802
30.858 -14.7902
30.8508 -14.8002
30.8438 -14.8102
30.8367 -14.8202
30.8297 -14.8302
30.8227 -14.8402
30.8158 -14.8502
30.8088 -14.8602
30.8019 -14.8702
30.795 -14.8802
30.7882 -14.8902
30.7814 -14.9002
30.7746 -14.9102
30.7678 -14.9202
30.7611 -14.9302
30.7543 -14.9402
30.7477 -14.9502
30.741 -14.9602
30.7344 -14.9702
30.7278 -14.9802
30.7212 -14.9902
30.7146 -15.0002
30.7081 -15.0102
30.7016 -15.0202
30.6951 -15.0302
30.6879 -15.0402
30.6804 -15.0502
30.6728 -15.0602
30.6652 -15.0702
30.6577 -15.0802
30.6502 -15.0902
30.6427 -15.1002
30.6353 -15.1102
30.6278 -15.1202
30.6204 -15.1302
30.6131 -15.1402
30.6057 -15.1502
30.5984 -15.1602
30.5911 -15.1702
30.5838 -15.1802
30.5765 -15.1902
30.5693 -15.2002
30.5621 -15.2102
30.5549 -15.2202
30.5477 -15.2302
30.5406 -15.2402
30.5335 -15.2502
30.5264 -15.2602
30.5194 -15.2702
30.5123 -15.2802
30.5053 -15.2902
30.4983 -15.3002
30.4914 -15.3102
30.4845 -15.3202
30.4776 -15.3302
30.4707 -15.3402
30.4639 -15.3502
30.457 -15.3602
30.4502 -15.3702
30.4435 -15.3802
30.4367 -15.3902
30.43 -15.4002
30.4233 -15.4102
30.4167 -15.4202
30.4101 -15.4302
30.4035 -15.4402
30.3969 -15.4502
30.3903 -15.4602
30.3838 -15.4702
30.3773 -15.4802
30.3709 -15.4902
30.3644 -15.5002
30.358 -15.5102
30.3516 -15.5202
30.3453 -15.5302
30.3389 -15.5402
30.3326 -15.5502
30.3264 -15.5602
30.3201 -15.5702
30.3139 -15.5802
30.3077 -15.5902
30.3015 -15.6002
30.2954 -15.6102
30.2893 -15.6202
30.2832 -15.6302
30.2772 -15.6402
30.2711 -15.6502
30.2652 -15.6602
30.2592 -15.6702
30.2533 -15.6802
30.2474 -15.6902
30.2416 -15.7002
30.2358 -15.7102
30.2301 -15.7202
30.2243 -15.7302
30.2186 -15.7402
30.213 -15.7502
30.2073 -15.7602
30.2017 -15.7702
30.1961 -15.7802
30.1906 -15.7902
30.185 -15.8002
30.1795 -15.8102
30.174 -15.8202
30.1686 -15.8302
30.1632 -15.8402
30.1578 -15.8502
30.1524 -15.8602
30.1471 -15.8702
30.1418 -15.8802
30.1366 -15.8902
30.1313 -15.9002
30.1261 -15.9102
30.1209 -15.9202
30.1158 -15.9302
30.1107 -15.9402
30.1056 -15.9502
30.1005 -15.9602
30.0955 -15.9702
30.0905 -15.9802
30.0855 -15.9902
30.0806 -16.0002
30.0756 -16.0102
30.0708 -16.0202
30.0659 -16.0302
30.0611 -16.0402
30.0563 -16.0502
30.0515 -16.0602
30.0468 -16.0702
30.0421 -16.0802
30.0374 -16.0902
30.0327 -16.1002
30.0281 -16.1102
30.0235 -16.1202
30.0189 -16.1302
30.0144 -16.1402
30.0099 -16.1502
30.0054 -16.1602
30.001 -16.1702
29.9966 -16.1802
29.9922 -16.1902
29.9878 -16.2002
29.9835 -16.2102
29.9792 -16.2202
29.9749 -16.2302
29.9707 -16.2402
29.9665 -16.2502
29.9623 -16.2602
29.9582 -16.2702
29.9541 -16.2802
29.9499 -16.2902
29.9456 -16.3002
29.9413 -16.3102
29.9371 -16.3202
29.9328 -16.3302
29.9287 -16.3402
29.9245 -16.3502
29.9204 -16.3602
29.9163 -16.3702
29.9122 -16.3802
29.9082 -16.3902
29.9042 -16.4002
29.9002 -16.4102
29.8963 -16.4202
29.8923 -16.4302
29.8884 -16.4402
29.8846 -16.4502
29.8807 -16.4602
29.8769 -16.4702
29.8731 -16.4802
29.8694 -16.4902
29.8657 -16.5002
29.862 -16.5102
29.8583 -16.5202
29.8547 -16.5302
29.8511 -16.5402
29.8475 -16.5502
29.8439 -16.5602
29.8404 -16.5702
29.8369 -16.5802
29.8334 -16.5902
29.83 -16.6002
29.8266 -16.6102
29.8232 -16.6202
29.8198 -16.6302
29.8165 -16.6402
29.8132 -16.6502
29.8099 -16.6602
29.8067 -16.6702
29.8035 -16.6802
29.8003 -16.6902
29.7971 -16.7002
29.794 -16.7102
29.7909 -16.7202
29.7879 -16.7302
29.7848 -16.7402
29.7819 -16.7502
29.7789 -16.7602
29.776 -16.7702
29.7731 -16.7802
29.7702 -16.7902
29.7674 -16.8002
29.7646 -16.8102
29.7618 -16.8202
29.7591 -16.8302
29.7564 -16.8402
29.7538 -16.8502
29.7511 -16.8602
29.7485 -16.8702
29.746 -16.8802
29.7435 -16.8902
29.741 -16.9002
29.7385 -16.9102
29.7361 -16.9202
29.7337 -16.9302
29.7313 -16.9402
29.729 -16.9502
29.7267 -16.9602
29.7245 -16.9702
29.7222 -16.9802
29.7201 -16.9902
29.7179 -17.0002
29.7158 -17.0102
29.7137 -17.0202
29.7117 -17.0302
29.7096 -17.0402
29.7077 -17.0502
29.7057 -17.0602
29.7038 -17.0702
29.7019 -17.0802
29.7001 -17.0902
29.6983 -17.1002
29.6964 -17.1102
29.6947 -17.1202
29.6929 -17.1302
29.6912 -17.1402
29.6896 -17.1502
29.6879 -17.1602
29.6863 -17.1702
29.6848 -17.1802
29.6832 -17.1902
29.6817 -17.2002
29.6803 -17.2102
29.6789 -17.2202
29.6775 -17.2302
29.6761 -17.2402
29.6748 -17.2502
29.6735 -17.2602
29.6722 -17.2702
29.671 -17.2802
29.6699 -17.2902
29.6687 -17.3002
29.6676 -17.3102
29.6665 -17.3202
29.6655 -17.3302
29.6645 -17.3402
29.6635 -17.3502
29.6626 -17.3602
29.6617 -17.3702
29.6608 -17.3802
29.66 -17.3902
29.6592 -17.4002
29.6585 -17.4102
29.6578 -17.4202
29.6571 -17.4302
29.6564 -17.4402
29.6558 -17.4502
29.6552 -17.4602
29.6547 -17.4702
29.6542 -17.4802
29.6537 -17.4902
29.6533 -17.5002
29.6529 -17.5102
29.6525 -17.5202
29.6522 -17.5302
29.6519 -17.5402
29.6516 -17.5502
29.6514 -17.5602
29.6512 -17.5702
29.651 -17.5802
29.6509 -17.5902
29.6508 -17.6002
29.6507 -17.6102
29.6507 -17.6202
29.6507 -17.6302
29.6507 -17.6402
29.6508 -17.6502
29.6509 -17.6602
29.651 -17.6702
29.6504 -17.6802
29.6495 -17.6902
29.6486 -17.7002
29.6477 -17.7102
29.6468 -17.7202
29.6444 -17.7302
29.642 -17.7402
29.6396 -17.7502
29.6372 -17.7602
29.6348 -17.7702
29.6325 -17.7802
29.6302 -17.7902
29.6279 -17.8002
29.6257 -17.8102
29.6234 -17.8202
29.6212 -17.8302
29.619 -17.8402
29.6169 -17.8502
29.6148 -17.8602
29.6127 -17.8702
29.6106 -17.8802
29.6085 -17.8902
29.6065 -17.9002
29.6045 -17.9102
29.6026 -17.9202
29.6006 -17.9302
29.5987 -17.9402
29.5968 -17.9502
29.5949 -17.9602
29.5931 -17.9702
29.5913 -17.9802
29.5895 -17.9902
29.5877 -18.0002
29.5859 -18.0102
29.5842 -18.0202
29.5825 -18.0302
29.5808 -18.0402
29.5792 -18.0502
29.5776 -18.0602
29.576 -18.0702
29.5744 -18.0802
29.5729 -18.0902
29.5714 -18.1002
29.5699 -18.1102
29.5684 -18.1202
29.567 -18.1302
29.5656 -18.1402
29.5642 -18.1502
29.5628 -18.1602
29.5615 -18.1702
29.5602 -18.1802
29.5589 -18.1902
29.5577 -18.2002
29.5564 -18.2102
29.5552 -18.2202
29.5541 -18.2302
29.5529 -18.2402
29.5518 -18.2502
29.5508 -18.2602
29.5497 -18.2702
29.5487 -18.2802
29.5477 -18.2902
29.5467 -18.3002
29.5457 -18.3102
29.5448 -18.3202
29.5439 -18.3302
29.543 -18.3402
29.5422 -18.3502
29.5414 -18.3602
29.5406 -18.3702
29.5398 -18.3802
29.5391 -18.3902
29.5384 -18.4002
29.5377 -18.4102
29.5371 -18.4202
29.5364 -18.4302
29.5358 -18.4402
29.5352 -18.4502
29.5347 -18.4602
29.5342 -18.4702
29.5337 -18.4802
29.5333 -18.4902
29.5328 -18.5002
29.5324 -18.5102
29.5321 -18.5202
29.5317 -18.5302
29.5314 -18.5402
29.5311 -18.5502
29.5309 -18.5602
29.5306 -18.5702
29.5304 -18.5802
29.5302 -18.5902
29.53 -18.6002
29.5299 -18.6102
29.5298 -18.6202
29.5297 -18.6302
29.5297 -18.6402
29.5297 -18.6502
29.5297 -18.6602
29.5297 -18.6702
29.5298 -18.6802
29.5299 -18.6902
29.53 -18.7002
29.5302 -18.7102
29.5304 -18.7202
29.5306 -18.7302
29.5309 -18.7402
29.5299 -18.7502
29.5289 -18.7602
29.5279 -18.7702
29.5269 -18.7802
29.526 -18.7902
29.5251 -18.8002
29.5242 -18.8102
29.5233 -18.8202
29.5225 -18.8302
29.5216 -18.8402
29.5209 -18.8502
29.5201 -18.8602
29.5194 -18.8702
29.5186 -18.8802
29.518 -18.8902
29.5173 -18.9002
29.5167 -18.9102
29.5161 -18.9202
29.5155 -18.9302
29.5149 -18.9402
29.5144 -18.9502
29.5135 -18.9602
29.5126 -18.9702
29.5117 -18.9802
29.5109 -18.9902
29.51 -19.0002
29.5092 -19.0102
29.5084 -19.0202
29.5077 -19.0302
29.507 -19.0402
29.5063 -19.0502
29.5056 -19.0602
29.505 -19.0702
29.5043 -19.0802
29.5037 -19.0902
29.5032 -19.1002
29.5026 -19.1102
29.5021 -19.1202
29.5016 -19.1302
29.5011 -19.1402
29.5007 -19.1502
29.5002 -19.1602
29.4999 -19.1702
29.4995 -19.1802
29.4991 -19.1902
29.4988 -19.2002
29.4985 -19.2102
29.4982 -19.2202
29.498 -19.2302
29.4977 -19.2402
29.4975 -19.2502
29.4974 -19.2602
29.4972 -19.2702
29.4971 -19.2802
29.497 -19.2902
29.4969 -19.3002
29.4969 -19.3102
29.4969 -19.3202
29.4968 -19.3302
29.4967 -19.3402
29.4965 -19.3502
29.4965 -19.3602
29.4964 -19.3702
29.4964 -19.3802
29.4964 -19.3902
29.4964 -19.4002
29.4964 -19.4102
29.4965 -19.4202
29.4966 -19.4302
29.4967 -19.4402
29.4968 -19.4502
29.497 -19.4602
29.4971 -19.4702
29.4974 -19.4802
29.4976 -19.4902
29.4979 -19.5002
29.4982 -19.5102
29.4985 -19.5202
29.4988 -19.5302
29.4992 -19.5402
29.4996 -19.5502
29.5 -19.5602
29.5005 -19.5702
29.5008 -19.5802
29.5009 -19.5902
29.501 -19.6002
29.5012 -19.6102
29.5014 -19.6202
29.5017 -19.6302
29.5019 -19.6402
29.5022 -19.6502
29.5025 -19.6602
29.5028 -19.6702
29.5032 -19.6802
29.5035 -19.6902
29.5039 -19.7002
29.5044 -19.7102
29.5048 -19.7202
29.5053 -19.7302
29.5058 -19.7402
29.5064 -19.7502
29.5069 -19.7602
29.5075 -19.7702
29.5081 -19.7802
29.5088 -19.7902
29.5094 -19.8002
29.5101 -19.8102
29.5109 -19.8202
29.5116 -19.8302
29.5124 -19.8402
29.5131 -19.8502
29.514 -19.8602
29.5148 -19.8702
29.5157 -19.8802
29.5166 -19.8902
29.5175 -19.9002
29.5184 -19.9102
29.5194 -19.9202
29.5204 -19.9302
29.5214 -19.9402
29.5225 -19.9502
29.5236 -19.9602
29.5247 -19.9702
29.5258 -19.9802
29.5269 -19.9902
29.5281 -20.0002
29.5293 -20.0102
29.5305 -20.0202
29.5318 -20.0302
29.5331 -20.0402
29.5344 -20.0502
29.5357 -20.0602
29.5371 -20.0702
29.5384 -20.0802
29.5397 -20.0902
29.5411 -20.1002
29.5425 -20.1102
29.5439 -20.1202
29.5453 -20.1302
29.5467 -20.1402
29.5482 -20.1502
29.5497 -20.1602
29.5513 -20.1702
29.5528 -20.1802
29.5544 -20.1902
29.5561 -20.2002
29.5577 -20.2102
29.5594 -20.2202
29.5611 -20.2302
29.5628 -20.2402
29.5646 -20.2502
29.5663 -20.2602
29.5681 -20.2702
29.57 -20.2802
29.5718 -20.2902
29.5737 -20.3002
29.5756 -20.3102
29.5775 -20.3202
29.5795 -20.3302
29.5815 -20.3402
29.5835 -20.3502
29.5856 -20.3602
29.5877 -20.3702
29.5898 -20.3802
29.5919 -20.3902
29.5941 -20.4002
29.5963 -20.4102
29.5985 -20.4202
29.6007 -20.4302
29.6029 -20.4402
29.6052 -20.4502
29.6075 -20.4602
29.6099 -20.4702
29.6122 -20.4802
29.6146 -20.4902
29.617 -20.5002
29.6194 -20.5102
29.6218 -20.5202
29.6243 -20.5302
29.6267 -20.5402
29.6292 -20.5502
29.6317 -20.5602
29.6341 -20.5702
29.6366 -20.5802
29.6391 -20.5902
29.6417 -20.6002
29.6442 -20.6102
29.6468 -20.6202
29.6495 -20.6302
29.6521 -20.6402
29.6548 -20.6502
29.6575 -20.6602
29.6603 -20.6702
29.663 -20.6802
29.6659 -20.6902
29.6687 -20.7002
29.6715 -20.7102
29.6744 -20.7202
29.6774 -20.7302
29.6803 -20.7402
29.6833 -20.7502
29.6863 -20.7602
29.6893 -20.7702
29.6924 -20.7802
29.6955 -20.7902
29.6986 -20.8002
29.7017 -20.8102
29.7049 -20.8202
29.7081 -20.8302
29.7113 -20.8402
29.7146 -20.8502
29.7179 -20.8602
29.7212 -20.8702
29.7246 -20.8802
29.7279 -20.8902
29.7313 -20.9002
29.7342 -20.9102
29.7373 -20.9202
29.7403 -20.9302
29.7434 -20.9402
29.7465 -20.9502
29.7496 -20.9602
29.7528 -20.9702
29.7559 -20.9802
29.7592 -20.9902
29.7624 -21.0002
29.7657 -21.0102
29.769 -21.0202
29.7723 -21.0302
29.7757 -21.0402
29.7791 -21.0502
29.7825 -21.0602
29.786 -21.0702
29.7894 -21.0802
29.7929 -21.0902
29.7965 -21.1002
29.8 -21.1102
29.8036 -21.1202
29.8073 -21.1302
29.8109 -21.1402
29.8146 -21.1502
29.8183 -21.1602
29.822 -21.1702
29.8258 -21.1802
29.8296 -21.1902
29.8334 -21.2002
29.8372 -21.2102
29.8411 -21.2202
29.845 -21.2302
29.8489 -21.2402
29.8529 -21.2502
29.8569 -21.2602
29.8609 -21.2702
29.8649 -21.2802
29.869 -21.2902
29.8731 -21.3002
29.8773 -21.3102
29.8814 -21.3202
29.8856 -21.3302
29.8898 -21.3402
29.8941 -21.3502
29.8983 -21.3602
29.9026 -21.3702
29.9069 -21.3802
29.9113 -21.3902
29.9156 -21.4002
29.92 -21.4102
29.9244 -21.4202
29.9289 -21.4302
29.9334 -21.4402
29.9379 -21.4502
29.9424 -21.4602
29.947 -21.4702
29.9494 -21.4802
29.9513 -21.4902
29.9533 -21.5002
29.9553 -21.5102
29.9573 -21.5202
29.9593 -21.5302
29.9614 -21.5402
29.9634 -21.5502
29.9655 -21.5602
29.9676 -21.5702
29.9698 -21.5802
29.9719 -21.5902
29.9741 -21.6002
29.9763 -21.6102
29.9786 -21.6202
29.9808 -21.6302
29.9829 -21.6402
29.9851 -21.6502
29.9874 -21.6602
29.9896 -21.6702
29.9919 -21.6802
29.9942 -21.6902
29.9965 -21.7002
29.9989 -21.7102
30.0012 -21.7202
30.0036 -21.7302
30.0061 -21.7402
30.0085 -21.7502
30.011 -21.7602
30.0135 -21.7702
30.016 -21.7802
30.0185 -21.7902
30.0202 -21.8002
30.0207 -21.8102
30.0213 -21.8202
30.0219 -21.8302
30.0225 -21.8402
30.0232 -21.8502
30.0238 -21.8602
30.0245 -21.8702
30.0252 -21.8802
30.0259 -21.8902
30.0267 -21.9002
30.0274 -21.9102
30.0282 -21.9202
30.029 -21.9302
30.0298 -21.9402
30.0307 -21.9502
30.0315 -21.9602
30.0324 -21.9702
30.0333 -21.9802
30.0342 -21.9902
30.0351 -22.0002
30.0361 -22.0102
30.0374 -22.0202
30.0387 -22.0302
30.04 -22.0402
30.0413 -22.0502
30.0426 -22.0602
30.044 -22.0702
30.0454 -22.0802
30.0468 -22.0902
30.0482 -22.1002
30.0496 -22.1102
30.051 -22.1202
30.0525 -22.1302
30.054 -22.1402
30.0555 -22.1502
30.057 -22.1602
30.0586 -22.1702
30.0601 -22.1802
30.0617 -22.1902
30.0633 -22.2002
30.0649 -22.2102
30.0666 -22.2202
30.0683 -22.2302
30.0699 -22.2402
30.0716 -22.2502
30.0734 -22.2602
30.0751 -22.2702
30.0769 -22.2802
30.0786 -22.2902
30.0804 -22.3002
30.0823 -22.3102
30.0841 -22.3202
30.086 -22.3302
30.0878 -22.3402
30.0897 -22.3502
30.0917 -22.3602
30.0936 -22.3702
30.0956 -22.3802
30.0975 -22.3902
30.0995 -22.4002
30.1016 -22.4102
30.1036 -22.4202
30.1057 -22.4302
30.1077 -22.4402
30.1098 -22.4502
30.1119 -22.4602
30.1141 -22.4702
30.1162 -22.4802
30.1184 -22.4902
30.1204 -22.5002
30.1224 -22.5102
30.1244 -22.5202
30.1265 -22.5302
30.1286 -22.5402
30.1307 -22.5502
30.1328 -22.5602
30.1349 -22.5702
30.1371 -22.5802
30.1393 -22.5902
30.1415 -22.6002
30.1437 -22.6102
30.1458 -22.6202
30.148 -22.6302
30.1502 -22.6402
30.1524 -22.6502
30.1546 -22.6602
30.1568 -22.6702
30.159 -22.6802
30.1613 -22.6902
30.1636 -22.7002
30.166 -22.7102
30.1683 -22.7202
30.1707 -22.7302
30.1731 -22.7402
30.1755 -22.7502
30.1779 -22.7602
30.1804 -22.7702
30.1829 -22.7802
30.1854 -22.7902
30.1879 -22.8002
30.1904 -22.8102
30.193 -22.8202
30.1956 -22.8302
30.1982 -22.8402
30.2009 -22.8502
30.2035 -22.8602
30.2062 -22.8702
30.2089 -22.8802
30.2117 -22.8902
30.2144 -22.9002
30.2172 -22.9102
30.22 -22.9202
30.2221 -22.9302
30.2234 -22.9402
30.2247 -22.9502
30.226 -22.9602
30.2274 -22.9702
30.2287 -22.9802
30.2301 -22.9902
30.2315 -23.0002
30.233 -23.0102
30.2344 -23.0202
30.2359 -23.0302
30.2374 -23.0402
30.2389 -23.0502
30.2404 -23.0602
30.242 -23.0702
30.2436 -23.0802
30.2452 -23.0902
30.2468 -23.1002
30.2485 -23.1102
30.2502 -23.1202
30.2519 -23.1302
30.2536 -23.1402
30.2553 -23.1502
30.2571 -23.1602
30.2589 -23.1702
30.2607 -23.1802
30.2625 -23.1902
30.2644 -23.2002
30.2663 -23.2102
30.2682 -23.2202
30.2701 -23.2302
30.272 -23.2402
30.274 -23.2502
30.276 -23.2602
30.278 -23.2702
30.2801 -23.2802
30.2821 -23.2902
30.2842 -23.3002
30.2863 -23.3102
30.2885 -23.3202
30.2907 -23.3302
30.2928 -23.3402
30.295 -23.3502
30.2973 -23.3602
30.2995 -23.3702
30.3018 -23.3802
30.3041 -23.3902
30.3064 -23.4002
30.3087 -23.4102
30.3111 -23.4202
30.3135 -23.4302
30.3159 -23.4402
30.3183 -23.4502
30.3208 -23.4602
30.3233 -23.4702
30.3258 -23.4802
30.3283 -23.4902
30.3309 -23.5002
30.3334 -23.5102
30.3359 -23.5202
30.3383 -23.5302
30.3407 -23.5402
30.3431 -23.5502
30.3456 -23.5602
30.348 -23.5702
30.3505 -23.5802
30.353 -23.5902
30.3556 -23.6002
30.3582 -23.6102
30.3607 -23.6202
30.3634 -23.6302
30.366 -23.6402
30.3686 -23.6502
30.3713 -23.6602
30.374 -23.6702
30.3767 -23.6802
30.3794 -23.6902
30.3822 -23.7002
30.385 -23.7102
30.3878 -23.7202
30.3906 -23.7302
30.3935 -23.7402
30.3963 -23.7502
30.3992 -23.7602
30.4022 -23.7702
30.4051 -23.7802
30.4081 -23.7902
30.4111 -23.8002
30.4141 -23.8102
30.4171 -23.8202
30.4202 -23.8302
30.4233 -23.8402
30.4264 -23.8502
30.4295 -23.8602
30.4326 -23.8702
30.4358 -23.8802
30.4391 -23.8902
30.4423 -23.9002
30.4457 -23.9102
30.449 -23.9202
30.4523 -23.9302
30.4557 -23.9402
30.4591 -23.9502
30.4626 -23.9602
30.466 -23.9702
30.4695 -23.9802
30.473 -23.9902
30.4765 -24.0002
30.4801 -24.0102
30.4837 -24.0202
30.4873 -24.0302
30.4909 -24.0402
30.4946 -24.0502
30.4983 -24.0602
30.502 -24.0702
30.5057 -24.0802
30.5094 -24.0902
30.5132 -24.1002
30.517 -24.1102
30.5206 -24.1202
30.5242 -24.1302
30.5277 -24.1402
30.5313 -24.1502
30.5349 -24.1602
30.5385 -24.1702
30.542 -24.1802
30.5455 -24.1902
30.549 -24.2002
30.5525 -24.2102
30.556 -24.2202
30.5596 -24.2302
30.5632 -24.2402
30.5668 -24.2502
30.5705 -24.2602
30.5742 -24.2702
30.5779 -24.2802
30.5816 -24.2902
30.5853 -24.3002
30.5891 -24.3102
30.5929 -24.3202
30.5967 -24.3302
30.6005 -24.3402
30.6044 -24.3502
30.6083 -24.3602
30.6122 -24.3702
30.6162 -24.3802
30.6201 -24.3902
30.6241 -24.4002
30.6282 -24.4102
30.6322 -24.4202
30.6363 -24.4302
30.6404 -24.4402
30.6445 -24.4502
30.6486 -24.4602
30.6528 -24.4702
30.657 -24.4802
30.6612 -24.4902
30.6654 -24.5002
30.6697 -24.5102
30.674 -24.5202
30.6783 -24.5302
30.6826 -24.5402
30.6869 -24.5502
30.6913 -24.5602
30.6957 -24.5702
30.7001 -24.5802
30.7044 -24.5902
30.7088 -24.6002
30.7132 -24.6102
30.7176 -24.6202
30.722 -24.6302
30.7264 -24.6402
30.7309 -24.6502
30.7354 -24.6602
30.7399 -24.6702
30.7445 -24.6802
30.749 -24.6902
30.7536 -24.7002
30.7582 -24.7102
30.7629 -24.7202
30.7675 -24.7302
30.7722 -24.7402
30.7769 -24.7502
30.7816 -24.7602
30.7864 -24.7702
30.7912 -24.7802
30.7961 -24.7902
30.801 -24.8002
30.8059 -24.8102
30.8109 -24.8202
30.8158 -24.8302
30.8208 -24.8402
30.8259 -24.8502
30.8309 -24.8602
30.8354 -24.8702
30.8397 -24.8802
30.8441 -24.8902
30.8485 -24.9002
30.853 -24.9102
30.8574 -24.9202
30.8619 -24.9302
30.8664 -24.9402
30.871 -24.9502
30.8755 -24.9602
30.8801 -24.9702
30.8846 -24.9802
30.8892 -24.9902
30.8938 -25.0002
30.8984 -25.0102
30.9031 -25.0202
30.9077 -25.0302
30.9124 -25.0402
30.9171 -25.0502
30.9218 -25.0602
30.9266 -25.0702
30.9314 -25.0802
30.9362 -25.0902
30.941 -25.1002
30.9457 -25.1102
30.9506 -25.1202
30.9554 -25.1302
30.9602 -25.1402
30.9651 -25.1502
30.9699 -25.1602
30.9748 -25.1702
30.9798 -25.1802
30.9847 -25.1902
30.9897 -25.2002
30.9947 -25.2102
30.9997 -25.2202
31.0047 -25.2302
31.0098 -25.2402
31.0149 -25.2502
31.02 -25.2602
31.0251 -25.2702
31.0302 -25.2802
31.0354 -25.2902
31.0406 -25.3002
31.0458 -25.3102
31.0511 -25.3202
31.0564 -25.3302
31.0617 -25.3402
31.067 -25.3502
31.0723 -25.3602
31.0777 -25.3702
31.0831 -25.3802
31.0884 -25.3902
31.0937 -25.4002
31.0991 -25.4102
31.1045 -25.4202
31.1099 -25.4302
31.1153 -25.4402
31.1208 -25.4502
31.1262 -25.4602
31.1317 -25.4702
31.1373 -25.4802
31.1429 -25.4902
31.1484 -25.5002
31.1541 -25.5102
31.1597 -25.5202
31.1654 -25.5302
31.171 -25.5402
31.1767 -25.5502
31.1824 -25.5602
31.1881 -25.5702
31.1939 -25.5802
31.1989 -25.5902
31.2039 -25.6002
31.2088 -25.6102
31.2137 -25.6202
31.2187 -25.6302
31.2237 -25.6402
31.2288 -25.6502
31.2338 -25.6602
31.2389 -25.6702
31.244 -25.6802
31.2492 -25.6902
31.2543 -25.7002
31.2595 -25.7102
31.2646 -25.7202
31.2698 -25.7302
31.2751 -25.7402
31.2803 -25.7502
31.2856 -25.7602
31.2908 -25.7702
31.2962 -25.7802
31.3015 -25.7902
31.3069 -25.8002
31.3123 -25.8102
31.3177 -25.8202
31.3231 -25.8302
31.3285 -25.8402
31.334 -25.8502
31.3394 -25.8602
31.3449 -25.8702
31.3504 -25.8802
31.356 -25.8902
31.3615 -25.9002
31.3671 -25.9102
31.3727 -25.9202
31.3784 -25.9302
31.3841 -25.9402
31.3898 -25.9502
31.3955 -25.9602
31.4013 -25.9702
31.407 -25.9802
31.4128 -25.9902
31.4187 -26.0002
31.4245 -26.0102
31.4304 -26.0202
31.4364 -26.0302
31.4423 -26.0402
31.4483 -26.0502
31.4543 -26.0602
31.4603 -26.0702
31.4663 -26.0802
31.4724 -26.0902
31.4785 -26.1002
31.4846 -26.1102
31.4908 -26.1202
31.4969 -26.1302
31.5032 -26.1402
31.5094 -26.1502
31.5157 -26.1602
31.5219 -26.1702
31.5282 -26.1802
31.5345 -26.1902
31.5409 -26.2002
31.5473 -26.2102
31.5537 -26.2202
31.5601 -26.2302
31.5666 -26.2402
31.573 -26.2502
31.5795 -26.2602
31.5861 -26.2702
31.5926 -26.2802
31.5992 -26.2902
31.6058 -26.3002
31.6125 -26.3102
31.6191 -26.3202
31.6258 -26.3302
31.6325 -26.3402
31.6393 -26.3502
31.646 -26.3602
31.6528 -26.3702
31.6597 -26.3802
31.6665 -26.3902
31.6734 -26.4002
31.6803 -26.4102
31.6871 -26.4202
31.694 -26.4302
31.7009 -26.4402
31.7078 -26.4502
31.7147 -26.4602
31.7216 -26.4702
31.7286 -26.4802
31.7356 -26.4902
31.7426 -26.5002
31.7497 -26.5102
31.7568 -26.5202
31.7639 -26.5302
31.771 -26.5402
31.7781 -26.5502
31.7853 -26.5602
31.7925 -26.5702
31.7997 -26.5802
31.807 -26.5902
31.8142 -26.6002
31.8215 -26.6102
31.8288 -26.6202
31.8361 -26.6302
31.8435 -26.6402
31.8508 -26.6502
31.8582 -26.6602
31.8656 -26.6702
31.8731 -26.6802
31.8806 -26.6902
31.888 -26.7002
31.8955 -26.7102
31.9031 -26.7202
31.9106 -26.7302
31.9181 -26.7402
31.9257 -26.7502
31.9333 -26.7602
31.9409 -26.7702
31.9486 -26.7802
31.9562 -26.7902
31.9639 -26.8002
31.9716 -26.8102
31.9793 -26.8202
31.9871 -26.8302
31.9949 -26.8402
32.0027 -26.8502
32.0106 -26.8602
32.0184 -26.8702
32.0264 -26.8802
32.0343 -26.8902
32.0423 -26.9002
32.0503 -26.9102
32.0583 -26.9202
32.0663 -26.9302
32.0744 -26.9402
32.0825 -26.9502
32.0906 -26.9602
32.0988 -26.9702
32.1069 -26.9802
32.1151 -26.9902
32.1234 -27.0002
32.1316 -27.0102
32.1399 -27.0202
32.1482 -27.0302
32.1566 -27.0402
32.165 -27.0502
32.1733 -27.0602
32.1818 -27.0702
32.1902 -27.0802
32.1987 -27.0902
32.2072 -27.1002
32.2157 -27.1102
32.2243 -27.1202
32.2329 -27.1302
32.2415 -27.1402
32.2501 -27.1502
32.2588 -27.1602
32.2675 -27.1702
32.2763 -27.1802
32.285 -27.1902
32.2938 -27.2002
32.3025 -27.2102
32.3113 -27.2202
32.3201 -27.2302
32.3289 -27.2402
32.3378 -27.2502
32.3466 -27.2602
32.3555 -27.2702
32.3644 -27.2802
32.3734 -27.2902
32.3823 -27.3002
32.3913 -27.3102
32.4003 -27.3202
32.4093 -27.3302
32.4184 -27.3402
32.4275 -27.3502
32.4366 -27.3602
32.4457 -27.3702
32.4549 -27.3802
32.4641 -27.3902
32.4734 -27.4002
32.4826 -27.4102
32.4919 -27.4202
32.5013 -27.4302
32.5106 -27.4402
32.52 -27.4502
32.5294 -27.4602
32.5389 -27.4702
32.5483 -27.4802
32.5578 -27.4902
32.5673 -27.5002
32.5769 -27.5102
32.5864 -27.5202
32.596 -27.5302
32.6057 -27.5402
32.6154 -27.5502
32.6251 -27.5602
32.6348 -27.5702
32.6445 -27.5802
32.6543 -27.5902
32.664 -27.6002
32.6738 -27.6102
32.6836 -27.6202
32.6934 -27.6302
32.7033 -27.6402
32.7132 -27.6502
32.7231 -27.6602
32.7331 -27.6702
32.7431 -27.6802
32.7531 -27.6902
32.7631 -27.7002
32.7732 -27.7102
32.7832 -27.7202
32.7934 -27.7302
32.8035 -27.7402
32.8137 -27.7502
32.8239 -27.7602
32.8341 -27.7702
32.8444 -27.7802
32.8547 -27.7902
32.865 -27.8002
32.8753 -27.8102
32.8857 -27.8202
32.8961 -27.8302
32.9066 -27.8402
32.917 -27.8502
32.9275 -27.8602
32.938 -27.8702
32.9486 -27.8802
32.9591 -27.8902
32.9697 -27.9002
32.9803 -27.9102
32.9909 -27.9202
33.0016 -27.9302
33.0123 -27.9402
33.023 -27.9502
33.0338 -27.9602
33.0446 -27.9702
33.0554 -27.9802
33.0662 -27.9902
33.077 -28.0002
33.0879 -28.0102
33.0988 -28.0202
33.1097 -28.0302
33.1206 -28.0402
33.1315 -28.0502
33.1425 -28.0602
33.1535 -28.0702
33.1645 -28.0802
33.1755 -28.0902
33.1865 -28.1002
33.1975 -28.1102
33.2086 -28.1202
33.2197 -28.1302
33.2309 -28.1402
33.2421 -28.1502
33.2533 -28.1602
33.2645 -28.1702
33.2758 -28.1802
33.2871 -28.1902
33.2984 -28.2002
33.3098 -28.2102
33.3212 -28.2202
33.3326 -28.2302
33.344 -28.2402
33.3555 -28.2502
33.367 -28.2602
33.3786 -28.2702
33.3901 -28.2802
33.4017 -28.2902
33.4132 -28.3002
33.4248 -28.3102
33.4365 -28.3202
33.4481 -28.3302
33.4598 -28.3402
33.4715 -28.3502
33.4832 -28.3602
33.495 -28.3702
33.5068 -28.3802
33.5186 -28.3902
33.5304 -28.4002
33.5423 -28.4102
33.5542 -28.4202
33.5661 -28.4302
33.5781 -28.4402
33.5901 -28.4502
33.6021 -28.4602
33.6142 -28.4702
33.6263 -28.4802
33.6384 -28.4902
33.6505 -28.5002
33.6627 -28.5102
33.6749 -28.5202
33.6871 -28.5302
33.6993 -28.5402
33.7116 -28.5502
33.7239 -28.5602
33.7363 -28.5702
33.7487 -28.5802
33.7611 -28.5902
33.7735 -28.6002
33.7859 -28.6102
33.7983 -28.6202
33.8108 -28.6302
33.8232 -28.6402
33.8357 -28.6502
33.8482 -28.6602
33.8608 -28.6702
33.8733 -28.6802
33.8859 -28.6902
33.8986 -28.7002
33.9112 -28.7102
33.9239 -28.7202
33.9366 -28.7302
33.9493 -28.7402
33.9621 -28.7502
33.9749 -28.7602
33.9878 -28.7702
34.0006 -28.7802
34.0135 -28.7902
34.0263 -28.8002
34.0391 -28.8102
34.052 -28.8202
34.0649 -28.8302
34.0778 -28.8402
34.0908 -28.8502
34.1038 -28.8602
34.1169 -28.8702
34.1299 -28.8802
34.143 -28.8902
34.1561 -28.9002
34.1693 -28.9102
34.1825 -28.9202
34.1957 -28.9302
34.2089 -28.9402
34.2222 -28.9502
34.2355 -28.9602
34.2489 -28.9702
34.2622 -28.9802
34.2756 -28.9902
34.289 -29.0002
34.3024 -29.0102
34.3159 -29.0202
34.3293 -29.0302
34.3428 -29.0402
34.3564 -29.0502
34.3699 -29.0602
34.3835 -29.0702
34.397 -29.0802
34.4106 -29.0902
34.4242 -29.1002
34.4379 -29.1102
34.4515 -29.1202
34.4652 -29.1302
34.4789 -29.1402
34.4927 -29.1502
34.5064 -29.1602
34.5202 -29.1702
34.534 -29.1802
34.5479 -29.1902
34.5617 -29.2002
34.5755 -29.2102
34.5894 -29.2202
34.6033 -29.2302
34.6173 -29.2402
34.6313 -29.2502
34.6453 -29.2602
34.6593 -29.2702
34.6734 -29.2802
34.6874 -29.2902
34.7015 -29.3002
34.7156 -29.3102
34.7297 -29.3202
34.7439 -29.3302
34.7581 -29.3402
34.7723 -29.3502
34.7866 -29.3602
34.8008 -29.3702
34.8152 -29.3802
34.8295 -29.3902
34.8439 -29.4002
34.8583 -29.4102
34.8727 -29.4202
34.8871 -29.4302
34.9016 -29.4402
34.9161 -29.4502
34.9306 -29.4602
34.9451 -29.4702
34.9597 -29.4802
34.9742 -29.4902
34.9888 -29.5002
35.0034 -29.5102
35.018 -29.5202
35.0327 -29.5302
35.0473 -29.5402
35.062 -29.5502
35.0768 -29.5602
35.0915 -29.5702
35.1064 -29.5802
35.1212 -29.5902
35.136 -29.6002
35.1508 -29.6102
35.1657 -29.6202
35.1806 -29.6302
35.1955 -29.6402
35.2105 -29.6502
35.2254 -29.6602
35.2404 -29.6702
35.2555 -29.6802
35.2705 -29.6902
35.2856 -29.7002
35.3007 -29.7102
35.3159 -29.7202
35.3311 -29.7302
35.3462 -29.7402
35.3614 -29.7502
35.3766 -29.7602
35.3919 -29.7702
35.4071 -29.7802
35.4224 -29.7902
35.4377 -29.8002
35.453 -29.8102
35.4683 -29.8202
35.4836 -29.8302
35.4989 -29.8402
35.5142 -29.8502
35.5295 -29.8602
35.5448 -29.8702
35.5602 -29.8802
35.5756 -29.8902
35.591 -29.9002
35.6065 -29.9102
35.622 -29.9202
35.6375 -29.9302
35.653 -29.9402
35.6686 -29.9502
35.6842 -29.9602
35.6998 -29.9702
35.7155 -29.9802
35.7311 -29.9902
35.7469 -30.0002
35.7626 -30.0102
35.7784 -30.0202
35.7942 -30.0302
35.81 -30.0402
35.8258 -30.0502
35.8417 -30.0602
35.8576 -30.0702
35.8735 -30.0802
35.8894 -30.0902
35.9053 -30.1002
35.9213 -30.1102
35.9372 -30.1202
35.9529 -30.1302
35.9688 -30.1402
35.9846 -30.1502
36.0005 -30.1602
36.0164 -30.1702
36.0323 -30.1802
36.0483 -30.1902
36.0642 -30.2002
36.0802 -30.2102
36.0962 -30.2202
36.1123 -30.2302
36.1283 -30.2402
36.1444 -30.2502
36.1606 -30.2602
36.1767 -30.2702
36.1929 -30.2802
36.2092 -30.2902
36.2254 -30.3002
36.2417 -30.3102
36.2581 -30.3202
36.2744 -30.3302
36.2908 -30.3402
36.3073 -30.3502
36.3237 -30.3602
36.3402 -30.3702
36.3568 -30.3802
36.3733 -30.3902
36.3899 -30.4002
36.4065 -30.4102
36.4232 -30.4202
36.4398 -30.4302
36.4565 -30.4402
36.4731 -30.4502
36.4898 -30.4602
36.5065 -30.4702
36.5233 -30.4802
36.54 -30.4902
36.5568 -30.5002
36.5736 -30.5102
36.5904 -30.5202
36.6072 -30.5302
36.6241 -30.5402
36.641 -30.5502
36.6579 -30.5602
36.6748 -30.5702
36.6918 -30.5802
36.7087 -30.5902
36.7257 -30.6002
36.7427 -30.6102
36.7596 -30.6202
36.7766 -30.6302
36.7935 -30.6402
36.8105 -30.6502
36.8275 -30.6602
36.8445 -30.6702
36.8615 -30.6802
36.8786 -30.6902
36.8956 -30.7002
36.9127 -30.7102
36.9299 -30.7202
36.947 -30.7302
36.9642 -30.7402
36.9814 -30.7502
36.9986 -30.7602
37.0159 -30.7702
37.0332 -30.7802
37.0505 -30.7902
37.0678 -30.8002
37.0851 -30.8102
37.1025 -30.8202
37.1199 -30.8302
37.1373 -30.8402
37.1547 -30.8502
37.1722 -30.8602
37.1897 -30.8702
37.2072 -30.8802
37.2246 -30.8902
37.2421 -30.9002
37.2596 -30.9102
37.277 -30.9202
37.2946 -30.9302
37.3121 -30.9402
37.3297 -30.9502
37.3473 -30.9602
37.3649 -30.9702
37.3826 -30.9802
37.4003 -30.9902
37.418 -31.0002
37.4358 -31.0102
37.4535 -31.0202
37.4713 -31.0302
37.4891 -31.0402
37.5068 -31.0502
37.5246 -31.0602
37.5424 -31.0702
37.5603 -31.0802
37.5782 -31.0902
37.596 -31.1002
37.6139 -31.1102
37.6318 -31.1202
37.6497 -31.1302
37.6676 -31.1402
37.6855 -31.1502
37.7034 -31.1602
37.7214 -31.1702
37.7393 -31.1802
37.7573 -31.1902
37.7753 -31.2002
37.7934 -31.2102
37.8114 -31.2202
37.8294 -31.2302
37.8474 -31.2402
37.8655 -31.2502
37.8835 -31.2602
37.9016 -31.2702
37.9198 -31.2802
37.9379 -31.2902
37.9561 -31.3002
37.9743 -31.3102
37.9925 -31.3202
38.0108 -31.3302
38.029 -31.3402
38.0472 -31.3502
38.0654 -31.3602
38.0837 -31.3702
38.1019 -31.3802
38.1202 -31.3902
38.1385 -31.4002
38.1568 -31.4102
38.1752 -31.4202
38.1935 -31.4302
38.2119 -31.4402
38.2303 -31.4502
38.2485 -31.4602
38.2668 -31.4702
38.2851 -31.4802
38.3034 -31.4902
38.3217 -31.5002
38.3401 -31.5102
38.3585 -31.5202
38.3769 -31.5302
38.3953 -31.5402
38.4138 -31.5502
38.4322 -31.5602
38.4507 -31.5702
38.4692 -31.5802
38.4877 -31.5902
38.5061 -31.6002
38.5246 -31.6102
38.5432 -31.6202
38.5617 -31.6302
38.5803 -31.6402
38.5989 -31.6502
38.6175 -31.6602
38.6362 -31.6702
38.6548 -31.6802
38.6734 -31.6902
38.692 -31.7002
38.7107 -31.7102
38.7293 -31.7202
38.748 -31.7302
38.7667 -31.7402
38.7855 -31.7502
38.8043 -31.7602
38.8231 -31.7702
38.8419 -31.7802
38.8608 -31.7902
38.8797 -31.8002
38.8986 -31.8102
38.9176 -31.8202
38.9366 -31.8302
38.9556 -31.8402
38.9746 -31.8502
38.9937 -31.8602
39.0127 -31.8702
39.0319 -31.8802
39.051 -31.8902
39.0701 -31.9002
39.0892 -31.9102
39.1083 -31.9202
39.1274 -31.9302
39.1465 -31.9402
39.1656 -31.9502
39.1848 -31.9602
39.204 -31.9702
39.2233 -31.9802
39.2425 -31.9902
39.2618 -32.0002
39.281 -32.0102
39.3003 -32.0202
39.3196 -32.0302
39.3389 -32.0402
39.3582 -32.0502
39.3775 -32.0602
39.3967 -32.0702
39.416 -32.0802
39.4353 -32.0902
39.4546 -32.1002
39.4739 -32.1102
39.4933 -32.1202
39.5127 -32.1302
39.532 -32.1402
39.5514 -32.1502
39.5708 -32.1602
39.5903 -32.1702
39.6098 -32.1802
39.6293 -32.1902
39.6488 -32.2002
39.6683 -32.2102
39.6879 -32.2202
39.7075 -32.2302
39.7272 -32.2402
39.7468 -32.2502
39.7665 -32.2602
39.7862 -32.2702
39.8059 -32.2802
39.8257 -32.2902
39.8455 -32.3002
39.8652 -32.3102
39.885 -32.3202
39.9049 -32.3302
39.9247 -32.3402
39.9446 -32.3502
39.9644 -32.3602
39.9842 -32.3702
40.004 -32.3802
40.0239 -32.3902
40.0438 -32.4002
40.0636 -32.4102
40.0835 -32.4202
40.1034 -32.4302
40.1234 -32.4402
40.1433 -32.4502
40.1633 -32.4602
40.1833 -32.4702
40.2033 -32.4802
40.2232 -32.4902
40.2432 -32.5002
40.2631 -32.5102
40.2831 -32.5202
40.303 -32.5302
40.323 -32.5402
40.343 -32.5502
40.363 -32.5602
40.3831 -32.5702
40.4032 -32.5802
40.4233 -32.5902
40.4435 -32.6002
40.4637 -32.6102
40.4839 -32.6202
40.5041 -32.6302
40.5244 -32.6402
40.5446 -32.6502
40.5649 -32.6602
40.5851 -32.6702
40.6054 -32.6802
40.6257 -32.6902
40.6459 -32.7002
40.6662 -32.7102
40.6865 -32.7202
40.7068 -32.7302
40.7272 -32.7402
40.7475 -32.7502
40.7678 -32.7602
40.7881 -32.7702
40.8084 -32.7802
40.8287 -32.7902
40.849 -32.8002
40.8694 -32.8102
40.8898 -32.8202
40.9102 -32.8302
40.9306 -32.8402
40.951 -32.8502
40.9714 -32.8602
40.9919 -32.8702
41.0123 -32.8802
41.0326 -32.8902
41.0529 -32.9002
41.0733 -32.9102
41.0937 -32.9202
41.1141 -32.9302
41.1345 -32.9402
41.155 -32.9502
41.1754 -32.9602
41.1958 -32.9702
41.2163 -32.9802
41.2367 -32.9902
41.2572 -33.0002
41.2778 -33.0102
41.2983 -33.0202
41.3189 -33.0302
41.3395 -33.0402
41.3601 -33.0502
41.3807 -33.0602
41.4014 -33.0702
41.4221 -33.0802
41.4428 -33.0902
41.4635 -33.1002
41.4842 -33.1102
41.505 -33.1202
41.5258 -33.1302
41.5466 -33.1402
41.5674 -33.1502
41.5883 -33.1602
41.6091 -33.1702
41.6299 -33.1802
41.6507 -33.1902
41.6716 -33.2002
41.6925 -33.2102
41.7133 -33.2202
41.734 -33.2302
41.7548 -33.2402
41.7755 -33.2502
41.7963 -33.2602
41.817 -33.2702
41.8378 -33.2802
41.8586 -33.2902
41.8793 -33.3002
41.9001 -33.3102
41.9209 -33.3202
41.9417 -33.3302
41.9624 -33.3402
41.9832 -33.3502
42.0039 -33.3602
42.0247 -33.3702
42.0455 -33.3802
42.0664 -33.3902
42.0873 -33.4002
42.1081 -33.4102
42.1291 -33.4202
42.15 -33.4302
42.171 -33.4402
42.1919 -33.4502
42.2129 -33.4602
42.2338 -33.4702
42.2548 -33.4802
42.2758 -33.4902
42.2967 -33.5002
42.3176 -33.5102
42.3386 -33.5202
42.3595 -33.5302
42.3805 -33.5402
42.4016 -33.5502
42.4226 -33.5602
42.4436 -33.5702
42.4647 -33.5802
42.4858 -33.5902
42.5069 -33.6002
42.5281 -33.6102
42.5492 -33.6202
42.5703 -33.6302
42.5914 -33.6402
42.6125 -33.6502
42.6335 -33.6602
42.6546 -33.6702
42.6757 -33.6802
42.6968 -33.6902
42.7179 -33.7002
42.7391 -33.7102
42.7602 -33.7202
42.7814 -33.7302
42.8026 -33.7402
42.8238 -33.7502
42.8449 -33.7602
42.8659 -33.7702
42.8869 -33.7802
42.908 -33.7902
42.9291 -33.8002
42.9502 -33.8102
42.9713 -33.8202
42.9924 -33.8302
43.0135 -33.8402
43.0347 -33.8502
43.0559 -33.8602
43.0771 -33.8702
43.0982 -33.8802
43.1194 -33.8902
43.1407 -33.9002
43.1619 -33.9102
43.1831 -33.9202
43.2043 -33.9302
43.2255 -33.9402
43.2468 -33.9502
43.2681 -33.9602
43.2894 -33.9702
43.3107 -33.9802
43.332 -33.9902
43.3534 -34.0002
43.3747 -34.0102
43.396 -34.0202
43.4174 -34.0302
43.4387 -34.0402
43.4601 -34.0502
43.4815 -34.0602
43.5028 -34.0702
43.5242 -34.0802
43.5456 -34.0902
43.567 -34.1002
43.5884 -34.1102
43.6099 -34.1202
43.6313 -34.1302
43.6528 -34.1402
43.6742 -34.1502
43.6957 -34.1602
43.7172 -34.1702
43.7387 -34.1802
43.7602 -34.1902
43.7816 -34.2002
43.8031 -34.2102
43.8245 -34.2202
43.846 -34.2302
43.8676 -34.2402
43.8891 -34.2502
43.9107 -34.2602
43.9323 -34.2702
43.9539 -34.2802
43.9755 -34.2902
43.9971 -34.3002
44.0188 -34.3102
44.0405 -34.3202
44.0622 -34.3302
44.0839 -34.3402
44.1057 -34.3502
44.1275 -34.3602
44.1493 -34.3702
44.1711 -34.3802
44.193 -34.3902
44.2149 -34.4002
44.2368 -34.4102
44.2587 -34.4202
44.2806 -34.4302
44.3026 -34.4402
44.3246 -34.4502
44.3467 -34.4602
44.3687 -34.4702
44.3908 -34.4802
44.4129 -34.4902
44.435 -34.5002
44.4571 -34.5102
44.4791 -34.5202
44.5012 -34.5302
44.5233 -34.5402
44.5454 -34.5502
44.5675 -34.5602
44.5896 -34.5702
44.6118 -34.5802
44.634 -34.5902
44.6563 -34.6002
44.6785 -34.6102
44.7008 -34.6202
44.7231 -34.6302
44.7454 -34.6402
44.7678 -34.6502
44.7901 -34.6602
44.8124 -34.6702
44.8346 -34.6802
44.8569 -34.6902
44.8792 -34.7002
44.9015 -34.7102
44.9238 -34.7202
44.9462 -34.7302
44.9686 -34.7402
44.991 -34.7502
45.0134 -34.7602
45.0359 -34.7702
45.0584 -34.7802
45.0809 -34.7902
45.1035 -34.8002
45.1261 -34.8102
45.1487 -34.8202
45.1713 -34.8302
45.1939 -34.8402
45.2166 -34.8502
45.2392 -34.8602
45.2619 -34.8702
45.2846 -34.8802
45.3074 -34.8902
45.3302 -34.9002
45.3529 -34.9102
45.3757 -34.9202
45.3985 -34.9302
45.4213 -34.9402
45.4441 -34.9502
45.4669 -34.9602
45.4897 -34.9702
45.5125 -34.9802
45.5353 -34.9902
45.5582 -35.0002
45.5811 -35.0102
45.604 -35.0202
45.6269 -35.0302
45.6499 -35.0402
45.6729 -35.0502
45.6959 -35.0602
45.719 -35.0702
45.742 -35.0802
45.7651 -35.0902
45.7883 -35.1002
45.8114 -35.1102
45.8346 -35.1202
45.8578 -35.1302
45.8811 -35.1402
45.9044 -35.1502
45.9276 -35.1602
45.951 -35.1702
45.9743 -35.1802
45.9977 -35.1902
46.0211 -35.2002
46.0445 -35.2102
46.0679 -35.2202
46.0913 -35.2302
46.1148 -35.2402
46.1383 -35.2502
46.1618 -35.2602
46.1853 -35.2702
46.2088 -35.2802
46.2323 -35.2902
46.2559 -35.3002
46.2794 -35.3102
46.303 -35.3202
46.3267 -35.3302
46.3503 -35.3402
46.374 -35.3502
46.3977 -35.3602
46.4213 -35.3702
46.445 -35.3802
46.4686 -35.3902
46.4922 -35.4002
46.5159 -35.4102
46.5396 -35.4202
46.5633 -35.4302
46.587 -35.4402
46.6106 -35.4502
46.6342 -35.4602
46.6579 -35.4702
46.6816 -35.4802
46.7053 -35.4902
46.7291 -35.5002
46.7529 -35.5102
46.7767 -35.5202
46.8005 -35.5302
46.8244 -35.5402
46.8483 -35.5502
46.8722 -35.5602
46.8961 -35.5702
46.9201 -35.5802
46.9441 -35.5902
46.9681 -35.6002
46.9922 -35.6102
47.0163 -35.6202
47.0404 -35.6302
47.0645 -35.6402
47.0887 -35.6502
47.1129 -35.6602
47.1371 -35.6702
47.1613 -35.6802
47.1855 -35.6902
47.2097 -35.7002
47.2339 -35.7102
47.2582 -35.7202
47.2825 -35.7302
47.3068 -35.7402
47.3312 -35.7502
47.3556 -35.7602
47.3799 -35.7702
47.4042 -35.7802
47.4284 -35.7902
47.4526 -35.8002
47.4769 -35.8102
47.5012 -35.8202
47.5255 -35.8302
47.5499 -35.8402
47.5742 -35.8502
47.5986 -35.8602
47.6231 -35.8702
47.6475 -35.8802
47.672 -35.8902
47.6965 -35.9002
47.721 -35.9102
47.7456 -35.9202
47.7702 -35.9302
47.7948 -35.9402
47.8194 -35.9502
47.8441 -35.9602
47.8687 -35.9702
47.8934 -35.9802
47.9181 -35.9902
47.9428 -36.0002
47.9675 -36.0102
47.9923 -36.0202
48.0171 -36.0302
48.0419 -36.0402
48.0668 -36.0502
48.0915 -36.0602
48.1163 -36.0702
48.1411 -36.0802
48.166 -36.0902
48.1908 -36.1002
48.2157 -36.1102
48.2404 -36.1202
48.2651 -36.1302
48.2899 -36.1402
48.3146 -36.1502
48.3394 -36.1602
48.3642 -36.1702
48.3891 -36.1802
48.4139 -36.1902
48.4388 -36.2002
48.4637 -36.2102
48.4887 -36.2202
48.5136 -36.2302
48.5386 -36.2402
48.5636 -36.2502
48.5886 -36.2602
48.6137 -36.2702
48.6387 -36.2802
48.6638 -36.2902
48.689 -36.3002
48.7141 -36.3102
48.7392 -36.3202
48.7643 -36.3302
48.7893 -36.3402
48.8145 -36.3502
48.8396 -36.3602
48.8647 -36.3702
48.8899 -36.3802
48.9151 -36.3902
48.9403 -36.4002
48.9655 -36.4102
48.9908 -36.4202
49.0161 -36.4302
49.0414 -36.4402
49.0668 -36.4502
49.0921 -36.4602
49.1175 -36.4702
49.1429 -36.4802
49.1683 -36.4902
49.1938 -36.5002
49.2193 -36.5102
49.2448 -36.5202
49.2703 -36.5302
49.2958 -36.5402
49.3214 -36.5502
49.347 -36.5602
49.3725 -36.5702
49.3982 -36.5802
49.4238 -36.5902
49.4494 -36.6002
49.4751 -36.6102
49.5007 -36.6202
49.5264 -36.6302
49.5521 -36.6402
49.5779 -36.6502
49.6036 -36.6602
49.6294 -36.6702
49.6552 -36.6802
49.6809 -36.6902
49.7067 -36.7002
49.7325 -36.7102
49.7583 -36.7202
49.7841 -36.7302
49.81 -36.7402
49.8359 -36.7502
49.8618 -36.7602
49.8877 -36.7702
49.9136 -36.7802
49.9395 -36.7902
49.9654 -36.8002
49.9913 -36.8102
50.0173 -36.8202
50.0432 -36.8302
50.0692 -36.8402
50.0952 -36.8502
50.1212 -36.8602
50.1473 -36.8702
50.1733 -36.8802
50.1994 -36.8902
50.2255 -36.9002
50.2516 -36.9102
50.2778 -36.9202
50.3039 -36.9302
50.3301 -36.9402
50.3563 -36.9502
50.3826 -36.9602
50.4088 -36.9702
50.4351 -36.9802
50.4613 -36.9902
50.4876 -37.0002
50.5139 -37.0102
50.5403 -37.0202
50.5666 -37.0302
50.593 -37.0402
50.6194 -37.0502
50.6458 -37.0602
50.6722 -37.0702
50.6986 -37.0802
50.7251 -37.0902
50.7515 -37.1002
50.778 -37.1102
50.8046 -37.1202
50.8311 -37.1302
50.8576 -37.1402
50.8841 -37.1502
50.9107 -37.1602
50.9373 -37.1702
50.9639 -37.1802
50.9905 -37.1902
51.0171 -37.2002
51.0437 -37.2102
51.0704 -37.2202
51.0971 -37.2302
51.1238 -37.2402
51.1506 -37.2502
51.1774 -37.2602
51.2042 -37.2702
51.231 -37.2802
51.2579 -37.2902
51.2848 -37.3002
51.3117 -37.3102
51.3386 -37.3202
51.3656 -37.3302
51.3926 -37.3402
51.4196 -37.3502
51.4467 -37.3602
51.4738 -37.3702
51.5009 -37.3802
51.528 -37.3902
51.5552 -37.4002
51.5824 -37.4102
51.6096 -37.4202
51.6369 -37.4302
51.6641 -37.4402
51.6914 -37.4502
51.7188 -37.4602
51.7461 -37.4702
51.7735 -37.4802
51.8009 -37.4902
51.8284 -37.5002
51.8558 -37.5102
51.8833 -37.5202
51.9109 -37.5302
51.9384 -37.5402
51.966 -37.5502
51.9936 -37.5602
52.0213 -37.5702
52.0489 -37.5802
52.0766 -37.5902
52.1043 -37.6002
52.1321 -37.6102
52.1599 -37.6202
52.1877 -37.6302
52.2155 -37.6402
52.2433 -37.6502
52.2712 -37.6602
52.2992 -37.6702
52.3271 -37.6802
52.3551 -37.6902
52.3831 -37.7002
52.4111 -37.7102
52.4391 -37.7202
52.4672 -37.7302
52.4953 -37.7402
52.5235 -37.7502
52.5517 -37.7602
52.5798 -37.7702
52.6081 -37.7802
52.6363 -37.7902
52.6646 -37.8002
52.6929 -37.8102
52.7213 -37.8202
52.7496 -37.8302
52.778 -37.8402
52.8064 -37.8502
52.8349 -37.8602
52.8634 -37.8702
52.8919 -37.8802
52.9204 -37.8902
52.949 -37.9002
52.9776 -37.9102
53.0062 -37.9202
53.0348 -37.9302
53.0635 -37.9402
53.0922 -37.9502
53.1209 -37.9602
53.1497 -37.9702
53.1785 -37.9802
53.2073 -37.9902
53.2362 -38.0002
53.265 -38.0102
53.2939 -38.0202
53.3229 -38.0302
53.3518 -38.0402
53.3808 -38.0502
53.4098 -38.0602
53.4389 -38.0702
53.468 -38.0802
53.4971 -38.0902
53.5262 -38.1002
53.5554 -38.1102
53.5846 -38.1202
53.6138 -38.1302
53.643 -38.1402
53.6723 -38.1502
53.7016 -38.1602
53.7309 -38.1702
53.7603 -38.1802
53.7897 -38.1902
53.8191 -38.2002
53.8486 -38.2102
53.8781 -38.2202
53.9076 -38.2302
53.9371 -38.2402
53.9667 -38.2502
53.9963 -38.2602
54.0259 -38.2702
54.0555 -38.2802
54.0852 -38.2902
54.1149 -38.3002
54.1447 -38.3102
54.1744 -38.3202
54.2042 -38.3302
54.234 -38.3402
54.2639 -38.3502
54.2937 -38.3602
54.3236 -38.3702
54.3535 -38.3802
54.3834 -38.3902
54.4134 -38.4002
54.4434 -38.4102
54.4734 -38.4202
54.5035 -38.4302
54.5335 -38.4402
54.5637 -38.4502
54.5938 -38.4602
54.624 -38.4702
54.6542 -38.4802
54.6844 -38.4902
54.7146 -38.5002
54.7449 -38.5102
54.7752 -38.5202
54.8056 -38.5302
54.836 -38.5402
54.8664 -38.5502
54.8968 -38.5602
54.9273 -38.5702
54.9578 -38.5802
54.9883 -38.5902
55.0188 -38.6002
55.0494 -38.6102
55.08 -38.6202
55.1107 -38.6302
55.1413 -38.6402
55.172 -38.6502
55.2028 -38.6602
55.2335 -38.6702
55.2643 -38.6802
55.2951 -38.6902
55.326 -38.7002
55.3568 -38.7102
55.3878 -38.7202
55.4187 -38.7302
55.4497 -38.7402
55.4807 -38.7502
55.5117 -38.7602
55.5427 -38.7702
55.5738 -38.7802
55.6049 -38.7902
55.6361 -38.8002
55.6673 -38.8102
55.6985 -38.8202
55.7297 -38.8302
55.761 -38.8402
55.7922 -38.8502
55.8236 -38.8602
55.8549 -38.8702
55.8863 -38.8802
55.9177 -38.8902
55.9492 -38.9002
55.9806 -38.9102
56.0121 -38.9202
56.0437 -38.9302
56.0752 -38.9402
56.1068 -38.9502
56.1385 -38.9602
56.1701 -38.9702
56.2018 -38.9802
56.2335 -38.9902
56.2652 -39.0002
56.297 -39.0102
56.3288 -39.0202
56.3607 -39.0302
56.3925 -39.0402
56.4244 -39.0502
56.4563 -39.0602
56.4883 -39.0702
56.5203 -39.0802
56.5523 -39.0902
56.5843 -39.1002
56.6164 -39.1102
56.6485 -39.1202
56.6807 -39.1302
56.7128 -39.1402
56.745 -39.1502
56.7773 -39.1602
56.8095 -39.1702
56.8418 -39.1802
56.8741 -39.1902
56.9065 -39.2002
56.9389 -39.2102
56.9713 -39.2202
57.0037 -39.2302
57.0362 -39.2402
57.0687 -39.2502
57.1012 -39.2602
57.1338 -39.2702
57.1664 -39.2802
57.199 -39.2902
57.2317 -39.3002
57.2643 -39.3102
57.2971 -39.3202
57.3298 -39.3302
57.3626 -39.3402
57.3954 -39.3502
57.4282 -39.3602
57.4611 -39.3702
57.494 -39.3802
57.5269 -39.3902
57.5599 -39.4002
57.5929 -39.4102
57.6259 -39.4202
57.659 -39.4302
57.6921 -39.4402
57.7252 -39.4502
57.7583 -39.4602
57.7915 -39.4702
57.8247 -39.4802
57.858 -39.4902
57.8912 -39.5002
57.9245 -39.5102
57.9579 -39.5202
57.9912 -39.5302
58.0246 -39.5402
58.058 -39.5502
58.0915 -39.5602
58.125 -39.5702
58.1585 -39.5802
58.1921 -39.5902
58.2256 -39.6002
58.2593 -39.6102
58.2929 -39.6202
58.3266 -39.6302
58.3603 -39.6402
58.394 -39.6502
58.4278 -39.6602
58.4616 -39.6702
58.4954 -39.6802
58.5293 -39.6902
58.5632 -39.7002
58.5971 -39.7102
58.6311 -39.7202
58.6651 -39.7302
58.6991 -39.7402
58.7331 -39.7502
58.7672 -39.7602
58.8013 -39.7702
58.8355 -39.7802
58.8696 -39.7902
58.9038 -39.8002
58.9381 -39.8102
58.9724 -39.8202
59.0067 -39.8302
59.041 -39.8402
59.0754 -39.8502
59.1098 -39.8602
59.1442 -39.8702
59.1786 -39.8802
59.2131 -39.8902
59.2477 -39.9002
59.2822 -39.9102
59.3168 -39.9202
59.3514 -39.9302
59.3861 -39.9402
59.4207 -39.9502
59.4555 -39.9602
59.4902 -39.9702
59.525 -39.9802
59.5598 -39.9902
59.5946 -40.0002
59.6295 -40.0102
59.6644 -40.0202
59.6993 -40.0302
59.7343 -40.0402
59.7693 -40.0502
59.8043 -40.0602
59.8394 -40.0702
59.8745 -40.0802
59.9096 -40.0902
59.9448 -40.1002
59.98 -40.1102
60.0152 -40.1202
60.0505 -40.1302
60.0857 -40.1402
60.1211 -40.1502
60.1564 -40.1602
60.1918 -40.1702
60.2272 -40.1802
60.2627 -40.1902
60.2981 -40.2002
60.3337 -40.2102
60.3692 -40.2202
60.4048 -40.2302
60.4404 -40.2402
60.476 -40.2502
60.5117 -40.2602
60.5474 -40.2702
60.5831 -40.2802
60.6189 -40.2902
60.6547 -40.3002
60.6905 -40.3102
60.7264 -40.3202
60.7623 -40.3302
60.7982 -40.3402
60.8342 -40.3502
60.8702 -40.3602
60.9062 -40.3702
60.9423 -40.3802
60.9784 -40.3902
61.0145 -40.4002
61.0507 -40.4102
61.0868 -40.4202
61.1231 -40.4302
61.1593 -40.4402
61.1956 -40.4502
