0.1 -0.617009
0.2 -1.24008
0.3 -1.86947
0.4 -2.50531
0.5 -3.14778
0.6 -3.79705
0.7 -4.45332
0.8 -5.1168
0.9 -5.78769
1 -6.46621
0.273814 -6.58319
0.547182 -6.70022
0.820053 -6.81729
1.09248 -6.93446
1.36443 -7.05169
1.63594 -7.16904
1.90706 -7.28657
2.1777 -7.40418
2.44785 -7.52187
2.71748 -7.63959
2.98662 -7.75737
3.25527 -7.87521
3.52344 -7.99313
3.79116 -8.11115
4.05838 -8.22922
4.32511 -8.34733
4.59134 -8.46548
4.85707 -8.58366
5.12236 -8.70195
5.38716 -8.82029
5.65145 -8.93866
5.91525 -9.05708
6.17857 -9.17558
6.4414 -9.29412
6.70374 -9.41269
6.96557 -9.53129
7.22691 -9.64993
7.48778 -9.76866
7.74816 -9.88742
8.00806 -10.0062
8.26746 -10.1251
8.52638 -10.244
8.78481 -10.363
9.04275 -10.4819
9.3002 -10.601
9.55715 -10.72
9.81361 -10.8391
10.0696 -10.9583
10.3251 -11.0775
10.5801 -11.1967
10.8346 -11.3159
11.0886 -11.4353
11.3421 -11.5546
11.5951 -11.674
11.8476 -11.7935
12.0996 -11.913
12.3511 -12.0325
12.6022 -12.1521
12.8528 -12.2717
13.1028 -12.3914
13.3524 -12.5111
13.6016 -12.6308
13.8502 -12.7507
14.0984 -12.8705
14.3461 -12.9904
14.5933 -13.1104
14.84 -13.2304
15.0863 -13.3504
15.3321 -13.4705
15.5773 -13.5906
15.8222 -13.7108
16.0665 -13.831
16.3104 -13.9513
16.5538 -14.0716
16.7967 -14.1919
17.0392 -14.3123
17.2811 -14.4328
17.5226 -14.5533
17.7637 -14.6738
18.0042 -14.7945
18.2443 -14.9151
18.4839 -15.0359
18.7231 -15.1567
18.9618 -15.2775
19.2 -15.3984
19.4378 -15.5193
19.675 -15.6403
19.9119 -15.7613
20.1482 -15.8824
20.3841 -16.0035
20.6195 -16.1247
20.8544 -16.2457
21.0889 -16.3667
21.3229 -16.4877
21.5565 -16.6088
21.7896 -16.73
22.0222 -16.8512
22.2544 -16.9724
22.4861 -17.0937
22.7173 -17.215
22.9481 -17.336
23.1785 -17.457
23.4083 -17.5781
23.6378 -17.6992
23.8667 -17.8204
24.0952 -17.9416
24.3233 -18.0629
24.5509 -18.1842
24.778 -18.3055
25.0047 -18.427
25.2309 -18.5484
25.4567 -18.67
25.682 -18.7915
25.9069 -18.9132
26.1313 -19.0347
26.3553 -19.1561
26.5788 -19.2777
26.8019 -19.3993
27.0246 -19.5209
27.2467 -19.6426
27.4685 -19.7643
27.6898 -19.8861
27.9106 -20.008
28.131 -20.1299
28.351 -20.2519
28.5705 -20.3739
28.7896 -20.496
29.0082 -20.6181
29.2264 -20.7403
29.4441 -20.8626
29.6614 -20.9849
29.8783 -21.1072
30.0947 -21.2296
30.3107 -21.3521
30.5262 -21.4746
30.7413 -21.5972
30.956 -21.7199
31.1702 -21.8426
31.384 -21.9653
31.5974 -22.0882
31.8103 -22.2111
32.0228 -22.334
32.2348 -22.4571
32.4465 -22.5802
32.6576 -22.7034
32.8684 -22.8267
33.0787 -22.95
33.2886 -23.0734
33.4981 -23.1969
33.7071 -23.3204
33.9157 -23.444
34.1238 -23.5677
34.3316 -23.6914
34.5389 -23.8152
34.7457 -23.9391
34.9522 -24.063
35.1582 -24.187
35.3638 -24.3111
35.5689 -24.4353
35.7737 -24.5595
35.978 -24.6838
36.1819 -24.8082
36.3853 -24.9326
36.5884 -25.0572
36.791 -25.1818
36.9932 -25.3065
37.195 -25.4312
37.3963 -25.5561
37.5973 -25.681
37.7978 -25.806
37.9979 -25.931
38.1975 -26.0562
38.3968 -26.1814
38.5956 -26.3068
38.7941 -26.4322
38.9921 -26.5576
39.1897 -26.6832
39.3868 -26.8089
39.5836 -26.9346
39.7799 -27.0604
39.9759 -27.1864
40.1714 -27.3124
40.3665 -27.4384
40.5612 -27.5646
40.7555 -27.6909
40.9493 -27.8172
41.1428 -27.9437
41.3358 -28.0702
41.5284 -28.1968
41.7207 -28.3235
41.9125 -28.4503
42.1039 -28.5772
42.2949 -28.7042
42.4855 -28.8313
42.6757 -28.9585
42.8654 -29.0858
43.0548 -29.2132
43.2438 -29.3406
43.4323 -29.4682
43.6205 -29.5959
43.8082 -29.7237
43.9956 -29.8516
44.1825 -29.9796
44.3691 -30.1077
44.5552 -30.2359
44.741 -30.3642
44.9263 -30.4926
45.1112 -30.6211
45.2958 -30.7498
45.4799 -30.8785
45.6637 -31.0073
45.847 -31.1363
46.0299 -31.2653
46.2125 -31.3945
46.3946 -31.5238
46.5764 -31.6532
46.7577 -31.7827
46.9387 -31.9124
47.1193 -32.0421
47.2994 -32.172
47.4792 -32.302
47.6586 -32.4321
47.8376 -32.5623
48.0162 -32.6927
48.1944 -32.8232
48.3722 -32.9538
48.5496 -33.0845
48.7267 -33.2154
48.9033 -33.3463
49.0796 -33.4774
49.2554 -33.6087
49.4309 -33.74
49.6059 -33.8715
49.7806 -34.0032
49.9549 -34.1349
50.1288 -34.2668
50.3024 -34.3988
50.4755 -34.531
50.6483 -34.6633
50.8206 -34.7958
50.9926 -34.9284
51.1642 -35.0611
51.3354 -35.194
51.5063 -35.327
51.6767 -35.4602
51.8468 -35.5935
52.0165 -35.727
52.1858 -35.8606
52.3547 -35.9944
52.5233 -36.1284
52.6914 -36.2625
52.8592 -36.3967
53.0266 -36.5311
53.1936 -36.6657
53.3603 -36.8004
53.5266 -36.9353
53.6924 -37.0704
53.8579 -37.2056
54.0231 -37.341
54.1878 -37.4765
54.3522 -37.6123
54.5162 -37.7482
54.6798 -37.8843
54.8431 -38.0205
55.006 -38.1569
55.1685 -38.2935
55.3306 -38.4303
55.4923 -38.5673
55.6537 -38.7044
55.8147 -38.8418
55.9753 -38.9793
56.1356 -39.1171
56.2955 -39.255
56.455 -39.3931
56.6141 -39.5314
56.7729 -39.67
56.9313 -39.8087
57.0893 -39.9476
57.247 -40.0867
57.4043 -40.226
57.5612 -40.3656
57.7178 -40.5053
57.874 -40.6453
58.0298 -40.7854
58.1845 -40.9256
58.3384 -41.0659
58.4886 -41.2053
58.638 -41.3514
58.7795 -41.5119
58.9167 -41.6711
59.0381 -41.8248
59.1499 -42.021
59.2612 -42.218
59.3721 -42.4156
59.4825 -42.614
59.5896 -42.8371
59.6937 -43.083
59.7974 -43.3304
59.9003 -43.583
59.9981 -43.8508
60.0909 -44.1259
60.1796 -44.3937
60.261 -44.6656
60.3415 -44.9431
60.421 -45.2218
60.4998 -45.502
60.5779 -45.784
60.6548 -46.0721
60.7304 -46.3687
60.8054 -46.6671
60.8797 -46.9688
60.9526 -47.2859
61.0249 -47.6067
61.0956 -47.9343
61.1634 -48.2837
61.2298 -48.6524
61.2957 -49.0235
61.3593 -49.4061
61.42 -49.8127
61.4797 -50.217
61.538 -50.6284
61.5938 -51.0383
61.6482 -51.4454
61.7014 -51.8606
61.7521 -52.2812
61.8011 -52.698
61.8496 -53.1172
61.897 -53.5373
61.9437 -53.9585
61.9882 -54.3974
62.0319 -54.8458
62.0738 -55.2908
62.1147 -55.7373
62.1541 -56.1939
62.1918 -56.6788
62.229 -57.1662
62.2654 -57.6538
62.3006 -58.1341
62.3354 -58.6172
62.3693 -59.1024
62.4025 -59.5901
62.4331 -60.0992
62.4629 -60.6105
62.4922 -61.1277
62.5201 -61.6475
62.5469 -62.1684
62.5732 -62.6922
62.599 -63.219
62.6243 -63.7493
62.6481 -64.2812
62.6694 -64.8103
62.6901 -65.3424
62.7102 -65.8776
62.7294 -66.4159
62.7481 -66.9578
62.7654 -67.5073
62.7819 -68.0729
62.7975 -68.6379
62.8086 -69
62.8119 -69
62.8137 -69
62.8125 -69
62.7619 -69
62.6448 -69
62.4731 -69
59.2959 -69
58.9245 -69
58.8285 -69
58.7414 -69
58.6464 -69
58.5429 -69
58.4298 -69
58.3528 -69
58.302 -69
58.2591 -69
58.2114 -69
58.1898 -69
58.1654 -69
58.1355 -69
58.1008 -69
58.0621 -69
58.0144 -69
57.9585 -69
57.911 -69
57.8762 -69
57.8487 -69
57.8254 -69
57.8007 -69
57.7744 -69
57.747 -69
57.7185 -69
57.6884 -69
57.6558 -69
57.6186 -69
57.5771 -69
57.5332 -69
57.4878 -69
57.4403 -69
57.396 -69
57.361 -69
57.3243 -69
57.2871 -69
57.2494 -69
57.2112 -69
57.1723 -69
57.1326 -69
57.0918 -69
57.0509 -69
57.0132 -69
56.975 -69
56.9364 -69
56.8973 -69
56.8576 -69
56.8174 -69
56.7764 -69
56.7347 -69
56.6923 -69
56.6493 -69
56.6057 -69
56.5614 -69
56.5163 -69
56.4706 -69
56.4229 -69
56.373 -69
56.3278 -69
56.2825 -69
56.2364 -69
56.1897 -69
56.1421 -69
56.0939 -69
56.0452 -69
56.0023 -69
55.9588 -69
55.9146 -69
55.8695 -69
55.8235 -69
55.7768 -69
55.7292 -69
55.6808 -69
55.6316 -69
55.5801 -69
55.5278 -69
55.4747 -69
55.4209 -69
55.3663 -69
55.3098 -69
55.2528 -69
55.1951 -69
55.137 -69
55.0797 -69
55.0218 -69
54.9633 -69
54.9042 -69
54.8445 -69
54.7869 -69
54.7291 -69
54.6707 -69
54.6117 -69
54.5519 -69
54.4915 -69
54.4303 -69
54.3684 -69
54.3056 -69
54.2421 -69
54.1777 -69
54.1124 -69
54.0461 -69
53.9789 -69
53.9107 -69
53.8432 -69
53.7743 -69
53.7049 -69
53.6388 -69
53.5712 -69
53.5044 -69
53.4378 -69
53.3704 -69
53.3033 -69
53.2402 -69
53.1771 -69
53.1162 -69
53.0551 -69
52.9945 -69
52.9359 -69
52.8771 -69
52.8181 -69
52.7589 -69
52.7016 -69
52.6462 -69
52.5907 -69
52.535 -69
52.4792 -69
52.4232 -69
52.3671 -69
52.3108 -69
52.2543 -69
52.1977 -69
52.1409 -69
52.084 -69
52.0269 -69
51.9696 -69
51.9121 -69
51.8545 -69
51.7967 -69
51.7399 -69
51.6862 -69
51.6324 -69
51.5785 -69
51.5244 -69
51.4691 -69
51.4137 -69
51.3581 -69
51.3024 -69
51.248 -69
51.1938 -69
51.1355 -69
51.0746 -69
51.0134 -69
50.9519 -69
50.8902 -69
50.8282 -69
50.7677 -69
50.7063 -69
50.6305 -69
50.5529 -69
50.4695 -69
50.3803 -69
50.258 -69
50.0485 -68.8495
49.7872 -68.5968
49.6525 -68.5178
49.5087 -68.4618
49.4145 -68.5397
49.3046 -68.5763
49.215 -68.6625
49.1495 -68.8082
49.1267 -69
49.0904 -69
49.0451 -69
48.9936 -69
48.9485 -69
48.9021 -69
48.8522 -69
48.8011 -69
48.7479 -69
48.6943 -69
48.6399 -69
48.5852 -69
48.5301 -69
48.4748 -69
48.4193 -69
48.3637 -69
48.3081 -69
48.2522 -69
48.1962 -69
48.1402 -69
48.084 -69
48.0277 -69
47.9716 -69
47.9155 -69
47.8619 -69
47.8126 -69
47.7664 -69
47.7205 -69
47.6745 -69
47.6285 -69
47.5824 -69
47.5361 -69
47.4895 -69
47.4429 -69
47.3976 -69
47.3525 -69
47.3073 -69
47.2621 -69
47.2169 -69
47.1715 -69
47.126 -69
47.0802 -69
47.0342 -69
46.9882 -69
46.9422 -69
46.8961 -69
46.8501 -69
46.804 -69
46.7579 -69
46.7118 -69
46.6657 -69
46.6195 -69
46.5734 -69
46.5272 -69
46.481 -69
46.4343 -69
46.3875 -69
46.3407 -69
46.2939 -69
46.2471 -69
46.2017 -69
46.1563 -69
46.1109 -69
46.0654 -69
46.0205 -69
45.9757 -69
45.9308 -69
45.8859 -69
45.841 -69
45.7961 -69
45.7511 -69
45.7062 -69
45.6612 -69
45.6162 -69
45.5712 -69
45.5262 -69
45.4812 -69
45.4362 -69
45.3911 -69
45.3463 -69
45.3015 -69
45.2566 -69
45.2118 -69
45.1669 -69
45.122 -69
45.077 -69
45.0321 -69
44.9871 -69
44.9421 -69
44.8971 -69
44.8521 -69
44.8078 -69
44.77 -69
44.7321 -69
44.6941 -69
44.6561 -69
44.6179 -69
44.5796 -69
44.5414 -69
44.5032 -69
44.4649 -69
44.4267 -69
44.3885 -69
44.3502 -69
44.3106 -69
44.2484 -69
44.1751 -69
44.1066 -69
44.0671 -69
44.0308 -69
43.9929 -69
43.9542 -69
43.9165 -69
43.8797 -69
43.8449 -69
43.8106 -69
43.7765 -69
43.7423 -69
43.7081 -69
43.6739 -69
43.6396 -69
43.6052 -69
43.5709 -69
43.5365 -69
43.502 -69
43.4675 -69
43.4324 -69
43.3973 -69
43.3622 -69
43.327 -69
43.2917 -69
43.256 -69
43.2206 -69
43.1864 -69
43.1522 -69
43.118 -69
43.0838 -69
43.0496 -69
43.0154 -69
42.9812 -69
42.9483 -69
42.916 -69
42.8837 -69
42.8515 -69
42.8192 -69
42.7869 -69
42.7546 -69
42.7223 -69
42.6901 -69
42.6578 -69
42.6256 -69
42.5933 -69
42.5615 -69
42.53 -69
42.4984 -69
42.4666 -69
42.4348 -69
42.403 -69
42.3713 -69
42.3395 -69
42.3077 -69
42.276 -69
42.2442 -69
42.2125 -69
42.1808 -69
42.149 -69
42.1173 -69
42.0857 -69
42.0552 -69
42.0246 -69
41.9941 -69
41.9635 -69
41.933 -69
41.9024 -69
41.8719 -69
41.8414 -69
41.8109 -69
41.7803 -69
41.7498 -69
41.7193 -69
41.6888 -69
41.6583 -69
41.6279 -69
41.5974 -69
41.5669 -69
41.5364 -69
41.506 -69
41.4755 -69
41.445 -69
41.4145 -69
41.3839 -69
41.3534 -69
41.3228 -69
41.2923 -69
41.2617 -69
41.2312 -69
41.2007 -69
41.1701 -69
41.1395 -69
41.1088 -69
41.0781 -69
41.0475 -69
41.0169 -69
40.9862 -69
40.9556 -69
40.925 -69
40.8944 -69
40.8639 -69
40.8333 -69
40.8028 -69
40.7722 -69
40.7417 -69
40.7112 -69
40.681 -69
40.6512 -69
40.6246 -69
40.598 -69
40.5715 -69
40.5451 -69
40.5186 -69
40.4922 -69
40.4658 -69
40.4394 -69
40.4131 -69
40.3867 -69
40.3603 -69
40.3338 -69
40.3074 -69
40.281 -69
40.2546 -69
40.2282 -69
40.2018 -69
40.1755 -69
40.1491 -69
40.1228 -69
40.0965 -69
40.0702 -69
40.0439 -69
40.0176 -69
39.9913 -69
39.9651 -69
39.9388 -69
39.9126 -69
39.8864 -69
39.8602 -69
39.834 -69
39.8078 -69
39.7816 -69
39.7555 -69
39.7294 -69
39.7032 -69
39.6771 -69
39.6511 -69
39.625 -69
39.5989 -69
39.5729 -69
39.5469 -69
39.5208 -69
39.4947 -69
39.4687 -69
39.4427 -69
39.4167 -69
39.3907 -69
39.3648 -69
39.3389 -69
39.3129 -69
39.287 -69
39.2612 -69
39.2353 -69
39.2095 -69
39.1836 -69
39.1578 -69
39.132 -69
39.1063 -69
39.0805 -69
39.0548 -69
39.0291 -69
39.0034 -69
38.9778 -69
38.9521 -69
38.9265 -69
38.9009 -69
38.8753 -69
38.8497 -69
38.8242 -69
38.7987 -69
38.7732 -69
38.7477 -69
38.7223 -69
38.6968 -69
38.6714 -69
38.6474 -69
38.6235 -69
38.5996 -69
38.5758 -69
38.552 -69
38.5282 -69
38.5044 -69
38.4806 -69
38.4569 -69
38.4332 -69
38.4095 -69
38.3858 -69
38.3622 -69
38.3385 -69
38.3149 -69
38.2913 -69
38.2678 -69
38.2442 -69
38.2207 -69
38.1972 -69
38.1738 -69
38.1503 -69
38.1268 -69
38.1033 -69
38.0799 -69
38.0565 -69
38.0331 -69
38.0098 -69
37.9864 -69
37.9631 -69
37.9398 -69
37.9165 -69
37.8933 -69
37.8722 -69
37.8512 -69
37.8302 -69
37.8093 -69
37.7884 -69
37.7675 -69
37.7466 -69
37.7257 -69
37.7049 -69
37.6841 -69
37.6634 -69
37.6428 -69
37.6222 -69
37.6016 -69
37.581 -69
37.5605 -69
37.5399 -69
37.5194 -69
37.4989 -69
37.4785 -69
37.458 -69
37.4376 -69
37.4172 -69
37.3969 -69
37.3765 -69
37.3562 -69
37.3359 -69
37.3156 -69
37.2953 -69
37.2751 -69
37.2549 -69
37.2347 -69
37.2145 -69
37.1944 -69
37.1743 -69
37.1542 -69
37.1341 -69
37.1141 -69
37.094 -69
37.074 -69
37.0541 -69
37.0341 -69
37.0142 -69
36.9943 -69
36.9744 -69
36.9546 -69
36.9347 -69
36.9149 -69
36.8952 -69
36.8754 -69
36.8557 -69
36.836 -69
36.8163 -69
36.7967 -69
36.777 -69
36.7574 -69
36.7379 -69
36.7183 -69
36.6988 -69
36.6793 -69
36.6598 -69
36.6404 -69
36.621 -69
36.6016 -69
36.5822 -69
36.5629 -69
36.5436 -69
36.5243 -69
36.505 -69
36.4858 -69
36.4666 -69
36.4474 -69
36.4283 -69
36.4091 -69
36.39 -69
36.371 -69
36.3519 -69
36.3329 -69
36.3139 -69
36.295 -69
36.2761 -69
36.2572 -69
36.2383 -69
36.2194 -69
36.2006 -69
36.1818 -69
36.1631 -69
36.1443 -69
36.1256 -69
36.107 -69
36.0883 -69
36.0697 -69
36.0511 -69
36.0325 -69
36.014 -69
35.9955 -69
35.977 -69
35.9586 -69
35.9401 -69
35.9218 -69
35.9034 -69
35.8851 -69
35.8668 -69
35.8485 -69
35.8302 -69
35.812 -69
35.7938 -69
35.7757 -69
35.7576 -69
35.7395 -69
35.7214 -69
35.7034 -69
35.6854 -69
35.6674 -69
35.6494 -69
35.6315 -69
35.6137 -69
35.5958 -69
35.578 -69
35.5602 -69
35.5426 -69
35.5249 -69
35.5073 -69
35.4897 -69
35.4721 -69
35.4546 -69
35.4371 -69
35.4197 -69
35.4022 -69
35.3848 -69
35.3675 -69
35.3502 -69
35.3329 -69
35.3156 -69
35.2984 -69
35.2812 -69
35.264 -69
35.2469 -69
35.2305 -69
35.2146 -69
35.1987 -69
35.1829 -69
35.167 -69
35.151 -69
35.1352 -69
35.1193 -69
35.1035 -69
35.0877 -69
35.0719 -69
35.0562 -69
35.0405 -69
35.0248 -69
35.0092 -69
34.9935 -69
34.978 -69
34.9624 -69
34.9469 -69
34.9314 -69
34.9159 -69
34.9005 -69
34.8851 -69
34.8698 -69
34.8544 -69
34.8391 -69
34.8239 -69
34.8086 -69
34.7934 -69
34.7782 -69
34.7631 -69
34.748 -69
34.7329 -69
34.7179 -69
34.7028 -69
34.6879 -69
34.6729 -69
34.658 -69
34.6431 -69
34.6282 -69
34.6134 -69
34.5986 -69
34.5839 -69
34.5692 -69
34.5545 -69
34.5399 -69
34.5253 -69
34.5108 -69
34.4962 -69
34.4817 -69
34.4673 -69
34.4529 -69
34.4385 -69
34.4241 -69
34.4098 -69
34.3955 -69
34.3813 -69
34.367 -69
34.3528 -69
34.3387 -69
34.3246 -69
34.3105 -69
34.2965 -69
34.2825 -69
34.2686 -69
34.2546 -69
34.2408 -69
34.2269 -69
34.2131 -69
34.1993 -69
34.1856 -69
34.1719 -69
34.1582 -69
34.1446 -69
34.1309 -69
34.1172 -69
34.1035 -69
34.0899 -69
34.0763 -69
34.0627 -69
34.0492 -69
34.0357 -69
34.0222 -69
34.0088 -69
33.9954 -69
33.982 -69
33.9687 -69
33.9554 -69
33.9421 -69
33.9289 -69
33.9157 -69
33.9025 -69
33.8894 -69
33.8763 -69
33.8632 -69
33.8501 -69
33.8371 -69
33.824 -69
33.811 -69
33.7981 -69
33.7851 -69
33.7722 -69
33.7593 -69
33.7465 -69
33.7337 -69
33.7217 -69
33.7098 -69
33.698 -69
33.6861 -69
33.6743 -69
33.6626 -69
33.6509 -69
33.6392 -69
33.6275 -69
33.6159 -69
33.6043 -69
33.5927 -69
33.5812 -69
33.5697 -69
33.5583 -69
33.5468 -69
33.5354 -69
33.5241 -69
33.5128 -69
33.5014 -69
33.4902 -69
33.4789 -69
33.4677 -69
33.4565 -69
33.4454 -69
33.4343 -69
33.4232 -69
33.4122 -69
33.4012 -69
33.3902 -69
33.3792 -69
33.3683 -69
33.3573 -69
33.3464 -69
33.3354 -69
33.3245 -69
33.3137 -69
33.3028 -69
33.2921 -69
33.2813 -69
33.2706 -69
33.2599 -69
33.2492 -69
33.2386 -69
33.2279 -69
33.2173 -69
33.2062 -69
33.1945 -69
33.1828 -69
33.1711 -69
33.1595 -69
33.1479 -69
33.1363 -69
33.1248 -69
33.1133 -69
33.1018 -69
33.0903 -69
33.0789 -69
33.0675 -69
33.0562 -69
33.0448 -69
33.0335 -69
33.0223 -69
33.011 -69
32.9998 -69
32.9886 -69
32.9774 -69
32.9662 -69
32.9551 -69
32.944 -69
32.9329 -69
32.9219 -69
32.9109 -69
32.8999 -69
32.8889 -69
32.878 -69
32.8671 -69
32.8563 -69
32.8455 -69
32.8347 -69
32.8239 -69
32.8132 -69
32.8025 -69
32.7918 -69
32.7812 -69
32.7706 -69
32.76 -69
32.7494 -69
32.7389 -69
32.7284 -69
32.718 -69
32.7075 -69
32.6971 -69
32.6868 -69
32.6764 -69
32.6661 -69
32.6558 -69
32.6456 -69
32.6354 -69
32.6252 -69
32.6151 -69
32.6049 -69
32.5949 -69
32.5848 -69
32.5748 -69
32.5648 -69
32.5549 -69
32.5449 -69
32.5351 -69
32.5252 -69
32.5154 -69
32.5056 -69
32.4959 -69
32.4861 -69
32.4765 -69
32.4668 -69
32.4572 -69
32.4476 -69
32.4381 -69
32.4286 -69
32.4191 -69
32.4096 -69
32.4002 -69
32.3908 -69
32.3815 -69
32.3722 -69
32.3629 -69
32.3537 -69
32.3445 -69
32.3353 -69
32.3261 -69
32.317 -69
32.308 -69
32.2989 -69
32.2899 -69
32.281 -69
32.272 -69
32.2631 -69
32.2542 -69
32.2454 -69
32.2366 -69
32.2279 -69
32.2191 -69
32.2104 -69
32.2018 -69
32.1932 -69
32.1846 -69
32.176 -69
32.1675 -69
32.159 -69
32.1506 -69
32.1422 -69
32.1338 -69
32.1255 -69
32.1172 -69
32.1089 -69
32.1007 -69
32.0925 -69
32.0844 -69
32.0761 -69
32.0679 -69
32.0598 -69
32.0517 -69
32.0436 -69
32.0355 -69
32.0275 -69
32.0195 -69
32.0116 -69
32.0036 -69
31.9957 -69
31.9879 -69
31.9801 -69
31.9723 -69
31.9646 -69
31.9569 -69
31.9492 -69
31.9416 -69
31.934 -69
31.9265 -69
31.9189 -69
31.9115 -69
31.904 -69
31.8966 -69
31.8893 -69
31.8819 -69
31.8746 -69
31.8674 -69
31.8602 -69
31.853 -69
31.8459 -69
31.8388 -69
31.8317 -69
31.8247 -69
31.8177 -69
31.8108 -69
31.8038 -69
31.797 -69
31.7901 -69
31.7833 -69
31.7766 -69
31.7699 -69
31.7632 -69
31.7565 -69
31.7499 -69
31.7434 -69
31.7368 -69
31.7304 -69
31.7239 -69
31.7175 -69
31.7111 -69
31.7048 -69
31.6985 -69
31.6923 -69
31.686 -69
31.6799 -69
31.6737 -69
31.6676 -69
31.6616 -69
31.6555 -69
31.6483 -69
31.641 -69
31.6338 -69
31.6267 -69
31.6196 -69
31.6125 -69
31.6055 -69
31.5985 -69
31.5915 -69
31.5846 -69
31.5777 -69
31.5708 -69
31.564 -69
31.5572 -69
31.5504 -69
31.5437 -69
31.537 -69
31.5304 -69
31.5238 -69
31.5172 -69
31.5107 -69
31.5041 -69
31.4977 -69
31.4913 -69
31.4849 -69
31.4785 -69
31.4722 -69
31.4659 -69
31.4596 -69
31.4534 -69
31.4472 -69
31.441 -69
31.4349 -69
31.4288 -69
31.4228 -69
31.4168 -69
31.4108 -69
31.4048 -69
31.3989 -69
31.3931 -69
31.3872 -69
31.3814 -69
31.3757 -69
31.37 -69
31.3643 -69
31.3586 -69
31.353 -69
31.3474 -69
31.3419 -69
31.3364 -69
31.3309 -69
31.3254 -69
31.3194 -69
31.313 -69
31.3067 -69
31.3004 -69
31.2927 -69
31.2851 -69
31.2776 -69
31.27 -69
31.2625 -69
31.255 -69
31.2476 -69
31.2401 -69
31.2327 -69
31.2254 -69
31.218 -69
31.2107 -69
31.2034 -69
31.1962 -69
31.1889 -69
31.1818 -69
31.1746 -69
31.1674 -69
31.1603 -69
31.1532 -69
31.1462 -69
31.1392 -69
31.1322 -69
31.1252 -69
31.1183 -69
31.1114 -69
31.1045 -69
31.0977 -69
31.0909 -69
31.0841 -69
31.0773 -69
31.0706 -69
31.0639 -69
31.0572 -69
31.0506 -69
31.044 -69
31.0374 -69
31.0309 -69
31.0244 -69
31.0179 -69
31.0114 -69
31.005 -69
30.9986 -69
30.9922 -69
30.9859 -69
30.9796 -69
30.9733 -69
30.967 -69
30.9608 -69
30.9546 -69
30.9484 -69
30.9423 -69
30.9362 -69
30.9301 -69
30.9241 -69
30.9181 -69
30.9121 -69
30.9061 -69
30.9002 -69
30.8943 -69
30.8884 -69
30.8826 -69
30.8768 -69
30.8711 -69
30.865 -69
30.858 -69
30.8508 -69
30.8438 -69
30.8367 -69
30.8297 -69
30.8227 -69
30.8158 -69
30.8088 -69
30.8019 -69
30.795 -69
30.7882 -69
30.7814 -69
30.7746 -69
30.7678 -69
30.7611 -69
30.7543 -69
30.7477 -69
30.741 -69
30.7344 -69
30.7278 -69
30.7212 -69
30.7146 -69
30.7081 -69
30.7016 -69
30.6951 -69
30.6879 -69
30.6804 -69
30.6728 -69
30.6652 -69
30.6577 -69
30.6502 -69
30.6427 -69
30.6353 -69
30.6278 -69
30.6204 -69
30.6131 -69
30.6057 -69
30.5984 -69
30.5911 -69
30.5838 -69
30.5765 -69
30.5693 -69
30.5621 -69
30.5549 -69
30.5477 -69
30.5406 -69
30.5335 -69
30.5264 -69
30.5194 -69
30.5123 -69
30.5053 -69
30.4983 -69
30.4914 -69
30.4845 -69
30.4776 -69
30.4707 -69
30.4639 -69
30.457 -69
30.4502 -69
30.4435 -69
30.4367 -69
30.43 -69
30.4233 -69
30.4167 -69
30.4101 -69
30.4035 -69
30.3969 -69
30.3903 -69
30.3838 -69
30.3773 -69
30.3709 -69
30.3644 -69
30.358 -69
30.3516 -69
30.3453 -69
30.3389 -69
30.3326 -69
30.3264 -69
30.3201 -69
30.3139 -69
30.3077 -69
30.3015 -69
30.2954 -69
30.2893 -69
30.2832 -69
30.2772 -69
30.2711 -69
30.2652 -69
30.2592 -69
30.2533 -69
30.2474 -69
30.2416 -69
30.2358 -69
30.2301 -69
30.2243 -69
30.2186 -69
30.213 -69
30.2073 -69
30.2017 -69
30.1961 -69
30.1906 -69
30.185 -69
30.1795 -69
30.174 -69
30.1686 -69
30.1632 -69
30.1578 -69
30.1524 -69
30.1471 -69
30.1418 -69
30.1366 -69
30.1313 -69
30.1261 -69
30.1209 -69
30.1158 -69
30.1107 -69
30.1056 -69
30.1005 -69
30.0955 -69
30.0905 -69
30.0855 -69
30.0806 -69
30.0756 -69
30.0708 -69
30.0659 -69
30.0611 -69
30.0563 -69
30.0515 -69
30.0468 -69
30.0421 -69
30.0374 -69
30.0327 -69
30.0281 -69
30.0235 -69
30.0189 -69
30.0144 -69
30.0099 -69
30.0054 -69
30.001 -69
29.9966 -69
29.9922 -69
29.9878 -69
29.9835 -69
29.9792 -69
29.9749 -69
29.9707 -69
29.9665 -69
29.9623 -69
29.9582 -69
29.9541 -69
29.9499 -69
29.9456 -69
29.9413 -69
29.9371 -69
29.9328 -69
29.9287 -69
29.9245 -69
29.9204 -69
29.9163 -69
29.9122 -69
29.9082 -69
29.9042 -69
29.9002 -69
29.8963 -69
29.8923 -69
29.8884 -69
29.8846 -69
29.8807 -69
29.8769 -69
29.8731 -69
29.8694 -69
29.8657 -69
29.862 -69
29.8583 -69
29.8547 -69
29.8511 -69
29.8475 -69
29.8439 -69
29.8404 -69
29.8369 -69
29.8334 -69
29.83 -69
29.8266 -69
29.8232 -69
29.8198 -69
29.8165 -69
29.8132 -69
29.8099 -69
29.8067 -69
29.8035 -69
29.8003 -69
29.7971 -69
29.794 -69
29.7909 -69
29.7879 -69
29.7848 -69
29.7819 -69
29.7789 -69
29.776 -69
29.7731 -69
29.7702 -69
29.7674 -69
29.7646 -69
29.7618 -69
29.7591 -69
29.7564 -69
29.7538 -69
29.7511 -69
29.7485 -69
29.746 -69
29.7435 -69
29.741 -69
29.7385 -69
29.7361 -69
29.7337 -69
29.7313 -69
29.729 -69
29.7267 -69
29.7245 -69
29.7222 -69
29.7201 -69
29.7179 -69
29.7158 -69
29.7137 -69
29.7117 -69
29.7096 -69
29.7077 -69
29.7057 -69
29.7038 -69
29.7019 -69
29.7001 -69
29.6983 -69
29.6964 -69
29.6947 -69
29.6929 -69
29.6912 -69
29.6896 -69
29.6879 -69
29.6863 -69
29.6848 -69
29.6832 -69
29.6817 -69
29.6803 -69
29.6789 -69
29.6775 -69
29.6761 -69
29.6748 -69
29.6735 -69
29.6722 -69
29.671 -69
29.6699 -69
29.6687 -69
29.6676 -69
29.6665 -69
29.6655 -69
29.6645 -69
29.6635 -69
29.6626 -69
29.6617 -69
29.6608 -69
29.66 -69
29.6592 -69
29.6585 -69
29.6578 -69
29.6571 -69
29.6564 -69
29.6558 -69
29.6552 -69
29.6547 -69
29.6542 -69
29.6537 -69
29.6533 -69
29.6529 -69
29.6525 -69
29.6522 -69
29.6519 -69
29.6516 -69
29.6514 -69
29.6512 -69
29.651 -69
29.6509 -69
29.6508 -69
29.6507 -69
29.6507 -69
29.6507 -69
29.6507 -69
29.6508 -69
29.6509 -69
29.651 -69
29.6504 -69
29.6495 -69
29.6486 -69
29.6477 -69
29.6468 -69
29.6444 -69
29.642 -69
29.6396 -69
29.6372 -69
29.6348 -69
29.6325 -69
29.6302 -69
29.6279 -69
29.6257 -69
29.6234 -69
29.6212 -69
29.619 -69
29.6169 -69
29.6148 -69
29.6127 -69
29.6106 -69
29.6085 -69
29.6065 -69
29.6045 -69
29.6026 -69
29.6006 -69
29.5987 -69
29.5968 -69
29.5949 -69
29.5931 -69
29.5913 -69
29.5895 -69
29.5877 -69
29.5859 -69
29.5842 -69
29.5825 -69
29.5808 -69
29.5792 -69
29.5776 -69
29.576 -69
29.5744 -69
29.5729 -69
29.5714 -69
29.5699 -69
29.5684 -69
29.567 -69
29.5656 -69
29.5642 -69
29.5628 -69
29.5615 -69
29.5602 -69
29.5589 -69
29.5577 -69
29.5564 -69
29.5552 -69
29.5541 -69
29.5529 -69
29.5518 -69
29.5508 -69
29.5497 -69
29.5487 -69
29.5477 -69
29.5467 -69
29.5457 -69
29.5448 -69
29.5439 -69
29.543 -69
29.5422 -69
29.5414 -69
29.5406 -69
29.5398 -69
29.5391 -69
29.5384 -69
29.5377 -69
29.5371 -69
29.5364 -69
29.5358 -69
29.5352 -69
29.5347 -69
29.5342 -69
29.5337 -69
29.5333 -69
29.5328 -69
29.5324 -69
29.5321 -69
29.5317 -69
29.5314 -69
29.5311 -69
29.5309 -69
29.5306 -69
29.5304 -69
29.5302 -69
29.53 -69
29.5299 -69
29.5298 -69
29.5297 -69
29.5297 -69
29.5297 -69
29.5297 -69
29.5297 -69
29.5298 -69
29.5299 -69
29.53 -69
29.5302 -69
29.5304 -69
29.5306 -69
29.5309 -69
29.5299 -69
29.5289 -69
29.5279 -69
29.5269 -69
29.526 -69
29.5251 -69
29.5242 -69
29.5233 -69
29.5225 -69
29.5216 -69
29.5209 -69
29.5201 -69
29.5194 -69
29.5186 -69
29.518 -69
29.5173 -69
29.5167 -69
29.5161 -69
29.5155 -69
29.5149 -69
29.5144 -69
29.5135 -69
29.5126 -69
29.5117 -69
29.5109 -69
29.51 -69
29.5092 -69
29.5084 -69
29.5077 -69
29.507 -69
29.5063 -69
29.5056 -69
29.505 -69
29.5043 -69
29.5037 -69
29.5032 -69
29.5026 -69
29.5021 -69
29.5016 -69
29.5011 -69
29.5007 -69
29.5002 -69
29.4999 -69
29.4995 -69
29.4991 -69
29.4988 -69
29.4985 -69
29.4982 -69
29.498 -69
29.4977 -69
29.4975 -69
29.4974 -69
29.4972 -69
29.4971 -69
29.497 -69
29.4969 -69
29.4969 -69
29.4969 -69
29.4968 -69
29.4967 -69
29.4965 -69
29.4965 -69
29.4964 -69
29.4964 -69
29.4964 -69
29.4964 -69
29.4964 -69
29.4965 -69
29.4966 -69
29.4967 -69
29.4968 -69
29.497 -69
29.4971 -69
29.4974 -69
29.4976 -69
29.4979 -69
29.4982 -69
29.4985 -69
29.4988 -69
29.4992 -69
29.4996 -69
29.5 -69
29.5005 -69
29.5008 -69
29.5009 -69
29.501 -69
29.5012 -69
29.5014 -69
29.5017 -69
29.5019 -69
29.5022 -69
29.5025 -69
29.5028 -69
29.5032 -69
29.5035 -69
29.5039 -69
29.5044 -69
29.5048 -69
29.5053 -69
29.5058 -69
29.5064 -69
29.5069 -69
29.5075 -69
29.5081 -69
29.5088 -69
29.5094 -69
29.5101 -69
29.5109 -69
29.5116 -69
29.5124 -69
29.5131 -69
29.514 -69
29.5148 -69
29.5157 -69
29.5166 -69
29.5175 -69
29.5184 -69
29.5194 -69
29.5204 -69
29.5214 -69
29.5225 -69
29.5236 -69
29.5247 -69
29.5258 -69
29.5269 -69
29.5281 -69
29.5293 -69
29.5305 -69
29.5318 -69
29.5331 -69
29.5344 -69
29.5357 -69
29.5371 -69
29.5384 -69
29.5397 -69
29.5411 -69
29.5425 -69
29.5439 -69
29.5453 -69
29.5467 -69
29.5482 -69
29.5497 -69
29.5513 -69
29.5528 -69
29.5544 -69
29.5561 -69
29.5577 -69
29.5594 -69
29.5611 -69
29.5628 -69
29.5646 -69
29.5663 -69
29.5681 -69
29.57 -69
29.5718 -69
29.5737 -69
29.5756 -69
29.5775 -69
29.5795 -69
29.5815 -69
29.5835 -69
29.5856 -69
29.5877 -69
29.5898 -69
29.5919 -69
29.5941 -69
29.5963 -69
29.5985 -69
29.6007 -69
29.6029 -69
29.6052 -69
29.6075 -69
29.6099 -69
29.6122 -69
29.6146 -69
29.617 -69
29.6194 -69
29.6218 -69
29.6243 -69
29.6267 -69
29.6292 -69
29.6317 -69
29.6341 -69
29.6366 -69
29.6391 -69
29.6417 -69
29.6442 -69
29.6468 -69
29.6495 -69
29.6521 -69
29.6548 -69
29.6575 -69
29.6603 -69
29.663 -69
29.6659 -69
29.6687 -69
29.6715 -69
29.6744 -69
29.6774 -69
29.6803 -69
29.6833 -69
29.6863 -69
29.6893 -69
29.6924 -69
29.6955 -69
29.6986 -69
29.7017 -69
29.7049 -69
29.7081 -69
29.7113 -69
29.7146 -69
29.7179 -69
29.7212 -69
29.7246 -69
29.7279 -69
29.7313 -69
29.7342 -69
29.7373 -69
29.7403 -69
29.7434 -69
29.7465 -69
29.7496 -69
29.7528 -69
29.7559 -69
29.7592 -69
29.7624 -69
29.7657 -69
29.769 -69
29.7723 -69
29.7757 -69
29.7791 -69
29.7825 -69
29.786 -69
29.7894 -69
29.7929 -69
29.7965 -69
29.8 -69
29.8036 -69
29.8073 -69
29.8109 -69
29.8146 -69
29.8183 -69
29.822 -69
29.8258 -69
29.8296 -69
29.8334 -69
29.8372 -69
29.8411 -69
29.845 -69
29.8489 -69
29.8529 -69
29.8569 -69
29.8609 -69
29.8649 -69
29.869 -69
29.8731 -69
29.8773 -69
29.8814 -69
29.8856 -69
29.8898 -69
29.8941 -69
29.8983 -69
29.9026 -69
29.9069 -69
29.9113 -69
29.9156 -69
29.92 -69
29.9244 -69
29.9289 -69
29.9334 -69
29.9379 -69
29.9424 -69
29.947 -69
29.9494 -69
29.9513 -69
29.9533 -69
29.9553 -69
29.9573 -69
29.9593 -69
29.9614 -69
29.9634 -69
29.9655 -69
29.9676 -69
29.9698 -69
29.9719 -69
29.9741 -69
29.9763 -69
29.9786 -69
29.9808 -69
29.9829 -69
29.9851 -69
29.9874 -69
29.9896 -69
29.9919 -68.9997
29.9942 -68.9995
29.9965 -68.9988
29.9989 -68.9977
30.0012 -68.9963
30.0036 -68.9946
30.0061 -68.9927
30.0085 -68.9904
30.011 -68.9877
30.0135 -68.9848
30.016 -68.9815
30.0185 -68.978
30.0202 -68.9716
30.0207 -68.9612
30.0213 -68.9504
30.0219 -68.9393
30.0225 -68.9279
30.0232 -68.9161
30.0238 -68.9039
30.0245 -68.8915
30.0252 -68.8787
30.0259 -68.8655
30.0267 -68.852
30.0274 -68.8382
30.0282 -68.824
30.029 -68.8095
30.0298 -68.7946
30.0307 -68.7794
30.0315 -68.7638
30.0324 -68.7479
30.0333 -68.7318
30.0342 -68.7154
30.0351 -68.6986
30.0361 -68.6839
30.0374 -68.6893
30.0387 -68.6944
30.04 -68.6992
30.0413 -68.7036
30.0426 -68.7077
30.044 -68.7116
30.0454 -68.715
30.0468 -68.7184
30.0482 -68.7215
30.0496 -68.7243
30.051 -68.7267
30.0525 -68.7288
30.054 -68.7306
30.0555 -68.7321
30.057 -68.7332
30.0586 -68.734
30.0601 -68.7345
30.0617 -68.7345
30.0633 -68.7343
30.0649 -68.7336
30.0666 -68.7326
30.0683 -68.7312
30.0699 -68.7295
30.0716 -68.7274
30.0734 -68.725
30.0751 -68.7223
30.0769 -68.7192
30.0786 -68.7159
30.0804 -68.7122
30.0823 -68.7081
30.0841 -68.7038
30.086 -68.6991
30.0878 -68.6941
30.0897 -68.6887
30.0917 -68.683
30.0936 -68.6771
30.0956 -68.6709
30.0975 -68.6644
30.0995 -68.6574
30.1016 -68.6502
30.1036 -68.6427
30.1057 -68.6351
30.1077 -68.6274
30.1098 -68.6196
30.1119 -68.6117
30.1141 -68.6037
30.1162 -68.5955
30.1184 -68.5873
30.1204 -68.5801
30.1224 -68.5728
30.1244 -68.5652
30.1265 -68.5576
30.1286 -68.5497
30.1307 -68.5417
30.1328 -68.5335
30.1349 -68.5251
30.1371 -68.5168
30.1393 -68.5082
30.1415 -68.4996
30.1437 -68.4908
30.1458 -68.4639
30.148 -68.4356
30.1502 -68.4072
30.1524 -68.3787
30.1546 -68.3502
30.1568 -68.3216
30.159 -68.293
30.1613 -68.2642
30.1636 -68.2354
30.166 -68.2064
30.1683 -68.1774
30.1707 -68.1483
30.1731 -68.1192
30.1755 -68.0899
30.1779 -68.0605
30.1804 -68.0312
30.1829 -68.0018
30.1854 -67.9723
30.1879 -67.9428
30.1904 -67.9131
30.193 -67.8834
30.1956 -67.8536
30.1982 -67.8237
30.2009 -67.7937
30.2035 -67.7637
30.2062 -67.7335
30.2089 -67.7033
30.2117 -67.673
30.2144 -67.6426
30.2172 -67.6123
30.22 -67.5818
30.2221 -67.5425
30.2234 -67.494
30.2247 -67.4455
30.226 -67.3969
30.2274 -67.3483
30.2287 -67.2996
30.2301 -67.2509
30.2315 -67.2022
30.233 -67.1534
30.2344 -67.1046
30.2359 -67.0557
30.2374 -67.0067
30.2389 -66.9577
30.2404 -66.9086
30.242 -66.8595
30.2436 -66.8103
30.2452 -66.761
30.2468 -66.7117
30.2485 -66.6623
30.2502 -66.6128
30.2519 -66.5633
30.2536 -66.5137
30.2553 -66.464
30.2571 -66.4143
30.2589 -66.3645
30.2607 -66.3147
30.2625 -66.2649
30.2644 -66.215
30.2663 -66.165
30.2682 -66.115
30.2701 -66.0648
30.272 -66.0147
30.274 -65.9644
30.276 -65.9141
30.278 -65.8637
30.2801 -65.8133
30.2821 -65.7628
30.2842 -65.7122
30.2863 -65.6616
30.2885 -65.6108
30.2907 -65.5601
30.2928 -65.5093
30.295 -65.4585
30.2973 -65.4077
30.2995 -65.3568
30.3018 -65.3058
30.3041 -65.2547
30.3064 -65.2036
30.3087 -65.1525
30.3111 -65.1013
30.3135 -65.05
30.3159 -64.9988
30.3183 -64.9475
30.3208 -64.8961
30.3233 -64.8446
30.3258 -64.7931
30.3283 -64.7416
30.3309 -64.69
30.3334 -64.6383
30.3359 -64.5869
30.3383 -64.5358
30.3407 -64.4846
30.3431 -64.4334
30.3456 -64.3822
30.348 -64.3309
30.3505 -64.2796
30.353 -64.2282
30.3556 -64.1767
30.3582 -64.1252
30.3607 -64.0736
30.3634 -64.022
30.366 -63.9704
30.3686 -63.9187
30.3713 -63.867
30.374 -63.8153
30.3767 -63.7636
30.3794 -63.7118
30.3822 -63.66
30.385 -63.6081
30.3878 -63.5562
30.3906 -63.5042
30.3935 -63.4521
30.3963 -63.4
30.3992 -63.3478
30.4022 -63.2956
30.4051 -63.2434
30.4081 -63.1912
30.4111 -63.1389
30.4141 -63.0866
30.4171 -63.0342
30.4202 -62.9817
30.4233 -62.9292
30.4264 -62.8766
30.4295 -62.8241
30.4326 -62.7715
30.4358 -62.7189
30.4391 -62.6703
30.4423 -62.6255
30.4457 -62.5806
30.449 -62.5357
30.4523 -62.4907
30.4557 -62.4456
30.4591 -62.4004
30.4626 -62.355
30.466 -62.3095
30.4695 -62.2639
30.473 -62.2181
30.4765 -62.1722
30.4801 -62.1262
30.4837 -62.08
30.4873 -62.0339
30.4909 -61.9877
30.4946 -61.9414
30.4983 -61.895
30.502 -61.8484
30.5057 -61.8017
30.5094 -61.7549
30.5132 -61.708
30.517 -61.6612
30.5206 -61.6109
30.5242 -61.5589
30.5277 -61.5068
30.5313 -61.4546
30.5349 -61.4024
30.5385 -61.35
30.542 -61.2984
30.5455 -61.2468
30.549 -61.1951
30.5525 -61.1432
30.556 -61.0913
30.5596 -61.0392
30.5632 -60.9869
30.5668 -60.9348
30.5705 -60.8826
30.5742 -60.8303
30.5779 -60.7779
30.5816 -60.7253
30.5853 -60.6727
30.5891 -60.62
30.5929 -60.5672
30.5967 -60.5143
30.6005 -60.4612
30.6044 -60.408
30.6083 -60.3547
30.6122 -60.3013
30.6162 -60.2478
30.6201 -60.1942
30.6241 -60.1405
30.6282 -60.0867
30.6322 -60.0328
30.6363 -59.9788
30.6404 -59.9247
30.6445 -59.8705
30.6486 -59.8163
30.6528 -59.7621
30.657 -59.7077
30.6612 -59.6534
30.6654 -59.599
30.6697 -59.5445
30.674 -59.4899
30.6783 -59.4353
30.6826 -59.3807
30.6869 -59.3261
30.6913 -59.2715
30.6957 -59.2167
30.7001 -59.162
30.7044 -59.1075
30.7088 -59.0532
30.7132 -58.9987
30.7176 -58.9441
30.722 -58.8894
30.7264 -58.8346
30.7309 -58.7796
30.7354 -58.7247
30.7399 -58.6696
30.7445 -58.6146
30.749 -58.5596
30.7536 -58.5045
30.7582 -58.4493
30.7629 -58.3941
30.7675 -58.3389
30.7722 -58.2835
30.7769 -58.2281
30.7816 -58.1727
30.7864 -58.1213
30.7912 -58.0727
30.7961 -58.024
30.801 -57.9751
30.8059 -57.9262
30.8109 -57.8773
30.8158 -57.8283
30.8208 -57.7791
30.8259 -57.7299
30.8309 -57.6806
30.8354 -57.6252
30.8397 -57.5682
30.8441 -57.5111
30.8485 -57.4539
30.853 -57.3967
30.8574 -57.3394
30.8619 -57.282
30.8664 -57.2245
30.871 -57.1669
30.8755 -57.1093
30.8801 -57.0519
30.8846 -56.9946
30.8892 -56.9374
30.8938 -56.8801
30.8984 -56.8228
30.9031 -56.7655
30.9077 -56.7083
30.9124 -56.651
30.9171 -56.5937
30.9218 -56.5363
30.9266 -56.4787
30.9314 -56.4211
30.9362 -56.3637
30.941 -56.3064
30.9457 -56.2493
30.9506 -56.1922
30.9554 -56.1353
30.9602 -56.0784
30.9651 -56.0214
30.9699 -55.9643
30.9748 -55.9073
30.9798 -55.8501
30.9847 -55.7928
30.9897 -55.7355
30.9947 -55.6782
30.9997 -55.6208
31.0047 -55.5633
31.0098 -55.5057
31.0149 -55.4482
31.02 -55.3907
31.0251 -55.3332
31.0302 -55.2756
31.0354 -55.2179
31.0406 -55.16
31.0458 -55.1021
31.0511 -55.0441
31.0564 -54.986
31.0617 -54.9279
31.067 -54.8696
31.0723 -54.8113
31.0777 -54.7528
31.0831 -54.6935
31.0884 -54.6336
31.0937 -54.5737
31.0991 -54.5136
31.1045 -54.4534
31.1099 -54.3932
31.1153 -54.3331
31.1208 -54.2728
31.1262 -54.2124
31.1317 -54.152
31.1373 -54.0914
31.1429 -54.0307
31.1484 -53.9698
31.1541 -53.9089
31.1597 -53.8482
31.1654 -53.7874
31.171 -53.7268
31.1767 -53.6661
31.1824 -53.6053
31.1881 -53.5445
31.1939 -53.4836
31.1989 -53.4265
31.2039 -53.3686
31.2088 -53.311
31.2137 -53.2534
31.2187 -53.1956
31.2237 -53.1378
31.2288 -53.0798
31.2338 -53.0218
31.2389 -52.9637
31.244 -52.9057
31.2492 -52.8476
31.2543 -52.7893
31.2595 -52.7311
31.2646 -52.6728
31.2698 -52.6147
31.2751 -52.5566
31.2803 -52.4984
31.2856 -52.4401
31.2908 -52.3817
31.2962 -52.3232
31.3015 -52.2645
31.3069 -52.2058
31.3123 -52.1471
31.3177 -52.0884
31.3231 -52.0299
31.3285 -51.9714
31.334 -51.9129
31.3394 -51.8543
31.3449 -51.7958
31.3504 -51.7373
31.356 -51.6786
31.3615 -51.6199
31.3671 -51.561
31.3727 -51.5019
31.3784 -51.4428
31.3841 -51.3835
31.3898 -51.3241
31.3955 -51.2647
31.4013 -51.2052
31.407 -51.1456
31.4128 -51.0859
31.4187 -51.026
31.4245 -50.9661
31.4304 -50.9061
31.4364 -50.8459
31.4423 -50.7857
31.4483 -50.7253
31.4543 -50.6651
31.4603 -50.6047
31.4663 -50.5442
31.4724 -50.4836
31.4785 -50.4229
31.4846 -50.3621
31.4908 -50.3011
31.4969 -50.2401
31.5032 -50.179
31.5094 -50.1177
31.5157 -50.0564
31.5219 -49.9954
31.5282 -49.9342
31.5345 -49.8729
31.5409 -49.8116
31.5473 -49.75
31.5537 -49.6884
31.5601 -49.6267
31.5666 -49.565
31.573 -49.5033
31.5795 -49.4415
31.5861 -49.3796
31.5926 -49.3176
31.5992 -49.2555
31.6058 -49.1933
31.6125 -49.1311
31.6191 -49.0689
31.6258 -49.0066
31.6325 -48.9442
31.6393 -48.8816
31.646 -48.8189
31.6528 -48.7562
31.6597 -48.6934
31.6665 -48.6306
31.6734 -48.5678
31.6803 -48.505
31.6871 -48.442
31.694 -48.379
31.7009 -48.3158
31.7078 -48.253
31.7147 -48.1902
31.7216 -48.1275
31.7286 -48.0646
31.7356 -48.0015
31.7426 -47.9384
31.7497 -47.8751
31.7568 -47.8117
31.7639 -47.7482
31.771 -47.6849
31.7781 -47.6215
31.7853 -47.5581
31.7925 -47.4946
31.7997 -47.4311
31.807 -47.3677
31.8142 -47.3041
31.8215 -47.2407
31.8288 -47.1771
31.8361 -47.1137
31.8435 -47.0503
31.8508 -46.9867
31.8582 -46.9231
31.8656 -46.8594
31.8731 -46.7956
31.8806 -46.7317
31.888 -46.6681
31.8955 -46.6045
31.9031 -46.541
31.9106 -46.4773
31.9181 -46.4139
31.9257 -46.3504
31.9333 -46.2868
31.9409 -46.2232
31.9486 -46.1594
31.9562 -46.0958
31.9639 -46.0321
31.9716 -45.9684
31.9793 -45.9047
31.9871 -45.8409
31.9949 -45.7769
32.0027 -45.7128
32.0106 -45.6487
32.0184 -45.5844
32.0264 -45.5199
32.0343 -45.4554
32.0423 -45.3908
32.0503 -45.326
32.0583 -45.2613
32.0663 -45.1964
32.0744 -45.1316
32.0825 -45.0669
32.0906 -45.002
32.0988 -44.9371
32.1069 -44.8721
32.1151 -44.807
32.1234 -44.7418
32.1316 -44.6764
32.1399 -44.611
32.1482 -44.5455
32.1566 -44.4799
32.165 -44.4142
32.1733 -44.3487
32.1818 -44.283
32.1902 -44.2172
32.1987 -44.1513
32.2072 -44.0854
32.2157 -44.0194
32.2243 -43.9532
32.2329 -43.887
32.2415 -43.8207
32.2501 -43.7544
32.2588 -43.6879
32.2675 -43.6212
32.2763 -43.5545
32.285 -43.4878
32.2938 -43.4217
32.3025 -43.3556
32.3113 -43.2894
32.3201 -43.2232
32.3289 -43.157
32.3378 -43.0908
32.3466 -43.0246
32.3555 -42.9583
32.3644 -42.8922
32.3734 -42.8259
32.3823 -42.7596
32.3913 -42.6933
32.4003 -42.627
32.4093 -42.5607
32.4184 -42.4942
32.4275 -42.4277
32.4366 -42.3611
32.4457 -42.2943
32.4549 -42.2275
32.4641 -42.1605
32.4734 -42.0935
32.4826 -42.0263
32.4919 -41.9591
32.5013 -41.8918
32.5106 -41.8243
32.52 -41.7568
32.5294 -41.6894
32.5389 -41.622
32.5483 -41.5545
32.5578 -41.4868
32.5673 -41.4191
32.5769 -41.3514
32.5864 -41.2836
32.596 -41.2156
32.6057 -41.1476
32.6154 -41.0794
32.6251 -41.0112
32.6348 -40.9429
32.6445 -40.8747
32.6543 -40.8066
32.664 -40.7386
32.6738 -40.6706
32.6836 -40.6026
32.6934 -40.5344
32.7033 -40.4661
32.7132 -40.3977
32.7231 -40.3293
32.7331 -40.2607
32.7431 -40.1921
32.7531 -40.1234
32.7631 -40.0548
32.7732 -39.9863
32.7832 -39.9176
32.7934 -39.8488
32.8035 -39.7799
32.8137 -39.7109
32.8239 -39.6418
32.8341 -39.5727
32.8444 -39.5035
32.8547 -39.4343
32.865 -39.3649
32.8753 -39.2954
32.8857 -39.2258
32.8961 -39.1562
32.9066 -39.0864
32.917 -39.0167
32.9275 -38.9471
32.938 -38.8773
32.9486 -38.8076
32.9591 -38.7378
32.9697 -38.6681
32.9803 -38.5984
32.9909 -38.5286
33.0016 -38.4586
33.0123 -38.3885
33.023 -38.3184
33.0338 -38.2481
33.0446 -38.178
33.0554 -38.1079
33.0662 -38.0377
33.077 -37.9677
33.0879 -37.8978
33.0988 -37.8278
33.1097 -37.7577
33.1206 -37.6876
33.1315 -37.6177
33.1425 -37.5477
33.1535 -37.4776
33.1645 -37.4076
33.1755 -37.3379
33.1865 -37.2683
33.1975 -37.1985
33.2086 -37.1286
33.2197 -37.0586
33.2309 -36.9885
33.2421 -36.9183
33.2533 -36.848
33.2645 -36.7776
33.2758 -36.7071
33.2871 -36.6367
33.2984 -36.5663
33.3098 -36.4958
33.3212 -36.4251
33.3326 -36.3545
33.344 -36.2837
33.3555 -36.2128
33.367 -36.1419
33.3786 -36.0708
33.3901 -35.9996
33.4017 -35.929
33.4132 -35.8584
33.4248 -35.7876
33.4365 -35.7169
33.4481 -35.6462
33.4598 -35.5753
33.4715 -35.5044
33.4832 -35.4334
33.495 -35.3623
33.5068 -35.2914
33.5186 -35.2204
33.5304 -35.1493
33.5423 -35.0781
33.5542 -35.0068
33.5661 -34.9354
33.5781 -34.8639
33.5901 -34.7923
33.6021 -34.7207
33.6142 -34.6489
33.6263 -34.5771
33.6384 -34.5054
33.6505 -34.4337
33.6627 -34.362
33.6749 -34.2902
33.6871 -34.2184
33.6993 -34.1464
33.7116 -34.0743
33.7239 -34.0022
33.7363 -33.9299
33.7487 -33.8576
33.7611 -33.7854
33.7735 -33.713
33.7859 -33.641
33.7983 -33.5693
33.8108 -33.4974
33.8232 -33.4255
33.8357 -33.3536
33.8482 -33.2819
33.8608 -33.2101
33.8733 -33.1383
33.8859 -33.0663
33.8986 -32.9942
33.9112 -32.9223
33.9239 -32.8502
33.9366 -32.778
33.9493 -32.7057
33.9621 -32.6333
33.9749 -32.5609
33.9878 -32.4884
34.0006 -32.416
34.0135 -32.3437
34.0263 -32.2721
34.0391 -32.2005
34.052 -32.1287
34.0649 -32.0568
34.0778 -31.9849
34.0908 -31.9128
34.1038 -31.8406
34.1169 -31.7685
34.1299 -31.6963
34.143 -31.6241
34.1561 -31.5517
34.1693 -31.4793
34.1825 -31.4068
34.1957 -31.3342
34.2089 -31.2616
34.2222 -31.1888
34.2355 -31.1159
34.2489 -31.043
34.2622 -30.9702
34.2756 -30.8975
34.289 -30.8246
34.3024 -30.7519
34.3159 -30.6791
34.3293 -30.6063
34.3428 -30.5334
34.3564 -30.4605
34.3699 -30.3875
34.3835 -30.3149
34.397 -30.2424
34.4106 -30.1698
34.4242 -30.0972
34.4379 -30.0245
34.4515 -29.9518
34.4652 -29.8791
34.4789 -29.8065
34.4927 -29.7338
34.5064 -29.6612
34.5202 -29.5885
34.534 -29.5157
34.5479 -29.4429
34.5617 -29.3703
34.5755 -29.2978
34.5894 -29.2252
34.6033 -29.1525
34.6173 -29.0797
34.6313 -29.0069
34.6453 -28.9339
34.6593 -28.8612
34.6734 -28.7884
34.6874 -28.7156
34.7015 -28.6429
34.7156 -28.5701
34.7297 -28.4974
34.7439 -28.4246
34.7581 -28.3518
34.7723 -28.2788
34.7866 -28.2058
34.8008 -28.1328
34.8152 -28.0598
34.8295 -27.9866
34.8439 -27.9134
34.8583 -27.8401
34.8727 -27.7667
34.8871 -27.6934
34.9016 -27.6202
34.9161 -27.5468
34.9306 -27.4734
34.9451 -27.4003
34.9597 -27.3273
34.9742 -27.2542
34.9888 -27.1812
35.0034 -27.1081
35.018 -27.0352
35.0327 -26.9622
35.0473 -26.8891
35.062 -26.816
35.0768 -26.7427
35.0915 -26.6694
35.1064 -26.5959
35.1212 -26.5227
35.136 -26.4496
35.1508 -26.3763
35.1657 -26.3031
35.1806 -26.2299
35.1955 -26.1567
35.2105 -26.0834
35.2254 -26.01
35.2404 -25.9367
35.2555 -25.8632
35.2705 -25.7897
35.2856 -25.7163
35.3007 -25.6427
35.3159 -25.5691
35.3311 -25.4956
35.3462 -25.422
35.3614 -25.3486
35.3766 -25.2754
35.3919 -25.2021
35.4071 -25.1288
35.4224 -25.0556
35.4377 -24.9824
35.453 -24.9093
35.4683 -24.8363
35.4836 -24.7636
35.4989 -24.6911
35.5142 -24.6186
35.5295 -24.5462
35.5448 -24.4739
35.5602 -24.4015
35.5756 -24.329
35.591 -24.2564
35.6065 -24.1839
35.622 -24.1114
35.6375 -24.0388
35.653 -23.9661
35.6686 -23.8934
35.6842 -23.8207
35.6998 -23.7479
35.7155 -23.6751
35.7311 -23.6021
35.7469 -23.5291
35.7626 -23.456
35.7784 -23.3831
35.7942 -23.3102
35.81 -23.2372
35.8258 -23.1641
35.8417 -23.091
35.8576 -23.0179
35.8735 -22.9449
35.8894 -22.872
35.9053 -22.7992
35.9213 -22.7266
35.9372 -22.6539
35.9529 -22.5813
35.9688 -22.5086
35.9846 -22.4358
36.0005 -22.3629
36.0164 -22.29
36.0323 -22.2171
36.0483 -22.1443
36.0642 -22.0716
36.0802 -21.9989
36.0962 -21.9261
36.1123 -21.8532
36.1283 -21.7802
36.1444 -21.7072
36.1606 -21.6342
36.1767 -21.5611
36.1929 -21.4879
36.2092 -21.4146
36.2254 -21.3412
36.2417 -21.2677
36.2581 -21.1942
36.2744 -21.1205
36.2908 -21.0468
36.3073 -20.973
36.3237 -20.8991
36.3402 -20.8252
36.3568 -20.7513
36.3733 -20.6773
36.3899 -20.6032
36.4065 -20.5291
36.4232 -20.4551
36.4398 -20.3812
36.4565 -20.3072
36.4731 -20.2333
36.4898 -20.1596
36.5065 -20.0859
36.5233 -20.0122
36.54 -19.9383
36.5568 -19.8644
36.5736 -19.7907
36.5904 -19.7172
36.6072 -19.6436
36.6241 -19.57
36.641 -19.4963
36.6579 -19.4227
36.6748 -19.3491
36.6918 -19.2754
36.7087 -19.2018
36.7257 -19.1285
36.7427 -19.0552
36.7596 -18.9821
36.7766 -18.9095
36.7935 -18.8368
36.8105 -18.7642
36.8275 -18.6917
36.8445 -18.619
36.8615 -18.5465
36.8786 -18.4741
36.8956 -18.4016
36.9127 -18.329
36.9299 -18.2563
36.947 -18.1836
36.9642 -18.111
36.9814 -18.0383
36.9986 -17.9656
37.0159 -17.8928
37.0332 -17.82
37.0505 -17.7471
37.0678 -17.6744
37.0851 -17.6018
37.1025 -17.5291
37.1199 -17.4564
37.1373 -17.3836
37.1547 -17.3109
37.1722 -17.2382
37.1897 -17.1654
37.2072 -17.0927
37.2246 -17.0205
37.2421 -16.9486
37.2596 -16.8767
37.277 -16.8047
37.2946 -16.7327
37.3121 -16.6607
37.3297 -16.5887
37.3473 -16.5165
37.3649 -16.4443
37.3826 -16.3721
37.4003 -16.2998
37.418 -16.2276
37.4358 -16.1553
37.4535 -16.0831
37.4713 -16.0108
37.4891 -15.9387
37.5068 -15.867
37.5246 -15.7953
37.5424 -15.7235
37.5603 -15.6517
37.5782 -15.5798
37.596 -15.508
37.6139 -15.4364
37.6318 -15.3649
37.6497 -15.2935
37.6676 -15.2224
37.6855 -15.1513
37.7034 -15.0801
37.7214 -15.0089
37.7393 -14.9378
37.7573 -14.8666
37.7753 -14.7955
37.7934 -14.7245
37.8114 -14.6534
37.8294 -14.5827
37.8474 -14.5122
37.8655 -14.4417
37.8835 -14.3711
37.9016 -14.3004
37.9198 -14.2296
37.9379 -14.159
37.9561 -14.0882
37.9743 -14.0175
37.9925 -13.9467
38.0108 -13.8759
38.029 -13.8054
38.0472 -13.7353
38.0654 -13.6651
38.0837 -13.5949
38.1019 -13.5249
38.1202 -13.4549
38.1385 -13.385
38.1568 -13.3151
38.1752 -13.2452
38.1935 -13.1751
38.2119 -13.105
38.2303 -13.0339
38.2485 -12.96
38.2668 -12.886
38.2851 -12.8118
38.3034 -12.7377
38.3217 -12.6635
38.3401 -12.5895
38.3585 -12.5153
38.3769 -12.4411
38.3953 -12.3669
38.4138 -12.2927
38.4322 -12.2186
38.4507 -12.1445
38.4692 -12.0706
38.4877 -11.9971
38.5061 -11.9235
38.5246 -11.8499
38.5432 -11.7762
38.5617 -11.7026
38.5803 -11.6291
38.5989 -11.5555
38.6175 -11.4818
38.6362 -11.4081
38.6548 -11.3346
38.6734 -11.2615
38.692 -11.1885
38.7107 -11.1153
38.7293 -11.0421
38.748 -10.9689
38.7667 -10.8959
38.7855 -10.8227
38.8043 -10.7495
38.8231 -10.6763
38.8419 -10.6029
38.8608 -10.5295
38.8797 -10.456
38.8986 -10.3824
38.9176 -10.3088
38.9366 -10.2351
38.9556 -10.1613
38.9746 -10.0878
38.9937 -10.0142
39.0127 -9.94048
39.0319 -9.86674
39.051 -9.79293
39.0701 -9.71942
39.0892 -9.64609
39.1083 -9.57307
39.1274 -9.50037
39.1465 -9.4276
39.1656 -9.35476
39.1848 -9.28186
39.204 -9.20888
39.2233 -9.13583
39.2425 -9.06272
39.2618 -8.98982
39.281 -8.91715
39.3003 -8.84451
39.3196 -8.77187
39.3389 -8.69934
39.3582 -8.62679
39.3775 -8.55438
39.3967 -8.48251
39.416 -8.41071
39.4353 -8.33894
39.4546 -8.26711
39.4739 -8.19526
39.4933 -8.12333
39.5127 -8.05147
39.532 -7.97977
39.5514 -7.90808
39.5708 -7.83632
39.5903 -7.76451
39.6098 -7.69265
39.6293 -7.62092
39.6488 -7.54913
39.6683 -7.47727
39.6879 -7.40535
39.7075 -7.33336
39.7272 -7.26137
39.7468 -7.1894
39.7665 -7.11739
39.7862 -7.04536
39.8059 -6.97331
39.8257 -6.90119
39.8455 -6.8291
39.8652 -6.75709
39.885 -6.6851
39.9049 -6.61317
39.9247 -6.54118
39.9446 -6.46912
39.9644 -6.39788
39.9842 -6.32658
40.004 -6.25521
40.0239 -6.18377
40.0438 -6.11227
40.0636 -6.04129
40.0835 -5.9703
40.1034 -5.89924
40.1234 -5.82812
40.1433 -5.75694
40.1633 -5.68577
40.1833 -5.61471
40.2033 -5.54372
40.2232 -5.47328
40.2432 -5.40296
40.2631 -5.33276
40.2831 -5.26249
40.303 -5.19227
40.323 -5.12221
40.343 -5.05211
40.363 -4.98196
40.3831 -4.91173
40.4032 -4.84145
40.4233 -4.7711
40.4435 -4.70069
40.4637 -4.63021
40.4839 -4.55975
40.5041 -4.48923
40.5244 -4.41872
40.5446 -4.34848
40.5649 -4.27827
40.5851 -4.2081
40.6054 -4.1381
40.6257 -4.06825
40.6459 -3.99843
40.6662 -3.92859
40.6865 -3.85878
40.7068 -3.78917
40.7272 -3.71949
40.7475 -3.65018
40.7678 -3.58097
40.7881 -3.51172
40.8084 -3.44283
40.8287 -3.37388
40.849 -3.30486
40.8694 -3.2358
40.8898 -3.16674
40.9102 -3.09771
40.9306 -3.02897
40.951 -2.9602
40.9714 -2.8914
40.9919 -2.82277
41.0123 -2.75461
41.0326 -2.68695
41.0529 -2.61926
41.0733 -2.55152
41.0937 -2.48371
41.1141 -2.41615
41.1345 -2.34855
41.155 -2.28088
41.1754 -2.2134
41.1958 -2.14619
41.2163 -2.07892
41.2367 -2.01159
41.2572 -1.9442
41.2778 -1.87675
41.2983 -1.80932
41.3189 -1.74192
41.3395 -1.67446
41.3601 -1.60693
41.3807 -1.53938
41.4014 -1.47197
41.4221 -1.4045
41.4428 -1.33697
41.4635 -1.26938
41.4842 -1.20203
41.505 -1.13462
41.5258 -1.06716
41.5466 -0.999633
41.5674 -0.932051
41.5883 -0.864522
41.6091 -0.797424
41.6299 -0.730266
41.6507 -0.66305
41.6716 -0.595889
41.6925 -0.528795
41.7133 -0.462354
41.734 -0.395916
41.7548 -0.329344
41.7755 -0.262879
41.7963 -0.19665
41.817 -0.130431
41.8378 -0.0642925
41.8586 0.00184925
41.8793 0.0678
41.9001 0.133533
41.9209 0.199311
41.9417 0.265011
41.9624 0.330326
41.9832 0.395659
42.0039 0.460948
42.0247 0.526243
42.0455 0.59155
42.0664 0.656913
42.0873 0.722333
42.1081 0.787739
42.1291 0.853157
42.15 0.918632
42.171 0.984079
42.1919 1.04941
42.2129 1.11462
42.2338 1.17982
42.2548 1.24499
42.2758 1.30974
42.2967 1.37427
42.3176 1.43877
42.3386 1.50327
42.3595 1.56782
42.3805 1.63239
42.4016 1.69692
42.4226 1.76143
42.4436 1.82596
42.4647 1.89054
42.4858 1.95517
42.5069 2.01977
42.5281 2.08434
42.5492 2.1486
42.5703 2.21272
42.5914 2.2767
42.6125 2.3407
42.6335 2.40419
42.6546 2.46774
42.6757 2.53126
42.6968 2.59466
42.7179 2.6581
42.7391 2.72155
42.7602 2.78501
42.7814 2.84843
42.8026 2.91191
42.8238 2.97534
42.8449 3.03797
42.8659 3.09999
42.8869 3.16208
42.908 3.22421
42.9291 3.2864
42.9502 3.34837
42.9713 3.41037
42.9924 3.47242
43.0135 3.53453
43.0347 3.59659
43.0559 3.65865
43.0771 3.72051
43.0982 3.7823
43.1194 3.8441
43.1407 3.90591
43.1619 3.9675
43.1831 4.02902
43.2043 4.0906
43.2255 4.15222
43.2468 4.21385
43.2681 4.27528
43.2894 4.33676
43.3107 4.3983
43.332 4.45988
43.3534 4.5213
43.3747 4.58264
43.396 4.64397
43.4174 4.70509
43.4387 4.76617
43.4601 4.82731
43.4815 4.88826
43.5028 4.94917
43.5242 5.01014
43.5456 5.07112
43.567 5.13188
43.5884 5.19265
43.6099 5.25336
43.6313 5.31407
43.6528 5.37471
43.6742 5.43518
43.6957 5.4957
43.7172 5.55627
43.7387 5.61688
43.7602 5.67718
43.7816 5.737
43.8031 5.79688
43.8245 5.8568
43.846 5.91677
43.8676 5.97674
43.8891 6.03676
43.9107 6.09683
43.9323 6.15665
43.9539 6.21651
43.9755 6.27641
43.9971 6.33635
44.0188 6.39634
44.0405 6.45638
44.0622 6.51647
44.0839 6.57655
44.1057 6.63667
44.1275 6.69684
44.1493 6.75705
44.1711 6.81732
44.193 6.87763
44.2149 6.93791
44.2368 6.99814
44.2587 7.05841
44.2806 7.11873
44.3026 7.17909
44.3246 7.23951
44.3467 7.29998
44.3687 7.36049
44.3908 7.42104
44.4129 7.48162
44.435 7.54216
44.4571 7.60193
44.4791 7.6613
44.5012 7.7207
44.5233 7.78007
44.5454 7.8395
44.5675 7.89897
44.5896 7.95848
44.6118 8.01805
44.634 8.07767
44.6563 8.13733
44.6785 8.19704
44.7008 8.2568
44.7231 8.31648
44.7454 8.37616
44.7678 8.4359
44.7901 8.49559
44.8124 8.55434
44.8346 8.61313
44.8569 8.67196
44.8792 8.73085
44.9015 8.78977
44.9238 8.84875
44.9462 8.90777
44.9686 8.96676
44.991 9.0258
45.0134 9.08489
45.0359 9.14402
45.0584 9.2032
45.0809 9.26243
45.1035 9.3217
45.1261 9.38101
45.1487 9.44037
45.1713 9.49977
45.1939 9.55901
45.2166 9.61826
45.2392 9.67755
45.2619 9.73684
45.2846 9.79619
45.3074 9.85558
45.3302 9.91495
45.3529 9.97425
45.3757 10.0336
45.3985 10.093
45.4213 10.1522
45.4441 10.211
45.4669 10.2698
45.4897 10.3287
45.5125 10.3876
45.5353 10.4464
45.5582 10.5052
45.5811 10.5641
45.604 10.623
45.6269 10.682
45.6499 10.741
45.6729 10.8001
45.6959 10.8592
45.719 10.9184
45.742 10.9776
45.7651 11.0369
45.7883 11.0962
45.8114 11.1556
45.8346 11.215
45.8578 11.2744
45.8811 11.3339
45.9044 11.3934
45.9276 11.453
45.951 11.5127
45.9743 11.5723
45.9977 11.632
46.0211 11.6916
46.0445 11.7512
46.0679 11.8108
46.0913 11.8704
46.1148 11.93
46.1383 11.9897
46.1618 12.0494
46.1853 12.109
46.2088 12.1684
46.2323 12.2279
46.2559 12.2873
46.2794 12.3469
46.303 12.4064
46.3267 12.466
46.3503 12.5256
46.374 12.5853
46.3977 12.645
46.4213 12.706
46.445 12.768
46.4686 12.83
46.4922 12.8918
46.5159 12.9537
46.5396 13.0156
46.5633 13.0775
46.587 13.139
46.6106 13.2003
46.6342 13.2616
46.6579 13.323
46.6816 13.3844
46.7053 13.4457
46.7291 13.5072
46.7529 13.5687
46.7767 13.6302
46.8005 13.6918
46.8244 13.7534
46.8483 13.8151
46.8722 13.8768
46.8961 13.9385
46.9201 14.0003
46.9441 14.0622
46.9681 14.1241
46.9922 14.186
47.0163 14.248
47.0404 14.31
47.0645 14.372
47.0887 14.434
47.1129 14.4961
47.1371 14.5583
47.1613 14.6203
47.1855 14.6821
47.2097 14.744
47.2339 14.806
47.2582 14.868
47.2825 14.93
47.3068 14.992
47.3312 15.0541
47.3556 15.1162
47.3799 15.178
47.4042 15.2392
47.4284 15.3004
47.4526 15.3614
47.4769 15.4224
47.5012 15.4835
47.5255 15.5446
47.5499 15.6058
47.5742 15.6669
47.5986 15.7281
47.6231 15.7894
47.6475 15.8507
47.672 15.912
47.6965 15.9734
47.721 16.0349
47.7456 16.0963
47.7702 16.1579
47.7948 16.2194
47.8194 16.281
47.8441 16.3426
47.8687 16.404
47.8934 16.4654
47.9181 16.5268
47.9428 16.5883
47.9675 16.6498
47.9923 16.7114
48.0171 16.773
48.0419 16.8347
48.0668 16.8963
48.0915 16.9593
48.1163 17.0227
48.1411 17.0862
48.166 17.1497
48.1908 17.2133
48.2157 17.2769
48.2404 17.3395
48.2651 17.402
48.2899 17.4645
48.3146 17.5271
48.3394 17.5897
48.3642 17.6523
48.3891 17.715
48.4139 17.7777
48.4388 17.8405
48.4637 17.9032
48.4887 17.966
48.5136 18.0289
48.5386 18.0917
48.5636 18.1546
48.5886 18.2174
48.6137 18.2803
48.6387 18.3431
48.6638 18.406
48.689 18.469
48.7141 18.532
48.7392 18.5946
48.7643 18.657
48.7893 18.7194
48.8145 18.7818
48.8396 18.8443
48.8647 18.9068
48.8899 18.9691
48.9151 19.0316
48.9403 19.0941
48.9655 19.1566
48.9908 19.2191
49.0161 19.2817
49.0414 19.3444
49.0668 19.4071
49.0921 19.4697
49.1175 19.5325
49.1429 19.5951
49.1683 19.6578
49.1938 19.7205
49.2193 19.7833
49.2448 19.8461
49.2703 19.9089
49.2958 19.9717
49.3214 20.0345
49.347 20.0973
49.3725 20.1601
49.3982 20.2229
49.4238 20.2857
49.4494 20.3484
49.4751 20.411
49.5007 20.4737
49.5264 20.5363
49.5521 20.5991
49.5779 20.6619
49.6036 20.7247
49.6294 20.7875
49.6552 20.8501
49.6809 20.9125
49.7067 20.9749
49.7325 21.0373
49.7583 21.0998
49.7841 21.1623
49.81 21.2249
49.8359 21.2875
49.8618 21.3501
49.8877 21.4126
49.9136 21.4748
49.9395 21.537
49.9654 21.5993
49.9913 21.6616
50.0173 21.7239
50.0432 21.7861
50.0692 21.8483
50.0952 21.9105
50.1212 21.9727
50.1473 22.0349
50.1733 22.097
50.1994 22.1593
50.2255 22.2215
50.2516 22.2838
50.2778 22.3462
50.3039 22.4084
50.3301 22.4707
50.3563 22.533
50.3826 22.5954
50.4088 22.6578
50.4351 22.7201
50.4613 22.7822
50.4876 22.8445
50.5139 22.9067
50.5403 22.969
50.5666 23.0314
50.593 23.0937
50.6194 23.1562
50.6458 23.2182
50.6722 23.2803
50.6986 23.3425
50.7251 23.4047
50.7515 23.4669
50.778 23.5292
50.8046 23.5915
50.8311 23.6537
50.8576 23.7158
50.8841 23.7779
50.9107 23.84
50.9373 23.9021
50.9639 23.9642
50.9905 24.0262
51.0171 24.0883
51.0437 24.1503
51.0704 24.2125
51.0971 24.2746
51.1238 24.3368
51.1506 24.3991
51.1774 24.4614
51.2042 24.5237
51.231 24.586
51.2579 24.6484
51.2848 24.7109
51.3117 24.7734
51.3386 24.8359
51.3656 24.8985
51.3926 24.9611
51.4196 25.0237
51.4467 25.0864
51.4738 25.1492
51.5009 25.2119
51.528 25.2747
51.5552 25.3376
51.5824 25.4005
51.6096 25.4634
51.6369 25.5264
51.6641 25.5894
51.6914 25.6525
51.7188 25.7156
51.7461 25.7787
51.7735 25.8419
51.8009 25.9051
51.8284 25.9684
51.8558 26.0317
51.8833 26.095
51.9109 26.1584
51.9384 26.2218
51.966 26.2853
51.9936 26.3488
52.0213 26.4123
52.0489 26.4759
52.0766 26.5396
52.1043 26.6032
52.1321 26.6669
52.1599 26.7307
52.1877 26.7945
52.2155 26.8583
52.2433 26.9222
52.2712 26.9861
52.2992 27.0501
52.3271 27.1141
52.3551 27.1781
52.3831 27.2422
52.4111 27.3063
52.4391 27.3705
52.4672 27.4347
52.4953 27.4989
52.5235 27.5632
52.5517 27.6275
52.5798 27.6919
52.6081 27.7563
52.6363 27.8207
52.6646 27.8852
52.6929 27.9497
52.7213 28.0143
52.7496 28.0789
52.778 28.1435
52.8064 28.2082
52.8349 28.273
52.8634 28.3377
52.8919 28.4026
52.9204 28.4674
52.949 28.5323
52.9776 28.5972
53.0062 28.6622
53.0348 28.7272
53.0635 28.7923
53.0922 28.8574
53.1209 28.9225
53.1497 28.9877
53.1785 29.0529
53.2073 29.1182
53.2362 29.1835
53.265 29.2488
53.2939 29.3142
53.3229 29.3796
53.3518 29.4451
53.3808 29.5106
53.4098 29.5762
53.4389 29.6417
53.468 29.7074
53.4971 29.773
53.5262 29.8388
53.5554 29.9045
53.5846 29.9703
53.6138 30.0361
53.643 30.102
53.6723 30.1679
53.7016 30.2339
53.7309 30.2999
53.7603 30.3659
53.7897 30.432
53.8191 30.4981
53.8486 30.5643
53.8781 30.6305
53.9076 30.6967
53.9371 30.763
53.9667 30.8293
53.9963 30.8957
54.0259 30.9621
54.0555 31.0285
54.0852 31.095
54.1149 31.1616
54.1447 31.2281
54.1744 31.2947
54.2042 31.3614
54.234 31.4284
54.2639 31.4956
54.2937 31.5628
54.3236 31.6301
54.3535 31.6974
54.3834 31.7648
54.4134 31.8322
54.4434 31.8997
54.4734 31.9672
54.5035 32.0347
54.5335 32.1023
54.5637 32.1699
54.5938 32.2375
54.624 32.3052
54.6542 32.373
54.6844 32.4407
54.7146 32.5085
54.7449 32.5764
54.7752 32.6443
54.8056 32.7122
54.836 32.7802
54.8664 32.8482
54.8968 32.9163
54.9273 32.9844
54.9578 33.0526
54.9883 33.1207
55.0188 33.189
55.0494 33.2572
55.08 33.3256
55.1107 33.3939
55.1413 33.4623
55.172 33.5307
55.2028 33.5992
55.2335 33.6677
55.2643 33.7363
55.2951 33.8049
55.326 33.8735
55.3568 33.9422
55.3878 34.0109
55.4187 34.0797
55.4497 34.1485
55.4807 34.2173
55.5117 34.2862
55.5427 34.3551
55.5738 34.4241
55.6049 34.4931
55.6361 34.5621
55.6673 34.6312
55.6985 34.7003
55.7297 34.7695
55.761 34.8387
55.7922 34.908
55.8236 34.9773
55.8549 35.0466
55.8863 35.116
55.9177 35.1854
55.9492 35.2549
55.9806 35.3244
56.0121 35.3939
56.0437 35.4635
56.0752 35.5331
56.1068 35.6028
56.1385 35.6725
56.1701 35.7422
56.2018 35.812
56.2335 35.8818
56.2652 35.9517
56.297 36.0216
56.3288 36.0916
56.3607 36.1615
56.3925 36.2316
56.4244 36.3016
56.4563 36.3718
56.4883 36.4419
56.5203 36.5121
56.5523 36.5823
56.5843 36.6526
56.6164 36.7229
56.6485 36.7933
56.6807 36.8637
56.7128 36.9342
56.745 37.0046
56.7773 37.0752
56.8095 37.1457
56.8418 37.2163
56.8741 37.287
56.9065 37.3577
56.9389 37.4284
56.9713 37.4992
57.0037 37.57
57.0362 37.6408
57.0687 37.7117
57.1012 37.7827
57.1338 37.8536
57.1664 37.9247
57.199 37.9957
57.2317 38.0668
57.2643 38.138
57.2971 38.2091
57.3298 38.2804
57.3626 38.3516
57.3954 38.4229
57.4282 38.4943
57.4611 38.5657
57.494 38.6371
57.5269 38.7086
57.5599 38.7801
57.5929 38.8516
57.6259 38.9232
57.659 38.9948
57.6921 39.0665
57.7252 39.1382
57.7583 39.21
57.7915 39.2818
57.8247 39.3536
57.858 39.4255
57.8912 39.4974
57.9245 39.5694
57.9579 39.6414
57.9912 39.7134
58.0246 39.7855
58.058 39.8577
58.0915 39.9298
58.125 40.002
58.1585 40.0743
58.1921 40.1466
58.2256 40.2189
58.2593 40.2913
58.2929 40.3637
58.3266 40.4361
58.3603 40.5086
58.394 40.5812
58.4278 40.6538
58.4616 40.7264
58.4954 40.799
58.5293 40.8717
58.5632 40.9445
58.5971 41.0173
58.6311 41.0901
58.6651 41.163
58.6991 41.2359
58.7331 41.3088
58.7672 41.3818
58.8013 41.4548
58.8355 41.5279
58.8696 41.601
58.9038 41.6742
58.9381 41.7474
58.9724 41.8206
59.0067 41.8939
59.041 41.9672
59.0754 42.0406
59.1098 42.114
59.1442 42.1874
59.1786 42.2609
59.2131 42.3344
59.2477 42.408
59.2822 42.4816
59.3168 42.5552
59.3514 42.6289
59.3861 42.7027
59.4207 42.7764
59.4555 42.8502
59.4902 42.9241
59.525 42.998
59.5598 43.0719
59.5946 43.1459
59.6295 43.2199
59.6644 43.294
59.6993 43.3681
59.7343 43.4422
59.7693 43.5164
59.8043 43.5906
59.8394 43.6649
59.8745 43.7392
59.9096 43.8136
59.9448 43.8879
59.98 43.9624
60.0152 44.0368
60.0505 44.1114
60.0857 44.1859
60.1211 44.2605
60.1564 44.3351
60.1918 44.4098
60.2272 44.4845
60.2627 44.5593
60.2981 44.6341
60.3337 44.7089
60.3692 44.7838
60.4048 44.8587
60.4404 44.9337
60.476 45.0087
60.5117 45.0838
60.5474 45.1589
60.5831 45.234
60.6189 45.3092
60.6547 45.3844
60.6905 45.4596
60.7264 45.5349
60.7623 45.6103
60.7982 45.6856
60.8342 45.761
60.8702 45.8365
60.9062 45.912
60.9423 45.9875
60.9784 46.0631
61.0145 46.1388
61.0507 46.2144
61.0868 46.2901
61.1231 46.3659
61.1593 46.4417
61.1956 46.5175
