0.1 -0.367725
0.2 -0.737852
0.3 -1.11063
0.4 -1.48604
0.5 -1.86412
0.6 -2.24492
0.7 -2.62849
0.8 -3.0149
0.9 -3.40417
1 -3.79639
0.273814 -3.90627
0.547182 -4.01615
0.820053 -4.12603
1.09248 -4.23592
1.36443 -4.34581
1.63594 -4.45571
1.90706 -4.56561
2.1777 -4.67551
2.44785 -4.78542
2.71748 -4.89534
2.98662 -5.00527
3.25527 -5.11521
3.52344 -5.22516
3.79116 -5.33512
4.05838 -5.44507
4.32511 -5.55502
4.59134 -5.66498
4.85707 -5.77493
5.12236 -5.88488
5.38716 -5.99483
5.65145 -6.10479
5.91525 -6.21476
6.17857 -6.32472
6.4414 -6.43469
6.70374 -6.54465
6.96557 -6.65463
7.22691 -6.76462
7.48778 -6.8746
7.74816 -6.98458
8.00806 -7.09457
8.26746 -7.20456
8.52638 -7.31456
8.78481 -7.42456
9.04275 -7.53457
9.3002 -7.64459
9.55715 -7.75462
9.81361 -7.86465
10.0696 -7.97468
10.3251 -8.08472
10.5801 -8.19483
10.8346 -8.30498
11.0886 -8.41514
11.3421 -8.52517
11.5951 -8.63506
11.8476 -8.74475
12.0996 -8.85416
12.3511 -8.96324
12.6022 -9.07231
12.8528 -9.1814
13.1028 -9.2905
13.3524 -9.3996
13.6016 -9.50871
13.8502 -9.61782
14.0984 -9.72693
14.3461 -9.83605
14.5933 -9.94517
14.84 -10.0543
15.0863 -10.1635
15.3321 -10.2726
15.5773 -10.3818
15.8222 -10.491
16.0665 -10.6002
16.3104 -10.7094
16.5538 -10.8186
16.7967 -10.9278
17.0392 -11.037
17.2811 -11.1462
17.5226 -11.2555
17.7637 -11.3647
18.0042 -11.4739
18.2443 -11.5832
18.4839 -11.6925
18.7231 -11.8017
18.9618 -11.911
19.2 -12.0203
19.4378 -12.1296
19.675 -12.2389
19.9119 -12.3482
20.1482 -12.4575
20.3841 -12.5669
20.6195 -12.6763
20.8544 -12.7856
21.0889 -12.895
21.3229 -13.0044
21.5565 -13.1138
21.7896 -13.2232
22.0222 -13.3327
22.2544 -13.4421
22.4861 -13.5515
22.7173 -13.661
22.9481 -13.7705
23.1785 -13.8799
23.4083 -13.9894
23.6378 -14.099
23.8667 -14.2085
24.0952 -14.318
24.3233 -14.4276
24.5509 -14.5372
24.778 -14.6468
25.0047 -14.7564
25.2309 -14.866
25.4567 -14.9756
25.682 -15.0852
25.9069 -15.1949
26.1313 -15.3045
26.3553 -15.4142
26.5788 -15.5239
26.8019 -15.6336
27.0246 -15.7433
27.2467 -15.8531
27.4685 -15.9628
27.6898 -16.0726
27.9106 -16.1823
28.131 -16.2921
28.351 -16.4019
28.5705 -16.5117
28.7896 -16.6216
29.0082 -16.7314
29.2264 -16.8413
29.4441 -16.9512
29.6614 -17.0611
29.8783 -17.171
30.0947 -17.2809
30.3107 -17.3909
30.5262 -17.5008
30.7413 -17.6108
30.956 -17.7208
31.1702 -17.8308
31.384 -17.9409
31.5974 -18.0509
31.8103 -18.161
32.0228 -18.2711
32.2348 -18.3812
32.4465 -18.4913
32.6576 -18.6014
32.8684 -18.7116
33.0787 -18.8217
33.2886 -18.9319
33.4981 -19.0422
33.7071 -19.1524
33.9157 -19.2627
34.1238 -19.373
34.3316 -19.4833
34.5389 -19.5936
34.7457 -19.704
34.9522 -19.8143
35.1582 -19.9247
35.3638 -20.0351
35.5689 -20.1456
35.7737 -20.2561
35.978 -20.3665
36.1819 -20.477
36.3853 -20.5876
36.5884 -20.6981
36.791 -20.8087
36.9932 -20.9193
37.195 -21.0299
37.3963 -21.1405
37.5973 -21.2512
37.7978 -21.3619
37.9979 -21.4726
38.1975 -21.5833
38.3968 -21.694
38.5956 -21.8048
38.7941 -21.9156
38.9921 -22.0264
39.1897 -22.1372
39.3868 -22.2481
39.5836 -22.359
39.7799 -22.4699
39.9759 -22.5808
40.1714 -22.6918
40.3665 -22.8028
40.5612 -22.9138
40.7555 -23.0249
40.9493 -23.1359
41.1428 -23.247
41.3358 -23.3582
41.5284 -23.4693
41.7207 -23.5805
41.9125 -23.6917
42.1039 -23.803
42.2949 -23.9142
42.4855 -24.0255
42.6757 -24.1369
42.8654 -24.2482
43.0548 -24.3596
43.2438 -24.471
43.4323 -24.5824
43.6205 -24.6939
43.8082 -24.8054
43.9956 -24.9169
44.1825 -25.0285
44.3691 -25.1401
44.5552 -25.2517
44.741 -25.3633
44.9263 -25.475
45.1112 -25.5867
45.2958 -25.6985
45.4799 -25.8103
45.6637 -25.9221
45.847 -26.0339
46.0299 -26.1458
46.2125 -26.2577
46.3946 -26.3697
46.5764 -26.4817
46.7577 -26.5937
46.9387 -26.7057
47.1193 -26.8178
47.2994 -26.9299
47.4792 -27.0421
47.6586 -27.1543
47.8376 -27.2665
48.0162 -27.3788
48.1944 -27.4911
48.3722 -27.6034
48.5496 -27.7158
48.7267 -27.8282
48.9033 -27.9406
49.0796 -28.0531
49.2554 -28.1657
49.4309 -28.2783
49.6059 -28.3909
49.7806 -28.5036
49.9549 -28.6163
50.1288 -28.729
50.3024 -28.8418
50.4755 -28.9546
50.6483 -29.0675
50.8206 -29.1804
50.9926 -29.2934
51.1642 -29.4063
51.3354 -29.5194
51.5063 -29.6325
51.6767 -29.7456
51.8468 -29.8587
52.0165 -29.9719
52.1858 -30.0852
52.3547 -30.1985
52.5233 -30.3118
52.6914 -30.4252
52.8592 -30.5386
53.0266 -30.6521
53.1936 -30.7656
53.3603 -30.8792
53.5266 -30.9928
53.6924 -31.1064
53.8579 -31.2201
54.0231 -31.3339
54.1878 -31.4477
54.3522 -31.5616
54.5162 -31.6755
54.6798 -31.7894
54.8431 -31.9035
55.006 -32.0175
55.1685 -32.1317
55.3306 -32.2458
55.4923 -32.3601
55.6537 -32.4743
55.8147 -32.5887
55.9753 -32.703
56.1356 -32.8175
56.2955 -32.932
56.455 -33.0465
56.6141 -33.1611
56.7729 -33.2757
56.9313 -33.3904
57.0893 -33.5052
57.247 -33.62
57.4043 -33.7349
57.5612 -33.8498
57.7178 -33.9648
57.874 -34.0799
58.0298 -34.195
58.1845 -34.3212
58.3384 -34.4531
58.4886 -34.6198
58.638 -34.7873
58.7795 -34.9869
58.9167 -35.1908
59.0381 -35.391
59.1499 -35.5816
59.2612 -35.773
59.3721 -35.9654
59.4825 -36.1587
59.5896 -36.351
59.6937 -36.5423
59.7974 -36.7346
59.9003 -36.928
59.9981 -37.1204
60.0909 -37.3123
60.1796 -37.5024
60.261 -37.6875
60.3415 -37.8729
60.421 -38.0564
60.4998 -38.2386
60.5779 -38.4212
60.6548 -38.6042
60.7304 -38.7872
60.8054 -38.9711
60.8797 -39.1557
60.9526 -39.3406
61.0249 -39.5262
61.0956 -39.7118
61.1634 -39.8964
61.2298 -40.0811
61.2957 -40.2666
61.3593 -40.4517
61.42 -40.6424
61.4797 -40.8369
61.538 -41.0338
61.5938 -41.2433
61.6482 -41.4528
61.7014 -41.6622
61.7521 -41.8726
61.8011 -42.0891
61.8496 -42.3062
61.897 -42.5234
61.9437 -42.7409
61.9882 -42.9559
62.0319 -43.1712
62.0738 -43.3857
62.1147 -43.5967
62.1541 -43.807
62.1918 -44.0165
62.229 -44.2267
62.2654 -44.4412
62.3006 -44.6579
62.3354 -44.8753
62.3693 -45.0984
62.4025 -45.3258
62.4331 -45.5564
62.4629 -45.7942
62.4922 -46.0322
62.5201 -46.2814
62.5469 -46.5437
62.5732 -46.8065
62.599 -47.0698
62.6243 -47.3334
62.6481 -47.6016
62.6694 -47.8713
62.6901 -48.1412
62.7102 -48.4164
62.7294 -48.6925
62.7481 -48.9683
62.7654 -49.2413
62.7819 -49.5141
62.7975 -49.7924
62.8086 -50.068
62.8119 -50.3256
62.8137 -50.5815
62.8125 -50.8329
62.7619 -50.9983
62.6448 -51.0495
62.4731 -51.0615
59.2959 -49.9146
58.9245 -49.8131
58.8285 -49.8153
58.7414 -49.8204
58.6464 -49.8219
58.5429 -49.8197
58.4298 -49.8134
58.3528 -49.8205
58.302 -49.8376
58.2591 -49.8574
58.2114 -49.875
58.1898 -49.9025
58.1654 -49.9286
58.1355 -49.9521
58.1008 -49.9733
58.0621 -49.9926
58.0144 -50.0101
57.9585 -50.0257
57.911 -50.0442
57.8762 -50.0656
57.8487 -50.1209
57.8254 -50.1862
57.8007 -50.2475
57.7744 -50.3029
57.747 -50.3575
57.7185 -50.4114
57.6884 -50.4605
57.6558 -50.5154
57.6186 -50.5795
57.5771 -50.6785
57.5332 -50.7826
57.4878 -50.8942
57.4403 -51.0196
57.396 -51.1485
57.361 -51.2895
57.3243 -51.4283
57.2871 -51.5667
57.2494 -51.7045
57.2112 -51.8416
57.1723 -51.9812
57.1326 -52.1323
57.0918 -52.3015
57.0509 -52.4666
57.0132 -52.6431
56.975 -52.8221
56.9364 -53.0007
56.8973 -53.1786
56.8576 -53.3558
56.8174 -53.5321
56.7764 -53.7151
56.7347 -53.9033
56.6923 -54.0904
56.6493 -54.2763
56.6057 -54.4612
56.5614 -54.6449
56.5163 -54.8272
56.4706 -55.0082
56.4229 -55.1853
56.373 -55.3584
56.3278 -55.5473
56.2825 -55.7367
56.2364 -55.9247
56.1897 -56.1112
56.1421 -56.2962
56.0939 -56.4797
56.0452 -56.6624
56.0023 -56.8574
55.9588 -57.0514
55.9146 -57.244
55.8695 -57.4339
55.8235 -57.6207
55.7768 -57.8059
55.7292 -57.9895
55.6808 -58.1715
55.6316 -58.3518
55.5801 -58.5272
55.5278 -58.7011
55.4747 -58.8695
55.4209 -59.0359
55.3663 -59.2004
55.3098 -59.3609
55.2528 -59.52
55.1951 -59.6779
55.137 -59.8345
55.0797 -59.9934
55.0218 -60.1511
54.9633 -60.3074
54.9042 -60.4623
54.8445 -60.6158
54.7869 -60.7739
54.7291 -60.9315
54.6707 -61.0878
54.6117 -61.2426
54.5519 -61.3958
54.4915 -61.5474
54.4303 -61.6968
54.3684 -61.8443
54.3056 -61.9899
54.2421 -62.1336
54.1777 -62.2752
54.1124 -62.4146
54.0461 -62.5517
53.9789 -62.6865
53.9107 -62.8187
53.8432 -62.9528
53.7743 -63.0838
53.7049 -63.2127
53.6388 -63.3509
53.5712 -63.4858
53.5044 -63.6224
53.4378 -63.7588
53.3704 -63.8932
53.3033 -64.0284
53.2402 -64.174
53.1771 -64.3196
53.1162 -64.4702
53.0551 -64.6203
52.9945 -64.7717
52.9359 -64.928
52.8771 -65.0838
52.8181 -65.2392
52.7589 -65.3942
52.7016 -65.5535
52.6462 -65.7177
52.5907 -65.8815
52.535 -66.0451
52.4792 -66.2083
52.4232 -66.3712
52.3671 -66.5337
52.3108 -66.6959
52.2543 -66.8577
52.1977 -67.0192
52.1409 -67.1802
52.084 -67.3409
52.0269 -67.5012
51.9696 -67.6611
51.9121 -67.8205
51.8545 -67.9795
51.7967 -68.138
51.7399 -68.2997
51.6862 -68.4709
51.6324 -68.6423
51.5785 -68.8161
51.5244 -68.9897
51.4691 -69
51.4137 -69
51.3581 -69
51.3024 -69
51.248 -69
51.1938 -69
51.1355 -69
51.0746 -69
51.0134 -69
50.9519 -69
50.8902 -69
50.8282 -69
50.7677 -69
50.7063 -69
50.6305 -69
50.5529 -69
50.4695 -69
50.3803 -69
50.258 -69
50.0485 -69
49.7872 -69
49.6525 -69
49.5087 -69
49.4145 -69
49.3046 -69
49.215 -69
49.1495 -69
49.1267 -69
49.0904 -69
49.0451 -69
48.9936 -69
48.9485 -69
48.9021 -69
48.8522 -69
48.8011 -69
48.7479 -69
48.6943 -69
48.6399 -69
48.5852 -69
48.5301 -69
48.4748 -69
48.4193 -69
48.3637 -69
48.3081 -69
48.2522 -69
48.1962 -69
48.1402 -69
48.084 -69
48.0277 -69
47.9716 -69
47.9155 -69
47.8619 -69
47.8126 -69
47.7664 -69
47.7205 -69
47.6745 -69
47.6285 -69
47.5824 -69
47.5361 -69
47.4895 -69
47.4429 -69
47.3976 -69
47.3525 -69
47.3073 -69
47.2621 -69
47.2169 -69
47.1715 -69
47.126 -69
47.0802 -69
47.0342 -69
46.9882 -69
46.9422 -69
46.8961 -69
46.8501 -69
46.804 -69
46.7579 -69
46.7118 -69
46.6657 -69
46.6195 -69
46.5734 -69
46.5272 -69
46.481 -69
46.4343 -69
46.3875 -69
46.3407 -69
46.2939 -69
46.2471 -69
46.2017 -69
46.1563 -69
46.1109 -69
46.0654 -69
46.0205 -69
45.9757 -69
45.9308 -69
45.8859 -69
45.841 -69
45.7961 -69
45.7511 -69
45.7062 -69
45.6612 -69
45.6162 -69
45.5712 -69
45.5262 -69
45.4812 -69
45.4362 -69
45.3911 -69
45.3463 -69
45.3015 -69
45.2566 -69
45.2118 -69
45.1669 -69
45.122 -69
45.077 -69
45.0321 -69
44.9871 -69
44.9421 -69
44.8971 -69
44.8521 -69
44.8078 -69
44.77 -69
44.7321 -69
44.6941 -69
44.6561 -69
44.6179 -69
44.5796 -69
44.5414 -69
44.5032 -69
44.4649 -69
44.4267 -69
44.3885 -69
44.3502 -69
44.3106 -69
44.2484 -68.8316
44.1751 -67.9675
44.1066 -67.312
44.0671 -67.0399
44.0308 -67.0278
43.9929 -67.0132
43.9542 -67.0021
43.9165 -67.0477
43.8797 -67.0884
43.8449 -67.1313
43.8106 -67.176
43.7765 -67.2205
43.7423 -67.2639
43.7081 -67.3063
43.6739 -67.3476
43.6396 -67.3879
43.6052 -67.4287
43.5709 -67.4683
43.5365 -67.5067
43.502 -67.5444
43.4675 -67.5785
43.4324 -67.5996
43.3973 -67.6189
43.3622 -67.6362
43.327 -67.6515
43.2917 -67.6648
43.256 -67.6657
43.2206 -67.6735
43.1864 -67.7068
43.1522 -67.74
43.118 -67.773
43.0838 -67.8057
43.0496 -67.8383
43.0154 -67.8707
42.9812 -67.9028
42.9483 -67.9644
42.916 -68.0393
42.8837 -68.1149
42.8515 -68.1906
42.8192 -68.2661
42.7869 -68.3416
42.7546 -68.4169
42.7223 -68.4921
42.6901 -68.5672
42.6578 -68.6421
42.6256 -68.7169
42.5933 -68.7916
42.5615 -68.8672
42.53 -68.9431
42.4984 -69
42.4666 -69
42.4348 -69
42.403 -69
42.3713 -69
42.3395 -69
42.3077 -69
42.276 -69
42.2442 -69
42.2125 -69
42.1808 -69
42.149 -69
42.1173 -69
42.0857 -69
42.0552 -69
42.0246 -69
41.9941 -69
41.9635 -69
41.933 -69
41.9024 -69
41.8719 -69
41.8414 -69
41.8109 -69
41.7803 -69
41.7498 -69
41.7193 -69
41.6888 -69
41.6583 -69
41.6279 -69
41.5974 -69
41.5669 -69
41.5364 -69
41.506 -69
41.4755 -69
41.445 -69
41.4145 -69
41.3839 -69
41.3534 -69
41.3228 -69
41.2923 -69
41.2617 -69
41.2312 -69
41.2007 -69
41.1701 -69
41.1395 -69
41.1088 -69
41.0781 -69
41.0475 -69
41.0169 -69
40.9862 -69
40.9556 -69
40.925 -69
40.8944 -69
40.8639 -69
40.8333 -69
40.8028 -69
40.7722 -69
40.7417 -69
40.7112 -69
40.681 -69
40.6512 -69
40.6246 -69
40.598 -69
40.5715 -69
40.5451 -69
40.5186 -69
40.4922 -69
40.4658 -69
40.4394 -69
40.4131 -69
40.3867 -69
40.3603 -69
40.3338 -69
40.3074 -69
40.281 -69
40.2546 -69
40.2282 -69
40.2018 -69
40.1755 -69
40.1491 -69
40.1228 -69
40.0965 -69
40.0702 -69
40.0439 -69
40.0176 -69
39.9913 -69
39.9651 -69
39.9388 -69
39.9126 -69
39.8864 -69
39.8602 -69
39.834 -69
39.8078 -69
39.7816 -69
39.7555 -69
39.7294 -69
39.7032 -69
39.6771 -69
39.6511 -69
39.625 -69
39.5989 -69
39.5729 -69
39.5469 -69
39.5208 -69
39.4947 -69
39.4687 -69
39.4427 -69
39.4167 -69
39.3907 -69
39.3648 -69
39.3389 -69
39.3129 -69
39.287 -69
39.2612 -69
39.2353 -69
39.2095 -69
39.1836 -69
39.1578 -69
39.132 -69
39.1063 -69
39.0805 -69
39.0548 -69
39.0291 -69
39.0034 -69
38.9778 -69
38.9521 -69
38.9265 -69
38.9009 -69
38.8753 -69
38.8497 -69
38.8242 -69
38.7987 -69
38.7732 -69
38.7477 -69
38.7223 -69
38.6968 -69
38.6714 -69
38.6474 -69
38.6235 -69
38.5996 -69
38.5758 -69
38.552 -69
38.5282 -69
38.5044 -69
38.4806 -69
38.4569 -69
38.4332 -69
38.4095 -69
38.3858 -69
38.3622 -69
38.3385 -69
38.3149 -69
38.2913 -69
38.2678 -69
38.2442 -69
38.2207 -69
38.1972 -69
38.1738 -69
38.1503 -69
38.1268 -69
38.1033 -69
38.0799 -69
38.0565 -69
38.0331 -69
38.0098 -69
37.9864 -69
37.9631 -69
37.9398 -69
37.9165 -69
37.8933 -69
37.8722 -69
37.8512 -69
37.8302 -69
37.8093 -69
37.7884 -69
37.7675 -69
37.7466 -69
37.7257 -69
37.7049 -69
37.6841 -69
37.6634 -69
37.6428 -69
37.6222 -69
37.6016 -69
37.581 -69
37.5605 -69
37.5399 -69
37.5194 -69
37.4989 -69
37.4785 -69
37.458 -69
37.4376 -69
37.4172 -69
37.3969 -69
37.3765 -69
37.3562 -69
37.3359 -69
37.3156 -69
37.2953 -69
37.2751 -69
37.2549 -69
37.2347 -69
37.2145 -69
37.1944 -69
37.1743 -69
37.1542 -69
37.1341 -69
37.1141 -69
37.094 -69
37.074 -69
37.0541 -69
37.0341 -69
37.0142 -69
36.9943 -69
36.9744 -69
36.9546 -69
36.9347 -69
36.9149 -69
36.8952 -69
36.8754 -69
36.8557 -69
36.836 -69
36.8163 -69
36.7967 -69
36.777 -69
36.7574 -69
36.7379 -69
36.7183 -69
36.6988 -69
36.6793 -69
36.6598 -69
36.6404 -69
36.621 -69
36.6016 -69
36.5822 -69
36.5629 -69
36.5436 -69
36.5243 -69
36.505 -69
36.4858 -69
36.4666 -69
36.4474 -69
36.4283 -69
36.4091 -69
36.39 -69
36.371 -69
36.3519 -69
36.3329 -69
36.3139 -69
36.295 -69
36.2761 -69
36.2572 -69
36.2383 -69
36.2194 -69
36.2006 -69
36.1818 -69
36.1631 -69
36.1443 -69
36.1256 -69
36.107 -69
36.0883 -69
36.0697 -69
36.0511 -69
36.0325 -69
36.014 -69
35.9955 -69
35.977 -69
35.9586 -69
35.9401 -69
35.9218 -69
35.9034 -69
35.8851 -69
35.8668 -69
35.8485 -69
35.8302 -69
35.812 -69
35.7938 -69
35.7757 -69
35.7576 -69
35.7395 -69
35.7214 -69
35.7034 -69
35.6854 -69
35.6674 -69
35.6494 -69
35.6315 -69
35.6137 -69
35.5958 -69
35.578 -69
35.5602 -69
35.5426 -69
35.5249 -69
35.5073 -69
35.4897 -69
35.4721 -69
35.4546 -69
35.4371 -69
35.4197 -69
35.4022 -69
35.3848 -69
35.3675 -69
35.3502 -69
35.3329 -69
35.3156 -69
35.2984 -69
35.2812 -69
35.264 -69
35.2469 -69
35.2305 -69
35.2146 -69
35.1987 -69
35.1829 -69
35.167 -69
35.151 -69
35.1352 -69
35.1193 -69
35.1035 -69
35.0877 -69
35.0719 -69
35.0562 -69
35.0405 -69
35.0248 -69
35.0092 -69
34.9935 -69
34.978 -69
34.9624 -69
34.9469 -69
34.9314 -69
34.9159 -69
34.9005 -69
34.8851 -69
34.8698 -69
34.8544 -69
34.8391 -69
34.8239 -69
34.8086 -69
34.7934 -69
34.7782 -69
34.7631 -69
34.748 -69
34.7329 -69
34.7179 -69
34.7028 -69
34.6879 -69
34.6729 -69
34.658 -69
34.6431 -69
34.6282 -69
34.6134 -69
34.5986 -69
34.5839 -69
34.5692 -69
34.5545 -69
34.5399 -69
34.5253 -69
34.5108 -69
34.4962 -69
34.4817 -69
34.4673 -69
34.4529 -69
34.4385 -69
34.4241 -69
34.4098 -69
34.3955 -69
34.3813 -69
34.367 -69
34.3528 -69
34.3387 -69
34.3246 -69
34.3105 -69
34.2965 -69
34.2825 -69
34.2686 -69
34.2546 -69
34.2408 -69
34.2269 -69
34.2131 -69
34.1993 -69
34.1856 -69
34.1719 -69
34.1582 -69
34.1446 -69
34.1309 -69
34.1172 -69
34.1035 -69
34.0899 -69
34.0763 -69
34.0627 -69
34.0492 -69
34.0357 -69
34.0222 -69
34.0088 -69
33.9954 -69
33.982 -69
33.9687 -69
33.9554 -69
33.9421 -69
33.9289 -69
33.9157 -69
33.9025 -69
33.8894 -69
33.8763 -69
33.8632 -69
33.8501 -69
33.8371 -69
33.824 -69
33.811 -69
33.7981 -69
33.7851 -69
33.7722 -69
33.7593 -69
33.7465 -69
33.7337 -69
33.7217 -69
33.7098 -69
33.698 -69
33.6861 -69
33.6743 -69
33.6626 -69
33.6509 -69
33.6392 -69
33.6275 -69
33.6159 -69
33.6043 -69
33.5927 -69
33.5812 -69
33.5697 -69
33.5583 -69
33.5468 -69
33.5354 -69
33.5241 -69
33.5128 -69
33.5014 -69
33.4902 -69
33.4789 -69
33.4677 -69
33.4565 -69
33.4454 -69
33.4343 -69
33.4232 -69
33.4122 -69
33.4012 -69
33.3902 -69
33.3792 -69
33.3683 -69
33.3573 -69
33.3464 -69
33.3354 -69
33.3245 -69
33.3137 -69
33.3028 -69
33.2921 -69
33.2813 -69
33.2706 -69
33.2599 -69
33.2492 -69
33.2386 -69
33.2279 -69
33.2173 -69
33.2062 -69
33.1945 -69
33.1828 -69
33.1711 -69
33.1595 -69
33.1479 -69
33.1363 -69
33.1248 -69
33.1133 -69
33.1018 -69
33.0903 -69
33.0789 -69
33.0675 -69
33.0562 -69
33.0448 -69
33.0335 -69
33.0223 -69
33.011 -69
32.9998 -69
32.9886 -69
32.9774 -69
32.9662 -69
32.9551 -69
32.944 -69
32.9329 -69
32.9219 -69
32.9109 -69
32.8999 -69
32.8889 -69
32.878 -69
32.8671 -69
32.8563 -69
32.8455 -69
32.8347 -69
32.8239 -69
32.8132 -69
32.8025 -69
32.7918 -69
32.7812 -69
32.7706 -69
32.76 -69
32.7494 -69
32.7389 -69
32.7284 -69
32.718 -69
32.7075 -69
32.6971 -69
32.6868 -69
32.6764 -69
32.6661 -69
32.6558 -69
32.6456 -69
32.6354 -69
32.6252 -69
32.6151 -69
32.6049 -69
32.5949 -69
32.5848 -69
32.5748 -69
32.5648 -69
32.5549 -69
32.5449 -69
32.5351 -69
32.5252 -69
32.5154 -69
32.5056 -69
32.4959 -69
32.4861 -69
32.4765 -69
32.4668 -69
32.4572 -69
32.4476 -69
32.4381 -69
32.4286 -69
32.4191 -69
32.4096 -69
32.4002 -69
32.3908 -69
32.3815 -69
32.3722 -69
32.3629 -69
32.3537 -69
32.3445 -69
32.3353 -69
32.3261 -69
32.317 -69
32.308 -69
32.2989 -69
32.2899 -69
32.281 -69
32.272 -69
32.2631 -69
32.2542 -69
32.2454 -69
32.2366 -69
32.2279 -69
32.2191 -69
32.2104 -69
32.2018 -69
32.1932 -69
32.1846 -69
32.176 -69
32.1675 -69
32.159 -69
32.1506 -69
32.1422 -69
32.1338 -69
32.1255 -69
32.1172 -69
32.1089 -69
32.1007 -69
32.0925 -69
32.0844 -69
32.0761 -69
32.0679 -69
32.0598 -69
32.0517 -69
32.0436 -69
32.0355 -69
32.0275 -69
32.0195 -69
32.0116 -69
32.0036 -69
31.9957 -69
31.9879 -69
31.9801 -69
31.9723 -69
31.9646 -69
31.9569 -69
31.9492 -69
31.9416 -69
31.934 -69
31.9265 -69
31.9189 -69
31.9115 -69
31.904 -69
31.8966 -69
31.8893 -69
31.8819 -69
31.8746 -69
31.8674 -69
31.8602 -69
31.853 -69
31.8459 -69
31.8388 -69
31.8317 -69
31.8247 -69
31.8177 -69
31.8108 -69
31.8038 -69
31.797 -69
31.7901 -69
31.7833 -69
31.7766 -69
31.7699 -69
31.7632 -69
31.7565 -69
31.7499 -69
31.7434 -69
31.7368 -69
31.7304 -69
31.7239 -69
31.7175 -69
31.7111 -69
31.7048 -69
31.6985 -69
31.6923 -69
31.686 -69
31.6799 -69
31.6737 -69
31.6676 -69
31.6616 -69
31.6555 -69
31.6483 -69
31.641 -69
31.6338 -69
31.6267 -69
31.6196 -69
31.6125 -69
31.6055 -69
31.5985 -69
31.5915 -69
31.5846 -69
31.5777 -69
31.5708 -69
31.564 -69
31.5572 -69
31.5504 -69
31.5437 -69
31.537 -69
31.5304 -69
31.5238 -69
31.5172 -69
31.5107 -69
31.5041 -69
31.4977 -69
31.4913 -69
31.4849 -69
31.4785 -69
31.4722 -69
31.4659 -69
31.4596 -69
31.4534 -69
31.4472 -69
31.441 -69
31.4349 -69
31.4288 -69
31.4228 -69
31.4168 -69
31.4108 -69
31.4048 -69
31.3989 -69
31.3931 -69
31.3872 -69
31.3814 -69
31.3757 -69
31.37 -69
31.3643 -69
31.3586 -69
31.353 -69
31.3474 -69
31.3419 -69
31.3364 -69
31.3309 -69
31.3254 -69
31.3194 -69
31.313 -69
31.3067 -69
31.3004 -69
31.2927 -69
31.2851 -69
31.2776 -69
31.27 -69
31.2625 -69
31.255 -69
31.2476 -69
31.2401 -69
31.2327 -69
31.2254 -69
31.218 -69
31.2107 -69
31.2034 -69
31.1962 -69
31.1889 -69
31.1818 -69
31.1746 -69
31.1674 -69
31.1603 -69
31.1532 -69
31.1462 -69
31.1392 -69
31.1322 -69
31.1252 -69
31.1183 -69
31.1114 -69
31.1045 -69
31.0977 -69
31.0909 -69
31.0841 -69
31.0773 -69
31.0706 -69
31.0639 -69
31.0572 -69
31.0506 -69
31.044 -69
31.0374 -69
31.0309 -69
31.0244 -69
31.0179 -69
31.0114 -69
31.005 -69
30.9986 -69
30.9922 -69
30.9859 -69
30.9796 -69
30.9733 -69
30.967 -69
30.9608 -69
30.9546 -69
30.9484 -69
30.9423 -69
30.9362 -69
30.9301 -69
30.9241 -69
30.9181 -69
30.9121 -69
30.9061 -69
30.9002 -69
30.8943 -69
30.8884 -69
30.8826 -69
30.8768 -69
30.8711 -69
30.865 -69
30.858 -69
30.8508 -69
30.8438 -69
30.8367 -69
30.8297 -69
30.8227 -69
30.8158 -69
30.8088 -69
30.8019 -69
30.795 -69
30.7882 -69
30.7814 -69
30.7746 -69
30.7678 -69
30.7611 -69
30.7543 -69
30.7477 -69
30.741 -69
30.7344 -69
30.7278 -69
30.7212 -69
30.7146 -69
30.7081 -69
30.7016 -69
30.6951 -69
30.6879 -68.9736
30.6804 -68.9774
30.6728 -68.9576
30.6652 -68.9377
30.6577 -68.9178
30.6502 -68.8978
30.6427 -68.8777
30.6353 -68.8575
30.6278 -68.8372
30.6204 -68.8169
30.6131 -68.7965
30.6057 -68.776
30.5984 -68.7556
30.5911 -68.735
30.5838 -68.7144
30.5765 -68.6937
30.5693 -68.6729
30.5621 -68.6521
30.5549 -68.6312
30.5477 -68.6104
30.5406 -68.5894
30.5335 -68.5684
30.5264 -68.5472
30.5194 -68.526
30.5123 -68.5048
30.5053 -68.4834
30.4983 -68.4619
30.4914 -68.4404
30.4845 -68.4189
30.4776 -68.3972
30.4707 -68.3754
30.4639 -68.3536
30.457 -68.3318
30.4502 -68.3098
30.4435 -68.2878
30.4367 -68.2657
30.43 -68.2436
30.4233 -68.2213
30.4167 -68.199
30.4101 -68.1766
30.4035 -68.1541
30.3969 -68.1315
30.3903 -68.1087
30.3838 -68.0859
30.3773 -68.0631
30.3709 -68.0401
30.3644 -68.0171
30.358 -67.994
30.3516 -67.9709
30.3453 -67.9476
30.3389 -67.9244
30.3326 -67.9011
30.3264 -67.8777
30.3201 -67.8542
30.3139 -67.8306
30.3077 -67.8069
30.3015 -67.7832
30.2954 -67.7594
30.2893 -67.7355
30.2832 -67.7115
30.2772 -67.6874
30.2711 -67.6633
30.2652 -67.6391
30.2592 -67.6148
30.2533 -67.5904
30.2474 -67.5665
30.2416 -67.5426
30.2358 -67.5185
30.2301 -67.4944
30.2243 -67.4702
30.2186 -67.4459
30.213 -67.4216
30.2073 -67.3972
30.2017 -67.3727
30.1961 -67.3482
30.1906 -67.3236
30.185 -67.299
30.1795 -67.2742
30.174 -67.2494
30.1686 -67.2244
30.1632 -67.1994
30.1578 -67.1743
30.1524 -67.1492
30.1471 -67.1239
30.1418 -67.0986
30.1366 -67.0731
30.1313 -67.0476
30.1261 -67.0221
30.1209 -66.9964
30.1158 -66.9707
30.1107 -66.9449
30.1056 -66.9191
30.1005 -66.8932
30.0955 -66.8672
30.0905 -66.8411
30.0855 -66.8149
30.0806 -66.7887
30.0756 -66.7624
30.0708 -66.736
30.0659 -66.7095
30.0611 -66.6829
30.0563 -66.6563
30.0515 -66.6296
30.0468 -66.603
30.0421 -66.5762
30.0374 -66.5494
30.0327 -66.5225
30.0281 -66.4955
30.0235 -66.4685
30.0189 -66.4413
30.0144 -66.4141
30.0099 -66.3869
30.0054 -66.3595
30.001 -66.3321
29.9966 -66.3047
29.9922 -66.2771
29.9878 -66.2495
29.9835 -66.2218
29.9792 -66.194
29.9749 -66.1661
29.9707 -66.1382
29.9665 -66.1101
29.9623 -66.082
29.9582 -66.0538
29.9541 -66.0256
29.9499 -65.9984
29.9456 -65.9719
29.9413 -65.9454
29.9371 -65.9188
29.9328 -65.8921
29.9287 -65.8654
29.9245 -65.8386
29.9204 -65.8117
29.9163 -65.7847
29.9122 -65.7577
29.9082 -65.7305
29.9042 -65.7033
29.9002 -65.6759
29.8963 -65.6486
29.8923 -65.6213
29.8884 -65.5939
29.8846 -65.5664
29.8807 -65.5388
29.8769 -65.5112
29.8731 -65.4835
29.8694 -65.4557
29.8657 -65.4279
29.862 -65.4
29.8583 -65.3721
29.8547 -65.3442
29.8511 -65.3161
29.8475 -65.288
29.8439 -65.26
29.8404 -65.2319
29.8369 -65.2037
29.8334 -65.1755
29.83 -65.1472
29.8266 -65.1188
29.8232 -65.0903
29.8198 -65.0618
29.8165 -65.0332
29.8132 -65.0046
29.8099 -64.976
29.8067 -64.9473
29.8035 -64.9185
29.8003 -64.8897
29.7971 -64.8607
29.794 -64.8317
29.7909 -64.8026
29.7879 -64.7735
29.7848 -64.7442
29.7819 -64.7149
29.7789 -64.6854
29.776 -64.6559
29.7731 -64.6263
29.7702 -64.5966
29.7674 -64.5669
29.7646 -64.537
29.7618 -64.5071
29.7591 -64.4771
29.7564 -64.4469
29.7538 -64.4167
29.7511 -64.3864
29.7485 -64.3561
29.746 -64.3256
29.7435 -64.2951
29.741 -64.2644
29.7385 -64.2337
29.7361 -64.2029
29.7337 -64.172
29.7313 -64.141
29.729 -64.1099
29.7267 -64.0788
29.7245 -64.0476
29.7222 -64.0162
29.7201 -63.9849
29.7179 -63.9534
29.7158 -63.9218
29.7137 -63.8902
29.7117 -63.8584
29.7096 -63.8266
29.7077 -63.7947
29.7057 -63.7627
29.7038 -63.7306
29.7019 -63.6984
29.7001 -63.6661
29.6983 -63.634
29.6964 -63.6018
29.6947 -63.5695
29.6929 -63.5371
29.6912 -63.5047
29.6896 -63.4721
29.6879 -63.4395
29.6863 -63.4069
29.6848 -63.3741
29.6832 -63.3413
29.6817 -63.3084
29.6803 -63.2754
29.6789 -63.2423
29.6775 -63.2092
29.6761 -63.1759
29.6748 -63.1426
29.6735 -63.1092
29.6722 -63.0757
29.671 -63.0422
29.6699 -63.0085
29.6687 -62.9748
29.6676 -62.941
29.6665 -62.9071
29.6655 -62.8731
29.6645 -62.839
29.6635 -62.8048
29.6626 -62.7706
29.6617 -62.7363
29.6608 -62.7019
29.66 -62.6674
29.6592 -62.6328
29.6585 -62.5982
29.6578 -62.5635
29.6571 -62.5287
29.6564 -62.4939
29.6558 -62.4589
29.6552 -62.4239
29.6547 -62.3887
29.6542 -62.3535
29.6537 -62.3184
29.6533 -62.2832
29.6529 -62.2478
29.6525 -62.2124
29.6522 -62.1769
29.6519 -62.1413
29.6516 -62.1057
29.6514 -62.0699
29.6512 -62.0341
29.651 -61.9982
29.6509 -61.9622
29.6508 -61.9263
29.6507 -61.8904
29.6507 -61.8545
29.6507 -61.8185
29.6507 -61.7824
29.6508 -61.7463
29.6509 -61.7101
29.651 -61.6738
29.6504 -61.642
29.6495 -61.6128
29.6486 -61.5836
29.6477 -61.5543
29.6468 -61.525
29.6444 -61.5041
29.642 -61.4832
29.6396 -61.4625
29.6372 -61.4418
29.6348 -61.4209
29.6325 -61.4
29.6302 -61.379
29.6279 -61.358
29.6257 -61.3369
29.6234 -61.3157
29.6212 -61.2944
29.619 -61.2731
29.6169 -61.2517
29.6148 -61.2303
29.6127 -61.2088
29.6106 -61.1873
29.6085 -61.1656
29.6065 -61.1439
29.6045 -61.1222
29.6026 -61.1004
29.6006 -61.0785
29.5987 -61.0566
29.5968 -61.0346
29.5949 -61.0126
29.5931 -60.9905
29.5913 -60.9684
29.5895 -60.9462
29.5877 -60.924
29.5859 -60.9018
29.5842 -60.8795
29.5825 -60.8572
29.5808 -60.8347
29.5792 -60.8123
29.5776 -60.7897
29.576 -60.7671
29.5744 -60.7444
29.5729 -60.7216
29.5714 -60.6988
29.5699 -60.6759
29.5684 -60.653
29.567 -60.63
29.5656 -60.6071
29.5642 -60.584
29.5628 -60.5609
29.5615 -60.5377
29.5602 -60.5144
29.5589 -60.4911
29.5577 -60.4676
29.5564 -60.4442
29.5552 -60.4206
29.5541 -60.397
29.5529 -60.3734
29.5518 -60.3496
29.5508 -60.3258
29.5497 -60.3019
29.5487 -60.2781
29.5477 -60.2542
29.5467 -60.2302
29.5457 -60.2061
29.5448 -60.182
29.5439 -60.1578
29.543 -60.1336
29.5422 -60.1093
29.5414 -60.0849
29.5406 -60.0606
29.5398 -60.0361
29.5391 -60.0116
29.5384 -59.9871
29.5377 -59.9624
29.5371 -59.9377
29.5364 -59.913
29.5358 -59.8883
29.5352 -59.8634
29.5347 -59.8385
29.5342 -59.8135
29.5337 -59.7885
29.5333 -59.7633
29.5328 -59.7381
29.5324 -59.7129
29.5321 -59.6875
29.5317 -59.6621
29.5314 -59.6366
29.5311 -59.6111
29.5309 -59.5857
29.5306 -59.5603
29.5304 -59.5348
29.5302 -59.5092
29.53 -59.4836
29.5299 -59.4579
29.5298 -59.4321
29.5297 -59.4063
29.5297 -59.3804
29.5297 -59.3544
29.5297 -59.3284
29.5297 -59.3022
29.5298 -59.2761
29.5299 -59.2499
29.53 -59.2236
29.5302 -59.1972
29.5304 -59.1708
29.5306 -59.1443
29.5309 -59.1177
29.5299 -59.0968
29.5289 -59.0764
29.5279 -59.056
29.5269 -59.0355
29.526 -59.015
29.5251 -58.9943
29.5242 -58.9737
29.5233 -58.953
29.5225 -58.9322
29.5216 -58.9114
29.5209 -58.8905
29.5201 -58.8695
29.5194 -58.8485
29.5186 -58.8274
29.518 -58.8062
29.5173 -58.785
29.5167 -58.7638
29.5161 -58.7424
29.5155 -58.7211
29.5149 -58.6997
29.5144 -58.6783
29.5135 -58.6586
29.5126 -58.639
29.5117 -58.6194
29.5109 -58.5997
29.51 -58.58
29.5092 -58.5601
29.5084 -58.5403
29.5077 -58.5203
29.507 -58.5003
29.5063 -58.4802
29.5056 -58.4601
29.505 -58.4399
29.5043 -58.4197
29.5037 -58.3995
29.5032 -58.3792
29.5026 -58.3588
29.5021 -58.3384
29.5016 -58.3179
29.5011 -58.2973
29.5007 -58.2767
29.5002 -58.256
29.4999 -58.2353
29.4995 -58.2145
29.4991 -58.1938
29.4988 -58.1729
29.4985 -58.152
29.4982 -58.1311
29.498 -58.1102
29.4977 -58.0891
29.4975 -58.068
29.4974 -58.0469
29.4972 -58.0257
29.4971 -58.0044
29.497 -57.9831
29.4969 -57.9617
29.4969 -57.9402
29.4969 -57.9187
29.4968 -57.8975
29.4967 -57.8766
29.4965 -57.8555
29.4965 -57.8344
29.4964 -57.8133
29.4964 -57.7921
29.4964 -57.7708
29.4964 -57.7494
29.4964 -57.7281
29.4965 -57.7067
29.4966 -57.6853
29.4967 -57.6639
29.4968 -57.6424
29.497 -57.6208
29.4971 -57.5992
29.4974 -57.5775
29.4976 -57.5557
29.4979 -57.5339
29.4982 -57.5121
29.4985 -57.4902
29.4988 -57.4682
29.4992 -57.4462
29.4996 -57.4241
29.5 -57.4019
29.5005 -57.3797
29.5008 -57.3584
29.5009 -57.3378
29.501 -57.3171
29.5012 -57.2963
29.5014 -57.2755
29.5017 -57.2547
29.5019 -57.2338
29.5022 -57.2129
29.5025 -57.1919
29.5028 -57.1709
29.5032 -57.1498
29.5035 -57.1286
29.5039 -57.1074
29.5044 -57.0861
29.5048 -57.0648
29.5053 -57.0434
29.5058 -57.022
29.5064 -57.0006
29.5069 -56.979
29.5075 -56.9575
29.5081 -56.9358
29.5088 -56.9141
29.5094 -56.8923
29.5101 -56.8705
29.5109 -56.8486
29.5116 -56.8268
29.5124 -56.8049
29.5131 -56.7829
29.514 -56.761
29.5148 -56.7389
29.5157 -56.7168
29.5166 -56.6946
29.5175 -56.6724
29.5184 -56.6501
29.5194 -56.6277
29.5204 -56.6054
29.5214 -56.5829
29.5225 -56.5605
29.5236 -56.538
29.5247 -56.5155
29.5258 -56.4929
29.5269 -56.4703
29.5281 -56.4476
29.5293 -56.4249
29.5305 -56.4021
29.5318 -56.3792
29.5331 -56.3563
29.5344 -56.3334
29.5357 -56.3104
29.5371 -56.2874
29.5384 -56.2645
29.5397 -56.2418
29.5411 -56.2191
29.5425 -56.1963
29.5439 -56.1734
29.5453 -56.1505
29.5467 -56.1276
29.5482 -56.1046
29.5497 -56.0815
29.5513 -56.0583
29.5528 -56.0352
29.5544 -56.0119
29.5561 -55.9887
29.5577 -55.9653
29.5594 -55.9419
29.5611 -55.9185
29.5628 -55.895
29.5646 -55.8715
29.5663 -55.8479
29.5681 -55.8243
29.57 -55.8006
29.5718 -55.777
29.5737 -55.7532
29.5756 -55.7295
29.5775 -55.7056
29.5795 -55.6817
29.5815 -55.6577
29.5835 -55.6337
29.5856 -55.6096
29.5877 -55.5854
29.5898 -55.5612
29.5919 -55.5369
29.5941 -55.5127
29.5963 -55.4885
29.5985 -55.4643
29.6007 -55.4399
29.6029 -55.4156
29.6052 -55.3912
29.6075 -55.3667
29.6099 -55.3422
29.6122 -55.3177
29.6146 -55.2932
29.617 -55.2687
29.6194 -55.2442
29.6218 -55.2198
29.6243 -55.1952
29.6267 -55.1707
29.6292 -55.1461
29.6317 -55.1218
29.6341 -55.0974
29.6366 -55.0729
29.6391 -55.0485
29.6417 -55.024
29.6442 -54.9994
29.6468 -54.9748
29.6495 -54.9501
29.6521 -54.9253
29.6548 -54.9005
29.6575 -54.8756
29.6603 -54.8507
29.663 -54.8257
29.6659 -54.8007
29.6687 -54.7756
29.6715 -54.7505
29.6744 -54.7253
29.6774 -54.7001
29.6803 -54.6748
29.6833 -54.6495
29.6863 -54.6241
29.6893 -54.5986
29.6924 -54.5731
29.6955 -54.5475
29.6986 -54.5219
29.7017 -54.4962
29.7049 -54.4705
29.7081 -54.4448
29.7113 -54.419
29.7146 -54.3931
29.7179 -54.3672
29.7212 -54.3412
29.7246 -54.3152
29.7279 -54.2892
29.7313 -54.2633
29.7342 -54.2385
29.7373 -54.2137
29.7403 -54.1888
29.7434 -54.1639
29.7465 -54.1389
29.7496 -54.1138
29.7528 -54.0887
29.7559 -54.0636
29.7592 -54.0383
29.7624 -54.0131
29.7657 -53.9877
29.769 -53.9623
29.7723 -53.9369
29.7757 -53.9113
29.7791 -53.8858
29.7825 -53.8602
29.786 -53.8345
29.7894 -53.8088
29.7929 -53.7831
29.7965 -53.7573
29.8 -53.7314
29.8036 -53.7055
29.8073 -53.6795
29.8109 -53.6535
29.8146 -53.6275
29.8183 -53.6014
29.822 -53.5753
29.8258 -53.5491
29.8296 -53.5229
29.8334 -53.4966
29.8372 -53.4703
29.8411 -53.4439
29.845 -53.4175
29.8489 -53.3911
29.8529 -53.3646
29.8569 -53.3381
29.8609 -53.3115
29.8649 -53.2849
29.869 -53.2582
29.8731 -53.2315
29.8773 -53.2047
29.8814 -53.1778
29.8856 -53.151
29.8898 -53.124
29.8941 -53.0971
29.8983 -53.0703
29.9026 -53.0434
29.9069 -53.0165
29.9113 -52.9895
29.9156 -52.9624
29.92 -52.9353
29.9244 -52.9081
29.9289 -52.8809
29.9334 -52.8536
29.9379 -52.8264
29.9424 -52.7992
29.947 -52.7719
29.9494 -52.7539
29.9513 -52.738
29.9533 -52.722
29.9553 -52.706
29.9573 -52.69
29.9593 -52.6739
29.9614 -52.6578
29.9634 -52.6416
29.9655 -52.6254
29.9676 -52.6091
29.9698 -52.5929
29.9719 -52.5765
29.9741 -52.5602
29.9763 -52.5437
29.9786 -52.5273
29.9808 -52.5134
29.9829 -52.5014
29.9851 -52.4894
29.9874 -52.4774
29.9896 -52.4653
29.9919 -52.4532
29.9942 -52.441
29.9965 -52.4287
29.9989 -52.4163
30.0012 -52.4039
30.0036 -52.3914
30.0061 -52.3788
30.0085 -52.3661
30.011 -52.3534
30.0135 -52.3406
30.016 -52.3277
30.0185 -52.3148
30.0202 -52.3052
30.0207 -52.2995
30.0213 -52.2938
30.0219 -52.288
30.0225 -52.2821
30.0232 -52.2762
30.0238 -52.2702
30.0245 -52.2641
30.0252 -52.2579
30.0259 -52.2517
30.0267 -52.2454
30.0274 -52.239
30.0282 -52.2325
30.029 -52.226
30.0298 -52.2194
30.0307 -52.2127
30.0315 -52.2059
30.0324 -52.1991
30.0333 -52.1922
30.0342 -52.1853
30.0351 -52.1783
30.0361 -52.1713
30.0374 -52.1655
30.0387 -52.1596
30.04 -52.1536
30.0413 -52.1476
30.0426 -52.1415
30.044 -52.1353
30.0454 -52.1291
30.0468 -52.1228
30.0482 -52.1165
30.0496 -52.1101
30.051 -52.1037
30.0525 -52.0972
30.054 -52.0906
30.0555 -52.0839
30.057 -52.0772
30.0586 -52.0704
30.0601 -52.0636
30.0617 -52.0566
30.0633 -52.0496
30.0649 -52.0425
30.0666 -52.0354
30.0683 -52.0281
30.0699 -52.0208
30.0716 -52.0135
30.0734 -52.006
30.0751 -51.9985
30.0769 -51.9909
30.0786 -51.9833
30.0804 -51.9756
30.0823 -51.9678
30.0841 -51.96
30.086 -51.9521
30.0878 -51.9441
30.0897 -51.9361
30.0917 -51.928
30.0936 -51.9198
30.0956 -51.9116
30.0975 -51.9033
30.0995 -51.8949
30.1016 -51.8865
30.1036 -51.878
30.1057 -51.8694
30.1077 -51.8609
30.1098 -51.8523
30.1119 -51.8436
30.1141 -51.8348
30.1162 -51.826
30.1184 -51.8176
30.1204 -51.8125
30.1224 -51.8073
30.1244 -51.802
30.1265 -51.7967
30.1286 -51.7913
30.1307 -51.7858
30.1328 -51.7802
30.1349 -51.7745
30.1371 -51.7688
30.1393 -51.7631
30.1415 -51.7572
30.1437 -51.7514
30.1458 -51.7435
30.148 -51.7354
30.1502 -51.7273
30.1524 -51.7191
30.1546 -51.7109
30.1568 -51.7026
30.159 -51.6942
30.1613 -51.6858
30.1636 -51.6773
30.166 -51.6687
30.1683 -51.6601
30.1707 -51.6513
30.1731 -51.6426
30.1755 -51.6337
30.1779 -51.6248
30.1804 -51.6158
30.1829 -51.6069
30.1854 -51.5978
30.1879 -51.5887
30.1904 -51.5795
30.193 -51.5702
30.1956 -51.5609
30.1982 -51.5515
30.2009 -51.542
30.2035 -51.5325
30.2062 -51.5228
30.2089 -51.5132
30.2117 -51.5034
30.2144 -51.4937
30.2172 -51.4839
30.22 -51.474
30.2221 -51.4652
30.2234 -51.4575
30.2247 -51.4498
30.226 -51.442
30.2274 -51.4342
30.2287 -51.4263
30.2301 -51.4184
30.2315 -51.4104
30.233 -51.4023
30.2344 -51.3942
30.2359 -51.386
30.2374 -51.3777
30.2389 -51.3694
30.2404 -51.361
30.242 -51.3525
30.2436 -51.344
30.2452 -51.3353
30.2468 -51.3266
30.2485 -51.3178
30.2502 -51.3089
30.2519 -51.2999
30.2536 -51.2909
30.2553 -51.2818
30.2571 -51.2725
30.2589 -51.2633
30.2607 -51.254
30.2625 -51.2447
30.2644 -51.2352
30.2663 -51.2257
30.2682 -51.2161
30.2701 -51.2065
30.272 -51.1967
30.274 -51.1869
30.276 -51.177
30.278 -51.167
30.2801 -51.1569
30.2821 -51.1467
30.2842 -51.1365
30.2863 -51.1262
30.2885 -51.1158
30.2907 -51.1053
30.2928 -51.0948
30.295 -51.0844
30.2973 -51.0738
30.2995 -51.0631
30.3018 -51.0524
30.3041 -51.0416
30.3064 -51.0307
30.3087 -51.0198
30.3111 -51.0088
30.3135 -50.9978
30.3159 -50.9867
30.3183 -50.9755
30.3208 -50.9643
30.3233 -50.953
30.3258 -50.9416
30.3283 -50.9302
30.3309 -50.9187
30.3334 -50.9071
30.3359 -50.8923
30.3383 -50.8739
30.3407 -50.8556
30.3431 -50.8371
30.3456 -50.8186
30.348 -50.8001
30.3505 -50.7815
30.353 -50.7628
30.3556 -50.744
30.3582 -50.7251
30.3607 -50.7062
30.3634 -50.6873
30.366 -50.6683
30.3686 -50.6492
30.3713 -50.6301
30.374 -50.611
30.3767 -50.5919
30.3794 -50.5727
30.3822 -50.5535
30.385 -50.5341
30.3878 -50.5147
30.3906 -50.4952
30.3935 -50.4756
30.3963 -50.456
30.3992 -50.4363
30.4022 -50.4165
30.4051 -50.3967
30.4081 -50.377
30.4111 -50.3571
30.4141 -50.3372
30.4171 -50.3172
30.4202 -50.2971
30.4233 -50.277
30.4264 -50.2567
30.4295 -50.2365
30.4326 -50.2162
30.4358 -50.1959
30.4391 -50.1758
30.4423 -50.1558
30.4457 -50.1357
30.449 -50.1156
30.4523 -50.0955
30.4557 -50.0752
30.4591 -50.0549
30.4626 -50.0345
30.466 -50.014
30.4695 -49.9934
30.473 -49.9727
30.4765 -49.952
30.4801 -49.9311
30.4837 -49.9102
30.4873 -49.8892
30.4909 -49.8682
30.4946 -49.8472
30.4983 -49.8261
30.502 -49.8048
30.5057 -49.7835
30.5094 -49.7621
30.5132 -49.7407
30.517 -49.7192
30.5206 -49.6979
30.5242 -49.6766
30.5277 -49.6552
30.5313 -49.6338
30.5349 -49.6123
30.5385 -49.5907
30.542 -49.5565
30.5455 -49.5203
30.549 -49.4841
30.5525 -49.4477
30.556 -49.4113
30.5596 -49.3748
30.5632 -49.3381
30.5668 -49.3015
30.5705 -49.2649
30.5742 -49.2282
30.5779 -49.1914
30.5816 -49.1546
30.5853 -49.1176
30.5891 -49.0806
30.5929 -49.0435
30.5967 -49.0063
30.6005 -48.9691
30.6044 -48.9317
30.6083 -48.8943
30.6122 -48.8571
30.6162 -48.8198
30.6201 -48.7823
30.6241 -48.7449
30.6282 -48.7073
30.6322 -48.6696
30.6363 -48.6319
30.6404 -48.5942
30.6445 -48.5563
30.6486 -48.5184
30.6528 -48.4805
30.657 -48.4426
30.6612 -48.4046
30.6654 -48.3666
30.6697 -48.3285
30.674 -48.2903
30.6783 -48.2521
30.6826 -48.214
30.6869 -48.1758
30.6913 -48.1376
30.6957 -48.0993
30.7001 -48.061
30.7044 -48.0163
30.7088 -47.9671
30.7132 -47.9177
30.7176 -47.8683
30.722 -47.8187
30.7264 -47.769
30.7309 -47.7192
30.7354 -47.6694
30.7399 -47.6196
30.7445 -47.5698
30.749 -47.5199
30.7536 -47.4701
30.7582 -47.4201
30.7629 -47.3701
30.7675 -47.3201
30.7722 -47.27
30.7769 -47.2199
30.7816 -47.1697
30.7864 -47.1196
30.7912 -47.0696
30.7961 -47.0195
30.801 -46.9692
30.8059 -46.919
30.8109 -46.8687
30.8158 -46.8184
30.8208 -46.768
30.8259 -46.7175
30.8309 -46.6669
30.8354 -46.6173
30.8397 -46.5678
30.8441 -46.5182
30.8485 -46.4686
30.853 -46.4189
30.8574 -46.3692
30.8619 -46.3193
30.8664 -46.2694
30.871 -46.2194
30.8755 -46.1695
30.8801 -46.1196
30.8846 -46.0699
30.8892 -46.0202
30.8938 -45.9706
30.8984 -45.9208
30.9031 -45.8711
30.9077 -45.8214
30.9124 -45.7717
30.9171 -45.722
30.9218 -45.6722
30.9266 -45.6222
30.9314 -45.5722
30.9362 -45.5225
30.941 -45.4727
30.9457 -45.4231
30.9506 -45.3736
30.9554 -45.3242
30.9602 -45.2748
30.9651 -45.2253
30.9699 -45.1758
30.9748 -45.1263
30.9798 -45.0767
30.9847 -45.027
30.9897 -44.9773
30.9947 -44.9276
30.9997 -44.8778
31.0047 -44.828
31.0098 -44.7781
31.0149 -44.7282
31.02 -44.6783
31.0251 -44.6285
31.0302 -44.5786
31.0354 -44.5286
31.0406 -44.4784
31.0458 -44.4283
31.0511 -44.378
31.0564 -44.3277
31.0617 -44.2773
31.067 -44.2269
31.0723 -44.1764
31.0777 -44.1258
31.0831 -44.0752
31.0884 -44.0246
31.0937 -43.9738
31.0991 -43.923
31.1045 -43.8721
31.1099 -43.8212
31.1153 -43.7704
31.1208 -43.7194
31.1262 -43.6684
31.1317 -43.6173
31.1373 -43.5661
31.1429 -43.5148
31.1484 -43.4634
31.1541 -43.4119
31.1597 -43.3606
31.1654 -43.3092
31.171 -43.258
31.1767 -43.2067
31.1824 -43.1554
31.1881 -43.104
31.1939 -43.0526
31.1989 -43.0026
31.2039 -42.9529
31.2088 -42.9031
31.2137 -42.8532
31.2187 -42.8032
31.2237 -42.7533
31.2288 -42.7032
31.2338 -42.6531
31.2389 -42.6029
31.244 -42.5528
31.2492 -42.5026
31.2543 -42.4525
31.2595 -42.4023
31.2646 -42.3522
31.2698 -42.3022
31.2751 -42.2521
31.2803 -42.202
31.2856 -42.1518
31.2908 -42.1016
31.2962 -42.0513
31.3015 -42.0009
31.3069 -41.9504
31.3123 -41.8999
31.3177 -41.8495
31.3231 -41.7992
31.3285 -41.7489
31.334 -41.6985
31.3394 -41.6482
31.3449 -41.5979
31.3504 -41.5475
31.356 -41.4971
31.3615 -41.4466
31.3671 -41.396
31.3727 -41.3453
31.3784 -41.2946
31.3841 -41.2437
31.3898 -41.1928
31.3955 -41.1418
31.4013 -41.0908
31.407 -41.0397
31.4128 -40.9885
31.4187 -40.9373
31.4245 -40.886
31.4304 -40.8346
31.4364 -40.7831
31.4423 -40.7315
31.4483 -40.6799
31.4543 -40.6284
31.4603 -40.5768
31.4663 -40.5251
31.4724 -40.4733
31.4785 -40.4214
31.4846 -40.3694
31.4908 -40.3174
31.4969 -40.2653
31.5032 -40.2131
31.5094 -40.1609
31.5157 -40.1086
31.5219 -40.0565
31.5282 -40.0043
31.5345 -39.952
31.5409 -39.8996
31.5473 -39.8472
31.5537 -39.7946
31.5601 -39.7421
31.5666 -39.6895
31.573 -39.6369
31.5795 -39.5843
31.5861 -39.5315
31.5926 -39.4787
31.5992 -39.4259
31.6058 -39.3729
31.6125 -39.32
31.6191 -39.2671
31.6258 -39.214
31.6325 -39.1609
31.6393 -39.1077
31.646 -39.0544
31.6528 -39.0011
31.6597 -38.9478
31.6665 -38.8945
31.6734 -38.8411
31.6803 -38.7877
31.6871 -38.7343
31.694 -38.6809
31.7009 -38.6274
31.7078 -38.5741
31.7147 -38.5208
31.7216 -38.4676
31.7286 -38.4143
31.7356 -38.3609
31.7426 -38.3074
31.7497 -38.2538
31.7568 -38.2001
31.7639 -38.1463
31.771 -38.0927
31.7781 -38.039
31.7853 -37.9853
31.7925 -37.9316
31.7997 -37.8778
31.807 -37.8241
31.8142 -37.7703
31.8215 -37.7165
31.8288 -37.6627
31.8361 -37.609
31.8435 -37.5553
31.8508 -37.5015
31.8582 -37.4476
31.8656 -37.3936
31.8731 -37.3396
31.8806 -37.2856
31.888 -37.2317
31.8955 -37.1779
31.9031 -37.124
31.9106 -37.0702
31.9181 -37.0164
31.9257 -36.9626
31.9333 -36.9088
31.9409 -36.8549
31.9486 -36.8009
31.9562 -36.747
31.9639 -36.6932
31.9716 -36.6392
31.9793 -36.5853
31.9871 -36.5313
31.9949 -36.4772
32.0027 -36.423
32.0106 -36.3687
32.0184 -36.3144
32.0264 -36.2599
32.0343 -36.2054
32.0423 -36.1508
32.0503 -36.0962
32.0583 -36.0415
32.0663 -35.9868
32.0744 -35.9321
32.0825 -35.8774
32.0906 -35.8227
32.0988 -35.7679
32.1069 -35.713
32.1151 -35.6581
32.1234 -35.6031
32.1316 -35.548
32.1399 -35.4929
32.1482 -35.4377
32.1566 -35.3824
32.165 -35.3271
32.1733 -35.2719
32.1818 -35.2166
32.1902 -35.1612
32.1987 -35.1057
32.2072 -35.0503
32.2157 -34.9947
32.2243 -34.9391
32.2329 -34.8834
32.2415 -34.8277
32.2501 -34.7718
32.2588 -34.716
32.2675 -34.66
32.2763 -34.6039
32.285 -34.5479
32.2938 -34.4923
32.3025 -34.4366
32.3113 -34.3809
32.3201 -34.3253
32.3289 -34.2696
32.3378 -34.2139
32.3466 -34.1582
32.3555 -34.1024
32.3644 -34.0467
32.3734 -33.991
32.3823 -33.9352
32.3913 -33.8795
32.4003 -33.8237
32.4093 -33.768
32.4184 -33.7121
32.4275 -33.6562
32.4366 -33.6002
32.4457 -33.5441
32.4549 -33.488
32.4641 -33.4318
32.4734 -33.3755
32.4826 -33.3191
32.4919 -33.2627
32.5013 -33.2062
32.5106 -33.1496
32.52 -33.093
32.5294 -33.0365
32.5389 -32.98
32.5483 -32.9233
32.5578 -32.8666
32.5673 -32.8098
32.5769 -32.7531
32.5864 -32.6962
32.596 -32.6393
32.6057 -32.5823
32.6154 -32.5252
32.6251 -32.4681
32.6348 -32.4109
32.6445 -32.3538
32.6543 -32.2967
32.664 -32.2398
32.6738 -32.1824
32.6836 -32.1249
32.6934 -32.0673
32.7033 -32.0096
32.7132 -31.9519
32.7231 -31.8941
32.7331 -31.8362
32.7431 -31.7783
32.7531 -31.7203
32.7631 -31.6625
32.7732 -31.6046
32.7832 -31.5467
32.7934 -31.4887
32.8035 -31.4306
32.8137 -31.3724
32.8239 -31.3142
32.8341 -31.256
32.8444 -31.1977
32.8547 -31.1394
32.865 -31.0809
32.8753 -31.0225
32.8857 -30.9639
32.8961 -30.9052
32.9066 -30.8465
32.917 -30.7879
32.9275 -30.7293
32.938 -30.6706
32.9486 -30.6119
32.9591 -30.5532
32.9697 -30.4945
32.9803 -30.4358
32.9909 -30.377
33.0016 -30.3182
33.0123 -30.2592
33.023 -30.2002
33.0338 -30.1412
33.0446 -30.0822
33.0554 -30.0232
33.0662 -29.9642
33.077 -29.9053
33.0879 -29.8465
33.0988 -29.7876
33.1097 -29.7286
33.1206 -29.6697
33.1315 -29.6108
33.1425 -29.5519
33.1535 -29.493
33.1645 -29.4341
33.1755 -29.3754
33.1865 -29.3168
33.1975 -29.258
33.2086 -29.1992
33.2197 -29.1403
33.2309 -29.0813
33.2421 -29.0222
33.2533 -28.9631
33.2645 -28.9039
33.2758 -28.8447
33.2871 -28.7855
33.2984 -28.7263
33.3098 -28.667
33.3212 -28.6076
33.3326 -28.5483
33.344 -28.4888
33.3555 -28.4293
33.367 -28.3697
33.3786 -28.31
33.3901 -28.2503
33.4017 -28.1909
33.4132 -28.1316
33.4248 -28.0721
33.4365 -28.0127
33.4481 -27.9533
33.4598 -27.8938
33.4715 -27.8342
33.4832 -27.7746
33.495 -27.7149
33.5068 -27.6553
33.5186 -27.5957
33.5304 -27.536
33.5423 -27.4762
33.5542 -27.4164
33.5661 -27.3565
33.5781 -27.2965
33.5901 -27.2365
33.6021 -27.1764
33.6142 -27.1162
33.6263 -27.056
33.6384 -26.9958
33.6505 -26.9358
33.6627 -26.8756
33.6749 -26.8154
33.6871 -26.7552
33.6993 -26.6949
33.7116 -26.6345
33.7239 -26.574
33.7363 -26.5135
33.7487 -26.4529
33.7611 -26.3924
33.7735 -26.3318
33.7859 -26.2714
33.7983 -26.2113
33.8108 -26.151
33.8232 -26.0907
33.8357 -26.0304
33.8482 -25.9702
33.8608 -25.91
33.8733 -25.8497
33.8859 -25.7894
33.8986 -25.729
33.9112 -25.6686
33.9239 -25.6082
33.9366 -25.5477
33.9493 -25.4871
33.9621 -25.4264
33.9749 -25.3657
33.9878 -25.305
34.0006 -25.2443
34.0135 -25.1838
34.0263 -25.1237
34.0391 -25.0635
34.052 -25.0033
34.0649 -24.943
34.0778 -24.8826
34.0908 -24.8221
34.1038 -24.7616
34.1169 -24.7011
34.1299 -24.6406
34.143 -24.58
34.1561 -24.5194
34.1693 -24.4587
34.1825 -24.3979
34.1957 -24.3371
34.2089 -24.2763
34.2222 -24.2153
34.2355 -24.1543
34.2489 -24.0932
34.2622 -24.0323
34.2756 -23.9714
34.289 -23.9103
34.3024 -23.8494
34.3159 -23.7885
34.3293 -23.7276
34.3428 -23.6665
34.3564 -23.6055
34.3699 -23.5444
34.3835 -23.4835
34.397 -23.4228
34.4106 -23.362
34.4242 -23.3011
34.4379 -23.2402
34.4515 -23.1793
34.4652 -23.1184
34.4789 -23.0575
34.4927 -22.9966
34.5064 -22.9357
34.5202 -22.8748
34.534 -22.8139
34.5479 -22.7528
34.5617 -22.692
34.5755 -22.6312
34.5894 -22.5704
34.6033 -22.5095
34.6173 -22.4486
34.6313 -22.3875
34.6453 -22.3265
34.6593 -22.2656
34.6734 -22.2046
34.6874 -22.1436
34.7015 -22.0826
34.7156 -22.0217
34.7297 -21.9608
34.7439 -21.8998
34.7581 -21.8388
34.7723 -21.7777
34.7866 -21.7166
34.8008 -21.6555
34.8152 -21.5943
34.8295 -21.5331
34.8439 -21.4718
34.8583 -21.4105
34.8727 -21.3491
34.8871 -21.2878
34.9016 -21.226
34.9161 -21.1638
34.9306 -21.1016
34.9451 -21.0395
34.9597 -20.9775
34.9742 -20.9154
34.9888 -20.8534
35.0034 -20.7913
35.018 -20.7294
35.0327 -20.6674
35.0473 -20.6054
35.062 -20.5433
35.0768 -20.4811
35.0915 -20.4189
35.1064 -20.3566
35.1212 -20.2945
35.136 -20.2324
35.1508 -20.1702
35.1657 -20.1081
35.1806 -20.046
35.1955 -19.9839
35.2105 -19.9217
35.2254 -19.8595
35.2404 -19.7972
35.2555 -19.7349
35.2705 -19.6726
35.2856 -19.6103
35.3007 -19.5479
35.3159 -19.4855
35.3311 -19.4232
35.3462 -19.3608
35.3614 -19.2986
35.3766 -19.2364
35.3919 -19.1742
35.4071 -19.112
35.4224 -19.0499
35.4377 -18.9878
35.453 -18.9257
35.4683 -18.8637
35.4836 -18.8019
35.4989 -18.7403
35.5142 -18.6786
35.5295 -18.617
35.5448 -18.5555
35.5602 -18.4939
35.5756 -18.4323
35.591 -18.3707
35.6065 -18.309
35.622 -18.2474
35.6375 -18.1857
35.653 -18.1239
35.6686 -18.0621
35.6842 -18.0003
35.6998 -17.9385
35.7155 -17.8766
35.7311 -17.8147
35.7469 -17.7527
35.7626 -17.6906
35.7784 -17.6287
35.7942 -17.5667
35.81 -17.5047
35.8258 -17.4427
35.8417 -17.3806
35.8576 -17.3185
35.8735 -17.2566
35.8894 -17.1946
35.9053 -17.1328
35.9213 -17.0711
35.9372 -17.0095
35.9529 -16.9485
35.9688 -16.8875
35.9846 -16.8264
36.0005 -16.7652
36.0164 -16.704
36.0323 -16.6428
36.0483 -16.5816
36.0642 -16.5206
36.0802 -16.4595
36.0962 -16.3984
36.1123 -16.3372
36.1283 -16.276
36.1444 -16.2147
36.1606 -16.1534
36.1767 -16.0921
36.1929 -16.0307
36.2092 -15.9692
36.2254 -15.9076
36.2417 -15.846
36.2581 -15.7844
36.2744 -15.7227
36.2908 -15.6609
36.3073 -15.599
36.3237 -15.5372
36.3402 -15.4753
36.3568 -15.4133
36.3733 -15.3513
36.3899 -15.2893
36.4065 -15.2273
36.4232 -15.1653
36.4398 -15.1033
36.4565 -15.0414
36.4731 -14.9795
36.4898 -14.9177
36.5065 -14.856
36.5233 -14.7941
36.54 -14.7322
36.5568 -14.6703
36.5736 -14.6086
36.5904 -14.5469
36.6072 -14.4852
36.6241 -14.4234
36.641 -14.3616
36.6579 -14.2999
36.6748 -14.2382
36.6918 -14.1764
36.7087 -14.1147
36.7257 -14.0531
36.7427 -13.9916
36.7596 -13.9302
36.7766 -13.8692
36.7935 -13.8081
36.8105 -13.7471
36.8275 -13.6861
36.8445 -13.6249
36.8615 -13.5635
36.8786 -13.502
36.8956 -13.4405
36.9127 -13.379
36.9299 -13.3174
36.947 -13.2557
36.9642 -13.1942
36.9814 -13.1326
36.9986 -13.0709
37.0159 -13.0092
37.0332 -12.9475
37.0505 -12.8857
37.0678 -12.8241
37.0851 -12.7626
37.1025 -12.701
37.1199 -12.6393
37.1373 -12.5777
37.1547 -12.5161
37.1722 -12.4544
37.1897 -12.3927
37.2072 -12.3311
37.2246 -12.2698
37.2421 -12.2087
37.2596 -12.1476
37.277 -12.0865
37.2946 -12.0253
37.3121 -11.9642
37.3297 -11.903
37.3473 -11.8417
37.3649 -11.7804
37.3826 -11.719
37.4003 -11.6577
37.418 -11.5964
37.4358 -11.535
37.4535 -11.4737
37.4713 -11.4123
37.4891 -11.3511
37.5068 -11.2901
37.5246 -11.2292
37.5424 -11.1681
37.5603 -11.1071
37.5782 -11.046
37.596 -10.9849
37.6139 -10.924
37.6318 -10.8632
37.6497 -10.8024
37.6676 -10.7418
37.6855 -10.6813
37.7034 -10.6206
37.7214 -10.56
37.7393 -10.4994
37.7573 -10.4388
37.7753 -10.3783
37.7934 -10.3177
37.8114 -10.2572
37.8294 -10.1969
37.8474 -10.1368
37.8655 -10.0767
37.8835 -10.0165
37.9016 -9.95626
37.9198 -9.89596
37.9379 -9.83572
37.9561 -9.77543
37.9743 -9.71516
37.9925 -9.65486
38.0108 -9.59451
38.029 -9.53439
38.0472 -9.4745
38.0654 -9.41456
38.0837 -9.35467
38.1019 -9.29485
38.1202 -9.23499
38.1385 -9.1753
38.1568 -9.11558
38.1752 -9.0558
38.1935 -8.99597
38.2119 -8.93609
38.2303 -8.87634
38.2485 -8.81671
38.2668 -8.75703
38.2851 -8.6973
38.3034 -8.63751
38.3217 -8.57775
38.3401 -8.51803
38.3585 -8.45826
38.3769 -8.39844
38.3953 -8.33866
38.4138 -8.27884
38.4322 -8.21912
38.4507 -8.15941
38.4692 -8.0998
38.4877 -8.04045
38.5061 -7.9811
38.5246 -7.92171
38.5432 -7.86226
38.5617 -7.80291
38.5803 -7.74356
38.5989 -7.68417
38.6175 -7.62472
38.6362 -7.56525
38.6548 -7.50596
38.6734 -7.44697
38.692 -7.38798
38.7107 -7.32893
38.7293 -7.26984
38.748 -7.21077
38.7667 -7.15176
38.7855 -7.09271
38.8043 -7.03361
38.8231 -6.97445
38.8419 -6.91525
38.8608 -6.856
38.8797 -6.79669
38.8986 -6.73733
38.9176 -6.67793
38.9366 -6.61847
38.9556 -6.55896
38.9746 -6.4996
38.9937 -6.44022
39.0127 -6.38079
39.0319 -6.32131
39.051 -6.26178
39.0701 -6.20245
39.0892 -6.14325
39.1083 -6.08426
39.1274 -6.02548
39.1465 -5.96665
39.1656 -5.90777
39.1848 -5.84884
39.204 -5.78986
39.2233 -5.73084
39.2425 -5.67176
39.2618 -5.61283
39.281 -5.55406
39.3003 -5.49531
39.3196 -5.43655
39.3389 -5.37787
39.3582 -5.31918
39.3775 -5.26059
39.3967 -5.20239
39.416 -5.14424
39.4353 -5.08611
39.4546 -5.02794
39.4739 -4.96975
39.4933 -4.91151
39.5127 -4.85332
39.532 -4.79523
39.5514 -4.73716
39.5708 -4.67903
39.5903 -4.62086
39.6098 -4.56266
39.6293 -4.50456
39.6488 -4.44641
39.6683 -4.38821
39.6879 -4.32997
39.7075 -4.27168
39.7272 -4.21339
39.7468 -4.15511
39.7665 -4.09681
39.7862 -4.0385
39.8059 -3.98016
39.8257 -3.92178
39.8455 -3.86342
39.8652 -3.80512
39.885 -3.74683
39.9049 -3.68859
39.9247 -3.63031
39.9446 -3.57197
39.9644 -3.51419
39.9842 -3.45635
40.004 -3.39847
40.0239 -3.34054
40.0438 -3.28257
40.0636 -3.22495
40.0835 -3.16732
40.1034 -3.10964
40.1234 -3.05192
40.1433 -2.99415
40.1633 -2.93639
40.1833 -2.87871
40.2033 -2.82109
40.2232 -2.76386
40.2432 -2.70671
40.2631 -2.64964
40.2831 -2.59252
40.303 -2.53544
40.323 -2.47847
40.343 -2.42148
40.363 -2.36444
40.3831 -2.30736
40.4032 -2.25023
40.4233 -2.19305
40.4435 -2.13583
40.4637 -2.07857
40.4839 -2.02131
40.5041 -1.96402
40.5244 -1.90674
40.5446 -1.84963
40.5649 -1.79255
40.5851 -1.7355
40.6054 -1.67857
40.6257 -1.62174
40.6459 -1.56494
40.6662 -1.50812
40.6865 -1.45133
40.7068 -1.39466
40.7272 -1.33795
40.7475 -1.28151
40.7678 -1.22513
40.7881 -1.16873
40.8084 -1.11259
40.8287 -1.0564
40.849 -1.00018
40.8694 -0.94391
40.8898 -0.887649
40.9102 -0.831406
40.9306 -0.775364
40.951 -0.719303
40.9714 -0.663217
40.9919 -0.607251
41.0123 -0.551605
41.0326 -0.496281
41.0529 -0.440946
41.0733 -0.385568
41.0937 -0.330146
41.1141 -0.274882
41.1345 -0.219591
41.155 -0.164256
41.1754 -0.10905
41.1958 -0.0540441
41.2163 0.00100485
41.2367 0.0560965
41.2572 0.111231
41.2778 0.166408
41.2983 0.221565
41.3189 0.276709
41.3395 0.331895
41.3601 0.387123
41.3807 0.442371
41.4014 0.497519
41.4221 0.552709
41.4428 0.607942
41.4635 0.663213
41.4842 0.718334
41.505 0.773489
41.5258 0.828685
41.5466 0.883924
41.5674 0.939205
41.5883 0.994446
41.6091 1.04938
41.6299 1.10435
41.6507 1.15937
41.6716 1.21434
41.6925 1.26927
41.7133 1.32375
41.734 1.37799
41.7548 1.43223
41.7755 1.4864
41.7963 1.5404
41.817 1.59441
41.8378 1.64836
41.8586 1.70231
41.8793 1.75613
41.9001 1.80979
41.9209 1.86349
41.9417 1.91712
41.9624 1.97048
41.9832 2.02385
42.0039 2.0772
42.0247 2.13054
42.0455 2.1839
42.0664 2.23729
42.0873 2.29072
42.1081 2.34415
42.1291 2.39758
42.15 2.45106
42.171 2.50451
42.1919 2.55789
42.2129 2.61119
42.2338 2.66448
42.2548 2.71775
42.2758 2.77072
42.2967 2.82353
42.3176 2.87632
42.3386 2.9291
42.3595 2.98193
42.3805 3.03477
42.4016 3.08758
42.4226 3.14038
42.4436 3.19319
42.4647 3.24604
42.4858 3.29892
42.5069 3.35179
42.5281 3.40462
42.5492 3.45726
42.5703 3.5098
42.5914 3.56224
42.6125 3.6147
42.6335 3.66679
42.6546 3.71892
42.6757 3.77104
42.6968 3.82307
42.7179 3.87513
42.7391 3.9272
42.7602 3.97928
42.7814 4.03133
42.8026 4.08342
42.8238 4.13547
42.8449 4.18698
42.8659 4.23808
42.8869 4.28922
42.908 4.3404
42.9291 4.39161
42.9502 4.44267
42.9713 4.49375
42.9924 4.54486
43.0135 4.59602
43.0347 4.64715
43.0559 4.69827
43.0771 4.74926
43.0982 4.8002
43.1194 4.85114
43.1407 4.9021
43.1619 4.95289
43.1831 5.00364
43.2043 5.05442
43.2255 5.10525
43.2468 5.15607
43.2681 5.20675
43.2894 5.25747
43.3107 5.30823
43.332 5.35902
43.3534 5.4097
43.3747 5.46031
43.396 5.51093
43.4174 5.56139
43.4387 5.61183
43.4601 5.6623
43.4815 5.71264
43.5028 5.76296
43.5242 5.81331
43.5456 5.86368
43.567 5.91388
43.5884 5.9641
43.6099 6.01428
43.6313 6.06445
43.6528 6.11458
43.6742 6.1646
43.6957 6.21466
43.7172 6.26475
43.7387 6.31487
43.7602 6.36479
43.7816 6.41439
43.8031 6.46403
43.8245 6.5137
43.846 6.56341
43.8676 6.61312
43.8891 6.66287
43.9107 6.71265
43.9323 6.76227
43.9539 6.81191
43.9755 6.86159
43.9971 6.9113
44.0188 6.96104
44.0405 7.01081
44.0622 7.06062
44.0839 7.11043
44.1057 7.16027
44.1275 7.21014
44.1493 7.26004
44.1711 7.30998
44.193 7.35996
44.2149 7.40991
44.2368 7.45983
44.2587 7.50978
44.2806 7.55977
44.3026 7.60979
44.3246 7.65985
44.3467 7.70994
44.3687 7.76007
44.3908 7.81022
44.4129 7.8604
44.435 7.91055
44.4571 7.9606
44.4791 8.01048
44.5012 8.0604
44.5233 8.11029
44.5454 8.16022
44.5675 8.21019
44.5896 8.26019
44.6118 8.31022
44.634 8.36029
44.6563 8.4104
44.6785 8.46054
44.7008 8.51071
44.7231 8.56084
44.7454 8.61097
44.7678 8.66113
44.7901 8.71127
44.8124 8.76079
44.8346 8.81033
44.8569 8.85991
44.8792 8.90952
44.9015 8.95917
44.9238 9.00885
44.9462 9.05856
44.9686 9.10826
44.991 9.15798
45.0134 9.20775
45.0359 9.25754
45.0584 9.30738
45.0809 9.35724
45.1035 9.40714
45.1261 9.45706
45.1487 9.50702
45.1713 9.55701
45.1939 9.6069
45.2166 9.65679
45.2392 9.70671
45.2619 9.75664
45.2846 9.80661
45.3074 9.8566
45.3302 9.90659
45.3529 9.95654
45.3757 10.0065
45.3985 10.0565
45.4213 10.1064
45.4441 10.156
45.4669 10.2056
45.4897 10.2553
45.5125 10.305
45.5353 10.3546
45.5582 10.4043
45.5811 10.454
45.604 10.5037
45.6269 10.5535
45.6499 10.6033
45.6729 10.6531
45.6959 10.703
45.719 10.7529
45.742 10.8028
45.7651 10.8528
45.7883 10.9028
45.8114 10.9528
45.8346 11.0029
45.8578 11.053
45.8811 11.1031
45.9044 11.1533
45.9276 11.2035
45.951 11.2537
45.9743 11.304
45.9977 11.3543
46.0211 11.4044
46.0445 11.4546
46.0679 11.5049
46.0913 11.5551
46.1148 11.6054
46.1383 11.6556
46.1618 11.7059
46.1853 11.7562
46.2088 11.8063
46.2323 11.8564
46.2559 11.9066
46.2794 11.9568
46.303 12.007
46.3267 12.0573
46.3503 12.1075
46.374 12.1578
46.3977 12.2081
46.4213 12.2584
46.445 12.3087
46.4686 12.359
46.4922 12.4091
46.5159 12.4593
46.5396 12.5095
46.5633 12.5597
46.587 12.6097
46.6106 12.6595
46.6342 12.7093
46.6579 12.7592
46.6816 12.8091
46.7053 12.859
46.7291 12.9089
46.7529 12.9588
46.7767 13.0088
46.8005 13.0588
46.8244 13.1089
46.8483 13.159
46.8722 13.2091
46.8961 13.2592
46.9201 13.3094
46.9441 13.3596
46.9681 13.4099
46.9922 13.4601
47.0163 13.5105
47.0404 13.5608
47.0645 13.6111
47.0887 13.6615
47.1129 13.7119
47.1371 13.7623
47.1613 13.8126
47.1855 13.8629
47.2097 13.9131
47.2339 13.9635
47.2582 14.0138
47.2825 14.0641
47.3068 14.1145
47.3312 14.1649
47.3556 14.2153
47.3799 14.2655
47.4042 14.3154
47.4284 14.3652
47.4526 14.4148
47.4769 14.4646
47.5012 14.5143
47.5255 14.5641
47.5499 14.6139
47.5742 14.6637
47.5986 14.7136
47.6231 14.7634
47.6475 14.8133
47.672 14.8633
47.6965 14.9133
47.721 14.9633
47.7456 15.0133
47.7702 15.0634
47.7948 15.1135
47.8194 15.1636
47.8441 15.2136
47.8687 15.2637
47.8934 15.3136
47.9181 15.3637
47.9428 15.4137
47.9675 15.4638
47.9923 15.5139
48.0171 15.5641
48.0419 15.6142
48.0668 15.6644
48.0915 15.7144
48.1163 15.7645
48.1411 15.8146
48.166 15.8647
48.1908 15.9148
48.2157 15.965
48.2404 16.0145
48.2651 16.0639
48.2899 16.1134
48.3146 16.1629
48.3394 16.2124
48.3642 16.2619
48.3891 16.3115
48.4139 16.3611
48.4388 16.4107
48.4637 16.4603
48.4887 16.5099
48.5136 16.5596
48.5386 16.6093
48.5636 16.659
48.5886 16.7087
48.6137 16.7584
48.6387 16.8081
48.6638 16.8578
48.689 16.9076
48.7141 16.9574
48.7392 17.0069
48.7643 17.0563
48.7893 17.1057
48.8145 17.1551
48.8396 17.2046
48.8647 17.254
48.8899 17.3034
48.9151 17.3529
48.9403 17.4023
48.9655 17.4518
48.9908 17.5013
49.0161 17.5509
49.0414 17.6005
49.0668 17.6501
49.0921 17.6997
49.1175 17.7493
49.1429 17.7989
49.1683 17.8485
49.1938 17.8982
49.2193 17.9478
49.2448 17.9975
49.2703 18.0472
49.2958 18.0969
49.3214 18.1466
49.347 18.1963
49.3725 18.246
49.3982 18.2958
49.4238 18.3455
49.4494 18.3951
49.4751 18.4447
49.5007 18.4943
49.5264 18.544
49.5521 18.5936
49.5779 18.6433
49.6036 18.6931
49.6294 18.7428
49.6552 18.7924
49.6809 18.8418
49.7067 18.8913
49.7325 18.9408
49.7583 18.9903
49.7841 19.0398
49.81 19.0894
49.8359 19.139
49.8618 19.1886
49.8877 19.2382
49.9136 19.2875
49.9395 19.3369
49.9654 19.3862
49.9913 19.4356
50.0173 19.4851
50.0432 19.5344
50.0692 19.5837
50.0952 19.6331
50.1212 19.6824
50.1473 19.7318
50.1733 19.7811
50.1994 19.8305
50.2255 19.8799
50.2516 19.9293
50.2778 19.9788
50.3039 20.0282
50.3301 20.0776
50.3563 20.127
50.3826 20.1765
50.4088 20.226
50.4351 20.2754
50.4613 20.3248
50.4876 20.3741
50.5139 20.4236
50.5403 20.473
50.5666 20.5225
50.593 20.572
50.6194 20.6215
50.6458 20.6708
50.6722 20.7201
50.6986 20.7695
50.7251 20.8189
50.7515 20.8683
50.778 20.9177
50.8046 20.9672
50.8311 21.0166
50.8576 21.0659
50.8841 21.1152
50.9107 21.1645
50.9373 21.2139
50.9639 21.2632
50.9905 21.3125
51.0171 21.3618
51.0437 21.4111
51.0704 21.4605
51.0971 21.5099
51.1238 21.5593
51.1506 21.6087
51.1774 21.6582
51.2042 21.7077
51.231 21.7572
51.2579 21.8068
51.2848 21.8564
51.3117 21.906
51.3386 21.9556
51.3656 22.0053
51.3926 22.055
51.4196 22.1047
51.4467 22.1545
51.4738 22.2043
51.5009 22.2541
51.528 22.304
51.5552 22.3538
51.5824 22.4037
51.6096 22.4537
51.6369 22.5036
51.6641 22.5536
51.6914 22.6037
51.7188 22.6537
51.7461 22.7038
51.7735 22.7539
51.8009 22.804
51.8284 22.8542
51.8558 22.9044
51.8833 22.9546
51.9109 23.0049
51.9384 23.0552
51.966 23.1055
51.9936 23.1558
52.0213 23.2062
52.0489 23.2566
52.0766 23.307
52.1043 23.3575
52.1321 23.408
52.1599 23.4585
52.1877 23.5091
52.2155 23.5596
52.2433 23.6102
52.2712 23.6609
52.2992 23.7115
52.3271 23.7622
52.3551 23.813
52.3831 23.8637
52.4111 23.9145
52.4391 23.9653
52.4672 24.0161
52.4953 24.067
52.5235 24.1179
52.5517 24.1688
52.5798 24.2198
52.6081 24.2708
52.6363 24.3218
52.6646 24.3728
52.6929 24.4239
52.7213 24.475
52.7496 24.5261
52.778 24.5773
52.8064 24.6285
52.8349 24.6797
52.8634 24.7309
52.8919 24.7822
52.9204 24.8335
52.949 24.8848
52.9776 24.9362
53.0062 24.9876
53.0348 25.039
53.0635 25.0905
53.0922 25.142
53.1209 25.1935
53.1497 25.245
53.1785 25.2966
53.2073 25.3482
53.2362 25.3998
53.265 25.4514
53.2939 25.5031
53.3229 25.5548
53.3518 25.6066
53.3808 25.6583
53.4098 25.7101
53.4389 25.762
53.468 25.8138
53.4971 25.8657
53.5262 25.9176
53.5554 25.9696
53.5846 26.0216
53.6138 26.0736
53.643 26.1256
53.6723 26.1777
53.7016 26.2298
53.7309 26.2819
53.7603 26.334
53.7897 26.3862
53.8191 26.4384
53.8486 26.4906
53.8781 26.5429
53.9076 26.5952
53.9371 26.6475
53.9667 26.6999
53.9963 26.7523
54.0259 26.8047
54.0555 26.8571
54.0852 26.9096
54.1149 26.9621
54.1447 27.0146
54.1744 27.0672
54.2042 27.1198
54.234 27.1724
54.2639 27.225
54.2937 27.2776
54.3236 27.3303
54.3535 27.383
54.3834 27.4357
54.4134 27.4884
54.4434 27.5412
54.4734 27.594
54.5035 27.6469
54.5335 27.6998
54.5637 27.7527
54.5938 27.8056
54.624 27.8586
54.6542 27.9115
54.6844 27.9646
54.7146 28.0176
54.7449 28.0707
54.7752 28.1238
54.8056 28.1769
54.836 28.2301
54.8664 28.2833
54.8968 28.3365
54.9273 28.3897
54.9578 28.443
54.9883 28.4963
55.0188 28.5497
55.0494 28.603
55.08 28.6564
55.1107 28.7099
55.1413 28.7633
55.172 28.8168
55.2028 28.8703
55.2335 28.9239
55.2643 28.9774
55.2951 29.031
55.326 29.0847
55.3568 29.1383
55.3878 29.192
55.4187 29.2457
55.4497 29.2995
55.4807 29.3533
55.5117 29.4071
55.5427 29.4609
55.5738 29.5148
55.6049 29.5686
55.6361 29.6226
55.6673 29.6765
55.6985 29.7305
55.7297 29.7845
55.761 29.8385
55.7922 29.8926
55.8236 29.9467
55.8549 30.0008
55.8863 30.055
55.9177 30.1092
55.9492 30.1634
55.9806 30.2176
56.0121 30.2719
56.0437 30.3262
56.0752 30.3805
56.1068 30.4349
56.1385 30.4893
56.1701 30.5437
56.2018 30.5981
56.2335 30.6526
56.2652 30.7071
56.297 30.7617
56.3288 30.8162
56.3607 30.8708
56.3925 30.9254
56.4244 30.9801
56.4563 31.0348
56.4883 31.0895
56.5203 31.1442
56.5523 31.199
56.5843 31.2538
56.6164 31.3086
56.6485 31.3635
56.6807 31.4183
56.7128 31.4733
56.745 31.5282
56.7773 31.5832
56.8095 31.6382
56.8418 31.6932
56.8741 31.7483
56.9065 31.8033
56.9389 31.8585
56.9713 31.9136
57.0037 31.9688
57.0362 32.024
57.0687 32.0792
57.1012 32.1345
57.1338 32.1898
57.1664 32.2451
57.199 32.3005
57.2317 32.3558
57.2643 32.4112
57.2971 32.4667
57.3298 32.5221
57.3626 32.5776
57.3954 32.6332
57.4282 32.6887
57.4611 32.7443
57.494 32.7999
57.5269 32.8556
57.5599 32.9112
57.5929 32.9669
57.6259 33.0227
57.659 33.0784
57.6921 33.1342
57.7252 33.19
57.7583 33.2459
57.7915 33.3018
57.8247 33.3577
57.858 33.4136
57.8912 33.4696
57.9245 33.5256
57.9579 33.5816
57.9912 33.6376
58.0246 33.6937
58.058 33.7498
58.0915 33.806
58.125 33.8621
58.1585 33.9183
58.1921 33.9746
58.2256 34.0308
58.2593 34.0871
58.2929 34.1434
58.3266 34.1998
58.3603 34.2561
58.394 34.3125
58.4278 34.369
58.4616 34.4254
58.4954 34.4819
58.5293 34.5384
58.5632 34.595
58.5971 34.6516
58.6311 34.7082
58.6651 34.7648
58.6991 34.8215
58.7331 34.8782
58.7672 34.9349
58.8013 34.9916
58.8355 35.0484
58.8696 35.1052
58.9038 35.1621
58.9381 35.2189
58.9724 35.2758
59.0067 35.3328
59.041 35.3897
59.0754 35.4467
59.1098 35.5037
59.1442 35.5608
59.1786 35.6178
59.2131 35.6749
59.2477 35.7321
59.2822 35.7892
59.3168 35.8464
59.3514 35.9036
59.3861 35.9609
59.4207 36.0182
59.4555 36.0755
59.4902 36.1328
59.525 36.1902
59.5598 36.2476
59.5946 36.305
59.6295 36.3624
59.6644 36.4199
59.6993 36.4774
59.7343 36.535
59.7693 36.5926
59.8043 36.6502
59.8394 36.7078
59.8745 36.7654
59.9096 36.8231
59.9448 36.8808
59.98 36.9386
60.0152 36.9964
60.0505 37.0542
60.0857 37.112
60.1211 37.1699
60.1564 37.2278
60.1918 37.2857
60.2272 37.3436
60.2627 37.4016
60.2981 37.4596
60.3337 37.5177
60.3692 37.5757
60.4048 37.6338
60.4404 37.6919
60.476 37.7501
60.5117 37.8083
60.5474 37.8665
60.5831 37.9247
60.6189 37.983
60.6547 38.0413
60.6905 38.0996
60.7264 38.158
60.7623 38.2164
60.7982 38.2748
60.8342 38.3333
60.8702 38.3917
60.9062 38.4502
60.9423 38.5088
60.9784 38.5673
61.0145 38.6259
61.0507 38.6845
61.0868 38.7432
61.1231 38.8019
61.1593 38.8606
61.1956 38.9193
