0.1 -5.01886
0.2 -10.5239
0.3 -15.5243
0.4 -20.614
0.5 -25.7637
0.6 -30.9133
0.7 -36.0618
0.8 -41.2092
0.9 -46.3556
1 -51.5009
1.22656 -58.9218
2.45044 -66.3634
3.67113 -73.8098
4.88796 -81.2441
6.10087 -88.66
7.30975 -96.065
8.5144 -103.46
9.71491 -110.835
10.9114 -118.186
12.1038 -125.515
13.2921 -132.818
14.4764 -140.095
15.6566 -147.344
16.8327 -154.567
18.0048 -161.763
19.1727 -168.933
20.3366 -176.076
21.4964 -183.193
22.6522 -190.285
23.8039 -197.35
24.9514 -204.39
26.095 -211.404
27.2344 -218.391
28.3698 -225.35
29.5012 -232.283
30.6285 -239.19
31.7518 -246.069
32.871 -252.92
33.9862 -259.744
35.0973 -266.54
36.2044 -273.31
37.3075 -280.055
38.4065 -286.774
39.5015 -293.466
40.5925 -300.131
41.6795 -306.768
42.7624 -313.377
43.8413 -319.959
44.9162 -326.513
45.9871 -333.039
47.054 -339.539
48.1169 -346.011
49.1758 -352.456
50.2307 -358.873
51.2816 -365.263
52.3285 -371.625
53.3714 -377.96
54.4103 -384.268
55.4452 -390.549
56.4761 -396.802
57.503 -403.027
58.526 -409.225
59.5449 -415.396
60.5599 -421.538
61.5709 -427.653
62.578 -433.74
63.581 -439.799
64.5801 -445.831
65.5752 -451.835
66.5664 -457.811
67.5535 -463.76
68.5367 -469.681
69.516 -475.574
70.4912 -481.44
71.4625 -487.277
72.4299 -493.087
73.3933 -498.87
74.3527 -504.625
75.3081 -510.352
76.2596 -516.051
77.2072 -521.722
78.1507 -527.365
79.0904 -532.981
80.026 -538.568
80.9577 -544.127
81.8855 -549.659
82.8093 -555.162
83.7291 -560.638
84.645 -566.085
85.5569 -571.505
86.4649 -576.897
87.3689 -582.262
88.269 -587.598
89.165 -592.907
90.0572 -598.187
90.9453 -603.439
91.8296 -608.663
92.7098 -613.858
93.5861 -619.025
94.4584 -624.164
95.3268 -629.274
96.1912 -634.356
97.0516 -639.409
97.9081 -644.434
98.7606 -649.43
99.6091 -654.4
100.454 -659.342
101.294 -664.255
102.131 -669.139
102.963 -673.994
103.792 -678.82
104.617 -683.618
105.437 -688.387
106.254 -693.127
107.066 -697.837
107.875 -702.519
108.68 -707.172
109.48 -711.795
110.277 -716.389
111.07 -720.954
111.858 -725.49
112.643 -729.996
113.423 -734.473
114.195 -738.929
114.953 -743.381
115.694 -747.835
116.401 -752.325
117.073 -756.889
117.677 -761.589
118.263 -766.299
118.844 -770.983
119.42 -775.637
119.991 -780.268
120.556 -784.884
121.115 -789.486
121.668 -794.072
122.215 -798.652
122.752 -803.195
123.282 -807.723
123.796 -812.217
124.302 -816.69
124.799 -821.128
125.267 -825.529
125.73 -829.901
126.185 -834.239
126.602 -838.56
127.001 -842.821
127.386 -847.015
127.741 -851.186
128.066 -855.346
128.371 -859.455
128.644 -863.575
128.909 -867.657
129.16 -871.686
129.395 -875.637
129.614 -879.512
129.823 -883.341
130.013 -887.08
130.19 -890.749
130.359 -894.391
130.518 -897.996
130.668 -901.555
130.802 -905.034
130.919 -908.422
131.022 -911.76
131.074 -914.883
131.058 -917.636
130.824 -919.069
129.825 -916.325
127.518 -905.232
124.784 -891.026
124.11 -888.102
123.854 -887.573
123.545 -886.64
123.274 -886.342
123.128 -887.122
122.946 -887.571
122.737 -887.785
122.511 -887.91
122.34 -888.569
122.157 -889.191
121.988 -889.879
121.803 -890.421
121.635 -891.05
121.517 -892.037
121.395 -892.969
121.265 -893.831
121.134 -894.711
120.998 -895.531
120.857 -896.294
120.746 -897.293
120.656 -898.47
120.551 -899.685
120.432 -900.749
120.292 -901.606
120.139 -902.366
119.871 -902.364
119.546 -902.315
119.155 -901.783
118.679 -899.724
117.315 -892.901
117.058 -892.545
116.741 -891.628
116.418 -890.692
116.276 -891.056
116.076 -891.079
115.86 -890.843
115.638 -890.503
115.409 -890.074
115.175 -889.562
114.951 -889.086
114.765 -888.869
114.61 -888.909
114.449 -888.882
114.285 -888.795
114.118 -888.666
113.948 -888.487
113.779 -888.296
113.612 -888.152
113.444 -888.019
113.275 -887.862
113.115 -887.772
112.953 -887.653
112.79 -887.505
112.641 -887.49
112.49 -887.449
112.337 -887.381
112.183 -887.285
112.028 -887.166
111.872 -887.049
111.711 -886.862
111.546 -886.616
111.384 -886.424
111.221 -886.231
111.057 -886.013
110.892 -885.775
110.726 -885.518
110.557 -885.221
110.385 -884.88
110.212 -884.516
110.038 -884.133
109.863 -883.73
109.687 -883.309
109.511 -882.871
109.344 -882.534
109.18 -882.231
109.016 -881.918
108.859 -881.63
108.701 -881.324
108.542 -881
108.38 -880.645
108.222 -880.291
108.071 -880.048
107.921 -879.814
107.771 -879.562
107.62 -879.291
107.468 -879.001
107.315 -878.698
107.162 -878.379
107.008 -878.016
106.856 -877.669
106.704 -877.366
106.551 -877.041
106.402 -876.728
106.252 -876.408
106.102 -876.074
105.952 -875.728
105.801 -875.37
105.653 -875.02
105.508 -874.691
105.362 -874.349
105.22 -874.021
105.077 -873.671
104.934 -873.281
104.789 -872.877
104.645 -872.46
104.499 -872.031
104.354 -871.591
104.208 -871.138
104.061 -870.672
103.914 -870.192
103.767 -869.715
103.622 -869.278
103.474 -868.823
103.332 -868.406
103.192 -868.034
103.052 -867.654
102.912 -867.264
102.772 -866.866
102.631 -866.458
102.491 -866.041
102.35 -865.615
102.208 -865.181
102.067 -864.737
101.925 -864.283
101.783 -863.821
101.641 -863.35
101.498 -862.869
101.357 -862.388
101.215 -861.901
101.074 -861.404
100.932 -860.897
100.791 -860.391
100.666 -859.946
100.54 -859.487
100.413 -859.01
100.287 -858.508
100.163 -858.009
100.038 -857.503
99.9124 -856.991
99.7871 -856.473
99.6617 -855.948
99.5362 -855.417
99.4105 -854.879
99.2847 -854.335
99.1587 -853.785
99.0326 -853.229
98.9064 -852.666
98.78 -852.098
98.6537 -851.524
98.5289 -850.953
98.404 -850.375
98.2797 -849.827
98.1569 -849.342
98.034 -848.851
97.9109 -848.356
97.7877 -847.855
97.6643 -847.349
97.5408 -846.838
97.4172 -846.322
97.2934 -845.8
97.1695 -845.273
97.0453 -844.741
96.9211 -844.203
96.7966 -843.66
96.672 -843.111
96.5481 -842.581
96.4251 -842.073
96.302 -841.561
96.1778 -841.032
96.0533 -840.498
95.9307 -839.972
95.8095 -839.453
95.6883 -838.93
95.567 -838.403
95.4562 -837.91
95.3543 -837.444
95.2523 -836.973
95.1497 -836.461
95.0471 -835.943
94.9445 -835.421
94.8418 -834.894
94.7391 -834.362
94.6364 -833.826
94.5367 -833.294
94.4419 -832.771
94.3471 -832.242
94.2523 -831.707
94.1574 -831.167
94.0625 -830.622
93.9676 -830.07
93.8727 -829.513
93.7777 -828.951
93.6827 -828.383
93.5877 -827.809
93.4937 -827.217
93.3998 -826.684
93.3057 -826.118
93.2117 -825.545
93.1176 -824.967
93.0236 -824.384
92.9295 -823.797
92.8355 -823.204
92.7415 -822.607
92.6474 -822.005
92.5534 -821.398
92.4594 -820.786
92.3654 -820.17
92.2714 -819.548
92.1774 -818.922
92.0834 -818.291
91.9894 -817.655
91.8955 -817.015
91.8015 -816.369
91.7076 -815.719
91.6137 -815.064
91.5198 -814.422
91.4261 -813.795
91.3323 -813.164
91.2386 -812.528
91.1448 -811.888
91.0511 -811.249
90.9579 -810.698
90.8647 -810.143
90.7715 -809.583
90.6782 -809.018
90.585 -808.449
90.4918 -807.876
90.3986 -807.298
90.3054 -806.715
90.2122 -806.128
90.119 -805.537
90.0259 -804.941
89.9327 -804.34
89.8396 -803.735
89.7464 -803.125
89.6533 -802.511
89.5601 -801.892
89.467 -801.269
89.3739 -800.641
89.2808 -800.008
89.1877 -799.371
89.0947 -798.73
89.0016 -798.084
88.9086 -797.433
88.8155 -796.778
88.7225 -796.118
88.6397 -795.545
88.557 -794.969
88.4742 -794.388
88.3913 -793.794
88.3083 -793.197
88.2255 -792.595
88.1426 -791.99
88.0598 -791.382
87.9777 -790.781
87.8959 -790.18
87.8141 -789.576
87.7324 -788.968
87.6507 -788.357
87.5691 -787.742
87.4875 -787.124
87.406 -786.502
87.3245 -785.877
87.243 -785.249
87.1617 -784.617
87.0803 -783.981
86.999 -783.342
86.9178 -782.7
86.8365 -782.045
86.755 -781.372
86.6735 -780.697
86.5921 -780.018
86.5108 -779.337
86.4295 -778.651
86.3483 -777.963
86.2672 -777.272
86.1861 -776.577
86.1051 -775.88
86.0242 -775.179
85.9433 -774.475
85.8625 -773.767
85.7818 -773.057
85.701 -772.338
85.62 -771.61
85.5392 -770.878
85.4584 -770.144
85.3778 -769.406
85.2996 -768.69
85.2232 -767.999
85.1475 -767.325
85.0718 -766.648
84.9962 -765.969
84.9207 -765.286
84.8452 -764.601
84.7699 -763.914
84.6945 -763.223
84.6193 -762.53
84.5441 -761.835
84.469 -761.137
84.3942 -760.441
84.3197 -759.748
84.2452 -759.052
84.1742 -758.413
84.1042 -757.788
84.0343 -757.16
83.9644 -756.53
83.8946 -755.897
83.8249 -755.262
83.7552 -754.625
83.6856 -753.984
83.6159 -753.337
83.5463 -752.687
83.4767 -752.037
83.4073 -751.383
83.3379 -750.728
83.2686 -750.071
83.1994 -749.412
83.1302 -748.751
83.0641 -748.114
83.0021 -747.507
82.94 -746.898
82.8781 -746.287
82.8162 -745.674
82.7544 -745.058
82.6927 -744.441
82.6311 -743.821
82.5695 -743.199
82.508 -742.575
82.4466 -741.949
82.3852 -741.321
82.3239 -740.691
82.2627 -740.06
82.2016 -739.426
82.1406 -738.791
82.0796 -738.154
82.0187 -737.514
81.9578 -736.873
81.897 -736.222
81.8362 -735.568
81.7755 -734.912
81.7149 -734.256
81.6544 -733.597
81.594 -732.937
81.5336 -732.276
81.4734 -731.613
81.4132 -730.948
81.3531 -730.282
81.2931 -729.615
81.2332 -728.946
81.1733 -728.275
81.1136 -727.603
81.0542 -726.935
80.9949 -726.269
80.9357 -725.6
80.8766 -724.931
80.8176 -724.26
80.7587 -723.588
80.6999 -722.914
80.6411 -722.24
80.5825 -721.563
80.5238 -720.886
80.4648 -720.206
80.406 -719.526
80.3475 -718.86
80.2892 -718.196
80.2309 -717.53
80.1727 -716.862
80.1146 -716.193
80.0566 -715.522
79.9986 -714.85
79.9408 -714.177
79.883 -713.502
79.8253 -712.826
79.7677 -712.149
79.71 -711.468
79.6524 -710.792
79.5949 -710.111
79.5375 -709.429
79.4802 -708.745
79.4229 -708.06
79.3658 -707.373
79.3087 -706.684
79.2517 -705.995
79.1968 -705.326
79.144 -704.679
79.0913 -704.031
79.0386 -703.381
78.9861 -702.731
78.9336 -702.079
78.8812 -701.425
78.8334 -700.845
78.786 -700.278
78.7387 -699.704
78.6914 -699.129
78.6442 -698.553
78.5971 -697.976
78.5501 -697.398
78.5031 -696.818
78.4562 -696.237
78.4094 -695.654
78.3629 -695.079
78.3166 -694.509
78.2704 -693.938
78.2243 -693.365
78.1783 -692.791
78.1323 -692.216
78.0864 -691.638
78.0406 -691.06
77.9948 -690.479
77.9492 -689.898
77.9035 -689.33
77.8578 -688.768
77.8123 -688.202
77.7668 -687.634
77.7214 -687.065
77.676 -686.494
77.6308 -685.922
77.5856 -685.349
77.5405 -684.774
77.4955 -684.197
77.4505 -683.62
77.4056 -683.041
77.3608 -682.461
77.3161 -681.879
77.2715 -681.297
77.2269 -680.712
77.1824 -680.126
77.138 -679.539
77.0937 -678.951
77.0494 -678.361
77.0052 -677.77
76.9611 -677.178
76.9171 -676.585
76.8731 -675.99
76.8293 -675.394
76.7855 -674.796
76.7418 -674.198
76.6981 -673.598
76.6546 -672.998
76.6111 -672.395
76.5677 -671.792
76.5244 -671.187
76.4811 -670.581
76.438 -669.974
76.3949 -669.365
76.3524 -668.762
76.313 -668.192
76.2736 -667.62
76.2344 -667.048
76.1952 -666.474
76.156 -665.899
76.117 -665.322
76.078 -664.744
76.0391 -664.166
76.0003 -663.587
75.9616 -663.006
75.9229 -662.421
75.8842 -661.835
75.8457 -661.249
75.8072 -660.66
75.7689 -660.071
75.7306 -659.48
75.6923 -658.888
75.6542 -658.295
75.6161 -657.7
75.5788 -657.121
75.5423 -656.559
75.5058 -655.996
75.4695 -655.431
75.4332 -654.865
75.397 -654.297
75.3609 -653.728
75.3248 -653.158
75.2888 -652.586
75.2529 -652.012
75.2171 -651.437
75.1813 -650.861
75.1457 -650.283
75.1101 -649.703
75.0746 -649.122
75.0391 -648.54
75.0038 -647.956
74.9685 -647.37
74.9333 -646.783
74.8982 -646.194
74.8632 -645.604
74.8282 -645.013
74.7934 -644.42
74.7586 -643.825
74.7239 -643.229
74.6874 -642.659
74.6515 -642.269
74.6153 -641.788
74.5792 -641.306
74.5432 -640.822
74.5072 -640.337
74.4712 -639.857
74.4351 -639.378
74.3991 -638.899
74.3632 -638.418
74.3273 -637.936
74.2915 -637.452
74.2558 -636.967
74.2201 -636.481
74.1845 -635.994
74.1489 -635.505
74.1135 -635.015
74.0781 -634.524
74.0427 -634.032
74.0074 -633.538
73.9722 -633.043
73.9371 -632.546
73.902 -632.049
73.867 -631.55
73.8321 -631.051
73.7972 -630.55
73.7624 -630.048
73.7276 -629.544
73.693 -629.039
73.6584 -628.533
73.6238 -628.026
73.5894 -627.517
73.555 -627.007
73.5206 -626.496
73.4864 -625.984
73.4522 -625.47
73.4181 -624.956
73.384 -624.44
73.35 -623.923
73.3161 -623.405
73.2823 -622.886
73.2485 -622.365
73.2148 -621.847
73.1811 -621.328
73.1475 -620.807
73.114 -620.285
73.0806 -619.763
73.0472 -619.239
73.0139 -618.714
72.9807 -618.188
72.9476 -617.661
72.9145 -617.135
72.8817 -616.615
72.8489 -616.093
72.8162 -615.57
72.7836 -615.046
72.7511 -614.521
72.7186 -613.995
72.6862 -613.467
72.6538 -612.938
72.6216 -612.408
72.5894 -611.877
72.5572 -611.345
72.5252 -610.812
72.4932 -610.277
72.4613 -609.741
72.4294 -609.204
72.3977 -608.666
72.366 -608.127
72.3348 -607.594
72.3042 -607.068
72.2737 -606.542
72.2433 -606.014
72.2129 -605.484
72.1826 -604.954
72.1524 -604.422
72.1222 -603.888
72.0922 -603.354
72.0622 -602.818
72.0322 -602.28
72.0024 -601.741
71.9726 -601.202
71.9429 -600.66
71.9133 -600.118
71.8837 -599.574
71.8542 -599.03
71.8248 -598.483
71.7954 -597.936
71.7662 -597.387
71.737 -596.837
71.7081 -596.278
71.6793 -595.715
71.6507 -595.152
71.6221 -594.587
71.5936 -594.021
71.5651 -593.453
71.5368 -592.884
71.5085 -592.314
71.4803 -591.743
71.4521 -591.17
71.4241 -590.597
71.3961 -590.022
71.3682 -589.446
71.3404 -588.868
71.3126 -588.289
71.2849 -587.709
71.2573 -587.127
71.2298 -586.544
71.2024 -585.96
71.175 -585.375
71.1477 -584.788
71.1205 -584.201
71.0934 -583.613
71.0663 -583.023
71.0394 -582.432
71.0125 -581.839
70.9856 -581.246
70.9589 -580.65
70.9323 -580.054
70.9057 -579.456
70.8792 -578.857
70.8528 -578.257
70.8264 -577.656
70.8002 -577.053
70.774 -576.449
70.7479 -575.844
70.7219 -575.237
70.6959 -574.629
70.6701 -574.02
70.6443 -573.41
70.6186 -572.799
70.593 -572.186
70.5675 -571.573
70.542 -570.96
70.5166 -570.345
70.4913 -569.73
70.4661 -569.114
70.4409 -568.497
70.4158 -567.878
70.3908 -567.258
70.3659 -566.636
70.3411 -566.014
70.3164 -565.391
70.2917 -564.767
70.2671 -564.141
70.2426 -563.515
70.2182 -562.886
70.1938 -562.258
70.1696 -561.629
70.1454 -560.998
70.1213 -560.367
70.0972 -559.734
70.0733 -559.099
70.0494 -558.465
70.0257 -557.828
70.002 -557.192
69.9783 -556.554
69.9548 -555.915
69.9313 -555.275
69.9079 -554.635
69.8846 -553.993
69.8614 -553.35
69.8383 -552.706
69.8152 -552.062
69.7922 -551.417
69.7693 -550.778
69.7464 -550.137
69.7236 -549.496
69.7008 -548.854
69.6782 -548.21
69.6556 -547.565
69.6332 -546.919
69.6108 -546.272
69.5885 -545.623
69.5663 -544.973
69.5442 -544.322
69.5221 -543.67
69.5002 -543.017
69.4783 -542.363
69.4565 -541.707
69.4349 -541.05
69.4132 -540.393
69.3917 -539.734
69.3703 -539.074
69.3488 -538.42
69.3272 -537.77
69.3058 -537.119
69.2844 -536.468
69.2631 -535.815
69.2419 -535.162
69.2207 -534.508
69.1997 -533.853
69.1787 -533.197
69.1578 -532.54
69.137 -531.881
69.1163 -531.221
69.0957 -530.561
69.0752 -529.899
69.0547 -529.236
69.0344 -528.572
69.0141 -527.907
68.9928 -527.281
68.9704 -526.736
68.9479 -526.178
68.9254 -525.62
68.9029 -525.061
68.8805 -524.501
68.8582 -523.941
68.8358 -523.38
68.8134 -522.82
68.791 -522.26
68.7687 -521.698
68.7465 -521.135
68.7256 -520.594
68.7049 -520.054
68.6843 -519.514
68.6638 -518.972
68.6434 -518.429
68.623 -517.884
68.6027 -517.339
68.5825 -516.792
68.5623 -516.244
68.5423 -515.694
68.5223 -515.143
68.5024 -514.591
68.4825 -514.037
68.4628 -513.483
68.4431 -512.927
68.4234 -512.37
68.4039 -511.812
68.3844 -511.253
68.365 -510.693
68.3457 -510.132
68.3264 -509.57
68.3072 -509.007
68.2881 -508.442
68.2691 -507.877
68.2501 -507.31
68.2312 -506.742
68.2124 -506.174
68.1936 -505.604
68.1751 -505.031
68.1569 -504.454
68.1387 -503.875
68.1207 -503.295
68.1027 -502.715
68.0848 -502.132
68.0669 -501.549
68.0492 -500.964
68.0315 -500.379
68.0139 -499.792
67.9964 -499.203
67.9789 -498.614
67.9616 -498.023
67.9443 -497.431
67.9271 -496.839
67.91 -496.245
67.8929 -495.649
67.8759 -495.053
67.8591 -494.455
67.8422 -493.856
67.8255 -493.257
67.8088 -492.656
67.7923 -492.054
67.7758 -491.451
67.7594 -490.846
67.743 -490.24
67.7268 -489.634
67.7106 -489.027
67.6937 -488.466
67.6757 -487.95
67.6576 -487.442
67.6396 -486.933
67.6217 -486.424
67.6039 -485.912
67.5861 -485.4
67.5684 -484.886
67.5514 -484.38
67.5347 -483.872
67.5181 -483.362
67.5015 -482.852
67.4851 -482.341
67.4687 -481.828
67.4523 -481.313
67.4361 -480.798
67.4199 -480.281
67.4037 -479.763
67.3877 -479.243
67.3717 -478.722
67.3558 -478.2
67.3399 -477.676
67.3241 -477.151
67.3084 -476.625
67.2928 -476.097
67.2772 -475.567
67.2617 -475.037
67.2463 -474.505
67.231 -473.972
67.2157 -473.437
67.2005 -472.901
67.1854 -472.364
67.1703 -471.825
67.1553 -471.286
67.1404 -470.745
67.1255 -470.202
67.1108 -469.658
67.0961 -469.113
67.0814 -468.567
67.0669 -468.019
67.0524 -467.47
67.038 -466.919
67.0237 -466.367
67.0094 -465.814
66.9952 -465.26
66.9811 -464.704
66.9672 -464.153
66.9534 -463.608
66.9397 -463.063
66.926 -462.517
66.9124 -461.969
66.8989 -461.42
66.8855 -460.87
66.8721 -460.319
66.8588 -459.766
66.8456 -459.213
66.8325 -458.659
66.8194 -458.103
66.8067 -457.558
66.7942 -457.015
66.7818 -456.471
66.7694 -455.927
66.7572 -455.381
66.7449 -454.835
66.7323 -454.31
66.7197 -453.783
66.7072 -453.256
66.6928 -452.812
66.6784 -452.361
66.6641 -451.912
66.6499 -451.462
66.6357 -451.012
66.6215 -450.56
66.6075 -450.107
66.5935 -449.652
66.5795 -449.197
66.5656 -448.739
66.5518 -448.281
66.538 -447.821
66.5243 -447.36
66.5107 -446.898
66.4971 -446.435
66.4836 -445.97
66.4702 -445.504
66.4568 -445.037
66.4434 -444.57
66.4301 -444.102
66.4169 -443.633
66.4037 -443.162
66.3906 -442.69
66.3776 -442.218
66.3646 -441.743
66.3517 -441.268
66.3389 -440.791
66.3261 -440.313
66.3134 -439.834
66.3007 -439.354
66.2881 -438.872
66.2756 -438.389
66.2632 -437.905
66.2478 -437.53
66.2322 -437.198
66.2165 -436.852
66.2009 -436.505
66.1854 -436.156
66.1699 -435.807
66.1544 -435.457
66.139 -435.106
66.1237 -434.753
66.1083 -434.4
66.0931 -434.045
66.0778 -433.69
66.0627 -433.333
66.0475 -432.975
66.0325 -432.616
66.0175 -432.255
66.0025 -431.894
65.9875 -431.532
65.9727 -431.168
65.9578 -430.804
65.943 -430.438
65.9283 -430.072
65.9136 -429.704
65.899 -429.336
65.8844 -428.966
65.8699 -428.595
65.8554 -428.224
65.8409 -427.851
65.8265 -427.478
65.8122 -427.103
65.7979 -426.727
65.7837 -426.35
65.7695 -425.972
65.7553 -425.592
65.7413 -425.212
65.7272 -424.831
65.7133 -424.448
65.6993 -424.065
65.6854 -423.68
65.6716 -423.295
65.6578 -422.908
65.644 -422.527
65.6297 -422.161
65.6156 -421.794
65.6015 -421.425
65.5874 -421.056
65.5734 -420.685
65.5595 -420.314
65.5456 -419.941
65.5317 -419.568
65.5179 -419.193
65.5041 -418.817
65.4904 -418.44
65.4768 -418.062
65.4632 -417.683
65.4496 -417.303
65.4361 -416.922
65.4227 -416.54
65.4093 -416.157
65.396 -415.773
65.3827 -415.389
65.3694 -415.003
65.3562 -414.616
65.3431 -414.228
65.33 -413.839
65.3169 -413.449
65.304 -413.058
65.291 -412.666
65.2782 -412.273
65.2653 -411.878
65.2526 -411.483
65.2399 -411.087
65.2272 -410.69
65.2146 -410.291
65.202 -409.892
65.1895 -409.492
65.1771 -409.092
65.1646 -408.69
65.1523 -408.287
65.14 -407.883
65.1278 -407.478
65.1156 -407.072
65.1034 -406.665
65.0914 -406.257
65.0793 -405.848
65.0674 -405.437
65.0555 -405.026
65.0436 -404.614
65.0307 -404.245
65.0163 -403.923
65.0019 -403.601
64.9876 -403.277
64.9734 -402.953
64.9592 -402.627
64.945 -402.301
64.9309 -401.973
64.9168 -401.645
64.9028 -401.316
64.8888 -400.986
64.8748 -400.655
64.8609 -400.323
64.847 -399.99
64.8332 -399.656
64.8195 -399.321
64.8057 -398.985
64.7921 -398.649
64.7784 -398.311
64.7648 -397.972
64.7513 -397.632
64.7378 -397.291
64.7243 -396.95
64.7109 -396.607
64.6976 -396.263
64.6843 -395.918
64.671 -395.573
64.6578 -395.226
64.6446 -394.878
64.6315 -394.529
64.6185 -394.18
64.6054 -393.829
64.5925 -393.477
64.5795 -393.124
64.5667 -392.77
64.5538 -392.416
64.5411 -392.06
64.5283 -391.703
64.5156 -391.345
64.503 -390.987
64.4904 -390.627
64.4779 -390.266
64.4654 -389.904
64.453 -389.542
64.4406 -389.178
64.4282 -388.814
64.4159 -388.448
64.4037 -388.082
64.3915 -387.715
64.3794 -387.346
64.3673 -386.977
64.3552 -386.606
64.3432 -386.238
64.3311 -385.87
64.3191 -385.502
64.3071 -385.133
64.2952 -384.763
64.2833 -384.391
64.2715 -384.019
64.2597 -383.646
64.248 -383.272
64.2363 -382.897
64.2247 -382.521
64.2131 -382.145
64.2016 -381.767
64.1901 -381.389
64.1787 -381.009
64.1673 -380.629
64.156 -380.248
64.1447 -379.865
64.1335 -379.482
64.1223 -379.098
64.1112 -378.712
64.1002 -378.326
64.0892 -377.939
64.0782 -377.55
64.0673 -377.161
64.0565 -376.771
64.0457 -376.38
64.0349 -375.988
64.0242 -375.595
64.0136 -375.201
64.003 -374.806
63.9925 -374.41
63.982 -374.013
63.9716 -373.615
63.9612 -373.216
63.9509 -372.816
63.9407 -372.415
63.9305 -372.013
63.9203 -371.61
63.9106 -371.212
63.9009 -370.813
63.8914 -370.413
63.8819 -370.013
63.8724 -369.611
63.863 -369.209
63.8537 -368.805
63.8444 -368.401
63.8352 -367.995
63.826 -367.589
63.8169 -367.182
63.8078 -366.774
63.7988 -366.365
63.7898 -365.955
63.7809 -365.545
63.772 -365.134
63.7632 -364.723
63.7544 -364.31
63.7457 -363.897
63.737 -363.483
63.7284 -363.068
63.7199 -362.652
63.7114 -362.235
63.7029 -361.818
63.6945 -361.399
63.6862 -360.98
63.6779 -360.56
63.6697 -360.139
63.6615 -359.717
63.6534 -359.294
63.6454 -358.87
63.6374 -358.445
63.6294 -358.019
63.6216 -357.592
63.6137 -357.165
63.6059 -356.737
63.5982 -356.308
63.5906 -355.878
63.583 -355.447
63.5754 -355.015
63.5679 -354.583
63.5605 -354.151
63.5531 -353.717
63.5458 -353.282
63.5385 -352.846
63.5313 -352.409
63.5241 -351.972
63.517 -351.533
63.51 -351.093
63.503 -350.653
63.4961 -350.212
63.4892 -349.77
63.4824 -349.327
63.4757 -348.884
63.469 -348.439
63.4624 -347.994
63.4558 -347.548
63.4493 -347.101
63.4428 -346.653
63.4364 -346.204
63.4301 -345.754
63.4238 -345.303
63.4176 -344.851
63.4114 -344.398
63.4034 -344.016
63.3935 -343.701
63.3836 -343.386
63.3738 -343.069
63.364 -342.751
63.3542 -342.433
63.3445 -342.114
63.3349 -341.794
63.3253 -341.474
63.3157 -341.152
63.3062 -340.83
63.2967 -340.508
63.2873 -340.184
63.2779 -339.86
63.2685 -339.535
63.2592 -339.209
63.2499 -338.882
63.2407 -338.554
63.2315 -338.226
63.2224 -337.897
63.2133 -337.567
63.2043 -337.236
63.1953 -336.905
63.1863 -336.573
63.1774 -336.24
63.1686 -335.906
63.1598 -335.571
63.151 -335.236
63.1423 -334.9
63.1336 -334.563
63.125 -334.225
63.1164 -333.887
63.1078 -333.548
63.0993 -333.208
63.0909 -332.868
63.0825 -332.527
63.0741 -332.185
63.0658 -331.842
63.0575 -331.499
63.0493 -331.155
63.0411 -330.81
63.033 -330.464
63.0249 -330.117
63.0168 -329.77
63.0088 -329.423
63.0009 -329.074
62.9929 -328.724
62.9851 -328.374
62.9773 -328.023
62.9695 -327.671
62.9618 -327.319
62.9541 -326.965
62.9465 -326.611
62.9389 -326.256
62.9314 -325.9
62.9239 -325.543
62.9164 -325.185
62.909 -324.828
62.9017 -324.469
62.8944 -324.11
62.8871 -323.75
62.8799 -323.389
62.8728 -323.027
62.8656 -322.664
62.8586 -322.3
62.8513 -321.949
62.8428 -321.653
62.8343 -321.356
62.8259 -321.058
62.8175 -320.76
62.8091 -320.462
62.8008 -320.162
62.7924 -319.86
62.7842 -319.556
62.7759 -319.252
62.7678 -318.948
62.7596 -318.642
62.7515 -318.336
62.7434 -318.029
62.7354 -317.721
62.7274 -317.413
62.7195 -317.105
62.7116 -316.795
62.7037 -316.485
62.6959 -316.174
62.6881 -315.862
62.6804 -315.55
62.6727 -315.237
62.6651 -314.924
62.6575 -314.609
62.6499 -314.294
62.6424 -313.979
62.6349 -313.663
62.6274 -313.346
62.62 -313.028
62.6127 -312.71
62.6051 -312.4
62.5962 -312.132
62.5873 -311.866
62.5785 -311.598
62.5697 -311.329
62.5609 -311.059
62.5522 -310.788
62.5435 -310.517
62.5348 -310.244
62.5262 -309.969
62.5176 -309.693
62.509 -309.415
62.5005 -309.137
62.492 -308.857
62.4836 -308.577
62.4752 -308.296
62.4668 -308.014
62.4585 -307.731
62.4502 -307.447
62.442 -307.162
62.4338 -306.876
62.4256 -306.59
62.4175 -306.302
62.4094 -306.014
62.4013 -305.724
62.3933 -305.434
62.3853 -305.143
62.3774 -304.85
62.3695 -304.557
62.3616 -304.263
62.3538 -303.968
62.3461 -303.672
62.3383 -303.375
62.3306 -303.078
62.323 -302.779
62.3154 -302.479
62.3078 -302.179
62.3003 -301.877
62.2928 -301.574
62.2853 -301.27
62.2779 -300.965
62.2706 -300.66
62.2632 -300.353
62.256 -300.045
62.2487 -299.737
62.2415 -299.427
62.2344 -299.116
62.2272 -298.804
62.2202 -298.491
62.2131 -298.177
62.2062 -297.862
62.1992 -297.546
62.1923 -297.228
62.1855 -296.91
62.1787 -296.59
62.1719 -296.27
62.1652 -295.948
62.1585 -295.625
62.1518 -295.301
62.1452 -294.976
62.1387 -294.65
62.1322 -294.323
62.1257 -293.995
62.1193 -293.665
62.113 -293.335
62.1066 -293.004
62.1004 -292.671
62.0941 -292.337
62.0879 -292.002
62.0818 -291.667
62.0757 -291.33
62.0696 -290.992
62.0636 -290.653
62.0577 -290.313
62.0518 -289.972
62.0459 -289.63
62.0401 -289.287
62.0343 -288.943
62.0286 -288.598
62.0229 -288.251
62.0172 -287.904
62.0117 -287.555
62.0061 -287.204
62.0006 -286.853
61.9952 -286.5
61.9898 -286.146
61.9844 -285.791
61.9791 -285.435
61.9739 -285.077
61.9687 -284.718
61.9635 -284.358
61.9584 -283.997
61.9534 -283.634
61.9484 -283.271
61.9434 -282.906
61.9385 -282.54
61.9337 -282.173
61.9288 -281.804
61.9241 -281.435
61.9194 -281.064
61.9147 -280.692
61.9101 -280.318
61.9056 -279.944
61.9011 -279.568
61.8966 -279.191
61.8922 -278.812
61.8877 -278.44
61.8832 -278.07
61.8788 -277.699
61.8744 -277.327
61.87 -276.953
61.8657 -276.579
61.8614 -276.203
61.8572 -275.826
61.8531 -275.448
61.849 -275.068
61.8449 -274.688
61.8384 -274.334
61.8319 -273.978
61.8254 -273.622
61.819 -273.265
61.8126 -272.906
61.8063 -272.546
61.8 -272.185
61.7938 -271.823
61.7876 -271.46
61.7815 -271.097
61.7752 -270.734
61.7689 -270.37
61.7627 -270.006
61.7565 -269.64
61.7504 -269.273
61.7443 -268.905
61.7383 -268.536
61.7323 -268.166
61.7264 -267.794
61.7205 -267.422
61.7147 -267.048
61.7089 -266.673
61.7032 -266.298
61.6975 -265.924
61.6917 -265.551
61.686 -265.177
61.6804 -264.802
61.6748 -264.426
61.6693 -264.048
61.6638 -263.67
61.6583 -263.291
61.6529 -262.91
61.6476 -262.528
61.6423 -262.146
61.637 -261.762
61.6318 -261.378
61.6267 -260.993
61.6216 -260.607
61.6165 -260.22
61.6115 -259.831
61.6066 -259.441
61.6017 -259.051
61.5968 -258.66
61.592 -258.269
61.5873 -257.876
61.5826 -257.482
61.5779 -257.086
61.5733 -256.69
61.5688 -256.293
61.5643 -255.894
61.5598 -255.495
61.5555 -255.095
61.5511 -254.694
61.5468 -254.291
61.5426 -253.888
61.5384 -253.484
61.5343 -253.078
61.5303 -252.672
61.5262 -252.264
61.5223 -251.855
61.5184 -251.445
61.5145 -251.034
61.5107 -250.622
61.507 -250.209
61.5033 -249.795
61.4997 -249.379
61.4961 -248.963
61.4926 -248.545
61.4892 -248.127
61.4858 -247.707
61.4824 -247.286
61.4791 -246.864
61.4759 -246.441
61.4727 -246.018
61.4696 -245.594
61.4665 -245.169
61.4634 -244.743
61.4605 -244.316
61.4575 -243.888
61.4547 -243.459
61.4519 -243.028
61.4491 -242.597
61.4465 -242.164
61.4438 -241.73
61.4413 -241.296
61.4388 -240.86
61.4363 -240.424
61.4339 -239.987
61.4315 -239.549
61.4292 -239.11
61.427 -238.67
61.4248 -238.229
61.4227 -237.788
61.4206 -237.345
61.4169 -236.982
61.4129 -236.64
61.4088 -236.297
61.4048 -235.953
61.4009 -235.608
61.397 -235.262
61.3932 -234.915
61.3894 -234.568
61.3856 -234.219
61.3819 -233.869
61.3783 -233.519
61.3721 -233.281
61.3659 -233.05
61.3597 -232.818
61.3535 -232.585
61.3474 -232.352
61.3412 -232.118
61.3352 -231.883
61.3291 -231.648
61.3231 -231.412
61.3171 -231.175
61.3111 -230.938
61.3052 -230.7
61.2993 -230.461
61.2935 -230.222
61.2876 -229.982
61.2818 -229.741
61.2761 -229.499
61.2703 -229.257
61.2646 -229.014
61.259 -228.77
61.2533 -228.525
61.2477 -228.28
61.2422 -228.034
61.2366 -227.787
61.2311 -227.54
61.2257 -227.291
61.2202 -227.042
61.2148 -226.792
61.2095 -226.542
61.2042 -226.29
61.1989 -226.038
61.1936 -225.785
61.1884 -225.532
61.1832 -225.277
61.178 -225.022
61.1729 -224.766
61.1678 -224.51
61.1628 -224.252
61.1578 -223.994
61.1528 -223.735
61.1479 -223.475
61.1429 -223.215
61.1381 -222.954
61.1332 -222.692
61.1284 -222.43
61.1236 -222.167
61.1189 -221.904
61.1142 -221.639
61.1095 -221.375
61.1049 -221.109
61.1003 -220.843
61.0957 -220.576
61.0912 -220.308
61.0867 -220.039
61.0823 -219.77
61.0778 -219.5
61.0735 -219.229
61.0691 -218.957
61.0648 -218.685
61.0605 -218.411
61.0563 -218.138
61.0521 -217.863
61.048 -217.587
61.0438 -217.311
61.0398 -217.035
61.0357 -216.757
61.0317 -216.479
61.0277 -216.2
61.0238 -215.921
61.0199 -215.64
61.016 -215.359
61.0122 -215.077
61.0084 -214.794
61.0046 -214.513
61.0009 -214.231
60.9971 -213.948
60.9934 -213.665
60.9898 -213.381
60.9862 -213.096
60.9826 -212.811
60.9777 -212.579
60.9719 -212.387
60.9662 -212.193
60.9604 -211.999
60.9547 -211.804
60.9491 -211.609
60.9434 -211.413
60.9377 -211.218
60.9321 -211.023
60.9264 -210.828
60.9208 -210.632
60.9153 -210.436
60.9097 -210.239
60.9042 -210.041
60.8987 -209.843
60.8932 -209.644
60.8877 -209.445
60.8823 -209.244
60.8769 -209.044
60.8716 -208.843
60.8662 -208.641
60.8609 -208.438
60.8556 -208.235
60.8504 -208.032
60.8452 -207.828
60.84 -207.623
60.8348 -207.418
60.8297 -207.212
60.8245 -207.005
60.8195 -206.798
60.8141 -206.602
60.8087 -206.407
60.8033 -206.211
60.7979 -206.015
60.7926 -205.819
60.7873 -205.622
60.782 -205.424
60.7768 -205.227
60.7715 -205.029
60.7663 -204.831
60.7611 -204.632
60.7559 -204.432
60.7507 -204.236
60.7451 -204.052
60.7395 -203.868
60.7339 -203.683
60.7284 -203.498
60.7229 -203.312
60.7174 -203.126
60.7119 -202.939
60.7065 -202.751
60.701 -202.563
60.6957 -202.375
60.6903 -202.185
60.685 -201.996
60.6796 -201.805
60.6744 -201.614
60.6691 -201.423
60.6639 -201.23
60.6587 -201.038
60.6533 -200.846
60.6477 -200.654
60.6422 -200.461
60.6367 -200.268
60.6313 -200.075
60.6258 -199.881
60.6204 -199.686
60.615 -199.491
60.6097 -199.296
60.6043 -199.1
60.599 -198.903
60.5937 -198.706
60.5885 -198.508
60.5833 -198.31
60.5781 -198.111
60.5729 -197.912
60.5677 -197.712
60.5626 -197.512
60.5575 -197.311
60.5525 -197.109
60.5474 -196.907
60.5424 -196.704
60.5374 -196.501
60.5325 -196.297
60.5276 -196.093
60.5227 -195.888
60.5178 -195.682
60.5129 -195.476
60.5081 -195.269
60.5033 -195.062
60.4986 -194.854
60.4939 -194.646
60.4892 -194.437
60.4845 -194.228
60.4798 -194.018
60.4752 -193.807
60.4706 -193.596
60.4661 -193.385
60.4615 -193.172
60.457 -192.96
60.4526 -192.746
60.4481 -192.532
60.4437 -192.318
60.4393 -192.103
60.435 -191.887
60.4305 -191.678
60.4258 -191.473
60.4212 -191.267
60.4167 -191.061
60.4121 -190.854
60.4076 -190.647
60.4031 -190.439
60.3986 -190.231
60.3942 -190.022
60.3898 -189.812
60.3854 -189.602
60.3811 -189.392
60.3768 -189.181
60.3725 -188.969
60.3682 -188.757
60.3645 -188.529
60.3612 -188.289
60.358 -188.048
60.3548 -187.807
60.3517 -187.565
60.3485 -187.323
60.3454 -187.081
60.3424 -186.837
60.3393 -186.594
60.3363 -186.35
60.3333 -186.107
60.3301 -185.869
60.3271 -185.63
60.324 -185.391
60.321 -185.151
60.3176 -184.925
60.3142 -184.698
60.3109 -184.471
60.3075 -184.243
60.3042 -184.015
60.3009 -183.787
60.2977 -183.558
60.2945 -183.329
60.2913 -183.1
60.2881 -182.871
60.2849 -182.641
60.2818 -182.411
60.2787 -182.181
60.2756 -181.95
60.2725 -181.72
60.2695 -181.489
60.2664 -181.258
60.2634 -181.026
60.2604 -180.795
60.2575 -180.563
60.2545 -180.331
60.2516 -180.099
60.2487 -179.867
60.2458 -179.634
60.243 -179.402
60.2401 -179.169
60.2373 -178.936
60.2345 -178.703
60.2317 -178.471
60.2289 -178.238
60.2242 -178.065
60.2195 -177.833
60.2147 -177.625
60.2099 -177.417
60.2052 -177.207
60.2004 -176.996
60.1957 -176.784
60.1911 -176.572
60.1864 -176.358
60.1818 -176.143
60.1773 -175.927
60.1727 -175.71
60.1682 -175.492
60.1637 -175.272
60.1604 -175.081
60.1589 -174.928
60.1573 -174.775
60.1557 -174.62
60.1542 -174.464
60.1523 -174.25
60.1502 -174.008
60.1482 -173.764
60.1461 -173.52
60.1442 -173.275
60.1422 -173.03
60.1403 -172.784
60.1384 -172.537
60.1365 -172.289
60.1347 -172.04
60.1332 -171.783
60.1324 -171.508
60.1316 -171.233
60.1308 -170.957
60.1301 -170.681
60.1294 -170.404
60.1288 -170.126
60.1281 -169.848
60.1276 -169.569
60.127 -169.289
60.1265 -169.009
60.1261 -168.728
60.1257 -168.447
60.1253 -168.165
60.1249 -167.882
60.1246 -167.599
60.1241 -167.319
60.1234 -167.04
60.1227 -166.76
60.1221 -166.48
60.1216 -166.2
60.121 -165.919
60.1206 -165.637
60.1201 -165.354
60.1197 -165.071
60.1193 -164.788
60.119 -164.504
60.1187 -164.219
60.1184 -163.934
60.1182 -163.648
60.118 -163.362
60.1179 -163.075
60.1178 -162.788
60.1177 -162.5
60.1177 -162.211
60.1177 -161.922
60.1177 -161.633
60.1178 -161.343
60.1179 -161.052
60.1181 -160.761
60.1182 -160.469
60.1185 -160.176
60.1188 -159.883
60.1191 -159.589
60.1194 -159.294
60.1198 -158.999
60.1203 -158.703
60.1207 -158.408
60.1211 -158.116
60.1215 -157.823
60.1219 -157.53
60.1224 -157.236
60.123 -156.941
60.1235 -156.646
60.1241 -156.351
60.1248 -156.054
60.1248 -155.781
60.1225 -155.59
60.1202 -155.397
60.1179 -155.205
60.1157 -155.012
60.1135 -154.819
60.1113 -154.625
60.1092 -154.431
60.1071 -154.237
60.105 -154.042
60.1029 -153.847
60.1008 -153.651
60.0988 -153.455
60.0968 -153.258
60.0949 -153.061
60.0929 -152.864
60.091 -152.666
60.0891 -152.468
60.0873 -152.269
60.0855 -152.07
60.0837 -151.871
60.0819 -151.671
60.0801 -151.471
60.0784 -151.27
60.0767 -151.069
60.0751 -150.867
60.0734 -150.665
60.0718 -150.463
60.0702 -150.26
60.0687 -150.057
60.0671 -149.853
60.0656 -149.649
60.0642 -149.445
60.0627 -149.24
60.0613 -149.035
60.0599 -148.829
60.0586 -148.623
60.0572 -148.416
60.0559 -148.209
60.0546 -148.002
60.0526 -147.821
60.0482 -147.715
60.0438 -147.609
60.0395 -147.502
60.0351 -147.396
60.0308 -147.288
60.0265 -147.181
60.0222 -147.073
60.018 -146.965
60.0137 -146.857
60.0095 -146.748
60.0052 -146.639
60.001 -146.53
59.9968 -146.421
59.9926 -146.311
59.9885 -146.201
59.9843 -146.09
59.9802 -145.98
59.9761 -145.869
59.9719 -145.758
59.9679 -145.646
59.9638 -145.534
59.9597 -145.422
59.9557 -145.31
59.9516 -145.197
59.9476 -145.084
59.9436 -144.971
59.9397 -144.858
59.9357 -144.744
59.9317 -144.63
59.9278 -144.516
59.9239 -144.401
59.92 -144.286
59.9161 -144.171
59.9122 -144.055
59.9085 -143.936
59.9046 -143.821
59.9009 -143.726
59.8971 -143.614
59.8933 -143.501
59.8895 -143.389
59.8857 -143.278
59.8819 -143.168
59.878 -143.059
59.8742 -142.951
59.8704 -142.845
59.8665 -142.74
59.8569 -141.925
59.8526 -141.786
59.8484 -141.644
59.8442 -141.501
59.8401 -141.358
59.8359 -141.213
59.8318 -141.06
59.8276 -140.906
59.8235 -140.752
59.8195 -140.597
59.8154 -140.441
59.8113 -140.285
59.8073 -140.128
59.8033 -139.971
59.7993 -139.813
59.7954 -139.655
59.7915 -139.496
59.7875 -139.337
59.7837 -139.177
59.7798 -139.016
59.7759 -138.855
59.7721 -138.694
59.7683 -138.531
59.7645 -138.369
59.7608 -138.205
59.757 -138.041
59.7533 -137.877
59.7496 -137.712
59.746 -137.547
59.7423 -137.38
59.7387 -137.214
59.7351 -137.047
59.7315 -136.879
59.728 -136.71
59.7246 -136.582
59.7212 -136.455
59.7179 -136.326
59.7145 -136.196
59.7112 -136.066
59.7079 -135.934
59.7047 -135.8
59.7014 -135.666
59.6982 -135.531
59.6949 -135.394
59.6917 -135.257
59.6886 -135.118
59.6854 -134.978
59.6822 -134.837
59.6791 -134.695
59.676 -134.551
59.6729 -134.407
59.6699 -134.261
59.6668 -134.114
59.6638 -133.966
59.6608 -133.817
59.6578 -133.667
59.6549 -133.515
59.6519 -133.363
59.649 -133.209
59.6461 -133.055
59.6432 -132.899
59.6404 -132.742
59.6375 -132.584
59.6347 -132.424
59.6319 -132.264
59.6291 -132.103
59.6264 -131.941
59.6237 -131.777
59.621 -131.612
59.6183 -131.447
59.6156 -131.28
59.613 -131.112
59.6104 -130.943
59.6078 -130.773
59.6052 -130.602
59.6027 -130.43
59.6002 -130.257
59.5977 -130.082
59.5952 -129.907
59.5927 -129.73
59.5903 -129.552
59.5879 -129.373
59.5858 -129.204
59.5836 -129.033
59.5816 -128.862
59.5795 -128.689
59.5775 -128.516
59.5755 -128.342
59.5735 -128.166
59.5715 -127.989
59.5696 -127.812
59.5676 -127.632
59.5658 -127.452
59.5639 -127.27
59.562 -127.086
59.5602 -126.901
59.5584 -126.715
59.5567 -126.527
59.5549 -126.338
59.5532 -126.148
59.5515 -125.956
59.5499 -125.763
59.5482 -125.568
59.5466 -125.372
59.545 -125.175
59.5435 -124.976
59.5419 -124.775
59.5404 -124.574
59.539 -124.37
59.5375 -124.165
59.5361 -123.96
59.5347 -123.752
59.5334 -123.544
59.532 -123.333
59.5307 -123.122
59.5294 -122.91
59.5282 -122.696
59.527 -122.48
59.5258 -122.264
59.5246 -122.047
59.5235 -121.827
59.5224 -121.607
59.5213 -121.385
59.5203 -121.162
59.5192 -120.938
59.5183 -120.712
59.5173 -120.485
59.5164 -120.257
59.5155 -120.027
59.5146 -119.796
59.5138 -119.564
59.513 -119.33
59.5122 -119.094
59.5115 -118.866
59.5107 -118.657
59.5099 -118.447
59.5092 -118.236
59.5084 -118.023
59.5078 -117.81
59.5071 -117.596
59.5065 -117.381
59.5059 -117.165
59.5053 -116.948
59.5048 -116.73
59.5042 -116.511
59.5038 -116.292
59.5033 -116.071
59.5029 -115.849
59.5025 -115.625
59.5021 -115.401
59.5018 -115.175
59.5015 -114.947
59.5012 -114.718
59.501 -114.488
59.5008 -114.257
59.5006 -114.024
59.5004 -113.791
59.5002 -113.557
59.5 -113.321
59.4998 -113.084
59.4997 -112.846
59.4996 -112.606
59.4996 -112.365
59.4995 -112.123
59.4995 -111.879
59.4996 -111.634
59.4997 -111.388
59.4998 -111.141
59.4999 -110.893
59.5001 -110.643
59.5003 -110.392
59.5005 -110.14
59.5008 -109.887
59.5011 -109.633
59.5014 -109.378
59.5018 -109.121
59.5022 -108.863
59.5026 -108.604
59.5031 -108.343
59.5036 -108.081
59.5041 -107.817
59.5047 -107.551
59.5053 -107.284
59.506 -107.015
59.5067 -106.745
59.5074 -106.473
59.5082 -106.2
59.509 -105.925
59.5094 -105.651
59.5091 -105.382
59.5089 -105.111
59.5087 -104.838
59.5086 -104.565
59.5085 -104.289
59.5084 -104.012
59.5083 -103.734
59.5084 -103.454
59.5084 -103.173
59.5084 -102.891
59.5086 -102.608
59.5087 -102.323
59.5089 -102.036
59.5091 -101.749
59.5094 -101.46
59.5096 -101.17
59.51 -100.879
59.5103 -100.585
59.5108 -100.29
59.5112 -99.994
59.5117 -99.6961
59.5121 -99.402
59.5125 -99.1079
59.513 -98.8126
59.5135 -98.5156
59.5141 -98.2171
59.5146 -97.9169
59.5153 -97.6161
59.5159 -97.3141
59.5166 -97.0105
59.5174 -96.7053
59.5181 -96.3986
59.519 -96.0906
59.5198 -95.781
59.5207 -95.4698
59.5217 -95.157
59.5227 -94.8428
59.5237 -94.5272
59.5248 -94.21
59.5259 -93.892
59.5271 -93.5726
59.5283 -93.2518
59.5295 -92.9298
59.5308 -92.6062
59.5321 -92.2811
59.5335 -91.9545
59.5349 -91.6267
59.5363 -91.2978
59.5378 -90.9678
59.5394 -90.6363
59.541 -90.3033
59.5426 -89.9686
59.5443 -89.6332
59.546 -89.2965
59.5477 -88.9582
59.5495 -88.6185
59.5514 -88.2778
59.5533 -87.9359
59.5552 -87.5934
59.5572 -87.2492
59.5592 -86.9039
59.5612 -86.558
59.5633 -86.2106
59.5655 -85.8616
59.5677 -85.5111
59.5699 -85.1591
59.5722 -84.8055
59.5746 -84.4504
59.577 -84.0938
59.5794 -83.7357
59.5819 -83.3764
59.5844 -83.0156
59.587 -82.6534
59.5896 -82.29
59.5923 -81.9251
59.595 -81.5591
59.5978 -81.1919
59.6006 -80.8231
59.6035 -80.4531
59.6064 -80.0815
59.6094 -79.7084
59.6124 -79.3339
59.6155 -78.9579
59.6186 -78.5804
59.6218 -78.2015
59.625 -77.8211
59.6283 -77.4391
59.6316 -77.0557
59.635 -76.671
59.6384 -76.2857
59.6419 -75.9004
59.6454 -75.5135
59.649 -75.1251
59.6526 -74.7355
59.6562 -74.3447
59.6599 -73.9529
59.6637 -73.5598
59.6675 -73.1651
59.6714 -72.7689
59.6753 -72.3713
59.6793 -71.9722
59.6833 -71.5717
59.6874 -71.1697
59.6915 -70.7662
59.6957 -70.3614
59.7 -69.9563
59.7043 -69.5503
59.7086 -69.1436
59.713 -68.7359
59.7174 -68.327
59.7219 -67.917
59.7264 -67.5058
59.731 -67.093
59.7356 -66.6789
59.7403 -66.2649
59.745 -65.8505
59.7498 -65.435
59.7547 -65.0181
59.7595 -64.5997
59.7645 -64.1803
59.7695 -63.7597
59.7745 -63.3384
59.7796 -62.9169
59.7847 -62.4947
59.7899 -62.0713
59.7952 -61.6468
59.8004 -61.2213
59.8058 -60.7943
59.8112 -60.3672
59.8166 -59.939
59.8221 -59.5096
59.8277 -59.0786
59.8333 -58.6466
59.839 -58.2135
59.8447 -57.7789
59.8504 -57.3437
59.8563 -56.9073
59.8622 -56.4695
59.8681 -56.0306
59.8741 -55.5905
59.8802 -55.1497
59.8863 -54.7081
59.8924 -54.265
59.8986 -53.8208
59.9049 -53.3754
59.9112 -52.9299
59.9176 -52.4841
59.9239 -52.0384
59.9303 -51.5924
59.9368 -51.1474
59.9433 -50.7031
59.9498 -50.2603
59.9563 -49.8177
59.9629 -49.3748
59.9695 -48.9315
59.9761 -48.4872
59.9829 -48.0431
59.9896 -47.5986
59.9964 -47.154
60.0032 -46.7082
60.0101 -46.2615
60.0171 -45.8139
60.0241 -45.3651
60.0311 -44.9152
60.0381 -44.4663
60.0443 -44.0265
60.0505 -43.5854
60.0568 -43.143
60.0632 -42.7002
60.0695 -42.2576
60.076 -41.8139
60.0825 -41.3691
60.089 -40.9229
60.0957 -40.4754
60.1023 -40.0271
60.1091 -39.5779
60.1159 -39.1279
60.1227 -38.6768
60.1296 -38.225
60.1365 -37.7741
60.1435 -37.3221
60.1505 -36.8702
60.1576 -36.4172
60.1647 -35.963
60.1719 -35.5075
60.1792 -35.0511
60.1865 -34.5937
60.1939 -34.135
60.2013 -33.6764
60.2087 -33.2173
60.2163 -32.7574
60.2238 -32.2975
60.2314 -31.8369
60.2391 -31.3752
60.2468 -30.9123
60.2546 -30.4482
60.2625 -29.9827
60.2704 -29.5159
60.2784 -29.0478
60.2864 -28.5791
60.2945 -28.1095
60.3027 -27.6405
60.3109 -27.1706
60.3191 -26.7002
60.3274 -26.229
60.3358 -25.7566
60.3442 -25.2828
60.3526 -24.8092
60.3611 -24.336
60.3697 -23.862
60.3783 -23.3869
60.387 -22.9105
60.3957 -22.4328
60.4045 -21.9542
60.4131 -21.4756
60.4219 -20.9957
60.4306 -20.5153
60.4394 -20.0356
60.4483 -19.5549
60.4572 -19.0731
60.4662 -18.5903
60.4753 -18.107
60.4844 -17.623
60.4935 -17.1378
60.5028 -16.6516
60.512 -16.1657
60.5213 -15.6801
60.5307 -15.1933
60.5399 -14.7079
60.5489 -14.2226
60.5581 -13.7363
60.5673 -13.2493
60.5765 -12.761
60.5859 -12.2715
60.5952 -11.781
60.6047 -11.2893
60.6142 -10.7964
60.6238 -10.3022
60.6335 -9.80667
60.6432 -9.31032
60.6529 -8.8137
60.6628 -8.31591
60.6727 -7.81686
60.6826 -7.31655
60.6927 -6.815
60.7028 -6.31221
60.7129 -5.80993
60.7231 -5.30858
60.7333 -4.80609
60.7436 -4.30262
60.754 -3.79815
60.7644 -3.29485
60.7748 -2.79131
60.7853 -2.28777
60.7959 -1.78351
60.8065 -1.27812
60.8172 -0.772643
60.8279 -0.266721
60.8387 0.240234
60.8495 0.748335
60.8604 1.25742
60.8714 1.76764
60.8825 2.2791
60.8936 2.79144
60.9047 3.30445
60.916 3.81861
60.9273 4.33346
60.9387 4.84938
60.95 5.36344
60.9615 5.87691
60.9729 6.39115
60.9845 6.90486
60.996 7.41787
61.0076 7.93209
61.0193 8.44752
61.0311 8.96417
61.0429 9.48203
61.0548 10.0011
61.0668 10.5211
61.0788 11.0419
61.0909 11.5638
61.1031 12.0868
61.1153 12.6092
61.1275 13.1308
61.1398 13.6525
61.1522 14.1754
61.1646 14.6977
61.1771 15.2211
61.1896 15.7456
61.2022 16.2714
61.2149 16.7983
61.2276 17.3265
61.2405 17.8558
61.2534 18.3862
61.2663 18.9174
61.2793 19.4485
61.2924 19.9807
61.3055 20.5118
61.3187 21.0427
61.3319 21.5748
61.3452 22.1079
61.3585 22.6417
61.3719 23.1753
61.3854 23.71
61.399 24.2459
61.4126 24.7829
61.4263 25.3211
61.44 25.8605
61.4539 26.4011
61.4678 26.9429
61.4814 27.4834
61.4948 28.0228
61.5082 28.5629
61.5217 29.1036
61.5352 29.6445
61.5488 30.1862
61.5625 30.7291
61.5763 31.2732
61.5901 31.8184
61.604 32.3624
61.6178 32.9047
61.6318 33.4481
61.6458 33.9928
61.6599 34.5386
61.6741 35.0848
61.6882 35.6306
61.7025 36.1749
61.7167 36.7201
61.731 37.2639
61.7454 37.809
61.7598 38.3538
61.7743 38.8991
61.7889 39.4454
61.8035 39.9929
61.8182 40.5416
61.833 41.0913
61.8478 41.6423
61.8628 42.1943
61.8778 42.7475
61.8928 43.3018
61.908 43.8572
61.9232 44.4133
61.9385 44.9699
61.9539 45.5278
61.9693 46.0866
61.9848 46.6462
62.0003 47.2049
62.0159 47.762
62.0315 48.3183
62.0471 48.8757
62.0628 49.4339
62.0786 49.9927
62.0945 50.5509
62.1104 51.1101
62.1263 51.6703
62.1424 52.2316
62.1585 52.794
62.1747 53.3574
62.191 53.9211
62.2073 54.4859
62.2237 55.0517
62.2402 55.6186
62.2568 56.1866
62.2735 56.7557
62.2902 57.3258
62.3069 57.8962
62.3236 58.4675
62.3404 59.0394
62.3573 59.612
62.3743 60.185
62.3913 60.7588
62.4084 61.3324
62.4256 61.9067
62.4428 62.4821
62.4601 63.0587
62.4774 63.6343
62.4948 64.2084
62.5121 64.781
62.5296 65.3539
62.5471 65.928
62.5646 66.5013
62.5822 67.0752
62.5999 67.6485
62.6176 68.2226
62.6354 68.7979
62.6533 69.3739
62.6712 69.9506
62.6892 70.5283
62.7073 71.107
62.7255 71.6864
62.7437 72.2667
62.7621 72.8481
62.7804 73.4298
62.7989 74.0109
62.8173 74.5909
62.8357 75.1689
62.8543 75.748
62.8729 76.3282
62.8916 76.9095
62.9103 77.4915
62.9291 78.0729
62.948 78.6544
62.9669 79.2365
62.9859 79.8194
63.005 80.4035
63.0241 80.9882
63.0433 81.5722
63.0626 82.1572
63.0819 82.7419
63.1012 83.3259
63.1206 83.9102
63.1401 84.4943
63.1596 85.0791
63.1792 85.6649
63.1989 86.2516
63.2186 86.8392
63.2384 87.4272
63.2583 88.0161
63.2783 88.6058
63.2984 89.1963
63.3185 89.7877
63.3387 90.3798
63.3589 90.9719
63.3793 91.5649
63.3997 92.1589
63.4201 92.7528
63.4405 93.3426
63.461 93.9331
63.4816 94.5246
63.5022 95.1159
63.5228 95.7058
63.5435 96.2959
63.5642 96.887
63.585 97.478
63.6059 98.0674
63.6267 98.6566
63.6477 99.2464
63.6687 99.8367
63.6896 100.423
63.7106 101.01
63.7316 101.598
63.7527 102.187
63.7739 102.777
63.7952 103.368
63.8166 103.96
63.838 104.551
63.8594 105.14
63.8808 105.73
63.9023 106.319
63.9239 106.908
63.9455 107.498
63.9672 108.088
63.9889 108.676
64.0107 109.266
64.0326 109.857
64.0545 110.448
64.0765 111.039
64.0985 111.629
64.1206 112.218
64.1427 112.809
64.1649 113.399
64.1871 113.989
64.2094 114.578
64.2317 115.168
64.254 115.757
64.2765 116.346
64.2989 116.936
64.3215 117.526
64.3441 118.117
64.3668 118.708
64.3896 119.3
64.4124 119.892
64.4352 120.481
64.4581 121.071
64.481 121.66
64.5039 122.249
64.527 122.838
64.55 123.428
64.5732 124.019
64.5965 124.611
64.6197 125.201
64.643 125.792
64.6664 126.383
64.6899 126.975
64.7135 127.568
64.7371 128.162
64.7608 128.757
64.7845 129.351
64.8082 129.941
64.832 130.531
64.8558 131.122
64.8796 131.712
64.9035 132.3
64.9274 132.889
64.9514 133.479
64.9755 134.07
64.9996 134.659
65.0237 135.25
65.048 135.841
65.0723 136.433
65.0968 137.027
65.1213 137.621
65.1459 138.216
65.1705 138.812
65.1953 139.408
65.22 140.004
65.2448 140.598
65.2697 141.193
65.2946 141.789
65.3196 142.385
65.3447 142.981
65.3698 143.579
65.3949 144.174
65.4202 144.77
65.4454 145.366
65.4707 145.962
65.4961 146.556
65.5214 147.15
65.5468 147.743
65.5723 148.337
65.5978 148.931
65.6235 149.526
65.6491 150.119
65.6747 150.711
65.7004 151.303
65.7261 151.895
65.752 152.489
65.7779 153.082
65.8038 153.676
65.8298 154.268
65.8558 154.859
65.8818 155.451
65.908 156.044
65.9342 156.638
65.9605 157.232
65.9868 157.825
66.0131 158.416
66.0395 159.006
66.0659 159.597
66.0924 160.189
66.1189 160.781
66.1455 161.374
66.1723 161.967
66.199 162.561
66.2258 163.153
66.2526 163.745
66.2795 164.337
66.3065 164.931
66.3335 165.524
66.3606 166.119
66.3878 166.713
66.415 167.306
66.4422 167.9
66.4695 168.493
66.4969 169.088
66.5244 169.683
66.5519 170.278
66.5794 170.872
66.607 171.465
66.6347 172.059
66.6624 172.653
66.6901 173.246
66.7179 173.839
66.7456 174.43
66.7733 175.016
66.801 175.602
66.8288 176.189
66.8566 176.776
66.8845 177.363
66.9125 177.95
66.9405 178.538
66.9686 179.126
66.9968 179.715
67.025 180.304
67.0533 180.893
67.0817 181.484
67.1102 182.074
67.1387 182.665
67.1673 183.256
67.1959 183.849
67.2247 184.441
67.2534 185.034
67.2822 185.624
67.311 186.214
67.3399 186.805
67.3688 187.395
67.3978 187.986
67.4267 188.572
67.4557 189.158
67.4846 189.742
67.5135 190.325
67.5426 190.908
67.5716 191.491
67.6007 192.074
67.6298 192.655
67.6589 193.236
67.6882 193.817
67.7174 194.399
67.7466 194.976
67.7758 195.552
67.8051 196.129
67.8344 196.706
67.8638 197.285
67.8933 197.863
67.9229 198.443
67.9525 199.022
67.9822 199.602
68.012 200.182
68.0418 200.763
68.0717 201.344
68.1016 201.925
68.1316 202.506
68.1617 203.088
68.1918 203.668
68.2219 204.249
68.2521 204.83
68.2824 205.413
68.3127 205.991
68.3429 206.568
68.3732 207.145
68.4035 207.722
68.4339 208.298
68.4643 208.875
68.4946 209.447
68.5248 210.016
68.5552 210.585
68.5855 211.154
68.6159 211.723
68.6464 212.292
68.677 212.862
68.7076 213.432
68.7383 214.003
68.7691 214.575
68.7999 215.147
68.8308 215.719
68.8617 216.291
68.8927 216.863
68.9237 217.432
68.9547 218.002
68.9857 218.57
69.0168 219.14
69.048 219.71
69.0792 220.281
69.1106 220.852
69.142 221.425
69.1735 221.997
69.2049 222.567
69.2364 223.137
69.268 223.707
69.2996 224.277
69.3312 224.848
69.3629 225.418
69.3946 225.985
69.4262 226.549
69.4578 227.113
69.4893 227.672
69.5208 228.231
69.5524 228.79
69.5841 229.349
69.6158 229.908
69.6475 230.466
69.6793 231.024
69.7111 231.582
69.743 232.139
69.7749 232.698
69.807 233.257
69.839 233.817
69.8712 234.376
69.9033 234.935
69.9355 235.493
69.9676 236.048
69.9997 236.6
70.0318 237.152
70.064 237.705
70.0962 238.258
70.1286 238.812
70.1609 239.366
70.1932 239.92
70.2256 240.474
70.2579 241.025
70.2903 241.575
70.3226 242.123
70.355 242.672
70.3874 243.221
70.4197 243.763
70.452 244.307
70.4844 244.85
70.5169 245.393
70.5493 245.936
70.5818 246.477
70.6141 247.015
70.6466 247.553
70.679 248.089
70.7115 248.625
70.744 249.162
70.7766 249.698
70.8092 250.236
70.8418 250.771
70.8744 251.304
70.907 251.837
70.9397 252.369
70.9723 252.901
71.0051 253.433
71.0379 253.966
71.0708 254.5
71.1037 255.032
71.1365 255.561
71.1693 256.088
71.2022 256.616
71.2351 257.145
71.2681 257.674
71.3012 258.204
71.3344 258.734
71.3675 259.264
71.4006 259.79
71.4337 260.315
71.4666 260.834
71.4995 261.352
71.5325 261.87
71.5655 262.387
71.5984 262.902
71.6313 263.417
71.6644 263.932
71.6975 264.448
71.7307 264.965
71.7638 265.479
71.797 265.992
71.8302 266.505
71.8634 267.02
71.8968 267.534
71.9302 268.049
71.9635 268.561
71.9969 269.074
72.0303 269.586
72.0638 270.098
72.0973 270.609
72.1308 271.119
72.1643 271.63
72.1978 272.136
72.2313 272.644
72.2648 273.152
72.2985 273.66
72.3322 274.169
72.366 274.678
72.3998 275.187
72.4337 275.697
72.4676 276.206
72.5016 276.716
72.5356 277.226
72.5697 277.736
72.6039 278.247
72.6381 278.758
72.6724 279.269
72.7067 279.781
72.7411 280.292
72.7756 280.805
72.8101 281.316
72.8446 281.829
72.8792 282.341
72.9139 282.855
72.9487 283.368
72.9835 283.883
73.0184 284.397
73.0532 284.91
73.0881 285.421
73.123 285.933
73.1579 286.445
73.1929 286.956
73.228 287.469
73.2631 287.981
73.2983 288.494
73.3336 289.008
73.3689 289.521
73.4042 290.034
73.4396 290.549
73.4751 291.063
73.5107 291.578
73.5463 292.094
73.582 292.609
73.6175 293.121
73.6531 293.632
73.6888 294.143
73.7245 294.655
73.7602 295.167
73.7961 295.679
73.832 296.193
73.8679 296.706
73.9039 297.22
73.94 297.734
73.9762 298.248
74.0123 298.762
74.0485 299.276
74.0848 299.791
74.1212 300.306
74.1577 300.822
74.1942 301.338
74.2305 301.85
74.2669 302.362
74.3034 302.875
74.34 303.388
74.3766 303.902
74.4133 304.415
74.45 304.93
74.4868 305.444
74.5237 305.958
74.5606 306.473
74.5975 306.987
74.6344 307.499
74.6713 308.011
74.7083 308.524
74.7454 309.037
74.7825 309.55
74.8197 310.064
74.857 310.578
74.8943 311.091
74.9316 311.605
74.9689 312.118
75.0064 312.632
75.0439 313.147
75.0815 313.662
75.1191 314.176
75.1567 314.691
75.1943 315.203
75.232 315.716
75.2697 316.229
75.3075 316.742
75.3454 317.256
75.3833 317.77
75.4213 318.285
75.4593 318.8
75.4974 319.315
75.5354 319.827
75.5734 320.338
75.6115 320.849
75.6496 321.361
75.6878 321.873
75.7261 322.385
75.7644 322.898
75.8028 323.411
75.8413 323.925
75.8798 324.439
75.9183 324.952
75.9567 325.462
75.9952 325.971
76.0337 326.482
76.0724 326.993
76.111 327.504
76.1498 328.016
76.1885 328.526
76.2272 329.035
76.266 329.544
76.3048 330.053
76.3437 330.562
76.3826 331.072
76.4216 331.581
76.4606 332.091
76.4997 332.601
76.5388 333.111
76.5779 333.62
76.6171 334.129
76.6563 334.638
76.6955 335.145
76.7348 335.653
76.7741 336.161
76.8135 336.669
76.8529 337.178
76.8924 337.687
76.9319 338.195
76.9714 338.701
77.0109 339.206
77.0504 339.711
77.0899 340.216
77.1296 340.722
77.1693 341.229
77.2091 341.736
77.2489 342.242
77.2887 342.748
77.3284 343.251
77.3682 343.754
77.408 344.257
77.4479 344.761
77.4879 345.265
77.5279 345.767
77.5678 346.269
77.6078 346.77
77.6478 347.272
77.6879 347.774
77.7281 348.277
77.7683 348.779
77.8086 349.281
77.8489 349.783
77.8892 350.285
77.9296 350.788
77.97 351.289
78.0104 351.789
78.0508 352.29
78.0913 352.79
78.1319 353.291
78.1725 353.792
78.213 354.292
78.2535 354.788
78.294 355.284
78.3346 355.781
78.3753 356.279
78.416 356.777
78.4568 357.274
78.4974 357.768
78.538 358.261
78.5787 358.755
78.6195 359.248
78.6602 359.74
78.7009 360.231
78.7417 360.722
78.7825 361.214
78.8234 361.706
78.8644 362.198
78.9054 362.69
78.9464 363.183
78.9875 363.675
79.0287 364.167
79.0699 364.66
79.1111 365.152
79.1523 365.643
79.1935 366.134
79.2349 366.626
79.2762 367.117
79.3175 367.605
79.3588 368.094
79.4002 368.582
79.4416 369.072
79.483 369.558
79.5243 370.045
79.5658 370.531
79.6071 371.015
79.6486 371.5
79.6901 371.985
79.7317 372.471
79.7733 372.957
79.815 373.444
79.8568 373.931
79.8986 374.418
79.9405 374.906
79.9825 375.394
80.0245 375.883
80.0666 376.372
80.1088 376.862
80.151 377.352
80.1933 377.842
80.2357 378.333
80.2781 378.825
80.3206 379.317
80.3632 379.809
80.4058 380.302
80.4485 380.795
80.4913 381.289
80.5342 381.783
80.5771 382.278
80.62 382.773
80.6631 383.268
80.7062 383.764
80.7494 384.26
80.7926 384.757
80.8359 385.254
80.8793 385.752
80.9228 386.25
80.9663 386.749
81.0099 387.248
81.0535 387.747
81.0972 388.247
81.141 388.748
81.1849 389.249
81.2288 389.75
81.2728 390.252
81.3168 390.754
81.3609 391.256
81.4051 391.759
81.4493 392.262
81.4936 392.766
81.5379 393.27
81.5824 393.775
81.6269 394.28
81.6714 394.785
81.716 395.291
81.7607 395.798
81.8055 396.305
81.8504 396.812
81.8953 397.32
81.9402 397.828
81.9853 398.337
82.0304 398.846
82.0756 399.355
82.1207 399.865
82.1657 400.374
82.2107 400.883
82.2559 401.392
82.301 401.903
82.3463 402.413
82.3916 402.924
82.437 403.436
82.4825 403.948
82.528 404.46
82.5736 404.973
82.6193 405.486
82.6651 406
82.7109 406.514
82.7568 407.029
82.8027 407.544
82.8487 408.059
82.8948 408.575
82.941 409.091
82.9872 409.608
83.0335 410.126
83.0799 410.643
83.1264 411.162
83.1729 411.68
83.2195 412.199
83.2661 412.719
83.3129 413.239
83.3597 413.759
83.4066 414.28
83.4535 414.801
83.5005 415.323
83.5476 415.845
83.5948 416.368
83.642 416.891
83.6893 417.415
83.7367 417.939
83.7841 418.463
83.8316 418.988
83.8792 419.513
83.9269 420.039
83.9746 420.565
84.0224 421.092
84.0703 421.619
84.1182 422.147
84.1663 422.675
84.2144 423.203
84.2625 423.732
84.3108 424.261
84.3591 424.791
84.4074 425.321
84.4559 425.852
84.5044 426.383
84.553 426.915
84.6017 427.447
84.6504 427.979
84.6992 428.512
84.7481 429.046
84.7971 429.579
84.8461 430.114
84.8952 430.648
84.9444 431.184
84.9937 431.719
85.043 432.255
85.0924 432.792
85.1419 433.329
85.1914 433.866
85.241 434.404
85.2907 434.942
85.3405 435.481
85.3903 436.02
85.4402 436.56
85.4902 437.1
85.5403 437.64
85.5904 438.181
85.6406 438.723
85.6909 439.265
85.7412 439.807
85.7917 440.35
85.8422 440.893
85.8928 441.436
85.9434 441.981
85.9941 442.525
86.0449 443.07
86.0958 443.615
86.1467 444.161
86.1978 444.708
86.2489 445.254
86.3 445.802
86.3513 446.349
86.4026 446.897
86.454 447.446
86.5055 447.995
86.557 448.544
86.6086 449.094
86.6603 449.645
86.7121 450.195
86.764 450.747
86.8159 451.298
86.8679 451.851
86.9199 452.403
86.9721 452.956
87.0243 453.51
87.0766 454.064
87.129 454.618
87.1814 455.173
87.234 455.728
87.2866 456.284
87.3392 456.84
87.392 457.396
87.4448 457.953
87.4977 458.511
87.5507 459.069
87.6038 459.627
87.6569 460.186
87.7101 460.745
87.7634 461.305
87.8167 461.865
87.8702 462.426
87.9237 462.987
87.9773 463.548
88.0309 464.11
88.0847 464.673
88.1385 465.236
88.1924 465.799
88.2464 466.363
88.3004 466.927
88.3546 467.492
88.4088 468.057
88.463 468.622
88.5174 469.188
88.5718 469.755
88.6264 470.321
88.6809 470.889
88.7356 471.456
88.7904 472.025
88.8452 472.593
88.9001 473.162
88.9551 473.732
89.0101 474.302
89.0653 474.872
89.1205 475.443
89.1758 476.015
89.2311 476.586
89.2866 477.159
89.3421 477.731
89.3977 478.304
89.4534 478.878
89.5091 479.452
89.565 480.026
89.6209 480.601
89.6769 481.177
89.7329 481.753
89.7891 482.329
89.8453 482.905
89.9016 483.483
89.958 484.06
90.0145 484.638
90.071 485.217
90.1276 485.796
90.1843 486.375
90.2411 486.955
90.298 487.535
90.3549 488.116
90.4119 488.697
90.469 489.278
90.5262 489.861
90.5835 490.443
90.6408 491.026
90.6982 491.609
90.7557 492.193
90.8133 492.777
90.8709 493.362
90.9287 493.947
90.9865 494.533
91.0444 495.119
91.1023 495.706
91.1604 496.293
91.2185 496.88
91.2767 497.468
91.335 498.056
91.3934 498.645
91.4518 499.234
91.5104 499.824
91.569 500.414
91.6277 501.004
91.6865 501.595
91.7453 502.187
91.8043 502.779
91.8633 503.371
91.9224 503.964
91.9815 504.557
92.0408 505.15
92.1001 505.745
92.1596 506.339
92.2191 506.934
92.2786 507.53
92.3383 508.125
92.3981 508.722
92.4579 509.319
92.5178 509.916
92.5778 510.513
92.6378 511.112
92.698 511.71
92.7582 512.309
92.8185 512.909
92.8789 513.508
92.9394 514.109
93 514.71
93.0606 515.311
93.1214 515.913
93.1822 516.515
93.243 517.117
93.304 517.72
93.3651 518.324
93.4262 518.928
93.4874 519.532
93.5487 520.137
93.6101 520.742
93.6716 521.348
93.7331 521.954
93.7948 522.561
93.8565 523.168
93.9183 523.775
93.9801 524.383
94.0421 524.991
94.1041 525.6
94.1663 526.209
94.2285 526.819
94.2908 527.429
94.3531 528.04
94.4156 528.651
94.4782 529.263
94.5408 529.874
94.6035 530.487
94.6663 531.1
94.7292 531.713
94.7921 532.327
94.8552 532.941
94.9183 533.556
94.9815 534.171
95.0448 534.786
95.1082 535.402
95.1716 536.019
95.2352 536.635
95.2988 537.253
95.3625 537.87
95.4263 538.489
95.4902 539.107
95.5542 539.726
95.6182 540.346
95.6824 540.966
95.7466 541.586
95.8109 542.207
95.8753 542.829
95.9398 543.45
96.0043 544.072
96.069 544.695
96.1337 545.318
96.1985 545.942
96.2634 546.566
96.3284 547.19
96.3935 547.815
96.4586 548.44
96.5239 549.066
96.5892 549.692
96.6546 550.319
96.7201 550.946
96.7857 551.574
96.8513 552.202
96.9171 552.83
96.9829 553.459
97.0488 554.089
97.1149 554.718
97.181 555.349
97.2471 555.979
97.3134 556.61
97.3798 557.242
97.4462 557.874
97.5127 558.507
97.5793 559.139
97.646 559.773
97.7126 560.403
97.7789 561.029
97.8454 561.654
97.9119 562.281
97.9785 562.908
98.0451 563.535
98.1119 564.162
98.1788 564.791
98.2457 565.419
98.3127 566.048
98.3797 566.675
98.4464 567.299
98.5133 567.923
98.5802 568.547
98.6472 569.171
98.7143 569.796
98.7815 570.422
98.8488 571.048
98.9161 571.674
98.9836 572.301
99.0511 572.928
99.1187 573.556
99.1864 574.184
99.2542 574.813
99.322 575.442
99.39 576.071
99.458 576.701
99.5261 577.331
99.5943 577.962
99.6626 578.593
99.731 579.225
99.7993 579.853
99.8634 580.415
99.9277 580.978
99.992 581.541
100.056 582.104
100.121 582.668
100.185 583.232
100.25 583.797
100.315 584.362
100.379 584.927
100.437 585.383
100.486 585.688
100.534 585.993
100.582 586.298
100.631 586.604
100.679 586.909
100.728 587.215
100.776 587.521
100.825 587.827
100.874 588.133
100.922 588.44
100.971 588.747
101.02 589.054
101.069 589.361
101.118 589.668
101.166 589.976
101.215 590.283
101.264 590.582
101.307 590.795
101.349 591.007
101.392 591.22
101.435 591.433
101.478 591.646
101.521 591.859
101.564 592.072
101.607 592.285
101.65 592.499
101.693 592.713
101.736 592.926
101.779 593.14
101.821 593.345
101.863 593.546
101.905 593.746
101.947 593.947
101.989 594.148
102.031 594.349
102.073 594.55
102.115 594.751
102.158 594.952
102.2 595.154
102.242 595.355
102.284 595.557
102.326 595.759
102.369 595.961
102.411 596.163
102.453 596.365
102.496 596.568
102.538 596.77
102.581 596.973
102.623 597.174
102.665 597.366
102.705 597.548
102.745 597.716
102.785 597.884
102.824 598.052
102.864 598.221
102.904 598.389
102.943 598.558
102.983 598.727
103.023 598.896
103.063 599.065
103.102 599.234
103.142 599.403
103.182 599.572
103.222 599.741
103.262 599.908
103.301 600.072
103.34 600.236
103.38 600.4
103.419 600.564
103.459 600.728
103.498 600.893
103.538 601.057
103.577 601.222
103.617 601.386
103.657 601.551
103.696 601.716
103.736 601.881
103.776 602.046
103.815 602.211
103.855 602.376
103.895 602.542
103.935 602.707
103.974 602.873
104.014 603.039
104.054 603.204
104.094 603.37
104.134 603.536
104.174 603.702
104.214 603.869
104.254 604.035
104.294 604.201
104.334 604.368
104.374 604.535
104.414 604.701
104.454 604.868
104.494 605.035
104.534 605.202
104.574 605.369
104.614 605.537
104.654 605.704
104.695 605.872
104.735 606.039
104.775 606.207
104.815 606.375
104.856 606.543
104.896 606.711
104.936 606.879
104.977 607.047
105.017 607.215
105.058 607.384
105.098 607.552
105.138 607.721
105.179 607.89
105.219 608.059
105.26 608.228
105.301 608.397
105.341 608.566
105.382 608.735
105.422 608.905
105.463 609.074
105.504 609.244
105.544 609.413
105.585 609.583
105.626 609.753
105.667 609.923
105.707 610.093
105.748 610.264
105.789 610.434
105.83 610.604
105.871 610.775
105.912 610.946
105.953 611.116
105.994 611.287
106.035 611.458
106.076 611.629
106.117 611.801
106.158 611.972
106.199 612.143
106.24 612.315
106.281 612.486
106.322 612.658
106.363 612.83
106.405 613.002
106.446 613.174
106.487 613.346
106.528 613.518
106.57 613.691
106.611 613.863
106.652 614.036
106.694 614.208
106.735 614.381
106.776 614.554
106.818 614.727
106.859 614.9
106.901 615.073
106.942 615.247
106.984 615.42
107.025 615.594
107.067 615.767
107.109 615.941
107.15 616.115
107.192 616.289
107.234 616.463
107.275 616.637
107.317 616.811
107.357 616.967
107.397 617.124
107.437 617.281
107.478 617.437
107.518 617.594
107.558 617.751
107.598 617.908
107.639 618.066
107.679 618.223
107.719 618.38
107.76 618.538
107.8 618.695
107.84 618.853
107.881 619.011
107.921 619.168
107.962 619.326
108.002 619.484
108.043 619.643
108.083 619.801
108.124 619.959
108.164 620.117
108.205 620.276
108.246 620.435
108.286 620.593
108.327 620.752
108.368 620.911
108.408 621.07
108.449 621.229
108.49 621.388
108.53 621.547
108.571 621.707
108.612 621.866
108.653 622.026
108.694 622.186
108.735 622.345
108.776 622.505
108.816 622.665
108.857 622.825
108.898 622.985
108.939 623.145
108.98 623.306
109.021 623.466
109.062 623.627
109.103 623.787
109.145 623.948
109.186 624.109
109.227 624.27
109.268 624.431
109.309 624.592
109.35 624.753
109.392 624.914
109.433 625.076
109.474 625.237
109.515 625.399
109.557 625.56
109.598 625.722
109.639 625.884
109.681 626.046
109.722 626.208
109.764 626.37
109.805 626.532
109.847 626.695
109.888 626.857
109.93 627.02
109.971 627.182
110.013 627.345
110.054 627.508
110.096 627.671
110.138 627.834
110.179 627.997
110.221 628.16
110.263 628.323
110.304 628.486
110.346 628.65
110.388 628.814
110.43 628.977
110.471 629.141
110.513 629.305
110.555 629.467
110.597 629.627
110.638 629.788
110.68 629.948
110.721 630.109
110.763 630.27
110.805 630.43
110.846 630.591
110.887 630.744
110.928 630.892
110.968 631.04
111.009 631.188
111.05 631.337
111.09 631.485
111.131 631.634
111.172 631.782
111.212 631.931
111.253 632.08
111.294 632.229
111.335 632.378
111.375 632.522
111.414 632.653
111.453 632.785
111.493 632.918
111.532 633.05
111.571 633.183
111.611 633.315
111.65 633.448
111.69 633.581
111.729 633.713
111.768 633.846
111.808 633.979
111.847 634.112
111.887 634.245
111.926 634.379
111.966 634.512
112.006 634.645
112.045 634.779
112.085 634.912
112.124 635.046
112.164 635.179
112.204 635.313
112.243 635.447
112.283 635.581
112.323 635.715
112.362 635.849
112.402 635.983
112.442 636.117
112.481 636.243
112.519 636.363
112.558 636.485
112.597 636.606
112.635 636.727
112.674 636.849
112.713 636.97
112.752 637.092
112.79 637.211
112.829 637.329
112.867 637.446
112.905 637.564
112.944 637.682
112.982 637.799
113.021 637.917
113.059 638.035
113.098 638.153
113.136 638.271
113.175 638.389
113.213 638.507
113.252 638.626
113.29 638.744
113.329 638.862
113.368 638.981
113.406 639.099
113.445 639.218
113.484 639.336
113.522 639.455
113.561 639.574
113.6 639.693
113.638 639.812
113.677 639.931
113.716 640.05
113.755 640.169
113.793 640.288
113.832 640.407
113.871 640.527
113.91 640.646
113.949 640.765
113.988 640.885
114.026 641.005
114.065 641.124
114.104 641.244
114.143 641.364
114.182 641.484
114.221 641.604
114.26 641.724
114.299 641.844
114.338 641.964
114.377 642.084
114.416 642.204
114.455 642.325
114.494 642.445
114.533 642.564
114.572 642.682
114.611 642.8
114.649 642.909
114.687 643.011
114.724 643.113
114.762 643.216
114.799 643.318
114.837 643.421
114.874 643.523
114.912 643.626
114.95 643.729
114.987 643.832
115.025 643.935
115.063 644.037
115.1 644.14
115.138 644.243
115.176 644.347
115.213 644.45
115.251 644.553
115.289 644.656
115.326 644.754
115.363 644.847
115.4 644.941
115.436 645.034
115.473 645.128
115.51 645.222
115.547 645.314
115.584 645.406
115.62 645.499
115.657 645.591
115.694 645.683
115.731 645.776
115.768 645.868
115.804 645.961
115.841 646.054
115.878 646.146
115.915 646.239
115.952 646.332
115.989 646.425
116.026 646.518
116.063 646.611
116.099 646.704
116.136 646.797
116.173 646.89
116.21 646.983
116.247 647.076
116.284 647.169
116.321 647.263
116.358 647.356
116.395 647.45
116.432 647.543
116.469 647.637
116.506 647.73
116.543 647.824
116.581 647.918
116.618 648.011
116.655 648.105
116.692 648.199
116.729 648.293
116.766 648.387
116.803 648.481
116.84 648.575
116.878 648.669
116.915 648.764
116.952 648.858
116.989 648.952
117.027 649.046
117.064 649.141
117.101 649.235
117.138 649.33
117.176 649.424
117.213 649.519
117.25 649.614
117.288 649.708
117.325 649.803
117.362 649.898
117.4 649.993
117.437 650.088
117.474 650.181
117.511 650.267
117.548 650.353
117.585 650.439
117.621 650.525
117.658 650.612
117.695 650.698
117.732 650.784
117.769 650.87
117.806 650.957
117.843 651.043
117.88 651.13
117.916 651.216
117.953 651.303
117.99 651.389
118.027 651.476
118.064 651.563
118.101 651.649
118.138 651.736
118.175 651.823
118.212 651.91
118.249 651.997
118.286 652.084
118.323 652.171
118.36 652.258
118.397 652.345
118.434 652.432
118.472 652.52
118.509 652.607
118.546 652.694
118.583 652.782
118.62 652.869
118.657 652.957
118.694 653.044
118.731 653.132
118.769 653.219
118.806 653.307
118.843 653.395
118.88 653.482
118.918 653.57
118.955 653.658
118.992 653.746
119.029 653.834
119.067 653.922
119.104 654.01
119.141 654.098
119.178 654.184
119.215 654.264
119.251 654.343
119.288 654.423
119.324 654.502
119.361 654.582
119.397 654.662
119.434 654.742
119.471 654.822
119.507 654.901
119.544 654.981
119.58 655.061
119.617 655.141
119.654 655.222
119.69 655.302
119.727 655.382
119.764 655.462
119.8 655.542
119.837 655.623
119.874 655.703
119.91 655.783
119.947 655.864
119.984 655.944
120.021 656.025
120.057 656.105
120.094 656.186
120.131 656.267
120.168 656.347
120.204 656.428
120.241 656.509
