0.1 -0.00592688
0.2 -0.0129697
0.3 -0.0195236
0.4 -0.0260702
0.5 -0.032624
0.6 -0.039193
0.7 -0.0457769
0.8 -0.0523758
0.9 -0.0589899
1 -0.0656192
1.22656 -0.0756192
2.45044 -0.0856192
3.67113 -0.0956192
4.88796 -0.105619
6.10087 -0.115619
7.30975 -0.125619
8.5144 -0.135619
9.71491 -0.145619
10.9114 -0.155619
12.1038 -0.165619
13.2921 -0.175619
14.4764 -0.185619
15.6566 -0.195619
16.8327 -0.205619
18.0048 -0.215619
19.1727 -0.225619
20.3366 -0.235619
21.4964 -0.245619
22.6522 -0.255619
23.8039 -0.265619
24.9514 -0.275619
26.095 -0.285619
27.2344 -0.295619
28.3698 -0.305619
29.5012 -0.315619
30.6285 -0.325619
31.7518 -0.335619
32.871 -0.345619
33.9862 -0.355619
35.0973 -0.365619
36.2044 -0.375619
37.3075 -0.385619
38.4065 -0.395619
39.5015 -0.405619
40.5925 -0.415619
41.6795 -0.425619
42.7624 -0.435619
43.8413 -0.445619
44.9162 -0.455619
45.9871 -0.465619
47.054 -0.475619
48.1169 -0.485619
49.1758 -0.495619
50.2307 -0.505619
51.2816 -0.515619
52.3285 -0.525619
53.3714 -0.535619
54.4103 -0.545619
55.4452 -0.555619
56.4761 -0.565619
57.503 -0.575619
58.526 -0.585619
59.5449 -0.595619
60.5599 -0.605619
61.5709 -0.615619
62.578 -0.625619
63.581 -0.635619
64.5801 -0.645619
65.5752 -0.655619
66.5664 -0.665619
67.5535 -0.675619
68.5367 -0.685619
69.516 -0.695619
70.4912 -0.705619
71.4625 -0.715619
72.4299 -0.725619
73.3933 -0.735619
74.3527 -0.745619
75.3081 -0.755619
76.2596 -0.765619
77.2072 -0.775619
78.1507 -0.785619
79.0904 -0.795619
80.026 -0.805619
80.9577 -0.815619
81.8855 -0.825619
82.8093 -0.835619
83.7291 -0.845619
84.645 -0.855619
85.5569 -0.865619
86.4649 -0.875619
87.3689 -0.885619
88.269 -0.895619
89.165 -0.905619
90.0572 -0.915619
90.9453 -0.925619
91.8296 -0.935619
92.7098 -0.945619
93.5861 -0.955619
94.4584 -0.965619
95.3268 -0.975619
96.1912 -0.985619
97.0516 -0.995619
97.9081 -1.00562
98.7606 -1.01562
99.6091 -1.02562
100.454 -1.03562
101.294 -1.04562
102.131 -1.05562
102.963 -1.06562
103.792 -1.07562
104.617 -1.08562
105.437 -1.09562
106.254 -1.10562
107.066 -1.11562
107.875 -1.12562
108.68 -1.13562
109.48 -1.14562
110.277 -1.15562
111.07 -1.16562
111.858 -1.17562
112.643 -1.18562
113.423 -1.19562
114.195 -1.20562
114.953 -1.21562
115.694 -1.22562
116.401 -1.23562
117.073 -1.24562
117.677 -1.25562
118.263 -1.26562
118.844 -1.27562
119.42 -1.28562
119.991 -1.29562
120.556 -1.30562
121.115 -1.31562
121.668 -1.32562
122.215 -1.33562
122.752 -1.34562
123.282 -1.35562
123.796 -1.36562
124.302 -1.37562
124.799 -1.38562
125.267 -1.39562
125.73 -1.40562
126.185 -1.41562
126.602 -1.42562
127.001 -1.43562
127.386 -1.44562
127.741 -1.45562
128.066 -1.46562
128.371 -1.47562
128.644 -1.48562
128.909 -1.49562
129.16 -1.50562
129.395 -1.51562
129.614 -1.52562
129.823 -1.53562
130.013 -1.54562
130.19 -1.55562
130.359 -1.56562
130.518 -1.57562
130.668 -1.58562
130.802 -1.59562
130.919 -1.60562
131.022 -1.61562
131.074 -1.62562
131.058 -1.63562
130.824 -1.64562
129.825 -1.65562
127.518 -1.66562
124.784 -1.67562
124.11 -1.68562
123.854 -1.69562
123.545 -1.70562
123.274 -1.71562
123.128 -1.72562
122.946 -1.73562
122.737 -1.74562
122.511 -1.75562
122.34 -1.76562
122.157 -1.77562
121.988 -1.78562
121.803 -1.79562
121.635 -1.80562
121.517 -1.81562
121.395 -1.82562
121.265 -1.83562
121.134 -1.84562
120.998 -1.85562
120.857 -1.86562
120.746 -1.87562
120.656 -1.88562
120.551 -1.89562
120.432 -1.90562
120.292 -1.91562
120.139 -1.92562
119.871 -1.93562
119.546 -1.94562
119.155 -1.95562
118.679 -1.96562
117.315 -1.97562
117.058 -1.98562
116.741 -1.99562
116.418 -2.00562
116.276 -2.01562
116.076 -2.02562
115.86 -2.03562
115.638 -2.04562
115.409 -2.05562
115.175 -2.06562
114.951 -2.07562
114.765 -2.08562
114.61 -2.09562
114.449 -2.10562
114.285 -2.11562
114.118 -2.12562
113.948 -2.13562
113.779 -2.14562
113.612 -2.15562
113.444 -2.16562
113.275 -2.17562
113.115 -2.18562
112.953 -2.19562
112.79 -2.20562
112.641 -2.21562
112.49 -2.22562
112.337 -2.23562
112.183 -2.24562
112.028 -2.25562
111.872 -2.26562
111.711 -2.27562
111.546 -2.28562
111.384 -2.29562
111.221 -2.30562
111.057 -2.31562
110.892 -2.32562
110.726 -2.33562
110.557 -2.34562
110.385 -2.35562
110.212 -2.36562
110.038 -2.37562
109.863 -2.38562
109.687 -2.39562
109.511 -2.40562
109.344 -2.41562
109.18 -2.42562
109.016 -2.43562
108.859 -2.44562
108.701 -2.45562
108.542 -2.46562
108.38 -2.47562
108.222 -2.48562
108.071 -2.49562
107.921 -2.50562
107.771 -2.51562
107.62 -2.52562
107.468 -2.53562
107.315 -2.54562
107.162 -2.55562
107.008 -2.56562
106.856 -2.57562
106.704 -2.58562
106.551 -2.59562
106.402 -2.60562
106.252 -2.61562
106.102 -2.62562
105.952 -2.63562
105.801 -2.64562
105.653 -2.65562
105.508 -2.66562
105.362 -2.67562
105.22 -2.68562
105.077 -2.69562
104.934 -2.70562
104.789 -2.71562
104.645 -2.72562
104.499 -2.73562
104.354 -2.74562
104.208 -2.75562
104.061 -2.76562
103.914 -2.77562
103.767 -2.78562
103.622 -2.79562
103.474 -2.80562
103.332 -2.81562
103.192 -2.82562
103.052 -2.83562
102.912 -2.84562
102.772 -2.85562
102.631 -2.86562
102.491 -2.87562
102.35 -2.88562
102.208 -2.89562
102.067 -2.90562
101.925 -2.91562
101.783 -2.92562
101.641 -2.93562
101.498 -2.94562
101.357 -2.95562
101.215 -2.96562
101.074 -2.97562
100.932 -2.98562
100.791 -2.99562
100.666 -3.00562
100.54 -3.01562
100.413 -3.02562
100.287 -3.03562
100.163 -3.04562
100.038 -3.05562
99.9124 -3.06562
99.7871 -3.07562
99.6617 -3.08562
99.5362 -3.09562
99.4105 -3.10562
99.2847 -3.11562
99.1587 -3.12562
99.0326 -3.13562
98.9064 -3.14562
98.78 -3.15562
98.6537 -3.16562
98.5289 -3.17562
98.404 -3.18562
98.2797 -3.19562
98.1569 -3.20562
98.034 -3.21562
97.9109 -3.22562
97.7877 -3.23562
97.6643 -3.24562
97.5408 -3.25562
97.4172 -3.26562
97.2934 -3.27562
97.1695 -3.28562
97.0453 -3.29562
96.9211 -3.30562
96.7966 -3.31562
96.672 -3.32562
96.5481 -3.33562
96.4251 -3.34562
96.302 -3.35562
96.1778 -3.36562
96.0533 -3.37562
95.9307 -3.38562
95.8095 -3.39562
95.6883 -3.40562
95.567 -3.41562
95.4562 -3.42562
95.3543 -3.43562
95.2523 -3.44562
95.1497 -3.45562
95.0471 -3.46562
94.9445 -3.47562
94.8418 -3.48562
94.7391 -3.49562
94.6364 -3.50562
94.5367 -3.51562
94.4419 -3.52562
94.3471 -3.53562
94.2523 -3.54562
94.1574 -3.55562
94.0625 -3.56562
93.9676 -3.57562
93.8727 -3.58562
93.7777 -3.59562
93.6827 -3.60562
93.5877 -3.61562
93.4937 -3.62562
93.3998 -3.63562
93.3057 -3.64562
93.2117 -3.65562
93.1176 -3.66562
93.0236 -3.67562
92.9295 -3.68562
92.8355 -3.69562
92.7415 -3.70562
92.6474 -3.71562
92.5534 -3.72562
92.4594 -3.73562
92.3654 -3.74562
92.2714 -3.75562
92.1774 -3.76562
92.0834 -3.77562
91.9894 -3.78562
91.8955 -3.79562
91.8015 -3.80562
91.7076 -3.81562
91.6137 -3.82562
91.5198 -3.83562
91.4261 -3.84562
91.3323 -3.85562
91.2386 -3.86562
91.1448 -3.87562
91.0511 -3.88562
90.9579 -3.89562
90.8647 -3.90562
90.7715 -3.91562
90.6782 -3.92562
90.585 -3.93562
90.4918 -3.94562
90.3986 -3.95562
90.3054 -3.96562
90.2122 -3.97562
90.119 -3.98562
90.0259 -3.99562
89.9327 -4.00562
89.8396 -4.01562
89.7464 -4.02562
89.6533 -4.03562
89.5601 -4.04562
89.467 -4.05562
89.3739 -4.06562
89.2808 -4.07562
89.1877 -4.08562
89.0947 -4.09562
89.0016 -4.10562
88.9086 -4.11562
88.8155 -4.12562
88.7225 -4.13562
88.6397 -4.14562
88.557 -4.15562
88.4742 -4.16562
88.3913 -4.17562
88.3083 -4.18562
88.2255 -4.19562
88.1426 -4.20562
88.0598 -4.21562
87.9777 -4.22562
87.8959 -4.23562
87.8141 -4.24562
87.7324 -4.25562
87.6507 -4.26562
87.5691 -4.27562
87.4875 -4.28562
87.406 -4.29562
87.3245 -4.30562
87.243 -4.31562
87.1617 -4.32562
87.0803 -4.33562
86.999 -4.34562
86.9178 -4.35562
86.8365 -4.36562
86.755 -4.37562
86.6735 -4.38562
86.5921 -4.39562
86.5108 -4.40562
86.4295 -4.41562
86.3483 -4.42562
86.2672 -4.43562
86.1861 -4.44562
86.1051 -4.45562
86.0242 -4.46562
85.9433 -4.47562
85.8625 -4.48562
85.7818 -4.49562
85.701 -4.50562
85.62 -4.51562
85.5392 -4.52562
85.4584 -4.53562
85.3778 -4.54562
85.2996 -4.55562
85.2232 -4.56562
85.1475 -4.57562
85.0718 -4.58562
84.9962 -4.59562
84.9207 -4.60562
84.8452 -4.61562
84.7699 -4.62562
84.6945 -4.63562
84.6193 -4.64562
84.5441 -4.65562
84.469 -4.66562
84.3942 -4.67562
84.3197 -4.68562
84.2452 -4.69562
84.1742 -4.70562
84.1042 -4.71562
84.0343 -4.72562
83.9644 -4.73562
83.8946 -4.74562
83.8249 -4.75562
83.7552 -4.76562
83.6856 -4.77562
83.6159 -4.78562
83.5463 -4.79562
83.4767 -4.80562
83.4073 -4.81562
83.3379 -4.82562
83.2686 -4.83562
83.1994 -4.84562
83.1302 -4.85562
83.0641 -4.86562
83.0021 -4.87562
82.94 -4.88562
82.8781 -4.89562
82.8162 -4.90562
82.7544 -4.91562
82.6927 -4.92562
82.6311 -4.93562
82.5695 -4.94562
82.508 -4.95562
82.4466 -4.96562
82.3852 -4.97562
82.3239 -4.98562
82.2627 -4.99562
82.2016 -5.00562
82.1406 -5.01562
82.0796 -5.02562
82.0187 -5.03562
81.9578 -5.04562
81.897 -5.05562
81.8362 -5.06562
81.7755 -5.07562
81.7149 -5.08562
81.6544 -5.09562
81.594 -5.10562
81.5336 -5.11562
81.4734 -5.12562
81.4132 -5.13562
81.3531 -5.14562
81.2931 -5.15562
81.2332 -5.16562
81.1733 -5.17562
81.1136 -5.18562
81.0542 -5.19562
80.9949 -5.20562
80.9357 -5.21562
80.8766 -5.22562
80.8176 -5.23562
80.7587 -5.24562
80.6999 -5.25562
80.6411 -5.26562
80.5825 -5.27562
80.5238 -5.28562
80.4648 -5.29562
80.406 -5.30562
80.3475 -5.31562
80.2892 -5.32562
80.2309 -5.33562
80.1727 -5.34562
80.1146 -5.35562
80.0566 -5.36562
79.9986 -5.37562
79.9408 -5.38562
79.883 -5.39562
79.8253 -5.40562
79.7677 -5.41562
79.71 -5.42562
79.6524 -5.43562
79.5949 -5.44562
79.5375 -5.45562
79.4802 -5.46562
79.4229 -5.47562
79.3658 -5.48562
79.3087 -5.49562
79.2517 -5.50562
79.1968 -5.51562
79.144 -5.52562
79.0913 -5.53562
79.0386 -5.54562
78.9861 -5.55562
78.9336 -5.56562
78.8812 -5.57562
78.8334 -5.58562
78.786 -5.59562
78.7387 -5.60562
78.6914 -5.61562
78.6442 -5.62562
78.5971 -5.63562
78.5501 -5.64562
78.5031 -5.65562
78.4562 -5.66562
78.4094 -5.67562
78.3629 -5.68562
78.3166 -5.69562
78.2704 -5.70562
78.2243 -5.71562
78.1783 -5.72562
78.1323 -5.73562
78.0864 -5.74562
78.0406 -5.75562
77.9948 -5.76562
77.9492 -5.77562
77.9035 -5.78562
77.8578 -5.79562
77.8123 -5.80562
77.7668 -5.81562
77.7214 -5.82562
77.676 -5.83562
77.6308 -5.84562
77.5856 -5.85562
77.5405 -5.86562
77.4955 -5.87562
77.4505 -5.88562
77.4056 -5.89562
77.3608 -5.90562
77.3161 -5.91562
77.2715 -5.92562
77.2269 -5.93562
77.1824 -5.94562
77.138 -5.95562
77.0937 -5.96562
77.0494 -5.97562
77.0052 -5.98562
76.9611 -5.99562
76.9171 -6.00562
76.8731 -6.01562
76.8293 -6.02562
76.7855 -6.03562
76.7418 -6.04562
76.6981 -6.05562
76.6546 -6.06562
76.6111 -6.07562
76.5677 -6.08562
76.5244 -6.09562
76.4811 -6.10562
76.438 -6.11562
76.3949 -6.12562
76.3524 -6.13562
76.313 -6.14562
76.2736 -6.15562
76.2344 -6.16562
76.1952 -6.17562
76.156 -6.18562
76.117 -6.19562
76.078 -6.20562
76.0391 -6.21562
76.0003 -6.22562
75.9616 -6.23562
75.9229 -6.24562
75.8842 -6.25562
75.8457 -6.26562
75.8072 -6.27562
75.7689 -6.28562
75.7306 -6.29562
75.6923 -6.30562
75.6542 -6.31562
75.6161 -6.32562
75.5788 -6.33562
75.5423 -6.34562
75.5058 -6.35562
75.4695 -6.36562
75.4332 -6.37562
75.397 -6.38562
75.3609 -6.39562
75.3248 -6.40562
75.2888 -6.41562
75.2529 -6.42562
75.2171 -6.43562
75.1813 -6.44562
75.1457 -6.45562
75.1101 -6.46562
75.0746 -6.47562
75.0391 -6.48562
75.0038 -6.49562
74.9685 -6.50562
74.9333 -6.51562
74.8982 -6.52562
74.8632 -6.53562
74.8282 -6.54562
74.7934 -6.55562
74.7586 -6.56562
74.7239 -6.57562
74.6874 -6.58562
74.6515 -6.59562
74.6153 -6.60562
74.5792 -6.61562
74.5432 -6.62562
74.5072 -6.63562
74.4712 -6.64562
74.4351 -6.65562
74.3991 -6.66562
74.3632 -6.67562
74.3273 -6.68562
74.2915 -6.69562
74.2558 -6.70562
74.2201 -6.71562
74.1845 -6.72562
74.1489 -6.73562
74.1135 -6.74562
74.0781 -6.75562
74.0427 -6.76562
74.0074 -6.77562
73.9722 -6.78562
73.9371 -6.79562
73.902 -6.80562
73.867 -6.81562
73.8321 -6.82562
73.7972 -6.83562
73.7624 -6.84562
73.7276 -6.85562
73.693 -6.86562
73.6584 -6.87562
73.6238 -6.88562
73.5894 -6.89562
73.555 -6.90562
73.5206 -6.91562
73.4864 -6.92562
73.4522 -6.93562
73.4181 -6.94562
73.384 -6.95562
73.35 -6.96562
73.3161 -6.97562
73.2823 -6.98562
73.2485 -6.99562
73.2148 -7.00562
73.1811 -7.01562
73.1475 -7.02562
73.114 -7.03562
73.0806 -7.04562
73.0472 -7.05562
73.0139 -7.06562
72.9807 -7.07562
72.9476 -7.08562
72.9145 -7.09562
72.8817 -7.10562
72.8489 -7.11562
72.8162 -7.12562
72.7836 -7.13562
72.7511 -7.14562
72.7186 -7.15562
72.6862 -7.16562
72.6538 -7.17562
72.6216 -7.18562
72.5894 -7.19562
72.5572 -7.20562
72.5252 -7.21562
72.4932 -7.22562
72.4613 -7.23562
72.4294 -7.24562
72.3977 -7.25562
72.366 -7.26562
72.3348 -7.27562
72.3042 -7.28562
72.2737 -7.29562
72.2433 -7.30562
72.2129 -7.31562
72.1826 -7.32562
72.1524 -7.33562
72.1222 -7.34562
72.0922 -7.35562
72.0622 -7.36562
72.0322 -7.37562
72.0024 -7.38562
71.9726 -7.39562
71.9429 -7.40562
71.9133 -7.41562
71.8837 -7.42562
71.8542 -7.43562
71.8248 -7.44562
71.7954 -7.45562
71.7662 -7.46562
71.737 -7.47562
71.7081 -7.48562
71.6793 -7.49562
71.6507 -7.50562
71.6221 -7.51562
71.5936 -7.52562
71.5651 -7.53562
71.5368 -7.54562
71.5085 -7.55562
71.4803 -7.56562
71.4521 -7.57562
71.4241 -7.58562
71.3961 -7.59562
71.3682 -7.60562
71.3404 -7.61562
71.3126 -7.62562
71.2849 -7.63562
71.2573 -7.64562
71.2298 -7.65562
71.2024 -7.66562
71.175 -7.67562
71.1477 -7.68562
71.1205 -7.69562
71.0934 -7.70562
71.0663 -7.71562
71.0394 -7.72562
71.0125 -7.73562
70.9856 -7.74562
70.9589 -7.75562
70.9323 -7.76562
70.9057 -7.77562
70.8792 -7.78562
70.8528 -7.79562
70.8264 -7.80562
70.8002 -7.81562
70.774 -7.82562
70.7479 -7.83562
70.7219 -7.84562
70.6959 -7.85562
70.6701 -7.86562
70.6443 -7.87562
70.6186 -7.88562
70.593 -7.89562
70.5675 -7.90562
70.542 -7.91562
70.5166 -7.92562
70.4913 -7.93562
70.4661 -7.94562
70.4409 -7.95562
70.4158 -7.96562
70.3908 -7.97562
70.3659 -7.98562
70.3411 -7.99562
70.3164 -8.00562
70.2917 -8.01562
70.2671 -8.02562
70.2426 -8.03562
70.2182 -8.04562
70.1938 -8.05562
70.1696 -8.06562
70.1454 -8.07562
70.1213 -8.08562
70.0972 -8.09562
70.0733 -8.10562
70.0494 -8.11562
70.0257 -8.12562
70.002 -8.13562
69.9783 -8.14562
69.9548 -8.15562
69.9313 -8.16562
69.9079 -8.17562
69.8846 -8.18562
69.8614 -8.19562
69.8383 -8.20562
69.8152 -8.21562
69.7922 -8.22562
69.7693 -8.23562
69.7464 -8.24562
69.7236 -8.25562
69.7008 -8.26562
69.6782 -8.27562
69.6556 -8.28562
69.6332 -8.29562
69.6108 -8.30562
69.5885 -8.31562
69.5663 -8.32562
69.5442 -8.33562
69.5221 -8.34562
69.5002 -8.35562
69.4783 -8.36562
69.4565 -8.37562
69.4349 -8.38562
69.4132 -8.39562
69.3917 -8.40562
69.3703 -8.41562
69.3488 -8.42562
69.3272 -8.43562
69.3058 -8.44562
69.2844 -8.45562
69.2631 -8.46562
69.2419 -8.47562
69.2207 -8.48562
69.1997 -8.49562
69.1787 -8.50562
69.1578 -8.51562
69.137 -8.52562
69.1163 -8.53562
69.0957 -8.54562
69.0752 -8.55562
69.0547 -8.56562
69.0344 -8.57562
69.0141 -8.58562
68.9928 -8.59562
68.9704 -8.60562
68.9479 -8.61562
68.9254 -8.62562
68.9029 -8.63562
68.8805 -8.64562
68.8582 -8.65562
68.8358 -8.66562
68.8134 -8.67562
68.791 -8.68562
68.7687 -8.69562
68.7465 -8.70562
68.7256 -8.71562
68.7049 -8.72562
68.6843 -8.73562
68.6638 -8.74562
68.6434 -8.75562
68.623 -8.76562
68.6027 -8.77562
68.5825 -8.78562
68.5623 -8.79562
68.5423 -8.80562
68.5223 -8.81562
68.5024 -8.82562
68.4825 -8.83562
68.4628 -8.84562
68.4431 -8.85562
68.4234 -8.86562
68.4039 -8.87562
68.3844 -8.88562
68.365 -8.89562
68.3457 -8.90562
68.3264 -8.91562
68.3072 -8.92562
68.2881 -8.93562
68.2691 -8.94562
68.2501 -8.95562
68.2312 -8.96562
68.2124 -8.97562
68.1936 -8.98562
68.1751 -8.99562
68.1569 -9.00562
68.1387 -9.01562
68.1207 -9.02562
68.1027 -9.03562
68.0848 -9.04562
68.0669 -9.05562
68.0492 -9.06562
68.0315 -9.07562
68.0139 -9.08562
67.9964 -9.09562
67.9789 -9.10562
67.9616 -9.11562
67.9443 -9.12562
67.9271 -9.13562
67.91 -9.14562
67.8929 -9.15562
67.8759 -9.16562
67.8591 -9.17562
67.8422 -9.18562
67.8255 -9.19562
67.8088 -9.20562
67.7923 -9.21562
67.7758 -9.22562
67.7594 -9.23562
67.743 -9.24562
67.7268 -9.25562
67.7106 -9.26562
67.6937 -9.27562
67.6757 -9.28562
67.6576 -9.29562
67.6396 -9.30562
67.6217 -9.31562
67.6039 -9.32562
67.5861 -9.33562
67.5684 -9.34562
67.5514 -9.35562
67.5347 -9.36562
67.5181 -9.37562
67.5015 -9.38562
67.4851 -9.39562
67.4687 -9.40562
67.4523 -9.41562
67.4361 -9.42562
67.4199 -9.43562
67.4037 -9.44562
67.3877 -9.45562
67.3717 -9.46562
67.3558 -9.47562
67.3399 -9.48562
67.3241 -9.49562
67.3084 -9.50562
67.2928 -9.51562
67.2772 -9.52562
67.2617 -9.53562
67.2463 -9.54562
67.231 -9.55562
67.2157 -9.56562
67.2005 -9.57562
67.1854 -9.58562
67.1703 -9.59562
67.1553 -9.60562
67.1404 -9.61562
67.1255 -9.62562
67.1108 -9.63562
67.0961 -9.64562
67.0814 -9.65562
67.0669 -9.66562
67.0524 -9.67562
67.038 -9.68562
67.0237 -9.69562
67.0094 -9.70562
66.9952 -9.71562
66.9811 -9.72562
66.9672 -9.73562
66.9534 -9.74562
66.9397 -9.75562
66.926 -9.76562
66.9124 -9.77562
66.8989 -9.78562
66.8855 -9.79562
66.8721 -9.80562
66.8588 -9.81562
66.8456 -9.82562
66.8325 -9.83562
66.8194 -9.84562
66.8067 -9.85562
66.7942 -9.86562
66.7818 -9.87562
66.7694 -9.88562
66.7572 -9.89562
66.7449 -9.90562
66.7323 -9.91562
66.7197 -9.92562
66.7072 -9.93562
66.6928 -9.94562
66.6784 -9.95562
66.6641 -9.96562
66.6499 -9.97562
66.6357 -9.98562
66.6215 -9.99562
66.6075 -10.0056
66.5935 -10.0156
66.5795 -10.0256
66.5656 -10.0356
66.5518 -10.0456
66.538 -10.0556
66.5243 -10.0656
66.5107 -10.0756
66.4971 -10.0856
66.4836 -10.0956
66.4702 -10.1056
66.4568 -10.1156
66.4434 -10.1256
66.4301 -10.1356
66.4169 -10.1456
66.4037 -10.1556
66.3906 -10.1656
66.3776 -10.1756
66.3646 -10.1856
66.3517 -10.1956
66.3389 -10.2056
66.3261 -10.2156
66.3134 -10.2256
66.3007 -10.2356
66.2881 -10.2456
66.2756 -10.2556
66.2632 -10.2656
66.2478 -10.2756
66.2322 -10.2856
66.2165 -10.2956
66.2009 -10.3056
66.1854 -10.3156
66.1699 -10.3256
66.1544 -10.3356
66.139 -10.3456
66.1237 -10.3556
66.1083 -10.3656
66.0931 -10.3756
66.0778 -10.3856
66.0627 -10.3956
66.0475 -10.4056
66.0325 -10.4156
66.0175 -10.4256
66.0025 -10.4356
65.9875 -10.4456
65.9727 -10.4556
65.9578 -10.4656
65.943 -10.4756
65.9283 -10.4856
65.9136 -10.4956
65.899 -10.5056
65.8844 -10.5156
65.8699 -10.5256
65.8554 -10.5356
65.8409 -10.5456
65.8265 -10.5556
65.8122 -10.5656
65.7979 -10.5756
65.7837 -10.5856
65.7695 -10.5956
65.7553 -10.6056
65.7413 -10.6156
65.7272 -10.6256
65.7133 -10.6356
65.6993 -10.6456
65.6854 -10.6556
65.6716 -10.6656
65.6578 -10.6756
65.644 -10.6856
65.6297 -10.6956
65.6156 -10.7056
65.6015 -10.7156
65.5874 -10.7256
65.5734 -10.7356
65.5595 -10.7456
65.5456 -10.7556
65.5317 -10.7656
65.5179 -10.7756
65.5041 -10.7856
65.4904 -10.7956
65.4768 -10.8056
65.4632 -10.8156
65.4496 -10.8256
65.4361 -10.8356
65.4227 -10.8456
65.4093 -10.8556
65.396 -10.8656
65.3827 -10.8756
65.3694 -10.8856
65.3562 -10.8956
65.3431 -10.9056
65.33 -10.9156
65.3169 -10.9256
65.304 -10.9356
65.291 -10.9456
65.2782 -10.9556
65.2653 -10.9656
65.2526 -10.9756
65.2399 -10.9856
65.2272 -10.9956
65.2146 -11.0056
65.202 -11.0156
65.1895 -11.0256
65.1771 -11.0356
65.1646 -11.0456
65.1523 -11.0556
65.14 -11.0656
65.1278 -11.0756
65.1156 -11.0856
65.1034 -11.0956
65.0914 -11.1056
65.0793 -11.1156
65.0674 -11.1256
65.0555 -11.1356
65.0436 -11.1456
65.0307 -11.1556
65.0163 -11.1656
65.0019 -11.1756
64.9876 -11.1856
64.9734 -11.1956
64.9592 -11.2056
64.945 -11.2156
64.9309 -11.2256
64.9168 -11.2356
64.9028 -11.2456
64.8888 -11.2556
64.8748 -11.2656
64.8609 -11.2756
64.847 -11.2856
64.8332 -11.2956
64.8195 -11.3056
64.8057 -11.3156
64.7921 -11.3256
64.7784 -11.3356
64.7648 -11.3456
64.7513 -11.3556
64.7378 -11.3656
64.7243 -11.3756
64.7109 -11.3856
64.6976 -11.3956
64.6843 -11.4056
64.671 -11.4156
64.6578 -11.4256
64.6446 -11.4356
64.6315 -11.4456
64.6185 -11.4556
64.6054 -11.4656
64.5925 -11.4756
64.5795 -11.4856
64.5667 -11.4956
64.5538 -11.5056
64.5411 -11.5156
64.5283 -11.5256
64.5156 -11.5356
64.503 -11.5456
64.4904 -11.5556
64.4779 -11.5656
64.4654 -11.5756
64.453 -11.5856
64.4406 -11.5956
64.4282 -11.6056
64.4159 -11.6156
64.4037 -11.6256
64.3915 -11.6356
64.3794 -11.6456
64.3673 -11.6556
64.3552 -11.6656
64.3432 -11.6756
64.3311 -11.6856
64.3191 -11.6956
64.3071 -11.7056
64.2952 -11.7156
64.2833 -11.7256
64.2715 -11.7356
64.2597 -11.7456
64.248 -11.7556
64.2363 -11.7656
64.2247 -11.7756
64.2131 -11.7856
64.2016 -11.7956
64.1901 -11.8056
64.1787 -11.8156
64.1673 -11.8256
64.156 -11.8356
64.1447 -11.8456
64.1335 -11.8556
64.1223 -11.8656
64.1112 -11.8756
64.1002 -11.8856
64.0892 -11.8956
64.0782 -11.9056
64.0673 -11.9156
64.0565 -11.9256
64.0457 -11.9356
64.0349 -11.9456
64.0242 -11.9556
64.0136 -11.9656
64.003 -11.9756
63.9925 -11.9856
63.982 -11.9956
63.9716 -12.0056
63.9612 -12.0156
63.9509 -12.0256
63.9407 -12.0356
63.9305 -12.0456
63.9203 -12.0556
63.9106 -12.0656
63.9009 -12.0756
63.8914 -12.0856
63.8819 -12.0956
63.8724 -12.1056
63.863 -12.1156
63.8537 -12.1256
63.8444 -12.1356
63.8352 -12.1456
63.826 -12.1556
63.8169 -12.1656
63.8078 -12.1756
63.7988 -12.1856
63.7898 -12.1956
63.7809 -12.2056
63.772 -12.2156
63.7632 -12.2256
63.7544 -12.2356
63.7457 -12.2456
63.737 -12.2556
63.7284 -12.2656
63.7199 -12.2756
63.7114 -12.2856
63.7029 -12.2956
63.6945 -12.3056
63.6862 -12.3156
63.6779 -12.3256
63.6697 -12.3356
63.6615 -12.3456
63.6534 -12.3556
63.6454 -12.3656
63.6374 -12.3756
63.6294 -12.3856
63.6216 -12.3956
63.6137 -12.4056
63.6059 -12.4156
63.5982 -12.4256
63.5906 -12.4356
63.583 -12.4456
63.5754 -12.4556
63.5679 -12.4656
63.5605 -12.4756
63.5531 -12.4856
63.5458 -12.4956
63.5385 -12.5056
63.5313 -12.5156
63.5241 -12.5256
63.517 -12.5356
63.51 -12.5456
63.503 -12.5556
63.4961 -12.5656
63.4892 -12.5756
63.4824 -12.5856
63.4757 -12.5956
63.469 -12.6056
63.4624 -12.6156
63.4558 -12.6256
63.4493 -12.6356
63.4428 -12.6456
63.4364 -12.6556
63.4301 -12.6656
63.4238 -12.6756
63.4176 -12.6856
63.4114 -12.6956
63.4034 -12.7056
63.3935 -12.7156
63.3836 -12.7256
63.3738 -12.7356
63.364 -12.7456
63.3542 -12.7556
63.3445 -12.7656
63.3349 -12.7756
63.3253 -12.7856
63.3157 -12.7956
63.3062 -12.8056
63.2967 -12.8156
63.2873 -12.8256
63.2779 -12.8356
63.2685 -12.8456
63.2592 -12.8556
63.2499 -12.8656
63.2407 -12.8756
63.2315 -12.8856
63.2224 -12.8956
63.2133 -12.9056
63.2043 -12.9156
63.1953 -12.9256
63.1863 -12.9356
63.1774 -12.9456
63.1686 -12.9556
63.1598 -12.9656
63.151 -12.9756
63.1423 -12.9856
63.1336 -12.9956
63.125 -13.0056
63.1164 -13.0156
63.1078 -13.0256
63.0993 -13.0356
63.0909 -13.0456
63.0825 -13.0556
63.0741 -13.0656
63.0658 -13.0756
63.0575 -13.0856
63.0493 -13.0956
63.0411 -13.1056
63.033 -13.1156
63.0249 -13.1256
63.0168 -13.1356
63.0088 -13.1456
63.0009 -13.1556
62.9929 -13.1656
62.9851 -13.1756
62.9773 -13.1856
62.9695 -13.1956
62.9618 -13.2056
62.9541 -13.2156
62.9465 -13.2256
62.9389 -13.2356
62.9314 -13.2456
62.9239 -13.2556
62.9164 -13.2656
62.909 -13.2756
62.9017 -13.2856
62.8944 -13.2956
62.8871 -13.3056
62.8799 -13.3156
62.8728 -13.3256
62.8656 -13.3356
62.8586 -13.3456
62.8513 -13.3556
62.8428 -13.3656
62.8343 -13.3756
62.8259 -13.3856
62.8175 -13.3956
62.8091 -13.4056
62.8008 -13.4156
62.7924 -13.4256
62.7842 -13.4356
62.7759 -13.4456
62.7678 -13.4556
62.7596 -13.4656
62.7515 -13.4756
62.7434 -13.4856
62.7354 -13.4956
62.7274 -13.5056
62.7195 -13.5156
62.7116 -13.5256
62.7037 -13.5356
62.6959 -13.5456
62.6881 -13.5556
62.6804 -13.5656
62.6727 -13.5756
62.6651 -13.5856
62.6575 -13.5956
62.6499 -13.6056
62.6424 -13.6156
62.6349 -13.6256
62.6274 -13.6356
62.62 -13.6456
62.6127 -13.6556
62.6051 -13.6656
62.5962 -13.6756
62.5873 -13.6856
62.5785 -13.6956
62.5697 -13.7056
62.5609 -13.7156
62.5522 -13.7256
62.5435 -13.7356
62.5348 -13.7456
62.5262 -13.7556
62.5176 -13.7656
62.509 -13.7756
62.5005 -13.7856
62.492 -13.7956
62.4836 -13.8056
62.4752 -13.8156
62.4668 -13.8256
62.4585 -13.8356
62.4502 -13.8456
62.442 -13.8556
62.4338 -13.8656
62.4256 -13.8756
62.4175 -13.8856
62.4094 -13.8956
62.4013 -13.9056
62.3933 -13.9156
62.3853 -13.9256
62.3774 -13.9356
62.3695 -13.9456
62.3616 -13.9556
62.3538 -13.9656
62.3461 -13.9756
62.3383 -13.9856
62.3306 -13.9956
62.323 -14.0056
62.3154 -14.0156
62.3078 -14.0256
62.3003 -14.0356
62.2928 -14.0456
62.2853 -14.0556
62.2779 -14.0656
62.2706 -14.0756
62.2632 -14.0856
62.256 -14.0956
62.2487 -14.1056
62.2415 -14.1156
62.2344 -14.1256
62.2272 -14.1356
62.2202 -14.1456
62.2131 -14.1556
62.2062 -14.1656
62.1992 -14.1756
62.1923 -14.1856
62.1855 -14.1956
62.1787 -14.2056
62.1719 -14.2156
62.1652 -14.2256
62.1585 -14.2356
62.1518 -14.2456
62.1452 -14.2556
62.1387 -14.2656
62.1322 -14.2756
62.1257 -14.2856
62.1193 -14.2956
62.113 -14.3056
62.1066 -14.3156
62.1004 -14.3256
62.0941 -14.3356
62.0879 -14.3456
62.0818 -14.3556
62.0757 -14.3656
62.0696 -14.3756
62.0636 -14.3856
62.0577 -14.3956
62.0518 -14.4056
62.0459 -14.4156
62.0401 -14.4256
62.0343 -14.4356
62.0286 -14.4456
62.0229 -14.4556
62.0172 -14.4656
62.0117 -14.4756
62.0061 -14.4856
62.0006 -14.4956
61.9952 -14.5056
61.9898 -14.5156
61.9844 -14.5256
61.9791 -14.5356
61.9739 -14.5456
61.9687 -14.5556
61.9635 -14.5656
61.9584 -14.5756
61.9534 -14.5856
61.9484 -14.5956
61.9434 -14.6056
61.9385 -14.6156
61.9337 -14.6256
61.9288 -14.6356
61.9241 -14.6456
61.9194 -14.6556
61.9147 -14.6656
61.9101 -14.6756
61.9056 -14.6856
61.9011 -14.6956
61.8966 -14.7056
61.8922 -14.7156
61.8877 -14.7256
61.8832 -14.7356
61.8788 -14.7456
61.8744 -14.7556
61.87 -14.7656
61.8657 -14.7756
61.8614 -14.7856
61.8572 -14.7956
61.8531 -14.8056
61.849 -14.8156
61.8449 -14.8256
61.8384 -14.8356
61.8319 -14.8456
61.8254 -14.8556
61.819 -14.8656
61.8126 -14.8756
61.8063 -14.8856
61.8 -14.8956
61.7938 -14.9056
61.7876 -14.9156
61.7815 -14.9256
61.7752 -14.9356
61.7689 -14.9456
61.7627 -14.9556
61.7565 -14.9656
61.7504 -14.9756
61.7443 -14.9856
61.7383 -14.9956
61.7323 -15.0056
61.7264 -15.0156
61.7205 -15.0256
61.7147 -15.0356
61.7089 -15.0456
61.7032 -15.0556
61.6975 -15.0656
61.6917 -15.0756
61.686 -15.0856
61.6804 -15.0956
61.6748 -15.1056
61.6693 -15.1156
61.6638 -15.1256
61.6583 -15.1356
61.6529 -15.1456
61.6476 -15.1556
61.6423 -15.1656
61.637 -15.1756
61.6318 -15.1856
61.6267 -15.1956
61.6216 -15.2056
61.6165 -15.2156
61.6115 -15.2256
61.6066 -15.2356
61.6017 -15.2456
61.5968 -15.2556
61.592 -15.2656
61.5873 -15.2756
61.5826 -15.2856
61.5779 -15.2956
61.5733 -15.3056
61.5688 -15.3156
61.5643 -15.3256
61.5598 -15.3356
61.5555 -15.3456
61.5511 -15.3556
61.5468 -15.3656
61.5426 -15.3756
61.5384 -15.3856
61.5343 -15.3956
61.5303 -15.4056
61.5262 -15.4156
61.5223 -15.4256
61.5184 -15.4356
61.5145 -15.4456
61.5107 -15.4556
61.507 -15.4656
61.5033 -15.4756
61.4997 -15.4856
61.4961 -15.4956
61.4926 -15.5056
61.4892 -15.5156
61.4858 -15.5256
61.4824 -15.5356
61.4791 -15.5456
61.4759 -15.5556
61.4727 -15.5656
61.4696 -15.5756
61.4665 -15.5856
61.4634 -15.5956
61.4605 -15.6056
61.4575 -15.6156
61.4547 -15.6256
61.4519 -15.6356
61.4491 -15.6456
61.4465 -15.6556
61.4438 -15.6656
61.4413 -15.6756
61.4388 -15.6856
61.4363 -15.6956
61.4339 -15.7056
61.4315 -15.7156
61.4292 -15.7256
61.427 -15.7356
61.4248 -15.7456
61.4227 -15.7556
61.4206 -15.7656
61.4169 -15.7756
61.4129 -15.7856
61.4088 -15.7956
61.4048 -15.8056
61.4009 -15.8156
61.397 -15.8256
61.3932 -15.8356
61.3894 -15.8456
61.3856 -15.8556
61.3819 -15.8656
61.3783 -15.8756
61.3721 -15.8856
61.3659 -15.8956
61.3597 -15.9056
61.3535 -15.9156
61.3474 -15.9256
61.3412 -15.9356
61.3352 -15.9456
61.3291 -15.9556
61.3231 -15.9656
61.3171 -15.9756
61.3111 -15.9856
61.3052 -15.9956
61.2993 -16.0056
61.2935 -16.0156
61.2876 -16.0256
61.2818 -16.0356
61.2761 -16.0456
61.2703 -16.0556
61.2646 -16.0656
61.259 -16.0756
61.2533 -16.0856
61.2477 -16.0956
61.2422 -16.1056
61.2366 -16.1156
61.2311 -16.1256
61.2257 -16.1356
61.2202 -16.1456
61.2148 -16.1556
61.2095 -16.1656
61.2042 -16.1756
61.1989 -16.1856
61.1936 -16.1956
61.1884 -16.2056
61.1832 -16.2156
61.178 -16.2256
61.1729 -16.2356
61.1678 -16.2456
61.1628 -16.2556
61.1578 -16.2656
61.1528 -16.2756
61.1479 -16.2856
61.1429 -16.2956
61.1381 -16.3056
61.1332 -16.3156
61.1284 -16.3256
61.1236 -16.3356
61.1189 -16.3456
61.1142 -16.3556
61.1095 -16.3656
61.1049 -16.3756
61.1003 -16.3856
61.0957 -16.3956
61.0912 -16.4056
61.0867 -16.4156
61.0823 -16.4256
61.0778 -16.4356
61.0735 -16.4456
61.0691 -16.4556
61.0648 -16.4656
61.0605 -16.4756
61.0563 -16.4856
61.0521 -16.4956
61.048 -16.5056
61.0438 -16.5156
61.0398 -16.5256
61.0357 -16.5356
61.0317 -16.5456
61.0277 -16.5556
61.0238 -16.5656
61.0199 -16.5756
61.016 -16.5856
61.0122 -16.5956
61.0084 -16.6056
61.0046 -16.6156
61.0009 -16.6256
60.9971 -16.6356
60.9934 -16.6456
60.9898 -16.6556
60.9862 -16.6656
60.9826 -16.6756
60.9777 -16.6856
60.9719 -16.6956
60.9662 -16.7056
60.9604 -16.7156
60.9547 -16.7256
60.9491 -16.7356
60.9434 -16.7456
60.9377 -16.7556
60.9321 -16.7656
60.9264 -16.7756
60.9208 -16.7856
60.9153 -16.7956
60.9097 -16.8056
60.9042 -16.8156
60.8987 -16.8256
60.8932 -16.8356
60.8877 -16.8456
60.8823 -16.8556
60.8769 -16.8656
60.8716 -16.8756
60.8662 -16.8856
60.8609 -16.8956
60.8556 -16.9056
60.8504 -16.9156
60.8452 -16.9256
60.84 -16.9356
60.8348 -16.9456
60.8297 -16.9556
60.8245 -16.9656
60.8195 -16.9756
60.8141 -16.9856
60.8087 -16.9956
60.8033 -17.0056
60.7979 -17.0156
60.7926 -17.0256
60.7873 -17.0356
60.782 -17.0456
60.7768 -17.0556
60.7715 -17.0656
60.7663 -17.0756
60.7611 -17.0856
60.7559 -17.0956
60.7507 -17.1056
60.7451 -17.1156
60.7395 -17.1256
60.7339 -17.1356
60.7284 -17.1456
60.7229 -17.1556
60.7174 -17.1656
60.7119 -17.1756
60.7065 -17.1856
60.701 -17.1956
60.6957 -17.2056
60.6903 -17.2156
60.685 -17.2256
60.6796 -17.2356
60.6744 -17.2456
60.6691 -17.2556
60.6639 -17.2656
60.6587 -17.2756
60.6533 -17.2856
60.6477 -17.2956
60.6422 -17.3056
60.6367 -17.3156
60.6313 -17.3256
60.6258 -17.3356
60.6204 -17.3456
60.615 -17.3556
60.6097 -17.3656
60.6043 -17.3756
60.599 -17.3856
60.5937 -17.3956
60.5885 -17.4056
60.5833 -17.4156
60.5781 -17.4256
60.5729 -17.4356
60.5677 -17.4456
60.5626 -17.4556
60.5575 -17.4656
60.5525 -17.4756
60.5474 -17.4856
60.5424 -17.4956
60.5374 -17.5056
60.5325 -17.5156
60.5276 -17.5256
60.5227 -17.5356
60.5178 -17.5456
60.5129 -17.5556
60.5081 -17.5656
60.5033 -17.5756
60.4986 -17.5856
60.4939 -17.5956
60.4892 -17.6056
60.4845 -17.6156
60.4798 -17.6256
60.4752 -17.6356
60.4706 -17.6456
60.4661 -17.6556
60.4615 -17.6656
60.457 -17.6756
60.4526 -17.6856
60.4481 -17.6956
60.4437 -17.7056
60.4393 -17.7156
60.435 -17.7256
60.4305 -17.7356
60.4258 -17.7456
60.4212 -17.7556
60.4167 -17.7656
60.4121 -17.7756
60.4076 -17.7856
60.4031 -17.7956
60.3986 -17.8056
60.3942 -17.8156
60.3898 -17.8256
60.3854 -17.8356
60.3811 -17.8456
60.3768 -17.8556
60.3725 -17.8656
60.3682 -17.8756
60.3645 -17.8856
60.3612 -17.8956
60.358 -17.9056
60.3548 -17.9156
60.3517 -17.9256
60.3485 -17.9356
60.3454 -17.9456
60.3424 -17.9556
60.3393 -17.9656
60.3363 -17.9756
60.3333 -17.9856
60.3301 -17.9956
60.3271 -18.0056
60.324 -18.0156
60.321 -18.0256
60.3176 -18.0356
60.3142 -18.0456
60.3109 -18.0556
60.3075 -18.0656
60.3042 -18.0756
60.3009 -18.0856
60.2977 -18.0956
60.2945 -18.1056
60.2913 -18.1156
60.2881 -18.1256
60.2849 -18.1356
60.2818 -18.1456
60.2787 -18.1556
60.2756 -18.1656
60.2725 -18.1756
60.2695 -18.1856
60.2664 -18.1956
60.2634 -18.2056
60.2604 -18.2156
60.2575 -18.2256
60.2545 -18.2356
60.2516 -18.2456
60.2487 -18.2556
60.2458 -18.2656
60.243 -18.2756
60.2401 -18.2856
60.2373 -18.2956
60.2345 -18.3056
60.2317 -18.3156
60.2289 -18.3256
60.2242 -18.3356
60.2195 -18.3456
60.2147 -18.3556
60.2099 -18.3656
60.2052 -18.3756
60.2004 -18.3856
60.1957 -18.3956
60.1911 -18.4056
60.1864 -18.4156
60.1818 -18.4256
60.1773 -18.4356
60.1727 -18.4456
60.1682 -18.4556
60.1637 -18.4656
60.1604 -18.4756
60.1589 -18.4856
60.1573 -18.4956
60.1557 -18.5056
60.1542 -18.5156
60.1523 -18.5256
60.1502 -18.5356
60.1482 -18.5456
60.1461 -18.5556
60.1442 -18.5656
60.1422 -18.5756
60.1403 -18.5856
60.1384 -18.5956
60.1365 -18.6056
60.1347 -18.6156
60.1332 -18.6256
60.1324 -18.6356
60.1316 -18.6456
60.1308 -18.6556
60.1301 -18.6656
60.1294 -18.6756
60.1288 -18.6856
60.1281 -18.6956
60.1276 -18.7056
60.127 -18.7156
60.1265 -18.7256
60.1261 -18.7356
60.1257 -18.7456
60.1253 -18.7556
60.1249 -18.7656
60.1246 -18.7756
60.1241 -18.7856
60.1234 -18.7956
60.1227 -18.8056
60.1221 -18.8156
60.1216 -18.8256
60.121 -18.8356
60.1206 -18.8456
60.1201 -18.8556
60.1197 -18.8656
60.1193 -18.8756
60.119 -18.8856
60.1187 -18.8956
60.1184 -18.9056
60.1182 -18.9156
60.118 -18.9256
60.1179 -18.9356
60.1178 -18.9456
60.1177 -18.9556
60.1177 -18.9656
60.1177 -18.9756
60.1177 -18.9856
60.1178 -18.9956
60.1179 -19.0056
60.1181 -19.0156
60.1182 -19.0256
60.1185 -19.0356
60.1188 -19.0456
60.1191 -19.0556
60.1194 -19.0656
60.1198 -19.0756
60.1203 -19.0856
60.1207 -19.0956
60.1211 -19.1056
60.1215 -19.1156
60.1219 -19.1256
60.1224 -19.1356
60.123 -19.1456
60.1235 -19.1556
60.1241 -19.1656
60.1248 -19.1756
60.1248 -19.1856
60.1225 -19.1956
60.1202 -19.2056
60.1179 -19.2156
60.1157 -19.2256
60.1135 -19.2356
60.1113 -19.2456
60.1092 -19.2556
60.1071 -19.2656
60.105 -19.2756
60.1029 -19.2856
60.1008 -19.2956
60.0988 -19.3056
60.0968 -19.3156
60.0949 -19.3256
60.0929 -19.3356
60.091 -19.3456
60.0891 -19.3556
60.0873 -19.3656
60.0855 -19.3756
60.0837 -19.3856
60.0819 -19.3956
60.0801 -19.4056
60.0784 -19.4156
60.0767 -19.4256
60.0751 -19.4356
60.0734 -19.4456
60.0718 -19.4556
60.0702 -19.4656
60.0687 -19.4756
60.0671 -19.4856
60.0656 -19.4956
60.0642 -19.5056
60.0627 -19.5156
60.0613 -19.5256
60.0599 -19.5356
60.0586 -19.5456
60.0572 -19.5556
60.0559 -19.5656
60.0546 -19.5756
60.0526 -19.5856
60.0482 -19.5956
60.0438 -19.6056
60.0395 -19.6156
60.0351 -19.6256
60.0308 -19.6356
60.0265 -19.6456
60.0222 -19.6556
60.018 -19.6656
60.0137 -19.6756
60.0095 -19.6856
60.0052 -19.6956
60.001 -19.7056
59.9968 -19.7156
59.9926 -19.7256
59.9885 -19.7356
59.9843 -19.7456
59.9802 -19.7556
59.9761 -19.7656
59.9719 -19.7756
59.9679 -19.7856
59.9638 -19.7956
59.9597 -19.8056
59.9557 -19.8156
59.9516 -19.8256
59.9476 -19.8356
59.9436 -19.8456
59.9397 -19.8556
59.9357 -19.8656
59.9317 -19.8756
59.9278 -19.8856
59.9239 -19.8956
59.92 -19.9056
59.9161 -19.9156
59.9122 -19.9256
59.9085 -19.9356
59.9046 -19.9456
59.9009 -19.9556
59.8971 -19.9656
59.8933 -19.9756
59.8895 -19.9856
59.8857 -19.9956
59.8819 -20.0056
59.878 -20.0156
59.8742 -20.0256
59.8704 -20.0356
59.8665 -20.0456
59.8569 -20.0556
59.8526 -20.0656
59.8484 -20.0756
59.8442 -20.0856
59.8401 -20.0956
59.8359 -20.1056
59.8318 -20.1156
59.8276 -20.1256
59.8235 -20.1356
59.8195 -20.1456
59.8154 -20.1556
59.8113 -20.1656
59.8073 -20.1756
59.8033 -20.1856
59.7993 -20.1956
59.7954 -20.2056
59.7915 -20.2156
59.7875 -20.2256
59.7837 -20.2356
59.7798 -20.2456
59.7759 -20.2556
59.7721 -20.2656
59.7683 -20.2756
59.7645 -20.2856
59.7608 -20.2956
59.757 -20.3056
59.7533 -20.3156
59.7496 -20.3256
59.746 -20.3356
59.7423 -20.3456
59.7387 -20.3556
59.7351 -20.3656
59.7315 -20.3756
59.728 -20.3856
59.7246 -20.3956
59.7212 -20.4056
59.7179 -20.4156
59.7145 -20.4256
59.7112 -20.4356
59.7079 -20.4456
59.7047 -20.4556
59.7014 -20.4656
59.6982 -20.4756
59.6949 -20.4856
59.6917 -20.4956
59.6886 -20.5056
59.6854 -20.5156
59.6822 -20.5256
59.6791 -20.5356
59.676 -20.5456
59.6729 -20.5556
59.6699 -20.5656
59.6668 -20.5756
59.6638 -20.5856
59.6608 -20.5956
59.6578 -20.6056
59.6549 -20.6156
59.6519 -20.6256
59.649 -20.6356
59.6461 -20.6456
59.6432 -20.6556
59.6404 -20.6656
59.6375 -20.6756
59.6347 -20.6856
59.6319 -20.6956
59.6291 -20.7056
59.6264 -20.7156
59.6237 -20.7256
59.621 -20.7356
59.6183 -20.7456
59.6156 -20.7556
59.613 -20.7656
59.6104 -20.7756
59.6078 -20.7856
59.6052 -20.7956
59.6027 -20.8056
59.6002 -20.8156
59.5977 -20.8256
59.5952 -20.8356
59.5927 -20.8456
59.5903 -20.8556
59.5879 -20.8656
59.5858 -20.8756
59.5836 -20.8856
59.5816 -20.8956
59.5795 -20.9056
59.5775 -20.9156
59.5755 -20.9256
59.5735 -20.9356
59.5715 -20.9456
59.5696 -20.9556
59.5676 -20.9656
59.5658 -20.9756
59.5639 -20.9856
59.562 -20.9956
59.5602 -21.0056
59.5584 -21.0156
59.5567 -21.0256
59.5549 -21.0356
59.5532 -21.0456
59.5515 -21.0556
59.5499 -21.0656
59.5482 -21.0756
59.5466 -21.0856
59.545 -21.0956
59.5435 -21.1056
59.5419 -21.1156
59.5404 -21.1256
59.539 -21.1356
59.5375 -21.1456
59.5361 -21.1556
59.5347 -21.1656
59.5334 -21.1756
59.532 -21.1856
59.5307 -21.1956
59.5294 -21.2056
59.5282 -21.2156
59.527 -21.2256
59.5258 -21.2356
59.5246 -21.2456
59.5235 -21.2556
59.5224 -21.2656
59.5213 -21.2756
59.5203 -21.2856
59.5192 -21.2956
59.5183 -21.3056
59.5173 -21.3156
59.5164 -21.3256
59.5155 -21.3356
59.5146 -21.3456
59.5138 -21.3556
59.513 -21.3656
59.5122 -21.3756
59.5115 -21.3856
59.5107 -21.3956
59.5099 -21.4056
59.5092 -21.4156
59.5084 -21.4256
59.5078 -21.4356
59.5071 -21.4456
59.5065 -21.4556
59.5059 -21.4656
59.5053 -21.4756
59.5048 -21.4856
59.5042 -21.4956
59.5038 -21.5056
59.5033 -21.5156
59.5029 -21.5256
59.5025 -21.5356
59.5021 -21.5456
59.5018 -21.5556
59.5015 -21.5656
59.5012 -21.5756
59.501 -21.5856
59.5008 -21.5956
59.5006 -21.6056
59.5004 -21.6156
59.5002 -21.6256
59.5 -21.6356
59.4998 -21.6456
59.4997 -21.6556
59.4996 -21.6656
59.4996 -21.6756
59.4995 -21.6856
59.4995 -21.6956
59.4996 -21.7056
59.4997 -21.7156
59.4998 -21.7256
59.4999 -21.7356
59.5001 -21.7456
59.5003 -21.7556
59.5005 -21.7656
59.5008 -21.7756
59.5011 -21.7856
59.5014 -21.7956
59.5018 -21.8056
59.5022 -21.8156
59.5026 -21.8256
59.5031 -21.8356
59.5036 -21.8456
59.5041 -21.8556
59.5047 -21.8656
59.5053 -21.8756
59.506 -21.8856
59.5067 -21.8956
59.5074 -21.9056
59.5082 -21.9156
59.509 -21.9256
59.5094 -21.9356
59.5091 -21.9456
59.5089 -21.9556
59.5087 -21.9656
59.5086 -21.9756
59.5085 -21.9856
59.5084 -21.9956
59.5083 -22.0056
59.5084 -22.0156
59.5084 -22.0256
59.5084 -22.0356
59.5086 -22.0456
59.5087 -22.0556
59.5089 -22.0656
59.5091 -22.0756
59.5094 -22.0856
59.5096 -22.0956
59.51 -22.1056
59.5103 -22.1156
59.5108 -22.1256
59.5112 -22.1356
59.5117 -22.1456
59.5121 -22.1556
59.5125 -22.1656
59.513 -22.1756
59.5135 -22.1856
59.5141 -22.1956
59.5146 -22.2056
59.5153 -22.2156
59.5159 -22.2256
59.5166 -22.2356
59.5174 -22.2456
59.5181 -22.2556
59.519 -22.2656
59.5198 -22.2756
59.5207 -22.2856
59.5217 -22.2956
59.5227 -22.3056
59.5237 -22.3156
59.5248 -22.3256
59.5259 -22.3356
59.5271 -22.3456
59.5283 -22.3556
59.5295 -22.3656
59.5308 -22.3756
59.5321 -22.3856
59.5335 -22.3956
59.5349 -22.4056
59.5363 -22.4156
59.5378 -22.4256
59.5394 -22.4356
59.541 -22.4456
59.5426 -22.4556
59.5443 -22.4656
59.546 -22.4756
59.5477 -22.4856
59.5495 -22.4956
59.5514 -22.5056
59.5533 -22.5156
59.5552 -22.5256
59.5572 -22.5356
59.5592 -22.5456
59.5612 -22.5556
59.5633 -22.5656
59.5655 -22.5756
59.5677 -22.5856
59.5699 -22.5956
59.5722 -22.6056
59.5746 -22.6156
59.577 -22.6256
59.5794 -22.6356
59.5819 -22.6456
59.5844 -22.6556
59.587 -22.6656
59.5896 -22.6756
59.5923 -22.6856
59.595 -22.6956
59.5978 -22.7056
59.6006 -22.7156
59.6035 -22.7256
59.6064 -22.7356
59.6094 -22.7456
59.6124 -22.7556
59.6155 -22.7656
59.6186 -22.7756
59.6218 -22.7856
59.625 -22.7956
59.6283 -22.8056
59.6316 -22.8156
59.635 -22.8256
59.6384 -22.8356
59.6419 -22.8456
59.6454 -22.8556
59.649 -22.8656
59.6526 -22.8756
59.6562 -22.8856
59.6599 -22.8956
59.6637 -22.9056
59.6675 -22.9156
59.6714 -22.9256
59.6753 -22.9356
59.6793 -22.9456
59.6833 -22.9556
59.6874 -22.9656
59.6915 -22.9756
59.6957 -22.9856
59.7 -22.9956
59.7043 -23.0056
59.7086 -23.0156
59.713 -23.0256
59.7174 -23.0356
59.7219 -23.0456
59.7264 -23.0556
59.731 -23.0656
59.7356 -23.0756
59.7403 -23.0856
59.745 -23.0956
59.7498 -23.1056
59.7547 -23.1156
59.7595 -23.1256
59.7645 -23.1356
59.7695 -23.1456
59.7745 -23.1556
59.7796 -23.1656
59.7847 -23.1756
59.7899 -23.1856
59.7952 -23.1956
59.8004 -23.2056
59.8058 -23.2156
59.8112 -23.2256
59.8166 -23.2356
59.8221 -23.2456
59.8277 -23.2556
59.8333 -23.2656
59.839 -23.2756
59.8447 -23.2856
59.8504 -23.2956
59.8563 -23.3056
59.8622 -23.3156
59.8681 -23.3256
59.8741 -23.3356
59.8802 -23.3456
59.8863 -23.3556
59.8924 -23.3656
59.8986 -23.3756
59.9049 -23.3856
59.9112 -23.3956
59.9176 -23.4056
59.9239 -23.4156
59.9303 -23.4256
59.9368 -23.4356
59.9433 -23.4456
59.9498 -23.4556
59.9563 -23.4656
59.9629 -23.4756
59.9695 -23.4856
59.9761 -23.4956
59.9829 -23.5056
59.9896 -23.5156
59.9964 -23.5256
60.0032 -23.5356
60.0101 -23.5456
60.0171 -23.5556
60.0241 -23.5656
60.0311 -23.5756
60.0381 -23.5856
60.0443 -23.5956
60.0505 -23.6056
60.0568 -23.6156
60.0632 -23.6256
60.0695 -23.6356
60.076 -23.6456
60.0825 -23.6556
60.089 -23.6656
60.0957 -23.6756
60.1023 -23.6856
60.1091 -23.6956
60.1159 -23.7056
60.1227 -23.7156
60.1296 -23.7256
60.1365 -23.7356
60.1435 -23.7456
60.1505 -23.7556
60.1576 -23.7656
60.1647 -23.7756
60.1719 -23.7856
60.1792 -23.7956
60.1865 -23.8056
60.1939 -23.8156
60.2013 -23.8256
60.2087 -23.8356
60.2163 -23.8456
60.2238 -23.8556
60.2314 -23.8656
60.2391 -23.8756
60.2468 -23.8856
60.2546 -23.8956
60.2625 -23.9056
60.2704 -23.9156
60.2784 -23.9256
60.2864 -23.9356
60.2945 -23.9456
60.3027 -23.9556
60.3109 -23.9656
60.3191 -23.9756
60.3274 -23.9856
60.3358 -23.9956
60.3442 -24.0056
60.3526 -24.0156
60.3611 -24.0256
60.3697 -24.0356
60.3783 -24.0456
60.387 -24.0556
60.3957 -24.0656
60.4045 -24.0756
60.4131 -24.0856
60.4219 -24.0956
60.4306 -24.1056
60.4394 -24.1156
60.4483 -24.1256
60.4572 -24.1356
60.4662 -24.1456
60.4753 -24.1556
60.4844 -24.1656
60.4935 -24.1756
60.5028 -24.1856
60.512 -24.1956
60.5213 -24.2056
60.5307 -24.2156
60.5399 -24.2256
60.5489 -24.2356
60.5581 -24.2456
60.5673 -24.2556
60.5765 -24.2656
60.5859 -24.2756
60.5952 -24.2856
60.6047 -24.2956
60.6142 -24.3056
60.6238 -24.3156
60.6335 -24.3256
60.6432 -24.3356
60.6529 -24.3456
60.6628 -24.3556
60.6727 -24.3656
60.6826 -24.3756
60.6927 -24.3856
60.7028 -24.3956
60.7129 -24.4056
60.7231 -24.4156
60.7333 -24.4256
60.7436 -24.4356
60.754 -24.4456
60.7644 -24.4556
60.7748 -24.4656
60.7853 -24.4756
60.7959 -24.4856
60.8065 -24.4956
60.8172 -24.5056
60.8279 -24.5156
60.8387 -24.5256
60.8495 -24.5356
60.8604 -24.5456
60.8714 -24.5556
60.8825 -24.5656
60.8936 -24.5756
60.9047 -24.5856
60.916 -24.5956
60.9273 -24.6056
60.9387 -24.6156
60.95 -24.6256
60.9615 -24.6356
60.9729 -24.6456
60.9845 -24.6556
60.996 -24.6656
61.0076 -24.6756
61.0193 -24.6856
61.0311 -24.6956
61.0429 -24.7056
61.0548 -24.7156
61.0668 -24.7256
61.0788 -24.7356
61.0909 -24.7456
61.1031 -24.7556
61.1153 -24.7656
61.1275 -24.7756
61.1398 -24.7856
61.1522 -24.7956
61.1646 -24.8056
61.1771 -24.8156
61.1896 -24.8256
61.2022 -24.8356
61.2149 -24.8456
61.2276 -24.8556
61.2405 -24.8656
61.2534 -24.8756
61.2663 -24.8856
61.2793 -24.8956
61.2924 -24.9056
61.3055 -24.9156
61.3187 -24.9256
61.3319 -24.9356
61.3452 -24.9456
61.3585 -24.9556
61.3719 -24.9656
61.3854 -24.9756
61.399 -24.9856
61.4126 -24.9956
61.4263 -25.0056
61.44 -25.0156
61.4539 -25.0256
61.4678 -25.0356
61.4814 -25.0456
61.4948 -25.0556
61.5082 -25.0656
61.5217 -25.0756
61.5352 -25.0856
61.5488 -25.0956
61.5625 -25.1056
61.5763 -25.1156
61.5901 -25.1256
61.604 -25.1356
61.6178 -25.1456
61.6318 -25.1556
61.6458 -25.1656
61.6599 -25.1756
61.6741 -25.1856
61.6882 -25.1956
61.7025 -25.2056
61.7167 -25.2156
61.731 -25.2256
61.7454 -25.2356
61.7598 -25.2456
61.7743 -25.2556
61.7889 -25.2656
61.8035 -25.2756
61.8182 -25.2856
61.833 -25.2956
61.8478 -25.3056
61.8628 -25.3156
61.8778 -25.3256
61.8928 -25.3356
61.908 -25.3456
61.9232 -25.3556
61.9385 -25.3656
61.9539 -25.3756
61.9693 -25.3856
61.9848 -25.3956
62.0003 -25.4056
62.0159 -25.4156
62.0315 -25.4256
62.0471 -25.4356
62.0628 -25.4456
62.0786 -25.4556
62.0945 -25.4656
62.1104 -25.4756
62.1263 -25.4856
62.1424 -25.4956
62.1585 -25.5056
62.1747 -25.5156
62.191 -25.5256
62.2073 -25.5356
62.2237 -25.5456
62.2402 -25.5556
62.2568 -25.5656
62.2735 -25.5756
62.2902 -25.5856
62.3069 -25.5956
62.3236 -25.6056
62.3404 -25.6156
62.3573 -25.6256
62.3743 -25.6356
62.3913 -25.6456
62.4084 -25.6556
62.4256 -25.6656
62.4428 -25.6756
62.4601 -25.6856
62.4774 -25.6956
62.4948 -25.7056
62.5121 -25.7156
62.5296 -25.7256
62.5471 -25.7356
62.5646 -25.7456
62.5822 -25.7556
62.5999 -25.7656
62.6176 -25.7756
62.6354 -25.7856
62.6533 -25.7956
62.6712 -25.8056
62.6892 -25.8156
62.7073 -25.8256
62.7255 -25.8356
62.7437 -25.8456
62.7621 -25.8556
62.7804 -25.8656
62.7989 -25.8756
62.8173 -25.8856
62.8357 -25.8956
62.8543 -25.9056
62.8729 -25.9156
62.8916 -25.9256
62.9103 -25.9356
62.9291 -25.9456
62.948 -25.9556
62.9669 -25.9656
62.9859 -25.9756
63.005 -25.9856
63.0241 -25.9956
63.0433 -26.0056
63.0626 -26.0156
63.0819 -26.0256
63.1012 -26.0356
63.1206 -26.0456
63.1401 -26.0556
63.1596 -26.0656
63.1792 -26.0756
63.1989 -26.0856
63.2186 -26.0956
63.2384 -26.1056
63.2583 -26.1156
63.2783 -26.1256
63.2984 -26.1356
63.3185 -26.1456
63.3387 -26.1556
63.3589 -26.1656
63.3793 -26.1756
63.3997 -26.1856
63.4201 -26.1956
63.4405 -26.2056
63.461 -26.2156
63.4816 -26.2256
63.5022 -26.2356
63.5228 -26.2456
63.5435 -26.2556
63.5642 -26.2656
63.585 -26.2756
63.6059 -26.2856
63.6267 -26.2956
63.6477 -26.3056
63.6687 -26.3156
63.6896 -26.3256
63.7106 -26.3356
63.7316 -26.3456
63.7527 -26.3556
63.7739 -26.3656
63.7952 -26.3756
63.8166 -26.3856
63.838 -26.3956
63.8594 -26.4056
63.8808 -26.4156
63.9023 -26.4256
63.9239 -26.4356
63.9455 -26.4456
63.9672 -26.4556
63.9889 -26.4656
64.0107 -26.4756
64.0326 -26.4856
64.0545 -26.4956
64.0765 -26.5056
64.0985 -26.5156
64.1206 -26.5256
64.1427 -26.5356
64.1649 -26.5456
64.1871 -26.5556
64.2094 -26.5656
64.2317 -26.5756
64.254 -26.5856
64.2765 -26.5956
64.2989 -26.6056
64.3215 -26.6156
64.3441 -26.6256
64.3668 -26.6356
64.3896 -26.6456
64.4124 -26.6556
64.4352 -26.6656
64.4581 -26.6756
64.481 -26.6856
64.5039 -26.6956
64.527 -26.7056
64.55 -26.7156
64.5732 -26.7256
64.5965 -26.7356
64.6197 -26.7456
64.643 -26.7556
64.6664 -26.7656
64.6899 -26.7756
64.7135 -26.7856
64.7371 -26.7956
64.7608 -26.8056
64.7845 -26.8156
64.8082 -26.8256
64.832 -26.8356
64.8558 -26.8456
64.8796 -26.8556
64.9035 -26.8656
64.9274 -26.8756
64.9514 -26.8856
64.9755 -26.8956
64.9996 -26.9056
65.0237 -26.9156
65.048 -26.9256
65.0723 -26.9356
65.0968 -26.9456
65.1213 -26.9556
65.1459 -26.9656
65.1705 -26.9756
65.1953 -26.9856
65.22 -26.9956
65.2448 -27.0056
65.2697 -27.0156
65.2946 -27.0256
65.3196 -27.0356
65.3447 -27.0456
65.3698 -27.0556
65.3949 -27.0656
65.4202 -27.0756
65.4454 -27.0856
65.4707 -27.0956
65.4961 -27.1056
65.5214 -27.1156
65.5468 -27.1256
65.5723 -27.1356
65.5978 -27.1456
65.6235 -27.1556
65.6491 -27.1656
65.6747 -27.1756
65.7004 -27.1856
65.7261 -27.1956
65.752 -27.2056
65.7779 -27.2156
65.8038 -27.2256
65.8298 -27.2356
65.8558 -27.2456
65.8818 -27.2556
65.908 -27.2656
65.9342 -27.2756
65.9605 -27.2856
65.9868 -27.2956
66.0131 -27.3056
66.0395 -27.3156
66.0659 -27.3256
66.0924 -27.3356
66.1189 -27.3456
66.1455 -27.3556
66.1723 -27.3656
66.199 -27.3756
66.2258 -27.3856
66.2526 -27.3956
66.2795 -27.4056
66.3065 -27.4156
66.3335 -27.4256
66.3606 -27.4356
66.3878 -27.4456
66.415 -27.4556
66.4422 -27.4656
66.4695 -27.4756
66.4969 -27.4856
66.5244 -27.4956
66.5519 -27.5056
66.5794 -27.5156
66.607 -27.5256
66.6347 -27.5356
66.6624 -27.5456
66.6901 -27.5556
66.7179 -27.5656
66.7456 -27.5756
66.7733 -27.5856
66.801 -27.5956
66.8288 -27.6056
66.8566 -27.6156
66.8845 -27.6256
66.9125 -27.6356
66.9405 -27.6456
66.9686 -27.6556
66.9968 -27.6656
67.025 -27.6756
67.0533 -27.6856
67.0817 -27.6956
67.1102 -27.7056
67.1387 -27.7156
67.1673 -27.7256
67.1959 -27.7356
67.2247 -27.7456
67.2534 -27.7556
67.2822 -27.7656
67.311 -27.7756
67.3399 -27.7856
67.3688 -27.7956
67.3978 -27.8056
67.4267 -27.8156
67.4557 -27.8256
67.4846 -27.8356
67.5135 -27.8456
67.5426 -27.8556
67.5716 -27.8656
67.6007 -27.8756
67.6298 -27.8856
67.6589 -27.8956
67.6882 -27.9056
67.7174 -27.9156
67.7466 -27.9256
67.7758 -27.9356
67.8051 -27.9456
67.8344 -27.9556
67.8638 -27.9656
67.8933 -27.9756
67.9229 -27.9856
67.9525 -27.9956
67.9822 -28.0056
68.012 -28.0156
68.0418 -28.0256
68.0717 -28.0356
68.1016 -28.0456
68.1316 -28.0556
68.1617 -28.0656
68.1918 -28.0756
68.2219 -28.0856
68.2521 -28.0956
68.2824 -28.1056
68.3127 -28.1156
68.3429 -28.1256
68.3732 -28.1356
68.4035 -28.1456
68.4339 -28.1556
68.4643 -28.1656
68.4946 -28.1756
68.5248 -28.1856
68.5552 -28.1956
68.5855 -28.2056
68.6159 -28.2156
68.6464 -28.2256
68.677 -28.2356
68.7076 -28.2456
68.7383 -28.2556
68.7691 -28.2656
68.7999 -28.2756
68.8308 -28.2856
68.8617 -28.2956
68.8927 -28.3056
68.9237 -28.3156
68.9547 -28.3256
68.9857 -28.3356
69.0168 -28.3456
69.048 -28.3556
69.0792 -28.3656
69.1106 -28.3756
69.142 -28.3856
69.1735 -28.3956
69.2049 -28.4056
69.2364 -28.4156
69.268 -28.4256
69.2996 -28.4356
69.3312 -28.4456
69.3629 -28.4556
69.3946 -28.4656
69.4262 -28.4756
69.4578 -28.4856
69.4893 -28.4956
69.5208 -28.5056
69.5524 -28.5156
69.5841 -28.5256
69.6158 -28.5356
69.6475 -28.5456
69.6793 -28.5556
69.7111 -28.5656
69.743 -28.5756
69.7749 -28.5856
69.807 -28.5956
69.839 -28.6056
69.8712 -28.6156
69.9033 -28.6256
69.9355 -28.6356
69.9676 -28.6456
69.9997 -28.6556
70.0318 -28.6656
70.064 -28.6756
70.0962 -28.6856
70.1286 -28.6956
70.1609 -28.7056
70.1932 -28.7156
70.2256 -28.7256
70.2579 -28.7356
70.2903 -28.7456
70.3226 -28.7556
70.355 -28.7656
70.3874 -28.7756
70.4197 -28.7856
70.452 -28.7956
70.4844 -28.8056
70.5169 -28.8156
70.5493 -28.8256
70.5818 -28.8356
70.6141 -28.8456
70.6466 -28.8556
70.679 -28.8656
70.7115 -28.8756
70.744 -28.8856
70.7766 -28.8956
70.8092 -28.9056
70.8418 -28.9156
70.8744 -28.9256
70.907 -28.9356
70.9397 -28.9456
70.9723 -28.9556
71.0051 -28.9656
71.0379 -28.9756
71.0708 -28.9856
71.1037 -28.9956
71.1365 -29.0056
71.1693 -29.0156
71.2022 -29.0256
71.2351 -29.0356
71.2681 -29.0456
71.3012 -29.0556
71.3344 -29.0656
71.3675 -29.0756
71.4006 -29.0856
71.4337 -29.0956
71.4666 -29.1056
71.4995 -29.1156
71.5325 -29.1256
71.5655 -29.1356
71.5984 -29.1456
71.6313 -29.1556
71.6644 -29.1656
71.6975 -29.1756
71.7307 -29.1856
71.7638 -29.1956
71.797 -29.2056
71.8302 -29.2156
71.8634 -29.2256
71.8968 -29.2356
71.9302 -29.2456
71.9635 -29.2556
71.9969 -29.2656
72.0303 -29.2756
72.0638 -29.2856
72.0973 -29.2956
72.1308 -29.3056
72.1643 -29.3156
72.1978 -29.3256
72.2313 -29.3356
72.2648 -29.3456
72.2985 -29.3556
72.3322 -29.3656
72.366 -29.3756
72.3998 -29.3856
72.4337 -29.3956
72.4676 -29.4056
72.5016 -29.4156
72.5356 -29.4256
72.5697 -29.4356
72.6039 -29.4456
72.6381 -29.4556
72.6724 -29.4656
72.7067 -29.4756
72.7411 -29.4856
72.7756 -29.4956
72.8101 -29.5056
72.8446 -29.5156
72.8792 -29.5256
72.9139 -29.5356
72.9487 -29.5456
72.9835 -29.5556
73.0184 -29.5656
73.0532 -29.5756
73.0881 -29.5856
73.123 -29.5956
73.1579 -29.6056
73.1929 -29.6156
73.228 -29.6256
73.2631 -29.6356
73.2983 -29.6456
73.3336 -29.6556
73.3689 -29.6656
73.4042 -29.6756
73.4396 -29.6856
73.4751 -29.6956
73.5107 -29.7056
73.5463 -29.7156
73.582 -29.7256
73.6175 -29.7356
73.6531 -29.7456
73.6888 -29.7556
73.7245 -29.7656
73.7602 -29.7756
73.7961 -29.7856
73.832 -29.7956
73.8679 -29.8056
73.9039 -29.8156
73.94 -29.8256
73.9762 -29.8356
74.0123 -29.8456
74.0485 -29.8556
74.0848 -29.8656
74.1212 -29.8756
74.1577 -29.8856
74.1942 -29.8956
74.2305 -29.9056
74.2669 -29.9156
74.3034 -29.9256
74.34 -29.9356
74.3766 -29.9456
74.4133 -29.9556
74.45 -29.9656
74.4868 -29.9756
74.5237 -29.9856
74.5606 -29.9956
74.5975 -30.0056
74.6344 -30.0156
74.6713 -30.0256
74.7083 -30.0356
74.7454 -30.0456
74.7825 -30.0556
74.8197 -30.0656
74.857 -30.0756
74.8943 -30.0856
74.9316 -30.0956
74.9689 -30.1056
75.0064 -30.1156
75.0439 -30.1256
75.0815 -30.1356
75.1191 -30.1456
75.1567 -30.1556
75.1943 -30.1656
75.232 -30.1756
75.2697 -30.1856
75.3075 -30.1956
75.3454 -30.2056
75.3833 -30.2156
75.4213 -30.2256
75.4593 -30.2356
75.4974 -30.2456
75.5354 -30.2556
75.5734 -30.2656
75.6115 -30.2756
75.6496 -30.2856
75.6878 -30.2956
75.7261 -30.3056
75.7644 -30.3156
75.8028 -30.3256
75.8413 -30.3356
75.8798 -30.3456
75.9183 -30.3556
75.9567 -30.3656
75.9952 -30.3756
76.0337 -30.3856
76.0724 -30.3956
76.111 -30.4056
76.1498 -30.4156
76.1885 -30.4256
76.2272 -30.4356
76.266 -30.4456
76.3048 -30.4556
76.3437 -30.4656
76.3826 -30.4756
76.4216 -30.4856
76.4606 -30.4956
76.4997 -30.5056
76.5388 -30.5156
76.5779 -30.5256
76.6171 -30.5356
76.6563 -30.5456
76.6955 -30.5556
76.7348 -30.5656
76.7741 -30.5756
76.8135 -30.5856
76.8529 -30.5956
76.8924 -30.6056
76.9319 -30.6156
76.9714 -30.6256
77.0109 -30.6356
77.0504 -30.6456
77.0899 -30.6556
77.1296 -30.6656
77.1693 -30.6756
77.2091 -30.6856
77.2489 -30.6956
77.2887 -30.7056
77.3284 -30.7156
77.3682 -30.7256
77.408 -30.7356
77.4479 -30.7456
77.4879 -30.7556
77.5279 -30.7656
77.5678 -30.7756
77.6078 -30.7856
77.6478 -30.7956
77.6879 -30.8056
77.7281 -30.8156
77.7683 -30.8256
77.8086 -30.8356
77.8489 -30.8456
77.8892 -30.8556
77.9296 -30.8656
77.97 -30.8756
78.0104 -30.8856
78.0508 -30.8956
78.0913 -30.9056
78.1319 -30.9156
78.1725 -30.9256
78.213 -30.9356
78.2535 -30.9456
78.294 -30.9556
78.3346 -30.9656
78.3753 -30.9756
78.416 -30.9856
78.4568 -30.9956
78.4974 -31.0056
78.538 -31.0156
78.5787 -31.0256
78.6195 -31.0356
78.6602 -31.0456
78.7009 -31.0556
78.7417 -31.0656
78.7825 -31.0756
78.8234 -31.0856
78.8644 -31.0956
78.9054 -31.1056
78.9464 -31.1156
78.9875 -31.1256
79.0287 -31.1356
79.0699 -31.1456
79.1111 -31.1556
79.1523 -31.1656
79.1935 -31.1756
79.2349 -31.1856
79.2762 -31.1956
79.3175 -31.2056
79.3588 -31.2156
79.4002 -31.2256
79.4416 -31.2356
79.483 -31.2456
79.5243 -31.2556
79.5658 -31.2656
79.6071 -31.2756
79.6486 -31.2856
79.6901 -31.2956
79.7317 -31.3056
79.7733 -31.3156
79.815 -31.3256
79.8568 -31.3356
79.8986 -31.3456
79.9405 -31.3556
79.9825 -31.3656
80.0245 -31.3756
80.0666 -31.3856
80.1088 -31.3956
80.151 -31.4056
80.1933 -31.4156
80.2357 -31.4256
80.2781 -31.4356
80.3206 -31.4456
80.3632 -31.4556
80.4058 -31.4656
80.4485 -31.4756
80.4913 -31.4856
80.5342 -31.4956
80.5771 -31.5056
80.62 -31.5156
80.6631 -31.5256
80.7062 -31.5356
80.7494 -31.5456
80.7926 -31.5556
80.8359 -31.5656
80.8793 -31.5756
80.9228 -31.5856
80.9663 -31.5956
81.0099 -31.6056
81.0535 -31.6156
81.0972 -31.6256
81.141 -31.6356
81.1849 -31.6456
81.2288 -31.6556
81.2728 -31.6656
81.3168 -31.6756
81.3609 -31.6856
81.4051 -31.6956
81.4493 -31.7056
81.4936 -31.7156
81.5379 -31.7256
81.5824 -31.7356
81.6269 -31.7456
81.6714 -31.7556
81.716 -31.7656
81.7607 -31.7756
81.8055 -31.7856
81.8504 -31.7956
81.8953 -31.8056
81.9402 -31.8156
81.9853 -31.8256
82.0304 -31.8356
82.0756 -31.8456
82.1207 -31.8556
82.1657 -31.8656
82.2107 -31.8756
82.2559 -31.8856
82.301 -31.8956
82.3463 -31.9056
82.3916 -31.9156
82.437 -31.9256
82.4825 -31.9356
82.528 -31.9456
82.5736 -31.9556
82.6193 -31.9656
82.6651 -31.9756
82.7109 -31.9856
82.7568 -31.9956
82.8027 -32.0056
82.8487 -32.0156
82.8948 -32.0256
82.941 -32.0356
82.9872 -32.0456
83.0335 -32.0556
83.0799 -32.0656
83.1264 -32.0756
83.1729 -32.0856
83.2195 -32.0956
83.2661 -32.1056
83.3129 -32.1156
83.3597 -32.1256
83.4066 -32.1356
83.4535 -32.1456
83.5005 -32.1556
83.5476 -32.1656
83.5948 -32.1756
83.642 -32.1856
83.6893 -32.1956
83.7367 -32.2056
83.7841 -32.2156
83.8316 -32.2256
83.8792 -32.2356
83.9269 -32.2456
83.9746 -32.2556
84.0224 -32.2656
84.0703 -32.2756
84.1182 -32.2856
84.1663 -32.2956
84.2144 -32.3056
84.2625 -32.3156
84.3108 -32.3256
84.3591 -32.3356
84.4074 -32.3456
84.4559 -32.3556
84.5044 -32.3656
84.553 -32.3756
84.6017 -32.3856
84.6504 -32.3956
84.6992 -32.4056
84.7481 -32.4156
84.7971 -32.4256
84.8461 -32.4356
84.8952 -32.4456
84.9444 -32.4556
84.9937 -32.4656
85.043 -32.4756
85.0924 -32.4856
85.1419 -32.4956
85.1914 -32.5056
85.241 -32.5156
85.2907 -32.5256
85.3405 -32.5356
85.3903 -32.5456
85.4402 -32.5556
85.4902 -32.5656
85.5403 -32.5756
85.5904 -32.5856
85.6406 -32.5956
85.6909 -32.6056
85.7412 -32.6156
85.7917 -32.6256
85.8422 -32.6356
85.8928 -32.6456
85.9434 -32.6556
85.9941 -32.6656
86.0449 -32.6756
86.0958 -32.6856
86.1467 -32.6956
86.1978 -32.7056
86.2489 -32.7156
86.3 -32.7256
86.3513 -32.7356
86.4026 -32.7456
86.454 -32.7556
86.5055 -32.7656
86.557 -32.7756
86.6086 -32.7856
86.6603 -32.7956
86.7121 -32.8056
86.764 -32.8156
86.8159 -32.8256
86.8679 -32.8356
86.9199 -32.8456
86.9721 -32.8556
87.0243 -32.8656
87.0766 -32.8756
87.129 -32.8856
87.1814 -32.8956
87.234 -32.9056
87.2866 -32.9156
87.3392 -32.9256
87.392 -32.9356
87.4448 -32.9456
87.4977 -32.9556
87.5507 -32.9656
87.6038 -32.9756
87.6569 -32.9856
87.7101 -32.9956
87.7634 -33.0056
87.8167 -33.0156
87.8702 -33.0256
87.9237 -33.0356
87.9773 -33.0456
88.0309 -33.0556
88.0847 -33.0656
88.1385 -33.0756
88.1924 -33.0856
88.2464 -33.0956
88.3004 -33.1056
88.3546 -33.1156
88.4088 -33.1256
88.463 -33.1356
88.5174 -33.1456
88.5718 -33.1556
88.6264 -33.1656
88.6809 -33.1756
88.7356 -33.1856
88.7904 -33.1956
88.8452 -33.2056
88.9001 -33.2156
88.9551 -33.2256
89.0101 -33.2356
89.0653 -33.2456
89.1205 -33.2556
89.1758 -33.2656
89.2311 -33.2756
89.2866 -33.2856
89.3421 -33.2956
89.3977 -33.3056
89.4534 -33.3156
89.5091 -33.3256
89.565 -33.3356
89.6209 -33.3456
89.6769 -33.3556
89.7329 -33.3656
89.7891 -33.3756
89.8453 -33.3856
89.9016 -33.3956
89.958 -33.4056
90.0145 -33.4156
90.071 -33.4256
90.1276 -33.4356
90.1843 -33.4456
90.2411 -33.4556
90.298 -33.4656
90.3549 -33.4756
90.4119 -33.4856
90.469 -33.4956
90.5262 -33.5056
90.5835 -33.5156
90.6408 -33.5256
90.6982 -33.5356
90.7557 -33.5456
90.8133 -33.5556
90.8709 -33.5656
90.9287 -33.5756
90.9865 -33.5856
91.0444 -33.5956
91.1023 -33.6056
91.1604 -33.6156
91.2185 -33.6256
91.2767 -33.6356
91.335 -33.6456
91.3934 -33.6556
91.4518 -33.6656
91.5104 -33.6756
91.569 -33.6856
91.6277 -33.6956
91.6865 -33.7056
91.7453 -33.7156
91.8043 -33.7256
91.8633 -33.7356
91.9224 -33.7456
91.9815 -33.7556
92.0408 -33.7656
92.1001 -33.7756
92.1596 -33.7856
92.2191 -33.7956
92.2786 -33.8056
92.3383 -33.8156
92.3981 -33.8256
92.4579 -33.8356
92.5178 -33.8456
92.5778 -33.8556
92.6378 -33.8656
92.698 -33.8756
92.7582 -33.8856
92.8185 -33.8956
92.8789 -33.9056
92.9394 -33.9156
93 -33.9256
93.0606 -33.9356
93.1214 -33.9456
93.1822 -33.9556
93.243 -33.9656
93.304 -33.9756
93.3651 -33.9856
93.4262 -33.9956
93.4874 -34.0056
93.5487 -34.0156
93.6101 -34.0256
93.6716 -34.0356
93.7331 -34.0456
93.7948 -34.0556
93.8565 -34.0656
93.9183 -34.0756
93.9801 -34.0856
94.0421 -34.0956
94.1041 -34.1056
94.1663 -34.1156
94.2285 -34.1256
94.2908 -34.1356
94.3531 -34.1456
94.4156 -34.1556
94.4782 -34.1656
94.5408 -34.1756
94.6035 -34.1856
94.6663 -34.1956
94.7292 -34.2056
94.7921 -34.2156
94.8552 -34.2256
94.9183 -34.2356
94.9815 -34.2456
95.0448 -34.2556
95.1082 -34.2656
95.1716 -34.2756
95.2352 -34.2856
95.2988 -34.2956
95.3625 -34.3056
95.4263 -34.3156
95.4902 -34.3256
95.5542 -34.3356
95.6182 -34.3456
95.6824 -34.3556
95.7466 -34.3656
95.8109 -34.3756
95.8753 -34.3856
95.9398 -34.3956
96.0043 -34.4056
96.069 -34.4156
96.1337 -34.4256
96.1985 -34.4356
96.2634 -34.4456
96.3284 -34.4556
96.3935 -34.4656
96.4586 -34.4756
96.5239 -34.4856
96.5892 -34.4956
96.6546 -34.5056
96.7201 -34.5156
96.7857 -34.5256
96.8513 -34.5356
96.9171 -34.5456
96.9829 -34.5556
97.0488 -34.5656
97.1149 -34.5756
97.181 -34.5856
97.2471 -34.5956
97.3134 -34.6056
97.3798 -34.6156
97.4462 -34.6256
97.5127 -34.6356
97.5793 -34.6456
97.646 -34.6556
97.7126 -34.6656
97.7789 -34.6756
97.8454 -34.6856
97.9119 -34.6956
97.9785 -34.7056
98.0451 -34.7156
98.1119 -34.7256
98.1788 -34.7356
98.2457 -34.7456
98.3127 -34.7556
98.3797 -34.7656
98.4464 -34.7756
98.5133 -34.7856
98.5802 -34.7956
98.6472 -34.8056
98.7143 -34.8156
98.7815 -34.8256
98.8488 -34.8356
98.9161 -34.8456
98.9836 -34.8556
99.0511 -34.8656
99.1187 -34.8756
99.1864 -34.8856
99.2542 -34.8956
99.322 -34.9056
99.39 -34.9156
99.458 -34.9256
99.5261 -34.9356
99.5943 -34.9456
99.6626 -34.9556
99.731 -34.9656
99.7993 -34.9756
99.8634 -34.9856
99.9277 -34.9956
99.992 -35.0056
100.056 -35.0156
100.121 -35.0256
100.185 -35.0356
100.25 -35.0456
100.315 -35.0556
100.379 -35.0656
100.437 -35.0756
100.486 -35.0856
100.534 -35.0956
100.582 -35.1056
100.631 -35.1156
100.679 -35.1256
100.728 -35.1356
100.776 -35.1456
100.825 -35.1556
100.874 -35.1656
100.922 -35.1756
100.971 -35.1856
101.02 -35.1956
101.069 -35.2056
101.118 -35.2156
101.166 -35.2256
101.215 -35.2356
101.264 -35.2456
101.307 -35.2556
101.349 -35.2656
101.392 -35.2756
101.435 -35.2856
101.478 -35.2956
101.521 -35.3056
101.564 -35.3156
101.607 -35.3256
101.65 -35.3356
101.693 -35.3456
101.736 -35.3556
101.779 -35.3656
101.821 -35.3756
101.863 -35.3856
101.905 -35.3956
101.947 -35.4056
101.989 -35.4156
102.031 -35.4256
102.073 -35.4356
102.115 -35.4456
102.158 -35.4556
102.2 -35.4656
102.242 -35.4756
102.284 -35.4856
102.326 -35.4956
102.369 -35.5056
102.411 -35.5156
102.453 -35.5256
102.496 -35.5356
102.538 -35.5456
102.581 -35.5556
102.623 -35.5656
102.665 -35.5756
102.705 -35.5856
102.745 -35.5956
102.785 -35.6056
102.824 -35.6156
102.864 -35.6256
102.904 -35.6356
102.943 -35.6456
102.983 -35.6556
103.023 -35.6656
103.063 -35.6756
103.102 -35.6856
103.142 -35.6956
103.182 -35.7056
103.222 -35.7156
103.262 -35.7256
103.301 -35.7356
103.34 -35.7456
103.38 -35.7556
103.419 -35.7656
103.459 -35.7756
103.498 -35.7856
103.538 -35.7956
103.577 -35.8056
103.617 -35.8156
103.657 -35.8256
103.696 -35.8356
103.736 -35.8456
103.776 -35.8556
103.815 -35.8656
103.855 -35.8756
103.895 -35.8856
103.935 -35.8956
103.974 -35.9056
104.014 -35.9156
104.054 -35.9256
104.094 -35.9356
104.134 -35.9456
104.174 -35.9556
104.214 -35.9656
104.254 -35.9756
104.294 -35.9856
104.334 -35.9956
104.374 -36.0056
104.414 -36.0156
104.454 -36.0256
104.494 -36.0356
104.534 -36.0456
104.574 -36.0556
104.614 -36.0656
104.654 -36.0756
104.695 -36.0856
104.735 -36.0956
104.775 -36.1056
104.815 -36.1156
104.856 -36.1256
104.896 -36.1356
104.936 -36.1456
104.977 -36.1556
105.017 -36.1656
105.058 -36.1756
105.098 -36.1856
105.138 -36.1956
105.179 -36.2056
105.219 -36.2156
105.26 -36.2256
105.301 -36.2356
105.341 -36.2456
105.382 -36.2556
105.422 -36.2656
105.463 -36.2756
105.504 -36.2856
105.544 -36.2956
105.585 -36.3056
105.626 -36.3156
105.667 -36.3256
105.707 -36.3356
105.748 -36.3456
105.789 -36.3556
105.83 -36.3656
105.871 -36.3756
105.912 -36.3856
105.953 -36.3956
105.994 -36.4056
106.035 -36.4156
106.076 -36.4256
106.117 -36.4356
106.158 -36.4456
106.199 -36.4556
106.24 -36.4656
106.281 -36.4756
106.322 -36.4856
106.363 -36.4956
106.405 -36.5056
106.446 -36.5156
106.487 -36.5256
106.528 -36.5356
106.57 -36.5456
106.611 -36.5556
106.652 -36.5656
106.694 -36.5756
106.735 -36.5856
106.776 -36.5956
106.818 -36.6056
106.859 -36.6156
106.901 -36.6256
106.942 -36.6356
106.984 -36.6456
107.025 -36.6556
107.067 -36.6656
107.109 -36.6756
107.15 -36.6856
107.192 -36.6956
107.234 -36.7056
107.275 -36.7156
107.317 -36.7256
107.357 -36.7356
107.397 -36.7456
107.437 -36.7556
107.478 -36.7656
107.518 -36.7756
107.558 -36.7856
107.598 -36.7956
107.639 -36.8056
107.679 -36.8156
107.719 -36.8256
107.76 -36.8356
107.8 -36.8456
107.84 -36.8556
107.881 -36.8656
107.921 -36.8756
107.962 -36.8856
108.002 -36.8956
108.043 -36.9056
108.083 -36.9156
108.124 -36.9256
108.164 -36.9356
108.205 -36.9456
108.246 -36.9556
108.286 -36.9656
108.327 -36.9756
108.368 -36.9856
108.408 -36.9956
108.449 -37.0056
108.49 -37.0156
108.53 -37.0256
108.571 -37.0356
108.612 -37.0456
108.653 -37.0556
108.694 -37.0656
108.735 -37.0756
108.776 -37.0856
108.816 -37.0956
108.857 -37.1056
108.898 -37.1156
108.939 -37.1256
108.98 -37.1356
109.021 -37.1456
109.062 -37.1556
109.103 -37.1656
109.145 -37.1756
109.186 -37.1856
109.227 -37.1956
109.268 -37.2056
109.309 -37.2156
109.35 -37.2256
109.392 -37.2356
109.433 -37.2456
109.474 -37.2556
109.515 -37.2656
109.557 -37.2756
109.598 -37.2856
109.639 -37.2956
109.681 -37.3056
109.722 -37.3156
109.764 -37.3256
109.805 -37.3356
109.847 -37.3456
109.888 -37.3556
109.93 -37.3656
109.971 -37.3756
110.013 -37.3856
110.054 -37.3956
110.096 -37.4056
110.138 -37.4156
110.179 -37.4256
110.221 -37.4356
110.263 -37.4456
110.304 -37.4556
110.346 -37.4656
110.388 -37.4756
110.43 -37.4856
110.471 -37.4956
110.513 -37.5056
110.555 -37.5156
110.597 -37.5256
110.638 -37.5356
110.68 -37.5456
110.721 -37.5556
110.763 -37.5656
110.805 -37.5756
110.846 -37.5856
110.887 -37.5956
110.928 -37.6056
110.968 -37.6156
111.009 -37.6256
111.05 -37.6356
111.09 -37.6456
111.131 -37.6556
111.172 -37.6656
111.212 -37.6756
111.253 -37.6856
111.294 -37.6956
111.335 -37.7056
111.375 -37.7156
111.414 -37.7256
111.453 -37.7356
111.493 -37.7456
111.532 -37.7556
111.571 -37.7656
111.611 -37.7756
111.65 -37.7856
111.69 -37.7956
111.729 -37.8056
111.768 -37.8156
111.808 -37.8256
111.847 -37.8356
111.887 -37.8456
111.926 -37.8556
111.966 -37.8656
112.006 -37.8756
112.045 -37.8856
112.085 -37.8956
112.124 -37.9056
112.164 -37.9156
112.204 -37.9256
112.243 -37.9356
112.283 -37.9456
112.323 -37.9556
112.362 -37.9656
112.402 -37.9756
112.442 -37.9856
112.481 -37.9956
112.519 -38.0056
112.558 -38.0156
112.597 -38.0256
112.635 -38.0356
112.674 -38.0456
112.713 -38.0556
112.752 -38.0656
112.79 -38.0756
112.829 -38.0856
112.867 -38.0956
112.905 -38.1056
112.944 -38.1156
112.982 -38.1256
113.021 -38.1356
113.059 -38.1456
113.098 -38.1556
113.136 -38.1656
113.175 -38.1756
113.213 -38.1856
113.252 -38.1956
113.29 -38.2056
113.329 -38.2156
113.368 -38.2256
113.406 -38.2356
113.445 -38.2456
113.484 -38.2556
113.522 -38.2656
113.561 -38.2756
113.6 -38.2856
113.638 -38.2956
113.677 -38.3056
113.716 -38.3156
113.755 -38.3256
113.793 -38.3356
113.832 -38.3456
113.871 -38.3556
113.91 -38.3656
113.949 -38.3756
113.988 -38.3856
114.026 -38.3956
114.065 -38.4056
114.104 -38.4156
114.143 -38.4256
114.182 -38.4356
114.221 -38.4456
114.26 -38.4556
114.299 -38.4656
114.338 -38.4756
114.377 -38.4856
114.416 -38.4956
114.455 -38.5056
114.494 -38.5156
114.533 -38.5256
114.572 -38.5356
114.611 -38.5456
114.649 -38.5556
114.687 -38.5656
114.724 -38.5756
114.762 -38.5856
114.799 -38.5956
114.837 -38.6056
114.874 -38.6156
114.912 -38.6256
114.95 -38.6356
114.987 -38.6456
115.025 -38.6556
115.063 -38.6656
115.1 -38.6756
115.138 -38.6856
115.176 -38.6956
115.213 -38.7056
115.251 -38.7156
115.289 -38.7256
115.326 -38.7356
115.363 -38.7456
115.4 -38.7556
115.436 -38.7656
115.473 -38.7756
115.51 -38.7856
115.547 -38.7956
115.584 -38.8056
115.62 -38.8156
115.657 -38.8256
115.694 -38.8356
115.731 -38.8456
115.768 -38.8556
115.804 -38.8656
115.841 -38.8756
115.878 -38.8856
115.915 -38.8956
115.952 -38.9056
115.989 -38.9156
116.026 -38.9256
116.063 -38.9356
116.099 -38.9456
116.136 -38.9556
116.173 -38.9656
116.21 -38.9756
116.247 -38.9856
116.284 -38.9956
116.321 -39.0056
116.358 -39.0156
116.395 -39.0256
116.432 -39.0356
116.469 -39.0456
116.506 -39.0556
116.543 -39.0656
116.581 -39.0756
116.618 -39.0856
116.655 -39.0956
116.692 -39.1056
116.729 -39.1156
116.766 -39.1256
116.803 -39.1356
116.84 -39.1456
116.878 -39.1556
116.915 -39.1656
116.952 -39.1756
116.989 -39.1856
117.027 -39.1956
117.064 -39.2056
117.101 -39.2156
117.138 -39.2256
117.176 -39.2356
117.213 -39.2456
117.25 -39.2556
117.288 -39.2656
117.325 -39.2756
117.362 -39.2856
117.4 -39.2956
117.437 -39.3056
117.474 -39.3156
117.511 -39.3256
117.548 -39.3356
117.585 -39.3456
117.621 -39.3556
117.658 -39.3656
117.695 -39.3756
117.732 -39.3856
117.769 -39.3956
117.806 -39.4056
117.843 -39.4156
117.88 -39.4256
117.916 -39.4356
117.953 -39.4456
117.99 -39.4556
118.027 -39.4656
118.064 -39.4756
118.101 -39.4856
118.138 -39.4956
118.175 -39.5056
118.212 -39.5156
118.249 -39.5256
118.286 -39.5356
118.323 -39.5456
118.36 -39.5556
118.397 -39.5656
118.434 -39.5756
118.472 -39.5856
118.509 -39.5956
118.546 -39.6056
118.583 -39.6156
118.62 -39.6256
118.657 -39.6356
118.694 -39.6456
118.731 -39.6556
118.769 -39.6656
118.806 -39.6756
118.843 -39.6856
118.88 -39.6956
118.918 -39.7056
118.955 -39.7156
118.992 -39.7256
119.029 -39.7356
119.067 -39.7456
119.104 -39.7556
119.141 -39.7656
119.178 -39.7756
119.215 -39.7856
119.251 -39.7956
119.288 -39.8056
119.324 -39.8156
119.361 -39.8256
119.397 -39.8356
119.434 -39.8456
119.471 -39.8556
119.507 -39.8656
119.544 -39.8756
119.58 -39.8856
119.617 -39.8956
119.654 -39.9056
119.69 -39.9156
119.727 -39.9256
119.764 -39.9356
119.8 -39.9456
119.837 -39.9556
119.874 -39.9656
119.91 -39.9756
119.947 -39.9856
119.984 -39.9956
120.021 -40.0056
120.057 -40.0156
120.094 -40.0256
120.131 -40.0356
120.168 -40.0456
120.204 -40.0556
120.241 -40.0656
