0.1 -0.12612
0.2 -0.277769
0.3 -0.414776
0.4 -0.55286
0.5 -0.691778
0.6 -0.831014
0.7 -0.970548
0.8 -1.11038
0.9 -1.25051
1 -1.39095
1.22656 -1.66956
2.45044 -1.9485
3.67113 -2.22768
4.88796 -2.50713
6.10087 -2.7868
7.30975 -3.06682
8.5144 -3.34526
9.71491 -3.62297
10.9114 -3.90092
12.1038 -4.17911
13.2921 -4.45752
14.4764 -4.73616
15.6566 -5.01503
16.8327 -5.29414
18.0048 -5.5735
19.1727 -5.85311
20.3366 -6.13296
21.4964 -6.41306
22.6522 -6.69341
23.8039 -6.97402
24.9514 -7.25493
26.095 -7.53612
27.2344 -7.81758
28.3698 -8.0993
29.5012 -8.38129
30.6285 -8.66358
31.7518 -8.94615
32.871 -9.22899
33.9862 -9.51211
35.0973 -9.79553
36.2044 -10.0792
37.3075 -10.3633
38.4065 -10.6477
39.5015 -10.9324
40.5925 -11.2174
41.6795 -11.5027
42.7624 -11.7883
43.8413 -12.0742
44.9162 -12.3605
45.9871 -12.647
47.054 -12.9339
48.1169 -13.2212
49.1758 -13.5088
50.2307 -13.7967
51.2816 -14.085
52.3285 -14.3737
53.3714 -14.6627
54.4103 -14.952
55.4452 -15.2418
56.4761 -15.5319
57.503 -15.8224
58.526 -16.1133
59.5449 -16.4046
60.5599 -16.6962
61.5709 -16.9883
62.578 -17.2807
63.581 -17.5736
64.5801 -17.8668
65.5752 -18.1605
66.5664 -18.4546
67.5535 -18.7492
68.5367 -19.0441
69.516 -19.3395
70.4912 -19.6354
71.4625 -19.9317
72.4299 -20.2285
73.3933 -20.5257
74.3527 -20.8234
75.3081 -21.1215
76.2596 -21.4202
77.2072 -21.7193
78.1507 -22.0189
79.0904 -22.319
80.026 -22.6197
80.9577 -22.9208
81.8855 -23.2225
82.8093 -23.5247
83.7291 -23.8274
84.645 -24.1307
85.5569 -24.4346
86.4649 -24.739
87.3689 -25.044
88.269 -25.3496
89.165 -25.6558
90.0572 -25.9625
90.9453 -26.2699
91.8296 -26.5779
92.7098 -26.8865
93.5861 -27.1958
94.4584 -27.5057
95.3268 -27.8162
96.1912 -28.1274
97.0516 -28.4393
97.9081 -28.7519
98.7606 -29.0652
99.6091 -29.3792
100.454 -29.694
101.294 -30.0095
102.131 -30.3257
102.963 -30.6427
103.792 -30.9605
104.617 -31.2791
105.437 -31.5984
106.254 -31.9186
107.066 -32.2396
107.875 -32.5615
108.68 -32.8842
109.48 -33.2078
110.277 -33.5322
111.07 -33.8576
111.858 -34.1839
112.643 -34.5111
113.423 -34.8393
114.195 -35.1911
114.953 -35.5871
115.694 -36.0331
116.401 -36.5311
117.073 -37.0413
117.677 -37.514
118.263 -37.9776
118.844 -38.4461
119.42 -38.9198
119.991 -39.401
120.556 -39.8895
121.115 -40.3854
121.668 -40.8865
122.215 -41.3926
122.752 -41.9333
123.282 -42.4844
123.796 -43.0725
124.302 -43.6632
124.799 -44.2665
125.267 -44.8808
125.73 -45.5121
126.185 -46.159
126.602 -46.8323
127.001 -47.5282
127.386 -48.2642
127.741 -48.9974
128.066 -49.7316
128.371 -50.4605
128.644 -51.1991
128.909 -51.9446
129.16 -52.6874
129.395 -53.4228
129.614 -54.1971
129.823 -54.966
130.013 -55.7222
130.19 -56.5335
130.359 -57.3467
130.518 -58.1594
130.668 -58.9531
130.802 -59.7387
130.919 -60.5277
131.022 -61.3312
131.074 -62.0901
131.058 -62.7833
130.824 -63.2359
129.825 -63.1342
127.518 -62.7185
124.784 -62.1821
124.11 -62.1282
123.854 -62.1731
123.545 -62.2029
123.274 -62.2665
123.128 -62.4052
122.946 -62.5316
122.737 -62.6477
122.511 -62.7738
122.34 -63.0147
122.157 -63.3475
121.988 -63.6986
121.803 -64.1568
121.635 -64.6588
121.517 -65.2131
121.395 -65.7649
121.265 -66.305
121.134 -66.8435
120.998 -67.3813
120.857 -67.9349
120.746 -68.5375
120.656 -69
120.551 -69
120.432 -69
120.292 -69
120.139 -69
119.871 -69
119.546 -69
119.155 -69
118.679 -69
117.315 -69
117.058 -69
116.741 -69
116.418 -69
116.276 -69
116.076 -69
115.86 -69
115.638 -69
115.409 -69
115.175 -69
114.951 -69
114.765 -69
114.61 -69
114.449 -69
114.285 -69
114.118 -69
113.948 -69
113.779 -69
113.612 -69
113.444 -69
113.275 -69
113.115 -69
112.953 -69
112.79 -69
112.641 -69
112.49 -69
112.337 -69
112.183 -69
112.028 -69
111.872 -69
111.711 -69
111.546 -69
111.384 -69
111.221 -69
111.057 -69
110.892 -69
110.726 -69
110.557 -69
110.385 -69
110.212 -69
110.038 -69
109.863 -69
109.687 -69
109.511 -69
109.344 -69
109.18 -69
109.016 -69
108.859 -69
108.701 -69
108.542 -69
108.38 -69
108.222 -69
108.071 -69
107.921 -69
107.771 -69
107.62 -69
107.468 -69
107.315 -69
107.162 -69
107.008 -69
106.856 -69
106.704 -69
106.551 -69
106.402 -69
106.252 -69
106.102 -69
105.952 -69
105.801 -69
105.653 -69
105.508 -69
105.362 -69
105.22 -69
105.077 -69
104.934 -69
104.789 -69
104.645 -69
104.499 -69
104.354 -69
104.208 -69
104.061 -69
103.914 -69
103.767 -69
103.622 -69
103.474 -69
103.332 -69
103.192 -69
103.052 -69
102.912 -69
102.772 -69
102.631 -69
102.491 -69
102.35 -69
102.208 -69
102.067 -69
101.925 -69
101.783 -69
101.641 -69
101.498 -69
101.357 -69
101.215 -69
101.074 -69
100.932 -69
100.791 -69
100.666 -69
100.54 -69
100.413 -69
100.287 -69
100.163 -69
100.038 -69
99.9124 -69
99.7871 -69
99.6617 -69
99.5362 -69
99.4105 -69
99.2847 -69
99.1587 -69
99.0326 -69
98.9064 -69
98.78 -69
98.6537 -69
98.5289 -69
98.404 -69
98.2797 -69
98.1569 -69
98.034 -69
97.9109 -69
97.7877 -69
97.6643 -69
97.5408 -69
97.4172 -69
97.2934 -69
97.1695 -69
97.0453 -69
96.9211 -69
96.7966 -69
96.672 -69
96.5481 -69
96.4251 -69
96.302 -69
96.1778 -69
96.0533 -69
95.9307 -69
95.8095 -69
95.6883 -69
95.567 -69
95.4562 -69
95.3543 -69
95.2523 -69
95.1497 -69
95.0471 -69
94.9445 -69
94.8418 -69
94.7391 -69
94.6364 -69
94.5367 -69
94.4419 -69
94.3471 -69
94.2523 -69
94.1574 -69
94.0625 -69
93.9676 -69
93.8727 -69
93.7777 -69
93.6827 -69
93.5877 -69
93.4937 -69
93.3998 -69
93.3057 -69
93.2117 -69
93.1176 -69
93.0236 -69
92.9295 -69
92.8355 -69
92.7415 -69
92.6474 -69
92.5534 -69
92.4594 -69
92.3654 -69
92.2714 -69
92.1774 -69
92.0834 -69
91.9894 -69
91.8955 -69
91.8015 -69
91.7076 -69
91.6137 -69
91.5198 -69
91.4261 -69
91.3323 -69
91.2386 -69
91.1448 -69
91.0511 -69
90.9579 -69
90.8647 -69
90.7715 -69
90.6782 -69
90.585 -69
90.4918 -69
90.3986 -69
90.3054 -69
90.2122 -69
90.119 -69
90.0259 -69
89.9327 -69
89.8396 -69
89.7464 -69
89.6533 -69
89.5601 -69
89.467 -69
89.3739 -69
89.2808 -69
89.1877 -69
89.0947 -69
89.0016 -69
88.9086 -69
88.8155 -69
88.7225 -69
88.6397 -69
88.557 -69
88.4742 -69
88.3913 -69
88.3083 -69
88.2255 -69
88.1426 -69
88.0598 -69
87.9777 -69
87.8959 -69
87.8141 -69
87.7324 -69
87.6507 -69
87.5691 -69
87.4875 -69
87.406 -69
87.3245 -69
87.243 -69
87.1617 -69
87.0803 -69
86.999 -69
86.9178 -69
86.8365 -69
86.755 -69
86.6735 -69
86.5921 -69
86.5108 -69
86.4295 -69
86.3483 -69
86.2672 -69
86.1861 -69
86.1051 -69
86.0242 -69
85.9433 -69
85.8625 -69
85.7818 -69
85.701 -69
85.62 -69
85.5392 -69
85.4584 -69
85.3778 -69
85.2996 -69
85.2232 -69
85.1475 -69
85.0718 -69
84.9962 -69
84.9207 -69
84.8452 -69
84.7699 -69
84.6945 -69
84.6193 -69
84.5441 -69
84.469 -69
84.3942 -69
84.3197 -69
84.2452 -69
84.1742 -69
84.1042 -69
84.0343 -69
83.9644 -69
83.8946 -69
83.8249 -69
83.7552 -69
83.6856 -69
83.6159 -69
83.5463 -69
83.4767 -69
83.4073 -69
83.3379 -69
83.2686 -69
83.1994 -69
83.1302 -69
83.0641 -69
83.0021 -69
82.94 -69
82.8781 -69
82.8162 -69
82.7544 -69
82.6927 -69
82.6311 -69
82.5695 -69
82.508 -69
82.4466 -69
82.3852 -69
82.3239 -69
82.2627 -69
82.2016 -69
82.1406 -69
82.0796 -69
82.0187 -69
81.9578 -69
81.897 -69
81.8362 -69
81.7755 -69
81.7149 -69
81.6544 -69
81.594 -69
81.5336 -69
81.4734 -69
81.4132 -69
81.3531 -69
81.2931 -69
81.2332 -69
81.1733 -69
81.1136 -69
81.0542 -69
80.9949 -69
80.9357 -69
80.8766 -69
80.8176 -69
80.7587 -69
80.6999 -69
80.6411 -69
80.5825 -69
80.5238 -69
80.4648 -69
80.406 -69
80.3475 -69
80.2892 -69
80.2309 -69
80.1727 -69
80.1146 -69
80.0566 -69
79.9986 -69
79.9408 -69
79.883 -69
79.8253 -69
79.7677 -69
79.71 -69
79.6524 -69
79.5949 -69
79.5375 -69
79.4802 -69
79.4229 -69
79.3658 -69
79.3087 -69
79.2517 -69
79.1968 -69
79.144 -69
79.0913 -69
79.0386 -69
78.9861 -69
78.9336 -69
78.8812 -69
78.8334 -69
78.786 -69
78.7387 -69
78.6914 -69
78.6442 -69
78.5971 -69
78.5501 -69
78.5031 -69
78.4562 -69
78.4094 -69
78.3629 -69
78.3166 -69
78.2704 -69
78.2243 -69
78.1783 -69
78.1323 -69
78.0864 -69
78.0406 -69
77.9948 -69
77.9492 -69
77.9035 -69
77.8578 -69
77.8123 -69
77.7668 -69
77.7214 -69
77.676 -69
77.6308 -69
77.5856 -69
77.5405 -69
77.4955 -69
77.4505 -69
77.4056 -69
77.3608 -69
77.3161 -69
77.2715 -69
77.2269 -69
77.1824 -69
77.138 -69
77.0937 -69
77.0494 -69
77.0052 -69
76.9611 -69
76.9171 -69
76.8731 -69
76.8293 -69
76.7855 -69
76.7418 -69
76.6981 -69
76.6546 -69
76.6111 -69
76.5677 -69
76.5244 -69
76.4811 -69
76.438 -69
76.3949 -69
76.3524 -69
76.313 -69
76.2736 -69
76.2344 -69
76.1952 -69
76.156 -69
76.117 -69
76.078 -69
76.0391 -69
76.0003 -69
75.9616 -69
75.9229 -69
75.8842 -69
75.8457 -69
75.8072 -69
75.7689 -69
75.7306 -69
75.6923 -69
75.6542 -69
75.6161 -69
75.5788 -69
75.5423 -69
75.5058 -69
75.4695 -69
75.4332 -69
75.397 -69
75.3609 -69
75.3248 -69
75.2888 -69
75.2529 -69
75.2171 -69
75.1813 -69
75.1457 -69
75.1101 -69
75.0746 -69
75.0391 -69
75.0038 -69
74.9685 -69
74.9333 -69
74.8982 -69
74.8632 -69
74.8282 -69
74.7934 -69
74.7586 -69
74.7239 -69
74.6874 -69
74.6515 -69
74.6153 -69
74.5792 -69
74.5432 -69
74.5072 -69
74.4712 -69
74.4351 -69
74.3991 -69
74.3632 -69
74.3273 -69
74.2915 -69
74.2558 -69
74.2201 -69
74.1845 -69
74.1489 -69
74.1135 -69
74.0781 -69
74.0427 -69
74.0074 -69
73.9722 -69
73.9371 -69
73.902 -69
73.867 -69
73.8321 -69
73.7972 -69
73.7624 -69
73.7276 -69
73.693 -69
73.6584 -69
73.6238 -69
73.5894 -69
73.555 -69
73.5206 -69
73.4864 -69
73.4522 -69
73.4181 -69
73.384 -69
73.35 -69
73.3161 -69
73.2823 -69
73.2485 -69
73.2148 -69
73.1811 -69
73.1475 -69
73.114 -69
73.0806 -69
73.0472 -69
73.0139 -69
72.9807 -69
72.9476 -69
72.9145 -69
72.8817 -69
72.8489 -69
72.8162 -69
72.7836 -69
72.7511 -69
72.7186 -69
72.6862 -69
72.6538 -69
72.6216 -69
72.5894 -69
72.5572 -69
72.5252 -69
72.4932 -69
72.4613 -69
72.4294 -69
72.3977 -69
72.366 -69
72.3348 -69
72.3042 -69
72.2737 -69
72.2433 -69
72.2129 -69
72.1826 -69
72.1524 -69
72.1222 -69
72.0922 -69
72.0622 -69
72.0322 -69
72.0024 -69
71.9726 -69
71.9429 -69
71.9133 -69
71.8837 -69
71.8542 -69
71.8248 -69
71.7954 -69
71.7662 -69
71.737 -69
71.7081 -69
71.6793 -69
71.6507 -69
71.6221 -69
71.5936 -69
71.5651 -69
71.5368 -69
71.5085 -69
71.4803 -69
71.4521 -69
71.4241 -69
71.3961 -69
71.3682 -69
71.3404 -69
71.3126 -69
71.2849 -69
71.2573 -69
71.2298 -69
71.2024 -69
71.175 -69
71.1477 -69
71.1205 -69
71.0934 -69
71.0663 -69
71.0394 -69
71.0125 -69
70.9856 -69
70.9589 -69
70.9323 -69
70.9057 -69
70.8792 -69
70.8528 -69
70.8264 -69
70.8002 -69
70.774 -69
70.7479 -69
70.7219 -69
70.6959 -69
70.6701 -69
70.6443 -69
70.6186 -69
70.593 -69
70.5675 -69
70.542 -69
70.5166 -69
70.4913 -69
70.4661 -69
70.4409 -69
70.4158 -69
70.3908 -69
70.3659 -69
70.3411 -69
70.3164 -69
70.2917 -69
70.2671 -69
70.2426 -69
70.2182 -69
70.1938 -69
70.1696 -69
70.1454 -69
70.1213 -69
70.0972 -69
70.0733 -69
70.0494 -69
70.0257 -69
70.002 -69
69.9783 -69
69.9548 -69
69.9313 -69
69.9079 -69
69.8846 -69
69.8614 -69
69.8383 -69
69.8152 -69
69.7922 -69
69.7693 -69
69.7464 -69
69.7236 -69
69.7008 -69
69.6782 -69
69.6556 -69
69.6332 -69
69.6108 -69
69.5885 -69
69.5663 -69
69.5442 -69
69.5221 -69
69.5002 -69
69.4783 -69
69.4565 -69
69.4349 -69
69.4132 -69
69.3917 -69
69.3703 -69
69.3488 -69
69.3272 -69
69.3058 -69
69.2844 -69
69.2631 -69
69.2419 -69
69.2207 -69
69.1997 -69
69.1787 -69
69.1578 -69
69.137 -69
69.1163 -69
69.0957 -69
69.0752 -69
69.0547 -69
69.0344 -69
69.0141 -69
68.9928 -69
68.9704 -69
68.9479 -69
68.9254 -69
68.9029 -69
68.8805 -69
68.8582 -69
68.8358 -69
68.8134 -69
68.791 -69
68.7687 -69
68.7465 -69
68.7256 -69
68.7049 -69
68.6843 -69
68.6638 -69
68.6434 -69
68.623 -69
68.6027 -69
68.5825 -69
68.5623 -69
68.5423 -69
68.5223 -69
68.5024 -69
68.4825 -69
68.4628 -69
68.4431 -69
68.4234 -69
68.4039 -69
68.3844 -69
68.365 -69
68.3457 -69
68.3264 -69
68.3072 -69
68.2881 -69
68.2691 -69
68.2501 -69
68.2312 -69
68.2124 -69
68.1936 -69
68.1751 -69
68.1569 -69
68.1387 -69
68.1207 -69
68.1027 -69
68.0848 -69
68.0669 -69
68.0492 -69
68.0315 -69
68.0139 -69
67.9964 -69
67.9789 -69
67.9616 -69
67.9443 -69
67.9271 -69
67.91 -69
67.8929 -69
67.8759 -69
67.8591 -69
67.8422 -69
67.8255 -69
67.8088 -69
67.7923 -69
67.7758 -69
67.7594 -69
67.743 -69
67.7268 -69
67.7106 -69
67.6937 -69
67.6757 -69
67.6576 -69
67.6396 -69
67.6217 -69
67.6039 -69
67.5861 -69
67.5684 -69
67.5514 -69
67.5347 -69
67.5181 -69
67.5015 -69
67.4851 -69
67.4687 -69
67.4523 -69
67.4361 -69
67.4199 -69
67.4037 -69
67.3877 -69
67.3717 -69
67.3558 -69
67.3399 -69
67.3241 -69
67.3084 -69
67.2928 -69
67.2772 -69
67.2617 -69
67.2463 -69
67.231 -69
67.2157 -69
67.2005 -69
67.1854 -69
67.1703 -69
67.1553 -69
67.1404 -69
67.1255 -69
67.1108 -69
67.0961 -69
67.0814 -69
67.0669 -69
67.0524 -69
67.038 -69
67.0237 -69
67.0094 -69
66.9952 -69
66.9811 -69
66.9672 -69
66.9534 -69
66.9397 -69
66.926 -69
66.9124 -69
66.8989 -69
66.8855 -69
66.8721 -69
66.8588 -69
66.8456 -69
66.8325 -69
66.8194 -69
66.8067 -69
66.7942 -69
66.7818 -69
66.7694 -69
66.7572 -69
66.7449 -69
66.7323 -69
66.7197 -69
66.7072 -69
66.6928 -69
66.6784 -69
66.6641 -69
66.6499 -69
66.6357 -69
66.6215 -69
66.6075 -69
66.5935 -69
66.5795 -69
66.5656 -69
66.5518 -69
66.538 -69
66.5243 -69
66.5107 -69
66.4971 -69
66.4836 -69
66.4702 -69
66.4568 -69
66.4434 -69
66.4301 -69
66.4169 -69
66.4037 -69
66.3906 -69
66.3776 -69
66.3646 -69
66.3517 -69
66.3389 -69
66.3261 -69
66.3134 -69
66.3007 -69
66.2881 -69
66.2756 -69
66.2632 -69
66.2478 -69
66.2322 -69
66.2165 -69
66.2009 -69
66.1854 -69
66.1699 -69
66.1544 -69
66.139 -69
66.1237 -69
66.1083 -69
66.0931 -69
66.0778 -69
66.0627 -69
66.0475 -69
66.0325 -69
66.0175 -69
66.0025 -69
65.9875 -69
65.9727 -69
65.9578 -69
65.943 -69
65.9283 -69
65.9136 -69
65.899 -69
65.8844 -69
65.8699 -69
65.8554 -69
65.8409 -69
65.8265 -69
65.8122 -69
65.7979 -69
65.7837 -69
65.7695 -69
65.7553 -69
65.7413 -69
65.7272 -69
65.7133 -69
65.6993 -69
65.6854 -69
65.6716 -69
65.6578 -69
65.644 -69
65.6297 -69
65.6156 -69
65.6015 -69
65.5874 -69
65.5734 -69
65.5595 -69
65.5456 -69
65.5317 -69
65.5179 -69
65.5041 -69
65.4904 -69
65.4768 -69
65.4632 -69
65.4496 -69
65.4361 -69
65.4227 -69
65.4093 -69
65.396 -69
65.3827 -69
65.3694 -69
65.3562 -69
65.3431 -69
65.33 -69
65.3169 -69
65.304 -69
65.291 -69
65.2782 -69
65.2653 -69
65.2526 -69
65.2399 -69
65.2272 -69
65.2146 -69
65.202 -69
65.1895 -69
65.1771 -69
65.1646 -69
65.1523 -69
65.14 -69
65.1278 -69
65.1156 -69
65.1034 -69
65.0914 -69
65.0793 -69
65.0674 -69
65.0555 -69
65.0436 -69
65.0307 -69
65.0163 -69
65.0019 -69
64.9876 -69
64.9734 -69
64.9592 -69
64.945 -69
64.9309 -69
64.9168 -69
64.9028 -69
64.8888 -69
64.8748 -69
64.8609 -69
64.847 -69
64.8332 -69
64.8195 -69
64.8057 -69
64.7921 -69
64.7784 -69
64.7648 -69
64.7513 -69
64.7378 -69
64.7243 -69
64.7109 -69
64.6976 -69
64.6843 -69
64.671 -69
64.6578 -69
64.6446 -69
64.6315 -69
64.6185 -69
64.6054 -69
64.5925 -69
64.5795 -69
64.5667 -69
64.5538 -69
64.5411 -69
64.5283 -69
64.5156 -69
64.503 -69
64.4904 -69
64.4779 -69
64.4654 -69
64.453 -69
64.4406 -69
64.4282 -69
64.4159 -69
64.4037 -69
64.3915 -69
64.3794 -69
64.3673 -69
64.3552 -69
64.3432 -69
64.3311 -69
64.3191 -69
64.3071 -69
64.2952 -69
64.2833 -69
64.2715 -69
64.2597 -69
64.248 -69
64.2363 -69
64.2247 -69
64.2131 -69
64.2016 -69
64.1901 -69
64.1787 -69
64.1673 -69
64.156 -69
64.1447 -69
64.1335 -69
64.1223 -69
64.1112 -69
64.1002 -69
64.0892 -69
64.0782 -69
64.0673 -69
64.0565 -69
64.0457 -69
64.0349 -69
64.0242 -69
64.0136 -69
64.003 -69
63.9925 -69
63.982 -69
63.9716 -69
63.9612 -69
63.9509 -69
63.9407 -69
63.9305 -69
63.9203 -69
63.9106 -69
63.9009 -69
63.8914 -69
63.8819 -69
63.8724 -69
63.863 -69
63.8537 -69
63.8444 -69
63.8352 -69
63.826 -69
63.8169 -69
63.8078 -69
63.7988 -69
63.7898 -69
63.7809 -69
63.772 -69
63.7632 -69
63.7544 -69
63.7457 -69
63.737 -69
63.7284 -69
63.7199 -69
63.7114 -69
63.7029 -69
63.6945 -69
63.6862 -69
63.6779 -69
63.6697 -69
63.6615 -69
63.6534 -69
63.6454 -69
63.6374 -69
63.6294 -69
63.6216 -69
63.6137 -69
63.6059 -69
63.5982 -69
63.5906 -69
63.583 -69
63.5754 -69
63.5679 -69
63.5605 -69
63.5531 -69
63.5458 -69
63.5385 -69
63.5313 -69
63.5241 -69
63.517 -69
63.51 -69
63.503 -69
63.4961 -69
63.4892 -69
63.4824 -69
63.4757 -69
63.469 -69
63.4624 -69
63.4558 -69
63.4493 -69
63.4428 -69
63.4364 -69
63.4301 -69
63.4238 -69
63.4176 -69
63.4114 -69
63.4034 -69
63.3935 -69
63.3836 -69
63.3738 -69
63.364 -69
63.3542 -69
63.3445 -69
63.3349 -69
63.3253 -69
63.3157 -69
63.3062 -69
63.2967 -69
63.2873 -69
63.2779 -69
63.2685 -69
63.2592 -69
63.2499 -69
63.2407 -69
63.2315 -69
63.2224 -69
63.2133 -69
63.2043 -69
63.1953 -69
63.1863 -69
63.1774 -69
63.1686 -69
63.1598 -69
63.151 -69
63.1423 -69
63.1336 -69
63.125 -69
63.1164 -69
63.1078 -69
63.0993 -69
63.0909 -69
63.0825 -69
63.0741 -69
63.0658 -69
63.0575 -69
63.0493 -69
63.0411 -69
63.033 -69
63.0249 -69
63.0168 -69
63.0088 -69
63.0009 -69
62.9929 -69
62.9851 -69
62.9773 -69
62.9695 -69
62.9618 -69
62.9541 -69
62.9465 -69
62.9389 -69
62.9314 -69
62.9239 -69
62.9164 -69
62.909 -69
62.9017 -69
62.8944 -69
62.8871 -69
62.8799 -69
62.8728 -69
62.8656 -69
62.8586 -69
62.8513 -69
62.8428 -69
62.8343 -69
62.8259 -69
62.8175 -69
62.8091 -69
62.8008 -69
62.7924 -69
62.7842 -69
62.7759 -69
62.7678 -69
62.7596 -69
62.7515 -69
62.7434 -69
62.7354 -69
62.7274 -69
62.7195 -69
62.7116 -69
62.7037 -69
62.6959 -69
62.6881 -69
62.6804 -69
62.6727 -69
62.6651 -69
62.6575 -69
62.6499 -69
62.6424 -69
62.6349 -69
62.6274 -69
62.62 -69
62.6127 -69
62.6051 -69
62.5962 -68.9936
62.5873 -68.9891
62.5785 -68.9831
62.5697 -68.9767
62.5609 -68.9699
62.5522 -68.9627
62.5435 -68.9553
62.5348 -68.9478
62.5262 -68.9399
62.5176 -68.9318
62.509 -68.9235
62.5005 -68.915
62.492 -68.9064
62.4836 -68.8977
62.4752 -68.8888
62.4668 -68.8797
62.4585 -68.8705
62.4502 -68.8611
62.442 -68.8517
62.4338 -68.842
62.4256 -68.8322
62.4175 -68.8223
62.4094 -68.8123
62.4013 -68.802
62.3933 -68.7917
62.3853 -68.7811
62.3774 -68.7705
62.3695 -68.7596
62.3616 -68.7487
62.3538 -68.7375
62.3461 -68.7263
62.3383 -68.7149
62.3306 -68.7033
62.323 -68.6916
62.3154 -68.6797
62.3078 -68.6677
62.3003 -68.6555
62.2928 -68.6431
62.2853 -68.6306
62.2779 -68.6179
62.2706 -68.6051
62.2632 -68.592
62.256 -68.5789
62.2487 -68.5656
62.2415 -68.5521
62.2344 -68.5385
62.2272 -68.5249
62.2202 -68.511
62.2131 -68.4971
62.2062 -68.4831
62.1992 -68.4689
62.1923 -68.4546
62.1855 -68.4402
62.1787 -68.4257
62.1719 -68.411
62.1652 -68.3963
62.1585 -68.3814
62.1518 -68.3664
62.1452 -68.3513
62.1387 -68.3361
62.1322 -68.3208
62.1257 -68.3053
62.1193 -68.2897
62.113 -68.274
62.1066 -68.2582
62.1004 -68.2423
62.0941 -68.2263
62.0879 -68.2101
62.0818 -68.1938
62.0757 -68.1774
62.0696 -68.161
62.0636 -68.1444
62.0577 -68.1277
62.0518 -68.1108
62.0459 -68.0939
62.0401 -68.0768
62.0343 -68.0597
62.0286 -68.0423
62.0229 -68.0248
62.0172 -68.0071
62.0117 -67.9892
62.0061 -67.9712
62.0006 -67.953
61.9952 -67.9346
61.9898 -67.916
61.9844 -67.8973
61.9791 -67.8784
61.9739 -67.8593
61.9687 -67.84
61.9635 -67.8206
61.9584 -67.801
61.9534 -67.7812
61.9484 -67.7613
61.9434 -67.7412
61.9385 -67.721
61.9337 -67.7006
61.9288 -67.68
61.9241 -67.6592
61.9194 -67.6383
61.9147 -67.6171
61.9101 -67.5959
61.9056 -67.5744
61.9011 -67.5528
61.8966 -67.5309
61.8922 -67.5089
61.8877 -67.4878
61.8832 -67.467
61.8788 -67.446
61.8744 -67.4249
61.87 -67.4036
61.8657 -67.3822
61.8614 -67.3605
61.8572 -67.3387
61.8531 -67.3168
61.849 -67.2946
61.8449 -67.2723
61.8384 -67.2291
61.8319 -67.1857
61.8254 -67.1421
61.819 -67.0984
61.8126 -67.0544
61.8063 -67.0103
61.8 -66.9661
61.7938 -66.9216
61.7876 -66.877
61.7815 -66.8318
61.7752 -66.7853
61.7689 -66.7388
61.7627 -66.6921
61.7565 -66.6452
61.7504 -66.5981
61.7443 -66.5509
61.7383 -66.5035
61.7323 -66.4559
61.7264 -66.4082
61.7205 -66.3603
61.7147 -66.3122
61.7089 -66.2639
61.7032 -66.2155
61.6975 -66.1674
61.6917 -66.1194
61.686 -66.0713
61.6804 -66.023
61.6748 -65.9745
61.6693 -65.9259
61.6638 -65.8772
61.6583 -65.8282
61.6529 -65.7791
61.6476 -65.7298
61.6423 -65.6803
61.637 -65.6308
61.6318 -65.5812
61.6267 -65.5314
61.6216 -65.4814
61.6165 -65.4312
61.6115 -65.3809
61.6066 -65.3304
61.6017 -65.2798
61.5968 -65.2292
61.592 -65.1784
61.5873 -65.1274
61.5826 -65.0763
61.5779 -65.025
61.5733 -64.9735
61.5688 -64.9218
61.5643 -64.87
61.5598 -64.8181
61.5555 -64.7661
61.5511 -64.7138
61.5468 -64.6614
61.5426 -64.6089
61.5384 -64.5562
61.5343 -64.5033
61.5303 -64.4503
61.5262 -64.3971
61.5223 -64.3437
61.5184 -64.2902
61.5145 -64.2365
61.5107 -64.1826
61.507 -64.1286
61.5033 -64.0744
61.4997 -64.02
61.4961 -63.9655
61.4926 -63.9108
61.4892 -63.856
61.4858 -63.801
61.4824 -63.7458
61.4791 -63.6904
61.4759 -63.635
61.4727 -63.5794
61.4696 -63.5237
61.4665 -63.4679
61.4634 -63.412
61.4605 -63.3559
61.4575 -63.2996
61.4547 -63.2432
61.4519 -63.1866
61.4491 -63.1298
61.4465 -63.0728
61.4438 -63.0157
61.4413 -62.9584
61.4388 -62.901
61.4363 -62.8435
61.4339 -62.786
61.4315 -62.7282
61.4292 -62.6703
61.427 -62.6123
61.4248 -62.5541
61.4227 -62.4958
61.4206 -62.4373
61.4169 -62.391
61.4129 -62.3477
61.4088 -62.3044
61.4048 -62.2608
61.4009 -62.2172
61.397 -62.1734
61.3932 -62.1294
61.3894 -62.0854
61.3856 -62.0411
61.3819 -61.9968
61.3783 -61.9523
61.3721 -61.9249
61.3659 -61.8984
61.3597 -61.8718
61.3535 -61.8452
61.3474 -61.8184
61.3412 -61.7916
61.3352 -61.7646
61.3291 -61.7375
61.3231 -61.7104
61.3171 -61.6831
61.3111 -61.6557
61.3052 -61.6282
61.2993 -61.6007
61.2935 -61.573
61.2876 -61.5452
61.2818 -61.5173
61.2761 -61.4893
61.2703 -61.4612
61.2646 -61.433
61.259 -61.4046
61.2533 -61.3762
61.2477 -61.3476
61.2422 -61.3189
61.2366 -61.2901
61.2311 -61.2612
61.2257 -61.2322
61.2202 -61.203
61.2148 -61.1738
61.2095 -61.1444
61.2042 -61.1149
61.1989 -61.0853
61.1936 -61.0556
61.1884 -61.0258
61.1832 -60.9958
61.178 -60.9658
61.1729 -60.9356
61.1678 -60.9053
61.1628 -60.8749
61.1578 -60.8444
61.1528 -60.8137
61.1479 -60.783
61.1429 -60.7521
61.1381 -60.7212
61.1332 -60.6902
61.1284 -60.6591
61.1236 -60.6278
61.1189 -60.5965
61.1142 -60.5651
61.1095 -60.5336
61.1049 -60.5019
61.1003 -60.4702
61.0957 -60.4383
61.0912 -60.4064
61.0867 -60.3743
61.0823 -60.3421
61.0778 -60.3098
61.0735 -60.2773
61.0691 -60.2448
61.0648 -60.2121
61.0605 -60.1793
61.0563 -60.1465
61.0521 -60.1135
61.048 -60.0803
61.0438 -60.0471
61.0398 -60.0138
61.0357 -59.9804
61.0317 -59.9469
61.0277 -59.9133
61.0238 -59.8795
61.0199 -59.8456
61.016 -59.8117
61.0122 -59.7776
61.0084 -59.7433
61.0046 -59.7093
61.0009 -59.6752
60.9971 -59.6411
60.9934 -59.6067
60.9898 -59.5723
60.9862 -59.5378
60.9826 -59.5032
60.9777 -59.4768
60.9719 -59.4561
60.9662 -59.4354
60.9604 -59.4146
60.9547 -59.3937
60.9491 -59.3728
60.9434 -59.3517
60.9377 -59.3308
60.9321 -59.3099
60.9264 -59.2889
60.9208 -59.2678
60.9153 -59.2467
60.9097 -59.2254
60.9042 -59.2041
60.8987 -59.1827
60.8932 -59.1611
60.8877 -59.1395
60.8823 -59.1178
60.8769 -59.096
60.8716 -59.0742
60.8662 -59.0522
60.8609 -59.0302
60.8556 -59.008
60.8504 -58.9858
60.8452 -58.9635
60.84 -58.941
60.8348 -58.9185
60.8297 -58.8959
60.8245 -58.8733
60.8195 -58.8505
60.8141 -58.8294
60.8087 -58.8085
60.8033 -58.7875
60.7979 -58.7664
60.7926 -58.7452
60.7873 -58.724
60.782 -58.7027
60.7768 -58.6814
60.7715 -58.66
60.7663 -58.6386
60.7611 -58.6171
60.7559 -58.5955
60.7507 -58.5743
60.7451 -58.5551
60.7395 -58.5358
60.7339 -58.5165
60.7284 -58.497
60.7229 -58.4775
60.7174 -58.4578
60.7119 -58.4381
60.7065 -58.4183
60.701 -58.3985
60.6957 -58.3785
60.6903 -58.3584
60.685 -58.3383
60.6796 -58.3181
60.6744 -58.2977
60.6691 -58.2773
60.6639 -58.2568
60.6587 -58.2363
60.6533 -58.2111
60.6477 -58.1822
60.6422 -58.1531
60.6367 -58.124
60.6313 -58.0948
60.6258 -58.0655
60.6204 -58.0361
60.615 -58.0067
60.6097 -57.9771
60.6043 -57.9475
60.599 -57.9178
60.5937 -57.8881
60.5885 -57.8582
60.5833 -57.8283
60.5781 -57.7982
60.5729 -57.7681
60.5677 -57.7379
60.5626 -57.7077
60.5575 -57.6773
60.5525 -57.6468
60.5474 -57.6163
60.5424 -57.5857
60.5374 -57.5549
60.5325 -57.5241
60.5276 -57.4932
60.5227 -57.4622
60.5178 -57.4311
60.5129 -57.4
60.5081 -57.3687
60.5033 -57.3374
60.4986 -57.306
60.4939 -57.2745
60.4892 -57.2429
60.4845 -57.2112
60.4798 -57.1795
60.4752 -57.1476
60.4706 -57.1157
60.4661 -57.0837
60.4615 -57.0516
60.457 -57.0194
60.4526 -56.9871
60.4481 -56.9547
60.4437 -56.9223
60.4393 -56.8897
60.435 -56.8571
60.4305 -56.8254
60.4258 -56.7944
60.4212 -56.7633
60.4167 -56.7322
60.4121 -56.7009
60.4076 -56.6696
60.4031 -56.6382
60.3986 -56.6067
60.3942 -56.5751
60.3898 -56.5434
60.3854 -56.5116
60.3811 -56.4798
60.3768 -56.4478
60.3725 -56.4158
60.3682 -56.3837
60.3645 -56.3493
60.3612 -56.3129
60.358 -56.2764
60.3548 -56.2398
60.3517 -56.2031
60.3485 -56.1663
60.3454 -56.1296
60.3424 -56.0927
60.3393 -56.0557
60.3363 -56.0187
60.3333 -55.9819
60.3301 -55.9462
60.3271 -55.9125
60.324 -55.8787
60.321 -55.8448
60.3176 -55.813
60.3142 -55.7812
60.3109 -55.7493
60.3075 -55.7173
60.3042 -55.6853
60.3009 -55.6533
60.2977 -55.6212
60.2945 -55.589
60.2913 -55.5568
60.2881 -55.5246
60.2849 -55.4923
60.2818 -55.46
60.2787 -55.4276
60.2756 -55.3952
60.2725 -55.3628
60.2695 -55.3303
60.2664 -55.2978
60.2634 -55.2652
60.2604 -55.2326
60.2575 -55.2
60.2545 -55.1674
60.2516 -55.1347
60.2487 -55.102
60.2458 -55.0693
60.243 -55.0365
60.2401 -55.0038
60.2373 -54.971
60.2345 -54.9382
60.2317 -54.9054
60.2289 -54.8726
60.2242 -54.8494
60.2195 -54.8167
60.2147 -54.7879
60.2099 -54.7589
60.2052 -54.7297
60.2004 -54.7004
60.1957 -54.6708
60.1911 -54.6412
60.1864 -54.6113
60.1818 -54.5813
60.1773 -54.5511
60.1727 -54.5208
60.1682 -54.4902
60.1637 -54.4595
60.1604 -54.4334
60.1589 -54.4138
60.1573 -54.394
60.1557 -54.374
60.1542 -54.3538
60.1523 -54.3242
60.1502 -54.2898
60.1482 -54.2553
60.1461 -54.2208
60.1442 -54.1861
60.1422 -54.1513
60.1403 -54.1164
60.1384 -54.0814
60.1365 -54.0462
60.1347 -54.0109
60.1332 -53.9742
60.1324 -53.9347
60.1316 -53.8952
60.1308 -53.8555
60.1301 -53.8158
60.1294 -53.7759
60.1288 -53.7359
60.1281 -53.6959
60.1276 -53.6557
60.127 -53.6155
60.1265 -53.5752
60.1261 -53.5347
60.1257 -53.4942
60.1253 -53.4535
60.1249 -53.4128
60.1246 -53.3719
60.1241 -53.3342
60.1234 -53.298
60.1227 -53.2617
60.1221 -53.2252
60.1216 -53.1887
60.121 -53.1521
60.1206 -53.1154
60.1201 -53.0786
60.1197 -53.0417
60.1193 -53.0048
60.119 -52.9677
60.1187 -52.9306
60.1184 -52.8934
60.1182 -52.856
60.118 -52.8187
60.1179 -52.7812
60.1178 -52.7436
60.1177 -52.7059
60.1177 -52.6682
60.1177 -52.6304
60.1177 -52.5925
60.1178 -52.5545
60.1179 -52.5164
60.1181 -52.4783
60.1182 -52.44
60.1185 -52.4016
60.1188 -52.3631
60.1191 -52.3245
60.1194 -52.2858
60.1198 -52.247
60.1203 -52.2081
60.1207 -52.1693
60.1211 -52.131
60.1215 -52.0926
60.1219 -52.0541
60.1224 -52.0155
60.123 -51.9769
60.1235 -51.9381
60.1241 -51.8992
60.1248 -51.8603
60.1248 -51.825
60.1225 -51.8024
60.1202 -51.7798
60.1179 -51.7571
60.1157 -51.7344
60.1135 -51.7116
60.1113 -51.6888
60.1092 -51.6659
60.1071 -51.6429
60.105 -51.6198
60.1029 -51.5967
60.1008 -51.5736
60.0988 -51.5503
60.0968 -51.527
60.0949 -51.5036
60.0929 -51.4802
60.091 -51.4567
60.0891 -51.4331
60.0873 -51.4095
60.0855 -51.3858
60.0837 -51.362
60.0819 -51.3382
60.0801 -51.3143
60.0784 -51.2903
60.0767 -51.2663
60.0751 -51.2422
60.0734 -51.2181
60.0718 -51.1939
60.0702 -51.1696
60.0687 -51.1453
60.0671 -51.1209
60.0656 -51.0964
60.0642 -51.0718
60.0627 -51.0472
60.0613 -51.0226
60.0599 -50.9978
60.0586 -50.973
60.0572 -50.9481
60.0559 -50.9232
60.0546 -50.8982
60.0526 -50.8774
60.0482 -50.8683
60.0438 -50.8591
60.0395 -50.8499
60.0351 -50.8407
60.0308 -50.8314
60.0265 -50.822
60.0222 -50.8127
60.018 -50.8032
60.0137 -50.7937
60.0095 -50.7842
60.0052 -50.7746
60.001 -50.765
59.9968 -50.7554
59.9926 -50.7457
59.9885 -50.7359
59.9843 -50.7261
59.9802 -50.7163
59.9761 -50.7064
59.9719 -50.6965
59.9679 -50.6865
59.9638 -50.6765
59.9597 -50.6664
59.9557 -50.6563
59.9516 -50.6462
59.9476 -50.636
59.9436 -50.6257
59.9397 -50.6154
59.9357 -50.6051
59.9317 -50.5947
59.9278 -50.5843
59.9239 -50.5738
59.92 -50.5633
59.9161 -50.5528
59.9122 -50.5421
59.9085 -50.531
59.9046 -50.5204
59.9009 -50.5131
59.8971 -50.503
59.8933 -50.4929
59.8895 -50.4829
59.8857 -50.4724
59.8819 -50.4614
59.878 -50.4506
59.8742 -50.4399
59.8704 -50.4295
59.8665 -50.4194
59.8569 -50.2957
59.8526 -50.2796
59.8484 -50.2635
59.8442 -50.2473
59.8401 -50.2309
59.8359 -50.2145
59.8318 -50.1966
59.8276 -50.1785
59.8235 -50.1604
59.8195 -50.1423
59.8154 -50.124
59.8113 -50.1056
59.8073 -50.0872
59.8033 -50.0687
59.7993 -50.0501
59.7954 -50.0313
59.7915 -50.0126
59.7875 -49.9937
59.7837 -49.9747
59.7798 -49.9557
59.7759 -49.9365
59.7721 -49.9173
59.7683 -49.898
59.7645 -49.8785
59.7608 -49.8591
59.757 -49.8395
59.7533 -49.8198
59.7496 -49.8
59.746 -49.7802
59.7423 -49.7603
59.7387 -49.7402
59.7351 -49.7201
59.7315 -49.6999
59.728 -49.6796
59.7246 -49.6657
59.7212 -49.652
59.7179 -49.6381
59.7145 -49.624
59.7112 -49.6097
59.7079 -49.5953
59.7047 -49.5806
59.7014 -49.5658
59.6982 -49.5508
59.6949 -49.5356
59.6917 -49.5203
59.6886 -49.5047
59.6854 -49.489
59.6822 -49.4731
59.6791 -49.457
59.676 -49.4407
59.6729 -49.4242
59.6699 -49.4076
59.6668 -49.3908
59.6638 -49.3738
59.6608 -49.3566
59.6578 -49.3392
59.6549 -49.3217
59.6519 -49.304
59.649 -49.2861
59.6461 -49.268
59.6432 -49.2497
59.6404 -49.2313
59.6375 -49.2127
59.6347 -49.1939
59.6319 -49.1749
59.6291 -49.1558
59.6264 -49.1365
59.6237 -49.117
59.621 -49.0974
59.6183 -49.0775
59.6156 -49.0575
59.613 -49.0373
59.6104 -49.017
59.6078 -48.9965
59.6052 -48.9759
59.6027 -48.955
59.6002 -48.934
59.5977 -48.9128
59.5952 -48.8914
59.5927 -48.8698
59.5903 -48.848
59.5879 -48.826
59.5858 -48.8058
59.5836 -48.785
59.5816 -48.7644
59.5795 -48.7435
59.5775 -48.7225
59.5755 -48.7013
59.5735 -48.6799
59.5715 -48.6584
59.5696 -48.6367
59.5676 -48.6148
59.5658 -48.5926
59.5639 -48.5702
59.562 -48.5476
59.5602 -48.5247
59.5584 -48.5016
59.5567 -48.4784
59.5549 -48.4549
59.5532 -48.4311
59.5515 -48.4072
59.5499 -48.383
59.5482 -48.3586
59.5466 -48.334
59.545 -48.3091
59.5435 -48.284
59.5419 -48.2587
59.5404 -48.2331
59.539 -48.2073
59.5375 -48.1813
59.5361 -48.1551
59.5347 -48.1287
59.5334 -48.102
59.532 -48.0752
59.5307 -48.0481
59.5294 -48.0209
59.5282 -47.9934
59.527 -47.9657
59.5258 -47.9379
59.5246 -47.9098
59.5235 -47.8815
59.5224 -47.853
59.5213 -47.8242
59.5203 -47.7952
59.5192 -47.7661
59.5183 -47.7368
59.5173 -47.7073
59.5164 -47.6775
59.5155 -47.6475
59.5146 -47.6173
59.5138 -47.5869
59.513 -47.5562
59.5122 -47.5253
59.5115 -47.4955
59.5107 -47.4688
59.5099 -47.442
59.5092 -47.415
59.5084 -47.3878
59.5078 -47.3605
59.5071 -47.333
59.5065 -47.3053
59.5059 -47.2775
59.5053 -47.2496
59.5048 -47.2215
59.5042 -47.1933
59.5038 -47.1649
59.5033 -47.1363
59.5029 -47.1076
59.5025 -47.0787
59.5021 -47.0495
59.5018 -47.0201
59.5015 -46.9905
59.5012 -46.9607
59.501 -46.9306
59.5008 -46.9004
59.5006 -46.8699
59.5004 -46.8364
59.5002 -46.8026
59.5 -46.7685
59.4998 -46.7343
59.4997 -46.6998
59.4996 -46.6651
59.4996 -46.6302
59.4995 -46.5951
59.4995 -46.5598
59.4996 -46.5243
59.4997 -46.4886
59.4998 -46.4527
59.4999 -46.4166
59.5001 -46.3803
59.5003 -46.3438
59.5005 -46.3073
59.5008 -46.2705
59.5011 -46.2335
59.5014 -46.1963
59.5018 -46.1588
59.5022 -46.1212
59.5026 -46.0834
59.5031 -46.0454
59.5036 -46.0071
59.5041 -45.9685
59.5047 -45.9297
59.5053 -45.8906
59.506 -45.8513
59.5067 -45.8117
59.5074 -45.7718
59.5082 -45.7318
59.509 -45.6914
59.5094 -45.6513
59.5091 -45.6118
59.5089 -45.572
59.5087 -45.532
59.5086 -45.4917
59.5085 -45.4512
59.5084 -45.4105
59.5083 -45.3695
59.5084 -45.3283
59.5084 -45.287
59.5084 -45.2454
59.5086 -45.2036
59.5087 -45.1616
59.5089 -45.1193
59.5091 -45.0769
59.5094 -45.0343
59.5096 -44.9915
59.51 -44.9484
59.5103 -44.9051
59.5108 -44.8615
59.5112 -44.8176
59.5117 -44.7735
59.5121 -44.73
59.5125 -44.6865
59.513 -44.6428
59.5135 -44.5989
59.5141 -44.5547
59.5146 -44.5102
59.5153 -44.4657
59.5159 -44.4209
59.5166 -44.3759
59.5174 -44.3306
59.5181 -44.2851
59.519 -44.2394
59.5198 -44.1934
59.5207 -44.1472
59.5217 -44.1007
59.5227 -44.054
59.5237 -44.007
59.5248 -43.9598
59.5259 -43.9125
59.5271 -43.865
59.5283 -43.8172
59.5295 -43.7692
59.5308 -43.721
59.5321 -43.6725
59.5335 -43.6238
59.5349 -43.5749
59.5363 -43.5259
59.5378 -43.4766
59.5394 -43.4271
59.541 -43.3774
59.5426 -43.3274
59.5443 -43.2773
59.546 -43.227
59.5477 -43.1764
59.5495 -43.1256
59.5514 -43.0746
59.5533 -43.0235
59.5552 -42.9722
59.5572 -42.9207
59.5592 -42.869
59.5612 -42.8172
59.5633 -42.7652
59.5655 -42.7129
59.5677 -42.6604
59.5699 -42.6076
59.5722 -42.5545
59.5746 -42.5013
59.577 -42.4478
59.5794 -42.394
59.5819 -42.3401
59.5844 -42.2859
59.587 -42.2315
59.5896 -42.1769
59.5923 -42.1221
59.595 -42.067
59.5978 -42.0118
59.6006 -41.9564
59.6035 -41.9007
59.6064 -41.8448
59.6094 -41.7887
59.6124 -41.7323
59.6155 -41.6756
59.6186 -41.6188
59.6218 -41.5617
59.625 -41.5044
59.6283 -41.4468
59.6316 -41.389
59.635 -41.331
59.6384 -41.2729
59.6419 -41.2148
59.6454 -41.1564
59.649 -41.0978
59.6526 -41.039
59.6562 -40.9801
59.6599 -40.9209
59.6637 -40.8616
59.6675 -40.802
59.6714 -40.7421
59.6753 -40.682
59.6793 -40.6217
59.6833 -40.5612
59.6874 -40.5004
59.6915 -40.4394
59.6957 -40.3782
59.7 -40.3169
59.7043 -40.2555
59.7086 -40.194
59.713 -40.1323
59.7174 -40.0704
59.7219 -40.0083
59.7264 -39.9461
59.731 -39.8836
59.7356 -39.8209
59.7403 -39.7582
59.745 -39.6954
59.7498 -39.6325
59.7547 -39.5694
59.7595 -39.506
59.7645 -39.4424
59.7695 -39.3787
59.7745 -39.3148
59.7796 -39.2509
59.7847 -39.1869
59.7899 -39.1227
59.7952 -39.0584
59.8004 -38.9938
59.8058 -38.9291
59.8112 -38.8643
59.8166 -38.7993
59.8221 -38.7342
59.8277 -38.6688
59.8333 -38.6032
59.839 -38.5375
59.8447 -38.4715
59.8504 -38.4054
59.8563 -38.3391
59.8622 -38.2727
59.8681 -38.206
59.8741 -38.1391
59.8802 -38.0722
59.8863 -38.0051
59.8924 -37.9377
59.8986 -37.8702
59.9049 -37.8025
59.9112 -37.7344
59.9176 -37.666
59.9239 -37.5976
59.9303 -37.5291
59.9368 -37.4608
59.9433 -37.3927
59.9498 -37.3248
59.9563 -37.2569
59.9629 -37.189
59.9695 -37.121
59.9761 -37.0528
59.9829 -36.9847
59.9896 -36.9167
59.9964 -36.8487
60.0032 -36.7805
60.0101 -36.7122
60.0171 -36.6437
60.0241 -36.575
60.0311 -36.5062
60.0381 -36.4375
60.0443 -36.3702
60.0505 -36.3027
60.0568 -36.235
60.0632 -36.1673
60.0695 -36.0995
60.076 -36.0316
60.0825 -35.9636
60.089 -35.8953
60.0957 -35.8267
60.1023 -35.7581
60.1091 -35.6893
60.1159 -35.6204
60.1227 -35.5513
60.1296 -35.4821
60.1365 -35.413
60.1435 -35.3438
60.1505 -35.2746
60.1576 -35.2052
60.1647 -35.1356
60.1719 -35.0658
60.1792 -34.9959
60.1865 -34.9258
60.1939 -34.8555
60.2013 -34.7852
60.2087 -34.7148
60.2163 -34.6443
60.2238 -34.5738
60.2314 -34.5032
60.2391 -34.4324
60.2468 -34.3614
60.2546 -34.2903
60.2625 -34.2189
60.2704 -34.1473
60.2784 -34.0754
60.2864 -34.0035
60.2945 -33.9315
60.3027 -33.8595
60.3109 -33.7874
60.3191 -33.7153
60.3274 -33.643
60.3358 -33.5704
60.3442 -33.4977
60.3526 -33.425
60.3611 -33.3524
60.3697 -33.2796
60.3783 -33.2067
60.387 -33.1336
60.3957 -33.0602
60.4045 -32.9867
60.4131 -32.9132
60.4219 -32.8395
60.4306 -32.7657
60.4394 -32.6921
60.4483 -32.6182
60.4572 -32.5442
60.4662 -32.47
60.4753 -32.3958
60.4844 -32.3214
60.4935 -32.2468
60.5028 -32.1721
60.512 -32.0975
60.5213 -32.0228
60.5307 -31.948
60.5399 -31.8734
60.5489 -31.7988
60.5581 -31.7241
60.5673 -31.6492
60.5765 -31.5741
60.5859 -31.4989
60.5952 -31.4234
60.6047 -31.3478
60.6142 -31.272
60.6238 -31.196
60.6335 -31.1197
60.6432 -31.0434
60.6529 -30.967
60.6628 -30.8904
60.6727 -30.8136
60.6826 -30.7366
60.6927 -30.6594
60.7028 -30.582
60.7129 -30.5046
60.7231 -30.4275
60.7333 -30.3501
60.7436 -30.2726
60.754 -30.195
60.7644 -30.1175
60.7748 -30.04
60.7853 -29.9625
60.7959 -29.8848
60.8065 -29.807
60.8172 -29.7292
60.8279 -29.6513
60.8387 -29.5733
60.8495 -29.495
60.8604 -29.4166
60.8714 -29.338
60.8825 -29.2593
60.8936 -29.1803
60.9047 -29.1013
60.916 -29.0221
60.9273 -28.9428
60.9387 -28.8633
60.95 -28.7841
60.9615 -28.705
60.9729 -28.6258
60.9845 -28.5467
60.996 -28.4677
61.0076 -28.3885
61.0193 -28.3091
61.0311 -28.2295
61.0429 -28.1497
61.0548 -28.0697
61.0668 -27.9896
61.0788 -27.9093
61.0909 -27.8289
61.1031 -27.7483
61.1153 -27.6678
61.1275 -27.5874
61.1398 -27.507
61.1522 -27.4264
61.1646 -27.3459
61.1771 -27.2652
61.1896 -27.1844
61.2022 -27.1033
61.2149 -27.0221
61.2276 -26.9406
61.2405 -26.859
61.2534 -26.7772
61.2663 -26.6953
61.2793 -26.6134
61.2924 -26.5313
61.3055 -26.4494
61.3187 -26.3676
61.3319 -26.2855
61.3452 -26.2033
61.3585 -26.121
61.3719 -26.0387
61.3854 -25.9562
61.399 -25.8735
61.4126 -25.7907
61.4263 -25.7076
61.44 -25.6244
61.4539 -25.541
61.4678 -25.4574
61.4814 -25.374
61.4948 -25.2907
61.5082 -25.2073
61.5217 -25.1239
61.5352 -25.0404
61.5488 -24.9567
61.5625 -24.8729
61.5763 -24.7889
61.5901 -24.7047
61.604 -24.6207
61.6178 -24.537
61.6318 -24.453
61.6458 -24.3689
61.6599 -24.2847
61.6741 -24.2003
61.6882 -24.116
61.7025 -24.032
61.7167 -23.9478
61.731 -23.8638
61.7454 -23.7797
61.7598 -23.6956
61.7743 -23.6114
61.7889 -23.527
61.8035 -23.4425
61.8182 -23.3578
61.833 -23.2729
61.8478 -23.1878
61.8628 -23.1025
61.8778 -23.0171
61.8928 -22.9315
61.908 -22.8456
61.9232 -22.7597
61.9385 -22.6737
61.9539 -22.5875
61.9693 -22.5012
61.9848 -22.4147
62.0003 -22.3284
62.0159 -22.2423
62.0315 -22.1564
62.0471 -22.0703
62.0628 -21.9841
62.0786 -21.8978
62.0945 -21.8115
62.1104 -21.7251
62.1263 -21.6386
62.1424 -21.5519
62.1585 -21.4649
62.1747 -21.3779
62.191 -21.2908
62.2073 -21.2035
62.2237 -21.1161
62.2402 -21.0284
62.2568 -20.9406
62.2735 -20.8527
62.2902 -20.7645
62.3069 -20.6763
62.3236 -20.588
62.3404 -20.4996
62.3573 -20.4111
62.3743 -20.3225
62.3913 -20.2337
62.4084 -20.145
62.4256 -20.0562
62.4428 -19.9673
62.4601 -19.8781
62.4774 -19.7891
62.4948 -19.7003
62.5121 -19.6118
62.5296 -19.5232
62.5471 -19.4345
62.5646 -19.3458
62.5822 -19.2571
62.5999 -19.1685
62.6176 -19.0797
62.6354 -18.9908
62.6533 -18.9017
62.6712 -18.8125
62.6892 -18.7232
62.7073 -18.6337
62.7255 -18.5441
62.7437 -18.4543
62.7621 -18.3644
62.7804 -18.2744
62.7989 -18.1846
62.8173 -18.0949
62.8357 -18.0055
62.8543 -17.9159
62.8729 -17.8262
62.8916 -17.7363
62.9103 -17.6463
62.9291 -17.5564
62.948 -17.4665
62.9669 -17.3765
62.9859 -17.2863
63.005 -17.196
63.0241 -17.1055
63.0433 -17.0152
63.0626 -16.9247
63.0819 -16.8343
63.1012 -16.744
63.1206 -16.6536
63.1401 -16.5633
63.1596 -16.4729
63.1792 -16.3823
63.1989 -16.2915
63.2186 -16.2006
63.2384 -16.1097
63.2583 -16.0186
63.2783 -15.9274
63.2984 -15.836
63.3185 -15.7445
63.3387 -15.6529
63.3589 -15.5613
63.3793 -15.4696
63.3997 -15.3777
63.4201 -15.2858
63.4405 -15.1946
63.461 -15.1033
63.4816 -15.0118
63.5022 -14.9203
63.5228 -14.8291
63.5435 -14.7378
63.5642 -14.6464
63.585 -14.555
63.6059 -14.4639
63.6267 -14.3728
63.6477 -14.2816
63.6687 -14.1903
63.6896 -14.0977
63.7106 -14.0047
63.7316 -13.9114
63.7527 -13.818
63.7739 -13.7245
63.7952 -13.6307
63.8166 -13.5369
63.838 -13.4431
63.8594 -13.3497
63.8808 -13.2562
63.9023 -13.1628
63.9239 -13.0694
63.9455 -12.9758
63.9672 -12.8823
63.9889 -12.789
64.0107 -12.6954
64.0326 -12.6018
64.0545 -12.508
64.0765 -12.4143
64.0985 -12.3208
64.1206 -12.2274
64.1427 -12.1338
64.1649 -12.0403
64.1871 -11.9467
64.2094 -11.8533
64.2317 -11.7599
64.254 -11.6665
64.2765 -11.573
64.2989 -11.4796
64.3215 -11.3861
64.3441 -11.2924
64.3668 -11.1986
64.3896 -11.1048
64.4124 -11.011
64.4352 -10.9176
64.4581 -10.8242
64.481 -10.7308
64.5039 -10.6374
64.527 -10.544
64.55 -10.4506
64.5732 -10.3569
64.5965 -10.2632
64.6197 -10.1695
64.643 -10.076
64.6664 -9.98228
64.6899 -9.88846
64.7135 -9.79449
64.7371 -9.70037
64.7608 -9.6061
64.7845 -9.51196
64.8082 -9.41839
64.832 -9.32493
64.8558 -9.23138
64.8796 -9.13793
64.9035 -9.0447
64.9274 -8.95138
64.9514 -8.85791
64.9755 -8.7644
64.9996 -8.671
65.0237 -8.57746
65.048 -8.48377
65.0723 -8.38994
65.0968 -8.29595
65.1213 -8.20182
65.1459 -8.10754
65.1705 -8.01315
65.1953 -7.91865
65.22 -7.82428
65.2448 -7.73007
65.2697 -7.63581
65.2946 -7.54145
65.3196 -7.447
65.3447 -7.35254
65.3698 -7.25793
65.3949 -7.16357
65.4202 -7.06917
65.4454 -6.97472
65.4707 -6.88035
65.4961 -6.78624
65.5214 -6.69223
65.5468 -6.59824
65.5723 -6.50425
65.5978 -6.41014
65.6235 -6.31588
65.6491 -6.222
65.6747 -6.12829
65.7004 -6.03447
65.7261 -5.94067
65.752 -5.84675
65.7779 -5.75271
65.8038 -5.65864
65.8298 -5.56495
65.8558 -5.47137
65.8818 -5.37765
65.908 -5.28379
65.9342 -5.18979
65.9605 -5.09564
65.9868 -5.00178
66.0131 -4.90822
66.0395 -4.81479
66.0659 -4.72127
66.0924 -4.62761
66.1189 -4.53389
66.1455 -4.44007
66.1723 -4.34612
66.199 -4.25208
66.2258 -4.15834
66.2526 -4.06464
66.2795 -3.9709
66.3065 -3.87703
66.3335 -3.78302
66.3606 -3.68892
66.3878 -3.59488
66.415 -3.50096
66.4422 -3.40705
66.4695 -3.31307
66.4969 -3.21902
66.5244 -3.12482
66.5519 -3.03054
66.5794 -2.93663
66.607 -2.84268
66.6347 -2.7487
66.6624 -2.65474
66.6901 -2.56085
66.7179 -2.46698
66.7456 -2.37361
66.7733 -2.2809
66.801 -2.18815
66.8288 -2.09527
66.8566 -2.00251
66.8845 -1.90967
66.9125 -1.8168
66.9405 -1.72381
66.9686 -1.63071
66.9968 -1.53754
67.025 -1.44439
67.0533 -1.35118
67.0817 -1.25784
67.1102 -1.1645
67.1387 -1.07104
67.1673 -0.977442
67.1959 -0.883717
67.2247 -0.790003
67.2534 -0.696295
67.2822 -0.602992
67.311 -0.509622
67.3399 -0.416123
67.3688 -0.322766
67.3978 -0.229439
67.4267 -0.136791
67.4557 -0.044147
67.4846 0.0482682
67.5135 0.140376
67.5426 0.232601
67.5716 0.324644
67.6007 0.416812
67.6298 0.508706
67.6589 0.600485
67.6882 0.692341
67.7174 0.784285
67.7466 0.875462
67.7758 0.966561
67.8051 1.05766
67.8344 1.14887
67.8638 1.24022
67.8933 1.33168
67.9229 1.42321
67.9525 1.51477
67.9822 1.60642
68.012 1.69804
68.0418 1.78974
68.0717 1.88156
68.1016 1.97336
68.1316 2.06517
68.1617 2.15711
68.1918 2.24877
68.2219 2.34053
68.2521 2.43241
68.2824 2.5244
68.3127 2.61581
68.3429 2.70698
68.3732 2.79799
68.4035 2.88911
68.4339 2.98018
68.4643 3.07123
68.4946 3.16156
68.5248 3.25134
68.5552 3.3412
68.5855 3.43106
68.6159 3.5208
68.6464 3.61064
68.677 3.70061
68.7076 3.79063
68.7383 3.88077
68.7691 3.97103
68.7999 4.06128
68.8308 4.15155
68.8617 4.24193
68.8927 4.33213
68.9237 4.42201
68.9547 4.51189
68.9857 4.60163
69.0168 4.69149
69.048 4.78146
69.0792 4.87155
69.1106 4.96175
69.142 5.05208
69.1735 5.14238
69.2049 5.23225
69.2364 5.3222
69.268 5.41226
69.2996 5.50219
69.3312 5.59223
69.3629 5.68217
69.3946 5.77168
69.4262 5.86059
69.4578 5.94953
69.4893 6.0377
69.5208 6.12572
69.5524 6.21385
69.5841 6.30197
69.6158 6.3901
69.6475 6.47811
69.6793 6.56604
69.7111 6.654
69.743 6.74193
69.7749 6.82996
69.807 6.91811
69.839 7.00629
69.8712 7.09455
69.9033 7.18258
69.9355 7.2705
69.9676 7.35796
69.9997 7.44495
70.0318 7.53192
70.064 7.61898
70.0962 7.70613
70.1286 7.7934
70.1609 7.88073
70.1932 7.96806
70.2256 8.05526
70.2579 8.14206
70.2903 8.2286
70.3226 8.315
70.355 8.40145
70.3874 8.48782
70.4197 8.57329
70.452 8.65878
70.4844 8.74432
70.5169 8.82985
70.5493 8.91531
70.5818 9.00037
70.6141 9.08507
70.6466 9.16973
70.679 9.25413
70.7115 9.33845
70.744 9.42282
70.7766 9.5073
70.8092 9.59188
70.8418 9.67611
70.8744 9.7599
70.907 9.84372
70.9397 9.9273
70.9723 10.0109
71.0051 10.0947
71.0379 10.1785
71.0708 10.2625
71.1037 10.3461
71.1365 10.4292
71.1693 10.5121
71.2022 10.5951
71.2351 10.6782
71.2681 10.7614
71.3012 10.8447
71.3344 10.928
71.3675 11.0113
71.4006 11.094
71.4337 11.1765
71.4666 11.258
71.4995 11.3393
71.5325 11.4207
71.5655 11.5019
71.5984 11.5827
71.6313 11.6635
71.6644 11.7445
71.6975 11.8255
71.7307 11.9066
71.7638 11.9873
71.797 12.0678
71.8302 12.1484
71.8634 12.2292
71.8968 12.3099
71.9302 12.3907
71.9635 12.4712
71.9969 12.5515
72.0303 12.632
72.0638 12.7123
72.0973 12.7924
72.1308 12.8726
72.1643 12.9526
72.1978 13.0321
72.2313 13.1117
72.2648 13.1913
72.2985 13.2711
72.3322 13.3509
72.366 13.4308
72.3998 13.5107
72.4337 13.5907
72.4676 13.6706
72.5016 13.7505
72.5356 13.8305
72.5697 13.9106
72.6039 13.9907
72.6381 14.0709
72.6724 14.1511
72.7067 14.2313
72.7411 14.3116
72.7756 14.3919
72.8101 14.4722
72.8446 14.5526
72.8792 14.633
72.9139 14.7136
72.9487 14.7942
72.9835 14.8749
73.0184 14.9555
73.0532 15.036
73.0881 15.1162
73.123 15.1965
73.1579 15.2768
73.1929 15.357
73.228 15.4374
73.2631 15.5178
73.2983 15.5983
73.3336 15.6788
73.3689 15.7593
73.4042 15.8399
73.4396 15.9205
73.4751 16.0013
73.5107 16.0821
73.5463 16.1629
73.582 16.2437
73.6175 16.324
73.6531 16.4042
73.6888 16.4843
73.7245 16.5646
73.7602 16.6449
73.7961 16.7253
73.832 16.8058
73.8679 16.8863
73.9039 16.9669
73.94 17.0475
73.9762 17.1282
74.0123 17.2088
74.0485 17.2894
74.0848 17.3702
74.1212 17.451
74.1577 17.5319
74.1942 17.6129
74.2305 17.6931
74.2669 17.7734
74.3034 17.8538
74.34 17.9343
74.3766 18.0149
74.4133 18.0954
74.45 18.176
74.4868 18.2567
74.5237 18.3373
74.5606 18.4181
74.5975 18.4987
74.6344 18.5789
74.6713 18.6592
74.7083 18.7396
74.7454 18.8201
74.7825 18.9006
74.8197 18.9812
74.857 19.0618
74.8943 19.1422
74.9316 19.2227
74.9689 19.3033
75.0064 19.3839
75.0439 19.4646
75.0815 19.5453
75.1191 19.626
75.1567 19.7067
75.1943 19.787
75.232 19.8673
75.2697 19.9477
75.3075 20.0282
75.3454 20.1088
75.3833 20.1894
75.4213 20.2701
75.4593 20.3508
75.4974 20.4316
75.5354 20.5119
75.5734 20.5919
75.6115 20.672
75.6496 20.7522
75.6878 20.8325
75.7261 20.9128
75.7644 20.9932
75.8028 21.0736
75.8413 21.1541
75.8798 21.2347
75.9183 21.3152
75.9567 21.395
75.9952 21.4749
76.0337 21.5549
76.0724 21.6349
76.111 21.7151
76.1498 21.7953
76.1885 21.8752
76.2272 21.955
76.266 22.0348
76.3048 22.1145
76.3437 22.1943
76.3826 22.2741
76.4216 22.354
76.4606 22.4338
76.4997 22.5137
76.5388 22.5936
76.5779 22.6733
76.6171 22.7531
76.6563 22.8329
76.6955 22.9124
76.7348 22.9919
76.7741 23.0714
76.8135 23.151
76.8529 23.2307
76.8924 23.3105
76.9319 23.39
76.9714 23.4694
77.0109 23.5484
77.0504 23.6275
77.0899 23.7066
77.1296 23.7859
77.1693 23.8652
77.2091 23.9446
77.2489 24.024
77.2887 24.1032
77.3284 24.1818
77.3682 24.2606
77.408 24.3394
77.4479 24.4183
77.4879 24.4972
77.5279 24.5759
77.5678 24.6544
77.6078 24.7329
77.6478 24.8115
77.6879 24.89
77.7281 24.9687
77.7683 25.0474
77.8086 25.1259
77.8489 25.2045
77.8892 25.2831
77.9296 25.3618
77.97 25.4403
78.0104 25.5185
78.0508 25.5968
78.0913 25.6752
78.1319 25.7536
78.1725 25.832
78.213 25.9102
78.2535 25.9878
78.294 26.0655
78.3346 26.1432
78.3753 26.2211
78.416 26.299
78.4568 26.3767
78.4974 26.454
78.538 26.5311
78.5787 26.6083
78.6195 26.6855
78.6602 26.7625
78.7009 26.8393
78.7417 26.9161
78.7825 26.9929
78.8234 27.0699
78.8644 27.1468
78.9054 27.2238
78.9464 27.3008
78.9875 27.3778
79.0287 27.4548
79.0699 27.5319
79.1111 27.6088
79.1523 27.6855
79.1935 27.7623
79.2349 27.8392
79.2762 27.916
79.3175 27.9923
79.3588 28.0686
79.4002 28.145
79.4416 28.2215
79.483 28.2976
79.5243 28.3736
79.5658 28.4496
79.6071 28.5253
79.6486 28.601
79.6901 28.6768
79.7317 28.7527
79.7733 28.8287
79.815 28.9047
79.8568 28.9808
79.8986 29.057
79.9405 29.1332
79.9825 29.2095
80.0245 29.2859
80.0666 29.3624
80.1088 29.4389
80.151 29.5155
80.1933 29.5922
80.2357 29.6689
80.2781 29.7457
80.3206 29.8226
80.3632 29.8996
80.4058 29.9766
80.4485 30.0537
80.4913 30.1308
80.5342 30.2081
80.5771 30.2854
80.62 30.3628
80.6631 30.4402
80.7062 30.5178
80.7494 30.5954
80.7926 30.673
80.8359 30.7508
80.8793 30.8286
80.9228 30.9065
80.9663 30.9844
81.0099 31.0625
81.0535 31.1406
81.0972 31.2187
81.141 31.297
81.1849 31.3753
81.2288 31.4537
81.2728 31.5321
81.3168 31.6106
81.3609 31.6892
81.4051 31.7678
81.4493 31.8465
81.4936 31.9253
81.5379 32.0041
81.5824 32.0831
81.6269 32.1621
81.6714 32.2411
81.716 32.3203
81.7607 32.3995
81.8055 32.4787
81.8504 32.5581
81.8953 32.6375
81.9402 32.717
81.9853 32.7966
82.0304 32.8762
82.0756 32.9559
82.1207 33.0356
82.1657 33.1152
82.2107 33.1949
82.2559 33.2746
82.301 33.3544
82.3463 33.4343
82.3916 33.5142
82.437 33.5943
82.4825 33.6744
82.528 33.7545
82.5736 33.8348
82.6193 33.9151
82.6651 33.9955
82.7109 34.0759
82.7568 34.1565
82.8027 34.2371
82.8487 34.3177
82.8948 34.3985
82.941 34.4793
82.9872 34.5602
83.0335 34.6411
83.0799 34.7221
83.1264 34.8032
83.1729 34.8844
83.2195 34.9656
83.2661 35.047
83.3129 35.1283
83.3597 35.2098
83.4066 35.2913
83.4535 35.3729
83.5005 35.4546
83.5476 35.5363
83.5948 35.6181
83.642 35.7
83.6893 35.782
83.7367 35.864
83.7841 35.9461
83.8316 36.0282
83.8792 36.1105
83.9269 36.1928
83.9746 36.2752
84.0224 36.3576
84.0703 36.4401
84.1182 36.5227
84.1663 36.6054
84.2144 36.6881
84.2625 36.7709
84.3108 36.8538
84.3591 36.9367
84.4074 37.0198
84.4559 37.1029
84.5044 37.186
84.553 37.2692
84.6017 37.3526
84.6504 37.4359
84.6992 37.5194
84.7481 37.6029
84.7971 37.6865
84.8461 37.7701
84.8952 37.8539
84.9444 37.9377
84.9937 38.0215
85.043 38.1055
85.0924 38.1895
85.1419 38.2736
85.1914 38.3578
85.241 38.442
85.2907 38.5263
85.3405 38.6107
85.3903 38.6951
85.4402 38.7796
85.4902 38.8642
85.5403 38.9489
85.5904 39.0336
85.6406 39.1184
85.6909 39.2032
85.7412 39.2882
85.7917 39.3732
85.8422 39.4583
85.8928 39.5434
85.9434 39.6287
85.9941 39.714
86.0449 39.7993
86.0958 39.8848
86.1467 39.9703
86.1978 40.0559
86.2489 40.1415
86.3 40.2272
86.3513 40.313
86.4026 40.3989
86.454 40.4848
86.5055 40.5708
86.557 40.6569
86.6086 40.7431
86.6603 40.8293
86.7121 40.9156
86.764 41.002
86.8159 41.0884
86.8679 41.1749
86.9199 41.2615
86.9721 41.3481
87.0243 41.4348
87.0766 41.5216
87.129 41.6085
87.1814 41.6954
87.234 41.7824
87.2866 41.8695
87.3392 41.9566
87.392 42.0439
87.4448 42.1312
87.4977 42.2185
87.5507 42.3059
87.6038 42.3934
87.6569 42.481
87.7101 42.5687
87.7634 42.6564
87.8167 42.7442
87.8702 42.832
87.9237 42.92
87.9773 43.008
88.0309 43.096
88.0847 43.1842
88.1385 43.2724
88.1924 43.3607
88.2464 43.449
88.3004 43.5374
88.3546 43.6259
88.4088 43.7145
88.463 43.8031
88.5174 43.8919
88.5718 43.9806
88.6264 44.0695
88.6809 44.1584
88.7356 44.2474
88.7904 44.3365
88.8452 44.4256
88.9001 44.5148
88.9551 44.6041
89.0101 44.6934
89.0653 44.7829
89.1205 44.8724
89.1758 44.9619
89.2311 45.0516
89.2866 45.1413
89.3421 45.231
89.3977 45.3209
89.4534 45.4108
89.5091 45.5008
89.565 45.5909
89.6209 45.681
89.6769 45.7712
89.7329 45.8615
89.7891 45.9518
89.8453 46.0422
89.9016 46.1327
89.958 46.2233
90.0145 46.3139
90.071 46.4046
90.1276 46.4954
90.1843 46.5862
90.2411 46.6771
90.298 46.7681
90.3549 46.8592
90.4119 46.9503
90.469 47.0415
90.5262 47.1328
90.5835 47.2241
90.6408 47.3155
90.6982 47.407
90.7557 47.4985
90.8133 47.5902
90.8709 47.6819
90.9287 47.7736
90.9865 47.8655
91.0444 47.9574
91.1023 48.0493
91.1604 48.1414
91.2185 48.2335
91.2767 48.3257
91.335 48.418
91.3934 48.5103
91.4518 48.6027
91.5104 48.6952
91.569 48.7877
91.6277 48.8803
91.6865 48.973
91.7453 49.0658
91.8043 49.1586
91.8633 49.2515
91.9224 49.3445
91.9815 49.4375
92.0408 49.5306
92.1001 49.6238
92.1596 49.7171
92.2191 49.8104
92.2786 49.9038
92.3383 49.9973
92.3981 50.0908
92.4579 50.1844
92.5178 50.2781
92.5778 50.3719
92.6378 50.4657
92.698 50.5596
92.7582 50.6536
92.8185 50.7476
92.8789 50.8417
92.9394 50.9359
93 51.0301
93.0606 51.1245
93.1214 51.2188
93.1822 51.3133
93.243 51.4078
93.304 51.5024
93.3651 51.5971
93.4262 51.6919
93.4874 51.7867
93.5487 51.8816
93.6101 51.9765
93.6716 52.0716
93.7331 52.1667
93.7948 52.2618
93.8565 52.3571
93.9183 52.4524
93.9801 52.5478
94.0421 52.6432
94.1041 52.7388
94.1663 52.8344
94.2285 52.93
94.2908 53.0258
94.3531 53.1216
94.4156 53.2175
94.4782 53.3134
94.5408 53.4094
94.6035 53.5055
94.6663 53.6017
94.7292 53.6979
94.7921 53.7942
94.8552 53.8906
94.9183 53.9871
94.9815 54.0836
95.0448 54.1802
95.1082 54.2768
95.1716 54.3736
95.2352 54.4704
95.2988 54.5673
95.3625 54.6642
95.4263 54.7612
95.4902 54.8583
95.5542 54.9555
95.6182 55.0527
95.6824 55.15
95.7466 55.2474
95.8109 55.3448
95.8753 55.4423
95.9398 55.5399
96.0043 55.6376
96.069 55.7353
96.1337 55.8331
96.1985 55.9309
96.2634 56.0289
96.3284 56.1269
96.3935 56.225
96.4586 56.3231
96.5239 56.4214
96.5892 56.5196
96.6546 56.618
96.7201 56.7164
96.7857 56.8149
96.8513 56.9135
96.9171 57.0122
96.9829 57.1109
97.0488 57.2097
97.1149 57.3085
97.181 57.4075
97.2471 57.5065
97.3134 57.6055
97.3798 57.7047
97.4462 57.8039
97.5127 57.9032
97.5793 58.0025
97.646 58.102
97.7126 58.2009
97.7789 58.299
97.8454 58.3972
97.9119 58.4955
97.9785 58.5939
98.0451 58.6923
98.1119 58.7908
98.1788 58.8894
98.2457 58.988
98.3127 59.0867
98.3797 59.1762
98.4464 59.2455
98.5133 59.3148
98.5802 59.3842
98.6472 59.4537
98.7143 59.5232
98.7815 59.5927
98.8488 59.6623
98.9161 59.7319
98.9836 59.8016
99.0511 59.8714
99.1187 59.9411
99.1864 60.011
99.2542 60.0809
99.322 60.1508
99.39 60.2208
99.458 60.2908
99.5261 60.3609
99.5943 60.431
99.6626 60.5012
99.731 60.5714
99.7993 60.6413
99.8634 60.7033
99.9277 60.7654
99.992 60.8276
100.056 60.8897
100.121 60.9519
100.185 61.0142
100.25 61.0765
100.315 61.1389
100.379 61.2012
100.437 61.2507
100.486 61.2825
100.534 61.3142
100.582 61.3459
100.631 61.3776
100.679 61.4094
100.728 61.4412
100.776 61.473
100.825 61.5049
100.874 61.5367
100.922 61.5686
100.971 61.6005
101.02 61.6325
101.069 61.6644
101.118 61.6964
101.166 61.7284
101.215 61.7604
101.264 61.7914
101.307 61.8122
101.349 61.833
101.392 61.8538
101.435 61.8747
101.478 61.8955
101.521 61.9164
101.564 61.9373
101.607 61.9582
101.65 61.9791
101.693 62.0001
101.736 62.021
101.779 62.042
101.821 62.0619
101.863 62.0813
101.905 62.1007
101.947 62.1202
101.989 62.1396
102.031 62.1591
102.073 62.1786
102.115 62.198
102.158 62.2176
102.2 62.2371
102.242 62.2566
102.284 62.2762
102.326 62.2957
102.369 62.3153
102.411 62.3349
102.453 62.3545
102.496 62.3741
102.538 62.3938
102.581 62.4134
102.623 62.4329
102.665 62.4514
102.705 62.4686
102.745 62.4842
102.785 62.4999
102.824 62.5155
102.864 62.5312
102.904 62.5469
102.943 62.5626
102.983 62.5783
103.023 62.5941
103.063 62.6098
103.102 62.6256
103.142 62.6413
103.182 62.6571
103.222 62.6729
103.262 62.6884
103.301 62.7036
103.34 62.7187
103.38 62.7339
103.419 62.7491
103.459 62.7643
103.498 62.7795
103.538 62.7947
103.577 62.8099
103.617 62.8251
103.657 62.8404
103.696 62.8557
103.736 62.8709
103.776 62.8862
103.815 62.9015
103.855 62.9168
103.895 62.9321
103.935 62.9475
103.974 62.9628
104.014 62.9782
104.054 62.9935
104.094 63.0089
104.134 63.0243
104.174 63.0397
104.214 63.0551
104.254 63.0706
104.294 63.086
104.334 63.1015
104.374 63.1169
104.414 63.1324
104.454 63.1479
104.494 63.1634
104.534 63.1789
104.574 63.1944
104.614 63.2099
104.654 63.2255
104.695 63.241
104.735 63.2566
104.775 63.2722
104.815 63.2878
104.856 63.3034
104.896 63.319
104.936 63.3346
104.977 63.3503
105.017 63.3659
105.058 63.3816
105.098 63.3973
105.138 63.413
105.179 63.4287
105.219 63.4444
105.26 63.4601
105.301 63.4758
105.341 63.4916
105.382 63.5073
105.422 63.5231
105.463 63.5389
105.504 63.5547
105.544 63.5705
105.585 63.5863
105.626 63.6021
105.667 63.618
105.707 63.6338
105.748 63.6497
105.789 63.6656
105.83 63.6814
105.871 63.6973
105.912 63.7133
105.953 63.7292
105.994 63.7451
106.035 63.7611
106.076 63.777
106.117 63.793
106.158 63.809
106.199 63.825
106.24 63.841
106.281 63.857
106.322 63.873
106.363 63.8891
106.405 63.9051
106.446 63.9212
106.487 63.9373
106.528 63.9533
106.57 63.9694
106.611 63.9856
106.652 64.0017
106.694 64.0178
106.735 64.034
106.776 64.0501
106.818 64.0663
106.859 64.0825
106.901 64.0987
106.942 64.1149
106.984 64.1311
107.025 64.1473
107.067 64.1636
107.109 64.1798
107.15 64.1961
107.192 64.2124
107.234 64.2287
107.275 64.245
107.317 64.2612
107.357 64.2755
107.397 64.2897
107.437 64.304
107.478 64.3183
107.518 64.3326
107.558 64.3469
107.598 64.3613
107.639 64.3756
107.679 64.3899
107.719 64.4043
107.76 64.4187
107.8 64.4331
107.84 64.4474
107.881 64.4619
107.921 64.4763
107.962 64.4907
108.002 64.5051
108.043 64.5196
108.083 64.534
108.124 64.5485
108.164 64.563
108.205 64.5774
108.246 64.5919
108.286 64.6065
108.327 64.621
108.368 64.6355
108.408 64.65
108.449 64.6646
108.49 64.6792
108.53 64.6937
108.571 64.7083
108.612 64.7229
108.653 64.7375
108.694 64.7521
108.735 64.7667
108.776 64.7814
108.816 64.796
108.857 64.8107
108.898 64.8254
108.939 64.84
108.98 64.8547
109.021 64.8694
109.062 64.8841
109.103 64.8988
109.145 64.9136
109.186 64.9283
109.227 64.9431
109.268 64.9578
109.309 64.9726
109.35 64.9874
109.392 65.0022
109.433 65.017
109.474 65.0318
109.515 65.0466
109.557 65.0615
109.598 65.0763
109.639 65.0912
109.681 65.106
109.722 65.1209
109.764 65.1358
109.805 65.1507
109.847 65.1656
109.888 65.1806
109.93 65.1955
109.971 65.2104
110.013 65.2254
110.054 65.2403
110.096 65.2553
110.138 65.2703
110.179 65.2853
110.221 65.3003
110.263 65.3153
110.304 65.3304
110.346 65.3454
110.388 65.3604
110.43 65.3755
110.471 65.3906
110.513 65.4056
110.555 65.3985
110.597 65.3747
110.638 65.3508
110.68 65.3269
110.721 65.3031
110.763 65.2792
110.805 65.2553
110.846 65.2313
110.887 65.2083
110.928 65.1857
110.968 65.1631
111.009 65.1405
111.05 65.1179
111.09 65.0952
111.131 65.0725
111.172 65.0499
111.212 65.0272
111.253 65.0045
111.294 64.9818
111.335 64.9591
111.375 64.9156
111.414 64.8527
111.453 64.7854
111.493 64.718
111.532 64.6507
111.571 64.5832
111.611 64.5158
111.65 64.4483
111.69 64.3808
111.729 64.3133
111.768 64.2457
111.808 64.1779
111.847 64.1101
111.887 64.0422
111.926 63.9742
111.966 63.9063
112.006 63.8383
112.045 63.7702
112.085 63.7022
112.124 63.6341
112.164 63.566
112.204 63.4978
112.243 63.4297
112.283 63.3615
112.323 63.2932
112.362 63.225
112.402 63.1567
112.442 63.0884
112.481 63.1085
112.519 63.1673
112.558 63.2264
112.597 63.2855
112.635 63.3447
112.674 63.4039
112.713 63.4631
112.752 63.5224
112.79 63.5806
112.829 63.6377
112.867 63.6949
112.905 63.7521
112.944 63.8093
112.982 63.8665
113.021 63.9238
113.059 63.9811
113.098 64.0385
113.136 64.0959
113.175 64.1533
113.213 64.2108
113.252 64.2683
113.29 64.3259
113.329 64.3834
113.368 64.4411
113.406 64.4987
113.445 64.5564
113.484 64.6141
113.522 64.6719
113.561 64.7297
113.6 64.7875
113.638 64.8454
113.677 64.9033
113.716 64.9613
113.755 65.0192
113.793 65.0773
113.832 65.1353
113.871 65.1934
113.91 65.2515
113.949 65.3097
113.988 65.3679
114.026 65.4261
114.065 65.4844
114.104 65.5427
114.143 65.6011
114.182 65.6594
114.221 65.7179
114.26 65.7763
114.299 65.8348
114.338 65.8934
114.377 65.9519
114.416 66.0105
114.455 66.0692
114.494 66.1278
114.533 66.1859
114.572 66.2432
114.611 66.3005
114.649 66.3455
114.687 66.3813
114.724 66.4173
114.762 66.4532
114.799 66.4892
114.837 66.5253
114.874 66.5613
114.912 66.5974
114.95 66.6335
114.987 66.6696
115.025 66.7058
115.063 66.7419
115.1 66.7781
115.138 66.8144
115.176 66.8506
115.213 66.8869
115.251 66.9232
115.289 66.9595
115.326 66.9935
115.363 67.0258
115.4 67.0581
115.436 67.0905
115.473 67.1229
115.51 67.1553
115.547 67.1896
115.584 67.224
115.62 67.2583
115.657 67.2927
115.694 67.3271
115.731 67.3615
115.768 67.396
115.804 67.4305
115.841 67.465
115.878 67.4995
115.915 67.5341
115.952 67.5686
115.989 67.6032
116.026 67.6378
116.063 67.6725
116.099 67.7071
116.136 67.7418
116.173 67.7765
116.21 67.8113
116.247 67.846
116.284 67.8808
116.321 67.9156
116.358 67.9505
116.395 67.9853
116.432 68.0202
116.469 68.0551
116.506 68.09
116.543 68.1249
116.581 68.1599
116.618 68.1949
116.655 68.2299
116.692 68.265
116.729 68.3
116.766 68.3351
116.803 68.3702
116.84 68.4053
116.878 68.4405
116.915 68.4757
116.952 68.5109
116.989 68.5461
117.027 68.5813
117.064 68.6166
117.101 68.6519
117.138 68.6872
117.176 68.7226
117.213 68.7579
117.25 68.7933
117.288 68.8287
117.325 68.8642
117.362 68.8996
117.4 68.9351
117.437 68.9706
117.474 69
117.511 69
117.548 69
117.585 69
117.621 69
117.658 69
117.695 69
117.732 69
117.769 69
117.806 69
117.843 69
117.88 69
117.916 69
117.953 69
117.99 69
118.027 69
118.064 69
118.101 69
118.138 69
118.175 69
118.212 69
118.249 69
118.286 69
118.323 69
118.36 69
118.397 69
118.434 69
118.472 69
118.509 69
118.546 69
118.583 69
118.62 69
118.657 69
118.694 69
118.731 69
118.769 69
118.806 69
118.843 69
118.88 69
118.918 69
118.955 69
118.992 69
119.029 69
119.067 69
119.104 69
119.141 69
119.178 69
119.215 69
119.251 69
119.288 69
119.324 69
119.361 69
119.397 69
119.434 69
119.471 69
119.507 69
119.544 69
119.58 69
119.617 69
119.654 69
119.69 69
119.727 69
119.764 69
119.8 69
119.837 69
119.874 69
119.91 69
119.947 69
119.984 69
120.021 69
120.057 69
120.094 69
120.131 69
120.168 69
120.204 69
120.241 69
