0.1 0.337792
0.2 0.976651
0.3 1.48985
0.4 1.99537
0.5 2.4964
0.6 2.99809
0.7 3.50061
0.8 4.00394
0.9 4.5081
1 5.0131
1.22656 5.53028
2.45044 6.04723
3.67113 6.56364
4.88796 7.07913
6.10087 7.59409
7.30975 8.10794
8.5144 8.62049
9.71491 9.13226
10.9114 9.64351
12.1038 10.1543
13.2921 10.6648
14.4764 11.175
15.6566 11.6847
16.8327 12.1942
18.0048 12.7033
19.1727 13.2119
20.3366 13.7202
21.4964 14.2282
22.6522 14.7357
23.8039 15.2429
24.9514 15.7494
26.095 16.2558
27.2344 16.7619
28.3698 17.2676
29.5012 17.7732
30.6285 18.2791
31.7518 18.7847
32.871 19.29
33.9862 19.795
35.0973 20.2998
36.2044 20.8041
37.3075 21.3083
38.4065 21.813
39.5015 22.3173
40.5925 22.8214
41.6795 23.3253
42.7624 23.8289
43.8413 24.3323
44.9162 24.8355
45.9871 25.3384
47.054 25.8421
48.1169 26.3457
49.1758 26.8492
50.2307 27.3525
51.2816 27.8555
52.3285 28.3584
53.3714 28.8609
54.4103 29.3639
55.4452 29.8668
56.4761 30.3694
57.503 30.872
58.526 31.3743
59.5449 31.8765
60.5599 32.3785
61.5709 32.8804
62.578 33.382
63.581 33.8836
64.5801 34.385
65.5752 34.8863
66.5664 35.3874
67.5535 35.8884
68.5367 36.3892
69.516 36.8899
70.4912 37.3905
71.4625 37.8909
72.4299 38.3913
73.3933 38.8916
74.3527 39.3917
75.3081 39.8918
76.2596 40.3918
77.2072 40.8917
78.1507 41.3916
79.0904 41.8913
80.026 42.391
80.9577 42.8907
81.8855 43.3903
82.8093 43.8898
83.7291 44.3893
84.645 44.8888
85.5569 45.3882
86.4649 45.8875
87.3689 46.3868
88.269 46.8861
89.165 47.3854
90.0572 47.8846
90.9453 48.384
91.8296 48.8833
92.7098 49.3827
93.5861 49.8821
94.4584 50.3816
95.3268 50.8812
96.1912 51.3808
97.0516 51.8806
97.9081 52.3804
98.7606 52.8803
99.6091 53.3801
100.454 53.88
101.294 54.3801
102.131 54.8803
102.963 55.3807
103.792 55.8813
104.617 56.3821
105.437 56.883
106.254 57.3842
107.066 57.8857
107.875 58.3873
108.68 58.8893
109.48 59.3915
110.277 59.8941
111.07 60.397
111.858 60.9002
112.643 61.4038
113.423 61.9077
114.195 62.4097
114.953 62.9062
115.694 63.3959
116.401 63.8691
117.073 64.3249
117.677 64.744
118.263 65.1557
118.844 65.5671
119.42 65.9783
119.991 66.3888
120.556 66.7984
121.115 67.2068
121.668 67.6146
122.215 68.021
122.752 68.4256
123.282 68.828
123.796 69
124.302 69
124.799 69
125.267 69
125.73 69
126.185 69
126.602 69
127.001 69
127.386 69
127.741 69
128.066 69
128.371 69
128.644 69
128.909 69
129.16 69
129.395 69
129.614 69
129.823 69
130.013 69
130.19 69
130.359 69
130.518 69
130.668 69
130.802 69
130.919 69
131.022 69
131.074 69
131.058 69
130.824 69
129.825 69
127.518 69
124.784 69
124.11 69
123.854 69
123.545 69
123.274 69
123.128 69
122.946 69
122.737 69
122.511 69
122.34 69
122.157 69
121.988 69
121.803 69
121.635 69
121.517 69
121.395 69
121.265 69
121.134 69
120.998 69
120.857 69
120.746 69
120.656 69
120.551 69
120.432 69
120.292 69
120.139 69
119.871 69
119.546 69
119.155 69
118.679 69
117.315 68.8093
117.058 69
116.741 69
116.418 69
116.276 69
116.076 69
115.86 69
115.638 69
115.409 69
115.175 69
114.951 69
114.765 69
114.61 69
114.449 69
114.285 69
114.118 69
113.948 69
113.779 69
113.612 69
113.444 69
113.275 69
113.115 69
112.953 69
112.79 69
112.641 69
112.49 69
112.337 69
112.183 69
112.028 69
111.872 69
111.711 69
111.546 69
111.384 69
111.221 69
111.057 69
110.892 69
110.726 69
110.557 69
110.385 69
110.212 69
110.038 69
109.863 69
109.687 69
109.511 69
109.344 69
109.18 69
109.016 69
108.859 69
108.701 69
108.542 69
108.38 69
108.222 69
108.071 69
107.921 69
107.771 69
107.62 69
107.468 69
107.315 69
107.162 69
107.008 69
106.856 69
106.704 69
106.551 69
106.402 69
106.252 69
106.102 69
105.952 69
105.801 69
105.653 69
105.508 69
105.362 69
105.22 69
105.077 69
104.934 69
104.789 69
104.645 69
104.499 69
104.354 69
104.208 69
104.061 69
103.914 69
103.767 69
103.622 69
103.474 69
103.332 69
103.192 69
103.052 69
102.912 69
102.772 69
102.631 69
102.491 69
102.35 69
102.208 69
102.067 69
101.925 69
101.783 69
101.641 69
101.498 69
101.357 69
101.215 69
101.074 69
100.932 69
100.791 69
100.666 69
100.54 69
100.413 69
100.287 69
100.163 69
100.038 69
99.9124 69
99.7871 69
99.6617 69
99.5362 69
99.4105 69
99.2847 69
99.1587 69
99.0326 69
98.9064 69
98.78 69
98.6537 69
98.5289 69
98.404 69
98.2797 69
98.1569 69
98.034 69
97.9109 69
97.7877 69
97.6643 69
97.5408 69
97.4172 69
97.2934 69
97.1695 69
97.0453 69
96.9211 69
96.7966 69
96.672 69
96.5481 69
96.4251 69
96.302 69
96.1778 69
96.0533 69
95.9307 69
95.8095 69
95.6883 69
95.567 69
95.4562 69
95.3543 69
95.2523 69
95.1497 69
95.0471 69
94.9445 69
94.8418 69
94.7391 69
94.6364 69
94.5367 69
94.4419 69
94.3471 69
94.2523 69
94.1574 69
94.0625 69
93.9676 69
93.8727 69
93.7777 69
93.6827 69
93.5877 69
93.4937 69
93.3998 69
93.3057 69
93.2117 69
93.1176 69
93.0236 69
92.9295 69
92.8355 69
92.7415 69
92.6474 69
92.5534 69
92.4594 69
92.3654 69
92.2714 69
92.1774 69
92.0834 69
91.9894 69
91.8955 69
91.8015 69
91.7076 69
91.6137 69
91.5198 69
91.4261 69
91.3323 69
91.2386 69
91.1448 69
91.0511 69
90.9579 69
90.8647 69
90.7715 69
90.6782 69
90.585 69
90.4918 69
90.3986 69
90.3054 69
90.2122 69
90.119 69
90.0259 69
89.9327 69
89.8396 69
89.7464 69
89.6533 69
89.5601 69
89.467 69
89.3739 69
89.2808 69
89.1877 69
89.0947 69
89.0016 69
88.9086 69
88.8155 69
88.7225 69
88.6397 69
88.557 69
88.4742 69
88.3913 69
88.3083 69
88.2255 69
88.1426 69
88.0598 69
87.9777 69
87.8959 69
87.8141 69
87.7324 69
87.6507 69
87.5691 69
87.4875 69
87.406 69
87.3245 69
87.243 69
87.1617 69
87.0803 69
86.999 69
86.9178 69
86.8365 69
86.755 69
86.6735 69
86.5921 69
86.5108 69
86.4295 69
86.3483 69
86.2672 69
86.1861 69
86.1051 69
86.0242 69
85.9433 69
85.8625 69
85.7818 69
85.701 69
85.62 69
85.5392 69
85.4584 69
85.3778 69
85.2996 69
85.2232 69
85.1475 69
85.0718 69
84.9962 69
84.9207 69
84.8452 69
84.7699 69
84.6945 69
84.6193 69
84.5441 69
84.469 69
84.3942 69
84.3197 69
84.2452 69
84.1742 69
84.1042 69
84.0343 69
83.9644 69
83.8946 69
83.8249 69
83.7552 69
83.6856 69
83.6159 69
83.5463 69
83.4767 69
83.4073 69
83.3379 69
83.2686 69
83.1994 69
83.1302 69
83.0641 69
83.0021 69
82.94 69
82.8781 69
82.8162 69
82.7544 69
82.6927 69
82.6311 69
82.5695 69
82.508 69
82.4466 69
82.3852 69
82.3239 69
82.2627 69
82.2016 69
82.1406 69
82.0796 69
82.0187 69
81.9578 69
81.897 69
81.8362 69
81.7755 69
81.7149 69
81.6544 69
81.594 69
81.5336 69
81.4734 69
81.4132 69
81.3531 69
81.2931 69
81.2332 69
81.1733 69
81.1136 69
81.0542 69
80.9949 69
80.9357 69
80.8766 69
80.8176 69
80.7587 69
80.6999 69
80.6411 69
80.5825 69
80.5238 69
80.4648 69
80.406 69
80.3475 69
80.2892 69
80.2309 69
80.1727 69
80.1146 69
80.0566 69
79.9986 69
79.9408 69
79.883 69
79.8253 69
79.7677 69
79.71 69
79.6524 69
79.5949 69
79.5375 69
79.4802 69
79.4229 69
79.3658 69
79.3087 69
79.2517 69
79.1968 69
79.144 69
79.0913 69
79.0386 69
78.9861 69
78.9336 69
78.8812 69
78.8334 69
78.786 69
78.7387 69
78.6914 69
78.6442 69
78.5971 69
78.5501 69
78.5031 69
78.4562 69
78.4094 69
78.3629 69
78.3166 69
78.2704 69
78.2243 69
78.1783 69
78.1323 69
78.0864 69
78.0406 69
77.9948 69
77.9492 69
77.9035 69
77.8578 69
77.8123 69
77.7668 69
77.7214 69
77.676 69
77.6308 69
77.5856 69
77.5405 69
77.4955 69
77.4505 69
77.4056 69
77.3608 69
77.3161 69
77.2715 69
77.2269 69
77.1824 69
77.138 69
77.0937 69
77.0494 69
77.0052 69
76.9611 69
76.9171 69
76.8731 69
76.8293 69
76.7855 69
76.7418 69
76.6981 69
76.6546 69
76.6111 69
76.5677 69
76.5244 69
76.4811 69
76.438 69
76.3949 69
76.3524 69
76.313 69
76.2736 69
76.2344 69
76.1952 69
76.156 69
76.117 69
76.078 69
76.0391 69
76.0003 69
75.9616 69
75.9229 69
75.8842 69
75.8457 69
75.8072 69
75.7689 69
75.7306 69
75.6923 69
75.6542 69
75.6161 69
75.5788 69
75.5423 69
75.5058 69
75.4695 69
75.4332 69
75.397 69
75.3609 69
75.3248 69
75.2888 69
75.2529 69
75.2171 69
75.1813 69
75.1457 69
75.1101 69
75.0746 69
75.0391 69
75.0038 69
74.9685 69
74.9333 69
74.8982 69
74.8632 69
74.8282 69
74.7934 69
74.7586 69
74.7239 69
74.6874 69
74.6515 69
74.6153 69
74.5792 69
74.5432 69
74.5072 69
74.4712 69
74.4351 69
74.3991 69
74.3632 69
74.3273 69
74.2915 69
74.2558 69
74.2201 69
74.1845 69
74.1489 69
74.1135 69
74.0781 69
74.0427 69
74.0074 69
73.9722 69
73.9371 69
73.902 69
73.867 69
73.8321 69
73.7972 69
73.7624 69
73.7276 69
73.693 69
73.6584 69
73.6238 69
73.5894 69
73.555 69
73.5206 69
73.4864 69
73.4522 69
73.4181 69
73.384 69
73.35 69
73.3161 69
73.2823 69
73.2485 69
73.2148 69
73.1811 69
73.1475 69
73.114 69
73.0806 69
73.0472 69
73.0139 69
72.9807 69
72.9476 69
72.9145 69
72.8817 69
72.8489 69
72.8162 69
72.7836 69
72.7511 69
72.7186 69
72.6862 69
72.6538 69
72.6216 69
72.5894 69
72.5572 69
72.5252 69
72.4932 69
72.4613 69
72.4294 69
72.3977 69
72.366 69
72.3348 69
72.3042 69
72.2737 69
72.2433 69
72.2129 69
72.1826 69
72.1524 69
72.1222 69
72.0922 69
72.0622 69
72.0322 69
72.0024 69
71.9726 69
71.9429 69
71.9133 69
71.8837 69
71.8542 69
71.8248 69
71.7954 69
71.7662 69
71.737 69
71.7081 69
71.6793 69
71.6507 69
71.6221 69
71.5936 69
71.5651 69
71.5368 69
71.5085 69
71.4803 69
71.4521 69
71.4241 69
71.3961 69
71.3682 69
71.3404 69
71.3126 69
71.2849 69
71.2573 69
71.2298 69
71.2024 69
71.175 69
71.1477 69
71.1205 69
71.0934 69
71.0663 69
71.0394 69
71.0125 69
70.9856 69
70.9589 69
70.9323 69
70.9057 69
70.8792 69
70.8528 69
70.8264 69
70.8002 69
70.774 69
70.7479 69
70.7219 69
70.6959 69
70.6701 69
70.6443 69
70.6186 69
70.593 69
70.5675 69
70.542 69
70.5166 69
70.4913 69
70.4661 69
70.4409 69
70.4158 69
70.3908 69
70.3659 69
70.3411 69
70.3164 69
70.2917 69
70.2671 69
70.2426 69
70.2182 69
70.1938 69
70.1696 69
70.1454 69
70.1213 69
70.0972 69
70.0733 69
70.0494 69
70.0257 69
70.002 69
69.9783 69
69.9548 69
69.9313 69
69.9079 69
69.8846 69
69.8614 69
69.8383 69
69.8152 69
69.7922 69
69.7693 69
69.7464 69
69.7236 69
69.7008 69
69.6782 69
69.6556 69
69.6332 69
69.6108 69
69.5885 69
69.5663 69
69.5442 69
69.5221 69
69.5002 69
69.4783 69
69.4565 69
69.4349 69
69.4132 69
69.3917 69
69.3703 69
69.3488 69
69.3272 69
69.3058 69
69.2844 69
69.2631 69
69.2419 69
69.2207 69
69.1997 69
69.1787 69
69.1578 69
69.137 69
69.1163 69
69.0957 69
69.0752 69
69.0547 69
69.0344 69
69.0141 69
68.9928 69
68.9704 69
68.9479 69
68.9254 69
68.9029 69
68.8805 69
68.8582 69
68.8358 69
68.8134 69
68.791 69
68.7687 69
68.7465 69
68.7256 69
68.7049 69
68.6843 69
68.6638 69
68.6434 69
68.623 69
68.6027 69
68.5825 69
68.5623 69
68.5423 69
68.5223 69
68.5024 69
68.4825 69
68.4628 69
68.4431 69
68.4234 69
68.4039 69
68.3844 69
68.365 69
68.3457 69
68.3264 69
68.3072 69
68.2881 69
68.2691 69
68.2501 69
68.2312 69
68.2124 69
68.1936 69
68.1751 69
68.1569 69
68.1387 69
68.1207 69
68.1027 69
68.0848 69
68.0669 69
68.0492 69
68.0315 69
68.0139 69
67.9964 69
67.9789 69
67.9616 69
67.9443 69
67.9271 69
67.91 69
67.8929 69
67.8759 69
67.8591 69
67.8422 69
67.8255 69
67.8088 69
67.7923 69
67.7758 69
67.7594 69
67.743 69
67.7268 69
67.7106 69
67.6937 69
67.6757 69
67.6576 69
67.6396 69
67.6217 69
67.6039 69
67.5861 69
67.5684 69
67.5514 69
67.5347 69
67.5181 69
67.5015 69
67.4851 69
67.4687 69
67.4523 69
67.4361 69
67.4199 69
67.4037 69
67.3877 69
67.3717 69
67.3558 69
67.3399 69
67.3241 69
67.3084 69
67.2928 69
67.2772 69
67.2617 69
67.2463 69
67.231 69
67.2157 69
67.2005 69
67.1854 69
67.1703 69
67.1553 69
67.1404 69
67.1255 69
67.1108 69
67.0961 69
67.0814 69
67.0669 69
67.0524 69
67.038 69
67.0237 69
67.0094 69
66.9952 69
66.9811 69
66.9672 69
66.9534 69
66.9397 69
66.926 69
66.9124 69
66.8989 69
66.8855 69
66.8721 69
66.8588 69
66.8456 69
66.8325 69
66.8194 69
66.8067 69
66.7942 69
66.7818 69
66.7694 69
66.7572 69
66.7449 69
66.7323 69
66.7197 69
66.7072 69
66.6928 69
66.6784 69
66.6641 69
66.6499 69
66.6357 69
66.6215 69
66.6075 69
66.5935 69
66.5795 69
66.5656 69
66.5518 69
66.538 69
66.5243 69
66.5107 69
66.4971 69
66.4836 69
66.4702 69
66.4568 69
66.4434 69
66.4301 69
66.4169 69
66.4037 69
66.3906 69
66.3776 69
66.3646 69
66.3517 69
66.3389 69
66.3261 69
66.3134 69
66.3007 69
66.2881 69
66.2756 69
66.2632 69
66.2478 69
66.2322 69
66.2165 69
66.2009 69
66.1854 69
66.1699 69
66.1544 69
66.139 69
66.1237 69
66.1083 69
66.0931 69
66.0778 69
66.0627 69
66.0475 69
66.0325 69
66.0175 69
66.0025 69
65.9875 69
65.9727 69
65.9578 69
65.943 69
65.9283 69
65.9136 69
65.899 69
65.8844 69
65.8699 69
65.8554 69
65.8409 69
65.8265 69
65.8122 69
65.7979 69
65.7837 69
65.7695 69
65.7553 69
65.7413 69
65.7272 69
65.7133 69
65.6993 69
65.6854 69
65.6716 69
65.6578 69
65.644 69
65.6297 69
65.6156 69
65.6015 69
65.5874 69
65.5734 69
65.5595 69
65.5456 69
65.5317 69
65.5179 69
65.5041 69
65.4904 69
65.4768 69
65.4632 69
65.4496 69
65.4361 69
65.4227 69
65.4093 69
65.396 69
65.3827 69
65.3694 69
65.3562 69
65.3431 69
65.33 69
65.3169 69
65.304 69
65.291 69
65.2782 69
65.2653 69
65.2526 69
65.2399 69
65.2272 69
65.2146 69
65.202 69
65.1895 69
65.1771 69
65.1646 69
65.1523 69
65.14 69
65.1278 69
65.1156 69
65.1034 69
65.0914 69
65.0793 69
65.0674 69
65.0555 69
65.0436 69
65.0307 69
65.0163 69
65.0019 69
64.9876 69
64.9734 69
64.9592 69
64.945 69
64.9309 69
64.9168 69
64.9028 69
64.8888 69
64.8748 69
64.8609 69
64.847 69
64.8332 69
64.8195 69
64.8057 69
64.7921 69
64.7784 69
64.7648 69
64.7513 69
64.7378 69
64.7243 69
64.7109 69
64.6976 69
64.6843 69
64.671 69
64.6578 69
64.6446 69
64.6315 69
64.6185 69
64.6054 69
64.5925 69
64.5795 69
64.5667 69
64.5538 69
64.5411 69
64.5283 69
64.5156 69
64.503 69
64.4904 69
64.4779 69
64.4654 69
64.453 69
64.4406 69
64.4282 69
64.4159 69
64.4037 69
64.3915 69
64.3794 69
64.3673 69
64.3552 69
64.3432 69
64.3311 69
64.3191 69
64.3071 69
64.2952 69
64.2833 69
64.2715 69
64.2597 69
64.248 69
64.2363 69
64.2247 69
64.2131 69
64.2016 69
64.1901 69
64.1787 69
64.1673 69
64.156 69
64.1447 69
64.1335 69
64.1223 69
64.1112 69
64.1002 69
64.0892 69
64.0782 69
64.0673 69
64.0565 69
64.0457 69
64.0349 69
64.0242 69
64.0136 69
64.003 69
63.9925 69
63.982 69
63.9716 69
63.9612 69
63.9509 69
63.9407 69
63.9305 69
63.9203 69
63.9106 69
63.9009 69
63.8914 69
63.8819 69
63.8724 69
63.863 69
63.8537 69
63.8444 69
63.8352 69
63.826 69
63.8169 69
63.8078 69
63.7988 69
63.7898 69
63.7809 69
63.772 69
63.7632 69
63.7544 69
63.7457 69
63.737 69
63.7284 69
63.7199 69
63.7114 69
63.7029 69
63.6945 69
63.6862 69
63.6779 69
63.6697 69
63.6615 69
63.6534 69
63.6454 69
63.6374 69
63.6294 69
63.6216 69
63.6137 69
63.6059 69
63.5982 69
63.5906 69
63.583 69
63.5754 69
63.5679 69
63.5605 69
63.5531 69
63.5458 69
63.5385 69
63.5313 69
63.5241 69
63.517 69
63.51 69
63.503 69
63.4961 69
63.4892 69
63.4824 69
63.4757 69
63.469 69
63.4624 69
63.4558 69
63.4493 69
63.4428 69
63.4364 69
63.4301 69
63.4238 69
63.4176 69
63.4114 69
63.4034 69
63.3935 69
63.3836 69
63.3738 69
63.364 69
63.3542 69
63.3445 69
63.3349 69
63.3253 69
63.3157 69
63.3062 69
63.2967 69
63.2873 69
63.2779 69
63.2685 69
63.2592 69
63.2499 69
63.2407 69
63.2315 69
63.2224 69
63.2133 69
63.2043 69
63.1953 69
63.1863 69
63.1774 69
63.1686 69
63.1598 69
63.151 69
63.1423 69
63.1336 69
63.125 69
63.1164 69
63.1078 69
63.0993 69
63.0909 69
63.0825 69
63.0741 69
63.0658 69
63.0575 69
63.0493 69
63.0411 69
63.033 69
63.0249 69
63.0168 69
63.0088 69
63.0009 69
62.9929 69
62.9851 69
62.9773 69
62.9695 69
62.9618 69
62.9541 69
62.9465 69
62.9389 69
62.9314 69
62.9239 69
62.9164 69
62.909 69
62.9017 69
62.8944 69
62.8871 69
62.8799 69
62.8728 69
62.8656 69
62.8586 69
62.8513 69
62.8428 69
62.8343 69
62.8259 69
62.8175 69
62.8091 69
62.8008 69
62.7924 69
62.7842 69
62.7759 69
62.7678 69
62.7596 69
62.7515 69
62.7434 69
62.7354 69
62.7274 69
62.7195 69
62.7116 69
62.7037 69
62.6959 69
62.6881 69
62.6804 69
62.6727 69
62.6651 69
62.6575 69
62.6499 69
62.6424 69
62.6349 69
62.6274 69
62.62 69
62.6127 69
62.6051 69
62.5962 69
62.5873 69
62.5785 69
62.5697 69
62.5609 69
62.5522 69
62.5435 69
62.5348 69
62.5262 69
62.5176 69
62.509 69
62.5005 69
62.492 69
62.4836 69
62.4752 69
62.4668 69
62.4585 69
62.4502 69
62.442 69
62.4338 69
62.4256 69
62.4175 69
62.4094 69
62.4013 69
62.3933 69
62.3853 69
62.3774 69
62.3695 69
62.3616 69
62.3538 69
62.3461 69
62.3383 69
62.3306 69
62.323 69
62.3154 69
62.3078 69
62.3003 69
62.2928 69
62.2853 69
62.2779 69
62.2706 69
62.2632 69
62.256 69
62.2487 69
62.2415 69
62.2344 69
62.2272 69
62.2202 69
62.2131 69
62.2062 69
62.1992 69
62.1923 69
62.1855 69
62.1787 69
62.1719 69
62.1652 69
62.1585 69
62.1518 69
62.1452 69
62.1387 69
62.1322 69
62.1257 69
62.1193 69
62.113 69
62.1066 69
62.1004 69
62.0941 69
62.0879 69
62.0818 69
62.0757 69
62.0696 69
62.0636 69
62.0577 69
62.0518 69
62.0459 69
62.0401 69
62.0343 69
62.0286 69
62.0229 69
62.0172 69
62.0117 69
62.0061 69
62.0006 69
61.9952 69
61.9898 69
61.9844 69
61.9791 69
61.9739 69
61.9687 69
61.9635 69
61.9584 69
61.9534 69
61.9484 69
61.9434 69
61.9385 69
61.9337 69
61.9288 69
61.9241 69
61.9194 69
61.9147 69
61.9101 69
61.9056 69
61.9011 69
61.8966 69
61.8922 69
61.8877 69
61.8832 69
61.8788 69
61.8744 69
61.87 69
61.8657 69
61.8614 69
61.8572 69
61.8531 69
61.849 69
61.8449 69
61.8384 69
61.8319 69
61.8254 69
61.819 69
61.8126 69
61.8063 69
61.8 69
61.7938 69
61.7876 69
61.7815 69
61.7752 69
61.7689 69
61.7627 69
61.7565 69
61.7504 69
61.7443 69
61.7383 69
61.7323 69
61.7264 69
61.7205 69
61.7147 69
61.7089 69
61.7032 69
61.6975 69
61.6917 69
61.686 69
61.6804 69
61.6748 69
61.6693 69
61.6638 69
61.6583 69
61.6529 69
61.6476 69
61.6423 69
61.637 69
61.6318 69
61.6267 69
61.6216 69
61.6165 69
61.6115 69
61.6066 69
61.6017 69
61.5968 69
61.592 69
61.5873 69
61.5826 69
61.5779 69
61.5733 69
61.5688 69
61.5643 69
61.5598 69
61.5555 69
61.5511 69
61.5468 69
61.5426 69
61.5384 69
61.5343 69
61.5303 69
61.5262 69
61.5223 69
61.5184 69
61.5145 69
61.5107 69
61.507 69
61.5033 69
61.4997 69
61.4961 69
61.4926 69
61.4892 69
61.4858 69
61.4824 69
61.4791 69
61.4759 69
61.4727 69
61.4696 69
61.4665 69
61.4634 69
61.4605 69
61.4575 69
61.4547 69
61.4519 69
61.4491 69
61.4465 69
61.4438 69
61.4413 69
61.4388 69
61.4363 69
61.4339 69
61.4315 69
61.4292 69
61.427 69
61.4248 69
61.4227 69
61.4206 69
61.4169 69
61.4129 69
61.4088 69
61.4048 69
61.4009 69
61.397 69
61.3932 69
61.3894 69
61.3856 69
61.3819 69
61.3783 69
61.3721 69
61.3659 69
61.3597 69
61.3535 69
61.3474 69
61.3412 69
61.3352 69
61.3291 69
61.3231 69
61.3171 69
61.3111 69
61.3052 69
61.2993 69
61.2935 69
61.2876 69
61.2818 69
61.2761 69
61.2703 69
61.2646 69
61.259 69
61.2533 69
61.2477 69
61.2422 69
61.2366 69
61.2311 69
61.2257 69
61.2202 69
61.2148 69
61.2095 69
61.2042 69
61.1989 69
61.1936 69
61.1884 69
61.1832 69
61.178 69
61.1729 69
61.1678 69
61.1628 69
61.1578 69
61.1528 69
61.1479 69
61.1429 69
61.1381 69
61.1332 69
61.1284 69
61.1236 69
61.1189 69
61.1142 69
61.1095 69
61.1049 69
61.1003 69
61.0957 69
61.0912 69
61.0867 69
61.0823 69
61.0778 69
61.0735 69
61.0691 69
61.0648 69
61.0605 69
61.0563 69
61.0521 69
61.048 69
61.0438 69
61.0398 69
61.0357 69
61.0317 69
61.0277 69
61.0238 69
61.0199 69
61.016 69
61.0122 69
61.0084 69
61.0046 69
61.0009 69
60.9971 69
60.9934 69
60.9898 69
60.9862 69
60.9826 69
60.9777 69
60.9719 69
60.9662 69
60.9604 69
60.9547 69
60.9491 69
60.9434 69
60.9377 69
60.9321 69
60.9264 69
60.9208 69
60.9153 69
60.9097 69
60.9042 69
60.8987 69
60.8932 69
60.8877 69
60.8823 69
60.8769 69
60.8716 69
60.8662 69
60.8609 69
60.8556 69
60.8504 69
60.8452 69
60.84 69
60.8348 69
60.8297 69
60.8245 69
60.8195 69
60.8141 69
60.8087 69
60.8033 69
60.7979 69
60.7926 69
60.7873 69
60.782 69
60.7768 69
60.7715 69
60.7663 69
60.7611 69
60.7559 69
60.7507 69
60.7451 69
60.7395 69
60.7339 69
60.7284 69
60.7229 69
60.7174 69
60.7119 69
60.7065 69
60.701 69
60.6957 69
60.6903 69
60.685 69
60.6796 69
60.6744 69
60.6691 69
60.6639 69
60.6587 69
60.6533 69
60.6477 69
60.6422 69
60.6367 69
60.6313 69
60.6258 69
60.6204 69
60.615 69
60.6097 69
60.6043 69
60.599 69
60.5937 69
60.5885 69
60.5833 69
60.5781 69
60.5729 69
60.5677 69
60.5626 69
60.5575 69
60.5525 69
60.5474 69
60.5424 69
60.5374 69
60.5325 69
60.5276 69
60.5227 69
60.5178 69
60.5129 69
60.5081 69
60.5033 69
60.4986 69
60.4939 69
60.4892 69
60.4845 69
60.4798 69
60.4752 69
60.4706 69
60.4661 69
60.4615 69
60.457 69
60.4526 69
60.4481 69
60.4437 69
60.4393 69
60.435 69
60.4305 69
60.4258 69
60.4212 69
60.4167 69
60.4121 69
60.4076 69
60.4031 69
60.3986 69
60.3942 69
60.3898 69
60.3854 69
60.3811 69
60.3768 69
60.3725 69
60.3682 69
60.3645 69
60.3612 69
60.358 69
60.3548 69
60.3517 69
60.3485 69
60.3454 69
60.3424 69
60.3393 69
60.3363 69
60.3333 69
60.3301 69
60.3271 69
60.324 69
60.321 69
60.3176 69
60.3142 69
60.3109 69
60.3075 69
60.3042 69
60.3009 69
60.2977 69
60.2945 69
60.2913 69
60.2881 69
60.2849 69
60.2818 69
60.2787 69
60.2756 69
60.2725 69
60.2695 69
60.2664 69
60.2634 69
60.2604 69
60.2575 69
60.2545 69
60.2516 69
60.2487 69
60.2458 69
60.243 69
60.2401 69
60.2373 69
60.2345 69
60.2317 69
60.2289 69
60.2242 69
60.2195 69
60.2147 69
60.2099 69
60.2052 69
60.2004 69
60.1957 69
60.1911 69
60.1864 69
60.1818 69
60.1773 69
60.1727 69
60.1682 69
60.1637 69
60.1604 69
60.1589 69
60.1573 69
60.1557 69
60.1542 69
60.1523 69
60.1502 69
60.1482 69
60.1461 69
60.1442 69
60.1422 69
60.1403 69
60.1384 69
60.1365 69
60.1347 69
60.1332 69
60.1324 69
60.1316 69
60.1308 69
60.1301 69
60.1294 69
60.1288 69
60.1281 69
60.1276 69
60.127 69
60.1265 69
60.1261 69
60.1257 69
60.1253 69
60.1249 69
60.1246 69
60.1241 69
60.1234 69
60.1227 69
60.1221 69
60.1216 69
60.121 69
60.1206 69
60.1201 69
60.1197 69
60.1193 69
60.119 69
60.1187 69
60.1184 69
60.1182 69
60.118 69
60.1179 69
60.1178 69
60.1177 69
60.1177 69
60.1177 69
60.1177 69
60.1178 69
60.1179 69
60.1181 69
60.1182 69
60.1185 69
60.1188 69
60.1191 69
60.1194 69
60.1198 69
60.1203 69
60.1207 69
60.1211 69
60.1215 69
60.1219 69
60.1224 69
60.123 69
60.1235 69
60.1241 69
60.1248 69
60.1248 69
60.1225 69
60.1202 69
60.1179 69
60.1157 69
60.1135 69
60.1113 69
60.1092 69
60.1071 69
60.105 69
60.1029 69
60.1008 69
60.0988 69
60.0968 69
60.0949 69
60.0929 69
60.091 69
60.0891 69
60.0873 69
60.0855 69
60.0837 69
60.0819 69
60.0801 69
60.0784 69
60.0767 69
60.0751 69
60.0734 69
60.0718 69
60.0702 69
60.0687 69
60.0671 69
60.0656 69
60.0642 69
60.0627 69
60.0613 69
60.0599 69
60.0586 69
60.0572 69
60.0559 69
60.0546 69
60.0526 69
60.0482 69
60.0438 69
60.0395 69
60.0351 69
60.0308 69
60.0265 69
60.0222 69
60.018 69
60.0137 69
60.0095 69
60.0052 69
60.001 69
59.9968 69
59.9926 69
59.9885 69
59.9843 69
59.9802 69
59.9761 69
59.9719 69
59.9679 69
59.9638 69
59.9597 69
59.9557 69
59.9516 69
59.9476 69
59.9436 69
59.9397 69
59.9357 69
59.9317 69
59.9278 69
59.9239 69
59.92 69
59.9161 69
59.9122 69
59.9085 69
59.9046 69
59.9009 69
59.8971 69
59.8933 69
59.8895 69
59.8857 69
59.8819 69
59.878 69
59.8742 69
59.8704 69
59.8665 69
59.8569 69
59.8526 69
59.8484 69
59.8442 69
59.8401 69
59.8359 69
59.8318 69
59.8276 69
59.8235 69
59.8195 69
59.8154 69
59.8113 69
59.8073 69
59.8033 69
59.7993 69
59.7954 69
59.7915 69
59.7875 69
59.7837 69
59.7798 69
59.7759 69
59.7721 69
59.7683 69
59.7645 69
59.7608 69
59.757 69
59.7533 69
59.7496 69
59.746 69
59.7423 69
59.7387 69
59.7351 69
59.7315 69
59.728 69
59.7246 69
59.7212 69
59.7179 69
59.7145 69
59.7112 69
59.7079 69
59.7047 69
59.7014 69
59.6982 69
59.6949 69
59.6917 69
59.6886 69
59.6854 69
59.6822 69
59.6791 69
59.676 69
59.6729 69
59.6699 69
59.6668 69
59.6638 69
59.6608 69
59.6578 69
59.6549 69
59.6519 69
59.649 69
59.6461 69
59.6432 69
59.6404 69
59.6375 69
59.6347 69
59.6319 69
59.6291 69
59.6264 69
59.6237 69
59.621 69
59.6183 69
59.6156 69
59.613 69
59.6104 69
59.6078 69
59.6052 69
59.6027 69
59.6002 69
59.5977 69
59.5952 69
59.5927 69
59.5903 69
59.5879 69
59.5858 69
59.5836 69
59.5816 69
59.5795 69
59.5775 69
59.5755 69
59.5735 69
59.5715 69
59.5696 69
59.5676 69
59.5658 69
59.5639 69
59.562 69
59.5602 69
59.5584 69
59.5567 69
59.5549 69
59.5532 69
59.5515 69
59.5499 69
59.5482 69
59.5466 69
59.545 69
59.5435 69
59.5419 69
59.5404 69
59.539 69
59.5375 69
59.5361 69
59.5347 69
59.5334 69
59.532 69
59.5307 69
59.5294 69
59.5282 69
59.527 69
59.5258 69
59.5246 69
59.5235 69
59.5224 69
59.5213 69
59.5203 69
59.5192 69
59.5183 69
59.5173 69
59.5164 69
59.5155 69
59.5146 69
59.5138 69
59.513 69
59.5122 69
59.5115 69
59.5107 69
59.5099 69
59.5092 69
59.5084 69
59.5078 69
59.5071 69
59.5065 69
59.5059 69
59.5053 69
59.5048 69
59.5042 69
59.5038 69
59.5033 69
59.5029 69
59.5025 69
59.5021 69
59.5018 69
59.5015 69
59.5012 69
59.501 69
59.5008 69
59.5006 69
59.5004 69
59.5002 69
59.5 69
59.4998 69
59.4997 69
59.4996 69
59.4996 69
59.4995 69
59.4995 69
59.4996 69
59.4997 69
59.4998 69
59.4999 69
59.5001 69
59.5003 69
59.5005 69
59.5008 69
59.5011 69
59.5014 69
59.5018 69
59.5022 69
59.5026 69
59.5031 69
59.5036 69
59.5041 69
59.5047 69
59.5053 69
59.506 69
59.5067 69
59.5074 69
59.5082 69
59.509 69
59.5094 69
59.5091 69
59.5089 69
59.5087 69
59.5086 69
59.5085 69
59.5084 69
59.5083 69
59.5084 69
59.5084 69
59.5084 69
59.5086 69
59.5087 69
59.5089 69
59.5091 69
59.5094 69
59.5096 69
59.51 69
59.5103 69
59.5108 69
59.5112 69
59.5117 69
59.5121 69
59.5125 69
59.513 69
59.5135 69
59.5141 69
59.5146 69
59.5153 69
59.5159 69
59.5166 69
59.5174 69
59.5181 69
59.519 69
59.5198 69
59.5207 69
59.5217 69
59.5227 69
59.5237 69
59.5248 69
59.5259 69
59.5271 69
59.5283 69
59.5295 69
59.5308 69
59.5321 69
59.5335 69
59.5349 69
59.5363 69
59.5378 69
59.5394 69
59.541 69
59.5426 69
59.5443 69
59.546 69
59.5477 69
59.5495 69
59.5514 69
59.5533 69
59.5552 69
59.5572 69
59.5592 69
59.5612 69
59.5633 69
59.5655 69
59.5677 69
59.5699 69
59.5722 69
59.5746 69
59.577 69
59.5794 69
59.5819 69
59.5844 69
59.587 69
59.5896 69
59.5923 69
59.595 69
59.5978 69
59.6006 69
59.6035 69
59.6064 69
59.6094 69
59.6124 69
59.6155 69
59.6186 69
59.6218 69
59.625 69
59.6283 69
59.6316 69
59.635 69
59.6384 69
59.6419 69
59.6454 69
59.649 69
59.6526 69
59.6562 69
59.6599 69
59.6637 69
59.6675 69
59.6714 69
59.6753 69
59.6793 69
59.6833 69
59.6874 69
59.6915 69
59.6957 69
59.7 69
59.7043 69
59.7086 69
59.713 69
59.7174 69
59.7219 69
59.7264 69
59.731 69
59.7356 69
59.7403 69
59.745 69
59.7498 69
59.7547 69
59.7595 69
59.7645 69
59.7695 69
59.7745 69
59.7796 69
59.7847 69
59.7899 69
59.7952 69
59.8004 69
59.8058 69
59.8112 69
59.8166 69
59.8221 69
59.8277 69
59.8333 69
59.839 69
59.8447 69
59.8504 69
59.8563 69
59.8622 69
59.8681 69
59.8741 69
59.8802 69
59.8863 69
59.8924 69
59.8986 69
59.9049 69
59.9112 69
59.9176 69
59.9239 69
59.9303 69
59.9368 69
59.9433 69
59.9498 69
59.9563 69
59.9629 69
59.9695 69
59.9761 69
59.9829 69
59.9896 69
59.9964 69
60.0032 69
60.0101 69
60.0171 69
60.0241 69
60.0311 69
60.0381 69
60.0443 69
60.0505 69
60.0568 69
60.0632 69
60.0695 69
60.076 69
60.0825 69
60.089 69
60.0957 69
60.1023 69
60.1091 69
60.1159 69
60.1227 69
60.1296 69
60.1365 69
60.1435 69
60.1505 69
60.1576 69
60.1647 69
60.1719 69
60.1792 69
60.1865 69
60.1939 69
60.2013 69
60.2087 69
60.2163 69
60.2238 69
60.2314 69
60.2391 69
60.2468 69
60.2546 69
60.2625 69
60.2704 69
60.2784 69
60.2864 69
60.2945 69
60.3027 69
60.3109 69
60.3191 69
60.3274 69
60.3358 69
60.3442 69
60.3526 69
60.3611 69
60.3697 69
60.3783 69
60.387 69
60.3957 69
60.4045 69
60.4131 69
60.4219 69
60.4306 69
60.4394 69
60.4483 69
60.4572 69
60.4662 69
60.4753 69
60.4844 69
60.4935 69
60.5028 69
60.512 69
60.5213 69
60.5307 69
60.5399 69
60.5489 69
60.5581 69
60.5673 69
60.5765 69
60.5859 69
60.5952 69
60.6047 69
60.6142 69
60.6238 69
60.6335 69
60.6432 69
60.6529 69
60.6628 69
60.6727 69
60.6826 69
60.6927 69
60.7028 69
60.7129 69
60.7231 69
60.7333 69
60.7436 69
60.754 69
60.7644 69
60.7748 69
60.7853 69
60.7959 69
60.8065 69
60.8172 69
60.8279 69
60.8387 69
60.8495 69
60.8604 69
60.8714 69
60.8825 69
60.8936 69
60.9047 69
60.916 69
60.9273 69
60.9387 69
60.95 69
60.9615 69
60.9729 69
60.9845 69
60.996 69
61.0076 69
61.0193 69
61.0311 69
61.0429 69
61.0548 69
61.0668 69
61.0788 69
61.0909 69
61.1031 69
61.1153 69
61.1275 69
61.1398 69
61.1522 69
61.1646 69
61.1771 69
61.1896 69
61.2022 69
61.2149 69
61.2276 69
61.2405 69
61.2534 69
61.2663 69
61.2793 69
61.2924 69
61.3055 69
61.3187 69
61.3319 69
61.3452 69
61.3585 69
61.3719 69
61.3854 69
61.399 69
61.4126 69
61.4263 69
61.44 69
61.4539 69
61.4678 69
61.4814 69
61.4948 69
61.5082 69
61.5217 69
61.5352 69
61.5488 69
61.5625 69
61.5763 69
61.5901 69
61.604 69
61.6178 69
61.6318 69
61.6458 69
61.6599 69
61.6741 69
61.6882 69
61.7025 69
61.7167 69
61.731 69
61.7454 69
61.7598 69
61.7743 69
61.7889 69
61.8035 69
61.8182 69
61.833 69
61.8478 69
61.8628 69
61.8778 69
61.8928 69
61.908 69
61.9232 69
61.9385 69
61.9539 69
61.9693 69
61.9848 69
62.0003 69
62.0159 69
62.0315 69
62.0471 69
62.0628 69
62.0786 69
62.0945 69
62.1104 69
62.1263 69
62.1424 69
62.1585 69
62.1747 69
62.191 69
62.2073 69
62.2237 69
62.2402 69
62.2568 69
62.2735 69
62.2902 69
62.3069 69
62.3236 69
62.3404 69
62.3573 69
62.3743 69
62.3913 69
62.4084 69
62.4256 69
62.4428 69
62.4601 69
62.4774 69
62.4948 69
62.5121 69
62.5296 69
62.5471 69
62.5646 69
62.5822 69
62.5999 69
62.6176 69
62.6354 69
62.6533 69
62.6712 69
62.6892 69
62.7073 69
62.7255 69
62.7437 69
62.7621 69
62.7804 69
62.7989 69
62.8173 69
62.8357 69
62.8543 69
62.8729 69
62.8916 69
62.9103 69
62.9291 69
62.948 69
62.9669 69
62.9859 69
63.005 69
63.0241 69
63.0433 69
63.0626 69
63.0819 69
63.1012 69
63.1206 69
63.1401 69
63.1596 69
63.1792 69
63.1989 69
63.2186 69
63.2384 69
63.2583 69
63.2783 69
63.2984 69
63.3185 69
63.3387 69
63.3589 69
63.3793 69
63.3997 69
63.4201 69
63.4405 69
63.461 69
63.4816 69
63.5022 69
63.5228 69
63.5435 69
63.5642 69
63.585 69
63.6059 69
63.6267 69
63.6477 69
63.6687 69
63.6896 69
63.7106 69
63.7316 69
63.7527 69
63.7739 69
63.7952 69
63.8166 69
63.838 69
63.8594 69
63.8808 69
63.9023 69
63.9239 69
63.9455 69
63.9672 69
63.9889 69
64.0107 69
64.0326 69
64.0545 69
64.0765 69
64.0985 69
64.1206 69
64.1427 69
64.1649 69
64.1871 69
64.2094 69
64.2317 69
64.254 69
64.2765 69
64.2989 69
64.3215 69
64.3441 69
64.3668 69
64.3896 69
64.4124 69
64.4352 69
64.4581 69
64.481 69
64.5039 69
64.527 69
64.55 69
64.5732 69
64.5965 69
64.6197 69
64.643 69
64.6664 69
64.6899 69
64.7135 69
64.7371 69
64.7608 69
64.7845 69
64.8082 69
64.832 69
64.8558 69
64.8796 69
64.9035 69
64.9274 69
64.9514 69
64.9755 69
64.9996 69
65.0237 69
65.048 69
65.0723 69
65.0968 69
65.1213 69
65.1459 69
65.1705 69
65.1953 69
65.22 69
65.2448 69
65.2697 69
65.2946 69
65.3196 69
65.3447 69
65.3698 69
65.3949 69
65.4202 69
65.4454 69
65.4707 69
65.4961 69
65.5214 69
65.5468 69
65.5723 69
65.5978 69
65.6235 69
65.6491 69
65.6747 69
65.7004 69
65.7261 69
65.752 69
65.7779 69
65.8038 69
65.8298 69
65.8558 69
65.8818 69
65.908 69
65.9342 69
65.9605 69
65.9868 69
66.0131 69
66.0395 69
66.0659 69
66.0924 69
66.1189 69
66.1455 69
66.1723 69
66.199 69
66.2258 69
66.2526 69
66.2795 69
66.3065 69
66.3335 69
66.3606 69
66.3878 69
66.415 69
66.4422 69
66.4695 69
66.4969 69
66.5244 69
66.5519 69
66.5794 69
66.607 69
66.6347 69
66.6624 69
66.6901 69
66.7179 69
66.7456 69
66.7733 69
66.801 69
66.8288 69
66.8566 69
66.8845 69
66.9125 69
66.9405 69
66.9686 69
66.9968 69
67.025 69
67.0533 69
67.0817 69
67.1102 69
67.1387 69
67.1673 69
67.1959 69
67.2247 69
67.2534 69
67.2822 69
67.311 69
67.3399 69
67.3688 69
67.3978 69
67.4267 69
67.4557 69
67.4846 69
67.5135 69
67.5426 69
67.5716 69
67.6007 69
67.6298 69
67.6589 69
67.6882 69
67.7174 69
67.7466 69
67.7758 69
67.8051 69
67.8344 69
67.8638 69
67.8933 69
67.9229 69
67.9525 69
67.9822 69
68.012 69
68.0418 69
68.0717 69
68.1016 69
68.1316 69
68.1617 69
68.1918 69
68.2219 69
68.2521 69
68.2824 69
68.3127 69
68.3429 69
68.3732 69
68.4035 69
68.4339 69
68.4643 69
68.4946 69
68.5248 69
68.5552 69
68.5855 69
68.6159 69
68.6464 69
68.677 69
68.7076 69
68.7383 69
68.7691 69
68.7999 69
68.8308 69
68.8617 69
68.8927 69
68.9237 69
68.9547 69
68.9857 69
69.0168 69
69.048 69
69.0792 69
69.1106 69
69.142 69
69.1735 69
69.2049 69
69.2364 69
69.268 69
69.2996 69
69.3312 69
69.3629 69
69.3946 69
69.4262 69
69.4578 69
69.4893 69
69.5208 69
69.5524 69
69.5841 69
69.6158 69
69.6475 69
69.6793 69
69.7111 69
69.743 69
69.7749 69
69.807 69
69.839 69
69.8712 69
69.9033 69
69.9355 69
69.9676 69
69.9997 69
70.0318 69
70.064 69
70.0962 69
70.1286 69
70.1609 69
70.1932 69
70.2256 69
70.2579 69
70.2903 69
70.3226 69
70.355 69
70.3874 69
70.4197 69
70.452 69
70.4844 69
70.5169 69
70.5493 69
70.5818 69
70.6141 69
70.6466 69
70.679 69
70.7115 69
70.744 69
70.7766 69
70.8092 69
70.8418 69
70.8744 69
70.907 69
70.9397 69
70.9723 69
71.0051 69
71.0379 69
71.0708 69
71.1037 69
71.1365 69
71.1693 69
71.2022 69
71.2351 69
71.2681 69
71.3012 69
71.3344 69
71.3675 69
71.4006 69
71.4337 69
71.4666 69
71.4995 69
71.5325 69
71.5655 69
71.5984 69
71.6313 69
71.6644 69
71.6975 69
71.7307 69
71.7638 69
71.797 69
71.8302 69
71.8634 69
71.8968 69
71.9302 69
71.9635 69
71.9969 69
72.0303 69
72.0638 69
72.0973 69
72.1308 69
72.1643 69
72.1978 69
72.2313 69
72.2648 69
72.2985 69
72.3322 69
72.366 69
72.3998 69
72.4337 69
72.4676 69
72.5016 69
72.5356 69
72.5697 69
72.6039 69
72.6381 69
72.6724 69
72.7067 69
72.7411 69
72.7756 69
72.8101 69
72.8446 69
72.8792 69
72.9139 69
72.9487 69
72.9835 69
73.0184 69
73.0532 69
73.0881 69
73.123 69
73.1579 69
73.1929 69
73.228 69
73.2631 69
73.2983 69
73.3336 69
73.3689 69
73.4042 69
73.4396 69
73.4751 69
73.5107 69
73.5463 69
73.582 69
73.6175 69
73.6531 69
73.6888 69
73.7245 69
73.7602 69
73.7961 69
73.832 69
73.8679 69
73.9039 69
73.94 69
73.9762 69
74.0123 69
74.0485 69
74.0848 69
74.1212 69
74.1577 69
74.1942 69
74.2305 69
74.2669 69
74.3034 69
74.34 69
74.3766 69
74.4133 69
74.45 69
74.4868 69
74.5237 69
74.5606 69
74.5975 69
74.6344 69
74.6713 69
74.7083 69
74.7454 69
74.7825 69
74.8197 69
74.857 69
74.8943 69
74.9316 69
74.9689 69
75.0064 69
75.0439 69
75.0815 69
75.1191 69
75.1567 69
75.1943 69
75.232 69
75.2697 69
75.3075 69
75.3454 69
75.3833 69
75.4213 69
75.4593 69
75.4974 69
75.5354 69
75.5734 69
75.6115 69
75.6496 69
75.6878 69
75.7261 69
75.7644 69
75.8028 69
75.8413 69
75.8798 69
75.9183 69
75.9567 69
75.9952 69
76.0337 69
76.0724 69
76.111 69
76.1498 69
76.1885 69
76.2272 69
76.266 69
76.3048 69
76.3437 69
76.3826 69
76.4216 69
76.4606 69
76.4997 69
76.5388 69
76.5779 69
76.6171 69
76.6563 69
76.6955 69
76.7348 69
76.7741 69
76.8135 69
76.8529 69
76.8924 69
76.9319 69
76.9714 69
77.0109 69
77.0504 69
77.0899 69
77.1296 69
77.1693 69
77.2091 69
77.2489 69
77.2887 69
77.3284 69
77.3682 69
77.408 69
77.4479 69
77.4879 69
77.5279 69
77.5678 69
77.6078 69
77.6478 69
77.6879 69
77.7281 69
77.7683 69
77.8086 69
77.8489 69
77.8892 69
77.9296 69
77.97 69
78.0104 69
78.0508 69
78.0913 69
78.1319 69
78.1725 69
78.213 69
78.2535 69
78.294 69
78.3346 69
78.3753 69
78.416 69
78.4568 69
78.4974 69
78.538 69
78.5787 69
78.6195 69
78.6602 69
78.7009 69
78.7417 69
78.7825 69
78.8234 69
78.8644 69
78.9054 69
78.9464 69
78.9875 69
79.0287 69
79.0699 69
79.1111 69
79.1523 69
79.1935 69
79.2349 69
79.2762 69
79.3175 69
79.3588 69
79.4002 69
79.4416 69
79.483 69
79.5243 69
79.5658 69
79.6071 69
79.6486 69
79.6901 69
79.7317 69
79.7733 69
79.815 69
79.8568 69
79.8986 69
79.9405 69
79.9825 69
80.0245 69
80.0666 69
80.1088 69
80.151 69
80.1933 69
80.2357 69
80.2781 69
80.3206 69
80.3632 69
80.4058 69
80.4485 69
80.4913 69
80.5342 69
80.5771 69
80.62 69
80.6631 69
80.7062 69
80.7494 69
80.7926 69
80.8359 69
80.8793 69
80.9228 69
80.9663 69
81.0099 69
81.0535 69
81.0972 69
81.141 69
81.1849 69
81.2288 69
81.2728 69
81.3168 69
81.3609 69
81.4051 69
81.4493 69
81.4936 69
81.5379 69
81.5824 69
81.6269 69
81.6714 69
81.716 69
81.7607 69
81.8055 69
81.8504 69
81.8953 69
81.9402 69
81.9853 69
82.0304 69
82.0756 69
82.1207 69
82.1657 69
82.2107 69
82.2559 69
82.301 69
82.3463 69
82.3916 69
82.437 69
82.4825 69
82.528 69
82.5736 69
82.6193 69
82.6651 69
82.7109 69
82.7568 69
82.8027 69
82.8487 69
82.8948 69
82.941 69
82.9872 69
83.0335 69
83.0799 69
83.1264 69
83.1729 69
83.2195 69
83.2661 69
83.3129 69
83.3597 69
83.4066 69
83.4535 69
83.5005 69
83.5476 69
83.5948 69
83.642 69
83.6893 69
83.7367 69
83.7841 69
83.8316 69
83.8792 69
83.9269 69
83.9746 69
84.0224 69
84.0703 69
84.1182 69
84.1663 69
84.2144 69
84.2625 69
84.3108 69
84.3591 69
84.4074 69
84.4559 69
84.5044 69
84.553 69
84.6017 69
84.6504 69
84.6992 69
84.7481 69
84.7971 69
84.8461 69
84.8952 69
84.9444 69
84.9937 69
85.043 69
85.0924 69
85.1419 69
85.1914 69
85.241 69
85.2907 69
85.3405 69
85.3903 69
85.4402 69
85.4902 69
85.5403 69
85.5904 69
85.6406 69
85.6909 69
85.7412 69
85.7917 69
85.8422 69
85.8928 69
85.9434 69
85.9941 69
86.0449 69
86.0958 69
86.1467 69
86.1978 69
86.2489 69
86.3 69
86.3513 69
86.4026 69
86.454 69
86.5055 69
86.557 69
86.6086 69
86.6603 69
86.7121 69
86.764 69
86.8159 69
86.8679 69
86.9199 69
86.9721 69
87.0243 69
87.0766 69
87.129 69
87.1814 69
87.234 69
87.2866 69
87.3392 69
87.392 69
87.4448 69
87.4977 69
87.5507 69
87.6038 69
87.6569 69
87.7101 69
87.7634 69
87.8167 69
87.8702 69
87.9237 69
87.9773 69
88.0309 69
88.0847 69
88.1385 69
88.1924 69
88.2464 69
88.3004 69
88.3546 69
88.4088 69
88.463 69
88.5174 69
88.5718 69
88.6264 69
88.6809 69
88.7356 69
88.7904 69
88.8452 69
88.9001 69
88.9551 69
89.0101 69
89.0653 69
89.1205 69
89.1758 69
89.2311 69
89.2866 69
89.3421 69
89.3977 69
89.4534 69
89.5091 69
89.565 69
89.6209 69
89.6769 69
89.7329 69
89.7891 69
89.8453 69
89.9016 69
89.958 69
90.0145 69
90.071 69
90.1276 69
90.1843 69
90.2411 69
90.298 69
90.3549 69
90.4119 69
90.469 69
90.5262 69
90.5835 69
90.6408 69
90.6982 69
90.7557 69
90.8133 69
90.8709 69
90.9287 69
90.9865 69
91.0444 69
91.1023 69
91.1604 69
91.2185 69
91.2767 69
91.335 69
91.3934 69
91.4518 69
91.5104 69
91.569 69
91.6277 69
91.6865 69
91.7453 69
91.8043 69
91.8633 69
91.9224 69
91.9815 69
92.0408 69
92.1001 69
92.1596 69
92.2191 69
92.2786 69
92.3383 69
92.3981 69
92.4579 69
92.5178 69
92.5778 69
92.6378 69
92.698 69
92.7582 69
92.8185 69
92.8789 69
92.9394 69
93 69
93.0606 69
93.1214 69
93.1822 69
93.243 69
93.304 69
93.3651 69
93.4262 69
93.4874 69
93.5487 69
93.6101 69
93.6716 69
93.7331 69
93.7948 69
93.8565 69
93.9183 69
93.9801 69
94.0421 69
94.1041 69
94.1663 69
94.2285 69
94.2908 69
94.3531 69
94.4156 69
94.4782 69
94.5408 69
94.6035 69
94.6663 69
94.7292 69
94.7921 69
94.8552 69
94.9183 69
94.9815 69
95.0448 69
95.1082 69
95.1716 69
95.2352 69
95.2988 69
95.3625 69
95.4263 69
95.4902 69
95.5542 69
95.6182 69
95.6824 69
95.7466 69
95.8109 69
95.8753 69
95.9398 69
96.0043 69
96.069 69
96.1337 69
96.1985 69
96.2634 69
96.3284 69
96.3935 69
96.4586 69
96.5239 69
96.5892 69
96.6546 69
96.7201 69
96.7857 69
96.8513 69
96.9171 69
96.9829 69
97.0488 69
97.1149 69
97.181 69
97.2471 69
97.3134 69
97.3798 69
97.4462 69
97.5127 69
97.5793 69
97.646 69
97.7126 69
97.7789 69
97.8454 69
97.9119 69
97.9785 69
98.0451 69
98.1119 69
98.1788 69
98.2457 69
98.3127 69
98.3797 69
98.4464 69
98.5133 69
98.5802 69
98.6472 69
98.7143 69
98.7815 69
98.8488 69
98.9161 69
98.9836 69
99.0511 69
99.1187 69
99.1864 69
99.2542 69
99.322 69
99.39 69
99.458 69
99.5261 69
99.5943 69
99.6626 69
99.731 69
99.7993 69
99.8634 69
99.9277 69
99.992 69
100.056 69
100.121 69
100.185 69
100.25 69
100.315 69
100.379 69
100.437 69
100.486 69
100.534 69
100.582 69
100.631 69
100.679 69
100.728 69
100.776 69
100.825 69
100.874 69
100.922 69
100.971 69
101.02 69
101.069 69
101.118 69
101.166 69
101.215 69
101.264 69
101.307 69
101.349 69
101.392 69
101.435 69
101.478 69
101.521 69
101.564 69
101.607 69
101.65 69
101.693 69
101.736 69
101.779 69
101.821 69
101.863 69
101.905 69
101.947 69
101.989 69
102.031 69
102.073 69
102.115 69
102.158 69
102.2 69
102.242 69
102.284 69
102.326 69
102.369 69
102.411 69
102.453 69
102.496 69
102.538 69
102.581 69
102.623 69
102.665 69
102.705 69
102.745 69
102.785 69
102.824 69
102.864 69
102.904 69
102.943 69
102.983 69
103.023 69
103.063 69
103.102 69
103.142 69
103.182 69
103.222 69
103.262 69
103.301 69
103.34 69
103.38 69
103.419 69
103.459 69
103.498 69
103.538 69
103.577 69
103.617 69
103.657 69
103.696 69
103.736 69
103.776 69
103.815 69
103.855 69
103.895 69
103.935 69
103.974 69
104.014 69
104.054 69
104.094 69
104.134 69
104.174 69
104.214 69
104.254 69
104.294 69
104.334 69
104.374 69
104.414 69
104.454 69
104.494 69
104.534 69
104.574 69
104.614 69
104.654 69
104.695 69
104.735 69
104.775 69
104.815 69
104.856 69
104.896 69
104.936 69
104.977 69
105.017 69
105.058 69
105.098 69
105.138 69
105.179 69
105.219 69
105.26 69
105.301 69
105.341 69
105.382 69
105.422 69
105.463 69
105.504 69
105.544 69
105.585 69
105.626 69
105.667 69
105.707 69
105.748 69
105.789 69
105.83 69
105.871 69
105.912 69
105.953 69
105.994 69
106.035 69
106.076 69
106.117 69
106.158 69
106.199 69
106.24 69
106.281 69
106.322 69
106.363 69
106.405 69
106.446 69
106.487 69
106.528 69
106.57 69
106.611 69
106.652 69
106.694 69
106.735 69
106.776 69
106.818 69
106.859 69
106.901 69
106.942 69
106.984 69
107.025 69
107.067 69
107.109 69
107.15 69
107.192 69
107.234 69
107.275 69
107.317 69
107.357 69
107.397 69
107.437 69
107.478 69
107.518 69
107.558 69
107.598 69
107.639 69
107.679 69
107.719 69
107.76 69
107.8 69
107.84 69
107.881 69
107.921 69
107.962 69
108.002 69
108.043 69
108.083 69
108.124 69
108.164 69
108.205 69
108.246 69
108.286 69
108.327 69
108.368 69
108.408 69
108.449 69
108.49 69
108.53 69
108.571 69
108.612 69
108.653 69
108.694 69
108.735 69
108.776 69
108.816 69
108.857 69
108.898 69
108.939 69
108.98 69
109.021 69
109.062 69
109.103 69
109.145 69
109.186 69
109.227 69
109.268 69
109.309 69
109.35 69
109.392 69
109.433 69
109.474 69
109.515 69
109.557 69
109.598 69
109.639 69
109.681 69
109.722 69
109.764 69
109.805 69
109.847 69
109.888 69
109.93 69
109.971 69
110.013 69
110.054 69
110.096 69
110.138 69
110.179 69
110.221 69
110.263 69
110.304 69
110.346 69
110.388 69
110.43 69
110.471 69
110.513 69
110.555 69
110.597 69
110.638 69
110.68 69
110.721 69
110.763 69
110.805 69
110.846 69
110.887 69
110.928 69
110.968 69
111.009 69
111.05 69
111.09 69
111.131 69
111.172 69
111.212 69
111.253 69
111.294 69
111.335 69
111.375 69
111.414 69
111.453 69
111.493 69
111.532 69
111.571 69
111.611 69
111.65 69
111.69 69
111.729 69
111.768 69
111.808 69
111.847 69
111.887 69
111.926 69
111.966 69
112.006 69
112.045 69
112.085 69
112.124 69
112.164 69
112.204 69
112.243 69
112.283 69
112.323 69
112.362 69
112.402 69
112.442 69
112.481 69
112.519 69
112.558 69
112.597 69
112.635 69
112.674 69
112.713 69
112.752 69
112.79 69
112.829 69
112.867 69
112.905 69
112.944 69
112.982 69
113.021 69
113.059 69
113.098 69
113.136 69
113.175 69
113.213 69
113.252 69
113.29 69
113.329 69
113.368 69
113.406 69
113.445 69
113.484 69
113.522 69
113.561 69
113.6 69
113.638 69
113.677 69
113.716 69
113.755 69
113.793 69
113.832 69
113.871 69
113.91 69
113.949 69
113.988 69
114.026 69
114.065 69
114.104 69
114.143 69
114.182 69
114.221 69
114.26 69
114.299 69
114.338 69
114.377 69
114.416 69
114.455 69
114.494 69
114.533 69
114.572 69
114.611 69
114.649 69
114.687 69
114.724 69
114.762 69
114.799 69
114.837 69
114.874 69
114.912 69
114.95 69
114.987 69
115.025 69
115.063 69
115.1 69
115.138 69
115.176 69
115.213 69
115.251 69
115.289 69
115.326 69
115.363 69
115.4 69
115.436 69
115.473 69
115.51 69
115.547 69
115.584 69
115.62 69
115.657 69
115.694 69
115.731 69
115.768 69
115.804 69
115.841 69
115.878 69
115.915 69
115.952 69
115.989 69
116.026 69
116.063 69
116.099 69
116.136 69
116.173 69
116.21 69
116.247 69
116.284 69
116.321 69
116.358 69
116.395 69
116.432 69
116.469 69
116.506 69
116.543 69
116.581 69
116.618 69
116.655 69
116.692 69
116.729 69
116.766 69
116.803 69
116.84 69
116.878 69
116.915 69
116.952 69
116.989 69
117.027 69
117.064 69
117.101 69
117.138 69
117.176 69
117.213 69
117.25 69
117.288 69
117.325 69
117.362 69
117.4 69
117.437 69
117.474 69
117.511 69
117.548 69
117.585 69
117.621 69
117.658 69
117.695 69
117.732 69
117.769 69
117.806 69
117.843 69
117.88 69
117.916 69
117.953 69
117.99 69
118.027 69
118.064 69
118.101 69
118.138 69
118.175 69
118.212 69
118.249 69
118.286 69
118.323 69
118.36 69
118.397 69
118.434 69
118.472 69
118.509 69
118.546 69
118.583 69
118.62 69
118.657 69
118.694 69
118.731 69
118.769 69
118.806 69
118.843 69
118.88 69
118.918 69
118.955 69
118.992 69
119.029 69
119.067 69
119.104 69
119.141 69
119.178 69
119.215 69
119.251 69
119.288 69
119.324 69
119.361 69
119.397 69
119.434 69
119.471 69
119.507 69
119.544 69
119.58 69
119.617 69
119.654 69
119.69 69
119.727 69
119.764 69
119.8 69
119.837 69
119.874 69
119.91 69
119.947 69
119.984 69
120.021 69
120.057 69
120.094 69
120.131 69
120.168 69
120.204 69
120.241 69
