0.1 -0.0290439
0.2 -0.0582207
0.3 -0.0875349
0.4 -0.116987
0.5 -0.146578
0.6 -0.176309
0.7 -0.206183
0.8 -0.2362
0.9 -0.266362
1 -0.29667
0.423192 -0.30667
0.845691 -0.31667
1.2676 -0.32667
1.68881 -0.33667
2.10936 -0.34667
2.52923 -0.35667
2.94844 -0.36667
3.36699 -0.37667
3.78493 -0.38667
4.20222 -0.39667
4.61892 -0.40667
5.035 -0.41667
5.45042 -0.42667
5.86519 -0.43667
6.27933 -0.44667
6.69282 -0.45667
7.10567 -0.46667
7.51787 -0.47667
7.92944 -0.48667
8.34037 -0.49667
8.75067 -0.50667
9.16031 -0.51667
9.56933 -0.52667
9.97772 -0.53667
10.3855 -0.54667
10.7926 -0.55667
11.1991 -0.56667
11.6049 -0.57667
12.0101 -0.58667
12.4147 -0.59667
12.8186 -0.60667
13.2219 -0.61667
13.6245 -0.62667
14.0265 -0.63667
14.4279 -0.64667
14.8287 -0.65667
15.2288 -0.66667
15.6283 -0.67667
16.0272 -0.68667
16.4255 -0.69667
16.8231 -0.70667
17.2201 -0.71667
17.6165 -0.72667
18.0122 -0.73667
18.4074 -0.74667
18.8019 -0.75667
19.1958 -0.76667
19.589 -0.77667
19.9817 -0.78667
20.3737 -0.79667
20.7651 -0.80667
21.1559 -0.81667
21.546 -0.82667
21.9356 -0.83667
22.3245 -0.84667
22.7128 -0.85667
23.1005 -0.86667
23.4876 -0.87667
23.874 -0.88667
24.2599 -0.89667
24.6451 -0.90667
25.0297 -0.91667
25.4137 -0.92667
25.7972 -0.93667
26.18 -0.94667
26.5621 -0.95667
26.9437 -0.96667
27.3247 -0.97667
27.7051 -0.98667
28.0849 -0.99667
28.464 -1.00667
28.8426 -1.01667
29.2206 -1.02667
29.5979 -1.03667
29.9747 -1.04667
30.3509 -1.05667
30.7264 -1.06667
31.1014 -1.07667
31.4757 -1.08667
31.8495 -1.09667
32.2227 -1.10667
32.5953 -1.11667
32.9672 -1.12667
33.3386 -1.13667
33.7094 -1.14667
34.0796 -1.15667
34.4492 -1.16667
34.8183 -1.17667
35.1867 -1.18667
35.5545 -1.19667
35.9218 -1.20667
36.2885 -1.21667
36.6546 -1.22667
37.0201 -1.23667
37.385 -1.24667
37.7493 -1.25667
38.1131 -1.26667
38.4762 -1.27667
38.8388 -1.28667
39.2008 -1.29667
39.5623 -1.30667
39.9231 -1.31667
40.2834 -1.32667
40.6431 -1.33667
41.0022 -1.34667
41.3607 -1.35667
41.7187 -1.36667
42.0761 -1.37667
42.4329 -1.38667
42.7891 -1.39667
43.1448 -1.40667
43.4999 -1.41667
43.8544 -1.42667
44.2084 -1.43667
44.5618 -1.44667
44.9146 -1.45667
45.2669 -1.46667
45.6185 -1.47667
45.9697 -1.48667
46.3202 -1.49667
46.6702 -1.50667
47.0197 -1.51667
47.3685 -1.52667
47.7168 -1.53667
48.0646 -1.54667
48.4118 -1.55667
48.7584 -1.56667
49.1045 -1.57667
49.45 -1.58667
49.7949 -1.59667
50.1393 -1.60667
50.4831 -1.61667
50.8264 -1.62667
51.1692 -1.63667
51.5113 -1.64667
51.853 -1.65667
52.194 -1.66667
52.5345 -1.67667
52.8745 -1.68667
53.2139 -1.69667
53.5528 -1.70667
53.8911 -1.71667
54.2289 -1.72667
54.5661 -1.73667
54.9028 -1.74667
55.2389 -1.75667
55.5745 -1.76667
55.9095 -1.77667
56.244 -1.78667
56.5779 -1.79667
56.9113 -1.80667
57.2442 -1.81667
57.5765 -1.82667
57.9083 -1.83667
58.2395 -1.84667
58.5702 -1.85667
58.9004 -1.86667
59.23 -1.87667
59.5591 -1.88667
59.8877 -1.89667
60.2157 -1.90667
60.5432 -1.91667
60.8701 -1.92667
61.1965 -1.93667
61.5224 -1.94667
61.8478 -1.95667
62.1726 -1.96667
62.4969 -1.97667
62.8207 -1.98667
63.1439 -1.99667
63.4666 -2.00667
63.7888 -2.01667
64.1105 -2.02667
64.4316 -2.03667
64.7522 -2.04667
65.0723 -2.05667
65.3918 -2.06667
65.7109 -2.07667
66.0294 -2.08667
66.3474 -2.09667
66.6649 -2.10667
66.9818 -2.11667
67.2982 -2.12667
67.6142 -2.13667
67.9295 -2.14667
68.2444 -2.15667
68.5588 -2.16667
68.8726 -2.17667
69.186 -2.18667
69.4988 -2.19667
69.8111 -2.20667
70.1229 -2.21667
70.4342 -2.22667
70.7449 -2.23667
71.0552 -2.24667
71.3649 -2.25667
71.6742 -2.26667
71.9829 -2.27667
72.2911 -2.28667
72.5988 -2.29667
72.906 -2.30667
73.2127 -2.31667
73.5189 -2.32667
73.8246 -2.33667
74.1298 -2.34667
74.4345 -2.35667
74.7386 -2.36667
75.0423 -2.37667
75.3455 -2.38667
75.6482 -2.39667
75.9503 -2.40667
76.252 -2.41667
76.5532 -2.42667
76.8539 -2.43667
77.154 -2.44667
77.4537 -2.45667
77.7529 -2.46667
78.0516 -2.47667
78.3498 -2.48667
78.6475 -2.49667
78.9447 -2.50667
79.2414 -2.51667
79.5376 -2.52667
79.8334 -2.53667
80.1286 -2.54667
80.4233 -2.55667
80.7176 -2.56667
81.0114 -2.57667
81.3046 -2.58667
81.5974 -2.59667
81.8897 -2.60667
82.1815 -2.61667
82.4729 -2.62667
82.7637 -2.63667
83.0541 -2.64667
83.3439 -2.65667
83.6333 -2.66667
83.9222 -2.67667
84.2107 -2.68667
84.4986 -2.69667
84.7861 -2.70667
85.0731 -2.71667
85.3596 -2.72667
85.6456 -2.73667
85.9311 -2.74667
86.2162 -2.75667
86.5008 -2.76667
86.7849 -2.77667
87.0685 -2.78667
87.3517 -2.79667
87.6343 -2.80667
87.9165 -2.81667
88.1983 -2.82667
88.4795 -2.83667
88.7603 -2.84667
89.0406 -2.85667
89.3205 -2.86667
89.5998 -2.87667
89.8787 -2.88667
90.1572 -2.89667
90.4351 -2.90667
90.7126 -2.91667
90.9896 -2.92667
91.2662 -2.93667
91.5423 -2.94667
91.8179 -2.95667
92.093 -2.96667
92.3677 -2.97667
92.6419 -2.98667
92.9156 -2.99667
93.1889 -3.00667
93.4617 -3.01667
93.7341 -3.02667
94.006 -3.03667
94.2774 -3.04667
94.5483 -3.05667
94.8188 -3.06667
95.0889 -3.07667
95.3584 -3.08667
95.6275 -3.09667
95.8962 -3.10667
96.1644 -3.11667
96.4321 -3.12667
96.6994 -3.13667
96.9662 -3.14667
97.2326 -3.15667
97.4983 -3.16667
97.7616 -3.17667
98.0244 -3.18667
98.2839 -3.19667
98.5388 -3.20667
98.7933 -3.21667
99.0451 -3.22667
99.2848 -3.23667
99.5239 -3.24667
99.7562 -3.25667
99.9725 -3.26667
100.166 -3.27667
100.354 -3.28667
100.537 -3.29667
100.719 -3.30667
100.895 -3.31667
101.067 -3.32667
101.234 -3.33667
101.398 -3.34667
101.561 -3.35667
101.723 -3.36667
101.885 -3.37667
102.044 -3.38667
102.201 -3.39667
102.359 -3.40667
102.515 -3.41667
102.67 -3.42667
102.823 -3.43667
102.975 -3.44667
103.126 -3.45667
103.273 -3.46667
103.419 -3.47667
103.564 -3.48667
103.705 -3.49667
103.845 -3.50667
103.982 -3.51667
104.119 -3.52667
104.255 -3.53667
104.387 -3.54667
104.518 -3.55667
104.648 -3.56667
104.776 -3.57667
104.904 -3.58667
105.031 -3.59667
105.156 -3.60667
105.28 -3.61667
105.404 -3.62667
105.526 -3.63667
105.647 -3.64667
105.767 -3.65667
105.887 -3.66667
106.006 -3.67667
106.123 -3.68667
106.24 -3.69667
106.355 -3.70667
106.471 -3.71667
106.586 -3.72667
106.7 -3.73667
106.814 -3.74667
106.925 -3.75667
107.036 -3.76667
107.146 -3.77667
107.256 -3.78667
107.366 -3.79667
107.475 -3.80667
107.584 -3.81667
107.691 -3.82667
107.796 -3.83667
107.901 -3.84667
108.005 -3.85667
108.109 -3.86667
108.213 -3.87667
108.315 -3.88667
108.415 -3.89667
108.514 -3.90667
108.613 -3.91667
108.711 -3.92667
108.808 -3.93667
108.905 -3.94667
109.001 -3.95667
109.094 -3.96667
109.185 -3.97667
109.275 -3.98667
109.365 -3.99667
109.454 -4.00667
109.539 -4.01667
109.616 -4.02667
109.684 -4.03667
109.751 -4.04667
109.817 -4.05667
109.871 -4.06667
109.831 -4.07667
109.768 -4.08667
109.679 -4.09667
109.402 -4.10667
108.553 -4.11667
108.286 -4.12667
108.158 -4.13667
108.006 -4.14667
107.854 -4.15667
107.772 -4.16667
107.729 -4.17667
107.706 -4.18667
107.668 -4.19667
107.622 -4.20667
107.597 -4.21667
107.568 -4.22667
107.532 -4.23667
107.493 -4.24667
107.46 -4.25667
107.45 -4.26667
107.438 -4.27667
107.424 -4.28667
107.408 -4.29667
107.387 -4.30667
107.366 -4.31667
107.353 -4.32667
107.335 -4.33667
107.316 -4.34667
107.303 -4.35667
107.293 -4.36667
107.281 -4.37667
107.269 -4.38667
107.254 -4.39667
107.239 -4.40667
107.223 -4.41667
107.206 -4.42667
107.187 -4.43667
107.167 -4.44667
107.145 -4.45667
107.123 -4.46667
107.107 -4.47667
107.093 -4.48667
107.078 -4.49667
107.062 -4.50667
107.045 -4.51667
107.027 -4.52667
107.006 -4.53667
106.997 -4.54667
106.987 -4.55667
106.974 -4.56667
106.961 -4.57667
106.947 -4.58667
106.932 -4.59667
106.915 -4.60667
106.895 -4.61667
106.878 -4.62667
106.86 -4.63667
106.842 -4.64667
106.82 -4.65667
106.797 -4.66667
106.773 -4.67667
106.746 -4.68667
106.72 -4.69667
106.692 -4.70667
106.664 -4.71667
106.637 -4.72667
106.609 -4.73667
106.58 -4.74667
106.549 -4.75667
106.516 -4.76667
106.485 -4.77667
106.453 -4.78667
106.421 -4.79667
106.387 -4.80667
106.353 -4.81667
106.318 -4.82667
106.283 -4.83667
106.246 -4.84667
106.208 -4.85667
106.172 -4.86667
106.137 -4.87667
106.107 -4.88667
106.082 -4.89667
106.054 -4.90667
106.023 -4.91667
105.991 -4.92667
105.958 -4.93667
105.924 -4.94667
105.817 -4.95667
105.678 -4.96667
105.448 -4.97667
105.282 -4.98667
105.267 -4.99667
105.237 -5.00667
104.981 -5.01667
104.489 -5.02667
104.224 -5.03667
101.442 -5.04667
101.37 -5.05667
101.37 -5.06667
101.367 -5.07667
101.375 -5.08667
101.383 -5.09667
101.385 -5.10667
101.367 -5.11667
101.341 -5.12667
101.302 -5.13667
101.26 -5.14667
101.237 -5.15667
101.207 -5.16667
101.175 -5.17667
101.149 -5.18667
101.126 -5.19667
101.1 -5.20667
101.059 -5.21667
101.014 -5.22667
100.966 -5.23667
100.915 -5.24667
100.863 -5.25667
100.809 -5.26667
100.752 -5.27667
100.695 -5.28667
100.64 -5.29667
100.592 -5.30667
100.543 -5.31667
100.494 -5.32667
100.445 -5.33667
100.394 -5.34667
100.343 -5.35667
100.292 -5.36667
100.241 -5.37667
100.189 -5.38667
100.136 -5.39667
100.081 -5.40667
100.027 -5.41667
99.9715 -5.42667
99.9151 -5.43667
99.8586 -5.44667
99.8019 -5.45667
99.7448 -5.46667
99.6876 -5.47667
99.6302 -5.48667
99.5727 -5.49667
99.5151 -5.50667
99.4599 -5.51667
99.4051 -5.52667
99.3496 -5.53667
99.2935 -5.54667
99.2372 -5.55667
99.1803 -5.56667
99.1232 -5.57667
99.066 -5.58667
99.0087 -5.59667
98.9513 -5.60667
98.8939 -5.61667
98.8387 -5.62667
98.7846 -5.63667
98.7302 -5.64667
98.6756 -5.65667
98.6209 -5.66667
98.5662 -5.67667
98.5123 -5.68667
98.4613 -5.69667
98.4106 -5.70667
98.3598 -5.71667
98.3091 -5.72667
98.2584 -5.73667
98.2077 -5.74667
98.1568 -5.75667
98.1059 -5.76667
98.0549 -5.77667
98.0038 -5.78667
97.9525 -5.79667
97.9012 -5.80667
97.8498 -5.81667
97.7984 -5.82667
97.7503 -5.83667
97.7021 -5.84667
97.6538 -5.85667
97.6055 -5.86667
97.5571 -5.87667
97.5085 -5.88667
97.4597 -5.89667
97.4109 -5.90667
97.3618 -5.91667
97.3126 -5.92667
97.2634 -5.93667
97.214 -5.94667
97.1646 -5.95667
97.1149 -5.96667
97.0644 -5.97667
97.0145 -5.98667
96.9649 -5.99667
96.9152 -6.00667
96.8654 -6.01667
96.8156 -6.02667
96.7656 -6.03667
96.7156 -6.04667
96.6655 -6.05667
96.6157 -6.06667
96.567 -6.07667
96.5182 -6.08667
96.4694 -6.09667
96.4204 -6.10667
96.3714 -6.11667
96.3222 -6.12667
96.2735 -6.13667
96.2248 -6.14667
96.1759 -6.15667
96.1269 -6.16667
96.0778 -6.17667
96.0286 -6.18667
95.9792 -6.19667
95.9296 -6.20667
95.8799 -6.21667
95.8294 -6.22667
95.7788 -6.23667
95.7281 -6.24667
95.6773 -6.25667
95.6264 -6.26667
95.5754 -6.27667
95.5242 -6.28667
95.4729 -6.29667
95.4214 -6.30667
95.3698 -6.31667
95.318 -6.32667
95.2661 -6.33667
95.2139 -6.34667
95.1616 -6.35667
95.1091 -6.36667
95.0563 -6.37667
95.0028 -6.38667
94.9492 -6.39667
94.8954 -6.40667
94.8416 -6.41667
94.7876 -6.42667
94.7334 -6.43667
94.6792 -6.44667
94.6248 -6.45667
94.5703 -6.46667
94.5156 -6.47667
94.4608 -6.48667
94.4058 -6.49667
94.3507 -6.50667
94.2954 -6.51667
94.24 -6.52667
94.1846 -6.53667
94.1305 -6.54667
94.0763 -6.55667
94.0219 -6.56667
93.9671 -6.57667
93.9122 -6.58667
93.8571 -6.59667
93.8019 -6.60667
93.7466 -6.61667
93.6913 -6.62667
93.6389 -6.63667
93.5863 -6.64667
93.533 -6.65667
93.4796 -6.66667
93.426 -6.67667
93.3724 -6.68667
93.3206 -6.69667
93.2687 -6.70667
93.2166 -6.71667
93.164 -6.72667
93.1117 -6.73667
93.0596 -6.74667
93.0073 -6.75667
92.9549 -6.76667
92.9017 -6.77667
92.848 -6.78667
92.7944 -6.79667
92.7407 -6.80667
92.6869 -6.81667
92.6317 -6.82667
92.576 -6.83667
92.5203 -6.84667
92.4646 -6.85667
92.4088 -6.86667
92.3529 -6.87667
92.2969 -6.88667
92.241 -6.89667
92.185 -6.90667
92.129 -6.91667
92.073 -6.92667
92.0169 -6.93667
91.9609 -6.94667
91.9047 -6.95667
91.8486 -6.96667
91.7924 -6.97667
91.7362 -6.98667
91.68 -6.99667
91.6237 -7.00667
91.5674 -7.01667
91.5111 -7.02667
91.4547 -7.03667
91.3983 -7.04667
91.3419 -7.05667
91.2854 -7.06667
91.2288 -7.07667
91.1723 -7.08667
91.1157 -7.09667
91.059 -7.10667
91.0044 -7.11667
90.9525 -7.12667
90.9005 -7.13667
90.8486 -7.14667
90.7966 -7.15667
90.7447 -7.16667
90.6927 -7.17667
90.6407 -7.18667
90.5887 -7.19667
90.5367 -7.20667
90.4846 -7.21667
90.4326 -7.22667
90.3805 -7.23667
90.3285 -7.24667
90.2768 -7.25667
90.2255 -7.26667
90.1743 -7.27667
90.123 -7.28667
90.0717 -7.29667
90.0204 -7.30667
89.9714 -7.31667
89.9225 -7.32667
89.8737 -7.33667
89.8248 -7.34667
89.776 -7.35667
89.73 -7.36667
89.6872 -7.37667
89.6444 -7.38667
89.6015 -7.39667
89.5587 -7.40667
89.5159 -7.41667
89.4732 -7.42667
89.4304 -7.43667
89.3876 -7.44667
89.3449 -7.45667
89.3022 -7.46667
89.2595 -7.47667
89.2169 -7.48667
89.1742 -7.49667
89.1316 -7.50667
89.089 -7.51667
89.0464 -7.52667
89.0038 -7.53667
88.9612 -7.54667
88.9187 -7.55667
88.8762 -7.56667
88.8337 -7.57667
88.7912 -7.58667
88.7488 -7.59667
88.7063 -7.60667
88.6639 -7.61667
88.6215 -7.62667
88.5791 -7.63667
88.5367 -7.64667
88.4944 -7.65667
88.4521 -7.66667
88.4098 -7.67667
88.3675 -7.68667
88.3252 -7.69667
88.283 -7.70667
88.2407 -7.71667
88.1985 -7.72667
88.1563 -7.73667
88.1141 -7.74667
88.0719 -7.75667
88.0298 -7.76667
87.9877 -7.77667
87.9455 -7.78667
87.9035 -7.79667
87.8614 -7.80667
87.8193 -7.81667
87.7773 -7.82667
87.7353 -7.83667
87.6933 -7.84667
87.6513 -7.85667
87.6093 -7.86667
87.5674 -7.87667
87.5255 -7.88667
87.4836 -7.89667
87.4417 -7.90667
87.3998 -7.91667
87.358 -7.92667
87.3161 -7.93667
87.2743 -7.94667
87.2323 -7.95667
87.1901 -7.96667
87.148 -7.97667
87.1059 -7.98667
87.0638 -7.99667
87.0218 -8.00667
86.9798 -8.01667
86.9379 -8.02667
86.8959 -8.03667
86.8541 -8.04667
86.8123 -8.05667
86.7705 -8.06667
86.7288 -8.07667
86.6899 -8.08667
86.655 -8.09667
86.6202 -8.10667
86.5856 -8.11667
86.5516 -8.12667
86.5176 -8.13667
86.4836 -8.14667
86.4497 -8.15667
86.4158 -8.16667
86.382 -8.17667
86.348 -8.18667
86.3139 -8.19667
86.2798 -8.20667
86.2457 -8.21667
86.2117 -8.22667
86.1777 -8.23667
86.1438 -8.24667
86.1098 -8.25667
86.0759 -8.26667
86.042 -8.27667
86.0081 -8.28667
85.9742 -8.29667
85.9404 -8.30667
85.9067 -8.31667
85.8729 -8.32667
85.8392 -8.33667
85.8056 -8.34667
85.7739 -8.35667
85.743 -8.36667
85.7122 -8.37667
85.6814 -8.38667
85.6506 -8.39667
85.6199 -8.40667
85.5892 -8.41667
85.5586 -8.42667
85.528 -8.43667
85.4974 -8.44667
85.4669 -8.45667
85.4364 -8.46667
85.4059 -8.47667
85.3755 -8.48667
85.3451 -8.49667
85.3148 -8.50667
85.2846 -8.51667
85.2545 -8.52667
85.2244 -8.53667
85.1943 -8.54667
85.1643 -8.55667
85.1343 -8.56667
85.1044 -8.57667
85.0745 -8.58667
85.0446 -8.59667
85.0148 -8.60667
84.9851 -8.61667
84.9553 -8.62667
84.9256 -8.63667
84.896 -8.64667
84.8664 -8.65667
84.8368 -8.66667
84.8073 -8.67667
84.7778 -8.68667
84.7484 -8.69667
84.7189 -8.70667
84.6896 -8.71667
84.6603 -8.72667
84.631 -8.73667
84.6018 -8.74667
84.5726 -8.75667
84.5434 -8.76667
84.5143 -8.77667
84.4852 -8.78667
84.4566 -8.79667
84.4282 -8.80667
84.3997 -8.81667
84.3714 -8.82667
84.343 -8.83667
84.3148 -8.84667
84.2865 -8.85667
84.2583 -8.86667
84.2302 -8.87667
84.2021 -8.88667
84.174 -8.89667
84.146 -8.90667
84.118 -8.91667
84.0901 -8.92667
84.0622 -8.93667
84.0344 -8.94667
84.0066 -8.95667
83.9789 -8.96667
83.9511 -8.97667
83.9235 -8.98667
83.8959 -8.99667
83.8683 -9.00667
83.8408 -9.01667
83.8133 -9.02667
83.7859 -9.03667
83.7585 -9.04667
83.7312 -9.05667
83.7039 -9.06667
83.6766 -9.07667
83.6494 -9.08667
83.6222 -9.09667
83.5951 -9.10667
83.5681 -9.11667
83.5411 -9.12667
83.5141 -9.13667
83.4872 -9.14667
83.4603 -9.15667
83.4335 -9.16667
83.4067 -9.17667
83.3799 -9.18667
83.3532 -9.19667
83.3266 -9.20667
83.3 -9.21667
83.2735 -9.22667
83.247 -9.23667
83.2205 -9.24667
83.1941 -9.25667
83.1677 -9.26667
83.1414 -9.27667
83.1151 -9.28667
83.0889 -9.29667
83.0627 -9.30667
83.0366 -9.31667
83.0105 -9.32667
82.9845 -9.33667
82.9584 -9.34667
82.9324 -9.35667
82.9064 -9.36667
82.8805 -9.37667
82.8546 -9.38667
82.8288 -9.39667
82.803 -9.40667
82.7773 -9.41667
82.7516 -9.42667
82.7261 -9.43667
82.7006 -9.44667
82.6751 -9.45667
82.6498 -9.46667
82.6245 -9.47667
82.5992 -9.48667
82.574 -9.49667
82.5514 -9.50667
82.5291 -9.51667
82.507 -9.52667
82.4848 -9.53667
82.4627 -9.54667
82.4407 -9.55667
82.4187 -9.56667
82.3968 -9.57667
82.3754 -9.58667
82.3541 -9.59667
82.3329 -9.60667
82.3117 -9.61667
82.2905 -9.62667
82.2694 -9.63667
82.2483 -9.64667
82.2272 -9.65667
82.2063 -9.66667
82.1853 -9.67667
82.1644 -9.68667
82.1436 -9.69667
82.1228 -9.70667
82.102 -9.71667
82.0813 -9.72667
82.0601 -9.73667
82.0381 -9.74667
82.0162 -9.75667
81.9944 -9.76667
81.9726 -9.77667
81.9508 -9.78667
81.929 -9.79667
81.9074 -9.80667
81.8857 -9.81667
81.8641 -9.82667
81.8425 -9.83667
81.821 -9.84667
81.7995 -9.85667
81.7781 -9.86667
81.7567 -9.87667
81.7353 -9.88667
81.714 -9.89667
81.6927 -9.90667
81.6715 -9.91667
81.6503 -9.92667
81.6291 -9.93667
81.608 -9.94667
81.587 -9.95667
81.5659 -9.96667
81.5449 -9.97667
81.524 -9.98667
81.5031 -9.99667
81.4822 -10.0067
81.4614 -10.0167
81.4406 -10.0267
81.4199 -10.0367
81.3992 -10.0467
81.3786 -10.0567
81.358 -10.0667
81.3374 -10.0767
81.3168 -10.0867
81.2963 -10.0967
81.2759 -10.1067
81.2554 -10.1167
81.2351 -10.1267
81.2147 -10.1367
81.1944 -10.1467
81.1742 -10.1567
81.154 -10.1667
81.1338 -10.1767
81.1137 -10.1867
81.0936 -10.1967
81.0736 -10.2067
81.0536 -10.2167
81.0337 -10.2267
81.0138 -10.2367
80.9939 -10.2467
80.974 -10.2567
80.9541 -10.2667
80.9343 -10.2767
80.9145 -10.2867
80.8948 -10.2967
80.8751 -10.3067
80.8554 -10.3167
80.8358 -10.3267
80.8162 -10.3367
80.7967 -10.3467
80.7772 -10.3567
80.7578 -10.3667
80.7384 -10.3767
80.7192 -10.3867
80.7 -10.3967
80.6809 -10.4067
80.6618 -10.4167
80.6428 -10.4267
80.6238 -10.4367
80.6049 -10.4467
80.586 -10.4567
80.5671 -10.4667
80.5482 -10.4767
80.5292 -10.4867
80.5102 -10.4967
80.4913 -10.5067
80.4724 -10.5167
80.4536 -10.5267
80.4347 -10.5367
80.416 -10.5467
80.3973 -10.5567
80.3786 -10.5667
80.3599 -10.5767
80.3414 -10.5867
80.3228 -10.5967
80.3043 -10.6067
80.2858 -10.6167
80.2674 -10.6267
80.2491 -10.6367
80.2308 -10.6467
80.2132 -10.6567
80.1956 -10.6667
80.1781 -10.6767
80.1606 -10.6867
80.1432 -10.6967
80.1258 -10.7067
80.1084 -10.7167
80.0911 -10.7267
80.0739 -10.7367
80.0567 -10.7467
80.0395 -10.7567
80.0224 -10.7667
80.0053 -10.7767
79.9895 -10.7867
79.974 -10.7967
79.9585 -10.8067
79.9431 -10.8167
79.9277 -10.8267
79.9123 -10.8367
79.897 -10.8467
79.8817 -10.8567
79.8665 -10.8667
79.8513 -10.8767
79.8362 -10.8867
79.8211 -10.8967
79.806 -10.9067
79.791 -10.9167
79.776 -10.9267
79.7611 -10.9367
79.7462 -10.9467
79.7313 -10.9567
79.7165 -10.9667
79.7018 -10.9767
79.6871 -10.9867
79.6724 -10.9967
79.6577 -11.0067
79.6431 -11.0167
79.6287 -11.0267
79.6142 -11.0367
79.5998 -11.0467
79.5855 -11.0567
79.5712 -11.0667
79.5569 -11.0767
79.5427 -11.0867
79.5285 -11.0967
79.5144 -11.1067
79.5003 -11.1167
79.4851 -11.1267
79.4697 -11.1367
79.4543 -11.1467
79.4389 -11.1567
79.4235 -11.1667
79.4082 -11.1767
79.393 -11.1867
79.3777 -11.1967
79.3625 -11.2067
79.3473 -11.2167
79.3322 -11.2267
79.3171 -11.2367
79.302 -11.2467
79.287 -11.2567
79.272 -11.2667
79.257 -11.2767
79.2421 -11.2867
79.2272 -11.2967
79.2124 -11.3067
79.1976 -11.3167
79.1828 -11.3267
79.1681 -11.3367
79.1534 -11.3467
79.1387 -11.3567
79.1241 -11.3667
79.1095 -11.3767
79.0949 -11.3867
79.0804 -11.3967
79.0659 -11.4067
79.0515 -11.4167
79.0371 -11.4267
79.0227 -11.4367
79.0084 -11.4467
78.9941 -11.4567
78.9799 -11.4667
78.9657 -11.4767
78.9515 -11.4867
78.9373 -11.4967
78.9232 -11.5067
78.9092 -11.5167
78.8951 -11.5267
78.8811 -11.5367
78.8672 -11.5467
78.8533 -11.5567
78.8394 -11.5667
78.8255 -11.5767
78.8117 -11.5867
78.798 -11.5967
78.7843 -11.6067
78.7706 -11.6167
78.7569 -11.6267
78.7433 -11.6367
78.7297 -11.6467
78.7162 -11.6567
78.7027 -11.6667
78.6893 -11.6767
78.6758 -11.6867
78.6625 -11.6967
78.6491 -11.7067
78.6358 -11.7167
78.6226 -11.7267
78.6094 -11.7367
78.5962 -11.7467
78.583 -11.7567
78.5699 -11.7667
78.5569 -11.7767
78.5438 -11.7867
78.5309 -11.7967
78.5179 -11.8067
78.505 -11.8167
78.4921 -11.8267
78.4793 -11.8367
78.4665 -11.8467
78.4538 -11.8567
78.4411 -11.8667
78.4284 -11.8767
78.4158 -11.8867
78.4032 -11.8967
78.3906 -11.9067
78.3781 -11.9167
78.3657 -11.9267
78.3532 -11.9367
78.3408 -11.9467
78.3285 -11.9567
78.3162 -11.9667
78.3039 -11.9767
78.2917 -11.9867
78.2795 -11.9967
78.2673 -12.0067
78.2552 -12.0167
78.2431 -12.0267
78.2311 -12.0367
78.2191 -12.0467
78.2072 -12.0567
78.1953 -12.0667
78.1834 -12.0767
78.1716 -12.0867
78.1598 -12.0967
78.1481 -12.1067
78.1364 -12.1167
78.1247 -12.1267
78.1131 -12.1367
78.1016 -12.1467
78.09 -12.1567
78.0785 -12.1667
78.0671 -12.1767
78.0557 -12.1867
78.0444 -12.1967
78.0331 -12.2067
78.0218 -12.2167
78.0106 -12.2267
77.9994 -12.2367
77.9883 -12.2467
77.9772 -12.2567
77.9661 -12.2667
77.9551 -12.2767
77.9441 -12.2867
77.9332 -12.2967
77.9219 -12.3067
77.9106 -12.3167
77.8993 -12.3267
77.8881 -12.3367
77.8769 -12.3467
77.8657 -12.3567
77.8546 -12.3667
77.8435 -12.3767
77.8325 -12.3867
77.8215 -12.3967
77.8105 -12.4067
77.7996 -12.4167
77.7887 -12.4267
77.7779 -12.4367
77.7671 -12.4467
77.7563 -12.4567
77.7456 -12.4667
77.7349 -12.4767
77.7245 -12.4867
77.7142 -12.4967
77.7038 -12.5067
77.6936 -12.5167
77.6833 -12.5267
77.673 -12.5367
77.6625 -12.5467
77.6519 -12.5567
77.6413 -12.5667
77.6308 -12.5767
77.6203 -12.5867
77.6099 -12.5967
77.5995 -12.6067
77.5891 -12.6167
77.5788 -12.6267
77.5685 -12.6367
77.5582 -12.6467
77.5471 -12.6567
77.536 -12.6667
77.525 -12.6767
77.5139 -12.6867
77.5029 -12.6967
77.4919 -12.7067
77.481 -12.7167
77.4701 -12.7267
77.4592 -12.7367
77.4484 -12.7467
77.4371 -12.7567
77.4259 -12.7667
77.4146 -12.7767
77.4034 -12.7867
77.3922 -12.7967
77.3811 -12.8067
77.37 -12.8167
77.3589 -12.8267
77.3479 -12.8367
77.3368 -12.8467
77.3259 -12.8567
77.3149 -12.8667
77.304 -12.8767
77.2931 -12.8867
77.2822 -12.8967
77.2714 -12.9067
77.2606 -12.9167
77.2498 -12.9267
77.2391 -12.9367
77.2284 -12.9467
77.2177 -12.9567
77.2071 -12.9667
77.1965 -12.9767
77.1859 -12.9867
77.1753 -12.9967
77.1648 -13.0067
77.1543 -13.0167
77.1439 -13.0267
77.1335 -13.0367
77.1231 -13.0467
77.1128 -13.0567
77.1024 -13.0667
77.0922 -13.0767
77.0819 -13.0867
77.0717 -13.0967
77.0615 -13.1067
77.0514 -13.1167
77.0413 -13.1267
77.0312 -13.1367
77.0211 -13.1467
77.0111 -13.1567
77.0011 -13.1667
76.9912 -13.1767
76.9813 -13.1867
76.9714 -13.1967
76.9615 -13.2067
76.9517 -13.2167
76.9419 -13.2267
76.9321 -13.2367
76.9224 -13.2467
76.9127 -13.2567
76.903 -13.2667
76.8933 -13.2767
76.8837 -13.2867
76.8741 -13.2967
76.8646 -13.3067
76.855 -13.3167
76.8456 -13.3267
76.8361 -13.3367
76.8267 -13.3467
76.8173 -13.3567
76.808 -13.3667
76.7986 -13.3767
76.7894 -13.3867
76.7801 -13.3967
76.7709 -13.4067
76.7617 -13.4167
76.7526 -13.4267
76.7434 -13.4367
76.7344 -13.4467
76.7253 -13.4567
76.7163 -13.4667
76.7077 -13.4767
76.6991 -13.4867
76.6905 -13.4967
76.682 -13.5067
76.6735 -13.5167
76.6651 -13.5267
76.6567 -13.5367
76.6483 -13.5467
76.6399 -13.5567
76.6316 -13.5667
76.6233 -13.5767
76.6151 -13.5867
76.6067 -13.5967
76.5983 -13.6067
76.5899 -13.6167
76.5816 -13.6267
76.5733 -13.6367
76.5651 -13.6467
76.5568 -13.6567
76.5486 -13.6667
76.5405 -13.6767
76.5323 -13.6867
76.5243 -13.6967
76.5162 -13.7067
76.5082 -13.7167
76.5002 -13.7267
76.4922 -13.7367
76.4843 -13.7467
76.4764 -13.7567
76.4686 -13.7667
76.4608 -13.7767
76.453 -13.7867
76.4453 -13.7967
76.4376 -13.8067
76.4299 -13.8167
76.4222 -13.8267
76.4146 -13.8367
76.4071 -13.8467
76.3995 -13.8567
76.392 -13.8667
76.3846 -13.8767
76.3771 -13.8867
76.3698 -13.8967
76.3624 -13.9067
76.3551 -13.9167
76.3478 -13.9267
76.3406 -13.9367
76.3334 -13.9467
76.3262 -13.9567
76.3191 -13.9667
76.312 -13.9767
76.3049 -13.9867
76.2979 -13.9967
76.2909 -14.0067
76.2839 -14.0167
76.277 -14.0267
76.2701 -14.0367
76.2632 -14.0467
76.2564 -14.0567
76.2496 -14.0667
76.2429 -14.0767
76.2362 -14.0867
76.2295 -14.0967
76.2228 -14.1067
76.2162 -14.1167
76.2087 -14.1267
76.2011 -14.1367
76.1936 -14.1467
76.186 -14.1567
76.1785 -14.1667
76.171 -14.1767
76.1636 -14.1867
76.1562 -14.1967
76.1488 -14.2067
76.1414 -14.2167
76.1341 -14.2267
76.1268 -14.2367
76.1196 -14.2467
76.1123 -14.2567
76.1052 -14.2667
76.098 -14.2767
76.0909 -14.2867
76.0838 -14.2967
76.0767 -14.3067
76.0697 -14.3167
76.0627 -14.3267
76.0557 -14.3367
76.0488 -14.3467
76.0419 -14.3567
76.0351 -14.3667
76.0282 -14.3767
76.0214 -14.3867
76.0147 -14.3967
76.0079 -14.4067
76.0013 -14.4167
75.9946 -14.4267
75.988 -14.4367
75.9814 -14.4467
75.9748 -14.4567
75.9683 -14.4667
75.9618 -14.4767
75.9554 -14.4867
75.9489 -14.4967
75.9426 -14.5067
75.9362 -14.5167
75.9299 -14.5267
75.9236 -14.5367
75.9171 -14.5467
75.9101 -14.5567
75.9031 -14.5667
75.8962 -14.5767
75.8893 -14.5867
75.8824 -14.5967
75.8755 -14.6067
75.8687 -14.6167
75.8619 -14.6267
75.8551 -14.6367
75.8484 -14.6467
75.8417 -14.6567
75.835 -14.6667
75.8284 -14.6767
75.8218 -14.6867
75.8152 -14.6967
75.8087 -14.7067
75.8022 -14.7167
75.7957 -14.7267
75.7893 -14.7367
75.7828 -14.7467
75.7765 -14.7567
75.7701 -14.7667
75.7638 -14.7767
75.7575 -14.7867
75.7513 -14.7967
75.7451 -14.8067
75.7389 -14.8167
75.7328 -14.8267
75.7267 -14.8367
75.7206 -14.8467
75.7145 -14.8567
75.7085 -14.8667
75.7025 -14.8767
75.6966 -14.8867
75.6902 -14.8967
75.6829 -14.9067
75.6755 -14.9167
75.6682 -14.9267
75.661 -14.9367
75.6537 -14.9467
75.6465 -14.9567
75.6392 -14.9667
75.6319 -14.9767
75.6246 -14.9867
75.6173 -14.9967
75.6101 -15.0067
75.6029 -15.0167
75.5958 -15.0267
75.5886 -15.0367
75.5815 -15.0467
75.5744 -15.0567
75.5674 -15.0667
75.5604 -15.0767
75.5533 -15.0867
75.5464 -15.0967
75.5394 -15.1067
75.5325 -15.1167
75.5256 -15.1267
75.5187 -15.1367
75.5119 -15.1467
75.5051 -15.1567
75.4983 -15.1667
75.4915 -15.1767
75.4848 -15.1867
75.4781 -15.1967
75.4714 -15.2067
75.4648 -15.2167
75.4581 -15.2267
75.4515 -15.2367
75.445 -15.2467
75.4384 -15.2567
75.4319 -15.2667
75.4255 -15.2767
75.419 -15.2867
75.4126 -15.2967
75.4062 -15.3067
75.3998 -15.3167
75.3935 -15.3267
75.3871 -15.3367
75.3809 -15.3467
75.3746 -15.3567
75.3684 -15.3667
75.3622 -15.3767
75.356 -15.3867
75.3499 -15.3967
75.3435 -15.4067
75.337 -15.4167
75.3305 -15.4267
75.324 -15.4367
75.3175 -15.4467
75.3111 -15.4567
75.3047 -15.4667
75.2984 -15.4767
75.292 -15.4867
75.2857 -15.4967
75.2794 -15.5067
75.2732 -15.5167
75.2669 -15.5267
75.2607 -15.5367
75.2546 -15.5467
75.2484 -15.5567
75.2423 -15.5667
75.2362 -15.5767
75.2301 -15.5867
75.2241 -15.5967
75.2181 -15.6067
75.2121 -15.6167
75.2062 -15.6267
75.2002 -15.6367
75.1943 -15.6467
75.1885 -15.6567
75.1826 -15.6667
75.1768 -15.6767
75.171 -15.6867
75.1653 -15.6967
75.1595 -15.7067
75.1538 -15.7167
75.1481 -15.7267
75.1425 -15.7367
75.1369 -15.7467
75.1313 -15.7567
75.1257 -15.7667
75.1202 -15.7767
75.1147 -15.7867
75.1092 -15.7967
75.1035 -15.8067
75.0978 -15.8167
75.0921 -15.8267
75.0864 -15.8367
75.0808 -15.8467
75.0752 -15.8567
75.0696 -15.8667
75.064 -15.8767
75.0585 -15.8867
75.053 -15.8967
75.0475 -15.9067
75.042 -15.9167
75.0366 -15.9267
75.0312 -15.9367
75.0259 -15.9467
75.0206 -15.9567
75.0153 -15.9667
75.01 -15.9767
75.0047 -15.9867
74.9995 -15.9967
74.9943 -16.0067
74.9892 -16.0167
74.9841 -16.0267
74.979 -16.0367
74.9739 -16.0467
74.9689 -16.0567
74.9638 -16.0667
74.9589 -16.0767
74.9539 -16.0867
74.949 -16.0967
74.9441 -16.1067
74.9392 -16.1167
74.9343 -16.1267
74.9294 -16.1367
74.9246 -16.1467
74.9198 -16.1567
74.915 -16.1667
74.9102 -16.1767
74.9055 -16.1867
74.9008 -16.1967
74.8961 -16.2067
74.8914 -16.2167
74.8868 -16.2267
74.8823 -16.2367
74.8777 -16.2467
74.8732 -16.2567
74.8687 -16.2667
74.8642 -16.2767
74.8598 -16.2867
74.8543 -16.2967
74.8489 -16.3067
74.8436 -16.3167
74.8382 -16.3267
74.8329 -16.3367
74.8276 -16.3467
74.8224 -16.3567
74.8171 -16.3667
74.8119 -16.3767
74.8067 -16.3867
74.8016 -16.3967
74.7963 -16.4067
74.791 -16.4167
74.7858 -16.4267
74.7806 -16.4367
74.7754 -16.4467
74.7702 -16.4567
74.7651 -16.4667
74.7598 -16.4767
74.7545 -16.4867
74.7493 -16.4967
74.7441 -16.5067
74.7389 -16.5167
74.7337 -16.5267
74.7286 -16.5367
74.7235 -16.5467
74.7184 -16.5567
74.7133 -16.5667
74.7083 -16.5767
74.7033 -16.5867
74.6983 -16.5967
74.6934 -16.6067
74.6884 -16.6167
74.6835 -16.6267
74.6787 -16.6367
74.6738 -16.6467
74.669 -16.6567
74.6642 -16.6667
74.6595 -16.6767
74.6547 -16.6867
74.65 -16.6967
74.6453 -16.7067
74.6407 -16.7167
74.6361 -16.7267
74.6315 -16.7367
74.6269 -16.7467
74.6224 -16.7567
74.6179 -16.7667
74.6134 -16.7767
74.6089 -16.7867
74.6045 -16.7967
74.6001 -16.8067
74.5957 -16.8167
74.5913 -16.8267
74.587 -16.8367
74.5827 -16.8467
74.5784 -16.8567
74.5742 -16.8667
74.57 -16.8767
74.5658 -16.8867
74.5616 -16.8967
74.5575 -16.9067
74.5534 -16.9167
74.5493 -16.9267
74.5453 -16.9367
74.5413 -16.9467
74.5373 -16.9567
74.5333 -16.9667
74.5294 -16.9767
74.5255 -16.9867
74.5217 -16.9967
74.5178 -17.0067
74.514 -17.0167
74.5102 -17.0267
74.5065 -17.0367
74.5028 -17.0467
74.4991 -17.0567
74.4954 -17.0667
74.4918 -17.0767
74.4882 -17.0867
74.4846 -17.0967
74.4811 -17.1067
74.4776 -17.1167
74.4741 -17.1267
74.4706 -17.1367
74.4671 -17.1467
74.4637 -17.1567
74.4604 -17.1667
74.457 -17.1767
74.4537 -17.1867
74.4504 -17.1967
74.4471 -17.2067
74.4439 -17.2167
74.4407 -17.2267
74.4375 -17.2367
74.4344 -17.2467
74.4312 -17.2567
74.4281 -17.2667
74.4251 -17.2767
74.4221 -17.2867
74.4191 -17.2967
74.4161 -17.3067
74.4132 -17.3167
74.4103 -17.3267
74.4074 -17.3367
74.4045 -17.3467
74.4017 -17.3567
74.3989 -17.3667
74.3962 -17.3767
74.3935 -17.3867
74.3908 -17.3967
74.3881 -17.4067
74.3855 -17.4167
74.3829 -17.4267
74.3803 -17.4367
74.3778 -17.4467
74.3753 -17.4567
74.3728 -17.4667
74.3703 -17.4767
74.3679 -17.4867
74.3655 -17.4967
74.3632 -17.5067
74.3609 -17.5167
74.3586 -17.5267
74.3563 -17.5367
74.3541 -17.5467
74.3519 -17.5567
74.3497 -17.5667
74.3476 -17.5767
74.3455 -17.5867
74.3434 -17.5967
74.3413 -17.6067
74.3393 -17.6167
74.3373 -17.6267
74.3354 -17.6367
74.3335 -17.6467
74.3316 -17.6567
74.3298 -17.6667
74.3279 -17.6767
74.3261 -17.6867
74.3244 -17.6967
74.3227 -17.7067
74.321 -17.7167
74.3193 -17.7267
74.3179 -17.7367
74.3165 -17.7467
74.3151 -17.7567
74.3138 -17.7667
74.3125 -17.7767
74.3112 -17.7867
74.31 -17.7967
74.3088 -17.8067
74.3076 -17.8167
74.3064 -17.8267
74.3053 -17.8367
74.3042 -17.8467
74.3032 -17.8567
74.3021 -17.8667
74.3012 -17.8767
74.3002 -17.8867
74.2993 -17.8967
74.2984 -17.9067
74.2975 -17.9167
74.2967 -17.9267
74.2959 -17.9367
74.2952 -17.9467
74.2944 -17.9567
74.2937 -17.9667
74.2931 -17.9767
74.2916 -17.9867
74.2892 -17.9967
74.2867 -18.0067
74.2843 -18.0167
74.2819 -18.0267
74.2795 -18.0367
74.2772 -18.0467
74.2749 -18.0567
74.2726 -18.0667
74.2704 -18.0767
74.2681 -18.0867
74.266 -18.0967
74.2638 -18.1067
74.2617 -18.1167
74.2596 -18.1267
74.2576 -18.1367
74.2555 -18.1467
74.2536 -18.1567
74.2516 -18.1667
74.2497 -18.1767
74.2478 -18.1867
74.2459 -18.1967
74.2441 -18.2067
74.2423 -18.2167
74.2406 -18.2267
74.2389 -18.2367
74.2372 -18.2467
74.2355 -18.2567
74.2339 -18.2667
74.2323 -18.2767
74.2307 -18.2867
74.2292 -18.2967
74.2268 -18.3067
74.2236 -18.3167
74.2205 -18.3267
74.2173 -18.3367
74.2142 -18.3467
74.2112 -18.3567
74.2081 -18.3667
74.2051 -18.3767
74.2021 -18.3867
74.1991 -18.3967
74.1962 -18.4067
74.1932 -18.4167
74.1903 -18.4267
74.1875 -18.4367
74.1846 -18.4467
74.1818 -18.4567
74.179 -18.4667
74.1763 -18.4767
74.1735 -18.4867
74.1708 -18.4967
74.1682 -18.5067
74.1655 -18.5167
74.1629 -18.5267
74.1603 -18.5367
74.1577 -18.5467
74.1552 -18.5567
74.1527 -18.5667
74.1502 -18.5767
74.1477 -18.5867
74.1452 -18.5967
74.1426 -18.6067
74.1401 -18.6167
74.1375 -18.6267
74.135 -18.6367
74.1326 -18.6467
74.1301 -18.6567
74.1277 -18.6667
74.1253 -18.6767
74.1229 -18.6867
74.1206 -18.6967
74.1183 -18.7067
74.116 -18.7167
74.1138 -18.7267
74.1115 -18.7367
74.1093 -18.7467
74.1072 -18.7567
74.1049 -18.7667
74.1014 -18.7767
74.0979 -18.7867
74.0944 -18.7967
74.091 -18.8067
74.0875 -18.8167
74.0841 -18.8267
74.0807 -18.8367
74.0774 -18.8467
74.0741 -18.8567
74.0707 -18.8667
74.0674 -18.8767
74.0642 -18.8867
74.0609 -18.8967
74.0577 -18.9067
74.0545 -18.9167
74.0514 -18.9267
74.0482 -18.9367
74.0451 -18.9467
74.042 -18.9567
74.0389 -18.9667
74.0359 -18.9767
74.0328 -18.9867
74.0298 -18.9967
74.0268 -19.0067
74.0239 -19.0167
74.0209 -19.0267
74.018 -19.0367
74.0151 -19.0467
74.0123 -19.0567
74.0094 -19.0667
74.0066 -19.0767
74.0038 -19.0867
74.0011 -19.0967
73.9983 -19.1067
73.9956 -19.1167
73.9929 -19.1267
73.9903 -19.1367
73.9876 -19.1467
73.985 -19.1567
73.9825 -19.1667
73.9799 -19.1767
73.9774 -19.1867
73.9748 -19.1967
73.9724 -19.2067
73.9699 -19.2167
73.9675 -19.2267
73.965 -19.2367
73.9627 -19.2467
73.9603 -19.2567
73.958 -19.2667
73.9556 -19.2767
73.9534 -19.2867
73.9511 -19.2967
73.9489 -19.3067
73.9467 -19.3167
73.9445 -19.3267
73.9423 -19.3367
73.9402 -19.3467
73.9381 -19.3567
73.936 -19.3667
73.9339 -19.3767
73.9319 -19.3867
73.9299 -19.3967
73.9279 -19.4067
73.926 -19.4167
73.9241 -19.4267
73.9222 -19.4367
73.9203 -19.4467
73.9185 -19.4567
73.9166 -19.4667
73.9148 -19.4767
73.9131 -19.4867
73.9113 -19.4967
73.9096 -19.5067
73.9079 -19.5167
73.9063 -19.5267
73.9047 -19.5367
73.9031 -19.5467
73.9015 -19.5567
73.8999 -19.5667
73.8984 -19.5767
73.8969 -19.5867
73.8955 -19.5967
73.894 -19.6067
73.8926 -19.6167
73.8912 -19.6267
73.8899 -19.6367
73.8886 -19.6467
73.8874 -19.6567
73.8862 -19.6667
73.885 -19.6767
73.8838 -19.6867
73.8827 -19.6967
73.8816 -19.7067
73.8805 -19.7167
73.8795 -19.7267
73.8784 -19.7367
73.8774 -19.7467
73.8765 -19.7567
73.8756 -19.7667
73.8747 -19.7767
73.8738 -19.7867
73.8729 -19.7967
73.8721 -19.8067
73.8713 -19.8167
73.8705 -19.8267
73.8698 -19.8367
73.8691 -19.8467
73.8684 -19.8567
73.8677 -19.8667
73.8671 -19.8767
73.8665 -19.8867
73.8659 -19.8967
73.8653 -19.9067
73.8648 -19.9167
73.8643 -19.9267
73.8638 -19.9367
73.8634 -19.9467
73.863 -19.9567
73.8626 -19.9667
73.8623 -19.9767
73.8619 -19.9867
73.8616 -19.9967
73.8614 -20.0067
73.8611 -20.0167
73.8609 -20.0267
73.8608 -20.0367
73.8606 -20.0467
73.8605 -20.0567
73.8604 -20.0667
73.8603 -20.0767
73.8603 -20.0867
73.8603 -20.0967
73.8603 -20.1067
73.8604 -20.1167
73.8605 -20.1267
73.8606 -20.1367
73.8607 -20.1467
73.8609 -20.1567
73.8611 -20.1667
73.8613 -20.1767
73.8616 -20.1867
73.8618 -20.1967
73.8622 -20.2067
73.8625 -20.2167
73.8629 -20.2267
73.8633 -20.2367
73.8637 -20.2467
73.8642 -20.2567
73.8647 -20.2667
73.8652 -20.2767
73.8658 -20.2867
73.8664 -20.2967
73.867 -20.3067
73.8676 -20.3167
73.8683 -20.3267
73.869 -20.3367
73.8697 -20.3467
73.8705 -20.3567
73.8713 -20.3667
73.8721 -20.3767
73.873 -20.3867
73.8739 -20.3967
73.8748 -20.4067
73.8757 -20.4167
73.8767 -20.4267
73.8778 -20.4367
73.8789 -20.4467
73.8801 -20.4567
73.8812 -20.4667
73.8824 -20.4767
73.8837 -20.4867
73.8849 -20.4967
73.8862 -20.5067
73.8875 -20.5167
73.8889 -20.5267
73.8903 -20.5367
73.8917 -20.5467
73.8914 -20.5567
73.8908 -20.5667
73.8901 -20.5767
73.8895 -20.5867
73.8889 -20.5967
73.8883 -20.6067
73.8877 -20.6167
73.8872 -20.6267
73.8867 -20.6367
73.8862 -20.6467
73.8858 -20.6567
73.8853 -20.6667
73.8844 -20.6767
73.8832 -20.6867
73.8821 -20.6967
73.881 -20.7067
73.8799 -20.7167
73.8789 -20.7267
73.8779 -20.7367
73.8769 -20.7467
73.8759 -20.7567
73.8749 -20.7667
73.874 -20.7767
73.8731 -20.7867
73.8722 -20.7967
73.8713 -20.8067
73.8705 -20.8167
73.8697 -20.8267
73.8689 -20.8367
73.8681 -20.8467
73.8674 -20.8567
73.8667 -20.8667
73.866 -20.8767
73.8654 -20.8867
73.8647 -20.8967
73.8641 -20.9067
73.8635 -20.9167
73.863 -20.9267
73.8624 -20.9367
73.8619 -20.9467
73.8614 -20.9567
73.861 -20.9667
73.8605 -20.9767
73.8601 -20.9867
73.8597 -20.9967
73.8594 -21.0067
73.859 -21.0167
73.8587 -21.0267
73.8584 -21.0367
73.8582 -21.0467
73.8579 -21.0567
73.8577 -21.0667
73.8575 -21.0767
73.8574 -21.0867
73.8572 -21.0967
73.8571 -21.1067
73.857 -21.1167
73.857 -21.1267
73.8569 -21.1367
73.8569 -21.1467
73.857 -21.1567
73.857 -21.1667
73.8571 -21.1767
73.8572 -21.1867
73.8573 -21.1967
73.8575 -21.2067
73.8576 -21.2167
73.8578 -21.2267
73.8581 -21.2367
73.8583 -21.2467
73.8586 -21.2567
73.8589 -21.2667
73.8592 -21.2767
73.8596 -21.2867
73.86 -21.2967
73.8604 -21.3067
73.8608 -21.3167
73.8613 -21.3267
73.8618 -21.3367
73.8623 -21.3467
73.8629 -21.3567
73.8635 -21.3667
73.8641 -21.3767
73.8647 -21.3867
73.8653 -21.3967
73.866 -21.4067
73.8667 -21.4167
73.8675 -21.4267
73.8683 -21.4367
73.869 -21.4467
73.8699 -21.4567
73.8707 -21.4667
73.8716 -21.4767
73.8725 -21.4867
73.8734 -21.4967
73.8743 -21.5067
73.8753 -21.5167
73.8762 -21.5267
73.8772 -21.5367
73.8782 -21.5467
73.8792 -21.5567
73.8803 -21.5667
73.8813 -21.5767
73.8825 -21.5867
73.8836 -21.5967
73.8848 -21.6067
73.8859 -21.6167
73.886 -21.6267
73.8862 -21.6367
73.8864 -21.6467
73.8867 -21.6567
73.887 -21.6667
73.8872 -21.6767
73.8876 -21.6867
73.8879 -21.6967
73.8882 -21.7067
73.8884 -21.7167
73.8886 -21.7267
73.8889 -21.7367
73.8891 -21.7467
73.8894 -21.7567
73.8897 -21.7667
73.89 -21.7767
73.8903 -21.7867
73.8907 -21.7967
73.8911 -21.8067
73.8915 -21.8167
73.892 -21.8267
73.8924 -21.8367
73.8929 -21.8467
73.8934 -21.8567
73.894 -21.8667
73.8945 -21.8767
73.8951 -21.8867
73.8958 -21.8967
73.8964 -21.9067
73.8971 -21.9167
73.8977 -21.9267
73.8985 -21.9367
73.8992 -21.9467
73.8999 -21.9567
73.9007 -21.9667
73.9015 -21.9767
73.9023 -21.9867
73.9032 -21.9967
73.9041 -22.0067
73.905 -22.0167
73.9059 -22.0267
73.9069 -22.0367
73.9079 -22.0467
73.9089 -22.0567
73.9099 -22.0667
73.911 -22.0767
73.9118 -22.0867
73.9127 -22.0967
73.9137 -22.1067
73.9146 -22.1167
73.9156 -22.1267
73.9166 -22.1367
73.9176 -22.1467
73.9187 -22.1567
73.9198 -22.1667
73.9209 -22.1767
73.922 -22.1867
73.9232 -22.1967
73.9243 -22.2067
73.9256 -22.2167
73.9268 -22.2267
73.9281 -22.2367
73.9294 -22.2467
73.9307 -22.2567
73.932 -22.2667
73.9334 -22.2767
73.9348 -22.2867
73.9362 -22.2967
73.9377 -22.3067
73.9391 -22.3167
73.9406 -22.3267
73.9422 -22.3367
73.9437 -22.3467
73.9453 -22.3567
73.947 -22.3667
73.9486 -22.3767
73.9503 -22.3867
73.952 -22.3967
73.9537 -22.4067
73.9555 -22.4167
73.9573 -22.4267
73.9591 -22.4367
73.9609 -22.4467
73.9628 -22.4567
73.9647 -22.4667
73.9666 -22.4767
73.9686 -22.4867
73.9706 -22.4967
73.9726 -22.5067
73.9746 -22.5167
73.9767 -22.5267
73.9788 -22.5367
73.981 -22.5467
73.9831 -22.5567
73.9853 -22.5667
73.9876 -22.5767
73.9898 -22.5867
73.9921 -22.5967
73.9944 -22.6067
73.9968 -22.6167
73.9992 -22.6267
74.0016 -22.6367
74.004 -22.6467
74.0065 -22.6567
74.009 -22.6667
74.0115 -22.6767
74.0141 -22.6867
74.0167 -22.6967
74.0193 -22.7067
74.022 -22.7167
74.0246 -22.7267
74.0274 -22.7367
74.0301 -22.7467
74.0329 -22.7567
74.0357 -22.7667
74.0386 -22.7767
74.0414 -22.7867
74.0444 -22.7967
74.0473 -22.8067
74.0484 -22.8167
74.0494 -22.8267
74.0505 -22.8367
74.0515 -22.8467
74.0526 -22.8567
74.0538 -22.8667
74.0549 -22.8767
74.0561 -22.8867
74.0573 -22.8967
74.0585 -22.9067
74.0598 -22.9167
74.0611 -22.9267
74.0624 -22.9367
74.0638 -22.9467
74.0652 -22.9567
74.0666 -22.9667
74.0681 -22.9767
74.0696 -22.9867
74.0711 -22.9967
74.0727 -23.0067
74.0743 -23.0167
74.0759 -23.0267
74.0775 -23.0367
74.0792 -23.0467
74.0809 -23.0567
74.0826 -23.0667
74.0843 -23.0767
74.086 -23.0867
74.0878 -23.0967
74.0895 -23.1067
74.0913 -23.1167
74.0931 -23.1267
74.095 -23.1367
74.0969 -23.1467
74.0988 -23.1567
74.1008 -23.1667
74.1028 -23.1767
74.1048 -23.1867
74.1069 -23.1967
74.109 -23.2067
74.1111 -23.2167
74.1133 -23.2267
74.1155 -23.2367
74.1177 -23.2467
74.12 -23.2567
74.1223 -23.2667
74.1246 -23.2767
74.127 -23.2867
74.1294 -23.2967
74.1318 -23.3067
74.1343 -23.3167
74.1368 -23.3267
74.1393 -23.3367
74.1419 -23.3467
74.1445 -23.3567
74.1472 -23.3667
74.1498 -23.3767
74.1526 -23.3867
74.1553 -23.3967
74.1581 -23.4067
74.1609 -23.4167
74.1638 -23.4267
74.1666 -23.4367
74.1696 -23.4467
74.1722 -23.4567
74.1749 -23.4667
74.1776 -23.4767
74.1803 -23.4867
74.1831 -23.4967
74.1859 -23.5067
74.1887 -23.5167
74.1916 -23.5267
74.1945 -23.5367
74.1975 -23.5467
74.2004 -23.5567
74.2035 -23.5667
74.2065 -23.5767
74.2096 -23.5867
74.2127 -23.5967
74.2159 -23.6067
74.2191 -23.6167
74.2223 -23.6267
74.2256 -23.6367
74.2289 -23.6467
74.2322 -23.6567
74.2356 -23.6667
74.239 -23.6767
74.2424 -23.6867
74.2459 -23.6967
74.2485 -23.7067
74.2506 -23.7167
74.2527 -23.7267
74.2549 -23.7367
74.2571 -23.7467
74.2594 -23.7567
74.2617 -23.7667
74.264 -23.7767
74.2664 -23.7867
74.2688 -23.7967
74.2712 -23.8067
74.2737 -23.8167
74.2762 -23.8267
74.2788 -23.8367
74.2814 -23.8467
74.284 -23.8567
74.2867 -23.8667
74.2894 -23.8767
74.2921 -23.8867
74.2949 -23.8967
74.2977 -23.9067
74.3005 -23.9167
74.3034 -23.9267
74.3063 -23.9367
74.3093 -23.9467
74.3123 -23.9567
74.3153 -23.9667
74.3184 -23.9767
74.3215 -23.9867
74.3246 -23.9967
74.3278 -24.0067
74.331 -24.0167
74.3343 -24.0267
74.3375 -24.0367
74.3409 -24.0467
74.3442 -24.0567
74.3476 -24.0667
74.351 -24.0767
74.3545 -24.0867
74.358 -24.0967
74.3616 -24.1067
74.3651 -24.1167
74.3688 -24.1267
74.3724 -24.1367
74.3761 -24.1467
74.3799 -24.1567
74.3836 -24.1667
74.3875 -24.1767
74.3913 -24.1867
74.3952 -24.1967
74.3991 -24.2067
74.4031 -24.2167
74.4071 -24.2267
74.4111 -24.2367
74.4152 -24.2467
74.4193 -24.2567
74.4235 -24.2667
74.4277 -24.2767
74.4319 -24.2867
74.4362 -24.2967
74.4405 -24.3067
74.4449 -24.3167
74.4492 -24.3267
74.4537 -24.3367
74.4581 -24.3467
74.4626 -24.3567
74.4672 -24.3667
74.4717 -24.3767
74.4764 -24.3867
74.481 -24.3967
74.4857 -24.4067
74.4904 -24.4167
74.4952 -24.4267
74.5 -24.4367
74.5049 -24.4467
74.5098 -24.4567
74.5147 -24.4667
74.5196 -24.4767
74.5246 -24.4867
74.5297 -24.4967
74.5347 -24.5067
74.5398 -24.5167
74.545 -24.5267
74.5502 -24.5367
74.5554 -24.5467
74.5606 -24.5567
74.5659 -24.5667
74.5712 -24.5767
74.5766 -24.5867
74.5819 -24.5967
74.5874 -24.6067
74.5928 -24.6167
74.5983 -24.6267
74.6039 -24.6367
74.6095 -24.6467
74.6151 -24.6567
74.6207 -24.6667
74.6264 -24.6767
74.6322 -24.6867
74.638 -24.6967
74.6438 -24.7067
74.6497 -24.7167
74.6556 -24.7267
74.6615 -24.7367
74.6675 -24.7467
74.6735 -24.7567
74.6795 -24.7667
74.6856 -24.7767
74.6917 -24.7867
74.6979 -24.7967
74.7041 -24.8067
74.7103 -24.8167
74.7166 -24.8267
74.7229 -24.8367
74.7293 -24.8467
74.7356 -24.8567
74.7421 -24.8667
74.7485 -24.8767
74.755 -24.8867
74.7615 -24.8967
74.768 -24.9067
74.7746 -24.9167
74.7812 -24.9267
74.7879 -24.9367
74.7946 -24.9467
74.8013 -24.9567
74.808 -24.9667
74.8148 -24.9767
74.8216 -24.9867
74.8285 -24.9967
74.8354 -25.0067
74.8423 -25.0167
74.8492 -25.0267
74.8563 -25.0367
74.8633 -25.0467
74.8704 -25.0567
74.8775 -25.0667
74.8847 -25.0767
74.8919 -25.0867
74.8991 -25.0967
74.9064 -25.1067
74.9138 -25.1167
74.9211 -25.1267
74.9285 -25.1367
74.936 -25.1467
74.9435 -25.1567
74.951 -25.1667
74.9586 -25.1767
74.9662 -25.1867
74.9739 -25.1967
74.9816 -25.2067
74.9894 -25.2167
74.9972 -25.2267
75.005 -25.2367
75.0129 -25.2467
75.0208 -25.2567
75.0288 -25.2667
75.0368 -25.2767
75.0448 -25.2867
75.0529 -25.2967
75.061 -25.3067
75.0692 -25.3167
75.0774 -25.3267
75.0856 -25.3367
75.0939 -25.3467
75.1022 -25.3567
75.1106 -25.3667
75.119 -25.3767
75.1274 -25.3867
75.1359 -25.3967
75.1444 -25.4067
75.153 -25.4167
75.1616 -25.4267
75.1702 -25.4367
75.1789 -25.4467
75.1877 -25.4567
75.1964 -25.4667
75.2053 -25.4767
75.2141 -25.4867
75.223 -25.4967
75.232 -25.5067
75.2409 -25.5167
75.2499 -25.5267
75.259 -25.5367
75.2681 -25.5467
75.2772 -25.5567
75.2863 -25.5667
75.2955 -25.5767
75.3047 -25.5867
75.314 -25.5967
75.3233 -25.6067
75.3327 -25.6167
75.3421 -25.6267
75.3516 -25.6367
75.3611 -25.6467
75.3706 -25.6567
75.3802 -25.6667
75.3899 -25.6767
75.3996 -25.6867
75.4093 -25.6967
75.4191 -25.7067
75.4289 -25.7167
75.4388 -25.7267
75.4486 -25.7367
75.4586 -25.7467
75.4685 -25.7567
75.4785 -25.7667
75.4885 -25.7767
75.4986 -25.7867
75.5087 -25.7967
75.5188 -25.8067
75.529 -25.8167
75.5392 -25.8267
75.5495 -25.8367
75.5597 -25.8467
75.5699 -25.8567
75.5802 -25.8667
75.5906 -25.8767
75.601 -25.8867
75.6114 -25.8967
75.6219 -25.9067
75.6323 -25.9167
75.6425 -25.9267
75.6527 -25.9367
75.6629 -25.9467
75.6732 -25.9567
75.6835 -25.9667
75.6939 -25.9767
75.7043 -25.9867
75.7147 -25.9967
75.7251 -26.0067
75.7356 -26.0167
75.7462 -26.0267
75.7568 -26.0367
75.7674 -26.0467
75.7781 -26.0567
75.7888 -26.0667
75.7996 -26.0767
75.8104 -26.0867
75.8213 -26.0967
75.8322 -26.1067
75.8431 -26.1167
75.8541 -26.1267
75.8651 -26.1367
75.8762 -26.1467
75.8874 -26.1567
75.8985 -26.1667
75.9097 -26.1767
75.921 -26.1867
75.9323 -26.1967
75.9437 -26.2067
75.9551 -26.2167
75.9666 -26.2267
75.9781 -26.2367
75.9896 -26.2467
76.0012 -26.2567
76.0129 -26.2667
76.0245 -26.2767
76.0363 -26.2867
76.048 -26.2967
76.0599 -26.3067
76.0717 -26.3167
76.0836 -26.3267
76.0956 -26.3367
76.1076 -26.3467
76.1197 -26.3567
76.1318 -26.3667
76.1439 -26.3767
76.1561 -26.3867
76.1683 -26.3967
76.1805 -26.4067
76.1928 -26.4167
76.2052 -26.4267
76.2176 -26.4367
76.2301 -26.4467
76.2426 -26.4567
76.2551 -26.4667
76.2677 -26.4767
76.2804 -26.4867
76.2931 -26.4967
76.3058 -26.5067
76.3186 -26.5167
76.3314 -26.5267
76.3443 -26.5367
76.3572 -26.5467
76.3702 -26.5567
76.3832 -26.5667
76.3962 -26.5767
76.4093 -26.5867
76.4225 -26.5967
76.4356 -26.6067
76.4489 -26.6167
76.4621 -26.6267
76.4754 -26.6367
76.4888 -26.6467
76.5022 -26.6567
76.5157 -26.6667
76.5292 -26.6767
76.5427 -26.6867
76.5563 -26.6967
76.5699 -26.7067
76.5836 -26.7167
76.5973 -26.7267
76.6111 -26.7367
76.625 -26.7467
76.6389 -26.7567
76.6528 -26.7667
76.6668 -26.7767
76.6809 -26.7867
76.695 -26.7967
76.7091 -26.8067
76.7233 -26.8167
76.7376 -26.8267
76.7519 -26.8367
76.7662 -26.8467
76.7806 -26.8567
76.7951 -26.8667
76.8095 -26.8767
76.8241 -26.8867
76.8387 -26.8967
76.8533 -26.9067
76.8681 -26.9167
76.8828 -26.9267
76.8976 -26.9367
76.9124 -26.9467
76.9273 -26.9567
76.9423 -26.9667
76.9573 -26.9767
76.9723 -26.9867
76.9874 -26.9967
77.0025 -27.0067
77.0177 -27.0167
77.0329 -27.0267
77.0482 -27.0367
77.0635 -27.0467
77.0788 -27.0567
77.0942 -27.0667
77.1096 -27.0767
77.1251 -27.0867
77.1406 -27.0967
77.1562 -27.1067
77.1718 -27.1167
77.1875 -27.1267
77.2032 -27.1367
77.219 -27.1467
77.2348 -27.1567
77.2506 -27.1667
77.2665 -27.1767
77.2824 -27.1867
77.2983 -27.1967
77.3143 -27.2067
77.3303 -27.2167
77.3464 -27.2267
77.3625 -27.2367
77.3787 -27.2467
77.395 -27.2567
77.4113 -27.2667
77.4276 -27.2767
77.444 -27.2867
77.4604 -27.2967
77.4769 -27.3067
77.4934 -27.3167
77.51 -27.3267
77.5266 -27.3367
77.5433 -27.3467
77.56 -27.3567
77.5768 -27.3667
77.5936 -27.3767
77.6105 -27.3867
77.6274 -27.3967
77.6444 -27.4067
77.6614 -27.4167
77.6784 -27.4267
77.6955 -27.4367
77.7126 -27.4467
77.7298 -27.4567
77.747 -27.4667
77.7642 -27.4767
77.7815 -27.4867
77.7988 -27.4967
77.8162 -27.5067
77.8336 -27.5167
77.8511 -27.5267
77.8687 -27.5367
77.8863 -27.5467
77.904 -27.5567
77.9217 -27.5667
77.9394 -27.5767
77.9572 -27.5867
77.975 -27.5967
77.9929 -27.6067
78.0108 -27.6167
78.0288 -27.6267
78.0469 -27.6367
78.065 -27.6467
78.0831 -27.6567
78.1013 -27.6667
78.1195 -27.6767
78.1378 -27.6867
78.1562 -27.6967
78.1746 -27.7067
78.193 -27.7167
78.2114 -27.7267
78.23 -27.7367
78.2485 -27.7467
78.2671 -27.7567
78.2858 -27.7667
78.3045 -27.7767
78.3233 -27.7867
78.3422 -27.7967
78.3611 -27.8067
78.38 -27.8167
78.399 -27.8267
78.4181 -27.8367
78.4372 -27.8467
78.4563 -27.8567
78.4755 -27.8667
78.4948 -27.8767
78.514 -27.8867
78.5333 -27.8967
78.5527 -27.9067
78.5721 -27.9167
78.5916 -27.9267
78.6111 -27.9367
78.6307 -27.9467
78.6503 -27.9567
78.67 -27.9667
78.6897 -27.9767
78.7095 -27.9867
78.7293 -27.9967
78.7491 -28.0067
78.769 -28.0167
78.789 -28.0267
78.809 -28.0367
78.829 -28.0467
78.8491 -28.0567
78.8692 -28.0667
78.8893 -28.0767
78.9095 -28.0867
78.9298 -28.0967
78.9501 -28.1067
78.9705 -28.1167
78.9909 -28.1267
79.0113 -28.1367
79.0318 -28.1467
79.0524 -28.1567
79.073 -28.1667
79.0937 -28.1767
79.1144 -28.1867
79.1352 -28.1967
79.156 -28.2067
79.1768 -28.2167
79.1977 -28.2267
79.2187 -28.2367
79.2397 -28.2467
79.2608 -28.2567
79.2819 -28.2667
79.3031 -28.2767
79.3243 -28.2867
79.3456 -28.2967
79.3669 -28.3067
79.3882 -28.3167
79.4095 -28.3267
79.4309 -28.3367
79.4523 -28.3467
79.4737 -28.3567
79.4952 -28.3667
79.5168 -28.3767
79.5384 -28.3867
79.5601 -28.3967
79.5818 -28.4067
79.6036 -28.4167
79.6254 -28.4267
79.6473 -28.4367
79.6692 -28.4467
79.6911 -28.4567
79.7131 -28.4667
79.7352 -28.4767
79.7573 -28.4867
79.7794 -28.4967
79.8016 -28.5067
79.8238 -28.5167
79.8461 -28.5267
79.8685 -28.5367
79.8908 -28.5467
79.9132 -28.5567
79.9357 -28.5667
79.9582 -28.5767
79.9808 -28.5867
80.0034 -28.5967
80.0261 -28.6067
80.0489 -28.6167
80.0717 -28.6267
80.0945 -28.6367
80.1174 -28.6467
80.1404 -28.6567
80.1634 -28.6667
80.1865 -28.6767
80.2096 -28.6867
80.2328 -28.6967
80.256 -28.7067
80.2793 -28.7167
80.3027 -28.7267
80.326 -28.7367
80.3494 -28.7467
80.3728 -28.7567
80.3963 -28.7667
80.4198 -28.7767
80.4433 -28.7867
80.467 -28.7967
80.4907 -28.8067
80.5144 -28.8167
80.5382 -28.8267
80.562 -28.8367
80.5859 -28.8467
80.6098 -28.8567
80.6338 -28.8667
80.6579 -28.8767
80.682 -28.8867
80.7061 -28.8967
80.7303 -28.9067
80.7545 -28.9167
80.7788 -28.9267
80.8031 -28.9367
80.8274 -28.9467
80.8517 -28.9567
80.8761 -28.9667
80.9005 -28.9767
80.9248 -28.9867
80.9491 -28.9967
80.9734 -29.0067
80.9978 -29.0167
81.0223 -29.0267
81.0468 -29.0367
81.0714 -29.0467
81.0961 -29.0567
81.1208 -29.0667
81.1456 -29.0767
81.1704 -29.0867
81.1952 -29.0967
81.2202 -29.1067
81.2452 -29.1167
81.2702 -29.1267
81.2951 -29.1367
81.3201 -29.1467
81.345 -29.1567
81.37 -29.1667
81.3951 -29.1767
81.4202 -29.1867
81.4454 -29.1967
81.4706 -29.2067
81.4958 -29.2167
81.5211 -29.2267
81.5463 -29.2367
81.5717 -29.2467
81.597 -29.2567
81.6225 -29.2667
81.648 -29.2767
81.6735 -29.2867
81.6991 -29.2967
81.7248 -29.3067
81.7504 -29.3167
81.7761 -29.3267
81.8019 -29.3367
81.8277 -29.3467
81.8536 -29.3567
81.8796 -29.3667
81.9056 -29.3767
81.9316 -29.3867
81.9577 -29.3967
81.9838 -29.4067
82.01 -29.4167
82.0363 -29.4267
82.0626 -29.4367
82.0889 -29.4467
82.1153 -29.4567
82.1418 -29.4667
82.1682 -29.4767
82.1948 -29.4867
82.2214 -29.4967
82.248 -29.5067
82.2747 -29.5167
82.3014 -29.5267
82.328 -29.5367
82.3548 -29.5467
82.3815 -29.5567
82.4084 -29.5667
82.4352 -29.5767
82.4622 -29.5867
82.4892 -29.5967
82.5162 -29.6067
82.5433 -29.6167
82.5705 -29.6267
82.5976 -29.6367
82.6247 -29.6467
82.652 -29.6567
82.6792 -29.6667
82.7065 -29.6767
82.7338 -29.6867
82.7612 -29.6967
82.7887 -29.7067
82.8162 -29.7167
82.8437 -29.7267
82.8713 -29.7367
82.899 -29.7467
82.9268 -29.7567
82.9546 -29.7667
82.9824 -29.7767
83.0103 -29.7867
83.0382 -29.7967
83.0661 -29.8067
83.0941 -29.8167
83.1221 -29.8267
83.1502 -29.8367
83.1782 -29.8467
83.2063 -29.8567
83.2344 -29.8667
83.2624 -29.8767
83.2904 -29.8867
83.3184 -29.8967
83.3466 -29.9067
83.3747 -29.9167
83.4029 -29.9267
83.4311 -29.9367
83.4594 -29.9467
83.4877 -29.9567
83.516 -29.9667
83.5444 -29.9767
83.5728 -29.9867
83.6013 -29.9967
83.6299 -30.0067
83.6585 -30.0167
83.6871 -30.0267
83.7158 -30.0367
83.7446 -30.0467
83.7734 -30.0567
83.8023 -30.0667
83.8313 -30.0767
83.8603 -30.0867
83.8893 -30.0967
83.9183 -30.1067
83.9473 -30.1167
83.9765 -30.1267
84.0056 -30.1367
84.0348 -30.1467
84.0639 -30.1567
84.0931 -30.1667
84.1223 -30.1767
84.1516 -30.1867
84.1809 -30.1967
84.2103 -30.2067
84.2397 -30.2167
84.2692 -30.2267
84.2987 -30.2367
84.3283 -30.2467
84.3579 -30.2567
84.3876 -30.2667
84.4174 -30.2767
84.4472 -30.2867
84.4771 -30.2967
84.507 -30.3067
84.5369 -30.3167
84.5669 -30.3267
84.597 -30.3367
84.6271 -30.3467
84.6573 -30.3567
84.6875 -30.3667
84.7178 -30.3767
84.7482 -30.3867
84.7786 -30.3967
84.809 -30.4067
84.8394 -30.4167
84.8699 -30.4267
84.9004 -30.4367
84.9308 -30.4467
84.9614 -30.4567
84.992 -30.4667
85.0226 -30.4767
85.0531 -30.4867
85.0837 -30.4967
85.1144 -30.5067
85.1451 -30.5167
85.1759 -30.5267
85.2068 -30.5367
85.2377 -30.5467
85.2687 -30.5567
85.2998 -30.5667
85.3308 -30.5767
85.3618 -30.5867
85.3929 -30.5967
85.4241 -30.6067
85.4553 -30.6167
85.4865 -30.6267
85.5179 -30.6367
85.5492 -30.6467
85.5806 -30.6567
85.6119 -30.6667
85.6433 -30.6767
85.6748 -30.6867
85.7064 -30.6967
85.738 -30.7067
85.7696 -30.7167
85.8012 -30.7267
85.8328 -30.7367
85.8645 -30.7467
85.8962 -30.7567
85.928 -30.7667
85.9598 -30.7767
85.9917 -30.7867
86.0236 -30.7967
86.0556 -30.8067
86.0876 -30.8167
86.1196 -30.8267
86.1518 -30.8367
86.184 -30.8467
86.2162 -30.8567
86.2485 -30.8667
86.2808 -30.8767
86.3132 -30.8867
86.3456 -30.8967
86.3781 -30.9067
86.4107 -30.9167
86.4433 -30.9267
86.4759 -30.9367
86.5086 -30.9467
86.5413 -30.9567
86.5742 -30.9667
86.607 -30.9767
86.6399 -30.9867
86.6727 -30.9967
86.7055 -31.0067
86.7384 -31.0167
86.7713 -31.0267
86.8042 -31.0367
86.8371 -31.0467
86.8701 -31.0567
86.9032 -31.0667
86.9363 -31.0767
86.9695 -31.0867
87.0027 -31.0967
87.0359 -31.1067
87.0692 -31.1167
87.1025 -31.1267
87.1358 -31.1367
87.1691 -31.1467
87.2026 -31.1567
87.2361 -31.1667
87.2696 -31.1767
87.3031 -31.1867
87.3366 -31.1967
87.3702 -31.2067
87.4037 -31.2167
87.4373 -31.2267
87.471 -31.2367
87.5047 -31.2467
87.5385 -31.2567
87.5724 -31.2667
87.6062 -31.2767
87.64 -31.2867
87.6739 -31.2967
87.7079 -31.3067
87.7419 -31.3167
87.7759 -31.3267
87.81 -31.3367
87.8442 -31.3467
87.8783 -31.3567
87.9126 -31.3667
87.9469 -31.3767
87.9812 -31.3867
88.0156 -31.3967
88.05 -31.4067
88.0845 -31.4167
88.1191 -31.4267
88.1536 -31.4367
88.1883 -31.4467
88.223 -31.4567
88.2577 -31.4667
88.2924 -31.4767
88.3273 -31.4867
88.3621 -31.4967
88.397 -31.5067
88.432 -31.5167
88.467 -31.5267
88.502 -31.5367
88.5371 -31.5467
88.5723 -31.5567
88.6075 -31.5667
88.6427 -31.5767
88.678 -31.5867
88.7131 -31.5967
88.7483 -31.6067
88.7835 -31.6167
88.8187 -31.6267
88.8539 -31.6367
88.8892 -31.6467
88.9245 -31.6567
88.9598 -31.6667
88.9952 -31.6767
89.0306 -31.6867
89.066 -31.6967
89.1014 -31.7067
89.137 -31.7167
89.1725 -31.7267
89.208 -31.7367
89.2436 -31.7467
89.2793 -31.7567
89.315 -31.7667
89.3507 -31.7767
89.3863 -31.7867
89.422 -31.7967
89.4577 -31.8067
89.4935 -31.8167
89.5294 -31.8267
89.5652 -31.8367
89.6012 -31.8467
89.6371 -31.8567
89.6732 -31.8667
89.7093 -31.8767
89.7454 -31.8867
89.7816 -31.8967
89.8178 -31.9067
89.8541 -31.9167
89.8905 -31.9267
89.9268 -31.9367
89.9631 -31.9467
89.9994 -31.9567
90.0357 -31.9667
90.0721 -31.9767
90.1085 -31.9867
90.145 -31.9967
90.1815 -32.0067
90.2181 -32.0167
90.2547 -32.0267
90.2915 -32.0367
90.3282 -32.0467
90.365 -32.0567
90.4018 -32.0667
90.4387 -32.0767
90.4756 -32.0867
90.5126 -32.0967
90.5497 -32.1067
90.5868 -32.1167
90.6239 -32.1267
90.6611 -32.1367
90.6982 -32.1467
90.7354 -32.1567
90.7725 -32.1667
90.8096 -32.1767
90.8468 -32.1867
90.884 -32.1967
90.9213 -32.2067
90.9587 -32.2167
90.9961 -32.2267
91.0336 -32.2367
91.0709 -32.2467
91.1083 -32.2567
91.1456 -32.2667
91.183 -32.2767
91.2204 -32.2867
91.2579 -32.2967
91.2954 -32.3067
91.333 -32.3167
91.3705 -32.3267
91.4081 -32.3367
91.4457 -32.3467
91.4833 -32.3567
91.5208 -32.3667
91.5584 -32.3767
91.596 -32.3867
91.6336 -32.3967
91.6713 -32.4067
91.7091 -32.4167
91.7469 -32.4267
91.7847 -32.4367
91.8227 -32.4467
91.8606 -32.4567
91.8986 -32.4667
91.9366 -32.4767
91.9746 -32.4867
92.0126 -32.4967
92.0506 -32.5067
92.0887 -32.5167
92.1269 -32.5267
92.1651 -32.5367
92.2034 -32.5467
92.2417 -32.5567
92.2801 -32.5667
92.3185 -32.5767
92.357 -32.5867
92.3955 -32.5967
92.434 -32.6067
92.4726 -32.6167
92.511 -32.6267
92.5495 -32.6367
92.588 -32.6467
92.6266 -32.6567
92.6652 -32.6667
92.7038 -32.6767
92.7423 -32.6867
92.7809 -32.6967
92.8195 -32.7067
92.8581 -32.7167
92.8968 -32.7267
92.9355 -32.7367
92.9743 -32.7467
93.0131 -32.7567
93.0519 -32.7667
93.0907 -32.7767
93.1296 -32.7867
93.1684 -32.7967
93.2073 -32.8067
93.2462 -32.8167
93.2852 -32.8267
93.3242 -32.8367
93.3633 -32.8467
93.4025 -32.8567
93.4417 -32.8667
93.481 -32.8767
93.5203 -32.8867
93.5596 -32.8967
93.599 -32.9067
93.6383 -32.9167
93.6777 -32.9267
93.717 -32.9367
93.7564 -32.9467
93.7959 -32.9567
93.8354 -32.9667
93.8749 -32.9767
93.9145 -32.9867
93.9542 -32.9967
93.9938 -33.0067
94.0335 -33.0167
94.0732 -33.0267
94.113 -33.0367
94.1529 -33.0467
94.1928 -33.0567
94.2327 -33.0667
94.2726 -33.0767
94.3127 -33.0867
94.3527 -33.0967
94.3926 -33.1067
94.4325 -33.1167
94.4724 -33.1267
94.5124 -33.1367
94.5523 -33.1467
94.5922 -33.1567
94.6322 -33.1667
94.6722 -33.1767
94.7123 -33.1867
94.7524 -33.1967
94.7926 -33.2067
94.8327 -33.2167
94.8729 -33.2267
94.9132 -33.2367
94.9535 -33.2467
94.9938 -33.2567
95.0342 -33.2667
95.0745 -33.2767
95.115 -33.2867
95.1554 -33.2967
95.196 -33.3067
95.2366 -33.3167
95.2773 -33.3267
95.3179 -33.3367
95.3585 -33.3467
95.3992 -33.3567
95.4399 -33.3667
95.4806 -33.3767
95.5212 -33.3867
95.5618 -33.3967
95.6024 -33.4067
95.643 -33.4167
95.6837 -33.4267
95.7244 -33.4367
95.7652 -33.4467
95.806 -33.4567
95.8469 -33.4667
95.8878 -33.4767
95.9287 -33.4867
95.9697 -33.4967
96.0107 -33.5067
96.0517 -33.5167
96.0928 -33.5267
96.1338 -33.5367
96.175 -33.5467
96.2162 -33.5567
96.2574 -33.5667
96.2986 -33.5767
96.3398 -33.5867
96.3811 -33.5967
96.4224 -33.6067
96.4637 -33.6167
96.5051 -33.6267
96.5464 -33.6367
96.5878 -33.6467
96.6292 -33.6567
96.6706 -33.6667
96.7119 -33.6767
96.7533 -33.6867
96.7947 -33.6967
96.8361 -33.7067
96.8776 -33.7167
96.9192 -33.7267
96.9607 -33.7367
97.0023 -33.7467
97.0439 -33.7567
97.0855 -33.7667
97.1272 -33.7767
97.1689 -33.7867
97.2105 -33.7967
97.2521 -33.8067
97.2937 -33.8167
97.3354 -33.8267
97.3771 -33.8367
97.4189 -33.8467
97.4607 -33.8567
97.5026 -33.8667
97.5444 -33.8767
97.5863 -33.8867
97.6283 -33.8967
97.6702 -33.9067
97.7122 -33.9167
97.7542 -33.9267
97.7961 -33.9367
97.8382 -33.9467
97.8803 -33.9567
97.9224 -33.9667
97.9646 -33.9767
98.0068 -33.9867
98.049 -33.9967
98.0912 -34.0067
98.1333 -34.0167
98.1754 -34.0267
98.2175 -34.0367
98.2596 -34.0467
98.3018 -34.0567
98.344 -34.0667
98.3862 -34.0767
98.4285 -34.0867
98.4708 -34.0967
98.5132 -34.1067
98.5556 -34.1167
98.598 -34.1267
98.6405 -34.1367
98.683 -34.1467
98.7255 -34.1567
98.7679 -34.1667
98.8103 -34.1767
98.8528 -34.1867
98.8954 -34.1967
98.938 -34.2067
98.9805 -34.2167
99.0231 -34.2267
99.0657 -34.2367
99.1082 -34.2467
99.1509 -34.2567
99.1935 -34.2667
99.2361 -34.2767
99.2789 -34.2867
99.3216 -34.2967
99.3644 -34.3067
99.4072 -34.3167
99.45 -34.3267
99.4928 -34.3367
99.5357 -34.3467
99.5786 -34.3567
99.6214 -34.3667
99.6643 -34.3767
99.7072 -34.3867
99.7501 -34.3967
99.7931 -34.4067
99.8362 -34.4167
99.8793 -34.4267
99.9223 -34.4367
99.9654 -34.4467
100.009 -34.4567
100.052 -34.4667
100.095 -34.4767
100.138 -34.4867
100.181 -34.4967
100.224 -34.5067
100.267 -34.5167
100.311 -34.5267
100.354 -34.5367
100.397 -34.5467
100.44 -34.5567
100.484 -34.5667
100.527 -34.5767
100.571 -34.5867
100.614 -34.5967
100.658 -34.6067
100.701 -34.6167
100.745 -34.6267
100.788 -34.6367
100.832 -34.6467
100.875 -34.6567
100.919 -34.6667
100.962 -34.6767
101.006 -34.6867
101.05 -34.6967
101.093 -34.7067
101.137 -34.7167
101.181 -34.7267
101.225 -34.7367
101.269 -34.7467
101.312 -34.7567
101.356 -34.7667
101.4 -34.7767
101.444 -34.7867
101.488 -34.7967
101.532 -34.8067
101.576 -34.8167
101.62 -34.8267
101.664 -34.8367
101.708 -34.8467
101.752 -34.8567
101.796 -34.8667
101.84 -34.8767
101.885 -34.8867
101.929 -34.8967
101.973 -34.9067
102.017 -34.9167
102.062 -34.9267
102.106 -34.9367
102.15 -34.9467
102.195 -34.9567
102.239 -34.9667
102.284 -34.9767
102.328 -34.9867
102.373 -34.9967
102.418 -35.0067
102.462 -35.0167
102.507 -35.0267
102.552 -35.0367
102.596 -35.0467
102.641 -35.0567
102.686 -35.0667
102.731 -35.0767
102.776 -35.0867
102.821 -35.0967
102.866 -35.1067
102.911 -35.1167
102.956 -35.1267
103.001 -35.1367
103.045 -35.1467
103.09 -35.1567
103.136 -35.1667
103.181 -35.1767
103.226 -35.1867
103.271 -35.1967
103.316 -35.2067
103.361 -35.2167
103.407 -35.2267
103.452 -35.2367
103.497 -35.2467
103.543 -35.2567
103.588 -35.2667
103.634 -35.2767
103.679 -35.2867
103.724 -35.2967
103.77 -35.3067
103.815 -35.3167
103.861 -35.3267
103.906 -35.3367
103.952 -35.3467
103.998 -35.3567
104.043 -35.3667
104.089 -35.3767
104.135 -35.3867
104.18 -35.3967
104.226 -35.4067
104.272 -35.4167
104.318 -35.4267
104.364 -35.4367
104.409 -35.4467
104.455 -35.4567
104.501 -35.4667
104.547 -35.4767
104.593 -35.4867
104.639 -35.4967
104.685 -35.5067
104.731 -35.5167
104.777 -35.5267
104.823 -35.5367
104.869 -35.5467
104.916 -35.5567
104.962 -35.5667
105.008 -35.5767
105.054 -35.5867
105.101 -35.5967
105.147 -35.6067
105.193 -35.6167
105.24 -35.6267
105.286 -35.6367
105.333 -35.6467
105.379 -35.6567
105.426 -35.6667
105.472 -35.6767
105.519 -35.6867
105.565 -35.6967
105.612 -35.7067
105.658 -35.7167
105.705 -35.7267
105.751 -35.7367
105.798 -35.7467
105.844 -35.7567
105.891 -35.7667
105.938 -35.7767
105.985 -35.7867
106.031 -35.7967
106.078 -35.8067
106.125 -35.8167
106.172 -35.8267
106.219 -35.8367
106.266 -35.8467
106.313 -35.8567
106.359 -35.8667
106.406 -35.8767
106.453 -35.8867
106.501 -35.8967
106.548 -35.9067
106.595 -35.9167
106.642 -35.9267
106.689 -35.9367
106.736 -35.9467
106.784 -35.9567
106.831 -35.9667
106.878 -35.9767
106.926 -35.9867
106.973 -35.9967
107.02 -36.0067
107.068 -36.0167
107.115 -36.0267
107.162 -36.0367
107.21 -36.0467
107.258 -36.0567
107.305 -36.0667
107.353 -36.0767
107.401 -36.0867
107.448 -36.0967
107.496 -36.1067
107.544 -36.1167
107.592 -36.1267
107.64 -36.1367
107.688 -36.1467
107.736 -36.1567
107.784 -36.1667
107.833 -36.1767
107.881 -36.1867
107.929 -36.1967
107.977 -36.2067
108.026 -36.2167
108.074 -36.2267
108.123 -36.2367
108.171 -36.2467
108.22 -36.2567
108.269 -36.2667
108.317 -36.2767
108.366 -36.2867
108.415 -36.2967
108.464 -36.3067
108.513 -36.3167
108.562 -36.3267
108.611 -36.3367
108.66 -36.3467
108.709 -36.3567
108.758 -36.3667
108.807 -36.3767
108.857 -36.3867
108.906 -36.3967
108.955 -36.4067
109.005 -36.4167
109.054 -36.4267
109.104 -36.4367
109.153 -36.4467
109.203 -36.4567
109.253 -36.4667
109.303 -36.4767
109.352 -36.4867
109.402 -36.4967
109.452 -36.5067
109.502 -36.5167
109.552 -36.5267
109.602 -36.5367
109.652 -36.5467
109.703 -36.5567
109.753 -36.5667
109.803 -36.5767
109.854 -36.5867
109.904 -36.5967
109.955 -36.6067
110.005 -36.6167
110.056 -36.6267
110.106 -36.6367
110.157 -36.6467
110.208 -36.6567
110.259 -36.6667
110.309 -36.6767
110.36 -36.6867
110.411 -36.6967
110.462 -36.7067
110.513 -36.7167
110.564 -36.7267
110.616 -36.7367
110.667 -36.7467
110.718 -36.7567
110.77 -36.7667
110.821 -36.7767
110.872 -36.7867
110.924 -36.7967
110.975 -36.8067
111.027 -36.8167
111.079 -36.8267
111.131 -36.8367
111.182 -36.8467
111.234 -36.8567
111.286 -36.8667
111.338 -36.8767
111.39 -36.8867
111.442 -36.8967
111.494 -36.9067
111.546 -36.9167
111.599 -36.9267
111.651 -36.9367
111.703 -36.9467
111.756 -36.9567
111.808 -36.9667
111.861 -36.9767
111.913 -36.9867
111.966 -36.9967
112.019 -37.0067
112.071 -37.0167
112.124 -37.0267
112.177 -37.0367
112.23 -37.0467
112.283 -37.0567
112.336 -37.0667
112.389 -37.0767
112.442 -37.0867
112.495 -37.0967
112.548 -37.1067
112.602 -37.1167
112.655 -37.1267
112.708 -37.1367
112.762 -37.1467
112.815 -37.1567
112.869 -37.1667
112.923 -37.1767
112.976 -37.1867
113.03 -37.1967
113.084 -37.2067
113.138 -37.2167
113.192 -37.2267
113.246 -37.2367
113.3 -37.2467
113.354 -37.2567
113.408 -37.2667
113.462 -37.2767
113.516 -37.2867
113.571 -37.2967
113.625 -37.3067
113.679 -37.3167
113.734 -37.3267
113.788 -37.3367
113.843 -37.3467
113.898 -37.3567
113.952 -37.3667
114.007 -37.3767
114.062 -37.3867
114.117 -37.3967
114.172 -37.4067
114.227 -37.4167
114.282 -37.4267
114.337 -37.4367
114.392 -37.4467
114.447 -37.4567
114.503 -37.4667
114.558 -37.4767
114.613 -37.4867
114.669 -37.4967
114.724 -37.5067
114.78 -37.5167
114.835 -37.5267
114.891 -37.5367
114.947 -37.5467
115.003 -37.5567
115.058 -37.5667
115.114 -37.5767
115.17 -37.5867
115.226 -37.5967
115.282 -37.6067
115.339 -37.6167
115.395 -37.6267
115.451 -37.6367
115.507 -37.6467
115.564 -37.6567
115.62 -37.6667
115.677 -37.6767
115.733 -37.6867
115.79 -37.6967
115.846 -37.7067
115.903 -37.7167
115.96 -37.7267
116.017 -37.7367
116.074 -37.7467
116.131 -37.7567
116.188 -37.7667
116.245 -37.7767
116.302 -37.7867
116.359 -37.7967
116.416 -37.8067
116.474 -37.8167
116.531 -37.8267
116.588 -37.8367
116.646 -37.8467
116.703 -37.8567
116.761 -37.8667
116.819 -37.8767
116.876 -37.8867
116.934 -37.8967
116.992 -37.9067
117.05 -37.9167
117.108 -37.9267
117.166 -37.9367
117.224 -37.9467
117.282 -37.9567
117.34 -37.9667
117.398 -37.9767
117.457 -37.9867
117.515 -37.9967
117.574 -38.0067
117.632 -38.0167
117.691 -38.0267
117.749 -38.0367
117.808 -38.0467
117.867 -38.0567
117.925 -38.0667
117.984 -38.0767
118.043 -38.0867
118.102 -38.0967
118.161 -38.1067
118.22 -38.1167
118.279 -38.1267
118.338 -38.1367
118.398 -38.1467
118.457 -38.1567
118.516 -38.1667
118.576 -38.1767
118.635 -38.1867
118.695 -38.1967
118.754 -38.2067
118.814 -38.2167
118.874 -38.2267
118.934 -38.2367
118.993 -38.2467
119.053 -38.2567
119.113 -38.2667
119.173 -38.2767
119.233 -38.2867
119.294 -38.2967
119.354 -38.3067
119.414 -38.3167
119.474 -38.3267
119.535 -38.3367
119.595 -38.3467
119.656 -38.3567
119.716 -38.3667
119.777 -38.3767
119.838 -38.3867
119.898 -38.3967
119.959 -38.4067
120.02 -38.4167
120.081 -38.4267
120.142 -38.4367
120.203 -38.4467
120.264 -38.4567
120.325 -38.4667
120.387 -38.4767
120.448 -38.4867
120.509 -38.4967
120.571 -38.5067
120.632 -38.5167
120.694 -38.5267
120.755 -38.5367
120.817 -38.5467
120.879 -38.5567
120.941 -38.5667
121.002 -38.5767
121.064 -38.5867
121.126 -38.5967
121.188 -38.6067
121.25 -38.6167
121.313 -38.6267
121.375 -38.6367
121.437 -38.6467
121.499 -38.6567
121.562 -38.6667
121.624 -38.6767
121.687 -38.6867
121.749 -38.6967
121.812 -38.7067
121.875 -38.7167
121.937 -38.7267
122 -38.7367
122.063 -38.7467
122.126 -38.7567
122.189 -38.7667
122.252 -38.7767
122.315 -38.7867
122.379 -38.7967
122.442 -38.8067
122.505 -38.8167
122.568 -38.8267
122.632 -38.8367
122.695 -38.8467
122.759 -38.8567
122.823 -38.8667
122.886 -38.8767
122.95 -38.8867
123.014 -38.8967
123.078 -38.9067
123.142 -38.9167
123.206 -38.9267
123.27 -38.9367
123.334 -38.9467
123.398 -38.9567
123.462 -38.9667
123.527 -38.9767
123.591 -38.9867
123.656 -38.9967
123.72 -39.0067
123.785 -39.0167
123.849 -39.0267
123.914 -39.0367
123.979 -39.0467
124.043 -39.0567
124.108 -39.0667
124.173 -39.0767
124.238 -39.0867
124.303 -39.0967
124.368 -39.1067
124.434 -39.1167
124.499 -39.1267
124.564 -39.1367
124.63 -39.1467
124.695 -39.1567
124.761 -39.1667
124.826 -39.1767
124.892 -39.1867
124.958 -39.1967
125.023 -39.2067
125.089 -39.2167
125.155 -39.2267
125.221 -39.2367
125.287 -39.2467
125.353 -39.2567
125.419 -39.2667
125.485 -39.2767
125.552 -39.2867
125.618 -39.2967
125.684 -39.3067
125.751 -39.3167
125.817 -39.3267
125.884 -39.3367
125.951 -39.3467
126.017 -39.3567
126.084 -39.3667
126.151 -39.3767
126.218 -39.3867
126.285 -39.3967
126.352 -39.4067
126.419 -39.4167
126.486 -39.4267
126.553 -39.4367
126.621 -39.4467
126.688 -39.4567
126.755 -39.4667
126.823 -39.4767
126.89 -39.4867
126.958 -39.4967
127.026 -39.5067
127.093 -39.5167
127.161 -39.5267
127.229 -39.5367
127.297 -39.5467
127.365 -39.5567
127.433 -39.5667
127.501 -39.5767
127.569 -39.5867
127.638 -39.5967
127.706 -39.6067
127.774 -39.6167
127.843 -39.6267
127.911 -39.6367
127.98 -39.6467
128.048 -39.6567
128.117 -39.6667
128.186 -39.6767
128.255 -39.6867
128.324 -39.6967
128.393 -39.7067
128.462 -39.7167
128.531 -39.7267
128.6 -39.7367
128.669 -39.7467
128.738 -39.7567
128.808 -39.7667
128.877 -39.7767
128.947 -39.7867
129.016 -39.7967
129.086 -39.8067
129.155 -39.8167
129.225 -39.8267
129.295 -39.8367
129.365 -39.8467
129.435 -39.8567
129.505 -39.8667
129.575 -39.8767
129.645 -39.8867
129.715 -39.8967
129.785 -39.9067
129.856 -39.9167
129.926 -39.9267
129.997 -39.9367
130.067 -39.9467
130.138 -39.9567
130.208 -39.9667
130.279 -39.9767
130.35 -39.9867
130.421 -39.9967
130.492 -40.0067
130.563 -40.0167
130.634 -40.0267
130.705 -40.0367
130.776 -40.0467
130.847 -40.0567
130.919 -40.0667
130.99 -40.0767
131.062 -40.0867
131.133 -40.0967
131.205 -40.1067
131.276 -40.1167
131.348 -40.1267
131.42 -40.1367
131.492 -40.1467
131.564 -40.1567
131.636 -40.1667
131.708 -40.1767
131.78 -40.1867
131.852 -40.1967
131.924 -40.2067
131.996 -40.2167
132.069 -40.2267
132.141 -40.2367
132.214 -40.2467
132.286 -40.2567
132.359 -40.2667
132.432 -40.2767
132.505 -40.2867
132.577 -40.2967
