0.1 0.896081
0.2 1.79381
0.3 2.69523
0.4 3.5997
0.5 4.50725
0.6 5.41792
0.7 6.33174
0.8 7.24875
0.9 8.16899
1 9.09247
0.423192 9.30804
0.845691 9.52335
1.2676 9.73851
1.68881 9.95319
2.10936 10.1678
2.52923 10.3822
2.94844 10.5963
3.36699 10.8103
3.78493 11.0242
4.20222 11.2381
4.61892 11.452
5.035 11.6658
5.45042 11.8795
5.86519 12.0931
6.27933 12.3067
6.69282 12.5201
7.10567 12.7336
7.51787 12.947
7.92944 13.1603
8.34037 13.3734
8.75067 13.5864
9.16031 13.7993
9.56933 14.0122
9.97772 14.2251
10.3855 14.4379
10.7926 14.6507
11.1991 14.8634
11.6049 15.0761
12.0101 15.2887
12.4147 15.5012
12.8186 15.7136
13.2219 15.926
13.6245 16.1381
14.0265 16.3503
14.4279 16.5624
14.8287 16.7745
15.2288 16.9866
15.6283 17.1986
16.0272 17.4106
16.4255 17.6225
16.8231 17.8344
17.2201 18.0462
17.6165 18.2579
18.0122 18.4696
18.4074 18.6812
18.8019 18.8928
19.1958 19.1044
19.589 19.3159
19.9817 19.5274
20.3737 19.7387
20.7651 19.95
21.1559 20.1612
21.546 20.3724
21.9356 20.5836
22.3245 20.7947
22.7128 21.0057
23.1005 21.2167
23.4876 21.4276
23.874 21.6384
24.2599 21.8491
24.6451 22.0598
25.0297 22.2705
25.4137 22.4811
25.7972 22.6917
26.18 22.9022
26.5621 23.1127
26.9437 23.3232
27.3247 23.5336
27.7051 23.744
28.0849 23.9544
28.464 24.1647
28.8426 24.375
29.2206 24.5852
29.5979 24.7955
29.9747 25.0056
30.3509 25.2158
30.7264 25.4258
31.1014 25.6358
31.4757 25.8457
31.8495 26.0555
32.2227 26.2653
32.5953 26.4751
32.9672 26.6848
33.3386 26.8945
33.7094 27.1041
34.0796 27.3137
34.4492 27.5233
34.8183 27.7328
35.1867 27.9423
35.5545 28.1518
35.9218 28.3612
36.2885 28.5706
36.6546 28.78
37.0201 28.9894
37.385 29.1987
37.7493 29.408
38.1131 29.6172
38.4762 29.8264
38.8388 30.0356
39.2008 30.2447
39.5623 30.4538
39.9231 30.6628
40.2834 30.8718
40.6431 31.0807
41.0022 31.2896
41.3607 31.4985
41.7187 31.7075
42.0761 31.9165
42.4329 32.1255
42.7891 32.3343
43.1448 32.5432
43.4999 32.752
43.8544 32.9608
44.2084 33.1695
44.5618 33.3783
44.9146 33.5869
45.2669 33.7956
45.6185 34.0042
45.9697 34.2128
46.3202 34.4214
46.6702 34.6299
47.0197 34.8384
47.3685 35.0469
47.7168 35.2553
48.0646 35.4637
48.4118 35.672
48.7584 35.8803
49.1045 36.0886
49.45 36.2969
49.7949 36.5051
50.1393 36.7136
50.4831 36.922
50.8264 37.1305
51.1692 37.3389
51.5113 37.5472
51.853 37.7555
52.194 37.9638
52.5345 38.1721
52.8745 38.3804
53.2139 38.5885
53.5528 38.7967
53.8911 39.0048
54.2289 39.2128
54.5661 39.4208
54.9028 39.6287
55.2389 39.8367
55.5745 40.0446
55.9095 40.2525
56.244 40.4603
56.5779 40.6681
56.9113 40.8759
57.2442 41.0837
57.5765 41.2914
57.9083 41.4991
58.2395 41.7067
58.5702 41.9143
58.9004 42.1218
59.23 42.3294
59.5591 42.537
59.8877 42.7448
60.2157 42.9526
60.5432 43.1604
60.8701 43.3681
61.1965 43.5758
61.5224 43.7835
61.8478 43.9911
62.1726 44.1988
62.4969 44.4064
62.8207 44.614
63.1439 44.8215
63.4666 45.0291
63.7888 45.2366
64.1105 45.4441
64.4316 45.6516
64.7522 45.8591
65.0723 46.0665
65.3918 46.2739
65.7109 46.4813
66.0294 46.6886
66.3474 46.8959
66.6649 47.1032
66.9818 47.3106
67.2982 47.5181
67.6142 47.7255
67.9295 47.9329
68.2444 48.1403
68.5588 48.3477
68.8726 48.5551
69.186 48.7625
69.4988 48.9698
69.8111 49.1771
70.1229 49.3844
70.4342 49.5916
70.7449 49.7989
71.0552 50.0061
71.3649 50.2133
71.6742 50.4205
71.9829 50.6276
72.2911 50.8348
72.5988 51.0419
72.906 51.249
73.2127 51.4561
73.5189 51.6632
73.8246 51.8703
74.1298 52.0773
74.4345 52.2844
74.7386 52.4914
75.0423 52.6984
75.3455 52.9054
75.6482 53.1124
75.9503 53.3194
76.252 53.5264
76.5532 53.7333
76.8539 53.9402
77.154 54.1471
77.4537 54.354
77.7529 54.5609
78.0516 54.7678
78.3498 54.9747
78.6475 55.1815
78.9447 55.3883
79.2414 55.5951
79.5376 55.8019
79.8334 56.0087
80.1286 56.2155
80.4233 56.4223
80.7176 56.629
81.0114 56.8358
81.3046 57.0425
81.5974 57.2493
81.8897 57.456
82.1815 57.6626
82.4729 57.8693
82.7637 58.076
83.0541 58.2827
83.3439 58.4893
83.6333 58.696
83.9222 58.9026
84.2107 59.1093
84.4986 59.3159
84.7861 59.5226
85.0731 59.7292
85.3596 59.9358
85.6456 60.1425
85.9311 60.3491
86.2162 60.5557
86.5008 60.7622
86.7849 60.9687
87.0685 61.1752
87.3517 61.3817
87.6343 61.5882
87.9165 61.7947
88.1983 62.0012
88.4795 62.2077
88.7603 62.4142
89.0406 62.6207
89.3205 62.8272
89.5998 63.0337
89.8787 63.2402
90.1572 63.4467
90.4351 63.6532
90.7126 63.8597
90.9896 64.0662
91.2662 64.2727
91.5423 64.4791
91.8179 64.6856
92.093 64.892
92.3677 65.0983
92.6419 65.3046
92.9156 65.5109
93.1889 65.7172
93.4617 65.9235
93.7341 66.1298
94.006 66.3362
94.2774 66.5425
94.5483 66.7488
94.8188 66.955
95.0889 67.1613
95.3584 67.3675
95.6275 67.5738
95.8962 67.7801
96.1644 67.9864
96.4321 68.1927
96.6994 68.399
96.9662 68.6053
97.2326 68.8116
97.4983 69
97.7616 69
98.0244 69
98.2839 69
98.5388 69
98.7933 69
99.0451 69
99.2848 69
99.5239 69
99.7562 69
99.9725 69
100.166 69
100.354 69
100.537 69
100.719 69
100.895 69
101.067 69
101.234 69
101.398 69
101.561 69
101.723 69
101.885 69
102.044 69
102.201 69
102.359 69
102.515 69
102.67 69
102.823 69
102.975 69
103.126 69
103.273 69
103.419 69
103.564 69
103.705 69
103.845 69
103.982 69
104.119 69
104.255 69
104.387 69
104.518 69
104.648 69
104.776 69
104.904 69
105.031 69
105.156 69
105.28 69
105.404 69
105.526 69
105.647 69
105.767 69
105.887 69
106.006 69
106.123 69
106.24 69
106.355 69
106.471 69
106.586 69
106.7 69
106.814 69
106.925 69
107.036 69
107.146 69
107.256 69
107.366 69
107.475 69
107.584 69
107.691 69
107.796 69
107.901 69
108.005 69
108.109 69
108.213 69
108.315 69
108.415 69
108.514 69
108.613 69
108.711 69
108.808 69
108.905 69
109.001 69
109.094 69
109.185 69
109.275 69
109.365 69
109.454 69
109.539 69
109.616 69
109.684 69
109.751 69
109.817 69
109.871 69
109.831 69
109.768 69
109.679 69
109.402 69
108.553 69
108.286 69
108.158 69
108.006 69
107.854 69
107.772 69
107.729 69
107.706 69
107.668 69
107.622 69
107.597 69
107.568 69
107.532 69
107.493 69
107.46 69
107.45 69
107.438 69
107.424 69
107.408 69
107.387 69
107.366 69
107.353 69
107.335 69
107.316 69
107.303 69
107.293 69
107.281 69
107.269 69
107.254 69
107.239 69
107.223 69
107.206 69
107.187 69
107.167 69
107.145 69
107.123 69
107.107 69
107.093 69
107.078 69
107.062 69
107.045 69
107.027 69
107.006 69
106.997 69
106.987 69
106.974 69
106.961 69
106.947 69
106.932 69
106.915 69
106.895 69
106.878 69
106.86 69
106.842 69
106.82 69
106.797 69
106.773 69
106.746 69
106.72 69
106.692 69
106.664 69
106.637 69
106.609 69
106.58 69
106.549 69
106.516 69
106.485 69
106.453 69
106.421 69
106.387 69
106.353 69
106.318 69
106.283 69
106.246 69
106.208 69
106.172 69
106.137 69
106.107 69
106.082 69
106.054 69
106.023 69
105.991 69
105.958 69
105.924 69
105.817 69
105.678 69
105.448 69
105.282 69
105.267 69
105.237 69
104.981 69
104.489 68.6955
104.224 69
101.442 67.8551
101.37 67.9568
101.37 68.0888
101.367 68.2196
101.375 68.3559
101.383 68.4918
101.385 68.6257
101.367 68.7534
101.341 68.9389
101.302 69
101.26 69
101.237 69
101.207 69
101.175 69
101.149 69
101.126 69
101.1 69
101.059 69
101.014 69
100.966 69
100.915 69
100.863 69
100.809 69
100.752 69
100.695 69
100.64 69
100.592 69
100.543 69
100.494 69
100.445 69
100.394 69
100.343 69
100.292 69
100.241 69
100.189 69
100.136 69
100.081 69
100.027 69
99.9715 69
99.9151 69
99.8586 69
99.8019 69
99.7448 69
99.6876 69
99.6302 69
99.5727 69
99.5151 69
99.4599 69
99.4051 69
99.3496 69
99.2935 69
99.2372 69
99.1803 69
99.1232 69
99.066 69
99.0087 69
98.9513 69
98.8939 69
98.8387 69
98.7846 69
98.7302 69
98.6756 69
98.6209 69
98.5662 69
98.5123 69
98.4613 69
98.4106 69
98.3598 69
98.3091 69
98.2584 69
98.2077 69
98.1568 69
98.1059 69
98.0549 69
98.0038 69
97.9525 69
97.9012 69
97.8498 69
97.7984 69
97.7503 69
97.7021 69
97.6538 69
97.6055 69
97.5571 69
97.5085 69
97.4597 69
97.4109 69
97.3618 69
97.3126 69
97.2634 69
97.214 69
97.1646 69
97.1149 69
97.0644 69
97.0145 69
96.9649 69
96.9152 69
96.8654 69
96.8156 69
96.7656 69
96.7156 69
96.6655 69
96.6157 69
96.567 69
96.5182 69
96.4694 69
96.4204 69
96.3714 69
96.3222 69
96.2735 69
96.2248 69
96.1759 69
96.1269 69
96.0778 69
96.0286 69
95.9792 69
95.9296 69
95.8799 69
95.8294 69
95.7788 69
95.7281 69
95.6773 69
95.6264 69
95.5754 69
95.5242 69
95.4729 69
95.4214 69
95.3698 69
95.318 69
95.2661 69
95.2139 69
95.1616 69
95.1091 69
95.0563 69
95.0028 69
94.9492 69
94.8954 69
94.8416 69
94.7876 69
94.7334 69
94.6792 69
94.6248 69
94.5703 69
94.5156 69
94.4608 69
94.4058 69
94.3507 69
94.2954 69
94.24 69
94.1846 69
94.1305 69
94.0763 69
94.0219 69
93.9671 69
93.9122 69
93.8571 69
93.8019 69
93.7466 69
93.6913 69
93.6389 69
93.5863 69
93.533 69
93.4796 69
93.426 69
93.3724 69
93.3206 69
93.2687 69
93.2166 69
93.164 69
93.1117 69
93.0596 69
93.0073 69
92.9549 69
92.9017 69
92.848 69
92.7944 69
92.7407 69
92.6869 69
92.6317 69
92.576 69
92.5203 69
92.4646 69
92.4088 69
92.3529 69
92.2969 69
92.241 69
92.185 69
92.129 69
92.073 69
92.0169 69
91.9609 69
91.9047 69
91.8486 69
91.7924 69
91.7362 69
91.68 69
91.6237 69
91.5674 69
91.5111 69
91.4547 69
91.3983 69
91.3419 69
91.2854 69
91.2288 69
91.1723 69
91.1157 69
91.059 69
91.0044 69
90.9525 69
90.9005 69
90.8486 69
90.7966 69
90.7447 69
90.6927 69
90.6407 69
90.5887 69
90.5367 69
90.4846 69
90.4326 69
90.3805 69
90.3285 69
90.2768 69
90.2255 69
90.1743 69
90.123 69
90.0717 69
90.0204 69
89.9714 69
89.9225 69
89.8737 69
89.8248 69
89.776 69
89.73 69
89.6872 69
89.6444 69
89.6015 69
89.5587 69
89.5159 69
89.4732 69
89.4304 69
89.3876 69
89.3449 69
89.3022 69
89.2595 69
89.2169 69
89.1742 69
89.1316 69
89.089 69
89.0464 69
89.0038 69
88.9612 69
88.9187 69
88.8762 69
88.8337 69
88.7912 69
88.7488 69
88.7063 69
88.6639 69
88.6215 69
88.5791 69
88.5367 69
88.4944 69
88.4521 69
88.4098 69
88.3675 69
88.3252 69
88.283 69
88.2407 69
88.1985 69
88.1563 69
88.1141 69
88.0719 69
88.0298 69
87.9877 69
87.9455 69
87.9035 69
87.8614 69
87.8193 69
87.7773 69
87.7353 69
87.6933 69
87.6513 69
87.6093 69
87.5674 69
87.5255 69
87.4836 69
87.4417 69
87.3998 69
87.358 69
87.3161 69
87.2743 69
87.2323 69
87.1901 69
87.148 69
87.1059 69
87.0638 69
87.0218 69
86.9798 69
86.9379 69
86.8959 69
86.8541 69
86.8123 69
86.7705 69
86.7288 69
86.6899 69
86.655 69
86.6202 69
86.5856 69
86.5516 69
86.5176 69
86.4836 69
86.4497 69
86.4158 69
86.382 69
86.348 69
86.3139 69
86.2798 69
86.2457 69
86.2117 69
86.1777 69
86.1438 69
86.1098 69
86.0759 69
86.042 69
86.0081 69
85.9742 69
85.9404 69
85.9067 69
85.8729 69
85.8392 69
85.8056 69
85.7739 69
85.743 69
85.7122 69
85.6814 69
85.6506 69
85.6199 69
85.5892 69
85.5586 69
85.528 69
85.4974 69
85.4669 69
85.4364 69
85.4059 69
85.3755 69
85.3451 69
85.3148 69
85.2846 69
85.2545 69
85.2244 69
85.1943 69
85.1643 69
85.1343 69
85.1044 69
85.0745 69
85.0446 69
85.0148 69
84.9851 69
84.9553 69
84.9256 69
84.896 69
84.8664 69
84.8368 69
84.8073 69
84.7778 69
84.7484 69
84.7189 69
84.6896 69
84.6603 69
84.631 69
84.6018 69
84.5726 69
84.5434 69
84.5143 69
84.4852 69
84.4566 69
84.4282 69
84.3997 69
84.3714 69
84.343 69
84.3148 69
84.2865 69
84.2583 69
84.2302 69
84.2021 69
84.174 69
84.146 69
84.118 69
84.0901 69
84.0622 69
84.0344 69
84.0066 69
83.9789 69
83.9511 69
83.9235 69
83.8959 69
83.8683 69
83.8408 69
83.8133 69
83.7859 69
83.7585 69
83.7312 69
83.7039 69
83.6766 69
83.6494 69
83.6222 69
83.5951 69
83.5681 69
83.5411 69
83.5141 69
83.4872 69
83.4603 69
83.4335 69
83.4067 69
83.3799 69
83.3532 69
83.3266 69
83.3 69
83.2735 69
83.247 69
83.2205 69
83.1941 69
83.1677 69
83.1414 69
83.1151 69
83.0889 69
83.0627 69
83.0366 69
83.0105 69
82.9845 69
82.9584 69
82.9324 69
82.9064 69
82.8805 69
82.8546 69
82.8288 69
82.803 69
82.7773 69
82.7516 69
82.7261 69
82.7006 69
82.6751 69
82.6498 69
82.6245 69
82.5992 69
82.574 69
82.5514 69
82.5291 69
82.507 69
82.4848 69
82.4627 69
82.4407 69
82.4187 69
82.3968 69
82.3754 69
82.3541 69
82.3329 69
82.3117 69
82.2905 69
82.2694 69
82.2483 69
82.2272 69
82.2063 69
82.1853 69
82.1644 69
82.1436 69
82.1228 69
82.102 69
82.0813 69
82.0601 69
82.0381 69
82.0162 69
81.9944 69
81.9726 69
81.9508 69
81.929 69
81.9074 69
81.8857 69
81.8641 69
81.8425 69
81.821 69
81.7995 69
81.7781 69
81.7567 69
81.7353 69
81.714 69
81.6927 69
81.6715 69
81.6503 69
81.6291 69
81.608 69
81.587 69
81.5659 69
81.5449 69
81.524 69
81.5031 69
81.4822 69
81.4614 69
81.4406 69
81.4199 69
81.3992 69
81.3786 69
81.358 69
81.3374 69
81.3168 69
81.2963 69
81.2759 69
81.2554 69
81.2351 69
81.2147 69
81.1944 69
81.1742 69
81.154 69
81.1338 69
81.1137 69
81.0936 69
81.0736 69
81.0536 69
81.0337 69
81.0138 69
80.9939 69
80.974 69
80.9541 69
80.9343 69
80.9145 69
80.8948 69
80.8751 69
80.8554 69
80.8358 69
80.8162 69
80.7967 69
80.7772 69
80.7578 69
80.7384 69
80.7192 69
80.7 69
80.6809 69
80.6618 69
80.6428 69
80.6238 69
80.6049 69
80.586 69
80.5671 69
80.5482 69
80.5292 69
80.5102 69
80.4913 69
80.4724 69
80.4536 69
80.4347 69
80.416 69
80.3973 69
80.3786 69
80.3599 69
80.3414 69
80.3228 69
80.3043 69
80.2858 69
80.2674 69
80.2491 69
80.2308 69
80.2132 69
80.1956 69
80.1781 69
80.1606 69
80.1432 69
80.1258 69
80.1084 69
80.0911 69
80.0739 69
80.0567 69
80.0395 69
80.0224 69
80.0053 69
79.9895 69
79.974 69
79.9585 69
79.9431 69
79.9277 69
79.9123 69
79.897 69
79.8817 69
79.8665 69
79.8513 69
79.8362 69
79.8211 69
79.806 69
79.791 69
79.776 69
79.7611 69
79.7462 69
79.7313 69
79.7165 69
79.7018 69
79.6871 69
79.6724 69
79.6577 69
79.6431 69
79.6287 69
79.6142 69
79.5998 69
79.5855 69
79.5712 69
79.5569 69
79.5427 69
79.5285 69
79.5144 69
79.5003 69
79.4851 69
79.4697 69
79.4543 69
79.4389 69
79.4235 69
79.4082 69
79.393 69
79.3777 69
79.3625 69
79.3473 69
79.3322 69
79.3171 69
79.302 69
79.287 69
79.272 69
79.257 69
79.2421 69
79.2272 69
79.2124 69
79.1976 69
79.1828 69
79.1681 69
79.1534 69
79.1387 69
79.1241 69
79.1095 69
79.0949 69
79.0804 69
79.0659 69
79.0515 69
79.0371 69
79.0227 69
79.0084 69
78.9941 69
78.9799 69
78.9657 69
78.9515 69
78.9373 69
78.9232 69
78.9092 69
78.8951 69
78.8811 69
78.8672 69
78.8533 69
78.8394 69
78.8255 69
78.8117 69
78.798 69
78.7843 69
78.7706 69
78.7569 69
78.7433 69
78.7297 69
78.7162 69
78.7027 69
78.6893 69
78.6758 69
78.6625 69
78.6491 69
78.6358 69
78.6226 69
78.6094 69
78.5962 69
78.583 69
78.5699 69
78.5569 69
78.5438 69
78.5309 69
78.5179 69
78.505 69
78.4921 69
78.4793 69
78.4665 69
78.4538 69
78.4411 69
78.4284 69
78.4158 69
78.4032 69
78.3906 69
78.3781 69
78.3657 69
78.3532 69
78.3408 69
78.3285 69
78.3162 69
78.3039 69
78.2917 69
78.2795 69
78.2673 69
78.2552 69
78.2431 69
78.2311 69
78.2191 69
78.2072 69
78.1953 69
78.1834 69
78.1716 69
78.1598 69
78.1481 69
78.1364 69
78.1247 69
78.1131 69
78.1016 69
78.09 69
78.0785 69
78.0671 69
78.0557 69
78.0444 69
78.0331 69
78.0218 69
78.0106 69
77.9994 69
77.9883 69
77.9772 69
77.9661 69
77.9551 69
77.9441 69
77.9332 69
77.9219 69
77.9106 69
77.8993 69
77.8881 69
77.8769 69
77.8657 69
77.8546 69
77.8435 69
77.8325 69
77.8215 69
77.8105 69
77.7996 69
77.7887 69
77.7779 69
77.7671 69
77.7563 69
77.7456 69
77.7349 69
77.7245 69
77.7142 69
77.7038 69
77.6936 69
77.6833 69
77.673 69
77.6625 69
77.6519 69
77.6413 69
77.6308 69
77.6203 69
77.6099 69
77.5995 69
77.5891 69
77.5788 69
77.5685 69
77.5582 69
77.5471 69
77.536 69
77.525 69
77.5139 69
77.5029 69
77.4919 69
77.481 69
77.4701 69
77.4592 69
77.4484 69
77.4371 69
77.4259 69
77.4146 69
77.4034 69
77.3922 69
77.3811 69
77.37 69
77.3589 69
77.3479 69
77.3368 69
77.3259 69
77.3149 69
77.304 69
77.2931 69
77.2822 69
77.2714 69
77.2606 69
77.2498 69
77.2391 69
77.2284 69
77.2177 69
77.2071 69
77.1965 69
77.1859 69
77.1753 69
77.1648 69
77.1543 69
77.1439 69
77.1335 69
77.1231 69
77.1128 69
77.1024 69
77.0922 69
77.0819 69
77.0717 69
77.0615 69
77.0514 69
77.0413 69
77.0312 69
77.0211 69
77.0111 69
77.0011 69
76.9912 69
76.9813 69
76.9714 69
76.9615 69
76.9517 69
76.9419 69
76.9321 69
76.9224 69
76.9127 69
76.903 69
76.8933 69
76.8837 69
76.8741 69
76.8646 69
76.855 69
76.8456 69
76.8361 69
76.8267 69
76.8173 69
76.808 69
76.7986 69
76.7894 69
76.7801 69
76.7709 69
76.7617 69
76.7526 69
76.7434 69
76.7344 69
76.7253 69
76.7163 69
76.7077 69
76.6991 69
76.6905 69
76.682 69
76.6735 69
76.6651 69
76.6567 69
76.6483 69
76.6399 69
76.6316 69
76.6233 69
76.6151 69
76.6067 69
76.5983 69
76.5899 69
76.5816 69
76.5733 69
76.5651 69
76.5568 69
76.5486 69
76.5405 69
76.5323 69
76.5243 69
76.5162 69
76.5082 69
76.5002 69
76.4922 69
76.4843 69
76.4764 69
76.4686 69
76.4608 69
76.453 69
76.4453 69
76.4376 69
76.4299 69
76.4222 69
76.4146 69
76.4071 69
76.3995 69
76.392 69
76.3846 69
76.3771 69
76.3698 69
76.3624 69
76.3551 69
76.3478 69
76.3406 69
76.3334 69
76.3262 69
76.3191 69
76.312 69
76.3049 69
76.2979 69
76.2909 69
76.2839 69
76.277 69
76.2701 69
76.2632 69
76.2564 69
76.2496 69
76.2429 69
76.2362 69
76.2295 69
76.2228 69
76.2162 69
76.2087 69
76.2011 69
76.1936 69
76.186 69
76.1785 69
76.171 69
76.1636 69
76.1562 69
76.1488 69
76.1414 69
76.1341 69
76.1268 69
76.1196 69
76.1123 69
76.1052 69
76.098 69
76.0909 69
76.0838 69
76.0767 69
76.0697 69
76.0627 69
76.0557 69
76.0488 69
76.0419 69
76.0351 69
76.0282 69
76.0214 69
76.0147 69
76.0079 69
76.0013 69
75.9946 69
75.988 69
75.9814 69
75.9748 69
75.9683 69
75.9618 69
75.9554 69
75.9489 69
75.9426 69
75.9362 69
75.9299 69
75.9236 69
75.9171 69
75.9101 69
75.9031 69
75.8962 69
75.8893 69
75.8824 69
75.8755 69
75.8687 69
75.8619 69
75.8551 69
75.8484 69
75.8417 69
75.835 69
75.8284 69
75.8218 69
75.8152 69
75.8087 69
75.8022 69
75.7957 69
75.7893 69
75.7828 69
75.7765 69
75.7701 69
75.7638 69
75.7575 69
75.7513 69
75.7451 69
75.7389 69
75.7328 69
75.7267 69
75.7206 69
75.7145 69
75.7085 69
75.7025 69
75.6966 69
75.6902 69
75.6829 69
75.6755 69
75.6682 69
75.661 69
75.6537 69
75.6465 69
75.6392 69
75.6319 69
75.6246 69
75.6173 69
75.6101 69
75.6029 69
75.5958 69
75.5886 69
75.5815 69
75.5744 69
75.5674 69
75.5604 69
75.5533 69
75.5464 69
75.5394 69
75.5325 69
75.5256 69
75.5187 69
75.5119 69
75.5051 69
75.4983 69
75.4915 69
75.4848 69
75.4781 69
75.4714 69
75.4648 69
75.4581 69
75.4515 69
75.445 69
75.4384 69
75.4319 69
75.4255 69
75.419 69
75.4126 69
75.4062 69
75.3998 69
75.3935 69
75.3871 69
75.3809 69
75.3746 69
75.3684 69
75.3622 69
75.356 69
75.3499 69
75.3435 69
75.337 69
75.3305 69
75.324 69
75.3175 69
75.3111 69
75.3047 69
75.2984 69
75.292 69
75.2857 69
75.2794 69
75.2732 69
75.2669 69
75.2607 69
75.2546 69
75.2484 69
75.2423 69
75.2362 69
75.2301 69
75.2241 69
75.2181 69
75.2121 69
75.2062 69
75.2002 69
75.1943 69
75.1885 69
75.1826 69
75.1768 69
75.171 69
75.1653 69
75.1595 69
75.1538 69
75.1481 69
75.1425 69
75.1369 69
75.1313 69
75.1257 69
75.1202 69
75.1147 69
75.1092 69
75.1035 69
75.0978 69
75.0921 69
75.0864 69
75.0808 69
75.0752 69
75.0696 69
75.064 69
75.0585 69
75.053 69
75.0475 69
75.042 69
75.0366 69
75.0312 69
75.0259 69
75.0206 69
75.0153 69
75.01 69
75.0047 69
74.9995 69
74.9943 69
74.9892 69
74.9841 69
74.979 69
74.9739 69
74.9689 69
74.9638 69
74.9589 69
74.9539 69
74.949 69
74.9441 69
74.9392 69
74.9343 69
74.9294 69
74.9246 69
74.9198 69
74.915 69
74.9102 69
74.9055 69
74.9008 69
74.8961 69
74.8914 69
74.8868 69
74.8823 69
74.8777 69
74.8732 69
74.8687 69
74.8642 69
74.8598 69
74.8543 69
74.8489 69
74.8436 69
74.8382 69
74.8329 69
74.8276 69
74.8224 69
74.8171 69
74.8119 69
74.8067 69
74.8016 69
74.7963 69
74.791 69
74.7858 69
74.7806 69
74.7754 69
74.7702 69
74.7651 69
74.7598 69
74.7545 69
74.7493 69
74.7441 69
74.7389 69
74.7337 69
74.7286 69
74.7235 69
74.7184 69
74.7133 69
74.7083 69
74.7033 69
74.6983 69
74.6934 69
74.6884 69
74.6835 69
74.6787 69
74.6738 69
74.669 69
74.6642 69
74.6595 69
74.6547 69
74.65 69
74.6453 69
74.6407 69
74.6361 69
74.6315 69
74.6269 69
74.6224 69
74.6179 69
74.6134 69
74.6089 69
74.6045 69
74.6001 69
74.5957 69
74.5913 69
74.587 69
74.5827 69
74.5784 69
74.5742 69
74.57 69
74.5658 69
74.5616 69
74.5575 69
74.5534 69
74.5493 69
74.5453 69
74.5413 69
74.5373 69
74.5333 69
74.5294 69
74.5255 69
74.5217 69
74.5178 69
74.514 69
74.5102 69
74.5065 69
74.5028 69
74.4991 69
74.4954 69
74.4918 69
74.4882 69
74.4846 69
74.4811 69
74.4776 69
74.4741 69
74.4706 69
74.4671 69
74.4637 69
74.4604 69
74.457 69
74.4537 69
74.4504 69
74.4471 69
74.4439 69
74.4407 69
74.4375 69
74.4344 69
74.4312 69
74.4281 69
74.4251 69
74.4221 69
74.4191 69
74.4161 69
74.4132 69
74.4103 69
74.4074 69
74.4045 69
74.4017 69
74.3989 69
74.3962 69
74.3935 69
74.3908 69
74.3881 69
74.3855 69
74.3829 69
74.3803 69
74.3778 69
74.3753 69
74.3728 69
74.3703 69
74.3679 69
74.3655 69
74.3632 69
74.3609 69
74.3586 69
74.3563 69
74.3541 69
74.3519 69
74.3497 69
74.3476 69
74.3455 69
74.3434 69
74.3413 69
74.3393 69
74.3373 69
74.3354 69
74.3335 69
74.3316 69
74.3298 69
74.3279 69
74.3261 69
74.3244 69
74.3227 69
74.321 69
74.3193 69
74.3179 69
74.3165 69
74.3151 69
74.3138 69
74.3125 69
74.3112 69
74.31 69
74.3088 69
74.3076 69
74.3064 69
74.3053 69
74.3042 69
74.3032 69
74.3021 69
74.3012 69
74.3002 69
74.2993 69
74.2984 69
74.2975 69
74.2967 69
74.2959 69
74.2952 69
74.2944 69
74.2937 69
74.2931 69
74.2916 69
74.2892 69
74.2867 69
74.2843 69
74.2819 69
74.2795 69
74.2772 69
74.2749 69
74.2726 69
74.2704 69
74.2681 69
74.266 69
74.2638 69
74.2617 69
74.2596 69
74.2576 69
74.2555 69
74.2536 69
74.2516 69
74.2497 69
74.2478 69
74.2459 69
74.2441 69
74.2423 69
74.2406 69
74.2389 69
74.2372 69
74.2355 69
74.2339 69
74.2323 69
74.2307 69
74.2292 69
74.2268 69
74.2236 69
74.2205 69
74.2173 69
74.2142 69
74.2112 69
74.2081 69
74.2051 69
74.2021 69
74.1991 69
74.1962 69
74.1932 69
74.1903 69
74.1875 69
74.1846 69
74.1818 69
74.179 69
74.1763 69
74.1735 69
74.1708 69
74.1682 69
74.1655 69
74.1629 69
74.1603 69
74.1577 69
74.1552 69
74.1527 69
74.1502 69
74.1477 69
74.1452 69
74.1426 69
74.1401 69
74.1375 69
74.135 69
74.1326 69
74.1301 69
74.1277 69
74.1253 69
74.1229 69
74.1206 69
74.1183 69
74.116 69
74.1138 69
74.1115 69
74.1093 69
74.1072 69
74.1049 69
74.1014 69
74.0979 69
74.0944 69
74.091 69
74.0875 69
74.0841 69
74.0807 69
74.0774 69
74.0741 69
74.0707 69
74.0674 69
74.0642 69
74.0609 69
74.0577 69
74.0545 69
74.0514 69
74.0482 69
74.0451 69
74.042 69
74.0389 69
74.0359 69
74.0328 69
74.0298 69
74.0268 69
74.0239 69
74.0209 69
74.018 69
74.0151 69
74.0123 69
74.0094 69
74.0066 69
74.0038 69
74.0011 69
73.9983 69
73.9956 69
73.9929 69
73.9903 69
73.9876 69
73.985 69
73.9825 69
73.9799 69
73.9774 69
73.9748 69
73.9724 69
73.9699 69
73.9675 69
73.965 69
73.9627 69
73.9603 69
73.958 69
73.9556 69
73.9534 69
73.9511 69
73.9489 69
73.9467 69
73.9445 69
73.9423 69
73.9402 69
73.9381 69
73.936 69
73.9339 69
73.9319 69
73.9299 69
73.9279 69
73.926 69
73.9241 69
73.9222 69
73.9203 69
73.9185 69
73.9166 69
73.9148 69
73.9131 69
73.9113 69
73.9096 69
73.9079 69
73.9063 69
73.9047 69
73.9031 69
73.9015 69
73.8999 69
73.8984 69
73.8969 69
73.8955 69
73.894 69
73.8926 69
73.8912 69
73.8899 69
73.8886 69
73.8874 69
73.8862 69
73.885 69
73.8838 69
73.8827 69
73.8816 69
73.8805 69
73.8795 69
73.8784 69
73.8774 69
73.8765 69
73.8756 69
73.8747 69
73.8738 69
73.8729 69
73.8721 69
73.8713 69
73.8705 69
73.8698 69
73.8691 69
73.8684 69
73.8677 69
73.8671 69
73.8665 69
73.8659 69
73.8653 69
73.8648 69
73.8643 69
73.8638 69
73.8634 69
73.863 69
73.8626 69
73.8623 69
73.8619 69
73.8616 69
73.8614 69
73.8611 69
73.8609 69
73.8608 69
73.8606 69
73.8605 69
73.8604 69
73.8603 69
73.8603 69
73.8603 69
73.8603 69
73.8604 69
73.8605 69
73.8606 69
73.8607 69
73.8609 69
73.8611 69
73.8613 69
73.8616 69
73.8618 69
73.8622 69
73.8625 69
73.8629 69
73.8633 69
73.8637 69
73.8642 69
73.8647 69
73.8652 69
73.8658 69
73.8664 69
73.867 69
73.8676 69
73.8683 69
73.869 69
73.8697 69
73.8705 69
73.8713 69
73.8721 69
73.873 69
73.8739 69
73.8748 69
73.8757 69
73.8767 69
73.8778 69
73.8789 69
73.8801 69
73.8812 69
73.8824 69
73.8837 69
73.8849 69
73.8862 69
73.8875 69
73.8889 69
73.8903 69
73.8917 69
73.8914 69
73.8908 69
73.8901 69
73.8895 69
73.8889 69
73.8883 69
73.8877 69
73.8872 69
73.8867 69
73.8862 69
73.8858 69
73.8853 69
73.8844 69
73.8832 69
73.8821 69
73.881 69
73.8799 69
73.8789 69
73.8779 69
73.8769 69
73.8759 69
73.8749 69
73.874 69
73.8731 69
73.8722 69
73.8713 69
73.8705 69
73.8697 69
73.8689 69
73.8681 69
73.8674 69
73.8667 69
73.866 69
73.8654 69
73.8647 69
73.8641 69
73.8635 69
73.863 69
73.8624 69
73.8619 69
73.8614 69
73.861 69
73.8605 69
73.8601 69
73.8597 69
73.8594 69
73.859 69
73.8587 69
73.8584 69
73.8582 69
73.8579 69
73.8577 69
73.8575 69
73.8574 69
73.8572 69
73.8571 69
73.857 69
73.857 69
73.8569 69
73.8569 69
73.857 69
73.857 69
73.8571 69
73.8572 69
73.8573 69
73.8575 69
73.8576 69
73.8578 69
73.8581 69
73.8583 69
73.8586 69
73.8589 69
73.8592 69
73.8596 69
73.86 69
73.8604 69
73.8608 69
73.8613 69
73.8618 69
73.8623 69
73.8629 69
73.8635 69
73.8641 69
73.8647 69
73.8653 69
73.866 69
73.8667 69
73.8675 69
73.8683 69
73.869 69
73.8699 69
73.8707 69
73.8716 69
73.8725 69
73.8734 69
73.8743 69
73.8753 69
73.8762 69
73.8772 69
73.8782 69
73.8792 69
73.8803 69
73.8813 69
73.8825 69
73.8836 69
73.8848 69
73.8859 69
73.886 69
73.8862 69
73.8864 69
73.8867 69
73.887 69
73.8872 69
73.8876 69
73.8879 69
73.8882 69
73.8884 69
73.8886 69
73.8889 69
73.8891 69
73.8894 69
73.8897 69
73.89 69
73.8903 69
73.8907 69
73.8911 69
73.8915 69
73.892 69
73.8924 69
73.8929 69
73.8934 69
73.894 69
73.8945 69
73.8951 69
73.8958 69
73.8964 69
73.8971 69
73.8977 69
73.8985 69
73.8992 69
73.8999 69
73.9007 69
73.9015 69
73.9023 69
73.9032 69
73.9041 69
73.905 69
73.9059 69
73.9069 69
73.9079 69
73.9089 69
73.9099 69
73.911 69
73.9118 69
73.9127 69
73.9137 69
73.9146 69
73.9156 69
73.9166 69
73.9176 69
73.9187 69
73.9198 69
73.9209 69
73.922 69
73.9232 69
73.9243 69
73.9256 69
73.9268 69
73.9281 69
73.9294 69
73.9307 69
73.932 69
73.9334 69
73.9348 69
73.9362 69
73.9377 69
73.9391 69
73.9406 69
73.9422 69
73.9437 69
73.9453 69
73.947 69
73.9486 69
73.9503 69
73.952 69
73.9537 69
73.9555 69
73.9573 69
73.9591 69
73.9609 69
73.9628 69
73.9647 69
73.9666 69
73.9686 69
73.9706 69
73.9726 69
73.9746 69
73.9767 69
73.9788 69
73.981 69
73.9831 69
73.9853 69
73.9876 69
73.9898 69
73.9921 69
73.9944 69
73.9968 69
73.9992 69
74.0016 69
74.004 69
74.0065 69
74.009 69
74.0115 69
74.0141 69
74.0167 69
74.0193 69
74.022 69
74.0246 69
74.0274 69
74.0301 69
74.0329 69
74.0357 69
74.0386 69
74.0414 69
74.0444 69
74.0473 69
74.0484 69
74.0494 69
74.0505 69
74.0515 69
74.0526 69
74.0538 69
74.0549 69
74.0561 69
74.0573 69
74.0585 69
74.0598 69
74.0611 69
74.0624 69
74.0638 69
74.0652 69
74.0666 69
74.0681 69
74.0696 69
74.0711 69
74.0727 69
74.0743 69
74.0759 69
74.0775 69
74.0792 69
74.0809 69
74.0826 69
74.0843 69
74.086 69
74.0878 69
74.0895 69
74.0913 69
74.0931 69
74.095 69
74.0969 69
74.0988 69
74.1008 69
74.1028 69
74.1048 69
74.1069 69
74.109 69
74.1111 69
74.1133 69
74.1155 69
74.1177 69
74.12 69
74.1223 69
74.1246 69
74.127 69
74.1294 69
74.1318 69
74.1343 69
74.1368 69
74.1393 69
74.1419 69
74.1445 69
74.1472 69
74.1498 69
74.1526 69
74.1553 69
74.1581 69
74.1609 69
74.1638 69
74.1666 69
74.1696 69
74.1722 69
74.1749 69
74.1776 69
74.1803 69
74.1831 69
74.1859 69
74.1887 69
74.1916 69
74.1945 69
74.1975 69
74.2004 69
74.2035 69
74.2065 69
74.2096 69
74.2127 69
74.2159 69
74.2191 69
74.2223 69
74.2256 69
74.2289 69
74.2322 69
74.2356 69
74.239 69
74.2424 69
74.2459 69
74.2485 69
74.2506 69
74.2527 69
74.2549 69
74.2571 69
74.2594 69
74.2617 69
74.264 69
74.2664 69
74.2688 69
74.2712 69
74.2737 69
74.2762 69
74.2788 69
74.2814 69
74.284 69
74.2867 69
74.2894 69
74.2921 69
74.2949 69
74.2977 69
74.3005 69
74.3034 69
74.3063 69
74.3093 69
74.3123 69
74.3153 69
74.3184 69
74.3215 69
74.3246 69
74.3278 69
74.331 69
74.3343 69
74.3375 69
74.3409 69
74.3442 69
74.3476 69
74.351 69
74.3545 69
74.358 69
74.3616 69
74.3651 69
74.3688 69
74.3724 69
74.3761 69
74.3799 69
74.3836 69
74.3875 69
74.3913 69
74.3952 69
74.3991 69
74.4031 69
74.4071 69
74.4111 69
74.4152 69
74.4193 69
74.4235 69
74.4277 69
74.4319 69
74.4362 69
74.4405 69
74.4449 69
74.4492 69
74.4537 69
74.4581 69
74.4626 69
74.4672 69
74.4717 69
74.4764 69
74.481 69
74.4857 69
74.4904 69
74.4952 69
74.5 69
74.5049 69
74.5098 69
74.5147 69
74.5196 69
74.5246 69
74.5297 69
74.5347 69
74.5398 69
74.545 69
74.5502 69
74.5554 69
74.5606 69
74.5659 69
74.5712 69
74.5766 69
74.5819 69
74.5874 69
74.5928 69
74.5983 69
74.6039 69
74.6095 69
74.6151 69
74.6207 69
74.6264 69
74.6322 69
74.638 69
74.6438 69
74.6497 69
74.6556 69
74.6615 69
74.6675 69
74.6735 69
74.6795 69
74.6856 69
74.6917 69
74.6979 69
74.7041 69
74.7103 69
74.7166 69
74.7229 69
74.7293 69
74.7356 69
74.7421 69
74.7485 69
74.755 69
74.7615 69
74.768 69
74.7746 69
74.7812 69
74.7879 69
74.7946 69
74.8013 69
74.808 69
74.8148 69
74.8216 69
74.8285 69
74.8354 69
74.8423 69
74.8492 69
74.8563 69
74.8633 69
74.8704 69
74.8775 69
74.8847 69
74.8919 69
74.8991 69
74.9064 69
74.9138 69
74.9211 69
74.9285 69
74.936 69
74.9435 69
74.951 69
74.9586 69
74.9662 69
74.9739 69
74.9816 69
74.9894 69
74.9972 69
75.005 69
75.0129 69
75.0208 69
75.0288 69
75.0368 69
75.0448 69
75.0529 69
75.061 69
75.0692 69
75.0774 69
75.0856 69
75.0939 69
75.1022 69
75.1106 69
75.119 69
75.1274 69
75.1359 69
75.1444 69
75.153 69
75.1616 69
75.1702 69
75.1789 69
75.1877 69
75.1964 69
75.2053 69
75.2141 69
75.223 69
75.232 69
75.2409 69
75.2499 69
75.259 69
75.2681 69
75.2772 69
75.2863 69
75.2955 69
75.3047 69
75.314 69
75.3233 69
75.3327 69
75.3421 69
75.3516 69
75.3611 69
75.3706 69
75.3802 69
75.3899 69
75.3996 69
75.4093 69
75.4191 69
75.4289 69
75.4388 69
75.4486 69
75.4586 69
75.4685 69
75.4785 69
75.4885 69
75.4986 69
75.5087 69
75.5188 69
75.529 69
75.5392 69
75.5495 69
75.5597 69
75.5699 69
75.5802 69
75.5906 69
75.601 69
75.6114 69
75.6219 69
75.6323 69
75.6425 69
75.6527 69
75.6629 69
75.6732 69
75.6835 69
75.6939 69
75.7043 69
75.7147 69
75.7251 69
75.7356 69
75.7462 69
75.7568 69
75.7674 69
75.7781 69
75.7888 69
75.7996 69
75.8104 69
75.8213 69
75.8322 69
75.8431 69
75.8541 69
75.8651 69
75.8762 69
75.8874 69
75.8985 69
75.9097 69
75.921 69
75.9323 69
75.9437 69
75.9551 69
75.9666 69
75.9781 69
75.9896 69
76.0012 69
76.0129 69
76.0245 69
76.0363 69
76.048 69
76.0599 69
76.0717 69
76.0836 69
76.0956 69
76.1076 69
76.1197 69
76.1318 69
76.1439 69
76.1561 69
76.1683 69
76.1805 69
76.1928 69
76.2052 69
76.2176 69
76.2301 69
76.2426 69
76.2551 69
76.2677 69
76.2804 69
76.2931 69
76.3058 69
76.3186 69
76.3314 69
76.3443 69
76.3572 69
76.3702 69
76.3832 69
76.3962 69
76.4093 69
76.4225 69
76.4356 69
76.4489 69
76.4621 69
76.4754 69
76.4888 69
76.5022 69
76.5157 69
76.5292 69
76.5427 69
76.5563 69
76.5699 69
76.5836 69
76.5973 69
76.6111 69
76.625 69
76.6389 69
76.6528 69
76.6668 69
76.6809 69
76.695 69
76.7091 69
76.7233 69
76.7376 69
76.7519 69
76.7662 69
76.7806 69
76.7951 69
76.8095 69
76.8241 69
76.8387 69
76.8533 69
76.8681 69
76.8828 69
76.8976 69
76.9124 69
76.9273 69
76.9423 69
76.9573 69
76.9723 69
76.9874 69
77.0025 69
77.0177 69
77.0329 69
77.0482 69
77.0635 69
77.0788 69
77.0942 69
77.1096 69
77.1251 69
77.1406 69
77.1562 69
77.1718 69
77.1875 69
77.2032 69
77.219 69
77.2348 69
77.2506 69
77.2665 69
77.2824 69
77.2983 69
77.3143 69
77.3303 69
77.3464 69
77.3625 69
77.3787 69
77.395 69
77.4113 69
77.4276 69
77.444 69
77.4604 69
77.4769 69
77.4934 69
77.51 69
77.5266 69
77.5433 69
77.56 69
77.5768 69
77.5936 69
77.6105 69
77.6274 69
77.6444 69
77.6614 69
77.6784 69
77.6955 69
77.7126 69
77.7298 69
77.747 69
77.7642 69
77.7815 69
77.7988 69
77.8162 69
77.8336 69
77.8511 69
77.8687 69
77.8863 69
77.904 69
77.9217 69
77.9394 69
77.9572 69
77.975 69
77.9929 69
78.0108 69
78.0288 69
78.0469 69
78.065 69
78.0831 69
78.1013 69
78.1195 69
78.1378 69
78.1562 69
78.1746 69
78.193 69
78.2114 69
78.23 69
78.2485 69
78.2671 69
78.2858 69
78.3045 69
78.3233 69
78.3422 69
78.3611 69
78.38 69
78.399 69
78.4181 69
78.4372 69
78.4563 69
78.4755 69
78.4948 69
78.514 69
78.5333 69
78.5527 69
78.5721 69
78.5916 69
78.6111 69
78.6307 69
78.6503 69
78.67 69
78.6897 69
78.7095 69
78.7293 69
78.7491 69
78.769 69
78.789 69
78.809 69
78.829 69
78.8491 69
78.8692 69
78.8893 69
78.9095 69
78.9298 69
78.9501 69
78.9705 69
78.9909 69
79.0113 69
79.0318 69
79.0524 69
79.073 69
79.0937 69
79.1144 69
79.1352 69
79.156 69
79.1768 69
79.1977 69
79.2187 69
79.2397 69
79.2608 69
79.2819 69
79.3031 69
79.3243 69
79.3456 69
79.3669 69
79.3882 69
79.4095 69
79.4309 69
79.4523 69
79.4737 69
79.4952 69
79.5168 69
79.5384 69
79.5601 69
79.5818 69
79.6036 69
79.6254 69
79.6473 69
79.6692 69
79.6911 69
79.7131 69
79.7352 69
79.7573 69
79.7794 69
79.8016 69
79.8238 69
79.8461 69
79.8685 69
79.8908 69
79.9132 69
79.9357 69
79.9582 69
79.9808 69
80.0034 69
80.0261 69
80.0489 69
80.0717 69
80.0945 69
80.1174 69
80.1404 69
80.1634 69
80.1865 69
80.2096 69
80.2328 69
80.256 69
80.2793 69
80.3027 69
80.326 69
80.3494 69
80.3728 69
80.3963 69
80.4198 69
80.4433 69
80.467 69
80.4907 69
80.5144 69
80.5382 69
80.562 69
80.5859 69
80.6098 69
80.6338 69
80.6579 69
80.682 69
80.7061 69
80.7303 69
80.7545 69
80.7788 69
80.8031 69
80.8274 69
80.8517 69
80.8761 69
80.9005 69
80.9248 69
80.9491 69
80.9734 69
80.9978 69
81.0223 69
81.0468 69
81.0714 69
81.0961 69
81.1208 69
81.1456 69
81.1704 69
81.1952 69
81.2202 69
81.2452 69
81.2702 69
81.2951 69
81.3201 69
81.345 69
81.37 69
81.3951 69
81.4202 69
81.4454 69
81.4706 69
81.4958 69
81.5211 69
81.5463 69
81.5717 69
81.597 69
81.6225 69
81.648 69
81.6735 69
81.6991 69
81.7248 69
81.7504 69
81.7761 69
81.8019 69
81.8277 69
81.8536 69
81.8796 69
81.9056 69
81.9316 69
81.9577 69
81.9838 69
82.01 69
82.0363 69
82.0626 69
82.0889 69
82.1153 69
82.1418 69
82.1682 69
82.1948 69
82.2214 69
82.248 69
82.2747 69
82.3014 69
82.328 69
82.3548 69
82.3815 69
82.4084 69
82.4352 69
82.4622 69
82.4892 69
82.5162 69
82.5433 69
82.5705 69
82.5976 69
82.6247 69
82.652 69
82.6792 69
82.7065 69
82.7338 69
82.7612 69
82.7887 69
82.8162 69
82.8437 69
82.8713 69
82.899 69
82.9268 69
82.9546 69
82.9824 69
83.0103 69
83.0382 69
83.0661 69
83.0941 69
83.1221 69
83.1502 69
83.1782 69
83.2063 69
83.2344 69
83.2624 69
83.2904 69
83.3184 69
83.3466 69
83.3747 69
83.4029 69
83.4311 69
83.4594 69
83.4877 69
83.516 69
83.5444 69
83.5728 69
83.6013 69
83.6299 69
83.6585 69
83.6871 69
83.7158 69
83.7446 69
83.7734 69
83.8023 69
83.8313 69
83.8603 69
83.8893 69
83.9183 69
83.9473 69
83.9765 69
84.0056 69
84.0348 69
84.0639 69
84.0931 69
84.1223 69
84.1516 69
84.1809 69
84.2103 69
84.2397 69
84.2692 69
84.2987 69
84.3283 69
84.3579 69
84.3876 69
84.4174 69
84.4472 69
84.4771 69
84.507 69
84.5369 69
84.5669 69
84.597 69
84.6271 69
84.6573 69
84.6875 69
84.7178 69
84.7482 69
84.7786 69
84.809 69
84.8394 69
84.8699 69
84.9004 69
84.9308 69
84.9614 69
84.992 69
85.0226 69
85.0531 69
85.0837 69
85.1144 69
85.1451 69
85.1759 69
85.2068 69
85.2377 69
85.2687 69
85.2998 69
85.3308 69
85.3618 69
85.3929 69
85.4241 69
85.4553 69
85.4865 69
85.5179 69
85.5492 69
85.5806 69
85.6119 69
85.6433 69
85.6748 69
85.7064 69
85.738 69
85.7696 69
85.8012 69
85.8328 69
85.8645 69
85.8962 69
85.928 69
85.9598 69
85.9917 69
86.0236 69
86.0556 69
86.0876 69
86.1196 69
86.1518 69
86.184 69
86.2162 69
86.2485 69
86.2808 69
86.3132 69
86.3456 69
86.3781 69
86.4107 69
86.4433 69
86.4759 69
86.5086 69
86.5413 69
86.5742 69
86.607 69
86.6399 69
86.6727 69
86.7055 69
86.7384 69
86.7713 69
86.8042 69
86.8371 69
86.8701 69
86.9032 69
86.9363 69
86.9695 69
87.0027 69
87.0359 69
87.0692 69
87.1025 69
87.1358 69
87.1691 69
87.2026 69
87.2361 69
87.2696 69
87.3031 69
87.3366 69
87.3702 69
87.4037 69
87.4373 69
87.471 69
87.5047 69
87.5385 69
87.5724 69
87.6062 69
87.64 69
87.6739 69
87.7079 69
87.7419 69
87.7759 69
87.81 69
87.8442 69
87.8783 69
87.9126 69
87.9469 69
87.9812 69
88.0156 69
88.05 69
88.0845 69
88.1191 69
88.1536 69
88.1883 69
88.223 69
88.2577 69
88.2924 69
88.3273 69
88.3621 69
88.397 69
88.432 69
88.467 69
88.502 69
88.5371 69
88.5723 69
88.6075 69
88.6427 69
88.678 69
88.7131 69
88.7483 69
88.7835 69
88.8187 69
88.8539 69
88.8892 69
88.9245 69
88.9598 69
88.9952 69
89.0306 69
89.066 69
89.1014 69
89.137 69
89.1725 69
89.208 69
89.2436 69
89.2793 69
89.315 69
89.3507 69
89.3863 69
89.422 69
89.4577 69
89.4935 69
89.5294 69
89.5652 69
89.6012 69
89.6371 69
89.6732 69
89.7093 69
89.7454 69
89.7816 69
89.8178 69
89.8541 69
89.8905 69
89.9268 69
89.9631 69
89.9994 69
90.0357 69
90.0721 69
90.1085 69
90.145 69
90.1815 69
90.2181 69
90.2547 69
90.2915 69
90.3282 69
90.365 69
90.4018 69
90.4387 69
90.4756 69
90.5126 69
90.5497 69
90.5868 69
90.6239 69
90.6611 69
90.6982 69
90.7354 69
90.7725 69
90.8096 69
90.8468 69
90.884 69
90.9213 69
90.9587 69
90.9961 69
91.0336 69
91.0709 69
91.1083 69
91.1456 69
91.183 69
91.2204 69
91.2579 69
91.2954 69
91.333 69
91.3705 69
91.4081 69
91.4457 69
91.4833 69
91.5208 69
91.5584 69
91.596 69
91.6336 69
91.6713 69
91.7091 69
91.7469 69
91.7847 69
91.8227 69
91.8606 69
91.8986 69
91.9366 69
91.9746 69
92.0126 69
92.0506 69
92.0887 69
92.1269 69
92.1651 69
92.2034 69
92.2417 69
92.2801 69
92.3185 69
92.357 69
92.3955 69
92.434 69
92.4726 69
92.511 69
92.5495 69
92.588 69
92.6266 69
92.6652 69
92.7038 69
92.7423 69
92.7809 69
92.8195 69
92.8581 69
92.8968 69
92.9355 69
92.9743 69
93.0131 69
93.0519 69
93.0907 69
93.1296 69
93.1684 69
93.2073 69
93.2462 69
93.2852 69
93.3242 69
93.3633 69
93.4025 69
93.4417 69
93.481 69
93.5203 69
93.5596 69
93.599 69
93.6383 69
93.6777 69
93.717 69
93.7564 69
93.7959 69
93.8354 69
93.8749 69
93.9145 69
93.9542 69
93.9938 69
94.0335 69
94.0732 69
94.113 69
94.1529 69
94.1928 69
94.2327 69
94.2726 69
94.3127 69
94.3527 69
94.3926 69
94.4325 69
94.4724 69
94.5124 69
94.5523 69
94.5922 69
94.6322 69
94.6722 69
94.7123 69
94.7524 69
94.7926 69
94.8327 69
94.8729 69
94.9132 69
94.9535 69
94.9938 69
95.0342 69
95.0745 69
95.115 69
95.1554 69
95.196 69
95.2366 69
95.2773 69
95.3179 69
95.3585 69
95.3992 69
95.4399 69
95.4806 69
95.5212 69
95.5618 69
95.6024 69
95.643 69
95.6837 69
95.7244 69
95.7652 69
95.806 69
95.8469 69
95.8878 69
95.9287 69
95.9697 69
96.0107 69
96.0517 69
96.0928 69
96.1338 69
96.175 69
96.2162 69
96.2574 69
96.2986 69
96.3398 69
96.3811 69
96.4224 69
96.4637 69
96.5051 69
96.5464 69
96.5878 69
96.6292 69
96.6706 69
96.7119 69
96.7533 69
96.7947 69
96.8361 69
96.8776 69
96.9192 69
96.9607 69
97.0023 69
97.0439 69
97.0855 69
97.1272 69
97.1689 69
97.2105 69
97.2521 69
97.2937 69
97.3354 69
97.3771 69
97.4189 69
97.4607 69
97.5026 69
97.5444 69
97.5863 69
97.6283 69
97.6702 69
97.7122 69
97.7542 69
97.7961 69
97.8382 69
97.8803 69
97.9224 69
97.9646 69
98.0068 69
98.049 69
98.0912 69
98.1333 69
98.1754 69
98.2175 69
98.2596 69
98.3018 69
98.344 69
98.3862 69
98.4285 69
98.4708 69
98.5132 69
98.5556 69
98.598 69
98.6405 69
98.683 69
98.7255 69
98.7679 69
98.8103 69
98.8528 69
98.8954 69
98.938 69
98.9805 69
99.0231 69
99.0657 69
99.1082 69
99.1509 69
99.1935 69
99.2361 69
99.2789 69
99.3216 69
99.3644 69
99.4072 69
99.45 69
99.4928 69
99.5357 69
99.5786 69
99.6214 69
99.6643 69
99.7072 69
99.7501 69
99.7931 69
99.8362 69
99.8793 69
99.9223 69
99.9654 69
100.009 69
100.052 69
100.095 69
100.138 69
100.181 69
100.224 69
100.267 69
100.311 69
100.354 69
100.397 69
100.44 69
100.484 69
100.527 69
100.571 69
100.614 69
100.658 69
100.701 69
100.745 69
100.788 69
100.832 69
100.875 69
100.919 69
100.962 69
101.006 69
101.05 69
101.093 69
101.137 69
101.181 69
101.225 69
101.269 69
101.312 69
101.356 69
101.4 69
101.444 69
101.488 69
101.532 69
101.576 69
101.62 69
101.664 69
101.708 69
101.752 69
101.796 69
101.84 69
101.885 69
101.929 69
101.973 69
102.017 69
102.062 69
102.106 69
102.15 69
102.195 69
102.239 69
102.284 69
102.328 69
102.373 69
102.418 69
102.462 69
102.507 69
102.552 69
102.596 69
102.641 69
102.686 69
102.731 69
102.776 69
102.821 69
102.866 69
102.911 69
102.956 69
103.001 69
103.045 69
103.09 69
103.136 69
103.181 69
103.226 69
103.271 69
103.316 69
103.361 69
103.407 69
103.452 69
103.497 69
103.543 69
103.588 69
103.634 69
103.679 69
103.724 69
103.77 69
103.815 69
103.861 69
103.906 69
103.952 69
103.998 69
104.043 69
104.089 69
104.135 69
104.18 69
104.226 69
104.272 69
104.318 69
104.364 69
104.409 69
104.455 69
104.501 69
104.547 69
104.593 69
104.639 69
104.685 69
104.731 69
104.777 69
104.823 69
104.869 69
104.916 69
104.962 69
105.008 69
105.054 69
105.101 69
105.147 69
105.193 69
105.24 69
105.286 69
105.333 69
105.379 69
105.426 69
105.472 69
105.519 69
105.565 69
105.612 69
105.658 69
105.705 69
105.751 69
105.798 69
105.844 69
105.891 69
105.938 69
105.985 69
106.031 69
106.078 69
106.125 69
106.172 69
106.219 69
106.266 69
106.313 69
106.359 69
106.406 69
106.453 69
106.501 69
106.548 69
106.595 69
106.642 69
106.689 69
106.736 69
106.784 69
106.831 69
106.878 69
106.926 69
106.973 69
107.02 69
107.068 69
107.115 69
107.162 69
107.21 69
107.258 69
107.305 69
107.353 69
107.401 69
107.448 69
107.496 69
107.544 69
107.592 69
107.64 69
107.688 69
107.736 69
107.784 69
107.833 69
107.881 69
107.929 69
107.977 69
108.026 69
108.074 69
108.123 69
108.171 69
108.22 69
108.269 69
108.317 69
108.366 69
108.415 69
108.464 69
108.513 69
108.562 69
108.611 69
108.66 69
108.709 69
108.758 69
108.807 69
108.857 69
108.906 69
108.955 69
109.005 69
109.054 69
109.104 69
109.153 69
109.203 69
109.253 69
109.303 69
109.352 69
109.402 69
109.452 69
109.502 69
109.552 69
109.602 69
109.652 69
109.703 69
109.753 69
109.803 69
109.854 69
109.904 69
109.955 69
110.005 69
110.056 69
110.106 69
110.157 69
110.208 69
110.259 69
110.309 69
110.36 69
110.411 69
110.462 69
110.513 69
110.564 69
110.616 69
110.667 69
110.718 69
110.77 69
110.821 69
110.872 69
110.924 69
110.975 69
111.027 69
111.079 69
111.131 69
111.182 69
111.234 69
111.286 69
111.338 69
111.39 69
111.442 69
111.494 69
111.546 69
111.599 69
111.651 69
111.703 69
111.756 69
111.808 69
111.861 69
111.913 69
111.966 69
112.019 69
112.071 69
112.124 69
112.177 69
112.23 69
112.283 69
112.336 69
112.389 69
112.442 69
112.495 69
112.548 69
112.602 69
112.655 69
112.708 69
112.762 69
112.815 69
112.869 69
112.923 69
112.976 69
113.03 69
113.084 69
113.138 69
113.192 69
113.246 69
113.3 69
113.354 69
113.408 69
113.462 69
113.516 69
113.571 69
113.625 69
113.679 69
113.734 69
113.788 69
113.843 69
113.898 69
113.952 69
114.007 69
114.062 69
114.117 69
114.172 69
114.227 69
114.282 69
114.337 69
114.392 69
114.447 69
114.503 69
114.558 69
114.613 69
114.669 69
114.724 69
114.78 69
114.835 69
114.891 69
114.947 69
115.003 69
115.058 69
115.114 69
115.17 69
115.226 69
115.282 69
115.339 69
115.395 69
115.451 69
115.507 69
115.564 69
115.62 69
115.677 69
115.733 69
115.79 69
115.846 69
115.903 69
115.96 69
116.017 69
116.074 69
116.131 69
116.188 69
116.245 69
116.302 69
116.359 69
116.416 69
116.474 69
116.531 69
116.588 69
116.646 69
116.703 69
116.761 69
116.819 69
116.876 69
116.934 69
116.992 69
117.05 69
117.108 69
117.166 69
117.224 69
117.282 69
117.34 69
117.398 69
117.457 69
117.515 69
117.574 69
117.632 69
117.691 69
117.749 69
117.808 69
117.867 69
117.925 69
117.984 69
118.043 69
118.102 69
118.161 69
118.22 69
118.279 69
118.338 69
118.398 69
118.457 69
118.516 69
118.576 69
118.635 69
118.695 69
118.754 69
118.814 69
118.874 69
118.934 69
118.993 69
119.053 69
119.113 69
119.173 69
119.233 69
119.294 69
119.354 69
119.414 69
119.474 69
119.535 69
119.595 69
119.656 69
119.716 69
119.777 69
119.838 69
119.898 69
119.959 69
120.02 69
120.081 69
120.142 69
120.203 69
120.264 69
120.325 69
120.387 69
120.448 69
120.509 69
120.571 69
120.632 69
120.694 69
120.755 69
120.817 69
120.879 69
120.941 69
121.002 69
121.064 69
121.126 69
121.188 69
121.25 69
121.313 69
121.375 69
121.437 69
121.499 69
121.562 69
121.624 69
121.687 69
121.749 69
121.812 69
121.875 69
121.937 69
122 69
122.063 69
122.126 69
122.189 69
122.252 69
122.315 69
122.379 69
122.442 69
122.505 69
122.568 69
122.632 69
122.695 69
122.759 69
122.823 69
122.886 69
122.95 69
123.014 69
123.078 69
123.142 69
123.206 69
123.27 69
123.334 69
123.398 69
123.462 69
123.527 69
123.591 69
123.656 69
123.72 69
123.785 69
123.849 69
123.914 69
123.979 69
124.043 69
124.108 69
124.173 69
124.238 69
124.303 69
124.368 69
124.434 69
124.499 69
124.564 69
124.63 69
124.695 69
124.761 69
124.826 69
124.892 69
124.958 69
125.023 69
125.089 69
125.155 69
125.221 69
125.287 69
125.353 69
125.419 69
125.485 69
125.552 69
125.618 69
125.684 69
125.751 69
125.817 69
125.884 69
125.951 69
126.017 69
126.084 69
126.151 69
126.218 69
126.285 69
126.352 69
126.419 69
126.486 69
126.553 69
126.621 69
126.688 69
126.755 69
126.823 69
126.89 69
126.958 69
127.026 69
127.093 69
127.161 69
127.229 69
127.297 69
127.365 69
127.433 69
127.501 69
127.569 69
127.638 69
127.706 69
127.774 69
127.843 69
127.911 69
127.98 69
128.048 69
128.117 69
128.186 69
128.255 69
128.324 69
128.393 69
128.462 69
128.531 69
128.6 69
128.669 69
128.738 69
128.808 69
128.877 69
128.947 69
129.016 69
129.086 69
129.155 69
129.225 69
129.295 69
129.365 69
129.435 69
129.505 69
129.575 69
129.645 69
129.715 69
129.785 69
129.856 69
129.926 69
129.997 69
130.067 69
130.138 69
130.208 69
130.279 69
130.35 69
130.421 69
130.492 69
130.563 69
130.634 69
130.705 69
130.776 69
130.847 69
130.919 69
130.99 69
131.062 69
131.133 69
131.205 69
131.276 69
131.348 69
131.42 69
131.492 69
131.564 69
131.636 69
131.708 69
131.78 69
131.852 69
131.924 69
131.996 69
132.069 69
132.141 69
132.214 69
132.286 69
132.359 69
132.432 69
132.505 69
132.577 69
