0.1 -4.53813
0.2 -9.00189
0.3 -13.4473
0.4 -17.9236
0.5 -22.3975
0.6 -26.8688
0.7 -31.3371
0.8 -35.8027
0.9 -40.2654
1 -44.7253
1.26201 -51.005
2.52176 -57.3069
3.77871 -63.6103
5.03274 -69.9052
6.28367 -76.1872
7.53149 -82.4561
8.77611 -88.7063
10.0176 -94.9376
11.2559 -101.152
12.491 -107.348
13.7228 -113.524
14.9514 -119.678
16.1769 -125.811
17.3991 -131.923
18.6182 -138.016
19.8341 -144.086
21.0467 -150.134
22.2562 -156.16
23.4625 -162.166
24.6656 -168.152
25.8655 -174.116
27.0623 -180.059
28.2559 -185.98
29.4462 -191.879
30.6335 -197.756
31.8175 -203.61
32.9984 -209.442
34.1761 -215.252
35.3507 -221.04
36.5221 -226.805
37.6903 -232.55
38.8554 -238.272
40.0173 -243.973
41.176 -249.652
42.3317 -255.309
43.4841 -260.945
44.6335 -266.558
45.7796 -272.149
46.9227 -277.718
48.0626 -283.265
49.1994 -288.789
50.3331 -294.292
51.4636 -299.773
52.591 -305.232
53.7153 -310.668
54.8365 -316.083
55.9546 -321.475
57.0695 -326.845
58.1814 -332.192
59.2901 -337.518
60.3958 -342.821
61.4983 -348.102
62.5977 -353.361
63.6941 -358.598
64.7873 -363.814
65.8774 -369.007
66.9645 -374.178
68.0485 -379.326
69.1293 -384.453
70.2071 -389.557
71.2818 -394.639
72.3535 -399.699
73.422 -404.736
74.4875 -409.752
75.5499 -414.745
76.6093 -419.716
77.6655 -424.665
78.7188 -429.592
79.7689 -434.496
80.816 -439.379
81.86 -444.239
82.9009 -449.076
83.9389 -453.891
84.9737 -458.685
86.0055 -463.455
87.0342 -468.204
88.0599 -472.93
89.0826 -477.634
90.1022 -482.316
91.1187 -486.975
92.1323 -491.612
93.1427 -496.227
94.1502 -500.819
95.1546 -505.389
96.1559 -509.937
97.1542 -514.462
98.1495 -518.965
99.1418 -523.446
100.131 -527.904
101.117 -532.34
102.1 -536.753
103.081 -541.144
104.058 -545.512
105.032 -549.859
106.003 -554.182
106.971 -558.483
107.936 -562.762
108.898 -567.018
109.857 -571.253
110.813 -575.464
111.766 -579.653
112.716 -583.82
113.663 -587.964
114.606 -592.085
115.547 -596.185
116.485 -600.263
117.42 -604.318
118.352 -608.351
119.281 -612.361
120.206 -616.348
121.129 -620.313
122.049 -624.255
122.966 -628.175
123.879 -632.072
124.79 -635.948
125.698 -639.802
126.602 -643.633
127.504 -647.441
128.402 -651.227
129.298 -654.989
130.191 -658.729
131.08 -662.446
131.967 -666.14
132.85 -669.812
133.731 -673.46
134.608 -677.086
135.483 -680.689
136.354 -684.268
137.222 -687.825
138.088 -691.359
138.95 -694.87
139.809 -698.357
140.666 -701.821
141.519 -705.262
142.369 -708.68
143.216 -712.075
144.06 -715.448
144.901 -718.797
145.739 -722.122
146.574 -725.425
147.406 -728.704
148.235 -731.959
149.061 -735.191
149.883 -738.4
150.703 -741.583
151.514 -744.748
152.319 -747.9
153.098 -751.071
153.868 -754.232
154.603 -757.433
155.319 -760.672
155.986 -763.983
156.581 -767.448
157.14 -771.053
157.686 -774.626
158.217 -778.254
158.738 -781.911
159.246 -785.609
159.741 -789.287
160.232 -792.931
160.717 -796.55
161.186 -800.138
161.648 -803.692
162.102 -807.217
162.543 -810.735
162.964 -814.251
163.382 -817.752
163.789 -821.222
164.191 -824.667
164.561 -828.158
164.916 -831.653
165.267 -835.123
165.609 -838.555
165.945 -841.962
166.257 -845.415
166.543 -848.905
166.827 -852.378
167.104 -855.835
167.35 -859.392
167.578 -862.953
167.804 -866.501
168.024 -870.022
168.24 -873.521
168.454 -877.008
168.666 -880.479
168.875 -883.934
169.076 -887.352
169.24 -890.572
169.399 -893.761
169.55 -896.908
169.49 -898.995
169.263 -899.911
168.926 -900.348
167.907 -896.974
164.747 -881.603
163.555 -875.942
162.973 -873.321
162.773 -872.663
162.558 -872.238
162.246 -871.659
162.108 -872.279
161.971 -872.894
161.796 -873.294
161.597 -873.608
161.38 -873.758
161.216 -874.229
161.066 -874.776
160.93 -875.421
160.794 -876.126
160.678 -876.968
160.589 -877.984
160.517 -879.106
160.416 -879.98
160.312 -880.81
160.198 -881.586
160.075 -882.294
159.96 -883.038
159.866 -883.927
159.78 -884.895
159.69 -885.823
159.596 -886.712
159.5 -887.561
159.399 -888.364
159.295 -889.124
159.142 -890.029
158.973 -890.134
158.795 -890.47
158.607 -890.717
158.413 -890.948
158.216 -891.189
157.932 -890.87
157.439 -889.048
156.928 -887.215
156.436 -885.17
156.148 -883.989
155.844 -883.076
155.604 -882.268
155.343 -881.273
155.096 -880.318
154.904 -879.886
154.741 -879.829
154.577 -879.757
154.412 -879.644
154.243 -879.488
154.072 -879.284
153.898 -879.019
153.72 -878.695
153.553 -878.417
153.389 -878.144
153.24 -878.035
153.095 -877.976
152.948 -877.885
152.799 -877.732
152.647 -877.522
152.493 -877.278
152.342 -877.063
152.189 -876.836
152.029 -876.52
151.868 -876.185
151.711 -875.871
151.556 -875.575
151.401 -875.26
151.245 -874.931
151.099 -874.712
150.95 -874.46
150.801 -874.189
150.651 -873.904
150.5 -873.605
150.349 -873.29
150.198 -872.961
150.046 -872.616
149.895 -872.273
149.746 -871.926
149.597 -871.563
149.451 -871.264
149.309 -870.999
149.169 -870.733
149.03 -870.457
148.889 -870.173
148.748 -869.874
148.613 -869.598
148.477 -869.313
148.342 -869.012
148.205 -868.695
148.069 -868.362
147.934 -868.058
147.804 -867.821
147.673 -867.571
147.542 -867.311
147.413 -867.049
147.283 -866.774
147.153 -866.48
147.025 -866.185
146.898 -865.887
146.771 -865.55
146.643 -865.201
146.514 -864.84
146.385 -864.469
146.26 -864.107
146.135 -863.731
146.009 -863.343
145.883 -862.923
145.756 -862.496
145.629 -862.067
145.501 -861.628
145.373 -861.179
145.245 -860.73
145.118 -860.359
144.991 -860
144.864 -859.613
144.736 -859.208
144.609 -858.808
144.484 -858.407
144.36 -858.005
144.238 -857.61
144.115 -857.219
143.992 -856.823
143.869 -856.42
143.746 -856.009
143.622 -855.591
143.499 -855.165
143.375 -854.724
143.25 -854.272
143.126 -853.814
143.001 -853.351
142.876 -852.879
142.751 -852.4
142.625 -851.913
142.5 -851.418
142.375 -850.941
142.252 -850.511
142.13 -850.113
142.008 -849.708
141.886 -849.293
141.764 -848.872
141.641 -848.446
141.519 -848.013
141.405 -847.615
141.296 -847.226
141.186 -846.831
141.077 -846.429
140.967 -846.02
140.858 -845.606
140.749 -845.193
140.64 -844.774
140.531 -844.348
140.422 -843.914
140.313 -843.474
140.204 -843.008
140.094 -842.526
139.984 -842.04
139.876 -841.556
139.768 -841.077
139.661 -840.603
139.555 -840.124
139.448 -839.642
139.341 -839.154
139.233 -838.656
139.126 -838.154
139.018 -837.648
138.91 -837.139
138.802 -836.626
138.694 -836.109
138.586 -835.588
138.479 -835.064
138.371 -834.536
138.263 -834.005
138.155 -833.47
138.046 -832.932
137.938 -832.39
137.83 -831.844
137.722 -831.295
137.614 -830.742
137.505 -830.183
137.396 -829.619
137.288 -829.052
137.181 -828.552
137.076 -828.075
136.972 -827.595
136.867 -827.113
136.762 -826.625
136.657 -826.133
136.552 -825.638
136.455 -825.17
136.366 -824.73
136.277 -824.288
136.189 -823.843
136.1 -823.394
136.011 -822.942
135.922 -822.487
135.833 -822.03
135.744 -821.569
135.655 -821.104
135.572 -820.659
135.49 -820.215
135.408 -819.769
135.327 -819.318
135.245 -818.865
135.163 -818.408
135.081 -817.927
134.999 -817.44
134.917 -816.95
134.834 -816.458
134.752 -815.962
134.67 -815.464
134.588 -814.963
134.506 -814.459
134.424 -813.952
134.342 -813.443
134.26 -812.931
134.178 -812.416
134.096 -811.899
134.015 -811.379
133.933 -810.856
133.851 -810.331
133.769 -809.803
133.687 -809.273
133.605 -808.74
133.524 -808.217
133.444 -807.697
133.363 -807.175
133.282 -806.65
133.202 -806.123
133.121 -805.594
133.04 -805.062
132.96 -804.528
132.879 -803.992
132.799 -803.454
132.718 -802.913
132.638 -802.371
132.557 -801.826
132.476 -801.277
132.396 -800.726
132.315 -800.172
132.234 -799.617
132.154 -799.06
132.073 -798.502
131.993 -797.941
131.912 -797.379
131.832 -796.815
131.752 -796.249
131.671 -795.682
131.591 -795.113
131.511 -794.543
131.43 -793.97
131.35 -793.397
131.27 -792.821
131.19 -792.244
131.11 -791.666
131.03 -791.086
130.95 -790.504
130.87 -789.922
130.79 -789.337
130.711 -788.751
130.631 -788.164
130.551 -787.571
130.471 -786.977
130.391 -786.382
130.32 -785.806
130.249 -785.231
130.179 -784.653
130.108 -784.074
130.038 -783.493
129.967 -782.91
129.897 -782.326
129.827 -781.74
129.757 -781.152
129.687 -780.563
129.617 -779.972
129.547 -779.379
129.477 -778.785
129.407 -778.189
129.337 -777.591
129.268 -776.992
129.198 -776.392
129.128 -775.789
129.059 -775.185
128.989 -774.579
128.919 -773.971
128.85 -773.362
128.781 -772.752
128.711 -772.141
128.642 -771.529
128.573 -770.915
128.504 -770.3
128.435 -769.683
128.366 -769.066
128.297 -768.447
128.228 -767.828
128.159 -767.207
128.09 -766.584
128.022 -765.961
127.953 -765.337
127.885 -764.712
127.816 -764.085
127.748 -763.458
127.68 -762.831
127.611 -762.202
127.543 -761.573
127.475 -760.943
127.407 -760.311
127.342 -759.679
127.277 -759.045
127.212 -758.41
127.148 -757.774
127.083 -757.137
127.019 -756.499
126.955 -755.859
126.891 -755.218
126.827 -754.576
126.763 -753.933
126.7 -753.289
126.636 -752.643
126.572 -751.997
126.509 -751.349
126.446 -750.7
126.382 -750.051
126.319 -749.4
126.256 -748.748
126.193 -748.095
126.13 -747.441
126.067 -746.786
126.004 -746.131
125.941 -745.474
125.878 -744.817
125.816 -744.159
125.753 -743.5
125.691 -742.84
125.628 -742.18
125.566 -741.518
125.504 -740.856
125.442 -740.194
125.38 -739.531
125.318 -738.866
125.261 -738.189
125.205 -737.511
125.149 -736.831
125.093 -736.149
125.036 -735.466
124.98 -734.782
124.924 -734.097
124.868 -733.41
124.813 -732.722
124.757 -732.033
124.704 -731.483
124.651 -730.95
124.599 -730.416
124.547 -729.882
124.494 -729.348
124.442 -728.814
124.39 -728.279
124.337 -727.744
124.285 -727.209
124.233 -726.674
124.181 -726.137
124.129 -725.6
124.078 -725.083
124.026 -724.575
123.975 -724.067
123.924 -723.557
123.872 -723.047
123.821 -722.536
123.77 -722.024
123.719 -721.51
123.668 -720.997
123.617 -720.482
123.566 -719.966
123.515 -719.449
123.464 -718.93
123.414 -718.407
123.363 -717.884
123.312 -717.36
123.262 -716.836
123.212 -716.31
123.161 -715.784
123.111 -715.257
123.061 -714.729
123.01 -714.201
122.96 -713.671
122.91 -713.141
122.86 -712.61
122.81 -712.078
122.76 -711.545
122.71 -711.012
122.661 -710.477
122.611 -709.942
122.561 -709.406
122.512 -708.868
122.462 -708.327
122.413 -707.783
122.363 -707.239
122.314 -706.693
122.264 -706.146
122.215 -705.598
122.166 -705.047
122.117 -704.496
122.068 -703.943
122.019 -703.389
121.97 -702.833
121.921 -702.275
121.873 -701.721
121.828 -701.198
121.783 -700.673
121.738 -700.144
121.694 -699.613
121.649 -699.088
121.605 -698.563
121.561 -698.037
121.517 -697.509
121.473 -696.979
121.429 -696.45
121.385 -695.923
121.341 -695.392
121.298 -694.86
121.254 -694.327
121.211 -693.794
121.167 -693.259
121.124 -692.724
121.081 -692.187
121.038 -691.648
120.995 -691.108
120.952 -690.567
120.909 -690.024
120.866 -689.481
120.823 -688.936
120.78 -688.39
120.737 -687.842
120.695 -687.293
120.652 -686.742
120.61 -686.19
120.567 -685.636
120.525 -685.08
120.483 -684.523
120.44 -683.965
120.398 -683.405
120.356 -682.843
120.314 -682.281
120.272 -681.717
120.23 -681.152
120.189 -680.585
120.147 -680.017
120.105 -679.447
120.064 -678.876
120.022 -678.303
119.981 -677.728
119.94 -677.152
119.898 -676.574
119.857 -675.995
119.816 -675.415
119.775 -674.833
119.734 -674.25
119.693 -673.666
119.652 -673.08
119.611 -672.492
119.571 -671.903
119.53 -671.313
119.49 -670.721
119.449 -670.127
119.409 -669.532
119.368 -668.936
119.328 -668.339
119.288 -667.739
119.25 -667.19
119.212 -666.642
119.176 -666.103
119.141 -665.587
119.106 -665.07
119.072 -664.551
119.038 -664.03
119.003 -663.508
118.969 -662.984
118.935 -662.459
118.901 -661.932
118.867 -661.404
118.833 -660.874
118.799 -660.343
118.765 -659.81
118.731 -659.275
118.698 -658.739
118.664 -658.201
118.631 -657.662
118.597 -657.121
118.564 -656.579
118.53 -656.035
118.497 -655.49
118.464 -654.944
118.431 -654.395
118.398 -653.846
118.365 -653.296
118.332 -652.749
118.299 -652.2
118.266 -651.648
118.234 -651.09
118.201 -650.532
118.169 -649.971
118.137 -649.408
118.104 -648.842
118.072 -648.276
118.04 -647.708
118.008 -647.139
117.976 -646.568
117.944 -645.995
117.912 -645.422
117.88 -644.847
117.848 -644.271
117.817 -643.693
117.785 -643.114
117.754 -642.534
117.722 -641.952
117.691 -641.368
117.659 -640.783
117.628 -640.196
117.597 -639.608
117.566 -639.018
117.535 -638.427
117.504 -637.835
117.473 -637.24
117.443 -636.645
117.412 -636.048
117.381 -635.452
117.351 -634.854
117.32 -634.254
117.29 -633.653
117.26 -633.05
117.229 -632.446
117.199 -631.841
117.169 -631.234
117.139 -630.625
117.109 -630.015
117.079 -629.403
117.05 -628.79
117.02 -628.175
116.99 -627.558
116.961 -626.941
116.931 -626.321
116.902 -625.7
116.873 -625.078
116.844 -624.454
116.814 -623.829
116.785 -623.202
116.756 -622.574
116.728 -621.947
116.699 -621.321
116.67 -620.694
116.642 -620.065
116.613 -619.434
116.585 -618.801
116.557 -618.167
116.528 -617.532
116.5 -616.895
116.472 -616.256
116.444 -615.615
116.416 -614.974
116.389 -614.332
116.361 -613.687
116.333 -613.042
116.306 -612.394
116.278 -611.745
116.251 -611.095
116.223 -610.442
116.196 -609.789
116.168 -609.214
116.14 -608.67
116.111 -608.125
116.083 -607.579
116.055 -607.029
116.027 -606.477
115.999 -605.924
115.971 -605.369
115.943 -604.813
115.915 -604.255
115.887 -603.696
115.859 -603.135
115.832 -602.573
115.804 -602.01
115.777 -601.445
115.749 -600.878
115.722 -600.31
115.695 -599.741
115.668 -599.17
115.64 -598.598
115.613 -598.025
115.586 -597.45
115.56 -596.885
115.534 -596.319
115.508 -595.752
115.482 -595.184
115.457 -594.614
115.431 -594.043
115.405 -593.47
115.38 -592.896
115.354 -592.321
115.329 -591.743
115.304 -591.165
115.278 -590.584
115.253 -590.003
115.228 -589.419
115.203 -588.835
115.178 -588.248
115.153 -587.661
115.129 -587.071
115.104 -586.481
115.079 -585.888
115.055 -585.294
115.03 -584.699
115.006 -584.102
114.981 -583.504
114.957 -582.904
114.933 -582.302
114.909 -581.699
114.885 -581.094
114.861 -580.488
114.837 -579.88
114.813 -579.271
114.79 -578.66
114.766 -578.057
114.743 -577.457
114.72 -576.858
114.696 -576.268
114.673 -575.677
114.649 -575.085
114.626 -574.491
114.603 -573.896
114.58 -573.299
114.557 -572.701
114.534 -572.101
114.511 -571.5
114.489 -570.897
114.466 -570.293
114.443 -569.687
114.421 -569.079
114.398 -568.47
114.376 -567.86
114.354 -567.248
114.332 -566.634
114.31 -566.019
114.288 -565.402
114.266 -564.784
114.244 -564.164
114.222 -563.543
114.2 -562.921
114.179 -562.296
114.157 -561.671
114.135 -561.045
114.114 -560.416
114.093 -559.787
114.072 -559.156
114.05 -558.523
114.029 -557.889
114.008 -557.253
113.987 -556.616
113.967 -555.977
113.946 -555.334
113.925 -554.69
113.905 -554.045
113.885 -553.398
113.864 -552.754
113.844 -552.113
113.824 -551.471
113.803 -550.827
113.783 -550.182
113.763 -549.535
113.744 -548.887
113.724 -548.238
113.704 -547.587
113.684 -546.934
113.665 -546.28
113.645 -545.625
113.626 -544.968
113.607 -544.311
113.587 -543.652
113.568 -542.991
113.549 -542.329
113.53 -541.666
113.511 -541.001
113.492 -540.334
113.474 -539.666
113.455 -538.996
113.436 -538.325
113.418 -537.653
113.4 -536.981
113.381 -536.306
113.363 -535.631
113.345 -534.954
113.327 -534.275
113.309 -533.595
113.291 -532.914
113.273 -532.23
113.255 -531.546
113.238 -530.86
113.22 -530.172
113.203 -529.483
113.185 -528.792
113.168 -528.099
113.151 -527.407
113.134 -526.712
113.117 -526.017
113.1 -525.32
113.083 -524.621
113.066 -523.921
113.049 -523.221
113.033 -522.518
113.016 -521.814
113 -521.108
112.984 -520.4
112.968 -519.69
112.952 -518.979
112.936 -518.266
112.92 -517.554
112.904 -516.84
112.888 -516.128
112.873 -515.414
112.857 -514.698
112.842 -513.981
112.826 -513.262
112.811 -512.542
112.796 -511.821
112.781 -511.098
112.766 -510.373
112.751 -509.657
112.735 -508.972
112.719 -508.286
112.704 -507.599
112.688 -506.911
112.673 -506.22
112.658 -505.529
112.643 -504.836
112.628 -504.146
112.614 -503.469
112.6 -502.791
112.586 -502.111
112.573 -501.43
112.559 -500.748
112.546 -500.065
112.533 -499.38
112.519 -498.694
112.506 -498.007
112.493 -497.319
112.48 -496.63
112.467 -495.939
112.454 -495.246
112.442 -494.552
112.429 -493.858
112.416 -493.162
112.404 -492.466
112.39 -491.815
112.373 -491.313
112.357 -490.81
112.34 -490.305
112.323 -489.799
112.306 -489.292
112.289 -488.784
112.273 -488.275
112.256 -487.764
112.24 -487.253
112.223 -486.74
112.207 -486.226
112.191 -485.711
112.174 -485.195
112.158 -484.678
112.142 -484.16
112.126 -483.641
112.11 -483.12
112.094 -482.598
112.078 -482.075
112.063 -481.551
112.047 -481.025
112.031 -480.498
112.016 -479.97
112 -479.441
111.985 -478.91
111.969 -478.379
111.954 -477.846
111.939 -477.312
111.924 -476.777
111.909 -476.24
111.894 -475.703
111.879 -475.164
111.864 -474.623
111.849 -474.082
111.834 -473.54
111.819 -473.002
111.805 -472.462
111.79 -471.922
111.776 -471.38
111.761 -470.837
111.747 -470.301
111.734 -469.77
111.72 -469.238
111.707 -468.704
111.694 -468.17
111.681 -467.634
111.668 -467.098
111.655 -466.56
111.642 -466.021
111.629 -465.48
111.616 -464.939
111.603 -464.396
111.591 -463.852
111.578 -463.306
111.566 -462.76
111.553 -462.212
111.541 -461.663
111.528 -461.112
111.516 -460.56
111.504 -460.007
111.492 -459.452
111.48 -458.897
111.468 -458.34
111.456 -457.783
111.444 -457.224
111.432 -456.664
111.421 -456.102
111.409 -455.54
111.398 -454.976
111.384 -454.46
111.37 -454.006
111.356 -453.542
111.341 -453.076
111.327 -452.609
111.313 -452.141
111.299 -451.672
111.284 -451.202
111.27 -450.73
111.256 -450.258
111.243 -449.784
111.229 -449.309
111.215 -448.833
111.201 -448.356
111.187 -447.877
111.174 -447.398
111.16 -446.917
111.147 -446.435
111.133 -445.956
111.12 -445.485
111.106 -445.013
111.092 -444.54
111.079 -444.065
111.065 -443.59
111.052 -443.114
111.038 -442.636
111.025 -442.158
111.012 -441.678
110.999 -441.197
110.986 -440.715
110.973 -440.232
110.96 -439.747
110.947 -439.261
110.934 -438.774
110.921 -438.286
110.908 -437.797
110.896 -437.306
110.883 -436.814
110.87 -436.321
110.858 -435.827
110.846 -435.331
110.833 -434.835
110.821 -434.337
110.809 -433.838
110.797 -433.338
110.784 -432.836
110.772 -432.334
110.76 -431.83
110.748 -431.325
110.737 -430.819
110.725 -430.311
110.713 -429.803
110.702 -429.293
110.69 -428.782
110.678 -428.27
110.667 -427.757
110.656 -427.243
110.644 -426.729
110.633 -426.215
110.622 -425.7
110.611 -425.184
110.6 -424.666
110.589 -424.147
110.578 -423.628
110.567 -423.109
110.556 -422.588
110.546 -422.066
110.535 -421.542
110.525 -421.018
110.514 -420.492
110.504 -419.965
110.493 -419.437
110.483 -418.908
110.473 -418.378
110.463 -417.847
110.453 -417.315
110.443 -416.783
110.433 -416.249
110.423 -415.714
110.413 -415.178
110.403 -414.641
110.392 -414.191
110.38 -413.768
110.367 -413.354
110.355 -412.939
110.343 -412.523
110.331 -412.105
110.319 -411.687
110.307 -411.268
110.295 -410.848
110.284 -410.427
110.272 -410.004
110.26 -409.58
110.249 -409.156
110.237 -408.73
110.225 -408.303
110.214 -407.874
110.202 -407.445
110.191 -407.014
110.18 -406.582
110.169 -406.149
110.157 -405.715
110.146 -405.28
110.135 -404.844
110.124 -404.406
110.113 -403.969
110.102 -403.532
110.091 -403.093
110.08 -402.654
110.069 -402.213
110.059 -401.771
110.048 -401.329
110.037 -400.884
110.027 -400.439
110.016 -399.992
110.006 -399.545
109.995 -399.095
109.985 -398.645
109.975 -398.194
109.964 -397.741
109.954 -397.288
109.944 -396.833
109.934 -396.377
109.924 -395.92
109.914 -395.462
109.904 -395.003
109.894 -394.542
109.884 -394.081
109.875 -393.619
109.865 -393.155
109.855 -392.691
109.846 -392.226
109.836 -391.76
109.827 -391.292
109.818 -390.824
109.808 -390.354
109.799 -389.883
109.79 -389.411
109.781 -388.938
109.772 -388.463
109.763 -387.988
109.754 -387.512
109.745 -387.035
109.736 -386.557
109.727 -386.077
109.719 -385.597
109.71 -385.115
109.701 -384.632
109.693 -384.148
109.684 -383.663
109.676 -383.177
109.668 -382.689
109.659 -382.201
109.651 -381.739
109.639 -381.394
109.627 -381.047
109.616 -380.7
109.604 -380.351
109.593 -380.002
109.581 -379.651
109.57 -379.3
109.558 -378.948
109.547 -378.595
109.536 -378.242
109.525 -377.887
109.513 -377.532
109.502 -377.176
109.491 -376.819
109.48 -376.461
109.469 -376.101
109.458 -375.741
109.447 -375.38
109.436 -375.018
109.426 -374.655
109.415 -374.291
109.404 -373.926
109.393 -373.561
109.383 -373.194
109.372 -372.826
109.362 -372.457
109.351 -372.088
109.341 -371.717
109.33 -371.345
109.32 -370.973
109.31 -370.599
109.3 -370.225
109.289 -369.85
109.279 -369.474
109.269 -369.097
109.259 -368.719
109.249 -368.34
109.239 -367.96
109.229 -367.579
109.219 -367.197
109.209 -366.815
109.2 -366.431
109.19 -366.046
109.18 -365.661
109.171 -365.274
109.161 -364.887
109.152 -364.498
109.142 -364.109
109.133 -363.719
109.123 -363.328
109.114 -362.936
109.105 -362.543
109.095 -362.149
109.086 -361.754
109.077 -361.358
109.068 -360.961
109.059 -360.564
109.05 -360.165
109.041 -359.765
109.032 -359.365
109.024 -358.963
109.015 -358.561
109.006 -358.157
108.997 -357.753
108.989 -357.347
108.98 -356.941
108.972 -356.534
108.963 -356.125
108.955 -355.716
108.947 -355.306
108.938 -354.895
108.93 -354.483
108.921 -354.098
108.911 -353.748
108.902 -353.4
108.893 -353.053
108.884 -352.704
108.875 -352.355
108.865 -352.005
108.856 -351.655
108.847 -351.303
108.838 -350.95
108.83 -350.597
108.821 -350.242
108.812 -349.887
108.803 -349.531
108.794 -349.175
108.786 -348.818
108.777 -348.459
108.768 -348.101
108.76 -347.741
108.751 -347.38
108.743 -347.019
108.735 -346.656
108.726 -346.293
108.717 -345.958
108.707 -345.66
108.697 -345.361
108.687 -345.062
108.678 -344.761
108.668 -344.46
108.658 -344.158
108.648 -343.855
108.639 -343.552
108.629 -343.247
108.619 -342.942
108.61 -342.636
108.6 -342.329
108.591 -342.022
108.581 -341.714
108.572 -341.405
108.563 -341.095
108.553 -340.785
108.544 -340.474
108.535 -340.162
108.525 -339.849
108.516 -339.535
108.507 -339.221
108.498 -338.906
108.489 -338.59
108.48 -338.273
108.471 -337.956
108.462 -337.637
108.453 -337.318
108.444 -336.998
108.436 -336.678
108.427 -336.356
108.418 -336.034
108.409 -335.711
108.401 -335.387
108.392 -335.062
108.384 -334.737
108.375 -334.411
108.367 -334.085
108.358 -333.757
108.35 -333.429
108.341 -333.1
108.333 -332.77
108.325 -332.439
108.317 -332.107
108.308 -331.775
108.3 -331.442
108.292 -331.108
108.284 -330.773
108.276 -330.438
108.268 -330.102
108.26 -329.765
108.252 -329.427
108.245 -329.089
108.237 -328.75
108.229 -328.41
108.221 -328.069
108.214 -327.727
108.206 -327.385
108.199 -327.042
108.191 -326.698
108.184 -326.353
108.176 -326.011
108.168 -325.672
108.16 -325.352
108.152 -325.03
108.144 -324.707
108.136 -324.384
108.128 -324.06
108.121 -323.736
108.113 -323.41
108.105 -323.084
108.097 -322.757
108.09 -322.429
108.082 -322.101
108.074 -321.771
108.067 -321.441
108.059 -321.111
108.052 -320.779
108.044 -320.447
108.037 -320.114
108.029 -319.78
108.022 -319.446
108.015 -319.11
108.008 -318.774
108.001 -318.438
107.993 -318.1
107.986 -317.762
107.979 -317.423
107.972 -317.083
107.965 -316.741
107.958 -316.399
107.951 -316.055
107.945 -315.711
107.938 -315.365
107.931 -315.018
107.924 -314.67
107.918 -314.321
107.911 -313.97
107.905 -313.619
107.898 -313.266
107.892 -312.912
107.885 -312.557
107.879 -312.2
107.872 -311.843
107.866 -311.484
107.86 -311.124
107.854 -310.763
107.848 -310.4
107.842 -310.037
107.835 -309.672
107.827 -309.284
107.818 -308.986
107.81 -308.641
107.801 -308.295
107.792 -307.948
107.784 -307.599
107.776 -307.249
107.767 -306.898
107.759 -306.545
107.751 -306.191
107.742 -305.836
107.734 -305.48
107.726 -305.122
107.718 -304.764
107.71 -304.404
107.702 -304.043
107.694 -303.68
107.686 -303.316
107.678 -302.951
107.67 -302.585
107.663 -302.217
107.655 -301.848
107.647 -301.477
107.64 -301.106
107.632 -300.733
107.624 -300.359
107.617 -299.984
107.609 -299.607
107.602 -299.229
107.595 -298.849
107.587 -298.469
107.58 -298.087
107.573 -297.703
107.566 -297.319
107.559 -296.933
107.552 -296.546
107.545 -296.157
107.538 -295.767
107.531 -295.376
107.524 -294.983
107.517 -294.59
107.511 -294.194
107.504 -293.798
107.497 -293.4
107.491 -293.001
107.484 -292.601
107.478 -292.199
107.471 -291.796
107.465 -291.391
107.459 -290.985
107.452 -290.578
107.446 -290.17
107.44 -289.76
107.434 -289.349
107.428 -288.937
107.422 -288.524
107.416 -288.109
107.41 -287.692
107.404 -287.275
107.398 -286.857
107.393 -286.437
107.387 -286.016
107.381 -285.594
107.376 -285.171
107.37 -284.746
107.365 -284.32
107.359 -283.893
107.354 -283.464
107.349 -283.034
107.343 -282.603
107.338 -282.171
107.333 -281.737
107.328 -281.302
107.323 -280.866
107.318 -280.428
107.313 -279.989
107.308 -279.549
107.304 -279.108
107.299 -278.665
107.294 -278.221
107.29 -277.776
107.285 -277.33
107.28 -276.885
107.276 -276.438
107.271 -275.99
107.267 -275.54
107.263 -275.089
107.258 -274.638
107.254 -274.185
107.25 -273.731
107.246 -273.277
107.242 -272.821
107.238 -272.363
107.234 -271.904
107.23 -271.444
107.226 -270.984
107.223 -270.522
107.219 -270.058
107.215 -269.593
107.212 -269.127
107.208 -268.661
107.205 -268.193
107.201 -267.724
107.198 -267.254
107.195 -266.783
107.191 -266.31
107.188 -265.836
107.185 -265.361
107.182 -264.885
107.179 -264.407
107.176 -263.928
107.173 -263.448
107.17 -262.966
107.167 -262.483
107.165 -261.999
107.162 -261.513
107.16 -261.026
107.157 -260.539
107.155 -260.05
107.152 -259.56
107.15 -259.069
107.148 -258.577
107.145 -258.084
107.143 -257.589
107.141 -257.094
107.139 -256.597
107.137 -256.098
107.135 -255.598
107.133 -255.097
107.132 -254.595
107.13 -254.092
107.128 -253.588
107.127 -253.083
107.125 -252.577
107.124 -252.069
107.122 -251.56
107.121 -251.049
107.12 -250.537
107.118 -250.025
107.117 -249.512
107.116 -248.998
107.115 -248.483
107.114 -247.966
107.113 -247.447
107.112 -246.928
107.112 -246.407
107.111 -245.885
107.11 -245.361
107.11 -244.837
107.109 -244.31
107.109 -243.784
107.108 -243.256
107.108 -242.728
107.108 -242.198
107.107 -241.667
107.107 -241.135
107.107 -240.602
107.107 -240.068
107.107 -239.533
107.107 -238.996
107.108 -238.459
107.105 -238.033
107.103 -237.629
107.1 -237.224
107.098 -236.817
107.095 -236.41
107.093 -236.001
107.09 -235.592
107.088 -235.183
107.085 -234.776
107.083 -234.367
107.081 -233.958
107.078 -233.547
107.076 -233.135
107.074 -232.722
107.072 -232.308
107.07 -231.893
107.068 -231.477
107.066 -231.06
107.064 -230.642
107.062 -230.223
107.061 -229.803
107.059 -229.381
107.057 -228.959
107.055 -228.535
107.054 -228.111
107.052 -227.685
107.051 -227.259
107.05 -226.832
107.048 -226.403
107.047 -225.974
107.046 -225.543
107.044 -225.112
107.043 -224.679
107.042 -224.245
107.041 -223.811
107.04 -223.375
107.039 -222.938
107.038 -222.5
107.038 -222.061
107.037 -221.621
107.036 -221.18
107.036 -220.738
107.035 -220.295
107.034 -219.851
107.034 -219.406
107.034 -218.96
107.033 -218.515
107.032 -218.072
107.031 -217.629
107.03 -217.185
107.029 -216.739
107.028 -216.294
107.027 -215.847
107.026 -215.4
107.025 -214.952
107.025 -214.503
107.024 -214.052
107.023 -213.601
107.023 -213.148
107.022 -212.694
107.022 -212.239
107.022 -211.784
107.021 -211.326
107.021 -210.868
107.021 -210.41
107.021 -209.951
107.021 -209.491
107.021 -209.03
107.021 -208.568
107.021 -208.106
107.021 -207.642
107.021 -207.177
107.021 -206.711
107.022 -206.244
107.022 -205.776
107.023 -205.307
107.023 -204.837
107.024 -204.366
107.024 -203.893
107.025 -203.419
107.026 -202.945
107.027 -202.469
107.027 -201.992
107.028 -201.514
107.029 -201.036
107.03 -200.557
107.031 -200.081
107.032 -199.608
107.033 -199.134
107.034 -198.658
107.036 -198.182
107.037 -197.705
107.038 -197.226
107.039 -196.746
107.041 -196.265
107.042 -195.783
107.044 -195.3
107.045 -194.816
107.047 -194.331
107.049 -193.845
107.051 -193.359
107.052 -192.871
107.054 -192.383
107.056 -191.895
107.058 -191.406
107.06 -190.916
107.062 -190.424
107.065 -189.932
107.067 -189.438
107.069 -188.944
107.071 -188.448
107.074 -187.952
107.076 -187.454
107.079 -186.959
107.081 -186.462
107.084 -185.964
107.087 -185.466
107.089 -184.966
107.092 -184.465
107.095 -183.963
107.098 -183.461
107.101 -182.958
107.104 -182.454
107.107 -181.948
107.11 -181.443
107.113 -180.936
107.116 -180.428
107.12 -179.919
107.123 -179.408
107.127 -178.897
107.13 -178.385
107.134 -177.872
107.137 -177.359
107.141 -176.846
107.145 -176.331
107.149 -175.815
107.153 -175.298
107.157 -174.78
107.161 -174.26
107.165 -173.74
107.169 -173.219
107.173 -172.696
107.177 -172.174
107.182 -171.65
107.186 -171.126
107.19 -170.605
107.195 -170.086
107.199 -169.565
107.204 -169.044
107.207 -168.554
107.208 -168.171
107.21 -167.787
107.211 -167.402
107.212 -167.016
107.213 -166.629
107.215 -166.242
107.216 -165.854
107.218 -165.465
107.219 -165.076
107.221 -164.685
107.222 -164.294
107.224 -163.902
107.226 -163.509
107.227 -163.116
107.229 -162.721
107.231 -162.326
107.233 -161.929
107.232 -161.654
107.23 -161.39
107.229 -161.128
107.227 -160.866
107.226 -160.602
107.224 -160.339
107.223 -160.074
107.222 -159.809
107.22 -159.544
107.219 -159.277
107.218 -159.01
107.217 -158.742
107.215 -158.474
107.214 -158.205
107.213 -157.935
107.212 -157.665
107.211 -157.394
107.21 -157.122
107.209 -156.85
107.208 -156.577
107.207 -156.304
107.206 -156.029
107.205 -155.754
107.205 -155.479
107.204 -155.202
107.203 -154.925
107.202 -154.648
107.202 -154.37
107.201 -154.091
107.201 -153.811
107.2 -153.531
107.2 -153.25
107.199 -152.968
107.199 -152.686
107.198 -152.403
107.198 -152.12
107.198 -151.835
107.197 -151.551
107.197 -151.265
107.197 -150.979
107.197 -150.692
107.196 -150.404
107.196 -150.116
107.196 -149.827
107.195 -149.591
107.192 -149.403
107.19 -149.215
107.187 -149.026
107.184 -148.836
107.182 -148.646
107.179 -148.456
107.176 -148.268
107.173 -148.079
107.171 -147.89
107.168 -147.701
107.165 -147.511
107.162 -147.32
107.16 -147.129
107.157 -146.937
107.154 -146.745
107.152 -146.553
107.149 -146.359
107.146 -146.166
107.144 -145.972
107.141 -145.777
107.139 -145.582
107.136 -145.387
107.133 -145.191
107.131 -144.995
107.128 -144.798
107.126 -144.601
107.124 -144.403
107.121 -144.204
107.119 -144.005
107.116 -143.806
107.114 -143.606
107.112 -143.405
107.109 -143.204
107.107 -143.002
107.105 -142.8
107.103 -142.597
107.1 -142.394
107.098 -142.191
107.096 -141.986
107.094 -141.782
107.092 -141.577
107.09 -141.371
107.088 -141.165
107.086 -140.958
107.084 -140.751
107.082 -140.544
107.08 -140.335
107.078 -140.127
107.076 -139.919
107.074 -139.71
107.072 -139.5
107.07 -139.29
107.068 -139.079
107.066 -138.868
107.065 -138.656
107.063 -138.444
107.061 -138.232
107.059 -138.018
107.058 -137.805
107.056 -137.591
107.054 -137.376
107.053 -137.161
107.051 -136.945
107.049 -136.729
107.048 -136.512
107.046 -136.294
107.045 -136.077
107.043 -135.859
107.042 -135.64
107.04 -135.432
107.038 -135.223
107.036 -135.015
107.035 -134.806
107.033 -134.597
107.031 -134.387
107.03 -134.177
107.028 -133.966
107.026 -133.756
107.025 -133.544
107.023 -133.333
107.022 -133.121
107.02 -132.908
107.019 -132.695
107.017 -132.482
107.016 -132.269
107.014 -132.055
107.013 -131.841
107.011 -131.636
107.01 -131.434
107.008 -131.231
107.007 -131.007
107.006 -130.772
107.006 -130.538
107.005 -130.302
107.005 -130.066
107.004 -129.83
107.004 -129.593
107.003 -129.356
107.003 -129.118
107.002 -128.879
107.002 -128.64
107.002 -128.401
107.001 -128.16
107.001 -127.92
107.001 -127.679
107.001 -127.437
107.001 -127.195
107.001 -126.952
107 -126.709
107 -126.465
107 -126.221
107 -125.976
107 -125.731
107.001 -125.485
107.001 -125.238
107.001 -124.991
107.001 -124.744
107.001 -124.496
107.001 -124.247
107.002 -123.998
107.002 -123.756
107.002 -123.516
107.002 -123.276
107.002 -123.035
107.002 -122.794
107.002 -122.552
107.002 -122.31
107.002 -122.067
107.003 -121.824
107.003 -121.58
107.003 -121.335
107.004 -121.091
107.004 -120.845
107.004 -120.599
107.005 -120.353
107.005 -120.106
107.006 -119.858
107.006 -119.61
107.007 -119.361
107.007 -119.112
107.008 -118.863
107.009 -118.613
107.009 -118.362
107.01 -118.111
107.011 -117.859
107.011 -117.607
107.012 -117.354
107.013 -117.101
107.014 -116.848
107.015 -116.593
107.016 -116.343
107.016 -116.094
107.017 -115.845
107.018 -115.596
107.019 -115.345
107.02 -115.095
107.021 -114.843
107.022 -114.591
107.023 -114.339
107.024 -114.086
107.025 -113.833
107.026 -113.579
107.027 -113.325
107.028 -113.07
107.029 -112.815
107.031 -112.559
107.032 -112.302
107.033 -112.045
107.034 -111.788
107.036 -111.53
107.037 -111.271
107.039 -111.012
107.04 -110.753
107.042 -110.493
107.043 -110.232
107.045 -109.971
107.046 -109.709
107.048 -109.447
107.05 -109.184
107.051 -108.921
107.053 -108.657
107.055 -108.393
107.057 -108.128
107.058 -107.862
107.06 -107.596
107.062 -107.327
107.064 -107.053
107.067 -106.779
107.069 -106.505
107.071 -106.23
107.074 -105.954
107.076 -105.678
107.078 -105.402
107.081 -105.125
107.083 -104.847
107.086 -104.569
107.088 -104.29
107.091 -104.011
107.094 -103.731
107.096 -103.451
107.099 -103.171
107.102 -102.89
107.105 -102.608
107.107 -102.326
107.11 -102.043
107.113 -101.76
107.116 -101.476
107.119 -101.192
107.122 -100.907
107.125 -100.622
107.127 -100.369
107.127 -100.182
107.128 -99.9935
107.128 -99.8049
107.128 -99.6159
107.128 -99.4266
107.129 -99.2368
107.129 -99.0467
107.13 -98.8561
107.13 -98.6652
107.131 -98.4703
107.132 -98.2706
107.132 -98.0704
107.133 -97.8699
107.134 -97.669
107.135 -97.4677
107.136 -97.266
107.137 -97.064
107.138 -96.8616
107.139 -96.6587
107.14 -96.4555
107.141 -96.2519
107.142 -96.0479
107.143 -95.8435
107.145 -95.6388
107.146 -95.4336
107.147 -95.228
107.148 -95.022
107.148 -94.876
107.146 -94.77
107.144 -94.6655
107.142 -94.5606
107.14 -94.4555
107.138 -94.3502
107.137 -94.2445
107.135 -94.1386
107.133 -94.0325
107.131 -93.926
107.129 -93.8193
107.128 -93.7124
107.126 -93.6052
107.124 -93.4976
107.122 -93.3899
107.121 -93.2818
107.119 -93.1735
107.117 -93.0648
107.116 -92.956
107.114 -92.8468
107.112 -92.7374
107.111 -92.6276
107.109 -92.5176
107.108 -92.4074
107.106 -92.2968
107.105 -92.186
107.103 -92.0749
107.101 -91.9636
107.1 -91.8519
107.098 -91.74
107.097 -91.6277
107.096 -91.5152
107.094 -91.4024
107.093 -91.2893
107.091 -91.176
107.09 -91.0623
107.088 -90.9484
107.087 -90.8343
107.086 -90.7199
107.084 -90.6052
107.083 -90.4903
107.082 -90.375
107.08 -90.2595
107.079 -90.1436
107.078 -90.0275
107.077 -89.9111
107.075 -89.7943
107.074 -89.6773
107.073 -89.56
107.072 -89.4423
107.071 -89.3244
107.07 -89.2062
107.068 -89.0877
107.067 -88.9689
107.066 -88.8498
107.065 -88.7303
107.064 -88.6106
107.063 -88.4906
107.062 -88.3703
107.061 -88.2497
107.06 -88.1288
107.059 -88.0076
107.058 -87.8861
107.057 -87.7643
107.056 -87.6423
107.055 -87.5199
107.054 -87.3972
107.053 -87.2742
107.053 -87.1509
107.052 -87.0274
107.051 -86.9035
107.05 -86.7793
107.049 -86.6548
107.048 -86.5301
107.048 -86.405
107.047 -86.2796
107.046 -86.154
107.045 -86.028
107.045 -85.9018
107.044 -85.7752
107.043 -85.6484
107.043 -85.5212
107.042 -85.3938
107.041 -85.2661
107.041 -85.138
107.04 -85.0097
107.04 -84.881
107.039 -84.7521
107.038 -84.6229
107.038 -84.4934
107.037 -84.3636
107.037 -84.2335
107.036 -84.1031
107.036 -83.9724
107.035 -83.8414
107.035 -83.7101
107.035 -83.5785
107.034 -83.4467
107.034 -83.3145
107.033 -83.1821
107.033 -83.0493
107.033 -82.9163
107.032 -82.7821
107.032 -82.6466
107.032 -82.5098
107.031 -82.3717
107.031 -82.2322
107.031 -82.0915
107.031 -81.9492
107.03 -81.8052
107.03 -81.6597
107.03 -81.5128
107.03 -81.3643
107.03 -81.2143
107.03 -81.0626
107.03 -80.9093
107.03 -80.7545
107.029 -80.5981
107.029 -80.4401
107.029 -80.2805
107.029 -80.119
107.029 -79.9555
107.03 -79.7902
107.03 -79.6232
107.03 -79.4545
107.03 -79.2839
107.03 -79.1114
107.03 -78.9371
107.03 -78.761
107.03 -78.5832
107.031 -78.4031
107.031 -78.2211
107.031 -78.0371
107.032 -77.851
107.032 -77.663
107.032 -77.473
107.033 -77.281
107.033 -77.087
107.033 -76.8912
107.034 -76.6933
107.034 -76.4934
107.035 -76.2915
107.035 -76.0875
107.036 -75.8815
107.036 -75.6735
107.037 -75.4634
107.038 -75.2514
107.038 -75.0375
107.039 -74.8215
107.04 -74.6036
107.041 -74.3836
107.041 -74.1615
107.042 -73.9375
107.043 -73.7114
107.044 -73.4834
107.045 -73.2534
107.046 -73.0213
107.047 -72.7873
107.048 -72.5513
107.049 -72.3132
107.05 -72.0732
107.051 -71.8311
107.052 -71.587
107.053 -71.3409
107.054 -71.0933
107.055 -70.8437
107.057 -70.5921
107.058 -70.3385
107.059 -70.0831
107.06 -69.8258
107.062 -69.5666
107.063 -69.3052
107.065 -69.0419
107.066 -68.7767
107.068 -68.5096
107.069 -68.2405
107.071 -67.9693
107.072 -67.6962
107.074 -67.422
107.076 -67.1463
107.077 -66.8686
107.079 -66.5892
107.081 -66.308
107.083 -66.0249
107.085 -65.7398
107.086 -65.4527
107.088 -65.1646
107.09 -64.875
107.092 -64.5837
107.094 -64.2904
107.096 -63.9955
107.099 -63.6987
107.101 -63.4
107.103 -63.0992
107.105 -62.7965
107.107 -62.4918
107.11 -62.1853
107.112 -61.8771
107.114 -61.5676
107.117 -61.2572
107.119 -60.9449
107.122 -60.6311
107.124 -60.3157
107.127 -59.9986
107.129 -59.6797
107.132 -59.3598
107.135 -59.0379
107.137 -58.714
107.14 -58.3882
107.143 -58.0609
107.146 -57.7326
107.149 -57.4054
107.152 -57.0765
107.155 -56.7456
107.158 -56.4129
107.161 -56.0784
107.164 -55.742
107.167 -55.4037
107.17 -55.0634
107.173 -54.7212
107.176 -54.3771
107.18 -54.031
107.183 -53.683
107.186 -53.3332
107.19 -52.9826
107.193 -52.6302
107.197 -52.277
107.2 -51.9221
107.204 -51.5653
107.208 -51.2066
107.211 -50.8462
107.215 -50.4839
107.219 -50.1197
107.223 -49.7536
107.226 -49.3855
107.23 -49.0159
107.234 -48.645
107.238 -48.2725
107.242 -47.8983
107.246 -47.5224
107.251 -47.145
107.255 -46.7656
107.259 -46.3846
107.263 -46.0019
107.268 -45.6173
107.272 -45.2307
107.277 -44.8423
107.281 -44.4519
107.286 -44.0597
107.29 -43.6655
107.295 -43.2694
107.3 -42.8723
107.304 -42.4733
107.309 -42.0736
107.314 -41.672
107.319 -41.2685
107.324 -40.8644
107.328 -40.4644
107.332 -40.0626
107.336 -39.6589
107.34 -39.2533
107.344 -38.8458
107.348 -38.4366
107.353 -38.0257
107.357 -37.6129
107.362 -37.1988
107.366 -36.7836
107.371 -36.3665
107.375 -35.9478
107.38 -35.5279
107.385 -35.1062
107.389 -34.6833
107.394 -34.259
107.399 -33.8328
107.404 -33.4048
107.409 -32.9749
107.414 -32.5431
107.419 -32.1096
107.424 -31.6743
107.429 -31.2372
107.434 -30.7984
107.44 -30.3578
107.445 -29.9153
107.451 -29.4717
107.456 -29.0266
107.461 -28.5796
107.467 -28.1311
107.473 -27.6824
107.478 -27.2322
107.484 -26.7806
107.49 -26.327
107.496 -25.8717
107.502 -25.4145
107.508 -24.9554
107.514 -24.4945
107.52 -24.0317
107.526 -23.5677
107.532 -23.1022
107.538 -22.6349
107.544 -22.1662
107.551 -21.6962
107.557 -21.2245
107.564 -20.7513
107.57 -20.2769
107.577 -19.8007
107.584 -19.3227
107.59 -18.843
107.597 -18.3617
107.604 -17.8786
107.611 -17.3936
107.618 -16.9068
107.625 -16.4182
107.632 -15.928
107.639 -15.4363
107.646 -14.9437
107.653 -14.4502
107.661 -13.9561
107.668 -13.4604
107.676 -12.9629
107.683 -12.4636
107.691 -11.963
107.698 -11.4609
107.706 -10.9571
107.714 -10.4515
107.721 -9.9446
107.729 -9.43674
107.737 -8.92706
107.745 -8.41558
107.753 -7.90228
107.761 -7.38718
107.77 -6.87026
107.778 -6.35153
107.786 -5.83099
107.795 -5.30961
107.803 -4.78658
107.812 -4.26175
107.82 -3.73511
107.829 -3.20666
107.838 -2.67641
107.846 -2.14436
107.855 -1.61149
107.864 -1.0776
107.873 -0.541965
107.882 -0.00453192
107.891 0.534702
107.9 1.07511
107.91 1.61585
107.919 2.15251
107.927 2.68664
107.936 3.22255
107.945 3.76024
107.953 4.29972
107.962 4.84081
107.971 5.3835
107.98 5.92768
107.989 6.47363
107.998 7.02116
108.008 7.56919
108.017 8.119
108.026 8.67021
108.036 9.2223
108.045 9.77516
108.055 10.3288
108.064 10.884
108.074 11.4403
108.084 11.9984
108.094 12.5582
108.103 13.1195
108.113 13.6819
108.123 14.2458
108.133 14.8111
108.144 15.3776
108.154 15.9459
108.164 16.5157
108.174 17.087
108.185 17.6594
108.195 18.2335
108.206 18.8089
108.217 19.3857
108.227 19.9642
108.238 20.5445
108.249 21.1262
108.26 21.7091
108.271 22.2938
108.282 22.8794
108.293 23.4666
108.304 24.0556
108.316 24.6454
108.327 25.2361
108.338 25.8261
108.35 26.4173
108.361 27.0102
108.373 27.6042
108.385 28.199
108.396 28.7951
108.408 29.3918
108.42 29.99
108.432 30.5869
108.444 31.1842
108.456 31.7826
108.468 32.3827
108.48 32.9845
108.492 33.588
108.504 34.1932
108.516 34.7996
108.529 35.4063
108.541 36.0146
108.554 36.6248
108.566 37.2366
108.579 37.8501
108.592 38.4653
108.605 39.0816
108.617 39.6994
108.63 40.319
108.644 40.9402
108.657 41.5632
108.67 42.1878
108.683 42.8141
108.697 43.4422
108.71 44.0719
108.724 44.7033
108.737 45.3363
108.751 45.971
108.765 46.6074
108.779 47.2439
108.793 47.8802
108.807 48.5183
108.821 49.158
108.835 49.7991
108.849 50.4416
108.863 51.085
108.878 51.7293
108.892 52.3753
108.907 53.0225
108.921 53.6713
108.936 54.3206
108.951 54.9683
108.966 55.6162
108.98 56.2655
108.995 56.9165
109.01 57.5692
109.026 58.2236
109.041 58.8796
109.056 59.5372
109.071 60.1964
109.087 60.8562
109.102 61.5171
109.118 62.1796
109.134 62.8439
109.149 63.5093
109.165 64.1763
109.181 64.8451
109.197 65.5155
109.213 66.1875
109.229 66.8589
109.246 67.5317
109.262 68.2058
109.278 68.8802
109.295 69.5563
109.311 70.2341
109.328 70.9135
109.345 71.5946
109.361 72.2773
109.378 72.9606
109.395 73.6449
109.412 74.3306
109.43 75.0178
109.447 75.7065
109.464 76.3967
109.481 77.088
109.499 77.7805
109.516 78.4719
109.534 79.1626
109.552 79.8539
109.569 80.5454
109.587 81.2377
109.604 81.9313
109.622 82.6245
109.64 83.3195
109.658 84.016
109.676 84.7129
109.694 85.4112
109.712 86.111
109.73 86.8114
109.749 87.5132
109.767 88.2156
109.786 88.9186
109.804 89.6231
109.823 90.3291
109.841 91.0357
109.86 91.7436
109.879 92.4524
109.898 93.1614
109.916 93.8692
109.935 94.5754
109.954 95.2831
109.973 95.9925
109.992 96.7026
110.011 97.413
110.03 98.1243
110.049 98.836
110.068 99.5492
110.088 100.264
110.107 100.98
110.127 101.698
110.146 102.417
110.166 103.137
110.186 103.857
110.206 104.578
110.226 105.301
110.246 106.025
110.266 106.75
110.286 107.476
110.306 108.203
110.327 108.931
110.347 109.659
110.368 110.387
110.388 111.117
110.409 111.848
110.43 112.58
110.451 113.314
110.472 114.05
110.493 114.785
110.514 115.521
110.535 116.258
110.556 116.997
110.578 117.737
110.599 118.477
110.621 119.219
110.642 119.961
110.664 120.706
110.686 121.451
110.708 122.199
110.73 122.945
110.752 123.692
110.774 124.441
110.796 125.19
110.819 125.94
110.841 126.689
110.863 127.439
110.886 128.191
110.909 128.945
110.931 129.699
110.954 130.452
110.977 131.206
111 131.962
111.023 132.718
111.046 133.475
111.069 134.233
111.093 134.992
111.116 135.751
111.139 136.513
111.163 137.275
111.187 138.04
111.21 138.805
111.234 139.57
111.258 140.337
111.282 141.104
111.305 141.87
111.329 142.635
111.353 143.399
111.376 144.165
111.4 144.932
111.424 145.701
111.448 146.471
111.472 147.242
111.496 148.011
111.521 148.781
111.545 149.552
111.569 150.325
111.594 151.098
111.618 151.873
111.643 152.65
111.668 153.426
111.693 154.203
111.718 154.981
111.743 155.761
111.768 156.542
111.793 157.324
111.818 158.108
111.844 158.892
111.869 159.678
111.895 160.464
111.92 161.249
111.946 162.035
111.972 162.821
111.998 163.608
112.024 164.397
112.05 165.184
112.076 165.971
112.102 166.758
112.128 167.547
112.155 168.338
112.181 169.13
112.208 169.919
112.234 170.708
112.261 171.499
112.287 172.29
112.314 173.082
112.341 173.874
112.368 174.668
112.395 175.464
112.422 176.261
112.449 177.058
112.477 177.856
112.504 178.655
112.531 179.454
112.559 180.254
112.587 181.055
112.614 181.856
112.642 182.658
112.67 183.46
112.698 184.263
112.726 185.067
112.754 185.872
112.783 186.679
112.811 187.487
112.839 188.296
112.868 189.105
112.897 189.916
112.925 190.728
112.954 191.541
112.983 192.356
113.012 193.172
113.041 193.99
113.071 194.809
113.1 195.628
113.129 196.447
113.159 197.266
113.188 198.084
113.218 198.903
113.248 199.723
113.278 200.543
113.307 201.363
113.337 202.182
113.367 202.999
113.397 203.817
113.427 204.635
113.458 205.453
113.488 206.272
113.518 207.09
113.549 207.906
113.579 208.724
113.609 209.542
113.64 210.362
113.671 211.183
113.702 212.006
113.733 212.83
113.764 213.654
113.795 214.478
113.826 215.304
113.857 216.131
113.889 216.959
113.92 217.789
113.952 218.62
113.984 219.452
114.015 220.281
114.047 221.112
114.079 221.943
114.111 222.775
114.143 223.608
114.176 224.441
114.208 225.274
114.24 226.107
114.273 226.942
114.305 227.778
114.338 228.615
114.371 229.453
114.404 230.291
114.436 231.13
114.469 231.968
114.503 232.808
114.536 233.649
114.569 234.491
114.602 235.331
114.636 236.169
114.669 237.006
114.703 237.844
114.736 238.68
114.77 239.516
114.803 240.353
114.837 241.191
114.871 242.03
114.905 242.871
114.939 243.711
114.973 244.553
115.008 245.396
115.042 246.239
115.076 247.082
115.111 247.926
115.146 248.771
115.18 249.617
115.215 250.465
115.25 251.312
115.285 252.159
115.32 253.007
115.355 253.856
115.391 254.707
115.426 255.559
115.461 256.411
115.497 257.265
115.533 258.115
115.568 258.967
115.604 259.819
115.64 260.673
115.676 261.528
115.712 262.384
115.748 263.241
115.785 264.098
115.821 264.955
115.857 265.811
115.894 266.664
115.93 267.517
115.967 268.37
116.003 269.22
116.04 270.07
116.077 270.918
116.113 271.766
116.15 272.617
116.187 273.468
116.224 274.32
116.261 275.172
116.298 276.023
116.336 276.872
116.373 277.724
116.41 278.576
116.448 279.429
116.485 280.281
116.523 281.135
116.561 281.989
116.599 282.845
116.637 283.702
116.675 284.561
116.713 285.419
116.751 286.277
116.789 287.137
116.828 287.995
116.866 288.852
116.905 289.707
116.943 290.562
116.982 291.419
117.021 292.276
117.059 293.134
117.098 293.991
117.137 294.85
117.176 295.707
117.216 296.566
117.255 297.426
117.294 298.287
117.334 299.145
117.373 300
117.412 300.856
117.452 301.713
117.492 302.571
117.531 303.43
117.571 304.29
117.611 305.148
117.651 306.007
117.691 306.865
117.731 307.721
117.771 308.577
117.811 309.435
117.852 310.294
117.892 311.153
117.933 312.012
117.973 312.87
118.014 313.729
118.055 314.588
118.095 315.448
118.136 316.307
118.177 317.166
118.218 318.024
118.259 318.882
118.3 319.741
118.342 320.602
118.383 321.464
118.425 322.327
118.466 323.191
118.508 324.056
118.55 324.922
118.592 325.79
118.634 326.658
118.676 327.528
118.718 328.397
118.761 329.266
118.803 330.129
118.845 330.993
118.887 331.858
118.93 332.723
118.972 333.586
119.015 334.446
119.057 335.304
119.1 336.161
119.142 337.019
119.185 337.878
119.228 338.735
119.271 339.591
119.314 340.447
119.357 341.302
119.399 342.156
119.442 343.01
119.486 343.865
119.529 344.719
119.572 345.574
119.615 346.429
119.659 347.286
119.702 348.143
119.746 349
119.79 349.858
119.834 350.715
119.877 351.574
119.921 352.431
119.965 353.289
120.01 354.148
120.054 355.004
120.098 355.861
120.142 356.72
120.187 357.579
120.231 358.44
120.276 359.3
120.32 360.156
120.365 361.006
120.409 361.856
120.454 362.706
120.499 363.555
120.543 364.406
120.588 365.256
120.633 366.105
120.678 366.956
120.723 367.804
120.768 368.649
120.813 369.495
120.858 370.34
120.903 371.182
120.948 372.024
120.993 372.865
121.039 373.708
121.084 374.551
121.129 375.396
121.175 376.242
121.221 377.088
121.267 377.935
121.312 378.782
121.358 379.629
121.404 380.478
121.451 381.328
121.497 382.178
121.543 383.029
121.59 383.881
121.636 384.733
121.683 385.583
121.73 386.435
121.776 387.286
121.823 388.136
121.87 388.987
121.917 389.838
121.964 390.682
122.01 391.52
122.057 392.358
122.104 393.195
122.151 394.033
122.198 394.872
122.245 395.711
122.292 396.552
122.339 397.393
122.387 398.235
122.434 399.078
122.482 399.922
122.529 400.766
122.577 401.61
122.625 402.453
122.673 403.296
122.721 404.14
122.769 404.985
122.817 405.828
122.865 406.67
122.913 407.513
122.961 408.354
123.01 409.196
123.058 410.037
123.107 410.877
123.155 411.715
123.203 412.55
123.252 413.383
123.3 414.216
123.349 415.051
123.397 415.886
123.446 416.72
123.495 417.556
123.544 418.391
123.593 419.225
123.642 420.059
123.691 420.895
123.74 421.73
123.789 422.566
123.839 423.403
123.888 424.241
123.938 425.079
123.987 425.914
124.037 426.747
124.086 427.579
124.136 428.411
124.186 429.245
124.235 430.079
124.285 430.912
124.335 431.744
124.385 432.577
124.435 433.409
124.485 434.24
124.536 435.07
124.586 435.901
124.636 436.731
124.686 437.557
124.736 438.382
124.787 439.204
124.837 440.028
124.887 440.852
124.938 441.673
124.988 442.493
125.039 443.313
125.089 444.133
125.14 444.954
125.191 445.775
125.241 446.595
125.292 447.414
125.343 448.234
125.394 449.055
125.445 449.876
125.496 450.698
125.547 451.518
125.599 452.337
125.65 453.157
125.701 453.977
125.753 454.796
125.804 455.613
125.856 456.427
125.907 457.242
125.959 458.057
126.01 458.872
126.062 459.684
126.113 460.496
126.165 461.309
126.217 462.122
126.269 462.933
126.321 463.743
126.372 464.549
126.424 465.353
126.476 466.156
126.528 466.959
126.58 467.763
126.632 468.566
126.684 469.368
126.736 470.17
126.788 470.972
126.84 471.775
126.892 472.577
126.945 473.379
126.997 474.18
127.049 474.983
127.102 475.784
127.154 476.582
127.207 477.381
127.259 478.181
127.312 478.981
127.365 479.783
127.418 480.583
127.471 481.381
127.524 482.178
127.576 482.974
127.629 483.771
127.683 484.569
127.736 485.365
127.789 486.156
127.842 486.946
127.895 487.736
127.948 488.525
128.001 489.315
128.054 490.105
128.108 490.897
128.161 491.689
128.215 492.482
128.268 493.275
128.322 494.069
128.376 494.863
128.43 495.659
128.484 496.455
128.538 497.252
128.592 498.049
128.647 498.843
128.701 499.635
128.755 500.428
128.809 501.222
128.864 502.017
128.918 502.812
128.973 503.608
129.028 504.404
129.083 505.199
129.137 505.993
129.192 506.787
129.247 507.581
129.302 508.377
129.357 509.173
129.413 509.97
129.468 510.768
129.523 511.567
129.579 512.365
129.635 513.164
129.69 513.963
129.746 514.761
129.802 515.56
129.858 516.359
129.914 517.159
129.97 517.961
130.026 518.763
130.082 519.565
130.139 520.365
130.195 521.162
130.251 521.96
130.308 522.759
130.364 523.558
130.421 524.358
130.478 525.159
130.534 525.959
130.591 526.758
130.648 527.556
130.705 528.35
130.762 529.145
130.818 529.94
130.875 530.735
130.933 531.531
130.99 532.328
131.047 533.126
131.104 533.924
131.162 534.723
131.219 535.523
131.277 536.324
131.335 537.126
131.393 537.927
131.451 538.73
131.509 539.531
131.567 540.331
131.625 541.131
131.683 541.933
131.741 542.735
131.8 543.537
131.858 544.34
131.917 545.141
131.975 545.934
132.033 546.728
132.092 547.522
132.15 548.317
132.209 549.113
132.267 549.909
132.326 550.706
132.385 551.504
132.444 552.3
132.503 553.096
132.562 553.894
132.621 554.691
132.68 555.49
132.74 556.289
132.799 557.087
132.859 557.886
132.918 558.685
132.978 559.485
133.038 560.285
133.097 561.085
133.157 561.88
133.217 562.674
133.276 563.467
133.336 564.26
133.396 565.053
133.456 565.847
133.516 566.642
133.576 567.436
133.636 568.231
133.697 569.027
133.757 569.821
133.817 570.615
133.878 571.404
133.938 572.194
133.998 572.985
134.059 573.776
134.119 574.568
134.18 575.359
134.241 576.15
134.302 576.941
134.362 577.734
134.423 578.527
134.485 579.319
134.546 580.112
134.607 580.906
134.668 581.7
134.73 582.495
134.791 583.289
134.853 584.084
134.914 584.879
134.976 585.674
135.038 586.467
135.1 587.26
135.161 588.053
135.223 588.847
135.285 589.64
135.347 590.43
135.409 591.219
135.471 592.009
135.533 592.798
135.595 593.585
135.657 594.37
135.719 595.155
135.781 595.939
135.844 596.722
135.906 597.506
135.968 598.29
136.031 599.075
136.093 599.861
136.156 600.647
136.218 601.434
136.281 602.222
136.344 603.01
136.407 603.798
136.47 604.585
136.533 605.371
136.596 606.156
136.659 606.94
136.722 607.722
136.785 608.502
136.848 609.282
136.911 610.064
136.975 610.846
137.038 611.629
137.102 612.412
137.165 613.196
137.229 613.981
137.293 614.767
137.357 615.553
137.421 616.341
137.485 617.129
137.549 617.917
137.613 618.706
137.678 619.497
137.742 620.287
137.807 621.079
137.872 621.871
137.936 622.664
138.001 623.458
138.066 624.252
138.132 625.047
138.197 625.843
138.262 626.64
138.328 627.437
138.393 628.235
138.459 629.034
138.524 629.833
138.59 630.634
138.656 631.435
138.722 632.236
138.789 633.039
138.855 633.842
138.921 634.646
138.988 635.45
139.054 636.256
139.121 637.062
139.188 637.869
139.255 638.676
139.322 639.484
139.389 640.293
139.456 641.103
139.523 641.913
139.591 642.724
139.658 643.536
139.726 644.349
139.794 645.162
139.861 645.976
139.929 646.791
139.997 647.607
140.066 648.423
140.134 649.24
140.202 650.057
140.271 650.876
140.339 651.695
140.408 652.515
140.477 653.335
140.546 654.157
140.615 654.979
140.684 655.801
140.753 656.625
140.822 657.449
140.892 658.274
140.961 659.1
141.031 659.926
141.101 660.753
141.171 661.581
141.241 662.41
141.311 663.239
141.381 664.069
141.451 664.9
141.522 665.731
141.592 666.563
141.663 667.396
141.733 668.23
141.804 669.064
141.875 669.899
141.946 670.735
142.017 671.572
142.089 672.409
142.16 673.247
142.231 674.086
142.303 674.925
142.375 675.765
142.447 676.606
142.518 677.448
142.591 678.29
142.663 679.133
142.735 679.977
142.807 680.822
142.88 681.667
142.952 682.513
143.025 683.36
143.098 684.207
143.171 685.055
143.244 685.904
143.317 686.754
143.39 687.604
143.463 688.455
143.537 689.307
143.61 690.16
143.684 691.013
143.758 691.867
143.832 692.722
143.906 693.577
143.98 694.433
144.054 695.29
144.128 696.148
144.203 697.006
144.277 697.865
144.352 698.725
144.427 699.585
144.502 700.447
144.577 701.309
144.652 702.171
144.727 703.035
144.802 703.899
144.878 704.764
144.953 705.629
145.029 706.496
145.105 707.363
145.181 708.23
145.257 709.099
145.333 709.968
145.409 710.838
145.485 711.709
145.562 712.58
145.638 713.452
145.715 714.325
145.792 715.199
145.869 716.073
145.946 716.948
146.023 717.823
146.1 718.7
146.177 719.577
146.255 720.454
146.332 721.333
146.41 722.211
146.487 723.089
146.565 723.968
146.642 724.849
146.72 725.729
146.798 726.611
146.876 727.493
146.954 728.376
147.033 729.259
147.111 730.144
147.19 731.029
147.268 731.915
147.347 732.801
147.426 733.688
147.505 734.576
147.584 735.465
147.663 736.355
147.742 737.245
147.822 738.136
147.901 739.027
147.981 739.92
148.061 740.813
148.141 741.707
148.221 742.601
148.301 743.496
148.381 744.392
148.461 745.289
148.542 746.186
148.622 747.085
148.703 747.983
148.784 748.883
148.865 749.783
148.946 750.684
149.027 751.586
149.108 752.489
149.19 753.392
149.271 754.296
149.353 755.2
149.435 756.106
149.516 757.012
149.598 757.919
149.68 758.826
149.763 759.735
149.845 760.644
149.927 761.554
150.01 762.464
150.093 763.375
150.175 764.287
150.258 765.2
150.341 766.113
150.425 767.027
150.508 767.942
150.591 768.858
150.675 769.774
150.758 770.691
150.842 771.609
150.926 772.527
151.01 773.446
151.094 774.366
151.178 775.287
151.263 776.208
151.347 777.13
151.432 778.053
151.516 778.977
151.601 779.901
151.686 780.826
151.771 781.752
151.856 782.678
151.942 783.605
152.027 784.533
152.113 785.462
152.198 786.391
152.284 787.321
152.37 788.252
152.456 789.184
152.542 790.116
152.628 791.049
152.715 791.982
152.801 792.917
152.888 793.852
152.975 794.788
153.062 795.724
153.149 796.662
153.236 797.6
153.323 798.539
153.41 799.478
153.498 800.418
153.585 801.359
153.673 802.301
153.761 803.243
153.849 804.186
153.937 805.13
154.025 806.075
154.113 807.02
154.202 807.966
154.29 808.913
154.379 809.86
154.468 810.809
154.557 811.758
154.646 812.707
154.735 813.658
154.824 814.609
154.914 815.561
155.003 816.513
155.093 817.466
155.183 818.42
155.273 819.375
155.363 820.331
155.453 821.287
155.543 822.244
155.634 823.201
155.724 824.16
155.815 825.119
155.906 826.079
155.997 827.039
156.088 828
156.179 828.962
156.27 829.925
156.362 830.888
156.453 831.853
156.545 832.817
156.637 833.783
156.728 834.749
156.82 835.716
156.913 836.684
157.005 837.653
157.097 838.622
157.19 839.592
157.282 840.563
157.375 841.534
157.468 842.506
157.561 843.479
157.654 844.453
157.748 845.427
157.841 846.402
157.935 847.378
158.028 848.354
158.122 849.331
158.216 850.309
158.31 851.288
158.404 852.267
158.499 853.247
158.593 854.228
158.687 855.21
158.782 856.192
158.877 857.175
158.972 858.159
159.067 859.143
159.162 860.128
159.257 861.114
159.353 862.101
159.448 863.088
159.544 864.076
159.64 865.065
159.736 866.055
159.832 867.045
159.928 868.036
160.025 869.028
160.121 870.02
160.218 871.013
160.314 872.007
160.411 873.002
160.508 873.997
160.605 874.993
160.703 875.99
160.8 876.988
160.897 877.986
160.995 878.985
161.093 879.984
161.191 880.985
161.289 881.986
161.387 882.988
161.485 883.99
161.583 884.994
161.682 885.998
161.781 887.002
161.879 888.008
161.978 889.014
162.077 890.021
162.177 891.029
162.276 892.037
162.375 893.046
162.475 894.056
162.575 895.067
162.674 896.078
162.774 897.09
162.875 898.103
162.975 899.116
163.075 900.13
163.176 901.145
163.276 902.161
163.377 903.177
163.478 904.194
163.579 905.212
163.68 906.231
163.781 907.25
163.883 908.27
163.984 909.29
164.086 910.312
164.188 911.334
164.29 912.357
164.392 913.381
164.494 914.405
164.596 915.43
164.699 916.456
164.801 917.482
164.904 918.509
165.007 919.537
165.11 920.566
165.213 921.595
165.316 922.626
165.42 923.656
165.523 924.688
165.627 925.72
165.731 926.753
165.835 927.787
165.939 928.822
166.043 929.857
166.147 930.893
166.252 931.929
166.356 932.967
166.461 934.005
166.566 935.044
166.671 936.083
166.776 937.123
166.881 938.164
166.987 939.206
167.092 940.249
167.198 941.292
167.304 942.336
167.41 943.38
167.516 944.426
167.622 945.472
167.728 946.519
167.835 947.566
167.941 948.614
168.048 949.663
168.155 950.713
168.262 951.763
168.369 952.814
168.476 953.866
168.584 954.919
168.691 955.972
168.799 957.026
168.907 958.081
169.015 959.137
169.123 960.193
169.231 961.25
169.34 962.307
169.448 963.366
169.557 964.425
169.666 965.485
169.775 966.545
169.884 967.607
169.993 968.669
170.102 969.731
170.212 970.795
170.321 971.859
170.431 972.924
170.541 973.99
170.651 975.056
170.761 976.123
170.871 977.191
170.982 978.259
171.092 979.329
171.203 980.399
171.314 981.469
171.425 982.541
171.536 983.613
171.647 984.686
171.759 985.759
171.87 986.834
171.982 987.909
172.094 988.984
172.206 990.061
172.318 991.138
172.43 992.216
172.543 993.295
172.655 994.374
172.768 995.454
172.881 996.535
172.994 997.617
173.107 998.699
173.22 999.782
173.333 1000.87
173.447 1001.95
173.56 1003.04
173.674 1004.12
173.788 1005.21
173.902 1006.3
174.016 1007.38
174.131 1008.47
174.245 1009.56
174.36 1010.65
174.475 1011.74
174.589 1012.83
174.705 1013.93
174.82 1015.02
174.935 1016.11
175.05 1017.21
175.166 1018.3
175.282 1019.4
175.398 1020.5
175.514 1021.59
175.63 1022.69
175.746 1023.79
175.863 1024.89
175.979 1025.99
176.096 1027.09
176.213 1028.19
176.33 1029.3
176.447 1030.4
176.564 1031.5
176.682 1032.61
176.799 1033.71
176.917 1034.82
177.035 1035.92
177.153 1037.03
177.271 1038.14
177.389 1039.25
177.507 1040.36
177.626 1041.47
177.745 1042.58
177.863 1043.69
177.982 1044.8
178.102 1045.91
178.221 1047.03
178.34 1048.14
178.46 1049.26
178.579 1050.37
178.699 1051.49
178.819 1052.61
178.939 1053.73
179.06 1054.84
179.18 1055.96
179.301 1057.08
179.421 1058.21
179.542 1059.33
179.663 1060.45
179.784 1061.57
179.906 1062.7
180.027 1063.82
180.149 1064.95
180.27 1066.07
180.392 1067.2
180.514 1068.33
180.636 1069.46
180.759 1070.58
180.881 1071.71
181.004 1072.84
181.126 1073.98
181.249 1075.11
181.372 1076.24
181.496 1077.37
181.619 1078.51
181.742 1079.64
181.866 1080.78
181.989 1081.9
182.112 1083.02
182.235 1084.15
182.358 1085.27
182.481 1086.4
182.605 1087.53
182.729 1088.65
182.853 1089.78
182.977 1090.91
183.101 1092.04
183.225 1093.17
183.349 1094.3
183.474 1095.43
183.599 1096.57
183.724 1097.7
183.849 1098.83
183.974 1099.97
184.099 1101.1
184.225 1102.24
184.35 1103.38
184.476 1104.51
184.602 1105.65
184.728 1106.79
184.854 1107.93
184.98 1109.07
185.107 1110.21
185.233 1111.35
185.36 1112.5
185.487 1113.64
185.614 1114.78
185.741 1115.93
185.869 1117.07
185.996 1118.22
186.124 1119.37
186.252 1120.51
186.38 1121.66
186.508 1122.81
186.636 1123.96
186.764 1125.11
186.893 1126.26
187.02 1127.4
187.148 1128.53
187.276 1129.67
187.404 1130.81
187.533 1131.95
187.661 1133.1
187.79 1134.24
187.918 1135.38
188.047 1136.52
188.176 1137.67
188.305 1138.81
188.435 1139.96
188.564 1141.11
188.694 1142.25
188.824 1143.4
188.953 1144.55
189.084 1145.7
189.214 1146.85
189.344 1148
189.475 1149.15
189.605 1150.3
189.736 1151.45
189.867 1152.61
189.998 1153.76
190.129 1154.92
190.261 1156.07
190.392 1157.23
190.524 1158.39
190.656 1159.54
190.788 1160.7
190.92 1161.86
191.052 1163.02
191.184 1164.18
191.317 1165.34
191.449 1166.5
191.582 1167.66
191.715 1168.83
191.848 1169.99
191.981 1171.15
192.115 1172.32
192.248 1173.48
192.382 1174.65
192.509 1175.73
192.627 1176.68
192.732 1177.44
192.836 1178.2
192.933 1178.84
193.026 1179.43
193.119 1180.03
193.212 1180.63
193.305 1181.22
193.397 1181.81
193.461 1181.98
193.526 1182.16
193.591 1182.33
193.655 1182.51
193.72 1182.69
193.785 1182.87
193.85 1183.05
193.914 1183.23
193.979 1183.41
194.044 1183.59
194.109 1183.77
194.174 1183.95
194.239 1184.12
194.303 1184.3
194.367 1184.47
194.432 1184.64
194.496 1184.82
194.561 1184.99
194.625 1185.16
194.689 1185.34
194.754 1185.51
194.818 1185.68
194.881 1185.83
194.943 1185.98
195.006 1186.13
195.068 1186.28
195.131 1186.44
195.193 1186.59
195.256 1186.74
195.319 1186.89
195.381 1187.04
195.444 1187.19
195.507 1187.35
195.57 1187.5
195.632 1187.65
195.695 1187.8
195.758 1187.95
195.821 1188.11
195.884 1188.26
195.946 1188.41
196.009 1188.56
196.072 1188.72
196.135 1188.87
196.198 1189.02
196.261 1189.17
196.324 1189.33
196.387 1189.48
196.45 1189.63
196.513 1189.79
196.576 1189.94
196.639 1190.09
196.702 1190.25
196.765 1190.4
196.828 1190.55
196.892 1190.71
196.955 1190.86
197.018 1191.02
197.081 1191.17
197.144 1191.32
197.208 1191.48
197.271 1191.63
197.334 1191.79
197.397 1191.94
197.461 1192.1
197.524 1192.25
197.587 1192.41
197.651 1192.56
197.714 1192.72
197.778 1192.87
197.841 1193.03
197.905 1193.18
197.968 1193.34
198.032 1193.49
198.095 1193.65
198.159 1193.8
198.222 1193.95
198.285 1194.11
198.349 1194.26
198.412 1194.42
198.476 1194.57
198.539 1194.72
198.603 1194.88
198.666 1195.03
198.73 1195.18
198.793 1195.34
198.857 1195.49
198.92 1195.65
198.984 1195.8
199.048 1195.96
199.111 1196.11
199.175 1196.27
199.239 1196.42
199.302 1196.58
199.366 1196.73
199.43 1196.89
199.494 1197.04
199.558 1197.2
199.621 1197.35
199.685 1197.51
199.749 1197.66
199.813 1197.82
199.877 1197.97
199.941 1198.13
200.005 1198.29
200.069 1198.44
200.133 1198.6
200.197 1198.75
200.261 1198.91
200.325 1199.07
200.389 1199.22
200.453 1199.38
200.517 1199.54
200.581 1199.69
200.645 1199.85
200.71 1200.01
200.774 1200.16
200.838 1200.32
200.902 1200.48
200.966 1200.63
201.031 1200.79
201.095 1200.95
201.159 1201.11
201.224 1201.26
201.288 1201.42
201.352 1201.58
201.416 1201.73
201.478 1201.86
201.541 1202
201.604 1202.14
201.667 1202.28
201.73 1202.42
201.793 1202.57
201.856 1202.71
201.919 1202.85
201.982 1202.99
202.045 1203.13
202.108 1203.27
202.171 1203.41
202.234 1203.55
202.297 1203.69
202.36 1203.83
202.423 1203.97
202.486 1204.11
202.549 1204.26
202.612 1204.4
202.675 1204.54
202.739 1204.68
202.802 1204.82
202.865 1204.96
202.928 1205.11
202.991 1205.25
203.055 1205.39
203.118 1205.53
203.181 1205.67
203.245 1205.82
203.308 1205.96
203.371 1206.09
203.434 1206.23
203.497 1206.37
203.56 1206.51
203.623 1206.64
203.686 1206.78
203.749 1206.92
203.812 1207.06
203.875 1207.19
203.938 1207.33
204.001 1207.47
204.064 1207.61
204.127 1207.74
204.19 1207.88
204.253 1208.02
204.316 1208.16
204.379 1208.3
204.443 1208.44
204.506 1208.57
204.569 1208.71
204.632 1208.85
204.696 1208.99
204.759 1209.13
204.822 1209.27
204.885 1209.41
204.949 1209.55
205.012 1209.68
205.075 1209.82
205.139 1209.96
205.201 1210.09
205.263 1210.21
205.325 1210.34
205.387 1210.46
205.449 1210.58
205.51 1210.7
205.572 1210.82
205.634 1210.94
205.696 1211.06
205.758 1211.18
205.82 1211.31
205.882 1211.43
205.944 1211.55
206.006 1211.67
206.068 1211.79
206.13 1211.92
206.192 1212.04
206.254 1212.16
206.316 1212.28
206.378 1212.4
206.44 1212.53
206.502 1212.65
206.564 1212.77
206.625 1212.88
206.685 1212.98
206.746 1213.09
206.806 1213.19
206.867 1213.29
206.927 1213.4
206.988 1213.5
207.048 1213.6
207.109 1213.71
207.169 1213.81
207.23 1213.91
207.29 1214.02
207.351 1214.12
207.412 1214.23
207.472 1214.33
207.533 1214.43
207.593 1214.54
207.654 1214.64
207.715 1214.75
207.775 1214.85
207.836 1214.95
207.897 1215.06
207.957 1215.16
208.018 1215.27
208.079 1215.37
208.14 1215.48
208.2 1215.58
208.261 1215.69
208.322 1215.79
208.383 1215.9
208.443 1216
208.504 1216.11
208.565 1216.21
208.626 1216.32
208.687 1216.42
208.748 1216.53
208.809 1216.63
208.87 1216.74
208.93 1216.84
208.991 1216.95
209.052 1217.05
209.113 1217.16
209.174 1217.26
209.235 1217.37
209.295 1217.47
209.356 1217.57
209.416 1217.67
209.477 1217.77
209.538 1217.87
209.598 1217.97
209.659 1218.07
209.719 1218.17
209.78 1218.27
209.841 1218.37
209.901 1218.48
209.962 1218.58
210.023 1218.68
210.083 1218.78
210.144 1218.88
210.205 1218.98
210.266 1219.08
210.326 1219.19
210.387 1219.29
210.448 1219.39
210.509 1219.49
210.569 1219.59
210.63 1219.69
210.691 1219.8
210.752 1219.9
210.813 1220
210.874 1220.1
210.934 1220.2
210.995 1220.31
211.056 1220.41
211.117 1220.51
211.178 1220.61
211.239 1220.72
211.3 1220.82
211.361 1220.92
211.422 1221.02
211.483 1221.13
211.544 1221.23
211.605 1221.33
211.666 1221.43
211.727 1221.54
211.788 1221.64
211.849 1221.74
211.91 1221.85
211.972 1221.95
212.032 1222.05
212.093 1222.15
212.154 1222.25
212.215 1222.35
212.275 1222.45
