0.1 -0.00635296
0.2 -0.0134179
0.3 -0.0201554
0.4 -0.0268982
0.5 -0.0336528
0.6 -0.0404195
0.7 -0.0471984
0.8 -0.0539895
0.9 -0.0607929
1 -0.0676087
1.26201 -0.0776087
2.52176 -0.0876087
3.77871 -0.0976087
5.03274 -0.107609
6.28367 -0.117609
7.53149 -0.127609
8.77611 -0.137609
10.0176 -0.147609
11.2559 -0.157609
12.491 -0.167609
13.7228 -0.177609
14.9514 -0.187609
16.1769 -0.197609
17.3991 -0.207609
18.6182 -0.217609
19.8341 -0.227609
21.0467 -0.237609
22.2562 -0.247609
23.4625 -0.257609
24.6656 -0.267609
25.8655 -0.277609
27.0623 -0.287609
28.2559 -0.297609
29.4462 -0.307609
30.6335 -0.317609
31.8175 -0.327609
32.9984 -0.337609
34.1761 -0.347609
35.3507 -0.357609
36.5221 -0.367609
37.6903 -0.377609
38.8554 -0.387609
40.0173 -0.397609
41.176 -0.407609
42.3317 -0.417609
43.4841 -0.427609
44.6335 -0.437609
45.7796 -0.447609
46.9227 -0.457609
48.0626 -0.467609
49.1994 -0.477609
50.3331 -0.487609
51.4636 -0.497609
52.591 -0.507609
53.7153 -0.517609
54.8365 -0.527609
55.9546 -0.537609
57.0695 -0.547609
58.1814 -0.557609
59.2901 -0.567609
60.3958 -0.577609
61.4983 -0.587609
62.5977 -0.597609
63.6941 -0.607609
64.7873 -0.617609
65.8774 -0.627609
66.9645 -0.637609
68.0485 -0.647609
69.1293 -0.657609
70.2071 -0.667609
71.2818 -0.677609
72.3535 -0.687609
73.422 -0.697609
74.4875 -0.707609
75.5499 -0.717609
76.6093 -0.727609
77.6655 -0.737609
78.7188 -0.747609
79.7689 -0.757609
80.816 -0.767609
81.86 -0.777609
82.9009 -0.787609
83.9389 -0.797609
84.9737 -0.807609
86.0055 -0.817609
87.0342 -0.827609
88.0599 -0.837609
89.0826 -0.847609
90.1022 -0.857609
91.1187 -0.867609
92.1323 -0.877609
93.1427 -0.887609
94.1502 -0.897609
95.1546 -0.907609
96.1559 -0.917609
97.1542 -0.927609
98.1495 -0.937609
99.1418 -0.947609
100.131 -0.957609
101.117 -0.967609
102.1 -0.977609
103.081 -0.987609
104.058 -0.997609
105.032 -1.00761
106.003 -1.01761
106.971 -1.02761
107.936 -1.03761
108.898 -1.04761
109.857 -1.05761
110.813 -1.06761
111.766 -1.07761
112.716 -1.08761
113.663 -1.09761
114.606 -1.10761
115.547 -1.11761
116.485 -1.12761
117.42 -1.13761
118.352 -1.14761
119.281 -1.15761
120.206 -1.16761
121.129 -1.17761
122.049 -1.18761
122.966 -1.19761
123.879 -1.20761
124.79 -1.21761
125.698 -1.22761
126.602 -1.23761
127.504 -1.24761
128.402 -1.25761
129.298 -1.26761
130.191 -1.27761
131.08 -1.28761
131.967 -1.29761
132.85 -1.30761
133.731 -1.31761
134.608 -1.32761
135.483 -1.33761
136.354 -1.34761
137.222 -1.35761
138.088 -1.36761
138.95 -1.37761
139.809 -1.38761
140.666 -1.39761
141.519 -1.40761
142.369 -1.41761
143.216 -1.42761
144.06 -1.43761
144.901 -1.44761
145.739 -1.45761
146.574 -1.46761
147.406 -1.47761
148.235 -1.48761
149.061 -1.49761
149.883 -1.50761
150.703 -1.51761
151.514 -1.52761
152.319 -1.53761
153.098 -1.54761
153.868 -1.55761
154.603 -1.56761
155.319 -1.57761
155.986 -1.58761
156.581 -1.59761
157.14 -1.60761
157.686 -1.61761
158.217 -1.62761
158.738 -1.63761
159.246 -1.64761
159.741 -1.65761
160.232 -1.66761
160.717 -1.67761
161.186 -1.68761
161.648 -1.69761
162.102 -1.70761
162.543 -1.71761
162.964 -1.72761
163.382 -1.73761
163.789 -1.74761
164.191 -1.75761
164.561 -1.76761
164.916 -1.77761
165.267 -1.78761
165.609 -1.79761
165.945 -1.80761
166.257 -1.81761
166.543 -1.82761
166.827 -1.83761
167.104 -1.84761
167.35 -1.85761
167.578 -1.86761
167.804 -1.87761
168.024 -1.88761
168.24 -1.89761
168.454 -1.90761
168.666 -1.91761
168.875 -1.92761
169.076 -1.93761
169.24 -1.94761
169.399 -1.95761
169.55 -1.96761
169.49 -1.97761
169.263 -1.98761
168.926 -1.99761
167.907 -2.00761
164.747 -2.01761
163.555 -2.02761
162.973 -2.03761
162.773 -2.04761
162.558 -2.05761
162.246 -2.06761
162.108 -2.07761
161.971 -2.08761
161.796 -2.09761
161.597 -2.10761
161.38 -2.11761
161.216 -2.12761
161.066 -2.13761
160.93 -2.14761
160.794 -2.15761
160.678 -2.16761
160.589 -2.17761
160.517 -2.18761
160.416 -2.19761
160.312 -2.20761
160.198 -2.21761
160.075 -2.22761
159.96 -2.23761
159.866 -2.24761
159.78 -2.25761
159.69 -2.26761
159.596 -2.27761
159.5 -2.28761
159.399 -2.29761
159.295 -2.30761
159.142 -2.31761
158.973 -2.32761
158.795 -2.33761
158.607 -2.34761
158.413 -2.35761
158.216 -2.36761
157.932 -2.37761
157.439 -2.38761
156.928 -2.39761
156.436 -2.40761
156.148 -2.41761
155.844 -2.42761
155.604 -2.43761
155.343 -2.44761
155.096 -2.45761
154.904 -2.46761
154.741 -2.47761
154.577 -2.48761
154.412 -2.49761
154.243 -2.50761
154.072 -2.51761
153.898 -2.52761
153.72 -2.53761
153.553 -2.54761
153.389 -2.55761
153.24 -2.56761
153.095 -2.57761
152.948 -2.58761
152.799 -2.59761
152.647 -2.60761
152.493 -2.61761
152.342 -2.62761
152.189 -2.63761
152.029 -2.64761
151.868 -2.65761
151.711 -2.66761
151.556 -2.67761
151.401 -2.68761
151.245 -2.69761
151.099 -2.70761
150.95 -2.71761
150.801 -2.72761
150.651 -2.73761
150.5 -2.74761
150.349 -2.75761
150.198 -2.76761
150.046 -2.77761
149.895 -2.78761
149.746 -2.79761
149.597 -2.80761
149.451 -2.81761
149.309 -2.82761
149.169 -2.83761
149.03 -2.84761
148.889 -2.85761
148.748 -2.86761
148.613 -2.87761
148.477 -2.88761
148.342 -2.89761
148.205 -2.90761
148.069 -2.91761
147.934 -2.92761
147.804 -2.93761
147.673 -2.94761
147.542 -2.95761
147.413 -2.96761
147.283 -2.97761
147.153 -2.98761
147.025 -2.99761
146.898 -3.00761
146.771 -3.01761
146.643 -3.02761
146.514 -3.03761
146.385 -3.04761
146.26 -3.05761
146.135 -3.06761
146.009 -3.07761
145.883 -3.08761
145.756 -3.09761
145.629 -3.10761
145.501 -3.11761
145.373 -3.12761
145.245 -3.13761
145.118 -3.14761
144.991 -3.15761
144.864 -3.16761
144.736 -3.17761
144.609 -3.18761
144.484 -3.19761
144.36 -3.20761
144.238 -3.21761
144.115 -3.22761
143.992 -3.23761
143.869 -3.24761
143.746 -3.25761
143.622 -3.26761
143.499 -3.27761
143.375 -3.28761
143.25 -3.29761
143.126 -3.30761
143.001 -3.31761
142.876 -3.32761
142.751 -3.33761
142.625 -3.34761
142.5 -3.35761
142.375 -3.36761
142.252 -3.37761
142.13 -3.38761
142.008 -3.39761
141.886 -3.40761
141.764 -3.41761
141.641 -3.42761
141.519 -3.43761
141.405 -3.44761
141.296 -3.45761
141.186 -3.46761
141.077 -3.47761
140.967 -3.48761
140.858 -3.49761
140.749 -3.50761
140.64 -3.51761
140.531 -3.52761
140.422 -3.53761
140.313 -3.54761
140.204 -3.55761
140.094 -3.56761
139.984 -3.57761
139.876 -3.58761
139.768 -3.59761
139.661 -3.60761
139.555 -3.61761
139.448 -3.62761
139.341 -3.63761
139.233 -3.64761
139.126 -3.65761
139.018 -3.66761
138.91 -3.67761
138.802 -3.68761
138.694 -3.69761
138.586 -3.70761
138.479 -3.71761
138.371 -3.72761
138.263 -3.73761
138.155 -3.74761
138.046 -3.75761
137.938 -3.76761
137.83 -3.77761
137.722 -3.78761
137.614 -3.79761
137.505 -3.80761
137.396 -3.81761
137.288 -3.82761
137.181 -3.83761
137.076 -3.84761
136.972 -3.85761
136.867 -3.86761
136.762 -3.87761
136.657 -3.88761
136.552 -3.89761
136.455 -3.90761
136.366 -3.91761
136.277 -3.92761
136.189 -3.93761
136.1 -3.94761
136.011 -3.95761
135.922 -3.96761
135.833 -3.97761
135.744 -3.98761
135.655 -3.99761
135.572 -4.00761
135.49 -4.01761
135.408 -4.02761
135.327 -4.03761
135.245 -4.04761
135.163 -4.05761
135.081 -4.06761
134.999 -4.07761
134.917 -4.08761
134.834 -4.09761
134.752 -4.10761
134.67 -4.11761
134.588 -4.12761
134.506 -4.13761
134.424 -4.14761
134.342 -4.15761
134.26 -4.16761
134.178 -4.17761
134.096 -4.18761
134.015 -4.19761
133.933 -4.20761
133.851 -4.21761
133.769 -4.22761
133.687 -4.23761
133.605 -4.24761
133.524 -4.25761
133.444 -4.26761
133.363 -4.27761
133.282 -4.28761
133.202 -4.29761
133.121 -4.30761
133.04 -4.31761
132.96 -4.32761
132.879 -4.33761
132.799 -4.34761
132.718 -4.35761
132.638 -4.36761
132.557 -4.37761
132.476 -4.38761
132.396 -4.39761
132.315 -4.40761
132.234 -4.41761
132.154 -4.42761
132.073 -4.43761
131.993 -4.44761
131.912 -4.45761
131.832 -4.46761
131.752 -4.47761
131.671 -4.48761
131.591 -4.49761
131.511 -4.50761
131.43 -4.51761
131.35 -4.52761
131.27 -4.53761
131.19 -4.54761
131.11 -4.55761
131.03 -4.56761
130.95 -4.57761
130.87 -4.58761
130.79 -4.59761
130.711 -4.60761
130.631 -4.61761
130.551 -4.62761
130.471 -4.63761
130.391 -4.64761
130.32 -4.65761
130.249 -4.66761
130.179 -4.67761
130.108 -4.68761
130.038 -4.69761
129.967 -4.70761
129.897 -4.71761
129.827 -4.72761
129.757 -4.73761
129.687 -4.74761
129.617 -4.75761
129.547 -4.76761
129.477 -4.77761
129.407 -4.78761
129.337 -4.79761
129.268 -4.80761
129.198 -4.81761
129.128 -4.82761
129.059 -4.83761
128.989 -4.84761
128.919 -4.85761
128.85 -4.86761
128.781 -4.87761
128.711 -4.88761
128.642 -4.89761
128.573 -4.90761
128.504 -4.91761
128.435 -4.92761
128.366 -4.93761
128.297 -4.94761
128.228 -4.95761
128.159 -4.96761
128.09 -4.97761
128.022 -4.98761
127.953 -4.99761
127.885 -5.00761
127.816 -5.01761
127.748 -5.02761
127.68 -5.03761
127.611 -5.04761
127.543 -5.05761
127.475 -5.06761
127.407 -5.07761
127.342 -5.08761
127.277 -5.09761
127.212 -5.10761
127.148 -5.11761
127.083 -5.12761
127.019 -5.13761
126.955 -5.14761
126.891 -5.15761
126.827 -5.16761
126.763 -5.17761
126.7 -5.18761
126.636 -5.19761
126.572 -5.20761
126.509 -5.21761
126.446 -5.22761
126.382 -5.23761
126.319 -5.24761
126.256 -5.25761
126.193 -5.26761
126.13 -5.27761
126.067 -5.28761
126.004 -5.29761
125.941 -5.30761
125.878 -5.31761
125.816 -5.32761
125.753 -5.33761
125.691 -5.34761
125.628 -5.35761
125.566 -5.36761
125.504 -5.37761
125.442 -5.38761
125.38 -5.39761
125.318 -5.40761
125.261 -5.41761
125.205 -5.42761
125.149 -5.43761
125.093 -5.44761
125.036 -5.45761
124.98 -5.46761
124.924 -5.47761
124.868 -5.48761
124.813 -5.49761
124.757 -5.50761
124.704 -5.51761
124.651 -5.52761
124.599 -5.53761
124.547 -5.54761
124.494 -5.55761
124.442 -5.56761
124.39 -5.57761
124.337 -5.58761
124.285 -5.59761
124.233 -5.60761
124.181 -5.61761
124.129 -5.62761
124.078 -5.63761
124.026 -5.64761
123.975 -5.65761
123.924 -5.66761
123.872 -5.67761
123.821 -5.68761
123.77 -5.69761
123.719 -5.70761
123.668 -5.71761
123.617 -5.72761
123.566 -5.73761
123.515 -5.74761
123.464 -5.75761
123.414 -5.76761
123.363 -5.77761
123.312 -5.78761
123.262 -5.79761
123.212 -5.80761
123.161 -5.81761
123.111 -5.82761
123.061 -5.83761
123.01 -5.84761
122.96 -5.85761
122.91 -5.86761
122.86 -5.87761
122.81 -5.88761
122.76 -5.89761
122.71 -5.90761
122.661 -5.91761
122.611 -5.92761
122.561 -5.93761
122.512 -5.94761
122.462 -5.95761
122.413 -5.96761
122.363 -5.97761
122.314 -5.98761
122.264 -5.99761
122.215 -6.00761
122.166 -6.01761
122.117 -6.02761
122.068 -6.03761
122.019 -6.04761
121.97 -6.05761
121.921 -6.06761
121.873 -6.07761
121.828 -6.08761
121.783 -6.09761
121.738 -6.10761
121.694 -6.11761
121.649 -6.12761
121.605 -6.13761
121.561 -6.14761
121.517 -6.15761
121.473 -6.16761
121.429 -6.17761
121.385 -6.18761
121.341 -6.19761
121.298 -6.20761
121.254 -6.21761
121.211 -6.22761
121.167 -6.23761
121.124 -6.24761
121.081 -6.25761
121.038 -6.26761
120.995 -6.27761
120.952 -6.28761
120.909 -6.29761
120.866 -6.30761
120.823 -6.31761
120.78 -6.32761
120.737 -6.33761
120.695 -6.34761
120.652 -6.35761
120.61 -6.36761
120.567 -6.37761
120.525 -6.38761
120.483 -6.39761
120.44 -6.40761
120.398 -6.41761
120.356 -6.42761
120.314 -6.43761
120.272 -6.44761
120.23 -6.45761
120.189 -6.46761
120.147 -6.47761
120.105 -6.48761
120.064 -6.49761
120.022 -6.50761
119.981 -6.51761
119.94 -6.52761
119.898 -6.53761
119.857 -6.54761
119.816 -6.55761
119.775 -6.56761
119.734 -6.57761
119.693 -6.58761
119.652 -6.59761
119.611 -6.60761
119.571 -6.61761
119.53 -6.62761
119.49 -6.63761
119.449 -6.64761
119.409 -6.65761
119.368 -6.66761
119.328 -6.67761
119.288 -6.68761
119.25 -6.69761
119.212 -6.70761
119.176 -6.71761
119.141 -6.72761
119.106 -6.73761
119.072 -6.74761
119.038 -6.75761
119.003 -6.76761
118.969 -6.77761
118.935 -6.78761
118.901 -6.79761
118.867 -6.80761
118.833 -6.81761
118.799 -6.82761
118.765 -6.83761
118.731 -6.84761
118.698 -6.85761
118.664 -6.86761
118.631 -6.87761
118.597 -6.88761
118.564 -6.89761
118.53 -6.90761
118.497 -6.91761
118.464 -6.92761
118.431 -6.93761
118.398 -6.94761
118.365 -6.95761
118.332 -6.96761
118.299 -6.97761
118.266 -6.98761
118.234 -6.99761
118.201 -7.00761
118.169 -7.01761
118.137 -7.02761
118.104 -7.03761
118.072 -7.04761
118.04 -7.05761
118.008 -7.06761
117.976 -7.07761
117.944 -7.08761
117.912 -7.09761
117.88 -7.10761
117.848 -7.11761
117.817 -7.12761
117.785 -7.13761
117.754 -7.14761
117.722 -7.15761
117.691 -7.16761
117.659 -7.17761
117.628 -7.18761
117.597 -7.19761
117.566 -7.20761
117.535 -7.21761
117.504 -7.22761
117.473 -7.23761
117.443 -7.24761
117.412 -7.25761
117.381 -7.26761
117.351 -7.27761
117.32 -7.28761
117.29 -7.29761
117.26 -7.30761
117.229 -7.31761
117.199 -7.32761
117.169 -7.33761
117.139 -7.34761
117.109 -7.35761
117.079 -7.36761
117.05 -7.37761
117.02 -7.38761
116.99 -7.39761
116.961 -7.40761
116.931 -7.41761
116.902 -7.42761
116.873 -7.43761
116.844 -7.44761
116.814 -7.45761
116.785 -7.46761
116.756 -7.47761
116.728 -7.48761
116.699 -7.49761
116.67 -7.50761
116.642 -7.51761
116.613 -7.52761
116.585 -7.53761
116.557 -7.54761
116.528 -7.55761
116.5 -7.56761
116.472 -7.57761
116.444 -7.58761
116.416 -7.59761
116.389 -7.60761
116.361 -7.61761
116.333 -7.62761
116.306 -7.63761
116.278 -7.64761
116.251 -7.65761
116.223 -7.66761
116.196 -7.67761
116.168 -7.68761
116.14 -7.69761
116.111 -7.70761
116.083 -7.71761
116.055 -7.72761
116.027 -7.73761
115.999 -7.74761
115.971 -7.75761
115.943 -7.76761
115.915 -7.77761
115.887 -7.78761
115.859 -7.79761
115.832 -7.80761
115.804 -7.81761
115.777 -7.82761
115.749 -7.83761
115.722 -7.84761
115.695 -7.85761
115.668 -7.86761
115.64 -7.87761
115.613 -7.88761
115.586 -7.89761
115.56 -7.90761
115.534 -7.91761
115.508 -7.92761
115.482 -7.93761
115.457 -7.94761
115.431 -7.95761
115.405 -7.96761
115.38 -7.97761
115.354 -7.98761
115.329 -7.99761
115.304 -8.00761
115.278 -8.01761
115.253 -8.02761
115.228 -8.03761
115.203 -8.04761
115.178 -8.05761
115.153 -8.06761
115.129 -8.07761
115.104 -8.08761
115.079 -8.09761
115.055 -8.10761
115.03 -8.11761
115.006 -8.12761
114.981 -8.13761
114.957 -8.14761
114.933 -8.15761
114.909 -8.16761
114.885 -8.17761
114.861 -8.18761
114.837 -8.19761
114.813 -8.20761
114.79 -8.21761
114.766 -8.22761
114.743 -8.23761
114.72 -8.24761
114.696 -8.25761
114.673 -8.26761
114.649 -8.27761
114.626 -8.28761
114.603 -8.29761
114.58 -8.30761
114.557 -8.31761
114.534 -8.32761
114.511 -8.33761
114.489 -8.34761
114.466 -8.35761
114.443 -8.36761
114.421 -8.37761
114.398 -8.38761
114.376 -8.39761
114.354 -8.40761
114.332 -8.41761
114.31 -8.42761
114.288 -8.43761
114.266 -8.44761
114.244 -8.45761
114.222 -8.46761
114.2 -8.47761
114.179 -8.48761
114.157 -8.49761
114.135 -8.50761
114.114 -8.51761
114.093 -8.52761
114.072 -8.53761
114.05 -8.54761
114.029 -8.55761
114.008 -8.56761
113.987 -8.57761
113.967 -8.58761
113.946 -8.59761
113.925 -8.60761
113.905 -8.61761
113.885 -8.62761
113.864 -8.63761
113.844 -8.64761
113.824 -8.65761
113.803 -8.66761
113.783 -8.67761
113.763 -8.68761
113.744 -8.69761
113.724 -8.70761
113.704 -8.71761
113.684 -8.72761
113.665 -8.73761
113.645 -8.74761
113.626 -8.75761
113.607 -8.76761
113.587 -8.77761
113.568 -8.78761
113.549 -8.79761
113.53 -8.80761
113.511 -8.81761
113.492 -8.82761
113.474 -8.83761
113.455 -8.84761
113.436 -8.85761
113.418 -8.86761
113.4 -8.87761
113.381 -8.88761
113.363 -8.89761
113.345 -8.90761
113.327 -8.91761
113.309 -8.92761
113.291 -8.93761
113.273 -8.94761
113.255 -8.95761
113.238 -8.96761
113.22 -8.97761
113.203 -8.98761
113.185 -8.99761
113.168 -9.00761
113.151 -9.01761
113.134 -9.02761
113.117 -9.03761
113.1 -9.04761
113.083 -9.05761
113.066 -9.06761
113.049 -9.07761
113.033 -9.08761
113.016 -9.09761
113 -9.10761
112.984 -9.11761
112.968 -9.12761
112.952 -9.13761
112.936 -9.14761
112.92 -9.15761
112.904 -9.16761
112.888 -9.17761
112.873 -9.18761
112.857 -9.19761
112.842 -9.20761
112.826 -9.21761
112.811 -9.22761
112.796 -9.23761
112.781 -9.24761
112.766 -9.25761
112.751 -9.26761
112.735 -9.27761
112.719 -9.28761
112.704 -9.29761
112.688 -9.30761
112.673 -9.31761
112.658 -9.32761
112.643 -9.33761
112.628 -9.34761
112.614 -9.35761
112.6 -9.36761
112.586 -9.37761
112.573 -9.38761
112.559 -9.39761
112.546 -9.40761
112.533 -9.41761
112.519 -9.42761
112.506 -9.43761
112.493 -9.44761
112.48 -9.45761
112.467 -9.46761
112.454 -9.47761
112.442 -9.48761
112.429 -9.49761
112.416 -9.50761
112.404 -9.51761
112.39 -9.52761
112.373 -9.53761
112.357 -9.54761
112.34 -9.55761
112.323 -9.56761
112.306 -9.57761
112.289 -9.58761
112.273 -9.59761
112.256 -9.60761
112.24 -9.61761
112.223 -9.62761
112.207 -9.63761
112.191 -9.64761
112.174 -9.65761
112.158 -9.66761
112.142 -9.67761
112.126 -9.68761
112.11 -9.69761
112.094 -9.70761
112.078 -9.71761
112.063 -9.72761
112.047 -9.73761
112.031 -9.74761
112.016 -9.75761
112 -9.76761
111.985 -9.77761
111.969 -9.78761
111.954 -9.79761
111.939 -9.80761
111.924 -9.81761
111.909 -9.82761
111.894 -9.83761
111.879 -9.84761
111.864 -9.85761
111.849 -9.86761
111.834 -9.87761
111.819 -9.88761
111.805 -9.89761
111.79 -9.90761
111.776 -9.91761
111.761 -9.92761
111.747 -9.93761
111.734 -9.94761
111.72 -9.95761
111.707 -9.96761
111.694 -9.97761
111.681 -9.98761
111.668 -9.99761
111.655 -10.0076
111.642 -10.0176
111.629 -10.0276
111.616 -10.0376
111.603 -10.0476
111.591 -10.0576
111.578 -10.0676
111.566 -10.0776
111.553 -10.0876
111.541 -10.0976
111.528 -10.1076
111.516 -10.1176
111.504 -10.1276
111.492 -10.1376
111.48 -10.1476
111.468 -10.1576
111.456 -10.1676
111.444 -10.1776
111.432 -10.1876
111.421 -10.1976
111.409 -10.2076
111.398 -10.2176
111.384 -10.2276
111.37 -10.2376
111.356 -10.2476
111.341 -10.2576
111.327 -10.2676
111.313 -10.2776
111.299 -10.2876
111.284 -10.2976
111.27 -10.3076
111.256 -10.3176
111.243 -10.3276
111.229 -10.3376
111.215 -10.3476
111.201 -10.3576
111.187 -10.3676
111.174 -10.3776
111.16 -10.3876
111.147 -10.3976
111.133 -10.4076
111.12 -10.4176
111.106 -10.4276
111.092 -10.4376
111.079 -10.4476
111.065 -10.4576
111.052 -10.4676
111.038 -10.4776
111.025 -10.4876
111.012 -10.4976
110.999 -10.5076
110.986 -10.5176
110.973 -10.5276
110.96 -10.5376
110.947 -10.5476
110.934 -10.5576
110.921 -10.5676
110.908 -10.5776
110.896 -10.5876
110.883 -10.5976
110.87 -10.6076
110.858 -10.6176
110.846 -10.6276
110.833 -10.6376
110.821 -10.6476
110.809 -10.6576
110.797 -10.6676
110.784 -10.6776
110.772 -10.6876
110.76 -10.6976
110.748 -10.7076
110.737 -10.7176
110.725 -10.7276
110.713 -10.7376
110.702 -10.7476
110.69 -10.7576
110.678 -10.7676
110.667 -10.7776
110.656 -10.7876
110.644 -10.7976
110.633 -10.8076
110.622 -10.8176
110.611 -10.8276
110.6 -10.8376
110.589 -10.8476
110.578 -10.8576
110.567 -10.8676
110.556 -10.8776
110.546 -10.8876
110.535 -10.8976
110.525 -10.9076
110.514 -10.9176
110.504 -10.9276
110.493 -10.9376
110.483 -10.9476
110.473 -10.9576
110.463 -10.9676
110.453 -10.9776
110.443 -10.9876
110.433 -10.9976
110.423 -11.0076
110.413 -11.0176
110.403 -11.0276
110.392 -11.0376
110.38 -11.0476
110.367 -11.0576
110.355 -11.0676
110.343 -11.0776
110.331 -11.0876
110.319 -11.0976
110.307 -11.1076
110.295 -11.1176
110.284 -11.1276
110.272 -11.1376
110.26 -11.1476
110.249 -11.1576
110.237 -11.1676
110.225 -11.1776
110.214 -11.1876
110.202 -11.1976
110.191 -11.2076
110.18 -11.2176
110.169 -11.2276
110.157 -11.2376
110.146 -11.2476
110.135 -11.2576
110.124 -11.2676
110.113 -11.2776
110.102 -11.2876
110.091 -11.2976
110.08 -11.3076
110.069 -11.3176
110.059 -11.3276
110.048 -11.3376
110.037 -11.3476
110.027 -11.3576
110.016 -11.3676
110.006 -11.3776
109.995 -11.3876
109.985 -11.3976
109.975 -11.4076
109.964 -11.4176
109.954 -11.4276
109.944 -11.4376
109.934 -11.4476
109.924 -11.4576
109.914 -11.4676
109.904 -11.4776
109.894 -11.4876
109.884 -11.4976
109.875 -11.5076
109.865 -11.5176
109.855 -11.5276
109.846 -11.5376
109.836 -11.5476
109.827 -11.5576
109.818 -11.5676
109.808 -11.5776
109.799 -11.5876
109.79 -11.5976
109.781 -11.6076
109.772 -11.6176
109.763 -11.6276
109.754 -11.6376
109.745 -11.6476
109.736 -11.6576
109.727 -11.6676
109.719 -11.6776
109.71 -11.6876
109.701 -11.6976
109.693 -11.7076
109.684 -11.7176
109.676 -11.7276
109.668 -11.7376
109.659 -11.7476
109.651 -11.7576
109.639 -11.7676
109.627 -11.7776
109.616 -11.7876
109.604 -11.7976
109.593 -11.8076
109.581 -11.8176
109.57 -11.8276
109.558 -11.8376
109.547 -11.8476
109.536 -11.8576
109.525 -11.8676
109.513 -11.8776
109.502 -11.8876
109.491 -11.8976
109.48 -11.9076
109.469 -11.9176
109.458 -11.9276
109.447 -11.9376
109.436 -11.9476
109.426 -11.9576
109.415 -11.9676
109.404 -11.9776
109.393 -11.9876
109.383 -11.9976
109.372 -12.0076
109.362 -12.0176
109.351 -12.0276
109.341 -12.0376
109.33 -12.0476
109.32 -12.0576
109.31 -12.0676
109.3 -12.0776
109.289 -12.0876
109.279 -12.0976
109.269 -12.1076
109.259 -12.1176
109.249 -12.1276
109.239 -12.1376
109.229 -12.1476
109.219 -12.1576
109.209 -12.1676
109.2 -12.1776
109.19 -12.1876
109.18 -12.1976
109.171 -12.2076
109.161 -12.2176
109.152 -12.2276
109.142 -12.2376
109.133 -12.2476
109.123 -12.2576
109.114 -12.2676
109.105 -12.2776
109.095 -12.2876
109.086 -12.2976
109.077 -12.3076
109.068 -12.3176
109.059 -12.3276
109.05 -12.3376
109.041 -12.3476
109.032 -12.3576
109.024 -12.3676
109.015 -12.3776
109.006 -12.3876
108.997 -12.3976
108.989 -12.4076
108.98 -12.4176
108.972 -12.4276
108.963 -12.4376
108.955 -12.4476
108.947 -12.4576
108.938 -12.4676
108.93 -12.4776
108.921 -12.4876
108.911 -12.4976
108.902 -12.5076
108.893 -12.5176
108.884 -12.5276
108.875 -12.5376
108.865 -12.5476
108.856 -12.5576
108.847 -12.5676
108.838 -12.5776
108.83 -12.5876
108.821 -12.5976
108.812 -12.6076
108.803 -12.6176
108.794 -12.6276
108.786 -12.6376
108.777 -12.6476
108.768 -12.6576
108.76 -12.6676
108.751 -12.6776
108.743 -12.6876
108.735 -12.6976
108.726 -12.7076
108.717 -12.7176
108.707 -12.7276
108.697 -12.7376
108.687 -12.7476
108.678 -12.7576
108.668 -12.7676
108.658 -12.7776
108.648 -12.7876
108.639 -12.7976
108.629 -12.8076
108.619 -12.8176
108.61 -12.8276
108.6 -12.8376
108.591 -12.8476
108.581 -12.8576
108.572 -12.8676
108.563 -12.8776
108.553 -12.8876
108.544 -12.8976
108.535 -12.9076
108.525 -12.9176
108.516 -12.9276
108.507 -12.9376
108.498 -12.9476
108.489 -12.9576
108.48 -12.9676
108.471 -12.9776
108.462 -12.9876
108.453 -12.9976
108.444 -13.0076
108.436 -13.0176
108.427 -13.0276
108.418 -13.0376
108.409 -13.0476
108.401 -13.0576
108.392 -13.0676
108.384 -13.0776
108.375 -13.0876
108.367 -13.0976
108.358 -13.1076
108.35 -13.1176
108.341 -13.1276
108.333 -13.1376
108.325 -13.1476
108.317 -13.1576
108.308 -13.1676
108.3 -13.1776
108.292 -13.1876
108.284 -13.1976
108.276 -13.2076
108.268 -13.2176
108.26 -13.2276
108.252 -13.2376
108.245 -13.2476
108.237 -13.2576
108.229 -13.2676
108.221 -13.2776
108.214 -13.2876
108.206 -13.2976
108.199 -13.3076
108.191 -13.3176
108.184 -13.3276
108.176 -13.3376
108.168 -13.3476
108.16 -13.3576
108.152 -13.3676
108.144 -13.3776
108.136 -13.3876
108.128 -13.3976
108.121 -13.4076
108.113 -13.4176
108.105 -13.4276
108.097 -13.4376
108.09 -13.4476
108.082 -13.4576
108.074 -13.4676
108.067 -13.4776
108.059 -13.4876
108.052 -13.4976
108.044 -13.5076
108.037 -13.5176
108.029 -13.5276
108.022 -13.5376
108.015 -13.5476
108.008 -13.5576
108.001 -13.5676
107.993 -13.5776
107.986 -13.5876
107.979 -13.5976
107.972 -13.6076
107.965 -13.6176
107.958 -13.6276
107.951 -13.6376
107.945 -13.6476
107.938 -13.6576
107.931 -13.6676
107.924 -13.6776
107.918 -13.6876
107.911 -13.6976
107.905 -13.7076
107.898 -13.7176
107.892 -13.7276
107.885 -13.7376
107.879 -13.7476
107.872 -13.7576
107.866 -13.7676
107.86 -13.7776
107.854 -13.7876
107.848 -13.7976
107.842 -13.8076
107.835 -13.8176
107.827 -13.8276
107.818 -13.8376
107.81 -13.8476
107.801 -13.8576
107.792 -13.8676
107.784 -13.8776
107.776 -13.8876
107.767 -13.8976
107.759 -13.9076
107.751 -13.9176
107.742 -13.9276
107.734 -13.9376
107.726 -13.9476
107.718 -13.9576
107.71 -13.9676
107.702 -13.9776
107.694 -13.9876
107.686 -13.9976
107.678 -14.0076
107.67 -14.0176
107.663 -14.0276
107.655 -14.0376
107.647 -14.0476
107.64 -14.0576
107.632 -14.0676
107.624 -14.0776
107.617 -14.0876
107.609 -14.0976
107.602 -14.1076
107.595 -14.1176
107.587 -14.1276
107.58 -14.1376
107.573 -14.1476
107.566 -14.1576
107.559 -14.1676
107.552 -14.1776
107.545 -14.1876
107.538 -14.1976
107.531 -14.2076
107.524 -14.2176
107.517 -14.2276
107.511 -14.2376
107.504 -14.2476
107.497 -14.2576
107.491 -14.2676
107.484 -14.2776
107.478 -14.2876
107.471 -14.2976
107.465 -14.3076
107.459 -14.3176
107.452 -14.3276
107.446 -14.3376
107.44 -14.3476
107.434 -14.3576
107.428 -14.3676
107.422 -14.3776
107.416 -14.3876
107.41 -14.3976
107.404 -14.4076
107.398 -14.4176
107.393 -14.4276
107.387 -14.4376
107.381 -14.4476
107.376 -14.4576
107.37 -14.4676
107.365 -14.4776
107.359 -14.4876
107.354 -14.4976
107.349 -14.5076
107.343 -14.5176
107.338 -14.5276
107.333 -14.5376
107.328 -14.5476
107.323 -14.5576
107.318 -14.5676
107.313 -14.5776
107.308 -14.5876
107.304 -14.5976
107.299 -14.6076
107.294 -14.6176
107.29 -14.6276
107.285 -14.6376
107.28 -14.6476
107.276 -14.6576
107.271 -14.6676
107.267 -14.6776
107.263 -14.6876
107.258 -14.6976
107.254 -14.7076
107.25 -14.7176
107.246 -14.7276
107.242 -14.7376
107.238 -14.7476
107.234 -14.7576
107.23 -14.7676
107.226 -14.7776
107.223 -14.7876
107.219 -14.7976
107.215 -14.8076
107.212 -14.8176
107.208 -14.8276
107.205 -14.8376
107.201 -14.8476
107.198 -14.8576
107.195 -14.8676
107.191 -14.8776
107.188 -14.8876
107.185 -14.8976
107.182 -14.9076
107.179 -14.9176
107.176 -14.9276
107.173 -14.9376
107.17 -14.9476
107.167 -14.9576
107.165 -14.9676
107.162 -14.9776
107.16 -14.9876
107.157 -14.9976
107.155 -15.0076
107.152 -15.0176
107.15 -15.0276
107.148 -15.0376
107.145 -15.0476
107.143 -15.0576
107.141 -15.0676
107.139 -15.0776
107.137 -15.0876
107.135 -15.0976
107.133 -15.1076
107.132 -15.1176
107.13 -15.1276
107.128 -15.1376
107.127 -15.1476
107.125 -15.1576
107.124 -15.1676
107.122 -15.1776
107.121 -15.1876
107.12 -15.1976
107.118 -15.2076
107.117 -15.2176
107.116 -15.2276
107.115 -15.2376
107.114 -15.2476
107.113 -15.2576
107.112 -15.2676
107.112 -15.2776
107.111 -15.2876
107.11 -15.2976
107.11 -15.3076
107.109 -15.3176
107.109 -15.3276
107.108 -15.3376
107.108 -15.3476
107.108 -15.3576
107.107 -15.3676
107.107 -15.3776
107.107 -15.3876
107.107 -15.3976
107.107 -15.4076
107.107 -15.4176
107.108 -15.4276
107.105 -15.4376
107.103 -15.4476
107.1 -15.4576
107.098 -15.4676
107.095 -15.4776
107.093 -15.4876
107.09 -15.4976
107.088 -15.5076
107.085 -15.5176
107.083 -15.5276
107.081 -15.5376
107.078 -15.5476
107.076 -15.5576
107.074 -15.5676
107.072 -15.5776
107.07 -15.5876
107.068 -15.5976
107.066 -15.6076
107.064 -15.6176
107.062 -15.6276
107.061 -15.6376
107.059 -15.6476
107.057 -15.6576
107.055 -15.6676
107.054 -15.6776
107.052 -15.6876
107.051 -15.6976
107.05 -15.7076
107.048 -15.7176
107.047 -15.7276
107.046 -15.7376
107.044 -15.7476
107.043 -15.7576
107.042 -15.7676
107.041 -15.7776
107.04 -15.7876
107.039 -15.7976
107.038 -15.8076
107.038 -15.8176
107.037 -15.8276
107.036 -15.8376
107.036 -15.8476
107.035 -15.8576
107.034 -15.8676
107.034 -15.8776
107.034 -15.8876
107.033 -15.8976
107.032 -15.9076
107.031 -15.9176
107.03 -15.9276
107.029 -15.9376
107.028 -15.9476
107.027 -15.9576
107.026 -15.9676
107.025 -15.9776
107.025 -15.9876
107.024 -15.9976
107.023 -16.0076
107.023 -16.0176
107.022 -16.0276
107.022 -16.0376
107.022 -16.0476
107.021 -16.0576
107.021 -16.0676
107.021 -16.0776
107.021 -16.0876
107.021 -16.0976
107.021 -16.1076
107.021 -16.1176
107.021 -16.1276
107.021 -16.1376
107.021 -16.1476
107.021 -16.1576
107.022 -16.1676
107.022 -16.1776
107.023 -16.1876
107.023 -16.1976
107.024 -16.2076
107.024 -16.2176
107.025 -16.2276
107.026 -16.2376
107.027 -16.2476
107.027 -16.2576
107.028 -16.2676
107.029 -16.2776
107.03 -16.2876
107.031 -16.2976
107.032 -16.3076
107.033 -16.3176
107.034 -16.3276
107.036 -16.3376
107.037 -16.3476
107.038 -16.3576
107.039 -16.3676
107.041 -16.3776
107.042 -16.3876
107.044 -16.3976
107.045 -16.4076
107.047 -16.4176
107.049 -16.4276
107.051 -16.4376
107.052 -16.4476
107.054 -16.4576
107.056 -16.4676
107.058 -16.4776
107.06 -16.4876
107.062 -16.4976
107.065 -16.5076
107.067 -16.5176
107.069 -16.5276
107.071 -16.5376
107.074 -16.5476
107.076 -16.5576
107.079 -16.5676
107.081 -16.5776
107.084 -16.5876
107.087 -16.5976
107.089 -16.6076
107.092 -16.6176
107.095 -16.6276
107.098 -16.6376
107.101 -16.6476
107.104 -16.6576
107.107 -16.6676
107.11 -16.6776
107.113 -16.6876
107.116 -16.6976
107.12 -16.7076
107.123 -16.7176
107.127 -16.7276
107.13 -16.7376
107.134 -16.7476
107.137 -16.7576
107.141 -16.7676
107.145 -16.7776
107.149 -16.7876
107.153 -16.7976
107.157 -16.8076
107.161 -16.8176
107.165 -16.8276
107.169 -16.8376
107.173 -16.8476
107.177 -16.8576
107.182 -16.8676
107.186 -16.8776
107.19 -16.8876
107.195 -16.8976
107.199 -16.9076
107.204 -16.9176
107.207 -16.9276
107.208 -16.9376
107.21 -16.9476
107.211 -16.9576
107.212 -16.9676
107.213 -16.9776
107.215 -16.9876
107.216 -16.9976
107.218 -17.0076
107.219 -17.0176
107.221 -17.0276
107.222 -17.0376
107.224 -17.0476
107.226 -17.0576
107.227 -17.0676
107.229 -17.0776
107.231 -17.0876
107.233 -17.0976
107.232 -17.1076
107.23 -17.1176
107.229 -17.1276
107.227 -17.1376
107.226 -17.1476
107.224 -17.1576
107.223 -17.1676
107.222 -17.1776
107.22 -17.1876
107.219 -17.1976
107.218 -17.2076
107.217 -17.2176
107.215 -17.2276
107.214 -17.2376
107.213 -17.2476
107.212 -17.2576
107.211 -17.2676
107.21 -17.2776
107.209 -17.2876
107.208 -17.2976
107.207 -17.3076
107.206 -17.3176
107.205 -17.3276
107.205 -17.3376
107.204 -17.3476
107.203 -17.3576
107.202 -17.3676
107.202 -17.3776
107.201 -17.3876
107.201 -17.3976
107.2 -17.4076
107.2 -17.4176
107.199 -17.4276
107.199 -17.4376
107.198 -17.4476
107.198 -17.4576
107.198 -17.4676
107.197 -17.4776
107.197 -17.4876
107.197 -17.4976
107.197 -17.5076
107.196 -17.5176
107.196 -17.5276
107.196 -17.5376
107.195 -17.5476
107.192 -17.5576
107.19 -17.5676
107.187 -17.5776
107.184 -17.5876
107.182 -17.5976
107.179 -17.6076
107.176 -17.6176
107.173 -17.6276
107.171 -17.6376
107.168 -17.6476
107.165 -17.6576
107.162 -17.6676
107.16 -17.6776
107.157 -17.6876
107.154 -17.6976
107.152 -17.7076
107.149 -17.7176
107.146 -17.7276
107.144 -17.7376
107.141 -17.7476
107.139 -17.7576
107.136 -17.7676
107.133 -17.7776
107.131 -17.7876
107.128 -17.7976
107.126 -17.8076
107.124 -17.8176
107.121 -17.8276
107.119 -17.8376
107.116 -17.8476
107.114 -17.8576
107.112 -17.8676
107.109 -17.8776
107.107 -17.8876
107.105 -17.8976
107.103 -17.9076
107.1 -17.9176
107.098 -17.9276
107.096 -17.9376
107.094 -17.9476
107.092 -17.9576
107.09 -17.9676
107.088 -17.9776
107.086 -17.9876
107.084 -17.9976
107.082 -18.0076
107.08 -18.0176
107.078 -18.0276
107.076 -18.0376
107.074 -18.0476
107.072 -18.0576
107.07 -18.0676
107.068 -18.0776
107.066 -18.0876
107.065 -18.0976
107.063 -18.1076
107.061 -18.1176
107.059 -18.1276
107.058 -18.1376
107.056 -18.1476
107.054 -18.1576
107.053 -18.1676
107.051 -18.1776
107.049 -18.1876
107.048 -18.1976
107.046 -18.2076
107.045 -18.2176
107.043 -18.2276
107.042 -18.2376
107.04 -18.2476
107.038 -18.2576
107.036 -18.2676
107.035 -18.2776
107.033 -18.2876
107.031 -18.2976
107.03 -18.3076
107.028 -18.3176
107.026 -18.3276
107.025 -18.3376
107.023 -18.3476
107.022 -18.3576
107.02 -18.3676
107.019 -18.3776
107.017 -18.3876
107.016 -18.3976
107.014 -18.4076
107.013 -18.4176
107.011 -18.4276
107.01 -18.4376
107.008 -18.4476
107.007 -18.4576
107.006 -18.4676
107.006 -18.4776
107.005 -18.4876
107.005 -18.4976
107.004 -18.5076
107.004 -18.5176
107.003 -18.5276
107.003 -18.5376
107.002 -18.5476
107.002 -18.5576
107.002 -18.5676
107.001 -18.5776
107.001 -18.5876
107.001 -18.5976
107.001 -18.6076
107.001 -18.6176
107.001 -18.6276
107 -18.6376
107 -18.6476
107 -18.6576
107 -18.6676
107 -18.6776
107.001 -18.6876
107.001 -18.6976
107.001 -18.7076
107.001 -18.7176
107.001 -18.7276
107.001 -18.7376
107.002 -18.7476
107.002 -18.7576
107.002 -18.7676
107.002 -18.7776
107.002 -18.7876
107.002 -18.7976
107.002 -18.8076
107.002 -18.8176
107.002 -18.8276
107.003 -18.8376
107.003 -18.8476
107.003 -18.8576
107.004 -18.8676
107.004 -18.8776
107.004 -18.8876
107.005 -18.8976
107.005 -18.9076
107.006 -18.9176
107.006 -18.9276
107.007 -18.9376
107.007 -18.9476
107.008 -18.9576
107.009 -18.9676
107.009 -18.9776
107.01 -18.9876
107.011 -18.9976
107.011 -19.0076
107.012 -19.0176
107.013 -19.0276
107.014 -19.0376
107.015 -19.0476
107.016 -19.0576
107.016 -19.0676
107.017 -19.0776
107.018 -19.0876
107.019 -19.0976
107.02 -19.1076
107.021 -19.1176
107.022 -19.1276
107.023 -19.1376
107.024 -19.1476
107.025 -19.1576
107.026 -19.1676
107.027 -19.1776
107.028 -19.1876
107.029 -19.1976
107.031 -19.2076
107.032 -19.2176
107.033 -19.2276
107.034 -19.2376
107.036 -19.2476
107.037 -19.2576
107.039 -19.2676
107.04 -19.2776
107.042 -19.2876
107.043 -19.2976
107.045 -19.3076
107.046 -19.3176
107.048 -19.3276
107.05 -19.3376
107.051 -19.3476
107.053 -19.3576
107.055 -19.3676
107.057 -19.3776
107.058 -19.3876
107.06 -19.3976
107.062 -19.4076
107.064 -19.4176
107.067 -19.4276
107.069 -19.4376
107.071 -19.4476
107.074 -19.4576
107.076 -19.4676
107.078 -19.4776
107.081 -19.4876
107.083 -19.4976
107.086 -19.5076
107.088 -19.5176
107.091 -19.5276
107.094 -19.5376
107.096 -19.5476
107.099 -19.5576
107.102 -19.5676
107.105 -19.5776
107.107 -19.5876
107.11 -19.5976
107.113 -19.6076
107.116 -19.6176
107.119 -19.6276
107.122 -19.6376
107.125 -19.6476
107.127 -19.6576
107.127 -19.6676
107.128 -19.6776
107.128 -19.6876
107.128 -19.6976
107.128 -19.7076
107.129 -19.7176
107.129 -19.7276
107.13 -19.7376
107.13 -19.7476
107.131 -19.7576
107.132 -19.7676
107.132 -19.7776
107.133 -19.7876
107.134 -19.7976
107.135 -19.8076
107.136 -19.8176
107.137 -19.8276
107.138 -19.8376
107.139 -19.8476
107.14 -19.8576
107.141 -19.8676
107.142 -19.8776
107.143 -19.8876
107.145 -19.8976
107.146 -19.9076
107.147 -19.9176
107.148 -19.9276
107.148 -19.9376
107.146 -19.9476
107.144 -19.9576
107.142 -19.9676
107.14 -19.9776
107.138 -19.9876
107.137 -19.9976
107.135 -20.0076
107.133 -20.0176
107.131 -20.0276
107.129 -20.0376
107.128 -20.0476
107.126 -20.0576
107.124 -20.0676
107.122 -20.0776
107.121 -20.0876
107.119 -20.0976
107.117 -20.1076
107.116 -20.1176
107.114 -20.1276
107.112 -20.1376
107.111 -20.1476
107.109 -20.1576
107.108 -20.1676
107.106 -20.1776
107.105 -20.1876
107.103 -20.1976
107.101 -20.2076
107.1 -20.2176
107.098 -20.2276
107.097 -20.2376
107.096 -20.2476
107.094 -20.2576
107.093 -20.2676
107.091 -20.2776
107.09 -20.2876
107.088 -20.2976
107.087 -20.3076
107.086 -20.3176
107.084 -20.3276
107.083 -20.3376
107.082 -20.3476
107.08 -20.3576
107.079 -20.3676
107.078 -20.3776
107.077 -20.3876
107.075 -20.3976
107.074 -20.4076
107.073 -20.4176
107.072 -20.4276
107.071 -20.4376
107.07 -20.4476
107.068 -20.4576
107.067 -20.4676
107.066 -20.4776
107.065 -20.4876
107.064 -20.4976
107.063 -20.5076
107.062 -20.5176
107.061 -20.5276
107.06 -20.5376
107.059 -20.5476
107.058 -20.5576
107.057 -20.5676
107.056 -20.5776
107.055 -20.5876
107.054 -20.5976
107.053 -20.6076
107.053 -20.6176
107.052 -20.6276
107.051 -20.6376
107.05 -20.6476
107.049 -20.6576
107.048 -20.6676
107.048 -20.6776
107.047 -20.6876
107.046 -20.6976
107.045 -20.7076
107.045 -20.7176
107.044 -20.7276
107.043 -20.7376
107.043 -20.7476
107.042 -20.7576
107.041 -20.7676
107.041 -20.7776
107.04 -20.7876
107.04 -20.7976
107.039 -20.8076
107.038 -20.8176
107.038 -20.8276
107.037 -20.8376
107.037 -20.8476
107.036 -20.8576
107.036 -20.8676
107.035 -20.8776
107.035 -20.8876
107.035 -20.8976
107.034 -20.9076
107.034 -20.9176
107.033 -20.9276
107.033 -20.9376
107.033 -20.9476
107.032 -20.9576
107.032 -20.9676
107.032 -20.9776
107.031 -20.9876
107.031 -20.9976
107.031 -21.0076
107.031 -21.0176
107.03 -21.0276
107.03 -21.0376
107.03 -21.0476
107.03 -21.0576
107.03 -21.0676
107.03 -21.0776
107.03 -21.0876
107.03 -21.0976
107.029 -21.1076
107.029 -21.1176
107.029 -21.1276
107.029 -21.1376
107.029 -21.1476
107.03 -21.1576
107.03 -21.1676
107.03 -21.1776
107.03 -21.1876
107.03 -21.1976
107.03 -21.2076
107.03 -21.2176
107.03 -21.2276
107.031 -21.2376
107.031 -21.2476
107.031 -21.2576
107.032 -21.2676
107.032 -21.2776
107.032 -21.2876
107.033 -21.2976
107.033 -21.3076
107.033 -21.3176
107.034 -21.3276
107.034 -21.3376
107.035 -21.3476
107.035 -21.3576
107.036 -21.3676
107.036 -21.3776
107.037 -21.3876
107.038 -21.3976
107.038 -21.4076
107.039 -21.4176
107.04 -21.4276
107.041 -21.4376
107.041 -21.4476
107.042 -21.4576
107.043 -21.4676
107.044 -21.4776
107.045 -21.4876
107.046 -21.4976
107.047 -21.5076
107.048 -21.5176
107.049 -21.5276
107.05 -21.5376
107.051 -21.5476
107.052 -21.5576
107.053 -21.5676
107.054 -21.5776
107.055 -21.5876
107.057 -21.5976
107.058 -21.6076
107.059 -21.6176
107.06 -21.6276
107.062 -21.6376
107.063 -21.6476
107.065 -21.6576
107.066 -21.6676
107.068 -21.6776
107.069 -21.6876
107.071 -21.6976
107.072 -21.7076
107.074 -21.7176
107.076 -21.7276
107.077 -21.7376
107.079 -21.7476
107.081 -21.7576
107.083 -21.7676
107.085 -21.7776
107.086 -21.7876
107.088 -21.7976
107.09 -21.8076
107.092 -21.8176
107.094 -21.8276
107.096 -21.8376
107.099 -21.8476
107.101 -21.8576
107.103 -21.8676
107.105 -21.8776
107.107 -21.8876
107.11 -21.8976
107.112 -21.9076
107.114 -21.9176
107.117 -21.9276
107.119 -21.9376
107.122 -21.9476
107.124 -21.9576
107.127 -21.9676
107.129 -21.9776
107.132 -21.9876
107.135 -21.9976
107.137 -22.0076
107.14 -22.0176
107.143 -22.0276
107.146 -22.0376
107.149 -22.0476
107.152 -22.0576
107.155 -22.0676
107.158 -22.0776
107.161 -22.0876
107.164 -22.0976
107.167 -22.1076
107.17 -22.1176
107.173 -22.1276
107.176 -22.1376
107.18 -22.1476
107.183 -22.1576
107.186 -22.1676
107.19 -22.1776
107.193 -22.1876
107.197 -22.1976
107.2 -22.2076
107.204 -22.2176
107.208 -22.2276
107.211 -22.2376
107.215 -22.2476
107.219 -22.2576
107.223 -22.2676
107.226 -22.2776
107.23 -22.2876
107.234 -22.2976
107.238 -22.3076
107.242 -22.3176
107.246 -22.3276
107.251 -22.3376
107.255 -22.3476
107.259 -22.3576
107.263 -22.3676
107.268 -22.3776
107.272 -22.3876
107.277 -22.3976
107.281 -22.4076
107.286 -22.4176
107.29 -22.4276
107.295 -22.4376
107.3 -22.4476
107.304 -22.4576
107.309 -22.4676
107.314 -22.4776
107.319 -22.4876
107.324 -22.4976
107.328 -22.5076
107.332 -22.5176
107.336 -22.5276
107.34 -22.5376
107.344 -22.5476
107.348 -22.5576
107.353 -22.5676
107.357 -22.5776
107.362 -22.5876
107.366 -22.5976
107.371 -22.6076
107.375 -22.6176
107.38 -22.6276
107.385 -22.6376
107.389 -22.6476
107.394 -22.6576
107.399 -22.6676
107.404 -22.6776
107.409 -22.6876
107.414 -22.6976
107.419 -22.7076
107.424 -22.7176
107.429 -22.7276
107.434 -22.7376
107.44 -22.7476
107.445 -22.7576
107.451 -22.7676
107.456 -22.7776
107.461 -22.7876
107.467 -22.7976
107.473 -22.8076
107.478 -22.8176
107.484 -22.8276
107.49 -22.8376
107.496 -22.8476
107.502 -22.8576
107.508 -22.8676
107.514 -22.8776
107.52 -22.8876
107.526 -22.8976
107.532 -22.9076
107.538 -22.9176
107.544 -22.9276
107.551 -22.9376
107.557 -22.9476
107.564 -22.9576
107.57 -22.9676
107.577 -22.9776
107.584 -22.9876
107.59 -22.9976
107.597 -23.0076
107.604 -23.0176
107.611 -23.0276
107.618 -23.0376
107.625 -23.0476
107.632 -23.0576
107.639 -23.0676
107.646 -23.0776
107.653 -23.0876
107.661 -23.0976
107.668 -23.1076
107.676 -23.1176
107.683 -23.1276
107.691 -23.1376
107.698 -23.1476
107.706 -23.1576
107.714 -23.1676
107.721 -23.1776
107.729 -23.1876
107.737 -23.1976
107.745 -23.2076
107.753 -23.2176
107.761 -23.2276
107.77 -23.2376
107.778 -23.2476
107.786 -23.2576
107.795 -23.2676
107.803 -23.2776
107.812 -23.2876
107.82 -23.2976
107.829 -23.3076
107.838 -23.3176
107.846 -23.3276
107.855 -23.3376
107.864 -23.3476
107.873 -23.3576
107.882 -23.3676
107.891 -23.3776
107.9 -23.3876
107.91 -23.3976
107.919 -23.4076
107.927 -23.4176
107.936 -23.4276
107.945 -23.4376
107.953 -23.4476
107.962 -23.4576
107.971 -23.4676
107.98 -23.4776
107.989 -23.4876
107.998 -23.4976
108.008 -23.5076
108.017 -23.5176
108.026 -23.5276
108.036 -23.5376
108.045 -23.5476
108.055 -23.5576
108.064 -23.5676
108.074 -23.5776
108.084 -23.5876
108.094 -23.5976
108.103 -23.6076
108.113 -23.6176
108.123 -23.6276
108.133 -23.6376
108.144 -23.6476
108.154 -23.6576
108.164 -23.6676
108.174 -23.6776
108.185 -23.6876
108.195 -23.6976
108.206 -23.7076
108.217 -23.7176
108.227 -23.7276
108.238 -23.7376
108.249 -23.7476
108.26 -23.7576
108.271 -23.7676
108.282 -23.7776
108.293 -23.7876
108.304 -23.7976
108.316 -23.8076
108.327 -23.8176
108.338 -23.8276
108.35 -23.8376
108.361 -23.8476
108.373 -23.8576
108.385 -23.8676
108.396 -23.8776
108.408 -23.8876
108.42 -23.8976
108.432 -23.9076
108.444 -23.9176
108.456 -23.9276
108.468 -23.9376
108.48 -23.9476
108.492 -23.9576
108.504 -23.9676
108.516 -23.9776
108.529 -23.9876
108.541 -23.9976
108.554 -24.0076
108.566 -24.0176
108.579 -24.0276
108.592 -24.0376
108.605 -24.0476
108.617 -24.0576
108.63 -24.0676
108.644 -24.0776
108.657 -24.0876
108.67 -24.0976
108.683 -24.1076
108.697 -24.1176
108.71 -24.1276
108.724 -24.1376
108.737 -24.1476
108.751 -24.1576
108.765 -24.1676
108.779 -24.1776
108.793 -24.1876
108.807 -24.1976
108.821 -24.2076
108.835 -24.2176
108.849 -24.2276
108.863 -24.2376
108.878 -24.2476
108.892 -24.2576
108.907 -24.2676
108.921 -24.2776
108.936 -24.2876
108.951 -24.2976
108.966 -24.3076
108.98 -24.3176
108.995 -24.3276
109.01 -24.3376
109.026 -24.3476
109.041 -24.3576
109.056 -24.3676
109.071 -24.3776
109.087 -24.3876
109.102 -24.3976
109.118 -24.4076
109.134 -24.4176
109.149 -24.4276
109.165 -24.4376
109.181 -24.4476
109.197 -24.4576
109.213 -24.4676
109.229 -24.4776
109.246 -24.4876
109.262 -24.4976
109.278 -24.5076
109.295 -24.5176
109.311 -24.5276
109.328 -24.5376
109.345 -24.5476
109.361 -24.5576
109.378 -24.5676
109.395 -24.5776
109.412 -24.5876
109.43 -24.5976
109.447 -24.6076
109.464 -24.6176
109.481 -24.6276
109.499 -24.6376
109.516 -24.6476
109.534 -24.6576
109.552 -24.6676
109.569 -24.6776
109.587 -24.6876
109.604 -24.6976
109.622 -24.7076
109.64 -24.7176
109.658 -24.7276
109.676 -24.7376
109.694 -24.7476
109.712 -24.7576
109.73 -24.7676
109.749 -24.7776
109.767 -24.7876
109.786 -24.7976
109.804 -24.8076
109.823 -24.8176
109.841 -24.8276
109.86 -24.8376
109.879 -24.8476
109.898 -24.8576
109.916 -24.8676
109.935 -24.8776
109.954 -24.8876
109.973 -24.8976
109.992 -24.9076
110.011 -24.9176
110.03 -24.9276
110.049 -24.9376
110.068 -24.9476
110.088 -24.9576
110.107 -24.9676
110.127 -24.9776
110.146 -24.9876
110.166 -24.9976
110.186 -25.0076
110.206 -25.0176
110.226 -25.0276
110.246 -25.0376
110.266 -25.0476
110.286 -25.0576
110.306 -25.0676
110.327 -25.0776
110.347 -25.0876
110.368 -25.0976
110.388 -25.1076
110.409 -25.1176
110.43 -25.1276
110.451 -25.1376
110.472 -25.1476
110.493 -25.1576
110.514 -25.1676
110.535 -25.1776
110.556 -25.1876
110.578 -25.1976
110.599 -25.2076
110.621 -25.2176
110.642 -25.2276
110.664 -25.2376
110.686 -25.2476
110.708 -25.2576
110.73 -25.2676
110.752 -25.2776
110.774 -25.2876
110.796 -25.2976
110.819 -25.3076
110.841 -25.3176
110.863 -25.3276
110.886 -25.3376
110.909 -25.3476
110.931 -25.3576
110.954 -25.3676
110.977 -25.3776
111 -25.3876
111.023 -25.3976
111.046 -25.4076
111.069 -25.4176
111.093 -25.4276
111.116 -25.4376
111.139 -25.4476
111.163 -25.4576
111.187 -25.4676
111.21 -25.4776
111.234 -25.4876
111.258 -25.4976
111.282 -25.5076
111.305 -25.5176
111.329 -25.5276
111.353 -25.5376
111.376 -25.5476
111.4 -25.5576
111.424 -25.5676
111.448 -25.5776
111.472 -25.5876
111.496 -25.5976
111.521 -25.6076
111.545 -25.6176
111.569 -25.6276
111.594 -25.6376
111.618 -25.6476
111.643 -25.6576
111.668 -25.6676
111.693 -25.6776
111.718 -25.6876
111.743 -25.6976
111.768 -25.7076
111.793 -25.7176
111.818 -25.7276
111.844 -25.7376
111.869 -25.7476
111.895 -25.7576
111.92 -25.7676
111.946 -25.7776
111.972 -25.7876
111.998 -25.7976
112.024 -25.8076
112.05 -25.8176
112.076 -25.8276
112.102 -25.8376
112.128 -25.8476
112.155 -25.8576
112.181 -25.8676
112.208 -25.8776
112.234 -25.8876
112.261 -25.8976
112.287 -25.9076
112.314 -25.9176
112.341 -25.9276
112.368 -25.9376
112.395 -25.9476
112.422 -25.9576
112.449 -25.9676
112.477 -25.9776
112.504 -25.9876
112.531 -25.9976
112.559 -26.0076
112.587 -26.0176
112.614 -26.0276
112.642 -26.0376
112.67 -26.0476
112.698 -26.0576
112.726 -26.0676
112.754 -26.0776
112.783 -26.0876
112.811 -26.0976
112.839 -26.1076
112.868 -26.1176
112.897 -26.1276
112.925 -26.1376
112.954 -26.1476
112.983 -26.1576
113.012 -26.1676
113.041 -26.1776
113.071 -26.1876
113.1 -26.1976
113.129 -26.2076
113.159 -26.2176
113.188 -26.2276
113.218 -26.2376
113.248 -26.2476
113.278 -26.2576
113.307 -26.2676
113.337 -26.2776
113.367 -26.2876
113.397 -26.2976
113.427 -26.3076
113.458 -26.3176
113.488 -26.3276
113.518 -26.3376
113.549 -26.3476
113.579 -26.3576
113.609 -26.3676
113.64 -26.3776
113.671 -26.3876
113.702 -26.3976
113.733 -26.4076
113.764 -26.4176
113.795 -26.4276
113.826 -26.4376
113.857 -26.4476
113.889 -26.4576
113.92 -26.4676
113.952 -26.4776
113.984 -26.4876
114.015 -26.4976
114.047 -26.5076
114.079 -26.5176
114.111 -26.5276
114.143 -26.5376
114.176 -26.5476
114.208 -26.5576
114.24 -26.5676
114.273 -26.5776
114.305 -26.5876
114.338 -26.5976
114.371 -26.6076
114.404 -26.6176
114.436 -26.6276
114.469 -26.6376
114.503 -26.6476
114.536 -26.6576
114.569 -26.6676
114.602 -26.6776
114.636 -26.6876
114.669 -26.6976
114.703 -26.7076
114.736 -26.7176
114.77 -26.7276
114.803 -26.7376
114.837 -26.7476
114.871 -26.7576
114.905 -26.7676
114.939 -26.7776
114.973 -26.7876
115.008 -26.7976
115.042 -26.8076
115.076 -26.8176
115.111 -26.8276
115.146 -26.8376
115.18 -26.8476
115.215 -26.8576
115.25 -26.8676
115.285 -26.8776
115.32 -26.8876
115.355 -26.8976
115.391 -26.9076
115.426 -26.9176
115.461 -26.9276
115.497 -26.9376
115.533 -26.9476
115.568 -26.9576
115.604 -26.9676
115.64 -26.9776
115.676 -26.9876
115.712 -26.9976
115.748 -27.0076
115.785 -27.0176
115.821 -27.0276
115.857 -27.0376
115.894 -27.0476
115.93 -27.0576
115.967 -27.0676
116.003 -27.0776
116.04 -27.0876
116.077 -27.0976
116.113 -27.1076
116.15 -27.1176
116.187 -27.1276
116.224 -27.1376
116.261 -27.1476
116.298 -27.1576
116.336 -27.1676
116.373 -27.1776
116.41 -27.1876
116.448 -27.1976
116.485 -27.2076
116.523 -27.2176
116.561 -27.2276
116.599 -27.2376
116.637 -27.2476
116.675 -27.2576
116.713 -27.2676
116.751 -27.2776
116.789 -27.2876
116.828 -27.2976
116.866 -27.3076
116.905 -27.3176
116.943 -27.3276
116.982 -27.3376
117.021 -27.3476
117.059 -27.3576
117.098 -27.3676
117.137 -27.3776
117.176 -27.3876
117.216 -27.3976
117.255 -27.4076
117.294 -27.4176
117.334 -27.4276
117.373 -27.4376
117.412 -27.4476
117.452 -27.4576
117.492 -27.4676
117.531 -27.4776
117.571 -27.4876
117.611 -27.4976
117.651 -27.5076
117.691 -27.5176
117.731 -27.5276
117.771 -27.5376
117.811 -27.5476
117.852 -27.5576
117.892 -27.5676
117.933 -27.5776
117.973 -27.5876
118.014 -27.5976
118.055 -27.6076
118.095 -27.6176
118.136 -27.6276
118.177 -27.6376
118.218 -27.6476
118.259 -27.6576
118.3 -27.6676
118.342 -27.6776
118.383 -27.6876
118.425 -27.6976
118.466 -27.7076
118.508 -27.7176
118.55 -27.7276
118.592 -27.7376
118.634 -27.7476
118.676 -27.7576
118.718 -27.7676
118.761 -27.7776
118.803 -27.7876
118.845 -27.7976
118.887 -27.8076
118.93 -27.8176
118.972 -27.8276
119.015 -27.8376
119.057 -27.8476
119.1 -27.8576
119.142 -27.8676
119.185 -27.8776
119.228 -27.8876
119.271 -27.8976
119.314 -27.9076
119.357 -27.9176
119.399 -27.9276
119.442 -27.9376
119.486 -27.9476
119.529 -27.9576
119.572 -27.9676
119.615 -27.9776
119.659 -27.9876
119.702 -27.9976
119.746 -28.0076
119.79 -28.0176
119.834 -28.0276
119.877 -28.0376
119.921 -28.0476
119.965 -28.0576
120.01 -28.0676
120.054 -28.0776
120.098 -28.0876
120.142 -28.0976
120.187 -28.1076
120.231 -28.1176
120.276 -28.1276
120.32 -28.1376
120.365 -28.1476
120.409 -28.1576
120.454 -28.1676
120.499 -28.1776
120.543 -28.1876
120.588 -28.1976
120.633 -28.2076
120.678 -28.2176
120.723 -28.2276
120.768 -28.2376
120.813 -28.2476
120.858 -28.2576
120.903 -28.2676
120.948 -28.2776
120.993 -28.2876
121.039 -28.2976
121.084 -28.3076
121.129 -28.3176
121.175 -28.3276
121.221 -28.3376
121.267 -28.3476
121.312 -28.3576
121.358 -28.3676
121.404 -28.3776
121.451 -28.3876
121.497 -28.3976
121.543 -28.4076
121.59 -28.4176
121.636 -28.4276
121.683 -28.4376
121.73 -28.4476
121.776 -28.4576
121.823 -28.4676
121.87 -28.4776
121.917 -28.4876
121.964 -28.4976
122.01 -28.5076
122.057 -28.5176
122.104 -28.5276
122.151 -28.5376
122.198 -28.5476
122.245 -28.5576
122.292 -28.5676
122.339 -28.5776
122.387 -28.5876
122.434 -28.5976
122.482 -28.6076
122.529 -28.6176
122.577 -28.6276
122.625 -28.6376
122.673 -28.6476
122.721 -28.6576
122.769 -28.6676
122.817 -28.6776
122.865 -28.6876
122.913 -28.6976
122.961 -28.7076
123.01 -28.7176
123.058 -28.7276
123.107 -28.7376
123.155 -28.7476
123.203 -28.7576
123.252 -28.7676
123.3 -28.7776
123.349 -28.7876
123.397 -28.7976
123.446 -28.8076
123.495 -28.8176
123.544 -28.8276
123.593 -28.8376
123.642 -28.8476
123.691 -28.8576
123.74 -28.8676
123.789 -28.8776
123.839 -28.8876
123.888 -28.8976
123.938 -28.9076
123.987 -28.9176
124.037 -28.9276
124.086 -28.9376
124.136 -28.9476
124.186 -28.9576
124.235 -28.9676
124.285 -28.9776
124.335 -28.9876
124.385 -28.9976
124.435 -29.0076
124.485 -29.0176
124.536 -29.0276
124.586 -29.0376
124.636 -29.0476
124.686 -29.0576
124.736 -29.0676
124.787 -29.0776
124.837 -29.0876
124.887 -29.0976
124.938 -29.1076
124.988 -29.1176
125.039 -29.1276
125.089 -29.1376
125.14 -29.1476
125.191 -29.1576
125.241 -29.1676
125.292 -29.1776
125.343 -29.1876
125.394 -29.1976
125.445 -29.2076
125.496 -29.2176
125.547 -29.2276
125.599 -29.2376
125.65 -29.2476
125.701 -29.2576
125.753 -29.2676
125.804 -29.2776
125.856 -29.2876
125.907 -29.2976
125.959 -29.3076
126.01 -29.3176
126.062 -29.3276
126.113 -29.3376
126.165 -29.3476
126.217 -29.3576
126.269 -29.3676
126.321 -29.3776
126.372 -29.3876
126.424 -29.3976
126.476 -29.4076
126.528 -29.4176
126.58 -29.4276
126.632 -29.4376
126.684 -29.4476
126.736 -29.4576
126.788 -29.4676
126.84 -29.4776
126.892 -29.4876
126.945 -29.4976
126.997 -29.5076
127.049 -29.5176
127.102 -29.5276
127.154 -29.5376
127.207 -29.5476
127.259 -29.5576
127.312 -29.5676
127.365 -29.5776
127.418 -29.5876
127.471 -29.5976
127.524 -29.6076
127.576 -29.6176
127.629 -29.6276
127.683 -29.6376
127.736 -29.6476
127.789 -29.6576
127.842 -29.6676
127.895 -29.6776
127.948 -29.6876
128.001 -29.6976
128.054 -29.7076
128.108 -29.7176
128.161 -29.7276
128.215 -29.7376
128.268 -29.7476
128.322 -29.7576
128.376 -29.7676
128.43 -29.7776
128.484 -29.7876
128.538 -29.7976
128.592 -29.8076
128.647 -29.8176
128.701 -29.8276
128.755 -29.8376
128.809 -29.8476
128.864 -29.8576
128.918 -29.8676
128.973 -29.8776
129.028 -29.8876
129.083 -29.8976
129.137 -29.9076
129.192 -29.9176
129.247 -29.9276
129.302 -29.9376
129.357 -29.9476
129.413 -29.9576
129.468 -29.9676
129.523 -29.9776
129.579 -29.9876
129.635 -29.9976
129.69 -30.0076
129.746 -30.0176
129.802 -30.0276
129.858 -30.0376
129.914 -30.0476
129.97 -30.0576
130.026 -30.0676
130.082 -30.0776
130.139 -30.0876
130.195 -30.0976
130.251 -30.1076
130.308 -30.1176
130.364 -30.1276
130.421 -30.1376
130.478 -30.1476
130.534 -30.1576
130.591 -30.1676
130.648 -30.1776
130.705 -30.1876
130.762 -30.1976
130.818 -30.2076
130.875 -30.2176
130.933 -30.2276
130.99 -30.2376
131.047 -30.2476
131.104 -30.2576
131.162 -30.2676
131.219 -30.2776
131.277 -30.2876
131.335 -30.2976
131.393 -30.3076
131.451 -30.3176
131.509 -30.3276
131.567 -30.3376
131.625 -30.3476
131.683 -30.3576
131.741 -30.3676
131.8 -30.3776
131.858 -30.3876
131.917 -30.3976
131.975 -30.4076
132.033 -30.4176
132.092 -30.4276
132.15 -30.4376
132.209 -30.4476
132.267 -30.4576
132.326 -30.4676
132.385 -30.4776
132.444 -30.4876
132.503 -30.4976
132.562 -30.5076
132.621 -30.5176
132.68 -30.5276
132.74 -30.5376
132.799 -30.5476
132.859 -30.5576
132.918 -30.5676
132.978 -30.5776
133.038 -30.5876
133.097 -30.5976
133.157 -30.6076
133.217 -30.6176
133.276 -30.6276
133.336 -30.6376
133.396 -30.6476
133.456 -30.6576
133.516 -30.6676
133.576 -30.6776
133.636 -30.6876
133.697 -30.6976
133.757 -30.7076
133.817 -30.7176
133.878 -30.7276
133.938 -30.7376
133.998 -30.7476
134.059 -30.7576
134.119 -30.7676
134.18 -30.7776
134.241 -30.7876
134.302 -30.7976
134.362 -30.8076
134.423 -30.8176
134.485 -30.8276
134.546 -30.8376
134.607 -30.8476
134.668 -30.8576
134.73 -30.8676
134.791 -30.8776
134.853 -30.8876
134.914 -30.8976
134.976 -30.9076
135.038 -30.9176
135.1 -30.9276
135.161 -30.9376
135.223 -30.9476
135.285 -30.9576
135.347 -30.9676
135.409 -30.9776
135.471 -30.9876
135.533 -30.9976
135.595 -31.0076
135.657 -31.0176
135.719 -31.0276
135.781 -31.0376
135.844 -31.0476
135.906 -31.0576
135.968 -31.0676
136.031 -31.0776
136.093 -31.0876
136.156 -31.0976
136.218 -31.1076
136.281 -31.1176
136.344 -31.1276
136.407 -31.1376
136.47 -31.1476
136.533 -31.1576
136.596 -31.1676
136.659 -31.1776
136.722 -31.1876
136.785 -31.1976
136.848 -31.2076
136.911 -31.2176
136.975 -31.2276
137.038 -31.2376
137.102 -31.2476
137.165 -31.2576
137.229 -31.2676
137.293 -31.2776
137.357 -31.2876
137.421 -31.2976
137.485 -31.3076
137.549 -31.3176
137.613 -31.3276
137.678 -31.3376
137.742 -31.3476
137.807 -31.3576
137.872 -31.3676
137.936 -31.3776
138.001 -31.3876
138.066 -31.3976
138.132 -31.4076
138.197 -31.4176
138.262 -31.4276
138.328 -31.4376
138.393 -31.4476
138.459 -31.4576
138.524 -31.4676
138.59 -31.4776
138.656 -31.4876
138.722 -31.4976
138.789 -31.5076
138.855 -31.5176
138.921 -31.5276
138.988 -31.5376
139.054 -31.5476
139.121 -31.5576
139.188 -31.5676
139.255 -31.5776
139.322 -31.5876
139.389 -31.5976
139.456 -31.6076
139.523 -31.6176
139.591 -31.6276
139.658 -31.6376
139.726 -31.6476
139.794 -31.6576
139.861 -31.6676
139.929 -31.6776
139.997 -31.6876
140.066 -31.6976
140.134 -31.7076
140.202 -31.7176
140.271 -31.7276
140.339 -31.7376
140.408 -31.7476
140.477 -31.7576
140.546 -31.7676
140.615 -31.7776
140.684 -31.7876
140.753 -31.7976
140.822 -31.8076
140.892 -31.8176
140.961 -31.8276
141.031 -31.8376
141.101 -31.8476
141.171 -31.8576
141.241 -31.8676
141.311 -31.8776
141.381 -31.8876
141.451 -31.8976
141.522 -31.9076
141.592 -31.9176
141.663 -31.9276
141.733 -31.9376
141.804 -31.9476
141.875 -31.9576
141.946 -31.9676
142.017 -31.9776
142.089 -31.9876
142.16 -31.9976
142.231 -32.0076
142.303 -32.0176
142.375 -32.0276
142.447 -32.0376
142.518 -32.0476
142.591 -32.0576
142.663 -32.0676
142.735 -32.0776
142.807 -32.0876
142.88 -32.0976
142.952 -32.1076
143.025 -32.1176
143.098 -32.1276
143.171 -32.1376
143.244 -32.1476
143.317 -32.1576
143.39 -32.1676
143.463 -32.1776
143.537 -32.1876
143.61 -32.1976
143.684 -32.2076
143.758 -32.2176
143.832 -32.2276
143.906 -32.2376
143.98 -32.2476
144.054 -32.2576
144.128 -32.2676
144.203 -32.2776
144.277 -32.2876
144.352 -32.2976
144.427 -32.3076
144.502 -32.3176
144.577 -32.3276
144.652 -32.3376
144.727 -32.3476
144.802 -32.3576
144.878 -32.3676
144.953 -32.3776
145.029 -32.3876
145.105 -32.3976
145.181 -32.4076
145.257 -32.4176
145.333 -32.4276
145.409 -32.4376
145.485 -32.4476
145.562 -32.4576
145.638 -32.4676
145.715 -32.4776
145.792 -32.4876
145.869 -32.4976
145.946 -32.5076
146.023 -32.5176
146.1 -32.5276
146.177 -32.5376
146.255 -32.5476
146.332 -32.5576
146.41 -32.5676
146.487 -32.5776
146.565 -32.5876
146.642 -32.5976
146.72 -32.6076
146.798 -32.6176
146.876 -32.6276
146.954 -32.6376
147.033 -32.6476
147.111 -32.6576
147.19 -32.6676
147.268 -32.6776
147.347 -32.6876
147.426 -32.6976
147.505 -32.7076
147.584 -32.7176
147.663 -32.7276
147.742 -32.7376
147.822 -32.7476
147.901 -32.7576
147.981 -32.7676
148.061 -32.7776
148.141 -32.7876
148.221 -32.7976
148.301 -32.8076
148.381 -32.8176
148.461 -32.8276
148.542 -32.8376
148.622 -32.8476
148.703 -32.8576
148.784 -32.8676
148.865 -32.8776
148.946 -32.8876
149.027 -32.8976
149.108 -32.9076
149.19 -32.9176
149.271 -32.9276
149.353 -32.9376
149.435 -32.9476
149.516 -32.9576
149.598 -32.9676
149.68 -32.9776
149.763 -32.9876
149.845 -32.9976
149.927 -33.0076
150.01 -33.0176
150.093 -33.0276
150.175 -33.0376
150.258 -33.0476
150.341 -33.0576
150.425 -33.0676
150.508 -33.0776
150.591 -33.0876
150.675 -33.0976
150.758 -33.1076
150.842 -33.1176
150.926 -33.1276
151.01 -33.1376
151.094 -33.1476
151.178 -33.1576
151.263 -33.1676
151.347 -33.1776
151.432 -33.1876
151.516 -33.1976
151.601 -33.2076
151.686 -33.2176
151.771 -33.2276
151.856 -33.2376
151.942 -33.2476
152.027 -33.2576
152.113 -33.2676
152.198 -33.2776
152.284 -33.2876
152.37 -33.2976
152.456 -33.3076
152.542 -33.3176
152.628 -33.3276
152.715 -33.3376
152.801 -33.3476
152.888 -33.3576
152.975 -33.3676
153.062 -33.3776
153.149 -33.3876
153.236 -33.3976
153.323 -33.4076
153.41 -33.4176
153.498 -33.4276
153.585 -33.4376
153.673 -33.4476
153.761 -33.4576
153.849 -33.4676
153.937 -33.4776
154.025 -33.4876
154.113 -33.4976
154.202 -33.5076
154.29 -33.5176
154.379 -33.5276
154.468 -33.5376
154.557 -33.5476
154.646 -33.5576
154.735 -33.5676
154.824 -33.5776
154.914 -33.5876
155.003 -33.5976
155.093 -33.6076
155.183 -33.6176
155.273 -33.6276
155.363 -33.6376
155.453 -33.6476
155.543 -33.6576
155.634 -33.6676
155.724 -33.6776
155.815 -33.6876
155.906 -33.6976
155.997 -33.7076
156.088 -33.7176
156.179 -33.7276
156.27 -33.7376
156.362 -33.7476
156.453 -33.7576
156.545 -33.7676
156.637 -33.7776
156.728 -33.7876
156.82 -33.7976
156.913 -33.8076
157.005 -33.8176
157.097 -33.8276
157.19 -33.8376
157.282 -33.8476
157.375 -33.8576
157.468 -33.8676
157.561 -33.8776
157.654 -33.8876
157.748 -33.8976
157.841 -33.9076
157.935 -33.9176
158.028 -33.9276
158.122 -33.9376
158.216 -33.9476
158.31 -33.9576
158.404 -33.9676
158.499 -33.9776
158.593 -33.9876
158.687 -33.9976
158.782 -34.0076
158.877 -34.0176
158.972 -34.0276
159.067 -34.0376
159.162 -34.0476
159.257 -34.0576
159.353 -34.0676
159.448 -34.0776
159.544 -34.0876
159.64 -34.0976
159.736 -34.1076
159.832 -34.1176
159.928 -34.1276
160.025 -34.1376
160.121 -34.1476
160.218 -34.1576
160.314 -34.1676
160.411 -34.1776
160.508 -34.1876
160.605 -34.1976
160.703 -34.2076
160.8 -34.2176
160.897 -34.2276
160.995 -34.2376
161.093 -34.2476
161.191 -34.2576
161.289 -34.2676
161.387 -34.2776
161.485 -34.2876
161.583 -34.2976
161.682 -34.3076
161.781 -34.3176
161.879 -34.3276
161.978 -34.3376
162.077 -34.3476
162.177 -34.3576
162.276 -34.3676
162.375 -34.3776
162.475 -34.3876
162.575 -34.3976
162.674 -34.4076
162.774 -34.4176
162.875 -34.4276
162.975 -34.4376
163.075 -34.4476
163.176 -34.4576
163.276 -34.4676
163.377 -34.4776
163.478 -34.4876
163.579 -34.4976
163.68 -34.5076
163.781 -34.5176
163.883 -34.5276
163.984 -34.5376
164.086 -34.5476
164.188 -34.5576
164.29 -34.5676
164.392 -34.5776
164.494 -34.5876
164.596 -34.5976
164.699 -34.6076
164.801 -34.6176
164.904 -34.6276
165.007 -34.6376
165.11 -34.6476
165.213 -34.6576
165.316 -34.6676
165.42 -34.6776
165.523 -34.6876
165.627 -34.6976
165.731 -34.7076
165.835 -34.7176
165.939 -34.7276
166.043 -34.7376
166.147 -34.7476
166.252 -34.7576
166.356 -34.7676
166.461 -34.7776
166.566 -34.7876
166.671 -34.7976
166.776 -34.8076
166.881 -34.8176
166.987 -34.8276
167.092 -34.8376
167.198 -34.8476
167.304 -34.8576
167.41 -34.8676
167.516 -34.8776
167.622 -34.8876
167.728 -34.8976
167.835 -34.9076
167.941 -34.9176
168.048 -34.9276
168.155 -34.9376
168.262 -34.9476
168.369 -34.9576
168.476 -34.9676
168.584 -34.9776
168.691 -34.9876
168.799 -34.9976
168.907 -35.0076
169.015 -35.0176
169.123 -35.0276
169.231 -35.0376
169.34 -35.0476
169.448 -35.0576
169.557 -35.0676
169.666 -35.0776
169.775 -35.0876
169.884 -35.0976
169.993 -35.1076
170.102 -35.1176
170.212 -35.1276
170.321 -35.1376
170.431 -35.1476
170.541 -35.1576
170.651 -35.1676
170.761 -35.1776
170.871 -35.1876
170.982 -35.1976
171.092 -35.2076
171.203 -35.2176
171.314 -35.2276
171.425 -35.2376
171.536 -35.2476
171.647 -35.2576
171.759 -35.2676
171.87 -35.2776
171.982 -35.2876
172.094 -35.2976
172.206 -35.3076
172.318 -35.3176
172.43 -35.3276
172.543 -35.3376
172.655 -35.3476
172.768 -35.3576
172.881 -35.3676
172.994 -35.3776
173.107 -35.3876
173.22 -35.3976
173.333 -35.4076
173.447 -35.4176
173.56 -35.4276
173.674 -35.4376
173.788 -35.4476
173.902 -35.4576
174.016 -35.4676
174.131 -35.4776
174.245 -35.4876
174.36 -35.4976
174.475 -35.5076
174.589 -35.5176
174.705 -35.5276
174.82 -35.5376
174.935 -35.5476
175.05 -35.5576
175.166 -35.5676
175.282 -35.5776
175.398 -35.5876
175.514 -35.5976
175.63 -35.6076
175.746 -35.6176
175.863 -35.6276
175.979 -35.6376
176.096 -35.6476
176.213 -35.6576
176.33 -35.6676
176.447 -35.6776
176.564 -35.6876
176.682 -35.6976
176.799 -35.7076
176.917 -35.7176
177.035 -35.7276
177.153 -35.7376
177.271 -35.7476
177.389 -35.7576
177.507 -35.7676
177.626 -35.7776
177.745 -35.7876
177.863 -35.7976
177.982 -35.8076
178.102 -35.8176
178.221 -35.8276
178.34 -35.8376
178.46 -35.8476
178.579 -35.8576
178.699 -35.8676
178.819 -35.8776
178.939 -35.8876
179.06 -35.8976
179.18 -35.9076
179.301 -35.9176
179.421 -35.9276
179.542 -35.9376
179.663 -35.9476
179.784 -35.9576
179.906 -35.9676
180.027 -35.9776
180.149 -35.9876
180.27 -35.9976
180.392 -36.0076
180.514 -36.0176
180.636 -36.0276
180.759 -36.0376
180.881 -36.0476
181.004 -36.0576
181.126 -36.0676
181.249 -36.0776
181.372 -36.0876
181.496 -36.0976
181.619 -36.1076
181.742 -36.1176
181.866 -36.1276
181.989 -36.1376
182.112 -36.1476
182.235 -36.1576
182.358 -36.1676
182.481 -36.1776
182.605 -36.1876
182.729 -36.1976
182.853 -36.2076
182.977 -36.2176
183.101 -36.2276
183.225 -36.2376
183.349 -36.2476
183.474 -36.2576
183.599 -36.2676
183.724 -36.2776
183.849 -36.2876
183.974 -36.2976
184.099 -36.3076
184.225 -36.3176
184.35 -36.3276
184.476 -36.3376
184.602 -36.3476
184.728 -36.3576
184.854 -36.3676
184.98 -36.3776
185.107 -36.3876
185.233 -36.3976
185.36 -36.4076
185.487 -36.4176
185.614 -36.4276
185.741 -36.4376
185.869 -36.4476
185.996 -36.4576
186.124 -36.4676
186.252 -36.4776
186.38 -36.4876
186.508 -36.4976
186.636 -36.5076
186.764 -36.5176
186.893 -36.5276
187.02 -36.5376
187.148 -36.5476
187.276 -36.5576
187.404 -36.5676
187.533 -36.5776
187.661 -36.5876
187.79 -36.5976
187.918 -36.6076
188.047 -36.6176
188.176 -36.6276
188.305 -36.6376
188.435 -36.6476
188.564 -36.6576
188.694 -36.6676
188.824 -36.6776
188.953 -36.6876
189.084 -36.6976
189.214 -36.7076
189.344 -36.7176
189.475 -36.7276
189.605 -36.7376
189.736 -36.7476
189.867 -36.7576
189.998 -36.7676
190.129 -36.7776
190.261 -36.7876
190.392 -36.7976
190.524 -36.8076
190.656 -36.8176
190.788 -36.8276
190.92 -36.8376
191.052 -36.8476
191.184 -36.8576
191.317 -36.8676
191.449 -36.8776
191.582 -36.8876
191.715 -36.8976
191.848 -36.9076
191.981 -36.9176
192.115 -36.9276
192.248 -36.9376
192.382 -36.9476
192.509 -36.9576
192.627 -36.9676
192.732 -36.9776
192.836 -36.9876
192.933 -36.9976
193.026 -37.0076
193.119 -37.0176
193.212 -37.0276
193.305 -37.0376
193.397 -37.0476
193.461 -37.0576
193.526 -37.0676
193.591 -37.0776
193.655 -37.0876
193.72 -37.0976
193.785 -37.1076
193.85 -37.1176
193.914 -37.1276
193.979 -37.1376
194.044 -37.1476
194.109 -37.1576
194.174 -37.1676
194.239 -37.1776
194.303 -37.1876
194.367 -37.1976
194.432 -37.2076
194.496 -37.2176
194.561 -37.2276
194.625 -37.2376
194.689 -37.2476
194.754 -37.2576
194.818 -37.2676
194.881 -37.2776
194.943 -37.2876
195.006 -37.2976
195.068 -37.3076
195.131 -37.3176
195.193 -37.3276
195.256 -37.3376
195.319 -37.3476
195.381 -37.3576
195.444 -37.3676
195.507 -37.3776
195.57 -37.3876
195.632 -37.3976
195.695 -37.4076
195.758 -37.4176
195.821 -37.4276
195.884 -37.4376
195.946 -37.4476
196.009 -37.4576
196.072 -37.4676
196.135 -37.4776
196.198 -37.4876
196.261 -37.4976
196.324 -37.5076
196.387 -37.5176
196.45 -37.5276
196.513 -37.5376
196.576 -37.5476
196.639 -37.5576
196.702 -37.5676
196.765 -37.5776
196.828 -37.5876
196.892 -37.5976
196.955 -37.6076
197.018 -37.6176
197.081 -37.6276
197.144 -37.6376
197.208 -37.6476
197.271 -37.6576
197.334 -37.6676
197.397 -37.6776
197.461 -37.6876
197.524 -37.6976
197.587 -37.7076
197.651 -37.7176
197.714 -37.7276
197.778 -37.7376
197.841 -37.7476
197.905 -37.7576
197.968 -37.7676
198.032 -37.7776
198.095 -37.7876
198.159 -37.7976
198.222 -37.8076
198.285 -37.8176
198.349 -37.8276
198.412 -37.8376
198.476 -37.8476
198.539 -37.8576
198.603 -37.8676
198.666 -37.8776
198.73 -37.8876
198.793 -37.8976
198.857 -37.9076
198.92 -37.9176
198.984 -37.9276
199.048 -37.9376
199.111 -37.9476
199.175 -37.9576
199.239 -37.9676
199.302 -37.9776
199.366 -37.9876
199.43 -37.9976
199.494 -38.0076
199.558 -38.0176
199.621 -38.0276
199.685 -38.0376
199.749 -38.0476
199.813 -38.0576
199.877 -38.0676
199.941 -38.0776
200.005 -38.0876
200.069 -38.0976
200.133 -38.1076
200.197 -38.1176
200.261 -38.1276
200.325 -38.1376
200.389 -38.1476
200.453 -38.1576
200.517 -38.1676
200.581 -38.1776
200.645 -38.1876
200.71 -38.1976
200.774 -38.2076
200.838 -38.2176
200.902 -38.2276
200.966 -38.2376
201.031 -38.2476
201.095 -38.2576
201.159 -38.2676
201.224 -38.2776
201.288 -38.2876
201.352 -38.2976
201.416 -38.3076
201.478 -38.3176
201.541 -38.3276
201.604 -38.3376
201.667 -38.3476
201.73 -38.3576
201.793 -38.3676
201.856 -38.3776
201.919 -38.3876
201.982 -38.3976
202.045 -38.4076
202.108 -38.4176
202.171 -38.4276
202.234 -38.4376
202.297 -38.4476
202.36 -38.4576
202.423 -38.4676
202.486 -38.4776
202.549 -38.4876
202.612 -38.4976
202.675 -38.5076
202.739 -38.5176
202.802 -38.5276
202.865 -38.5376
202.928 -38.5476
202.991 -38.5576
203.055 -38.5676
203.118 -38.5776
203.181 -38.5876
203.245 -38.5976
203.308 -38.6076
203.371 -38.6176
203.434 -38.6276
203.497 -38.6376
203.56 -38.6476
203.623 -38.6576
203.686 -38.6676
203.749 -38.6776
203.812 -38.6876
203.875 -38.6976
203.938 -38.7076
204.001 -38.7176
204.064 -38.7276
204.127 -38.7376
204.19 -38.7476
204.253 -38.7576
204.316 -38.7676
204.379 -38.7776
204.443 -38.7876
204.506 -38.7976
204.569 -38.8076
204.632 -38.8176
204.696 -38.8276
204.759 -38.8376
204.822 -38.8476
204.885 -38.8576
204.949 -38.8676
205.012 -38.8776
205.075 -38.8876
205.139 -38.8976
205.201 -38.9076
205.263 -38.9176
205.325 -38.9276
205.387 -38.9376
205.449 -38.9476
205.51 -38.9576
205.572 -38.9676
205.634 -38.9776
205.696 -38.9876
205.758 -38.9976
205.82 -39.0076
205.882 -39.0176
205.944 -39.0276
206.006 -39.0376
206.068 -39.0476
206.13 -39.0576
206.192 -39.0676
206.254 -39.0776
206.316 -39.0876
206.378 -39.0976
206.44 -39.1076
206.502 -39.1176
206.564 -39.1276
206.625 -39.1376
206.685 -39.1476
206.746 -39.1576
206.806 -39.1676
206.867 -39.1776
206.927 -39.1876
206.988 -39.1976
207.048 -39.2076
207.109 -39.2176
207.169 -39.2276
207.23 -39.2376
207.29 -39.2476
207.351 -39.2576
207.412 -39.2676
207.472 -39.2776
207.533 -39.2876
207.593 -39.2976
207.654 -39.3076
207.715 -39.3176
207.775 -39.3276
207.836 -39.3376
207.897 -39.3476
207.957 -39.3576
208.018 -39.3676
208.079 -39.3776
208.14 -39.3876
208.2 -39.3976
208.261 -39.4076
208.322 -39.4176
208.383 -39.4276
208.443 -39.4376
208.504 -39.4476
208.565 -39.4576
208.626 -39.4676
208.687 -39.4776
208.748 -39.4876
208.809 -39.4976
208.87 -39.5076
208.93 -39.5176
208.991 -39.5276
209.052 -39.5376
209.113 -39.5476
209.174 -39.5576
209.235 -39.5676
209.295 -39.5776
209.356 -39.5876
209.416 -39.5976
209.477 -39.6076
209.538 -39.6176
209.598 -39.6276
209.659 -39.6376
209.719 -39.6476
209.78 -39.6576
209.841 -39.6676
209.901 -39.6776
209.962 -39.6876
210.023 -39.6976
210.083 -39.7076
210.144 -39.7176
210.205 -39.7276
210.266 -39.7376
210.326 -39.7476
210.387 -39.7576
210.448 -39.7676
210.509 -39.7776
210.569 -39.7876
210.63 -39.7976
210.691 -39.8076
210.752 -39.8176
210.813 -39.8276
210.874 -39.8376
210.934 -39.8476
210.995 -39.8576
211.056 -39.8676
211.117 -39.8776
211.178 -39.8876
211.239 -39.8976
211.3 -39.9076
211.361 -39.9176
211.422 -39.9276
211.483 -39.9376
211.544 -39.9476
211.605 -39.9576
211.666 -39.9676
211.727 -39.9776
211.788 -39.9876
211.849 -39.9976
211.91 -40.0076
211.972 -40.0176
212.032 -40.0276
212.093 -40.0376
212.154 -40.0476
212.215 -40.0576
212.275 -40.0676
