0.1 1.98895
0.2 4.62922
0.3 6.90815
0.4 9.26075
0.5 11.5856
0.6 13.9043
0.7 16.2258
0.8 18.5489
0.9 20.8733
1 23.1978
0.204925 23.5382
0.408936 23.8205
0.604038 24.0566
0.799306 24.2946
0.994807 24.5336
1.19029 24.7725
1.38574 25.0115
1.58089 25.2492
1.77657 25.4892
1.97173 25.7272
2.16732 25.9671
2.3624 26.2049
2.55763 26.4434
2.75292 26.6822
2.94819 26.9211
3.14344 27.16
3.33866 27.3988
3.53364 27.6366
3.7288 27.8753
3.92341 28.1116
4.11796 28.3475
4.31298 28.5859
4.50795 28.8241
4.70293 29.0624
4.89788 29.3007
5.09276 29.5388
5.28772 29.7774
5.48261 30.0157
5.67747 30.254
5.87231 30.4922
6.06707 30.7302
6.26186 30.9685
6.45662 31.2067
6.65137 31.4449
6.84594 31.6826
7.04076 31.9215
7.23551 32.1601
7.43026 32.3989
7.62498 32.6376
7.81968 32.8763
8.01435 33.115
8.20902 33.3538
8.40368 33.5926
8.59856 33.8326
8.79291 34.0702
8.98776 34.3102
9.18205 34.5478
9.37658 34.7865
9.57109 35.0253
9.76555 35.2638
9.96002 35.5026
10.1545 35.7414
10.3489 35.9801
10.5433 36.2188
10.7377 36.4576
10.932 36.6963
11.1263 36.935
11.3206 37.1737
11.5149 37.4124
11.7092 37.651
11.9034 37.8897
12.097 38.1251
12.2909 38.3619
12.4851 38.6007
12.6788 38.8372
12.8722 39.0716
13.0663 39.3102
13.2603 39.5484
13.4543 39.7869
13.6483 40.0254
13.8422 40.2636
14.0362 40.5021
14.2301 40.7406
14.424 40.979
14.6179 41.2175
14.8118 41.4559
15.0056 41.6943
15.1994 41.9326
15.3931 42.1708
15.5869 42.4092
15.7806 42.6476
15.9741 42.8848
16.1678 43.1232
16.3615 43.3615
16.5551 43.5999
16.7487 43.8382
16.9423 44.0765
17.1359 44.3148
17.3294 44.5531
17.5229 44.7913
17.7164 45.0296
17.9099 45.2678
18.1033 45.506
18.2967 45.7443
18.4901 45.9824
18.6835 46.2206
18.8768 46.4588
19.0701 46.6969
19.2634 46.9351
19.4567 47.1732
19.6499 47.4113
19.8431 47.6494
20.0363 47.8875
20.2295 48.1255
20.4226 48.3636
20.6157 48.6016
20.8088 48.8396
21.0019 49.0776
21.1949 49.3156
21.3879 49.5536
21.5808 49.7909
21.7738 50.0289
21.9667 50.2664
22.1596 50.5043
22.3525 50.7422
22.5453 50.9802
22.7382 51.2181
22.931 51.4559
23.1238 51.6938
23.3165 51.9316
23.5092 52.1693
23.7019 52.4071
23.8946 52.6448
24.0873 52.8826
24.2799 53.1204
24.4725 53.3581
24.6646 53.5923
24.8573 53.8312
25.0498 54.0688
25.2423 54.3063
25.4348 54.5439
25.6272 54.7815
25.8196 55.0191
26.012 55.2567
26.2044 55.4943
26.3967 55.7318
26.5887 55.9669
26.7813 56.2068
26.9732 56.4416
27.1658 56.6818
27.3576 56.9162
27.5502 57.1568
27.7419 57.3908
27.9345 57.6316
28.1261 57.8652
28.3186 58.1064
28.5102 58.3397
28.7022 58.5768
28.8942 58.814
29.0861 59.0512
29.2781 59.2883
29.47 59.5254
29.6618 59.7624
29.8537 59.9994
30.0461 60.2421
30.2373 60.4735
30.429 60.7104
30.6208 60.9474
30.8125 61.1843
31.0041 61.4212
31.1958 61.658
31.3873 61.8937
31.5788 62.13
31.7704 62.3667
31.9619 62.6035
32.1534 62.8397
32.3449 63.0764
32.5363 63.3131
32.7277 63.5497
32.9191 63.7863
33.1105 64.0229
33.3018 64.2595
33.4932 64.4961
33.6845 64.7326
33.8757 64.9692
34.0669 65.2056
34.2582 65.4421
34.4493 65.6786
34.6404 65.9143
34.8315 66.1507
35.0226 66.3871
35.2137 66.6235
35.4047 66.8598
35.5957 67.0961
35.7867 67.3324
35.9776 67.5678
36.1685 67.8037
36.3594 68.0399
36.5502 68.2761
36.7411 68.5123
36.9319 68.7485
37.1226 68.9843
37.3113 69
37.4932 69
37.6378 69
37.7218 69
37.8069 69
37.8924 69
37.9778 69
38.0632 69
38.1479 69
38.2333 69
38.3186 69
38.4032 69
38.4885 69
38.5738 69
38.6591 69
38.7439 69
38.829 69
38.9141 69
38.9991 69
39.0841 69
39.1689 69
39.2537 69
39.3384 69
39.423 69
39.5074 69
39.5915 69
39.676 69
39.7604 69
39.8448 69
39.9291 69
40.0133 69
40.0974 69
40.181 69
40.2642 69
40.3458 69
40.4268 69
40.5077 69
40.5856 69
40.6633 69
40.7401 69
40.8147 69
40.8888 69
40.9609 69
41.0329 69
41.1042 69
41.1752 69
41.2458 69
41.3163 69
41.3867 69
41.457 69
41.5273 69
41.5976 69
41.6678 69
41.7381 69
41.8082 69
41.8783 69
41.9483 69
42.0183 69
42.0883 69
42.1581 69
42.2279 69
42.2976 69
42.3672 69
42.4366 69
42.5061 69
42.5755 69
42.6449 69
42.7142 69
42.7835 69
42.8527 69
42.9219 69
42.991 69
43.06 69
43.1291 69
43.198 69
43.267 69
43.3359 69
43.4047 69
43.4735 69
43.5423 69
43.6108 69
43.6794 69
43.7479 69
43.8161 69
43.8847 69
43.9533 69
44.0217 69
44.0901 69
44.1585 69
44.2266 69
44.2945 69
44.3623 69
44.4302 69
44.498 69
44.5657 69
44.6334 69
44.7011 69
44.7687 69
44.8362 69
44.9037 69
44.9711 69
45.0384 69
45.1058 69
45.1732 69
45.2406 69
45.3079 69
45.3751 69
45.4423 69
45.5095 69
45.5766 69
45.6436 69
45.7106 69
45.7776 69
45.8445 69
45.9113 69
45.9781 69
46.0449 69
46.1115 69
46.1782 69
46.2448 69
46.3113 69
46.3778 69
46.4443 69
46.5106 69
46.5769 69
46.6432 69
46.7094 69
46.7756 69
46.8416 69
46.9077 69
46.9736 69
47.0396 69
47.1054 69
47.1712 69
47.2368 69
47.3026 69
47.3683 69
47.434 69
47.4997 69
47.5651 69
47.6306 69
47.6961 69
47.7616 69
47.827 69
47.8924 69
47.9577 69
48.023 69
48.0881 69
48.1533 69
48.2184 69
48.2834 69
48.3483 69
48.4132 69
48.478 69
48.5427 69
48.6074 69
48.672 69
48.7365 69
48.801 69
48.8654 69
48.9298 69
48.9941 69
49.0583 69
49.1224 69
49.1865 69
49.2504 69
49.3143 69
49.3781 69
49.4418 69
49.5055 69
49.5691 69
49.6326 69
49.6961 69
49.7595 69
49.8228 69
49.886 69
49.9492 69
50.0124 69
50.0754 69
50.1384 69
50.2003 69
50.2621 69
50.3238 69
50.3831 69
50.4423 69
50.5014 69
50.5605 69
50.6178 69
50.6739 69
50.7301 69
50.7862 69
50.8422 69
50.8971 69
50.9507 69
51.0044 69
51.058 69
51.1106 69
51.1627 69
51.2149 69
51.267 69
51.319 69
51.371 69
51.4229 69
51.4747 69
51.5265 69
51.5782 69
51.6299 69
51.6815 69
51.7331 69
51.7845 69
51.8358 69
51.8871 69
51.9383 69
51.9894 69
52.0405 69
52.0915 69
52.1424 69
52.1933 69
52.244 69
52.2946 69
52.345 69
52.3954 69
52.4456 69
52.4957 69
52.5457 69
52.5956 69
52.6454 69
52.6952 69
52.7449 69
52.7945 69
52.844 69
52.8939 69
52.9439 69
52.9941 69
53.0444 69
53.0945 69
53.1448 69
53.195 69
53.2451 69
53.2951 69
53.3451 69
53.395 69
53.4451 69
53.4951 69
53.545 69
53.5948 69
53.6445 69
53.6942 69
53.7437 69
53.7932 69
53.8425 69
53.8918 69
53.941 69
53.9901 69
54.0392 69
54.0882 69
54.1372 69
54.1855 69
54.2335 69
54.2814 69
54.3295 69
54.3774 69
54.4238 69
54.4699 69
54.5161 69
54.5622 69
54.6081 69
54.6539 69
54.6997 69
54.7444 69
54.788 69
54.8316 69
54.875 69
54.9182 69
54.9613 69
55.0043 69
55.047 69
55.0866 69
55.1258 69
55.1625 69
55.1988 69
55.2287 69
55.2519 69
55.2674 69
55.2762 69
55.2848 69
55.2934 69
55.3019 69
55.3122 69
55.3253 69
55.3379 69
55.3504 69
55.3617 69
55.3715 69
55.3812 69
55.3908 69
55.4004 69
55.4097 69
55.4187 69
55.4281 69
55.4412 69
55.4539 69
55.4662 69
55.4781 69
55.4898 69
55.5015 69
55.5117 69
55.5206 69
55.5294 69
55.5381 69
55.5495 69
55.5628 69
55.576 69
55.5891 69
55.6017 69
55.6136 69
55.6255 69
55.6385 69
55.6519 69
55.6644 69
55.6752 69
55.6854 69
55.6934 69
55.7004 69
55.7052 69
55.7085 69
55.7118 69
55.7151 69
55.7183 69
55.7215 69
55.7247 69
55.7279 69
55.731 69
55.7341 69
55.7371 69
55.7402 69
55.7432 69
55.7461 69
55.7491 69
55.752 69
55.7549 69
55.7577 69
55.7605 69
55.7633 69
55.766 69
55.7688 69
55.7714 69
55.7741 69
55.7767 69
55.7793 69
55.7818 69
55.7844 69
55.7868 69
55.7893 69
55.7917 69
55.7941 69
55.7965 69
55.7988 69
55.8011 69
55.8033 69
55.8056 69
55.8077 69
55.8099 69
55.812 69
55.8141 69
55.8161 69
55.8182 69
55.8201 69
55.8221 69
55.824 69
55.8259 69
55.8277 69
55.8295 69
55.8313 69
55.833 69
55.8347 69
55.8364 69
55.838 69
55.8396 69
55.8411 69
55.8426 69
55.8441 69
55.8455 69
55.8469 69
55.8483 69
55.8496 69
55.8509 69
55.8521 69
55.8533 69
55.8545 69
55.8556 69
55.8567 69
55.8577 69
55.8588 69
55.8597 69
55.8606 69
55.8615 69
55.8624 69
55.8632 69
55.8639 69
55.8646 69
55.8653 69
55.866 69
55.867 69
55.868 69
55.8689 69
55.8698 69
55.8707 69
55.8715 69
55.8723 69
55.873 69
55.8737 69
55.8743 69
55.8749 69
55.8755 69
55.8765 69
55.8777 69
55.8789 69
55.88 69
55.881 69
55.882 69
55.883 69
55.8839 69
55.8848 69
55.8856 69
55.8863 69
55.8871 69
55.8877 69
55.8883 69
55.8889 69
55.8894 69
55.8899 69
55.8904 69
55.8912 69
55.8924 69
55.8936 69
55.8947 69
55.8957 69
55.8967 69
55.8977 69
55.8986 69
55.8994 69
55.9001 69
55.9008 69
55.9015 69
55.902 69
55.9023 69
55.902 69
55.9016 69
55.9012 69
55.9 69
55.8987 69
55.8974 69
55.8942 69
55.8907 69
55.8873 69
55.8836 69
55.8784 69
55.8732 69
55.8675 69
55.8614 69
55.8553 69
55.8492 69
55.8434 69
55.8375 69
55.8315 69
55.8255 69
55.8195 69
55.8134 69
55.8072 69
55.801 69
55.7947 69
55.7884 69
55.782 69
55.7756 69
55.7691 69
55.7626 69
55.756 69
55.7498 69
55.7436 69
55.7373 69
55.7309 69
55.7245 69
55.718 69
55.7115 69
55.7049 69
55.6983 69
55.6915 69
55.6847 69
55.6779 69
55.671 69
55.664 69
55.657 69
55.6499 69
55.6427 69
55.6355 69
55.6282 69
55.6208 69
55.6134 69
55.6065 69
55.5995 69
55.5923 69
55.5846 69
55.5769 69
55.5687 69
55.5597 69
55.5507 69
55.5416 69
55.5322 69
55.5216 69
55.511 69
55.5003 69
55.4895 69
55.4782 69
55.4662 69
55.454 69
55.4409 69
55.4273 69
55.4135 69
55.3965 69
55.3791 69
55.3617 69
55.3443 69
55.3244 69
55.3028 69
55.2813 69
55.2596 69
55.2379 69
55.2158 69
55.191 69
55.1662 69
55.1413 69
55.1163 69
55.0896 69
55.0625 69
55.0354 69
55.0082 69
54.9809 69
54.9535 69
54.926 69
54.8984 69
54.8707 69
54.8429 69
54.8151 69
54.7871 69
54.759 69
54.7309 69
54.7026 69
54.6742 69
54.6457 69
54.6171 69
54.5883 69
54.5594 69
54.5304 69
54.5035 69
54.4779 69
54.4522 69
54.4263 69
54.4051 69
54.3845 69
54.3635 69
54.3425 69
54.3213 69
54.306 69
54.2916 69
54.2769 69
54.2622 69
54.253 69
54.2437 69
54.235 69
54.2276 69
54.2202 69
54.2128 69
54.2054 69
54.198 69
54.1905 69
54.1831 69
54.1756 69
54.1681 69
54.1605 69
54.153 69
54.1454 69
54.1378 69
54.1302 69
54.1226 69
54.115 69
54.1073 69
54.0997 69
54.092 69
54.0843 69
54.0766 69
54.0688 69
54.0611 69
54.0533 69
54.0455 69
54.0377 69
54.0298 69
54.022 69
54.0141 69
54.0061 69
53.9982 69
53.9902 69
53.9823 69
53.9743 69
53.9662 69
53.9582 69
53.9502 69
53.9419 69
53.9332 69
53.9244 69
53.9156 69
53.9068 69
53.8967 69
53.8862 69
53.8756 69
53.8651 69
53.8545 69
53.8439 69
53.8333 69
53.8215 69
53.8091 69
53.7976 69
53.7865 69
53.7753 69
53.7641 69
53.7542 69
53.7451 69
53.7359 69
53.7266 69
53.7167 69
53.7061 69
53.6956 69
53.6854 69
53.6769 69
53.6683 69
53.6597 69
53.6505 69
53.6411 69
53.6317 69
53.6223 69
53.6145 69
53.607 69
53.6001 69
53.5932 69
53.5865 69
53.5805 69
53.5745 69
53.5685 69
53.5638 69
53.5593 69
53.5548 69
53.5502 69
53.5457 69
53.541 69
53.5364 69
53.5318 69
53.5282 69
53.5256 69
53.5229 69
53.5202 69
53.5175 69
53.5148 69
53.5121 69
53.5111 69
53.5101 69
53.509 69
53.508 69
53.5073 69
53.5069 69
53.5065 69
53.5061 69
53.5057 69
53.5053 69
53.5049 69
53.5046 69
53.5042 69
53.5038 69
53.5034 69
53.503 69
53.5026 69
53.5022 69
53.5018 69
53.5014 69
53.501 69
53.5006 69
53.5002 69
53.4998 69
53.4994 69
53.499 69
53.4986 69
53.4982 69
53.4978 69
53.4974 69
53.497 69
53.4966 69
53.4962 69
53.4958 69
53.4954 69
53.495 69
53.4946 69
53.4942 69
53.4938 69
53.4934 69
53.493 69
53.4926 69
53.4922 69
53.4918 69
53.4914 69
53.491 69
53.4906 69
53.4902 69
53.4898 69
53.4894 69
53.489 69
53.4886 69
53.4882 69
53.4878 69
53.4874 69
53.487 69
53.4866 69
53.4862 69
53.4858 69
53.4854 69
53.485 69
53.4846 69
53.4842 69
53.4838 69
53.4834 69
53.483 69
53.4826 69
53.4822 69
53.4817 69
53.4813 69
53.4809 69
53.4805 69
53.4801 69
53.4797 69
53.4793 69
53.4789 69
53.4785 69
53.4781 69
53.4777 69
53.4773 69
53.4769 69
53.4765 69
53.4761 69
53.4757 69
53.4753 69
53.4749 69
53.4745 69
53.4741 69
53.4736 69
53.4732 69
53.4728 69
53.4724 69
53.472 69
53.4716 69
53.4712 69
53.4708 69
53.4704 69
53.47 69
53.4696 69
53.4692 69
53.4688 69
53.4684 69
53.4679 69
53.4675 69
53.4671 69
53.4667 69
53.4663 69
53.4659 69
53.4655 69
53.4651 69
53.4647 69
53.4643 69
53.4639 69
53.4634 69
53.463 69
53.4626 69
53.4622 69
53.4618 69
53.4614 69
53.461 69
53.4606 69
53.4602 69
53.4597 69
53.4593 69
53.4589 69
53.4585 69
53.4581 69
53.4577 69
53.4573 69
53.4569 69
53.4565 69
53.456 69
53.4556 69
53.4552 69
53.4548 69
53.4544 69
53.454 69
53.4536 69
53.4532 69
53.4527 69
53.4523 69
53.4519 69
53.4515 69
53.4511 69
53.4507 69
53.4503 69
53.4498 69
53.4494 69
53.449 69
53.4486 69
53.4482 69
53.4478 69
53.4473 69
53.4469 69
53.4465 69
53.4461 69
53.4457 69
53.4453 69
53.4449 69
53.4444 69
53.444 69
53.4436 69
53.4432 69
53.4428 69
53.4424 69
53.4419 69
53.4415 69
53.4411 69
53.4407 69
53.4403 69
53.4398 69
53.4394 69
53.439 69
53.4386 69
53.4382 69
53.4378 69
53.4373 69
53.4369 69
53.4365 69
53.4361 69
53.4357 69
53.4352 69
53.4348 69
53.4343 69
53.4339 69
53.4334 69
53.433 69
53.4325 69
53.4321 69
53.4316 69
53.4312 69
53.4307 69
53.4303 69
53.4298 69
53.4294 69
53.4289 69
53.4285 69
53.428 69
53.4276 69
53.4271 69
53.4267 69
53.4263 69
53.4258 69
53.4254 69
53.4249 69
53.4245 69
53.424 69
53.4236 69
53.4231 69
53.4227 69
53.4222 69
53.4217 69
53.4213 69
53.4207 69
53.4202 69
53.4197 69
53.4192 69
53.4187 69
53.4181 69
53.4176 69
53.4171 69
53.4166 69
53.4161 69
53.4155 69
53.415 69
53.4145 69
53.414 69
53.4135 69
53.4129 69
53.4124 69
53.4119 69
53.4114 69
53.4109 69
53.4103 69
53.4098 69
53.4093 69
53.4088 69
53.4082 69
53.4077 69
53.4072 69
53.4067 69
53.4062 69
53.4056 69
53.405 69
53.4043 69
53.4036 69
53.4029 69
53.4022 69
53.4015 69
53.4008 69
53.4001 69
53.3994 69
53.3987 69
53.3976 69
53.3965 69
53.3953 69
53.3941 69
53.3929 69
53.3918 69
53.3906 69
53.3893 69
53.3881 69
53.3868 69
53.3856 69
53.3847 69
53.3838 69
53.3829 69
53.3819 69
53.3805 69
53.3791 69
53.3777 69
53.3765 69
53.3757 69
53.3748 69
53.374 69
53.3731 69
53.3723 69
53.3714 69
53.3705 69
53.3697 69
53.3688 69
53.368 69
53.3671 69
53.3663 69
53.3655 69
53.3651 69
53.3647 69
53.3639 69
53.3632 69
53.3625 69
53.3618 69
53.3611 69
53.3604 69
53.3597 69
53.359 69
53.3583 69
53.3576 69
53.357 69
53.3565 69
53.3561 69
53.3557 69
53.3552 69
53.3548 69
53.3544 69
53.3539 69
53.3535 69
53.3533 69
53.3531 69
53.3529 69
53.3527 69
53.3524 69
53.3522 69
53.352 69
53.3518 69
53.3516 69
53.3514 69
53.3512 69
53.351 69
53.3508 69
53.3506 69
53.3503 69
53.35 69
53.3497 69
53.3495 69
53.3492 69
53.3489 69
53.3487 69
53.3484 69
53.3481 69
53.3479 69
53.3476 69
53.3473 69
53.3471 69
53.3468 69
53.3465 69
53.3462 69
53.346 69
53.3457 69
53.3454 69
53.3452 69
53.3449 69
53.3446 69
53.3444 69
53.3441 69
53.3438 69
53.3436 69
53.3433 69
53.343 69
53.3427 69
53.3425 69
53.3422 69
53.3419 69
53.3417 69
53.3414 69
53.3411 69
53.3409 69
53.3406 69
53.3403 69
53.3401 69
53.3398 69
53.3395 69
53.3392 69
53.339 69
53.3387 69
53.3383 69
53.338 69
53.3377 69
53.3374 69
53.3371 69
53.3368 69
53.3365 69
53.3362 69
53.3359 69
53.3356 69
53.3352 69
53.3349 69
53.3346 69
53.3343 69
53.334 69
53.3337 69
53.3334 69
53.3331 69
53.3328 69
53.3325 69
53.3322 69
53.3318 69
53.3315 69
53.3312 69
53.3309 69
53.3306 69
53.3303 69
53.33 69
53.3297 69
53.3294 69
53.3291 69
53.3288 69
53.3285 69
53.3281 69
53.3278 69
53.3275 69
53.3272 69
53.3269 69
53.3266 69
53.3263 69
53.326 69
53.3257 69
53.3254 69
53.3251 69
53.3248 69
53.3245 69
53.3241 69
53.3238 69
53.3235 69
53.3232 69
53.3229 69
53.3226 69
53.3223 69
53.322 69
53.3217 69
53.3214 69
53.3211 69
53.3208 69
53.3205 69
53.3202 69
53.3198 69
53.3195 69
53.3192 69
53.3189 69
53.3186 69
53.3183 69
53.318 69
53.3177 69
53.3174 69
53.3171 69
53.3168 69
53.3165 69
53.3162 69
53.3159 69
53.3156 69
53.3152 69
53.3149 69
53.3146 69
53.3143 69
53.314 69
53.3137 69
53.3134 69
53.3131 69
53.3128 69
53.3125 69
53.3122 69
53.3119 69
53.3116 69
53.3113 69
53.311 69
53.3107 69
53.3104 69
53.3101 69
53.3097 69
53.3094 69
53.3091 69
53.3088 69
53.3085 69
53.3082 69
53.3079 69
53.3076 69
53.3073 69
53.307 69
53.3067 69
53.3064 69
53.3061 69
53.3058 69
53.3055 69
53.3052 69
53.3049 69
53.3046 69
53.3043 69
53.304 69
53.3036 69
53.3033 69
53.303 69
53.3027 69
53.3024 69
53.3021 69
53.3018 69
53.3015 69
53.3012 69
53.3009 69
53.3006 69
53.3003 69
53.3 69
53.2997 69
53.2994 69
53.2991 69
53.2988 69
53.2985 69
53.2982 69
53.2979 69
53.2976 69
53.2973 69
53.297 69
53.2967 69
53.2964 69
53.2961 69
53.2958 69
53.2954 69
53.2951 69
53.2948 69
53.2945 69
53.2942 69
53.2939 69
53.2936 69
53.2933 69
53.293 69
53.2927 69
53.2924 69
53.2921 69
53.2918 69
53.2915 69
53.2912 69
53.2909 69
53.2906 69
53.2903 69
53.29 69
53.2897 69
53.2894 69
53.2891 69
53.2888 69
53.2885 69
53.2882 69
53.2879 69
53.2876 69
53.2873 69
53.287 69
53.2867 69
53.2864 69
53.2861 69
53.2858 69
53.2855 69
53.2852 69
53.2849 69
53.2846 69
53.2843 69
53.284 69
53.2837 69
53.2834 69
53.2831 69
53.2828 69
53.2825 69
53.2822 69
53.2819 69
53.2816 69
53.2813 69
53.281 69
53.2807 69
53.2804 69
53.2801 69
53.2798 69
53.2795 69
53.2792 69
53.2789 69
53.2786 69
53.2783 69
53.278 69
53.2777 69
53.2774 69
53.2771 69
53.2768 69
53.2765 69
53.2762 69
53.2759 69
53.2756 69
53.2753 69
53.275 69
53.2747 69
53.2744 69
53.2741 69
53.2738 69
53.2735 69
53.2732 69
53.2729 69
53.2726 69
53.2723 69
53.272 69
53.2717 69
53.2714 69
53.2711 69
53.2708 69
53.2705 69
53.2702 69
53.2699 69
53.2696 69
53.2693 69
53.269 69
53.2687 69
53.2684 69
53.2681 69
53.2678 69
53.2675 69
53.2672 69
53.2669 69
53.2666 69
53.2663 69
53.266 69
53.2657 69
53.2654 69
53.2651 69
53.2648 69
53.2645 69
53.2642 69
53.2639 69
53.2636 69
53.2633 69
53.263 69
53.2627 69
53.2624 69
53.2621 69
53.2618 69
53.2615 69
53.2612 69
53.2609 69
53.2606 69
53.2603 69
53.26 69
53.2597 69
53.2594 69
53.2591 69
53.2588 69
53.2585 69
53.2582 69
53.2579 69
53.2576 69
53.2573 69
53.257 69
53.2568 69
53.2565 69
53.2562 69
53.2559 69
53.2556 69
53.2553 69
53.255 69
53.2547 69
53.2544 69
53.2541 69
53.2538 69
53.2535 69
53.2532 69
53.2529 69
53.2526 69
53.2523 69
53.252 69
53.2517 69
53.2514 69
53.2511 69
53.2508 69
53.2505 69
53.2502 69
53.2499 69
53.2496 69
53.2493 69
53.249 69
53.2487 69
53.2485 69
53.2482 69
53.2479 69
53.2476 69
53.2473 69
53.247 69
53.2467 69
53.2464 69
53.2461 69
53.2458 69
53.2455 69
53.2452 69
53.2449 69
53.2446 69
53.2443 69
53.244 69
53.2437 69
53.2434 69
53.2431 69
53.2428 69
53.2426 69
53.2423 69
53.242 69
53.2417 69
53.2414 69
53.2411 69
53.2408 69
53.2405 69
53.2402 69
53.2399 69
53.2396 69
53.2393 69
53.239 69
53.2387 69
53.2384 69
53.2381 69
53.2378 69
53.2375 69
53.2373 69
53.237 69
53.2367 69
53.2364 69
53.2361 69
53.2358 69
53.2355 69
53.2352 69
53.2349 69
53.2346 69
53.2343 69
53.234 69
53.2337 69
53.2334 69
53.2331 69
53.2329 69
53.2326 69
53.2323 69
53.232 69
53.2317 69
53.2314 69
53.2311 69
53.2308 69
53.2305 69
53.2302 69
53.2299 69
53.2296 69
53.2293 69
53.229 69
53.2288 69
53.2285 69
53.2282 69
53.2279 69
53.2276 69
53.2273 69
53.227 69
53.2267 69
53.2264 69
53.2261 69
53.2258 69
53.2255 69
53.2252 69
53.225 69
53.2247 69
53.2244 69
53.2241 69
53.2238 69
53.2235 69
53.2232 69
53.2229 69
53.2226 69
53.2223 69
53.222 69
53.2217 69
53.2215 69
53.2212 69
53.2209 69
53.2206 69
53.2203 69
53.22 69
53.2197 69
53.2194 69
53.2191 69
53.2188 69
53.2185 69
53.2183 69
53.218 69
53.2177 69
53.2174 69
53.2171 69
53.2168 69
53.2165 69
53.2162 69
53.2159 69
53.2156 69
53.2153 69
53.2151 69
53.2148 69
53.2145 69
53.2142 69
53.2139 69
53.2136 69
53.2133 69
53.213 69
53.2127 69
53.2124 69
53.2122 69
53.2119 69
53.2116 69
53.2113 69
53.211 69
53.2107 69
53.2104 69
53.2101 69
53.2098 69
53.2096 69
53.2093 69
53.209 69
53.2087 69
53.2084 69
53.2081 69
53.2078 69
53.2075 69
53.2072 69
53.2069 69
53.2067 69
53.2064 69
53.2061 69
53.2058 69
53.2055 69
53.2052 69
53.2049 69
53.2046 69
53.2044 69
53.2041 69
53.2038 69
53.2035 69
53.2032 69
53.2029 69
53.2026 69
53.2023 69
53.202 69
53.2018 69
53.2015 69
53.2012 69
53.2009 69
53.2006 69
53.2003 69
53.2 69
53.1997 69
53.1995 69
53.1992 69
53.1989 69
53.1986 69
53.1983 69
53.198 69
53.1977 69
53.1974 69
53.1972 69
53.1969 69
53.1966 69
53.1963 69
53.196 69
53.1957 69
53.1954 69
53.1951 69
53.1949 69
53.1946 69
53.1943 69
53.194 69
53.1937 69
53.1934 69
53.1931 69
53.1928 69
53.1926 69
53.1923 69
53.192 69
53.1917 69
53.1914 69
53.1911 69
53.1908 69
53.1906 69
53.1903 69
53.19 69
53.1897 69
53.1894 69
53.1891 69
53.1888 69
53.1886 69
53.1883 69
53.188 69
53.1877 69
53.1874 69
53.1871 69
53.1868 69
53.1866 69
53.1863 69
53.186 69
53.1857 69
53.1854 69
53.1851 69
53.1848 69
53.1846 69
53.1843 69
53.184 69
53.1838 69
53.1835 69
53.1833 69
53.183 69
53.1828 69
53.1825 69
53.1823 69
53.182 69
53.1818 69
53.1816 69
53.1813 69
53.1811 69
53.1808 69
53.1806 69
53.1803 69
53.1801 69
53.1799 69
53.1796 69
53.1794 69
53.1791 69
53.1789 69
53.1786 69
53.1784 69
53.1782 69
53.1779 69
53.1777 69
53.1774 69
53.1772 69
53.1769 69
53.1767 69
53.1764 69
53.1762 69
53.176 69
53.1757 69
53.1755 69
53.1752 69
53.175 69
53.1748 69
53.1745 69
53.1743 69
53.174 69
53.1738 69
53.1735 69
53.1733 69
53.1732 69
53.173 69
53.1728 69
53.1726 69
53.1725 69
53.1723 69
53.1721 69
53.1719 69
53.1718 69
53.1716 69
53.1714 69
53.1712 69
53.171 69
53.1709 69
53.1707 69
53.1705 69
53.1703 69
53.1702 69
53.17 69
53.1698 69
53.1696 69
53.1695 69
53.1693 69
53.1691 69
53.1689 69
53.1687 69
53.1686 69
53.1684 69
53.1682 69
53.168 69
53.1679 69
53.1677 69
53.1675 69
53.1673 69
53.1672 69
53.167 69
53.1668 69
53.1666 69
53.1665 69
53.1663 69
53.1661 69
53.1659 69
53.1658 69
53.1656 69
53.1654 69
53.1652 69
53.1651 69
53.1649 69
53.1647 69
53.1645 69
53.1644 69
53.1642 69
53.164 69
53.1638 69
53.1637 69
53.1635 69
53.1633 69
53.1631 69
53.163 69
53.1628 69
53.1628 69
53.1627 69
53.1626 69
53.1625 69
53.1624 69
53.1623 69
53.1622 69
53.1621 69
53.162 69
53.1619 69
53.1618 69
53.1617 69
53.1617 69
53.1616 69
53.1615 69
53.1614 69
53.1613 69
53.1612 69
53.1611 69
53.161 69
53.1609 69
53.1608 69
53.1607 69
53.1606 69
53.1606 69
53.1605 69
53.1604 69
53.1603 69
53.1602 69
53.1601 69
53.16 69
53.1599 69
53.1598 69
53.1597 69
53.1596 69
53.1596 69
53.1595 69
53.1594 69
53.1593 69
53.1592 69
53.1591 69
53.159 69
53.1589 69
53.1588 69
53.1587 69
53.1586 69
53.1586 69
53.1585 69
53.1585 69
53.1585 69
53.1584 69
53.1584 69
53.1584 69
53.1584 69
53.1584 69
53.1583 69
53.1583 69
53.1583 69
53.1583 69
53.1582 69
53.1582 69
53.1582 69
53.1582 69
53.1582 69
53.1581 69
53.1581 69
53.1581 69
53.1581 69
53.1581 69
53.158 69
53.158 69
53.158 69
53.158 69
53.158 69
53.1579 69
53.1579 69
53.1579 69
53.1579 69
53.1579 69
53.1578 69
53.1578 69
53.1578 69
53.1578 69
53.1579 69
53.1579 69
53.1579 69
53.1579 69
53.1579 69
53.1579 69
53.1579 69
53.1579 69
53.1579 69
53.1579 69
53.1579 69
53.1579 69
53.1579 69
53.1579 69
53.158 69
53.158 69
53.158 69
53.158 69
53.158 69
53.158 69
53.158 69
53.158 69
53.158 69
53.158 69
53.158 69
53.158 69
53.158 69
53.1581 69
53.1581 69
53.1581 69
53.1581 69
53.1581 69
53.1581 69
53.1581 69
53.1581 69
53.1581 69
53.1581 69
53.1581 69
53.1581 69
53.1581 69
53.1582 69
53.1582 69
53.1582 69
53.1582 69
53.1582 69
53.1582 69
53.1582 69
53.1582 69
53.1582 69
53.1582 69
53.1582 69
53.1583 69
53.1583 69
53.1583 69
53.1583 69
53.1583 69
53.1583 69
53.1583 69
53.1583 69
53.1583 69
53.1583 69
53.1583 69
53.1584 69
53.1584 69
53.1584 69
53.1584 69
53.1584 69
53.1584 69
53.1584 69
53.1584 69
53.1584 69
53.1584 69
53.1585 69
53.1585 69
53.1585 69
53.1585 69
53.1585 69
53.1585 69
53.1585 69
53.1585 69
53.1585 69
53.1585 69
53.1586 69
53.1586 69
53.1586 69
53.1586 69
53.1586 69
53.1586 69
53.1586 69
53.1586 69
53.1586 69
53.1587 69
53.1587 69
53.1587 69
53.1587 69
53.1587 69
53.1587 69
53.1587 69
53.1587 69
53.1587 69
53.1588 69
53.1588 69
53.1588 69
53.1588 69
53.1588 69
53.1588 69
53.1588 69
53.1588 69
53.1588 69
53.1589 69
53.1589 69
53.1589 69
53.1589 69
53.1589 69
53.1589 69
53.1589 69
53.1589 69
53.1589 69
53.159 69
53.159 69
53.159 69
53.159 69
53.159 69
53.159 69
53.159 69
53.159 69
53.1591 69
53.1591 69
53.1591 69
53.1591 69
53.1591 69
53.1591 69
53.1591 69
53.1591 69
53.1592 69
53.1592 69
53.1592 69
53.1592 69
53.1592 69
53.1592 69
53.1592 69
53.1593 69
53.1593 69
53.1593 69
53.1593 69
53.1593 69
53.1593 69
53.1593 69
53.1593 69
53.1594 69
53.1594 69
53.1594 69
53.1594 69
53.1594 69
53.1594 69
53.1594 69
53.1595 69
53.1595 69
53.1595 69
53.1595 69
53.1595 69
53.1595 69
53.1595 69
53.1596 69
53.1596 69
53.1596 69
53.1596 69
53.1596 69
53.1596 69
53.1596 69
53.1597 69
53.1597 69
53.1597 69
53.1597 69
53.1597 69
53.1597 69
53.1597 69
53.1598 69
53.1598 69
53.1598 69
53.1598 69
53.1598 69
53.1598 69
53.1598 69
53.1599 69
53.1599 69
53.1599 69
53.1599 69
53.1599 69
53.1599 69
53.16 69
53.16 69
53.16 69
53.16 69
53.16 69
53.16 69
53.1601 69
53.1601 69
53.1601 69
53.1601 69
53.1601 69
53.1601 69
53.1601 69
53.1602 69
53.1602 69
53.1602 69
53.1602 69
53.1602 69
53.1602 69
53.1603 69
53.1603 69
53.1603 69
53.1603 69
53.1603 69
53.1603 69
53.1604 69
53.1604 69
53.1604 69
53.1604 69
53.1604 69
53.1604 69
53.1605 69
53.1605 69
53.1605 69
53.1605 69
53.1605 69
53.1605 69
53.1606 69
53.1606 69
53.1606 69
53.1606 69
53.1606 69
53.1606 69
53.1607 69
53.1607 69
53.1607 69
53.1607 69
53.1607 69
53.1608 69
53.1608 69
53.1608 69
53.1608 69
53.1608 69
53.1608 69
53.1609 69
53.1609 69
53.1609 69
53.1609 69
53.1609 69
53.161 69
53.161 69
53.161 69
53.161 69
53.161 69
53.161 69
53.1611 69
53.1611 69
53.1611 69
53.1611 69
53.1611 69
53.1612 69
53.1612 69
53.1612 69
53.1612 69
53.1612 69
53.1613 69
53.1613 69
53.1613 69
53.1613 69
53.1613 69
53.1613 69
53.1614 69
53.1614 69
53.1614 69
53.1614 69
53.1614 69
53.1615 69
53.1615 69
53.1615 69
53.1615 69
53.1615 69
53.1616 69
53.1616 69
53.1616 69
53.1616 69
53.1616 69
53.1617 69
53.1617 69
53.1617 69
53.1617 69
53.1617 69
53.1618 69
53.1618 69
53.1618 69
53.1618 69
53.1618 69
53.1619 69
53.1619 69
53.1619 69
53.1619 69
53.1619 69
53.162 69
53.162 69
53.162 69
53.162 69
53.162 69
53.1621 69
53.1621 69
53.1621 69
53.1621 69
53.1622 69
53.1622 69
53.1622 69
53.1622 69
53.1622 69
53.1623 69
53.1623 69
53.1623 69
53.1623 69
53.1623 69
53.1624 69
53.1624 69
53.1624 69
53.1624 69
53.1625 69
53.1625 69
53.1625 69
53.1625 69
53.1625 69
53.1626 69
53.1626 69
53.1626 69
53.1626 69
53.1627 69
53.1627 69
53.1627 69
53.1627 69
53.1627 69
53.1628 69
53.1628 69
53.1628 69
53.1628 69
53.1629 69
53.1629 69
53.1629 69
53.1629 69
53.1629 69
53.163 69
53.163 69
53.163 69
53.163 69
53.1631 69
53.1631 69
53.1631 69
53.1631 69
53.1632 69
53.1632 69
53.1632 69
53.1632 69
53.1632 69
53.1633 69
53.1633 69
53.1633 69
53.1633 69
53.1634 69
53.1634 69
53.1634 69
53.1634 69
53.1635 69
53.1635 69
53.1635 69
53.1635 69
53.1636 69
53.1636 69
53.1636 69
53.1636 69
53.1637 69
53.1637 69
53.1637 69
53.1637 69
53.1637 69
53.1638 69
53.1638 69
53.1638 69
53.1638 69
53.1639 69
53.1639 69
53.1639 69
53.1639 69
53.164 69
53.164 69
53.164 69
53.164 69
53.1641 69
53.1641 69
53.1641 69
53.1641 69
53.1642 69
53.1642 69
53.1642 69
53.1642 69
53.1643 69
53.1643 69
53.1643 69
53.1643 69
53.1644 69
53.1644 69
53.1644 69
53.1645 69
53.1645 69
53.1645 69
53.1645 69
53.1646 69
53.1646 69
53.1646 69
53.1646 69
53.1647 69
53.1647 69
53.1647 69
53.1647 69
53.1648 69
53.1648 69
53.1648 69
53.1648 69
53.1649 69
53.1649 69
53.1649 69
53.1649 69
53.165 69
53.165 69
53.165 69
53.1651 69
53.1651 69
53.1651 69
53.1651 69
53.1652 69
53.1652 69
53.1652 69
53.1652 69
53.1653 69
53.1653 69
53.1653 69
53.1654 69
53.1654 69
53.1654 69
53.1654 69
53.1655 69
53.1655 69
53.1655 69
53.1655 69
53.1656 69
53.1656 69
53.1656 69
53.1657 69
53.1657 69
53.1657 69
53.1657 69
53.1658 69
53.1658 69
53.1658 69
53.1659 69
53.1659 69
53.1659 69
53.1659 69
53.166 69
53.166 69
53.166 69
53.166 69
53.1661 69
53.1661 69
53.1661 69
53.1662 69
53.1662 69
53.1662 69
53.1663 69
53.1663 69
53.1663 69
53.1663 69
53.1664 69
53.1664 69
53.1664 69
53.1665 69
53.1665 69
53.1665 69
53.1665 69
53.1666 69
53.1666 69
53.1666 69
53.1667 69
53.1667 69
53.1667 69
53.1667 69
53.1668 69
53.1668 69
53.1668 69
53.1669 69
53.1669 69
53.1669 69
53.167 69
53.167 69
53.167 69
53.167 69
53.1671 69
53.1671 69
53.1671 69
53.1672 69
53.1672 69
53.1672 69
53.1673 69
53.1673 69
53.1673 69
53.1673 69
53.1674 69
53.1674 69
53.1674 69
53.1675 69
53.1675 69
53.1675 69
53.1676 69
53.1676 69
53.1676 69
53.1677 69
53.1677 69
53.1677 69
53.1677 69
53.1678 69
53.1678 69
53.1678 69
53.1679 69
53.1679 69
53.1679 69
53.168 69
53.168 69
53.168 69
53.1681 69
53.1681 69
53.1681 69
53.1682 69
53.1682 69
53.1682 69
53.1683 69
53.1683 69
53.1683 69
53.1683 69
53.1684 69
53.1684 69
53.1684 69
53.1685 69
53.1685 69
53.1685 69
53.1686 69
53.1686 69
53.1686 69
53.1687 69
53.1687 69
53.1687 69
53.1688 69
53.1688 69
53.1688 69
53.1689 69
53.1689 69
53.1689 69
53.169 69
53.169 69
53.169 69
53.1691 69
53.1691 69
53.1691 69
53.1692 69
53.1692 69
53.1692 69
53.1693 69
53.1693 69
53.1693 69
53.1694 69
53.1694 69
53.1694 69
53.1695 69
53.1695 69
53.1695 69
53.1696 69
53.1696 69
53.1696 69
53.1697 69
53.1697 69
53.1697 69
53.1698 69
53.1698 69
53.1698 69
53.1699 69
53.1699 69
53.1699 69
53.17 69
53.17 69
53.17 69
53.1701 69
53.1701 69
53.1701 69
53.1702 69
53.1702 69
53.1703 69
53.1703 69
53.1703 69
53.1704 69
53.1704 69
53.1704 69
53.1705 69
53.1705 69
53.1705 69
53.1706 69
53.1706 69
53.1706 69
53.1707 69
53.1707 69
53.1707 69
53.1708 69
53.1708 69
53.1708 69
53.1709 69
53.1709 69
53.171 69
53.171 69
53.171 69
53.1711 69
53.1711 69
53.1711 69
53.1712 69
53.1712 69
53.1712 69
53.1713 69
53.1713 69
53.1714 69
53.1714 69
53.1714 69
53.1715 69
53.1715 69
53.1715 69
53.1716 69
53.1716 69
53.1716 69
53.1717 69
53.1717 69
53.1718 69
53.1718 69
53.1718 69
53.1719 69
53.1719 69
53.1719 69
53.172 69
53.172 69
53.172 69
53.1721 69
53.1721 69
53.1722 69
53.1722 69
53.1722 69
53.1723 69
53.1723 69
53.1723 69
53.1724 69
53.1724 69
53.1725 69
53.1725 69
53.1725 69
53.1726 69
53.1726 69
53.1726 69
53.1727 69
53.1727 69
53.1728 69
53.1728 69
53.1728 69
53.1729 69
53.1729 69
53.1729 69
53.173 69
53.173 69
53.1731 69
53.1731 69
53.1731 69
53.1732 69
53.1732 69
53.1733 69
53.1733 69
53.1733 69
53.1734 69
53.1734 69
53.1735 69
53.1735 69
53.1735 69
53.1736 69
53.1736 69
53.1736 69
53.1737 69
53.1737 69
53.1738 69
53.1738 69
53.1738 69
53.1739 69
53.1739 69
53.174 69
53.174 69
53.174 69
53.1741 69
53.1741 69
53.1742 69
53.1742 69
53.1742 69
53.1743 69
53.1743 69
53.1744 69
53.1744 69
53.1744 69
53.1745 69
53.1745 69
53.1746 69
53.1746 69
53.1746 69
53.1747 69
53.1747 69
53.1748 69
53.1748 69
53.1748 69
53.1749 69
53.1749 69
53.175 69
53.175 69
53.175 69
53.1751 69
53.1751 69
53.1752 69
53.1752 69
53.1752 69
53.1753 69
53.1753 69
53.1754 69
53.1754 69
53.1754 69
53.1755 69
53.1755 69
53.1756 69
53.1756 69
53.1757 69
53.1757 69
53.1757 69
53.1758 69
53.1758 69
53.1759 69
53.1759 69
53.1759 69
53.176 69
53.176 69
53.1761 69
53.1761 69
53.1762 69
53.1762 69
53.1762 69
53.1763 69
53.1763 69
53.1764 69
53.1764 69
53.1764 69
53.1765 69
53.1765 69
53.1766 69
53.1766 69
53.1767 69
53.1767 69
53.1767 69
53.1768 69
53.1768 69
53.1769 69
53.1769 69
53.177 69
53.177 69
53.177 69
53.1771 69
53.1771 69
53.1772 69
53.1772 69
53.1773 69
53.1773 69
53.1773 69
53.1774 69
53.1774 69
53.1775 69
53.1775 69
53.1776 69
53.1776 69
53.1777 69
53.1777 69
53.1777 69
53.1778 69
53.1778 69
53.1779 69
53.1779 69
53.178 69
53.178 69
53.178 69
53.1781 69
53.1781 69
53.1782 69
53.1782 69
53.1783 69
53.1783 69
53.1784 69
53.1784 69
53.1784 69
53.1785 69
53.1785 69
53.1786 69
53.1786 69
53.1787 69
53.1787 69
53.1788 69
53.1788 69
53.1788 69
53.1789 69
53.1789 69
53.179 69
53.179 69
53.1791 69
53.1791 69
53.1792 69
53.1792 69
53.1792 69
53.1793 69
53.1793 69
53.1794 69
53.1794 69
53.1795 69
53.1795 69
53.1796 69
53.1796 69
53.1797 69
53.1797 69
53.1798 69
53.1798 69
53.1798 69
53.1799 69
53.1799 69
53.18 69
53.18 69
53.1801 69
53.1801 69
53.1802 69
53.1802 69
53.1803 69
53.1803 69
53.1803 69
53.1804 69
53.1804 69
53.1805 69
53.1805 69
53.1806 69
53.1806 69
53.1807 69
53.1807 69
53.1808 69
53.1808 69
53.1809 69
53.1809 69
53.181 69
53.181 69
53.1811 69
53.1811 69
53.1811 69
53.1812 69
53.1812 69
53.1813 69
53.1813 69
53.1814 69
53.1814 69
53.1815 69
53.1815 69
53.1816 69
53.1816 69
53.1817 69
53.1817 69
53.1818 69
53.1818 69
53.1819 69
53.1819 69
53.182 69
53.182 69
53.182 69
53.1821 69
53.1821 69
53.1822 69
53.1822 69
53.1823 69
53.1823 69
53.1824 69
53.1824 69
53.1825 69
53.1825 69
53.1826 69
53.1826 69
53.1827 69
53.1827 69
53.1828 69
53.1828 69
53.1829 69
53.1829 69
53.183 69
53.183 69
53.1831 69
53.1831 69
53.1832 69
53.1832 69
53.1833 69
53.1833 69
53.1834 69
53.1834 69
53.1835 69
53.1835 69
53.1836 69
53.1836 69
53.1837 69
53.1837 69
53.1838 69
53.1838 69
53.1839 69
53.1839 69
53.184 69
53.184 69
53.1841 69
53.1841 69
53.1842 69
53.1842 69
53.1843 69
53.1843 69
53.1844 69
53.1844 69
53.1845 69
53.1845 69
53.1846 69
53.1846 69
53.1847 69
53.1847 69
53.1848 69
53.1848 69
53.1849 69
53.1849 69
53.185 69
53.185 69
53.1851 69
53.1851 69
53.1852 69
53.1852 69
53.1853 69
53.1853 69
53.1854 69
53.1854 69
53.1855 69
53.1855 69
53.1856 69
53.1856 69
53.1857 69
53.1857 69
53.1858 69
53.1858 69
53.1859 69
53.1859 69
53.186 69
53.186 69
53.1861 69
53.1861 69
53.1862 69
53.1863 69
53.1863 69
53.1864 69
53.1864 69
53.1865 69
53.1865 69
53.1866 69
53.1866 69
53.1867 69
53.1867 69
53.1868 69
53.1868 69
53.1869 69
53.1869 69
53.187 69
53.187 69
53.1871 69
53.1871 69
53.1872 69
53.1873 69
53.1873 69
53.1874 69
53.1874 69
53.1875 69
53.1875 69
53.1876 69
53.1876 69
53.1877 69
53.1877 69
53.1878 69
53.1878 69
53.1879 69
53.1879 69
53.188 69
53.188 69
53.1881 69
53.1882 69
53.1882 69
53.1883 69
53.1883 69
53.1884 69
53.1884 69
53.1885 69
53.1885 69
53.1886 69
53.1886 69
53.1887 69
53.1888 69
53.1888 69
53.1889 69
53.1889 69
53.189 69
53.189 69
53.1891 69
53.1891 69
53.1892 69
53.1892 69
53.1893 69
53.1893 69
53.1894 69
53.1895 69
53.1895 69
53.1896 69
53.1896 69
53.1897 69
53.1897 69
53.1898 69
53.1898 69
53.1899 69
53.19 69
53.19 69
53.1901 69
53.1901 69
53.1902 69
53.1902 69
53.1903 69
53.1903 69
53.1904 69
53.1905 69
53.1905 69
53.1906 69
53.1906 69
53.1907 69
53.1907 69
53.1908 69
53.1908 69
53.1909 69
53.191 69
53.191 69
53.1911 69
53.1911 69
53.1912 69
53.1912 69
53.1913 69
53.1914 69
53.1914 69
53.1915 69
53.1915 69
53.1916 69
53.1916 69
53.1917 69
53.1917 69
53.1918 69
53.1919 69
53.1919 69
53.192 69
53.192 69
53.1921 69
53.1921 69
53.1922 69
53.1923 69
53.1923 69
53.1924 69
53.1924 69
53.1925 69
53.1925 69
53.1926 69
53.1927 69
53.1927 69
53.1928 69
53.1928 69
53.1929 69
53.1929 69
53.193 69
53.1931 69
53.1931 69
53.1932 69
53.1932 69
53.1933 69
53.1934 69
53.1934 69
53.1935 69
53.1935 69
53.1936 69
53.1936 69
53.1937 69
53.1938 69
53.1938 69
53.1939 69
53.1939 69
53.194 69
53.1941 69
53.1941 69
53.1942 69
53.1942 69
53.1943 69
53.1943 69
53.1944 69
53.1945 69
53.1945 69
53.1946 69
53.1946 69
53.1947 69
53.1948 69
53.1948 69
53.1949 69
53.1949 69
53.195 69
53.1951 69
53.1951 69
53.1952 69
53.1952 69
53.1953 69
53.1954 69
53.1954 69
53.1955 69
53.1955 69
53.1956 69
53.1957 69
53.1957 69
53.1958 69
53.1958 69
53.1959 69
53.196 69
53.196 69
53.1961 69
53.1961 69
53.1962 69
53.1963 69
53.1963 69
53.1964 69
53.1964 69
53.1965 69
53.1966 69
53.1966 69
53.1967 69
53.1967 69
53.1968 69
53.1969 69
53.1969 69
53.197 69
53.197 69
53.1971 69
53.1972 69
53.1972 69
53.1973 69
53.1974 69
53.1974 69
53.1975 69
53.1975 69
53.1976 69
53.1977 69
53.1977 69
53.1978 69
53.1978 69
53.1979 69
53.198 69
53.198 69
53.1981 69
53.1982 69
53.1982 69
53.1983 69
53.1983 69
53.1984 69
53.1985 69
53.1985 69
53.1986 69
53.1986 69
53.1987 69
53.1988 69
53.1988 69
53.1989 69
53.199 69
53.199 69
53.1991 69
53.1991 69
53.1992 69
53.1993 69
53.1993 69
53.1994 69
53.1995 69
53.1995 69
53.1996 69
53.1996 69
53.1997 69
53.1998 69
53.1998 69
53.1999 69
53.2 69
53.2 69
53.2001 69
53.2002 69
53.2002 69
53.2003 69
53.2003 69
53.2004 69
53.2005 69
53.2005 69
53.2006 69
53.2007 69
53.2007 69
53.2008 69
53.2009 69
53.2009 69
53.201 69
53.201 69
53.2011 69
53.2012 69
53.2012 69
53.2013 69
53.2014 69
53.2014 69
53.2015 69
53.2016 69
53.2016 69
53.2017 69
53.2018 69
53.2018 69
53.2019 69
53.2019 69
53.202 69
53.2021 69
53.2021 69
53.2022 69
53.2023 69
53.2023 69
53.2024 69
53.2025 69
53.2025 69
53.2026 69
53.2027 69
53.2027 69
53.2028 69
53.2029 69
53.2029 69
53.203 69
53.2031 69
53.2031 69
53.2032 69
53.2032 69
53.2033 69
53.2034 69
53.2034 69
53.2035 69
53.2036 69
53.2036 69
53.2037 69
53.2038 69
53.2038 69
53.2039 69
53.204 69
53.204 69
53.2041 69
53.2042 69
53.2042 69
53.2043 69
53.2044 69
53.2044 69
53.2045 69
53.2046 69
53.2046 69
53.2047 69
53.2048 69
53.2048 69
53.2049 69
53.205 69
53.205 69
53.2051 69
53.2052 69
53.2052 69
53.2053 69
53.2054 69
53.2054 69
53.2055 69
53.2056 69
53.2056 69
53.2057 69
53.2058 69
53.2058 69
53.2059 69
53.206 69
53.206 69
53.2061 69
53.2062 69
53.2062 69
53.2063 69
53.2064 69
53.2064 69
53.2065 69
53.2066 69
53.2067 69
53.2067 69
53.2068 69
53.2069 69
53.2069 69
53.207 69
53.2071 69
53.2071 69
53.2072 69
53.2073 69
53.2073 69
53.2074 69
53.2075 69
53.2075 69
53.2076 69
53.2077 69
53.2077 69
53.2078 69
53.2079 69
53.208 69
53.208 69
53.2081 69
53.2082 69
53.2082 69
53.2083 69
53.2084 69
53.2084 69
53.2085 69
53.2086 69
53.2086 69
53.2087 69
53.2088 69
53.2089 69
53.2089 69
53.209 69
53.2091 69
53.2091 69
53.2092 69
53.2093 69
53.2093 69
53.2094 69
53.2095 69
53.2095 69
53.2096 69
53.2097 69
53.2098 69
53.2098 69
53.2099 69
53.21 69
53.21 69
53.2101 69
53.2102 69
53.2103 69
53.2103 69
53.2104 69
53.2105 69
53.2105 69
53.2106 69
53.2107 69
53.2107 69
53.2108 69
53.2109 69
53.211 69
53.211 69
53.2111 69
53.2112 69
53.2112 69
53.2113 69
53.2114 69
53.2115 69
53.2115 69
53.2116 69
53.2117 69
53.2117 69
53.2118 69
53.2119 69
53.212 69
53.212 69
53.2121 69
53.2122 69
53.2122 69
53.2123 69
53.2124 69
53.2125 69
53.2125 69
53.2126 69
53.2127 69
53.2127 69
53.2128 69
53.2129 69
53.213 69
53.213 69
53.2131 69
53.2132 69
53.2133 69
53.2133 69
53.2134 69
53.2135 69
53.2135 69
53.2136 69
53.2137 69
53.2138 69
53.2138 69
53.2139 69
53.214 69
53.2141 69
53.2141 69
53.2142 69
53.2143 69
53.2143 69
53.2144 69
53.2145 69
53.2146 69
53.2146 69
53.2147 69
53.2148 69
53.2149 69
53.2149 69
53.215 69
53.2151 69
53.2151 69
53.2152 69
53.2153 69
53.2154 69
53.2154 69
53.2155 69
53.2156 69
53.2157 69
53.2157 69
53.2158 69
53.2159 69
53.216 69
53.216 69
53.2161 69
53.2162 69
53.2163 69
53.2163 69
53.2164 69
53.2165 69
53.2166 69
53.2166 69
53.2167 69
53.2168 69
53.2169 69
53.2169 69
53.217 69
53.2171 69
53.2172 69
53.2172 69
53.2173 69
53.2174 69
53.2175 69
53.2175 69
53.2176 69
53.2177 69
53.2178 69
53.2178 69
53.2179 69
53.218 69
53.2181 69
53.2181 69
53.2182 69
53.2183 69
53.2184 69
53.2184 69
53.2185 69
53.2186 69
53.2187 69
53.2187 69
53.2188 69
53.2189 69
53.219 69
53.219 69
53.2191 69
53.2192 69
53.2193 69
53.2193 69
53.2194 69
53.2195 69
53.2196 69
53.2197 69
53.2197 69
53.2198 69
53.2199 69
53.22 69
53.22 69
53.2201 69
53.2202 69
53.2203 69
53.2203 69
53.2204 69
53.2205 69
53.2206 69
53.2206 69
53.2207 69
53.2208 69
53.2209 69
53.221 69
53.221 69
53.2211 69
53.2212 69
53.2213 69
53.2213 69
53.2214 69
53.2215 69
53.2216 69
53.2217 69
53.2217 69
53.2218 69
53.2219 69
53.222 69
53.222 69
53.2221 69
53.2222 69
53.2223 69
53.2224 69
53.2224 69
53.2225 69
53.2226 69
53.2227 69
53.2227 69
53.2228 69
53.2229 69
53.223 69
53.2231 69
53.2231 69
53.2232 69
53.2233 69
53.2234 69
53.2235 69
53.2235 69
53.2236 69
53.2237 69
53.2238 69
53.2238 69
53.2239 69
53.224 69
53.2241 69
53.2242 69
53.2242 69
53.2243 69
53.2244 69
53.2245 69
53.2246 69
53.2246 69
53.2247 69
53.2248 69
53.2249 69
53.225 69
53.225 69
53.2251 69
53.2252 69
53.2253 69
53.2254 69
53.2254 69
53.2255 69
53.2256 69
53.2257 69
53.2258 69
53.2258 69
53.2259 69
53.226 69
53.2261 69
53.2262 69
53.2262 69
53.2263 69
53.2264 69
53.2265 69
53.2266 69
53.2266 69
53.2267 69
53.2268 69
53.2269 69
53.227 69
53.227 69
53.2271 69
53.2272 69
53.2273 69
53.2274 69
53.2275 69
53.2275 69
53.2276 69
53.2277 69
53.2278 69
53.2279 69
53.2279 69
53.228 69
53.2281 69
53.2282 69
53.2283 69
53.2283 69
53.2284 69
53.2285 69
53.2286 69
53.2287 69
53.2288 69
53.2288 69
53.2289 69
53.229 69
53.2291 69
53.2292 69
53.2292 69
53.2293 69
53.2294 69
53.2295 69
53.2296 69
53.2297 69
53.2297 69
53.2298 69
53.2299 69
53.23 69
53.2301 69
53.2302 69
53.2302 69
53.2303 69
53.2304 69
53.2305 69
53.2306 69
53.2306 69
53.2307 69
53.2308 69
53.2309 69
53.231 69
53.2311 69
53.2311 69
53.2312 69
53.2313 69
53.2314 69
53.2315 69
53.2316 69
53.2316 69
53.2317 69
53.2318 69
53.2319 69
53.232 69
53.2321 69
53.2322 69
53.2322 69
53.2323 69
53.2324 69
53.2325 69
53.2326 69
53.2327 69
53.2327 69
53.2328 69
53.2329 69
53.233 69
53.2331 69
53.2332 69
53.2332 69
53.2333 69
53.2334 69
53.2335 69
53.2336 69
53.2337 69
53.2338 69
53.2338 69
53.2339 69
53.234 69
53.2341 69
53.2342 69
53.2343 69
53.2343 69
53.2344 69
53.2345 69
53.2346 69
53.2347 69
53.2348 69
53.2349 69
53.2349 69
53.235 69
53.2351 69
53.2352 69
53.2353 69
53.2354 69
53.2355 69
53.2355 69
53.2356 69
53.2357 69
53.2358 69
53.2359 69
53.236 69
53.2361 69
53.2361 69
53.2362 69
53.2363 69
53.2364 69
53.2365 69
53.2366 69
53.2367 69
53.2367 69
53.2368 69
53.2369 69
53.237 69
53.2371 69
53.2372 69
53.2373 69
53.2374 69
53.2374 69
53.2375 69
53.2376 69
53.2377 69
53.2378 69
53.2379 69
53.238 69
53.238 69
53.2381 69
53.2382 69
53.2383 69
53.2384 69
53.2385 69
53.2386 69
53.2387 69
53.2387 69
53.2388 69
53.2389 69
53.239 69
53.2391 69
53.2392 69
53.2393 69
53.2394 69
53.2394 69
53.2395 69
53.2396 69
53.2397 69
53.2398 69
53.2399 69
53.24 69
53.2401 69
53.2401 69
53.2402 69
53.2403 69
53.2404 69
53.2405 69
53.2406 69
53.2407 69
53.2408 69
53.2409 69
53.2409 69
53.241 69
53.2411 69
53.2412 69
53.2413 69
53.2414 69
53.2415 69
53.2416 69
53.2417 69
53.2417 69
53.2418 69
53.2419 69
53.242 69
53.2421 69
53.2422 69
53.2423 69
53.2424 69
53.2425 69
53.2425 69
53.2426 69
53.2427 69
53.2428 69
53.2429 69
53.243 69
53.2431 69
53.2432 69
53.2433 69
53.2434 69
53.2434 69
53.2435 69
53.2436 69
53.2437 69
53.2438 69
53.2439 69
53.244 69
53.2441 69
53.2442 69
53.2443 69
53.2443 69
53.2444 69
53.2445 69
53.2446 69
53.2447 69
53.2448 69
53.2449 69
53.245 69
53.2451 69
53.2452 69
53.2453 69
53.2453 69
53.2454 69
53.2455 69
53.2456 69
53.2457 69
53.2458 69
53.2459 69
53.246 69
53.2461 69
53.2462 69
53.2463 69
53.2463 69
53.2464 69
53.2465 69
53.2466 69
53.2467 69
53.2468 69
53.2469 69
53.247 69
53.2471 69
53.2472 69
53.2473 69
53.2474 69
53.2474 69
53.2475 69
53.2476 69
53.2477 69
53.2478 69
53.2479 69
53.248 69
53.2481 69
53.2482 69
53.2483 69
53.2484 69
53.2485 69
53.2486 69
53.2486 69
53.2487 69
53.2488 69
53.2489 69
53.249 69
53.2491 69
53.2492 69
53.2493 69
53.2494 69
53.2495 69
53.2496 69
53.2497 69
53.2498 69
53.2499 69
53.2499 69
53.25 69
53.2501 69
53.2502 69
53.2503 69
53.2504 69
53.2505 69
53.2506 69
53.2507 69
53.2508 69
53.2509 69
53.251 69
53.2511 69
53.2512 69
53.2513 69
53.2514 69
53.2514 69
53.2515 69
53.2516 69
53.2517 69
53.2518 69
53.2519 69
53.252 69
53.2521 69
53.2522 69
53.2523 69
53.2524 69
53.2525 69
53.2526 69
53.2527 69
53.2528 69
53.2529 69
53.253 69
53.2531 69
53.2531 69
53.2532 69
53.2533 69
53.2534 69
53.2535 69
53.2536 69
53.2537 69
53.2538 69
53.2539 69
53.254 69
53.2541 69
53.2542 69
53.2543 69
53.2544 69
53.2545 69
53.2546 69
53.2547 69
53.2548 69
53.2549 69
53.255 69
53.2551 69
53.2551 69
53.2552 69
53.2553 69
53.2554 69
53.2555 69
53.2556 69
53.2557 69
53.2558 69
53.2559 69
53.256 69
53.2561 69
53.2562 69
53.2563 69
53.2564 69
53.2565 69
53.2566 69
53.2567 69
53.2568 69
53.2569 69
53.257 69
53.2571 69
53.2572 69
53.2573 69
53.2574 69
53.2575 69
53.2576 69
53.2577 69
53.2578 69
53.2579 69
53.2579 69
53.258 69
53.2581 69
53.2582 69
53.2583 69
53.2584 69
53.2585 69
53.2586 69
53.2587 69
53.2588 69
53.2589 69
53.259 69
53.2591 69
53.2592 69
53.2593 69
53.2594 69
53.2595 69
53.2596 69
53.2597 69
53.2598 69
53.2599 69
53.26 69
53.2601 69
53.2602 69
53.2603 69
53.2604 69
53.2605 69
53.2606 69
53.2607 69
53.2608 69
53.2609 69
53.261 69
53.2611 69
53.2612 69
53.2613 69
53.2614 69
53.2615 69
53.2616 69
53.2617 69
53.2618 69
53.2619 69
53.262 69
53.2621 69
53.2622 69
53.2623 69
53.2624 69
53.2625 69
53.2626 69
53.2627 69
53.2628 69
53.2629 69
53.263 69
53.2631 69
53.2632 69
53.2633 69
53.2634 69
53.2635 69
53.2636 69
53.2637 69
53.2638 69
53.2639 69
53.264 69
53.2641 69
53.2642 69
53.2643 69
53.2644 69
53.2645 69
53.2646 69
53.2647 69
53.2648 69
53.2649 69
53.265 69
53.2651 69
53.2652 69
53.2653 69
53.2654 69
53.2655 69
53.2656 69
53.2657 69
53.2658 69
53.2659 69
53.266 69
53.2661 69
53.2662 69
53.2663 69
53.2664 69
53.2665 69
53.2666 69
53.2667 69
53.2668 69
53.2669 69
53.267 69
53.2671 69
53.2672 69
53.2673 69
53.2674 69
53.2675 69
53.2676 69
53.2677 69
53.2678 69
53.2679 69
53.268 69
53.2681 69
53.2682 69
53.2683 69
53.2684 69
53.2685 69
53.2686 69
53.2687 69
53.2688 69
53.2689 69
53.269 69
53.2691 69
53.2692 69
53.2693 69
53.2694 69
53.2695 69
53.2697 69
53.2698 69
53.2699 69
53.27 69
53.2701 69
53.2702 69
53.2703 69
53.2704 69
53.2705 69
53.2706 69
53.2707 69
53.2708 69
53.2709 69
53.271 69
53.2711 69
53.2712 69
53.2713 69
53.2714 69
53.2715 69
53.2716 69
53.2717 69
53.2718 69
53.2719 69
53.272 69
53.2721 69
53.2722 69
53.2723 69
