0.1 -0.320467
0.2 -0.52912
0.3 -0.792509
0.4 -1.06567
0.5 -1.33768
0.6 -1.61091
0.7 -1.88635
0.8 -2.1639
0.9 -2.44356
1 -2.72522
0.204925 -2.76525
0.408936 -2.79871
0.604038 -2.82689
0.799306 -2.85529
0.994807 -2.88384
1.19029 -2.9124
1.38574 -2.94099
1.58089 -2.96946
1.77657 -2.99821
1.97173 -3.02674
2.16732 -3.05551
2.3624 -3.08407
2.55763 -3.11273
2.75292 -3.14145
2.94819 -3.1702
3.14344 -3.19896
3.33866 -3.22774
3.53364 -3.25642
3.7288 -3.28524
3.92341 -3.31378
4.11796 -3.34231
4.31298 -3.37115
4.50795 -3.39997
4.70293 -3.42885
4.89788 -3.45774
5.09276 -3.48663
5.28772 -3.51559
5.48261 -3.54454
5.67747 -3.57352
5.87231 -3.60251
6.06707 -3.6315
6.26186 -3.66053
6.45662 -3.68958
6.65137 -3.71866
6.84594 -3.74768
7.04076 -3.77688
7.23551 -3.80607
7.43026 -3.8353
7.62498 -3.86454
7.81968 -3.8938
8.01435 -3.92308
8.20902 -3.9524
8.40368 -3.98174
8.59856 -4.01124
8.79291 -4.04049
8.98776 -4.07004
9.18205 -4.09932
9.37658 -4.12876
9.57109 -4.15823
9.76555 -4.18769
9.96002 -4.21721
10.1545 -4.24674
10.3489 -4.27629
10.5433 -4.30587
10.7377 -4.33547
10.932 -4.36509
11.1263 -4.39473
11.3206 -4.42439
11.5149 -4.45408
11.7092 -4.48378
11.9034 -4.5135
12.097 -4.54286
12.2909 -4.57241
12.4851 -4.60222
12.6788 -4.63178
12.8722 -4.6611
13.0663 -4.69095
13.2603 -4.72078
13.4543 -4.75066
13.6483 -4.78058
13.8422 -4.81048
14.0362 -4.84043
14.2301 -4.87041
14.424 -4.9004
14.6179 -4.93042
14.8118 -4.96046
15.0056 -4.99052
15.1994 -5.0206
15.3931 -5.05067
15.5869 -5.08081
15.7806 -5.11096
15.9741 -5.14099
16.1678 -5.17118
16.3615 -5.2014
16.5551 -5.23164
16.7487 -5.2619
16.9423 -5.29219
17.1359 -5.32249
17.3294 -5.35282
17.5229 -5.38316
17.7164 -5.41353
17.9099 -5.44393
18.1033 -5.47434
18.2967 -5.50478
18.4901 -5.53523
18.6835 -5.56572
18.8768 -5.59622
19.0701 -5.62674
19.2634 -5.65729
19.4567 -5.68786
19.6499 -5.71845
19.8431 -5.74906
20.0363 -5.7797
20.2295 -5.81035
20.4226 -5.84103
20.6157 -5.87174
20.8088 -5.90246
21.0019 -5.93321
21.1949 -5.96398
21.3879 -5.99477
21.5808 -6.02551
21.7738 -6.05635
21.9667 -6.08716
22.1596 -6.11804
22.3525 -6.14895
22.5453 -6.17989
22.7382 -6.21084
22.931 -6.24182
23.1238 -6.27281
23.3165 -6.30383
23.5092 -6.33486
23.7019 -6.36592
23.8946 -6.39701
24.0873 -6.42812
24.2799 -6.45926
24.4725 -6.49042
24.6646 -6.52115
24.8573 -6.55251
25.0498 -6.58373
25.2423 -6.61496
25.4348 -6.64622
25.6272 -6.67752
25.8196 -6.70883
26.012 -6.74017
26.2044 -6.77153
26.3967 -6.80291
26.5887 -6.83401
26.7813 -6.86576
26.9732 -6.89686
27.1658 -6.92869
27.3576 -6.9598
27.5502 -6.99172
27.7419 -7.02283
27.9345 -7.05485
28.1261 -7.08596
28.3186 -7.11806
28.5102 -7.14918
28.7022 -7.18083
28.8942 -7.2125
29.0861 -7.24419
29.2781 -7.27591
29.47 -7.30765
29.6618 -7.3394
29.8537 -7.37119
30.0461 -7.40373
30.2373 -7.43483
30.429 -7.46668
30.6208 -7.49855
30.8125 -7.53045
31.0041 -7.56237
31.1958 -7.59431
31.3873 -7.62613
31.5788 -7.65806
31.7704 -7.69007
31.9619 -7.7221
32.1534 -7.7541
32.3449 -7.78618
32.5363 -7.81828
32.7277 -7.85041
32.9191 -7.88256
33.1105 -7.91473
33.3018 -7.94693
33.4932 -7.97916
33.6845 -8.01141
33.8757 -8.04368
34.0669 -8.07598
34.2582 -8.1083
34.4493 -8.14064
34.6404 -8.17292
34.8315 -8.20531
35.0226 -8.23773
35.2137 -8.27017
35.4047 -8.30263
35.5957 -8.33512
35.7867 -8.36764
35.9776 -8.40006
36.1685 -8.43257
36.3594 -8.46516
36.5502 -8.49777
36.7411 -8.53041
36.9319 -8.56308
37.1226 -8.59574
37.3113 -8.63829
37.4932 -8.69837
37.6378 -8.7415
37.7218 -8.72292
37.8069 -8.70425
37.8924 -8.68588
37.9778 -8.6677
38.0632 -8.64975
38.1479 -8.63184
38.2333 -8.61432
38.3186 -8.59701
38.4032 -8.57975
38.4885 -8.56288
38.5738 -8.54622
38.6591 -8.52977
38.7439 -8.51345
38.829 -8.49743
38.9141 -8.48162
38.9991 -8.46602
39.0841 -8.45063
39.1689 -8.43546
39.2537 -8.4205
39.3384 -8.40574
39.423 -8.39121
39.5074 -8.37687
39.5915 -8.36269
39.676 -8.34884
39.7604 -8.3352
39.8448 -8.32179
39.9291 -8.3086
40.0133 -8.29564
40.0974 -8.2829
40.181 -8.27355
40.2642 -8.26636
40.3458 -8.26206
40.4268 -8.25895
40.5077 -8.25576
40.5856 -8.24294
40.6633 -8.23077
40.7401 -8.21732
40.8147 -8.17948
40.8888 -8.1392
40.9609 -8.07299
41.0329 -8.007
41.1042 -7.93456
41.1752 -7.85758
41.2458 -7.77552
41.3163 -7.69066
41.3867 -7.60599
41.457 -7.52152
41.5273 -7.43724
41.5976 -7.3531
41.6678 -7.2692
41.7381 -7.1855
41.8082 -7.10196
41.8783 -7.01859
41.9483 -6.93541
42.0183 -6.85243
42.0883 -6.76965
42.1581 -6.68697
42.2279 -6.60444
42.2976 -6.52216
42.3672 -6.43993
42.4366 -6.35789
42.5061 -6.27605
42.5755 -6.19442
42.6449 -6.11299
42.7142 -6.03176
42.7835 -5.95074
42.8527 -5.86991
42.9219 -5.78925
42.991 -5.70881
43.06 -5.62857
43.1291 -5.54856
43.198 -5.46876
43.267 -5.38917
43.3359 -5.3098
43.4047 -5.23066
43.4735 -5.15173
43.5423 -5.07302
43.6108 -4.99425
43.6794 -4.91595
43.7479 -4.8378
43.8161 -4.75959
43.8847 -4.68207
43.9533 -4.60479
44.0217 -4.52765
44.0901 -4.45074
44.1585 -4.37404
44.2266 -4.29742
44.2945 -4.22083
44.3623 -4.14452
44.4302 -4.06846
44.498 -3.99264
44.5657 -3.91706
44.6334 -3.84173
44.7011 -3.76664
44.7687 -3.69179
44.8362 -3.6172
44.9037 -3.54285
44.9711 -3.4687
45.0384 -3.39471
45.1058 -3.32119
45.1732 -3.24792
45.2406 -3.17491
45.3079 -3.10217
45.3751 -3.02968
45.4423 -2.95744
45.5095 -2.88547
45.5766 -2.81376
45.6436 -2.74232
45.7106 -2.67114
45.7776 -2.60024
45.8445 -2.5296
45.9113 -2.45924
45.9781 -2.38914
46.0449 -2.31933
46.1115 -2.24979
46.1782 -2.18053
46.2448 -2.11156
46.3113 -2.04286
46.3778 -1.97445
46.4443 -1.90633
46.5106 -1.83849
46.5769 -1.77092
46.6432 -1.70364
46.7094 -1.63666
46.7756 -1.56997
46.8416 -1.50359
46.9077 -1.43748
46.9736 -1.37168
47.0396 -1.30618
47.1054 -1.24099
47.1712 -1.1761
47.2368 -1.11138
47.3026 -1.04721
47.3683 -0.98335
47.434 -0.919809
47.4997 -0.856585
47.5651 -0.793587
47.6306 -0.730969
47.6961 -0.668789
47.7616 -0.606938
47.827 -0.545398
47.8924 -0.484204
47.9577 -0.423344
48.023 -0.36282
48.0881 -0.302633
48.1533 -0.242788
48.2184 -0.183285
48.2834 -0.124127
48.3483 -0.0652789
48.4132 -0.00681842
48.478 0.0513005
48.5427 0.109063
48.6074 0.166482
48.672 0.223551
48.7365 0.280255
48.801 0.336591
48.8654 0.392558
48.9298 0.448153
48.9941 0.503371
49.0583 0.558211
49.1224 0.61267
49.1865 0.666751
49.2504 0.720511
49.3143 0.773879
49.3781 0.826853
49.4418 0.879429
49.5055 0.931604
49.5691 0.983375
49.6326 1.03474
49.6961 1.08569
49.7595 1.13623
49.8228 1.18635
49.886 1.23606
49.9492 1.28531
50.0124 1.33414
50.0754 1.38255
50.1384 1.43051
50.2003 1.45867
50.2621 1.48554
50.3238 1.51046
50.3831 1.50183
50.4423 1.49278
50.5014 1.48332
50.5605 1.47342
50.6178 1.4518
50.6739 1.42385
50.7301 1.3955
50.7862 1.36674
50.8422 1.33757
50.8971 1.31204
50.9507 1.29033
51.0044 1.2682
51.058 1.24566
51.1106 1.23324
51.1627 1.22387
51.2149 1.21405
51.267 1.2038
51.319 1.1931
51.371 1.18195
51.4229 1.16895
51.4747 1.15428
51.5265 1.1391
51.5782 1.12342
51.6299 1.10722
51.6815 1.0905
51.7331 1.07325
51.7845 1.05245
51.8358 1.03016
51.8871 1.00726
51.9383 0.983726
51.9894 0.959561
52.0405 0.934755
52.0915 0.909302
52.1424 0.883194
52.1933 0.856409
52.244 0.828932
52.2946 0.800749
52.345 0.769992
52.3954 0.738498
52.4456 0.706227
52.4957 0.673159
52.5457 0.639323
52.5956 0.604708
52.6454 0.569304
52.6952 0.533102
52.7449 0.49609
52.7945 0.458258
52.844 0.419595
52.8939 0.380283
52.9439 0.340257
52.9941 0.300329
53.0444 0.25961
53.0945 0.218047
53.1448 0.17571
53.195 0.132529
53.2451 0.0884727
53.2951 0.0435284
53.3451 -0.00231638
53.395 -0.0490417
53.4451 -0.0965428
53.4951 -0.143852
53.545 -0.191937
53.5948 -0.240949
53.6445 -0.290903
53.6942 -0.34181
53.7437 -0.393687
53.7932 -0.446548
53.8425 -0.500407
53.8918 -0.55528
53.941 -0.611181
53.9901 -0.668127
54.0392 -0.726052
54.0882 -0.785038
54.1372 -0.845116
54.1855 -0.923357
54.2335 -1.00906
54.2814 -1.09607
54.3295 -1.18416
54.3774 -1.27362
54.4238 -1.40337
54.4699 -1.53555
54.5161 -1.66937
54.5622 -1.80501
54.6081 -1.94251
54.6539 -2.0819
54.6997 -2.22307
54.7444 -2.37681
54.788 -2.54204
54.8316 -2.70956
54.875 -2.8794
54.9182 -3.05164
54.9613 -3.22633
55.0043 -3.40354
55.047 -3.58418
55.0866 -3.86182
55.1258 -4.14286
55.1625 -4.41391
55.1988 -4.68875
55.2287 -5.07912
55.2519 -5.58383
55.2674 -5.82944
55.2762 -6.05104
55.2848 -6.27401
55.2934 -6.49845
55.3019 -6.72438
55.3122 -6.89633
55.3253 -6.97653
55.3379 -7.04945
55.3504 -7.12239
55.3617 -7.21252
55.3715 -7.31974
55.3812 -7.42683
55.3908 -7.5338
55.4004 -7.64064
55.4097 -7.7472
55.4187 -7.85339
55.4281 -7.95137
55.4412 -8.00843
55.4539 -8.06508
55.4662 -8.12123
55.4781 -8.17694
55.4898 -8.23227
55.5015 -8.28728
55.5117 -8.32479
55.5206 -8.34774
55.5294 -8.36991
55.5381 -8.39128
55.5495 -8.44147
55.5628 -8.50911
55.576 -8.57676
55.5891 -8.64436
55.6017 -8.69907
55.6136 -8.73255
55.6255 -8.76596
55.6385 -8.83293
55.6519 -8.91538
55.6644 -8.99762
55.6752 -9.07895
55.6854 -9.16002
55.6934 -9.23984
55.7004 -9.31912
55.7052 -9.39716
55.7085 -9.47438
55.7118 -9.55179
55.7151 -9.62939
55.7183 -9.70717
55.7215 -9.78514
55.7247 -9.8633
55.7279 -9.94165
55.731 -10.0202
55.7341 -10.099
55.7371 -10.1779
55.7402 -10.2571
55.7432 -10.3365
55.7461 -10.4161
55.7491 -10.4959
55.752 -10.5758
55.7549 -10.656
55.7577 -10.7364
55.7605 -10.8169
55.7633 -10.8978
55.766 -10.9788
55.7688 -11.0601
55.7714 -11.1415
55.7741 -11.2232
55.7767 -11.305
55.7793 -11.3871
55.7818 -11.4694
55.7844 -11.5519
55.7868 -11.6346
55.7893 -11.7175
55.7917 -11.8006
55.7941 -11.884
55.7965 -11.9675
55.7988 -12.0513
55.8011 -12.1353
55.8033 -12.2195
55.8056 -12.3039
55.8077 -12.3885
55.8099 -12.4734
55.812 -12.5585
55.8141 -12.6438
55.8161 -12.7293
55.8182 -12.8151
55.8201 -12.9011
55.8221 -12.9873
55.824 -13.0737
55.8259 -13.1604
55.8277 -13.2473
55.8295 -13.3344
55.8313 -13.4218
55.833 -13.5094
55.8347 -13.5973
55.8364 -13.6854
55.838 -13.7737
55.8396 -13.8623
55.8411 -13.9511
55.8426 -14.0401
55.8441 -14.1295
55.8455 -14.219
55.8469 -14.3088
55.8483 -14.3989
55.8496 -14.4891
55.8509 -14.5797
55.8521 -14.6705
55.8533 -14.7615
55.8545 -14.8529
55.8556 -14.9444
55.8567 -15.0362
55.8577 -15.1283
55.8588 -15.2207
55.8597 -15.3133
55.8606 -15.4062
55.8615 -15.4993
55.8624 -15.5927
55.8632 -15.6864
55.8639 -15.7804
55.8646 -15.8747
55.8653 -15.9692
55.866 -16.0603
55.867 -16.1249
55.868 -16.1896
55.8689 -16.2545
55.8698 -16.3194
55.8707 -16.3846
55.8715 -16.4498
55.8723 -16.5152
55.873 -16.5807
55.8737 -16.6463
55.8743 -16.7121
55.8749 -16.778
55.8755 -16.8441
55.8765 -16.886
55.8777 -16.9188
55.8789 -16.9516
55.88 -16.9844
55.881 -17.0173
55.882 -17.0501
55.883 -17.083
55.8839 -17.116
55.8848 -17.1489
55.8856 -17.1818
55.8863 -17.2148
55.8871 -17.2478
55.8877 -17.2808
55.8883 -17.3139
55.8889 -17.3469
55.8894 -17.38
55.8899 -17.413
55.8904 -17.4462
55.8912 -17.4726
55.8924 -17.4937
55.8936 -17.5147
55.8947 -17.5357
55.8957 -17.5567
55.8967 -17.5778
55.8977 -17.5988
55.8986 -17.6198
55.8994 -17.6408
55.9001 -17.6618
55.9008 -17.6828
55.9015 -17.7038
55.902 -17.7248
55.9023 -17.7458
55.902 -17.7666
55.9016 -17.7874
55.9012 -17.8177
55.9 -17.8494
55.8987 -17.8811
55.8974 -17.9129
55.8942 -17.944
55.8907 -17.9752
55.8873 -18.0064
55.8836 -18.0375
55.8784 -18.0682
55.8732 -18.099
55.8675 -18.1296
55.8614 -18.1671
55.8553 -18.2077
55.8492 -18.2471
55.8434 -18.2627
55.8375 -18.2783
55.8315 -18.294
55.8255 -18.3096
55.8195 -18.3253
55.8134 -18.341
55.8072 -18.3567
55.801 -18.3725
55.7947 -18.3882
55.7884 -18.404
55.782 -18.4197
55.7756 -18.4355
55.7691 -18.4514
55.7626 -18.4672
55.756 -18.4807
55.7498 -18.4708
55.7436 -18.4609
55.7373 -18.4509
55.7309 -18.441
55.7245 -18.4311
55.718 -18.4211
55.7115 -18.4112
55.7049 -18.4013
55.6983 -18.3913
55.6915 -18.3814
55.6847 -18.3714
55.6779 -18.3615
55.671 -18.3515
55.664 -18.3415
55.657 -18.3316
55.6499 -18.3216
55.6427 -18.3116
55.6355 -18.3017
55.6282 -18.2917
55.6208 -18.2817
55.6134 -18.2715
55.6065 -18.2522
55.5995 -18.233
55.5923 -18.2137
55.5846 -18.1946
55.5769 -18.1754
55.5687 -18.1563
55.5597 -18.1373
55.5507 -18.1182
55.5416 -18.0992
55.5322 -18.0802
55.5216 -18.0614
55.511 -18.0425
55.5003 -18.0237
55.4895 -18.0048
55.4782 -17.986
55.4662 -17.9673
55.454 -17.9486
55.4409 -17.9349
55.4273 -17.9242
55.4135 -17.9135
55.3965 -17.903
55.3791 -17.8925
55.3617 -17.882
55.3443 -17.8715
55.3244 -17.8612
55.3028 -17.851
55.2813 -17.8408
55.2596 -17.8306
55.2379 -17.8204
55.2158 -17.8102
55.191 -17.8047
55.1662 -17.8009
55.1413 -17.7971
55.1163 -17.7934
55.0896 -17.7896
55.0625 -17.7858
55.0354 -17.782
55.0082 -17.7783
54.9809 -17.7745
54.9535 -17.7708
54.926 -17.767
54.8984 -17.7633
54.8707 -17.7596
54.8429 -17.7559
54.8151 -17.7521
54.7871 -17.7484
54.759 -17.7447
54.7309 -17.741
54.7026 -17.7373
54.6742 -17.7336
54.6457 -17.7299
54.6171 -17.7262
54.5883 -17.7226
54.5594 -17.7189
54.5304 -17.7152
54.5035 -17.7116
54.4779 -17.7079
54.4522 -17.7043
54.4263 -17.7006
54.4051 -17.697
54.3845 -17.6935
54.3635 -17.6899
54.3425 -17.6863
54.3213 -17.6827
54.306 -17.6792
54.2916 -17.6757
54.2769 -17.6722
54.2622 -17.6687
54.253 -17.6652
54.2437 -17.6618
54.235 -17.6583
54.2276 -17.6549
54.2202 -17.6515
54.2128 -17.6481
54.2054 -17.6447
54.198 -17.6413
54.1905 -17.638
54.1831 -17.6346
54.1756 -17.6313
54.1681 -17.6279
54.1605 -17.6246
54.153 -17.6213
54.1454 -17.618
54.1378 -17.6147
54.1302 -17.6114
54.1226 -17.6081
54.115 -17.6048
54.1073 -17.6015
54.0997 -17.5983
54.092 -17.595
54.0843 -17.5918
54.0766 -17.5886
54.0688 -17.5854
54.0611 -17.5822
54.0533 -17.579
54.0455 -17.5758
54.0377 -17.5726
54.0298 -17.5694
54.022 -17.5663
54.0141 -17.5631
54.0061 -17.56
53.9982 -17.5569
53.9902 -17.5537
53.9823 -17.5506
53.9743 -17.5475
53.9662 -17.5444
53.9582 -17.5413
53.9502 -17.5383
53.9419 -17.5352
53.9332 -17.5322
53.9244 -17.5291
53.9156 -17.5261
53.9068 -17.523
53.8967 -17.52
53.8862 -17.517
53.8756 -17.5139
53.8651 -17.5109
53.8545 -17.5079
53.8439 -17.5049
53.8333 -17.5019
53.8215 -17.499
53.8091 -17.496
53.7976 -17.493
53.7865 -17.49
53.7753 -17.4871
53.7641 -17.4842
53.7542 -17.4812
53.7451 -17.4783
53.7359 -17.4755
53.7266 -17.4726
53.7167 -17.4697
53.7061 -17.4668
53.6956 -17.464
53.6854 -17.4611
53.6769 -17.4583
53.6683 -17.4555
53.6597 -17.4527
53.6505 -17.4499
53.6411 -17.4471
53.6317 -17.4443
53.6223 -17.4415
53.6145 -17.4388
53.607 -17.4361
53.6001 -17.4334
53.5932 -17.4307
53.5865 -17.428
53.5805 -17.4253
53.5745 -17.4227
53.5685 -17.42
53.5638 -17.4174
53.5593 -17.4148
53.5548 -17.4122
53.5502 -17.4096
53.5457 -17.4071
53.541 -17.4045
53.5364 -17.402
53.5318 -17.3994
53.5282 -17.3969
53.5256 -17.3945
53.5229 -17.392
53.5202 -17.3895
53.5175 -17.3871
53.5148 -17.3846
53.5121 -17.3822
53.5111 -17.3798
53.5101 -17.3775
53.509 -17.3751
53.508 -17.3727
53.5073 -17.3704
53.5069 -17.3681
53.5065 -17.3658
53.5061 -17.3635
53.5057 -17.3612
53.5053 -17.3589
53.5049 -17.3567
53.5046 -17.3544
53.5042 -17.3522
53.5038 -17.35
53.5034 -17.3478
53.503 -17.3456
53.5026 -17.3434
53.5022 -17.3412
53.5018 -17.3391
53.5014 -17.3369
53.501 -17.3348
53.5006 -17.3327
53.5002 -17.3306
53.4998 -17.3285
53.4994 -17.3264
53.499 -17.3243
53.4986 -17.3223
53.4982 -17.3202
53.4978 -17.3182
53.4974 -17.3162
53.497 -17.3141
53.4966 -17.3121
53.4962 -17.3102
53.4958 -17.3082
53.4954 -17.3062
53.495 -17.3043
53.4946 -17.3023
53.4942 -17.3004
53.4938 -17.2985
53.4934 -17.2966
53.493 -17.2947
53.4926 -17.2929
53.4922 -17.291
53.4918 -17.2891
53.4914 -17.2873
53.491 -17.2855
53.4906 -17.2837
53.4902 -17.2819
53.4898 -17.2801
53.4894 -17.2783
53.489 -17.2766
53.4886 -17.2748
53.4882 -17.2731
53.4878 -17.2713
53.4874 -17.2696
53.487 -17.2679
53.4866 -17.2663
53.4862 -17.2646
53.4858 -17.2629
53.4854 -17.2613
53.485 -17.2596
53.4846 -17.258
53.4842 -17.2564
53.4838 -17.2548
53.4834 -17.2532
53.483 -17.2517
53.4826 -17.2501
53.4822 -17.2486
53.4817 -17.247
53.4813 -17.2455
53.4809 -17.244
53.4805 -17.2425
53.4801 -17.241
53.4797 -17.2396
53.4793 -17.2381
53.4789 -17.2367
53.4785 -17.2352
53.4781 -17.2338
53.4777 -17.2324
53.4773 -17.231
53.4769 -17.2297
53.4765 -17.2283
53.4761 -17.2269
53.4757 -17.2256
53.4753 -17.2243
53.4749 -17.223
53.4745 -17.2217
53.4741 -17.2204
53.4736 -17.2191
53.4732 -17.2179
53.4728 -17.2166
53.4724 -17.2154
53.472 -17.2142
53.4716 -17.213
53.4712 -17.2118
53.4708 -17.2106
53.4704 -17.2094
53.47 -17.2083
53.4696 -17.2071
53.4692 -17.206
53.4688 -17.2049
53.4684 -17.2038
53.4679 -17.2027
53.4675 -17.2016
53.4671 -17.2006
53.4667 -17.1995
53.4663 -17.1985
53.4659 -17.1975
53.4655 -17.1965
53.4651 -17.1955
53.4647 -17.1945
53.4643 -17.1935
53.4639 -17.1926
53.4634 -17.1916
53.463 -17.1907
53.4626 -17.1898
53.4622 -17.1889
53.4618 -17.188
53.4614 -17.1871
53.461 -17.1863
53.4606 -17.1854
53.4602 -17.1846
53.4597 -17.1838
53.4593 -17.183
53.4589 -17.1822
53.4585 -17.1814
53.4581 -17.1807
53.4577 -17.1799
53.4573 -17.1792
53.4569 -17.1785
53.4565 -17.1778
53.456 -17.1771
53.4556 -17.1764
53.4552 -17.1757
53.4548 -17.1751
53.4544 -17.1744
53.454 -17.1738
53.4536 -17.1732
53.4532 -17.1726
53.4527 -17.172
53.4523 -17.1714
53.4519 -17.1709
53.4515 -17.1703
53.4511 -17.1698
53.4507 -17.1693
53.4503 -17.1688
53.4498 -17.1683
53.4494 -17.1678
53.449 -17.1674
53.4486 -17.1669
53.4482 -17.1665
53.4478 -17.1661
53.4473 -17.1657
53.4469 -17.1653
53.4465 -17.1649
53.4461 -17.1646
53.4457 -17.1642
53.4453 -17.1639
53.4449 -17.1636
53.4444 -17.1633
53.444 -17.163
53.4436 -17.1627
53.4432 -17.1625
53.4428 -17.1622
53.4424 -17.162
53.4419 -17.1618
53.4415 -17.1616
53.4411 -17.1614
53.4407 -17.1612
53.4403 -17.161
53.4398 -17.1609
53.4394 -17.1608
53.439 -17.1607
53.4386 -17.1606
53.4382 -17.1605
53.4378 -17.1604
53.4373 -17.1603
53.4369 -17.1603
53.4365 -17.1603
53.4361 -17.1602
53.4357 -17.1602
53.4352 -17.1661
53.4348 -17.1722
53.4343 -17.1782
53.4339 -17.1843
53.4334 -17.1904
53.433 -17.1965
53.4325 -17.2026
53.4321 -17.2087
53.4316 -17.2148
53.4312 -17.221
53.4307 -17.2271
53.4303 -17.2333
53.4298 -17.2395
53.4294 -17.2457
53.4289 -17.2519
53.4285 -17.2581
53.428 -17.2643
53.4276 -17.2706
53.4271 -17.2769
53.4267 -17.2831
53.4263 -17.2894
53.4258 -17.2957
53.4254 -17.302
53.4249 -17.3084
53.4245 -17.3147
53.424 -17.3211
53.4236 -17.3274
53.4231 -17.3338
53.4227 -17.3402
53.4222 -17.3466
53.4217 -17.3531
53.4213 -17.3647
53.4207 -17.3828
53.4202 -17.4009
53.4197 -17.419
53.4192 -17.4371
53.4187 -17.4552
53.4181 -17.4733
53.4176 -17.4915
53.4171 -17.5096
53.4166 -17.5277
53.4161 -17.5458
53.4155 -17.564
53.415 -17.5821
53.4145 -17.6002
53.414 -17.6184
53.4135 -17.6365
53.4129 -17.6547
53.4124 -17.6729
53.4119 -17.691
53.4114 -17.7092
53.4109 -17.7273
53.4103 -17.7455
53.4098 -17.7637
53.4093 -17.7819
53.4088 -17.8001
53.4082 -17.8182
53.4077 -17.8364
53.4072 -17.8546
53.4067 -17.8728
53.4062 -17.891
53.4056 -17.9092
53.405 -17.9274
53.4043 -17.9456
53.4036 -17.9638
53.4029 -17.982
53.4022 -18.0002
53.4015 -18.0183
53.4008 -18.0365
53.4001 -18.0547
53.3994 -18.0729
53.3987 -18.0912
53.3976 -18.1093
53.3965 -18.1274
53.3953 -18.1455
53.3941 -18.1636
53.3929 -18.1818
53.3918 -18.1999
53.3906 -18.2195
53.3893 -18.2443
53.3881 -18.269
53.3868 -18.2938
53.3856 -18.3185
53.3847 -18.3434
53.3838 -18.3682
53.3829 -18.393
53.3819 -18.4179
53.3805 -18.4425
53.3791 -18.4672
53.3777 -18.4919
53.3765 -18.5166
53.3757 -18.5415
53.3748 -18.5663
53.374 -18.5911
53.3731 -18.6159
53.3723 -18.6407
53.3714 -18.6655
53.3705 -18.6903
53.3697 -18.7151
53.3688 -18.7399
53.368 -18.7646
53.3671 -18.7894
53.3663 -18.8142
53.3655 -18.839
53.3651 -18.8639
53.3647 -18.8887
53.3639 -18.9135
53.3632 -18.9383
53.3625 -18.9631
53.3618 -18.9878
53.3611 -19.0126
53.3604 -19.0374
53.3597 -19.0621
53.359 -19.0869
53.3583 -19.1117
53.3576 -19.1364
53.357 -19.1612
53.3565 -19.186
53.3561 -19.2108
53.3557 -19.2356
53.3552 -19.2604
53.3548 -19.2852
53.3544 -19.31
53.3539 -19.3348
53.3535 -19.3595
53.3533 -19.3844
53.3531 -19.4092
53.3529 -19.434
53.3527 -19.4588
53.3524 -19.4836
53.3522 -19.5084
53.352 -19.5332
53.3518 -19.558
53.3516 -19.5828
53.3514 -19.6076
53.3512 -19.6324
53.351 -19.6572
53.3508 -19.682
53.3506 -19.7054
53.3503 -19.7284
53.35 -19.7513
53.3497 -19.7742
53.3495 -19.7972
53.3492 -19.8201
53.3489 -19.843
53.3487 -19.8659
53.3484 -19.8888
53.3481 -19.9117
53.3479 -19.9346
53.3476 -19.9575
53.3473 -19.9804
53.3471 -20.0033
53.3468 -20.0262
53.3465 -20.0491
53.3462 -20.0719
53.346 -20.0948
53.3457 -20.1176
53.3454 -20.1405
53.3452 -20.1633
53.3449 -20.1862
53.3446 -20.209
53.3444 -20.2319
53.3441 -20.2547
53.3438 -20.2775
53.3436 -20.3003
53.3433 -20.3231
53.343 -20.3459
53.3427 -20.3687
53.3425 -20.3915
53.3422 -20.4143
53.3419 -20.4371
53.3417 -20.4599
53.3414 -20.4827
53.3411 -20.5054
53.3409 -20.5282
53.3406 -20.551
53.3403 -20.5737
53.3401 -20.5965
53.3398 -20.6192
53.3395 -20.6419
53.3392 -20.6647
53.339 -20.6859
53.3387 -20.7042
53.3383 -20.7224
53.338 -20.7407
53.3377 -20.7589
53.3374 -20.7772
53.3371 -20.7955
53.3368 -20.8137
53.3365 -20.832
53.3362 -20.8502
53.3359 -20.8685
53.3356 -20.8868
53.3352 -20.905
53.3349 -20.9233
53.3346 -20.9416
53.3343 -20.9598
53.334 -20.9781
53.3337 -20.9963
53.3334 -21.0146
53.3331 -21.0329
53.3328 -21.0511
53.3325 -21.0694
53.3322 -21.0876
53.3318 -21.1059
53.3315 -21.1242
53.3312 -21.1424
53.3309 -21.1607
53.3306 -21.179
53.3303 -21.1972
53.33 -21.2155
53.3297 -21.2337
53.3294 -21.252
53.3291 -21.2703
53.3288 -21.2885
53.3285 -21.3068
53.3281 -21.325
53.3278 -21.3433
53.3275 -21.3616
53.3272 -21.3798
53.3269 -21.3981
53.3266 -21.4164
53.3263 -21.4346
53.326 -21.4529
53.3257 -21.4711
53.3254 -21.4894
53.3251 -21.5077
53.3248 -21.5259
53.3245 -21.5442
53.3241 -21.5624
53.3238 -21.5807
53.3235 -21.599
53.3232 -21.6172
53.3229 -21.6355
53.3226 -21.6538
53.3223 -21.672
53.322 -21.6903
53.3217 -21.7085
53.3214 -21.7268
53.3211 -21.7451
53.3208 -21.7633
53.3205 -21.7816
53.3202 -21.7998
53.3198 -21.8181
53.3195 -21.8364
53.3192 -21.8546
53.3189 -21.8729
53.3186 -21.8912
53.3183 -21.9094
53.318 -21.9277
53.3177 -21.9459
53.3174 -21.9642
53.3171 -21.9825
53.3168 -22.0007
53.3165 -22.019
53.3162 -22.0372
53.3159 -22.0555
53.3156 -22.0738
53.3152 -22.092
53.3149 -22.1103
53.3146 -22.1286
53.3143 -22.1468
53.314 -22.1651
53.3137 -22.1833
53.3134 -22.2016
53.3131 -22.2199
53.3128 -22.2381
53.3125 -22.2564
53.3122 -22.2746
53.3119 -22.2929
53.3116 -22.3112
53.3113 -22.3294
53.311 -22.3477
53.3107 -22.366
53.3104 -22.3842
53.3101 -22.4025
53.3097 -22.4207
53.3094 -22.439
53.3091 -22.4573
53.3088 -22.4755
53.3085 -22.4938
53.3082 -22.512
53.3079 -22.5303
53.3076 -22.5486
53.3073 -22.5668
53.307 -22.5851
53.3067 -22.6033
53.3064 -22.6216
53.3061 -22.6399
53.3058 -22.6581
53.3055 -22.6764
53.3052 -22.6947
53.3049 -22.7129
53.3046 -22.7312
53.3043 -22.7494
53.304 -22.7677
53.3036 -22.786
53.3033 -22.8042
53.303 -22.8225
53.3027 -22.8407
53.3024 -22.859
53.3021 -22.8773
53.3018 -22.8955
53.3015 -22.9138
53.3012 -22.9321
53.3009 -22.9503
53.3006 -22.9686
53.3003 -22.9868
53.3 -23.0051
53.2997 -23.0234
53.2994 -23.0416
53.2991 -23.0599
53.2988 -23.0781
53.2985 -23.0964
53.2982 -23.1147
53.2979 -23.1329
53.2976 -23.1512
53.2973 -23.1694
53.297 -23.1877
53.2967 -23.206
53.2964 -23.2242
53.2961 -23.2425
53.2958 -23.2608
53.2954 -23.279
53.2951 -23.2973
53.2948 -23.3155
53.2945 -23.3338
53.2942 -23.3521
53.2939 -23.3703
53.2936 -23.3886
53.2933 -23.4068
53.293 -23.4251
53.2927 -23.4434
53.2924 -23.4616
53.2921 -23.4799
53.2918 -23.4981
53.2915 -23.5164
53.2912 -23.5347
53.2909 -23.5529
53.2906 -23.5712
53.2903 -23.5895
53.29 -23.6077
53.2897 -23.626
53.2894 -23.6442
53.2891 -23.6625
53.2888 -23.6808
53.2885 -23.699
53.2882 -23.7173
53.2879 -23.7355
53.2876 -23.7538
53.2873 -23.7721
53.287 -23.7903
53.2867 -23.8086
53.2864 -23.8268
53.2861 -23.8451
53.2858 -23.8634
53.2855 -23.8816
53.2852 -23.8999
53.2849 -23.9181
53.2846 -23.9364
53.2843 -23.9547
53.284 -23.9729
53.2837 -23.9912
53.2834 -24.0095
53.2831 -24.0277
53.2828 -24.046
53.2825 -24.0642
53.2822 -24.0825
53.2819 -24.1008
53.2816 -24.119
53.2813 -24.1373
53.281 -24.1555
53.2807 -24.1738
53.2804 -24.1921
53.2801 -24.2103
53.2798 -24.2286
53.2795 -24.2468
53.2792 -24.2651
53.2789 -24.2834
53.2786 -24.3016
53.2783 -24.3199
53.278 -24.3381
53.2777 -24.3564
53.2774 -24.3747
53.2771 -24.3929
53.2768 -24.4112
53.2765 -24.4295
53.2762 -24.4477
53.2759 -24.466
53.2756 -24.4842
53.2753 -24.5025
53.275 -24.5208
53.2747 -24.539
53.2744 -24.5573
53.2741 -24.5755
53.2738 -24.5938
53.2735 -24.6121
53.2732 -24.6303
53.2729 -24.6486
53.2726 -24.6668
53.2723 -24.6851
53.272 -24.7034
53.2717 -24.7216
53.2714 -24.7399
53.2711 -24.7581
53.2708 -24.7764
53.2705 -24.7947
53.2702 -24.8129
53.2699 -24.8312
53.2696 -24.8494
53.2693 -24.8677
53.269 -24.886
53.2687 -24.9042
53.2684 -24.9225
53.2681 -24.9408
53.2678 -24.959
53.2675 -24.9773
53.2672 -24.9955
53.2669 -25.0138
53.2666 -25.0321
53.2663 -25.0503
53.266 -25.0686
53.2657 -25.0868
53.2654 -25.1051
53.2651 -25.1234
53.2648 -25.1416
53.2645 -25.1599
53.2642 -25.1781
53.2639 -25.1964
53.2636 -25.2147
53.2633 -25.2329
53.263 -25.2512
53.2627 -25.2694
53.2624 -25.2877
53.2621 -25.306
53.2618 -25.3242
53.2615 -25.3425
53.2612 -25.3607
53.2609 -25.379
53.2606 -25.3973
53.2603 -25.4155
53.26 -25.4338
53.2597 -25.452
53.2594 -25.4703
53.2591 -25.4886
53.2588 -25.5068
53.2585 -25.5251
53.2582 -25.5434
53.2579 -25.5616
53.2576 -25.5799
53.2573 -25.5981
53.257 -25.6164
53.2568 -25.6347
53.2565 -25.6529
53.2562 -25.6712
53.2559 -25.6894
53.2556 -25.7077
53.2553 -25.726
53.255 -25.7442
53.2547 -25.7625
53.2544 -25.7807
53.2541 -25.799
53.2538 -25.8173
53.2535 -25.8355
53.2532 -25.8538
53.2529 -25.872
53.2526 -25.8903
53.2523 -25.9086
53.252 -25.9268
53.2517 -25.9451
53.2514 -25.9633
53.2511 -25.9816
53.2508 -25.9999
53.2505 -26.0181
53.2502 -26.0364
53.2499 -26.0546
53.2496 -26.0729
53.2493 -26.0912
53.249 -26.1094
53.2487 -26.1277
53.2485 -26.1459
53.2482 -26.1642
53.2479 -26.1825
53.2476 -26.2007
53.2473 -26.219
53.247 -26.2373
53.2467 -26.2555
53.2464 -26.2738
53.2461 -26.292
53.2458 -26.3103
53.2455 -26.3286
53.2452 -26.3468
53.2449 -26.3651
53.2446 -26.3833
53.2443 -26.4016
53.244 -26.4199
53.2437 -26.4381
53.2434 -26.4564
53.2431 -26.4746
53.2428 -26.4929
53.2426 -26.5112
53.2423 -26.5294
53.242 -26.5477
53.2417 -26.5659
53.2414 -26.5842
53.2411 -26.6025
53.2408 -26.6207
53.2405 -26.639
53.2402 -26.6572
53.2399 -26.6755
53.2396 -26.6938
53.2393 -26.712
53.239 -26.7303
53.2387 -26.7485
53.2384 -26.7668
53.2381 -26.7851
53.2378 -26.8033
53.2375 -26.8216
53.2373 -26.8398
53.237 -26.8581
53.2367 -26.8764
53.2364 -26.8946
53.2361 -26.9129
53.2358 -26.9311
53.2355 -26.9494
53.2352 -26.9677
53.2349 -26.9859
53.2346 -27.0042
53.2343 -27.0224
53.234 -27.0407
53.2337 -27.059
53.2334 -27.0772
53.2331 -27.0955
53.2329 -27.1137
53.2326 -27.132
53.2323 -27.1503
53.232 -27.1685
53.2317 -27.1868
53.2314 -27.205
53.2311 -27.2233
53.2308 -27.2416
53.2305 -27.2598
53.2302 -27.2781
53.2299 -27.2964
53.2296 -27.3146
53.2293 -27.3329
53.229 -27.3511
53.2288 -27.3694
53.2285 -27.3877
53.2282 -27.4059
53.2279 -27.4242
53.2276 -27.4424
53.2273 -27.4607
53.227 -27.479
53.2267 -27.4972
53.2264 -27.5155
53.2261 -27.5337
53.2258 -27.552
53.2255 -27.5703
53.2252 -27.5885
53.225 -27.6068
53.2247 -27.625
53.2244 -27.6433
53.2241 -27.6616
53.2238 -27.6798
53.2235 -27.6981
53.2232 -27.7163
53.2229 -27.7346
53.2226 -27.7529
53.2223 -27.7711
53.222 -27.7894
53.2217 -27.8076
53.2215 -27.8259
53.2212 -27.8442
53.2209 -27.8624
53.2206 -27.8807
53.2203 -27.8989
53.22 -27.9172
53.2197 -27.9355
53.2194 -27.9537
53.2191 -27.972
53.2188 -27.9902
53.2185 -28.0085
53.2183 -28.0268
53.218 -28.045
53.2177 -28.0633
53.2174 -28.0816
53.2171 -28.0998
53.2168 -28.1181
53.2165 -28.1363
53.2162 -28.1546
53.2159 -28.1729
53.2156 -28.1911
53.2153 -28.2094
53.2151 -28.2276
53.2148 -28.2459
53.2145 -28.2642
53.2142 -28.2824
53.2139 -28.3007
53.2136 -28.3189
53.2133 -28.3372
53.213 -28.3555
53.2127 -28.3737
53.2124 -28.392
53.2122 -28.4102
53.2119 -28.4285
53.2116 -28.4468
53.2113 -28.465
53.211 -28.4833
53.2107 -28.5015
53.2104 -28.5198
53.2101 -28.5381
53.2098 -28.5563
53.2096 -28.5746
53.2093 -28.5928
53.209 -28.6111
53.2087 -28.6294
53.2084 -28.6476
53.2081 -28.6659
53.2078 -28.6842
53.2075 -28.7024
53.2072 -28.7207
53.2069 -28.7389
53.2067 -28.7572
53.2064 -28.7755
53.2061 -28.7937
53.2058 -28.812
53.2055 -28.8302
53.2052 -28.8485
53.2049 -28.8668
53.2046 -28.885
53.2044 -28.9033
53.2041 -28.9215
53.2038 -28.9398
53.2035 -28.9581
53.2032 -28.9763
53.2029 -28.9946
53.2026 -29.0128
53.2023 -29.0311
53.202 -29.0494
53.2018 -29.0676
53.2015 -29.0859
53.2012 -29.1042
53.2009 -29.1224
53.2006 -29.1407
53.2003 -29.1589
53.2 -29.1772
53.1997 -29.1955
53.1995 -29.2137
53.1992 -29.232
53.1989 -29.2502
53.1986 -29.2685
53.1983 -29.2868
53.198 -29.305
53.1977 -29.3233
53.1974 -29.3415
53.1972 -29.3598
53.1969 -29.3781
53.1966 -29.3963
53.1963 -29.4146
53.196 -29.4329
53.1957 -29.4511
53.1954 -29.4694
53.1951 -29.4876
53.1949 -29.5059
53.1946 -29.5242
53.1943 -29.5424
53.194 -29.5607
53.1937 -29.5789
53.1934 -29.5972
53.1931 -29.6155
53.1928 -29.6337
53.1926 -29.652
53.1923 -29.6702
53.192 -29.6885
53.1917 -29.7068
53.1914 -29.725
53.1911 -29.7433
53.1908 -29.7615
53.1906 -29.7798
53.1903 -29.7981
53.19 -29.8163
53.1897 -29.8346
53.1894 -29.8529
53.1891 -29.8711
53.1888 -29.8894
53.1886 -29.9076
53.1883 -29.9259
53.188 -29.9442
53.1877 -29.9624
53.1874 -29.9807
53.1871 -29.9989
53.1868 -30.0172
53.1866 -30.0355
53.1863 -30.0537
53.186 -30.072
53.1857 -30.0902
53.1854 -30.1085
53.1851 -30.1268
53.1848 -30.145
53.1846 -30.1633
53.1843 -30.1815
53.184 -30.1958
53.1838 -30.2043
53.1835 -30.2129
53.1833 -30.2214
53.183 -30.2299
53.1828 -30.2384
53.1825 -30.2469
53.1823 -30.2555
53.182 -30.264
53.1818 -30.2725
53.1816 -30.281
53.1813 -30.2895
53.1811 -30.2981
53.1808 -30.3066
53.1806 -30.3151
53.1803 -30.3236
53.1801 -30.3321
53.1799 -30.3407
53.1796 -30.3492
53.1794 -30.3577
53.1791 -30.3662
53.1789 -30.3747
53.1786 -30.3833
53.1784 -30.3918
53.1782 -30.4003
53.1779 -30.4088
53.1777 -30.4173
53.1774 -30.4259
53.1772 -30.4344
53.1769 -30.4429
53.1767 -30.4514
53.1764 -30.4599
53.1762 -30.4685
53.176 -30.477
53.1757 -30.4855
53.1755 -30.494
53.1752 -30.5025
53.175 -30.5111
53.1748 -30.5196
53.1745 -30.5281
53.1743 -30.5366
53.174 -30.5451
53.1738 -30.5537
53.1735 -30.5622
53.1733 -30.5625
53.1732 -30.5608
53.173 -30.5591
53.1728 -30.5575
53.1726 -30.5558
53.1725 -30.5541
53.1723 -30.5524
53.1721 -30.5507
53.1719 -30.549
53.1718 -30.5473
53.1716 -30.5456
53.1714 -30.5439
53.1712 -30.5423
53.171 -30.5406
53.1709 -30.5389
53.1707 -30.5372
53.1705 -30.5355
53.1703 -30.5338
53.1702 -30.5321
53.17 -30.5304
53.1698 -30.5288
53.1696 -30.5271
53.1695 -30.5254
53.1693 -30.5237
53.1691 -30.522
53.1689 -30.5203
53.1687 -30.5186
53.1686 -30.5169
53.1684 -30.5152
53.1682 -30.5136
53.168 -30.5119
53.1679 -30.5102
53.1677 -30.5085
53.1675 -30.5068
53.1673 -30.5051
53.1672 -30.5034
53.167 -30.5017
53.1668 -30.5
53.1666 -30.4984
53.1665 -30.4967
53.1663 -30.495
53.1661 -30.4933
53.1659 -30.4916
53.1658 -30.4899
53.1656 -30.4882
53.1654 -30.4865
53.1652 -30.4848
53.1651 -30.4832
53.1649 -30.4815
53.1647 -30.4798
53.1645 -30.4781
53.1644 -30.4764
53.1642 -30.4747
53.164 -30.473
53.1638 -30.4713
53.1637 -30.4697
53.1635 -30.468
53.1633 -30.4663
53.1631 -30.4646
53.163 -30.4629
53.1628 -30.4576
53.1628 -30.452
53.1627 -30.4465
53.1626 -30.4409
53.1625 -30.4353
53.1624 -30.4297
53.1623 -30.4241
53.1622 -30.4185
53.1621 -30.4129
53.162 -30.4073
53.1619 -30.4018
53.1618 -30.3962
53.1617 -30.3906
53.1617 -30.385
53.1616 -30.3794
53.1615 -30.3738
53.1614 -30.3682
53.1613 -30.3626
53.1612 -30.3571
53.1611 -30.3515
53.161 -30.3459
53.1609 -30.3403
53.1608 -30.3347
53.1607 -30.3291
53.1606 -30.3235
53.1606 -30.318
53.1605 -30.3124
53.1604 -30.3068
53.1603 -30.3012
53.1602 -30.2956
53.1601 -30.29
53.16 -30.2844
53.1599 -30.2788
53.1598 -30.2733
53.1597 -30.2677
53.1596 -30.2621
53.1596 -30.2565
53.1595 -30.2509
53.1594 -30.2453
53.1593 -30.2397
53.1592 -30.2341
53.1591 -30.2286
53.159 -30.223
53.1589 -30.2174
53.1588 -30.2118
53.1587 -30.2062
53.1586 -30.2006
53.1586 -30.195
53.1585 -30.191
53.1585 -30.1882
53.1585 -30.1855
53.1584 -30.1828
53.1584 -30.1801
53.1584 -30.1774
53.1584 -30.1747
53.1584 -30.172
53.1583 -30.1693
53.1583 -30.1666
53.1583 -30.1638
53.1583 -30.1611
53.1582 -30.1584
53.1582 -30.1557
53.1582 -30.153
53.1582 -30.1503
53.1582 -30.1476
53.1581 -30.1449
53.1581 -30.1422
53.1581 -30.1395
53.1581 -30.1367
53.1581 -30.134
53.158 -30.1313
53.158 -30.1286
53.158 -30.1259
53.158 -30.1232
53.158 -30.1205
53.1579 -30.1178
53.1579 -30.1151
53.1579 -30.1123
53.1579 -30.1096
53.1579 -30.1069
53.1578 -30.1042
53.1578 -30.1029
53.1578 -30.1028
53.1578 -30.1028
53.1579 -30.1028
53.1579 -30.1028
53.1579 -30.1028
53.1579 -30.1028
53.1579 -30.1028
53.1579 -30.1028
53.1579 -30.1028
53.1579 -30.1028
53.1579 -30.1028
53.1579 -30.1027
53.1579 -30.1027
53.1579 -30.1027
53.1579 -30.1027
53.1579 -30.1027
53.158 -30.1027
53.158 -30.1027
53.158 -30.1027
53.158 -30.1027
53.158 -30.1027
53.158 -30.1026
53.158 -30.1026
53.158 -30.1026
53.158 -30.1026
53.158 -30.1026
53.158 -30.1026
53.158 -30.1026
53.158 -30.1026
53.1581 -30.1026
53.1581 -30.1026
53.1581 -30.1025
53.1581 -30.1025
53.1581 -30.1025
53.1581 -30.1025
53.1581 -30.1025
53.1581 -30.1025
53.1581 -30.1025
53.1581 -30.1025
53.1581 -30.1025
53.1581 -30.1025
53.1581 -30.1025
53.1582 -30.1024
53.1582 -30.1024
53.1582 -30.1024
53.1582 -30.1024
53.1582 -30.1024
53.1582 -30.1024
53.1582 -30.1024
53.1582 -30.1024
53.1582 -30.1024
53.1582 -30.1024
53.1582 -30.1023
53.1583 -30.1023
53.1583 -30.1023
53.1583 -30.1023
53.1583 -30.1023
53.1583 -30.1023
53.1583 -30.1023
53.1583 -30.1023
53.1583 -30.1023
53.1583 -30.1023
53.1583 -30.1022
53.1583 -30.1022
53.1584 -30.1022
53.1584 -30.1022
53.1584 -30.1022
53.1584 -30.1022
53.1584 -30.1022
53.1584 -30.1022
53.1584 -30.1022
53.1584 -30.1022
53.1584 -30.1022
53.1584 -30.1021
53.1585 -30.1021
53.1585 -30.1021
53.1585 -30.1021
53.1585 -30.1021
53.1585 -30.1021
53.1585 -30.1021
53.1585 -30.1021
53.1585 -30.1021
53.1585 -30.1021
53.1585 -30.102
53.1586 -30.102
53.1586 -30.102
53.1586 -30.102
53.1586 -30.102
53.1586 -30.102
53.1586 -30.102
53.1586 -30.102
53.1586 -30.102
53.1586 -30.102
53.1587 -30.102
53.1587 -30.1019
53.1587 -30.1019
53.1587 -30.1019
53.1587 -30.1019
53.1587 -30.1019
53.1587 -30.1019
53.1587 -30.1019
53.1587 -30.1019
53.1588 -30.1019
53.1588 -30.1019
53.1588 -30.1018
53.1588 -30.1018
53.1588 -30.1018
53.1588 -30.1018
53.1588 -30.1018
53.1588 -30.1018
53.1588 -30.1018
53.1589 -30.1018
53.1589 -30.1018
53.1589 -30.1018
53.1589 -30.1017
53.1589 -30.1017
53.1589 -30.1017
53.1589 -30.1017
53.1589 -30.1017
53.1589 -30.1017
53.159 -30.1017
53.159 -30.1017
53.159 -30.1017
53.159 -30.1017
53.159 -30.1017
53.159 -30.1016
53.159 -30.1016
53.159 -30.1016
53.1591 -30.1016
53.1591 -30.1016
53.1591 -30.1016
53.1591 -30.1016
53.1591 -30.1016
53.1591 -30.1016
53.1591 -30.1016
53.1591 -30.1015
53.1592 -30.1015
53.1592 -30.1015
53.1592 -30.1015
53.1592 -30.1015
53.1592 -30.1015
53.1592 -30.1015
53.1592 -30.1015
53.1593 -30.1015
53.1593 -30.1015
53.1593 -30.1015
53.1593 -30.1014
53.1593 -30.1014
53.1593 -30.1014
53.1593 -30.1014
53.1593 -30.1014
53.1594 -30.1014
53.1594 -30.1014
53.1594 -30.1014
53.1594 -30.1014
53.1594 -30.1014
53.1594 -30.1013
53.1594 -30.1013
53.1595 -30.1013
53.1595 -30.1013
53.1595 -30.1013
53.1595 -30.1013
53.1595 -30.1013
53.1595 -30.1013
53.1595 -30.1013
53.1596 -30.1013
53.1596 -30.1013
53.1596 -30.1012
53.1596 -30.1012
53.1596 -30.1012
53.1596 -30.1012
53.1596 -30.1012
53.1597 -30.1012
53.1597 -30.1012
53.1597 -30.1012
53.1597 -30.1012
53.1597 -30.1012
53.1597 -30.1011
53.1597 -30.1011
53.1598 -30.1011
53.1598 -30.1011
53.1598 -30.1011
53.1598 -30.1011
53.1598 -30.1011
53.1598 -30.1011
53.1598 -30.1011
53.1599 -30.1011
53.1599 -30.1011
53.1599 -30.101
53.1599 -30.101
53.1599 -30.101
53.1599 -30.101
53.16 -30.101
53.16 -30.101
53.16 -30.101
53.16 -30.101
53.16 -30.101
53.16 -30.101
53.1601 -30.1009
53.1601 -30.1009
53.1601 -30.1009
53.1601 -30.1009
53.1601 -30.1009
53.1601 -30.1009
53.1601 -30.1009
53.1602 -30.1009
53.1602 -30.1009
53.1602 -30.1009
53.1602 -30.1009
53.1602 -30.1008
53.1602 -30.1008
53.1603 -30.1008
53.1603 -30.1008
53.1603 -30.1008
53.1603 -30.1008
53.1603 -30.1008
53.1603 -30.1008
53.1604 -30.1008
53.1604 -30.1008
53.1604 -30.1007
53.1604 -30.1007
53.1604 -30.1007
53.1604 -30.1007
53.1605 -30.1007
53.1605 -30.1007
53.1605 -30.1007
53.1605 -30.1007
53.1605 -30.1007
53.1605 -30.1007
53.1606 -30.1007
53.1606 -30.1006
53.1606 -30.1006
53.1606 -30.1006
53.1606 -30.1006
53.1606 -30.1006
53.1607 -30.1006
53.1607 -30.1006
53.1607 -30.1006
53.1607 -30.1006
53.1607 -30.1006
53.1608 -30.1005
53.1608 -30.1005
53.1608 -30.1005
53.1608 -30.1005
53.1608 -30.1005
53.1608 -30.1005
53.1609 -30.1005
53.1609 -30.1005
53.1609 -30.1005
53.1609 -30.1005
53.1609 -30.1005
53.161 -30.1004
53.161 -30.1004
53.161 -30.1004
53.161 -30.1004
53.161 -30.1004
53.161 -30.1004
53.1611 -30.1004
53.1611 -30.1004
53.1611 -30.1004
53.1611 -30.1004
53.1611 -30.1004
53.1612 -30.1003
53.1612 -30.1003
53.1612 -30.1003
53.1612 -30.1003
53.1612 -30.1003
53.1613 -30.1003
53.1613 -30.1003
53.1613 -30.1003
53.1613 -30.1003
53.1613 -30.1003
53.1613 -30.1002
53.1614 -30.1002
53.1614 -30.1002
53.1614 -30.1002
53.1614 -30.1002
53.1614 -30.1002
53.1615 -30.1002
53.1615 -30.1002
53.1615 -30.1002
53.1615 -30.1002
53.1615 -30.1002
53.1616 -30.1001
53.1616 -30.1001
53.1616 -30.1001
53.1616 -30.1001
53.1616 -30.1001
53.1617 -30.1001
53.1617 -30.1001
53.1617 -30.1001
53.1617 -30.1001
53.1617 -30.1001
53.1618 -30.1001
53.1618 -30.1
53.1618 -30.1
53.1618 -30.1
53.1618 -30.1
53.1619 -30.1
53.1619 -30.1
53.1619 -30.1
53.1619 -30.1
53.1619 -30.1
53.162 -30.1
53.162 -30.0999
53.162 -30.0999
53.162 -30.0999
53.162 -30.0999
53.1621 -30.0999
53.1621 -30.0999
53.1621 -30.0999
53.1621 -30.0999
53.1622 -30.0999
53.1622 -30.0999
53.1622 -30.0999
53.1622 -30.0998
53.1622 -30.0998
53.1623 -30.0998
53.1623 -30.0998
53.1623 -30.0998
53.1623 -30.0998
53.1623 -30.0998
53.1624 -30.0998
53.1624 -30.0998
53.1624 -30.0998
53.1624 -30.0998
53.1625 -30.0997
53.1625 -30.0997
53.1625 -30.0997
53.1625 -30.0997
53.1625 -30.0997
53.1626 -30.0997
53.1626 -30.0997
53.1626 -30.0997
53.1626 -30.0997
53.1627 -30.0997
53.1627 -30.0996
53.1627 -30.0996
53.1627 -30.0996
53.1627 -30.0996
53.1628 -30.0996
53.1628 -30.0996
53.1628 -30.0996
53.1628 -30.0996
53.1629 -30.0996
53.1629 -30.0996
53.1629 -30.0996
53.1629 -30.0995
53.1629 -30.0995
53.163 -30.0995
53.163 -30.0995
53.163 -30.0995
53.163 -30.0995
53.1631 -30.0995
53.1631 -30.0995
53.1631 -30.0995
53.1631 -30.0995
53.1632 -30.0995
53.1632 -30.0994
53.1632 -30.0994
53.1632 -30.0994
53.1632 -30.0994
53.1633 -30.0994
53.1633 -30.0994
53.1633 -30.0994
53.1633 -30.0994
53.1634 -30.0994
53.1634 -30.0994
53.1634 -30.0994
53.1634 -30.0993
53.1635 -30.0993
53.1635 -30.0993
53.1635 -30.0993
53.1635 -30.0993
53.1636 -30.0993
53.1636 -30.0993
53.1636 -30.0993
53.1636 -30.0993
53.1637 -30.0993
53.1637 -30.0992
53.1637 -30.0992
53.1637 -30.0992
53.1637 -30.0992
53.1638 -30.0992
53.1638 -30.0992
53.1638 -30.0992
53.1638 -30.0992
53.1639 -30.0992
53.1639 -30.0992
53.1639 -30.0992
53.1639 -30.0991
53.164 -30.0991
53.164 -30.0991
53.164 -30.0991
53.164 -30.0991
53.1641 -30.0991
53.1641 -30.0991
53.1641 -30.0991
53.1641 -30.0991
53.1642 -30.0991
53.1642 -30.0991
53.1642 -30.099
53.1642 -30.099
53.1643 -30.099
53.1643 -30.099
53.1643 -30.099
53.1643 -30.099
53.1644 -30.099
53.1644 -30.099
53.1644 -30.099
53.1645 -30.099
53.1645 -30.099
53.1645 -30.0989
53.1645 -30.0989
53.1646 -30.0989
53.1646 -30.0989
53.1646 -30.0989
53.1646 -30.0989
53.1647 -30.0989
53.1647 -30.0989
53.1647 -30.0989
53.1647 -30.0989
53.1648 -30.0989
53.1648 -30.0988
53.1648 -30.0988
53.1648 -30.0988
53.1649 -30.0988
53.1649 -30.0988
53.1649 -30.0988
53.1649 -30.0988
53.165 -30.0988
53.165 -30.0988
53.165 -30.0988
53.1651 -30.0987
53.1651 -30.0987
53.1651 -30.0987
53.1651 -30.0987
53.1652 -30.0987
53.1652 -30.0987
53.1652 -30.0987
53.1652 -30.0987
53.1653 -30.0987
53.1653 -30.0987
53.1653 -30.0987
53.1654 -30.0986
53.1654 -30.0986
53.1654 -30.0986
53.1654 -30.0986
53.1655 -30.0986
53.1655 -30.0986
53.1655 -30.0986
53.1655 -30.0986
53.1656 -30.0986
53.1656 -30.0986
53.1656 -30.0986
53.1657 -30.0985
53.1657 -30.0985
53.1657 -30.0985
53.1657 -30.0985
53.1658 -30.0985
53.1658 -30.0985
53.1658 -30.0985
53.1659 -30.0985
53.1659 -30.0985
53.1659 -30.0985
53.1659 -30.0985
53.166 -30.0984
53.166 -30.0984
53.166 -30.0984
53.166 -30.0984
53.1661 -30.0984
53.1661 -30.0984
53.1661 -30.0984
53.1662 -30.0984
53.1662 -30.0984
53.1662 -30.0984
53.1663 -30.0984
53.1663 -30.0983
53.1663 -30.0983
53.1663 -30.0983
53.1664 -30.0983
53.1664 -30.0983
53.1664 -30.0983
53.1665 -30.0983
53.1665 -30.0983
53.1665 -30.0983
53.1665 -30.0983
53.1666 -30.0983
53.1666 -30.0982
53.1666 -30.0982
53.1667 -30.0982
53.1667 -30.0982
53.1667 -30.0982
53.1667 -30.0982
53.1668 -30.0982
53.1668 -30.0982
53.1668 -30.0982
53.1669 -30.0982
53.1669 -30.0982
53.1669 -30.0981
53.167 -30.0981
53.167 -30.0981
53.167 -30.0981
53.167 -30.0981
53.1671 -30.0981
53.1671 -30.0981
53.1671 -30.0981
53.1672 -30.0981
53.1672 -30.0981
53.1672 -30.0981
53.1673 -30.098
53.1673 -30.098
53.1673 -30.098
53.1673 -30.098
53.1674 -30.098
53.1674 -30.098
53.1674 -30.098
53.1675 -30.098
53.1675 -30.098
53.1675 -30.098
53.1676 -30.098
53.1676 -30.0979
53.1676 -30.0979
53.1677 -30.0979
53.1677 -30.0979
53.1677 -30.0979
53.1677 -30.0979
53.1678 -30.0979
53.1678 -30.0979
53.1678 -30.0979
53.1679 -30.0979
53.1679 -30.0979
53.1679 -30.0978
53.168 -30.0978
53.168 -30.0978
53.168 -30.0978
53.1681 -30.0978
53.1681 -30.0978
53.1681 -30.0978
53.1682 -30.0978
53.1682 -30.0978
53.1682 -30.0978
53.1683 -30.0978
53.1683 -30.0977
53.1683 -30.0977
53.1683 -30.0977
53.1684 -30.0977
53.1684 -30.0977
53.1684 -30.0977
53.1685 -30.0977
53.1685 -30.0977
53.1685 -30.0977
53.1686 -30.0977
53.1686 -30.0977
53.1686 -30.0976
53.1687 -30.0976
53.1687 -30.0976
53.1687 -30.0976
53.1688 -30.0976
53.1688 -30.0976
53.1688 -30.0976
53.1689 -30.0976
53.1689 -30.0976
53.1689 -30.0976
53.169 -30.0976
53.169 -30.0975
53.169 -30.0975
53.1691 -30.0975
53.1691 -30.0975
53.1691 -30.0975
53.1692 -30.0975
53.1692 -30.0975
53.1692 -30.0975
53.1693 -30.0975
53.1693 -30.0975
53.1693 -30.0975
53.1694 -30.0974
53.1694 -30.0974
53.1694 -30.0974
53.1695 -30.0974
53.1695 -30.0974
53.1695 -30.0974
53.1696 -30.0974
53.1696 -30.0974
53.1696 -30.0974
53.1697 -30.0974
53.1697 -30.0974
53.1697 -30.0973
53.1698 -30.0973
53.1698 -30.0973
53.1698 -30.0973
53.1699 -30.0973
53.1699 -30.0973
53.1699 -30.0973
53.17 -30.0973
53.17 -30.0973
53.17 -30.0973
53.1701 -30.0973
53.1701 -30.0972
53.1701 -30.0972
53.1702 -30.0972
53.1702 -30.0972
53.1703 -30.0972
53.1703 -30.0972
53.1703 -30.0972
53.1704 -30.0972
53.1704 -30.0972
53.1704 -30.0972
53.1705 -30.0972
53.1705 -30.0971
53.1705 -30.0971
53.1706 -30.0971
53.1706 -30.0971
53.1706 -30.0971
53.1707 -30.0971
53.1707 -30.0971
53.1707 -30.0971
53.1708 -30.0971
53.1708 -30.0971
53.1708 -30.0971
53.1709 -30.097
53.1709 -30.097
53.171 -30.097
53.171 -30.097
53.171 -30.097
53.1711 -30.097
53.1711 -30.097
53.1711 -30.097
53.1712 -30.097
53.1712 -30.097
53.1712 -30.097
53.1713 -30.0969
53.1713 -30.0969
53.1714 -30.0969
53.1714 -30.0969
53.1714 -30.0969
53.1715 -30.0969
53.1715 -30.0969
53.1715 -30.0969
53.1716 -30.0969
53.1716 -30.0969
53.1716 -30.0969
53.1717 -30.0968
53.1717 -30.0968
53.1718 -30.0968
53.1718 -30.0968
53.1718 -30.0968
53.1719 -30.0968
53.1719 -30.0968
53.1719 -30.0968
53.172 -30.0968
53.172 -30.0968
53.172 -30.0968
53.1721 -30.0967
53.1721 -30.0967
53.1722 -30.0967
53.1722 -30.0967
53.1722 -30.0967
53.1723 -30.0967
53.1723 -30.0967
53.1723 -30.0967
53.1724 -30.0967
53.1724 -30.0967
53.1725 -30.0967
53.1725 -30.0967
53.1725 -30.0966
53.1726 -30.0966
53.1726 -30.0966
53.1726 -30.0966
53.1727 -30.0966
53.1727 -30.0966
53.1728 -30.0966
53.1728 -30.0966
53.1728 -30.0966
53.1729 -30.0966
53.1729 -30.0966
53.1729 -30.0965
53.173 -30.0965
53.173 -30.0965
53.1731 -30.0965
53.1731 -30.0965
53.1731 -30.0965
53.1732 -30.0965
53.1732 -30.0965
53.1733 -30.0965
53.1733 -30.0965
53.1733 -30.0965
53.1734 -30.0964
53.1734 -30.0964
53.1735 -30.0964
53.1735 -30.0964
53.1735 -30.0964
53.1736 -30.0964
53.1736 -30.0964
53.1736 -30.0964
53.1737 -30.0964
53.1737 -30.0964
53.1738 -30.0964
53.1738 -30.0963
53.1738 -30.0963
53.1739 -30.0963
53.1739 -30.0963
53.174 -30.0963
53.174 -30.0963
53.174 -30.0963
53.1741 -30.0963
53.1741 -30.0963
53.1742 -30.0963
53.1742 -30.0963
53.1742 -30.0962
53.1743 -30.0962
53.1743 -30.0962
53.1744 -30.0962
53.1744 -30.0962
53.1744 -30.0962
53.1745 -30.0962
53.1745 -30.0962
53.1746 -30.0962
53.1746 -30.0962
53.1746 -30.0962
53.1747 -30.0962
53.1747 -30.0961
53.1748 -30.0961
53.1748 -30.0961
53.1748 -30.0961
53.1749 -30.0961
53.1749 -30.0961
53.175 -30.0961
53.175 -30.0961
53.175 -30.0961
53.1751 -30.0961
53.1751 -30.0961
53.1752 -30.096
53.1752 -30.096
53.1752 -30.096
53.1753 -30.096
53.1753 -30.096
53.1754 -30.096
53.1754 -30.096
53.1754 -30.096
53.1755 -30.096
53.1755 -30.096
53.1756 -30.096
53.1756 -30.0959
53.1757 -30.0959
53.1757 -30.0959
53.1757 -30.0959
53.1758 -30.0959
53.1758 -30.0959
53.1759 -30.0959
53.1759 -30.0959
53.1759 -30.0959
53.176 -30.0959
53.176 -30.0959
53.1761 -30.0959
53.1761 -30.0958
53.1762 -30.0958
53.1762 -30.0958
53.1762 -30.0958
53.1763 -30.0958
53.1763 -30.0958
53.1764 -30.0958
53.1764 -30.0958
53.1764 -30.0958
53.1765 -30.0958
53.1765 -30.0958
53.1766 -30.0957
53.1766 -30.0957
53.1767 -30.0957
53.1767 -30.0957
53.1767 -30.0957
53.1768 -30.0957
53.1768 -30.0957
53.1769 -30.0957
53.1769 -30.0957
53.177 -30.0957
53.177 -30.0957
53.177 -30.0956
53.1771 -30.0956
53.1771 -30.0956
53.1772 -30.0956
53.1772 -30.0956
53.1773 -30.0956
53.1773 -30.0956
53.1773 -30.0956
53.1774 -30.0956
53.1774 -30.0956
53.1775 -30.0956
53.1775 -30.0956
53.1776 -30.0955
53.1776 -30.0955
53.1777 -30.0955
53.1777 -30.0955
53.1777 -30.0955
53.1778 -30.0955
53.1778 -30.0955
53.1779 -30.0955
53.1779 -30.0955
53.178 -30.0955
53.178 -30.0955
53.178 -30.0954
53.1781 -30.0954
53.1781 -30.0954
53.1782 -30.0954
53.1782 -30.0954
53.1783 -30.0954
53.1783 -30.0954
53.1784 -30.0954
53.1784 -30.0954
53.1784 -30.0954
53.1785 -30.0954
53.1785 -30.0953
53.1786 -30.0953
53.1786 -30.0953
53.1787 -30.0953
53.1787 -30.0953
53.1788 -30.0953
53.1788 -30.0953
53.1788 -30.0953
53.1789 -30.0953
53.1789 -30.0953
53.179 -30.0953
53.179 -30.0953
53.1791 -30.0952
53.1791 -30.0952
53.1792 -30.0952
53.1792 -30.0952
53.1792 -30.0952
53.1793 -30.0952
53.1793 -30.0952
53.1794 -30.0952
53.1794 -30.0952
53.1795 -30.0952
53.1795 -30.0952
53.1796 -30.0951
53.1796 -30.0951
53.1797 -30.0951
53.1797 -30.0951
53.1798 -30.0951
53.1798 -30.0951
53.1798 -30.0951
53.1799 -30.0951
53.1799 -30.0951
53.18 -30.0951
53.18 -30.0951
53.1801 -30.0951
53.1801 -30.095
53.1802 -30.095
53.1802 -30.095
53.1803 -30.095
53.1803 -30.095
53.1803 -30.095
53.1804 -30.095
53.1804 -30.095
53.1805 -30.095
53.1805 -30.095
53.1806 -30.095
53.1806 -30.0949
53.1807 -30.0949
53.1807 -30.0949
53.1808 -30.0949
53.1808 -30.0949
53.1809 -30.0949
53.1809 -30.0949
53.181 -30.0949
53.181 -30.0949
53.1811 -30.0949
53.1811 -30.0949
53.1811 -30.0949
53.1812 -30.0948
53.1812 -30.0948
53.1813 -30.0948
53.1813 -30.0948
53.1814 -30.0948
53.1814 -30.0948
53.1815 -30.0948
53.1815 -30.0948
53.1816 -30.0948
53.1816 -30.0948
53.1817 -30.0948
53.1817 -30.0947
53.1818 -30.0947
53.1818 -30.0947
53.1819 -30.0947
53.1819 -30.0947
53.182 -30.0947
53.182 -30.0947
53.182 -30.0947
53.1821 -30.0947
53.1821 -30.0947
53.1822 -30.0947
53.1822 -30.0947
53.1823 -30.0946
53.1823 -30.0946
53.1824 -30.0946
53.1824 -30.0946
53.1825 -30.0946
53.1825 -30.0946
53.1826 -30.0946
53.1826 -30.0946
53.1827 -30.0946
53.1827 -30.0946
53.1828 -30.0946
53.1828 -30.0945
53.1829 -30.0945
53.1829 -30.0945
53.183 -30.0945
53.183 -30.0945
53.1831 -30.0945
53.1831 -30.0945
53.1832 -30.0945
53.1832 -30.0945
53.1833 -30.0945
53.1833 -30.0945
53.1834 -30.0945
53.1834 -30.0944
53.1835 -30.0944
53.1835 -30.0944
53.1836 -30.0944
53.1836 -30.0944
53.1837 -30.0944
53.1837 -30.0944
53.1838 -30.0944
53.1838 -30.0944
53.1839 -30.0944
53.1839 -30.0944
53.184 -30.0943
53.184 -30.0943
53.1841 -30.0943
53.1841 -30.0943
53.1842 -30.0943
53.1842 -30.0943
53.1843 -30.0943
53.1843 -30.0943
53.1844 -30.0943
53.1844 -30.0943
53.1845 -30.0943
53.1845 -30.0943
53.1846 -30.0942
53.1846 -30.0942
53.1847 -30.0942
53.1847 -30.0942
53.1848 -30.0942
53.1848 -30.0942
53.1849 -30.0942
53.1849 -30.0942
53.185 -30.0942
53.185 -30.0942
53.1851 -30.0942
53.1851 -30.0941
53.1852 -30.0941
53.1852 -30.0941
53.1853 -30.0941
53.1853 -30.0941
53.1854 -30.0941
53.1854 -30.0941
53.1855 -30.0941
53.1855 -30.0941
53.1856 -30.0941
53.1856 -30.0941
53.1857 -30.0941
53.1857 -30.094
53.1858 -30.094
53.1858 -30.094
53.1859 -30.094
53.1859 -30.094
53.186 -30.094
53.186 -30.094
53.1861 -30.094
53.1861 -30.094
53.1862 -30.094
53.1863 -30.094
53.1863 -30.094
53.1864 -30.0939
53.1864 -30.0939
53.1865 -30.0939
53.1865 -30.0939
53.1866 -30.0939
53.1866 -30.0939
53.1867 -30.0939
53.1867 -30.0939
53.1868 -30.0939
53.1868 -30.0939
53.1869 -30.0939
53.1869 -30.0938
53.187 -30.0938
53.187 -30.0938
53.1871 -30.0938
53.1871 -30.0938
53.1872 -30.0938
53.1873 -30.0938
53.1873 -30.0938
53.1874 -30.0938
53.1874 -30.0938
53.1875 -30.0938
53.1875 -30.0938
53.1876 -30.0937
53.1876 -30.0937
53.1877 -30.0937
53.1877 -30.0937
53.1878 -30.0937
53.1878 -30.0937
53.1879 -30.0937
53.1879 -30.0937
53.188 -30.0937
53.188 -30.0937
53.1881 -30.0937
53.1882 -30.0937
53.1882 -30.0936
53.1883 -30.0936
53.1883 -30.0936
53.1884 -30.0936
53.1884 -30.0936
53.1885 -30.0936
53.1885 -30.0936
53.1886 -30.0936
53.1886 -30.0936
53.1887 -30.0936
53.1888 -30.0936
53.1888 -30.0935
53.1889 -30.0935
53.1889 -30.0935
53.189 -30.0935
53.189 -30.0935
53.1891 -30.0935
53.1891 -30.0935
53.1892 -30.0935
53.1892 -30.0935
53.1893 -30.0935
53.1893 -30.0935
53.1894 -30.0935
53.1895 -30.0934
53.1895 -30.0934
53.1896 -30.0934
53.1896 -30.0934
53.1897 -30.0934
53.1897 -30.0934
53.1898 -30.0934
53.1898 -30.0934
53.1899 -30.0934
53.19 -30.0934
53.19 -30.0934
53.1901 -30.0934
53.1901 -30.0933
53.1902 -30.0933
53.1902 -30.0933
53.1903 -30.0933
53.1903 -30.0933
53.1904 -30.0933
53.1905 -30.0933
53.1905 -30.0933
53.1906 -30.0933
53.1906 -30.0933
53.1907 -30.0933
53.1907 -30.0933
53.1908 -30.0932
53.1908 -30.0932
53.1909 -30.0932
53.191 -30.0932
53.191 -30.0932
53.1911 -30.0932
53.1911 -30.0932
53.1912 -30.0932
53.1912 -30.0932
53.1913 -30.0932
53.1914 -30.0932
53.1914 -30.0931
53.1915 -30.0931
53.1915 -30.0931
53.1916 -30.0931
53.1916 -30.0931
53.1917 -30.0931
53.1917 -30.0931
53.1918 -30.0931
53.1919 -30.0931
53.1919 -30.0931
53.192 -30.0931
53.192 -30.0931
53.1921 -30.093
53.1921 -30.093
53.1922 -30.093
53.1923 -30.093
53.1923 -30.093
53.1924 -30.093
53.1924 -30.093
53.1925 -30.093
53.1925 -30.093
53.1926 -30.093
53.1927 -30.093
53.1927 -30.093
53.1928 -30.0929
53.1928 -30.0929
53.1929 -30.0929
53.1929 -30.0929
53.193 -30.0929
53.1931 -30.0929
53.1931 -30.0929
53.1932 -30.0929
53.1932 -30.0929
53.1933 -30.0929
53.1934 -30.0929
53.1934 -30.0929
53.1935 -30.0928
53.1935 -30.0928
53.1936 -30.0928
53.1936 -30.0928
53.1937 -30.0928
53.1938 -30.0928
53.1938 -30.0928
53.1939 -30.0928
53.1939 -30.0928
53.194 -30.0928
53.1941 -30.0928
53.1941 -30.0928
53.1942 -30.0927
53.1942 -30.0927
53.1943 -30.0927
53.1943 -30.0927
53.1944 -30.0927
53.1945 -30.0927
53.1945 -30.0927
53.1946 -30.0927
53.1946 -30.0927
53.1947 -30.0927
53.1948 -30.0927
53.1948 -30.0927
53.1949 -30.0926
53.1949 -30.0926
53.195 -30.0926
53.1951 -30.0926
53.1951 -30.0926
53.1952 -30.0926
53.1952 -30.0926
53.1953 -30.0926
53.1954 -30.0926
53.1954 -30.0926
53.1955 -30.0926
53.1955 -30.0925
53.1956 -30.0925
53.1957 -30.0925
53.1957 -30.0925
53.1958 -30.0925
53.1958 -30.0925
53.1959 -30.0925
53.196 -30.0925
53.196 -30.0925
53.1961 -30.0925
53.1961 -30.0925
53.1962 -30.0925
53.1963 -30.0924
53.1963 -30.0924
53.1964 -30.0924
53.1964 -30.0924
53.1965 -30.0924
53.1966 -30.0924
53.1966 -30.0924
53.1967 -30.0924
53.1967 -30.0924
53.1968 -30.0924
53.1969 -30.0924
53.1969 -30.0924
53.197 -30.0923
53.197 -30.0923
53.1971 -30.0923
53.1972 -30.0923
53.1972 -30.0923
53.1973 -30.0923
53.1974 -30.0923
53.1974 -30.0923
53.1975 -30.0923
53.1975 -30.0923
53.1976 -30.0923
53.1977 -30.0923
53.1977 -30.0922
53.1978 -30.0922
53.1978 -30.0922
53.1979 -30.0922
53.198 -30.0922
53.198 -30.0922
53.1981 -30.0922
53.1982 -30.0922
53.1982 -30.0922
53.1983 -30.0922
53.1983 -30.0922
53.1984 -30.0922
53.1985 -30.0921
53.1985 -30.0921
53.1986 -30.0921
53.1986 -30.0921
53.1987 -30.0921
53.1988 -30.0921
53.1988 -30.0921
53.1989 -30.0921
53.199 -30.0921
53.199 -30.0921
53.1991 -30.0921
53.1991 -30.0921
53.1992 -30.092
53.1993 -30.092
53.1993 -30.092
53.1994 -30.092
53.1995 -30.092
53.1995 -30.092
53.1996 -30.092
53.1996 -30.092
53.1997 -30.092
53.1998 -30.092
53.1998 -30.092
53.1999 -30.092
53.2 -30.0919
53.2 -30.0919
53.2001 -30.0919
53.2002 -30.0919
53.2002 -30.0919
53.2003 -30.0919
53.2003 -30.0919
53.2004 -30.0919
53.2005 -30.0919
53.2005 -30.0919
53.2006 -30.0919
53.2007 -30.0919
53.2007 -30.0918
53.2008 -30.0918
53.2009 -30.0918
53.2009 -30.0918
53.201 -30.0918
53.201 -30.0918
53.2011 -30.0918
53.2012 -30.0918
53.2012 -30.0918
53.2013 -30.0918
53.2014 -30.0918
53.2014 -30.0918
53.2015 -30.0917
53.2016 -30.0917
53.2016 -30.0917
53.2017 -30.0917
53.2018 -30.0917
53.2018 -30.0917
53.2019 -30.0917
53.2019 -30.0917
53.202 -30.0917
53.2021 -30.0917
53.2021 -30.0917
53.2022 -30.0917
53.2023 -30.0916
53.2023 -30.0916
53.2024 -30.0916
53.2025 -30.0916
53.2025 -30.0916
53.2026 -30.0916
53.2027 -30.0916
53.2027 -30.0916
53.2028 -30.0916
53.2029 -30.0916
53.2029 -30.0916
53.203 -30.0916
53.2031 -30.0915
53.2031 -30.0915
53.2032 -30.0915
53.2032 -30.0915
53.2033 -30.0915
53.2034 -30.0915
53.2034 -30.0915
53.2035 -30.0915
53.2036 -30.0915
53.2036 -30.0915
53.2037 -30.0915
53.2038 -30.0915
53.2038 -30.0915
53.2039 -30.0914
53.204 -30.0914
53.204 -30.0914
53.2041 -30.0914
53.2042 -30.0914
53.2042 -30.0914
53.2043 -30.0914
53.2044 -30.0914
53.2044 -30.0914
53.2045 -30.0914
53.2046 -30.0914
53.2046 -30.0914
53.2047 -30.0913
53.2048 -30.0913
53.2048 -30.0913
53.2049 -30.0913
53.205 -30.0913
53.205 -30.0913
53.2051 -30.0913
53.2052 -30.0913
53.2052 -30.0913
53.2053 -30.0913
53.2054 -30.0913
53.2054 -30.0913
53.2055 -30.0912
53.2056 -30.0912
53.2056 -30.0912
53.2057 -30.0912
53.2058 -30.0912
53.2058 -30.0912
53.2059 -30.0912
53.206 -30.0912
53.206 -30.0912
53.2061 -30.0912
53.2062 -30.0912
53.2062 -30.0912
53.2063 -30.0911
53.2064 -30.0911
53.2064 -30.0911
53.2065 -30.0911
53.2066 -30.0911
53.2067 -30.0911
53.2067 -30.0911
53.2068 -30.0911
53.2069 -30.0911
53.2069 -30.0911
53.207 -30.0911
53.2071 -30.0911
53.2071 -30.091
53.2072 -30.091
53.2073 -30.091
53.2073 -30.091
53.2074 -30.091
53.2075 -30.091
53.2075 -30.091
53.2076 -30.091
53.2077 -30.091
53.2077 -30.091
53.2078 -30.091
53.2079 -30.091
53.208 -30.0909
53.208 -30.0909
53.2081 -30.0909
53.2082 -30.0909
53.2082 -30.0909
53.2083 -30.0909
53.2084 -30.0909
53.2084 -30.0909
53.2085 -30.0909
53.2086 -30.0909
53.2086 -30.0909
53.2087 -30.0909
53.2088 -30.0909
53.2089 -30.0908
53.2089 -30.0908
53.209 -30.0908
53.2091 -30.0908
53.2091 -30.0908
53.2092 -30.0908
53.2093 -30.0908
53.2093 -30.0908
53.2094 -30.0908
53.2095 -30.0908
53.2095 -30.0908
53.2096 -30.0908
53.2097 -30.0907
53.2098 -30.0907
53.2098 -30.0907
53.2099 -30.0907
53.21 -30.0907
53.21 -30.0907
53.2101 -30.0907
53.2102 -30.0907
53.2103 -30.0907
53.2103 -30.0907
53.2104 -30.0907
53.2105 -30.0907
53.2105 -30.0906
53.2106 -30.0906
53.2107 -30.0906
53.2107 -30.0906
53.2108 -30.0906
53.2109 -30.0906
53.211 -30.0906
53.211 -30.0906
53.2111 -30.0906
53.2112 -30.0906
53.2112 -30.0906
53.2113 -30.0906
53.2114 -30.0905
53.2115 -30.0905
53.2115 -30.0905
53.2116 -30.0905
53.2117 -30.0905
53.2117 -30.0905
53.2118 -30.0905
53.2119 -30.0905
53.212 -30.0905
53.212 -30.0905
53.2121 -30.0905
53.2122 -30.0905
53.2122 -30.0905
53.2123 -30.0904
53.2124 -30.0904
53.2125 -30.0904
53.2125 -30.0904
53.2126 -30.0904
53.2127 -30.0904
53.2127 -30.0904
53.2128 -30.0904
53.2129 -30.0904
53.213 -30.0904
53.213 -30.0904
53.2131 -30.0904
53.2132 -30.0903
53.2133 -30.0903
53.2133 -30.0903
53.2134 -30.0903
53.2135 -30.0903
53.2135 -30.0903
53.2136 -30.0903
53.2137 -30.0903
53.2138 -30.0903
53.2138 -30.0903
53.2139 -30.0903
53.214 -30.0903
53.2141 -30.0902
53.2141 -30.0902
53.2142 -30.0902
53.2143 -30.0902
53.2143 -30.0902
53.2144 -30.0902
53.2145 -30.0902
53.2146 -30.0902
53.2146 -30.0902
53.2147 -30.0902
53.2148 -30.0902
53.2149 -30.0902
53.2149 -30.0902
53.215 -30.0901
53.2151 -30.0901
53.2151 -30.0901
53.2152 -30.0901
53.2153 -30.0901
53.2154 -30.0901
53.2154 -30.0901
53.2155 -30.0901
53.2156 -30.0901
53.2157 -30.0901
53.2157 -30.0901
53.2158 -30.0901
53.2159 -30.09
53.216 -30.09
53.216 -30.09
53.2161 -30.09
53.2162 -30.09
53.2163 -30.09
53.2163 -30.09
53.2164 -30.09
53.2165 -30.09
53.2166 -30.09
53.2166 -30.09
53.2167 -30.09
53.2168 -30.09
53.2169 -30.0899
53.2169 -30.0899
53.217 -30.0899
53.2171 -30.0899
53.2172 -30.0899
53.2172 -30.0899
53.2173 -30.0899
53.2174 -30.0899
53.2175 -30.0899
53.2175 -30.0899
53.2176 -30.0899
53.2177 -30.0899
53.2178 -30.0898
53.2178 -30.0898
53.2179 -30.0898
53.218 -30.0898
53.2181 -30.0898
53.2181 -30.0898
53.2182 -30.0898
53.2183 -30.0898
53.2184 -30.0898
53.2184 -30.0898
53.2185 -30.0898
53.2186 -30.0898
53.2187 -30.0898
53.2187 -30.0897
53.2188 -30.0897
53.2189 -30.0897
53.219 -30.0897
53.219 -30.0897
53.2191 -30.0897
53.2192 -30.0897
53.2193 -30.0897
53.2193 -30.0897
53.2194 -30.0897
53.2195 -30.0897
53.2196 -30.0897
53.2197 -30.0896
53.2197 -30.0896
53.2198 -30.0896
53.2199 -30.0896
53.22 -30.0896
53.22 -30.0896
53.2201 -30.0896
53.2202 -30.0896
53.2203 -30.0896
53.2203 -30.0896
53.2204 -30.0896
53.2205 -30.0896
53.2206 -30.0896
53.2206 -30.0895
53.2207 -30.0895
53.2208 -30.0895
53.2209 -30.0895
53.221 -30.0895
53.221 -30.0895
53.2211 -30.0895
53.2212 -30.0895
53.2213 -30.0895
53.2213 -30.0895
53.2214 -30.0895
53.2215 -30.0895
53.2216 -30.0894
53.2217 -30.0894
53.2217 -30.0894
53.2218 -30.0894
53.2219 -30.0894
53.222 -30.0894
53.222 -30.0894
53.2221 -30.0894
53.2222 -30.0894
53.2223 -30.0894
53.2224 -30.0894
53.2224 -30.0894
53.2225 -30.0894
53.2226 -30.0893
53.2227 -30.0893
53.2227 -30.0893
53.2228 -30.0893
53.2229 -30.0893
53.223 -30.0893
53.2231 -30.0893
53.2231 -30.0893
53.2232 -30.0893
53.2233 -30.0893
53.2234 -30.0893
53.2235 -30.0893
53.2235 -30.0892
53.2236 -30.0892
53.2237 -30.0892
53.2238 -30.0892
53.2238 -30.0892
53.2239 -30.0892
53.224 -30.0892
53.2241 -30.0892
53.2242 -30.0892
53.2242 -30.0892
53.2243 -30.0892
53.2244 -30.0892
53.2245 -30.0892
53.2246 -30.0891
53.2246 -30.0891
53.2247 -30.0891
53.2248 -30.0891
53.2249 -30.0891
53.225 -30.0891
53.225 -30.0891
53.2251 -30.0891
53.2252 -30.0891
53.2253 -30.0891
53.2254 -30.0891
53.2254 -30.0891
53.2255 -30.089
53.2256 -30.089
53.2257 -30.089
53.2258 -30.089
53.2258 -30.089
53.2259 -30.089
53.226 -30.089
53.2261 -30.089
53.2262 -30.089
53.2262 -30.089
53.2263 -30.089
53.2264 -30.089
53.2265 -30.089
53.2266 -30.0889
53.2266 -30.0889
53.2267 -30.0889
53.2268 -30.0889
53.2269 -30.0889
53.227 -30.0889
53.227 -30.0889
53.2271 -30.0889
53.2272 -30.0889
53.2273 -30.0889
53.2274 -30.0889
53.2275 -30.0889
53.2275 -30.0889
53.2276 -30.0888
53.2277 -30.0888
53.2278 -30.0888
53.2279 -30.0888
53.2279 -30.0888
53.228 -30.0888
53.2281 -30.0888
53.2282 -30.0888
53.2283 -30.0888
53.2283 -30.0888
53.2284 -30.0888
53.2285 -30.0888
53.2286 -30.0887
53.2287 -30.0887
53.2288 -30.0887
53.2288 -30.0887
53.2289 -30.0887
53.229 -30.0887
53.2291 -30.0887
53.2292 -30.0887
53.2292 -30.0887
53.2293 -30.0887
53.2294 -30.0887
53.2295 -30.0887
53.2296 -30.0887
53.2297 -30.0886
53.2297 -30.0886
53.2298 -30.0886
53.2299 -30.0886
53.23 -30.0886
53.2301 -30.0886
53.2302 -30.0886
53.2302 -30.0886
53.2303 -30.0886
53.2304 -30.0886
53.2305 -30.0886
53.2306 -30.0886
53.2306 -30.0886
53.2307 -30.0885
53.2308 -30.0885
53.2309 -30.0885
53.231 -30.0885
53.2311 -30.0885
53.2311 -30.0885
53.2312 -30.0885
53.2313 -30.0885
53.2314 -30.0885
53.2315 -30.0885
53.2316 -30.0885
53.2316 -30.0885
53.2317 -30.0885
53.2318 -30.0884
53.2319 -30.0884
53.232 -30.0884
53.2321 -30.0884
53.2322 -30.0884
53.2322 -30.0884
53.2323 -30.0884
53.2324 -30.0884
53.2325 -30.0884
53.2326 -30.0884
53.2327 -30.0884
53.2327 -30.0884
53.2328 -30.0883
53.2329 -30.0883
53.233 -30.0883
53.2331 -30.0883
53.2332 -30.0883
53.2332 -30.0883
53.2333 -30.0883
53.2334 -30.0883
53.2335 -30.0883
53.2336 -30.0883
53.2337 -30.0883
53.2338 -30.0883
53.2338 -30.0883
53.2339 -30.0882
53.234 -30.0882
53.2341 -30.0882
53.2342 -30.0882
53.2343 -30.0882
53.2343 -30.0882
53.2344 -30.0882
53.2345 -30.0882
53.2346 -30.0882
53.2347 -30.0882
53.2348 -30.0882
53.2349 -30.0882
53.2349 -30.0882
53.235 -30.0881
53.2351 -30.0881
53.2352 -30.0881
53.2353 -30.0881
53.2354 -30.0881
53.2355 -30.0881
53.2355 -30.0881
53.2356 -30.0881
53.2357 -30.0881
53.2358 -30.0881
53.2359 -30.0881
53.236 -30.0881
53.2361 -30.0881
53.2361 -30.088
53.2362 -30.088
53.2363 -30.088
53.2364 -30.088
53.2365 -30.088
53.2366 -30.088
53.2367 -30.088
53.2367 -30.088
53.2368 -30.088
53.2369 -30.088
53.237 -30.088
53.2371 -30.088
53.2372 -30.088
53.2373 -30.0879
53.2374 -30.0879
53.2374 -30.0879
53.2375 -30.0879
53.2376 -30.0879
53.2377 -30.0879
53.2378 -30.0879
53.2379 -30.0879
53.238 -30.0879
53.238 -30.0879
53.2381 -30.0879
53.2382 -30.0879
53.2383 -30.0879
53.2384 -30.0878
53.2385 -30.0878
53.2386 -30.0878
53.2387 -30.0878
53.2387 -30.0878
53.2388 -30.0878
53.2389 -30.0878
53.239 -30.0878
53.2391 -30.0878
53.2392 -30.0878
53.2393 -30.0878
53.2394 -30.0878
53.2394 -30.0878
53.2395 -30.0877
53.2396 -30.0877
53.2397 -30.0877
53.2398 -30.0877
53.2399 -30.0877
53.24 -30.0877
53.2401 -30.0877
53.2401 -30.0877
53.2402 -30.0877
53.2403 -30.0877
53.2404 -30.0877
53.2405 -30.0877
53.2406 -30.0877
53.2407 -30.0876
53.2408 -30.0876
53.2409 -30.0876
53.2409 -30.0876
53.241 -30.0876
53.2411 -30.0876
53.2412 -30.0876
53.2413 -30.0876
53.2414 -30.0876
53.2415 -30.0876
53.2416 -30.0876
53.2417 -30.0876
53.2417 -30.0876
53.2418 -30.0875
53.2419 -30.0875
53.242 -30.0875
53.2421 -30.0875
53.2422 -30.0875
53.2423 -30.0875
53.2424 -30.0875
53.2425 -30.0875
53.2425 -30.0875
53.2426 -30.0875
53.2427 -30.0875
53.2428 -30.0875
53.2429 -30.0875
53.243 -30.0874
53.2431 -30.0874
53.2432 -30.0874
53.2433 -30.0874
53.2434 -30.0874
53.2434 -30.0874
53.2435 -30.0874
53.2436 -30.0874
53.2437 -30.0874
53.2438 -30.0874
53.2439 -30.0874
53.244 -30.0874
53.2441 -30.0874
53.2442 -30.0873
53.2443 -30.0873
53.2443 -30.0873
53.2444 -30.0873
53.2445 -30.0873
53.2446 -30.0873
53.2447 -30.0873
53.2448 -30.0873
53.2449 -30.0873
53.245 -30.0873
53.2451 -30.0873
53.2452 -30.0873
53.2453 -30.0873
53.2453 -30.0872
53.2454 -30.0872
53.2455 -30.0872
53.2456 -30.0872
53.2457 -30.0872
53.2458 -30.0872
53.2459 -30.0872
53.246 -30.0872
53.2461 -30.0872
53.2462 -30.0872
53.2463 -30.0872
53.2463 -30.0872
53.2464 -30.0872
53.2465 -30.0871
53.2466 -30.0871
53.2467 -30.0871
53.2468 -30.0871
53.2469 -30.0871
53.247 -30.0871
53.2471 -30.0871
53.2472 -30.0871
53.2473 -30.0871
53.2474 -30.0871
53.2474 -30.0871
53.2475 -30.0871
53.2476 -30.0871
53.2477 -30.087
53.2478 -30.087
53.2479 -30.087
53.248 -30.087
53.2481 -30.087
53.2482 -30.087
53.2483 -30.087
53.2484 -30.087
53.2485 -30.087
53.2486 -30.087
53.2486 -30.087
53.2487 -30.087
53.2488 -30.087
53.2489 -30.0869
53.249 -30.0869
53.2491 -30.0869
53.2492 -30.0869
53.2493 -30.0869
53.2494 -30.0869
53.2495 -30.0869
53.2496 -30.0869
53.2497 -30.0869
53.2498 -30.0869
53.2499 -30.0869
53.2499 -30.0869
53.25 -30.0869
53.2501 -30.0868
53.2502 -30.0868
53.2503 -30.0868
53.2504 -30.0868
53.2505 -30.0868
53.2506 -30.0868
53.2507 -30.0868
53.2508 -30.0868
53.2509 -30.0868
53.251 -30.0868
53.2511 -30.0868
53.2512 -30.0868
53.2513 -30.0868
53.2514 -30.0867
53.2514 -30.0867
53.2515 -30.0867
53.2516 -30.0867
53.2517 -30.0867
53.2518 -30.0867
53.2519 -30.0867
53.252 -30.0867
53.2521 -30.0867
53.2522 -30.0867
53.2523 -30.0867
53.2524 -30.0867
53.2525 -30.0867
53.2526 -30.0866
53.2527 -30.0866
53.2528 -30.0866
53.2529 -30.0866
53.253 -30.0866
53.2531 -30.0866
53.2531 -30.0866
53.2532 -30.0866
53.2533 -30.0866
53.2534 -30.0866
53.2535 -30.0866
53.2536 -30.0866
53.2537 -30.0866
53.2538 -30.0866
53.2539 -30.0865
53.254 -30.0865
53.2541 -30.0865
53.2542 -30.0865
53.2543 -30.0865
53.2544 -30.0865
53.2545 -30.0865
53.2546 -30.0865
53.2547 -30.0865
53.2548 -30.0865
53.2549 -30.0865
53.255 -30.0865
53.2551 -30.0865
53.2551 -30.0864
53.2552 -30.0864
53.2553 -30.0864
53.2554 -30.0864
53.2555 -30.0864
53.2556 -30.0864
53.2557 -30.0864
53.2558 -30.0864
53.2559 -30.0864
53.256 -30.0864
53.2561 -30.0864
53.2562 -30.0864
53.2563 -30.0864
53.2564 -30.0863
53.2565 -30.0863
53.2566 -30.0863
53.2567 -30.0863
53.2568 -30.0863
53.2569 -30.0863
53.257 -30.0863
53.2571 -30.0863
53.2572 -30.0863
53.2573 -30.0863
53.2574 -30.0863
53.2575 -30.0863
53.2576 -30.0863
53.2577 -30.0862
53.2578 -30.0862
53.2579 -30.0862
53.2579 -30.0862
53.258 -30.0862
53.2581 -30.0862
53.2582 -30.0862
53.2583 -30.0862
53.2584 -30.0862
53.2585 -30.0862
53.2586 -30.0862
53.2587 -30.0862
53.2588 -30.0862
53.2589 -30.0862
53.259 -30.0861
53.2591 -30.0861
53.2592 -30.0861
53.2593 -30.0861
53.2594 -30.0861
53.2595 -30.0861
53.2596 -30.0861
53.2597 -30.0861
53.2598 -30.0861
53.2599 -30.0861
53.26 -30.0861
53.2601 -30.0861
53.2602 -30.0861
53.2603 -30.086
53.2604 -30.086
53.2605 -30.086
53.2606 -30.086
53.2607 -30.086
53.2608 -30.086
53.2609 -30.086
53.261 -30.086
53.2611 -30.086
53.2612 -30.086
53.2613 -30.086
53.2614 -30.086
53.2615 -30.086
53.2616 -30.0859
53.2617 -30.0859
53.2618 -30.0859
53.2619 -30.0859
53.262 -30.0859
53.2621 -30.0859
53.2622 -30.0859
53.2623 -30.0859
53.2624 -30.0859
53.2625 -30.0859
53.2626 -30.0859
53.2627 -30.0859
53.2628 -30.0859
53.2629 -30.0859
53.263 -30.0858
53.2631 -30.0858
53.2632 -30.0858
53.2633 -30.0858
53.2634 -30.0858
53.2635 -30.0858
53.2636 -30.0858
53.2637 -30.0858
53.2638 -30.0858
53.2639 -30.0858
53.264 -30.0858
53.2641 -30.0858
53.2642 -30.0858
53.2643 -30.0857
53.2644 -30.0857
53.2645 -30.0857
53.2646 -30.0857
53.2647 -30.0857
53.2648 -30.0857
53.2649 -30.0857
53.265 -30.0857
53.2651 -30.0857
53.2652 -30.0857
53.2653 -30.0857
53.2654 -30.0857
53.2655 -30.0857
53.2656 -30.0857
53.2657 -30.0856
53.2658 -30.0856
53.2659 -30.0856
53.266 -30.0856
53.2661 -30.0856
53.2662 -30.0856
53.2663 -30.0856
53.2664 -30.0856
53.2665 -30.0856
53.2666 -30.0856
53.2667 -30.0856
53.2668 -30.0856
53.2669 -30.0856
53.267 -30.0855
53.2671 -30.0855
53.2672 -30.0855
53.2673 -30.0855
53.2674 -30.0855
53.2675 -30.0855
53.2676 -30.0855
53.2677 -30.0855
53.2678 -30.0855
53.2679 -30.0855
53.268 -30.0855
53.2681 -30.0855
53.2682 -30.0855
53.2683 -30.0855
53.2684 -30.0854
53.2685 -30.0854
53.2686 -30.0854
53.2687 -30.0854
53.2688 -30.0854
53.2689 -30.0854
53.269 -30.0854
53.2691 -30.0854
53.2692 -30.0854
53.2693 -30.0854
53.2694 -30.0854
53.2695 -30.0854
53.2697 -30.0854
53.2698 -30.0853
53.2699 -30.0853
53.27 -30.0853
53.2701 -30.0853
53.2702 -30.0853
53.2703 -30.0853
53.2704 -30.0853
53.2705 -30.0853
53.2706 -30.0853
53.2707 -30.0853
53.2708 -30.0853
53.2709 -30.0853
53.271 -30.0853
53.2711 -30.0853
53.2712 -30.0852
53.2713 -30.0852
53.2714 -30.0852
53.2715 -30.0852
53.2716 -30.0852
53.2717 -30.0852
53.2718 -30.0852
53.2719 -30.0852
53.272 -30.0852
53.2721 -30.0852
53.2722 -30.0852
53.2723 -30.0852
