0.1 -0.0426281
0.2 -0.0853046
0.3 -0.128033
0.4 -0.170812
0.5 -0.213641
0.6 -0.256522
0.7 -0.299454
0.8 -0.342437
0.9 -0.385471
1 -0.428557
1.30107 -0.551882
2.60261 -0.675405
3.90448 -0.799139
5.20577 -0.923234
6.5066 -1.04766
7.80682 -1.17247
9.10641 -1.29766
10.4052 -1.42329
11.7033 -1.54935
13.0007 -1.67582
14.2976 -1.80266
15.594 -1.92986
16.8898 -2.05743
18.1851 -2.18537
19.4798 -2.31368
20.774 -2.44237
22.0676 -2.5715
23.3606 -2.70103
24.653 -2.83095
25.9449 -2.96125
27.2362 -3.09194
28.527 -3.22302
29.8172 -3.35452
31.1068 -3.48644
32.3958 -3.61876
33.6843 -3.75149
34.9722 -3.88462
36.2595 -4.01821
37.5462 -4.15227
38.8323 -4.28674
40.1178 -4.42163
41.4027 -4.55703
42.687 -4.69288
43.9707 -4.82916
45.2538 -4.96587
46.5364 -5.10301
47.8183 -5.2406
49.0997 -5.37862
50.3804 -5.5171
51.6606 -5.65602
52.9402 -5.79539
54.2191 -5.93521
55.4975 -6.0755
56.7753 -6.21624
58.0524 -6.35745
59.329 -6.49913
60.6049 -6.64129
61.8802 -6.78392
63.1549 -6.92703
64.429 -7.07062
65.7025 -7.2147
66.9753 -7.35928
68.2475 -7.50435
69.5191 -7.64992
70.79 -7.79599
72.0603 -7.94257
73.33 -8.08967
74.599 -8.23728
75.8674 -8.38541
77.1352 -8.53407
78.4023 -8.68326
79.6687 -8.83298
80.9345 -8.98324
82.195 -9.13367
83.3159 -9.27329
83.7489 -9.35732
84.2305 -9.44552
84.7113 -9.53386
85.1966 -9.62364
85.6893 -9.71555
86.1829 -9.80804
86.6774 -9.90111
87.1691 -9.99416
87.6571 -10.0873
88.1358 -10.1804
88.6075 -10.2731
89.0656 -10.365
89.5187 -10.4567
89.9584 -10.5476
90.3909 -10.6381
90.8188 -10.7287
91.2444 -10.8194
91.6722 -10.9109
92.1006 -11.0029
92.5306 -11.0954
92.9602 -11.1882
93.3898 -11.2813
93.8198 -11.3748
94.2494 -11.4684
94.6787 -11.5623
95.1021 -11.6715
95.4977 -11.8309
95.7184 -11.9346
95.786 -11.9109
95.853 -11.8855
95.9196 -11.8606
95.9859 -11.8363
96.052 -11.8126
96.1177 -11.7895
96.1831 -11.7671
96.2482 -11.7452
96.313 -11.724
96.3775 -11.7034
96.4416 -11.6835
96.5055 -11.6642
96.569 -11.6455
96.6322 -11.6275
96.695 -11.6102
96.7576 -11.5935
96.8198 -11.5775
96.8816 -11.5622
96.9432 -11.5475
97.0044 -11.5335
97.0652 -11.5203
97.1257 -11.5077
97.1859 -11.4958
97.2457 -11.4846
97.3052 -11.4742
97.3643 -11.4645
97.423 -11.4555
97.4814 -11.4473
97.5395 -11.4398
97.597 -11.4337
97.6526 -11.4375
97.7078 -11.4422
97.7594 -11.4537
97.8094 -11.4683
97.8584 -11.4877
97.9046 -11.4987
97.9454 -11.5001
97.9857 -11.5027
98.0258 -11.5062
98.062 -11.4771
98.0945 -11.421
98.1268 -11.3654
98.1565 -11.273
98.184 -11.1589
98.2105 -11.0337
98.2367 -10.909
98.2616 -10.7671
98.2864 -10.6257
98.311 -10.4849
98.3354 -10.3446
98.3596 -10.205
98.3837 -10.0659
98.4076 -9.92744
98.4313 -9.78956
98.4548 -9.65228
98.4781 -9.51561
98.5013 -9.37955
98.5242 -9.24411
98.547 -9.10929
98.5696 -8.9751
98.592 -8.84155
98.6142 -8.70863
98.6362 -8.57637
98.658 -8.44475
98.6796 -8.3138
98.701 -8.18351
98.7222 -8.05389
98.7433 -7.92495
98.7641 -7.7967
98.7847 -7.66914
98.8051 -7.54227
98.8253 -7.41611
98.8453 -7.29067
98.865 -7.16594
98.8846 -7.04194
98.9039 -6.91867
98.9231 -6.79615
98.942 -6.67437
98.9607 -6.55335
98.9791 -6.4331
98.9974 -6.31362
99.0154 -6.19492
99.0332 -6.07701
99.0507 -5.9599
99.068 -5.8436
99.0851 -5.72811
99.102 -5.61345
99.1186 -5.49963
99.135 -5.38664
99.1511 -5.27452
99.167 -5.16325
99.1824 -5.05288
99.1961 -4.94355
99.2096 -4.83511
99.2229 -4.72757
99.2342 -4.62111
99.243 -4.5158
99.2515 -4.41142
99.2598 -4.30797
99.2678 -4.20547
99.2756 -4.10392
99.2803 -4.00359
99.2833 -3.90438
99.2859 -3.80614
99.2884 -3.7089
99.2906 -3.61267
99.2926 -3.51745
99.2943 -3.42327
99.2932 -3.35657
99.2894 -3.29954
99.2855 -3.24365
99.2813 -3.18891
99.2738 -3.1842
99.2651 -3.19532
99.2543 -3.20758
99.2433 -3.22112
99.232 -3.23594
99.2205 -3.25207
99.206 -3.29085
99.1896 -3.34311
99.173 -3.39677
99.1563 -3.45188
99.1394 -3.50844
99.1222 -3.56648
99.1048 -3.62602
99.0871 -3.68708
99.0667 -3.73905
99.0453 -3.78947
99.0237 -3.84139
99.0018 -3.89484
98.9796 -3.95505
98.9571 -4.02282
98.9331 -4.07388
98.9082 -4.11746
98.8831 -4.16297
98.8577 -4.21043
98.8321 -4.25989
98.8062 -4.31139
98.7799 -4.37045
98.7532 -4.44249
98.7261 -4.51739
98.6987 -4.59526
98.671 -4.67619
98.643 -4.76028
98.6147 -4.84763
98.586 -4.93833
98.557 -5.03252
98.5277 -5.13031
98.498 -5.23182
98.4678 -5.33715
98.4373 -5.44649
98.4063 -5.55997
98.375 -5.67867
98.3429 -5.81082
98.3105 -5.94821
98.2774 -6.09105
98.2428 -6.23931
98.2067 -6.43365
98.1692 -6.66763
98.1311 -6.91109
98.0924 -7.16468
98.0521 -7.42868
98.009 -7.70667
97.9597 -8.16226
97.9091 -8.64332
97.8574 -9.15312
97.8027 -9.75636
97.7265 -11.0442
97.6438 -12.513
97.5486 -14.3632
97.506 -14.6281
97.4444 -15.305
97.3605 -16.473
97.2519 -18.2403
97.0821 -23.318
96.3918 -33.3195
96.3303 -36.1149
96.3628 -37.3466
96.3594 -38.3194
96.2868 -38.9839
96.2284 -39.6249
96.1675 -40.3449
96.1102 -41.033
96.0643 -41.5808
96.0177 -42.1437
95.9706 -42.7133
95.9196 -43.2692
95.8669 -43.8101
95.8133 -44.3185
95.7576 -44.6789
95.7008 -45.0412
95.6563 -45.4048
95.6113 -45.7604
95.5644 -46.0819
95.5174 -46.3826
95.47 -46.6838
95.4222 -46.9856
95.375 -47.2647
95.3293 -47.484
95.2832 -47.7031
95.2366 -47.9217
95.1894 -48.14
95.1391 -48.3501
95.0786 -48.5296
95.0235 -48.7085
94.969 -48.8852
94.9069 -49.1268
94.8357 -49.3708
94.7364 -49.433
94.701 -49.7779
94.6502 -50.0481
94.5986 -50.3146
94.5525 -50.4314
94.5061 -50.5329
94.4607 -50.624
94.3808 -50.3817
94.2799 -50.1361
94.2369 -50.1829
94.1926 -50.2345
94.147 -50.2831
94.0999 -50.3288
94.0499 -50.3948
94.0012 -50.4462
93.9592 -50.4831
93.9162 -50.5102
93.8718 -50.5255
93.8258 -50.5263
93.7779 -50.4994
93.7286 -50.4248
93.6782 -50.3207
93.6233 -50.1736
93.5445 -49.8539
93.6293 -49.5554
93.477 -49.8096
93.4509 -49.8399
93.4176 -49.8913
93.3775 -49.7675
93.3479 -49.8015
93.3206 -49.8671
93.2925 -49.9603
93.2648 -50.0535
93.2398 -50.1439
93.2148 -50.2335
93.1956 -50.4065
93.1764 -50.5793
93.1571 -50.7518
93.1377 -50.9241
93.1171 -51.068
93.0959 -51.199
93.0746 -51.3295
93.0533 -51.4615
93.0333 -51.5933
93.0133 -51.7244
92.9949 -51.9011
92.9767 -52.087
92.9585 -52.2729
92.9401 -52.4587
92.9217 -52.6444
92.9031 -52.83
92.8844 -53.0151
92.8656 -53.2001
92.8506 -53.386
92.8355 -53.5718
92.8203 -53.7576
92.8051 -53.9433
92.7898 -54.129
92.7744 -54.3145
92.7589 -54.5
92.7431 -54.6721
92.727 -54.8341
92.7125 -54.9966
92.6982 -55.1591
92.6839 -55.3216
92.6694 -55.4842
92.6548 -55.6466
92.6413 -55.8094
92.6309 -55.9728
92.6205 -56.1363
92.61 -56.2997
92.5995 -56.4632
92.589 -56.6266
92.5784 -56.79
92.5678 -56.9534
92.5578 -57.117
92.5491 -57.2808
92.5404 -57.4446
92.5316 -57.6084
92.5229 -57.7722
92.5141 -57.9361
92.5053 -58.0999
92.4973 -58.2639
92.4915 -58.4284
92.4856 -58.593
92.4798 -58.7575
92.4739 -58.9221
92.468 -59.0866
92.4621 -59.2511
92.4562 -59.4157
92.4503 -59.5802
92.4443 -59.7448
92.4384 -59.9097
92.4325 -60.0746
92.4265 -60.2394
92.4205 -60.4043
92.4145 -60.5692
92.4106 -60.7345
92.4072 -60.8999
92.4038 -61.0654
92.4004 -61.2308
92.397 -61.3963
92.3936 -61.5617
92.3901 -61.7271
92.3867 -61.8926
92.3833 -62.058
92.3799 -62.2234
92.3772 -62.389
92.3747 -62.5547
92.3722 -62.7203
92.3696 -62.8859
92.3671 -63.0515
92.3645 -63.2171
92.362 -63.3827
92.3595 -63.5483
92.3569 -63.714
92.3544 -63.8796
92.3518 -64.0424
92.3493 -64.2036
92.3467 -64.3648
92.3442 -64.5261
92.3416 -64.6873
92.3391 -64.8485
92.3365 -65.0097
92.334 -65.1709
92.3314 -65.3321
92.3288 -65.4933
92.3263 -65.6545
92.3237 -65.8157
92.3212 -65.9769
92.3186 -66.1381
92.316 -66.2993
92.3135 -66.4605
92.3109 -66.6217
92.3083 -66.7829
92.3058 -66.9441
92.3032 -67.1053
92.3006 -67.2665
92.2981 -67.4276
92.2955 -67.5888
92.2929 -67.75
92.2903 -67.9112
92.2878 -68.0724
92.2852 -68.2336
92.2826 -68.3948
92.28 -68.5559
92.2775 -68.7171
92.2749 -68.8783
92.2722 -69
92.2699 -69
92.2676 -69
92.2653 -69
92.263 -69
92.2607 -69
92.2584 -69
92.2561 -69
92.2538 -69
92.2515 -69
92.2491 -69
92.2468 -69
92.2445 -69
92.2422 -69
92.2399 -69
92.2376 -69
92.2353 -69
92.2329 -69
92.2306 -69
92.2283 -69
92.2273 -69
92.2264 -69
92.2254 -69
92.2244 -69
92.2235 -69
92.2225 -69
92.2216 -69
92.2206 -69
92.2196 -69
92.2186 -69
92.2177 -69
92.216 -69
92.2143 -69
92.2125 -69
92.2107 -69
92.2089 -69
92.2071 -69
92.2054 -69
92.2036 -69
92.2018 -69
92.2 -69
92.1982 -69
92.1964 -69
92.1946 -69
92.1928 -69
92.1911 -69
92.1893 -69
92.1875 -69
92.1857 -69
92.185 -69
92.1847 -69
92.1844 -69
92.184 -69
92.1837 -69
92.1834 -69
92.183 -69
92.1824 -69
92.1819 -69
92.1814 -69
92.1808 -69
92.1803 -69
92.1797 -69
92.1792 -69
92.1786 -69
92.1781 -69
92.1776 -69
92.177 -69
92.1765 -69
92.1759 -69
92.1753 -69
92.1748 -69
92.1742 -69
92.1737 -69
92.1731 -69
92.1726 -69
92.172 -69
92.1714 -69
92.1709 -69
92.1703 -69
92.1697 -69
92.1692 -69
92.1686 -69
92.1679 -69
92.167 -69
92.166 -69
92.1651 -69
92.1639 -69
92.1622 -69
92.1605 -69
92.1588 -69
92.1571 -69
92.1556 -69
92.1547 -69
92.1538 -69
92.1529 -69
92.152 -69
92.1511 -69
92.1502 -69
92.1493 -69
92.1484 -69
92.1475 -69
92.1466 -69
92.1457 -69
92.1447 -69
92.1438 -69
92.1429 -69
92.142 -69
92.1411 -69
92.1402 -69
92.1392 -69
92.1383 -69
92.1374 -69
92.1365 -69
92.1355 -69
92.1346 -69
92.1337 -69
92.1327 -69
92.1318 -69
92.1309 -69
92.1299 -69
92.129 -69
92.1281 -69
92.1271 -69
92.1262 -69
92.125 -69
92.1236 -69
92.1222 -69
92.1208 -69
92.1194 -69
92.118 -69
92.1166 -69
92.1153 -69
92.1139 -69
92.1125 -69
92.1111 -69
92.1097 -69
92.1083 -69
92.1069 -69
92.1055 -69
92.1041 -69
92.1027 -69
92.1013 -69
92.0999 -69
92.0985 -69
92.0971 -69
92.0958 -69
92.0944 -69
92.093 -69
92.0916 -69
92.0902 -69
92.0888 -69
92.0874 -69
92.086 -69
92.0846 -69
92.0832 -69
92.0818 -69
92.0804 -69
92.079 -69
92.0776 -69
92.0762 -69
92.0748 -69
92.0735 -69
92.0721 -69
92.0708 -69
92.0695 -69
92.0681 -69
92.0668 -69
92.0654 -69
92.0641 -69
92.0627 -69
92.0614 -69
92.06 -69
92.0587 -69
92.0573 -69
92.056 -69
92.0546 -69
92.0533 -69
92.0519 -69
92.0506 -69
92.0492 -69
92.0479 -69
92.0465 -69
92.0451 -69
92.0438 -69
92.0424 -69
92.0411 -69
92.0397 -69
92.0383 -69
92.0366 -69
92.0349 -69
92.0333 -69
92.0316 -69
92.0299 -69
92.0282 -69
92.0266 -69
92.0249 -69
92.0232 -69
92.0216 -69
92.0199 -69
92.0182 -69
92.0165 -69
92.0149 -69
92.0132 -69
92.0115 -69
92.0099 -69
92.0082 -69
92.0065 -69
92.0048 -69
92.0032 -69
92.0015 -69
91.9998 -69
91.9981 -69
91.9965 -69
91.9948 -69
91.9931 -69
91.9914 -69
91.9898 -69
91.9881 -69
91.9864 -69
91.9847 -69
91.983 -69
91.9814 -69
91.9797 -69
91.978 -69
91.9763 -69
91.9747 -69
91.973 -69
91.9713 -69
91.9696 -69
91.9679 -69
91.9663 -69
91.9646 -69
91.9629 -69
91.9612 -69
91.9595 -69
91.9579 -69
91.9562 -69
91.9545 -69
91.9528 -69
91.951 -69
91.9491 -69
91.9472 -69
91.9452 -69
91.9433 -69
91.9414 -69
91.9395 -69
91.9375 -69
91.9356 -69
91.9337 -69
91.9318 -69
91.9299 -69
91.9279 -69
91.926 -69
91.9241 -69
91.9222 -69
91.9203 -69
91.9183 -69
91.9164 -69
91.9145 -69
91.9126 -69
91.9107 -69
91.9087 -69
91.9068 -69
91.9049 -69
91.903 -69
91.9011 -69
91.8992 -69
91.8972 -69
91.8953 -69
91.8934 -69
91.8915 -69
91.8896 -69
91.8877 -69
91.8858 -69
91.8838 -69
91.8819 -69
91.88 -69
91.8781 -69
91.8762 -69
91.8743 -69
91.8724 -69
91.8705 -69
91.8685 -69
91.8666 -69
91.8647 -69
91.8628 -69
91.8609 -69
91.859 -69
91.8571 -69
91.8552 -69
91.8533 -69
91.8514 -69
91.8495 -69
91.8476 -69
91.8456 -69
91.8437 -69
91.8418 -69
91.8399 -69
91.838 -69
91.8361 -69
91.8342 -69
91.8323 -69
91.8304 -69
91.8285 -69
91.8266 -69
91.8247 -69
91.8228 -69
91.8209 -69
91.819 -69
91.8171 -69
91.8152 -69
91.8133 -69
91.8114 -69
91.8096 -69
91.808 -69
91.8063 -69
91.8047 -69
91.803 -69
91.8013 -69
91.7997 -69
91.798 -69
91.7964 -69
91.7947 -69
91.7931 -69
91.7914 -69
91.7898 -69
91.7881 -69
91.7865 -69
91.7848 -69
91.7832 -69
91.7815 -69
91.7799 -69
91.7782 -69
91.7766 -69
91.7749 -69
91.7733 -69
91.7716 -69
91.77 -69
91.7684 -69
91.7667 -69
91.7651 -69
91.7634 -69
91.7618 -69
91.7601 -69
91.7585 -69
91.7568 -69
91.7552 -69
91.7535 -69
91.7519 -69
91.7503 -69
91.7486 -69
91.747 -69
91.7453 -69
91.7437 -69
91.7421 -69
91.7404 -69
91.7388 -69
91.7371 -69
91.7355 -69
91.7338 -69
91.7322 -69
91.7305 -69
91.7289 -69
91.7272 -69
91.7258 -69
91.7245 -69
91.7232 -69
91.7218 -69
91.7205 -69
91.7192 -69
91.7179 -69
91.7166 -69
91.7153 -69
91.7139 -69
91.7126 -69
91.7113 -69
91.71 -69
91.7087 -69
91.7074 -69
91.7061 -69
91.7047 -69
91.7034 -69
91.7021 -69
91.7008 -69
91.6995 -69
91.6982 -69
91.6969 -69
91.6956 -69
91.6943 -69
91.6929 -69
91.6916 -69
91.6903 -69
91.689 -69
91.6877 -69
91.6864 -69
91.6851 -69
91.6838 -69
91.6825 -69
91.6812 -69
91.6799 -69
91.6786 -69
91.6772 -69
91.6759 -69
91.6746 -69
91.6733 -69
91.672 -69
91.6707 -69
91.6694 -69
91.6681 -69
91.6668 -69
91.6655 -69
91.6642 -69
91.6629 -69
91.6616 -69
91.6603 -69
91.659 -69
91.6577 -69
91.6564 -69
91.6551 -69
91.6538 -69
91.6525 -69
91.6512 -69
91.6499 -69
91.6486 -69
91.6473 -69
91.646 -69
91.6447 -69
91.6434 -69
91.6426 -69
91.6417 -69
91.6409 -69
91.64 -69
91.6392 -69
91.6383 -69
91.6375 -69
91.6366 -69
91.6358 -69
91.6349 -69
91.6341 -69
91.6332 -69
91.6324 -69
91.6315 -69
91.6307 -69
91.6298 -69
91.629 -69
91.6281 -69
91.6273 -69
91.6264 -69
91.6256 -69
91.6247 -69
91.6239 -69
91.623 -69
91.6222 -69
91.6213 -69
91.6205 -69
91.6196 -69
91.6188 -69
91.618 -69
91.6171 -69
91.6163 -69
91.6154 -69
91.6146 -69
91.6137 -69
91.6129 -69
91.6121 -69
91.6112 -69
91.6104 -69
91.6095 -69
91.6087 -69
91.6079 -69
91.607 -69
91.6062 -69
91.6057 -69
91.6052 -69
91.6047 -69
91.6043 -69
91.6038 -69
91.6033 -69
91.6029 -69
91.6024 -69
91.6019 -69
91.6015 -69
91.601 -69
91.6005 -69
91.6001 -69
91.5996 -69
91.5991 -69
91.5987 -69
91.5982 -69
91.5978 -69
91.5973 -69
91.5968 -69
91.5964 -69
91.5959 -69
91.5955 -69
91.595 -69
91.5945 -69
91.5941 -69
91.5936 -69
91.5932 -69
91.5927 -69
91.5922 -69
91.5918 -69
91.5914 -69
91.5911 -69
91.5907 -69
91.5904 -69
91.5901 -69
91.5897 -69
91.5894 -69
91.5891 -69
91.5887 -69
91.5884 -69
91.588 -69
91.5877 -69
91.5874 -69
91.587 -69
91.5867 -69
91.5864 -69
91.586 -69
91.5857 -69
91.5854 -69
91.585 -69
91.5847 -69
91.5844 -69
91.584 -69
91.5837 -69
91.5834 -69
91.583 -69
91.5827 -69
91.5824 -69
91.582 -69
91.5817 -69
91.5814 -69
91.581 -69
91.5807 -69
91.5804 -69
91.5801 -69
91.5797 -69
91.5794 -69
91.5791 -69
91.5787 -69
91.5784 -69
91.5781 -69
91.5778 -69
91.5774 -69
91.5771 -69
91.5768 -69
91.5765 -69
91.5761 -69
91.5758 -69
91.5755 -69
91.5752 -69
91.5748 -69
91.5745 -69
91.5742 -69
91.5739 -69
91.5735 -69
91.5732 -69
91.5729 -69
91.5726 -69
91.5723 -69
91.5719 -69
91.5716 -69
91.5713 -69
91.571 -69
91.5707 -69
91.5703 -69
91.57 -69
91.5697 -69
91.5694 -69
91.5691 -69
91.5687 -69
91.5684 -69
91.5681 -69
91.5678 -69
91.5675 -69
91.5672 -69
91.5668 -69
91.5665 -69
91.5662 -69
91.5659 -69
91.5656 -69
91.5653 -69
91.5649 -69
91.5646 -69
91.5643 -69
91.564 -69
91.5637 -69
91.5634 -69
91.5631 -69
91.5628 -69
91.5624 -69
91.5621 -69
91.5618 -69
91.5615 -69
91.5612 -69
91.5609 -69
91.5606 -69
91.5603 -69
91.56 -69
91.5596 -69
91.5593 -69
91.559 -69
91.5587 -69
91.5584 -69
91.5581 -69
91.5578 -69
91.5575 -69
91.5572 -69
91.5569 -69
91.5566 -69
91.5563 -69
91.556 -69
91.5557 -69
91.5554 -69
91.555 -69
91.5547 -69
91.5544 -69
91.5541 -69
91.5538 -69
91.5535 -69
91.5532 -69
91.5529 -69
91.5526 -69
91.5523 -69
91.552 -69
91.5517 -69
91.5514 -69
91.5511 -69
91.5508 -69
91.5505 -69
91.5502 -69
91.5499 -69
91.5496 -69
91.5493 -69
91.549 -69
91.5487 -69
91.5484 -69
91.5481 -69
91.5478 -69
91.5475 -69
91.5472 -69
91.5469 -69
91.5467 -69
91.5464 -69
91.5461 -69
91.5458 -69
91.5455 -69
91.5452 -69
91.5449 -69
91.5446 -69
91.5443 -69
91.544 -69
91.5437 -69
91.5434 -69
91.5431 -69
91.5428 -69
91.5425 -69
91.5423 -69
91.542 -69
91.5417 -69
91.5414 -69
91.5411 -69
91.5408 -69
91.5405 -69
91.5402 -69
91.5399 -69
91.5397 -69
91.5394 -69
91.5391 -69
91.5388 -69
91.5385 -69
91.5382 -69
91.5379 -69
91.5376 -69
91.5374 -69
91.5371 -69
91.5368 -69
91.5365 -69
91.5362 -69
91.5359 -69
91.5356 -69
91.5354 -69
91.5351 -69
91.5348 -69
91.5345 -69
91.5342 -69
91.534 -69
91.5337 -69
91.5334 -69
91.5331 -69
91.5328 -69
91.5325 -69
91.5323 -69
91.532 -69
91.5317 -69
91.5314 -69
91.5312 -69
91.5309 -69
91.5306 -69
91.5303 -69
91.53 -69
91.5298 -69
91.5295 -69
91.5292 -69
91.5289 -69
91.5287 -69
91.5284 -69
91.5281 -69
91.5278 -69
91.5276 -69
91.5273 -69
91.527 -69
91.5267 -69
91.5265 -69
91.5262 -69
91.5259 -69
91.5256 -69
91.5254 -69
91.5251 -69
91.5248 -69
91.5246 -69
91.5243 -69
91.524 -69
91.5237 -69
91.5235 -69
91.5232 -69
91.5229 -69
91.5227 -69
91.5224 -69
91.5221 -69
91.5219 -69
91.5216 -69
91.5213 -69
91.521 -69
91.5208 -69
91.5205 -69
91.5202 -69
91.52 -69
91.5197 -69
91.5194 -69
91.5192 -69
91.5189 -69
91.5186 -69
91.5184 -69
91.5181 -69
91.5178 -69
91.5176 -69
91.5173 -69
91.517 -69
91.5168 -69
91.5165 -69
91.5162 -69
91.516 -69
91.5157 -69
91.5154 -69
91.5152 -69
91.5149 -69
91.5146 -69
91.5144 -69
91.5141 -69
91.5139 -69
91.5136 -69
91.5133 -69
91.5131 -69
91.5128 -69
91.5125 -69
91.5123 -69
91.512 -69
91.5118 -69
91.5115 -69
91.5112 -69
91.511 -69
91.5107 -69
91.5105 -69
91.5102 -69
91.51 -69
91.5097 -69
91.5094 -69
91.5092 -69
91.5089 -69
91.5087 -69
91.5084 -69
91.5082 -69
91.5079 -69
91.5076 -69
91.5074 -69
91.5071 -69
91.5069 -69
91.5066 -69
91.5064 -69
91.5061 -69
91.5059 -69
91.5056 -69
91.5054 -69
91.5051 -69
91.5049 -69
91.5046 -69
91.5044 -69
91.5041 -69
91.5039 -69
91.5036 -69
91.5034 -69
91.5031 -69
91.5029 -69
91.5026 -69
91.5024 -69
91.5021 -69
91.5019 -69
91.5016 -69
91.5014 -69
91.5011 -69
91.5009 -69
91.5006 -69
91.5004 -69
91.5001 -69
91.4999 -69
91.4997 -69
91.4994 -69
91.4992 -69
91.4989 -69
91.4987 -69
91.4984 -69
91.4982 -69
91.4979 -69
91.4977 -69
91.4975 -69
91.4972 -69
91.497 -69
91.4967 -69
91.4965 -69
91.4963 -69
91.496 -69
91.4958 -69
91.4955 -69
91.4953 -69
91.4951 -69
91.4948 -69
91.4946 -69
91.4943 -69
91.4941 -69
91.4939 -69
91.4936 -69
91.4934 -69
91.4932 -69
91.4929 -69
91.4927 -69
91.4925 -69
91.4922 -69
91.492 -69
91.4917 -69
91.4915 -69
91.4913 -69
91.491 -69
91.4908 -69
91.4906 -69
91.4903 -69
91.4901 -69
91.4899 -69
91.4896 -69
91.4894 -69
91.4892 -69
91.489 -69
91.4887 -69
91.4885 -69
91.4883 -69
91.488 -69
91.4878 -69
91.4876 -69
91.4873 -69
91.4871 -69
91.4869 -69
91.4867 -69
91.4864 -69
91.4862 -69
91.486 -69
91.4858 -69
91.4855 -69
91.4853 -69
91.4851 -69
91.4848 -69
91.4846 -69
91.4844 -69
91.4842 -69
91.4839 -69
91.4837 -69
91.4835 -69
91.4833 -69
91.4831 -69
91.4828 -69
91.4826 -69
91.4824 -69
91.4822 -69
91.4819 -69
91.4817 -69
91.4815 -69
91.4813 -69
91.4811 -69
91.4808 -69
91.4806 -69
91.4804 -69
91.4802 -69
91.48 -69
91.4797 -69
91.4795 -69
91.4793 -69
91.4791 -69
91.4789 -69
91.4787 -69
91.4784 -69
91.4782 -69
91.478 -69
91.4778 -69
91.4776 -69
91.4774 -69
91.4772 -69
91.4769 -69
91.4767 -69
91.4765 -69
91.4763 -69
91.4761 -69
91.4759 -69
91.4757 -69
91.4754 -69
91.4752 -69
91.475 -69
91.4748 -69
91.4746 -69
91.4744 -69
91.4742 -69
91.474 -69
91.4738 -69
91.4736 -69
91.4733 -69
91.4731 -69
91.4729 -69
91.4727 -69
91.4725 -69
91.4723 -69
91.4721 -69
91.4719 -69
91.4717 -69
91.4715 -69
91.4713 -69
91.4711 -69
91.4709 -69
91.4707 -69
91.4705 -69
91.4702 -69
91.47 -69
91.4698 -69
91.4696 -69
91.4694 -69
91.4692 -69
91.469 -69
91.4688 -69
91.4686 -69
91.4684 -69
91.4682 -69
91.468 -69
91.4678 -69
91.4676 -69
91.4674 -69
91.4672 -69
91.467 -69
91.4668 -69
91.4666 -69
91.4664 -69
91.4662 -69
91.466 -69
91.4658 -69
91.4656 -69
91.4654 -69
91.4652 -69
91.465 -69
91.4648 -69
91.4647 -69
91.4645 -69
91.4643 -69
91.4641 -69
91.4639 -69
91.4637 -69
91.4635 -69
91.4633 -69
91.4631 -69
91.4629 -69
91.4627 -69
91.4625 -69
91.4623 -69
91.4621 -69
91.4619 -69
91.4618 -69
91.4616 -69
91.4614 -69
91.4612 -69
91.461 -69
91.4608 -69
91.4606 -69
91.4604 -69
91.4602 -69
91.46 -69
91.4599 -69
91.4597 -69
91.4595 -69
91.4593 -69
91.4591 -69
91.4589 -69
91.4587 -69
91.4586 -69
91.4584 -69
91.4582 -69
91.458 -69
91.4578 -69
91.4576 -69
91.4574 -69
91.4573 -69
91.4571 -69
91.4569 -69
91.4567 -69
91.4565 -69
91.4563 -69
91.4562 -69
91.456 -69
91.4558 -69
91.4556 -69
91.4554 -69
91.4553 -69
91.4551 -69
91.4549 -69
91.4547 -69
91.4545 -69
91.4544 -69
91.4542 -69
91.454 -69
91.4538 -69
91.4537 -69
91.4535 -69
91.4533 -69
91.4531 -69
91.4529 -69
91.4528 -69
91.4526 -69
91.4524 -69
91.4522 -69
91.4521 -69
91.4519 -69
91.4517 -69
91.4516 -69
91.4514 -69
91.4512 -69
91.451 -69
91.4509 -69
91.4507 -69
91.4505 -69
91.4503 -69
91.4502 -69
91.45 -69
91.4498 -69
91.4497 -69
91.4495 -69
91.4493 -69
91.4492 -69
91.449 -69
91.4488 -69
91.4486 -69
91.4485 -69
91.4483 -69
91.4481 -69
91.448 -69
91.4478 -69
91.4476 -69
91.4475 -69
91.4473 -69
91.4471 -69
91.447 -69
91.4468 -69
91.4466 -69
91.4465 -69
91.4463 -69
91.4462 -69
91.446 -69
91.4458 -69
91.4457 -69
91.4455 -69
91.4453 -69
91.4452 -69
91.445 -69
91.4449 -69
91.4447 -69
91.4445 -69
91.4444 -69
91.4442 -69
91.4441 -69
91.4439 -69
91.4437 -69
91.4436 -69
91.4434 -69
91.4433 -69
91.4431 -69
91.4429 -69
91.4428 -69
91.4426 -69
91.4425 -69
91.4423 -69
91.4422 -69
91.442 -69
91.4419 -69
91.4417 -69
91.4415 -69
91.4414 -69
91.4412 -69
91.4411 -69
91.4409 -69
91.4408 -69
91.4406 -69
91.4405 -69
91.4403 -69
91.4402 -69
91.44 -69
91.4399 -69
91.4397 -69
91.4396 -69
91.4394 -69
91.4393 -69
91.4391 -69
91.439 -69
91.4388 -69
91.4387 -69
91.4385 -69
91.4384 -69
91.4382 -69
91.4381 -69
91.4379 -69
91.4378 -69
91.4376 -69
91.4375 -69
91.4373 -69
91.4372 -69
91.437 -69
91.4369 -69
91.4368 -69
91.4366 -69
91.4365 -69
91.4363 -69
91.4362 -69
91.436 -69
91.4359 -69
91.4357 -69
91.4356 -69
91.4355 -69
91.4353 -69
91.4352 -69
91.435 -69
91.4349 -69
91.4348 -69
91.4346 -69
91.4345 -69
91.4343 -69
91.4342 -69
91.4341 -69
91.4339 -69
91.4338 -69
91.4336 -69
91.4335 -69
91.4334 -69
91.4332 -69
91.4331 -69
91.433 -69
91.4328 -69
91.4327 -69
91.4325 -69
91.4324 -69
91.4323 -69
91.4321 -69
91.432 -69
91.4319 -69
91.4317 -69
91.4316 -69
91.4315 -69
91.4313 -69
91.4312 -69
91.4311 -69
91.4309 -69
91.4308 -69
91.4307 -69
91.4305 -69
91.4304 -69
91.4303 -69
91.4302 -69
91.43 -69
91.4299 -69
91.4298 -69
91.4296 -69
91.4295 -69
91.4294 -69
91.4293 -69
91.4291 -69
91.429 -69
91.4289 -69
91.4287 -69
91.4286 -69
91.4285 -69
91.4284 -69
91.4282 -69
91.4281 -69
91.428 -69
91.4279 -69
91.4277 -69
91.4276 -69
91.4275 -69
91.4274 -69
91.4272 -69
91.4271 -69
91.427 -69
91.4269 -69
91.4268 -69
91.4266 -69
91.4265 -69
91.4264 -69
91.4263 -69
91.4262 -69
91.426 -69
91.4259 -69
91.4258 -69
91.4257 -69
91.4256 -69
91.4254 -69
91.4253 -69
91.4252 -69
91.4251 -69
91.425 -69
91.4249 -69
91.4247 -69
91.4246 -69
91.4245 -69
91.4244 -69
91.4243 -69
91.4242 -69
91.424 -69
91.4239 -69
91.4238 -69
91.4237 -69
91.4236 -69
91.4235 -69
91.4234 -69
91.4232 -69
91.4231 -69
91.423 -69
91.4229 -69
91.4228 -69
91.4227 -69
91.4226 -69
91.4225 -69
91.4224 -69
91.4222 -69
91.4221 -69
91.422 -69
91.4219 -69
91.4218 -69
91.4217 -69
91.4216 -69
91.4215 -69
91.4214 -69
91.4213 -69
91.4212 -69
91.4211 -69
91.421 -69
91.4208 -69
91.4207 -69
91.4206 -69
91.4205 -69
91.4204 -69
91.4203 -69
91.4202 -69
91.4201 -69
91.42 -69
91.4199 -69
91.4198 -69
91.4197 -69
91.4196 -69
91.4195 -69
91.4194 -69
91.4193 -69
91.4192 -69
91.4191 -69
91.419 -69
91.4189 -69
91.4188 -69
91.4187 -69
91.4186 -69
91.4185 -69
91.4184 -69
91.4183 -69
91.4182 -69
91.4181 -69
91.418 -69
91.4179 -69
91.4178 -69
91.4177 -69
91.4176 -69
91.4175 -69
91.4174 -69
91.4173 -69
91.4172 -69
91.4172 -69
91.4171 -69
91.417 -69
91.4169 -69
91.4168 -69
91.4167 -69
91.4166 -69
91.4165 -69
91.4164 -69
91.4163 -69
91.4162 -69
91.4161 -69
91.416 -69
91.416 -69
91.4159 -69
91.4158 -69
91.4157 -69
91.4156 -69
91.4155 -69
91.4154 -69
91.4153 -69
91.4152 -69
91.4152 -69
91.4151 -69
91.415 -69
91.4149 -69
91.4148 -69
91.4147 -69
91.4146 -69
91.4145 -69
91.4145 -69
91.4144 -69
91.4143 -69
91.4142 -69
91.4141 -69
91.414 -69
91.414 -69
91.4139 -69
91.4138 -69
91.4137 -69
91.4136 -69
91.4135 -69
91.4135 -69
91.4134 -69
91.4133 -69
91.4132 -69
91.4131 -69
91.4131 -69
91.413 -69
91.4129 -69
91.4128 -69
91.4127 -69
91.4127 -69
91.4126 -69
91.4125 -69
91.4124 -69
91.4124 -69
91.4123 -69
91.4122 -69
91.4121 -69
91.4121 -69
91.412 -69
91.4119 -69
91.4118 -69
91.4118 -69
91.4117 -69
91.4116 -69
91.4115 -69
91.4115 -69
91.4114 -69
91.4113 -69
91.4112 -69
91.4112 -69
91.4111 -69
91.411 -69
91.411 -69
91.4109 -69
91.4108 -69
91.4107 -69
91.4107 -69
91.4106 -69
91.4105 -69
91.4105 -69
91.4104 -69
91.4103 -69
91.4103 -69
91.4102 -69
91.4101 -69
91.4101 -69
91.41 -69
91.4099 -69
91.4099 -69
91.4098 -69
91.4097 -69
91.4097 -69
91.4096 -69
91.4095 -69
91.4095 -69
91.4094 -69
91.4093 -69
91.4093 -69
91.4092 -69
91.4091 -69
91.4091 -69
91.409 -69
91.409 -69
91.4089 -69
91.4088 -69
91.4088 -69
91.4087 -69
91.4087 -69
91.4086 -69
91.4085 -69
91.4085 -69
91.4084 -69
91.4084 -69
91.4083 -69
91.4082 -69
91.4082 -69
91.4081 -69
91.4081 -69
91.408 -69
91.4079 -69
91.4079 -69
91.4078 -69
91.4078 -69
91.4077 -69
91.4077 -69
91.4076 -69
91.4076 -69
91.4075 -69
91.4075 -69
91.4074 -69
91.4073 -69
91.4073 -69
91.4072 -69
91.4072 -69
91.4071 -69
91.4071 -69
91.407 -69
91.407 -69
91.4069 -69
91.4069 -69
91.4068 -69
91.4068 -69
91.4067 -69
91.4067 -69
91.4066 -69
91.4066 -69
91.4065 -69
91.4065 -69
91.4064 -69
91.4064 -69
91.4063 -69
91.4063 -69
91.4062 -69
91.4062 -69
91.4062 -69
91.4061 -69
91.4061 -69
91.406 -69
91.406 -69
91.4059 -69
91.4059 -69
91.4058 -69
91.4058 -69
91.4058 -69
91.4057 -69
91.4057 -69
91.4056 -69
91.4056 -69
91.4055 -69
91.4055 -69
91.4055 -69
91.4054 -69
91.4054 -69
91.4053 -69
91.4053 -69
91.4053 -69
91.4052 -69
91.4052 -69
91.4051 -69
91.4051 -69
91.4051 -69
91.405 -69
91.405 -69
91.405 -69
91.4049 -69
91.4049 -69
91.4048 -69
91.4048 -69
91.4048 -69
91.4047 -69
91.4047 -69
91.4047 -69
91.4046 -69
91.4046 -69
91.4046 -69
91.4045 -69
91.4045 -69
91.4045 -69
91.4044 -69
91.4044 -69
91.4044 -69
91.4043 -69
91.4043 -69
91.4043 -69
91.4042 -69
91.4042 -69
91.4042 -69
91.4042 -69
91.4041 -69
91.4041 -69
91.4041 -69
91.404 -69
91.404 -69
91.404 -69
91.404 -69
91.4039 -69
91.4039 -69
91.4039 -69
91.4038 -69
91.4038 -69
91.4038 -69
91.4038 -69
91.4037 -69
91.4037 -69
91.4037 -69
91.4037 -69
91.4036 -69
91.4036 -69
91.4036 -69
91.4036 -69
91.4036 -69
91.4035 -69
91.4035 -69
91.4035 -69
91.4035 -69
91.4034 -69
91.4034 -69
91.4034 -69
91.4034 -69
91.4034 -69
91.4033 -69
91.4033 -69
91.4033 -69
91.4033 -69
91.4033 -69
91.4033 -69
91.4032 -69
91.4032 -69
91.4032 -69
91.4032 -69
91.4032 -69
91.4031 -69
91.4031 -69
91.4031 -69
91.4031 -69
91.4031 -69
91.4031 -69
91.4031 -69
91.403 -69
91.403 -69
91.403 -69
91.403 -69
91.403 -69
91.403 -69
91.403 -69
91.403 -69
91.4029 -69
91.4029 -69
91.4029 -69
91.4029 -69
91.4029 -69
91.4029 -69
91.4029 -69
91.4029 -69
91.4029 -69
91.4029 -69
91.4028 -69
91.4028 -69
91.4028 -69
91.4028 -69
91.4028 -69
91.4028 -69
91.4028 -69
91.4028 -69
91.4028 -69
91.4028 -69
91.4028 -69
91.4028 -69
91.4028 -69
91.4028 -69
91.4028 -69
91.4028 -69
91.4027 -69
91.4027 -69
91.4027 -69
91.4027 -69
91.4027 -69
91.4027 -69
91.4027 -69
91.4027 -69
91.4027 -69
91.4027 -69
91.4027 -69
91.4027 -69
91.4027 -69
91.4027 -69
91.4027 -69
91.4027 -69
91.4027 -69
91.4027 -69
91.4027 -69
91.4027 -69
91.4027 -69
91.4027 -69
91.4027 -69
91.4027 -69
91.4028 -69
91.4028 -69
91.4028 -69
91.4028 -69
91.4028 -69
91.4028 -69
91.4028 -69
91.4028 -69
91.4028 -69
91.4028 -69
91.4028 -69
91.4028 -69
91.4028 -69
91.4028 -69
91.4028 -69
91.4028 -69
91.4029 -69
91.4029 -69
91.4029 -69
91.4029 -69
91.4029 -69
91.4029 -69
91.4029 -69
91.4029 -69
91.4029 -69
91.4029 -69
91.403 -69
91.403 -69
91.403 -69
91.403 -69
91.403 -69
91.403 -69
91.403 -69
91.403 -69
91.4031 -69
91.4031 -69
91.4031 -69
91.4031 -69
91.4031 -69
91.4031 -69
91.4032 -69
91.4032 -69
91.4032 -69
91.4032 -69
91.4032 -69
91.4032 -69
91.4033 -69
91.4033 -69
91.4033 -69
91.4033 -69
91.4033 -69
91.4034 -69
91.4034 -69
91.4034 -69
91.4034 -69
91.4034 -69
91.4035 -69
91.4035 -69
91.4035 -69
91.4035 -69
91.4035 -69
91.4036 -69
91.4036 -69
91.4036 -69
91.4036 -69
91.4037 -69
91.4037 -69
91.4037 -69
91.4037 -69
91.4038 -69
91.4038 -69
91.4038 -69
91.4038 -69
91.4039 -69
91.4039 -69
91.4039 -69
91.4039 -69
91.404 -69
91.404 -69
91.404 -69
91.404 -69
91.4041 -69
91.4041 -69
91.4041 -69
91.4042 -69
91.4042 -69
91.4042 -69
91.4043 -69
91.4043 -69
91.4043 -69
91.4043 -69
91.4044 -69
91.4044 -69
91.4044 -69
91.4045 -69
91.4045 -69
91.4045 -69
91.4046 -69
91.4046 -69
91.4046 -69
91.4047 -69
91.4047 -69
91.4047 -69
91.4048 -69
91.4048 -69
91.4049 -69
91.4049 -69
91.4049 -69
91.405 -69
91.405 -69
91.405 -69
91.4051 -69
91.4051 -69
91.4052 -69
91.4052 -69
91.4052 -69
91.4053 -69
91.4053 -69
91.4054 -69
91.4054 -69
91.4054 -69
91.4055 -69
91.4055 -69
91.4056 -69
91.4056 -69
91.4056 -69
91.4057 -69
91.4057 -69
91.4058 -69
91.4058 -69
91.4059 -69
91.4059 -69
91.4059 -69
91.406 -69
91.406 -69
91.4061 -69
91.4061 -69
91.4062 -69
91.4062 -69
91.4063 -69
91.4063 -69
91.4064 -69
91.4064 -69
91.4065 -69
91.4065 -69
91.4065 -69
91.4066 -69
91.4066 -69
91.4067 -69
91.4067 -69
91.4068 -69
91.4068 -69
91.4069 -69
91.4069 -69
91.407 -69
91.407 -69
91.4071 -69
91.4072 -69
91.4072 -69
91.4073 -69
91.4073 -69
91.4074 -69
91.4074 -69
91.4075 -69
91.4075 -69
91.4076 -69
91.4076 -69
91.4077 -69
91.4077 -69
91.4078 -69
91.4079 -69
91.4079 -69
91.408 -69
91.408 -69
91.4081 -69
91.4081 -69
91.4082 -69
91.4083 -69
91.4083 -69
91.4084 -69
91.4084 -69
91.4085 -69
91.4086 -69
91.4086 -69
91.4087 -69
91.4087 -69
91.4088 -69
91.4089 -69
91.4089 -69
91.409 -69
91.409 -69
91.4091 -69
91.4092 -69
91.4092 -69
91.4093 -69
91.4094 -69
91.4094 -69
91.4095 -69
91.4095 -69
91.4096 -69
91.4097 -69
91.4097 -69
91.4098 -69
91.4099 -69
91.4099 -69
91.41 -69
91.4101 -69
91.4101 -69
91.4102 -69
91.4103 -69
91.4103 -69
91.4104 -69
91.4105 -69
91.4106 -69
91.4106 -69
91.4107 -69
91.4108 -69
91.4108 -69
91.4109 -69
91.411 -69
91.411 -69
91.4111 -69
91.4112 -69
91.4113 -69
91.4113 -69
91.4114 -69
91.4115 -69
91.4116 -69
91.4116 -69
91.4117 -69
91.4118 -69
91.4119 -69
91.4119 -69
91.412 -69
91.4121 -69
91.4122 -69
91.4122 -69
91.4123 -69
91.4124 -69
91.4125 -69
91.4125 -69
91.4126 -69
91.4127 -69
91.4128 -69
91.4129 -69
91.4129 -69
91.413 -69
91.4131 -69
91.4132 -69
91.4133 -69
91.4133 -69
91.4134 -69
91.4135 -69
91.4136 -69
91.4137 -69
91.4137 -69
91.4138 -69
91.4139 -69
91.414 -69
91.4141 -69
91.4142 -69
91.4142 -69
91.4143 -69
91.4144 -69
91.4145 -69
91.4146 -69
91.4147 -69
91.4147 -69
91.4148 -69
91.4149 -69
91.415 -69
91.4151 -69
91.4152 -69
91.4153 -69
91.4154 -69
91.4154 -69
91.4155 -69
91.4156 -69
91.4157 -69
91.4158 -69
91.4159 -69
91.416 -69
91.4161 -69
91.4162 -69
91.4163 -69
91.4163 -69
91.4164 -69
91.4165 -69
91.4166 -69
91.4167 -69
91.4168 -69
91.4169 -69
91.417 -69
91.4171 -69
91.4172 -69
91.4173 -69
91.4174 -69
91.4175 -69
91.4176 -69
91.4177 -69
91.4178 -69
91.4178 -69
91.4179 -69
91.418 -69
91.4181 -69
91.4182 -69
91.4183 -69
91.4184 -69
91.4185 -69
91.4186 -69
91.4187 -69
91.4188 -69
91.4189 -69
91.419 -69
91.4191 -69
91.4192 -69
91.4193 -69
91.4194 -69
91.4195 -69
91.4196 -69
91.4197 -69
91.4198 -69
91.4199 -69
91.42 -69
91.4201 -69
91.4203 -69
91.4204 -69
91.4205 -69
91.4206 -69
91.4207 -69
91.4208 -69
91.4209 -69
91.421 -69
91.4211 -69
91.4212 -69
91.4213 -69
91.4214 -69
91.4215 -69
91.4216 -69
91.4217 -69
91.4218 -69
91.422 -69
91.4221 -69
91.4222 -69
91.4223 -69
91.4224 -69
91.4225 -69
91.4226 -69
91.4227 -69
91.4228 -69
91.4229 -69
91.4231 -69
91.4232 -69
91.4233 -69
91.4234 -69
91.4235 -69
91.4236 -69
91.4237 -69
91.4238 -69
91.424 -69
91.4241 -69
91.4242 -69
91.4243 -69
91.4244 -69
91.4245 -69
91.4246 -69
91.4248 -69
91.4249 -69
91.425 -69
91.4251 -69
91.4252 -69
91.4253 -69
91.4255 -69
91.4256 -69
91.4257 -69
91.4258 -69
91.4259 -69
91.4261 -69
91.4262 -69
91.4263 -69
91.4264 -69
91.4265 -69
91.4267 -69
91.4268 -69
91.4269 -69
91.427 -69
91.4272 -69
91.4273 -69
91.4274 -69
91.4275 -69
91.4276 -69
91.4278 -69
91.4279 -69
91.428 -69
91.4281 -69
91.4283 -69
91.4284 -69
91.4285 -69
91.4286 -69
91.4288 -69
91.4289 -69
91.429 -69
91.4292 -69
91.4293 -69
91.4294 -69
91.4295 -69
91.4297 -69
91.4298 -69
91.4299 -69
91.4301 -69
91.4302 -69
91.4303 -69
91.4304 -69
91.4306 -69
91.4307 -69
91.4308 -69
91.431 -69
91.4311 -69
91.4312 -69
91.4314 -69
91.4315 -69
91.4316 -69
91.4318 -69
91.4319 -69
91.432 -69
91.4322 -69
91.4323 -69
91.4324 -69
91.4326 -69
91.4327 -69
91.4328 -69
91.433 -69
91.4331 -69
91.4333 -69
91.4334 -69
91.4335 -69
91.4337 -69
91.4338 -69
91.4339 -69
91.4341 -69
91.4342 -69
91.4344 -69
91.4345 -69
91.4346 -69
91.4348 -69
91.4349 -69
91.4351 -69
91.4352 -69
91.4353 -69
91.4355 -69
91.4356 -69
91.4358 -69
91.4359 -69
91.4361 -69
91.4362 -69
91.4363 -69
91.4365 -69
91.4366 -69
91.4368 -69
91.4369 -69
91.4371 -69
91.4372 -69
91.4374 -69
91.4375 -69
91.4376 -69
91.4378 -69
91.4379 -69
91.4381 -69
91.4382 -69
91.4384 -69
91.4385 -69
91.4387 -69
91.4388 -69
91.439 -69
91.4391 -69
91.4393 -69
91.4394 -69
91.4396 -69
91.4397 -69
91.4399 -69
91.44 -69
91.4402 -69
91.4403 -69
91.4405 -69
91.4406 -69
91.4408 -69
91.4409 -69
91.4411 -69
91.4413 -69
91.4414 -69
91.4416 -69
91.4417 -69
91.4419 -69
91.442 -69
91.4422 -69
91.4423 -69
91.4425 -69
91.4427 -69
91.4428 -69
91.443 -69
91.4431 -69
91.4433 -69
91.4434 -69
91.4436 -69
91.4438 -69
91.4439 -69
91.4441 -69
91.4442 -69
91.4444 -69
91.4446 -69
91.4447 -69
91.4449 -69
91.445 -69
91.4452 -69
91.4454 -69
91.4455 -69
91.4457 -69
91.4458 -69
91.446 -69
91.4462 -69
91.4463 -69
91.4465 -69
91.4467 -69
91.4468 -69
91.447 -69
91.4472 -69
91.4473 -69
91.4475 -69
91.4477 -69
91.4478 -69
91.448 -69
91.4482 -69
91.4483 -69
91.4485 -69
91.4487 -69
91.4488 -69
91.449 -69
91.4492 -69
91.4493 -69
91.4495 -69
91.4497 -69
91.4498 -69
91.45 -69
91.4502 -69
91.4504 -69
91.4505 -69
91.4507 -69
91.4509 -69
91.451 -69
91.4512 -69
91.4514 -69
91.4516 -69
91.4517 -69
91.4519 -69
91.4521 -69
91.4523 -69
91.4524 -69
91.4526 -69
91.4528 -69
91.453 -69
91.4531 -69
91.4533 -69
91.4535 -69
91.4537 -69
91.4538 -69
91.454 -69
91.4542 -69
91.4544 -69
91.4546 -69
91.4547 -69
91.4549 -69
91.4551 -69
91.4553 -69
91.4554 -69
91.4556 -69
91.4558 -69
91.456 -69
91.4562 -69
91.4564 -69
91.4565 -69
91.4567 -69
91.4569 -69
91.4571 -69
91.4573 -69
91.4574 -69
91.4576 -69
91.4578 -69
91.458 -69
91.4582 -69
91.4584 -69
91.4586 -69
91.4587 -69
91.4589 -69
91.4591 -69
91.4593 -69
91.4595 -69
91.4597 -69
91.4599 -69
91.46 -69
91.4602 -69
91.4604 -69
91.4606 -69
91.4608 -69
91.461 -69
91.4612 -69
91.4614 -69
91.4616 -69
91.4618 -69
91.4619 -69
91.4621 -69
91.4623 -69
91.4625 -69
91.4627 -69
91.4629 -69
91.4631 -69
91.4633 -69
91.4635 -69
91.4637 -69
91.4639 -69
91.4641 -69
91.4643 -69
91.4644 -69
91.4646 -69
91.4648 -69
91.465 -69
91.4652 -69
91.4654 -69
91.4656 -69
91.4658 -69
91.466 -69
91.4662 -69
91.4664 -69
91.4666 -69
91.4668 -69
91.467 -69
91.4672 -69
91.4674 -69
91.4676 -69
91.4678 -69
91.468 -69
91.4682 -69
91.4684 -69
91.4686 -69
91.4688 -69
91.469 -69
91.4692 -69
91.4694 -69
91.4696 -69
91.4698 -69
91.47 -69
91.4702 -69
91.4704 -69
91.4706 -69
91.4708 -69
91.471 -69
91.4713 -69
91.4715 -69
91.4717 -69
91.4719 -69
91.4721 -69
91.4723 -69
91.4725 -69
91.4727 -69
91.4729 -69
91.4731 -69
91.4733 -69
91.4735 -69
91.4737 -69
91.4739 -69
91.4742 -69
91.4744 -69
91.4746 -69
91.4748 -69
91.475 -69
91.4752 -69
91.4754 -69
91.4756 -69
91.4758 -69
91.4761 -69
91.4763 -69
91.4765 -69
91.4767 -69
91.4769 -69
91.4771 -69
91.4773 -69
91.4776 -69
91.4778 -69
91.478 -69
91.4782 -69
91.4784 -69
91.4786 -69
91.4788 -69
91.4791 -69
91.4793 -69
91.4795 -69
91.4797 -69
91.4799 -69
91.4802 -69
91.4804 -69
91.4806 -69
91.4808 -69
91.481 -69
91.4812 -69
91.4815 -69
91.4817 -69
91.4819 -69
91.4821 -69
91.4824 -69
91.4826 -69
91.4828 -69
91.483 -69
91.4832 -69
91.4835 -69
91.4837 -69
91.4839 -69
91.4841 -69
91.4844 -69
91.4846 -69
91.4848 -69
91.485 -69
91.4853 -69
91.4855 -69
91.4857 -69
91.4859 -69
91.4862 -69
91.4864 -69
91.4866 -69
91.4868 -69
91.4871 -69
91.4873 -69
91.4875 -69
91.4878 -69
91.488 -69
91.4882 -69
91.4884 -69
91.4887 -69
91.4889 -69
91.4891 -69
91.4894 -69
91.4896 -69
91.4898 -69
91.4901 -69
91.4903 -69
91.4905 -69
91.4908 -69
91.491 -69
91.4912 -69
91.4915 -69
91.4917 -69
91.4919 -69
91.4922 -69
91.4924 -69
91.4926 -69
91.4929 -69
91.4931 -69
91.4933 -69
91.4936 -69
91.4938 -69
91.494 -69
91.4943 -69
91.4945 -69
91.4948 -69
91.495 -69
91.4952 -69
91.4955 -69
91.4957 -69
91.496 -69
91.4962 -69
91.4964 -69
91.4967 -69
91.4969 -69
91.4972 -69
91.4974 -69
91.4976 -69
91.4979 -69
91.4981 -69
91.4984 -69
91.4986 -69
91.4989 -69
91.4991 -69
91.4993 -69
91.4996 -69
91.4998 -69
91.5001 -69
91.5003 -69
91.5006 -69
91.5008 -69
91.5011 -69
91.5013 -69
91.5015 -69
91.5018 -69
91.502 -69
91.5023 -69
91.5025 -69
91.5028 -69
91.503 -69
91.5033 -69
91.5035 -69
91.5038 -69
91.504 -69
91.5043 -69
91.5045 -69
91.5048 -69
91.505 -69
91.5053 -69
91.5055 -69
91.5058 -69
91.506 -69
91.5063 -69
91.5065 -69
91.5068 -69
91.5071 -69
91.5073 -69
91.5076 -69
91.5078 -69
91.5081 -69
91.5083 -69
91.5086 -69
91.5088 -69
91.5091 -69
91.5093 -69
91.5096 -69
91.5099 -69
91.5101 -69
91.5104 -69
91.5106 -69
91.5109 -69
91.5111 -69
91.5114 -69
91.5117 -69
91.5119 -69
91.5122 -69
91.5124 -69
91.5127 -69
91.513 -69
91.5132 -69
91.5135 -69
91.5138 -69
91.514 -69
91.5143 -69
91.5145 -69
91.5148 -69
91.5151 -69
91.5153 -69
91.5156 -69
91.5159 -69
91.5161 -69
91.5164 -69
91.5166 -69
91.5169 -69
91.5172 -69
91.5174 -69
91.5177 -69
91.518 -69
91.5182 -69
91.5185 -69
91.5188 -69
91.519 -69
91.5193 -69
91.5196 -69
91.5198 -69
91.5201 -69
91.5204 -69
91.5207 -69
91.5209 -69
91.5212 -69
91.5215 -69
91.5217 -69
91.522 -69
91.5223 -69
91.5226 -69
91.5228 -69
91.5231 -69
91.5234 -69
91.5236 -69
91.5239 -69
91.5242 -69
91.5245 -69
91.5247 -69
91.525 -69
91.5253 -69
91.5256 -69
91.5258 -69
91.5261 -69
91.5264 -69
91.5267 -69
91.5269 -69
91.5272 -69
91.5275 -69
91.5278 -69
91.5281 -69
91.5283 -69
91.5286 -69
91.5289 -69
91.5292 -69
91.5294 -69
91.5297 -69
91.53 -69
91.5303 -69
91.5306 -69
91.5308 -69
91.5311 -69
91.5314 -69
91.5317 -69
91.532 -69
91.5323 -69
91.5325 -69
91.5328 -69
91.5331 -69
91.5334 -69
91.5337 -69
91.534 -69
91.5342 -69
91.5345 -69
91.5348 -69
91.5351 -69
91.5354 -69
91.5357 -69
91.536 -69
91.5362 -69
91.5365 -69
91.5368 -69
91.5371 -69
91.5374 -69
91.5377 -69
91.538 -69
91.5383 -69
91.5386 -69
91.5388 -69
91.5391 -69
91.5394 -69
91.5397 -69
91.54 -69
91.5403 -69
91.5406 -69
91.5409 -69
91.5412 -69
91.5415 -69
91.5418 -69
91.542 -69
91.5423 -69
91.5426 -69
91.5429 -69
91.5432 -69
91.5435 -69
91.5438 -69
91.5441 -69
91.5444 -69
91.5447 -69
91.545 -69
91.5453 -69
91.5456 -69
91.5459 -69
91.5462 -69
91.5465 -69
91.5468 -69
91.5471 -69
91.5474 -69
91.5477 -69
91.548 -69
91.5483 -69
91.5486 -69
91.5489 -69
91.5492 -69
91.5495 -69
91.5498 -69
91.5501 -69
91.5504 -69
91.5507 -69
91.551 -69
91.5513 -69
91.5516 -69
91.5519 -69
91.5522 -69
91.5525 -69
91.5528 -69
91.5531 -69
91.5534 -69
91.5537 -69
91.554 -69
91.5543 -69
91.5546 -69
91.5549 -69
91.5553 -69
91.5556 -69
91.5559 -69
91.5562 -69
91.5565 -69
91.5568 -69
91.5571 -69
91.5574 -69
91.5577 -69
91.558 -69
91.5583 -69
91.5586 -69
91.559 -69
91.5593 -69
91.5596 -69
91.5599 -69
91.5602 -69
91.5605 -69
91.5608 -69
91.5611 -69
91.5615 -69
91.5618 -69
91.5621 -69
91.5624 -69
91.5627 -69
91.563 -69
91.5633 -69
91.5637 -69
91.564 -69
91.5643 -69
91.5646 -69
91.5649 -69
91.5652 -69
91.5655 -69
91.5659 -69
91.5662 -69
91.5665 -69
91.5668 -69
91.5671 -69
91.5675 -69
91.5678 -69
91.5681 -69
91.5684 -69
91.5687 -69
91.5691 -69
91.5694 -69
91.5697 -69
91.57 -69
91.5703 -69
91.5707 -69
91.571 -69
91.5713 -69
91.5716 -69
91.572 -69
91.5723 -69
91.5726 -69
91.5729 -69
91.5733 -69
91.5736 -69
91.5739 -69
91.5742 -69
91.5746 -69
91.5749 -69
91.5752 -69
91.5755 -69
91.5759 -69
91.5762 -69
91.5765 -69
91.5768 -69
91.5772 -69
91.5775 -69
91.5778 -69
91.5782 -69
91.5785 -69
91.5788 -69
91.5791 -69
91.5795 -69
91.5798 -69
91.5801 -69
91.5805 -69
91.5808 -69
91.5811 -69
91.5815 -69
91.5818 -69
91.5821 -69
91.5825 -69
91.5828 -69
91.5831 -69
91.5835 -69
91.5838 -69
91.5841 -69
91.5845 -69
91.5848 -69
91.5851 -69
91.5855 -69
91.5858 -69
91.5861 -69
91.5865 -69
91.5868 -69
91.5872 -69
91.5875 -69
91.5878 -69
91.5882 -69
91.5885 -69
91.5889 -69
91.5892 -69
91.5895 -69
91.5899 -69
91.5902 -69
91.5906 -69
91.5909 -69
91.5912 -69
91.5916 -69
91.5919 -69
91.5923 -69
91.5926 -69
91.5929 -69
91.5933 -69
91.5936 -69
91.594 -69
91.5943 -69
91.5947 -69
91.595 -69
91.5954 -69
91.5957 -69
91.596 -69
91.5964 -69
91.5967 -69
91.5971 -69
91.5974 -69
91.5978 -69
91.5981 -69
91.5985 -69
91.5988 -69
91.5992 -69
91.5995 -69
91.5999 -69
91.6002 -69
91.6006 -69
91.6009 -69
91.6013 -69
91.6016 -69
91.602 -69
91.6023 -69
91.6027 -69
91.603 -69
91.6034 -69
91.6037 -69
91.6041 -69
91.6044 -69
91.6048 -69
91.6051 -69
91.6055 -69
91.6058 -69
91.6062 -69
91.6066 -69
91.6069 -69
91.6073 -69
91.6076 -69
91.608 -69
91.6083 -69
91.6087 -69
91.6091 -69
91.6094 -69
91.6098 -69
91.6101 -69
91.6105 -69
91.6108 -69
91.6112 -69
91.6116 -69
91.6119 -69
91.6123 -69
91.6126 -69
91.613 -69
91.6134 -69
91.6137 -69
91.6141 -69
91.6144 -69
91.6148 -69
91.6152 -69
91.6155 -69
91.6159 -69
91.6163 -69
91.6166 -69
91.617 -69
91.6174 -69
91.6177 -69
91.6181 -69
91.6184 -69
91.6188 -69
91.6192 -69
91.6195 -69
91.6199 -69
91.6203 -69
91.6206 -69
91.621 -69
91.6214 -69
91.6217 -69
91.6221 -69
91.6225 -69
91.6229 -69
91.6232 -69
91.6236 -69
91.624 -69
91.6243 -69
91.6247 -69
91.6251 -69
91.6254 -69
91.6258 -69
91.6262 -69
91.6266 -69
91.6269 -69
91.6273 -69
91.6277 -69
91.6281 -69
91.6284 -69
91.6288 -69
91.6292 -69
91.6296 -69
91.6299 -69
91.6303 -69
91.6307 -69
91.6311 -69
91.6314 -69
91.6318 -69
91.6322 -69
91.6326 -69
91.6329 -69
91.6333 -69
91.6337 -69
91.6341 -69
91.6344 -69
91.6348 -69
91.6352 -69
91.6356 -69
91.636 -69
91.6363 -69
91.6367 -69
91.6371 -69
91.6375 -69
91.6379 -69
91.6383 -69
91.6386 -69
91.639 -69
91.6394 -69
91.6398 -69
91.6402 -69
91.6406 -69
91.6409 -69
91.6413 -69
91.6417 -69
91.6421 -69
91.6425 -69
91.6429 -69
91.6432 -69
91.6436 -69
91.644 -69
91.6444 -69
91.6448 -69
91.6452 -69
91.6456 -69
91.646 -69
91.6463 -69
91.6467 -69
91.6471 -69
91.6475 -69
91.6479 -69
91.6483 -69
91.6487 -69
91.6491 -69
91.6495 -69
91.6499 -69
91.6502 -69
91.6506 -69
91.651 -69
91.6514 -69
91.6518 -69
91.6522 -69
91.6526 -69
91.653 -69
91.6534 -69
91.6538 -69
91.6542 -69
91.6546 -69
91.655 -69
91.6554 -69
91.6558 -69
91.6562 -69
91.6566 -69
91.657 -69
91.6573 -69
91.6577 -69
91.6581 -69
91.6585 -69
91.6589 -69
91.6593 -69
91.6597 -69
91.6601 -69
91.6605 -69
91.6609 -69
91.6613 -69
91.6617 -69
91.6621 -69
91.6625 -69
91.6629 -69
91.6633 -69
91.6637 -69
91.6641 -69
91.6646 -69
91.665 -69
91.6654 -69
91.6658 -69
91.6662 -69
91.6666 -69
91.667 -69
91.6674 -69
91.6678 -69
91.6682 -69
91.6686 -69
91.669 -69
91.6694 -69
91.6698 -69
91.6702 -69
91.6706 -69
91.671 -69
91.6714 -69
91.6719 -69
91.6723 -69
91.6727 -69
91.6731 -69
91.6735 -69
91.6739 -69
91.6743 -69
91.6747 -69
91.6751 -69
91.6755 -69
91.676 -69
91.6764 -69
91.6768 -69
91.6772 -69
91.6776 -69
91.678 -69
91.6784 -69
91.6788 -69
91.6793 -69
91.6797 -69
91.6801 -69
91.6805 -69
91.6809 -69
91.6813 -69
91.6818 -69
91.6822 -69
91.6826 -69
91.683 -69
91.6834 -69
91.6838 -69
91.6843 -69
91.6847 -69
91.6851 -69
91.6855 -69
91.6859 -69
91.6863 -69
91.6868 -69
91.6872 -69
91.6876 -69
91.688 -69
91.6884 -69
91.6889 -69
91.6893 -69
91.6897 -69
91.6901 -69
91.6906 -69
91.691 -69
91.6914 -69
91.6918 -69
91.6923 -69
91.6927 -69
91.6931 -69
91.6935 -69
91.694 -69
91.6944 -69
91.6948 -69
91.6952 -69
91.6957 -69
91.6961 -69
91.6965 -69
91.6969 -69
91.6974 -69
91.6978 -69
91.6982 -69
91.6986 -69
91.6991 -69
91.6995 -69
91.6999 -69
91.7004 -69
91.7008 -69
91.7012 -69
91.7017 -69
91.7021 -69
91.7025 -69
91.703 -69
91.7034 -69
91.7038 -69
91.7042 -69
91.7047 -69
91.7051 -69
91.7055 -69
91.706 -69
91.7064 -69
91.7069 -69
91.7073 -69
91.7077 -69
91.7082 -69
91.7086 -69
91.709 -69
91.7095 -69
91.7099 -69
91.7103 -69
91.7108 -69
91.7112 -69
91.7117 -69
91.7121 -69
91.7125 -69
91.713 -69
91.7134 -69
91.7138 -69
91.7143 -69
91.7147 -69
91.7152 -69
91.7156 -69
91.716 -69
91.7165 -69
91.7169 -69
91.7174 -69
91.7178 -69
91.7183 -69
91.7187 -69
91.7191 -69
91.7196 -69
91.72 -69
91.7205 -69
91.7209 -69
91.7214 -69
91.7218 -69
91.7223 -69
91.7227 -69
91.7231 -69
91.7236 -69
91.724 -69
91.7245 -69
91.7249 -69
91.7254 -69
91.7258 -69
91.7263 -69
91.7267 -69
91.7272 -69
91.7276 -69
91.7281 -69
91.7285 -69
91.729 -69
91.7294 -69
91.7299 -69
91.7303 -69
91.7308 -69
91.7312 -69
91.7317 -69
91.7321 -69
91.7326 -69
91.733 -69
91.7335 -69
91.734 -69
91.7344 -69
91.7349 -69
91.7353 -69
91.7358 -69
91.7362 -69
91.7367 -69
91.7371 -69
91.7376 -69
91.738 -69
91.7385 -69
91.739 -69
91.7394 -69
91.7399 -69
91.7403 -69
91.7408 -69
91.7413 -69
91.7417 -69
91.7422 -69
91.7426 -69
91.7431 -69
91.7436 -69
91.744 -69
91.7445 -69
91.7449 -69
91.7454 -69
91.7459 -69
91.7463 -69
91.7468 -69
91.7472 -69
91.7477 -69
91.7482 -69
91.7486 -69
91.7491 -69
91.7496 -69
91.75 -69
91.7505 -69
91.751 -69
91.7514 -69
91.7519 -69
91.7524 -69
91.7528 -69
91.7533 -69
91.7538 -69
91.7542 -69
91.7547 -69
91.7552 -69
91.7556 -69
91.7561 -69
91.7566 -69
91.757 -69
91.7575 -69
91.758 -69
91.7584 -69
91.7589 -69
91.7594 -69
91.7599 -69
91.7603 -69
91.7608 -69
91.7613 -69
91.7618 -69
91.7622 -69
91.7627 -69
91.7632 -69
91.7636 -69
91.7641 -69
91.7646 -69
91.7651 -69
91.7655 -69
91.766 -69
91.7665 -69
91.767 -69
91.7674 -69
91.7679 -69
91.7684 -69
91.7689 -69
91.7694 -69
91.7698 -69
91.7703 -69
91.7708 -69
91.7713 -69
91.7718 -69
91.7722 -69
91.7727 -69
91.7732 -69
91.7737 -69
91.7742 -69
91.7746 -69
91.7751 -69
91.7756 -69
91.7761 -69
91.7766 -69
91.777 -69
91.7775 -69
91.778 -69
91.7785 -69
91.779 -69
91.7795 -69
91.7799 -69
91.7804 -69
91.7809 -69
91.7814 -69
91.7819 -69
91.7824 -69
91.7829 -69
91.7833 -69
91.7838 -69
91.7843 -69
91.7848 -69
91.7853 -69
91.7858 -69
91.7863 -69
91.7868 -69
91.7873 -69
91.7877 -69
91.7882 -69
91.7887 -69
91.7892 -69
91.7897 -69
91.7902 -69
91.7907 -69
91.7912 -69
91.7917 -69
91.7922 -69
91.7927 -69
91.7932 -69
91.7936 -69
91.7941 -69
91.7946 -69
91.7951 -69
91.7956 -69
91.7961 -69
91.7966 -69
91.7971 -69
91.7976 -69
91.7981 -69
91.7986 -69
91.7991 -69
91.7996 -69
91.8001 -69
91.8006 -69
91.8011 -69
91.8016 -69
91.8021 -69
91.8026 -69
91.8031 -69
91.8036 -69
91.8041 -69
91.8046 -69
91.8051 -69
91.8056 -69
91.8061 -69
91.8066 -69
91.8071 -69
91.8076 -69
91.8081 -69
91.8086 -69
91.8091 -69
91.8096 -69
91.8101 -69
91.8106 -69
91.8111 -69
91.8116 -69
91.8121 -69
91.8126 -69
91.8131 -69
91.8136 -69
91.8142 -69
91.8147 -69
91.8152 -69
91.8157 -69
91.8162 -69
91.8167 -69
91.8172 -69
91.8177 -69
91.8182 -69
91.8187 -69
91.8192 -69
91.8197 -69
91.8203 -69
91.8208 -69
91.8213 -69
91.8218 -69
91.8223 -69
91.8228 -69
91.8233 -69
91.8238 -69
91.8244 -69
91.8249 -69
91.8254 -69
91.8259 -69
91.8264 -69
91.8269 -69
91.8274 -69
91.8279 -69
91.8285 -69
91.829 -69
91.8295 -69
91.83 -69
91.8305 -69
91.831 -69
91.8316 -69
91.8321 -69
91.8326 -69
91.8331 -69
91.8336 -69
91.8342 -69
91.8347 -69
91.8352 -69
91.8357 -69
91.8362 -69
91.8368 -69
91.8373 -69
91.8378 -69
91.8383 -69
91.8388 -69
91.8394 -69
91.8399 -69
91.8404 -69
91.8409 -69
91.8415 -69
91.842 -69
91.8425 -69
91.843 -69
91.8436 -69
91.8441 -69
91.8446 -69
91.8451 -69
91.8457 -69
91.8462 -69
91.8467 -69
91.8472 -69
91.8478 -69
91.8483 -69
91.8488 -69
91.8493 -69
91.8499 -69
91.8504 -69
91.8509 -69
91.8515 -69
91.852 -69
91.8525 -69
91.853 -69
91.8536 -69
91.8541 -69
91.8546 -69
91.8552 -69
91.8557 -69
91.8562 -69
91.8568 -69
91.8573 -69
91.8578 -69
91.8584 -69
91.8589 -69
91.8594 -69
91.86 -69
91.8605 -69
91.861 -69
91.8616 -69
91.8621 -69
91.8626 -69
91.8632 -69
91.8637 -69
91.8643 -69
91.8648 -69
91.8653 -69
91.8659 -69
91.8664 -69
91.8669 -69
91.8675 -69
91.868 -69
91.8686 -69
91.8691 -69
91.8696 -69
91.8702 -69
91.8707 -69
91.8713 -69
91.8718 -69
91.8724 -69
91.8729 -69
91.8734 -69
91.874 -69
91.8745 -69
91.8751 -69
91.8756 -69
91.8762 -69
91.8767 -69
91.8772 -69
91.8778 -69
91.8783 -69
91.8789 -69
91.8794 -69
91.88 -69
91.8805 -69
91.8811 -69
91.8816 -69
91.8822 -69
91.8827 -69
91.8833 -69
91.8838 -69
91.8844 -69
91.8849 -69
91.8855 -69
91.886 -69
91.8866 -69
91.8871 -69
91.8877 -69
91.8882 -69
91.8888 -69
91.8893 -69
91.8899 -69
91.8904 -69
91.891 -69
91.8915 -69
91.8921 -69
91.8926 -69
91.8932 -69
91.8937 -69
91.8943 -69
91.8948 -69
91.8954 -69
91.896 -69
91.8965 -69
91.8971 -69
91.8976 -69
91.8982 -69
91.8987 -69
91.8993 -69
91.8999 -69
91.9004 -69
91.901 -69
91.9015 -69
91.9021 -69
91.9026 -69
91.9032 -69
91.9038 -69
91.9043 -69
91.9049 -69
91.9054 -69
91.906 -69
91.9066 -69
91.9071 -69
91.9077 -69
91.9083 -69
91.9088 -69
91.9094 -69
91.9099 -69
91.9105 -69
91.9111 -69
91.9116 -69
91.9122 -69
91.9128 -69
91.9133 -69
91.9139 -69
91.9145 -69
91.915 -69
91.9156 -69
91.9162 -69
91.9167 -69
91.9173 -69
91.9179 -69
91.9184 -69
91.919 -69
91.9196 -69
91.9201 -69
91.9207 -69
91.9213 -69
91.9219 -69
91.9224 -69
91.923 -69
91.9236 -69
91.9241 -69
91.9247 -69
91.9253 -69
91.9259 -69
91.9264 -69
91.927 -69
91.9276 -69
91.9281 -69
91.9287 -69
91.9293 -69
91.9299 -69
91.9304 -69
91.931 -69
91.9316 -69
91.9322 -69
91.9328 -69
91.9333 -69
91.9339 -69
91.9345 -69
91.9351 -69
91.9356 -69
91.9362 -69
91.9368 -69
91.9374 -69
91.938 -69
91.9385 -69
91.9391 -69
91.9397 -69
91.9403 -69
91.9409 -69
91.9414 -69
91.942 -69
91.9426 -69
91.9432 -69
91.9438 -69
91.9443 -69
91.9449 -69
91.9455 -69
91.9461 -69
91.9467 -69
91.9473 -69
91.9478 -69
91.9484 -69
91.949 -69
91.9496 -69
91.9502 -69
91.9508 -69
91.9514 -69
91.952 -69
91.9525 -69
91.9531 -69
91.9537 -69
91.9543 -69
91.9549 -69
91.9555 -69
91.9561 -69
91.9567 -69
91.9572 -69
91.9578 -69
91.9584 -69
91.959 -69
91.9596 -69
91.9602 -69
91.9608 -69
91.9614 -69
91.962 -69
91.9626 -69
91.9632 -69
91.9638 -69
91.9644 -69
91.9649 -69
91.9655 -69
91.9661 -69
91.9667 -69
91.9673 -69
91.9679 -69
91.9685 -69
91.9691 -69
91.9697 -69
91.9703 -69
91.9709 -69
91.9715 -69
91.9721 -69
91.9727 -69
91.9733 -69
91.9739 -69
91.9745 -69
91.9751 -69
91.9757 -69
91.9763 -69
91.9769 -69
91.9775 -69
91.9781 -69
91.9787 -69
91.9793 -69
91.9799 -69
91.9805 -69
91.9811 -69
91.9817 -69
91.9823 -69
91.9829 -69
91.9835 -69
91.9841 -69
