0.1 -0.0708179
0.2 -0.14179
0.3 -0.212915
0.4 -0.284194
0.5 -0.355628
0.6 -0.427217
0.7 -0.498962
0.8 -0.570864
0.9 -0.642923
1 -0.71514
1.30107 -0.816246
2.60261 -0.917937
3.90448 -1.02018
5.20577 -1.12269
6.5066 -1.22552
7.80682 -1.32861
9.10641 -1.43196
10.4052 -1.53548
11.7033 -1.63919
13.0007 -1.74316
14.2976 -1.84742
15.594 -1.95199
16.8898 -2.05686
18.1851 -2.16204
19.4798 -2.26753
20.774 -2.37332
22.0676 -2.47937
23.3606 -2.5857
24.653 -2.69235
25.9449 -2.79931
27.2362 -2.9066
28.527 -3.0142
29.8172 -3.1221
31.1068 -3.2303
32.3958 -3.33883
33.6843 -3.44768
34.9722 -3.55687
36.2595 -3.66633
37.5462 -3.77606
38.8323 -3.88614
40.1178 -3.99655
41.4027 -4.10721
42.687 -4.21818
43.9707 -4.32949
45.2538 -4.44114
46.5364 -4.55314
47.8183 -4.66549
49.0997 -4.77819
50.3804 -4.89124
51.6606 -5.00465
52.9402 -5.11842
54.2191 -5.23254
55.4975 -5.34702
56.7753 -5.46187
58.0524 -5.57709
59.329 -5.69267
60.6049 -5.80863
61.8802 -5.92495
63.1549 -6.04166
64.429 -6.15874
65.7025 -6.2762
66.9753 -6.39405
68.2475 -6.51228
69.5191 -6.6309
70.79 -6.74991
72.0603 -6.86931
73.33 -6.98912
74.599 -7.10932
75.8674 -7.22992
77.1352 -7.35092
78.4023 -7.47234
79.6687 -7.59416
80.9345 -7.71639
82.195 -7.84519
83.3159 -8.05063
83.7489 -7.98447
84.2305 -7.93948
84.7113 -7.89566
85.1966 -7.85344
85.6893 -7.81304
86.1829 -7.77392
86.6774 -7.73611
87.1691 -7.70492
87.6571 -7.68362
88.1358 -7.67477
88.6075 -7.66197
89.0656 -7.62938
89.5187 -7.5817
89.9584 -7.47087
90.3909 -7.31102
90.8188 -7.11428
91.2444 -6.8974
91.6722 -6.68136
92.1006 -6.46647
92.5306 -6.25312
92.9602 -6.0406
93.3898 -5.82906
93.8198 -5.61864
94.2494 -5.40908
94.6787 -5.20038
95.1021 -4.99325
95.4977 -4.79067
95.7184 -4.61499
95.786 -4.46258
95.853 -4.31069
95.9196 -4.15927
95.9859 -4.00834
96.052 -3.85789
96.1177 -3.70792
96.1831 -3.55845
96.2482 -3.40947
96.313 -3.26099
96.3775 -3.11301
96.4416 -2.96553
96.5055 -2.81856
96.569 -2.6721
96.6322 -2.52615
96.695 -2.38072
96.7576 -2.23581
96.8198 -2.09143
96.8816 -1.94758
96.9432 -1.80425
97.0044 -1.66147
97.0652 -1.51922
97.1257 -1.37752
97.1859 -1.23636
97.2457 -1.09576
97.3052 -0.955715
97.3643 -0.816228
97.423 -0.677304
97.4814 -0.538947
97.5395 -0.401162
97.597 -0.26397
97.6526 -0.127584
97.7078 0.00822241
97.7594 0.143002
97.8094 0.277039
97.8584 0.410394
97.9046 0.542851
97.9454 0.674066
97.9857 0.804682
98.0258 0.934714
98.062 1.06371
98.0945 1.19171
98.1268 1.31913
98.1565 1.44569
98.184 1.57144
98.2105 1.6965
98.2367 1.82097
98.2616 1.94472
98.2864 2.06787
98.311 2.19042
98.3354 2.31237
98.3596 2.43371
98.3837 2.55442
98.4076 2.67452
98.4313 2.79398
98.4548 2.91281
98.4781 3.03101
98.5013 3.14855
98.5242 3.26544
98.547 3.38168
98.5696 3.49725
98.592 3.61215
98.6142 3.72637
98.6362 3.8399
98.658 3.95275
98.6796 4.0649
98.701 4.17634
98.7222 4.28708
98.7433 4.39709
98.7641 4.50638
98.7847 4.61494
98.8051 4.72275
98.8253 4.82982
98.8453 4.93613
98.865 5.04168
98.8846 5.14646
98.9039 5.25046
98.9231 5.35367
98.942 5.45608
98.9607 5.55769
98.9791 5.65848
98.9974 5.75845
99.0154 5.85759
99.0332 5.95588
99.0507 6.05333
99.068 6.14991
99.0851 6.24562
99.102 6.34045
99.1186 6.4344
99.135 6.52744
99.1511 6.61956
99.167 6.71077
99.1824 6.79658
99.1961 6.85567
99.2096 6.9138
99.2229 6.97093
99.2342 7.00344
99.243 7.00101
99.2515 6.99765
99.2598 6.99333
99.2678 6.98805
99.2756 6.9818
99.2803 6.95805
99.2833 6.92419
99.2859 6.88937
99.2884 6.85358
99.2906 6.81681
99.2926 6.77905
99.2943 6.74029
99.2932 6.70711
99.2894 6.68227
99.2855 6.65649
99.2813 6.62977
99.2738 6.60231
99.2651 6.57556
99.2543 6.57236
99.2433 6.56824
99.232 6.5632
99.2205 6.55724
99.206 6.55047
99.1896 6.54283
99.173 6.53424
99.1563 6.52037
99.1394 6.50232
99.1222 6.48312
99.1048 6.46275
99.0871 6.44119
99.0667 6.41859
99.0453 6.39482
99.0237 6.36983
99.0018 6.3436
98.9796 6.31612
98.9571 6.28737
98.9331 6.25742
98.9082 6.2262
98.8831 6.19366
98.8577 6.15978
98.8321 6.12454
98.8062 6.08792
98.7799 6.04991
98.7532 6.00802
98.7261 5.96122
98.6987 5.91274
98.671 5.86256
98.643 5.81064
98.6147 5.75695
98.586 5.70145
98.557 5.64412
98.5277 5.58491
98.498 5.52322
98.4678 5.4506
98.4373 5.37557
98.4063 5.29808
98.375 5.21807
98.3429 5.13552
98.3105 5.05031
98.2774 4.95859
98.2428 4.82776
98.2067 4.69371
98.1692 4.55629
98.1311 4.41521
98.0924 4.27034
98.0521 4.09774
98.009 3.87004
97.9597 3.63227
97.9091 3.38613
97.8574 3.1335
97.8027 2.87481
97.7265 2.61803
97.6438 2.35667
97.5486 2.09334
97.506 1.77571
97.4444 1.25911
97.3605 0.661219
97.2519 0.0613926
97.0821 -0.355883
96.3918 -0.366218
96.3303 -0.716952
96.3628 -1.46568
96.3594 -2.20527
96.2868 -2.75432
96.2284 -3.00665
96.1675 -3.26047
96.1102 -3.51856
96.0643 -3.78427
96.0177 -4.05278
95.9706 -4.32311
95.9196 -4.57783
95.8669 -4.83424
95.8133 -5.09334
95.7576 -5.46419
95.7008 -5.84865
95.6563 -6.08435
95.6113 -6.31431
95.5644 -6.54464
95.5174 -6.77617
95.47 -7.00876
95.4222 -7.24241
95.375 -7.47412
95.3293 -7.67229
95.2832 -7.87079
95.2366 -8.0696
95.1894 -8.26867
95.1391 -8.46168
95.0786 -8.64342
95.0235 -8.89562
94.969 -9.16772
94.9069 -9.39343
94.8357 -9.61728
94.7364 -9.83216
94.701 -10.073
94.6502 -10.3097
94.5986 -10.548
94.5525 -10.7905
94.5061 -11.0348
94.4607 -11.3468
94.3808 -11.6813
94.2799 -12.0098
94.2369 -12.3713
94.1926 -12.7374
94.147 -13.1082
94.0999 -13.4839
94.0499 -13.8219
94.0012 -14.1522
93.9592 -14.4916
93.9162 -14.8363
93.8718 -15.1865
93.8258 -15.5423
93.7779 -15.9038
93.7286 -16.2335
93.6782 -16.46
93.6233 -16.6875
93.5445 -16.9092
93.6293 -17.1998
93.477 -17.3935
93.4509 -17.643
93.4176 -17.8927
93.3775 -18.1436
93.3479 -18.4015
93.3206 -18.6637
93.2925 -18.929
93.2648 -19.1733
93.2398 -19.2997
93.2148 -19.4269
93.1956 -19.5563
93.1764 -19.6864
93.1571 -19.8174
93.1377 -19.9492
93.1171 -20.0816
93.0959 -20.2147
93.0746 -20.3487
93.0533 -20.4816
93.0333 -20.5188
93.0133 -20.5557
92.9949 -20.5927
92.9767 -20.6294
92.9585 -20.6659
92.9401 -20.7021
92.9217 -20.738
92.9031 -20.7737
92.8844 -20.8089
92.8656 -20.8439
92.8506 -20.843
92.8355 -20.8414
92.8203 -20.8392
92.8051 -20.8365
92.7898 -20.8333
92.7744 -20.8294
92.7589 -20.8248
92.7431 -20.8196
92.727 -20.8137
92.7125 -20.7365
92.6982 -20.6469
92.6839 -20.556
92.6694 -20.4643
92.6548 -20.3716
92.6413 -20.2862
92.6309 -20.2234
92.6205 -20.1601
92.61 -20.0966
92.5995 -20.0326
92.589 -19.9683
92.5784 -19.9045
92.5678 -19.8421
92.5578 -19.7909
92.5491 -19.762
92.5404 -19.733
92.5316 -19.7039
92.5229 -19.6747
92.5141 -19.6453
92.5053 -19.6157
92.4973 -19.5768
92.4915 -19.5157
92.4856 -19.4544
92.4798 -19.393
92.4739 -19.3314
92.468 -19.2696
92.4621 -19.2077
92.4562 -19.1456
92.4503 -19.0833
92.4443 -19.0209
92.4384 -18.9583
92.4325 -18.8955
92.4265 -18.8325
92.4205 -18.7693
92.4145 -18.706
92.4106 -18.6664
92.4072 -18.6333
92.4038 -18.6002
92.4004 -18.5671
92.397 -18.5341
92.3936 -18.501
92.3901 -18.468
92.3867 -18.4349
92.3833 -18.4019
92.3799 -18.3689
92.3772 -18.3568
92.3747 -18.3479
92.3722 -18.3391
92.3696 -18.3303
92.3671 -18.3216
92.3645 -18.313
92.362 -18.3045
92.3595 -18.2961
92.3569 -18.2877
92.3544 -18.2794
92.3518 -18.2712
92.3493 -18.2631
92.3467 -18.2551
92.3442 -18.2471
92.3416 -18.2392
92.3391 -18.2314
92.3365 -18.2237
92.334 -18.2161
92.3314 -18.2085
92.3288 -18.201
92.3263 -18.1936
92.3237 -18.1863
92.3212 -18.1791
92.3186 -18.1719
92.316 -18.1649
92.3135 -18.1579
92.3109 -18.151
92.3083 -18.1441
92.3058 -18.1374
92.3032 -18.1308
92.3006 -18.1242
92.2981 -18.1177
92.2955 -18.1113
92.2929 -18.105
92.2903 -18.0988
92.2878 -18.0926
92.2852 -18.0866
92.2826 -18.0806
92.28 -18.0747
92.2775 -18.0689
92.2749 -18.0632
92.2722 -18.0576
92.2699 -18.0521
92.2676 -18.0466
92.2653 -18.0413
92.263 -18.0361
92.2607 -18.0309
92.2584 -18.0258
92.2561 -18.0208
92.2538 -18.0159
92.2515 -18.0111
92.2491 -18.0064
92.2468 -18.0018
92.2445 -17.9973
92.2422 -17.9928
92.2399 -17.9885
92.2376 -17.9842
92.2353 -17.98
92.2329 -17.976
92.2306 -17.972
92.2283 -17.9681
92.2273 -17.9644
92.2264 -17.9608
92.2254 -17.9572
92.2244 -17.9538
92.2235 -17.9505
92.2225 -17.9472
92.2216 -17.9441
92.2206 -17.941
92.2196 -17.9381
92.2186 -17.9352
92.2177 -17.9325
92.216 -17.9298
92.2143 -17.9272
92.2125 -17.9247
92.2107 -17.9223
92.2089 -17.9199
92.2071 -17.9177
92.2054 -17.9156
92.2036 -17.9136
92.2018 -17.9117
92.2 -17.9099
92.1982 -17.9082
92.1964 -17.9066
92.1946 -17.9051
92.1928 -17.9037
92.1911 -17.9024
92.1893 -17.9012
92.1875 -17.9001
92.1857 -17.8991
92.185 -17.8983
92.1847 -17.8976
92.1844 -17.897
92.184 -17.8966
92.1837 -17.8962
92.1834 -17.8959
92.183 -17.9162
92.1824 -17.9365
92.1819 -17.957
92.1814 -17.9775
92.1808 -17.9982
92.1803 -18.019
92.1797 -18.04
92.1792 -18.061
92.1786 -18.0822
92.1781 -18.1035
92.1776 -18.1249
92.177 -18.1465
92.1765 -18.1681
92.1759 -18.1899
92.1753 -18.2118
92.1748 -18.2339
92.1742 -18.256
92.1737 -18.2783
92.1731 -18.3007
92.1726 -18.3233
92.172 -18.3459
92.1714 -18.3687
92.1709 -18.3917
92.1703 -18.4147
92.1697 -18.4379
92.1692 -18.4612
92.1686 -18.4846
92.1679 -18.5181
92.167 -18.5909
92.166 -18.6637
92.1651 -18.7366
92.1639 -18.8095
92.1622 -18.8824
92.1605 -18.9554
92.1588 -19.0285
92.1571 -19.1016
92.1556 -19.1748
92.1547 -19.2481
92.1538 -19.3216
92.1529 -19.3951
92.152 -19.4686
92.1511 -19.5422
92.1502 -19.6159
92.1493 -19.6897
92.1484 -19.7635
92.1475 -19.8374
92.1466 -19.9114
92.1457 -19.9855
92.1447 -20.0596
92.1438 -20.1338
92.1429 -20.208
92.142 -20.2823
92.1411 -20.3567
92.1402 -20.4312
92.1392 -20.5057
92.1383 -20.5803
92.1374 -20.655
92.1365 -20.7297
92.1355 -20.8045
92.1346 -20.8794
92.1337 -20.9544
92.1327 -21.0294
92.1318 -21.1045
92.1309 -21.1797
92.1299 -21.2549
92.129 -21.3302
92.1281 -21.4056
92.1271 -21.481
92.1262 -21.5566
92.125 -21.6519
92.1236 -21.7609
92.1222 -21.8698
92.1208 -21.9787
92.1194 -22.0876
92.118 -22.1965
92.1166 -22.3053
92.1153 -22.4141
92.1139 -22.5229
92.1125 -22.6316
92.1111 -22.7404
92.1097 -22.8491
92.1083 -22.9578
92.1069 -23.0664
92.1055 -23.1751
92.1041 -23.2837
92.1027 -23.3922
92.1013 -23.5008
92.0999 -23.6093
92.0985 -23.7178
92.0971 -23.8263
92.0958 -23.9348
92.0944 -24.0432
92.093 -24.1516
92.0916 -24.26
92.0902 -24.3683
92.0888 -24.4767
92.0874 -24.5849
92.086 -24.6932
92.0846 -24.8015
92.0832 -24.9097
92.0818 -25.0179
92.0804 -25.126
92.079 -25.2342
92.0776 -25.3423
92.0762 -25.4504
92.0748 -25.5584
92.0735 -25.6664
92.0721 -25.7744
92.0708 -25.8824
92.0695 -25.9904
92.0681 -26.0983
92.0668 -26.2062
92.0654 -26.314
92.0641 -26.4219
92.0627 -26.5297
92.0614 -26.6374
92.06 -26.7452
92.0587 -26.8529
92.0573 -26.9606
92.056 -27.0683
92.0546 -27.1759
92.0533 -27.2835
92.0519 -27.3911
92.0506 -27.4986
92.0492 -27.6061
92.0479 -27.7136
92.0465 -27.8211
92.0451 -27.9285
92.0438 -28.0359
92.0424 -28.1432
92.0411 -28.2506
92.0397 -28.3579
92.0383 -28.4635
92.0366 -28.5655
92.0349 -28.6675
92.0333 -28.7693
92.0316 -28.8712
92.0299 -28.973
92.0282 -29.0747
92.0266 -29.1764
92.0249 -29.278
92.0232 -29.3796
92.0216 -29.4812
92.0199 -29.5827
92.0182 -29.6841
92.0165 -29.7855
92.0149 -29.8868
92.0132 -29.9881
92.0115 -30.0894
92.0099 -30.1906
92.0082 -30.2917
92.0065 -30.3928
92.0048 -30.4938
92.0032 -30.5948
92.0015 -30.6957
91.9998 -30.7966
91.9981 -30.8975
91.9965 -30.9982
91.9948 -31.099
91.9931 -31.1997
91.9914 -31.3003
91.9898 -31.4009
91.9881 -31.5014
91.9864 -31.6018
91.9847 -31.7023
91.983 -31.8026
91.9814 -31.9029
91.9797 -32.0032
91.978 -32.1034
91.9763 -32.2035
91.9747 -32.3036
91.973 -32.4037
91.9713 -32.5036
91.9696 -32.6036
91.9679 -32.7035
91.9663 -32.8033
91.9646 -32.903
91.9629 -33.0028
91.9612 -33.1024
91.9595 -33.202
91.9579 -33.3016
91.9562 -33.4011
91.9545 -33.5005
91.9528 -33.5999
91.951 -33.6875
91.9491 -33.7644
91.9472 -33.8413
91.9452 -33.9181
91.9433 -33.995
91.9414 -34.0719
91.9395 -34.1487
91.9375 -34.2256
91.9356 -34.3024
91.9337 -34.3793
91.9318 -34.4562
91.9299 -34.533
91.9279 -34.6099
91.926 -34.6867
91.9241 -34.7636
91.9222 -34.8404
91.9203 -34.9173
91.9183 -34.9942
91.9164 -35.071
91.9145 -35.1479
91.9126 -35.2247
91.9107 -35.3016
91.9087 -35.3784
91.9068 -35.4553
91.9049 -35.5321
91.903 -35.609
91.9011 -35.6859
91.8992 -35.7627
91.8972 -35.8396
91.8953 -35.9164
91.8934 -35.9933
91.8915 -36.0701
91.8896 -36.147
91.8877 -36.2238
91.8858 -36.3007
91.8838 -36.3775
91.8819 -36.4544
91.88 -36.5312
91.8781 -36.6081
91.8762 -36.6849
91.8743 -36.7618
91.8724 -36.8386
91.8705 -36.9155
91.8685 -36.9923
91.8666 -37.0692
91.8647 -37.146
91.8628 -37.2229
91.8609 -37.2997
91.859 -37.3766
91.8571 -37.4534
91.8552 -37.5303
91.8533 -37.6071
91.8514 -37.684
91.8495 -37.7608
91.8476 -37.8377
91.8456 -37.9145
91.8437 -37.9914
91.8418 -38.0682
91.8399 -38.145
91.838 -38.2219
91.8361 -38.2987
91.8342 -38.3756
91.8323 -38.4524
91.8304 -38.5293
91.8285 -38.6061
91.8266 -38.683
91.8247 -38.7598
91.8228 -38.8366
91.8209 -38.9135
91.819 -38.9903
91.8171 -39.0672
91.8152 -39.144
91.8133 -39.2209
91.8114 -39.2977
91.8096 -39.3497
91.808 -39.3795
91.8063 -39.4093
91.8047 -39.4391
91.803 -39.4689
91.8013 -39.4987
91.7997 -39.5285
91.798 -39.5583
91.7964 -39.5881
91.7947 -39.6179
91.7931 -39.6477
91.7914 -39.6775
91.7898 -39.7073
91.7881 -39.7371
91.7865 -39.7668
91.7848 -39.7966
91.7832 -39.8264
91.7815 -39.8562
91.7799 -39.886
91.7782 -39.9158
91.7766 -39.9456
91.7749 -39.9754
91.7733 -40.0052
91.7716 -40.035
91.77 -40.0648
91.7684 -40.0946
91.7667 -40.1244
91.7651 -40.1542
91.7634 -40.184
91.7618 -40.2138
91.7601 -40.2436
91.7585 -40.2734
91.7568 -40.3032
91.7552 -40.3329
91.7535 -40.3627
91.7519 -40.3925
91.7503 -40.4223
91.7486 -40.4521
91.747 -40.4819
91.7453 -40.5117
91.7437 -40.5415
91.7421 -40.5713
91.7404 -40.6011
91.7388 -40.6309
91.7371 -40.6607
91.7355 -40.6905
91.7338 -40.7203
91.7322 -40.75
91.7305 -40.7798
91.7289 -40.8096
91.7272 -40.8394
91.7258 -40.8436
91.7245 -40.8338
91.7232 -40.824
91.7218 -40.8142
91.7205 -40.8045
91.7192 -40.7947
91.7179 -40.7849
91.7166 -40.7751
91.7153 -40.7654
91.7139 -40.7556
91.7126 -40.7458
91.7113 -40.736
91.71 -40.7263
91.7087 -40.7165
91.7074 -40.7067
91.7061 -40.697
91.7047 -40.6872
91.7034 -40.6774
91.7021 -40.6676
91.7008 -40.6579
91.6995 -40.6481
91.6982 -40.6383
91.6969 -40.6285
91.6956 -40.6188
91.6943 -40.609
91.6929 -40.5992
91.6916 -40.5894
91.6903 -40.5797
91.689 -40.5699
91.6877 -40.5601
91.6864 -40.5504
91.6851 -40.5406
91.6838 -40.5308
91.6825 -40.521
91.6812 -40.5113
91.6799 -40.5015
91.6786 -40.4917
91.6772 -40.4819
91.6759 -40.4722
91.6746 -40.4624
91.6733 -40.4526
91.672 -40.4429
91.6707 -40.4331
91.6694 -40.4233
91.6681 -40.4135
91.6668 -40.4038
91.6655 -40.394
91.6642 -40.3842
91.6629 -40.3745
91.6616 -40.3647
91.6603 -40.3549
91.659 -40.3451
91.6577 -40.3354
91.6564 -40.3256
91.6551 -40.3158
91.6538 -40.306
91.6525 -40.2963
91.6512 -40.2865
91.6499 -40.2767
91.6486 -40.267
91.6473 -40.2572
91.646 -40.2474
91.6447 -40.2376
91.6434 -40.2264
91.6426 -40.2037
91.6417 -40.181
91.6409 -40.1583
91.64 -40.1356
91.6392 -40.1129
91.6383 -40.0902
91.6375 -40.0675
91.6366 -40.0448
91.6358 -40.0221
91.6349 -39.9994
91.6341 -39.9767
91.6332 -39.954
91.6324 -39.9313
91.6315 -39.9086
91.6307 -39.8859
91.6298 -39.8632
91.629 -39.8405
91.6281 -39.8178
91.6273 -39.7951
91.6264 -39.7724
91.6256 -39.7497
91.6247 -39.727
91.6239 -39.7043
91.623 -39.6816
91.6222 -39.6589
91.6213 -39.6362
91.6205 -39.6135
91.6196 -39.5908
91.6188 -39.5681
91.618 -39.5454
91.6171 -39.5227
91.6163 -39.5
91.6154 -39.4773
91.6146 -39.4546
91.6137 -39.4319
91.6129 -39.4092
91.6121 -39.3865
91.6112 -39.3638
91.6104 -39.3411
91.6095 -39.3184
91.6087 -39.2957
91.6079 -39.273
91.607 -39.2503
91.6062 -39.2276
91.6057 -39.2166
91.6052 -39.2071
91.6047 -39.1976
91.6043 -39.1881
91.6038 -39.1785
91.6033 -39.169
91.6029 -39.1595
91.6024 -39.15
91.6019 -39.1405
91.6015 -39.131
91.601 -39.1214
91.6005 -39.1119
91.6001 -39.1024
91.5996 -39.0929
91.5991 -39.0834
91.5987 -39.0739
91.5982 -39.0644
91.5978 -39.0548
91.5973 -39.0453
91.5968 -39.0358
91.5964 -39.0263
91.5959 -39.0168
91.5955 -39.0073
91.595 -38.9978
91.5945 -38.9882
91.5941 -38.9787
91.5936 -38.9692
91.5932 -38.9597
91.5927 -38.9502
91.5922 -38.9407
91.5918 -38.9311
91.5914 -38.9294
91.5911 -38.9293
91.5907 -38.9292
91.5904 -38.9292
91.5901 -38.9291
91.5897 -38.929
91.5894 -38.929
91.5891 -38.9289
91.5887 -38.9288
91.5884 -38.9288
91.588 -38.9287
91.5877 -38.9286
91.5874 -38.9286
91.587 -38.9285
91.5867 -38.9284
91.5864 -38.9284
91.586 -38.9283
91.5857 -38.9282
91.5854 -38.9281
91.585 -38.9281
91.5847 -38.928
91.5844 -38.9279
91.584 -38.9279
91.5837 -38.9278
91.5834 -38.9277
91.583 -38.9277
91.5827 -38.9276
91.5824 -38.9275
91.582 -38.9275
91.5817 -38.9274
91.5814 -38.9273
91.581 -38.9273
91.5807 -38.9272
91.5804 -38.9271
91.5801 -38.9271
91.5797 -38.927
91.5794 -38.9269
91.5791 -38.9269
91.5787 -38.9268
91.5784 -38.9267
91.5781 -38.9267
91.5778 -38.9266
91.5774 -38.9265
91.5771 -38.9265
91.5768 -38.9264
91.5765 -38.9263
91.5761 -38.9263
91.5758 -38.9262
91.5755 -38.9261
91.5752 -38.9261
91.5748 -38.926
91.5745 -38.9259
91.5742 -38.9259
91.5739 -38.9258
91.5735 -38.9257
91.5732 -38.9257
91.5729 -38.9256
91.5726 -38.9255
91.5723 -38.9255
91.5719 -38.9254
91.5716 -38.9253
91.5713 -38.9253
91.571 -38.9252
91.5707 -38.9251
91.5703 -38.9251
91.57 -38.925
91.5697 -38.9249
91.5694 -38.9249
91.5691 -38.9248
91.5687 -38.9247
91.5684 -38.9247
91.5681 -38.9246
91.5678 -38.9245
91.5675 -38.9245
91.5672 -38.9244
91.5668 -38.9243
91.5665 -38.9243
91.5662 -38.9242
91.5659 -38.9241
91.5656 -38.9241
91.5653 -38.924
91.5649 -38.9239
91.5646 -38.9239
91.5643 -38.9238
91.564 -38.9237
91.5637 -38.9237
91.5634 -38.9236
91.5631 -38.9235
91.5628 -38.9235
91.5624 -38.9234
91.5621 -38.9233
91.5618 -38.9233
91.5615 -38.9232
91.5612 -38.9231
91.5609 -38.9231
91.5606 -38.923
91.5603 -38.9229
91.56 -38.9229
91.5596 -38.9228
91.5593 -38.9227
91.559 -38.9227
91.5587 -38.9226
91.5584 -38.9225
91.5581 -38.9225
91.5578 -38.9224
91.5575 -38.9223
91.5572 -38.9223
91.5569 -38.9222
91.5566 -38.9221
91.5563 -38.9221
91.556 -38.922
91.5557 -38.9219
91.5554 -38.9219
91.555 -38.9218
91.5547 -38.9217
91.5544 -38.9217
91.5541 -38.9216
91.5538 -38.9215
91.5535 -38.9215
91.5532 -38.9214
91.5529 -38.9213
91.5526 -38.9213
91.5523 -38.9212
91.552 -38.9211
91.5517 -38.9211
91.5514 -38.921
91.5511 -38.9209
91.5508 -38.9209
91.5505 -38.9208
91.5502 -38.9207
91.5499 -38.9207
91.5496 -38.9206
91.5493 -38.9205
91.549 -38.9205
91.5487 -38.9204
91.5484 -38.9203
91.5481 -38.9203
91.5478 -38.9202
91.5475 -38.9201
91.5472 -38.9201
91.5469 -38.92
91.5467 -38.9199
91.5464 -38.9199
91.5461 -38.9198
91.5458 -38.9197
91.5455 -38.9197
91.5452 -38.9196
91.5449 -38.9195
91.5446 -38.9195
91.5443 -38.9194
91.544 -38.9194
91.5437 -38.9193
91.5434 -38.9192
91.5431 -38.9192
91.5428 -38.9191
91.5425 -38.919
91.5423 -38.919
91.542 -38.9189
91.5417 -38.9188
91.5414 -38.9188
91.5411 -38.9187
91.5408 -38.9186
91.5405 -38.9186
91.5402 -38.9185
91.5399 -38.9184
91.5397 -38.9184
91.5394 -38.9183
91.5391 -38.9182
91.5388 -38.9182
91.5385 -38.9181
91.5382 -38.918
91.5379 -38.918
91.5376 -38.9179
91.5374 -38.9178
91.5371 -38.9178
91.5368 -38.9177
91.5365 -38.9176
91.5362 -38.9176
91.5359 -38.9175
91.5356 -38.9175
91.5354 -38.9174
91.5351 -38.9173
91.5348 -38.9173
91.5345 -38.9172
91.5342 -38.9171
91.534 -38.9171
91.5337 -38.917
91.5334 -38.9169
91.5331 -38.9169
91.5328 -38.9168
91.5325 -38.9167
91.5323 -38.9167
91.532 -38.9166
91.5317 -38.9165
91.5314 -38.9165
91.5312 -38.9164
91.5309 -38.9163
91.5306 -38.9163
91.5303 -38.9162
91.53 -38.9162
91.5298 -38.9161
91.5295 -38.916
91.5292 -38.916
91.5289 -38.9159
91.5287 -38.9158
91.5284 -38.9158
91.5281 -38.9157
91.5278 -38.9156
91.5276 -38.9156
91.5273 -38.9155
91.527 -38.9154
91.5267 -38.9154
91.5265 -38.9153
91.5262 -38.9152
91.5259 -38.9152
91.5256 -38.9151
91.5254 -38.915
91.5251 -38.915
91.5248 -38.9149
91.5246 -38.9149
91.5243 -38.9148
91.524 -38.9147
91.5237 -38.9147
91.5235 -38.9146
91.5232 -38.9145
91.5229 -38.9145
91.5227 -38.9144
91.5224 -38.9143
91.5221 -38.9143
91.5219 -38.9142
91.5216 -38.9141
91.5213 -38.9141
91.521 -38.914
91.5208 -38.9139
91.5205 -38.9139
91.5202 -38.9138
91.52 -38.9138
91.5197 -38.9137
91.5194 -38.9136
91.5192 -38.9136
91.5189 -38.9135
91.5186 -38.9134
91.5184 -38.9134
91.5181 -38.9133
91.5178 -38.9132
91.5176 -38.9132
91.5173 -38.9131
91.517 -38.913
91.5168 -38.913
91.5165 -38.9129
91.5162 -38.9128
91.516 -38.9128
91.5157 -38.9127
91.5154 -38.9127
91.5152 -38.9126
91.5149 -38.9125
91.5146 -38.9125
91.5144 -38.9124
91.5141 -38.9123
91.5139 -38.9123
91.5136 -38.9122
91.5133 -38.9121
91.5131 -38.9121
91.5128 -38.912
91.5125 -38.9119
91.5123 -38.9119
91.512 -38.9118
91.5118 -38.9118
91.5115 -38.9117
91.5112 -38.9116
91.511 -38.9116
91.5107 -38.9115
91.5105 -38.9114
91.5102 -38.9114
91.51 -38.9113
91.5097 -38.9112
91.5094 -38.9112
91.5092 -38.9111
91.5089 -38.911
91.5087 -38.911
91.5084 -38.9109
91.5082 -38.9109
91.5079 -38.9108
91.5076 -38.9107
91.5074 -38.9107
91.5071 -38.9106
91.5069 -38.9105
91.5066 -38.9105
91.5064 -38.9104
91.5061 -38.9103
91.5059 -38.9103
91.5056 -38.9102
91.5054 -38.9102
91.5051 -38.9101
91.5049 -38.91
91.5046 -38.91
91.5044 -38.9099
91.5041 -38.9098
91.5039 -38.9098
91.5036 -38.9097
91.5034 -38.9096
91.5031 -38.9096
91.5029 -38.9095
91.5026 -38.9095
91.5024 -38.9094
91.5021 -38.9093
91.5019 -38.9093
91.5016 -38.9092
91.5014 -38.9091
91.5011 -38.9091
91.5009 -38.909
91.5006 -38.9089
91.5004 -38.9089
91.5001 -38.9088
91.4999 -38.9088
91.4997 -38.9087
91.4994 -38.9086
91.4992 -38.9086
91.4989 -38.9085
91.4987 -38.9084
91.4984 -38.9084
91.4982 -38.9083
91.4979 -38.9082
91.4977 -38.9082
91.4975 -38.9081
91.4972 -38.9081
91.497 -38.908
91.4967 -38.9079
91.4965 -38.9079
91.4963 -38.9078
91.496 -38.9077
91.4958 -38.9077
91.4955 -38.9076
91.4953 -38.9075
91.4951 -38.9075
91.4948 -38.9074
91.4946 -38.9074
91.4943 -38.9073
91.4941 -38.9072
91.4939 -38.9072
91.4936 -38.9071
91.4934 -38.907
91.4932 -38.907
91.4929 -38.9069
91.4927 -38.9068
91.4925 -38.9068
91.4922 -38.9067
91.492 -38.9067
91.4917 -38.9066
91.4915 -38.9065
91.4913 -38.9065
91.491 -38.9064
91.4908 -38.9063
91.4906 -38.9063
91.4903 -38.9062
91.4901 -38.9062
91.4899 -38.9061
91.4896 -38.906
91.4894 -38.906
91.4892 -38.9059
91.489 -38.9058
91.4887 -38.9058
91.4885 -38.9057
91.4883 -38.9057
91.488 -38.9056
91.4878 -38.9055
91.4876 -38.9055
91.4873 -38.9054
91.4871 -38.9053
91.4869 -38.9053
91.4867 -38.9052
91.4864 -38.9051
91.4862 -38.9051
91.486 -38.905
91.4858 -38.905
91.4855 -38.9049
91.4853 -38.9048
91.4851 -38.9048
91.4848 -38.9047
91.4846 -38.9046
91.4844 -38.9046
91.4842 -38.9045
91.4839 -38.9045
91.4837 -38.9044
91.4835 -38.9043
91.4833 -38.9043
91.4831 -38.9042
91.4828 -38.9041
91.4826 -38.9041
91.4824 -38.904
91.4822 -38.904
91.4819 -38.9039
91.4817 -38.9038
91.4815 -38.9038
91.4813 -38.9037
91.4811 -38.9036
91.4808 -38.9036
91.4806 -38.9035
91.4804 -38.9035
91.4802 -38.9034
91.48 -38.9033
91.4797 -38.9033
91.4795 -38.9032
91.4793 -38.9031
91.4791 -38.9031
91.4789 -38.903
91.4787 -38.903
91.4784 -38.9029
91.4782 -38.9028
91.478 -38.9028
91.4778 -38.9027
91.4776 -38.9026
91.4774 -38.9026
91.4772 -38.9025
91.4769 -38.9025
91.4767 -38.9024
91.4765 -38.9023
91.4763 -38.9023
91.4761 -38.9022
91.4759 -38.9021
91.4757 -38.9021
91.4754 -38.902
91.4752 -38.902
91.475 -38.9019
91.4748 -38.9018
91.4746 -38.9018
91.4744 -38.9017
91.4742 -38.9017
91.474 -38.9016
91.4738 -38.9015
91.4736 -38.9015
91.4733 -38.9014
91.4731 -38.9013
91.4729 -38.9013
91.4727 -38.9012
91.4725 -38.9012
91.4723 -38.9011
91.4721 -38.901
91.4719 -38.901
91.4717 -38.9009
91.4715 -38.9008
91.4713 -38.9008
91.4711 -38.9007
91.4709 -38.9007
91.4707 -38.9006
91.4705 -38.9005
91.4702 -38.9005
91.47 -38.9004
91.4698 -38.9004
91.4696 -38.9003
91.4694 -38.9002
91.4692 -38.9002
91.469 -38.9001
91.4688 -38.9
91.4686 -38.9
91.4684 -38.8999
91.4682 -38.8999
91.468 -38.8998
91.4678 -38.8997
91.4676 -38.8997
91.4674 -38.8996
91.4672 -38.8996
91.467 -38.8995
91.4668 -38.8994
91.4666 -38.8994
91.4664 -38.8993
91.4662 -38.8992
91.466 -38.8992
91.4658 -38.8991
91.4656 -38.8991
91.4654 -38.899
91.4652 -38.8989
91.465 -38.8989
91.4648 -38.8988
91.4647 -38.8988
91.4645 -38.8987
91.4643 -38.8986
91.4641 -38.8986
91.4639 -38.8985
91.4637 -38.8984
91.4635 -38.8984
91.4633 -38.8983
91.4631 -38.8983
91.4629 -38.8982
91.4627 -38.8981
91.4625 -38.8981
91.4623 -38.898
91.4621 -38.898
91.4619 -38.8979
91.4618 -38.8978
91.4616 -38.8978
91.4614 -38.8977
91.4612 -38.8976
91.461 -38.8976
91.4608 -38.8975
91.4606 -38.8975
91.4604 -38.8974
91.4602 -38.8973
91.46 -38.8973
91.4599 -38.8972
91.4597 -38.8972
91.4595 -38.8971
91.4593 -38.897
91.4591 -38.897
91.4589 -38.8969
91.4587 -38.8969
91.4586 -38.8968
91.4584 -38.8967
91.4582 -38.8967
91.458 -38.8966
91.4578 -38.8966
91.4576 -38.8965
91.4574 -38.8964
91.4573 -38.8964
91.4571 -38.8963
91.4569 -38.8962
91.4567 -38.8962
91.4565 -38.8961
91.4563 -38.8961
91.4562 -38.896
91.456 -38.8959
91.4558 -38.8959
91.4556 -38.8958
91.4554 -38.8958
91.4553 -38.8957
91.4551 -38.8956
91.4549 -38.8956
91.4547 -38.8955
91.4545 -38.8955
91.4544 -38.8954
91.4542 -38.8953
91.454 -38.8953
91.4538 -38.8952
91.4537 -38.8952
91.4535 -38.8951
91.4533 -38.895
91.4531 -38.895
91.4529 -38.8949
91.4528 -38.8949
91.4526 -38.8948
91.4524 -38.8947
91.4522 -38.8947
91.4521 -38.8946
91.4519 -38.8945
91.4517 -38.8945
91.4516 -38.8944
91.4514 -38.8944
91.4512 -38.8943
91.451 -38.8942
91.4509 -38.8942
91.4507 -38.8941
91.4505 -38.8941
91.4503 -38.894
91.4502 -38.8939
91.45 -38.8939
91.4498 -38.8938
91.4497 -38.8938
91.4495 -38.8937
91.4493 -38.8936
91.4492 -38.8936
91.449 -38.8935
91.4488 -38.8935
91.4486 -38.8934
91.4485 -38.8933
91.4483 -38.8933
91.4481 -38.8932
91.448 -38.8932
91.4478 -38.8931
91.4476 -38.893
91.4475 -38.893
91.4473 -38.8929
91.4471 -38.8929
91.447 -38.8928
91.4468 -38.8927
91.4466 -38.8927
91.4465 -38.8926
91.4463 -38.8926
91.4462 -38.8925
91.446 -38.8924
91.4458 -38.8924
91.4457 -38.8923
91.4455 -38.8923
91.4453 -38.8922
91.4452 -38.8921
91.445 -38.8921
91.4449 -38.892
91.4447 -38.892
91.4445 -38.8919
91.4444 -38.8918
91.4442 -38.8918
91.4441 -38.8917
91.4439 -38.8917
91.4437 -38.8916
91.4436 -38.8915
91.4434 -38.8915
91.4433 -38.8914
91.4431 -38.8914
91.4429 -38.8913
91.4428 -38.8912
91.4426 -38.8912
91.4425 -38.8911
91.4423 -38.8911
91.4422 -38.891
91.442 -38.8909
91.4419 -38.8909
91.4417 -38.8908
91.4415 -38.8908
91.4414 -38.8907
91.4412 -38.8906
91.4411 -38.8906
91.4409 -38.8905
91.4408 -38.8905
91.4406 -38.8904
91.4405 -38.8904
91.4403 -38.8903
91.4402 -38.8902
91.44 -38.8902
91.4399 -38.8901
91.4397 -38.8901
91.4396 -38.89
91.4394 -38.8899
91.4393 -38.8899
91.4391 -38.8898
91.439 -38.8898
91.4388 -38.8897
91.4387 -38.8896
91.4385 -38.8896
91.4384 -38.8895
91.4382 -38.8895
91.4381 -38.8894
91.4379 -38.8893
91.4378 -38.8893
91.4376 -38.8892
91.4375 -38.8892
91.4373 -38.8891
91.4372 -38.889
91.437 -38.889
91.4369 -38.8889
91.4368 -38.8889
91.4366 -38.8888
91.4365 -38.8888
91.4363 -38.8887
91.4362 -38.8886
91.436 -38.8886
91.4359 -38.8885
91.4357 -38.8885
91.4356 -38.8884
91.4355 -38.8883
91.4353 -38.8883
91.4352 -38.8882
91.435 -38.8882
91.4349 -38.8881
91.4348 -38.888
91.4346 -38.888
91.4345 -38.8879
91.4343 -38.8879
91.4342 -38.8878
91.4341 -38.8877
91.4339 -38.8877
91.4338 -38.8876
91.4336 -38.8876
91.4335 -38.8875
91.4334 -38.8875
91.4332 -38.8874
91.4331 -38.8873
91.433 -38.8873
91.4328 -38.8872
91.4327 -38.8872
91.4325 -38.8871
91.4324 -38.887
91.4323 -38.887
91.4321 -38.8869
91.432 -38.8869
91.4319 -38.8868
91.4317 -38.8867
91.4316 -38.8867
91.4315 -38.8866
91.4313 -38.8866
91.4312 -38.8865
91.4311 -38.8865
91.4309 -38.8864
91.4308 -38.8863
91.4307 -38.8863
91.4305 -38.8862
91.4304 -38.8862
91.4303 -38.8861
91.4302 -38.886
91.43 -38.886
91.4299 -38.8859
91.4298 -38.8859
91.4296 -38.8858
91.4295 -38.8858
91.4294 -38.8857
91.4293 -38.8856
91.4291 -38.8856
91.429 -38.8855
91.4289 -38.8855
91.4287 -38.8854
91.4286 -38.8853
91.4285 -38.8853
91.4284 -38.8852
91.4282 -38.8852
91.4281 -38.8851
91.428 -38.8851
91.4279 -38.885
91.4277 -38.8849
91.4276 -38.8849
91.4275 -38.8848
91.4274 -38.8848
91.4272 -38.8847
91.4271 -38.8846
91.427 -38.8846
91.4269 -38.8845
91.4268 -38.8845
91.4266 -38.8844
91.4265 -38.8844
91.4264 -38.8843
91.4263 -38.8842
91.4262 -38.8842
91.426 -38.8841
91.4259 -38.8841
91.4258 -38.884
91.4257 -38.8839
91.4256 -38.8839
91.4254 -38.8838
91.4253 -38.8838
91.4252 -38.8837
91.4251 -38.8837
91.425 -38.8836
91.4249 -38.8835
91.4247 -38.8835
91.4246 -38.8834
91.4245 -38.8834
91.4244 -38.8833
91.4243 -38.8833
91.4242 -38.8832
91.424 -38.8831
91.4239 -38.8831
91.4238 -38.883
91.4237 -38.883
91.4236 -38.8829
91.4235 -38.8828
91.4234 -38.8828
91.4232 -38.8827
91.4231 -38.8827
91.423 -38.8826
91.4229 -38.8826
91.4228 -38.8825
91.4227 -38.8824
91.4226 -38.8824
91.4225 -38.8823
91.4224 -38.8823
91.4222 -38.8822
91.4221 -38.8822
91.422 -38.8821
91.4219 -38.882
91.4218 -38.882
91.4217 -38.8819
91.4216 -38.8819
91.4215 -38.8818
91.4214 -38.8818
91.4213 -38.8817
91.4212 -38.8816
91.4211 -38.8816
91.421 -38.8815
91.4208 -38.8815
91.4207 -38.8814
91.4206 -38.8814
91.4205 -38.8813
91.4204 -38.8812
91.4203 -38.8812
91.4202 -38.8811
91.4201 -38.8811
91.42 -38.881
91.4199 -38.8809
91.4198 -38.8809
91.4197 -38.8808
91.4196 -38.8808
91.4195 -38.8807
91.4194 -38.8807
91.4193 -38.8806
91.4192 -38.8805
91.4191 -38.8805
91.419 -38.8804
91.4189 -38.8804
91.4188 -38.8803
91.4187 -38.8803
91.4186 -38.8802
91.4185 -38.8801
91.4184 -38.8801
91.4183 -38.88
91.4182 -38.88
91.4181 -38.8799
91.418 -38.8799
91.4179 -38.8798
91.4178 -38.8797
91.4177 -38.8797
91.4176 -38.8796
91.4175 -38.8796
91.4174 -38.8795
91.4173 -38.8795
91.4172 -38.8794
91.4172 -38.8794
91.4171 -38.8793
91.417 -38.8792
91.4169 -38.8792
91.4168 -38.8791
91.4167 -38.8791
91.4166 -38.879
91.4165 -38.879
91.4164 -38.8789
91.4163 -38.8788
91.4162 -38.8788
91.4161 -38.8787
91.416 -38.8787
91.416 -38.8786
91.4159 -38.8786
91.4158 -38.8785
91.4157 -38.8784
91.4156 -38.8784
91.4155 -38.8783
91.4154 -38.8783
91.4153 -38.8782
91.4152 -38.8782
91.4152 -38.8781
91.4151 -38.878
91.415 -38.878
91.4149 -38.8779
91.4148 -38.8779
91.4147 -38.8778
91.4146 -38.8778
91.4145 -38.8777
91.4145 -38.8776
91.4144 -38.8776
91.4143 -38.8775
91.4142 -38.8775
91.4141 -38.8774
91.414 -38.8774
91.414 -38.8773
91.4139 -38.8773
91.4138 -38.8772
91.4137 -38.8771
91.4136 -38.8771
91.4135 -38.877
91.4135 -38.877
91.4134 -38.8769
91.4133 -38.8769
91.4132 -38.8768
91.4131 -38.8767
91.4131 -38.8767
91.413 -38.8766
91.4129 -38.8766
91.4128 -38.8765
91.4127 -38.8765
91.4127 -38.8764
91.4126 -38.8764
91.4125 -38.8763
91.4124 -38.8762
91.4124 -38.8762
91.4123 -38.8761
91.4122 -38.8761
91.4121 -38.876
91.4121 -38.876
91.412 -38.8759
91.4119 -38.8758
91.4118 -38.8758
91.4118 -38.8757
91.4117 -38.8757
91.4116 -38.8756
91.4115 -38.8756
91.4115 -38.8755
91.4114 -38.8755
91.4113 -38.8754
91.4112 -38.8753
91.4112 -38.8753
91.4111 -38.8752
91.411 -38.8752
91.411 -38.8751
91.4109 -38.8751
91.4108 -38.875
91.4107 -38.8749
91.4107 -38.8749
91.4106 -38.8748
91.4105 -38.8748
91.4105 -38.8747
91.4104 -38.8747
91.4103 -38.8746
91.4103 -38.8746
91.4102 -38.8745
91.4101 -38.8744
91.4101 -38.8744
91.41 -38.8743
91.4099 -38.8743
91.4099 -38.8742
91.4098 -38.8742
91.4097 -38.8741
91.4097 -38.8741
91.4096 -38.874
91.4095 -38.8739
91.4095 -38.8739
91.4094 -38.8738
91.4093 -38.8738
91.4093 -38.8737
91.4092 -38.8737
91.4091 -38.8736
91.4091 -38.8736
91.409 -38.8735
91.409 -38.8734
91.4089 -38.8734
91.4088 -38.8733
91.4088 -38.8733
91.4087 -38.8732
91.4087 -38.8732
91.4086 -38.8731
91.4085 -38.8731
91.4085 -38.873
91.4084 -38.8729
91.4084 -38.8729
91.4083 -38.8728
91.4082 -38.8728
91.4082 -38.8727
91.4081 -38.8727
91.4081 -38.8726
91.408 -38.8726
91.4079 -38.8725
91.4079 -38.8724
91.4078 -38.8724
91.4078 -38.8723
91.4077 -38.8723
91.4077 -38.8722
91.4076 -38.8722
91.4076 -38.8721
91.4075 -38.8721
91.4075 -38.872
91.4074 -38.8719
91.4073 -38.8719
91.4073 -38.8718
91.4072 -38.8718
91.4072 -38.8717
91.4071 -38.8717
91.4071 -38.8716
91.407 -38.8716
91.407 -38.8715
91.4069 -38.8715
91.4069 -38.8714
91.4068 -38.8713
91.4068 -38.8713
91.4067 -38.8712
91.4067 -38.8712
91.4066 -38.8711
91.4066 -38.8711
91.4065 -38.871
91.4065 -38.871
91.4064 -38.8709
91.4064 -38.8708
91.4063 -38.8708
91.4063 -38.8707
91.4062 -38.8707
91.4062 -38.8706
91.4062 -38.8706
91.4061 -38.8705
91.4061 -38.8705
91.406 -38.8704
91.406 -38.8704
91.4059 -38.8703
91.4059 -38.8702
91.4058 -38.8702
91.4058 -38.8701
91.4058 -38.8701
91.4057 -38.87
91.4057 -38.87
91.4056 -38.8699
91.4056 -38.8699
91.4055 -38.8698
91.4055 -38.8698
91.4055 -38.8697
91.4054 -38.8696
91.4054 -38.8696
91.4053 -38.8695
91.4053 -38.8695
91.4053 -38.8694
91.4052 -38.8694
91.4052 -38.8693
91.4051 -38.8693
91.4051 -38.8692
91.4051 -38.8691
91.405 -38.8691
91.405 -38.869
91.405 -38.869
91.4049 -38.8689
91.4049 -38.8689
91.4048 -38.8688
91.4048 -38.8688
91.4048 -38.8687
91.4047 -38.8687
91.4047 -38.8686
91.4047 -38.8686
91.4046 -38.8685
91.4046 -38.8684
91.4046 -38.8684
91.4045 -38.8683
91.4045 -38.8683
91.4045 -38.8682
91.4044 -38.8682
91.4044 -38.8681
91.4044 -38.8681
91.4043 -38.868
91.4043 -38.868
91.4043 -38.8679
91.4042 -38.8678
91.4042 -38.8678
91.4042 -38.8677
91.4042 -38.8677
91.4041 -38.8676
91.4041 -38.8676
91.4041 -38.8675
91.404 -38.8675
91.404 -38.8674
91.404 -38.8674
91.404 -38.8673
91.4039 -38.8672
91.4039 -38.8672
91.4039 -38.8671
91.4038 -38.8671
91.4038 -38.867
91.4038 -38.867
91.4038 -38.8669
91.4037 -38.8669
91.4037 -38.8668
91.4037 -38.8668
91.4037 -38.8667
91.4036 -38.8667
91.4036 -38.8666
91.4036 -38.8665
91.4036 -38.8665
91.4036 -38.8664
91.4035 -38.8664
91.4035 -38.8663
91.4035 -38.8663
91.4035 -38.8662
91.4034 -38.8662
91.4034 -38.8661
91.4034 -38.8661
91.4034 -38.866
91.4034 -38.866
91.4033 -38.8659
91.4033 -38.8658
91.4033 -38.8658
91.4033 -38.8657
91.4033 -38.8657
91.4033 -38.8656
91.4032 -38.8656
91.4032 -38.8655
91.4032 -38.8655
91.4032 -38.8654
91.4032 -38.8654
91.4031 -38.8653
91.4031 -38.8653
91.4031 -38.8652
91.4031 -38.8651
91.4031 -38.8651
91.4031 -38.865
91.4031 -38.865
91.403 -38.8649
91.403 -38.8649
91.403 -38.8648
91.403 -38.8648
91.403 -38.8647
91.403 -38.8647
91.403 -38.8646
91.403 -38.8646
91.4029 -38.8645
91.4029 -38.8645
91.4029 -38.8644
91.4029 -38.8643
91.4029 -38.8643
91.4029 -38.8642
91.4029 -38.8642
91.4029 -38.8641
91.4029 -38.8641
91.4029 -38.864
91.4028 -38.864
91.4028 -38.8639
91.4028 -38.8639
91.4028 -38.8638
91.4028 -38.8638
91.4028 -38.8637
91.4028 -38.8637
91.4028 -38.8636
91.4028 -38.8635
91.4028 -38.8635
91.4028 -38.8634
91.4028 -38.8634
91.4028 -38.8633
91.4028 -38.8633
91.4028 -38.8632
91.4028 -38.8632
91.4027 -38.8631
91.4027 -38.8631
91.4027 -38.863
91.4027 -38.863
91.4027 -38.8629
91.4027 -38.8629
91.4027 -38.8628
91.4027 -38.8628
91.4027 -38.8627
91.4027 -38.8626
91.4027 -38.8626
91.4027 -38.8625
91.4027 -38.8625
91.4027 -38.8624
91.4027 -38.8624
91.4027 -38.8623
91.4027 -38.8623
91.4027 -38.8622
91.4027 -38.8622
91.4027 -38.8621
91.4027 -38.8621
91.4027 -38.862
91.4027 -38.862
91.4027 -38.8619
91.4028 -38.8619
91.4028 -38.8618
91.4028 -38.8617
91.4028 -38.8617
91.4028 -38.8616
91.4028 -38.8616
91.4028 -38.8615
91.4028 -38.8615
91.4028 -38.8614
91.4028 -38.8614
91.4028 -38.8613
91.4028 -38.8613
91.4028 -38.8612
91.4028 -38.8612
91.4028 -38.8611
91.4028 -38.8611
91.4029 -38.861
91.4029 -38.861
91.4029 -38.8609
91.4029 -38.8609
91.4029 -38.8608
91.4029 -38.8607
91.4029 -38.8607
91.4029 -38.8606
91.4029 -38.8606
91.4029 -38.8605
91.403 -38.8605
91.403 -38.8604
91.403 -38.8604
91.403 -38.8603
91.403 -38.8603
91.403 -38.8602
91.403 -38.8602
91.403 -38.8601
91.4031 -38.8601
91.4031 -38.86
91.4031 -38.86
91.4031 -38.8599
91.4031 -38.8599
91.4031 -38.8598
91.4032 -38.8598
91.4032 -38.8597
91.4032 -38.8596
91.4032 -38.8596
91.4032 -38.8595
91.4032 -38.8595
91.4033 -38.8594
91.4033 -38.8594
91.4033 -38.8593
91.4033 -38.8593
91.4033 -38.8592
91.4034 -38.8592
91.4034 -38.8591
91.4034 -38.8591
91.4034 -38.859
91.4034 -38.859
91.4035 -38.8589
91.4035 -38.8589
91.4035 -38.8588
91.4035 -38.8588
91.4035 -38.8587
91.4036 -38.8587
91.4036 -38.8586
91.4036 -38.8586
91.4036 -38.8585
91.4037 -38.8584
91.4037 -38.8584
91.4037 -38.8583
91.4037 -38.8583
91.4038 -38.8582
91.4038 -38.8582
91.4038 -38.8581
91.4038 -38.8581
91.4039 -38.858
91.4039 -38.858
91.4039 -38.8579
91.4039 -38.8579
91.404 -38.8578
91.404 -38.8578
91.404 -38.8577
91.404 -38.8577
91.4041 -38.8576
91.4041 -38.8576
91.4041 -38.8575
91.4042 -38.8575
91.4042 -38.8574
91.4042 -38.8574
91.4043 -38.8573
91.4043 -38.8573
91.4043 -38.8572
91.4043 -38.8572
91.4044 -38.8571
91.4044 -38.857
91.4044 -38.857
91.4045 -38.8569
91.4045 -38.8569
91.4045 -38.8568
91.4046 -38.8568
91.4046 -38.8567
91.4046 -38.8567
91.4047 -38.8566
91.4047 -38.8566
91.4047 -38.8565
91.4048 -38.8565
91.4048 -38.8564
91.4049 -38.8564
91.4049 -38.8563
91.4049 -38.8563
91.405 -38.8562
91.405 -38.8562
91.405 -38.8561
91.4051 -38.8561
91.4051 -38.856
91.4052 -38.856
91.4052 -38.8559
91.4052 -38.8559
91.4053 -38.8558
91.4053 -38.8558
91.4054 -38.8557
91.4054 -38.8557
91.4054 -38.8556
91.4055 -38.8556
91.4055 -38.8555
91.4056 -38.8555
91.4056 -38.8554
91.4056 -38.8554
91.4057 -38.8553
91.4057 -38.8553
91.4058 -38.8552
91.4058 -38.8551
91.4059 -38.8551
91.4059 -38.855
91.4059 -38.855
91.406 -38.8549
91.406 -38.8549
91.4061 -38.8548
91.4061 -38.8548
91.4062 -38.8547
91.4062 -38.8547
91.4063 -38.8546
91.4063 -38.8546
91.4064 -38.8545
91.4064 -38.8545
91.4065 -38.8544
91.4065 -38.8544
91.4065 -38.8543
91.4066 -38.8543
91.4066 -38.8542
91.4067 -38.8542
91.4067 -38.8541
91.4068 -38.8541
91.4068 -38.854
91.4069 -38.854
91.4069 -38.8539
91.407 -38.8539
91.407 -38.8538
91.4071 -38.8538
91.4072 -38.8537
91.4072 -38.8537
91.4073 -38.8536
91.4073 -38.8536
91.4074 -38.8535
91.4074 -38.8535
91.4075 -38.8534
91.4075 -38.8534
91.4076 -38.8533
91.4076 -38.8533
91.4077 -38.8532
91.4077 -38.8532
91.4078 -38.8531
91.4079 -38.8531
91.4079 -38.853
91.408 -38.853
91.408 -38.8529
91.4081 -38.8529
91.4081 -38.8528
91.4082 -38.8528
91.4083 -38.8527
91.4083 -38.8527
91.4084 -38.8526
91.4084 -38.8526
91.4085 -38.8525
91.4086 -38.8525
91.4086 -38.8524
91.4087 -38.8524
91.4087 -38.8523
91.4088 -38.8523
91.4089 -38.8522
91.4089 -38.8522
91.409 -38.8521
91.409 -38.8521
91.4091 -38.852
91.4092 -38.852
91.4092 -38.8519
91.4093 -38.8519
91.4094 -38.8518
91.4094 -38.8518
91.4095 -38.8517
91.4095 -38.8516
91.4096 -38.8516
91.4097 -38.8515
91.4097 -38.8515
91.4098 -38.8514
91.4099 -38.8514
91.4099 -38.8513
91.41 -38.8513
91.4101 -38.8512
91.4101 -38.8512
91.4102 -38.8511
91.4103 -38.8511
91.4103 -38.851
91.4104 -38.851
91.4105 -38.8509
91.4106 -38.8509
91.4106 -38.8508
91.4107 -38.8508
91.4108 -38.8507
91.4108 -38.8507
91.4109 -38.8506
91.411 -38.8506
91.411 -38.8505
91.4111 -38.8505
91.4112 -38.8504
91.4113 -38.8504
91.4113 -38.8503
91.4114 -38.8503
91.4115 -38.8502
91.4116 -38.8502
91.4116 -38.8501
91.4117 -38.8501
91.4118 -38.85
91.4119 -38.85
91.4119 -38.8499
91.412 -38.8499
91.4121 -38.8498
91.4122 -38.8498
91.4122 -38.8497
91.4123 -38.8497
91.4124 -38.8496
91.4125 -38.8496
91.4125 -38.8495
91.4126 -38.8495
91.4127 -38.8495
91.4128 -38.8494
91.4129 -38.8494
91.4129 -38.8493
91.413 -38.8493
91.4131 -38.8492
91.4132 -38.8492
91.4133 -38.8491
91.4133 -38.8491
91.4134 -38.849
91.4135 -38.849
91.4136 -38.8489
91.4137 -38.8489
91.4137 -38.8488
91.4138 -38.8488
91.4139 -38.8487
91.414 -38.8487
91.4141 -38.8486
91.4142 -38.8486
91.4142 -38.8485
91.4143 -38.8485
91.4144 -38.8484
91.4145 -38.8484
91.4146 -38.8483
91.4147 -38.8483
91.4147 -38.8482
91.4148 -38.8482
91.4149 -38.8481
91.415 -38.8481
91.4151 -38.848
91.4152 -38.848
91.4153 -38.8479
91.4154 -38.8479
91.4154 -38.8478
91.4155 -38.8478
91.4156 -38.8477
91.4157 -38.8477
91.4158 -38.8476
91.4159 -38.8476
91.416 -38.8475
91.4161 -38.8475
91.4162 -38.8474
91.4163 -38.8474
91.4163 -38.8473
91.4164 -38.8473
91.4165 -38.8472
91.4166 -38.8472
91.4167 -38.8471
91.4168 -38.8471
91.4169 -38.847
91.417 -38.847
91.4171 -38.8469
91.4172 -38.8469
91.4173 -38.8468
91.4174 -38.8468
91.4175 -38.8467
91.4176 -38.8467
91.4177 -38.8466
91.4178 -38.8466
91.4178 -38.8465
91.4179 -38.8465
91.418 -38.8464
91.4181 -38.8464
91.4182 -38.8463
91.4183 -38.8463
91.4184 -38.8462
91.4185 -38.8462
91.4186 -38.8461
91.4187 -38.8461
91.4188 -38.8461
91.4189 -38.846
91.419 -38.846
91.4191 -38.8459
91.4192 -38.8459
91.4193 -38.8458
91.4194 -38.8458
91.4195 -38.8457
91.4196 -38.8457
91.4197 -38.8456
91.4198 -38.8456
91.4199 -38.8455
91.42 -38.8455
91.4201 -38.8454
91.4203 -38.8454
91.4204 -38.8453
91.4205 -38.8453
91.4206 -38.8452
91.4207 -38.8452
91.4208 -38.8451
91.4209 -38.8451
91.421 -38.845
91.4211 -38.845
91.4212 -38.8449
91.4213 -38.8449
91.4214 -38.8448
91.4215 -38.8448
91.4216 -38.8447
91.4217 -38.8447
91.4218 -38.8446
91.422 -38.8446
91.4221 -38.8445
91.4222 -38.8445
91.4223 -38.8444
91.4224 -38.8444
91.4225 -38.8443
91.4226 -38.8443
91.4227 -38.8443
91.4228 -38.8442
91.4229 -38.8442
91.4231 -38.8441
91.4232 -38.8441
91.4233 -38.844
91.4234 -38.844
91.4235 -38.8439
91.4236 -38.8439
91.4237 -38.8438
91.4238 -38.8438
91.424 -38.8437
91.4241 -38.8437
91.4242 -38.8436
91.4243 -38.8436
91.4244 -38.8435
91.4245 -38.8435
91.4246 -38.8434
91.4248 -38.8434
91.4249 -38.8433
91.425 -38.8433
91.4251 -38.8432
91.4252 -38.8432
91.4253 -38.8431
91.4255 -38.8431
91.4256 -38.843
91.4257 -38.843
91.4258 -38.8429
91.4259 -38.8429
91.4261 -38.8429
91.4262 -38.8428
91.4263 -38.8428
91.4264 -38.8427
91.4265 -38.8427
91.4267 -38.8426
91.4268 -38.8426
91.4269 -38.8425
91.427 -38.8425
91.4272 -38.8424
91.4273 -38.8424
91.4274 -38.8423
91.4275 -38.8423
91.4276 -38.8422
91.4278 -38.8422
91.4279 -38.8421
91.428 -38.8421
91.4281 -38.842
91.4283 -38.842
91.4284 -38.8419
91.4285 -38.8419
91.4286 -38.8418
91.4288 -38.8418
91.4289 -38.8418
91.429 -38.8417
91.4292 -38.8417
91.4293 -38.8416
91.4294 -38.8416
91.4295 -38.8415
91.4297 -38.8415
91.4298 -38.8414
91.4299 -38.8414
91.4301 -38.8413
91.4302 -38.8413
91.4303 -38.8412
91.4304 -38.8412
91.4306 -38.8411
91.4307 -38.8411
91.4308 -38.841
91.431 -38.841
91.4311 -38.8409
91.4312 -38.8409
91.4314 -38.8408
91.4315 -38.8408
91.4316 -38.8408
91.4318 -38.8407
91.4319 -38.8407
91.432 -38.8406
91.4322 -38.8406
91.4323 -38.8405
91.4324 -38.8405
91.4326 -38.8404
91.4327 -38.8404
91.4328 -38.8403
91.433 -38.8403
91.4331 -38.8402
91.4333 -38.8402
91.4334 -38.8401
91.4335 -38.8401
91.4337 -38.84
91.4338 -38.84
91.4339 -38.8399
91.4341 -38.8399
91.4342 -38.8399
91.4344 -38.8398
91.4345 -38.8398
91.4346 -38.8397
91.4348 -38.8397
91.4349 -38.8396
91.4351 -38.8396
91.4352 -38.8395
91.4353 -38.8395
91.4355 -38.8394
91.4356 -38.8394
91.4358 -38.8393
91.4359 -38.8393
91.4361 -38.8392
91.4362 -38.8392
91.4363 -38.8391
91.4365 -38.8391
91.4366 -38.8391
91.4368 -38.839
91.4369 -38.839
91.4371 -38.8389
91.4372 -38.8389
91.4374 -38.8388
91.4375 -38.8388
91.4376 -38.8387
91.4378 -38.8387
91.4379 -38.8386
91.4381 -38.8386
91.4382 -38.8385
91.4384 -38.8385
91.4385 -38.8384
91.4387 -38.8384
91.4388 -38.8383
91.439 -38.8383
91.4391 -38.8383
91.4393 -38.8382
91.4394 -38.8382
91.4396 -38.8381
91.4397 -38.8381
91.4399 -38.838
91.44 -38.838
91.4402 -38.8379
91.4403 -38.8379
91.4405 -38.8378
91.4406 -38.8378
91.4408 -38.8377
91.4409 -38.8377
91.4411 -38.8376
91.4413 -38.8376
91.4414 -38.8376
91.4416 -38.8375
91.4417 -38.8375
91.4419 -38.8374
91.442 -38.8374
91.4422 -38.8373
91.4423 -38.8373
91.4425 -38.8372
91.4427 -38.8372
91.4428 -38.8371
91.443 -38.8371
91.4431 -38.837
91.4433 -38.837
91.4434 -38.8369
91.4436 -38.8369
91.4438 -38.8369
91.4439 -38.8368
91.4441 -38.8368
91.4442 -38.8367
91.4444 -38.8367
91.4446 -38.8366
91.4447 -38.8366
91.4449 -38.8365
91.445 -38.8365
91.4452 -38.8364
91.4454 -38.8364
91.4455 -38.8363
91.4457 -38.8363
91.4458 -38.8362
91.446 -38.8362
91.4462 -38.8362
91.4463 -38.8361
91.4465 -38.8361
91.4467 -38.836
91.4468 -38.836
91.447 -38.8359
91.4472 -38.8359
91.4473 -38.8358
91.4475 -38.8358
91.4477 -38.8357
91.4478 -38.8357
91.448 -38.8356
91.4482 -38.8356
91.4483 -38.8356
91.4485 -38.8355
91.4487 -38.8355
91.4488 -38.8354
91.449 -38.8354
91.4492 -38.8353
91.4493 -38.8353
91.4495 -38.8352
91.4497 -38.8352
91.4498 -38.8351
91.45 -38.8351
91.4502 -38.835
91.4504 -38.835
91.4505 -38.835
91.4507 -38.8349
91.4509 -38.8349
91.451 -38.8348
91.4512 -38.8348
91.4514 -38.8347
91.4516 -38.8347
91.4517 -38.8346
91.4519 -38.8346
91.4521 -38.8345
91.4523 -38.8345
91.4524 -38.8345
91.4526 -38.8344
91.4528 -38.8344
91.453 -38.8343
91.4531 -38.8343
91.4533 -38.8342
91.4535 -38.8342
91.4537 -38.8341
91.4538 -38.8341
91.454 -38.834
91.4542 -38.834
91.4544 -38.8339
91.4546 -38.8339
91.4547 -38.8339
91.4549 -38.8338
91.4551 -38.8338
91.4553 -38.8337
91.4554 -38.8337
91.4556 -38.8336
91.4558 -38.8336
91.456 -38.8335
91.4562 -38.8335
91.4564 -38.8334
91.4565 -38.8334
91.4567 -38.8334
91.4569 -38.8333
91.4571 -38.8333
91.4573 -38.8332
91.4574 -38.8332
91.4576 -38.8331
91.4578 -38.8331
91.458 -38.833
91.4582 -38.833
91.4584 -38.8329
91.4586 -38.8329
91.4587 -38.8329
91.4589 -38.8328
91.4591 -38.8328
91.4593 -38.8327
91.4595 -38.8327
91.4597 -38.8326
91.4599 -38.8326
91.46 -38.8325
91.4602 -38.8325
91.4604 -38.8324
91.4606 -38.8324
91.4608 -38.8324
91.461 -38.8323
91.4612 -38.8323
91.4614 -38.8322
91.4616 -38.8322
91.4618 -38.8321
91.4619 -38.8321
91.4621 -38.832
91.4623 -38.832
91.4625 -38.832
91.4627 -38.8319
91.4629 -38.8319
91.4631 -38.8318
91.4633 -38.8318
91.4635 -38.8317
91.4637 -38.8317
91.4639 -38.8316
91.4641 -38.8316
91.4643 -38.8315
91.4644 -38.8315
91.4646 -38.8315
91.4648 -38.8314
91.465 -38.8314
91.4652 -38.8313
91.4654 -38.8313
91.4656 -38.8312
91.4658 -38.8312
91.466 -38.8311
91.4662 -38.8311
91.4664 -38.831
91.4666 -38.831
91.4668 -38.831
91.467 -38.8309
91.4672 -38.8309
91.4674 -38.8308
91.4676 -38.8308
91.4678 -38.8307
91.468 -38.8307
91.4682 -38.8306
91.4684 -38.8306
91.4686 -38.8306
91.4688 -38.8305
91.469 -38.8305
91.4692 -38.8304
91.4694 -38.8304
91.4696 -38.8303
91.4698 -38.8303
91.47 -38.8302
91.4702 -38.8302
91.4704 -38.8302
91.4706 -38.8301
91.4708 -38.8301
91.471 -38.83
91.4713 -38.83
91.4715 -38.8299
91.4717 -38.8299
91.4719 -38.8298
91.4721 -38.8298
91.4723 -38.8298
91.4725 -38.8297
91.4727 -38.8297
91.4729 -38.8296
91.4731 -38.8296
91.4733 -38.8295
91.4735 -38.8295
91.4737 -38.8294
91.4739 -38.8294
91.4742 -38.8294
91.4744 -38.8293
91.4746 -38.8293
91.4748 -38.8292
91.475 -38.8292
91.4752 -38.8291
91.4754 -38.8291
91.4756 -38.829
91.4758 -38.829
91.4761 -38.829
91.4763 -38.8289
91.4765 -38.8289
91.4767 -38.8288
91.4769 -38.8288
91.4771 -38.8287
91.4773 -38.8287
91.4776 -38.8286
91.4778 -38.8286
91.478 -38.8286
91.4782 -38.8285
91.4784 -38.8285
91.4786 -38.8284
91.4788 -38.8284
91.4791 -38.8283
91.4793 -38.8283
91.4795 -38.8282
91.4797 -38.8282
91.4799 -38.8282
91.4802 -38.8281
91.4804 -38.8281
91.4806 -38.828
91.4808 -38.828
91.481 -38.8279
91.4812 -38.8279
91.4815 -38.8278
91.4817 -38.8278
91.4819 -38.8278
91.4821 -38.8277
91.4824 -38.8277
91.4826 -38.8276
91.4828 -38.8276
91.483 -38.8275
91.4832 -38.8275
91.4835 -38.8275
91.4837 -38.8274
91.4839 -38.8274
91.4841 -38.8273
91.4844 -38.8273
91.4846 -38.8272
91.4848 -38.8272
91.485 -38.8271
91.4853 -38.8271
91.4855 -38.8271
91.4857 -38.827
91.4859 -38.827
91.4862 -38.8269
91.4864 -38.8269
91.4866 -38.8268
91.4868 -38.8268
91.4871 -38.8267
91.4873 -38.8267
91.4875 -38.8267
91.4878 -38.8266
91.488 -38.8266
91.4882 -38.8265
91.4884 -38.8265
91.4887 -38.8264
91.4889 -38.8264
91.4891 -38.8264
91.4894 -38.8263
91.4896 -38.8263
91.4898 -38.8262
91.4901 -38.8262
91.4903 -38.8261
91.4905 -38.8261
91.4908 -38.8261
91.491 -38.826
91.4912 -38.826
91.4915 -38.8259
91.4917 -38.8259
91.4919 -38.8258
91.4922 -38.8258
91.4924 -38.8257
91.4926 -38.8257
91.4929 -38.8257
91.4931 -38.8256
91.4933 -38.8256
91.4936 -38.8255
91.4938 -38.8255
91.494 -38.8254
91.4943 -38.8254
91.4945 -38.8254
91.4948 -38.8253
91.495 -38.8253
91.4952 -38.8252
91.4955 -38.8252
91.4957 -38.8251
91.496 -38.8251
91.4962 -38.8251
91.4964 -38.825
91.4967 -38.825
91.4969 -38.8249
91.4972 -38.8249
91.4974 -38.8248
91.4976 -38.8248
91.4979 -38.8247
91.4981 -38.8247
91.4984 -38.8247
91.4986 -38.8246
91.4989 -38.8246
91.4991 -38.8245
91.4993 -38.8245
91.4996 -38.8244
91.4998 -38.8244
91.5001 -38.8244
91.5003 -38.8243
91.5006 -38.8243
91.5008 -38.8242
91.5011 -38.8242
91.5013 -38.8241
91.5015 -38.8241
91.5018 -38.8241
91.502 -38.824
91.5023 -38.824
91.5025 -38.8239
91.5028 -38.8239
91.503 -38.8238
91.5033 -38.8238
91.5035 -38.8238
91.5038 -38.8237
91.504 -38.8237
91.5043 -38.8236
91.5045 -38.8236
91.5048 -38.8235
91.505 -38.8235
91.5053 -38.8235
91.5055 -38.8234
91.5058 -38.8234
91.506 -38.8233
91.5063 -38.8233
91.5065 -38.8232
91.5068 -38.8232
91.5071 -38.8232
91.5073 -38.8231
91.5076 -38.8231
91.5078 -38.823
91.5081 -38.823
91.5083 -38.8229
91.5086 -38.8229
91.5088 -38.8229
91.5091 -38.8228
91.5093 -38.8228
91.5096 -38.8227
91.5099 -38.8227
91.5101 -38.8226
91.5104 -38.8226
91.5106 -38.8226
91.5109 -38.8225
91.5111 -38.8225
91.5114 -38.8224
91.5117 -38.8224
91.5119 -38.8223
91.5122 -38.8223
91.5124 -38.8223
91.5127 -38.8222
91.513 -38.8222
91.5132 -38.8221
91.5135 -38.8221
91.5138 -38.8221
91.514 -38.822
91.5143 -38.822
91.5145 -38.8219
91.5148 -38.8219
91.5151 -38.8218
91.5153 -38.8218
91.5156 -38.8218
91.5159 -38.8217
91.5161 -38.8217
91.5164 -38.8216
91.5166 -38.8216
91.5169 -38.8215
91.5172 -38.8215
91.5174 -38.8215
91.5177 -38.8214
91.518 -38.8214
91.5182 -38.8213
91.5185 -38.8213
91.5188 -38.8212
91.519 -38.8212
91.5193 -38.8212
91.5196 -38.8211
91.5198 -38.8211
91.5201 -38.821
91.5204 -38.821
91.5207 -38.821
91.5209 -38.8209
91.5212 -38.8209
91.5215 -38.8208
91.5217 -38.8208
91.522 -38.8207
91.5223 -38.8207
91.5226 -38.8207
91.5228 -38.8206
91.5231 -38.8206
91.5234 -38.8205
91.5236 -38.8205
91.5239 -38.8204
91.5242 -38.8204
91.5245 -38.8204
91.5247 -38.8203
91.525 -38.8203
91.5253 -38.8202
91.5256 -38.8202
91.5258 -38.8202
91.5261 -38.8201
91.5264 -38.8201
91.5267 -38.82
91.5269 -38.82
91.5272 -38.8199
91.5275 -38.8199
91.5278 -38.8199
91.5281 -38.8198
91.5283 -38.8198
91.5286 -38.8197
91.5289 -38.8197
91.5292 -38.8197
91.5294 -38.8196
91.5297 -38.8196
91.53 -38.8195
91.5303 -38.8195
91.5306 -38.8194
91.5308 -38.8194
91.5311 -38.8194
91.5314 -38.8193
91.5317 -38.8193
91.532 -38.8192
91.5323 -38.8192
91.5325 -38.8191
91.5328 -38.8191
91.5331 -38.8191
91.5334 -38.819
91.5337 -38.819
91.534 -38.8189
91.5342 -38.8189
91.5345 -38.8189
91.5348 -38.8188
91.5351 -38.8188
91.5354 -38.8187
91.5357 -38.8187
91.536 -38.8187
91.5362 -38.8186
91.5365 -38.8186
91.5368 -38.8185
91.5371 -38.8185
91.5374 -38.8184
91.5377 -38.8184
91.538 -38.8184
91.5383 -38.8183
91.5386 -38.8183
91.5388 -38.8182
91.5391 -38.8182
91.5394 -38.8182
91.5397 -38.8181
91.54 -38.8181
91.5403 -38.818
91.5406 -38.818
91.5409 -38.8179
91.5412 -38.8179
91.5415 -38.8179
91.5418 -38.8178
91.542 -38.8178
91.5423 -38.8177
91.5426 -38.8177
91.5429 -38.8177
91.5432 -38.8176
91.5435 -38.8176
91.5438 -38.8175
91.5441 -38.8175
91.5444 -38.8175
91.5447 -38.8174
91.545 -38.8174
91.5453 -38.8173
91.5456 -38.8173
91.5459 -38.8172
91.5462 -38.8172
91.5465 -38.8172
91.5468 -38.8171
91.5471 -38.8171
91.5474 -38.817
91.5477 -38.817
91.548 -38.817
91.5483 -38.8169
91.5486 -38.8169
91.5489 -38.8168
91.5492 -38.8168
91.5495 -38.8168
91.5498 -38.8167
91.5501 -38.8167
91.5504 -38.8166
91.5507 -38.8166
91.551 -38.8166
91.5513 -38.8165
91.5516 -38.8165
91.5519 -38.8164
91.5522 -38.8164
91.5525 -38.8163
91.5528 -38.8163
91.5531 -38.8163
91.5534 -38.8162
91.5537 -38.8162
91.554 -38.8161
91.5543 -38.8161
91.5546 -38.8161
91.5549 -38.816
91.5553 -38.816
91.5556 -38.8159
91.5559 -38.8159
91.5562 -38.8159
91.5565 -38.8158
91.5568 -38.8158
91.5571 -38.8157
91.5574 -38.8157
91.5577 -38.8157
91.558 -38.8156
91.5583 -38.8156
91.5586 -38.8155
91.559 -38.8155
91.5593 -38.8155
91.5596 -38.8154
91.5599 -38.8154
91.5602 -38.8153
91.5605 -38.8153
91.5608 -38.8152
91.5611 -38.8152
91.5615 -38.8152
91.5618 -38.8151
91.5621 -38.8151
91.5624 -38.815
91.5627 -38.815
91.563 -38.815
91.5633 -38.8149
91.5637 -38.8149
91.564 -38.8148
91.5643 -38.8148
91.5646 -38.8148
91.5649 -38.8147
91.5652 -38.8147
91.5655 -38.8146
91.5659 -38.8146
91.5662 -38.8146
91.5665 -38.8145
91.5668 -38.8145
91.5671 -38.8144
91.5675 -38.8144
91.5678 -38.8144
91.5681 -38.8143
91.5684 -38.8143
91.5687 -38.8142
91.5691 -38.8142
91.5694 -38.8142
91.5697 -38.8141
91.57 -38.8141
91.5703 -38.814
91.5707 -38.814
91.571 -38.814
91.5713 -38.8139
91.5716 -38.8139
91.572 -38.8138
91.5723 -38.8138
91.5726 -38.8138
91.5729 -38.8137
91.5733 -38.8137
91.5736 -38.8136
91.5739 -38.8136
91.5742 -38.8136
91.5746 -38.8135
91.5749 -38.8135
91.5752 -38.8134
91.5755 -38.8134
91.5759 -38.8134
91.5762 -38.8133
91.5765 -38.8133
91.5768 -38.8132
91.5772 -38.8132
91.5775 -38.8132
91.5778 -38.8131
91.5782 -38.8131
91.5785 -38.813
91.5788 -38.813
91.5791 -38.813
91.5795 -38.8129
91.5798 -38.8129
91.5801 -38.8128
91.5805 -38.8128
91.5808 -38.8128
91.5811 -38.8127
91.5815 -38.8127
91.5818 -38.8126
91.5821 -38.8126
91.5825 -38.8126
91.5828 -38.8125
91.5831 -38.8125
91.5835 -38.8124
91.5838 -38.8124
91.5841 -38.8124
91.5845 -38.8123
91.5848 -38.8123
91.5851 -38.8122
91.5855 -38.8122
91.5858 -38.8122
91.5861 -38.8121
91.5865 -38.8121
91.5868 -38.812
91.5872 -38.812
91.5875 -38.812
91.5878 -38.8119
91.5882 -38.8119
91.5885 -38.8118
91.5889 -38.8118
91.5892 -38.8118
91.5895 -38.8117
91.5899 -38.8117
91.5902 -38.8116
91.5906 -38.8116
91.5909 -38.8116
91.5912 -38.8115
91.5916 -38.8115
91.5919 -38.8115
91.5923 -38.8114
91.5926 -38.8114
91.5929 -38.8113
91.5933 -38.8113
91.5936 -38.8113
91.594 -38.8112
91.5943 -38.8112
91.5947 -38.8111
91.595 -38.8111
91.5954 -38.8111
91.5957 -38.811
91.596 -38.811
91.5964 -38.8109
91.5967 -38.8109
91.5971 -38.8109
91.5974 -38.8108
91.5978 -38.8108
91.5981 -38.8107
91.5985 -38.8107
91.5988 -38.8107
91.5992 -38.8106
91.5995 -38.8106
91.5999 -38.8105
91.6002 -38.8105
91.6006 -38.8105
91.6009 -38.8104
91.6013 -38.8104
91.6016 -38.8104
91.602 -38.8103
91.6023 -38.8103
91.6027 -38.8102
91.603 -38.8102
91.6034 -38.8102
91.6037 -38.8101
91.6041 -38.8101
91.6044 -38.81
91.6048 -38.81
91.6051 -38.81
91.6055 -38.8099
91.6058 -38.8099
91.6062 -38.8098
91.6066 -38.8098
91.6069 -38.8098
91.6073 -38.8097
91.6076 -38.8097
91.608 -38.8097
91.6083 -38.8096
91.6087 -38.8096
91.6091 -38.8095
91.6094 -38.8095
91.6098 -38.8095
91.6101 -38.8094
91.6105 -38.8094
91.6108 -38.8093
91.6112 -38.8093
91.6116 -38.8093
91.6119 -38.8092
91.6123 -38.8092
91.6126 -38.8091
91.613 -38.8091
91.6134 -38.8091
91.6137 -38.809
91.6141 -38.809
91.6144 -38.809
91.6148 -38.8089
91.6152 -38.8089
91.6155 -38.8088
91.6159 -38.8088
91.6163 -38.8088
91.6166 -38.8087
91.617 -38.8087
91.6174 -38.8086
91.6177 -38.8086
91.6181 -38.8086
91.6184 -38.8085
91.6188 -38.8085
91.6192 -38.8085
91.6195 -38.8084
91.6199 -38.8084
91.6203 -38.8083
91.6206 -38.8083
91.621 -38.8083
91.6214 -38.8082
91.6217 -38.8082
91.6221 -38.8081
91.6225 -38.8081
91.6229 -38.8081
91.6232 -38.808
91.6236 -38.808
91.624 -38.808
91.6243 -38.8079
91.6247 -38.8079
91.6251 -38.8078
91.6254 -38.8078
91.6258 -38.8078
91.6262 -38.8077
91.6266 -38.8077
91.6269 -38.8076
91.6273 -38.8076
91.6277 -38.8076
91.6281 -38.8075
91.6284 -38.8075
91.6288 -38.8075
91.6292 -38.8074
91.6296 -38.8074
91.6299 -38.8073
91.6303 -38.8073
91.6307 -38.8073
91.6311 -38.8072
91.6314 -38.8072
91.6318 -38.8071
91.6322 -38.8071
91.6326 -38.8071
91.6329 -38.807
91.6333 -38.807
91.6337 -38.807
91.6341 -38.8069
91.6344 -38.8069
91.6348 -38.8068
91.6352 -38.8068
91.6356 -38.8068
91.636 -38.8067
91.6363 -38.8067
91.6367 -38.8067
91.6371 -38.8066
91.6375 -38.8066
91.6379 -38.8065
91.6383 -38.8065
91.6386 -38.8065
91.639 -38.8064
91.6394 -38.8064
91.6398 -38.8064
91.6402 -38.8063
91.6406 -38.8063
91.6409 -38.8062
91.6413 -38.8062
91.6417 -38.8062
91.6421 -38.8061
91.6425 -38.8061
91.6429 -38.806
91.6432 -38.806
91.6436 -38.806
91.644 -38.8059
91.6444 -38.8059
91.6448 -38.8059
91.6452 -38.8058
91.6456 -38.8058
91.646 -38.8057
91.6463 -38.8057
91.6467 -38.8057
91.6471 -38.8056
91.6475 -38.8056
91.6479 -38.8056
91.6483 -38.8055
91.6487 -38.8055
91.6491 -38.8054
91.6495 -38.8054
91.6499 -38.8054
91.6502 -38.8053
91.6506 -38.8053
91.651 -38.8053
91.6514 -38.8052
91.6518 -38.8052
91.6522 -38.8051
91.6526 -38.8051
91.653 -38.8051
91.6534 -38.805
91.6538 -38.805
91.6542 -38.805
91.6546 -38.8049
91.655 -38.8049
91.6554 -38.8048
91.6558 -38.8048
91.6562 -38.8048
91.6566 -38.8047
91.657 -38.8047
91.6573 -38.8047
91.6577 -38.8046
91.6581 -38.8046
91.6585 -38.8045
91.6589 -38.8045
91.6593 -38.8045
91.6597 -38.8044
91.6601 -38.8044
91.6605 -38.8044
91.6609 -38.8043
91.6613 -38.8043
91.6617 -38.8042
91.6621 -38.8042
91.6625 -38.8042
91.6629 -38.8041
91.6633 -38.8041
91.6637 -38.8041
91.6641 -38.804
91.6646 -38.804
91.665 -38.8039
91.6654 -38.8039
91.6658 -38.8039
91.6662 -38.8038
91.6666 -38.8038
91.667 -38.8038
91.6674 -38.8037
91.6678 -38.8037
91.6682 -38.8037
91.6686 -38.8036
91.669 -38.8036
91.6694 -38.8035
91.6698 -38.8035
91.6702 -38.8035
91.6706 -38.8034
91.671 -38.8034
91.6714 -38.8034
91.6719 -38.8033
91.6723 -38.8033
91.6727 -38.8032
91.6731 -38.8032
91.6735 -38.8032
91.6739 -38.8031
91.6743 -38.8031
91.6747 -38.8031
91.6751 -38.803
91.6755 -38.803
91.676 -38.803
91.6764 -38.8029
91.6768 -38.8029
91.6772 -38.8028
91.6776 -38.8028
91.678 -38.8028
91.6784 -38.8027
91.6788 -38.8027
91.6793 -38.8027
91.6797 -38.8026
91.6801 -38.8026
91.6805 -38.8025
91.6809 -38.8025
91.6813 -38.8025
91.6818 -38.8024
91.6822 -38.8024
91.6826 -38.8024
91.683 -38.8023
91.6834 -38.8023
91.6838 -38.8023
91.6843 -38.8022
91.6847 -38.8022
91.6851 -38.8021
91.6855 -38.8021
91.6859 -38.8021
91.6863 -38.802
91.6868 -38.802
91.6872 -38.802
91.6876 -38.8019
91.688 -38.8019
91.6884 -38.8019
91.6889 -38.8018
91.6893 -38.8018
91.6897 -38.8017
91.6901 -38.8017
91.6906 -38.8017
91.691 -38.8016
91.6914 -38.8016
91.6918 -38.8016
91.6923 -38.8015
91.6927 -38.8015
91.6931 -38.8014
91.6935 -38.8014
91.694 -38.8014
91.6944 -38.8013
91.6948 -38.8013
91.6952 -38.8013
91.6957 -38.8012
91.6961 -38.8012
91.6965 -38.8012
91.6969 -38.8011
91.6974 -38.8011
91.6978 -38.8011
91.6982 -38.801
91.6986 -38.801
91.6991 -38.8009
91.6995 -38.8009
91.6999 -38.8009
91.7004 -38.8008
91.7008 -38.8008
91.7012 -38.8008
91.7017 -38.8007
91.7021 -38.8007
91.7025 -38.8007
91.703 -38.8006
91.7034 -38.8006
91.7038 -38.8005
91.7042 -38.8005
91.7047 -38.8005
91.7051 -38.8004
91.7055 -38.8004
91.706 -38.8004
91.7064 -38.8003
91.7069 -38.8003
91.7073 -38.8003
91.7077 -38.8002
91.7082 -38.8002
91.7086 -38.8001
91.709 -38.8001
91.7095 -38.8001
91.7099 -38.8
91.7103 -38.8
91.7108 -38.8
91.7112 -38.7999
91.7117 -38.7999
91.7121 -38.7999
91.7125 -38.7998
91.713 -38.7998
91.7134 -38.7998
91.7138 -38.7997
91.7143 -38.7997
91.7147 -38.7996
91.7152 -38.7996
91.7156 -38.7996
91.716 -38.7995
91.7165 -38.7995
91.7169 -38.7995
91.7174 -38.7994
91.7178 -38.7994
91.7183 -38.7994
91.7187 -38.7993
91.7191 -38.7993
91.7196 -38.7993
91.72 -38.7992
91.7205 -38.7992
91.7209 -38.7991
91.7214 -38.7991
91.7218 -38.7991
91.7223 -38.799
91.7227 -38.799
91.7231 -38.799
91.7236 -38.7989
91.724 -38.7989
91.7245 -38.7989
91.7249 -38.7988
91.7254 -38.7988
91.7258 -38.7988
91.7263 -38.7987
91.7267 -38.7987
91.7272 -38.7986
91.7276 -38.7986
91.7281 -38.7986
91.7285 -38.7985
91.729 -38.7985
91.7294 -38.7985
91.7299 -38.7984
91.7303 -38.7984
91.7308 -38.7984
91.7312 -38.7983
91.7317 -38.7983
91.7321 -38.7983
91.7326 -38.7982
91.733 -38.7982
91.7335 -38.7982
91.734 -38.7981
91.7344 -38.7981
91.7349 -38.798
91.7353 -38.798
91.7358 -38.798
91.7362 -38.7979
91.7367 -38.7979
91.7371 -38.7979
91.7376 -38.7978
91.738 -38.7978
91.7385 -38.7978
91.739 -38.7977
91.7394 -38.7977
91.7399 -38.7977
91.7403 -38.7976
91.7408 -38.7976
91.7413 -38.7976
91.7417 -38.7975
91.7422 -38.7975
91.7426 -38.7974
91.7431 -38.7974
91.7436 -38.7974
91.744 -38.7973
91.7445 -38.7973
91.7449 -38.7973
91.7454 -38.7972
91.7459 -38.7972
91.7463 -38.7972
91.7468 -38.7971
91.7472 -38.7971
91.7477 -38.7971
91.7482 -38.797
91.7486 -38.797
91.7491 -38.797
91.7496 -38.7969
91.75 -38.7969
91.7505 -38.7969
91.751 -38.7968
91.7514 -38.7968
91.7519 -38.7967
91.7524 -38.7967
91.7528 -38.7967
91.7533 -38.7966
91.7538 -38.7966
91.7542 -38.7966
91.7547 -38.7965
91.7552 -38.7965
91.7556 -38.7965
91.7561 -38.7964
91.7566 -38.7964
91.757 -38.7964
91.7575 -38.7963
91.758 -38.7963
91.7584 -38.7963
91.7589 -38.7962
91.7594 -38.7962
91.7599 -38.7962
91.7603 -38.7961
91.7608 -38.7961
91.7613 -38.7961
91.7618 -38.796
91.7622 -38.796
91.7627 -38.7959
91.7632 -38.7959
91.7636 -38.7959
91.7641 -38.7958
91.7646 -38.7958
91.7651 -38.7958
91.7655 -38.7957
91.766 -38.7957
91.7665 -38.7957
91.767 -38.7956
91.7674 -38.7956
91.7679 -38.7956
91.7684 -38.7955
91.7689 -38.7955
91.7694 -38.7955
91.7698 -38.7954
91.7703 -38.7954
91.7708 -38.7954
91.7713 -38.7953
91.7718 -38.7953
91.7722 -38.7953
91.7727 -38.7952
91.7732 -38.7952
91.7737 -38.7952
91.7742 -38.7951
91.7746 -38.7951
91.7751 -38.7951
91.7756 -38.795
91.7761 -38.795
91.7766 -38.7949
91.777 -38.7949
91.7775 -38.7949
91.778 -38.7948
91.7785 -38.7948
91.779 -38.7948
91.7795 -38.7947
91.7799 -38.7947
91.7804 -38.7947
91.7809 -38.7946
91.7814 -38.7946
91.7819 -38.7946
91.7824 -38.7945
91.7829 -38.7945
91.7833 -38.7945
91.7838 -38.7944
91.7843 -38.7944
91.7848 -38.7944
91.7853 -38.7943
91.7858 -38.7943
91.7863 -38.7943
91.7868 -38.7942
91.7873 -38.7942
91.7877 -38.7942
91.7882 -38.7941
91.7887 -38.7941
91.7892 -38.7941
91.7897 -38.794
91.7902 -38.794
91.7907 -38.794
91.7912 -38.7939
91.7917 -38.7939
91.7922 -38.7939
91.7927 -38.7938
91.7932 -38.7938
91.7936 -38.7938
91.7941 -38.7937
91.7946 -38.7937
91.7951 -38.7937
91.7956 -38.7936
91.7961 -38.7936
91.7966 -38.7936
91.7971 -38.7935
91.7976 -38.7935
91.7981 -38.7935
91.7986 -38.7934
91.7991 -38.7934
91.7996 -38.7934
91.8001 -38.7933
91.8006 -38.7933
91.8011 -38.7932
91.8016 -38.7932
91.8021 -38.7932
91.8026 -38.7931
91.8031 -38.7931
91.8036 -38.7931
91.8041 -38.793
91.8046 -38.793
91.8051 -38.793
91.8056 -38.7929
91.8061 -38.7929
91.8066 -38.7929
91.8071 -38.7928
91.8076 -38.7928
91.8081 -38.7928
91.8086 -38.7927
91.8091 -38.7927
91.8096 -38.7927
91.8101 -38.7926
91.8106 -38.7926
91.8111 -38.7926
91.8116 -38.7925
91.8121 -38.7925
91.8126 -38.7925
91.8131 -38.7924
91.8136 -38.7924
91.8142 -38.7924
91.8147 -38.7923
91.8152 -38.7923
91.8157 -38.7923
91.8162 -38.7922
91.8167 -38.7922
91.8172 -38.7922
91.8177 -38.7921
91.8182 -38.7921
91.8187 -38.7921
91.8192 -38.792
91.8197 -38.792
91.8203 -38.792
91.8208 -38.7919
91.8213 -38.7919
91.8218 -38.7919
91.8223 -38.7918
91.8228 -38.7918
91.8233 -38.7918
91.8238 -38.7917
91.8244 -38.7917
91.8249 -38.7917
91.8254 -38.7916
91.8259 -38.7916
91.8264 -38.7916
91.8269 -38.7915
91.8274 -38.7915
91.8279 -38.7915
91.8285 -38.7914
91.829 -38.7914
91.8295 -38.7914
91.83 -38.7913
91.8305 -38.7913
91.831 -38.7913
91.8316 -38.7912
91.8321 -38.7912
91.8326 -38.7912
91.8331 -38.7911
91.8336 -38.7911
91.8342 -38.7911
91.8347 -38.791
91.8352 -38.791
91.8357 -38.791
91.8362 -38.7909
91.8368 -38.7909
91.8373 -38.7909
91.8378 -38.7908
91.8383 -38.7908
91.8388 -38.7908
91.8394 -38.7908
91.8399 -38.7907
91.8404 -38.7907
91.8409 -38.7907
91.8415 -38.7906
91.842 -38.7906
91.8425 -38.7906
91.843 -38.7905
91.8436 -38.7905
91.8441 -38.7905
91.8446 -38.7904
91.8451 -38.7904
91.8457 -38.7904
91.8462 -38.7903
91.8467 -38.7903
91.8472 -38.7903
91.8478 -38.7902
91.8483 -38.7902
91.8488 -38.7902
91.8493 -38.7901
91.8499 -38.7901
91.8504 -38.7901
91.8509 -38.79
91.8515 -38.79
91.852 -38.79
91.8525 -38.7899
91.853 -38.7899
91.8536 -38.7899
91.8541 -38.7898
91.8546 -38.7898
91.8552 -38.7898
91.8557 -38.7897
91.8562 -38.7897
91.8568 -38.7897
91.8573 -38.7896
91.8578 -38.7896
91.8584 -38.7896
91.8589 -38.7895
91.8594 -38.7895
91.86 -38.7895
91.8605 -38.7894
91.861 -38.7894
91.8616 -38.7894
91.8621 -38.7893
91.8626 -38.7893
91.8632 -38.7893
91.8637 -38.7892
91.8643 -38.7892
91.8648 -38.7892
91.8653 -38.7892
91.8659 -38.7891
91.8664 -38.7891
91.8669 -38.7891
91.8675 -38.789
91.868 -38.789
91.8686 -38.789
91.8691 -38.7889
91.8696 -38.7889
91.8702 -38.7889
91.8707 -38.7888
91.8713 -38.7888
91.8718 -38.7888
91.8724 -38.7887
91.8729 -38.7887
91.8734 -38.7887
91.874 -38.7886
91.8745 -38.7886
91.8751 -38.7886
91.8756 -38.7885
91.8762 -38.7885
91.8767 -38.7885
91.8772 -38.7884
91.8778 -38.7884
91.8783 -38.7884
91.8789 -38.7883
91.8794 -38.7883
91.88 -38.7883
91.8805 -38.7883
91.8811 -38.7882
91.8816 -38.7882
91.8822 -38.7882
91.8827 -38.7881
91.8833 -38.7881
91.8838 -38.7881
91.8844 -38.788
91.8849 -38.788
91.8855 -38.788
91.886 -38.7879
91.8866 -38.7879
91.8871 -38.7879
91.8877 -38.7878
91.8882 -38.7878
91.8888 -38.7878
91.8893 -38.7877
91.8899 -38.7877
91.8904 -38.7877
91.891 -38.7876
91.8915 -38.7876
91.8921 -38.7876
91.8926 -38.7875
91.8932 -38.7875
91.8937 -38.7875
91.8943 -38.7875
91.8948 -38.7874
91.8954 -38.7874
91.896 -38.7874
91.8965 -38.7873
91.8971 -38.7873
91.8976 -38.7873
91.8982 -38.7872
91.8987 -38.7872
91.8993 -38.7872
91.8999 -38.7871
91.9004 -38.7871
91.901 -38.7871
91.9015 -38.787
91.9021 -38.787
91.9026 -38.787
91.9032 -38.7869
91.9038 -38.7869
91.9043 -38.7869
91.9049 -38.7869
91.9054 -38.7868
91.906 -38.7868
91.9066 -38.7868
91.9071 -38.7867
91.9077 -38.7867
91.9083 -38.7867
91.9088 -38.7866
91.9094 -38.7866
91.9099 -38.7866
91.9105 -38.7865
91.9111 -38.7865
91.9116 -38.7865
91.9122 -38.7864
91.9128 -38.7864
91.9133 -38.7864
91.9139 -38.7863
91.9145 -38.7863
91.915 -38.7863
91.9156 -38.7863
91.9162 -38.7862
91.9167 -38.7862
91.9173 -38.7862
91.9179 -38.7861
91.9184 -38.7861
91.919 -38.7861
91.9196 -38.786
91.9201 -38.786
91.9207 -38.786
91.9213 -38.7859
91.9219 -38.7859
91.9224 -38.7859
91.923 -38.7858
91.9236 -38.7858
91.9241 -38.7858
91.9247 -38.7858
91.9253 -38.7857
91.9259 -38.7857
91.9264 -38.7857
91.927 -38.7856
91.9276 -38.7856
91.9281 -38.7856
91.9287 -38.7855
91.9293 -38.7855
91.9299 -38.7855
91.9304 -38.7854
91.931 -38.7854
91.9316 -38.7854
91.9322 -38.7854
91.9328 -38.7853
91.9333 -38.7853
91.9339 -38.7853
91.9345 -38.7852
91.9351 -38.7852
91.9356 -38.7852
91.9362 -38.7851
91.9368 -38.7851
91.9374 -38.7851
91.938 -38.785
91.9385 -38.785
91.9391 -38.785
91.9397 -38.7849
91.9403 -38.7849
91.9409 -38.7849
91.9414 -38.7849
91.942 -38.7848
91.9426 -38.7848
91.9432 -38.7848
91.9438 -38.7847
91.9443 -38.7847
91.9449 -38.7847
91.9455 -38.7846
91.9461 -38.7846
91.9467 -38.7846
91.9473 -38.7845
91.9478 -38.7845
91.9484 -38.7845
91.949 -38.7845
91.9496 -38.7844
91.9502 -38.7844
91.9508 -38.7844
91.9514 -38.7843
91.952 -38.7843
91.9525 -38.7843
91.9531 -38.7842
91.9537 -38.7842
91.9543 -38.7842
91.9549 -38.7841
91.9555 -38.7841
91.9561 -38.7841
91.9567 -38.7841
91.9572 -38.784
91.9578 -38.784
91.9584 -38.784
91.959 -38.7839
91.9596 -38.7839
91.9602 -38.7839
91.9608 -38.7838
91.9614 -38.7838
91.962 -38.7838
91.9626 -38.7838
91.9632 -38.7837
91.9638 -38.7837
91.9644 -38.7837
91.9649 -38.7836
91.9655 -38.7836
91.9661 -38.7836
91.9667 -38.7835
91.9673 -38.7835
91.9679 -38.7835
91.9685 -38.7834
91.9691 -38.7834
91.9697 -38.7834
91.9703 -38.7834
91.9709 -38.7833
91.9715 -38.7833
91.9721 -38.7833
91.9727 -38.7832
91.9733 -38.7832
91.9739 -38.7832
91.9745 -38.7831
91.9751 -38.7831
91.9757 -38.7831
91.9763 -38.7831
91.9769 -38.783
91.9775 -38.783
91.9781 -38.783
91.9787 -38.7829
91.9793 -38.7829
91.9799 -38.7829
91.9805 -38.7828
91.9811 -38.7828
91.9817 -38.7828
91.9823 -38.7828
91.9829 -38.7827
91.9835 -38.7827
91.9841 -38.7827
