0.1 0.00431339
0.2 0.00010087
0.3 0.000102788
0.4 0.000104671
0.5 0.000106626
0.6 -0.000691115
0.7 -0.00146495
0.8 0.00010043
0.9 0.00010227
1 0.000104131
0.161549 3.51901e-009
0.323099 1.08317e-009
0.484633 -1.06508e-010
0.646144 6.9145e-010
0.80763 1.22703e-009
0.96909 1.1312e-009
1.13053 1.25506e-009
1.29193 7.11397e-010
1.45332 7.55036e-010
1.61468 9.43139e-010
1.77601 8.11744e-010
1.93732 8.01453e-010
2.0986 6.53201e-010
2.25985 1.04186e-009
2.42108 8.60393e-010
2.58228 1.00764e-009
2.74346 5.62197e-010
2.90461 6.46734e-010
3.06573 1.12306e-009
3.22683 1.27682e-009
3.38789 9.89669e-010
3.54894 8.864e-010
3.70995 1.00974e-009
3.87095 2.38674e-010
4.03192 8.4146e-010
4.19288 7.4344e-010
4.3538 6.80388e-010
4.5147 1.0627e-009
4.67558 1.11142e-009
4.83643 5.26739e-010
4.99726 9.97261e-010
5.15808 9.62721e-010
5.31886 8.51981e-010
5.47962 1.36375e-009
5.64035 1.41794e-009
5.80105 1.21463e-009
5.96172 1.1633e-009
6.12237 1.30746e-009
6.28299 9.45946e-010
6.44358 1.17745e-009
6.60415 7.40638e-010
6.76469 1.19477e-009
6.92521 1.2461e-009
7.08569 8.42442e-010
7.24616 9.2273e-010
7.40659 3.75282e-010
7.56701 1.46549e-009
7.72739 7.39197e-010
7.88774 1.25052e-009
8.04807 8.07659e-010
8.20837 1.20209e-009
8.36865 1.06455e-009
8.52889 2.08905e-009
8.6891 1.54876e-009
8.84928 1.1976e-009
9.00943 1.2468e-009
9.16955 1.79447e-009
9.32964 1.132e-009
9.4897 7.57667e-010
9.64974 9.22025e-010
9.80974 1.03716e-009
9.96972 9.17089e-010
10.1297 1.06148e-009
10.2896 8.7088e-010
10.4495 1.27886e-009
10.6094 8.09721e-010
10.7692 1.0777e-009
10.9291 9.48587e-010
11.0889 8.95261e-010
11.2486 8.79907e-010
11.4084 1.18599e-009
11.5681 1.10899e-009
11.7278 8.56808e-010
11.8874 1.04145e-009
12.0471 1.10583e-009
12.2067 9.54832e-010
12.3662 1.12315e-009
12.5258 1.27754e-009
12.6853 1.03484e-009
12.8448 1.24514e-009
13.0043 9.36658e-010
13.1637 9.5077e-010
13.3231 1.1571e-009
13.4825 9.26996e-010
13.6419 1.30686e-009
13.8012 1.17506e-009
13.9605 8.78054e-010
14.1198 1.15073e-009
14.279 8.65194e-010
14.4383 1.15429e-009
14.5975 8.07667e-010
14.7566 8.4713e-010
14.9158 8.77717e-010
15.0749 9.73447e-010
15.2339 9.14781e-010
15.393 1.27815e-009
15.552 4.35407e-010
15.711 1.10376e-009
15.87 1.0374e-009
16.029 1.0765e-009
16.1879 1.29876e-009
16.3468 1.08635e-009
16.5057 1.24402e-009
16.6646 1.30731e-009
16.8234 4.46875e-010
16.9822 1.16012e-009
17.141 1.30278e-009
17.2997 8.79136e-010
17.4584 1.49958e-009
17.6171 1.01331e-009
17.7758 1.4135e-009
17.9344 1.26765e-009
18.093 1.19672e-009
18.2516 1.03612e-009
18.4102 1.29353e-009
18.5687 1.3023e-009
18.7272 1.21257e-009
18.8857 1.13692e-009
19.0441 1.27605e-009
19.2025 1.32102e-009
19.3609 1.52041e-009
19.5193 8.924e-010
19.6776 1.42966e-009
19.8359 1.36568e-009
19.9942 9.85747e-010
20.1524 1.11046e-009
20.3106 1.12068e-009
20.4688 1.1816e-009
20.6269 1.10992e-009
20.7851 1.0616e-009
20.9432 1.42633e-009
21.1012 1.23338e-009
21.2593 1.35642e-009
21.4173 1.13739e-009
21.5752 1.52651e-009
21.7332 9.82406e-010
21.8911 8.21997e-010
22.049 1.35975e-009
22.2069 9.97448e-010
22.3647 1.05427e-009
22.5225 1.0796e-009
22.6803 1.37813e-009
22.838 1.09305e-009
22.9958 1.59097e-009
23.1534 1.20311e-009
23.3111 1.36762e-009
23.4687 1.08922e-009
23.6263 1.14425e-009
23.7839 1.15343e-009
23.9414 9.55398e-010
24.0989 1.36719e-009
24.2564 1.40577e-009
24.4139 1.36829e-009
24.5713 1.26295e-009
24.7287 1.31684e-009
24.886 1.50472e-009
25.0434 1.37978e-009
25.2007 1.47018e-009
25.3579 1.09528e-009
25.5152 1.12273e-009
25.6724 1.33954e-009
25.8296 1.4834e-009
25.9867 1.28781e-009
26.1438 1.64788e-009
26.3009 1.11806e-009
26.4579 1.09495e-009
26.615 1.19021e-009
26.772 1.2728e-009
26.9289 1.25069e-009
27.0858 1.37525e-009
27.2427 1.27299e-009
27.3996 1.07543e-009
27.5565 1.38402e-009
27.7133 1.09726e-009
27.8701 1.28873e-009
28.0268 1.46902e-009
28.1835 1.3344e-009
28.3402 1.11244e-009
28.4969 1.17993e-009
28.6535 1.2861e-009
28.8101 1.01031e-009
28.9667 1.47158e-009
29.1232 1.10003e-009
29.2798 1.29448e-009
29.4362 1.21322e-009
29.5927 9.2093e-010
29.7491 1.29511e-009
29.9055 1.22129e-009
30.0619 1.50759e-009
30.2182 1.55748e-009
30.3742 3.03518e-008
30.529 1.62061e-008
30.6795 1.31463e-009
30.8226 1.52469e-006
30.9265 -4.36352e-009
30.9953 2.75333e-007
31.0596 2.11628e-007
31.1226 2.93087e-009
31.1854 4.3244e-009
31.2482 2.58829e-009
31.3109 8.0776e-009
31.3735 2.59386e-009
31.436 2.50408e-009
31.4986 -3.18513e-009
31.5611 2.43298e-009
31.6235 -5.31098e-011
31.686 2.55597e-009
31.7484 2.88566e-009
31.8108 2.71016e-009
31.8731 2.15305e-009
31.9353 2.76017e-009
31.9975 2.95058e-009
32.0597 5.3022e-009
32.1217 2.76557e-009
32.1837 2.64445e-009
32.2457 2.55937e-009
32.3076 3.34508e-009
32.3694 1.09183e-009
32.4312 2.84808e-009
32.493 2.92595e-009
32.5547 3.34106e-009
32.6163 2.78234e-009
32.6779 7.54825e-009
32.7393 2.99288e-009
32.8007 2.77495e-009
32.8621 3.05099e-009
32.9234 3.17607e-009
32.9845 6.82184e-009
33.0456 2.99819e-009
33.1067 5.78494e-009
33.1676 3.08449e-009
33.2284 8.22183e-009
33.2891 3.21677e-009
33.3497 3.04104e-009
33.4103 3.10926e-009
33.4708 3.12725e-009
33.5312 3.03195e-009
33.5916 1.98942e-009
33.652 3.48664e-009
33.7122 3.17513e-009
33.7724 3.26759e-009
33.8326 3.36417e-009
33.8927 3.13313e-009
33.9527 3.34278e-009
34.0126 3.41577e-009
34.0725 3.38936e-009
34.1323 3.42608e-009
34.192 3.23933e-009
34.2517 3.53018e-009
34.3113 3.38231e-009
34.3708 3.5171e-009
34.4303 3.25875e-009
34.4897 3.62025e-009
34.5489 1.84135e-008
34.6078 3.49343e-009
34.6666 4.79125e-009
34.7251 3.05678e-008
34.7828 3.28727e-009
34.8404 3.32606e-009
34.898 2.90967e-009
34.9555 3.26768e-009
35.0119 1.23151e-007
35.0681 2.59573e-009
35.1241 2.94748e-009
35.1798 3.43914e-008
35.2355 -3.93843e-011
35.2904 8.0106e-008
35.345 2.33325e-009
35.3996 2.59729e-009
35.4537 4.2449e-008
35.5072 3.89039e-009
35.5607 1.38205e-009
35.6141 3.434e-009
35.6674 2.37805e-009
35.7205 2.88103e-008
35.7734 2.11429e-009
35.8263 2.37236e-009
35.8792 3.41547e-009
35.9318 1.98324e-009
35.9844 2.08307e-009
36.0369 2.33473e-009
36.0894 2.0863e-009
36.1419 2.36491e-009
36.1943 2.06213e-009
36.2466 1.78124e-009
36.299 1.08084e-009
36.3513 2.29523e-009
36.4035 2.73787e-009
36.4557 2.07988e-009
36.5079 2.30001e-009
36.5599 2.48809e-009
36.612 2.53173e-009
36.664 2.20011e-009
36.7159 2.24771e-009
36.7678 2.2106e-009
36.8196 2.30961e-009
36.8714 2.46836e-009
36.9231 9.28429e-009
36.9747 2.23451e-009
37.0263 2.4008e-009
37.0779 2.34667e-009
37.1294 1.60576e-009
37.1808 2.52869e-009
37.2322 2.0049e-009
37.2836 2.35176e-009
37.3349 2.14145e-009
37.3862 2.78612e-009
37.4374 1.94932e-009
37.4886 2.55622e-009
37.5397 1.30746e-009
37.5908 2.65504e-009
37.6418 2.55458e-009
37.6928 2.47457e-009
37.7437 2.67193e-009
37.7946 2.39425e-009
37.8454 2.48377e-009
37.8962 2.34089e-009
37.9469 2.33521e-009
37.9976 2.66277e-009
38.0482 2.86689e-009
38.0987 2.5787e-009
38.1493 2.54045e-009
38.1997 2.68234e-009
38.2501 2.76403e-009
38.3005 2.77971e-009
38.3505 3.20887e-008
38.4004 2.65525e-009
38.4503 2.73413e-009
38.4999 3.42027e-008
38.5491 2.69806e-009
38.5983 2.19342e-009
38.6474 2.32371e-009
38.6964 2.19535e-009
38.7453 2.09091e-008
38.7935 1.62878e-009
38.8417 2.36215e-009
38.8899 2.04523e-009
38.938 1.69664e-009
38.9861 2.01331e-009
39.0338 3.75765e-008
39.0813 1.60999e-009
39.1287 9.34601e-010
39.1761 1.52807e-009
39.2233 1.98987e-008
39.2704 1.00625e-009
39.3174 1.2039e-009
39.3644 1.19655e-009
39.4113 8.59003e-010
39.4583 1.1933e-009
39.5052 1.35496e-009
39.5521 1.34326e-009
39.599 2.63943e-009
39.6458 1.19878e-009
39.6925 1.1684e-009
39.7393 1.32857e-009
39.786 1.09537e-009
39.8329 -1.07592e-008
39.8798 4.38381e-010
39.9268 -3.45185e-009
39.9738 3.03494e-009
40.0208 1.57361e-009
40.0678 -7.42324e-009
40.1148 1.53416e-009
40.1617 1.38669e-009
40.2086 1.43194e-009
40.2555 2.08979e-010
40.3025 -8.90671e-009
40.3495 1.468e-009
40.3965 1.26674e-009
40.4434 1.20333e-009
40.4903 1.31579e-009
40.5372 1.53727e-009
40.584 1.25314e-009
40.6308 1.38583e-009
40.6776 1.42639e-009
40.7244 1.20929e-009
40.7711 -2.69133e-009
40.8179 1.33992e-009
40.8647 1.64043e-009
40.9114 1.45976e-009
40.9581 1.29225e-009
41.0048 1.54406e-009
41.0514 1.36215e-009
41.098 1.3703e-009
41.1446 1.51559e-009
41.1912 -6.25695e-009
41.2379 1.69393e-009
41.2846 -6.60416e-010
41.3313 -4.67154e-009
41.378 1.43249e-009
41.4247 1.47805e-009
41.4714 1.44132e-009
41.5181 -4.11531e-009
41.5647 1.64144e-009
41.6114 1.40003e-009
41.658 1.05729e-009
41.7046 1.39991e-009
41.7511 1.47724e-009
41.7976 5.78303e-009
41.8441 -2.11012e-009
41.8905 1.42624e-009
41.937 1.34576e-009
41.9834 1.41291e-009
42.0298 1.31084e-009
42.076 1.92907e-008
42.1221 1.45137e-009
42.1681 1.39396e-009
42.2142 1.61682e-009
42.2602 1.45275e-009
42.3062 1.23453e-009
42.3522 1.36979e-009
42.3981 1.41185e-009
42.4439 9.15311e-009
42.4896 1.20493e-009
42.5352 1.58534e-009
42.5808 -1.11936e-009
42.6264 1.41267e-009
42.6719 1.30569e-009
42.7175 1.30975e-009
42.763 1.49633e-009
42.8085 9.07473e-010
42.8539 5.54094e-009
42.8991 2.44563e-009
42.9443 1.19648e-009
42.9895 1.21033e-009
43.0345 1.09631e-008
43.0795 1.14836e-009
43.1244 1.1778e-009
43.1692 7.77083e-009
43.214 1.15525e-009
43.2587 1.15417e-009
43.3034 7.53014e-009
43.3477 6.81133e-010
43.392 1.18255e-009
43.4363 9.06011e-010
43.4805 9.15359e-010
43.5248 7.62039e-010
43.569 1.02362e-009
43.6132 8.18268e-010
43.6574 9.95122e-010
43.7015 1.20715e-009
43.7454 2.367e-008
43.7891 2.23199e-009
43.8327 -2.42744e-010
43.8763 7.28667e-010
43.9199 8.27671e-010
43.9635 4.54002e-010
44.0071 7.4782e-010
44.0506 3.64812e-009
44.0941 9.46154e-010
44.1376 6.29219e-010
44.181 8.46291e-009
44.2241 2.80376e-008
44.267 9.81125e-009
44.3099 5.10588e-010
44.3528 4.91033e-010
44.3957 6.15149e-010
44.4386 6.52171e-010
44.4814 4.13697e-010
44.5242 3.68313e-009
44.5669 4.60943e-010
44.6095 -3.16984e-009
44.6522 4.68984e-010
44.6949 6.40229e-010
44.7376 -1.48446e-009
44.7804 -3.63799e-009
44.8231 2.12326e-010
44.8658 6.00407e-010
44.9086 8.94304e-010
44.9513 4.61426e-010
44.994 -2.83168e-009
45.0367 2.52607e-010
45.0794 1.22431e-009
45.122 3.79828e-010
45.1647 5.27924e-010
45.2073 2.8647e-010
45.25 2.36951e-010
45.2926 3.82353e-010
45.3352 4.95553e-010
45.3778 -1.05504e-010
45.4204 -1.78072e-009
45.463 4.373e-010
45.5056 7.31444e-010
45.5482 3.10087e-010
45.5908 5.28648e-009
45.6333 5.30813e-010
45.6758 3.7418e-010
45.7183 3.82402e-010
45.7607 1.63886e-009
45.8032 4.72715e-010
45.8456 2.06686e-009
45.8879 4.16012e-009
45.9301 1.06933e-008
45.9722 3.03908e-010
46.0144 2.67865e-010
46.0566 5.89979e-010
46.0988 5.4084e-010
46.1409 4.07775e-010
46.183 3.94569e-010
46.2252 4.08409e-010
46.2673 5.18912e-010
46.3094 5.22751e-010
46.3515 6.17035e-010
46.3936 1.01668e-009
46.4356 4.57572e-010
46.4777 -5.85236e-010
46.5197 2.13492e-010
46.5618 6.89254e-010
46.6038 5.71872e-010
46.6459 6.01384e-010
46.6879 3.92352e-010
46.7299 5.17151e-010
46.7719 2.98234e-010
46.8138 6.86167e-010
46.8558 5.22341e-010
46.8978 5.19171e-010
46.9397 -7.58096e-011
46.9817 5.76305e-010
47.0236 5.28478e-010
47.0655 4.44032e-010
47.1074 1.07454e-009
47.1493 6.10517e-010
47.1912 3.70159e-010
47.233 5.26061e-010
47.2749 5.0343e-010
47.3167 4.64802e-010
47.3585 3.4537e-010
47.4003 5.48688e-010
47.4421 4.19993e-010
47.4839 4.5163e-010
47.5257 3.26501e-010
47.5675 2.3996e-010
47.6092 4.77545e-010
47.651 5.51616e-010
47.6927 3.06761e-010
47.7345 -2.33332e-010
47.7761 1.74155e-006
47.8175 7.05279e-010
47.8589 5.20898e-010
47.8992 0.00168959
47.9393 1.96821e-010
47.9794 -8.28726e-010
48.0172 0.00739655
48.0542 2.53217e-008
48.0891 0.00108057
48.1154 0.0037188
48.1324 8.02222e-008
48.1495 5.78347e-009
48.1664 5.86717e-009
48.1834 5.98438e-009
48.2003 5.98908e-009
48.2172 5.56796e-009
48.2341 6.24016e-009
48.2509 6.4492e-009
48.2676 6.91332e-009
48.2844 6.39073e-009
48.3011 6.48607e-009
48.3178 6.48047e-009
48.3344 6.66538e-009
48.351 6.71046e-009
48.3676 6.80043e-009
48.3841 6.93696e-009
48.4003 1.33471e-006
48.4158 4.4726e-007
48.4302 7.27541e-009
48.4437 1.21608e-006
48.4559 7.39241e-009
48.4666 7.4643e-006
48.4757 4.58871e-006
48.4842 6.8257e-009
48.4927 6.77313e-009
48.5011 6.93468e-009
48.5096 7.13047e-009
48.5179 7.06187e-009
48.5263 7.19484e-009
48.5346 7.15478e-009
48.5429 7.11599e-009
48.5511 7.45071e-009
48.5593 7.47275e-009
48.5675 7.77979e-009
48.5756 7.769e-009
48.5837 7.96071e-009
48.5917 7.93734e-009
48.5997 7.9988e-009
48.6077 8.23042e-009
48.6156 8.25667e-009
48.6235 8.40765e-009
48.6313 8.36598e-009
48.6391 8.51426e-009
48.6469 8.68818e-009
48.6546 8.72079e-009
48.6623 8.85364e-009
48.6702 2.81281e-008
48.6781 9.23271e-009
48.6859 9.30433e-009
48.6937 9.29638e-009
48.7014 9.51833e-009
48.7091 9.70143e-009
48.7168 9.83966e-009
48.7244 9.97135e-009
48.7324 7.30691e-008
48.7404 1.04402e-008
48.7484 1.05724e-008
48.7563 1.08577e-008
48.7641 1.11027e-008
48.772 1.11567e-008
48.7797 1.07733e-008
48.7875 1.14458e-008
48.7951 1.16275e-008
48.8028 1.17586e-008
48.8104 1.22026e-008
48.8179 1.26028e-008
48.826 1.27326e-008
48.834 1.29016e-008
48.842 1.29459e-008
48.8499 1.15224e-008
48.8578 1.33709e-008
48.8656 1.35905e-008
48.8732 2.73476e-007
48.8808 1.39393e-008
48.8881 1.93089e-007
48.8953 1.4293e-008
48.9023 1.46776e-008
48.9098 6.88709e-008
48.9166 2.82474e-006
48.9233 1.36804e-008
48.9298 7.38462e-007
48.9357 1.04378e-006
48.9414 1.1279e-008
48.9471 9.88013e-008
48.9525 3.74598e-007
48.9576 4.54466e-009
48.9626 9.07035e-009
48.9675 9.33088e-009
48.9724 9.36372e-009
48.9769 4.60371e-006
48.9812 7.62765e-009
48.9855 7.85118e-009
48.9896 1.98502e-006
48.9936 7.26596e-009
48.9975 7.24086e-009
49.0014 7.2831e-009
49.0053 7.55535e-009
49.0091 6.93799e-009
49.0129 7.67817e-009
49.0167 7.88921e-009
49.0204 7.87472e-009
49.0241 7.91524e-009
49.0277 8.01076e-009
49.0313 8.18606e-009
49.0349 8.34885e-009
49.0384 8.42452e-009
49.0419 8.56151e-009
49.0452 2.87819e-006
49.0482 8.68931e-009
49.0512 8.77087e-009
49.0542 8.93442e-009
49.0561 0.00756572
49.0578 9.58293e-008
49.0595 7.86566e-009
49.0611 1.52109e-007
49.0624 6.76951e-009
49.0627 0.00206361
49.0627 1.22864e-008
49.0627 5.98144e-009
49.0627 6.16589e-009
49.0625 2.57916e-007
49.0619 4.20708e-009
49.0603 0.00447715
49.0586 1.12835e-008
49.0569 2.82455e-009
49.055 2.34003e-006
49.0525 0.000130511
49.0498 1.68572e-009
49.0471 1.48977e-009
49.0443 1.71415e-005
49.0414 1.67319e-005
49.0385 1.29909e-009
49.0356 1.3183e-009
49.0326 1.34083e-007
49.0293 7.60019e-010
49.026 1.40062e-007
49.0227 7.592e-010
49.0193 7.93939e-010
49.0159 7.70511e-010
49.0125 1.31197e-009
49.0091 8.06738e-010
49.0057 8.2701e-010
49.0023 8.14107e-010
48.9986 1.22862e-006
48.9949 5.82813e-010
48.9912 5.85148e-010
48.9875 5.77087e-010
48.9838 6.03042e-010
48.98 6.64144e-010
48.9763 5.92118e-008
48.9724 6.71438e-010
48.9685 6.32155e-010
48.9646 5.65072e-010
48.9607 5.90955e-010
48.9568 6.05497e-010
48.9529 6.27883e-010
48.9489 5.7864e-010
48.945 6.63264e-010
48.9411 6.62126e-010
48.9372 6.49242e-010
48.9332 6.11807e-010
48.9293 6.62331e-010
48.9254 5.50108e-010
48.9214 6.19929e-010
48.9175 6.41156e-010
48.9135 6.64172e-010
48.9095 6.92032e-010
48.9056 6.77828e-010
48.9016 6.301e-010
48.8976 7.0751e-010
48.8937 6.09224e-010
48.8897 6.15313e-010
48.8857 6.12853e-010
48.8817 7.19064e-010
48.8777 6.22829e-010
48.8737 6.0314e-010
48.8697 6.47572e-010
48.8657 7.09531e-010
48.8617 6.33032e-010
48.8577 6.50291e-010
48.8537 6.82514e-010
48.8496 6.4476e-010
48.8456 7.90085e-010
48.8416 8.5714e-010
48.8375 6.62372e-010
48.8335 6.94381e-010
48.8294 6.61254e-010
48.8254 6.9315e-010
48.8213 7.16939e-010
48.8173 6.77472e-010
48.8132 6.59271e-010
48.8091 6.47644e-010
48.8051 6.83773e-010
48.801 6.93413e-010
48.7969 8.74659e-009
48.7928 7.3736e-010
48.7887 7.86578e-010
48.7846 8.01421e-010
48.7805 7.4449e-010
48.7764 8.14819e-010
48.7723 8.00336e-010
48.7682 8.17781e-010
48.764 8.22542e-010
48.7599 7.92421e-010
48.7558 7.80059e-010
48.7516 8.1465e-010
48.7475 8.8265e-010
48.7433 8.55368e-010
48.7392 8.18154e-010
48.735 8.86515e-010
48.7309 7.74243e-010
48.7267 8.41679e-010
48.7225 8.45488e-010
48.7183 8.43126e-010
48.7141 1.8118e-007
48.7099 6.24977e-010
48.7056 6.47685e-010
48.7013 6.11969e-010
48.6971 6.95772e-010
48.6928 5.70775e-010
48.6885 6.43612e-010
48.6842 6.98872e-010
48.6799 6.96316e-010
48.6756 2.88302e-008
48.6711 3.29843e-010
48.6667 3.32161e-010
48.6622 2.95295e-010
48.6577 3.31481e-010
48.6532 3.13049e-010
48.6487 6.40963e-010
48.6442 3.20195e-010
48.6397 3.35858e-010
48.6353 3.75794e-010
48.6308 3.23833e-010
48.6263 3.73417e-010
48.6217 3.88665e-010
48.6172 3.47716e-010
48.6127 3.42893e-010
48.608 1.31046e-006
48.6033 1.82437e-010
48.5986 1.53134e-010
48.5939 1.48811e-010
48.5892 1.64131e-010
48.5845 1.6403e-010
48.5798 2.05165e-010
48.5751 1.77202e-010
48.5703 1.90612e-010
48.5656 1.62737e-010
48.5609 1.84651e-010
48.5562 1.58753e-010
48.5514 2.14e-010
48.5467 2.44148e-010
48.542 1.71382e-010
48.5373 1.46603e-010
48.5324 6.04315e-007
48.5275 1.42443e-010
48.5226 1.31547e-010
48.5177 1.29987e-010
48.5129 1.64891e-010
48.508 1.25186e-010
48.5031 7.48157e-011
48.4982 1.41874e-010
48.4933 5.62617e-008
48.4884 1.3707e-010
48.4835 1.0629e-010
48.4786 1.21564e-008
48.4736 1.30702e-010
48.4687 1.54044e-010
48.4637 1.66639e-010
48.4587 1.8012e-010
48.4537 1.27978e-010
48.4487 1.31248e-010
48.4438 1.21258e-010
48.4388 1.39796e-010
48.4338 1.24353e-010
48.4288 1.48866e-010
48.4238 1.62395e-010
48.4188 9.0342e-011
48.4139 1.03901e-010
48.4089 1.42173e-009
48.4039 1.37562e-010
48.3989 8.96012e-011
48.3939 1.33112e-010
48.3889 1.36502e-010
48.3839 8.16431e-011
48.3789 8.03366e-011
48.3739 1.32814e-010
48.3689 7.91571e-011
48.3639 1.58143e-010
48.3589 1.01529e-010
48.3539 1.88607e-010
48.3489 1.59548e-010
48.3439 1.33607e-010
48.3389 1.49332e-010
48.3339 1.26473e-010
48.3289 1.00788e-010
48.3239 1.52613e-010
48.3189 1.91794e-007
48.3138 1.31305e-010
48.3088 1.09234e-010
48.3038 1.43307e-010
48.2988 1.25044e-010
48.2938 1.4279e-010
48.2888 9.58718e-011
48.2838 8.60885e-011
48.2788 1.27561e-010
48.2737 1.11282e-010
48.2687 1.75228e-009
48.2637 9.28981e-011
48.2586 1.17373e-010
48.2536 6.36238e-011
48.2486 -4.49785e-009
48.2436 1.46932e-010
48.2386 1.36576e-010
48.2336 1.23858e-010
48.2286 1.49375e-010
48.2236 1.53004e-010
48.2186 1.1952e-010
48.2136 1.28064e-010
48.2086 9.03668e-011
48.2036 1.22887e-010
48.1986 1.5311e-010
48.1936 9.30962e-011
48.1887 -1.86236e-009
48.1838 1.20638e-010
48.1788 9.00719e-011
48.1739 9.31886e-011
48.169 1.33339e-010
48.1641 1.32776e-010
48.1592 1.39359e-010
48.1543 9.27312e-011
48.1494 9.54303e-011
48.1445 1.54717e-010
48.1396 1.76557e-010
48.1347 1.35429e-010
48.1298 1.16779e-010
48.1249 1.02512e-010
48.12 9.88463e-011
48.1151 1.34754e-010
48.1101 1.023e-010
48.1052 1.27898e-010
48.1003 1.6634e-010
48.0954 1.05883e-010
48.0906 -1.08414e-008
48.0858 1.22684e-010
48.081 1.25523e-010
48.0762 9.67333e-011
48.0714 1.59137e-010
48.0666 1.20174e-010
48.0618 1.21192e-010
48.057 1.08731e-010
48.0522 1.15362e-010
48.0474 1.82012e-009
48.0425 1.47285e-010
48.0377 1.17472e-010
48.0329 1.12957e-010
48.028 9.26015e-011
48.0232 1.30976e-010
48.0184 8.97451e-011
48.0136 3.53461e-007
48.0091 4.53877e-011
48.0047 9.80194e-011
48.0003 -8.44244e-009
47.9959 3.83658e-011
47.9915 8.45564e-011
47.9871 3.78844e-011
47.9828 1.39987e-007
47.9791 5.66413e-008
47.9754 1.57954e-011
47.9716 -1.59268e-011
47.9679 -3.94351e-013
47.9642 3.67351e-011
47.9604 1.12159e-011
47.9567 -1.44862e-011
47.953 4.07567e-011
47.9493 -3.18839e-009
47.9456 3.55322e-008
47.9428 4.4885e-011
47.9399 6.7768e-011
47.937 1.07914e-011
47.9341 3.24896e-011
47.9312 1.44169e-011
47.9284 2.08118e-011
47.9255 3.62519e-011
47.9226 -9.77352e-012
47.9199 7.96471e-007
47.9177 3.32765e-010
47.9155 3.36247e-011
47.9133 2.83773e-011
47.9112 3.88471e-011
47.909 9.26068e-011
47.9069 2.60467e-007
47.905 9.85026e-009
47.9031 1.77742e-011
47.9012 2.40572e-011
47.8994 -3.28892e-011
47.8975 -2.18652e-011
47.8956 -1.5854e-011
47.8937 -8.34994e-011
47.8919 5.03331e-011
47.89 1.65404e-009
47.8881 -1.06901e-011
47.8862 -6.73239e-012
47.8843 -1.38556e-013
47.8824 4.03269e-011
47.8805 2.691e-011
47.8786 5.82343e-011
47.8767 4.50946e-011
47.8748 -3.03881e-011
47.8729 3.784e-011
47.871 4.92033e-011
47.8691 -4.7784e-013
47.8672 -3.16742e-011
47.8653 6.23768e-011
47.8634 2.66933e-011
47.8615 2.86313e-011
47.8596 4.23555e-011
47.8577 2.38209e-012
47.8558 1.05551e-011
47.854 -4.51006e-009
47.8521 0.000223655
47.8501 2.40874e-011
47.8481 2.15401e-011
47.846 -3.74456e-012
47.844 -1.4424e-012
47.842 5.6715e-009
47.84 -1.40545e-011
47.838 2.30358e-011
47.836 -2.15987e-011
47.834 5.09903e-011
47.832 -2.3519e-012
47.83 -2.97646e-011
47.828 5.80998e-010
47.826 1.66018e-011
47.8241 -8.80215e-009
47.8218 6.5658e-006
47.8193 -2.4496e-012
47.8167 3.76248e-006
47.8139 1.66016e-005
47.811 8.41227e-006
47.808 1.62976e-008
47.8051 1.6843e-008
47.8021 1.77246e-008
47.7991 1.87069e-008
47.7961 1.97083e-008
47.7931 2.0857e-008
47.7901 2.20118e-008
47.7871 2.32882e-008
47.7841 2.4729e-008
47.7811 2.61393e-008
47.778 2.78369e-008
47.7729 0.00127995
47.7673 3.96359e-006
47.7616 3.51116e-006
47.7558 4.7637e-006
47.7509 0.000395847
47.7462 1.83366e-006
47.7414 0.000615429
47.7366 1.81446e-006
47.7315 3.27211e-006
47.7272 0.00500229
47.7235 1.4541e-007
47.7197 7.15913e-007
47.7159 8.68596e-007
47.712 1.56365e-006
47.7079 1.42507e-006
47.7039 5.77468e-007
47.701 1.10191e-007
47.6981 1.22509e-007
47.6952 1.36789e-007
47.6923 1.53391e-007
47.6893 1.72844e-007
47.6863 1.95809e-007
47.6833 2.23021e-007
47.6803 2.55644e-007
47.6772 2.94943e-007
47.6741 3.42869e-007
47.6717 6.74764e-005
47.6702 5.85214e-009
47.6687 4.13337e-009
47.6672 4.29667e-009
47.6657 4.47423e-009
47.6642 4.67289e-009
47.6627 4.85409e-009
47.6612 5.09048e-009
47.6593 2.6137e-005
47.6572 1.06046e-008
47.6551 1.07036e-008
47.653 1.12315e-008
47.6509 1.18476e-008
47.6488 1.22915e-008
47.6468 1.32172e-008
47.6447 1.40049e-008
47.6426 1.47522e-008
47.6406 1.56817e-008
47.6385 1.66471e-008
47.6364 1.76931e-008
47.6343 1.8845e-008
47.6323 2.00879e-008
47.6302 2.14696e-008
47.6281 2.29417e-008
47.626 2.45537e-008
47.6239 2.63774e-008
47.6218 2.83067e-008
47.6196 3.05306e-008
47.6175 3.2944e-008
47.6155 5.22112e-006
47.6141 4.09109e-009
47.6128 2.94826e-007
47.6116 4.15977e-009
47.6105 4.34938e-009
47.6093 4.51462e-009
47.6081 4.71099e-009
47.607 4.93656e-009
47.6058 5.13167e-009
47.6046 5.38065e-009
47.6035 5.63571e-009
47.6023 5.90787e-009
47.6011 6.19949e-009
47.6 6.48034e-009
47.5988 6.84002e-009
47.5976 7.17346e-009
47.5964 7.56981e-009
47.5953 7.97508e-009
47.5941 8.40817e-009
47.5929 8.87771e-009
47.5917 9.38162e-009
47.5905 9.94855e-009
47.5893 1.05625e-008
47.5881 1.12085e-008
47.587 1.19273e-008
47.5858 1.2696e-008
47.5844 3.32781e-005
47.5828 2.91767e-009
47.5812 2.10854e-009
47.5796 9.87105e-008
47.5782 1.4788e-006
47.5768 4.29005e-009
47.5754 4.47795e-009
47.574 4.68516e-009
47.5726 4.91718e-009
47.5711 5.18264e-009
47.5697 5.43407e-009
47.5683 5.73821e-009
47.5673 2.90543e-005
47.5664 1.26095e-008
47.5655 1.26453e-008
47.5646 1.35952e-008
47.5636 1.46677e-008
47.5627 1.58355e-008
47.5618 1.71781e-008
47.5608 1.8616e-008
47.5599 2.02745e-008
47.5589 2.21256e-008
47.558 2.42261e-008
47.5571 1.0947e-007
47.5561 2.3165e-008
47.5551 2.56373e-008
47.5542 2.85145e-008
47.5532 3.18404e-008
47.5522 9.46487e-006
47.5512 2.7105e-007
47.5502 3.36275e-007
47.5492 4.3758e-007
47.5481 5.84193e-007
47.5471 8.04499e-007
47.546 5.71954e-007
47.5449 9.31127e-007
47.5438 1.17178e-006
47.5427 1.72646e-006
47.5416 2.65235e-006
47.5404 4.38309e-006
47.5392 8.02662e-006
47.5379 1.71719e-005
47.5365 0.00875843
47.535 1.9831e-005
47.5332 0.000121906
47.5308 0.00119579
47.5298 0.0738764
47.5146 4.80584e-008
47.4909 0.000876249
47.439 0.000331576
47.4077 -0.00121517
47.371 0.00078794
47.2993 0.116789
47.255 0.0190151
47.2143 -5.57638e-008
47.1747 3.45045e-005
47.1311 4.97645e-005
47.0825 7.54499e-005
47.0276 -0.0652705
46.9651 0.000106487
46.8886 0.000161014
46.787 1.44449e-006
46.7207 2.71461e-005
46.69 -1.65987e-006
46.7057 2.51768e-009
46.7176 1.51544e-005
46.7267 1.11971e-009
46.7357 1.06922e-009
46.7448 1.10475e-009
46.7538 1.09901e-009
46.7628 1.1162e-009
46.7718 1.15869e-009
46.7809 1.15857e-009
46.7899 1.1435e-009
46.7988 1.19803e-009
46.8078 1.19086e-009
46.8168 1.22202e-009
46.8258 1.2015e-009
46.8347 1.22015e-009
46.8416 4.05735e-005
46.8463 3.13672e-007
46.8505 3.35004e-007
46.8545 3.62919e-007
46.858 3.94058e-007
46.8612 4.28965e-007
46.8677 0.000145363
46.8852 6.20198e-009
46.9027 5.4997e-009
46.9206 9.07733e-007
46.9388 4.42918e-009
46.957 4.46717e-009
46.9752 4.52124e-009
46.9933 4.57411e-009
47.0114 4.63918e-009
47.0295 4.70562e-009
47.0475 4.76784e-009
47.0655 4.84017e-009
47.0834 4.93306e-009
47.1013 4.98009e-009
47.1192 5.02948e-009
47.137 5.10596e-009
47.1548 5.21818e-009
47.1726 5.27387e-009
47.1903 5.33413e-009
47.208 5.43377e-009
47.2256 5.52606e-009
47.2432 5.59833e-009
47.2608 5.67092e-009
47.2744 4.4966e-005
47.2739 7.75362e-011
47.2734 5.75522e-011
47.2728 6.24443e-011
47.2723 6.41123e-011
47.2718 6.5171e-011
47.2713 3.82308e-011
47.2708 5.15907e-011
47.2702 2.7816e-011
47.2697 2.86864e-011
47.2692 5.28981e-011
47.2687 3.61098e-011
47.2682 5.65183e-011
47.2676 3.69645e-008
47.2671 4.58122e-011
47.2665 5.47722e-011
47.266 1.05591e-009
47.2654 3.85274e-011
47.2648 1.12767e-006
47.2641 4.37232e-011
47.2635 4.82441e-011
47.2628 7.34008e-011
47.2622 4.08917e-011
47.2615 2.57687e-007
47.261 4.82991e-011
47.2604 4.43592e-011
47.2598 5.00968e-011
47.2592 5.19247e-011
47.2586 6.11582e-011
47.2581 6.53184e-011
47.2575 4.22862e-011
47.2569 8.31026e-007
47.2562 3.57758e-011
47.2556 5.40368e-011
47.2549 6.31815e-011
47.2543 3.58984e-011
47.2537 4.66986e-011
47.253 5.14273e-011
47.2524 4.60076e-011
47.2518 4.74216e-011
47.2511 5.81064e-011
47.2505 4.17106e-011
47.2498 5.15268e-011
47.2492 5.48965e-011
47.2486 6.0929e-011
47.2479 4.55849e-011
47.2473 6.41851e-011
47.2466 6.00409e-011
47.2459 2.61104e-006
47.2452 1.31232e-010
47.2444 1.23906e-010
47.2436 1.16975e-010
47.2428 1.35509e-010
47.242 1.25278e-010
47.2413 1.25409e-010
47.2405 1.47782e-010
47.2397 1.18298e-010
47.2389 1.23469e-010
47.2381 1.45138e-007
47.2373 1.19357e-010
47.2364 1.05675e-010
47.2356 1.18566e-010
47.2348 1.21139e-010
47.234 3.29414e-008
47.2333 1.00789e-010
47.2327 9.19638e-011
47.232 8.03446e-011
47.2314 9.73053e-011
47.2308 1.00979e-010
47.2301 9.74794e-011
47.2295 9.22107e-011
47.2288 1.01178e-010
47.2282 9.67191e-011
47.2275 8.90594e-011
47.2269 9.42997e-011
47.2262 9.96181e-011
47.2256 1.02368e-010
47.2249 8.98659e-011
47.2243 9.1763e-011
47.2236 1.04258e-010
47.223 8.50129e-011
47.2223 9.40155e-011
47.2216 1.0569e-010
47.221 7.43974e-011
47.2203 9.91633e-011
47.2197 1.08425e-010
47.219 9.18021e-011
47.2184 1.08528e-010
47.2177 9.99627e-011
47.217 1.13957e-010
47.2164 9.87974e-011
47.2157 1.05167e-010
47.2151 1.04023e-010
47.2144 1.13733e-010
47.2137 1.08798e-010
47.2131 1.23723e-010
47.2124 1.00552e-010
47.2117 1.11495e-010
47.2111 4.18767e-008
47.2104 2.57174e-010
47.2097 2.49106e-010
47.209 2.58517e-010
47.2083 2.63761e-010
47.2076 2.69484e-010
47.2069 2.72099e-010
47.2063 2.7519e-010
47.2056 2.82753e-010
47.2049 2.91461e-010
47.2041 5.21838e-006
47.2033 2.9781e-008
47.2025 3.20654e-008
47.2017 3.54416e-008
47.2008 3.92745e-008
47.2002 6.70789e-005
47.1998 1.35524e-009
47.1994 4.15962e-010
47.199 4.31339e-010
47.1985 4.20613e-010
47.1981 4.62595e-010
47.1977 4.53348e-010
47.1972 4.90772e-010
47.1968 5.02261e-010
47.1964 4.97565e-010
47.196 5.31156e-010
47.1955 5.43132e-010
47.1951 5.72314e-010
47.1947 5.85803e-010
47.1942 6.06629e-010
47.1938 6.26432e-010
47.1934 6.43681e-010
47.1929 6.66407e-010
47.1925 6.99735e-010
47.192 7.35035e-010
47.1916 7.65475e-010
47.1912 7.74708e-010
47.1907 8.19096e-010
47.1903 8.45116e-010
47.1898 8.63395e-010
47.1894 9.11591e-010
47.189 9.42258e-010
47.1885 9.85956e-010
47.1881 1.01841e-009
47.1876 1.0574e-009
47.1872 1.10862e-009
47.1867 1.14336e-009
47.1863 1.20385e-009
47.1858 1.24766e-009
47.1854 1.29481e-009
47.185 1.36254e-009
47.1845 1.43154e-009
47.1841 1.49313e-009
47.1836 1.54433e-009
47.1831 1.62437e-009
47.1827 1.71357e-009
47.1822 1.793e-009
47.1818 1.19905e-007
47.1813 2.45227e-009
47.1808 2.5738e-009
47.1804 2.71305e-009
47.1799 2.85587e-009
47.1794 3.0024e-009
47.179 3.17056e-009
47.1785 3.35284e-009
47.178 3.53993e-009
47.1775 3.73401e-009
47.1771 3.95216e-009
47.1766 4.18532e-009
47.1761 4.4409e-009
47.1756 4.71561e-009
47.1751 5.01117e-009
47.1747 5.34054e-009
47.1742 5.6748e-009
47.1737 6.06572e-009
47.1732 6.48237e-009
47.1727 6.92131e-009
47.1722 1.77386e-007
47.1716 2.71499e-009
47.1711 2.85621e-009
47.1705 3.03054e-009
47.17 3.22105e-009
47.1694 3.42528e-009
47.1689 3.65431e-009
47.1683 3.88726e-009
47.1678 4.14146e-009
47.1672 4.43528e-009
47.1666 4.74334e-009
47.1661 5.083e-009
47.1655 5.44545e-009
47.1649 5.88263e-009
47.1644 6.31406e-009
47.1638 6.82643e-009
47.1632 7.3758e-009
47.1626 7.97714e-009
47.1621 8.67539e-009
47.1615 9.44496e-009
47.1609 1.02968e-008
47.1603 1.12579e-008
47.1597 2.77051e-008
47.1591 1.3754e-008
47.1585 1.5171e-008
47.1579 1.67713e-008
47.1574 1.86351e-008
47.1567 2.07551e-008
47.1561 2.32007e-008
47.1555 2.60639e-008
47.1549 2.94017e-008
47.1543 3.33374e-008
47.1537 3.80266e-008
47.1531 4.36006e-008
47.1524 5.0324e-008
47.1518 5.84834e-008
47.1511 6.84848e-008
47.1505 8.09125e-008
47.1498 9.65137e-008
47.1492 1.16385e-007
47.1485 1.42071e-007
47.1478 1.759e-007
47.1471 2.21288e-007
47.1464 2.83717e-007
47.1457 3.71938e-007
47.145 5.00747e-007
47.1442 6.96444e-007
47.1435 1.00877e-006
47.1427 1.53926e-006
47.1418 2.51714e-006
47.141 4.53391e-006
47.14 9.43518e-006
47.139 2.4955e-005
47.1378 0.000807335
47.1359 0.0249031
47.1321 0.000251829
47.126 2.04179e-005
47.1171 2.92978e-005
47.1153 0.000960386
47.1145 1.28201e-005
47.1067 1.23035e-005
47.0965 1.69531e-005
47.0834 2.42976e-005
47.0668 3.65975e-005
47.0458 5.88571e-005
47.0191 0.000103618
46.976 8.12985e-008
46.9323 3.14264e-008
46.8899 2.74389e-006
46.8565 1.2168e-008
46.823 1.23754e-008
46.7894 1.26095e-008
46.7558 1.28611e-008
46.7221 1.50087e-008
46.6883 1.34382e-008
46.6545 1.36871e-008
46.6205 1.39988e-008
46.5865 1.42618e-008
46.5591 7.78392e-005
46.5572 1.38654e-006
46.5553 -2.31779e-011
46.5535 -3.363e-011
46.5516 -1.67688e-012
46.5497 6.14264e-012
46.5478 1.87796e-011
46.546 -1.67937e-011
46.5441 5.19051e-012
46.5422 8.48743e-012
46.5403 4.5155e-012
46.5385 -1.50884e-011
46.5366 3.37508e-012
46.5347 -1.53833e-011
46.5328 4.69704e-011
46.531 2.17248e-011
46.5291 1.10703e-011
46.5312 2.47859e-006
46.5339 -5.45768e-011
46.5365 -2.71854e-011
46.5392 7.38964e-013
46.5418 -2.61942e-011
46.5445 -1.44595e-012
46.5471 1.81011e-011
46.5498 -1.12621e-011
46.5524 -1.14149e-011
46.5551 -4.83169e-012
46.5577 -2.17781e-011
46.5604 -1.19513e-011
46.5632 3.31592e-006
46.5673 1.10783e-008
46.5712 1.12668e-008
46.5828 0.000283779
46.6002 1.50265e-007
46.6176 2.20258e-010
46.635 1.77241e-010
46.6524 1.81611e-010
46.6698 1.91228e-010
46.6872 2.42913e-010
46.7045 2.28585e-010
46.7219 1.9406e-010
46.7393 1.18007e-010
46.7566 2.27526e-010
46.774 1.78868e-010
46.7914 1.62231e-010
46.8087 2.19298e-010
46.8261 2.26883e-010
46.8434 2.47166e-010
46.8608 1.88521e-010
46.8752 1.06346e-005
46.8756 1.88969e-011
46.876 -1.1287e-011
46.8763 -9.44667e-012
46.8767 1.08358e-012
46.8771 5.65947e-012
46.8775 3.57758e-012
46.878 0.00476804
46.8785 -1.84222e-010
46.879 2.34337e-011
46.8795 -1.64526e-011
46.88 -2.73594e-011
46.8805 -6.0318e-011
46.8811 -1.54046e-011
46.8816 -6.09504e-011
46.8821 3.31646e-011
46.8826 -1.10347e-011
46.8831 5.70495e-011
46.8836 1.09814e-011
46.8842 1.97034e-011
46.8847 -4.59721e-012
46.8852 2.35616e-011
46.8857 -2.70788e-011
46.8862 1.65485e-011
46.8867 9.39337e-012
46.8873 1.29354e-011
46.8878 -1.9206e-011
46.8883 -1.56781e-011
46.8888 -1.93516e-011
46.8893 3.0191e-011
46.8898 -9.91207e-012
46.8904 -9.75575e-012
46.8909 -5.08393e-011
46.8914 4.04512e-011
46.8919 -1.71596e-012
46.8924 -1.45981e-011
46.8929 2.34834e-012
46.8935 1.79234e-011
46.894 1.12372e-011
46.8945 3.07878e-011
46.895 -4.12825e-012
46.8955 -2.15081e-011
46.896 2.78177e-012
46.8965 1.57241e-009
46.897 -9.26548e-012
46.8975 -3.62412e-011
46.898 1.26938e-011
46.8985 -9.6918e-012
46.899 -4.18154e-012
46.8995 2.3018e-011
46.9 4.15778e-010
46.9005 2.89013e-011
46.901 1.68559e-010
46.9015 2.96581e-011
46.902 5.62395e-012
46.9024 6.45279e-011
46.9029 1.1795e-012
46.9034 -7.68914e-011
46.9039 7.65183e-011
46.9044 -2.19913e-012
46.9048 -3.47811e-012
46.9053 -1.9174e-011
46.9058 6.09468e-011
46.9063 3.0667e-011
46.9067 3.90799e-014
46.9072 6.18172e-013
46.9077 2.43077e-011
46.9082 4.04796e-011
46.9087 5.60618e-012
46.9091 -1.0079e-011
46.9096 3.9671e-010
46.9101 4.6132e-011
46.9105 3.91864e-012
46.911 -4.26326e-014
46.9115 3.67741e-011
46.912 4.67217e-011
46.9124 -1.9682e-012
46.9129 -1.33831e-011
46.9134 -1.05516e-011
46.9138 -5.69642e-011
46.9143 -3.54561e-012
46.9148 7.88347e-012
46.9152 -4.28102e-012
46.9157 -9.49996e-012
46.9162 -2.97398e-011
46.9166 -8.26006e-012
46.9165 -1.41334e-007
46.9163 -3.91118e-011
46.9161 -1.66267e-011
46.9159 1.05018e-011
46.9157 -1.21965e-011
46.9155 2.69402e-011
46.9153 9.37561e-012
46.9151 -1.63496e-011
46.9149 3.71259e-012
46.9147 -4.36984e-012
46.9145 -1.72662e-012
46.9143 1.74296e-011
46.9141 -2.15827e-011
46.9139 7.25464e-012
46.9137 8.91731e-012
46.9135 -2.60769e-011
46.9134 -5.25802e-013
46.9132 -1.89004e-011
46.913 -7.27951e-012
46.9128 -8.18901e-012
46.9126 3.19744e-014
46.9124 6.2883e-013
46.9122 -1.60085e-011
46.912 3.47633e-011
46.9118 -3.49232e-012
46.9116 -1.22213e-011
46.9114 -1.86233e-011
46.9112 -1.78204e-011
46.911 6.57252e-012
46.9108 -1.48788e-011
46.9106 -3.4337e-011
46.9104 -2.18598e-011
46.9102 -8.88178e-013
46.91 -2.34195e-011
46.9098 -2.5377e-011
46.9096 -5.42251e-011
46.9094 1.1628e-011
46.9092 2.09788e-011
46.9089 3.42502e-009
46.9085 -1.4051e-011
46.9081 1.62821e-011
46.9077 -4.6132e-011
46.9073 2.14655e-011
46.9069 -1.4559e-011
46.9065 2.90754e-011
46.9061 -8.68283e-012
46.9057 -1.58167e-011
46.9053 1.96785e-011
46.9049 3.92859e-011
46.9045 -1.61435e-011
46.9041 3.606e-012
46.9037 -3.2589e-011
46.9033 -8.00426e-012
46.9029 2.04885e-011
46.9025 -8.87113e-012
46.9021 1.67226e-011
46.9016 -5.85096e-011
46.9012 -2.31601e-011
46.9008 -2.04281e-012
46.9004 -2.00089e-011
46.9 -3.14735e-011
46.8996 7.00595e-012
46.8992 4.05187e-011
46.8988 6.44462e-012
46.8984 2.19949e-011
46.898 2.72777e-011
46.8976 -2.01439e-012
46.8972 -2.04388e-011
46.8968 -1.66587e-011
46.8964 1.61968e-011
46.896 -8.88889e-012
46.8956 1.74616e-011
46.8952 3.90088e-012
46.8948 -4.00249e-011
46.8944 3.62128e-011
46.894 3.32498e-011
46.8936 1.20792e-013
46.8932 -2.24816e-011
46.8928 1.08145e-011
46.8924 -2.19202e-011
46.892 -1.25873e-011
46.8916 -1.76783e-011
46.8912 7.59925e-012
46.8908 4.59721e-012
46.8904 1.89715e-011
46.89 -6.25278e-012
46.8895 -3.09193e-011
46.8891 -5.27223e-012
46.8887 -2.46239e-011
46.8883 2.74056e-011
46.8879 2.0048e-011
46.8875 9.41469e-013
46.8871 -2.20126e-011
46.8867 -8.10019e-013
46.8863 -3.12035e-011
46.8859 4.76419e-012
46.8855 -2.34941e-011
46.8851 -3.66285e-012
46.8847 1.03313e-011
46.8843 -4.23626e-011
46.8839 -1.28537e-011
46.8835 6.33094e-012
46.8831 8.27708e-009
46.8827 8.71481e-012
46.8823 -1.14753e-011
46.8819 3.18963e-011
46.8815 -2.2947e-011
46.8811 7.47136e-012
46.8807 2.21867e-011
46.8803 -1.60902e-011
46.8799 -1.93303e-011
46.8795 8.6402e-012
46.8791 -6.78568e-013
46.8787 7.5282e-012
46.8783 0
46.8779 1.22569e-012
46.8775 9.41114e-012
46.8771 -1.50209e-011
46.8767 1.96714e-011
46.8763 1.33902e-011
46.8759 -5.44986e-012
46.8754 -1.04379e-011
46.875 -3.84759e-012
46.8746 -2.20233e-011
46.8742 2.39773e-011
46.8738 -2.39631e-011
46.8734 1.76215e-011
46.873 -9.50351e-012
46.8726 1.28324e-011
46.8722 2.23181e-011
46.8718 1.50493e-011
46.8714 1.97637e-011
46.871 3.51719e-012
46.8706 -3.78257e-011
46.8702 -1.20401e-011
46.8698 4.68461e-011
46.8694 -1.80371e-011
46.869 8.896e-012
46.8686 -2.52243e-013
46.8682 -1.29567e-011
46.8678 -2.63611e-012
46.8674 3.22409e-011
46.867 2.50573e-011
46.8666 7.93676e-012
46.8662 -2.10321e-011
46.8658 1.13687e-012
46.8654 1.04912e-011
46.865 -2.64855e-011
46.8646 -1.34435e-011
46.8642 1.38307e-011
46.8638 2.83897e-011
46.8634 2.60627e-011
46.863 1.24594e-011
46.8626 -1.8229e-011
46.8622 3.29017e-011
46.8618 7.35056e-012
46.8614 -5.32907e-014
46.861 -1.99591e-011
46.8606 1.33298e-011
46.8602 2.04636e-012
46.8598 -1.6982e-011
46.8594 -1.12195e-011
46.859 1.9341e-011
46.8586 1.27116e-011
46.8582 5.50671e-012
46.8578 -5.53868e-012
46.8574 -1.27187e-011
46.857 1.27258e-011
46.8566 -1.90745e-011
46.8562 2.0659e-011
46.8558 3.79963e-011
46.8554 7.27951e-012
46.855 -9.30811e-012
46.8546 2.62936e-011
46.8542 -1.13722e-011
46.8538 -2.4361e-011
46.8534 -3.92362e-011
46.853 -2.14015e-011
46.8526 -3.24647e-011
46.8522 2.93099e-011
46.8518 8.32046e-012
46.8514 1.33937e-012
46.851 -1.42677e-011
46.8506 -3.68274e-011
46.8502 3.12639e-013
46.8498 -2.09432e-011
46.8494 -6.71463e-012
46.849 -9.54259e-012
46.8486 4.87432e-012
46.8482 7.92255e-012
46.8478 8.45191e-012
46.8474 9.99734e-012
46.847 -1.17204e-011
46.8466 9.76641e-012
46.8462 1.84421e-011
46.8458 -1.0008e-011
46.8454 -8.60823e-012
46.845 -9.9476e-014
46.8446 -1.15215e-011
46.8442 -3.52678e-011
46.8438 2.77076e-011
46.8434 2.98748e-011
46.843 7.10543e-012
46.8426 -9.05942e-013
46.8422 1.38947e-011
46.8418 -4.00391e-012
46.8414 1.40936e-011
46.841 -1.57492e-011
46.8406 6.01474e-012
46.8402 2.37428e-011
46.8398 1.70743e-011
46.8394 -8.32401e-012
46.839 2.14584e-011
46.8386 -1.27365e-011
46.8382 -8.45901e-012
46.8378 -1.80229e-011
46.8374 -4.40181e-012
46.837 1.49818e-011
46.8366 -1.8396e-011
46.8362 -2.83684e-011
46.8358 2.37961e-011
46.8354 2.17817e-011
46.835 8.55849e-012
46.8346 2.31957e-011
46.8342 -1.62501e-011
46.8338 2.47731e-011
46.8334 -1.92202e-012
46.833 9.72733e-012
46.8326 8.39506e-012
46.8322 3.48876e-011
46.8318 5.71632e-012
46.8314 -2.68585e-012
46.831 -1.40084e-011
46.8306 1.47686e-011
46.8302 -2.94555e-011
46.8298 -6.9349e-012
46.8294 -6.0254e-012
46.829 -8.77165e-012
46.8286 2.21974e-011
46.8282 6.71463e-012
46.8278 2.31211e-011
46.8274 -1.05445e-011
46.827 6.64002e-012
46.8266 6.18172e-013
46.8262 -2.4464e-011
46.8258 1.52234e-011
46.8254 -2.80664e-011
46.825 1.47757e-011
46.8246 4.32365e-012
46.8242 -1.82006e-011
46.8238 -6.40199e-012
46.8234 2.13589e-011
46.823 1.73337e-011
46.8226 2.8237e-011
46.8222 7.17648e-013
46.8218 1.46194e-011
46.8214 -7.21556e-012
46.821 -2.20055e-011
46.8207 1.62785e-011
46.8203 -3.20242e-011
46.8199 3.67706e-012
46.8195 1.12337e-011
46.8191 -2.15614e-011
46.8187 -2.09788e-011
46.8183 -2.91216e-011
46.8179 -3.40279e-011
46.8175 1.2804e-011
46.8171 1.42109e-012
46.8167 1.15534e-011
46.8163 2.81197e-011
46.8159 1.83558e-008
46.8155 -4.07852e-012
46.8151 -2.81375e-011
46.8147 -2.83862e-012
46.8143 7.47136e-012
46.8139 2.52989e-011
46.8135 -1.78346e-012
46.8131 1.29887e-011
46.8127 -1.27187e-011
46.8123 -1.32623e-011
46.8119 2.89369e-011
46.8115 2.34586e-011
46.8111 1.48006e-011
46.8107 2.04885e-011
46.8103 -1.78986e-011
46.8099 -2.0357e-012
46.8095 -1.30314e-011
46.8091 2.86171e-011
46.8087 3.49587e-012
46.8083 -1.09956e-011
46.8079 5.69855e-012
46.8075 1.56923e-011
46.8071 -5.9579e-012
46.8067 1.43601e-011
46.8063 -1.39195e-011
46.806 3.73177e-011
46.8056 2.87415e-011
46.8052 -3.29727e-011
46.8048 -4.92015e-011
46.8044 2.91855e-011
46.804 -7.47136e-012
46.8036 -3.46745e-012
46.8032 -5.56e-012
46.8028 3.12781e-011
46.8024 2.50822e-012
46.802 1.22249e-011
46.8016 1.02887e-011
46.8012 6.93845e-012
46.8008 -1.35643e-011
46.8004 2.15401e-011
46.8 1.8094e-011
46.7996 -3.48699e-011
46.7992 -5.10596e-011
46.7988 4.81748e-012
46.7984 -7.29017e-012
46.798 3.89875e-011
46.7976 1.85807e-012
46.7972 -1.3042e-011
46.7968 -5.04485e-012
46.7964 -1.3145e-013
46.796 1.35891e-011
46.7956 -2.70468e-011
46.7953 -3.33422e-011
46.7949 -9.31522e-012
46.7945 -5.08038e-013
46.7941 2.332e-011
46.7937 9.8801e-012
46.7933 1.28644e-011
46.7929 -3.63869e-011
46.7925 -1.97247e-011
46.7921 2.386e-011
46.7917 -7.81952e-012
46.7913 -2.49401e-012
46.7909 -3.12923e-011
46.7905 -3.44933e-011
46.7901 -3.31468e-012
46.7897 -1.15001e-011
46.7893 -5.50315e-012
46.7889 1.5703e-012
46.7885 -2.46203e-012
46.7881 -6.44818e-012
46.7877 1.14504e-011
46.7873 2.56009e-011
46.7869 1.21751e-011
46.7866 -1.09566e-011
46.7862 3.63087e-012
46.7858 3.05072e-011
46.7854 1.15392e-011
46.785 -8.09308e-012
46.7846 -1.05622e-011
46.7842 -2.85461e-011
46.7838 -7.10543e-014
46.7834 -2.69651e-012
46.783 -1.99307e-012
46.7826 2.70255e-011
46.7822 -5.28644e-012
46.7818 1.01075e-011
46.7814 6.19238e-012
46.781 -5.34683e-012
46.7806 2.75691e-012
46.7802 -1.11022e-011
46.7798 -9.80194e-012
46.7795 1.94653e-011
46.7791 -1.0246e-011
46.7787 -4.34142e-012
46.7783 1.5639e-011
46.7779 6.96687e-012
46.7775 6.6791e-013
46.7771 9.24061e-012
46.7767 8.3098e-012
46.7763 -6.51212e-012
46.7759 -7.04858e-012
46.7755 6.55831e-012
46.7751 -1.08926e-011
46.7747 1.98632e-011
46.7743 2.4869e-014
46.7739 -7.53886e-012
46.7735 -1.84315e-011
46.7731 -1.42109e-011
46.7728 8.92442e-012
46.7724 -3.18501e-011
46.772 3.865e-011
46.7716 2.15579e-011
46.7712 1.6918e-011
46.7708 -3.19744e-014
46.7704 2.20375e-011
46.77 -2.56222e-011
46.7696 -7.18003e-012
46.7692 -3.13491e-011
46.7688 -3.4305e-011
46.7684 7.25819e-012
46.768 4.10552e-011
46.7676 -1.38911e-011
46.7672 -8.7681e-012
46.7669 2.94449e-011
46.7665 -2.30393e-011
46.7661 -1.86517e-012
46.7657 2.01403e-011
46.7653 1.63176e-011
46.7649 -5.1088e-011
46.7645 -1.43316e-011
46.7641 -5.43565e-013
46.7637 -2.71783e-012
46.7633 -3.25073e-012
46.7629 1.1724e-013
46.7625 -7.46425e-012
46.7621 -1.95399e-013
46.7618 5.29354e-013
46.7614 3.00453e-011
46.761 1.45626e-011
46.7606 -1.15747e-011
46.7602 -1.67475e-011
46.7598 -2.12417e-011
46.7594 4.35953e-011
46.759 3.24718e-011
46.7586 -4.72866e-012
46.7582 -2.03748e-011
46.7578 1.5099e-012
46.7574 -1.77813e-011
46.757 -1.79874e-011
46.7567 -5.38591e-012
46.7563 -1.40545e-011
46.7559 1.20295e-011
46.7555 4.29026e-011
46.7551 2.25278e-011
46.7547 8.88178e-013
46.7543 1.56284e-011
46.7539 -1.57137e-011
46.7535 -1.7284e-011
46.7531 -2.28582e-011
46.7527 3.69518e-011
46.7523 2.1906e-011
46.752 -1.32516e-011
46.7516 -2.04636e-011
46.7512 -5.57421e-012
46.7508 -6.10711e-012
46.7504 -1.53939e-011
46.75 7.42517e-013
46.7496 -4.19256e-011
46.7492 -1.87903e-011
46.7488 -2.00799e-011
46.7484 -7.56373e-012
46.748 -6.76437e-012
46.7476 -9.05587e-012
46.7473 -4.45866e-012
46.7469 1.00435e-011
46.7465 1.21823e-011
46.7461 9.12692e-012
46.7457 -2.80629e-011
46.7453 -8.56559e-012
46.7449 -1.99449e-011
46.7445 1.54365e-011
46.7441 -2.28333e-011
46.7437 -1.70743e-011
46.7433 3.45359e-011
46.743 2.90115e-011
46.7426 -1.7117e-011
46.7422 3.05462e-011
46.7418 -5.60618e-012
46.7414 -9.10916e-012
46.741 7.08766e-012
46.7406 3.55023e-011
46.7402 -1.70743e-011
46.7398 8.5727e-012
46.7394 -1.16742e-011
46.7391 4.33431e-012
46.7387 -2.27445e-011
46.7383 -1.81011e-011
46.7379 -1.91598e-011
46.7375 3.65183e-011
46.7371 -2.06235e-011
46.7367 9.30811e-013
46.7363 -7.43228e-012
46.7359 7.86216e-012
46.7355 -1.44915e-011
46.7352 7.53175e-012
46.7348 6.97042e-012
46.7344 1.54117e-011
46.734 -1.18696e-011
46.7336 -5.59908e-012
46.7332 1.21467e-011
46.7328 -7.6632e-012
46.7324 5.06866e-011
46.732 1.4353e-011
46.7316 1.58522e-011
46.7313 -1.59304e-011
46.7309 -1.52909e-011
46.7305 2.12843e-011
46.7301 -2.97007e-012
46.7297 3.80496e-012
46.7293 1.55005e-011
46.7289 1.70068e-011
46.7285 1.19407e-011
46.7281 -3.51932e-011
46.7278 -3.5314e-012
46.7274 2.72848e-012
46.727 8.37019e-012
46.7266 1.27047e-007
46.7262 3.48166e-013
46.7258 9.05942e-013
46.7254 -7.88702e-013
46.725 -1.35181e-011
46.7246 -1.58273e-011
46.7242 3.336e-012
46.7238 2.63825e-011
46.7235 1.7458e-011
46.7231 -1.66303e-011
46.7227 -1.39266e-012
46.7223 2.50111e-012
46.7219 3.11182e-011
46.7215 1.43388e-011
46.7211 2.19131e-011
46.7207 2.2105e-011
46.7203 3.91509e-012
46.7199 -1.30953e-011
46.7195 6.92779e-013
46.7191 7.36833e-012
46.7187 1.39444e-011
46.7184 7.53886e-012
46.718 -2.00231e-011
46.7176 1.17701e-011
46.7172 3.10152e-012
46.7168 -2.19025e-011
46.7164 1.39622e-012
46.716 2.28617e-011
46.7156 2.09504e-011
46.7152 -3.70903e-012
46.7148 5.35749e-012
46.7144 9.68114e-012
46.7141 1.43565e-011
46.7137 3.09797e-011
46.7133 9.19442e-012
46.7129 2.22578e-011
46.7125 2.40163e-012
46.7121 2.03606e-011
46.7117 -3.60245e-012
46.7113 8.60823e-012
46.7109 9.09495e-012
46.7105 2.44178e-011
46.7101 1.54152e-011
46.7098 2.31637e-012
46.7094 7.50333e-012
46.709 2.24887e-011
46.7086 7.53175e-012
46.7082 1.51665e-011
46.7078 -5.31486e-012
46.7074 8.11795e-012
46.707 -9.166e-013
46.7066 -7.69873e-012
46.7062 9.59233e-012
46.7058 2.43077e-011
46.7055 6.35936e-012
46.7051 2.16573e-011
46.7047 9.58522e-012
46.7043 1.44738e-011
46.7039 -6.66489e-012
46.7035 -9.61364e-012
46.7031 7.00595e-012
46.7027 -1.38201e-011
46.7023 2.67448e-011
46.7019 -6.73595e-012
46.7016 6.07514e-012
46.7012 2.8777e-012
46.7008 -6.46594e-013
46.7004 3.17328e-011
46.7 -1.13758e-011
46.6996 -1.90923e-011
46.6992 -7.89413e-012
46.6988 3.0532e-011
46.6984 3.24007e-012
46.698 -1.58735e-011
46.6977 -1.26548e-011
46.6973 -1.58451e-011
46.6969 -2.41371e-011
46.6965 1.52696e-011
46.6961 7.12674e-012
46.6957 1.21858e-011
46.6953 -8.67573e-012
46.6949 2.84714e-011
46.6945 8.84626e-012
46.6942 3.18181e-011
46.6938 8.60467e-012
46.6934 -3.70193e-012
46.693 -1.46159e-011
46.6926 2.28724e-011
46.6922 4.24762e-011
46.6918 -2.03997e-011
46.6914 -1.67617e-011
46.691 1.9682e-012
46.6907 -2.01439e-011
46.6903 1.87086e-011
46.6899 -3.44258e-011
46.6895 1.17168e-011
46.6891 2.73843e-011
46.6887 -3.44755e-011
46.6883 2.92033e-012
46.6879 -1.74794e-012
46.6875 -2.05489e-011
46.6872 2.78675e-011
46.6868 -6.12488e-012
46.6864 -2.03357e-011
46.686 -1.37277e-011
46.6856 -6.55831e-012
46.6852 2.01155e-011
46.6848 2.2446e-011
46.6844 -5.41434e-012
46.684 1.56817e-011
46.6837 5.05196e-012
46.6833 1.10916e-011
46.6829 8.88178e-012
46.6825 2.7363e-011
46.6821 1.0516e-011
46.6817 3.79501e-011
46.6813 -2.81659e-011
46.6809 2.84928e-012
46.6805 6.49436e-012
46.6802 2.17497e-011
46.6798 9.87654e-012
46.6794 2.70717e-012
46.679 1.14397e-012
46.6786 -2.11884e-011
46.6782 3.78009e-012
46.6778 -3.84404e-012
46.6774 1.45732e-011
46.677 -5.4925e-012
46.6767 3.52216e-011
46.6763 1.57598e-011
46.6759 9.59943e-012
46.6755 5.15143e-012
46.6751 1.70743e-011
46.6747 -1.30527e-011
46.6743 1.18945e-011
46.6739 -1.92131e-011
46.6736 -1.355e-011
46.6732 2.7363e-011
46.6728 2.40163e-011
46.6724 -8.06466e-012
46.672 1.36708e-011
46.6716 2.63256e-011
46.6712 9.92628e-012
46.6708 1.42251e-011
46.6705 1.47793e-011
46.6701 -1.43032e-011
46.6697 1.34861e-011
46.6693 -6.62936e-012
46.6689 8.7752e-012
46.6685 -3.2756e-012
46.6681 1.15463e-011
46.6677 7.10543e-012
46.6673 1.09495e-011
46.667 -3.5314e-012
46.6666 2.81588e-011
46.6662 7.51044e-012
46.6658 1.73372e-011
46.6654 2.01794e-012
46.665 1.73017e-011
46.6646 2.14087e-011
46.6642 -3.11928e-012
46.6639 1.9206e-011
46.6635 3.98757e-011
46.6631 -1.31379e-011
46.6627 -2.28297e-011
46.6623 2.85141e-011
46.6619 1.10987e-011
46.6615 -7.53175e-012
46.6612 5.30775e-012
46.6608 -1.02673e-011
46.6604 2.41585e-012
46.66 5.13012e-012
46.6596 -4.47642e-013
46.6592 -1.14539e-011
46.6588 3.62377e-012
46.6584 1.62146e-011
46.6581 2.8372e-011
46.6577 1.38343e-011
46.6573 1.24629e-011
46.6569 2.51887e-011
46.6565 -8.64731e-012
46.6561 2.04636e-012
46.6557 -2.51816e-011
46.6553 4.24691e-011
46.655 5.24381e-012
46.6546 1.35927e-011
46.6542 -1.46869e-011
46.6538 -3.33955e-013
46.6534 1.57669e-011
46.653 -7.12674e-012
46.6526 1.274e-011
46.6523 6.06093e-012
46.6519 2.38671e-011
46.6515 2.69935e-011
46.6511 1.42464e-011
46.6507 1.54614e-011
46.6503 7.62412e-012
46.6499 -1.03455e-011
46.6496 1.38911e-011
46.6492 7.73781e-012
46.6488 2.13447e-011
46.6484 2.51106e-011
46.648 2.03073e-011
46.6476 2.10605e-011
46.6472 -3.03402e-012
46.6469 2.08331e-011
46.6465 2.0357e-011
46.6461 -2.16005e-012
46.6457 1.76641e-011
46.6453 1.12266e-011
46.6449 2.42935e-011
46.6445 9.2939e-012
46.6442 1.29674e-011
46.6438 1.09068e-011
46.6434 3.45324e-012
46.643 3.65219e-011
46.6426 -3.55271e-013
46.6422 5.53513e-012
46.6418 1.06155e-011
46.6415 4.19718e-011
46.6411 9.9547e-012
46.6407 9.90497e-012
46.6403 1.81188e-012
46.6399 3.63798e-011
46.6395 3.5385e-012
46.6391 2.4805e-011
46.6388 1.80833e-011
46.6384 1.5504e-011
46.638 2.50537e-011
46.6376 -1.0246e-011
46.6372 1.36282e-011
46.6368 1.82254e-011
46.6364 1.93907e-011
46.6361 -1.62075e-011
46.6357 9.30811e-013
46.6353 1.84386e-011
46.6349 1.18234e-011
46.6345 2.06128e-011
46.6341 7.73781e-012
46.6338 1.4623e-011
46.6334 2.43574e-011
46.633 -8.41283e-012
46.6326 6.32383e-013
46.6322 2.90541e-011
46.6318 2.13021e-011
46.6314 1.38485e-011
46.6311 2.0755e-011
46.6307 -1.26761e-011
46.6303 2.7768e-011
46.6299 2.13163e-013
46.6295 1.93481e-011
46.6291 1.91349e-011
46.6288 2.6084e-011
46.6284 1.27898e-012
46.628 1.00187e-012
46.6276 1.34861e-011
46.6272 7.17648e-012
46.6268 2.42295e-012
46.6264 -1.09068e-011
46.6261 1.65272e-011
46.6257 1.87867e-011
46.6253 2.2041e-011
46.6249 1.29177e-011
46.6245 -3.21876e-012
46.6241 1.96465e-011
46.6238 -2.11031e-012
46.6234 2.52953e-012
46.623 -1.54401e-011
46.6226 1.76215e-011
46.6222 -4.12825e-012
46.6218 1.46372e-011
46.6215 1.29319e-012
46.6211 1.86517e-011
46.6207 1.23705e-011
46.6203 1.18803e-011
46.6199 1.75859e-011
46.6195 2.10107e-011
46.6192 4.21352e-012
46.6188 9.58522e-012
46.6184 1.04237e-011
46.618 8.2494e-012
46.6176 5.60618e-012
46.6172 1.0445e-011
46.6169 1.50635e-011
46.6165 1.39906e-011
46.6161 2.55227e-011
46.6157 1.01039e-011
46.6153 1.40474e-011
46.6149 1.08642e-011
46.6146 7.75202e-012
46.6142 7.44649e-012
46.6138 -1.06866e-011
46.6134 2.74554e-011
46.613 4.07567e-011
46.6126 -7.81597e-013
46.6123 -5.31486e-012
46.6119 2.46558e-012
46.6115 3.0127e-012
46.6111 1.96962e-011
46.6107 2.5878e-011
46.6103 -3.50298e-012
46.61 4.48352e-012
46.6096 2.22116e-011
46.6092 3.25855e-011
46.6088 1.63709e-011
46.6084 -9.9476e-014
46.6081 4.05365e-011
46.6077 -9.15179e-012
46.6073 -3.79643e-011
46.6069 5.09459e-012
46.6065 -5.66303e-012
46.6061 9.19442e-012
46.6058 5.96145e-012
46.6054 1.16174e-011
46.605 -1.12692e-011
46.6046 4.41176e-011
46.6042 -7.17648e-013
46.6038 1.54401e-011
46.6035 1.66693e-011
46.6031 2.09255e-011
46.6027 7.50333e-012
46.6023 -1.42109e-011
46.6019 -6.70752e-012
46.6016 6.0254e-012
46.6012 7.55307e-012
46.6008 9.20863e-012
46.6004 1.13403e-011
46.6 3.52074e-011
46.5996 2.95728e-011
46.5993 7.10543e-012
46.5989 1.47722e-011
46.5985 2.07905e-011
46.5981 -7.12674e-012
46.5977 2.0826e-011
46.5974 9.09495e-013
46.597 -2.07478e-012
46.5966 7.87992e-012
46.5962 1.75291e-011
46.5958 1.9206e-011
46.5954 1.51275e-011
46.5951 1.47509e-011
46.5947 7.03437e-012
46.5943 -2.26663e-012
46.5939 3.61595e-011
46.5935 3.38289e-011
46.5932 1.09637e-011
46.5928 2.96794e-011
46.5924 1.25766e-011
46.592 1.20224e-011
46.5916 -3.35376e-012
46.5913 1.66054e-011
46.5909 1.49214e-012
46.5905 1.96678e-011
46.5901 2.59419e-011
46.5897 1.1994e-011
46.5893 1.97531e-011
46.589 6.88516e-012
46.5886 1.53833e-011
46.5882 2.21689e-011
46.5878 1.68185e-011
46.5874 2.35332e-011
46.5871 1.52198e-011
46.5867 2.02007e-011
46.5863 1.23777e-011
46.5859 7.95097e-012
46.5855 2.26663e-012
46.5852 5.96856e-012
46.5848 1.74083e-011
46.5844 -4.65405e-012
46.584 2.24532e-011
46.5836 1.83604e-011
46.5833 1.02816e-011
46.5829 2.46914e-011
46.5825 3.0056e-011
46.5821 5.03064e-012
46.5817 1.71596e-011
46.5814 7.31859e-013
46.581 3.24434e-011
46.5806 1.25127e-011
46.5802 9.66338e-013
46.5798 6.84963e-012
46.5795 1.50564e-011
46.5791 1.7387e-011
46.5787 -2.11315e-011
46.5783 1.92415e-011
46.5779 1.32871e-011
46.5776 1.6648e-011
46.5772 -7.29727e-012
46.5768 -1.63425e-012
46.5764 -4.56168e-012
46.576 2.00302e-011
46.5757 3.28342e-011
46.5753 2.77893e-011
46.5749 -1.22071e-011
46.5745 -6.00409e-012
46.5741 1.39337e-011
46.5738 2.27445e-011
46.5734 4.30234e-011
46.573 1.5838e-011
46.5726 8.87468e-012
46.5722 -1.55111e-011
46.5719 -3.91509e-012
46.5715 6.01119e-012
46.5711 3.96483e-012
46.5707 1.3813e-011
46.5703 1.7117e-011
46.57 -6.79279e-012
46.5696 -8.58336e-012
46.5692 1.88649e-011
46.5688 -9.20863e-012
46.5684 -1.30314e-011
46.5681 -4.41958e-012
46.5677 1.2065e-011
46.5673 4.59011e-012
46.5669 1.83391e-011
46.5666 2.15579e-011
46.5662 3.1406e-012
46.5658 2.39311e-011
46.5654 3.2145e-011
46.565 4.09273e-012
46.5647 -1.32374e-011
46.5643 -1.43316e-011
46.5639 5.68434e-014
46.5635 2.37748e-011
46.5631 1.9142e-011
46.5628 9.9547e-012
46.5624 5.96145e-012
46.562 1.88294e-011
46.5616 -2.50537e-011
46.5612 1.18661e-012
46.5609 1.48361e-011
46.5605 1.37206e-011
46.5601 1.12905e-011
46.5597 9.97602e-012
46.5594 -6.16041e-012
46.559 1.61151e-011
46.5586 -9.09495e-013
46.5582 1.11555e-011
46.5578 -3.75877e-012
46.5575 -2.69438e-011
46.5571 2.10179e-011
46.5567 2.02505e-011
46.5563 1.45448e-011
46.556 -8.79652e-012
46.5556 3.19744e-012
46.5552 -8.41283e-012
46.5548 1.13758e-011
46.5544 1.14326e-011
46.5541 2.79243e-012
46.5537 2.57074e-011
46.5533 2.90754e-011
46.5529 1.32019e-011
46.5525 2.69509e-011
46.5522 1.2875e-011
46.5518 1.50067e-011
46.5514 2.82512e-011
46.551 4.26539e-011
46.5507 3.11218e-012
46.5503 -3.46034e-012
46.5499 2.55511e-011
46.5495 -4.9738e-012
46.5492 6.06093e-012
46.5488 -7.06279e-012
46.5484 -6.16041e-012
46.548 1.58167e-011
46.5476 2.29505e-012
46.5473 1.77991e-011
46.5469 -2.13873e-012
46.5465 2.56435e-011
46.5461 2.83507e-012
46.5458 8.27072e-012
46.5454 2.224e-011
46.545 1.02034e-011
46.5446 9.84812e-012
46.5442 -1.92841e-011
46.5439 2.23679e-011
46.5435 1.78559e-011
46.5431 3.92717e-011
46.5427 1.44524e-011
46.5424 -8.13571e-012
46.542 -7.83018e-012
46.5416 -3.36797e-012
46.5412 2.45279e-011
46.5409 1.05516e-011
46.5405 1.21787e-011
46.5401 2.19487e-011
46.5397 7.53886e-012
46.5393 5.08749e-012
46.539 2.55582e-011
46.5386 7.70228e-012
46.5382 2.83791e-011
46.5378 1.80478e-012
46.5375 4.06146e-011
46.5371 4.10694e-012
46.5367 1.51772e-011
46.5363 5.96856e-013
46.536 -2.54516e-011
46.5356 6.86384e-012
46.5352 1.12124e-011
46.5348 1.02744e-011
46.5344 2.12523e-011
46.5341 2.8507e-011
46.5337 4.92406e-012
46.5333 4.21281e-011
46.5329 9.37916e-012
46.5326 9.93339e-012
46.5322 1.17666e-011
46.5318 -8.61178e-012
46.5314 1.50635e-011
46.5311 -4.24194e-012
46.5307 -1.10205e-011
46.5303 -4.39115e-012
46.5299 3.43192e-012
46.5296 -5.99698e-012
46.5292 2.49969e-011
46.5288 2.09184e-011
46.5284 -5.47828e-012
46.5281 2.03357e-011
46.5277 1.24771e-011
46.5273 3.23297e-012
46.5269 3.35376e-012
46.5266 -1.6307e-011
46.5262 1.00755e-011
46.5258 3.24007e-011
46.5254 -5.86908e-012
46.525 4.13536e-012
46.5247 4.9738e-014
46.5243 1.77067e-011
46.5239 1.52909e-011
46.5235 1.27613e-011
46.5232 1.45022e-011
46.5228 1.29958e-011
46.5224 1.64135e-011
46.522 2.48903e-011
46.5217 3.12497e-011
46.5213 1.66551e-011
46.5209 -1.08926e-011
46.5205 6.5441e-012
46.5202 1.45164e-011
46.5198 3.2955e-011
46.5194 2.33626e-011
46.519 1.44595e-011
46.5187 -3.11218e-012
46.5183 3.03757e-011
46.5179 1.04592e-011
46.5175 7.22622e-012
46.5172 -1.07647e-011
46.5168 1.91633e-011
46.5164 2.55937e-011
46.516 3.09086e-012
46.5157 2.58353e-011
46.5153 2.33769e-012
46.5149 2.81162e-011
46.5145 5.28644e-012
46.5142 8.7752e-012
46.5138 5.34328e-012
46.5134 1.86517e-011
46.513 3.33245e-012
46.5127 2.2311e-011
46.5123 -3.61666e-012
46.5119 3.30544e-011
46.5115 -3.60245e-012
46.5112 8.06466e-012
46.5108 -5.44276e-012
46.5104 9.20153e-012
46.51 7.28306e-012
46.5097 1.72307e-011
46.5093 2.02718e-011
46.5089 2.98641e-011
46.5085 2.6958e-011
46.5082 2.10534e-011
46.5078 5.03775e-012
46.5074 2.85212e-011
46.5071 2.45279e-011
46.5067 8.45546e-013
46.5063 -2.80664e-012
46.5059 2.77112e-012
46.5056 -1.59233e-011
46.5052 -2.14087e-011
46.5048 1.73443e-011
46.5044 -5.19407e-012
46.5041 -2.07478e-012
46.5037 4.91696e-012
46.5033 -1.89715e-012
46.5029 1.49072e-011
46.5026 1.87867e-011
46.5022 -5.85487e-012
46.5018 -1.90497e-011
46.5014 2.13163e-012
46.5011 2.64322e-012
46.5007 -3.48876e-012
46.5003 2.91607e-011
46.4999 2.04778e-011
46.4996 2.24603e-011
46.4992 2.17213e-011
46.4988 6.88516e-012
46.4985 1.7863e-011
46.4981 1.80407e-011
46.4977 1.25695e-011
46.4973 1.03952e-011
46.497 2.07834e-011
46.4966 -5.96856e-013
46.4962 -4.46931e-012
46.4958 1.22427e-011
46.4955 -1.15605e-011
46.4951 8.2423e-012
46.4947 4.12825e-012
46.4943 1.18732e-011
46.494 6.25278e-013
46.4936 1.88933e-011
46.4932 -5.61329e-012
46.4929 2.65459e-011
46.4925 7.97939e-012
46.4921 1.166e-011
46.4917 1.28466e-011
46.4914 2.11315e-011
46.491 1.68612e-011
46.4906 1.42109e-011
46.4902 -4.90274e-012
46.4899 -1.13545e-011
46.4895 -5.68434e-013
46.4891 1.36566e-011
46.4888 3.06244e-011
46.4884 8.08598e-012
46.488 5.24238e-011
46.4876 8.66862e-013
46.4873 -2.34479e-012
46.4869 1.71667e-011
46.4865 1.99734e-011
46.4861 -8.42704e-012
46.4858 7.36833e-012
46.4854 -9.27258e-012
46.485 1.63141e-011
46.4847 1.4559e-011
46.4843 9.84102e-012
46.4839 1.8396e-011
46.4835 5.20117e-012
46.4832 1.27471e-011
46.4828 -7.79465e-012
46.4824 8.45546e-012
46.482 2.30926e-011
46.4817 1.70886e-011
46.4813 1.95826e-011
46.4809 8.69704e-012
46.4806 6.36646e-012
46.4802 2.65956e-011
46.4798 3.41061e-012
46.4794 1.95399e-011
46.4791 -1.06581e-011
46.4787 2.42082e-011
46.4783 1.15037e-011
46.478 3.65219e-012
46.4776 1.3209e-011
46.4772 1.50351e-011
46.4768 2.51319e-011
46.4765 1.22355e-011
46.4761 1.39906e-011
46.4757 1.50209e-011
46.4754 -2.12452e-012
46.475 3.92859e-011
46.4746 1.92415e-011
46.4742 -6.55831e-012
46.4739 1.40261e-011
46.4735 3.21307e-011
46.4731 1.4424e-011
46.4727 1.24842e-011
46.4724 4.12683e-011
46.472 -1.15321e-011
46.4716 3.11431e-011
46.4713 1.21503e-011
46.4709 8.03624e-012
46.4705 1.42819e-011
46.4701 7.53886e-012
46.4698 2.05205e-011
46.4694 1.10489e-011
46.469 3.46745e-012
46.4687 2.224e-012
46.4683 3.91154e-011
46.4679 1.13687e-011
46.4676 4.90274e-012
46.4672 7.18359e-012
46.4668 1.72093e-011
46.4664 2.06697e-011
46.4661 -5.04485e-013
46.4657 -1.73372e-012
46.4653 1.85238e-011
46.465 1.07576e-011
46.4646 -8.00782e-012
46.4642 -6.53699e-012
46.4638 2.75691e-011
46.4635 1.04805e-011
46.4631 -1.52056e-012
46.4627 3.11289e-011
46.4624 4.13536e-012
46.462 -7.38964e-013
46.4616 1.8197e-011
46.4612 3.62377e-012
46.4609 1.18874e-011
46.4605 1.57598e-011
46.4601 1.6172e-011
46.4598 1.25127e-011
46.4594 1.10632e-011
46.459 1.30527e-011
46.4587 1.92699e-011
46.4583 1.45164e-011
46.4579 8.05045e-012
46.4575 2.01084e-011
46.4572 2.89688e-011
46.4568 -1.98952e-012
46.4564 2.99565e-011
46.4561 3.28626e-011
46.4557 5.56355e-012
46.4553 -6.36646e-012
46.4549 1.94049e-011
46.4546 -5.7625e-012
46.4542 1.09708e-011
46.4538 2.07052e-011
46.4535 1.1525e-011
46.4531 -2.55085e-012
46.4527 -3.83693e-013
46.4524 2.22045e-011
46.452 7.31859e-012
46.4516 2.25953e-012
46.4512 -5.60618e-012
46.4509 1.8062e-011
46.4505 2.14584e-011
46.4501 -1.1191e-011
46.4498 3.12781e-011
46.4494 3.72395e-011
46.449 8.68283e-012
46.4487 1.99165e-011
46.4483 2.38103e-011
46.4479 6.46594e-012
46.4475 2.12168e-011
46.4472 -3.62377e-012
46.4468 2.00586e-011
46.4464 2.0556e-011
46.4461 1.4424e-012
46.4457 3.77867e-011
46.4453 6.73595e-012
46.445 7.78044e-012
46.4446 1.73728e-011
46.4442 1.51914e-011
46.4439 9.53548e-012
46.4435 1.00684e-011
46.4431 9.27258e-012
46.4427 -7.58149e-012
46.4424 1.57314e-011
46.442 -1.32871e-011
46.4416 -8.68994e-012
46.4413 2.5949e-011
46.4409 8.63309e-012
46.4405 3.35912e-007
46.4401 1.48788e-011
46.4398 3.44116e-011
46.4394 4.12044e-011
46.439 4.43947e-011
46.4386 5.57918e-011
46.4383 2.32276e-011
46.4379 2.61622e-011
46.4375 4.26965e-011
46.4371 2.86491e-011
46.4368 5.24381e-012
46.4364 2.96012e-011
46.436 2.5473e-011
46.4356 3.00346e-011
46.4353 3.54916e-011
46.4349 3.58966e-011
46.4345 1.94902e-011
46.4341 4.05436e-011
46.4338 7.34417e-011
46.4334 5.00933e-011
46.433 6.19593e-011
46.4326 2.18208e-011
46.4322 5.27081e-011
46.4319 2.95017e-011
46.4315 3.15339e-011
46.4311 5.57208e-011
46.4307 -1.83014e-010
46.4304 5.36247e-011
46.43 4.25047e-011
46.4296 4.88214e-011
46.4293 5.81295e-011
46.4289 3.87033e-011
46.4285 2.8173e-011
46.4282 2.40377e-011
46.4278 3.77582e-011
46.4274 4.99796e-011
46.4271 6.14975e-011
46.4267 5.69713e-011
46.4263 4.29168e-011
46.4259 4.664e-011
46.4256 4.23626e-011
46.4252 2.50608e-011
46.4248 5.00648e-011
46.4245 3.34168e-011
46.4241 4.06573e-011
46.4237 4.32863e-011
46.4234 4.97238e-011
46.423 5.00862e-011
46.4226 3.46105e-011
46.4223 3.06954e-011
46.4219 4.40394e-011
46.4215 4.37481e-011
46.4211 4.81108e-011
46.4208 6.4091e-011
46.4204 4.12683e-011
46.42 3.28484e-011
46.4197 3.51434e-011
46.4193 4.85656e-011
46.4189 5.56426e-011
46.4186 2.97575e-011
46.4182 3.55627e-011
46.4178 4.38973e-011
46.4174 3.68914e-011
46.4171 4.95248e-011
46.4167 5.8435e-011
46.4164 -1.25169e-009
46.416 2.88267e-011
46.4156 3.67848e-011
46.4153 3.93854e-011
46.4149 6.07656e-011
46.4146 3.94067e-011
46.4142 6.03606e-011
46.4139 3.49942e-011
46.4135 6.02967e-011
46.4131 4.72369e-011
46.4128 4.37765e-011
46.4124 5.02709e-011
46.4121 6.61373e-011
46.4117 7.22906e-011
46.4114 6.36291e-011
46.411 6.00551e-011
46.4106 5.84706e-011
46.4103 5.67226e-011
46.4099 4.89635e-011
46.4096 6.03961e-011
46.4092 3.94778e-011
46.4089 4.85443e-011
46.4085 4.10836e-011
46.4081 4.63416e-011
46.4078 3.01554e-011
46.4074 5.35039e-011
46.4071 5.52163e-011
46.4067 6.15543e-011
46.4064 3.87317e-011
46.406 4.29026e-011
46.4056 5.95293e-011
46.4053 4.66045e-011
46.4049 5.98845e-011
46.4046 3.74243e-011
46.4042 6.14619e-011
46.4039 6.47873e-011
46.4035 6.08011e-011
46.4031 5.66942e-011
46.4028 6.17604e-011
46.4024 4.98588e-011
46.4021 3.54632e-011
46.4017 6.73595e-011
46.4014 4.82245e-011
46.401 5.03064e-011
46.4006 4.96598e-011
46.4003 5.08038e-011
46.3999 6.12133e-011
46.3996 4.20783e-011
46.3992 6.90861e-011
46.3989 4.72724e-011
46.3985 5.614e-011
46.3981 4.13749e-011
46.3978 7.16227e-011
46.3974 4.26468e-011
46.3971 5.39018e-011
46.3967 -2.93731e-010
46.3964 5.9579e-011
46.396 3.81064e-011
46.3957 6.6116e-011
46.3954 5.62679e-011
46.395 6.41407e-011
46.3947 6.34728e-011
46.3943 6.4496e-011
46.394 6.15188e-011
46.3936 6.36859e-011
46.3933 5.96003e-011
46.393 4.2391e-011
46.3926 6.09433e-011
46.3923 7.89839e-011
46.3919 9.16742e-011
46.3916 5.6815e-011
46.3913 4.54605e-011
46.3909 8.22951e-011
46.3906 6.68265e-011
46.3902 7.45359e-011
46.3899 6.35296e-011
46.3895 6.58105e-011
46.3892 5.89466e-011
46.3889 6.70113e-011
46.3885 5.9039e-011
46.3882 6.91358e-011
46.3878 7.76978e-011
46.3875 6.1334e-011
46.3871 6.5306e-011
46.3868 7.44507e-011
46.3865 6.81339e-011
46.3861 6.90861e-011
46.3858 7.57936e-011
46.3854 5.4122e-011
46.3851 8.28493e-011
46.3847 7.88916e-011
46.3844 8.15632e-011
46.3841 8.19753e-011
46.3837 6.82832e-011
46.3834 6.3487e-011
46.383 7.71152e-011
46.3827 7.7037e-011
46.3823 8.08456e-011
46.382 7.5012e-011
46.3817 7.03011e-011
46.3813 7.07843e-011
46.381 7.57723e-011
46.3806 8.85549e-011
46.3803 7.31788e-011
46.3799 7.5886e-011
46.3796 8.24372e-011
46.3793 6.48015e-011
46.3789 8.2629e-011
46.3786 -8.2288e-011
46.3782 9.43245e-011
46.3779 9.11484e-011
46.3776 6.67626e-011
46.3773 8.91376e-011
46.3769 8.37517e-011
46.3766 8.07034e-011
46.3763 7.73142e-011
46.3759 8.48956e-011
46.3756 7.40172e-011
46.3753 8.69491e-011
46.3749 8.05542e-011
46.3746 7.98224e-011
46.3743 7.30935e-011
46.3739 9.59162e-011
46.3736 8.89742e-011
46.3733 1.06553e-010
46.373 7.82094e-011
46.3726 1.08159e-010
46.3723 8.42348e-011
46.372 9.77849e-011
46.3716 8.30696e-011
46.3713 1.10369e-010
46.371 8.45972e-011
46.3706 8.95071e-011
46.3703 1.10454e-010
46.37 1.04144e-010
46.3696 1.00627e-010
46.3693 1.02439e-010
46.369 1.01103e-010
46.3687 9.43459e-011
46.3683 9.71383e-011
46.368 9.41895e-011
46.3677 8.96989e-011
46.3673 8.93792e-011
46.367 8.92797e-011
46.3667 1.18796e-010
46.3663 -4.70799e-010
46.366 1.03654e-010
46.3657 1.06496e-010
46.3654 1.02027e-010
46.365 1.11271e-010
46.3647 1.13275e-010
46.3644 1.13602e-010
46.3641 1.14269e-010
46.3637 1.05189e-010
46.3634 1.01309e-010
46.3631 1.20878e-010
46.3628 1.3204e-010
46.3624 1.2583e-010
46.3621 1.16827e-010
46.3618 9.03526e-011
46.3614 1.39373e-010
46.3611 1.23336e-010
46.3608 1.17211e-010
46.3605 1.23464e-010
46.3601 1.16508e-010
46.3598 1.23585e-010
46.3595 1.23002e-010
46.3592 1.17055e-010
46.3588 1.41952e-010
46.3585 1.36552e-010
46.3582 1.50152e-010
46.3579 1.4299e-010
46.3575 1.34328e-010
46.3572 1.46628e-010
46.3569 1.48901e-010
46.3565 1.48283e-010
46.3562 1.43807e-010
46.3559 1.19087e-010
46.3556 1.3506e-010
46.3552 1.39359e-010
46.3549 1.56248e-010
46.3546 1.38833e-010
46.3543 1.4704e-010
46.3539 1.41831e-010
46.3536 1.50607e-010
46.3533 1.57129e-010
46.3529 1.56376e-010
46.3526 1.61116e-010
46.3523 1.53925e-010
46.352 1.73763e-010
46.3516 1.49107e-010
46.3513 1.72633e-010
46.351 1.76726e-010
46.3506 1.8958e-010
46.3503 1.65429e-010
46.35 1.71184e-010
46.3497 1.95826e-010
46.3493 1.8418e-010
46.349 1.77643e-010
46.3487 1.87555e-010
46.3483 1.76755e-010
46.348 1.82375e-010
46.3477 1.93836e-010
46.3474 2.03656e-010
46.347 1.95925e-010
46.3467 1.97659e-010
46.3464 2.01759e-010
46.346 2.09234e-010
46.3457 2.05496e-010
46.3454 2.13191e-010
46.345 2.12054e-010
46.3447 2.20524e-010
46.3444 2.22485e-010
46.3441 2.34195e-010
46.3437 2.3033e-010
46.3434 2.34394e-010
46.3431 2.43432e-010
46.3427 2.35907e-010
46.3424 2.43126e-010
46.3421 2.54211e-010
46.3417 2.4734e-010
46.3414 2.59277e-010
46.3411 2.60123e-010
46.3408 2.58773e-010
46.3404 2.51745e-010
46.3401 2.5944e-010
46.3398 2.80728e-010
46.3394 2.74419e-010
46.3391 2.74291e-010
46.3388 2.96367e-010
46.3384 2.84295e-010
46.3381 3.14081e-010
46.3378 3.04283e-010
46.3374 3.04645e-010
46.3371 3.24313e-010
46.3368 3.33387e-010
46.3364 3.07921e-010
46.3361 3.19162e-010
46.3358 3.43988e-010
46.3354 3.50568e-010
46.3351 3.61332e-010
46.3348 3.76083e-010
46.3344 3.74321e-010
46.3341 3.60487e-010
46.3338 3.89953e-010
46.3334 3.80375e-010
46.3331 3.77234e-010
46.3328 4.02395e-010
46.3324 4.0481e-010
46.3321 4.15241e-010
46.3318 4.24357e-010
46.3314 4.22901e-010
46.3311 4.55984e-010
46.3308 4.65896e-010
46.3304 4.68503e-010
46.3301 4.77691e-010
46.3297 4.8081e-010
46.3294 4.89329e-010
46.3291 4.96314e-010
46.3287 5.10084e-010
46.3284 5.3555e-010
46.3281 5.38485e-010
46.3277 5.6572e-010
46.3274 5.74801e-010
46.327 5.65571e-010
46.3267 5.95627e-010
46.3264 6.15486e-010
46.326 6.07557e-010
46.3257 6.36945e-010
46.3254 6.42821e-010
46.325 6.60485e-010
46.3247 6.98172e-010
46.3243 6.98691e-010
46.324 7.55868e-010
46.3237 7.68047e-010
46.3233 7.83395e-010
46.323 7.87871e-010
46.3226 8.28756e-010
46.3223 8.39599e-010
46.322 8.26475e-010
46.3216 9.0904e-010
46.3213 8.95149e-010
46.3209 9.37327e-010
46.3206 9.93104e-010
46.3202 1.00968e-009
46.3199 1.02153e-009
46.3196 1.05613e-009
46.3192 1.11595e-009
46.3189 1.10953e-009
46.3185 1.15689e-009
46.3182 1.20652e-009
46.3178 1.266e-009
46.3175 1.31931e-009
46.3171 1.3488e-009
46.3168 1.40699e-009
46.3165 1.43272e-009
46.3161 1.51024e-009
46.3158 1.57362e-009
46.3154 1.617e-009
46.3151 1.64282e-009
46.3147 1.74307e-009
46.3144 1.82229e-009
46.314 1.86457e-009
46.3137 1.96999e-009
46.3133 2.08224e-009
46.313 2.14374e-009
46.3126 2.19769e-009
46.3123 2.32498e-009
46.3119 2.40833e-009
46.3116 2.55532e-009
46.3112 2.64063e-009
46.3109 2.76543e-009
46.3105 2.93574e-009
46.3102 3.06915e-009
46.3098 3.20631e-009
46.3094 3.39217e-009
46.3091 3.60588e-009
46.3087 3.73692e-009
46.3084 3.96064e-009
46.308 4.16836e-009
46.3077 4.43081e-009
46.3073 3.20527e-005
46.3069 3.87084e-009
46.3066 4.55641e-009
46.3062 4.87029e-009
46.3059 5.11952e-009
46.3055 5.4231e-009
46.3051 5.78125e-009
46.3048 6.17754e-009
46.3044 6.5339e-009
46.304 7.01149e-009
46.3037 7.48736e-009
46.3033 8.00617e-009
46.3029 8.64301e-009
46.3025 9.27705e-009
46.3022 9.94894e-009
46.3018 1.07645e-008
46.3014 1.16118e-008
46.301 1.25754e-008
46.3007 1.37266e-008
46.3003 1.49042e-008
46.2999 1.62727e-008
46.2995 1.78883e-008
46.2991 1.96153e-008
46.2988 2.16513e-008
46.2984 2.39579e-008
46.298 2.66305e-008
46.2976 2.96259e-008
46.2972 3.32297e-008
46.2968 3.73615e-008
46.2964 4.22941e-008
46.296 4.80861e-008
46.2956 5.50305e-008
46.2952 6.33252e-008
46.2948 7.34966e-008
46.2944 8.59254e-008
46.294 1.01322e-007
46.2935 1.20755e-007
46.2931 1.45479e-007
46.2927 1.77502e-007
46.2922 2.19784e-007
46.2918 2.76715e-007
46.2914 3.55172e-007
46.2909 4.66649e-007
46.2904 6.30305e-007
46.2899 0.000291325
46.2893 0.000113085
46.2885 1.10653e-005
46.2877 0.0103065
46.2868 3.43998e-007
46.2857 1.55954e-005
46.2844 4.31123e-005
46.2828 7.91133e-005
46.2806 -0.0820299
46.2776 1.1267e-005
46.2738 3.55458e-006
46.2691 4.21628e-006
46.2629 5.35915e-006
46.2532 2.92185e-007
46.2431 3.12651e-007
46.2326 3.35629e-007
46.2219 3.6097e-007
46.2108 3.88985e-007
46.1993 4.20055e-007
46.1874 4.54578e-007
46.1763 2.83489e-006
46.1688 2.94822e-007
46.1609 3.09813e-007
46.1528 3.3297e-007
46.1443 3.58586e-007
46.1356 3.8695e-007
46.1264 4.18435e-007
46.1169 4.53506e-007
46.1071 4.92725e-007
46.0968 5.44126e-007
46.0862 5.8661e-007
46.0751 6.42519e-007
46.0665 3.98585e-005
46.0608 3.26841e-007
46.0548 3.48507e-007
46.0478 3.30429e-006
46.0398 4.06797e-009
46.0317 4.09572e-009
46.0236 4.17076e-009
46.0155 4.21949e-009
46.0074 4.30047e-009
46.0018 7.2072e-006
46.0034 9.27365e-010
46.005 8.82537e-010
46.0066 9.66871e-010
46.0082 9.42933e-010
46.0098 9.39004e-010
46.0113 9.75717e-010
46.0129 9.50159e-010
46.0144 9.61421e-010
46.016 9.9768e-010
46.0175 1.00121e-009
46.0176 7.90127e-006
46.0175 3.51348e-008
46.0172 3.60652e-008
46.0168 3.72057e-008
46.0162 3.83787e-008
46.0155 3.95965e-008
46.0145 4.09017e-008
46.0135 4.22505e-008
46.0122 4.36917e-008
46.0108 4.5185e-008
46.0092 4.67389e-008
46.0122 0.000105809
46.0188 9.04426e-009
46.0254 8.41219e-009
46.0319 8.53192e-009
46.0383 8.69447e-009
46.0446 8.81914e-009
46.0509 8.93255e-009
46.0571 9.11129e-009
46.0632 9.24805e-009
46.0693 9.38546e-009
46.0753 9.52171e-009
46.0812 9.70743e-009
46.087 9.84536e-009
46.0928 1.002e-008
46.0994 4.93322e-006
46.1061 9.24479e-008
46.1116 5.53128e-008
46.1169 5.6906e-008
46.1221 5.91563e-008
46.1271 6.15442e-008
46.1319 6.40816e-008
46.1366 6.67742e-008
46.1411 6.96169e-008
46.1454 7.26213e-008
46.1495 7.58401e-008
46.1535 7.92289e-008
46.1573 8.27919e-008
46.1608 8.66353e-008
46.1642 9.07392e-008
46.1674 9.50819e-008
46.1704 9.97309e-008
46.1731 1.04747e-007
46.1757 1.10033e-007
46.178 1.15731e-007
46.1801 1.21886e-007
46.1819 1.28429e-007
46.1835 1.35563e-007
46.1841 0.00125227
46.1843 2.07321e-006
46.1846 3.58997e-007
46.1848 4.6291e-007
46.185 6.14707e-007
46.1852 8.41352e-007
46.1853 1.19512e-006
46.1855 1.77982e-006
46.1855 2.81964e-006
46.1856 4.86096e-006
46.1855 0.0462415
46.1893 0.398353
46.1869 0.144693
46.1807 5.61202e-005
46.1781 7.86669e-008
46.1754 7.85034e-008
46.1724 8.19604e-008
46.1693 8.56692e-008
46.1659 8.9578e-008
46.1623 9.37731e-008
46.1585 9.82596e-008
46.1545 1.03034e-007
46.1502 1.08115e-007
46.1457 1.1357e-007
46.141 1.194e-007
46.136 1.25676e-007
46.1307 1.32399e-007
46.1252 1.39658e-007
46.1194 1.47424e-007
46.1133 1.56498e-007
46.107 1.65072e-007
46.1003 1.7494e-007
46.0934 1.85601e-007
46.0861 1.97209e-007
46.0785 2.09837e-007
46.0706 2.23611e-007
46.0624 2.38636e-007
46.0581 0.000180761
46.0561 5.71978e-008
46.0538 5.45977e-008
46.0514 5.66383e-008
46.0488 5.87958e-008
46.046 6.10508e-008
46.043 6.34341e-008
46.0364 2.16166e-005
46.0297 2.569e-009
46.0229 2.50526e-009
46.0161 2.52003e-009
46.0093 2.55468e-009
46.0025 2.62298e-009
45.9956 2.64263e-009
45.9888 2.68703e-009
45.9819 2.73322e-009
45.9747 1.23242e-006
45.9664 4.34326e-008
45.9579 4.50355e-008
45.9494 4.67863e-008
45.9407 4.86145e-008
45.9319 1.10726e-007
45.9227 1.45575e-008
45.9134 1.48629e-008
45.904 1.51512e-008
45.8945 1.54723e-008
45.8849 1.57821e-008
45.8752 1.64521e-008
45.8653 1.64986e-008
45.8554 1.68529e-008
45.8453 1.71849e-008
45.8351 1.7571e-008
45.8248 1.79653e-008
45.8144 1.83379e-008
45.8039 1.87824e-008
45.7932 1.91792e-008
45.7825 1.9624e-008
45.7715 2.00809e-008
45.7605 1.99127e-008
45.7494 2.10378e-008
45.7381 2.15292e-008
45.7266 2.20695e-008
45.7151 2.2595e-008
45.7034 2.31693e-008
45.6916 2.37403e-008
45.6817 6.79103e-006
45.6735 1.51686e-008
45.6653 1.54084e-008
45.6569 1.57155e-008
45.6484 1.6058e-008
45.6398 1.64399e-008
45.6312 1.67639e-008
45.6224 1.71367e-008
45.6135 1.75189e-008
45.6044 1.78865e-008
45.5953 1.83027e-008
45.586 1.87407e-008
45.5767 1.91505e-008
45.5672 1.95907e-008
45.5576 2.00796e-008
45.5478 2.0547e-008
45.538 2.10603e-008
45.528 2.15497e-008
45.5178 2.20777e-008
45.5076 2.26453e-008
45.4972 2.31964e-008
45.4867 2.37973e-008
45.476 2.44209e-008
45.4652 2.50679e-008
45.4543 2.57405e-008
45.4432 2.6439e-008
45.432 2.71353e-008
45.4206 2.79001e-008
45.4091 2.86569e-008
45.3974 6.47635e-008
45.385 1.93453e-005
45.3697 0.00103844
45.3531 1.75699e-005
45.3356 4.50198e-006
45.3206 -0.0240501
45.3032 0.000122651
45.2782 0.000234251
45.2523 8.43615e-006
45.2256 1.18412e-005
45.2087 -8.07826e-006
45.1932 5.12799e-006
45.1771 7.44391e-006
45.1603 1.13412e-005
45.1426 1.85239e-005
45.1238 3.33428e-005
45.1032 6.93985e-005
45.0804 1.02424e-006
45.0547 2.21925e-005
45.0255 1.43775e-005
44.9923 -0.000333029
44.9542 2.68699e-005
44.9538 -0.0241537
44.9527 0.000156643
44.9512 8.6776e-007
44.9442 0.00148479
44.9365 9.30056e-007
44.9288 2.60744e-007
44.9211 3.05597e-007
44.9132 3.61257e-007
44.9053 4.32087e-007
44.8973 5.22377e-007
44.8892 6.40009e-007
44.8785 0.00098944
44.8668 7.68938e-005
44.8536 0.000187824
44.8372 -1.19344
44.8138 -0.00967512
44.7879 1.10441e-006
44.7599 2.85252e-006
44.7296 3.37015e-006
44.6969 4.02208e-006
44.6615 4.98105e-006
44.6231 5.95536e-006
44.5814 7.39852e-006
44.5359 9.29833e-006
44.4862 1.20404e-005
44.4317 1.59186e-005
44.3715 2.16746e-005
44.3047 3.06019e-005
44.2404 0.000101244
44.1776 2.47173e-005
44.1077 3.52475e-005
44.029 5.31676e-005
43.9509 -6.79545e-007
43.9239 1.23727e-010
43.8969 1.41377e-010
43.87 1.24153e-010
43.843 6.12559e-011
43.8113 2.68427e-005
43.7773 5.84859e-007
43.7419 6.39156e-007
43.7051 7.03829e-007
43.6668 7.77774e-007
43.6269 8.62818e-007
43.5853 9.61317e-007
43.542 1.07466e-006
43.4968 1.20869e-006
43.4496 1.3667e-006
43.4002 1.55443e-006
43.3486 1.77928e-006
43.2944 2.05085e-006
43.2376 2.49453e-006
43.178 2.36601e-006
43.1153 2.74105e-006
43.0492 3.86089e-006
42.9795 4.22693e-006
42.9056 5.66278e-006
42.8095 1.11275e-009
42.7043 -2.07268e-007
42.5991 1.0033e-008
42.4938 6.26557e-010
42.3885 -1.94987e-010
42.283 2.42946e-008
42.1775 6.64521e-010
42.0895 -2.07878e-006
42.0357 4.96946e-009
41.9774 -4.47606e-010
41.9191 1.71617e-010
41.8609 -1.49299e-010
41.8026 2.68159e-010
41.7444 3.9271e-010
41.6902 -8.06599e-007
41.6433 2.13639e-010
41.5963 2.42174e-010
41.5855 -5.53124e-009
41.5956 -1.71362e-010
41.6057 -3.86393e-011
41.6158 -1.21574e-011
41.6248 5.8209e-006
41.6332 1.43121e-007
41.6412 1.50397e-007
41.6489 1.58607e-007
41.6562 1.67289e-007
41.6631 1.76838e-007
41.6697 1.87001e-007
41.6758 1.97874e-007
41.6815 2.09825e-007
41.6867 2.22618e-007
41.6915 2.3664e-007
41.6958 2.51936e-007
41.6997 2.68485e-007
41.703 2.86772e-007
41.7058 3.06642e-007
41.7081 3.28444e-007
41.7098 3.52534e-007
41.711 3.79026e-007
41.7115 4.08314e-007
41.7115 4.40733e-007
41.7107 4.76838e-007
41.7093 5.17263e-007
41.7082 9.29879e-007
41.7093 4.12302e-007
41.7099 4.45355e-007
41.7097 4.82224e-007
41.7089 5.23222e-007
41.7074 5.69043e-007
41.7052 6.20664e-007
41.7022 6.78813e-007
41.6983 7.44568e-007
41.6937 8.19285e-007
41.6881 9.04671e-007
41.6816 1.00252e-006
41.6741 1.11515e-006
41.6655 1.24557e-006
41.6559 1.39771e-006
41.6613 -1.02811e-006
41.69 4.61296e-009
41.7186 4.55349e-009
41.7472 4.83215e-009
41.7758 4.65545e-009
41.8043 4.77053e-009
41.8327 4.74124e-009
41.8604 6.23339e-006
41.8878 1.0112e-007
41.9151 1.07377e-007
41.9432 1.00767e-005
41.9712 8.90307e-008
41.999 9.27556e-008
42.0267 9.72844e-008
42.0542 1.02036e-007
42.0815 1.05307e-007
42.1086 1.12353e-007
42.1355 1.06439e-007
42.1623 1.24126e-007
42.1888 1.30589e-007
42.2151 1.37663e-007
42.2413 1.68282e-007
42.2672 1.53849e-007
42.2929 1.62377e-007
42.3184 1.71672e-007
42.3436 1.82032e-007
42.3686 1.93121e-007
42.3934 2.15387e-007
42.4179 2.18402e-007
42.4421 2.55793e-007
42.4661 2.4828e-007
42.4898 2.647e-007
42.5132 2.83975e-007
42.5362 3.04367e-007
42.559 3.26794e-007
42.5815 3.51632e-007
42.6035 3.78921e-007
42.625 1.63332e-006
42.6458 1.58062e-007
42.6664 1.6698e-007
42.6866 1.76661e-007
42.7065 1.90688e-007
42.7262 1.98597e-007
42.7455 2.1091e-007
42.7645 2.24277e-007
42.7832 2.18833e-007
42.8015 2.5462e-007
42.8195 2.72016e-007
42.837 1.55285e-007
42.8533 2.93612e-007
42.8692 3.15394e-007
42.8848 3.39349e-007
42.9 3.65858e-007
42.9147 3.95204e-007
42.929 4.27898e-007
42.943 4.6441e-007
42.9564 5.05162e-007
42.9694 5.50908e-007
42.9818 6.02417e-007
42.9938 6.60788e-007
43.0052 7.26919e-007
43.016 8.02478e-007
43.0262 8.86277e-007
43.0358 9.8877e-007
43.0446 1.10399e-006
43.0528 1.238e-006
43.0602 1.39478e-006
43.0668 1.57961e-006
43.0726 1.79879e-006
43.0774 2.06087e-006
43.0812 2.37705e-006
43.0839 2.76178e-006
43.0855 3.23508e-006
43.0858 3.82372e-006
43.0848 4.56513e-006
43.0822 5.51283e-006
43.078 6.74349e-006
43.0719 8.37186e-006
43.0638 1.05723e-005
43.0533 1.36206e-005
43.0401 1.52757e-005
43.0238 2.05875e-005
43.004 2.80319e-005
43.0004 -5.78461e-006
43.0305 4.51881e-008
43.0597 -1.99613e-010
43.0888 -7.40741e-011
43.118 -1.8057e-010
43.1471 3.55556e-010
43.1762 6.1619e-010
43.2046 5.76298e-006
43.2328 3.18945e-008
43.2608 4.54478e-008
43.2887 4.74935e-008
43.3166 4.62841e-008
43.3442 4.79552e-008
43.3718 4.9683e-008
43.3992 5.16184e-008
43.4265 5.3608e-008
43.4536 5.56626e-008
43.4806 5.78765e-008
43.5074 6.01129e-008
43.5341 6.25729e-008
43.5606 6.52273e-008
43.587 6.58351e-008
43.6132 7.07214e-008
43.6392 7.38336e-008
43.6651 7.71059e-008
43.6896 7.49542e-006
43.7138 7.47447e-008
43.7379 7.78962e-008
43.7618 8.15333e-008
43.7855 8.53852e-008
43.8091 8.85606e-008
43.8325 9.38872e-008
43.8557 9.85873e-008
43.8787 1.03682e-007
43.9016 1.09066e-007
43.9242 1.14807e-007
43.9467 1.21047e-007
43.9698 6.50761e-006
43.9935 8.9369e-008
44.017 9.34718e-008
44.0404 9.81891e-008
44.0635 1.03181e-007
44.0865 1.08569e-007
44.1093 1.14376e-007
44.1318 1.20581e-007
44.1542 1.27182e-007
44.1764 1.3435e-007
44.1983 1.42095e-007
44.22 1.50381e-007
44.2415 1.59455e-007
44.2628 1.69242e-007
44.2838 1.79924e-007
44.3046 1.91481e-007
44.3251 2.04091e-007
44.3454 2.17848e-007
44.3653 2.32904e-007
44.385 2.49405e-007
44.4044 2.67508e-007
44.4234 2.87491e-007
44.4422 3.09573e-007
44.4606 3.33931e-007
44.4787 3.61021e-007
44.4964 3.91176e-007
44.5137 4.24848e-007
44.5306 4.61021e-007
44.5472 5.04848e-007
44.5633 5.52638e-007
44.5789 6.06776e-007
44.5941 6.68269e-007
44.6087 7.3854e-007
44.6229 8.19045e-007
44.6365 9.11917e-007
44.6495 1.01952e-006
44.6618 1.14492e-006
44.6736 1.29201e-006
44.6846 1.46571e-006
44.6948 1.67231e-006
44.7043 1.91994e-006
44.7129 2.21942e-006
44.7206 2.58517e-006
44.7272 3.03649e-006
44.7328 3.60018e-006
44.7371 4.31334e-006
44.7401 5.22934e-006
44.7417 6.42575e-006
44.7416 8.01885e-006
44.7397 -0.00517701
44.7358 -0.00566385
44.7295 1.24489e-005
44.7205 1.68857e-005
44.7084 2.27536e-005
44.7109 -5.69774e-006
44.7392 1.75401e-008
44.7663 7.89656e-006
44.7932 4.99855e-008
44.8195 6.52629e-008
44.8453 -1.24608e-010
44.8633 1.4719
44.884 0.281498
44.9002 5.15103e-005
44.9175 1.26835e-008
44.9346 1.2321e-008
44.9517 1.26755e-008
44.9687 1.2962e-008
44.9833 8.8078e-006
44.9918 4.42352e-005
45.0004 5.95839e-009
45.0088 5.94384e-009
45.0173 6.05761e-009
45.0257 6.11675e-009
45.034 6.24157e-009
45.0423 6.32834e-009
45.0506 6.45782e-009
45.0589 6.54376e-009
45.0671 6.67253e-009
45.0752 6.78705e-009
45.0833 6.91059e-009
45.0914 7.03593e-009
45.0994 7.12686e-009
45.1074 7.2863e-009
45.1153 7.39411e-009
45.1232 7.53258e-009
45.131 7.65946e-009
45.1388 7.79956e-009
45.1465 7.93669e-009
45.1542 8.11718e-009
45.1619 8.26617e-009
45.1695 8.3967e-009
45.177 8.55793e-009
45.1845 8.73951e-009
45.192 8.8809e-009
45.1994 9.08565e-009
45.2067 9.2251e-009
45.214 9.4213e-009
45.2212 9.61541e-009
45.2284 9.79826e-009
45.2356 1.00366e-008
45.2426 1.02141e-008
45.2497 1.04362e-008
45.2566 1.06524e-008
45.2635 1.08697e-008
45.2704 1.11179e-008
45.2772 1.13754e-008
45.2839 1.15857e-008
45.2906 1.18582e-008
45.2972 1.21203e-008
45.3006 0.000345836
45.3011 7.18451e-008
45.3016 6.65779e-011
45.3021 1.17709e-010
45.3026 7.17506e-011
45.3031 7.46141e-011
45.3036 8.54641e-011
45.3041 1.25283e-010
45.3046 1.00997e-010
45.3051 1.13999e-010
45.3056 9.58309e-011
45.3061 1.28644e-010
45.3066 1.49257e-010
45.3071 1.20103e-010
45.3076 1.38989e-010
45.3081 1.37071e-010
45.3086 1.11598e-010
45.3093 2.5909e-006
45.31 8.2899e-011
45.3107 1.06368e-010
45.3115 5.81011e-011
45.3122 3.43761e-011
45.313 1.36708e-011
45.3137 3.53708e-011
45.3144 4.529e-011
45.3152 -1.0651e-011
45.3159 6.43894e-011
45.3166 9.11626e-011
45.3174 3.89946e-011
45.3181 1.2605e-011
45.3189 1.03526e-010
45.3196 -6.16751e-012
45.3203 1.94404e-011
45.3211 3.48166e-012
45.3218 7.29017e-012
45.3225 3.49303e-011
45.3233 1.37177e-010
45.324 -4.54747e-012
45.3247 1.53477e-012
45.3254 4.95106e-011
45.3262 4.88569e-011
45.3269 6.2272e-011
45.3276 5.20828e-011
45.3284 2.42579e-011
45.3291 8.9031e-011
45.3298 1.11697e-010
45.3305 7.7975e-011
45.3313 6.8809e-011
45.332 6.56684e-011
45.3327 2.76685e-011
45.3334 -1.82041e-011
45.3342 2.8038e-011
45.3349 5.16565e-011
45.3356 6.13483e-011
45.3363 -3.28271e-011
45.3371 7.9865e-011
45.3378 2.87628e-011
45.3385 3.83835e-011
45.3392 4.54747e-013
45.3399 5.52518e-011
45.3407 3.8554e-011
45.3414 -6.13909e-012
45.3421 3.19318e-011
45.3428 2.4329e-011
45.3435 4.72227e-011
45.3443 3.02123e-011
45.345 1.93552e-011
45.3457 9.01821e-011
45.3464 5.07043e-011
45.3471 1.36424e-012
45.3478 5.29923e-011
45.3486 9.56817e-011
45.3493 5.64739e-011
45.35 6.09361e-011
45.3507 1.3074e-011
45.3514 1.48219e-011
45.3521 1.2605e-011
45.3528 6.04246e-011
45.3535 9.98881e-011
45.3543 7.16796e-011
45.355 -2.21689e-012
45.3557 1.10063e-010
45.3564 6.17746e-011
45.3571 6.09788e-011
45.3578 1.07093e-010
45.3585 7.37543e-011
45.3592 9.49996e-011
45.3599 2.64464e-011
45.3606 1.21815e-010
45.3613 3.26281e-011
45.362 8.14566e-011
45.3625 9.5166e-006
45.3626 -1.02887e-011
45.3627 -1.5504e-011
45.3628 -5.32907e-012
45.3628 -6.05382e-012
45.3629 -1.94831e-011
45.363 -4.68958e-013
45.3631 -7.06279e-012
45.3632 6.68905e-011
45.3633 7.95808e-013
45.3633 -3.24007e-012
45.3634 -1.23066e-011
45.3635 3.43903e-012
45.3636 -8.22808e-012
45.3637 6.46679e-010
45.3638 -1.35003e-011
45.3638 1.66681e-008
45.3639 5.68434e-012
45.364 -7.8586e-012
45.364 7.83018e-012
45.3641 -8.54072e-012
45.3642 1.98952e-012
45.3642 7.50333e-012
45.3643 -3.69482e-013
45.3644 -7.56017e-012
45.3644 -1.04166e-011
45.3645 2.34479e-012
45.3646 1.56604e-011
45.3646 -8.73968e-012
45.3647 3.49587e-012
45.3647 -3.62377e-012
45.3648 -1.87441e-011
45.3649 -8.896e-012
45.3649 1.72946e-011
45.365 -1.73372e-012
45.3651 2.2311e-012
45.3651 -6.05382e-012
45.3652 -7.94387e-012
45.3653 7.34701e-012
45.3653 8.27072e-012
45.3654 -1.32587e-011
45.3655 3.09797e-012
45.3655 1.56319e-013
45.3656 2.55795e-012
45.3657 -1.61293e-011
45.3657 -1.15108e-012
45.3658 1.13687e-013
45.3659 1.09566e-011
45.3659 -3.65219e-012
45.366 -7.67386e-012
45.3661 -5.04485e-012
45.3661 -9.45022e-012
45.3662 3.60956e-012
45.3663 6.6791e-013
45.3663 1.94732e-007
45.3664 -5.55644e-012
45.3665 -6.82121e-012
45.3666 -7.56017e-012
45.3666 7.54596e-012
45.3667 -2.35332e-011
45.3668 1.98952e-012
45.3668 7.16227e-012
45.3669 -3.04112e-012
45.367 -1.49072e-011
45.3671 -1.4964e-011
45.3671 -1.08287e-011
45.3672 -9.05231e-012
45.3673 -1.68114e-011
45.3673 -7.53175e-012
45.3674 -1.95399e-011
45.3675 -1.12834e-011
45.3676 -1.78062e-011
45.3676 1.71951e-012
45.3677 5.40012e-012
45.3678 -1.69109e-011
45.3679 -1.0786e-011
45.3679 -1.1994e-011
45.368 -1.35287e-011
45.3681 3.08376e-012
45.3681 4.64695e-012
