0.1 -0.0897326
0.2 -0.179572
0.3 -0.269526
0.4 -0.359594
0.5 -0.449777
0.6 -0.540077
0.7 -0.630494
0.8 -0.72103
0.9 -0.811687
1 -0.902465
0.161549 -0.912465
0.323099 -0.922465
0.484633 -0.932465
0.646144 -0.942465
0.80763 -0.952465
0.96909 -0.962465
1.13053 -0.972465
1.29193 -0.982465
1.45332 -0.992465
1.61468 -1.00247
1.77601 -1.01247
1.93732 -1.02247
2.0986 -1.03247
2.25985 -1.04247
2.42108 -1.05247
2.58228 -1.06247
2.74346 -1.07247
2.90461 -1.08247
3.06573 -1.09247
3.22683 -1.10247
3.38789 -1.11247
3.54894 -1.12247
3.70995 -1.13247
3.87095 -1.14247
4.03192 -1.15247
4.19288 -1.16247
4.3538 -1.17247
4.5147 -1.18247
4.67558 -1.19247
4.83643 -1.20247
4.99726 -1.21247
5.15808 -1.22247
5.31886 -1.23247
5.47962 -1.24247
5.64035 -1.25247
5.80105 -1.26247
5.96172 -1.27247
6.12237 -1.28247
6.28299 -1.29247
6.44358 -1.30247
6.60415 -1.31247
6.76469 -1.32247
6.92521 -1.33247
7.08569 -1.34247
7.24616 -1.35247
7.40659 -1.36247
7.56701 -1.37247
7.72739 -1.38247
7.88774 -1.39247
8.04807 -1.40247
8.20837 -1.41247
8.36865 -1.42247
8.52889 -1.43247
8.6891 -1.44247
8.84928 -1.45247
9.00943 -1.46247
9.16955 -1.47247
9.32964 -1.48247
9.4897 -1.49247
9.64974 -1.50247
9.80974 -1.51247
9.96972 -1.52247
10.1297 -1.53247
10.2896 -1.54247
10.4495 -1.55247
10.6094 -1.56247
10.7692 -1.57247
10.9291 -1.58247
11.0889 -1.59247
11.2486 -1.60247
11.4084 -1.61247
11.5681 -1.62247
11.7278 -1.63247
11.8874 -1.64247
12.0471 -1.65247
12.2067 -1.66247
12.3662 -1.67247
12.5258 -1.68247
12.6853 -1.69247
12.8448 -1.70247
13.0043 -1.71247
13.1637 -1.72247
13.3231 -1.73247
13.4825 -1.74247
13.6419 -1.75247
13.8012 -1.76247
13.9605 -1.77247
14.1198 -1.78247
14.279 -1.79247
14.4383 -1.80247
14.5975 -1.81247
14.7566 -1.82247
14.9158 -1.83247
15.0749 -1.84247
15.2339 -1.85247
15.393 -1.86247
15.552 -1.87247
15.711 -1.88247
15.87 -1.89247
16.029 -1.90247
16.1879 -1.91247
16.3468 -1.92247
16.5057 -1.93247
16.6646 -1.94247
16.8234 -1.95247
16.9822 -1.96247
17.141 -1.97247
17.2997 -1.98247
17.4584 -1.99247
17.6171 -2.00247
17.7758 -2.01247
17.9344 -2.02247
18.093 -2.03247
18.2516 -2.04247
18.4102 -2.05247
18.5687 -2.06247
18.7272 -2.07247
18.8857 -2.08247
19.0441 -2.09247
19.2025 -2.10247
19.3609 -2.11247
19.5193 -2.12247
19.6776 -2.13247
19.8359 -2.14247
19.9942 -2.15247
20.1524 -2.16247
20.3106 -2.17247
20.4688 -2.18247
20.6269 -2.19247
20.7851 -2.20247
20.9432 -2.21247
21.1012 -2.22247
21.2593 -2.23247
21.4173 -2.24247
21.5752 -2.25247
21.7332 -2.26247
21.8911 -2.27247
22.049 -2.28247
22.2069 -2.29247
22.3647 -2.30247
22.5225 -2.31247
22.6803 -2.32247
22.838 -2.33247
22.9958 -2.34247
23.1534 -2.35247
23.3111 -2.36247
23.4687 -2.37247
23.6263 -2.38247
23.7839 -2.39247
23.9414 -2.40247
24.0989 -2.41247
24.2564 -2.42247
24.4139 -2.43247
24.5713 -2.44247
24.7287 -2.45247
24.886 -2.46247
25.0434 -2.47247
25.2007 -2.48247
25.3579 -2.49247
25.5152 -2.50247
25.6724 -2.51247
25.8296 -2.52247
25.9867 -2.53247
26.1438 -2.54247
26.3009 -2.55247
26.4579 -2.56247
26.615 -2.57247
26.772 -2.58247
26.9289 -2.59247
27.0858 -2.60247
27.2427 -2.61247
27.3996 -2.62247
27.5565 -2.63247
27.7133 -2.64247
27.8701 -2.65247
28.0268 -2.66247
28.1835 -2.67247
28.3402 -2.68247
28.4969 -2.69247
28.6535 -2.70247
28.8101 -2.71247
28.9667 -2.72247
29.1232 -2.73247
29.2798 -2.74247
29.4362 -2.75247
29.5927 -2.76247
29.7491 -2.77247
29.9055 -2.78247
30.0619 -2.79247
30.2182 -2.80247
30.3742 -2.81247
30.529 -2.82247
30.6795 -2.83247
30.8226 -2.84247
30.9265 -2.85247
30.9953 -2.86247
31.0596 -2.87247
31.1226 -2.88247
31.1854 -2.89247
31.2482 -2.90247
31.3109 -2.91247
31.3735 -2.92247
31.436 -2.93247
31.4986 -2.94247
31.5611 -2.95247
31.6235 -2.96247
31.686 -2.97247
31.7484 -2.98247
31.8108 -2.99247
31.8731 -3.00247
31.9353 -3.01247
31.9975 -3.02247
32.0597 -3.03247
32.1217 -3.04247
32.1837 -3.05247
32.2457 -3.06247
32.3076 -3.07247
32.3694 -3.08247
32.4312 -3.09247
32.493 -3.10247
32.5547 -3.11247
32.6163 -3.12247
32.6779 -3.13247
32.7393 -3.14247
32.8007 -3.15247
32.8621 -3.16247
32.9234 -3.17247
32.9845 -3.18247
33.0456 -3.19247
33.1067 -3.20247
33.1676 -3.21247
33.2284 -3.22247
33.2891 -3.23247
33.3497 -3.24247
33.4103 -3.25247
33.4708 -3.26247
33.5312 -3.27247
33.5916 -3.28247
33.652 -3.29247
33.7122 -3.30247
33.7724 -3.31247
33.8326 -3.32247
33.8927 -3.33247
33.9527 -3.34247
34.0126 -3.35247
34.0725 -3.36247
34.1323 -3.37247
34.192 -3.38247
34.2517 -3.39247
34.3113 -3.40247
34.3708 -3.41247
34.4303 -3.42247
34.4897 -3.43247
34.5489 -3.44247
34.6078 -3.45247
34.6666 -3.46247
34.7251 -3.47247
34.7828 -3.48247
34.8404 -3.49247
34.898 -3.50247
34.9555 -3.51247
35.0119 -3.52247
35.0681 -3.53247
35.1241 -3.54247
35.1798 -3.55247
35.2355 -3.56247
35.2904 -3.57247
35.345 -3.58247
35.3996 -3.59247
35.4537 -3.60247
35.5072 -3.61247
35.5607 -3.62247
35.6141 -3.63247
35.6674 -3.64247
35.7205 -3.65247
35.7734 -3.66247
35.8263 -3.67247
35.8792 -3.68247
35.9318 -3.69247
35.9844 -3.70247
36.0369 -3.71247
36.0894 -3.72247
36.1419 -3.73247
36.1943 -3.74247
36.2466 -3.75247
36.299 -3.76247
36.3513 -3.77247
36.4035 -3.78247
36.4557 -3.79247
36.5079 -3.80247
36.5599 -3.81247
36.612 -3.82247
36.664 -3.83247
36.7159 -3.84247
36.7678 -3.85247
36.8196 -3.86247
36.8714 -3.87247
36.9231 -3.88247
36.9747 -3.89247
37.0263 -3.90247
37.0779 -3.91247
37.1294 -3.92247
37.1808 -3.93247
37.2322 -3.94247
37.2836 -3.95247
37.3349 -3.96247
37.3862 -3.97247
37.4374 -3.98247
37.4886 -3.99247
37.5397 -4.00247
37.5908 -4.01247
37.6418 -4.02247
37.6928 -4.03247
37.7437 -4.04247
37.7946 -4.05247
37.8454 -4.06247
37.8962 -4.07247
37.9469 -4.08247
37.9976 -4.09247
38.0482 -4.10247
38.0987 -4.11247
38.1493 -4.12247
38.1997 -4.13247
38.2501 -4.14247
38.3005 -4.15247
38.3505 -4.16247
38.4004 -4.17247
38.4503 -4.18247
38.4999 -4.19247
38.5491 -4.20247
38.5983 -4.21247
38.6474 -4.22247
38.6964 -4.23247
38.7453 -4.24247
38.7935 -4.25247
38.8417 -4.26247
38.8899 -4.27247
38.938 -4.28247
38.9861 -4.29247
39.0338 -4.30247
39.0813 -4.31247
39.1287 -4.32247
39.1761 -4.33247
39.2233 -4.34247
39.2704 -4.35247
39.3174 -4.36247
39.3644 -4.37247
39.4113 -4.38247
39.4583 -4.39247
39.5052 -4.40247
39.5521 -4.41247
39.599 -4.42247
39.6458 -4.43247
39.6925 -4.44247
39.7393 -4.45247
39.786 -4.46247
39.8329 -4.47247
39.8798 -4.48247
39.9268 -4.49247
39.9738 -4.50247
40.0208 -4.51247
40.0678 -4.52247
40.1148 -4.53247
40.1617 -4.54247
40.2086 -4.55247
40.2555 -4.56247
40.3025 -4.57247
40.3495 -4.58247
40.3965 -4.59247
40.4434 -4.60247
40.4903 -4.61247
40.5372 -4.62247
40.584 -4.63247
40.6308 -4.64247
40.6776 -4.65247
40.7244 -4.66247
40.7711 -4.67247
40.8179 -4.68247
40.8647 -4.69247
40.9114 -4.70247
40.9581 -4.71247
41.0048 -4.72247
41.0514 -4.73247
41.098 -4.74247
41.1446 -4.75247
41.1912 -4.76247
41.2379 -4.77247
41.2846 -4.78247
41.3313 -4.79247
41.378 -4.80247
41.4247 -4.81247
41.4714 -4.82247
41.5181 -4.83247
41.5647 -4.84247
41.6114 -4.85247
41.658 -4.86247
41.7046 -4.87247
41.7511 -4.88247
41.7976 -4.89247
41.8441 -4.90247
41.8905 -4.91247
41.937 -4.92247
41.9834 -4.93247
42.0298 -4.94247
42.076 -4.95247
42.1221 -4.96247
42.1681 -4.97247
42.2142 -4.98247
42.2602 -4.99247
42.3062 -5.00247
42.3522 -5.01247
42.3981 -5.02247
42.4439 -5.03247
42.4896 -5.04247
42.5352 -5.05247
42.5808 -5.06247
42.6264 -5.07247
42.6719 -5.08247
42.7175 -5.09247
42.763 -5.10247
42.8085 -5.11247
42.8539 -5.12247
42.8991 -5.13247
42.9443 -5.14247
42.9895 -5.15247
43.0345 -5.16247
43.0795 -5.17247
43.1244 -5.18247
43.1692 -5.19247
43.214 -5.20247
43.2587 -5.21247
43.3034 -5.22247
43.3477 -5.23247
43.392 -5.24247
43.4363 -5.25247
43.4805 -5.26247
43.5248 -5.27247
43.569 -5.28247
43.6132 -5.29247
43.6574 -5.30247
43.7015 -5.31247
43.7454 -5.32247
43.7891 -5.33247
43.8327 -5.34247
43.8763 -5.35247
43.9199 -5.36247
43.9635 -5.37247
44.0071 -5.38247
44.0506 -5.39247
44.0941 -5.40247
44.1376 -5.41247
44.181 -5.42247
44.2241 -5.43247
44.267 -5.44247
44.3099 -5.45247
44.3528 -5.46247
44.3957 -5.47247
44.4386 -5.48247
44.4814 -5.49247
44.5242 -5.50247
44.5669 -5.51247
44.6095 -5.52247
44.6522 -5.53247
44.6949 -5.54247
44.7376 -5.55247
44.7804 -5.56247
44.8231 -5.57247
44.8658 -5.58247
44.9086 -5.59247
44.9513 -5.60247
44.994 -5.61247
45.0367 -5.62247
45.0794 -5.63247
45.122 -5.64247
45.1647 -5.65247
45.2073 -5.66247
45.25 -5.67247
45.2926 -5.68247
45.3352 -5.69247
45.3778 -5.70247
45.4204 -5.71247
45.463 -5.72247
45.5056 -5.73247
45.5482 -5.74247
45.5908 -5.75247
45.6333 -5.76247
45.6758 -5.77247
45.7183 -5.78247
45.7607 -5.79247
45.8032 -5.80247
45.8456 -5.81247
45.8879 -5.82247
45.9301 -5.83247
45.9722 -5.84247
46.0144 -5.85247
46.0566 -5.86247
46.0988 -5.87247
46.1409 -5.88247
46.183 -5.89247
46.2252 -5.90247
46.2673 -5.91247
46.3094 -5.92247
46.3515 -5.93247
46.3936 -5.94247
46.4356 -5.95247
46.4777 -5.96247
46.5197 -5.97247
46.5618 -5.98247
46.6038 -5.99247
46.6459 -6.00247
46.6879 -6.01247
46.7299 -6.02247
46.7719 -6.03247
46.8138 -6.04247
46.8558 -6.05247
46.8978 -6.06247
46.9397 -6.07247
46.9817 -6.08247
47.0236 -6.09247
47.0655 -6.10247
47.1074 -6.11247
47.1493 -6.12247
47.1912 -6.13247
47.233 -6.14247
47.2749 -6.15247
47.3167 -6.16247
47.3585 -6.17247
47.4003 -6.18247
47.4421 -6.19247
47.4839 -6.20247
47.5257 -6.21247
47.5675 -6.22247
47.6092 -6.23247
47.651 -6.24247
47.6927 -6.25247
47.7345 -6.26247
47.7761 -6.27247
47.8175 -6.28247
47.8589 -6.29247
47.8992 -6.30247
47.9393 -6.31247
47.9794 -6.32247
48.0172 -6.33247
48.0542 -6.34247
48.0891 -6.35247
48.1154 -6.36247
48.1324 -6.37247
48.1495 -6.38247
48.1664 -6.39247
48.1834 -6.40247
48.2003 -6.41247
48.2172 -6.42247
48.2341 -6.43247
48.2509 -6.44247
48.2676 -6.45247
48.2844 -6.46247
48.3011 -6.47247
48.3178 -6.48247
48.3344 -6.49247
48.351 -6.50247
48.3676 -6.51247
48.3841 -6.52247
48.4003 -6.53247
48.4158 -6.54247
48.4302 -6.55247
48.4437 -6.56247
48.4559 -6.57247
48.4666 -6.58247
48.4757 -6.59247
48.4842 -6.60247
48.4927 -6.61247
48.5011 -6.62247
48.5096 -6.63247
48.5179 -6.64247
48.5263 -6.65247
48.5346 -6.66247
48.5429 -6.67247
48.5511 -6.68247
48.5593 -6.69247
48.5675 -6.70247
48.5756 -6.71247
48.5837 -6.72247
48.5917 -6.73247
48.5997 -6.74247
48.6077 -6.75247
48.6156 -6.76247
48.6235 -6.77247
48.6313 -6.78247
48.6391 -6.79247
48.6469 -6.80247
48.6546 -6.81247
48.6623 -6.82247
48.6702 -6.83247
48.6781 -6.84247
48.6859 -6.85247
48.6937 -6.86247
48.7014 -6.87247
48.7091 -6.88247
48.7168 -6.89247
48.7244 -6.90247
48.7324 -6.91247
48.7404 -6.92247
48.7484 -6.93247
48.7563 -6.94247
48.7641 -6.95247
48.772 -6.96247
48.7797 -6.97247
48.7875 -6.98247
48.7951 -6.99247
48.8028 -7.00247
48.8104 -7.01247
48.8179 -7.02247
48.826 -7.03247
48.834 -7.04247
48.842 -7.05247
48.8499 -7.06247
48.8578 -7.07247
48.8656 -7.08247
48.8732 -7.09247
48.8808 -7.10247
48.8881 -7.11247
48.8953 -7.12247
48.9023 -7.13247
48.9098 -7.14247
48.9166 -7.15247
48.9233 -7.16247
48.9298 -7.17247
48.9357 -7.18247
48.9414 -7.19247
48.9471 -7.20247
48.9525 -7.21247
48.9576 -7.22247
48.9626 -7.23247
48.9675 -7.24247
48.9724 -7.25247
48.9769 -7.26247
48.9812 -7.27247
48.9855 -7.28247
48.9896 -7.29247
48.9936 -7.30247
48.9975 -7.31247
49.0014 -7.32247
49.0053 -7.33247
49.0091 -7.34247
49.0129 -7.35247
49.0167 -7.36247
49.0204 -7.37247
49.0241 -7.38247
49.0277 -7.39247
49.0313 -7.40247
49.0349 -7.41247
49.0384 -7.42247
49.0419 -7.43247
49.0452 -7.44247
49.0482 -7.45247
49.0512 -7.46247
49.0542 -7.47247
49.0561 -7.48247
49.0578 -7.49247
49.0595 -7.50247
49.0611 -7.51247
49.0624 -7.52247
49.0627 -7.53247
49.0627 -7.54247
49.0627 -7.55247
49.0627 -7.56247
49.0625 -7.57247
49.0619 -7.58247
49.0603 -7.59247
49.0586 -7.60247
49.0569 -7.61247
49.055 -7.62247
49.0525 -7.63247
49.0498 -7.64247
49.0471 -7.65247
49.0443 -7.66247
49.0414 -7.67247
49.0385 -7.68247
49.0356 -7.69247
49.0326 -7.70247
49.0293 -7.71247
49.026 -7.72247
49.0227 -7.73247
49.0193 -7.74247
49.0159 -7.75247
49.0125 -7.76247
49.0091 -7.77247
49.0057 -7.78247
49.0023 -7.79247
48.9986 -7.80247
48.9949 -7.81247
48.9912 -7.82247
48.9875 -7.83247
48.9838 -7.84247
48.98 -7.85247
48.9763 -7.86247
48.9724 -7.87247
48.9685 -7.88247
48.9646 -7.89247
48.9607 -7.90247
48.9568 -7.91247
48.9529 -7.92247
48.9489 -7.93247
48.945 -7.94247
48.9411 -7.95247
48.9372 -7.96247
48.9332 -7.97247
48.9293 -7.98247
48.9254 -7.99247
48.9214 -8.00247
48.9175 -8.01247
48.9135 -8.02247
48.9095 -8.03247
48.9056 -8.04247
48.9016 -8.05247
48.8976 -8.06247
48.8937 -8.07247
48.8897 -8.08247
48.8857 -8.09247
48.8817 -8.10247
48.8777 -8.11247
48.8737 -8.12247
48.8697 -8.13247
48.8657 -8.14247
48.8617 -8.15247
48.8577 -8.16247
48.8537 -8.17247
48.8496 -8.18247
48.8456 -8.19247
48.8416 -8.20247
48.8375 -8.21247
48.8335 -8.22247
48.8294 -8.23247
48.8254 -8.24247
48.8213 -8.25247
48.8173 -8.26247
48.8132 -8.27247
48.8091 -8.28247
48.8051 -8.29247
48.801 -8.30247
48.7969 -8.31247
48.7928 -8.32247
48.7887 -8.33247
48.7846 -8.34247
48.7805 -8.35247
48.7764 -8.36247
48.7723 -8.37247
48.7682 -8.38247
48.764 -8.39247
48.7599 -8.40247
48.7558 -8.41247
48.7516 -8.42247
48.7475 -8.43247
48.7433 -8.44247
48.7392 -8.45247
48.735 -8.46247
48.7309 -8.47247
48.7267 -8.48247
48.7225 -8.49247
48.7183 -8.50247
48.7141 -8.51247
48.7099 -8.52247
48.7056 -8.53247
48.7013 -8.54247
48.6971 -8.55247
48.6928 -8.56247
48.6885 -8.57247
48.6842 -8.58247
48.6799 -8.59247
48.6756 -8.60247
48.6711 -8.61247
48.6667 -8.62247
48.6622 -8.63247
48.6577 -8.64247
48.6532 -8.65247
48.6487 -8.66247
48.6442 -8.67247
48.6397 -8.68247
48.6353 -8.69247
48.6308 -8.70247
48.6263 -8.71247
48.6217 -8.72247
48.6172 -8.73247
48.6127 -8.74247
48.608 -8.75247
48.6033 -8.76247
48.5986 -8.77247
48.5939 -8.78247
48.5892 -8.79247
48.5845 -8.80247
48.5798 -8.81247
48.5751 -8.82247
48.5703 -8.83247
48.5656 -8.84247
48.5609 -8.85247
48.5562 -8.86247
48.5514 -8.87247
48.5467 -8.88247
48.542 -8.89247
48.5373 -8.90247
48.5324 -8.91247
48.5275 -8.92247
48.5226 -8.93247
48.5177 -8.94247
48.5129 -8.95247
48.508 -8.96247
48.5031 -8.97247
48.4982 -8.98247
48.4933 -8.99247
48.4884 -9.00247
48.4835 -9.01247
48.4786 -9.02247
48.4736 -9.03247
48.4687 -9.04247
48.4637 -9.05247
48.4587 -9.06247
48.4537 -9.07247
48.4487 -9.08247
48.4438 -9.09247
48.4388 -9.10247
48.4338 -9.11247
48.4288 -9.12247
48.4238 -9.13247
48.4188 -9.14247
48.4139 -9.15247
48.4089 -9.16247
48.4039 -9.17247
48.3989 -9.18247
48.3939 -9.19247
48.3889 -9.20247
48.3839 -9.21247
48.3789 -9.22247
48.3739 -9.23247
48.3689 -9.24247
48.3639 -9.25247
48.3589 -9.26247
48.3539 -9.27247
48.3489 -9.28247
48.3439 -9.29247
48.3389 -9.30247
48.3339 -9.31247
48.3289 -9.32247
48.3239 -9.33247
48.3189 -9.34247
48.3138 -9.35247
48.3088 -9.36247
48.3038 -9.37247
48.2988 -9.38247
48.2938 -9.39247
48.2888 -9.40247
48.2838 -9.41247
48.2788 -9.42247
48.2737 -9.43247
48.2687 -9.44247
48.2637 -9.45247
48.2586 -9.46247
48.2536 -9.47247
48.2486 -9.48247
48.2436 -9.49247
48.2386 -9.50247
48.2336 -9.51247
48.2286 -9.52247
48.2236 -9.53247
48.2186 -9.54247
48.2136 -9.55247
48.2086 -9.56247
48.2036 -9.57247
48.1986 -9.58247
48.1936 -9.59247
48.1887 -9.60247
48.1838 -9.61247
48.1788 -9.62247
48.1739 -9.63247
48.169 -9.64247
48.1641 -9.65247
48.1592 -9.66247
48.1543 -9.67247
48.1494 -9.68247
48.1445 -9.69247
48.1396 -9.70247
48.1347 -9.71247
48.1298 -9.72247
48.1249 -9.73247
48.12 -9.74247
48.1151 -9.75247
48.1101 -9.76247
48.1052 -9.77247
48.1003 -9.78247
48.0954 -9.79247
48.0906 -9.80247
48.0858 -9.81247
48.081 -9.82247
48.0762 -9.83247
48.0714 -9.84247
48.0666 -9.85247
48.0618 -9.86247
48.057 -9.87247
48.0522 -9.88247
48.0474 -9.89247
48.0425 -9.90247
48.0377 -9.91247
48.0329 -9.92247
48.028 -9.93247
48.0232 -9.94247
48.0184 -9.95247
48.0136 -9.96247
48.0091 -9.97247
48.0047 -9.98247
48.0003 -9.99247
47.9959 -10.0025
47.9915 -10.0125
47.9871 -10.0225
47.9828 -10.0325
47.9791 -10.0425
47.9754 -10.0525
47.9716 -10.0625
47.9679 -10.0725
47.9642 -10.0825
47.9604 -10.0925
47.9567 -10.1025
47.953 -10.1125
47.9493 -10.1225
47.9456 -10.1325
47.9428 -10.1425
47.9399 -10.1525
47.937 -10.1625
47.9341 -10.1725
47.9312 -10.1825
47.9284 -10.1925
47.9255 -10.2025
47.9226 -10.2125
47.9199 -10.2225
47.9177 -10.2325
47.9155 -10.2425
47.9133 -10.2525
47.9112 -10.2625
47.909 -10.2725
47.9069 -10.2825
47.905 -10.2925
47.9031 -10.3025
47.9012 -10.3125
47.8994 -10.3225
47.8975 -10.3325
47.8956 -10.3425
47.8937 -10.3525
47.8919 -10.3625
47.89 -10.3725
47.8881 -10.3825
47.8862 -10.3925
47.8843 -10.4025
47.8824 -10.4125
47.8805 -10.4225
47.8786 -10.4325
47.8767 -10.4425
47.8748 -10.4525
47.8729 -10.4625
47.871 -10.4725
47.8691 -10.4825
47.8672 -10.4925
47.8653 -10.5025
47.8634 -10.5125
47.8615 -10.5225
47.8596 -10.5325
47.8577 -10.5425
47.8558 -10.5525
47.854 -10.5625
47.8521 -10.5725
47.8501 -10.5825
47.8481 -10.5925
47.846 -10.6025
47.844 -10.6125
47.842 -10.6225
47.84 -10.6325
47.838 -10.6425
47.836 -10.6525
47.834 -10.6625
47.832 -10.6725
47.83 -10.6825
47.828 -10.6925
47.826 -10.7025
47.8241 -10.7125
47.8218 -10.7225
47.8193 -10.7325
47.8167 -10.7425
47.8139 -10.7525
47.811 -10.7625
47.808 -10.7725
47.8051 -10.7825
47.8021 -10.7925
47.7991 -10.8025
47.7961 -10.8125
47.7931 -10.8225
47.7901 -10.8325
47.7871 -10.8425
47.7841 -10.8525
47.7811 -10.8625
47.778 -10.8725
47.7729 -10.8825
47.7673 -10.8925
47.7616 -10.9025
47.7558 -10.9125
47.7509 -10.9225
47.7462 -10.9325
47.7414 -10.9425
47.7366 -10.9525
47.7315 -10.9625
47.7272 -10.9725
47.7235 -10.9825
47.7197 -10.9925
47.7159 -11.0025
47.712 -11.0125
47.7079 -11.0225
47.7039 -11.0325
47.701 -11.0425
47.6981 -11.0525
47.6952 -11.0625
47.6923 -11.0725
47.6893 -11.0825
47.6863 -11.0925
47.6833 -11.1025
47.6803 -11.1125
47.6772 -11.1225
47.6741 -11.1325
47.6717 -11.1425
47.6702 -11.1525
47.6687 -11.1625
47.6672 -11.1725
47.6657 -11.1825
47.6642 -11.1925
47.6627 -11.2025
47.6612 -11.2125
47.6593 -11.2225
47.6572 -11.2325
47.6551 -11.2425
47.653 -11.2525
47.6509 -11.2625
47.6488 -11.2725
47.6468 -11.2825
47.6447 -11.2925
47.6426 -11.3025
47.6406 -11.3125
47.6385 -11.3225
47.6364 -11.3325
47.6343 -11.3425
47.6323 -11.3525
47.6302 -11.3625
47.6281 -11.3725
47.626 -11.3825
47.6239 -11.3925
47.6218 -11.4025
47.6196 -11.4125
47.6175 -11.4225
47.6155 -11.4325
47.6141 -11.4425
47.6128 -11.4525
47.6116 -11.4625
47.6105 -11.4725
47.6093 -11.4825
47.6081 -11.4925
47.607 -11.5025
47.6058 -11.5125
47.6046 -11.5225
47.6035 -11.5325
47.6023 -11.5425
47.6011 -11.5525
47.6 -11.5625
47.5988 -11.5725
47.5976 -11.5825
47.5964 -11.5925
47.5953 -11.6025
47.5941 -11.6125
47.5929 -11.6225
47.5917 -11.6325
47.5905 -11.6425
47.5893 -11.6525
47.5881 -11.6625
47.587 -11.6725
47.5858 -11.6825
47.5844 -11.6925
47.5828 -11.7025
47.5812 -11.7125
47.5796 -11.7225
47.5782 -11.7325
47.5768 -11.7425
47.5754 -11.7525
47.574 -11.7625
47.5726 -11.7725
47.5711 -11.7825
47.5697 -11.7925
47.5683 -11.8025
47.5673 -11.8125
47.5664 -11.8225
47.5655 -11.8325
47.5646 -11.8425
47.5636 -11.8525
47.5627 -11.8625
47.5618 -11.8725
47.5608 -11.8825
47.5599 -11.8925
47.5589 -11.9025
47.558 -11.9125
47.5571 -11.9225
47.5561 -11.9325
47.5551 -11.9425
47.5542 -11.9525
47.5532 -11.9625
47.5522 -11.9725
47.5512 -11.9825
47.5502 -11.9925
47.5492 -12.0025
47.5481 -12.0125
47.5471 -12.0225
47.546 -12.0325
47.5449 -12.0425
47.5438 -12.0525
47.5427 -12.0625
47.5416 -12.0725
47.5404 -12.0825
47.5392 -12.0925
47.5379 -12.1025
47.5365 -12.1125
47.535 -12.1225
47.5332 -12.1325
47.5308 -12.1425
47.5298 -12.1525
47.5146 -12.1625
47.4909 -12.1725
47.439 -12.1825
47.4077 -12.1925
47.371 -12.2025
47.2993 -12.2125
47.255 -12.2225
47.2143 -12.2325
47.1747 -12.2425
47.1311 -12.2525
47.0825 -12.2625
47.0276 -12.2725
46.9651 -12.2825
46.8886 -12.2925
46.787 -12.3025
46.7207 -12.3125
46.69 -12.3225
46.7057 -12.3325
46.7176 -12.3425
46.7267 -12.3525
46.7357 -12.3625
46.7448 -12.3725
46.7538 -12.3825
46.7628 -12.3925
46.7718 -12.4025
46.7809 -12.4125
46.7899 -12.4225
46.7988 -12.4325
46.8078 -12.4425
46.8168 -12.4525
46.8258 -12.4625
46.8347 -12.4725
46.8416 -12.4825
46.8463 -12.4925
46.8505 -12.5025
46.8545 -12.5125
46.858 -12.5225
46.8612 -12.5325
46.8677 -12.5425
46.8852 -12.5525
46.9027 -12.5625
46.9206 -12.5725
46.9388 -12.5825
46.957 -12.5925
46.9752 -12.6025
46.9933 -12.6125
47.0114 -12.6225
47.0295 -12.6325
47.0475 -12.6425
47.0655 -12.6525
47.0834 -12.6625
47.1013 -12.6725
47.1192 -12.6825
47.137 -12.6925
47.1548 -12.7025
47.1726 -12.7125
47.1903 -12.7225
47.208 -12.7325
47.2256 -12.7425
47.2432 -12.7525
47.2608 -12.7625
47.2744 -12.7725
47.2739 -12.7825
47.2734 -12.7925
47.2728 -12.8025
47.2723 -12.8125
47.2718 -12.8225
47.2713 -12.8325
47.2708 -12.8425
47.2702 -12.8525
47.2697 -12.8625
47.2692 -12.8725
47.2687 -12.8825
47.2682 -12.8925
47.2676 -12.9025
47.2671 -12.9125
47.2665 -12.9225
47.266 -12.9325
47.2654 -12.9425
47.2648 -12.9525
47.2641 -12.9625
47.2635 -12.9725
47.2628 -12.9825
47.2622 -12.9925
47.2615 -13.0025
47.261 -13.0125
47.2604 -13.0225
47.2598 -13.0325
47.2592 -13.0425
47.2586 -13.0525
47.2581 -13.0625
47.2575 -13.0725
47.2569 -13.0825
47.2562 -13.0925
47.2556 -13.1025
47.2549 -13.1125
47.2543 -13.1225
47.2537 -13.1325
47.253 -13.1425
47.2524 -13.1525
47.2518 -13.1625
47.2511 -13.1725
47.2505 -13.1825
47.2498 -13.1925
47.2492 -13.2025
47.2486 -13.2125
47.2479 -13.2225
47.2473 -13.2325
47.2466 -13.2425
47.2459 -13.2525
47.2452 -13.2625
47.2444 -13.2725
47.2436 -13.2825
47.2428 -13.2925
47.242 -13.3025
47.2413 -13.3125
47.2405 -13.3225
47.2397 -13.3325
47.2389 -13.3425
47.2381 -13.3525
47.2373 -13.3625
47.2364 -13.3725
47.2356 -13.3825
47.2348 -13.3925
47.234 -13.4025
47.2333 -13.4125
47.2327 -13.4225
47.232 -13.4325
47.2314 -13.4425
47.2308 -13.4525
47.2301 -13.4625
47.2295 -13.4725
47.2288 -13.4825
47.2282 -13.4925
47.2275 -13.5025
47.2269 -13.5125
47.2262 -13.5225
47.2256 -13.5325
47.2249 -13.5425
47.2243 -13.5525
47.2236 -13.5625
47.223 -13.5725
47.2223 -13.5825
47.2216 -13.5925
47.221 -13.6025
47.2203 -13.6125
47.2197 -13.6225
47.219 -13.6325
47.2184 -13.6425
47.2177 -13.6525
47.217 -13.6625
47.2164 -13.6725
47.2157 -13.6825
47.2151 -13.6925
47.2144 -13.7025
47.2137 -13.7125
47.2131 -13.7225
47.2124 -13.7325
47.2117 -13.7425
47.2111 -13.7525
47.2104 -13.7625
47.2097 -13.7725
47.209 -13.7825
47.2083 -13.7925
47.2076 -13.8025
47.2069 -13.8125
47.2063 -13.8225
47.2056 -13.8325
47.2049 -13.8425
47.2041 -13.8525
47.2033 -13.8625
47.2025 -13.8725
47.2017 -13.8825
47.2008 -13.8925
47.2002 -13.9025
47.1998 -13.9125
47.1994 -13.9225
47.199 -13.9325
47.1985 -13.9425
47.1981 -13.9525
47.1977 -13.9625
47.1972 -13.9725
47.1968 -13.9825
47.1964 -13.9925
47.196 -14.0025
47.1955 -14.0125
47.1951 -14.0225
47.1947 -14.0325
47.1942 -14.0425
47.1938 -14.0525
47.1934 -14.0625
47.1929 -14.0725
47.1925 -14.0825
47.192 -14.0925
47.1916 -14.1025
47.1912 -14.1125
47.1907 -14.1225
47.1903 -14.1325
47.1898 -14.1425
47.1894 -14.1525
47.189 -14.1625
47.1885 -14.1725
47.1881 -14.1825
47.1876 -14.1925
47.1872 -14.2025
47.1867 -14.2125
47.1863 -14.2225
47.1858 -14.2325
47.1854 -14.2425
47.185 -14.2525
47.1845 -14.2625
47.1841 -14.2725
47.1836 -14.2825
47.1831 -14.2925
47.1827 -14.3025
47.1822 -14.3125
47.1818 -14.3225
47.1813 -14.3325
47.1808 -14.3425
47.1804 -14.3525
47.1799 -14.3625
47.1794 -14.3725
47.179 -14.3825
47.1785 -14.3925
47.178 -14.4025
47.1775 -14.4125
47.1771 -14.4225
47.1766 -14.4325
47.1761 -14.4425
47.1756 -14.4525
47.1751 -14.4625
47.1747 -14.4725
47.1742 -14.4825
47.1737 -14.4925
47.1732 -14.5025
47.1727 -14.5125
47.1722 -14.5225
47.1716 -14.5325
47.1711 -14.5425
47.1705 -14.5525
47.17 -14.5625
47.1694 -14.5725
47.1689 -14.5825
47.1683 -14.5925
47.1678 -14.6025
47.1672 -14.6125
47.1666 -14.6225
47.1661 -14.6325
47.1655 -14.6425
47.1649 -14.6525
47.1644 -14.6625
47.1638 -14.6725
47.1632 -14.6825
47.1626 -14.6925
47.1621 -14.7025
47.1615 -14.7125
47.1609 -14.7225
47.1603 -14.7325
47.1597 -14.7425
47.1591 -14.7525
47.1585 -14.7625
47.1579 -14.7725
47.1574 -14.7825
47.1567 -14.7925
47.1561 -14.8025
47.1555 -14.8125
47.1549 -14.8225
47.1543 -14.8325
47.1537 -14.8425
47.1531 -14.8525
47.1524 -14.8625
47.1518 -14.8725
47.1511 -14.8825
47.1505 -14.8925
47.1498 -14.9025
47.1492 -14.9125
47.1485 -14.9225
47.1478 -14.9325
47.1471 -14.9425
47.1464 -14.9525
47.1457 -14.9625
47.145 -14.9725
47.1442 -14.9825
47.1435 -14.9925
47.1427 -15.0025
47.1418 -15.0125
47.141 -15.0225
47.14 -15.0325
47.139 -15.0425
47.1378 -15.0525
47.1359 -15.0625
47.1321 -15.0725
47.126 -15.0825
47.1171 -15.0925
47.1153 -15.1025
47.1145 -15.1125
47.1067 -15.1225
47.0965 -15.1325
47.0834 -15.1425
47.0668 -15.1525
47.0458 -15.1625
47.0191 -15.1725
46.976 -15.1825
46.9323 -15.1925
46.8899 -15.2025
46.8565 -15.2125
46.823 -15.2225
46.7894 -15.2325
46.7558 -15.2425
46.7221 -15.2525
46.6883 -15.2625
46.6545 -15.2725
46.6205 -15.2825
46.5865 -15.2925
46.5591 -15.3025
46.5572 -15.3125
46.5553 -15.3225
46.5535 -15.3325
46.5516 -15.3425
46.5497 -15.3525
46.5478 -15.3625
46.546 -15.3725
46.5441 -15.3825
46.5422 -15.3925
46.5403 -15.4025
46.5385 -15.4125
46.5366 -15.4225
46.5347 -15.4325
46.5328 -15.4425
46.531 -15.4525
46.5291 -15.4625
46.5312 -15.4725
46.5339 -15.4825
46.5365 -15.4925
46.5392 -15.5025
46.5418 -15.5125
46.5445 -15.5225
46.5471 -15.5325
46.5498 -15.5425
46.5524 -15.5525
46.5551 -15.5625
46.5577 -15.5725
46.5604 -15.5825
46.5632 -15.5925
46.5673 -15.6025
46.5712 -15.6125
46.5828 -15.6225
46.6002 -15.6325
46.6176 -15.6425
46.635 -15.6525
46.6524 -15.6625
46.6698 -15.6725
46.6872 -15.6825
46.7045 -15.6925
46.7219 -15.7025
46.7393 -15.7125
46.7566 -15.7225
46.774 -15.7325
46.7914 -15.7425
46.8087 -15.7525
46.8261 -15.7625
46.8434 -15.7725
46.8608 -15.7825
46.8752 -15.7925
46.8756 -15.8025
46.876 -15.8125
46.8763 -15.8225
46.8767 -15.8325
46.8771 -15.8425
46.8775 -15.8525
46.878 -15.8625
46.8785 -15.8725
46.879 -15.8825
46.8795 -15.8925
46.88 -15.9025
46.8805 -15.9125
46.8811 -15.9225
46.8816 -15.9325
46.8821 -15.9425
46.8826 -15.9525
46.8831 -15.9625
46.8836 -15.9725
46.8842 -15.9825
46.8847 -15.9925
46.8852 -16.0025
46.8857 -16.0125
46.8862 -16.0225
46.8867 -16.0325
46.8873 -16.0425
46.8878 -16.0525
46.8883 -16.0625
46.8888 -16.0725
46.8893 -16.0825
46.8898 -16.0925
46.8904 -16.1025
46.8909 -16.1125
46.8914 -16.1225
46.8919 -16.1325
46.8924 -16.1425
46.8929 -16.1525
46.8935 -16.1625
46.894 -16.1725
46.8945 -16.1825
46.895 -16.1925
46.8955 -16.2025
46.896 -16.2125
46.8965 -16.2225
46.897 -16.2325
46.8975 -16.2425
46.898 -16.2525
46.8985 -16.2625
46.899 -16.2725
46.8995 -16.2825
46.9 -16.2925
46.9005 -16.3025
46.901 -16.3125
46.9015 -16.3225
46.902 -16.3325
46.9024 -16.3425
46.9029 -16.3525
46.9034 -16.3625
46.9039 -16.3725
46.9044 -16.3825
46.9048 -16.3925
46.9053 -16.4025
46.9058 -16.4125
46.9063 -16.4225
46.9067 -16.4325
46.9072 -16.4425
46.9077 -16.4525
46.9082 -16.4625
46.9087 -16.4725
46.9091 -16.4825
46.9096 -16.4925
46.9101 -16.5025
46.9105 -16.5125
46.911 -16.5225
46.9115 -16.5325
46.912 -16.5425
46.9124 -16.5525
46.9129 -16.5625
46.9134 -16.5725
46.9138 -16.5825
46.9143 -16.5925
46.9148 -16.6025
46.9152 -16.6125
46.9157 -16.6225
46.9162 -16.6325
46.9166 -16.6425
46.9165 -16.6525
46.9163 -16.6625
46.9161 -16.6725
46.9159 -16.6825
46.9157 -16.6925
46.9155 -16.7025
46.9153 -16.7125
46.9151 -16.7225
46.9149 -16.7325
46.9147 -16.7425
46.9145 -16.7525
46.9143 -16.7625
46.9141 -16.7725
46.9139 -16.7825
46.9137 -16.7925
46.9135 -16.8025
46.9134 -16.8125
46.9132 -16.8225
46.913 -16.8325
46.9128 -16.8425
46.9126 -16.8525
46.9124 -16.8625
46.9122 -16.8725
46.912 -16.8825
46.9118 -16.8925
46.9116 -16.9025
46.9114 -16.9125
46.9112 -16.9225
46.911 -16.9325
46.9108 -16.9425
46.9106 -16.9525
46.9104 -16.9625
46.9102 -16.9725
46.91 -16.9825
46.9098 -16.9925
46.9096 -17.0025
46.9094 -17.0125
46.9092 -17.0225
46.9089 -17.0325
46.9085 -17.0425
46.9081 -17.0525
46.9077 -17.0625
46.9073 -17.0725
46.9069 -17.0825
46.9065 -17.0925
46.9061 -17.1025
46.9057 -17.1125
46.9053 -17.1225
46.9049 -17.1325
46.9045 -17.1425
46.9041 -17.1525
46.9037 -17.1625
46.9033 -17.1725
46.9029 -17.1825
46.9025 -17.1925
46.9021 -17.2025
46.9016 -17.2125
46.9012 -17.2225
46.9008 -17.2325
46.9004 -17.2425
46.9 -17.2525
46.8996 -17.2625
46.8992 -17.2725
46.8988 -17.2825
46.8984 -17.2925
46.898 -17.3025
46.8976 -17.3125
46.8972 -17.3225
46.8968 -17.3325
46.8964 -17.3425
46.896 -17.3525
46.8956 -17.3625
46.8952 -17.3725
46.8948 -17.3825
46.8944 -17.3925
46.894 -17.4025
46.8936 -17.4125
46.8932 -17.4225
46.8928 -17.4325
46.8924 -17.4425
46.892 -17.4525
46.8916 -17.4625
46.8912 -17.4725
46.8908 -17.4825
46.8904 -17.4925
46.89 -17.5025
46.8895 -17.5125
46.8891 -17.5225
46.8887 -17.5325
46.8883 -17.5425
46.8879 -17.5525
46.8875 -17.5625
46.8871 -17.5725
46.8867 -17.5825
46.8863 -17.5925
46.8859 -17.6025
46.8855 -17.6125
46.8851 -17.6225
46.8847 -17.6325
46.8843 -17.6425
46.8839 -17.6525
46.8835 -17.6625
46.8831 -17.6725
46.8827 -17.6825
46.8823 -17.6925
46.8819 -17.7025
46.8815 -17.7125
46.8811 -17.7225
46.8807 -17.7325
46.8803 -17.7425
46.8799 -17.7525
46.8795 -17.7625
46.8791 -17.7725
46.8787 -17.7825
46.8783 -17.7925
46.8779 -17.8025
46.8775 -17.8125
46.8771 -17.8225
46.8767 -17.8325
46.8763 -17.8425
46.8759 -17.8525
46.8754 -17.8625
46.875 -17.8725
46.8746 -17.8825
46.8742 -17.8925
46.8738 -17.9025
46.8734 -17.9125
46.873 -17.9225
46.8726 -17.9325
46.8722 -17.9425
46.8718 -17.9525
46.8714 -17.9625
46.871 -17.9725
46.8706 -17.9825
46.8702 -17.9925
46.8698 -18.0025
46.8694 -18.0125
46.869 -18.0225
46.8686 -18.0325
46.8682 -18.0425
46.8678 -18.0525
46.8674 -18.0625
46.867 -18.0725
46.8666 -18.0825
46.8662 -18.0925
46.8658 -18.1025
46.8654 -18.1125
46.865 -18.1225
46.8646 -18.1325
46.8642 -18.1425
46.8638 -18.1525
46.8634 -18.1625
46.863 -18.1725
46.8626 -18.1825
46.8622 -18.1925
46.8618 -18.2025
46.8614 -18.2125
46.861 -18.2225
46.8606 -18.2325
46.8602 -18.2425
46.8598 -18.2525
46.8594 -18.2625
46.859 -18.2725
46.8586 -18.2825
46.8582 -18.2925
46.8578 -18.3025
46.8574 -18.3125
46.857 -18.3225
46.8566 -18.3325
46.8562 -18.3425
46.8558 -18.3525
46.8554 -18.3625
46.855 -18.3725
46.8546 -18.3825
46.8542 -18.3925
46.8538 -18.4025
46.8534 -18.4125
46.853 -18.4225
46.8526 -18.4325
46.8522 -18.4425
46.8518 -18.4525
46.8514 -18.4625
46.851 -18.4725
46.8506 -18.4825
46.8502 -18.4925
46.8498 -18.5025
46.8494 -18.5125
46.849 -18.5225
46.8486 -18.5325
46.8482 -18.5425
46.8478 -18.5525
46.8474 -18.5625
46.847 -18.5725
46.8466 -18.5825
46.8462 -18.5925
46.8458 -18.6025
46.8454 -18.6125
46.845 -18.6225
46.8446 -18.6325
46.8442 -18.6425
46.8438 -18.6525
46.8434 -18.6625
46.843 -18.6725
46.8426 -18.6825
46.8422 -18.6925
46.8418 -18.7025
46.8414 -18.7125
46.841 -18.7225
46.8406 -18.7325
46.8402 -18.7425
46.8398 -18.7525
46.8394 -18.7625
46.839 -18.7725
46.8386 -18.7825
46.8382 -18.7925
46.8378 -18.8025
46.8374 -18.8125
46.837 -18.8225
46.8366 -18.8325
46.8362 -18.8425
46.8358 -18.8525
46.8354 -18.8625
46.835 -18.8725
46.8346 -18.8825
46.8342 -18.8925
46.8338 -18.9025
46.8334 -18.9125
46.833 -18.9225
46.8326 -18.9325
46.8322 -18.9425
46.8318 -18.9525
46.8314 -18.9625
46.831 -18.9725
46.8306 -18.9825
46.8302 -18.9925
46.8298 -19.0025
46.8294 -19.0125
46.829 -19.0225
46.8286 -19.0325
46.8282 -19.0425
46.8278 -19.0525
46.8274 -19.0625
46.827 -19.0725
46.8266 -19.0825
46.8262 -19.0925
46.8258 -19.1025
46.8254 -19.1125
46.825 -19.1225
46.8246 -19.1325
46.8242 -19.1425
46.8238 -19.1525
46.8234 -19.1625
46.823 -19.1725
46.8226 -19.1825
46.8222 -19.1925
46.8218 -19.2025
46.8214 -19.2125
46.821 -19.2225
46.8207 -19.2325
46.8203 -19.2425
46.8199 -19.2525
46.8195 -19.2625
46.8191 -19.2725
46.8187 -19.2825
46.8183 -19.2925
46.8179 -19.3025
46.8175 -19.3125
46.8171 -19.3225
46.8167 -19.3325
46.8163 -19.3425
46.8159 -19.3525
46.8155 -19.3625
46.8151 -19.3725
46.8147 -19.3825
46.8143 -19.3925
46.8139 -19.4025
46.8135 -19.4125
46.8131 -19.4225
46.8127 -19.4325
46.8123 -19.4425
46.8119 -19.4525
46.8115 -19.4625
46.8111 -19.4725
46.8107 -19.4825
46.8103 -19.4925
46.8099 -19.5025
46.8095 -19.5125
46.8091 -19.5225
46.8087 -19.5325
46.8083 -19.5425
46.8079 -19.5525
46.8075 -19.5625
46.8071 -19.5725
46.8067 -19.5825
46.8063 -19.5925
46.806 -19.6025
46.8056 -19.6125
46.8052 -19.6225
46.8048 -19.6325
46.8044 -19.6425
46.804 -19.6525
46.8036 -19.6625
46.8032 -19.6725
46.8028 -19.6825
46.8024 -19.6925
46.802 -19.7025
46.8016 -19.7125
46.8012 -19.7225
46.8008 -19.7325
46.8004 -19.7425
46.8 -19.7525
46.7996 -19.7625
46.7992 -19.7725
46.7988 -19.7825
46.7984 -19.7925
46.798 -19.8025
46.7976 -19.8125
46.7972 -19.8225
46.7968 -19.8325
46.7964 -19.8425
46.796 -19.8525
46.7956 -19.8625
46.7953 -19.8725
46.7949 -19.8825
46.7945 -19.8925
46.7941 -19.9025
46.7937 -19.9125
46.7933 -19.9225
46.7929 -19.9325
46.7925 -19.9425
46.7921 -19.9525
46.7917 -19.9625
46.7913 -19.9725
46.7909 -19.9825
46.7905 -19.9925
46.7901 -20.0025
46.7897 -20.0125
46.7893 -20.0225
46.7889 -20.0325
46.7885 -20.0425
46.7881 -20.0525
46.7877 -20.0625
46.7873 -20.0725
46.7869 -20.0825
46.7866 -20.0925
46.7862 -20.1025
46.7858 -20.1125
46.7854 -20.1225
46.785 -20.1325
46.7846 -20.1425
46.7842 -20.1525
46.7838 -20.1625
46.7834 -20.1725
46.783 -20.1825
46.7826 -20.1925
46.7822 -20.2025
46.7818 -20.2125
46.7814 -20.2225
46.781 -20.2325
46.7806 -20.2425
46.7802 -20.2525
46.7798 -20.2625
46.7795 -20.2725
46.7791 -20.2825
46.7787 -20.2925
46.7783 -20.3025
46.7779 -20.3125
46.7775 -20.3225
46.7771 -20.3325
46.7767 -20.3425
46.7763 -20.3525
46.7759 -20.3625
46.7755 -20.3725
46.7751 -20.3825
46.7747 -20.3925
46.7743 -20.4025
46.7739 -20.4125
46.7735 -20.4225
46.7731 -20.4325
46.7728 -20.4425
46.7724 -20.4525
46.772 -20.4625
46.7716 -20.4725
46.7712 -20.4825
46.7708 -20.4925
46.7704 -20.5025
46.77 -20.5125
46.7696 -20.5225
46.7692 -20.5325
46.7688 -20.5425
46.7684 -20.5525
46.768 -20.5625
46.7676 -20.5725
46.7672 -20.5825
46.7669 -20.5925
46.7665 -20.6025
46.7661 -20.6125
46.7657 -20.6225
46.7653 -20.6325
46.7649 -20.6425
46.7645 -20.6525
46.7641 -20.6625
46.7637 -20.6725
46.7633 -20.6825
46.7629 -20.6925
46.7625 -20.7025
46.7621 -20.7125
46.7618 -20.7225
46.7614 -20.7325
46.761 -20.7425
46.7606 -20.7525
46.7602 -20.7625
46.7598 -20.7725
46.7594 -20.7825
46.759 -20.7925
46.7586 -20.8025
46.7582 -20.8125
46.7578 -20.8225
46.7574 -20.8325
46.757 -20.8425
46.7567 -20.8525
46.7563 -20.8625
46.7559 -20.8725
46.7555 -20.8825
46.7551 -20.8925
46.7547 -20.9025
46.7543 -20.9125
46.7539 -20.9225
46.7535 -20.9325
46.7531 -20.9425
46.7527 -20.9525
46.7523 -20.9625
46.752 -20.9725
46.7516 -20.9825
46.7512 -20.9925
46.7508 -21.0025
46.7504 -21.0125
46.75 -21.0225
46.7496 -21.0325
46.7492 -21.0425
46.7488 -21.0525
46.7484 -21.0625
46.748 -21.0725
46.7476 -21.0825
46.7473 -21.0925
46.7469 -21.1025
46.7465 -21.1125
46.7461 -21.1225
46.7457 -21.1325
46.7453 -21.1425
46.7449 -21.1525
46.7445 -21.1625
46.7441 -21.1725
46.7437 -21.1825
46.7433 -21.1925
46.743 -21.2025
46.7426 -21.2125
46.7422 -21.2225
46.7418 -21.2325
46.7414 -21.2425
46.741 -21.2525
46.7406 -21.2625
46.7402 -21.2725
46.7398 -21.2825
46.7394 -21.2925
46.7391 -21.3025
46.7387 -21.3125
46.7383 -21.3225
46.7379 -21.3325
46.7375 -21.3425
46.7371 -21.3525
46.7367 -21.3625
46.7363 -21.3725
46.7359 -21.3825
46.7355 -21.3925
46.7352 -21.4025
46.7348 -21.4125
46.7344 -21.4225
46.734 -21.4325
46.7336 -21.4425
46.7332 -21.4525
46.7328 -21.4625
46.7324 -21.4725
46.732 -21.4825
46.7316 -21.4925
46.7313 -21.5025
46.7309 -21.5125
46.7305 -21.5225
46.7301 -21.5325
46.7297 -21.5425
46.7293 -21.5525
46.7289 -21.5625
46.7285 -21.5725
46.7281 -21.5825
46.7278 -21.5925
46.7274 -21.6025
46.727 -21.6125
46.7266 -21.6225
46.7262 -21.6325
46.7258 -21.6425
46.7254 -21.6525
46.725 -21.6625
46.7246 -21.6725
46.7242 -21.6825
46.7238 -21.6925
46.7235 -21.7025
46.7231 -21.7125
46.7227 -21.7225
46.7223 -21.7325
46.7219 -21.7425
46.7215 -21.7525
46.7211 -21.7625
46.7207 -21.7725
46.7203 -21.7825
46.7199 -21.7925
46.7195 -21.8025
46.7191 -21.8125
46.7187 -21.8225
46.7184 -21.8325
46.718 -21.8425
46.7176 -21.8525
46.7172 -21.8625
46.7168 -21.8725
46.7164 -21.8825
46.716 -21.8925
46.7156 -21.9025
46.7152 -21.9125
46.7148 -21.9225
46.7144 -21.9325
46.7141 -21.9425
46.7137 -21.9525
46.7133 -21.9625
46.7129 -21.9725
46.7125 -21.9825
46.7121 -21.9925
46.7117 -22.0025
46.7113 -22.0125
46.7109 -22.0225
46.7105 -22.0325
46.7101 -22.0425
46.7098 -22.0525
46.7094 -22.0625
46.709 -22.0725
46.7086 -22.0825
46.7082 -22.0925
46.7078 -22.1025
46.7074 -22.1125
46.707 -22.1225
46.7066 -22.1325
46.7062 -22.1425
46.7058 -22.1525
46.7055 -22.1625
46.7051 -22.1725
46.7047 -22.1825
46.7043 -22.1925
46.7039 -22.2025
46.7035 -22.2125
46.7031 -22.2225
46.7027 -22.2325
46.7023 -22.2425
46.7019 -22.2525
46.7016 -22.2625
46.7012 -22.2725
46.7008 -22.2825
46.7004 -22.2925
46.7 -22.3025
46.6996 -22.3125
46.6992 -22.3225
46.6988 -22.3325
46.6984 -22.3425
46.698 -22.3525
46.6977 -22.3625
46.6973 -22.3725
46.6969 -22.3825
46.6965 -22.3925
46.6961 -22.4025
46.6957 -22.4125
46.6953 -22.4225
46.6949 -22.4325
46.6945 -22.4425
46.6942 -22.4525
46.6938 -22.4625
46.6934 -22.4725
46.693 -22.4825
46.6926 -22.4925
46.6922 -22.5025
46.6918 -22.5125
46.6914 -22.5225
46.691 -22.5325
46.6907 -22.5425
46.6903 -22.5525
46.6899 -22.5625
46.6895 -22.5725
46.6891 -22.5825
46.6887 -22.5925
46.6883 -22.6025
46.6879 -22.6125
46.6875 -22.6225
46.6872 -22.6325
46.6868 -22.6425
46.6864 -22.6525
46.686 -22.6625
46.6856 -22.6725
46.6852 -22.6825
46.6848 -22.6925
46.6844 -22.7025
46.684 -22.7125
46.6837 -22.7225
46.6833 -22.7325
46.6829 -22.7425
46.6825 -22.7525
46.6821 -22.7625
46.6817 -22.7725
46.6813 -22.7825
46.6809 -22.7925
46.6805 -22.8025
46.6802 -22.8125
46.6798 -22.8225
46.6794 -22.8325
46.679 -22.8425
46.6786 -22.8525
46.6782 -22.8625
46.6778 -22.8725
46.6774 -22.8825
46.677 -22.8925
46.6767 -22.9025
46.6763 -22.9125
46.6759 -22.9225
46.6755 -22.9325
46.6751 -22.9425
46.6747 -22.9525
46.6743 -22.9625
46.6739 -22.9725
46.6736 -22.9825
46.6732 -22.9925
46.6728 -23.0025
46.6724 -23.0125
46.672 -23.0225
46.6716 -23.0325
46.6712 -23.0425
46.6708 -23.0525
46.6705 -23.0625
46.6701 -23.0725
46.6697 -23.0825
46.6693 -23.0925
46.6689 -23.1025
46.6685 -23.1125
46.6681 -23.1225
46.6677 -23.1325
46.6673 -23.1425
46.667 -23.1525
46.6666 -23.1625
46.6662 -23.1725
46.6658 -23.1825
46.6654 -23.1925
46.665 -23.2025
46.6646 -23.2125
46.6642 -23.2225
46.6639 -23.2325
46.6635 -23.2425
46.6631 -23.2525
46.6627 -23.2625
46.6623 -23.2725
46.6619 -23.2825
46.6615 -23.2925
46.6612 -23.3025
46.6608 -23.3125
46.6604 -23.3225
46.66 -23.3325
46.6596 -23.3425
46.6592 -23.3525
46.6588 -23.3625
46.6584 -23.3725
46.6581 -23.3825
46.6577 -23.3925
46.6573 -23.4025
46.6569 -23.4125
46.6565 -23.4225
46.6561 -23.4325
46.6557 -23.4425
46.6553 -23.4525
46.655 -23.4625
46.6546 -23.4725
46.6542 -23.4825
46.6538 -23.4925
46.6534 -23.5025
46.653 -23.5125
46.6526 -23.5225
46.6523 -23.5325
46.6519 -23.5425
46.6515 -23.5525
46.6511 -23.5625
46.6507 -23.5725
46.6503 -23.5825
46.6499 -23.5925
46.6496 -23.6025
46.6492 -23.6125
46.6488 -23.6225
46.6484 -23.6325
46.648 -23.6425
46.6476 -23.6525
46.6472 -23.6625
46.6469 -23.6725
46.6465 -23.6825
46.6461 -23.6925
46.6457 -23.7025
46.6453 -23.7125
46.6449 -23.7225
46.6445 -23.7325
46.6442 -23.7425
46.6438 -23.7525
46.6434 -23.7625
46.643 -23.7725
46.6426 -23.7825
46.6422 -23.7925
46.6418 -23.8025
46.6415 -23.8125
46.6411 -23.8225
46.6407 -23.8325
46.6403 -23.8425
46.6399 -23.8525
46.6395 -23.8625
46.6391 -23.8725
46.6388 -23.8825
46.6384 -23.8925
46.638 -23.9025
46.6376 -23.9125
46.6372 -23.9225
46.6368 -23.9325
46.6364 -23.9425
46.6361 -23.9525
46.6357 -23.9625
46.6353 -23.9725
46.6349 -23.9825
46.6345 -23.9925
46.6341 -24.0025
46.6338 -24.0125
46.6334 -24.0225
46.633 -24.0325
46.6326 -24.0425
46.6322 -24.0525
46.6318 -24.0625
46.6314 -24.0725
46.6311 -24.0825
46.6307 -24.0925
46.6303 -24.1025
46.6299 -24.1125
46.6295 -24.1225
46.6291 -24.1325
46.6288 -24.1425
46.6284 -24.1525
46.628 -24.1625
46.6276 -24.1725
46.6272 -24.1825
46.6268 -24.1925
46.6264 -24.2025
46.6261 -24.2125
46.6257 -24.2225
46.6253 -24.2325
46.6249 -24.2425
46.6245 -24.2525
46.6241 -24.2625
46.6238 -24.2725
46.6234 -24.2825
46.623 -24.2925
46.6226 -24.3025
46.6222 -24.3125
46.6218 -24.3225
46.6215 -24.3325
46.6211 -24.3425
46.6207 -24.3525
46.6203 -24.3625
46.6199 -24.3725
46.6195 -24.3825
46.6192 -24.3925
46.6188 -24.4025
46.6184 -24.4125
46.618 -24.4225
46.6176 -24.4325
46.6172 -24.4425
46.6169 -24.4525
46.6165 -24.4625
46.6161 -24.4725
46.6157 -24.4825
46.6153 -24.4925
46.6149 -24.5025
46.6146 -24.5125
46.6142 -24.5225
46.6138 -24.5325
46.6134 -24.5425
46.613 -24.5525
46.6126 -24.5625
46.6123 -24.5725
46.6119 -24.5825
46.6115 -24.5925
46.6111 -24.6025
46.6107 -24.6125
46.6103 -24.6225
46.61 -24.6325
46.6096 -24.6425
46.6092 -24.6525
46.6088 -24.6625
46.6084 -24.6725
46.6081 -24.6825
46.6077 -24.6925
46.6073 -24.7025
46.6069 -24.7125
46.6065 -24.7225
46.6061 -24.7325
46.6058 -24.7425
46.6054 -24.7525
46.605 -24.7625
46.6046 -24.7725
46.6042 -24.7825
46.6038 -24.7925
46.6035 -24.8025
46.6031 -24.8125
46.6027 -24.8225
46.6023 -24.8325
46.6019 -24.8425
46.6016 -24.8525
46.6012 -24.8625
46.6008 -24.8725
46.6004 -24.8825
46.6 -24.8925
46.5996 -24.9025
46.5993 -24.9125
46.5989 -24.9225
46.5985 -24.9325
46.5981 -24.9425
46.5977 -24.9525
46.5974 -24.9625
46.597 -24.9725
46.5966 -24.9825
46.5962 -24.9925
46.5958 -25.0025
46.5954 -25.0125
46.5951 -25.0225
46.5947 -25.0325
46.5943 -25.0425
46.5939 -25.0525
46.5935 -25.0625
46.5932 -25.0725
46.5928 -25.0825
46.5924 -25.0925
46.592 -25.1025
46.5916 -25.1125
46.5913 -25.1225
46.5909 -25.1325
46.5905 -25.1425
46.5901 -25.1525
46.5897 -25.1625
46.5893 -25.1725
46.589 -25.1825
46.5886 -25.1925
46.5882 -25.2025
46.5878 -25.2125
46.5874 -25.2225
46.5871 -25.2325
46.5867 -25.2425
46.5863 -25.2525
46.5859 -25.2625
46.5855 -25.2725
46.5852 -25.2825
46.5848 -25.2925
46.5844 -25.3025
46.584 -25.3125
46.5836 -25.3225
46.5833 -25.3325
46.5829 -25.3425
46.5825 -25.3525
46.5821 -25.3625
46.5817 -25.3725
46.5814 -25.3825
46.581 -25.3925
46.5806 -25.4025
46.5802 -25.4125
46.5798 -25.4225
46.5795 -25.4325
46.5791 -25.4425
46.5787 -25.4525
46.5783 -25.4625
46.5779 -25.4725
46.5776 -25.4825
46.5772 -25.4925
46.5768 -25.5025
46.5764 -25.5125
46.576 -25.5225
46.5757 -25.5325
46.5753 -25.5425
46.5749 -25.5525
46.5745 -25.5625
46.5741 -25.5725
46.5738 -25.5825
46.5734 -25.5925
46.573 -25.6025
46.5726 -25.6125
46.5722 -25.6225
46.5719 -25.6325
46.5715 -25.6425
46.5711 -25.6525
46.5707 -25.6625
46.5703 -25.6725
46.57 -25.6825
46.5696 -25.6925
46.5692 -25.7025
46.5688 -25.7125
46.5684 -25.7225
46.5681 -25.7325
46.5677 -25.7425
46.5673 -25.7525
46.5669 -25.7625
46.5666 -25.7725
46.5662 -25.7825
46.5658 -25.7925
46.5654 -25.8025
46.565 -25.8125
46.5647 -25.8225
46.5643 -25.8325
46.5639 -25.8425
46.5635 -25.8525
46.5631 -25.8625
46.5628 -25.8725
46.5624 -25.8825
46.562 -25.8925
46.5616 -25.9025
46.5612 -25.9125
46.5609 -25.9225
46.5605 -25.9325
46.5601 -25.9425
46.5597 -25.9525
46.5594 -25.9625
46.559 -25.9725
46.5586 -25.9825
46.5582 -25.9925
46.5578 -26.0025
46.5575 -26.0125
46.5571 -26.0225
46.5567 -26.0325
46.5563 -26.0425
46.556 -26.0525
46.5556 -26.0625
46.5552 -26.0725
46.5548 -26.0825
46.5544 -26.0925
46.5541 -26.1025
46.5537 -26.1125
46.5533 -26.1225
46.5529 -26.1325
46.5525 -26.1425
46.5522 -26.1525
46.5518 -26.1625
46.5514 -26.1725
46.551 -26.1825
46.5507 -26.1925
46.5503 -26.2025
46.5499 -26.2125
46.5495 -26.2225
46.5492 -26.2325
46.5488 -26.2425
46.5484 -26.2525
46.548 -26.2625
46.5476 -26.2725
46.5473 -26.2825
46.5469 -26.2925
46.5465 -26.3025
46.5461 -26.3125
46.5458 -26.3225
46.5454 -26.3325
46.545 -26.3425
46.5446 -26.3525
46.5442 -26.3625
46.5439 -26.3725
46.5435 -26.3825
46.5431 -26.3925
46.5427 -26.4025
46.5424 -26.4125
46.542 -26.4225
46.5416 -26.4325
46.5412 -26.4425
46.5409 -26.4525
46.5405 -26.4625
46.5401 -26.4725
46.5397 -26.4825
46.5393 -26.4925
46.539 -26.5025
46.5386 -26.5125
46.5382 -26.5225
46.5378 -26.5325
46.5375 -26.5425
46.5371 -26.5525
46.5367 -26.5625
46.5363 -26.5725
46.536 -26.5825
46.5356 -26.5925
46.5352 -26.6025
46.5348 -26.6125
46.5344 -26.6225
46.5341 -26.6325
46.5337 -26.6425
46.5333 -26.6525
46.5329 -26.6625
46.5326 -26.6725
46.5322 -26.6825
46.5318 -26.6925
46.5314 -26.7025
46.5311 -26.7125
46.5307 -26.7225
46.5303 -26.7325
46.5299 -26.7425
46.5296 -26.7525
46.5292 -26.7625
46.5288 -26.7725
46.5284 -26.7825
46.5281 -26.7925
46.5277 -26.8025
46.5273 -26.8125
46.5269 -26.8225
46.5266 -26.8325
46.5262 -26.8425
46.5258 -26.8525
46.5254 -26.8625
46.525 -26.8725
46.5247 -26.8825
46.5243 -26.8925
46.5239 -26.9025
46.5235 -26.9125
46.5232 -26.9225
46.5228 -26.9325
46.5224 -26.9425
46.522 -26.9525
46.5217 -26.9625
46.5213 -26.9725
46.5209 -26.9825
46.5205 -26.9925
46.5202 -27.0025
46.5198 -27.0125
46.5194 -27.0225
46.519 -27.0325
46.5187 -27.0425
46.5183 -27.0525
46.5179 -27.0625
46.5175 -27.0725
46.5172 -27.0825
46.5168 -27.0925
46.5164 -27.1025
46.516 -27.1125
46.5157 -27.1225
46.5153 -27.1325
46.5149 -27.1425
46.5145 -27.1525
46.5142 -27.1625
46.5138 -27.1725
46.5134 -27.1825
46.513 -27.1925
46.5127 -27.2025
46.5123 -27.2125
46.5119 -27.2225
46.5115 -27.2325
46.5112 -27.2425
46.5108 -27.2525
46.5104 -27.2625
46.51 -27.2725
46.5097 -27.2825
46.5093 -27.2925
46.5089 -27.3025
46.5085 -27.3125
46.5082 -27.3225
46.5078 -27.3325
46.5074 -27.3425
46.5071 -27.3525
46.5067 -27.3625
46.5063 -27.3725
46.5059 -27.3825
46.5056 -27.3925
46.5052 -27.4025
46.5048 -27.4125
46.5044 -27.4225
46.5041 -27.4325
46.5037 -27.4425
46.5033 -27.4525
46.5029 -27.4625
46.5026 -27.4725
46.5022 -27.4825
46.5018 -27.4925
46.5014 -27.5025
46.5011 -27.5125
46.5007 -27.5225
46.5003 -27.5325
46.4999 -27.5425
46.4996 -27.5525
46.4992 -27.5625
46.4988 -27.5725
46.4985 -27.5825
46.4981 -27.5925
46.4977 -27.6025
46.4973 -27.6125
46.497 -27.6225
46.4966 -27.6325
46.4962 -27.6425
46.4958 -27.6525
46.4955 -27.6625
46.4951 -27.6725
46.4947 -27.6825
46.4943 -27.6925
46.494 -27.7025
46.4936 -27.7125
46.4932 -27.7225
46.4929 -27.7325
46.4925 -27.7425
46.4921 -27.7525
46.4917 -27.7625
46.4914 -27.7725
46.491 -27.7825
46.4906 -27.7925
46.4902 -27.8025
46.4899 -27.8125
46.4895 -27.8225
46.4891 -27.8325
46.4888 -27.8425
46.4884 -27.8525
46.488 -27.8625
46.4876 -27.8725
46.4873 -27.8825
46.4869 -27.8925
46.4865 -27.9025
46.4861 -27.9125
46.4858 -27.9225
46.4854 -27.9325
46.485 -27.9425
46.4847 -27.9525
46.4843 -27.9625
46.4839 -27.9725
46.4835 -27.9825
46.4832 -27.9925
46.4828 -28.0025
46.4824 -28.0125
46.482 -28.0225
46.4817 -28.0325
46.4813 -28.0425
46.4809 -28.0525
46.4806 -28.0625
46.4802 -28.0725
46.4798 -28.0825
46.4794 -28.0925
46.4791 -28.1025
46.4787 -28.1125
46.4783 -28.1225
46.478 -28.1325
46.4776 -28.1425
46.4772 -28.1525
46.4768 -28.1625
46.4765 -28.1725
46.4761 -28.1825
46.4757 -28.1925
46.4754 -28.2025
46.475 -28.2125
46.4746 -28.2225
46.4742 -28.2325
46.4739 -28.2425
46.4735 -28.2525
46.4731 -28.2625
46.4727 -28.2725
46.4724 -28.2825
46.472 -28.2925
46.4716 -28.3025
46.4713 -28.3125
46.4709 -28.3225
46.4705 -28.3325
46.4701 -28.3425
46.4698 -28.3525
46.4694 -28.3625
46.469 -28.3725
46.4687 -28.3825
46.4683 -28.3925
46.4679 -28.4025
46.4676 -28.4125
46.4672 -28.4225
46.4668 -28.4325
46.4664 -28.4425
46.4661 -28.4525
46.4657 -28.4625
46.4653 -28.4725
46.465 -28.4825
46.4646 -28.4925
46.4642 -28.5025
46.4638 -28.5125
46.4635 -28.5225
46.4631 -28.5325
46.4627 -28.5425
46.4624 -28.5525
46.462 -28.5625
46.4616 -28.5725
46.4612 -28.5825
46.4609 -28.5925
46.4605 -28.6025
46.4601 -28.6125
46.4598 -28.6225
46.4594 -28.6325
46.459 -28.6425
46.4587 -28.6525
46.4583 -28.6625
46.4579 -28.6725
46.4575 -28.6825
46.4572 -28.6925
46.4568 -28.7025
46.4564 -28.7125
46.4561 -28.7225
46.4557 -28.7325
46.4553 -28.7425
46.4549 -28.7525
46.4546 -28.7625
46.4542 -28.7725
46.4538 -28.7825
46.4535 -28.7925
46.4531 -28.8025
46.4527 -28.8125
46.4524 -28.8225
46.452 -28.8325
46.4516 -28.8425
46.4512 -28.8525
46.4509 -28.8625
46.4505 -28.8725
46.4501 -28.8825
46.4498 -28.8925
46.4494 -28.9025
46.449 -28.9125
46.4487 -28.9225
46.4483 -28.9325
46.4479 -28.9425
46.4475 -28.9525
46.4472 -28.9625
46.4468 -28.9725
46.4464 -28.9825
46.4461 -28.9925
46.4457 -29.0025
46.4453 -29.0125
46.445 -29.0225
46.4446 -29.0325
46.4442 -29.0425
46.4439 -29.0525
46.4435 -29.0625
46.4431 -29.0725
46.4427 -29.0825
46.4424 -29.0925
46.442 -29.1025
46.4416 -29.1125
46.4413 -29.1225
46.4409 -29.1325
46.4405 -29.1425
46.4401 -29.1525
46.4398 -29.1625
46.4394 -29.1725
46.439 -29.1825
46.4386 -29.1925
46.4383 -29.2025
46.4379 -29.2125
46.4375 -29.2225
46.4371 -29.2325
46.4368 -29.2425
46.4364 -29.2525
46.436 -29.2625
46.4356 -29.2725
46.4353 -29.2825
46.4349 -29.2925
46.4345 -29.3025
46.4341 -29.3125
46.4338 -29.3225
46.4334 -29.3325
46.433 -29.3425
46.4326 -29.3525
46.4322 -29.3625
46.4319 -29.3725
46.4315 -29.3825
46.4311 -29.3925
46.4307 -29.4025
46.4304 -29.4125
46.43 -29.4225
46.4296 -29.4325
46.4293 -29.4425
46.4289 -29.4525
46.4285 -29.4625
46.4282 -29.4725
46.4278 -29.4825
46.4274 -29.4925
46.4271 -29.5025
46.4267 -29.5125
46.4263 -29.5225
46.4259 -29.5325
46.4256 -29.5425
46.4252 -29.5525
46.4248 -29.5625
46.4245 -29.5725
46.4241 -29.5825
46.4237 -29.5925
46.4234 -29.6025
46.423 -29.6125
46.4226 -29.6225
46.4223 -29.6325
46.4219 -29.6425
46.4215 -29.6525
46.4211 -29.6625
46.4208 -29.6725
46.4204 -29.6825
46.42 -29.6925
46.4197 -29.7025
46.4193 -29.7125
46.4189 -29.7225
46.4186 -29.7325
46.4182 -29.7425
46.4178 -29.7525
46.4174 -29.7625
46.4171 -29.7725
46.4167 -29.7825
46.4164 -29.7925
46.416 -29.8025
46.4156 -29.8125
46.4153 -29.8225
46.4149 -29.8325
46.4146 -29.8425
46.4142 -29.8525
46.4139 -29.8625
46.4135 -29.8725
46.4131 -29.8825
46.4128 -29.8925
46.4124 -29.9025
46.4121 -29.9125
46.4117 -29.9225
46.4114 -29.9325
46.411 -29.9425
46.4106 -29.9525
46.4103 -29.9625
46.4099 -29.9725
46.4096 -29.9825
46.4092 -29.9925
46.4089 -30.0025
46.4085 -30.0125
46.4081 -30.0225
46.4078 -30.0325
46.4074 -30.0425
46.4071 -30.0525
46.4067 -30.0625
46.4064 -30.0725
46.406 -30.0825
46.4056 -30.0925
46.4053 -30.1025
46.4049 -30.1125
46.4046 -30.1225
46.4042 -30.1325
46.4039 -30.1425
46.4035 -30.1525
46.4031 -30.1625
46.4028 -30.1725
46.4024 -30.1825
46.4021 -30.1925
46.4017 -30.2025
46.4014 -30.2125
46.401 -30.2225
46.4006 -30.2325
46.4003 -30.2425
46.3999 -30.2525
46.3996 -30.2625
46.3992 -30.2725
46.3989 -30.2825
46.3985 -30.2925
46.3981 -30.3025
46.3978 -30.3125
46.3974 -30.3225
46.3971 -30.3325
46.3967 -30.3425
46.3964 -30.3525
46.396 -30.3625
46.3957 -30.3725
46.3954 -30.3825
46.395 -30.3925
46.3947 -30.4025
46.3943 -30.4125
46.394 -30.4225
46.3936 -30.4325
46.3933 -30.4425
46.393 -30.4525
46.3926 -30.4625
46.3923 -30.4725
46.3919 -30.4825
46.3916 -30.4925
46.3913 -30.5025
46.3909 -30.5125
46.3906 -30.5225
46.3902 -30.5325
46.3899 -30.5425
46.3895 -30.5525
46.3892 -30.5625
46.3889 -30.5725
46.3885 -30.5825
46.3882 -30.5925
46.3878 -30.6025
46.3875 -30.6125
46.3871 -30.6225
46.3868 -30.6325
46.3865 -30.6425
46.3861 -30.6525
46.3858 -30.6625
46.3854 -30.6725
46.3851 -30.6825
46.3847 -30.6925
46.3844 -30.7025
46.3841 -30.7125
46.3837 -30.7225
46.3834 -30.7325
46.383 -30.7425
46.3827 -30.7525
46.3823 -30.7625
46.382 -30.7725
46.3817 -30.7825
46.3813 -30.7925
46.381 -30.8025
46.3806 -30.8125
46.3803 -30.8225
46.3799 -30.8325
46.3796 -30.8425
46.3793 -30.8525
46.3789 -30.8625
46.3786 -30.8725
46.3782 -30.8825
46.3779 -30.8925
46.3776 -30.9025
46.3773 -30.9125
46.3769 -30.9225
46.3766 -30.9325
46.3763 -30.9425
46.3759 -30.9525
46.3756 -30.9625
46.3753 -30.9725
46.3749 -30.9825
46.3746 -30.9925
46.3743 -31.0025
46.3739 -31.0125
46.3736 -31.0225
46.3733 -31.0325
46.373 -31.0425
46.3726 -31.0525
46.3723 -31.0625
46.372 -31.0725
46.3716 -31.0825
46.3713 -31.0925
46.371 -31.1025
46.3706 -31.1125
46.3703 -31.1225
46.37 -31.1325
46.3696 -31.1425
46.3693 -31.1525
46.369 -31.1625
46.3687 -31.1725
46.3683 -31.1825
46.368 -31.1925
46.3677 -31.2025
46.3673 -31.2125
46.367 -31.2225
46.3667 -31.2325
46.3663 -31.2425
46.366 -31.2525
46.3657 -31.2625
46.3654 -31.2725
46.365 -31.2825
46.3647 -31.2925
46.3644 -31.3025
46.3641 -31.3125
46.3637 -31.3225
46.3634 -31.3325
46.3631 -31.3425
46.3628 -31.3525
46.3624 -31.3625
46.3621 -31.3725
46.3618 -31.3825
46.3614 -31.3925
46.3611 -31.4025
46.3608 -31.4125
46.3605 -31.4225
46.3601 -31.4325
46.3598 -31.4425
46.3595 -31.4525
46.3592 -31.4625
46.3588 -31.4725
46.3585 -31.4825
46.3582 -31.4925
46.3579 -31.5025
46.3575 -31.5125
46.3572 -31.5225
46.3569 -31.5325
46.3565 -31.5425
46.3562 -31.5525
46.3559 -31.5625
46.3556 -31.5725
46.3552 -31.5825
46.3549 -31.5925
46.3546 -31.6025
46.3543 -31.6125
46.3539 -31.6225
46.3536 -31.6325
46.3533 -31.6425
46.3529 -31.6525
46.3526 -31.6625
46.3523 -31.6725
46.352 -31.6825
46.3516 -31.6925
46.3513 -31.7025
46.351 -31.7125
46.3506 -31.7225
46.3503 -31.7325
46.35 -31.7425
46.3497 -31.7525
46.3493 -31.7625
46.349 -31.7725
46.3487 -31.7825
46.3483 -31.7925
46.348 -31.8025
46.3477 -31.8125
46.3474 -31.8225
46.347 -31.8325
46.3467 -31.8425
46.3464 -31.8525
46.346 -31.8625
46.3457 -31.8725
46.3454 -31.8825
46.345 -31.8925
46.3447 -31.9025
46.3444 -31.9125
46.3441 -31.9225
46.3437 -31.9325
46.3434 -31.9425
46.3431 -31.9525
46.3427 -31.9625
46.3424 -31.9725
46.3421 -31.9825
46.3417 -31.9925
46.3414 -32.0025
46.3411 -32.0125
46.3408 -32.0225
46.3404 -32.0325
46.3401 -32.0425
46.3398 -32.0525
46.3394 -32.0625
46.3391 -32.0725
46.3388 -32.0825
46.3384 -32.0925
46.3381 -32.1025
46.3378 -32.1125
46.3374 -32.1225
46.3371 -32.1325
46.3368 -32.1425
46.3364 -32.1525
46.3361 -32.1625
46.3358 -32.1725
46.3354 -32.1825
46.3351 -32.1925
46.3348 -32.2025
46.3344 -32.2125
46.3341 -32.2225
46.3338 -32.2325
46.3334 -32.2425
46.3331 -32.2525
46.3328 -32.2625
46.3324 -32.2725
46.3321 -32.2825
46.3318 -32.2925
46.3314 -32.3025
46.3311 -32.3125
46.3308 -32.3225
46.3304 -32.3325
46.3301 -32.3425
46.3297 -32.3525
46.3294 -32.3625
46.3291 -32.3725
46.3287 -32.3825
46.3284 -32.3925
46.3281 -32.4025
46.3277 -32.4125
46.3274 -32.4225
46.327 -32.4325
46.3267 -32.4425
46.3264 -32.4525
46.326 -32.4625
46.3257 -32.4725
46.3254 -32.4825
46.325 -32.4925
46.3247 -32.5025
46.3243 -32.5125
46.324 -32.5225
46.3237 -32.5325
46.3233 -32.5425
46.323 -32.5525
46.3226 -32.5625
46.3223 -32.5725
46.322 -32.5825
46.3216 -32.5925
46.3213 -32.6025
46.3209 -32.6125
46.3206 -32.6225
46.3202 -32.6325
46.3199 -32.6425
46.3196 -32.6525
46.3192 -32.6625
46.3189 -32.6725
46.3185 -32.6825
46.3182 -32.6925
46.3178 -32.7025
46.3175 -32.7125
46.3171 -32.7225
46.3168 -32.7325
46.3165 -32.7425
46.3161 -32.7525
46.3158 -32.7625
46.3154 -32.7725
46.3151 -32.7825
46.3147 -32.7925
46.3144 -32.8025
46.314 -32.8125
46.3137 -32.8225
46.3133 -32.8325
46.313 -32.8425
46.3126 -32.8525
46.3123 -32.8625
46.3119 -32.8725
46.3116 -32.8825
46.3112 -32.8925
46.3109 -32.9025
46.3105 -32.9125
46.3102 -32.9225
46.3098 -32.9325
46.3094 -32.9425
46.3091 -32.9525
46.3087 -32.9625
46.3084 -32.9725
46.308 -32.9825
46.3077 -32.9925
46.3073 -33.0025
46.3069 -33.0125
46.3066 -33.0225
46.3062 -33.0325
46.3059 -33.0425
46.3055 -33.0525
46.3051 -33.0625
46.3048 -33.0725
46.3044 -33.0825
46.304 -33.0925
46.3037 -33.1025
46.3033 -33.1125
46.3029 -33.1225
46.3025 -33.1325
46.3022 -33.1425
46.3018 -33.1525
46.3014 -33.1625
46.301 -33.1725
46.3007 -33.1825
46.3003 -33.1925
46.2999 -33.2025
46.2995 -33.2125
46.2991 -33.2225
46.2988 -33.2325
46.2984 -33.2425
46.298 -33.2525
46.2976 -33.2625
46.2972 -33.2725
46.2968 -33.2825
46.2964 -33.2925
46.296 -33.3025
46.2956 -33.3125
46.2952 -33.3225
46.2948 -33.3325
46.2944 -33.3425
46.294 -33.3525
46.2935 -33.3625
46.2931 -33.3725
46.2927 -33.3825
46.2922 -33.3925
46.2918 -33.4025
46.2914 -33.4125
46.2909 -33.4225
46.2904 -33.4325
46.2899 -33.4425
46.2893 -33.4525
46.2885 -33.4625
46.2877 -33.4725
46.2868 -33.4825
46.2857 -33.4925
46.2844 -33.5025
46.2828 -33.5125
46.2806 -33.5225
46.2776 -33.5325
46.2738 -33.5425
46.2691 -33.5525
46.2629 -33.5625
46.2532 -33.5725
46.2431 -33.5825
46.2326 -33.5925
46.2219 -33.6025
46.2108 -33.6125
46.1993 -33.6225
46.1874 -33.6325
46.1763 -33.6425
46.1688 -33.6525
46.1609 -33.6625
46.1528 -33.6725
46.1443 -33.6825
46.1356 -33.6925
46.1264 -33.7025
46.1169 -33.7125
46.1071 -33.7225
46.0968 -33.7325
46.0862 -33.7425
46.0751 -33.7525
46.0665 -33.7625
46.0608 -33.7725
46.0548 -33.7825
46.0478 -33.7925
46.0398 -33.8025
46.0317 -33.8125
46.0236 -33.8225
46.0155 -33.8325
46.0074 -33.8425
46.0018 -33.8525
46.0034 -33.8625
46.005 -33.8725
46.0066 -33.8825
46.0082 -33.8925
46.0098 -33.9025
46.0113 -33.9125
46.0129 -33.9225
46.0144 -33.9325
46.016 -33.9425
46.0175 -33.9525
46.0176 -33.9625
46.0175 -33.9725
46.0172 -33.9825
46.0168 -33.9925
46.0162 -34.0025
46.0155 -34.0125
46.0145 -34.0225
46.0135 -34.0325
46.0122 -34.0425
46.0108 -34.0525
46.0092 -34.0625
46.0122 -34.0725
46.0188 -34.0825
46.0254 -34.0925
46.0319 -34.1025
46.0383 -34.1125
46.0446 -34.1225
46.0509 -34.1325
46.0571 -34.1425
46.0632 -34.1525
46.0693 -34.1625
46.0753 -34.1725
46.0812 -34.1825
46.087 -34.1925
46.0928 -34.2025
46.0994 -34.2125
46.1061 -34.2225
46.1116 -34.2325
46.1169 -34.2425
46.1221 -34.2525
46.1271 -34.2625
46.1319 -34.2725
46.1366 -34.2825
46.1411 -34.2925
46.1454 -34.3025
46.1495 -34.3125
46.1535 -34.3225
46.1573 -34.3325
46.1608 -34.3425
46.1642 -34.3525
46.1674 -34.3625
46.1704 -34.3725
46.1731 -34.3825
46.1757 -34.3925
46.178 -34.4025
46.1801 -34.4125
46.1819 -34.4225
46.1835 -34.4325
46.1841 -34.4425
46.1843 -34.4525
46.1846 -34.4625
46.1848 -34.4725
46.185 -34.4825
46.1852 -34.4925
46.1853 -34.5025
46.1855 -34.5125
46.1855 -34.5225
46.1856 -34.5325
46.1855 -34.5425
46.1893 -34.5525
46.1869 -34.5625
46.1807 -34.5725
46.1781 -34.5825
46.1754 -34.5925
46.1724 -34.6025
46.1693 -34.6125
46.1659 -34.6225
46.1623 -34.6325
46.1585 -34.6425
46.1545 -34.6525
46.1502 -34.6625
46.1457 -34.6725
46.141 -34.6825
46.136 -34.6925
46.1307 -34.7025
46.1252 -34.7125
46.1194 -34.7225
46.1133 -34.7325
46.107 -34.7425
46.1003 -34.7525
46.0934 -34.7625
46.0861 -34.7725
46.0785 -34.7825
46.0706 -34.7925
46.0624 -34.8025
46.0581 -34.8125
46.0561 -34.8225
46.0538 -34.8325
46.0514 -34.8425
46.0488 -34.8525
46.046 -34.8625
46.043 -34.8725
46.0364 -34.8825
46.0297 -34.8925
46.0229 -34.9025
46.0161 -34.9125
46.0093 -34.9225
46.0025 -34.9325
45.9956 -34.9425
45.9888 -34.9525
45.9819 -34.9625
45.9747 -34.9725
45.9664 -34.9825
45.9579 -34.9925
45.9494 -35.0025
45.9407 -35.0125
45.9319 -35.0225
45.9227 -35.0325
45.9134 -35.0425
45.904 -35.0525
45.8945 -35.0625
45.8849 -35.0725
45.8752 -35.0825
45.8653 -35.0925
45.8554 -35.1025
45.8453 -35.1125
45.8351 -35.1225
45.8248 -35.1325
45.8144 -35.1425
45.8039 -35.1525
45.7932 -35.1625
45.7825 -35.1725
45.7715 -35.1825
45.7605 -35.1925
45.7494 -35.2025
45.7381 -35.2125
45.7266 -35.2225
45.7151 -35.2325
45.7034 -35.2425
45.6916 -35.2525
45.6817 -35.2625
45.6735 -35.2725
45.6653 -35.2825
45.6569 -35.2925
45.6484 -35.3025
45.6398 -35.3125
45.6312 -35.3225
45.6224 -35.3325
45.6135 -35.3425
45.6044 -35.3525
45.5953 -35.3625
45.586 -35.3725
45.5767 -35.3825
45.5672 -35.3925
45.5576 -35.4025
45.5478 -35.4125
45.538 -35.4225
45.528 -35.4325
45.5178 -35.4425
45.5076 -35.4525
45.4972 -35.4625
45.4867 -35.4725
45.476 -35.4825
45.4652 -35.4925
45.4543 -35.5025
45.4432 -35.5125
45.432 -35.5225
45.4206 -35.5325
45.4091 -35.5425
45.3974 -35.5525
45.385 -35.5625
45.3697 -35.5725
45.3531 -35.5825
45.3356 -35.5925
45.3206 -35.6025
45.3032 -35.6125
45.2782 -35.6225
45.2523 -35.6325
45.2256 -35.6425
45.2087 -35.6525
45.1932 -35.6625
45.1771 -35.6725
45.1603 -35.6825
45.1426 -35.6925
45.1238 -35.7025
45.1032 -35.7125
45.0804 -35.7225
45.0547 -35.7325
45.0255 -35.7425
44.9923 -35.7525
44.9542 -35.7625
44.9538 -35.7725
44.9527 -35.7825
44.9512 -35.7925
44.9442 -35.8025
44.9365 -35.8125
44.9288 -35.8225
44.9211 -35.8325
44.9132 -35.8425
44.9053 -35.8525
44.8973 -35.8625
44.8892 -35.8725
44.8785 -35.8825
44.8668 -35.8925
44.8536 -35.9025
44.8372 -35.9125
44.8138 -35.9225
44.7879 -35.9325
44.7599 -35.9425
44.7296 -35.9525
44.6969 -35.9625
44.6615 -35.9725
44.6231 -35.9825
44.5814 -35.9925
44.5359 -36.0025
44.4862 -36.0125
44.4317 -36.0225
44.3715 -36.0325
44.3047 -36.0425
44.2404 -36.0525
44.1776 -36.0625
44.1077 -36.0725
44.029 -36.0825
43.9509 -36.0925
43.9239 -36.1025
43.8969 -36.1125
43.87 -36.1225
43.843 -36.1325
43.8113 -36.1425
43.7773 -36.1525
43.7419 -36.1625
43.7051 -36.1725
43.6668 -36.1825
43.6269 -36.1925
43.5853 -36.2025
43.542 -36.2125
43.4968 -36.2225
43.4496 -36.2325
43.4002 -36.2425
43.3486 -36.2525
43.2944 -36.2625
43.2376 -36.2725
43.178 -36.2825
43.1153 -36.2925
43.0492 -36.3025
42.9795 -36.3125
42.9056 -36.3225
42.8095 -36.3325
42.7043 -36.3425
42.5991 -36.3525
42.4938 -36.3625
42.3885 -36.3725
42.283 -36.3825
42.1775 -36.3925
42.0895 -36.4025
42.0357 -36.4125
41.9774 -36.4225
41.9191 -36.4325
41.8609 -36.4425
41.8026 -36.4525
41.7444 -36.4625
41.6902 -36.4725
41.6433 -36.4825
41.5963 -36.4925
41.5855 -36.5025
41.5956 -36.5125
41.6057 -36.5225
41.6158 -36.5325
41.6248 -36.5425
41.6332 -36.5525
41.6412 -36.5625
41.6489 -36.5725
41.6562 -36.5825
41.6631 -36.5925
41.6697 -36.6025
41.6758 -36.6125
41.6815 -36.6225
41.6867 -36.6325
41.6915 -36.6425
41.6958 -36.6525
41.6997 -36.6625
41.703 -36.6725
41.7058 -36.6825
41.7081 -36.6925
41.7098 -36.7025
41.711 -36.7125
41.7115 -36.7225
41.7115 -36.7325
41.7107 -36.7425
41.7093 -36.7525
41.7082 -36.7625
41.7093 -36.7725
41.7099 -36.7825
41.7097 -36.7925
41.7089 -36.8025
41.7074 -36.8125
41.7052 -36.8225
41.7022 -36.8325
41.6983 -36.8425
41.6937 -36.8525
41.6881 -36.8625
41.6816 -36.8725
41.6741 -36.8825
41.6655 -36.8925
41.6559 -36.9025
41.6613 -36.9125
41.69 -36.9225
41.7186 -36.9325
41.7472 -36.9425
41.7758 -36.9525
41.8043 -36.9625
41.8327 -36.9725
41.8604 -36.9825
41.8878 -36.9925
41.9151 -37.0025
41.9432 -37.0125
41.9712 -37.0225
41.999 -37.0325
42.0267 -37.0425
42.0542 -37.0525
42.0815 -37.0625
42.1086 -37.0725
42.1355 -37.0825
42.1623 -37.0925
42.1888 -37.1025
42.2151 -37.1125
42.2413 -37.1225
42.2672 -37.1325
42.2929 -37.1425
42.3184 -37.1525
42.3436 -37.1625
42.3686 -37.1725
42.3934 -37.1825
42.4179 -37.1925
42.4421 -37.2025
42.4661 -37.2125
42.4898 -37.2225
42.5132 -37.2325
42.5362 -37.2425
42.559 -37.2525
42.5815 -37.2625
42.6035 -37.2725
42.625 -37.2825
42.6458 -37.2925
42.6664 -37.3025
42.6866 -37.3125
42.7065 -37.3225
42.7262 -37.3325
42.7455 -37.3425
42.7645 -37.3525
42.7832 -37.3625
42.8015 -37.3725
42.8195 -37.3825
42.837 -37.3925
42.8533 -37.4025
42.8692 -37.4125
42.8848 -37.4225
42.9 -37.4325
42.9147 -37.4425
42.929 -37.4525
42.943 -37.4625
42.9564 -37.4725
42.9694 -37.4825
42.9818 -37.4925
42.9938 -37.5025
43.0052 -37.5125
43.016 -37.5225
43.0262 -37.5325
43.0358 -37.5425
43.0446 -37.5525
43.0528 -37.5625
43.0602 -37.5725
43.0668 -37.5825
43.0726 -37.5925
43.0774 -37.6025
43.0812 -37.6125
43.0839 -37.6225
43.0855 -37.6325
43.0858 -37.6425
43.0848 -37.6525
43.0822 -37.6625
43.078 -37.6725
43.0719 -37.6825
43.0638 -37.6925
43.0533 -37.7025
43.0401 -37.7125
43.0238 -37.7225
43.004 -37.7325
43.0004 -37.7425
43.0305 -37.7525
43.0597 -37.7625
43.0888 -37.7725
43.118 -37.7825
43.1471 -37.7925
43.1762 -37.8025
43.2046 -37.8125
43.2328 -37.8225
43.2608 -37.8325
43.2887 -37.8425
43.3166 -37.8525
43.3442 -37.8625
43.3718 -37.8725
43.3992 -37.8825
43.4265 -37.8925
43.4536 -37.9025
43.4806 -37.9125
43.5074 -37.9225
43.5341 -37.9325
43.5606 -37.9425
43.587 -37.9525
43.6132 -37.9625
43.6392 -37.9725
43.6651 -37.9825
43.6896 -37.9925
43.7138 -38.0025
43.7379 -38.0125
43.7618 -38.0225
43.7855 -38.0325
43.8091 -38.0425
43.8325 -38.0525
43.8557 -38.0625
43.8787 -38.0725
43.9016 -38.0825
43.9242 -38.0925
43.9467 -38.1025
43.9698 -38.1125
43.9935 -38.1225
44.017 -38.1325
44.0404 -38.1425
44.0635 -38.1525
44.0865 -38.1625
44.1093 -38.1725
44.1318 -38.1825
44.1542 -38.1925
44.1764 -38.2025
44.1983 -38.2125
44.22 -38.2225
44.2415 -38.2325
44.2628 -38.2425
44.2838 -38.2525
44.3046 -38.2625
44.3251 -38.2725
44.3454 -38.2825
44.3653 -38.2925
44.385 -38.3025
44.4044 -38.3125
44.4234 -38.3225
44.4422 -38.3325
44.4606 -38.3425
44.4787 -38.3525
44.4964 -38.3625
44.5137 -38.3725
44.5306 -38.3825
44.5472 -38.3925
44.5633 -38.4025
44.5789 -38.4125
44.5941 -38.4225
44.6087 -38.4325
44.6229 -38.4425
44.6365 -38.4525
44.6495 -38.4625
44.6618 -38.4725
44.6736 -38.4825
44.6846 -38.4925
44.6948 -38.5025
44.7043 -38.5125
44.7129 -38.5225
44.7206 -38.5325
44.7272 -38.5425
44.7328 -38.5525
44.7371 -38.5625
44.7401 -38.5725
44.7417 -38.5825
44.7416 -38.5925
44.7397 -38.6025
44.7358 -38.6125
44.7295 -38.6225
44.7205 -38.6325
44.7084 -38.6425
44.7109 -38.6525
44.7392 -38.6625
44.7663 -38.6725
44.7932 -38.6825
44.8195 -38.6925
44.8453 -38.7025
44.8633 -38.7125
44.884 -38.7225
44.9002 -38.7325
44.9175 -38.7425
44.9346 -38.7525
44.9517 -38.7625
44.9687 -38.7725
44.9833 -38.7825
44.9918 -38.7925
45.0004 -38.8025
45.0088 -38.8125
45.0173 -38.8225
45.0257 -38.8325
45.034 -38.8425
45.0423 -38.8525
45.0506 -38.8625
45.0589 -38.8725
45.0671 -38.8825
45.0752 -38.8925
45.0833 -38.9025
45.0914 -38.9125
45.0994 -38.9225
45.1074 -38.9325
45.1153 -38.9425
45.1232 -38.9525
45.131 -38.9625
45.1388 -38.9725
45.1465 -38.9825
45.1542 -38.9925
45.1619 -39.0025
45.1695 -39.0125
45.177 -39.0225
45.1845 -39.0325
45.192 -39.0425
45.1994 -39.0525
45.2067 -39.0625
45.214 -39.0725
45.2212 -39.0825
45.2284 -39.0925
45.2356 -39.1025
45.2426 -39.1125
45.2497 -39.1225
45.2566 -39.1325
45.2635 -39.1425
45.2704 -39.1525
45.2772 -39.1625
45.2839 -39.1725
45.2906 -39.1825
45.2972 -39.1925
45.3006 -39.2025
45.3011 -39.2125
45.3016 -39.2225
45.3021 -39.2325
45.3026 -39.2425
45.3031 -39.2525
45.3036 -39.2625
45.3041 -39.2725
45.3046 -39.2825
45.3051 -39.2925
45.3056 -39.3025
45.3061 -39.3125
45.3066 -39.3225
45.3071 -39.3325
45.3076 -39.3425
45.3081 -39.3525
45.3086 -39.3625
45.3093 -39.3725
45.31 -39.3825
45.3107 -39.3925
45.3115 -39.4025
45.3122 -39.4125
45.313 -39.4225
45.3137 -39.4325
45.3144 -39.4425
45.3152 -39.4525
45.3159 -39.4625
45.3166 -39.4725
45.3174 -39.4825
45.3181 -39.4925
45.3189 -39.5025
45.3196 -39.5125
45.3203 -39.5225
45.3211 -39.5325
45.3218 -39.5425
45.3225 -39.5525
45.3233 -39.5625
45.324 -39.5725
45.3247 -39.5825
45.3254 -39.5925
45.3262 -39.6025
45.3269 -39.6125
45.3276 -39.6225
45.3284 -39.6325
45.3291 -39.6425
45.3298 -39.6525
45.3305 -39.6625
45.3313 -39.6725
45.332 -39.6825
45.3327 -39.6925
45.3334 -39.7025
45.3342 -39.7125
45.3349 -39.7225
45.3356 -39.7325
45.3363 -39.7425
45.3371 -39.7525
45.3378 -39.7625
45.3385 -39.7725
45.3392 -39.7825
45.3399 -39.7925
45.3407 -39.8025
45.3414 -39.8125
45.3421 -39.8225
45.3428 -39.8325
45.3435 -39.8425
45.3443 -39.8525
45.345 -39.8625
45.3457 -39.8725
45.3464 -39.8825
45.3471 -39.8925
45.3478 -39.9025
45.3486 -39.9125
45.3493 -39.9225
45.35 -39.9325
45.3507 -39.9425
45.3514 -39.9525
45.3521 -39.9625
45.3528 -39.9725
45.3535 -39.9825
45.3543 -39.9925
45.355 -40.0025
45.3557 -40.0125
45.3564 -40.0225
45.3571 -40.0325
45.3578 -40.0425
45.3585 -40.0525
45.3592 -40.0625
45.3599 -40.0725
45.3606 -40.0825
45.3613 -40.0925
45.362 -40.1025
45.3625 -40.1125
45.3626 -40.1225
45.3627 -40.1325
45.3628 -40.1425
45.3628 -40.1525
45.3629 -40.1625
45.363 -40.1725
45.3631 -40.1825
45.3632 -40.1925
45.3633 -40.2025
45.3633 -40.2125
45.3634 -40.2225
45.3635 -40.2325
45.3636 -40.2425
45.3637 -40.2525
45.3638 -40.2625
45.3638 -40.2725
45.3639 -40.2825
45.364 -40.2925
45.364 -40.3025
45.3641 -40.3125
45.3642 -40.3225
45.3642 -40.3325
45.3643 -40.3425
45.3644 -40.3525
45.3644 -40.3625
45.3645 -40.3725
45.3646 -40.3825
45.3646 -40.3925
45.3647 -40.4025
45.3647 -40.4125
45.3648 -40.4225
45.3649 -40.4325
45.3649 -40.4425
45.365 -40.4525
45.3651 -40.4625
45.3651 -40.4725
45.3652 -40.4825
45.3653 -40.4925
45.3653 -40.5025
45.3654 -40.5125
45.3655 -40.5225
45.3655 -40.5325
45.3656 -40.5425
45.3657 -40.5525
45.3657 -40.5625
45.3658 -40.5725
45.3659 -40.5825
45.3659 -40.5925
45.366 -40.6025
45.3661 -40.6125
45.3661 -40.6225
45.3662 -40.6325
45.3663 -40.6425
45.3663 -40.6525
45.3664 -40.6625
45.3665 -40.6725
45.3666 -40.6825
45.3666 -40.6925
45.3667 -40.7025
45.3668 -40.7125
45.3668 -40.7225
45.3669 -40.7325
45.367 -40.7425
45.3671 -40.7525
45.3671 -40.7625
45.3672 -40.7725
45.3673 -40.7825
45.3673 -40.7925
45.3674 -40.8025
45.3675 -40.8125
45.3676 -40.8225
45.3676 -40.8325
45.3677 -40.8425
45.3678 -40.8525
45.3679 -40.8625
45.3679 -40.8725
45.368 -40.8825
45.3681 -40.8925
45.3681 -40.9025
