0.1 -0.765741
0.2 4.77987e-006
0.3 8.40222e-006
0.4 8.36083e-006
0.5 8.43233e-006
0.6 8.50427e-006
0.7 8.57769e-006
0.8 8.65118e-006
0.9 8.72597e-006
1 8.80226e-006
0.427675 2.03434e-009
0.855088 3.56377e-009
1.28236 8.62132e-010
1.70957 5.31582e-010
2.13688 -6.91362e-010
2.56417 1.00365e-009
2.99136 7.38019e-010
3.41849 1.54306e-009
3.84549 1.15081e-009
4.27236 1.11127e-009
4.69908 1.2698e-009
5.12569 8.82639e-010
5.55216 1.49215e-009
5.97848 1.17396e-009
6.40466 1.39683e-009
6.83072 1.25592e-009
7.25663 1.33895e-009
7.68242 1.34982e-009
8.10806 1.4673e-009
8.53352 2.70527e-009
8.95884 1.37891e-009
9.38401 1.56625e-009
9.80904 1.62741e-009
10.2339 1.30111e-009
10.6586 1.37508e-009
11.0832 1.76231e-009
11.5075 2.06711e-009
11.9317 1.31729e-009
12.3558 1.42209e-009
12.7797 1.56926e-009
13.2035 1.44624e-009
13.6271 1.76593e-009
14.0506 1.24432e-009
14.474 1.45606e-009
14.8972 2.13175e-009
15.3203 1.38575e-009
15.7432 7.98123e-010
16.166 1.47143e-009
16.5886 1.49114e-009
17.0112 1.21732e-009
17.4335 1.31369e-009
17.8558 1.7069e-009
18.2779 1.61304e-009
18.6998 1.54761e-009
19.1216 2.03874e-009
19.5433 1.45394e-009
19.9648 1.40417e-009
20.3861 1.44109e-009
20.8074 1.52385e-009
21.2284 1.60635e-009
21.6493 1.49827e-009
22.0701 2.05447e-009
22.4907 1.73611e-009
22.9112 1.63646e-009
23.3315 1.4403e-009
23.7517 2.26394e-009
24.1717 2.31161e-009
24.5915 1.49637e-009
25.0112 2.23216e-009
25.4308 1.48608e-009
25.8502 1.73202e-009
26.2694 1.79134e-009
26.6885 1.61045e-009
27.1074 1.55387e-009
27.5262 1.6377e-009
27.9448 1.69204e-009
28.3633 1.4715e-009
28.7816 1.57895e-009
29.1998 1.60285e-009
29.6179 1.50374e-009
30.0357 1.94578e-009
30.4535 1.78947e-009
30.8711 1.83439e-009
31.2885 1.66844e-009
31.7058 1.75778e-009
32.1229 1.83196e-009
32.5398 1.84171e-009
32.9567 1.70692e-009
33.3733 1.57342e-009
33.7898 1.92853e-009
34.2062 1.81583e-009
34.6223 1.92644e-009
35.0384 2.03724e-009
35.4543 1.77221e-009
35.87 2.00416e-009
36.2855 1.8384e-009
36.7009 1.73293e-009
37.1162 1.98101e-009
37.5313 2.01922e-009
37.9462 2.0771e-009
38.361 1.96925e-009
38.7756 1.87104e-009
39.19 2.03223e-009
39.6043 1.9731e-009
40.0184 2.18095e-009
40.4324 2.08804e-009
40.8462 1.97007e-009
41.2598 2.1922e-009
41.6733 2.05804e-009
42.0866 2.10205e-009
42.4998 2.05563e-009
42.9128 1.85123e-009
43.3256 2.03292e-009
43.7382 2.22889e-009
44.1507 2.00634e-009
44.5631 2.22957e-009
44.9752 1.99429e-009
45.3872 2.06081e-009
45.7991 2.16811e-009
46.2107 2.39059e-009
46.6222 2.24029e-009
47.0335 2.0516e-009
47.4447 2.28931e-009
47.8557 2.35414e-009
48.2665 2.19112e-009
48.6771 2.17176e-009
49.0876 2.2999e-009
49.4979 2.13795e-009
49.9081 2.29594e-009
50.318 2.14827e-009
50.7278 2.56642e-009
51.1375 2.29788e-009
51.5469 2.28506e-009
51.9562 2.4287e-009
52.3653 2.50449e-009
52.7742 2.41096e-009
53.1829 2.43351e-009
53.5915 2.67685e-009
53.9999 2.52254e-009
54.4081 2.66266e-009
54.8162 2.38805e-009
55.2241 2.50966e-009
55.6318 2.53106e-009
56.0393 2.5937e-009
56.4466 2.73361e-009
56.8538 2.67032e-009
57.2607 2.63612e-009
57.6661 2.08572e-008
58.0632 1.5153e-007
58.4454 6.87482e-008
58.7836 9.31791e-007
58.983 -5.26772e-008
59.1579 1.38448e-009
59.3324 2.47892e-009
59.5054 3.09346e-009
59.6763 1.45837e-009
59.8454 2.78395e-008
60.0129 2.6005e-009
60.1782 1.54274e-009
60.3421 1.50875e-009
60.5041 3.1647e-008
60.6623 4.54588e-008
60.8151 1.06704e-009
60.9628 2.12491e-007
61.1058 1.12724e-009
61.242 3.63466e-007
61.3728 9.24472e-008
61.5013 1.0197e-009
61.6298 1.15404e-009
61.7582 3.7934e-009
61.8869 9.7386e-010
62.0159 7.4413e-009
62.1447 7.41524e-010
62.2737 4.31465e-009
62.4024 8.88604e-010
62.5309 2.0578e-009
62.6592 7.55394e-010
62.7877 7.58392e-009
62.916 8.20853e-010
63.044 1.3765e-009
63.1717 1.45138e-009
63.2992 1.17592e-009
63.426 1.2006e-006
63.5512 6.56057e-009
63.673 0.00204657
63.7927 1.12775e-008
63.9027 0.00464923
63.9998 0.0015408
64.044 -0.000189062
64.0805 1.85549e-008
64.1169 6.26042e-009
64.1531 6.51206e-009
64.1892 6.59538e-009
64.2251 6.46034e-009
64.2608 6.52092e-009
64.2963 6.6713e-009
64.3316 6.64502e-009
64.3667 3.23975e-008
64.4013 6.94376e-009
64.4349 8.96996e-007
64.4682 7.08927e-009
64.5004 3.8739e-007
64.5323 7.06567e-009
64.5632 1.00654e-006
64.5935 2.18499e-007
64.6234 6.88597e-009
64.6532 7.09623e-009
64.6828 7.04054e-009
64.7122 7.16041e-009
64.7402 8.66539e-006
64.7671 2.34461e-006
64.7916 7.628e-009
64.8158 4.70673e-009
64.8359 7.12523e-009
64.8558 7.29681e-009
64.8728 1.67352e-005
64.888 1.24971e-006
64.9014 5.09066e-009
64.9146 5.11469e-009
64.9277 5.27239e-009
64.9407 5.25466e-009
64.9535 5.36737e-009
64.966 3.8509e-009
64.9782 5.48118e-009
64.9904 5.48123e-009
65.0024 5.62235e-009
65.0137 1.14495e-008
65.0249 5.68667e-009
65.0359 5.84301e-009
65.0469 5.78685e-009
65.0577 5.85299e-009
65.0681 4.08054e-009
65.078 6.02889e-009
65.0878 6.15201e-009
65.0975 6.20028e-009
65.1071 6.39687e-009
65.1166 6.31531e-009
65.1257 4.24418e-009
65.1344 6.65464e-009
65.143 6.65414e-009
65.1515 6.75451e-009
65.1598 5.43703e-009
65.1678 6.94457e-009
65.1757 8.78147e-009
65.1835 7.1796e-009
65.1912 7.17679e-009
65.1986 4.50703e-009
65.206 7.48372e-009
65.2132 7.60012e-009
65.2204 7.62763e-009
65.2274 7.65676e-009
65.2344 7.77919e-009
65.2412 7.8618e-009
65.2479 7.98815e-009
65.2546 8.21078e-009
65.2611 8.25054e-009
65.2675 8.26851e-009
65.2737 6.18527e-009
65.2796 8.6113e-009
65.2853 8.61722e-009
65.291 8.7602e-009
65.2965 8.87588e-009
65.302 9.01349e-009
65.3073 9.21236e-009
65.3125 7.66136e-009
65.3175 9.39692e-009
65.3224 7.05609e-009
65.3271 9.6173e-009
65.3317 9.80539e-009
65.3362 9.96444e-009
65.3406 1.0205e-008
65.3449 9.27483e-009
65.3489 1.0644e-008
65.3525 1.12879e-006
65.356 8.56463e-009
65.3594 8.77308e-009
65.3622 1.36881e-006
65.3644 5.96612e-009
65.3666 6.06534e-009
65.3686 6.27468e-009
65.3706 5.82068e-009
65.3716 3.06461e-009
65.3724 4.13361e-009
65.3732 4.08108e-009
65.3739 4.05675e-009
65.3745 4.25693e-009
65.3745 2.27269e-006
65.3745 2.98848e-009
65.3741 3.9539e-009
65.3735 2.66707e-007
65.3727 2.98067e-009
65.3719 2.92249e-009
65.371 2.89928e-009
65.3701 3.02529e-009
65.369 2.63434e-009
65.3679 2.94749e-009
65.3667 3.02248e-009
65.3655 3.00848e-009
65.3642 3.02782e-009
65.3628 3.2218e-009
65.3614 2.65017e-009
65.3596 3.1352e-009
65.3578 3.20437e-009
65.356 3.19579e-009
65.3541 3.14396e-009
65.3521 3.17353e-009
65.35 3.32955e-009
65.3479 3.27853e-009
65.3457 3.33823e-009
65.3435 3.34161e-009
65.3412 3.49444e-009
65.3389 3.48876e-009
65.3366 3.57263e-009
65.3342 3.5507e-009
65.3317 3.56109e-009
65.3292 3.08791e-009
65.3265 3.98016e-008
65.3236 2.48741e-009
65.3206 3.12388e-009
65.3175 3.1832e-009
65.3144 3.43082e-009
65.311 2.52778e-009
65.3076 2.49747e-009
65.3042 2.52257e-009
65.3007 2.55661e-009
65.2972 2.55286e-009
65.2936 2.57285e-009
65.2899 9.7946e-008
65.2861 2.10199e-009
65.2822 2.04505e-009
65.2782 2.07359e-009
65.2741 2.68549e-008
65.2698 1.65691e-009
65.2655 1.56855e-009
65.2611 2.69761e-007
65.2565 1.27087e-009
65.2517 2.26228e-007
65.2468 6.63682e-010
65.2418 1.54635e-009
65.2368 6.7416e-010
65.2317 7.37165e-010
65.2265 7.28771e-010
65.2214 7.46429e-010
65.216 1.3333e-007
65.2104 3.49146e-010
65.2048 4.17865e-010
65.1992 2.77608e-010
65.1936 3.6732e-010
65.188 3.62719e-010
65.1823 2.91194e-010
65.1766 9.77451e-009
65.1706 2.34834e-010
65.1646 1.84269e-010
65.1586 9.18248e-008
65.1525 2.99639e-010
65.1464 3.05516e-010
65.1401 3.07107e-007
65.1339 3.61732e-010
65.1276 2.87486e-010
65.1213 2.01632e-010
65.115 2.47419e-010
65.1088 2.43644e-010
65.1025 2.43369e-010
65.0961 2.18831e-010
65.0898 4.54274e-010
65.0834 2.62546e-010
65.0771 2.14992e-010
65.0707 2.83541e-010
65.0643 3.01829e-010
65.0579 1.65408e-010
65.0515 3.22795e-010
65.045 2.60218e-010
65.0386 3.03332e-010
65.0322 1.91242e-010
65.0257 2.81603e-010
65.0193 3.03013e-010
65.0128 2.64136e-010
65.0063 1.96219e-010
64.9998 2.41592e-010
64.9933 2.79199e-010
64.9867 1.19939e-006
64.9801 2.85364e-010
64.9735 3.52114e-010
64.9669 2.39088e-010
64.9603 1.97793e-010
64.9537 2.28565e-010
64.9471 2.85309e-010
64.9404 2.50578e-010
64.9338 3.26767e-010
64.9271 2.2774e-010
64.9205 2.93622e-010
64.9138 2.37747e-010
64.9071 2.92434e-010
64.9004 1.94212e-010
64.8938 2.51362e-010
64.8871 2.98348e-010
64.8804 2.52382e-010
64.8736 2.43343e-010
64.8669 2.411e-010
64.8602 2.3804e-010
64.8535 2.97737e-010
64.8467 2.68018e-010
64.84 2.90212e-010
64.8332 2.79899e-010
64.8264 2.19418e-010
64.8197 3.47795e-010
64.8129 3.38004e-010
64.8061 2.94185e-010
64.7993 3.16837e-010
64.7925 3.04064e-010
64.7857 3.39801e-010
64.7789 3.34308e-010
64.772 3.04484e-010
64.7652 2.96815e-009
64.7583 2.75056e-010
64.7515 1.82121e-010
64.7446 2.43259e-010
64.7377 2.55814e-010
64.7308 3.19882e-010
64.7239 2.40101e-010
64.717 2.03007e-010
64.7101 2.90155e-010
64.7032 2.56803e-010
64.6962 2.33658e-007
64.6892 2.64329e-010
64.6822 3.16152e-010
64.6752 2.89716e-010
64.6682 3.47942e-010
64.6611 3.29536e-010
64.6541 2.94275e-010
64.6471 3.26944e-010
64.64 2.79307e-010
64.6329 3.09343e-010
64.6259 2.59687e-010
64.6187 5.16779e-010
64.6116 3.04466e-010
64.6045 2.8934e-010
64.5973 2.69343e-010
64.5902 2.95829e-010
64.583 2.45932e-010
64.5758 2.68271e-010
64.5686 3.47246e-010
64.5615 3.22689e-010
64.5543 2.87072e-010
64.5471 2.95166e-010
64.5398 2.98529e-010
64.5326 3.05827e-010
64.5254 1.41468e-009
64.5181 2.74383e-010
64.5109 2.36848e-010
64.5036 3.02936e-010
64.4963 2.82305e-010
64.489 2.60931e-010
64.4817 2.98237e-010
64.4744 2.80627e-010
64.4671 2.73849e-010
64.4598 3.23984e-010
64.4525 3.18998e-010
64.4452 3.21678e-010
64.4378 7.46936e-010
64.4303 3.09362e-010
64.4229 1.28581e-009
64.4154 1.67038e-010
64.4078 1.37587e-010
64.4003 1.37832e-010
64.3928 1.23957e-010
64.3852 1.59893e-010
64.3777 1.1581e-010
64.3701 1.51712e-010
64.3626 1.55421e-010
64.355 1.74111e-010
64.3474 1.41696e-010
64.3399 1.83286e-010
64.3323 1.44593e-010
64.3246 2.8149e-008
64.3169 -1.46869e-011
64.3091 6.75389e-011
64.3014 3.59011e-011
64.2937 5.17897e-011
64.2859 2.01279e-011
64.2782 5.04379e-011
64.2704 5.57412e-011
64.2627 8.65192e-011
64.2549 7.35021e-011
64.2471 5.30225e-011
64.2394 6.80505e-011
64.2316 6.41966e-011
64.2238 4.21281e-011
64.216 1.13305e-011
64.2082 4.27809e-011
64.2005 8.53282e-011
64.1927 -2.72404e-012
64.1849 6.18865e-011
64.1771 7.04503e-012
64.1692 5.99449e-011
64.1614 8.04423e-008
64.1534 1.71312e-011
64.1455 1.34257e-011
64.1375 2.17966e-010
64.1294 -1.34914e-012
64.1213 3.15064e-011
64.1133 4.51497e-011
64.1052 1.72209e-011
64.0971 3.39773e-011
64.0891 5.7903e-011
64.081 3.75566e-011
64.0729 3.26565e-011
64.0648 -5.63194e-012
64.0567 1.70308e-011
64.0487 1.32712e-011
64.0406 4.37286e-011
64.0325 1.56195e-011
64.0244 4.80416e-012
64.0163 -8.4821e-012
64.0082 -4.59792e-011
64.0001 6.60636e-011
63.992 -7.85416e-012
63.9839 -9.76552e-012
63.9758 4.94138e-011
63.9677 6.81144e-012
63.9598 -1.9426e-009
63.9519 2.47539e-007
63.9441 4.50155e-011
63.9362 1.23679e-011
63.9283 4.00879e-011
63.9204 1.00453e-011
63.9126 2.79599e-011
63.9047 3.63398e-011
63.8968 3.30687e-011
63.8889 3.13225e-011
63.881 4.84244e-011
63.8731 2.98614e-011
63.8652 3.49853e-011
63.8577 -3.04332e-009
63.8505 1.25144e-011
63.8432 2.2518e-011
63.8359 -6.44373e-012
63.8286 4.20197e-012
63.8213 4.82494e-011
63.814 1.23421e-011
63.8066 -5.1344e-010
63.7993 1.9984e-012
63.7919 6.50856e-010
63.7844 -8.65441e-012
63.7769 2.10294e-011
63.7695 -8.57359e-012
63.762 -1.18652e-011
63.7546 4.01181e-011
63.7471 6.32205e-012
63.7397 1.19895e-011
63.7322 8.42437e-012
63.7247 3.57936e-012
63.7174 -1.21823e-009
63.7107 2.47091e-012
63.704 7.90656e-012
63.6972 -3.00124e-011
63.6905 8.2947e-012
63.6838 1.14788e-011
63.6771 2.04299e-011
63.6703 -2.19735e-012
63.6636 -3.08198e-012
63.6569 -3.5584e-011
63.6502 -2.37902e-009
63.6439 -3.91625e-011
63.6375 -2.06057e-013
63.6312 -7.80442e-012
63.6248 1.21521e-011
63.6185 4.96492e-011
63.6121 3.51452e-011
63.6057 -3.06066e-012
63.5996 -3.05211e-009
63.5943 -1.66598e-008
63.5893 -1.8785e-011
63.5842 -7.60814e-012
63.5792 2.73754e-011
63.5741 2.18581e-011
63.5691 -2.34515e-011
63.5641 8.24762e-012
63.559 -6.06093e-012
63.554 -3.33706e-011
63.549 2.84395e-012
63.5439 -3.78666e-011
63.5392 -2.30483e-009
63.5344 4.40536e-012
63.5305 -9.4612e-009
63.5266 -3.52784e-012
63.5227 -3.35341e-011
63.5187 2.89742e-011
63.5148 1.37739e-011
63.5109 2.13358e-011
63.507 -1.53584e-011
63.5031 2.94929e-011
63.4992 -1.6195e-011
63.4953 -2.79083e-011
63.4914 1.26104e-011
63.4875 3.49001e-011
63.484 -6.57994e-009
63.4808 -1.42128e-010
63.4775 2.66756e-011
63.4741 -1.04681e-011
63.4708 1.92735e-011
63.4675 -1.27027e-011
63.4642 1.75806e-011
63.4608 -2.06057e-012
63.4575 -7.61879e-012
63.4545 -1.0879e-008
63.4514 -3.2081e-012
63.4484 -1.031e-011
63.4454 1.36477e-011
63.4424 -1.45839e-012
63.4393 -1.11555e-012
63.4363 -2.61284e-011
63.4333 -6.8141e-012
63.4302 2.22986e-011
63.4272 1.76392e-011
63.4242 8.94751e-012
63.4212 5.48894e-013
63.4181 -3.22586e-012
63.4151 4.46043e-012
63.4121 -5.06084e-012
63.409 -1.11609e-011
63.406 -5.62395e-012
63.403 1.48681e-011
63.3999 -1.88667e-011
63.3969 -3.52962e-012
63.3939 2.88853e-011
63.3909 8.36486e-012
63.3878 1.63212e-011
63.3848 -9.95293e-012
63.3818 7.8888e-012
63.3788 6.81055e-012
63.3757 -1.63602e-012
63.3727 1.78382e-011
63.3697 2.19611e-011
63.3666 3.62039e-011
63.3636 -3.58646e-012
63.3606 -1.51363e-011
63.3576 2.24283e-011
63.3545 -6.55298e-012
63.3515 -5.38414e-012
63.3485 9.11982e-012
63.3455 1.88596e-011
63.3424 9.96536e-013
63.3394 9.68114e-013
63.3364 -3.65166e-011
63.3334 1.8348e-011
63.3303 -2.72227e-011
63.3273 6.85141e-012
63.3243 -7.24576e-012
63.3213 -1.91029e-011
63.3182 9.19087e-012
63.3152 3.60973e-011
63.3121 6.91891e-012
63.3091 -1.22817e-011
63.306 2.16644e-011
63.303 8.98126e-012
63.2999 1.00577e-011
63.2968 1.34595e-011
63.2938 1.30775e-011
63.2907 7.01661e-013
63.2877 1.5195e-011
63.2846 3.49942e-012
63.2815 2.49401e-012
63.2785 5.97389e-012
63.2754 -1.65059e-011
63.2724 -4.33431e-013
63.2693 -5.16565e-012
63.2662 -5.65592e-012
63.2632 4.95781e-012
63.2601 -1.83409e-011
63.2571 7.99538e-012
63.254 -1.49996e-011
63.2509 -2.41265e-011
63.2479 2.70024e-011
63.2448 2.20091e-012
63.2418 -4.86775e-011
63.2387 1.97797e-011
63.2356 -2.64375e-011
63.2326 3.06493e-011
63.2295 -1.11822e-011
63.2265 -7.23155e-012
63.2234 1.20277e-011
63.2204 -1.13918e-011
63.2173 2.13838e-011
63.2142 -1.59464e-011
63.2112 -1.00311e-011
63.2081 -3.52021e-011
63.2051 4.50662e-012
63.202 3.91509e-012
63.199 1.05782e-011
63.1959 -1.30081e-010
63.1929 -8.90132e-012
63.1899 -1.0159e-011
63.187 9.10028e-012
63.184 -4.11287e-010
63.181 4.20997e-012
63.178 -1.63851e-011
63.175 9.1287e-012
63.172 4.71978e-012
63.169 -3.60068e-012
63.166 -1.6005e-011
63.163 1.53797e-011
63.16 1.99449e-011
63.157 -4.9365e-012
63.154 1.51577e-011
63.151 9.62963e-012
63.148 -2.08935e-011
63.1451 -1.18498e-009
63.1422 1.05267e-011
63.1394 -2.27658e-011
63.1365 1.57385e-011
63.1337 2.57572e-011
63.1309 -2.04955e-009
63.1281 8.16414e-012
63.1253 -1.0818e-012
63.1225 -2.10107e-011
63.1198 2.19558e-012
63.117 -1.34825e-011
63.1142 -1.19247e-011
63.1114 1.89662e-011
63.1087 1.36975e-011
63.1059 3.35501e-011
63.1031 1.72786e-011
63.1003 -2.64677e-013
63.0976 1.52518e-011
63.0948 -2.34893e-010
63.0922 -2.72653e-011
63.0896 7.60281e-012
63.0869 2.01066e-011
63.0843 8.31335e-012
63.0818 -6.24599e-010
63.0793 -3.51239e-011
63.0769 1.16884e-012
63.0744 -5.20295e-012
63.072 -2.15508e-011
63.0695 -1.0191e-011
63.0671 -1.07523e-011
63.0646 -3.30953e-011
63.0622 9.34008e-012
63.0597 -1.15996e-012
63.0573 2.50999e-012
63.0548 -1.71116e-011
63.0524 -2.66276e-012
63.05 1.39817e-011
63.0475 1.9325e-011
63.0451 -7.39597e-010
63.0429 2.31797e-011
63.0406 2.29239e-011
63.0383 1.19762e-011
63.0361 9.38805e-012
63.0338 4.99156e-012
63.0316 1.58664e-011
63.0293 -6.19167e-011
63.0272 -1.55396e-011
63.0251 1.71436e-011
63.023 -2.0961e-011
63.0209 4.51372e-012
63.0187 4.77307e-012
63.0166 -6.42864e-012
63.0145 8.27427e-012
63.0124 -1.2502e-011
63.0103 -1.35284e-010
63.0083 2.77112e-012
63.0063 -2.61799e-011
63.0044 -2.32561e-009
63.0025 -2.59259e-011
63.0007 9.99023e-012
62.9988 -7.71436e-011
62.997 1.07825e-011
62.9952 1.24292e-011
62.9934 1.90727e-011
62.9916 -4.63274e-012
62.9898 -1.79519e-011
62.9881 4.43361e-011
62.9863 -1.03384e-011
62.9845 -1.06599e-011
62.9827 -3.63626e-010
62.981 -2.08988e-011
62.9794 -1.32907e-011
62.9778 -6.66109e-010
62.9764 -1.14699e-011
62.9749 -2.10338e-011
62.9735 -3.5083e-012
62.9721 1.76215e-012
62.9706 7.53175e-013
62.9692 6.95621e-012
62.9677 -1.61648e-013
62.9663 2.10747e-011
62.9648 -5.62217e-012
62.9634 -1.34754e-011
62.9619 -1.94369e-011
62.9605 -3.65379e-011
62.9591 -1.17244e-009
62.9579 5.90816e-012
62.9566 3.54028e-012
62.9553 -5.4019e-012
62.9541 -7.42162e-012
62.9528 -2.08242e-011
62.9515 1.39746e-011
62.9503 3.44613e-012
62.949 1.40155e-012
62.9477 -3.2724e-011
62.9465 -3.00417e-011
62.9452 -1.7442e-011
62.944 -1.96376e-010
62.9429 -1.57083e-011
62.9419 3.16547e-011
62.9408 -3.0731e-012
62.9398 1.42162e-011
62.9387 -3.11093e-011
62.9377 6.01652e-012
62.9366 2.58495e-011
62.9356 -1.24274e-011
62.9346 -3.81876e-010
62.9337 1.23528e-011
62.9329 -3.37899e-011
62.9321 8.00071e-012
62.9312 -5.86198e-014
62.9304 -2.53149e-011
62.9296 9.39337e-012
62.9287 4.50697e-011
62.9279 -8.58513e-012
62.9271 -1.40457e-011
62.9263 -3.49765e-012
62.9254 1.41576e-011
62.9246 -4.089e-011
62.9238 1.8785e-011
62.9229 -1.36406e-011
62.9222 -1.04548e-009
62.9216 -6.66134e-012
62.9209 6.10889e-012
62.9203 -7.4234e-012
62.9196 -7.34168e-012
62.9191 -3.103e-009
62.9187 2.42917e-011
62.9182 7.7609e-012
62.9178 -1.19726e-012
62.9173 2.36433e-012
62.9168 -6.46061e-012
62.9164 -2.51106e-011
62.9159 -1.7728e-011
62.9155 2.29701e-011
62.915 -4.61853e-014
62.9146 1.3749e-012
62.9142 -5.63661e-010
62.9138 -2.74802e-012
62.9135 -1.71007e-009
62.9132 1.04805e-013
62.9129 1.90887e-011
62.9126 -1.12568e-011
62.9123 3.74811e-012
62.912 -2.06146e-011
62.9117 -2.0151e-011
62.9115 9.27081e-012
62.9112 4.4361e-011
62.9109 2.80345e-011
62.9106 3.40883e-012
62.9103 -2.75158e-012
62.91 1.82645e-011
62.9097 -1.35056e-011
62.9094 2.42188e-011
62.9092 -8.94218e-012
62.9089 1.14628e-011
62.9086 -2.26006e-011
62.9083 -2.00338e-011
62.908 3.10507e-012
62.9077 -4.53504e-011
62.9074 2.44071e-012
62.9072 -2.94875e-013
62.9069 -1.59961e-011
62.9066 -4.76597e-012
62.9063 -1.88649e-011
62.906 -1.68505e-011
62.9057 -2.45244e-011
62.9054 2.22045e-012
62.9052 -2.43361e-011
62.9049 1.65556e-012
62.9046 3.55271e-013
62.9043 7.09655e-012
62.904 3.62377e-012
62.9037 4.01279e-012
62.9034 1.11609e-011
62.9032 -1.58273e-011
62.9029 -4.36735e-011
62.9026 -9.02389e-013
62.9023 7.66853e-012
62.902 -9.92451e-012
62.9017 -9.29568e-012
62.9015 2.08882e-011
62.9012 -2.62901e-013
62.9009 1.20615e-012
62.9006 7.4678e-012
62.9003 2.98961e-012
62.9 2.5107e-011
62.8998 -1.41398e-012
62.8995 -3.39284e-013
62.8992 8.73435e-012
62.8989 -2.17941e-011
62.8986 1.34417e-011
62.8983 -2.67821e-011
62.8981 2.81908e-012
62.8978 1.28253e-011
62.8975 -3.26477e-011
62.8972 2.40412e-011
62.8969 2.02505e-011
62.8966 -2.76081e-011
62.8964 -4.54925e-011
62.8961 3.92539e-011
62.8958 1.36424e-012
62.8955 -1.60405e-011
62.8952 -8.40927e-012
62.895 -7.05569e-012
62.8947 -9.29035e-012
62.8944 -2.11333e-011
62.8941 -3.91864e-012
62.8938 -1.65929e-011
62.8936 4.84235e-012
62.8933 1.95453e-011
62.893 -7.83551e-012
62.8927 -1.15463e-011
62.8924 4.42668e-012
62.8922 2.32063e-011
62.8919 1.22036e-012
62.8916 2.25082e-011
62.8913 -2.0421e-011
62.891 1.64544e-011
62.8908 -3.30047e-012
62.8905 -2.82796e-011
62.8902 -1.46017e-011
62.8899 2.89635e-011
62.8896 -2.27551e-011
62.8894 2.37126e-011
62.8891 -2.27143e-011
62.8888 -1.67102e-011
62.8885 -6.32028e-012
62.8882 7.67209e-012
62.888 5.64881e-012
62.8877 2.04992e-011
62.8874 2.68301e-011
62.8871 2.69509e-011
62.8869 -1.60174e-011
62.8866 -3.09477e-011
62.8863 9.08962e-012
62.886 -2.55866e-011
62.8857 1.89182e-012
62.8855 2.99316e-012
62.8852 -2.14406e-012
62.8849 3.48521e-012
62.8846 -1.89893e-011
62.8844 -1.11324e-011
62.8841 1.39355e-011
62.8838 -3.81739e-012
62.8835 -1.90834e-011
62.8832 1.42641e-012
62.883 -4.83666e-011
62.8827 4.95781e-012
62.8824 9.54969e-012
62.8821 1.74687e-011
62.8819 2.01918e-011
62.8816 -8.81073e-012
62.8813 -2.62137e-011
62.881 1.33404e-012
62.8808 3.89733e-012
62.8805 -2.76472e-011
62.8802 2.48335e-012
62.8799 -1.10933e-011
62.8797 -6.52278e-012
62.8794 6.92602e-012
62.8791 -2.91198e-011
62.8788 -2.98428e-012
62.8786 2.51408e-011
62.8783 1.27702e-011
62.878 3.17968e-013
62.8777 -2.56382e-011
62.8775 -1.058e-011
62.8772 -1.14682e-011
62.8769 -3.03402e-012
62.8766 1.36104e-011
62.8764 5.16742e-012
62.8761 2.84572e-011
62.8758 -3.55342e-011
62.8755 9.88365e-012
62.8753 2.52296e-011
62.875 -2.51177e-011
62.8747 3.38751e-012
62.8745 -3.46354e-011
62.8742 -1.89004e-011
62.8739 7.06812e-012
62.8736 2.5242e-011
62.8734 -2.33769e-012
62.8731 -8.56026e-012
62.8728 2.92015e-011
62.8726 2.16911e-011
62.8723 3.12426e-011
62.872 -3.36442e-012
62.8717 7.24576e-012
62.8715 6.6791e-012
62.8712 2.12665e-011
62.8709 2.40234e-011
62.8706 1.75628e-011
62.8704 -2.58638e-012
62.8701 -2.34479e-013
62.8698 -4.29345e-012
62.8696 -9.90319e-012
62.8693 1.82965e-012
62.869 -1.17808e-011
62.8688 1.58096e-012
62.8685 2.16893e-011
62.8682 -1.29994e-011
62.8679 1.19798e-011
62.8677 -7.75913e-012
62.8674 -4.38192e-011
62.8671 -2.99742e-011
62.8669 -3.20881e-011
62.8666 -1.21112e-011
62.8663 -2.4329e-011
62.8661 -3.37685e-011
62.8658 -1.57101e-011
62.8655 -4.41247e-011
62.8652 1.45661e-012
62.865 -3.26459e-011
62.8647 -8.06466e-012
62.8644 -2.09006e-011
62.8642 -3.50795e-011
62.8639 1.8062e-011
62.8636 -7.72715e-012
62.8634 1.24238e-011
62.8631 1.97531e-012
62.8628 6.52278e-012
62.8626 -3.02691e-012
62.8623 2.00728e-011
62.862 2.20268e-012
62.8618 3.44258e-012
62.8615 2.12097e-012
62.8612 8.16414e-012
62.861 -3.28271e-011
62.8607 3.31113e-012
62.8604 -2.58495e-011
62.8602 -1.83782e-011
62.8599 1.41398e-012
62.8596 4.00391e-012
62.8594 -2.05063e-011
62.8591 -1.30456e-011
62.8588 -1.20437e-012
62.8586 1.16884e-011
62.8583 1.75007e-011
62.858 -2.74909e-011
62.8578 4.73577e-012
62.8575 2.91145e-011
62.8572 -2.75833e-011
62.857 -1.37312e-011
62.8567 2.11102e-011
62.8564 -2.63469e-011
62.8562 1.84421e-011
62.8559 2.78888e-012
62.8556 -1.40403e-011
62.8554 1.42641e-011
62.8551 2.68265e-011
62.8548 -7.92966e-012
62.8546 2.49969e-011
62.8543 2.20197e-011
62.854 -2.65388e-012
62.8538 -1.56177e-011
62.8535 -3.78364e-012
62.8533 -6.41975e-012
62.853 6.46594e-012
62.8527 2.22791e-011
62.8525 2.39311e-011
62.8522 -7.18714e-012
62.8519 -3.14593e-011
62.8517 1.80442e-011
62.8514 1.26796e-011
62.8511 -2.41585e-013
62.8509 6.79279e-012
62.8506 -2.43006e-012
62.8504 1.54827e-011
62.8501 8.93863e-012
62.8498 2.50928e-011
62.8496 -1.50102e-011
62.8493 -6.942e-012
62.849 3.00524e-011
62.8488 -3.37579e-011
62.8485 -5.60618e-012
62.8483 3.1033e-011
62.848 -1.34968e-011
62.8477 -2.40661e-011
62.8475 -1.03029e-012
62.8472 5.05906e-012
62.847 1.49534e-011
62.8467 2.84217e-013
62.8464 -8.11795e-012
62.8462 -8.92086e-012
62.8459 -2.0961e-013
62.8456 1.25056e-011
62.8454 1.17986e-011
62.8451 -3.72786e-011
62.8449 -1.87832e-011
62.8446 -1.64384e-011
62.8443 -2.74625e-011
62.8441 -1.46549e-011
62.8438 4.95248e-012
62.8436 -7.70939e-013
62.8433 2.47269e-012
62.843 1.57954e-011
62.8428 -1.38414e-011
62.8425 -2.05702e-012
62.8423 -2.40377e-011
62.842 5.64881e-013
62.8418 2.2478e-011
62.8415 -1.92486e-011
62.8412 -2.60343e-011
62.841 -2.63967e-012
62.8407 3.96483e-012
62.8405 -8.14282e-012
62.8402 2.52491e-011
62.8399 -3.76446e-011
62.8397 -1.24913e-011
62.8394 8.89955e-012
62.8392 -2.22116e-011
62.8389 -1.82965e-011
62.8387 2.56151e-012
62.8384 1.20686e-011
62.8381 -8.77876e-012
62.8379 1.63816e-011
62.8376 4.51195e-013
62.8374 1.72271e-011
62.8371 -2.53166e-011
62.8369 -2.69971e-011
62.8366 3.19318e-011
62.8363 3.23297e-012
62.8361 -6.06093e-012
62.8358 -2.52953e-012
62.8356 -3.31823e-011
62.8353 -8.25651e-012
62.8351 4.41602e-012
62.8348 -1.86873e-012
62.8345 1.6275e-011
62.8343 3.09903e-011
62.834 -2.47233e-011
62.8338 1.22071e-011
62.8335 2.04032e-011
62.8333 -1.08535e-011
62.833 -1.91491e-012
62.8328 4.82814e-012
62.8325 2.73559e-013
62.8322 -3.69411e-011
62.832 2.10889e-011
62.8317 2.95373e-011
62.8315 -2.33662e-011
62.8312 -1.41398e-011
62.831 -1.09779e-012
62.8307 -1.78133e-011
62.8305 -1.54223e-011
62.8302 1.24025e-011
62.83 1.45022e-011
62.8297 -9.23706e-013
62.8295 1.20686e-011
62.8292 -1.27898e-012
62.8289 -2.15756e-011
62.8287 -2.61906e-011
62.8284 -1.11164e-011
62.8282 8.87113e-012
62.8279 4.32365e-012
62.8277 5.21538e-012
62.8274 6.06803e-012
62.8272 5.39657e-012
62.8269 2.305e-011
62.8267 -2.63256e-012
62.8264 -7.65965e-012
62.8262 2.58069e-011
62.8259 -1.54046e-011
62.8257 3.9897e-012
62.8254 -1.74794e-012
62.8252 2.4631e-011
62.8249 -3.82272e-012
62.8247 -4.07105e-011
62.8244 1.00009e-011
62.8242 2.67804e-011
62.8239 1.42109e-014
62.8237 -5.1692e-012
62.8234 1.08571e-011
62.8232 -1.64704e-011
62.8229 2.60059e-012
62.8226 7.57794e-012
62.8224 -3.81348e-011
62.8221 -4.05009e-012
62.8219 -1.90994e-011
62.8216 3.12994e-012
62.8214 -1.71951e-011
62.8211 1.43885e-012
62.8209 7.84794e-012
62.8206 -1.00862e-011
62.8204 -1.29425e-011
62.8202 -8.89955e-012
62.8199 9.60299e-012
62.8197 -4.394e-011
62.8194 2.91678e-012
62.8192 7.94032e-012
62.8189 -2.64322e-012
62.8187 -3.01377e-011
62.8184 -3.60743e-011
62.8182 -1.95328e-011
62.8179 1.4392e-011
62.8177 1.31877e-011
62.8174 8.13571e-012
62.8172 -3.01981e-011
62.8169 1.71667e-011
62.8167 3.94351e-012
62.8164 -3.51825e-011
62.8162 -4.79972e-012
62.8159 -2.55582e-011
62.8157 -7.63123e-012
62.8154 6.25278e-013
62.8152 1.70424e-011
62.8149 -2.76188e-011
62.8147 8.08242e-012
62.8144 -1.79945e-011
62.8142 -1.33866e-011
62.814 -5.77671e-012
62.8137 1.16174e-011
62.8135 8.64731e-012
62.8132 -3.45679e-012
62.813 -2.55156e-011
62.8127 -1.85807e-011
62.8125 -1.66089e-011
62.8122 -1.41149e-011
62.812 3.07523e-011
62.8117 -2.72813e-011
62.8115 -4.62208e-012
62.8112 4.44089e-012
62.811 -1.20721e-011
62.8108 -1.69393e-011
62.8105 7.31859e-012
62.8103 -9.48575e-012
62.81 3.24825e-011
62.8098 -2.00338e-011
62.8095 -1.27685e-011
62.8093 -2.17781e-011
62.809 -1.6886e-011
62.8088 1.40261e-011
62.8086 -1.60441e-011
62.8083 -2.13518e-012
62.8081 -1.24878e-011
62.8078 -3.03579e-011
62.8076 3.3026e-011
62.8073 2.27622e-011
62.8071 1.50067e-011
62.8068 -2.22862e-011
62.8066 -1.10099e-011
62.8064 9.70246e-012
62.8061 -1.30136e-011
62.8059 -1.79945e-011
62.8056 5.9508e-012
62.8054 5.73763e-012
62.8051 2.18705e-011
62.8049 -1.71134e-011
62.8047 -7.8515e-012
62.8044 -3.42837e-012
62.8042 -1.53726e-011
62.8039 9.05231e-012
62.8037 1.08145e-011
62.8035 7.49623e-013
62.8032 1.66587e-011
62.803 -1.33014e-011
62.8027 6.18172e-013
62.8025 -1.98668e-011
62.8022 -1.15463e-012
62.802 6.30607e-012
62.8018 -1.5234e-011
62.8015 -3.06386e-011
62.8013 -4.88143e-012
62.801 1.66267e-012
62.8008 -2.05524e-011
62.8006 -2.03144e-011
62.8003 -1.09175e-011
62.8001 8.22098e-012
62.7998 1.92344e-011
62.7996 -2.3693e-011
62.7994 -1.99591e-011
62.7991 -2.19025e-011
62.7989 2.17959e-011
62.7986 2.71037e-011
62.7984 -2.70219e-011
62.7982 2.91678e-011
62.7979 2.18883e-011
62.7977 -2.86597e-011
62.7974 -2.55085e-012
62.7972 6.66134e-012
62.797 2.63682e-011
62.7967 -1.10241e-011
62.7965 -3.15552e-011
62.7963 4.42313e-012
62.796 -3.0127e-012
62.7958 -2.85851e-011
62.7955 -9.96891e-012
62.7953 -2.63505e-011
62.7951 1.83427e-011
62.7948 -1.09566e-011
62.7946 2.86207e-011
62.7944 -1.24238e-011
62.7941 4.6974e-011
62.7939 -4.62919e-012
62.7936 3.15126e-012
62.7934 -5.59908e-012
62.7932 -1.20899e-011
62.7929 -3.46461e-011
62.7927 -3.45644e-011
62.7925 -1.36389e-011
62.7922 -2.72422e-011
62.792 3.36797e-011
62.7917 3.02336e-012
62.7915 -9.96181e-012
62.7913 -2.52811e-011
62.791 -1.86446e-011
62.7908 -1.69251e-011
62.7906 8.43414e-012
62.7903 8.3169e-012
62.7901 -5.35749e-012
62.7899 1.92664e-011
62.7896 1.10276e-011
62.7894 -2.11919e-011
62.7892 -2.04956e-011
62.7889 2.08402e-011
62.7887 1.06581e-014
62.7885 -3.06244e-012
62.7882 7.30083e-012
62.788 1.85096e-012
62.7877 7.22267e-012
62.7875 7.24398e-012
62.7873 1.61293e-012
62.787 1.80513e-011
62.7868 2.97007e-011
62.7866 -6.7395e-012
62.7863 -1.93552e-011
62.7861 -2.11209e-011
62.7859 1.97105e-011
62.7856 1.32268e-011
62.7854 -4.93827e-012
62.7852 2.89688e-011
62.7849 -1.75149e-012
62.7847 -2.80238e-011
62.7845 2.00728e-012
62.7842 1.37383e-011
62.784 -2.57643e-011
62.7838 -1.18341e-011
62.7835 -1.46265e-011
62.7833 1.17382e-011
62.7831 5.75184e-012
62.7829 9.04166e-012
62.7826 -1.13367e-011
62.7824 -1.40155e-011
62.7822 9.13047e-013
62.7819 -1.40545e-011
62.7817 -7.74492e-013
62.7815 -3.21023e-011
62.7812 2.52243e-012
62.781 2.89084e-011
62.7808 3.90834e-011
62.7805 -3.04645e-011
62.7803 -8.23874e-012
62.7801 5.34328e-012
62.7798 -3.42482e-012
62.7796 -9.5568e-012
62.7794 -1.34293e-011
62.7792 2.08864e-011
62.7789 -2.29363e-011
62.7787 2.49862e-011
62.7785 -2.43467e-011
62.7782 -7.20135e-012
62.778 -9.38272e-012
62.7778 -1.20863e-011
62.7775 6.01119e-012
62.7773 1.139e-011
62.7771 2.5576e-011
62.7769 -2.65246e-011
62.7766 -5.40012e-013
62.7764 1.6307e-011
62.7762 -9.27614e-012
62.7759 1.01785e-011
62.7757 3.89875e-011
62.7755 1.8364e-011
62.7753 -1.59837e-011
62.775 -1.65414e-011
62.7748 1.45555e-011
62.7746 1.09424e-011
62.7743 1.84563e-011
62.7741 -1.76321e-011
62.7739 1.10596e-011
62.7737 -1.36424e-011
62.7734 -1.91491e-011
62.7732 -1.29674e-012
62.773 -3.58185e-011
62.7728 -2.04423e-011
62.7725 1.72804e-011
62.7723 -1.48148e-012
62.7721 -2.35332e-011
62.7718 3.21982e-011
62.7716 -1.81792e-011
62.7714 -4.1922e-013
62.7712 -1.52411e-012
62.7709 -6.64002e-012
62.7707 -1.6481e-011
62.7705 5.75184e-012
62.7703 -1.85558e-011
62.77 2.59348e-013
62.7698 4.13891e-012
62.7696 -1.25127e-011
62.7694 3.50298e-012
62.7691 -4.8999e-011
62.7689 -3.76943e-012
62.7687 -2.64677e-011
62.7685 -1.75149e-012
62.7682 2.20233e-011
62.768 -4.39115e-012
62.7678 1.51168e-011
62.7676 -1.1724e-012
62.7673 2.44995e-011
62.7671 1.63141e-011
62.7669 2.6823e-012
62.7667 2.08722e-011
62.7664 -6.76792e-012
62.7662 -7.92966e-012
62.766 -1.96856e-011
62.7658 -9.8801e-012
62.7655 3.93641e-012
62.7653 3.82983e-012
62.7651 -7.08056e-012
62.7649 -1.25411e-011
62.7647 1.95257e-011
62.7644 -1.78701e-012
62.7642 -1.52056e-011
62.764 4.65761e-012
62.7638 7.31859e-012
62.7635 1.42109e-012
62.7633 7.99716e-012
62.7631 -2.20162e-011
62.7629 1.6648e-011
62.7627 2.14833e-011
62.7624 8.3844e-013
62.7622 6.05382e-012
62.762 -1.26192e-011
62.7618 -3.45679e-012
62.7615 -3.1978e-011
62.7613 -1.89786e-011
62.7611 -1.55467e-011
62.7609 2.56151e-011
62.7607 2.80664e-012
62.7604 -1.50031e-011
62.7602 -7.60281e-013
62.76 -4.00782e-011
62.7598 8.72546e-012
62.7596 3.4813e-011
62.7593 7.54241e-012
62.7591 1.34506e-011
62.7589 -2.56577e-011
62.7587 5.01643e-012
62.7585 4.02771e-011
62.7582 2.85993e-011
62.758 -2.57323e-011
62.7578 -4.32365e-012
62.7576 5.14788e-012
62.7574 9.42535e-012
62.7571 2.86668e-011
62.7569 -2.02469e-011
62.7567 -4.39115e-012
62.7565 8.45191e-012
62.7563 1.9412e-011
62.756 3.34488e-011
62.7558 -1.1763e-011
62.7556 -1.08713e-011
62.7554 3.92575e-012
62.7552 -5.88685e-012
62.755 -1.4559e-011
62.7547 -1.8396e-011
62.7545 8.12861e-012
62.7543 -2.19629e-011
62.7541 3.65219e-012
62.7539 -1.80123e-012
62.7536 -1.85949e-011
62.7534 2.69083e-011
62.7532 7.39675e-012
62.753 -4.26326e-013
62.7528 1.67617e-011
62.7526 -3.39995e-012
62.7523 9.59588e-012
62.7521 -2.19202e-012
62.7519 4.76064e-012
62.7517 -1.11342e-011
62.7515 -1.14682e-011
62.7513 -1.62714e-011
62.751 7.8515e-012
62.7508 8.0469e-012
62.7506 1.96998e-011
62.7504 7.17293e-012
62.7502 -1.89289e-011
62.75 1.03881e-011
62.7498 -1.80229e-011
62.7495 -1.52838e-011
62.7493 3.16724e-011
62.7491 -5.27578e-012
62.7489 2.00977e-011
62.7487 3.59499e-011
62.7485 -8.83915e-012
62.7483 -1.29177e-011
62.748 -3.39639e-011
62.7478 -4.54747e-013
62.7476 -1.30029e-012
62.7474 3.70193e-012
62.7472 1.21076e-011
62.747 3.94706e-012
62.7468 -1.47793e-012
62.7465 -1.21574e-011
62.7463 -1.67191e-011
62.7461 -6.90292e-012
62.7459 1.63745e-011
62.7457 -1.83853e-011
62.7455 -1.65876e-011
62.7453 -4.30944e-012
62.745 2.26876e-011
62.7448 1.2669e-011
62.7446 -1.20473e-011
62.7444 -4.00391e-012
62.7442 -7.11253e-012
62.744 -1.07789e-011
62.7438 -1.05196e-011
62.7436 2.34124e-012
62.7433 7.83018e-012
62.7431 3.72005e-011
62.7429 -9.80549e-012
62.7427 1.36282e-011
62.7425 -6.11067e-012
62.7423 -1.00471e-011
62.7421 1.57421e-011
62.7419 2.08189e-012
62.7417 -5.00577e-012
62.7414 -1.2669e-011
62.7412 7.10543e-013
62.741 -2.31992e-011
62.7408 -4.20677e-011
62.7406 8.40572e-012
62.7404 -3.28058e-011
62.7402 9.51417e-012
62.74 5.42144e-012
62.7398 -5.37881e-012
62.7395 -1.48006e-011
62.7393 1.26796e-011
62.7391 3.17719e-011
62.7389 -8.08242e-012
62.7387 -6.88871e-012
62.7385 9.00258e-012
62.7383 7.03437e-013
62.7381 3.04858e-011
62.7379 2.19984e-011
62.7377 -2.01723e-011
62.7375 -1.98526e-011
62.7372 -2.71392e-011
62.737 7.91189e-012
62.7368 9.85523e-012
62.7366 1.46301e-011
62.7364 3.03153e-011
62.7362 -2.67519e-012
62.736 -1.00222e-011
62.7358 1.71418e-011
62.7356 1.1422e-011
62.7354 -2.13163e-014
62.7352 2.56506e-012
62.735 -2.67981e-011
62.7347 1.04841e-011
62.7345 -2.83435e-011
62.7343 2.21263e-011
62.7341 -3.91651e-011
62.7339 -4.23732e-011
62.7337 -1.15037e-011
62.7335 -5.3646e-013
62.7333 1.32658e-011
62.7331 8.27782e-012
62.7329 -3.14593e-011
62.7327 -6.50502e-012
62.7325 7.10543e-015
62.7323 -4.2256e-011
62.7321 1.87939e-011
62.7319 3.84404e-011
62.7317 1.57598e-011
62.7314 7.62412e-012
62.7312 -1.97318e-011
62.731 -3.62625e-011
62.7308 1.24594e-011
62.7306 -4.05578e-011
62.7304 -1.00755e-011
62.7302 -2.82796e-011
62.73 -2.34159e-011
62.7298 -1.07683e-011
62.7296 -2.30216e-012
62.7294 -1.52021e-011
62.7292 1.58913e-011
62.729 2.08651e-011
62.7288 6.89582e-012
62.7286 -2.98606e-011
62.7284 9.13047e-012
62.7282 -9.72022e-012
62.728 9.07718e-012
62.7278 -8.17124e-014
62.7276 -2.92815e-011
62.7274 -2.79279e-011
62.7272 -2.50466e-011
62.7269 -1.48468e-011
62.7267 2.73523e-011
62.7265 -1.19655e-011
62.7263 6.10001e-012
62.7261 -3.82983e-011
62.7259 -6.71463e-012
62.7257 1.96145e-011
62.7255 -4.87432e-012
62.7253 -2.97646e-011
62.7251 -2.25349e-011
62.7249 2.48086e-011
62.7247 1.22e-011
62.7245 8.48388e-012
62.7243 1.02176e-011
62.7241 1.23066e-011
62.7239 -6.64357e-013
62.7237 -1.24345e-011
62.7235 -2.87059e-011
62.7233 7.17648e-012
62.7231 3.66498e-011
62.7229 1.2939e-011
62.7227 1.09992e-011
62.7225 -1.80087e-011
62.7223 -2.71854e-011
62.7221 -1.43743e-011
62.7219 1.87832e-011
62.7217 -1.31841e-011
62.7215 -5.03668e-011
62.7213 3.87992e-011
62.7211 -2.84928e-012
62.7209 3.04716e-011
62.7207 -1.95364e-011
62.7205 -4.60894e-011
62.7203 2.90008e-011
62.7201 -8.7681e-012
62.7199 5.13722e-012
62.7197 4.75495e-011
62.7195 -7.61702e-012
62.7193 -1.31557e-011
62.7191 4.30944e-012
62.7189 6.50147e-013
62.7187 -5.11591e-013
62.7185 6.46594e-012
62.7183 6.06803e-012
62.7181 1.42606e-011
62.7179 -4.20108e-011
62.7177 -6.19949e-012
62.7175 -3.30651e-011
62.7173 -1.29958e-011
62.7171 1.44844e-011
62.7169 -4.14246e-012
62.7167 1.99449e-011
62.7165 -2.06555e-011
62.7163 -1.57243e-011
62.7161 -1.62395e-011
62.7159 -1.67226e-011
62.7157 -1.42109e-013
62.7156 1.71241e-012
62.7154 -2.32028e-011
62.7152 -4.88498e-012
62.715 1.40297e-011
62.7148 -5.68079e-012
62.7146 -4.06573e-011
62.7144 2.0659e-011
62.7142 -1.57598e-011
62.714 -1.10596e-011
62.7138 5.21538e-012
62.7136 1.09885e-011
62.7134 5.47118e-012
62.7132 3.71507e-011
62.713 -4.83169e-012
62.7128 2.12346e-011
62.7126 2.22009e-011
62.7124 -3.90088e-012
62.7122 -8.87823e-012
62.712 1.62821e-011
62.7118 -1.19833e-011
62.7116 -9.86233e-012
62.7114 2.52918e-011
62.7113 1.97566e-011
62.7111 2.99494e-012
62.7109 -1.13687e-012
62.7107 -1.80833e-012
62.7105 -3.67351e-012
62.7103 -3.51754e-011
62.7101 -3.2383e-011
62.7099 2.26592e-011
62.7097 -7.27951e-012
62.7095 2.26308e-012
62.7093 -3.41984e-011
62.7091 3.83551e-011
62.7089 1.50813e-011
62.7087 2.56613e-011
62.7085 -1.8769e-011
62.7083 -3.68878e-011
62.7082 7.47136e-012
62.708 -3.32641e-011
62.7078 -2.64144e-011
62.7076 -7.9261e-012
62.7074 -2.05631e-011
62.7072 1.92024e-011
62.707 -1.1724e-013
62.7068 3.36087e-011
62.7066 -2.49223e-011
62.7064 -6.01474e-012
62.7062 -1.78595e-011
62.706 -2.04281e-012
62.7059 1.16636e-011
62.7057 1.19016e-011
62.7055 2.73879e-011
62.7053 -3.82556e-011
62.7051 -1.70708e-011
62.7049 2.00053e-011
62.7047 -1.12408e-011
62.7045 -2.82654e-011
62.7043 -5.82645e-012
62.7041 2.23821e-013
62.7039 -2.52065e-011
62.7038 1.42961e-011
62.7036 8.10374e-012
62.7034 1.47438e-012
62.7032 -8.26716e-012
62.703 -3.35412e-011
62.7028 -8.27782e-012
62.7026 3.13705e-011
62.7024 -4.59792e-011
62.7022 1.31308e-011
62.7021 -1.98064e-011
62.7019 1.91953e-011
62.7017 1.97495e-011
62.7015 7.86571e-012
62.7013 -2.01652e-011
62.7011 -7.42517e-013
62.7009 -2.75762e-011
62.7007 8.55849e-012
62.7005 -7.25819e-012
62.7004 -8.95639e-012
62.7002 -1.25162e-011
62.7 -4.2597e-012
62.6998 -1.54756e-011
62.6996 -1.03562e-011
62.6994 -1.14824e-011
62.6992 -3.51505e-011
62.699 -1.13332e-012
62.6989 -3.63016e-011
62.6987 6.75016e-013
62.6985 6.33804e-012
62.6983 9.71667e-012
62.6981 3.69091e-011
62.6979 -5.2971e-012
62.6977 8.95284e-013
62.6975 -1.93658e-011
62.6974 -3.50866e-011
62.6972 2.467e-011
62.697 2.76081e-011
62.6968 -1.193e-011
62.6966 -3.41061e-013
62.6964 -2.67164e-012
62.6962 -2.07656e-011
62.6961 -3.81206e-012
62.6959 1.10099e-011
62.6957 3.97691e-011
62.6955 9.60654e-012
62.6953 -1.15747e-011
62.6951 -4.48708e-012
62.695 -1.77138e-011
62.6948 -2.16787e-011
62.6946 -1.67226e-011
62.6944 -2.38138e-011
62.6942 -1.84066e-011
62.694 -8.70415e-012
62.6938 -3.57758e-012
62.6937 1.08393e-011
62.6935 -1.91278e-011
62.6933 7.30438e-012
62.6931 3.47704e-011
62.6929 1.21219e-011
62.6927 9.89075e-012
62.6926 -1.09246e-011
62.6924 3.02691e-012
62.6922 3.1978e-011
62.692 2.85283e-012
62.6918 2.38742e-012
62.6916 -9.44311e-012
62.6915 -3.3225e-011
62.6913 2.09646e-011
62.6911 -1.62395e-011
62.6909 -2.35332e-011
62.6907 -3.26921e-011
62.6906 -1.69962e-011
62.6904 -6.41265e-012
62.6902 4.17089e-011
62.69 1.65912e-012
62.6898 -1.49782e-011
62.6896 1.03455e-011
62.6895 -3.81348e-011
62.6893 -1.91314e-011
62.6891 -3.97833e-011
62.6889 4.72511e-013
62.6887 -1.62785e-011
62.6886 9.40403e-012
62.6884 -3.64864e-012
62.6882 -2.305e-011
62.688 3.95062e-012
62.6878 -1.03988e-011
62.6877 -2.68265e-011
62.6875 -2.99245e-011
62.6873 3.80496e-012
62.6871 3.19531e-011
62.6869 -1.74438e-011
62.6868 -3.45608e-011
62.6866 2.21689e-012
62.6864 -8.28493e-012
62.6862 -7.28662e-012
62.686 2.16076e-011
62.6859 -1.4996e-011
62.6857 3.18074e-011
62.6855 -2.83968e-011
62.6853 1.40332e-011
62.6851 -2.98392e-011
62.685 -8.52651e-014
62.6848 -1.15534e-011
62.6846 -4.82459e-012
62.6844 -8.99902e-012
62.6842 7.25109e-012
62.6841 1.49072e-011
62.6839 1.34861e-011
62.6837 -1.49143e-011
62.6835 2.91323e-011
62.6834 -2.51923e-011
62.6832 -2.53202e-011
62.683 -3.61382e-011
62.6828 -3.22586e-012
62.6826 -2.359e-011
62.6825 -1.37561e-011
62.6823 -1.12195e-011
62.6821 5.00933e-013
62.6819 3.81561e-012
62.6818 1.52731e-011
62.6816 1.98916e-011
62.6814 1.00933e-011
62.6812 2.10143e-011
62.6811 3.70903e-012
62.6809 -3.52074e-012
62.6807 8.56559e-012
62.6805 -3.38112e-011
62.6804 -1.9277e-011
62.6802 -1.96962e-011
62.68 -2.05489e-011
62.6798 -2.83507e-012
62.6797 3.77298e-012
62.6795 -2.47269e-011
62.6793 1.09424e-012
62.6791 3.7307e-011
62.679 5.91527e-012
62.6788 -7.40741e-012
62.6786 1.54934e-011
62.6784 -8.43414e-012
62.6783 -9.48219e-012
62.6781 -6.27054e-012
62.6779 -1.03775e-011
62.6777 -1.23066e-011
62.6776 -2.97824e-011
62.6774 3.39568e-011
62.6772 -5.50671e-013
62.677 2.44107e-011
62.6769 1.24842e-011
62.6767 4.52616e-012
62.6765 1.89715e-011
62.6763 -1.40439e-011
62.6762 -1.55183e-011
62.676 3.60494e-011
62.6758 -1.79305e-011
62.6757 -3.3225e-011
62.6755 7.14806e-012
62.6753 -1.57279e-011
62.6751 1.74794e-012
62.675 3.02869e-011
62.6748 4.45866e-012
62.6746 1.98987e-011
62.6744 -4.9134e-012
62.6743 -2.20304e-011
62.6741 -1.6982e-011
62.6739 -1.06084e-011
62.6738 -1.45164e-011
62.6736 -2.15294e-011
62.6734 -2.70362e-012
62.6732 -6.71463e-013
62.6731 2.3082e-011
62.6729 -6.52278e-012
62.6727 1.3646e-011
62.6726 1.64349e-011
62.6724 -1.15037e-011
62.6722 7.83729e-012
62.6721 -1.62892e-011
62.6719 3.13705e-012
62.6717 1.0612e-011
62.6715 -2.87521e-011
62.6714 8.02913e-013
62.6712 -3.71614e-012
62.671 -4.61853e-013
62.6709 -3.60956e-011
62.6707 1.44311e-011
62.6705 -3.55271e-013
62.6704 -1.05018e-011
62.6702 -1.4257e-011
62.67 -1.2033e-011
62.6698 1.75007e-011
62.6697 -9.86589e-012
62.6695 1.86091e-011
62.6693 3.57758e-012
62.6692 2.79989e-011
62.669 1.65912e-011
62.6688 2.5878e-011
62.6687 -6.7331e-011
62.6685 -2.85603e-011
62.6684 1.5838e-011
62.6682 -7.24043e-012
62.668 -2.63611e-012
62.6679 -2.44285e-011
62.6677 -3.17115e-011
62.6676 -4.9809e-012
62.6674 -1.11982e-011
62.6672 -2.73843e-011
62.6671 9.23706e-013
62.6669 1.5774e-012
62.6668 2.25953e-012
62.6666 2.73914e-011
62.6665 -1.34932e-011
62.6663 -1.32729e-011
62.6662 2.99565e-011
62.666 1.25766e-012
62.6658 3.49232e-011
62.6657 -4.53326e-012
62.6655 4.91696e-011
62.6654 2.51887e-011
62.6652 1.15961e-011
62.6651 4.2462e-011
62.6649 3.3431e-011
62.6647 -1.80549e-011
62.6646 1.30314e-011
62.6644 -1.54543e-011
62.6643 -8.56204e-012
62.6641 1.22e-011
62.664 -5.37881e-012
62.6638 -2.84928e-011
62.6637 1.53477e-011
62.6635 -1.42251e-011
62.6633 -1.56462e-011
62.6632 -1.11342e-011
62.663 1.1255e-011
62.6629 5.94014e-012
62.6627 -6.19124e-010
62.6626 3.5584e-011
62.6625 -1.32019e-011
62.6623 3.02123e-011
62.6622 -1.51914e-011
62.6621 -2.17568e-011
62.6619 -1.19869e-011
62.6618 5.06262e-011
62.6617 -1.88436e-011
62.6615 8.5123e-012
62.6614 -1.39906e-011
62.6613 -1.5433e-011
62.6611 1.08074e-011
62.661 -1.68896e-011
62.6609 1.04521e-011
62.6607 -2.88409e-011
62.6606 1.3749e-011
62.6605 1.97389e-011
62.6603 2.29505e-012
62.6602 1.72804e-011
62.6601 -2.54445e-011
62.6599 2.0755e-011
62.6598 -1.60583e-011
62.6597 -1.82112e-011
62.6595 -1.28608e-012
62.6594 -1.20721e-011
62.6593 4.34142e-012
62.6591 3.84333e-011
62.659 -1.46443e-011
62.6589 -3.75167e-012
62.6587 -3.47953e-011
62.6586 1.01039e-011
62.6585 1.59162e-012
62.6583 -1.69109e-012
62.6582 2.11102e-011
62.6581 1.36779e-011
62.6579 -3.17684e-011
62.6578 1.32658e-011
62.6577 -3.26139e-012
62.6576 -1.72804e-011
62.6575 -3.54916e-011
62.6573 -2.13163e-011
62.6572 -1.13047e-011
62.6571 3.14131e-011
62.657 1.47651e-011
62.6568 2.71427e-012
62.6567 -2.4869e-012
62.6566 -2.59632e-011
62.6565 -2.70717e-012
62.6564 1.48006e-011
62.6562 -2.33769e-012
62.6561 1.92912e-011
62.656 -1.21929e-011
62.6559 1.22711e-011
62.6558 -7.97087e-011
62.6557 -1.14682e-011
62.6556 -1.39977e-011
62.6555 5.99698e-012
62.6554 1.21787e-011
62.6553 -1.78346e-012
62.6552 -3.50084e-011
62.6551 4.01954e-011
62.655 -1.89004e-012
62.6549 5.20117e-012
62.6548 2.07834e-011
62.6547 -5.4925e-012
62.6546 -4.69242e-011
62.6545 -2.90044e-011
62.6544 -1.53975e-011
62.6543 -9.37916e-013
62.6542 2.413e-011
62.6541 3.23013e-011
62.654 3.21734e-011
62.6539 -1.15818e-012
62.6538 -2.28226e-011
62.6537 5.8904e-012
62.6536 1.84741e-012
62.6535 -5.83071e-011
62.6535 2.62901e-012
62.6534 -2.89191e-011
62.6533 1.87583e-011
62.6532 -1.13047e-010
62.6531 -1.57669e-011
62.653 3.74953e-011
62.6529 -5.83356e-012
62.6529 -4.78906e-012
62.6528 2.56648e-011
62.6527 -2.15437e-011
62.6526 3.08873e-011
62.6526 9.86944e-012
62.6525 1.35714e-012
62.6524 -4.90274e-012
62.6523 3.97051e-011
62.6523 -4.33431e-013
62.6522 -2.40163e-012
62.6521 2.19842e-011
62.652 3.48876e-012
62.652 -3.38218e-012
62.6519 3.34666e-012
62.6518 -2.17355e-011
62.6517 1.4893e-011
62.6517 -1.33511e-011
62.6516 -1.56106e-011
62.6515 1.25056e-012
62.6514 -2.05205e-011
62.6514 9.59233e-012
62.6513 -1.71241e-011
62.6513 -3.12284e-011
62.6512 -8.54783e-012
62.6511 8.19256e-012
62.6511 1.74794e-012
62.651 5.94014e-012
62.651 6.04672e-012
62.6509 2.61622e-011
62.6509 2.45848e-012
62.6508 -1.09139e-011
62.6508 -5.21823e-011
62.6507 -3.07594e-011
62.6506 -4.25331e-011
62.6506 3.64437e-011
62.6505 -4.73008e-011
62.6505 1.64633e-011
62.6504 -2.38671e-011
62.6504 -9.15179e-012
62.6503 -3.90799e-013
62.6503 4.72511e-012
62.6502 -2.72564e-011
62.6502 -5.13722e-011
62.6501 -1.23208e-011
62.6501 -2.58069e-011
62.65 -2.21902e-011
62.65 2.86349e-012
62.6499 -8.78941e-012
62.6498 -6.72884e-012
62.6498 2.51532e-012
62.6497 5.80513e-012
62.6497 -1.81331e-011
62.6496 -3.12923e-011
62.6496 -1.35714e-011
62.6495 -2.60769e-011
62.6495 1.52482e-011
62.6494 -2.21206e-010
62.6494 -8.44125e-012
62.6494 2.6219e-012
62.6493 1.97105e-011
62.6493 -2.28511e-011
62.6492 -2.62901e-011
62.6492 -1.22228e-010
62.6492 1.61151e-011
62.6492 3.2216e-011
62.6491 -3.98401e-011
62.6491 1.06724e-011
62.6491 5.44986e-012
62.6491 -1.07647e-011
62.6491 1.10205e-011
62.649 -3.91793e-011
62.649 1.28679e-011
62.649 6.45173e-012
62.649 8.74678e-012
62.649 1.15392e-011
62.6489 1.68257e-011
62.6489 -3.82272e-012
62.6489 4.68887e-011
62.6489 2.53095e-011
62.6489 -6.03961e-013
62.6488 -2.22187e-011
62.6488 -1.4424e-012
62.6488 1.51203e-011
62.6488 -5.59908e-012
62.6488 -3.1072e-011
62.6488 -4.21778e-011
62.6487 -8.60467e-012
62.6487 -1.39977e-011
62.6487 -4.93685e-011
62.6487 2.91323e-013
62.6487 -4.02665e-011
62.6486 -3.29834e-011
62.6486 -9.96181e-012
62.6486 -8.81073e-013
62.6486 2.58993e-011
62.6486 -1.20508e-011
62.6486 3.87459e-011
62.6485 3.10223e-011
62.6485 -2.61267e-011
62.6485 -7.62412e-012
62.6485 6.16041e-012
62.6485 -1.16032e-011
62.6485 -1.91704e-011
62.6484 -3.19034e-012
62.6484 1.30882e-011
62.6484 3.29479e-011
62.6484 -1.05373e-011
62.6484 -1.69393e-011
62.6484 -9.01679e-012
62.6483 2.77112e-012
62.6483 -2.87912e-011
62.6483 4.16378e-012
62.6483 2.13873e-011
62.6483 1.44738e-011
62.6483 -9.17311e-012
62.6483 -5.03633e-011
62.6482 -2.66596e-011
62.6482 -2.03286e-011
62.6482 -4.17728e-011
62.6482 -2.28155e-011
62.6482 4.34142e-011
62.6482 3.04539e-011
62.6482 -1.37277e-011
62.6481 -5.50742e-011
62.6481 -4.12825e-011
62.6481 -1.05025e-010
62.6481 -4.01101e-011
62.6481 6.89226e-013
62.6481 7.75913e-012
62.6482 4.96598e-011
62.6482 1.6577e-011
62.6482 -1.0921e-011
62.6482 -2.88338e-011
62.6482 -7.09122e-012
62.6482 1.79554e-011
62.6482 2.07621e-011
62.6482 5.42144e-012
62.6482 2.60627e-011
62.6482 9.45732e-012
62.6482 2.99849e-012
62.6482 -1.40616e-011
62.6482 1.87583e-012
62.6482 -9.52838e-012
62.6482 -1.16458e-011
62.6482 -2.36611e-012
62.6482 9.70601e-012
62.6483 1.35643e-011
62.6483 1.93268e-012
62.6483 4.88356e-011
62.6483 4.67537e-012
62.6483 -3.54277e-011
62.6483 -1.03526e-011
62.6483 -3.64651e-011
62.6483 2.0016e-011
62.6483 1.93623e-011
62.6483 -1.78275e-011
62.6483 -2.44995e-011
62.6483 -9.59233e-013
62.6483 -3.05178e-011
62.6484 -2.23821e-012
62.6484 -1.89573e-011
62.6484 -5.54934e-012
62.6484 1.26477e-011
62.6484 -2.07976e-011
62.6484 1.08855e-011
62.6484 -1.30811e-011
62.6484 -1.85025e-011
62.6484 2.17355e-011
62.6484 -9.10632e-011
62.6485 -1.50848e-011
62.6485 1.20011e-011
62.6485 1.94262e-011
62.6485 -2.56861e-011
62.6485 2.50679e-011
62.6486 1.41043e-011
62.6486 7.95808e-013
62.6486 -4.08775e-011
62.6486 7.52465e-012
62.6486 -1.56248e-011
62.6487 -2.93525e-011
62.6487 2.31992e-011
62.6487 6.53699e-012
62.6487 1.98952e-013
62.6487 3.8213e-011
62.6487 -1.95399e-012
62.6488 1.42464e-011
62.6488 -7.66676e-012
62.6488 5.95435e-012
62.6488 3.01341e-011
62.6488 -1.71738e-011
62.6489 -3.30402e-012
62.6489 -4.8928e-011
62.6489 -1.03171e-011
62.6489 -9.08074e-012
62.649 -3.02904e-011
62.649 -1.82894e-011
62.649 -5.03775e-012
62.649 2.74554e-011
62.649 1.12976e-012
62.6491 -5.71987e-012
62.6491 2.47056e-011
62.6491 -1.9881e-011
62.6491 -1.98241e-011
62.6491 -2.81872e-011
62.6492 1.06013e-011
62.6492 -9.10205e-012
62.6492 6.19735e-011
62.6492 -4.15454e-011
62.6493 1.79057e-011
62.6493 1.36851e-011
62.6493 9.37916e-013
62.6493 3.6593e-012
62.6493 1.33582e-011
62.6494 -4.09983e-012
62.6494 1.25624e-011
62.6494 -1.01963e-011
62.6494 2.43858e-011
62.6495 -1.57812e-011
62.6495 -2.67164e-012
62.6495 -4.9738e-014
62.6495 -1.34506e-011
62.6496 2.67377e-011
62.6496 2.14655e-011
62.6496 3.76801e-011
62.6496 -1.26263e-011
62.6497 2.5203e-011
62.6497 -2.31068e-011
62.6497 2.39382e-011
62.6497 -4.44373e-011
62.6498 -2.65317e-011
62.6498 4.91838e-011
62.6498 2.46914e-011
62.6498 -1.52696e-011
62.6499 -7.3328e-012
62.6499 3.28271e-012
62.6499 2.11315e-011
62.6499 -8.3844e-013
62.65 3.9222e-012
62.65 -3.64437e-011
62.65 1.49711e-011
62.65 1.65556e-011
62.6501 -2.69509e-011
62.6501 -2.22755e-011
62.6501 -1.98241e-011
62.6501 -8.7752e-012
62.6502 -2.77254e-011
62.6502 -2.69154e-011
62.6502 -1.9206e-011
62.6502 -1.9277e-011
62.6503 3.01483e-011
62.6503 2.4329e-011
62.6503 9.66338e-012
62.6504 -4.15739e-011
62.6504 -1.76144e-011
62.6504 -1.84954e-011
62.6504 1.27969e-011
62.6505 9.14469e-012
62.6505 2.49614e-011
62.6505 2.45848e-011
62.6505 -2.15366e-011
62.6506 9.17311e-012
62.6506 -1.61364e-011
62.6506 3.38289e-011
62.6507 2.64251e-011
62.6507 3.07026e-011
62.6507 1.25766e-011
62.6507 1.17453e-011
62.6508 1.93197e-011
62.6508 -1.56177e-011
62.6508 -2.50324e-011
62.6509 -1.08784e-011
62.6509 1.01466e-011
62.6509 1.81188e-012
62.651 -2.33129e-011
62.651 -2.02505e-011
62.651 1.43174e-011
62.651 1.89218e-011
62.6511 1.36779e-011
62.6511 -2.68372e-011
62.6511 8.9031e-012
62.6512 -2.6219e-012
62.6512 -7.73781e-012
62.6512 2.72848e-012
62.6513 1.01394e-011
62.6513 -3.61666e-012
62.6513 -1.18447e-011
62.6513 -1.35572e-011
62.6514 -9.36495e-012
62.6514 9.72022e-012
62.6514 3.62377e-012
62.6515 -1.47011e-011
62.6515 -1.68399e-011
62.6515 2.0556e-011
62.6516 7.05569e-012
62.6516 1.92983e-011
62.6516 -5.8975e-013
62.6517 9.05942e-012
62.6517 1.01394e-011
62.6517 -3.53069e-011
62.6518 -3.87459e-011
62.6518 -5.4925e-012
62.6518 -3.57474e-011
62.6519 -3.58469e-011
62.6519 2.11955e-011
62.6519 1.26548e-011
62.652 2.47269e-011
62.652 2.90825e-011
62.652 2.08473e-011
62.6521 4.98801e-012
62.6521 -1.30171e-011
62.6521 -7.17648e-012
62.6522 2.63327e-011
62.6522 4.86011e-012
62.6522 -7.97939e-012
62.6523 -1.41824e-011
62.6523 5.96856e-013
62.6523 1.23777e-011
62.6524 1.81615e-011
62.6524 6.942e-012
62.6524 -1.79483e-011
62.6525 4.22133e-011
62.6525 -1.73159e-011
62.6525 6.78568e-012
62.6526 -4.69669e-012
62.6526 2.89262e-011
62.6526 1.77849e-011
62.6527 -2.23821e-011
62.6527 2.20552e-011
62.6528 8.05045e-012
62.6528 1.45093e-011
62.6528 -1.03029e-011
62.6529 -6.48015e-012
62.6529 -3.41203e-011
62.6529 9.19442e-012
62.653 2.68869e-011
62.653 -3.91083e-011
62.653 -1.99165e-011
62.6531 -1.59517e-011
62.6531 -3.57616e-011
62.6532 3.70264e-011
62.6532 1.05302e-011
62.6532 2.59064e-011
62.6533 -1.33014e-011
62.6533 -1.48503e-011
62.6533 1.74012e-011
62.6534 1.52198e-011
62.6534 -5.11591e-013
62.6535 -2.45848e-011
62.6535 -2.89688e-011
62.6535 -1.36566e-011
62.6536 -1.21432e-011
62.6536 -5.62252e-011
62.6536 -1.7387e-011
62.6537 1.07008e-011
62.6537 3.12497e-011
62.6538 -1.74722e-011
62.6538 -6.18172e-013
62.6538 -1.60369e-011
62.6539 1.32729e-011
62.6539 -7.43228e-012
62.654 -5.74829e-012
62.654 -3.0056e-012
62.654 1.66978e-012
62.6541 -9.08074e-012
62.6541 -2.36327e-011
62.6542 -1.98241e-012
62.6542 -1.84031e-012
62.6542 -2.98428e-012
62.6543 -3.21307e-011
62.6543 -3.74598e-011
62.6544 -5.69855e-012
62.6544 1.26974e-011
62.6544 -9.52127e-013
62.6545 1.63425e-012
62.6545 -2.0151e-011
62.6546 9.52127e-012
62.6546 1.42037e-011
62.6546 1.51985e-011
62.6547 -4.20641e-012
62.6547 1.57314e-011
62.6548 -3.13349e-012
62.6548 2.48406e-011
62.6549 -3.06954e-012
62.6549 2.56151e-011
62.6549 -1.56106e-011
62.655 -4.34426e-011
62.655 1.58451e-012
62.6551 2.062e-011
62.6551 1.50635e-012
62.6551 1.60796e-011
62.6552 -1.031e-011
62.6552 1.12053e-011
62.6553 -1.10774e-011
62.6553 -1.56604e-011
62.6554 3.11928e-011
62.6554 -6.53699e-012
62.6554 -1.81899e-011
62.6555 -1.24629e-011
62.6555 -1.25695e-011
62.6556 8.64731e-012
62.6556 6.35012e-011
62.6557 -4.00036e-011
62.6557 -8.56204e-012
62.6558 -2.30642e-011
62.6558 1.32587e-011
62.6558 -1.95115e-011
62.6559 -1.66196e-011
62.6559 3.80211e-011
62.656 -1.31024e-011
62.656 6.11067e-013
62.6561 2.46558e-011
62.6561 1.1724e-011
62.6562 4.17799e-012
62.6562 2.03499e-011
62.6562 -2.70006e-013
62.6563 -3.44897e-011
62.6563 -8.41283e-012
62.6564 -2.76685e-011
62.6564 1.61506e-011
62.6565 1.71951e-011
62.6565 -1.43032e-011
62.6566 1.40119e-011
62.6566 -1.38343e-011
62.6567 -7.82308e-012
62.6567 1.7593e-011
62.6568 -5.28644e-012
62.6568 -4.61853e-013
62.6568 1.06581e-012
62.6569 2.28866e-011
62.6569 -1.66693e-011
62.657 -5.0477e-011
62.657 1.94618e-011
62.6571 4.80327e-012
62.6571 -1.00329e-011
62.6572 -1.55467e-011
62.6572 -1.98241e-012
62.6573 2.31637e-011
62.6573 -5.07328e-012
62.6574 -1.94902e-011
62.6574 3.62235e-011
62.6575 6.99885e-012
62.6575 2.39098e-011
62.6576 -4.3336e-011
62.6576 1.11768e-011
62.6577 1.62999e-011
62.6577 -1.48574e-011
62.6578 1.72378e-011
62.6578 -1.14824e-011
62.6579 -2.61764e-011
62.6579 -2.53451e-011
62.658 3.34666e-012
62.658 3.73745e-011
62.6581 1.48646e-011
62.6581 -1.25766e-011
62.6582 -4.19575e-011
62.6582 6.78568e-012
62.6583 -1.53477e-011
62.6583 1.74083e-012
62.6584 4.63984e-012
62.6584 1.30669e-011
62.6585 2.71427e-012
62.6585 -1.27898e-012
62.6586 7.14095e-012
62.6586 2.42437e-011
62.6587 2.52101e-011
62.6587 -2.83507e-011
62.6588 -5.52589e-011
62.6588 3.29266e-011
62.6589 2.59561e-011
62.6589 -2.0151e-011
62.659 1.60654e-011
62.659 -8.96705e-012
62.6591 3.54063e-011
62.6591 4.26326e-012
62.6592 -1.28324e-011
62.6592 1.13403e-011
62.6593 1.15392e-011
62.6593 -2.28937e-011
62.6594 6.96332e-012
62.6594 -5.3646e-012
62.6595 3.35518e-011
62.6595 4.27747e-012
62.6596 -1.42393e-011
62.6596 -1.05302e-011
62.6597 -1.70743e-011
62.6597 2.52101e-011
62.6598 -4.09131e-011
62.6599 -1.23634e-011
62.6599 -2.50964e-011
62.66 2.70788e-011
62.66 1.78346e-011
62.6601 -1.73799e-011
62.6601 3.04681e-011
62.6602 2.63611e-012
62.6602 3.74385e-011
62.6603 1.08997e-011
62.6603 3.13989e-011
62.6604 -2.06626e-011
62.6605 -9.1589e-012
62.6605 -1.13545e-011
62.6606 -2.76188e-011
62.6606 -3.55485e-011
62.6607 -2.57359e-011
62.6607 -1.80975e-011
62.6608 8.17124e-012
62.6608 -2.0961e-012
62.6609 7.67386e-013
62.6609 3.18323e-012
62.661 1.95399e-011
62.6611 5.47828e-012
62.6611 4.57874e-011
62.6612 -4.76064e-012
62.6612 4.98801e-012
62.6613 3.75877e-012
62.6613 -2.94875e-011
62.6614 6.92069e-012
62.6615 -4.31584e-011
62.6615 -5.1088e-012
62.6616 -3.81775e-011
62.6616 2.95728e-011
62.6617 -8.27072e-012
62.6617 3.16902e-012
62.6618 2.56577e-011
62.6619 -3.59179e-011
62.6619 3.73248e-011
62.662 -4.61782e-011
62.662 2.96936e-011
62.6621 -3.28129e-011
62.6621 2.47553e-011
62.6622 -2.9182e-011
62.6623 -5.42784e-011
62.6623 -2.20908e-011
62.6624 1.89715e-012
62.6624 -6.35225e-012
62.6625 -1.25411e-011
62.6626 2.1771e-011
62.6626 2.73559e-012
62.6627 1.29319e-012
62.6627 -5.45697e-012
62.6628 -1.78417e-011
62.6628 1.39835e-011
62.6629 1.25766e-012
62.663 1.20863e-011
62.663 -8.70415e-012
62.6631 -1.21219e-011
62.6631 1.83391e-011
62.6632 1.67475e-011
62.6633 4.49774e-012
62.6633 -3.95914e-011
62.6634 4.24194e-012
62.6634 -2.5139e-011
62.6635 3.09157e-011
62.6636 -1.6918e-011
62.6636 -9.1589e-012
62.6637 8.2423e-013
62.6638 1.1795e-012
62.6638 4.13536e-011
62.6639 1.40048e-011
62.6639 7.38254e-012
62.664 4.59721e-012
62.6641 2.55085e-012
62.6641 1.77707e-011
62.6642 1.34861e-011
62.6642 -1.58096e-011
62.6643 4.62208e-011
62.6644 1.40687e-012
62.6644 1.06084e-011
62.6645 -3.56692e-012
62.6646 2.46061e-011
62.6646 -3.83338e-011
62.6647 2.88267e-011
62.6647 -2.0961e-012
62.6648 -3.35447e-011
62.6649 -3.36087e-011
62.6649 -4.49774e-012
62.665 -4.83169e-012
62.6651 2.04139e-011
62.6651 -1.06652e-011
62.6652 2.60414e-011
62.6652 3.8888e-011
62.6653 -1.3074e-012
62.6654 9.98313e-012
62.6654 1.53406e-011
62.6655 -1.76001e-011
62.6656 -8.68994e-012
62.6656 9.01679e-012
62.6657 5.01856e-011
62.6658 -9.91207e-012
62.6658 -2.23679e-011
62.6659 -2.54161e-011
62.666 -1.95328e-011
62.666 2.15294e-011
62.6661 -1.09779e-011
62.6662 2.65388e-011
62.6662 -1.07931e-011
62.6663 1.41327e-011
62.6663 2.49898e-011
62.6664 -3.13491e-011
62.6665 3.06741e-011
62.6665 -2.96296e-012
62.6666 1.53122e-011
62.6667 -1.92628e-011
62.6667 8.41283e-012
62.6668 1.91136e-011
62.6669 -3.22302e-011
62.6669 1.1859e-011
62.667 -2.224e-011
62.6671 -5.22107e-011
62.6671 1.99805e-011
62.6672 -1.09353e-011
62.6673 -2.20908e-011
62.6673 8.44125e-012
62.6674 -4.77272e-011
62.6675 2.71427e-011
62.6675 9.73444e-013
62.6676 6.59384e-012
62.6677 3.50298e-012
62.6678 2.64038e-011
62.6678 3.88738e-011
62.6679 5.26512e-012
62.668 -2.94165e-012
62.668 -2.10676e-011
62.6681 -1.3415e-011
62.6682 -1.25411e-011
62.6682 2.06697e-011
62.6683 2.17995e-011
62.6684 -3.28271e-012
62.6684 -1.28182e-011
62.6685 2.07834e-011
62.6686 -1.49853e-011
62.6686 -2.03855e-011
62.6687 1.4829e-011
62.6688 1.86873e-012
62.6689 -1.97957e-011
62.6689 -6.77147e-012
62.669 -1.09566e-011
62.6691 -2.29363e-011
62.6691 3.63798e-012
62.6692 -1.70886e-011
62.6693 -3.80638e-011
62.6693 -1.05516e-011
62.6694 8.2494e-012
62.6695 1.30953e-011
62.6696 -2.20624e-011
62.6696 -8.08598e-012
62.6697 2.71427e-012
62.6698 -2.14584e-012
62.6698 3.4909e-011
62.6699 2.66951e-011
62.67 3.55271e-014
62.6701 9.85523e-012
62.6701 6.60094e-012
62.6702 -5.79092e-012
62.6703 -2.15223e-011
62.6703 -2.21689e-012
62.6704 -2.83435e-011
62.6705 3.02975e-011
62.6706 -1.77636e-012
62.6706 -3.03118e-011
62.6707 -2.26166e-011
62.6708 7.74492e-012
62.6708 4.51195e-012
62.6709 1.79767e-011
62.671 1.96039e-011
62.6711 -2.56151e-011
62.6711 5.00862e-011
62.6712 1.29106e-011
62.6713 -4.31299e-012
62.6714 2.38032e-012
62.6714 -2.43006e-012
62.6715 1.79412e-011
62.6716 -2.46771e-011
62.6717 -3.11857e-011
62.6717 3.46176e-011
62.6718 -1.82467e-011
62.6719 1.65841e-011
62.672 1.35074e-011
62.672 1.54259e-011
62.6721 -4.91696e-012
62.6722 2.7832e-011
62.6723 -3.11218e-012
62.6723 7.8515e-012
62.6724 8.15703e-012
62.6725 6.10356e-012
62.6726 -1.05587e-011
62.6726 -1.59872e-012
62.6727 1.4424e-011
62.6728 -4.80327e-012
62.6729 -2.16076e-011
62.6729 -4.50484e-011
62.673 2.6219e-012
62.6731 -4.86864e-011
62.6732 6.33804e-012
62.6732 -3.77156e-011
62.6733 6.72173e-012
62.6734 -1.02673e-011
62.6735 3.12639e-012
62.6735 -3.86535e-012
62.6736 4.583e-012
62.6737 9.83391e-012
62.6738 3.41771e-012
62.6739 1.76428e-011
62.6739 1.18661e-012
62.674 -9.47864e-012
62.6741 7.81597e-012
62.6742 -1.98881e-011
62.6742 -2.0087e-011
62.6743 -6.11777e-012
62.6744 -1.30811e-011
62.6745 -3.05533e-012
62.6746 4.94538e-012
62.6746 2.47269e-012
62.6747 5.83356e-012
62.6748 1.55822e-011
62.6749 -2.32703e-011
62.6749 1.56675e-011
62.675 -2.80096e-011
62.6751 -2.09539e-011
62.6752 -1.9746e-011
62.6753 1.16174e-011
62.6753 9.20863e-012
62.6754 -1.4559e-011
62.6755 8.70415e-012
62.6756 -1.09139e-011
62.6757 3.29834e-011
62.6757 -8.13571e-012
62.6758 -6.13198e-012
62.6759 -3.75664e-011
62.676 -2.9182e-011
62.6761 3.35092e-011
62.6761 -7.7307e-012
62.6762 -4.31299e-012
62.6763 -4.19504e-011
62.6764 3.32321e-011
62.6765 -1.64135e-012
62.6765 1.20792e-012
62.6766 2.98286e-011
62.6767 -3.228e-011
62.6768 -3.53069e-011
62.6769 1.06084e-011
62.677 1.91278e-011
62.677 -1.35572e-011
62.6771 -6.03251e-012
62.6772 -2.01794e-012
62.6773 -9.05231e-012
62.6774 -5.35749e-012
62.6774 -1.95399e-012
62.6775 -3.86535e-012
62.6776 -2.03428e-011
62.6777 8.55493e-012
62.6778 9.31522e-012
62.6779 -2.27587e-011
62.6779 6.95621e-012
62.678 -4.1922e-012
62.6781 8.87468e-012
62.6782 4.31299e-012
62.6783 -1.74012e-011
62.6784 -1.95683e-011
62.6784 2.20624e-011
62.6785 1.68683e-011
62.6786 2.43006e-011
62.6787 1.92415e-011
62.6788 -2.08189e-012
62.6789 -3.28839e-011
62.6789 3.35092e-011
62.679 -4.19931e-012
62.6791 3.05604e-011
62.6792 -2.82299e-011
62.6793 -3.9563e-011
62.6794 7.5957e-012
62.6795 -1.25127e-011
62.6795 5.28644e-012
62.6796 4.88143e-012
62.6797 -3.36442e-011
62.6798 -3.76801e-011
62.6799 9.9547e-012
62.68 1.43174e-011
62.6801 2.7562e-011
62.6801 -2.26663e-012
62.6802 6.86882e-011
62.6803 -1.52482e-011
62.6804 3.78648e-011
62.6805 3.86109e-011
62.6806 -2.69793e-011
62.6807 -9.35074e-012
62.6807 -1.67191e-011
62.6808 -7.4607e-012
62.6809 1.15605e-011
62.681 -5.13722e-012
62.6811 -3.46745e-012
62.6812 4.29168e-012
62.6813 5.47828e-012
62.6814 3.06315e-011
62.6814 7.10543e-015
62.6815 3.3161e-011
62.6816 6.18172e-013
62.6817 -4.30873e-011
62.6818 -1.05942e-011
62.6819 1.82609e-012
62.682 -1.355e-011
62.6821 -2.99849e-011
62.6821 1.56675e-011
62.6822 -8.00071e-012
62.6823 -3.86962e-011
62.6824 -1.16955e-011
62.6825 6.45883e-012
62.6826 -1.77494e-011
62.6827 -2.10036e-011
62.6828 7.47491e-012
62.6829 -3.55129e-011
62.6829 1.56817e-011
62.683 1.02816e-011
62.6831 4.37694e-012
62.6832 1.28111e-011
62.6833 6.18172e-012
62.6834 -1.13189e-011
62.6835 5.61329e-013
62.6836 -4.47642e-011
62.6837 -1.19798e-011
62.6838 -1.84244e-011
62.6838 7.41096e-012
62.6839 -2.39169e-011
62.684 -3.19744e-012
62.6841 -7.65255e-012
62.6842 1.6982e-012
62.6843 -3.31255e-011
62.6844 7.80176e-012
62.6845 9.52838e-012
62.6846 -2.1295e-011
62.6847 3.79075e-011
62.6848 -2.71356e-011
62.6848 -3.6593e-011
62.6849 -6.49436e-012
62.685 1.56675e-011
62.6851 2.39169e-011
62.6852 -5.25802e-013
62.6853 2.70646e-011
62.6854 1.35003e-012
62.6855 -2.11244e-011
62.6856 -2.42721e-011
62.6857 -1.38058e-011
62.6858 -2.58567e-011
62.6859 2.42579e-011
62.686 3.13491e-011
62.686 -7.60281e-012
62.6861 -4.90274e-012
62.6862 -2.44569e-011
62.6863 2.14015e-011
62.6864 3.16192e-012
62.6865 -1.98526e-011
62.6866 1.36353e-011
62.6867 -2.45421e-011
62.6868 -3.31113e-012
62.6869 7.67386e-012
62.687 6.84963e-012
62.6871 2.72138e-012
62.6872 -7.53886e-012
62.6873 1.32303e-011
62.6874 1.77636e-013
62.6875 -4.87432e-012
62.6876 -1.60583e-012
62.6877 1.20295e-011
62.6877 1.73799e-011
62.6878 -1.99591e-011
62.6879 1.48432e-011
62.688 -3.48876e-012
62.6881 -9.53548e-012
62.6882 1.3948e-011
62.6883 -5.4392e-011
62.6884 -8.52651e-012
62.6885 -6.32383e-013
62.6886 -1.37845e-011
62.6887 -1.12195e-011
62.6888 -2.43716e-012
62.6889 -1.6442e-011
62.689 3.35731e-011
62.6891 -3.56053e-011
62.6892 2.72493e-011
62.6893 -6.89226e-013
62.6894 8.62599e-012
62.6895 -6.03961e-013
62.6896 -8.36309e-012
62.6897 9.72733e-012
62.6898 3.72182e-011
62.6899 4.61853e-013
62.69 -5.31699e-011
62.6901 -2.73843e-011
62.6902 -1.7053e-012
62.6903 -1.7728e-011
62.6904 5.12514e-011
62.6905 2.4599e-011
62.6906 6.13909e-012
62.6907 -5.20615e-011
62.6908 -2.64819e-011
62.6909 -7.43228e-012
62.691 2.6013e-011
62.6911 -2.65743e-012
62.6911 -1.95044e-011
62.6912 -2.96652e-011
62.6913 -6.87592e-011
62.6914 2.39382e-011
62.6915 2.37179e-011
62.6916 3.17826e-011
62.6917 -3.04325e-011
62.6918 5.74047e-011
62.6919 1.66338e-011
62.692 -4.32081e-011
62.6921 -1.65556e-011
62.6922 -2.28084e-012
62.6923 -2.37605e-011
62.6924 1.76072e-011
62.6925 3.66498e-011
62.6926 3.90799e-011
62.6928 3.1207e-011
62.6929 -1.36495e-011
62.693 -1.17879e-011
62.6931 7.69518e-012
62.6932 -7.80176e-012
62.6933 -4.66756e-011
62.6934 3.40705e-011
62.6935 1.44027e-011
62.6936 -1.99663e-011
62.6937 5.48539e-012
62.6938 1.07221e-011
62.6939 5.6275e-012
62.694 -1.42464e-011
62.6941 -4.52545e-011
62.6942 5.58487e-012
62.6943 1.51275e-011
62.6944 1.50138e-011
62.6945 1.59659e-011
62.6946 6.20304e-012
62.6947 -2.08047e-011
62.6948 1.76783e-011
62.6949 1.72733e-011
62.695 -6.6791e-012
62.6951 1.3344e-011
62.6952 2.67306e-011
62.6953 -3.36797e-012
62.6954 1.29958e-011
62.6955 -2.83293e-011
62.6956 5.44986e-012
62.6957 1.18661e-012
62.6958 -1.10987e-011
62.6959 3.1406e-012
62.696 3.59535e-012
62.6961 -1.18163e-011
62.6962 2.1501e-011
62.6964 8.37019e-012
62.6965 -2.72493e-011
62.6966 2.42082e-011
62.6967 -6.85674e-012
62.6968 1.37632e-011
62.6969 1.82396e-011
62.697 -1.29248e-011
62.6971 -1.57598e-011
62.6972 -1.66267e-011
62.6973 -1.43672e-011
62.6974 -1.42109e-014
62.6975 3.49303e-011
62.6976 -4.24407e-011
62.6977 1.56959e-011
62.6978 2.24105e-011
62.6979 -2.59774e-011
62.698 2.70148e-011
62.6982 1.79057e-011
62.6983 -6.87095e-012
62.6984 -3.64437e-011
62.6985 -1.84386e-011
62.6986 1.89786e-011
62.6987 -4.50484e-012
62.6988 -1.11697e-011
62.6989 -1.25695e-011
62.699 3.42126e-011
62.6991 -1.4154e-011
62.6992 2.36327e-011
62.6993 -6.65068e-012
62.6994 5.63674e-011
62.6995 2.96012e-011
62.6997 2.67875e-012
62.6998 2.24674e-011
62.6999 1.6108e-011
62.7 3.69127e-011
62.7001 1.47438e-011
62.7002 -2.79243e-012
62.7003 1.91278e-011
62.7004 -6.87805e-012
62.7005 -9.37916e-012
62.7006 -1.58451e-012
62.7007 -2.57074e-011
62.7009 -2.54943e-011
62.701 1.07576e-011
62.7011 4.04654e-011
62.7012 -4.34852e-012
62.7013 -2.1771e-011
62.7014 1.74012e-011
62.7015 4.02949e-011
62.7016 -9.08074e-012
62.7017 -4.47997e-011
62.7018 -2.224e-011
62.702 -7.52465e-012
62.7021 -2.45848e-012
62.7022 3.20739e-011
62.7023 -3.76232e-011
62.7024 3.18039e-011
62.7025 6.07514e-012
62.7026 -8.13571e-012
62.7027 -6.78355e-011
62.7028 2.3519e-012
62.703 -5.47118e-013
62.7031 8.43414e-012
62.7032 -2.99707e-011
62.7033 -4.26041e-011
62.7034 -1.57172e-011
62.7035 2.54232e-011
62.7036 2.51816e-011
62.7037 1.47793e-012
62.7039 -3.97904e-011
62.704 2.49614e-011
62.7041 -5.09459e-012
62.7042 3.57687e-011
62.7043 -1.78701e-011
62.7044 2.58922e-011
62.7045 1.21005e-011
62.7046 -3.61666e-011
62.7048 5.18696e-013
62.7049 -5.32907e-013
62.705 -1.08216e-011
62.7051 -1.3813e-011
62.7052 -2.26876e-011
62.7053 2.12026e-011
62.7054 -2.92033e-011
62.7056 -1.44595e-011
62.7057 -1.43956e-011
62.7058 -3.90799e-013
62.7059 -1.57527e-011
62.706 -9.37916e-013
62.7061 5.21538e-012
62.7062 2.75477e-011
62.7064 2.9722e-011
62.7065 -2.70859e-011
62.7066 -1.61862e-011
62.7067 -3.60956e-012
62.7068 7.34701e-012
62.7069 -2.06555e-011
62.707 -1.92983e-011
62.7072 1.14468e-011
62.7073 7.81597e-014
62.7074 -1.42677e-011
62.7075 -2.33769e-012
62.7076 -2.2311e-011
62.7077 -3.94564e-011
62.7079 1.44951e-011
62.708 7.17648e-012
62.7081 -5.30704e-011
62.7082 9.99734e-012
62.7083 -4.9738e-012
62.7084 2.18208e-011
62.7086 8.99547e-012
62.7087 -1.05587e-011
62.7088 2.21405e-011
62.7089 2.23395e-011
62.709 -6.53699e-013
62.7091 -3.73461e-011
62.7093 6.57892e-011
62.7094 -2.69296e-011
62.7095 1.2804e-011
62.7096 1.82894e-011
62.7097 -1.97105e-011
62.7099 8.39151e-012
62.71 -1.24416e-011
62.7101 3.33671e-011
62.7102 -3.48805e-011
62.7103 2.92175e-011
62.7105 4.7919e-011
62.7106 -2.43148e-011
62.7107 -1.20792e-011
62.7108 -1.6982e-011
62.7109 4.37268e-011
62.711 -4.5759e-012
62.7112 2.03855e-011
62.7113 1.91349e-011
62.7114 7.65255e-012
62.7115 7.16938e-012
62.7116 1.91775e-011
62.7118 -4.68248e-012
62.7119 -3.11502e-011
62.712 -6.45173e-012
62.7121 -3.73745e-011
62.7122 9.99023e-012
62.7124 3.07878e-011
62.7125 -1.40616e-011
62.7126 -2.3249e-011
62.7127 -2.95586e-012
62.7129 1.28964e-011
62.713 2.24603e-011
62.7131 -4.0437e-011
62.7132 -4.13607e-011
62.7133 -8.54783e-012
62.7135 -1.50422e-011
62.7136 1.7998e-011
62.7137 -1.52767e-011
62.7138 2.81801e-011
62.7139 -1.89431e-011
62.7141 -1.08002e-011
62.7142 1.61364e-011
62.7143 1.29177e-011
62.7144 8.5123e-012
62.7146 2.43645e-011
62.7147 2.07834e-011
62.7148 -2.10605e-011
62.7149 1.62217e-011
62.7151 -3.10862e-011
62.7152 1.56106e-011
62.7153 1.03029e-012
62.7154 -1.87086e-011
62.7155 2.18066e-011
62.7157 9.76996e-012
62.7158 2.95444e-011
62.7159 -1.04308e-011
62.716 8.25651e-012
62.7162 -5.90958e-011
62.7163 -3.33173e-011
62.7164 9.80549e-013
62.7165 1.75504e-012
62.7167 -1.55964e-011
62.7168 -3.42908e-011
62.7169 1.32232e-011
62.717 2.05347e-012
62.7172 -1.17524e-011
62.7173 1.27898e-013
62.7174 -9.23706e-012
62.7175 -1.48006e-011
62.7177 -2.38103e-011
62.7178 -1.46443e-011
62.7179 9.19442e-012
62.718 3.57048e-011
62.7182 -8.17124e-013
62.7183 -8.60467e-012
62.7184 8.96705e-012
62.7185 -2.81091e-011
62.7187 -7.79465e-012
62.7188 -1.04237e-011
62.7189 -3.31113e-011
62.7191 1.81331e-011
62.7192 1.62856e-011
62.7193 -1.27827e-011
62.7194 -2.71356e-011
62.7196 8.54783e-012
62.7197 1.69393e-011
62.7198 -2.33982e-011
62.7199 -1.00115e-011
62.7201 2.8578e-011
62.7202 -3.86322e-011
62.7203 -7.53175e-013
62.7205 3.63727e-011
62.7206 -1.29958e-011
62.7207 -3.52287e-011
62.7208 -3.43903e-012
62.721 9.84102e-012
62.7211 2.73417e-011
62.7212 8.5123e-012
62.7214 -1.77067e-011
62.7215 -3.08731e-011
62.7216 -1.42109e-011
62.7217 3.25073e-011
62.7219 3.59535e-012
62.722 -3.98757e-011
62.7221 -2.02789e-011
62.7223 -2.5544e-011
62.7224 -8.86757e-012
62.7225 2.73204e-011
62.7226 4.79048e-011
62.7228 -8.32046e-012
62.7229 1.54188e-011
62.723 -2.29861e-011
62.7232 -9.69891e-012
62.7233 -2.116e-011
62.7234 2.18989e-011
62.7236 -1.02887e-011
62.7237 -9.87654e-012
62.7238 2.59988e-011
62.7239 1.49072e-011
62.7241 -2.02078e-011
62.7242 -1.57101e-011
62.7243 -1.63283e-011
62.7245 7.01306e-012
62.7246 -2.35474e-011
62.7247 -1.04805e-011
62.7249 1.47153e-011
62.725 7.34701e-012
62.7251 3.20455e-011
62.7253 -2.19345e-011
62.7254 -7.33991e-012
62.7255 3.33955e-013
62.7257 -3.04823e-011
62.7258 -1.08713e-011
62.7259 -3.06031e-011
62.7261 1.16955e-011
62.7262 2.29292e-011
62.7263 -1.27827e-011
62.7265 2.93241e-011
62.7266 3.62377e-012
62.7267 2.09894e-011
62.7269 -4.7649e-011
62.727 5.8975e-012
62.7271 -1.50564e-011
62.7273 -9.02389e-013
62.7274 -4.36344e-011
62.7275 -4.42668e-012
62.7277 -1.60583e-012
62.7278 -2.55085e-012
62.7279 -2.19487e-011
62.7281 -1.36353e-011
62.7282 -3.66427e-011
62.7283 -9.80549e-012
62.7285 8.87468e-012
62.7286 5.03775e-012
62.7287 -1.24984e-011
62.7289 -2.55227e-011
62.729 -1.96252e-011
62.7291 -3.82983e-012
62.7293 -4.05009e-011
62.7294 -1.20082e-012
62.7296 -4.34213e-011
62.7297 6.64855e-011
62.7298 -5.54223e-013
62.73 1.87228e-011
62.7301 -7.5282e-011
62.7302 -2.3995e-011
62.7304 9.45022e-013
62.7305 3.1136e-011
62.7306 2.09397e-011
62.7308 -1.17666e-011
62.7309 1.01608e-011
62.7311 2.14513e-011
62.7312 3.7474e-011
62.7313 1.29319e-012
62.7315 -1.02176e-011
62.7316 -5.22107e-011
62.7317 -1.12053e-011
62.7319 -4.70948e-011
62.732 -3.39426e-011
62.7322 3.57119e-011
62.7323 2.94307e-011
62.7324 -1.29461e-011
62.7326 4.11262e-011
62.7327 -1.64633e-011
62.7328 -7.36122e-012
62.733 -3.91438e-011
62.7331 2.79528e-011
62.7333 2.90328e-011
62.7334 3.77938e-011
62.7335 -2.40519e-011
62.7337 9.75575e-012
62.7338 1.9817e-011
62.734 -1.43388e-011
62.7341 2.40377e-011
62.7342 3.62022e-011
62.7344 2.25242e-011
62.7345 2.21192e-011
62.7347 -1.91136e-012
62.7348 1.18519e-011
62.7349 -3.02407e-011
62.7351 -3.73319e-011
62.7352 4.5226e-011
62.7354 3.62093e-011
62.7355 2.79456e-011
62.7356 -5.08749e-012
62.7358 3.36513e-011
62.7359 -2.52243e-011
62.7361 -1.72946e-011
62.7362 -3.21023e-011
62.7363 2.10107e-011
62.7365 -3.29052e-011
62.7366 -9.41469e-012
62.7368 -4.68106e-011
62.7369 -5.00933e-012
62.737 2.44071e-011
62.7372 -4.31157e-011
62.7373 4.90274e-013
62.7375 -1.51772e-011
62.7376 -6.58673e-012
62.7378 -5.16422e-011
62.7379 -5.04556e-011
62.738 3.77582e-011
62.7382 -4.71516e-011
62.7383 -1.76357e-011
62.7385 -2.99352e-011
62.7386 5.19691e-011
62.7388 -2.52527e-011
62.7389 -1.36779e-011
62.739 1.24842e-011
62.7392 4.10694e-012
62.7393 -3.35802e-011
62.7395 -3.11502e-011
62.7396 -2.44498e-011
62.7398 -2.0222e-011
62.7399 2.44711e-011
62.74 -6.30962e-012
62.7402 -2.40519e-011
62.7403 -4.06999e-011
62.7405 -9.38627e-012
62.7406 -5.48539e-012
62.7408 1.42819e-011
62.7409 -1.88933e-011
62.7411 -2.12452e-011
62.7412 -2.73914e-011
62.7413 2.09255e-011
62.7415 -8.6402e-012
62.7416 -2.50111e-012
62.7418 -4.62634e-011
62.7419 2.87415e-011
62.7421 4.33928e-011
62.7422 -2.86562e-011
62.7424 -1.36708e-011
62.7425 4.07141e-012
62.7427 -1.74012e-011
62.7428 1.41611e-011
62.743 -1.25908e-011
62.7431 -4.32436e-011
62.7432 2.72422e-011
62.7434 -1.98526e-011
62.7435 5.79092e-011
62.7437 -5.59197e-012
62.7438 -2.3654e-011
62.744 1.09424e-012
62.7441 9.86944e-012
62.7443 -3.62022e-011
62.7444 -3.03118e-011
62.7446 2.39524e-011
62.7447 -1.9746e-011
62.7449 3.86251e-011
62.745 -4.00746e-012
62.7452 4.75353e-012
62.7453 -4.00817e-011
62.7455 -1.83533e-011
62.7456 -6.0588e-011
62.7458 1.63425e-013
62.7459 1.37845e-012
62.7461 -1.43601e-011
62.7462 3.09157e-011
62.7463 -2.74056e-011
62.7465 -2.38103e-011
62.7466 -5.19691e-011
62.7468 3.96483e-011
62.7469 1.81473e-011
62.7471 -6.39488e-012
62.7472 -2.70859e-011
62.7474 -1.80407e-011
62.7475 -3.63158e-011
62.7477 -1.99591e-011
62.7478 3.97904e-013
62.748 -4.48352e-012
62.7481 -4.27747e-012
62.7483 4.637e-011
62.7484 -3.93641e-012
62.7486 -2.2446e-011
62.7487 -4.61284e-011
62.7489 -1.86873e-012
62.749 2.43148e-011
62.7492 2.25953e-011
62.7494 -4.66827e-012
62.7495 -1.34008e-011
62.7497 -5.98064e-011
62.7498 -1.60583e-011
62.75 -4.60432e-012
62.7501 4.1517e-011
62.7503 3.61311e-011
62.7504 3.25286e-011
62.7506 -4.94538e-012
62.7507 -6.94911e-012
62.7509 -6.66489e-012
62.751 -2.33484e-011
62.7512 -1.96891e-011
62.7513 2.93952e-011
62.7515 -6.36859e-011
62.7516 -1.68399e-011
62.7518 -2.5139e-011
62.7519 -2.07194e-011
62.7521 -1.0516e-012
62.7522 -8.71836e-012
62.7524 -9.93339e-012
62.7526 1.29603e-011
62.7527 2.21121e-011
62.7529 1.93268e-012
62.753 5.06475e-011
62.7532 6.25278e-013
62.7533 3.59393e-011
62.7535 5.86198e-012
62.7536 -2.79741e-011
62.7538 -2.15792e-011
62.7539 -3.60956e-012
62.7541 1.39977e-011
62.7542 8.58336e-012
62.7544 2.48193e-011
62.7546 2.0691e-011
62.7547 -2.45137e-012
62.7549 1.84528e-011
62.755 -1.83107e-011
62.7552 2.39524e-011
62.7553 3.56337e-011
62.7555 3.35234e-011
62.7556 2.87059e-011
62.7558 3.60956e-011
62.756 -4.24123e-011
62.7561 -6.43894e-011
62.7563 6.06093e-012
62.7564 -4.70664e-011
62.7566 -2.07763e-011
62.7567 3.45679e-011
62.7569 3.14486e-011
62.7571 7.04148e-012
62.7572 -2.50182e-011
62.7574 1.28821e-011
62.7575 8.65441e-012
62.7577 -3.0667e-011
62.7578 1.55893e-011
62.758 6.5512e-012
62.7582 3.87672e-011
62.7583 -4.40465e-011
62.7585 3.18607e-011
62.7586 -2.91109e-011
62.7588 -1.84031e-012
62.7589 -3.37508e-011
62.7591 3.19247e-011
62.7593 -7.4337e-011
62.7594 3.30616e-011
62.7596 1.81188e-011
62.7597 6.58247e-011
62.7599 1.91989e-011
62.7601 5.59197e-012
62.7602 1.24345e-011
62.7604 5.81935e-012
62.7605 5.86766e-011
62.7607 2.17355e-011
62.7608 4.33928e-011
62.761 -7.51754e-012
62.7612 -1.58451e-011
62.7613 2.03215e-012
62.7615 -4.26326e-011
62.7616 -3.05533e-012
62.7618 -7.08411e-012
62.762 2.4869e-012
62.7621 -2.12026e-011
62.7623 -1.04947e-011
62.7624 -1.36993e-011
62.7626 -2.04281e-011
62.7628 1.9547e-011
62.7629 6.35225e-012
62.7631 -2.97717e-012
62.7633 -2.54303e-011
62.7634 -2.55298e-011
62.7636 7.67386e-012
62.7637 7.26885e-012
62.7639 -1.78346e-011
62.7641 -7.29727e-012
62.7642 8.31335e-013
62.7644 4.73221e-012
62.7645 3.59961e-011
62.7647 3.04681e-011
62.7649 -2.63256e-011
62.765 -1.75717e-011
62.7652 -2.2375e-011
62.7654 -1.44738e-011
62.7655 1.3479e-011
62.7657 2.41585e-012
62.7658 -3.91935e-011
62.766 -1.53477e-011
62.7662 -1.13758e-011
62.7663 2.71214e-011
62.7665 -9.23706e-012
62.7667 6.5377e-011
62.7668 -1.12905e-011
62.767 1.97531e-011
62.7672 -2.37321e-012
62.7673 -5.3916e-011
62.7675 -3.5655e-011
62.7676 -1.58309e-011
62.7678 2.54801e-011
62.768 3.98614e-012
62.7681 1.39266e-011
62.7683 3.62448e-011
62.7685 1.67049e-011
62.7686 6.27978e-011
62.7688 -2.57572e-011
62.769 -7.51754e-012
62.7691 -2.46345e-011
62.7693 -4.448e-012
62.7695 -1.93978e-011
62.7696 -4.31299e-011
62.7698 -1.25908e-011
62.77 -2.81659e-011
62.7701 4.70877e-011
62.7703 4.64979e-011
62.7705 -2.42295e-012
62.7706 4.4281e-011
62.7708 -2.27942e-011
62.771 -4.57874e-011
62.7711 -4.75353e-011
62.7713 -1.84528e-011
62.7715 -2.87699e-011
62.7716 1.25837e-011
62.7718 -3.65077e-011
62.772 1.73515e-011
62.7721 -1.39977e-012
62.7723 7.17648e-013
62.7725 -5.07399e-011
62.7726 1.88152e-011
62.7728 6.11067e-012
62.773 4.45795e-011
62.7731 -4.35421e-011
62.7733 -1.76783e-011
62.7735 -5.93303e-012
62.7736 -1.69251e-011
62.7738 8.18545e-012
62.774 1.1056e-011
62.7741 2.03926e-012
62.7743 -5.97851e-011
62.7745 -9.62075e-012
62.7746 -4.12825e-012
62.7748 -2.83649e-011
62.775 -2.22471e-011
62.7752 -1.08997e-011
62.7753 -6.0794e-011
62.7755 -3.60245e-011
62.7757 -3.02691e-011
62.7758 -9.76286e-012
62.776 -3.71116e-011
62.7762 -2.88196e-011
62.7763 3.5655e-011
62.7765 2.90612e-012
62.7767 -3.84404e-012
62.7769 -2.8237e-011
62.777 -2.38742e-012
62.7772 2.49045e-011
62.7774 6.55831e-012
62.7775 -1.14539e-011
62.7777 1.71241e-011
62.7779 4.50342e-011
62.778 3.41061e-013
62.7782 3.95062e-012
62.7784 1.81117e-011
62.7786 9.60654e-012
62.7787 4.47997e-011
62.7789 -1.55467e-011
62.7791 -1.42251e-011
62.7792 2.86775e-011
62.7794 -2.52243e-011
62.7796 2.32561e-011
62.7798 -2.87201e-011
62.7799 -1.77565e-011
62.7801 -3.95204e-011
62.7803 3.29763e-011
62.7805 6.861e-011
62.7806 -5.15854e-012
62.7808 -1.84244e-011
62.781 1.86944e-011
62.7811 -3.12568e-011
62.7813 7.60991e-012
62.7815 -8.25082e-011
62.7817 1.94618e-011
62.7818 1.13047e-011
62.782 -3.22871e-011
62.7822 -7.80886e-012
62.7824 -8.95284e-012
62.7825 2.44427e-012
62.7827 2.32916e-011
62.7829 3.39355e-011
62.7831 -1.02531e-011
62.7832 6.62652e-011
62.7834 -1.15108e-011
62.7836 6.30251e-012
62.7838 1.64206e-011
62.7839 4.24265e-011
62.7841 -2.47695e-011
62.7843 -3.80496e-011
62.7845 -2.20552e-011
62.7846 6.16325e-011
62.7848 -8.27143e-011
62.785 2.23679e-011
62.7852 -4.77414e-011
62.7853 2.42366e-011
62.7855 2.3185e-011
62.7857 -3.95772e-011
62.7859 1.75788e-011
62.786 5.71134e-011
62.7862 -1.56675e-011
62.7864 1.41966e-011
62.7866 3.4369e-011
62.7867 1.75504e-012
62.7869 -1.14539e-011
62.7871 1.62217e-011
62.7873 -2.37961e-011
62.7875 2.17781e-011
62.7876 -4.19291e-011
62.7878 1.40048e-011
62.788 -1.7053e-011
62.7882 -4.37339e-011
62.7883 -5.33333e-011
62.7885 1.60298e-011
62.7887 -4.14033e-011
62.7889 -1.09708e-011
62.7891 -2.6688e-011
62.7892 1.33014e-011
62.7894 4.00959e-011
62.7896 2.36682e-011
62.7898 7.29727e-012
62.79 -3.72822e-011
62.7901 1.86589e-011
62.7903 3.4845e-011
62.7905 -2.94236e-011
62.7907 3.76659e-011
62.7908 2.12239e-011
62.791 3.52998e-011
62.7912 -3.87956e-011
62.7914 7.83729e-012
62.7916 -5.01501e-011
62.7917 -1.00329e-011
62.7919 6.672e-012
62.7921 -2.70006e-011
62.7923 -2.37605e-011
62.7925 -3.0731e-011
62.7926 2.34905e-011
62.7928 6.44249e-011
62.793 7.48912e-012
62.7932 -1.78559e-011
62.7934 -1.02602e-011
62.7936 -2.41016e-011
62.7937 -1.13687e-013
62.7939 -5.97637e-011
62.7941 5.47473e-011
62.7943 5.43281e-011
62.7945 -5.04556e-011
62.7946 -8.34177e-012
62.7948 5.57066e-012
62.795 4.73932e-012
62.7952 -5.17275e-012
62.7954 -2.9921e-011
62.7956 -2.47695e-011
62.7957 4.46576e-011
62.7959 -4.14602e-011
62.7961 -6.83542e-012
62.7963 -4.10765e-011
62.7965 1.71241e-011
62.7966 1.70459e-011
62.7968 -4.09628e-011
62.797 1.80265e-011
62.7972 -2.56293e-011
62.7974 5.11591e-012
62.7976 2.93525e-011
62.7977 -2.83435e-011
62.7979 3.46319e-011
62.7981 2.60059e-011
62.7983 -5.01075e-011
62.7985 -4.42029e-011
62.7987 -1.99307e-011
62.7989 -3.80993e-011
62.799 1.91847e-011
62.7992 -2.63469e-011
62.7994 8.76099e-012
62.7996 8.3844e-013
62.7998 5.16067e-011
62.8 -8.05755e-012
62.8001 2.37748e-011
62.8003 5.1088e-012
62.8005 -2.1366e-011
62.8007 -4.38192e-011
62.8009 -4.41176e-011
62.8011 2.28795e-011
62.8013 2.69083e-011
62.8014 -5.05906e-012
62.8016 1.35074e-011
62.8018 -3.69482e-012
62.802 5.56355e-012
62.8022 3.43974e-011
62.8024 2.0151e-011
62.8026 2.04068e-011
62.8028 3.75735e-011
62.8029 3.06315e-011
62.8031 1.08145e-011
62.8033 -1.01963e-011
62.8035 3.49232e-011
62.8037 -5.18341e-011
62.8039 -7.92966e-012
62.8041 -3.60956e-011
62.8042 3.87956e-012
62.8044 -2.96012e-011
62.8046 -4.51053e-011
62.8048 1.31237e-011
62.805 -1.25766e-012
62.8052 -6.807e-012
62.8054 1.9412e-011
62.8056 4.66827e-011
62.8058 3.67848e-011
62.8059 1.39622e-011
62.8061 -3.68061e-012
62.8063 -3.60245e-011
62.8065 -3.46532e-011
62.8067 -1.99663e-012
62.8069 3.6664e-012
62.8071 -7.6902e-011
62.8073 -2.80238e-011
62.8075 2.92317e-011
62.8076 -2.5814e-011
62.8078 -8.6402e-012
62.808 -3.07665e-012
62.8082 1.60583e-012
62.8084 -5.83995e-011
62.8086 -1.58593e-011
62.8088 8.7887e-011
62.809 1.52198e-011
62.8092 3.58753e-011
62.8094 -5.76605e-011
62.8095 1.00897e-012
62.8097 -1.26121e-011
62.8099 7.0699e-012
62.8101 5.8904e-012
62.8103 1.43814e-011
62.8105 3.82201e-011
62.8107 3.24007e-011
62.8109 -5.61897e-011
62.8111 -7.02727e-012
62.8113 3.15126e-011
62.8115 -4.21352e-012
62.8117 3.38929e-011
62.8118 -9.4289e-012
62.812 2.60627e-011
62.8122 6.26699e-012
62.8124 -1.99449e-011
62.8126 4.36486e-011
62.8128 -3.86891e-011
62.813 -1.62856e-011
62.8132 7.86571e-012
62.8134 1.46727e-011
62.8136 1.94902e-011
62.8138 -9.86233e-012
62.814 -1.90425e-012
62.8142 -6.73381e-011
62.8144 -2.47624e-011
62.8145 2.97575e-011
62.8147 -1.05089e-011
62.8149 -1.47793e-011
62.8151 -4.88711e-011
62.8153 5.33618e-012
62.8155 9.17311e-012
62.8157 7.02869e-011
62.8159 7.04858e-012
62.8161 3.97193e-012
62.8163 -2.13518e-011
62.8165 2.49543e-011
62.8167 -3.1676e-011
62.8169 -5.52234e-011
62.8171 8.78231e-012
62.8173 -1.77636e-013
62.8175 -7.44507e-011
62.8177 1.91633e-011
62.8179 6.68336e-011
62.8181 -6.27551e-011
62.8183 3.89377e-011
62.8184 5.03562e-011
62.8186 1.90639e-011
62.8188 2.29505e-012
62.819 -2.82085e-011
62.8192 -7.34701e-012
62.8194 5.18554e-011
62.8196 8.81073e-012
62.8198 -1.88578e-011
62.82 2.143e-011
62.8202 4.17515e-011
62.8204 -3.21236e-011
62.8206 -2.23608e-011
62.8208 3.97051e-011
62.821 -3.55911e-011
62.8212 -4.09273e-012
62.8214 2.56009e-011
62.8216 2.91465e-011
62.8218 5.88045e-011
62.822 1.33298e-011
62.8222 -2.22968e-011
62.8224 -5.6211e-011
62.8226 9.49285e-012
62.8228 -4.22773e-011
62.823 5.79092e-012
62.8232 -4.90274e-012
62.8234 -2.32205e-011
62.8236 1.76001e-011
62.8238 -6.33804e-011
62.824 -8.35598e-012
62.8242 4.03801e-011
62.8244 -2.90257e-011
62.8246 2.99849e-012
62.8248 3.46247e-011
62.825 -4.45013e-011
62.8252 5.3646e-011
62.8254 -1.3884e-011
62.8256 2.32561e-011
62.8258 1.29745e-011
62.826 -1.95115e-011
62.8262 1.29319e-012
62.8264 -5.28644e-012
62.8266 1.91847e-012
62.8268 1.0516e-011
62.827 5.9984e-011
62.8272 -2.82796e-012
62.8274 1.64846e-012
62.8276 -1.57385e-011
62.8278 -3.1001e-011
62.828 2.16289e-011
62.8282 7.68878e-011
62.8284 7.73426e-011
62.8286 -3.61453e-011
62.8288 -6.18172e-012
62.829 1.48503e-012
62.8292 -5.08393e-011
62.8294 1.12763e-011
62.8296 -3.29692e-012
62.8298 -2.62901e-012
62.83 2.57501e-011
62.8302 5.49321e-011
62.8304 4.68816e-011
62.8306 -1.25482e-011
62.8308 1.50706e-011
62.831 -4.47926e-011
62.8312 -5.29212e-011
62.8314 -2.09397e-011
62.8316 1.73159e-011
62.8318 -1.66267e-012
62.832 2.9253e-011
62.8322 9.59233e-012
62.8325 -1.41256e-011
62.8327 -5.03206e-011
62.8329 1.67049e-011
62.8331 1.89004e-012
62.8333 -2.40234e-011
62.8335 2.35048e-011
62.8337 2.02931e-011
62.8339 -2.72209e-011
62.8341 -3.13847e-011
62.8343 1.70886e-011
62.8345 4.26468e-011
62.8347 -1.37703e-011
62.8349 1.63709e-011
62.8351 2.8443e-011
62.8353 -9.11768e-011
62.8355 6.94911e-012
62.8357 4.68958e-012
62.8359 -4.38547e-011
62.8361 6.1533e-012
62.8363 -1.193e-011
62.8366 2.43716e-012
62.8368 -2.26876e-011
62.837 -3.93285e-011
62.8372 1.06581e-011
62.8374 1.29603e-011
62.8376 2.35545e-011
62.8378 -2.02718e-011
62.838 6.05382e-011
62.8382 3.79075e-011
62.8384 1.17026e-011
62.8386 -2.97788e-011
62.8388 1.10134e-011
62.839 -1.81899e-012
62.8392 5.65024e-011
62.8395 3.59819e-011
62.8397 2.0961e-011
62.8399 -2.12879e-011
62.8401 2.36753e-011
62.8403 2.18208e-011
62.8405 9.89786e-012
62.8407 -5.33689e-011
62.8409 -7.51683e-011
62.8411 1.20366e-011
62.8413 4.85016e-011
62.8415 4.07425e-011
62.8417 -2.56577e-011
62.842 -1.10063e-011
62.8422 1.77636e-012
62.8424 1.15818e-011
62.8426 1.61009e-011
62.8428 4.1851e-012
62.843 -5.56923e-011
62.8432 3.21378e-011
62.8434 -5.58558e-011
62.8436 2.38032e-011
62.8438 1.71241e-012
62.8441 2.11955e-011
62.8443 3.68274e-011
62.8445 -4.80043e-011
62.8447 2.65672e-011
62.8449 3.35874e-011
62.8451 5.68434e-013
62.8453 -1.32232e-011
62.8455 6.67555e-011
62.8457 -5.61613e-011
62.846 2.01084e-011
62.8462 3.20313e-011
62.8464 3.51719e-011
62.8466 2.56222e-011
62.8468 1.56319e-013
62.847 3.64437e-011
62.8472 5.5131e-011
62.8474 -6.06803e-012
62.8476 2.22329e-011
62.8479 -3.26708e-011
62.8481 -9.9476e-013
62.8483 -4.99227e-011
62.8485 -2.71285e-011
62.8487 -9.72733e-012
62.8489 -4.78551e-011
62.8491 4.52118e-011
62.8493 -4.19931e-012
62.8496 -4.54037e-012
62.8498 5.42926e-011
62.85 -3.41913e-011
62.8502 -1.81046e-011
62.8504 1.63283e-011
62.8506 2.87059e-011
62.8508 -3.69127e-011
62.8511 -3.54561e-012
62.8513 -2.74838e-011
62.8515 -2.96296e-011
62.8517 -5.3717e-012
62.8519 -2.16289e-011
62.8521 -2.29647e-011
62.8523 4.9738e-012
62.8526 2.2311e-012
62.8528 -4.84164e-011
62.853 -7.81597e-013
62.8532 -2.41585e-013
62.8534 -8.93863e-012
62.8536 3.66782e-011
62.8539 1.6442e-011
62.8541 -2.7697e-011
62.8543 4.95106e-011
62.8545 -5.3717e-012
62.8547 -5.96856e-013
62.8549 -1.90425e-012
62.8551 2.26521e-011
62.8554 -2.13873e-011
62.8556 -7.47491e-012
62.8558 -2.1771e-011
62.856 -8.5123e-012
62.8562 -4.32863e-011
62.8564 2.29932e-011
62.8567 -3.95772e-011
62.8569 -1.17097e-011
62.8571 -9.27969e-012
62.8573 -2.4869e-011
62.8575 2.74269e-011
62.8577 9.08074e-012
62.858 -3.80567e-011
62.8582 8.15703e-012
62.8584 -2.55937e-011
62.8586 3.54419e-011
62.8588 -1.02602e-011
62.8591 1.14682e-011
62.8593 -4.8459e-012
62.8595 1.21645e-011
62.8597 3.30544e-011
62.8599 -1.14397e-011
62.8602 6.66489e-012
62.8604 3.53566e-011
62.8606 -4.33715e-011
62.8608 -5.98703e-011
62.861 -3.50155e-011
62.8612 6.63221e-011
62.8615 -4.62705e-011
