0.1 -0.0216932
0.2 -0.0449496
0.3 -0.0674476
0.4 -0.0899612
0.5 -0.112491
0.6 -0.135036
0.7 -0.157597
0.8 -0.180175
0.9 -0.202768
1 -0.225378
0.427675 -0.235378
0.855088 -0.245378
1.28236 -0.255378
1.70957 -0.265378
2.13688 -0.275378
2.56417 -0.285378
2.99136 -0.295378
3.41849 -0.305378
3.84549 -0.315378
4.27236 -0.325378
4.69908 -0.335378
5.12569 -0.345378
5.55216 -0.355378
5.97848 -0.365378
6.40466 -0.375378
6.83072 -0.385378
7.25663 -0.395378
7.68242 -0.405378
8.10806 -0.415378
8.53352 -0.425378
8.95884 -0.435378
9.38401 -0.445378
9.80904 -0.455378
10.2339 -0.465378
10.6586 -0.475378
11.0832 -0.485378
11.5075 -0.495378
11.9317 -0.505378
12.3558 -0.515378
12.7797 -0.525378
13.2035 -0.535378
13.6271 -0.545378
14.0506 -0.555378
14.474 -0.565378
14.8972 -0.575378
15.3203 -0.585378
15.7432 -0.595378
16.166 -0.605378
16.5886 -0.615378
17.0112 -0.625378
17.4335 -0.635378
17.8558 -0.645378
18.2779 -0.655378
18.6998 -0.665378
19.1216 -0.675378
19.5433 -0.685378
19.9648 -0.695378
20.3861 -0.705378
20.8074 -0.715378
21.2284 -0.725378
21.6493 -0.735378
22.0701 -0.745378
22.4907 -0.755378
22.9112 -0.765378
23.3315 -0.775378
23.7517 -0.785378
24.1717 -0.795378
24.5915 -0.805378
25.0112 -0.815378
25.4308 -0.825378
25.8502 -0.835378
26.2694 -0.845378
26.6885 -0.855378
27.1074 -0.865378
27.5262 -0.875378
27.9448 -0.885378
28.3633 -0.895378
28.7816 -0.905378
29.1998 -0.915378
29.6179 -0.925378
30.0357 -0.935378
30.4535 -0.945378
30.8711 -0.955378
31.2885 -0.965378
31.7058 -0.975378
32.1229 -0.985378
32.5398 -0.995378
32.9567 -1.00538
33.3733 -1.01538
33.7898 -1.02538
34.2062 -1.03538
34.6223 -1.04538
35.0384 -1.05538
35.4543 -1.06538
35.87 -1.07538
36.2855 -1.08538
36.7009 -1.09538
37.1162 -1.10538
37.5313 -1.11538
37.9462 -1.12538
38.361 -1.13538
38.7756 -1.14538
39.19 -1.15538
39.6043 -1.16538
40.0184 -1.17538
40.4324 -1.18538
40.8462 -1.19538
41.2598 -1.20538
41.6733 -1.21538
42.0866 -1.22538
42.4998 -1.23538
42.9128 -1.24538
43.3256 -1.25538
43.7382 -1.26538
44.1507 -1.27538
44.5631 -1.28538
44.9752 -1.29538
45.3872 -1.30538
45.7991 -1.31538
46.2107 -1.32538
46.6222 -1.33538
47.0335 -1.34538
47.4447 -1.35538
47.8557 -1.36538
48.2665 -1.37538
48.6771 -1.38538
49.0876 -1.39538
49.4979 -1.40538
49.9081 -1.41538
50.318 -1.42538
50.7278 -1.43538
51.1375 -1.44538
51.5469 -1.45538
51.9562 -1.46538
52.3653 -1.47538
52.7742 -1.48538
53.1829 -1.49538
53.5915 -1.50538
53.9999 -1.51538
54.4081 -1.52538
54.8162 -1.53538
55.2241 -1.54538
55.6318 -1.55538
56.0393 -1.56538
56.4466 -1.57538
56.8538 -1.58538
57.2607 -1.59538
57.6661 -1.60538
58.0632 -1.61538
58.4454 -1.62538
58.7836 -1.63538
58.983 -1.64538
59.1579 -1.65538
59.3324 -1.66538
59.5054 -1.67538
59.6763 -1.68538
59.8454 -1.69538
60.0129 -1.70538
60.1782 -1.71538
60.3421 -1.72538
60.5041 -1.73538
60.6623 -1.74538
60.8151 -1.75538
60.9628 -1.76538
61.1058 -1.77538
61.242 -1.78538
61.3728 -1.79538
61.5013 -1.80538
61.6298 -1.81538
61.7582 -1.82538
61.8869 -1.83538
62.0159 -1.84538
62.1447 -1.85538
62.2737 -1.86538
62.4024 -1.87538
62.5309 -1.88538
62.6592 -1.89538
62.7877 -1.90538
62.916 -1.91538
63.044 -1.92538
63.1717 -1.93538
63.2992 -1.94538
63.426 -1.95538
63.5512 -1.96538
63.673 -1.97538
63.7927 -1.98538
63.9027 -1.99538
63.9998 -2.00538
64.044 -2.01538
64.0805 -2.02538
64.1169 -2.03538
64.1531 -2.04538
64.1892 -2.05538
64.2251 -2.06538
64.2608 -2.07538
64.2963 -2.08538
64.3316 -2.09538
64.3667 -2.10538
64.4013 -2.11538
64.4349 -2.12538
64.4682 -2.13538
64.5004 -2.14538
64.5323 -2.15538
64.5632 -2.16538
64.5935 -2.17538
64.6234 -2.18538
64.6532 -2.19538
64.6828 -2.20538
64.7122 -2.21538
64.7402 -2.22538
64.7671 -2.23538
64.7916 -2.24538
64.8158 -2.25538
64.8359 -2.26538
64.8558 -2.27538
64.8728 -2.28538
64.888 -2.29538
64.9014 -2.30538
64.9146 -2.31538
64.9277 -2.32538
64.9407 -2.33538
64.9535 -2.34538
64.966 -2.35538
64.9782 -2.36538
64.9904 -2.37538
65.0024 -2.38538
65.0137 -2.39538
65.0249 -2.40538
65.0359 -2.41538
65.0469 -2.42538
65.0577 -2.43538
65.0681 -2.44538
65.078 -2.45538
65.0878 -2.46538
65.0975 -2.47538
65.1071 -2.48538
65.1166 -2.49538
65.1257 -2.50538
65.1344 -2.51538
65.143 -2.52538
65.1515 -2.53538
65.1598 -2.54538
65.1678 -2.55538
65.1757 -2.56538
65.1835 -2.57538
65.1912 -2.58538
65.1986 -2.59538
65.206 -2.60538
65.2132 -2.61538
65.2204 -2.62538
65.2274 -2.63538
65.2344 -2.64538
65.2412 -2.65538
65.2479 -2.66538
65.2546 -2.67538
65.2611 -2.68538
65.2675 -2.69538
65.2737 -2.70538
65.2796 -2.71538
65.2853 -2.72538
65.291 -2.73538
65.2965 -2.74538
65.302 -2.75538
65.3073 -2.76538
65.3125 -2.77538
65.3175 -2.78538
65.3224 -2.79538
65.3271 -2.80538
65.3317 -2.81538
65.3362 -2.82538
65.3406 -2.83538
65.3449 -2.84538
65.3489 -2.85538
65.3525 -2.86538
65.356 -2.87538
65.3594 -2.88538
65.3622 -2.89538
65.3644 -2.90538
65.3666 -2.91538
65.3686 -2.92538
65.3706 -2.93538
65.3716 -2.94538
65.3724 -2.95538
65.3732 -2.96538
65.3739 -2.97538
65.3745 -2.98538
65.3745 -2.99538
65.3745 -3.00538
65.3741 -3.01538
65.3735 -3.02538
65.3727 -3.03538
65.3719 -3.04538
65.371 -3.05538
65.3701 -3.06538
65.369 -3.07538
65.3679 -3.08538
65.3667 -3.09538
65.3655 -3.10538
65.3642 -3.11538
65.3628 -3.12538
65.3614 -3.13538
65.3596 -3.14538
65.3578 -3.15538
65.356 -3.16538
65.3541 -3.17538
65.3521 -3.18538
65.35 -3.19538
65.3479 -3.20538
65.3457 -3.21538
65.3435 -3.22538
65.3412 -3.23538
65.3389 -3.24538
65.3366 -3.25538
65.3342 -3.26538
65.3317 -3.27538
65.3292 -3.28538
65.3265 -3.29538
65.3236 -3.30538
65.3206 -3.31538
65.3175 -3.32538
65.3144 -3.33538
65.311 -3.34538
65.3076 -3.35538
65.3042 -3.36538
65.3007 -3.37538
65.2972 -3.38538
65.2936 -3.39538
65.2899 -3.40538
65.2861 -3.41538
65.2822 -3.42538
65.2782 -3.43538
65.2741 -3.44538
65.2698 -3.45538
65.2655 -3.46538
65.2611 -3.47538
65.2565 -3.48538
65.2517 -3.49538
65.2468 -3.50538
65.2418 -3.51538
65.2368 -3.52538
65.2317 -3.53538
65.2265 -3.54538
65.2214 -3.55538
65.216 -3.56538
65.2104 -3.57538
65.2048 -3.58538
65.1992 -3.59538
65.1936 -3.60538
65.188 -3.61538
65.1823 -3.62538
65.1766 -3.63538
65.1706 -3.64538
65.1646 -3.65538
65.1586 -3.66538
65.1525 -3.67538
65.1464 -3.68538
65.1401 -3.69538
65.1339 -3.70538
65.1276 -3.71538
65.1213 -3.72538
65.115 -3.73538
65.1088 -3.74538
65.1025 -3.75538
65.0961 -3.76538
65.0898 -3.77538
65.0834 -3.78538
65.0771 -3.79538
65.0707 -3.80538
65.0643 -3.81538
65.0579 -3.82538
65.0515 -3.83538
65.045 -3.84538
65.0386 -3.85538
65.0322 -3.86538
65.0257 -3.87538
65.0193 -3.88538
65.0128 -3.89538
65.0063 -3.90538
64.9998 -3.91538
64.9933 -3.92538
64.9867 -3.93538
64.9801 -3.94538
64.9735 -3.95538
64.9669 -3.96538
64.9603 -3.97538
64.9537 -3.98538
64.9471 -3.99538
64.9404 -4.00538
64.9338 -4.01538
64.9271 -4.02538
64.9205 -4.03538
64.9138 -4.04538
64.9071 -4.05538
64.9004 -4.06538
64.8938 -4.07538
64.8871 -4.08538
64.8804 -4.09538
64.8736 -4.10538
64.8669 -4.11538
64.8602 -4.12538
64.8535 -4.13538
64.8467 -4.14538
64.84 -4.15538
64.8332 -4.16538
64.8264 -4.17538
64.8197 -4.18538
64.8129 -4.19538
64.8061 -4.20538
64.7993 -4.21538
64.7925 -4.22538
64.7857 -4.23538
64.7789 -4.24538
64.772 -4.25538
64.7652 -4.26538
64.7583 -4.27538
64.7515 -4.28538
64.7446 -4.29538
64.7377 -4.30538
64.7308 -4.31538
64.7239 -4.32538
64.717 -4.33538
64.7101 -4.34538
64.7032 -4.35538
64.6962 -4.36538
64.6892 -4.37538
64.6822 -4.38538
64.6752 -4.39538
64.6682 -4.40538
64.6611 -4.41538
64.6541 -4.42538
64.6471 -4.43538
64.64 -4.44538
64.6329 -4.45538
64.6259 -4.46538
64.6187 -4.47538
64.6116 -4.48538
64.6045 -4.49538
64.5973 -4.50538
64.5902 -4.51538
64.583 -4.52538
64.5758 -4.53538
64.5686 -4.54538
64.5615 -4.55538
64.5543 -4.56538
64.5471 -4.57538
64.5398 -4.58538
64.5326 -4.59538
64.5254 -4.60538
64.5181 -4.61538
64.5109 -4.62538
64.5036 -4.63538
64.4963 -4.64538
64.489 -4.65538
64.4817 -4.66538
64.4744 -4.67538
64.4671 -4.68538
64.4598 -4.69538
64.4525 -4.70538
64.4452 -4.71538
64.4378 -4.72538
64.4303 -4.73538
64.4229 -4.74538
64.4154 -4.75538
64.4078 -4.76538
64.4003 -4.77538
64.3928 -4.78538
64.3852 -4.79538
64.3777 -4.80538
64.3701 -4.81538
64.3626 -4.82538
64.355 -4.83538
64.3474 -4.84538
64.3399 -4.85538
64.3323 -4.86538
64.3246 -4.87538
64.3169 -4.88538
64.3091 -4.89538
64.3014 -4.90538
64.2937 -4.91538
64.2859 -4.92538
64.2782 -4.93538
64.2704 -4.94538
64.2627 -4.95538
64.2549 -4.96538
64.2471 -4.97538
64.2394 -4.98538
64.2316 -4.99538
64.2238 -5.00538
64.216 -5.01538
64.2082 -5.02538
64.2005 -5.03538
64.1927 -5.04538
64.1849 -5.05538
64.1771 -5.06538
64.1692 -5.07538
64.1614 -5.08538
64.1534 -5.09538
64.1455 -5.10538
64.1375 -5.11538
64.1294 -5.12538
64.1213 -5.13538
64.1133 -5.14538
64.1052 -5.15538
64.0971 -5.16538
64.0891 -5.17538
64.081 -5.18538
64.0729 -5.19538
64.0648 -5.20538
64.0567 -5.21538
64.0487 -5.22538
64.0406 -5.23538
64.0325 -5.24538
64.0244 -5.25538
64.0163 -5.26538
64.0082 -5.27538
64.0001 -5.28538
63.992 -5.29538
63.9839 -5.30538
63.9758 -5.31538
63.9677 -5.32538
63.9598 -5.33538
63.9519 -5.34538
63.9441 -5.35538
63.9362 -5.36538
63.9283 -5.37538
63.9204 -5.38538
63.9126 -5.39538
63.9047 -5.40538
63.8968 -5.41538
63.8889 -5.42538
63.881 -5.43538
63.8731 -5.44538
63.8652 -5.45538
63.8577 -5.46538
63.8505 -5.47538
63.8432 -5.48538
63.8359 -5.49538
63.8286 -5.50538
63.8213 -5.51538
63.814 -5.52538
63.8066 -5.53538
63.7993 -5.54538
63.7919 -5.55538
63.7844 -5.56538
63.7769 -5.57538
63.7695 -5.58538
63.762 -5.59538
63.7546 -5.60538
63.7471 -5.61538
63.7397 -5.62538
63.7322 -5.63538
63.7247 -5.64538
63.7174 -5.65538
63.7107 -5.66538
63.704 -5.67538
63.6972 -5.68538
63.6905 -5.69538
63.6838 -5.70538
63.6771 -5.71538
63.6703 -5.72538
63.6636 -5.73538
63.6569 -5.74538
63.6502 -5.75538
63.6439 -5.76538
63.6375 -5.77538
63.6312 -5.78538
63.6248 -5.79538
63.6185 -5.80538
63.6121 -5.81538
63.6057 -5.82538
63.5996 -5.83538
63.5943 -5.84538
63.5893 -5.85538
63.5842 -5.86538
63.5792 -5.87538
63.5741 -5.88538
63.5691 -5.89538
63.5641 -5.90538
63.559 -5.91538
63.554 -5.92538
63.549 -5.93538
63.5439 -5.94538
63.5392 -5.95538
63.5344 -5.96538
63.5305 -5.97538
63.5266 -5.98538
63.5227 -5.99538
63.5187 -6.00538
63.5148 -6.01538
63.5109 -6.02538
63.507 -6.03538
63.5031 -6.04538
63.4992 -6.05538
63.4953 -6.06538
63.4914 -6.07538
63.4875 -6.08538
63.484 -6.09538
63.4808 -6.10538
63.4775 -6.11538
63.4741 -6.12538
63.4708 -6.13538
63.4675 -6.14538
63.4642 -6.15538
63.4608 -6.16538
63.4575 -6.17538
63.4545 -6.18538
63.4514 -6.19538
63.4484 -6.20538
63.4454 -6.21538
63.4424 -6.22538
63.4393 -6.23538
63.4363 -6.24538
63.4333 -6.25538
63.4302 -6.26538
63.4272 -6.27538
63.4242 -6.28538
63.4212 -6.29538
63.4181 -6.30538
63.4151 -6.31538
63.4121 -6.32538
63.409 -6.33538
63.406 -6.34538
63.403 -6.35538
63.3999 -6.36538
63.3969 -6.37538
63.3939 -6.38538
63.3909 -6.39538
63.3878 -6.40538
63.3848 -6.41538
63.3818 -6.42538
63.3788 -6.43538
63.3757 -6.44538
63.3727 -6.45538
63.3697 -6.46538
63.3666 -6.47538
63.3636 -6.48538
63.3606 -6.49538
63.3576 -6.50538
63.3545 -6.51538
63.3515 -6.52538
63.3485 -6.53538
63.3455 -6.54538
63.3424 -6.55538
63.3394 -6.56538
63.3364 -6.57538
63.3334 -6.58538
63.3303 -6.59538
63.3273 -6.60538
63.3243 -6.61538
63.3213 -6.62538
63.3182 -6.63538
63.3152 -6.64538
63.3121 -6.65538
63.3091 -6.66538
63.306 -6.67538
63.303 -6.68538
63.2999 -6.69538
63.2968 -6.70538
63.2938 -6.71538
63.2907 -6.72538
63.2877 -6.73538
63.2846 -6.74538
63.2815 -6.75538
63.2785 -6.76538
63.2754 -6.77538
63.2724 -6.78538
63.2693 -6.79538
63.2662 -6.80538
63.2632 -6.81538
63.2601 -6.82538
63.2571 -6.83538
63.254 -6.84538
63.2509 -6.85538
63.2479 -6.86538
63.2448 -6.87538
63.2418 -6.88538
63.2387 -6.89538
63.2356 -6.90538
63.2326 -6.91538
63.2295 -6.92538
63.2265 -6.93538
63.2234 -6.94538
63.2204 -6.95538
63.2173 -6.96538
63.2142 -6.97538
63.2112 -6.98538
63.2081 -6.99538
63.2051 -7.00538
63.202 -7.01538
63.199 -7.02538
63.1959 -7.03538
63.1929 -7.04538
63.1899 -7.05538
63.187 -7.06538
63.184 -7.07538
63.181 -7.08538
63.178 -7.09538
63.175 -7.10538
63.172 -7.11538
63.169 -7.12538
63.166 -7.13538
63.163 -7.14538
63.16 -7.15538
63.157 -7.16538
63.154 -7.17538
63.151 -7.18538
63.148 -7.19538
63.1451 -7.20538
63.1422 -7.21538
63.1394 -7.22538
63.1365 -7.23538
63.1337 -7.24538
63.1309 -7.25538
63.1281 -7.26538
63.1253 -7.27538
63.1225 -7.28538
63.1198 -7.29538
63.117 -7.30538
63.1142 -7.31538
63.1114 -7.32538
63.1087 -7.33538
63.1059 -7.34538
63.1031 -7.35538
63.1003 -7.36538
63.0976 -7.37538
63.0948 -7.38538
63.0922 -7.39538
63.0896 -7.40538
63.0869 -7.41538
63.0843 -7.42538
63.0818 -7.43538
63.0793 -7.44538
63.0769 -7.45538
63.0744 -7.46538
63.072 -7.47538
63.0695 -7.48538
63.0671 -7.49538
63.0646 -7.50538
63.0622 -7.51538
63.0597 -7.52538
63.0573 -7.53538
63.0548 -7.54538
63.0524 -7.55538
63.05 -7.56538
63.0475 -7.57538
63.0451 -7.58538
63.0429 -7.59538
63.0406 -7.60538
63.0383 -7.61538
63.0361 -7.62538
63.0338 -7.63538
63.0316 -7.64538
63.0293 -7.65538
63.0272 -7.66538
63.0251 -7.67538
63.023 -7.68538
63.0209 -7.69538
63.0187 -7.70538
63.0166 -7.71538
63.0145 -7.72538
63.0124 -7.73538
63.0103 -7.74538
63.0083 -7.75538
63.0063 -7.76538
63.0044 -7.77538
63.0025 -7.78538
63.0007 -7.79538
62.9988 -7.80538
62.997 -7.81538
62.9952 -7.82538
62.9934 -7.83538
62.9916 -7.84538
62.9898 -7.85538
62.9881 -7.86538
62.9863 -7.87538
62.9845 -7.88538
62.9827 -7.89538
62.981 -7.90538
62.9794 -7.91538
62.9778 -7.92538
62.9764 -7.93538
62.9749 -7.94538
62.9735 -7.95538
62.9721 -7.96538
62.9706 -7.97538
62.9692 -7.98538
62.9677 -7.99538
62.9663 -8.00538
62.9648 -8.01538
62.9634 -8.02538
62.9619 -8.03538
62.9605 -8.04538
62.9591 -8.05538
62.9579 -8.06538
62.9566 -8.07538
62.9553 -8.08538
62.9541 -8.09538
62.9528 -8.10538
62.9515 -8.11538
62.9503 -8.12538
62.949 -8.13538
62.9477 -8.14538
62.9465 -8.15538
62.9452 -8.16538
62.944 -8.17538
62.9429 -8.18538
62.9419 -8.19538
62.9408 -8.20538
62.9398 -8.21538
62.9387 -8.22538
62.9377 -8.23538
62.9366 -8.24538
62.9356 -8.25538
62.9346 -8.26538
62.9337 -8.27538
62.9329 -8.28538
62.9321 -8.29538
62.9312 -8.30538
62.9304 -8.31538
62.9296 -8.32538
62.9287 -8.33538
62.9279 -8.34538
62.9271 -8.35538
62.9263 -8.36538
62.9254 -8.37538
62.9246 -8.38538
62.9238 -8.39538
62.9229 -8.40538
62.9222 -8.41538
62.9216 -8.42538
62.9209 -8.43538
62.9203 -8.44538
62.9196 -8.45538
62.9191 -8.46538
62.9187 -8.47538
62.9182 -8.48538
62.9178 -8.49538
62.9173 -8.50538
62.9168 -8.51538
62.9164 -8.52538
62.9159 -8.53538
62.9155 -8.54538
62.915 -8.55538
62.9146 -8.56538
62.9142 -8.57538
62.9138 -8.58538
62.9135 -8.59538
62.9132 -8.60538
62.9129 -8.61538
62.9126 -8.62538
62.9123 -8.63538
62.912 -8.64538
62.9117 -8.65538
62.9115 -8.66538
62.9112 -8.67538
62.9109 -8.68538
62.9106 -8.69538
62.9103 -8.70538
62.91 -8.71538
62.9097 -8.72538
62.9094 -8.73538
62.9092 -8.74538
62.9089 -8.75538
62.9086 -8.76538
62.9083 -8.77538
62.908 -8.78538
62.9077 -8.79538
62.9074 -8.80538
62.9072 -8.81538
62.9069 -8.82538
62.9066 -8.83538
62.9063 -8.84538
62.906 -8.85538
62.9057 -8.86538
62.9054 -8.87538
62.9052 -8.88538
62.9049 -8.89538
62.9046 -8.90538
62.9043 -8.91538
62.904 -8.92538
62.9037 -8.93538
62.9034 -8.94538
62.9032 -8.95538
62.9029 -8.96538
62.9026 -8.97538
62.9023 -8.98538
62.902 -8.99538
62.9017 -9.00538
62.9015 -9.01538
62.9012 -9.02538
62.9009 -9.03538
62.9006 -9.04538
62.9003 -9.05538
62.9 -9.06538
62.8998 -9.07538
62.8995 -9.08538
62.8992 -9.09538
62.8989 -9.10538
62.8986 -9.11538
62.8983 -9.12538
62.8981 -9.13538
62.8978 -9.14538
62.8975 -9.15538
62.8972 -9.16538
62.8969 -9.17538
62.8966 -9.18538
62.8964 -9.19538
62.8961 -9.20538
62.8958 -9.21538
62.8955 -9.22538
62.8952 -9.23538
62.895 -9.24538
62.8947 -9.25538
62.8944 -9.26538
62.8941 -9.27538
62.8938 -9.28538
62.8936 -9.29538
62.8933 -9.30538
62.893 -9.31538
62.8927 -9.32538
62.8924 -9.33538
62.8922 -9.34538
62.8919 -9.35538
62.8916 -9.36538
62.8913 -9.37538
62.891 -9.38538
62.8908 -9.39538
62.8905 -9.40538
62.8902 -9.41538
62.8899 -9.42538
62.8896 -9.43538
62.8894 -9.44538
62.8891 -9.45538
62.8888 -9.46538
62.8885 -9.47538
62.8882 -9.48538
62.888 -9.49538
62.8877 -9.50538
62.8874 -9.51538
62.8871 -9.52538
62.8869 -9.53538
62.8866 -9.54538
62.8863 -9.55538
62.886 -9.56538
62.8857 -9.57538
62.8855 -9.58538
62.8852 -9.59538
62.8849 -9.60538
62.8846 -9.61538
62.8844 -9.62538
62.8841 -9.63538
62.8838 -9.64538
62.8835 -9.65538
62.8832 -9.66538
62.883 -9.67538
62.8827 -9.68538
62.8824 -9.69538
62.8821 -9.70538
62.8819 -9.71538
62.8816 -9.72538
62.8813 -9.73538
62.881 -9.74538
62.8808 -9.75538
62.8805 -9.76538
62.8802 -9.77538
62.8799 -9.78538
62.8797 -9.79538
62.8794 -9.80538
62.8791 -9.81538
62.8788 -9.82538
62.8786 -9.83538
62.8783 -9.84538
62.878 -9.85538
62.8777 -9.86538
62.8775 -9.87538
62.8772 -9.88538
62.8769 -9.89538
62.8766 -9.90538
62.8764 -9.91538
62.8761 -9.92538
62.8758 -9.93538
62.8755 -9.94538
62.8753 -9.95538
62.875 -9.96538
62.8747 -9.97538
62.8745 -9.98538
62.8742 -9.99538
62.8739 -10.0054
62.8736 -10.0154
62.8734 -10.0254
62.8731 -10.0354
62.8728 -10.0454
62.8726 -10.0554
62.8723 -10.0654
62.872 -10.0754
62.8717 -10.0854
62.8715 -10.0954
62.8712 -10.1054
62.8709 -10.1154
62.8706 -10.1254
62.8704 -10.1354
62.8701 -10.1454
62.8698 -10.1554
62.8696 -10.1654
62.8693 -10.1754
62.869 -10.1854
62.8688 -10.1954
62.8685 -10.2054
62.8682 -10.2154
62.8679 -10.2254
62.8677 -10.2354
62.8674 -10.2454
62.8671 -10.2554
62.8669 -10.2654
62.8666 -10.2754
62.8663 -10.2854
62.8661 -10.2954
62.8658 -10.3054
62.8655 -10.3154
62.8652 -10.3254
62.865 -10.3354
62.8647 -10.3454
62.8644 -10.3554
62.8642 -10.3654
62.8639 -10.3754
62.8636 -10.3854
62.8634 -10.3954
62.8631 -10.4054
62.8628 -10.4154
62.8626 -10.4254
62.8623 -10.4354
62.862 -10.4454
62.8618 -10.4554
62.8615 -10.4654
62.8612 -10.4754
62.861 -10.4854
62.8607 -10.4954
62.8604 -10.5054
62.8602 -10.5154
62.8599 -10.5254
62.8596 -10.5354
62.8594 -10.5454
62.8591 -10.5554
62.8588 -10.5654
62.8586 -10.5754
62.8583 -10.5854
62.858 -10.5954
62.8578 -10.6054
62.8575 -10.6154
62.8572 -10.6254
62.857 -10.6354
62.8567 -10.6454
62.8564 -10.6554
62.8562 -10.6654
62.8559 -10.6754
62.8556 -10.6854
62.8554 -10.6954
62.8551 -10.7054
62.8548 -10.7154
62.8546 -10.7254
62.8543 -10.7354
62.854 -10.7454
62.8538 -10.7554
62.8535 -10.7654
62.8533 -10.7754
62.853 -10.7854
62.8527 -10.7954
62.8525 -10.8054
62.8522 -10.8154
62.8519 -10.8254
62.8517 -10.8354
62.8514 -10.8454
62.8511 -10.8554
62.8509 -10.8654
62.8506 -10.8754
62.8504 -10.8854
62.8501 -10.8954
62.8498 -10.9054
62.8496 -10.9154
62.8493 -10.9254
62.849 -10.9354
62.8488 -10.9454
62.8485 -10.9554
62.8483 -10.9654
62.848 -10.9754
62.8477 -10.9854
62.8475 -10.9954
62.8472 -11.0054
62.847 -11.0154
62.8467 -11.0254
62.8464 -11.0354
62.8462 -11.0454
62.8459 -11.0554
62.8456 -11.0654
62.8454 -11.0754
62.8451 -11.0854
62.8449 -11.0954
62.8446 -11.1054
62.8443 -11.1154
62.8441 -11.1254
62.8438 -11.1354
62.8436 -11.1454
62.8433 -11.1554
62.843 -11.1654
62.8428 -11.1754
62.8425 -11.1854
62.8423 -11.1954
62.842 -11.2054
62.8418 -11.2154
62.8415 -11.2254
62.8412 -11.2354
62.841 -11.2454
62.8407 -11.2554
62.8405 -11.2654
62.8402 -11.2754
62.8399 -11.2854
62.8397 -11.2954
62.8394 -11.3054
62.8392 -11.3154
62.8389 -11.3254
62.8387 -11.3354
62.8384 -11.3454
62.8381 -11.3554
62.8379 -11.3654
62.8376 -11.3754
62.8374 -11.3854
62.8371 -11.3954
62.8369 -11.4054
62.8366 -11.4154
62.8363 -11.4254
62.8361 -11.4354
62.8358 -11.4454
62.8356 -11.4554
62.8353 -11.4654
62.8351 -11.4754
62.8348 -11.4854
62.8345 -11.4954
62.8343 -11.5054
62.834 -11.5154
62.8338 -11.5254
62.8335 -11.5354
62.8333 -11.5454
62.833 -11.5554
62.8328 -11.5654
62.8325 -11.5754
62.8322 -11.5854
62.832 -11.5954
62.8317 -11.6054
62.8315 -11.6154
62.8312 -11.6254
62.831 -11.6354
62.8307 -11.6454
62.8305 -11.6554
62.8302 -11.6654
62.83 -11.6754
62.8297 -11.6854
62.8295 -11.6954
62.8292 -11.7054
62.8289 -11.7154
62.8287 -11.7254
62.8284 -11.7354
62.8282 -11.7454
62.8279 -11.7554
62.8277 -11.7654
62.8274 -11.7754
62.8272 -11.7854
62.8269 -11.7954
62.8267 -11.8054
62.8264 -11.8154
62.8262 -11.8254
62.8259 -11.8354
62.8257 -11.8454
62.8254 -11.8554
62.8252 -11.8654
62.8249 -11.8754
62.8247 -11.8854
62.8244 -11.8954
62.8242 -11.9054
62.8239 -11.9154
62.8237 -11.9254
62.8234 -11.9354
62.8232 -11.9454
62.8229 -11.9554
62.8226 -11.9654
62.8224 -11.9754
62.8221 -11.9854
62.8219 -11.9954
62.8216 -12.0054
62.8214 -12.0154
62.8211 -12.0254
62.8209 -12.0354
62.8206 -12.0454
62.8204 -12.0554
62.8202 -12.0654
62.8199 -12.0754
62.8197 -12.0854
62.8194 -12.0954
62.8192 -12.1054
62.8189 -12.1154
62.8187 -12.1254
62.8184 -12.1354
62.8182 -12.1454
62.8179 -12.1554
62.8177 -12.1654
62.8174 -12.1754
62.8172 -12.1854
62.8169 -12.1954
62.8167 -12.2054
62.8164 -12.2154
62.8162 -12.2254
62.8159 -12.2354
62.8157 -12.2454
62.8154 -12.2554
62.8152 -12.2654
62.8149 -12.2754
62.8147 -12.2854
62.8144 -12.2954
62.8142 -12.3054
62.814 -12.3154
62.8137 -12.3254
62.8135 -12.3354
62.8132 -12.3454
62.813 -12.3554
62.8127 -12.3654
62.8125 -12.3754
62.8122 -12.3854
62.812 -12.3954
62.8117 -12.4054
62.8115 -12.4154
62.8112 -12.4254
62.811 -12.4354
62.8108 -12.4454
62.8105 -12.4554
62.8103 -12.4654
62.81 -12.4754
62.8098 -12.4854
62.8095 -12.4954
62.8093 -12.5054
62.809 -12.5154
62.8088 -12.5254
62.8086 -12.5354
62.8083 -12.5454
62.8081 -12.5554
62.8078 -12.5654
62.8076 -12.5754
62.8073 -12.5854
62.8071 -12.5954
62.8068 -12.6054
62.8066 -12.6154
62.8064 -12.6254
62.8061 -12.6354
62.8059 -12.6454
62.8056 -12.6554
62.8054 -12.6654
62.8051 -12.6754
62.8049 -12.6854
62.8047 -12.6954
62.8044 -12.7054
62.8042 -12.7154
62.8039 -12.7254
62.8037 -12.7354
62.8035 -12.7454
62.8032 -12.7554
62.803 -12.7654
62.8027 -12.7754
62.8025 -12.7854
62.8022 -12.7954
62.802 -12.8054
62.8018 -12.8154
62.8015 -12.8254
62.8013 -12.8354
62.801 -12.8454
62.8008 -12.8554
62.8006 -12.8654
62.8003 -12.8754
62.8001 -12.8854
62.7998 -12.8954
62.7996 -12.9054
62.7994 -12.9154
62.7991 -12.9254
62.7989 -12.9354
62.7986 -12.9454
62.7984 -12.9554
62.7982 -12.9654
62.7979 -12.9754
62.7977 -12.9854
62.7974 -12.9954
62.7972 -13.0054
62.797 -13.0154
62.7967 -13.0254
62.7965 -13.0354
62.7963 -13.0454
62.796 -13.0554
62.7958 -13.0654
62.7955 -13.0754
62.7953 -13.0854
62.7951 -13.0954
62.7948 -13.1054
62.7946 -13.1154
62.7944 -13.1254
62.7941 -13.1354
62.7939 -13.1454
62.7936 -13.1554
62.7934 -13.1654
62.7932 -13.1754
62.7929 -13.1854
62.7927 -13.1954
62.7925 -13.2054
62.7922 -13.2154
62.792 -13.2254
62.7917 -13.2354
62.7915 -13.2454
62.7913 -13.2554
62.791 -13.2654
62.7908 -13.2754
62.7906 -13.2854
62.7903 -13.2954
62.7901 -13.3054
62.7899 -13.3154
62.7896 -13.3254
62.7894 -13.3354
62.7892 -13.3454
62.7889 -13.3554
62.7887 -13.3654
62.7885 -13.3754
62.7882 -13.3854
62.788 -13.3954
62.7877 -13.4054
62.7875 -13.4154
62.7873 -13.4254
62.787 -13.4354
62.7868 -13.4454
62.7866 -13.4554
62.7863 -13.4654
62.7861 -13.4754
62.7859 -13.4854
62.7856 -13.4954
62.7854 -13.5054
62.7852 -13.5154
62.7849 -13.5254
62.7847 -13.5354
62.7845 -13.5454
62.7842 -13.5554
62.784 -13.5654
62.7838 -13.5754
62.7835 -13.5854
62.7833 -13.5954
62.7831 -13.6054
62.7829 -13.6154
62.7826 -13.6254
62.7824 -13.6354
62.7822 -13.6454
62.7819 -13.6554
62.7817 -13.6654
62.7815 -13.6754
62.7812 -13.6854
62.781 -13.6954
62.7808 -13.7054
62.7805 -13.7154
62.7803 -13.7254
62.7801 -13.7354
62.7798 -13.7454
62.7796 -13.7554
62.7794 -13.7654
62.7792 -13.7754
62.7789 -13.7854
62.7787 -13.7954
62.7785 -13.8054
62.7782 -13.8154
62.778 -13.8254
62.7778 -13.8354
62.7775 -13.8454
62.7773 -13.8554
62.7771 -13.8654
62.7769 -13.8754
62.7766 -13.8854
62.7764 -13.8954
62.7762 -13.9054
62.7759 -13.9154
62.7757 -13.9254
62.7755 -13.9354
62.7753 -13.9454
62.775 -13.9554
62.7748 -13.9654
62.7746 -13.9754
62.7743 -13.9854
62.7741 -13.9954
62.7739 -14.0054
62.7737 -14.0154
62.7734 -14.0254
62.7732 -14.0354
62.773 -14.0454
62.7728 -14.0554
62.7725 -14.0654
62.7723 -14.0754
62.7721 -14.0854
62.7718 -14.0954
62.7716 -14.1054
62.7714 -14.1154
62.7712 -14.1254
62.7709 -14.1354
62.7707 -14.1454
62.7705 -14.1554
62.7703 -14.1654
62.77 -14.1754
62.7698 -14.1854
62.7696 -14.1954
62.7694 -14.2054
62.7691 -14.2154
62.7689 -14.2254
62.7687 -14.2354
62.7685 -14.2454
62.7682 -14.2554
62.768 -14.2654
62.7678 -14.2754
62.7676 -14.2854
62.7673 -14.2954
62.7671 -14.3054
62.7669 -14.3154
62.7667 -14.3254
62.7664 -14.3354
62.7662 -14.3454
62.766 -14.3554
62.7658 -14.3654
62.7655 -14.3754
62.7653 -14.3854
62.7651 -14.3954
62.7649 -14.4054
62.7647 -14.4154
62.7644 -14.4254
62.7642 -14.4354
62.764 -14.4454
62.7638 -14.4554
62.7635 -14.4654
62.7633 -14.4754
62.7631 -14.4854
62.7629 -14.4954
62.7627 -14.5054
62.7624 -14.5154
62.7622 -14.5254
62.762 -14.5354
62.7618 -14.5454
62.7615 -14.5554
62.7613 -14.5654
62.7611 -14.5754
62.7609 -14.5854
62.7607 -14.5954
62.7604 -14.6054
62.7602 -14.6154
62.76 -14.6254
62.7598 -14.6354
62.7596 -14.6454
62.7593 -14.6554
62.7591 -14.6654
62.7589 -14.6754
62.7587 -14.6854
62.7585 -14.6954
62.7582 -14.7054
62.758 -14.7154
62.7578 -14.7254
62.7576 -14.7354
62.7574 -14.7454
62.7571 -14.7554
62.7569 -14.7654
62.7567 -14.7754
62.7565 -14.7854
62.7563 -14.7954
62.756 -14.8054
62.7558 -14.8154
62.7556 -14.8254
62.7554 -14.8354
62.7552 -14.8454
62.755 -14.8554
62.7547 -14.8654
62.7545 -14.8754
62.7543 -14.8854
62.7541 -14.8954
62.7539 -14.9054
62.7536 -14.9154
62.7534 -14.9254
62.7532 -14.9354
62.753 -14.9454
62.7528 -14.9554
62.7526 -14.9654
62.7523 -14.9754
62.7521 -14.9854
62.7519 -14.9954
62.7517 -15.0054
62.7515 -15.0154
62.7513 -15.0254
62.751 -15.0354
62.7508 -15.0454
62.7506 -15.0554
62.7504 -15.0654
62.7502 -15.0754
62.75 -15.0854
62.7498 -15.0954
62.7495 -15.1054
62.7493 -15.1154
62.7491 -15.1254
62.7489 -15.1354
62.7487 -15.1454
62.7485 -15.1554
62.7483 -15.1654
62.748 -15.1754
62.7478 -15.1854
62.7476 -15.1954
62.7474 -15.2054
62.7472 -15.2154
62.747 -15.2254
62.7468 -15.2354
62.7465 -15.2454
62.7463 -15.2554
62.7461 -15.2654
62.7459 -15.2754
62.7457 -15.2854
62.7455 -15.2954
62.7453 -15.3054
62.745 -15.3154
62.7448 -15.3254
62.7446 -15.3354
62.7444 -15.3454
62.7442 -15.3554
62.744 -15.3654
62.7438 -15.3754
62.7436 -15.3854
62.7433 -15.3954
62.7431 -15.4054
62.7429 -15.4154
62.7427 -15.4254
62.7425 -15.4354
62.7423 -15.4454
62.7421 -15.4554
62.7419 -15.4654
62.7417 -15.4754
62.7414 -15.4854
62.7412 -15.4954
62.741 -15.5054
62.7408 -15.5154
62.7406 -15.5254
62.7404 -15.5354
62.7402 -15.5454
62.74 -15.5554
62.7398 -15.5654
62.7395 -15.5754
62.7393 -15.5854
62.7391 -15.5954
62.7389 -15.6054
62.7387 -15.6154
62.7385 -15.6254
62.7383 -15.6354
62.7381 -15.6454
62.7379 -15.6554
62.7377 -15.6654
62.7375 -15.6754
62.7372 -15.6854
62.737 -15.6954
62.7368 -15.7054
62.7366 -15.7154
62.7364 -15.7254
62.7362 -15.7354
62.736 -15.7454
62.7358 -15.7554
62.7356 -15.7654
62.7354 -15.7754
62.7352 -15.7854
62.735 -15.7954
62.7347 -15.8054
62.7345 -15.8154
62.7343 -15.8254
62.7341 -15.8354
62.7339 -15.8454
62.7337 -15.8554
62.7335 -15.8654
62.7333 -15.8754
62.7331 -15.8854
62.7329 -15.8954
62.7327 -15.9054
62.7325 -15.9154
62.7323 -15.9254
62.7321 -15.9354
62.7319 -15.9454
62.7317 -15.9554
62.7314 -15.9654
62.7312 -15.9754
62.731 -15.9854
62.7308 -15.9954
62.7306 -16.0054
62.7304 -16.0154
62.7302 -16.0254
62.73 -16.0354
62.7298 -16.0454
62.7296 -16.0554
62.7294 -16.0654
62.7292 -16.0754
62.729 -16.0854
62.7288 -16.0954
62.7286 -16.1054
62.7284 -16.1154
62.7282 -16.1254
62.728 -16.1354
62.7278 -16.1454
62.7276 -16.1554
62.7274 -16.1654
62.7272 -16.1754
62.7269 -16.1854
62.7267 -16.1954
62.7265 -16.2054
62.7263 -16.2154
62.7261 -16.2254
62.7259 -16.2354
62.7257 -16.2454
62.7255 -16.2554
62.7253 -16.2654
62.7251 -16.2754
62.7249 -16.2854
62.7247 -16.2954
62.7245 -16.3054
62.7243 -16.3154
62.7241 -16.3254
62.7239 -16.3354
62.7237 -16.3454
62.7235 -16.3554
62.7233 -16.3654
62.7231 -16.3754
62.7229 -16.3854
62.7227 -16.3954
62.7225 -16.4054
62.7223 -16.4154
62.7221 -16.4254
62.7219 -16.4354
62.7217 -16.4454
62.7215 -16.4554
62.7213 -16.4654
62.7211 -16.4754
62.7209 -16.4854
62.7207 -16.4954
62.7205 -16.5054
62.7203 -16.5154
62.7201 -16.5254
62.7199 -16.5354
62.7197 -16.5454
62.7195 -16.5554
62.7193 -16.5654
62.7191 -16.5754
62.7189 -16.5854
62.7187 -16.5954
62.7185 -16.6054
62.7183 -16.6154
62.7181 -16.6254
62.7179 -16.6354
62.7177 -16.6454
62.7175 -16.6554
62.7173 -16.6654
62.7171 -16.6754
62.7169 -16.6854
62.7167 -16.6954
62.7165 -16.7054
62.7163 -16.7154
62.7161 -16.7254
62.7159 -16.7354
62.7157 -16.7454
62.7156 -16.7554
62.7154 -16.7654
62.7152 -16.7754
62.715 -16.7854
62.7148 -16.7954
62.7146 -16.8054
62.7144 -16.8154
62.7142 -16.8254
62.714 -16.8354
62.7138 -16.8454
62.7136 -16.8554
62.7134 -16.8654
62.7132 -16.8754
62.713 -16.8854
62.7128 -16.8954
62.7126 -16.9054
62.7124 -16.9154
62.7122 -16.9254
62.712 -16.9354
62.7118 -16.9454
62.7116 -16.9554
62.7114 -16.9654
62.7113 -16.9754
62.7111 -16.9854
62.7109 -16.9954
62.7107 -17.0054
62.7105 -17.0154
62.7103 -17.0254
62.7101 -17.0354
62.7099 -17.0454
62.7097 -17.0554
62.7095 -17.0654
62.7093 -17.0754
62.7091 -17.0854
62.7089 -17.0954
62.7087 -17.1054
62.7085 -17.1154
62.7083 -17.1254
62.7082 -17.1354
62.708 -17.1454
62.7078 -17.1554
62.7076 -17.1654
62.7074 -17.1754
62.7072 -17.1854
62.707 -17.1954
62.7068 -17.2054
62.7066 -17.2154
62.7064 -17.2254
62.7062 -17.2354
62.706 -17.2454
62.7059 -17.2554
62.7057 -17.2654
62.7055 -17.2754
62.7053 -17.2854
62.7051 -17.2954
62.7049 -17.3054
62.7047 -17.3154
62.7045 -17.3254
62.7043 -17.3354
62.7041 -17.3454
62.7039 -17.3554
62.7038 -17.3654
62.7036 -17.3754
62.7034 -17.3854
62.7032 -17.3954
62.703 -17.4054
62.7028 -17.4154
62.7026 -17.4254
62.7024 -17.4354
62.7022 -17.4454
62.7021 -17.4554
62.7019 -17.4654
62.7017 -17.4754
62.7015 -17.4854
62.7013 -17.4954
62.7011 -17.5054
62.7009 -17.5154
62.7007 -17.5254
62.7005 -17.5354
62.7004 -17.5454
62.7002 -17.5554
62.7 -17.5654
62.6998 -17.5754
62.6996 -17.5854
62.6994 -17.5954
62.6992 -17.6054
62.699 -17.6154
62.6989 -17.6254
62.6987 -17.6354
62.6985 -17.6454
62.6983 -17.6554
62.6981 -17.6654
62.6979 -17.6754
62.6977 -17.6854
62.6975 -17.6954
62.6974 -17.7054
62.6972 -17.7154
62.697 -17.7254
62.6968 -17.7354
62.6966 -17.7454
62.6964 -17.7554
62.6962 -17.7654
62.6961 -17.7754
62.6959 -17.7854
62.6957 -17.7954
62.6955 -17.8054
62.6953 -17.8154
62.6951 -17.8254
62.695 -17.8354
62.6948 -17.8454
62.6946 -17.8554
62.6944 -17.8654
62.6942 -17.8754
62.694 -17.8854
62.6938 -17.8954
62.6937 -17.9054
62.6935 -17.9154
62.6933 -17.9254
62.6931 -17.9354
62.6929 -17.9454
62.6927 -17.9554
62.6926 -17.9654
62.6924 -17.9754
62.6922 -17.9854
62.692 -17.9954
62.6918 -18.0054
62.6916 -18.0154
62.6915 -18.0254
62.6913 -18.0354
62.6911 -18.0454
62.6909 -18.0554
62.6907 -18.0654
62.6906 -18.0754
62.6904 -18.0854
62.6902 -18.0954
62.69 -18.1054
62.6898 -18.1154
62.6896 -18.1254
62.6895 -18.1354
62.6893 -18.1454
62.6891 -18.1554
62.6889 -18.1654
62.6887 -18.1754
62.6886 -18.1854
62.6884 -18.1954
62.6882 -18.2054
62.688 -18.2154
62.6878 -18.2254
62.6877 -18.2354
62.6875 -18.2454
62.6873 -18.2554
62.6871 -18.2654
62.6869 -18.2754
62.6868 -18.2854
62.6866 -18.2954
62.6864 -18.3054
62.6862 -18.3154
62.686 -18.3254
62.6859 -18.3354
62.6857 -18.3454
62.6855 -18.3554
62.6853 -18.3654
62.6851 -18.3754
62.685 -18.3854
62.6848 -18.3954
62.6846 -18.4054
62.6844 -18.4154
62.6842 -18.4254
62.6841 -18.4354
62.6839 -18.4454
62.6837 -18.4554
62.6835 -18.4654
62.6834 -18.4754
62.6832 -18.4854
62.683 -18.4954
62.6828 -18.5054
62.6826 -18.5154
62.6825 -18.5254
62.6823 -18.5354
62.6821 -18.5454
62.6819 -18.5554
62.6818 -18.5654
62.6816 -18.5754
62.6814 -18.5854
62.6812 -18.5954
62.6811 -18.6054
62.6809 -18.6154
62.6807 -18.6254
62.6805 -18.6354
62.6804 -18.6454
62.6802 -18.6554
62.68 -18.6654
62.6798 -18.6754
62.6797 -18.6854
62.6795 -18.6954
62.6793 -18.7054
62.6791 -18.7154
62.679 -18.7254
62.6788 -18.7354
62.6786 -18.7454
62.6784 -18.7554
62.6783 -18.7654
62.6781 -18.7754
62.6779 -18.7854
62.6777 -18.7954
62.6776 -18.8054
62.6774 -18.8154
62.6772 -18.8254
62.677 -18.8354
62.6769 -18.8454
62.6767 -18.8554
62.6765 -18.8654
62.6763 -18.8754
62.6762 -18.8854
62.676 -18.8954
62.6758 -18.9054
62.6757 -18.9154
62.6755 -18.9254
62.6753 -18.9354
62.6751 -18.9454
62.675 -18.9554
62.6748 -18.9654
62.6746 -18.9754
62.6744 -18.9854
62.6743 -18.9954
62.6741 -19.0054
62.6739 -19.0154
62.6738 -19.0254
62.6736 -19.0354
62.6734 -19.0454
62.6732 -19.0554
62.6731 -19.0654
62.6729 -19.0754
62.6727 -19.0854
62.6726 -19.0954
62.6724 -19.1054
62.6722 -19.1154
62.6721 -19.1254
62.6719 -19.1354
62.6717 -19.1454
62.6715 -19.1554
62.6714 -19.1654
62.6712 -19.1754
62.671 -19.1854
62.6709 -19.1954
62.6707 -19.2054
62.6705 -19.2154
62.6704 -19.2254
62.6702 -19.2354
62.67 -19.2454
62.6698 -19.2554
62.6697 -19.2654
62.6695 -19.2754
62.6693 -19.2854
62.6692 -19.2954
62.669 -19.3054
62.6688 -19.3154
62.6687 -19.3254
62.6685 -19.3354
62.6684 -19.3454
62.6682 -19.3554
62.668 -19.3654
62.6679 -19.3754
62.6677 -19.3854
62.6676 -19.3954
62.6674 -19.4054
62.6672 -19.4154
62.6671 -19.4254
62.6669 -19.4354
62.6668 -19.4454
62.6666 -19.4554
62.6665 -19.4654
62.6663 -19.4754
62.6662 -19.4854
62.666 -19.4954
62.6658 -19.5054
62.6657 -19.5154
62.6655 -19.5254
62.6654 -19.5354
62.6652 -19.5454
62.6651 -19.5554
62.6649 -19.5654
62.6647 -19.5754
62.6646 -19.5854
62.6644 -19.5954
62.6643 -19.6054
62.6641 -19.6154
62.664 -19.6254
62.6638 -19.6354
62.6637 -19.6454
62.6635 -19.6554
62.6633 -19.6654
62.6632 -19.6754
62.663 -19.6854
62.6629 -19.6954
62.6627 -19.7054
62.6626 -19.7154
62.6625 -19.7254
62.6623 -19.7354
62.6622 -19.7454
62.6621 -19.7554
62.6619 -19.7654
62.6618 -19.7754
62.6617 -19.7854
62.6615 -19.7954
62.6614 -19.8054
62.6613 -19.8154
62.6611 -19.8254
62.661 -19.8354
62.6609 -19.8454
62.6607 -19.8554
62.6606 -19.8654
62.6605 -19.8754
62.6603 -19.8854
62.6602 -19.8954
62.6601 -19.9054
62.6599 -19.9154
62.6598 -19.9254
62.6597 -19.9354
62.6595 -19.9454
62.6594 -19.9554
62.6593 -19.9654
62.6591 -19.9754
62.659 -19.9854
62.6589 -19.9954
62.6587 -20.0054
62.6586 -20.0154
62.6585 -20.0254
62.6583 -20.0354
62.6582 -20.0454
62.6581 -20.0554
62.6579 -20.0654
62.6578 -20.0754
62.6577 -20.0854
62.6576 -20.0954
62.6575 -20.1054
62.6573 -20.1154
62.6572 -20.1254
62.6571 -20.1354
62.657 -20.1454
62.6568 -20.1554
62.6567 -20.1654
62.6566 -20.1754
62.6565 -20.1854
62.6564 -20.1954
62.6562 -20.2054
62.6561 -20.2154
62.656 -20.2254
62.6559 -20.2354
62.6558 -20.2454
62.6557 -20.2554
62.6556 -20.2654
62.6555 -20.2754
62.6554 -20.2854
62.6553 -20.2954
62.6552 -20.3054
62.6551 -20.3154
62.655 -20.3254
62.6549 -20.3354
62.6548 -20.3454
62.6547 -20.3554
62.6546 -20.3654
62.6545 -20.3754
62.6544 -20.3854
62.6543 -20.3954
62.6542 -20.4054
62.6541 -20.4154
62.654 -20.4254
62.6539 -20.4354
62.6538 -20.4454
62.6537 -20.4554
62.6536 -20.4654
62.6535 -20.4754
62.6535 -20.4854
62.6534 -20.4954
62.6533 -20.5054
62.6532 -20.5154
62.6531 -20.5254
62.653 -20.5354
62.6529 -20.5454
62.6529 -20.5554
62.6528 -20.5654
62.6527 -20.5754
62.6526 -20.5854
62.6526 -20.5954
62.6525 -20.6054
62.6524 -20.6154
62.6523 -20.6254
62.6523 -20.6354
62.6522 -20.6454
62.6521 -20.6554
62.652 -20.6654
62.652 -20.6754
62.6519 -20.6854
62.6518 -20.6954
62.6517 -20.7054
62.6517 -20.7154
62.6516 -20.7254
62.6515 -20.7354
62.6514 -20.7454
62.6514 -20.7554
62.6513 -20.7654
62.6513 -20.7754
62.6512 -20.7854
62.6511 -20.7954
62.6511 -20.8054
62.651 -20.8154
62.651 -20.8254
62.6509 -20.8354
62.6509 -20.8454
62.6508 -20.8554
62.6508 -20.8654
62.6507 -20.8754
62.6506 -20.8854
62.6506 -20.8954
62.6505 -20.9054
62.6505 -20.9154
62.6504 -20.9254
62.6504 -20.9354
62.6503 -20.9454
62.6503 -20.9554
62.6502 -20.9654
62.6502 -20.9754
62.6501 -20.9854
62.6501 -20.9954
62.65 -21.0054
62.65 -21.0154
62.6499 -21.0254
62.6498 -21.0354
62.6498 -21.0454
62.6497 -21.0554
62.6497 -21.0654
62.6496 -21.0754
62.6496 -21.0854
62.6495 -21.0954
62.6495 -21.1054
62.6494 -21.1154
62.6494 -21.1254
62.6494 -21.1354
62.6493 -21.1454
62.6493 -21.1554
62.6492 -21.1654
62.6492 -21.1754
62.6492 -21.1854
62.6492 -21.1954
62.6491 -21.2054
62.6491 -21.2154
62.6491 -21.2254
62.6491 -21.2354
62.6491 -21.2454
62.649 -21.2554
62.649 -21.2654
62.649 -21.2754
62.649 -21.2854
62.649 -21.2954
62.6489 -21.3054
62.6489 -21.3154
62.6489 -21.3254
62.6489 -21.3354
62.6489 -21.3454
62.6488 -21.3554
62.6488 -21.3654
62.6488 -21.3754
62.6488 -21.3854
62.6488 -21.3954
62.6488 -21.4054
62.6487 -21.4154
62.6487 -21.4254
62.6487 -21.4354
62.6487 -21.4454
62.6487 -21.4554
62.6486 -21.4654
62.6486 -21.4754
62.6486 -21.4854
62.6486 -21.4954
62.6486 -21.5054
62.6486 -21.5154
62.6485 -21.5254
62.6485 -21.5354
62.6485 -21.5454
62.6485 -21.5554
62.6485 -21.5654
62.6485 -21.5754
62.6484 -21.5854
62.6484 -21.5954
62.6484 -21.6054
62.6484 -21.6154
62.6484 -21.6254
62.6484 -21.6354
62.6483 -21.6454
62.6483 -21.6554
62.6483 -21.6654
62.6483 -21.6754
62.6483 -21.6854
62.6483 -21.6954
62.6483 -21.7054
62.6482 -21.7154
62.6482 -21.7254
62.6482 -21.7354
62.6482 -21.7454
62.6482 -21.7554
62.6482 -21.7654
62.6482 -21.7754
62.6481 -21.7854
62.6481 -21.7954
62.6481 -21.8054
62.6481 -21.8154
62.6481 -21.8254
62.6481 -21.8354
62.6482 -21.8454
62.6482 -21.8554
62.6482 -21.8654
62.6482 -21.8754
62.6482 -21.8854
62.6482 -21.8954
62.6482 -21.9054
62.6482 -21.9154
62.6482 -21.9254
62.6482 -21.9354
62.6482 -21.9454
62.6482 -21.9554
62.6482 -21.9654
62.6482 -21.9754
62.6482 -21.9854
62.6482 -21.9954
62.6482 -22.0054
62.6483 -22.0154
62.6483 -22.0254
62.6483 -22.0354
62.6483 -22.0454
62.6483 -22.0554
62.6483 -22.0654
62.6483 -22.0754
62.6483 -22.0854
62.6483 -22.0954
62.6483 -22.1054
62.6483 -22.1154
62.6483 -22.1254
62.6483 -22.1354
62.6484 -22.1454
62.6484 -22.1554
62.6484 -22.1654
62.6484 -22.1754
62.6484 -22.1854
62.6484 -22.1954
62.6484 -22.2054
62.6484 -22.2154
62.6484 -22.2254
62.6484 -22.2354
62.6485 -22.2454
62.6485 -22.2554
62.6485 -22.2654
62.6485 -22.2754
62.6485 -22.2854
62.6486 -22.2954
62.6486 -22.3054
62.6486 -22.3154
62.6486 -22.3254
62.6486 -22.3354
62.6487 -22.3454
62.6487 -22.3554
62.6487 -22.3654
62.6487 -22.3754
62.6487 -22.3854
62.6487 -22.3954
62.6488 -22.4054
62.6488 -22.4154
62.6488 -22.4254
62.6488 -22.4354
62.6488 -22.4454
62.6489 -22.4554
62.6489 -22.4654
62.6489 -22.4754
62.6489 -22.4854
62.649 -22.4954
62.649 -22.5054
62.649 -22.5154
62.649 -22.5254
62.649 -22.5354
62.6491 -22.5454
62.6491 -22.5554
62.6491 -22.5654
62.6491 -22.5754
62.6491 -22.5854
62.6492 -22.5954
62.6492 -22.6054
62.6492 -22.6154
62.6492 -22.6254
62.6493 -22.6354
62.6493 -22.6454
62.6493 -22.6554
62.6493 -22.6654
62.6493 -22.6754
62.6494 -22.6854
62.6494 -22.6954
62.6494 -22.7054
62.6494 -22.7154
62.6495 -22.7254
62.6495 -22.7354
62.6495 -22.7454
62.6495 -22.7554
62.6496 -22.7654
62.6496 -22.7754
62.6496 -22.7854
62.6496 -22.7954
62.6497 -22.8054
62.6497 -22.8154
62.6497 -22.8254
62.6497 -22.8354
62.6498 -22.8454
62.6498 -22.8554
62.6498 -22.8654
62.6498 -22.8754
62.6499 -22.8854
62.6499 -22.8954
62.6499 -22.9054
62.6499 -22.9154
62.65 -22.9254
62.65 -22.9354
62.65 -22.9454
62.65 -22.9554
62.6501 -22.9654
62.6501 -22.9754
62.6501 -22.9854
62.6501 -22.9954
62.6502 -23.0054
62.6502 -23.0154
62.6502 -23.0254
62.6502 -23.0354
62.6503 -23.0454
62.6503 -23.0554
62.6503 -23.0654
62.6504 -23.0754
62.6504 -23.0854
62.6504 -23.0954
62.6504 -23.1054
62.6505 -23.1154
62.6505 -23.1254
62.6505 -23.1354
62.6505 -23.1454
62.6506 -23.1554
62.6506 -23.1654
62.6506 -23.1754
62.6507 -23.1854
62.6507 -23.1954
62.6507 -23.2054
62.6507 -23.2154
62.6508 -23.2254
62.6508 -23.2354
62.6508 -23.2454
62.6509 -23.2554
62.6509 -23.2654
62.6509 -23.2754
62.651 -23.2854
62.651 -23.2954
62.651 -23.3054
62.651 -23.3154
62.6511 -23.3254
62.6511 -23.3354
62.6511 -23.3454
62.6512 -23.3554
62.6512 -23.3654
62.6512 -23.3754
62.6513 -23.3854
62.6513 -23.3954
62.6513 -23.4054
62.6513 -23.4154
62.6514 -23.4254
62.6514 -23.4354
62.6514 -23.4454
62.6515 -23.4554
62.6515 -23.4654
62.6515 -23.4754
62.6516 -23.4854
62.6516 -23.4954
62.6516 -23.5054
62.6517 -23.5154
62.6517 -23.5254
62.6517 -23.5354
62.6518 -23.5454
62.6518 -23.5554
62.6518 -23.5654
62.6519 -23.5754
62.6519 -23.5854
62.6519 -23.5954
62.652 -23.6054
62.652 -23.6154
62.652 -23.6254
62.6521 -23.6354
62.6521 -23.6454
62.6521 -23.6554
62.6522 -23.6654
62.6522 -23.6754
62.6522 -23.6854
62.6523 -23.6954
62.6523 -23.7054
62.6523 -23.7154
62.6524 -23.7254
62.6524 -23.7354
62.6524 -23.7454
62.6525 -23.7554
62.6525 -23.7654
62.6525 -23.7754
62.6526 -23.7854
62.6526 -23.7954
62.6526 -23.8054
62.6527 -23.8154
62.6527 -23.8254
62.6528 -23.8354
62.6528 -23.8454
62.6528 -23.8554
62.6529 -23.8654
62.6529 -23.8754
62.6529 -23.8854
62.653 -23.8954
62.653 -23.9054
62.653 -23.9154
62.6531 -23.9254
62.6531 -23.9354
62.6532 -23.9454
62.6532 -23.9554
62.6532 -23.9654
62.6533 -23.9754
62.6533 -23.9854
62.6533 -23.9954
62.6534 -24.0054
62.6534 -24.0154
62.6535 -24.0254
62.6535 -24.0354
62.6535 -24.0454
62.6536 -24.0554
62.6536 -24.0654
62.6536 -24.0754
62.6537 -24.0854
62.6537 -24.0954
62.6538 -24.1054
62.6538 -24.1154
62.6538 -24.1254
62.6539 -24.1354
62.6539 -24.1454
62.654 -24.1554
62.654 -24.1654
62.654 -24.1754
62.6541 -24.1854
62.6541 -24.1954
62.6542 -24.2054
62.6542 -24.2154
62.6542 -24.2254
62.6543 -24.2354
62.6543 -24.2454
62.6544 -24.2554
62.6544 -24.2654
62.6544 -24.2754
62.6545 -24.2854
62.6545 -24.2954
62.6546 -24.3054
62.6546 -24.3154
62.6546 -24.3254
62.6547 -24.3354
62.6547 -24.3454
62.6548 -24.3554
62.6548 -24.3654
62.6549 -24.3754
62.6549 -24.3854
62.6549 -24.3954
62.655 -24.4054
62.655 -24.4154
62.6551 -24.4254
62.6551 -24.4354
62.6551 -24.4454
62.6552 -24.4554
62.6552 -24.4654
62.6553 -24.4754
62.6553 -24.4854
62.6554 -24.4954
62.6554 -24.5054
62.6554 -24.5154
62.6555 -24.5254
62.6555 -24.5354
62.6556 -24.5454
62.6556 -24.5554
62.6557 -24.5654
62.6557 -24.5754
62.6558 -24.5854
62.6558 -24.5954
62.6558 -24.6054
62.6559 -24.6154
62.6559 -24.6254
62.656 -24.6354
62.656 -24.6454
62.6561 -24.6554
62.6561 -24.6654
62.6562 -24.6754
62.6562 -24.6854
62.6562 -24.6954
62.6563 -24.7054
62.6563 -24.7154
62.6564 -24.7254
62.6564 -24.7354
62.6565 -24.7454
62.6565 -24.7554
62.6566 -24.7654
62.6566 -24.7754
62.6567 -24.7854
62.6567 -24.7954
62.6568 -24.8054
62.6568 -24.8154
62.6568 -24.8254
62.6569 -24.8354
62.6569 -24.8454
62.657 -24.8554
62.657 -24.8654
62.6571 -24.8754
62.6571 -24.8854
62.6572 -24.8954
62.6572 -24.9054
62.6573 -24.9154
62.6573 -24.9254
62.6574 -24.9354
62.6574 -24.9454
62.6575 -24.9554
62.6575 -24.9654
62.6576 -24.9754
62.6576 -24.9854
62.6577 -24.9954
62.6577 -25.0054
62.6578 -25.0154
62.6578 -25.0254
62.6579 -25.0354
62.6579 -25.0454
62.658 -25.0554
62.658 -25.0654
62.6581 -25.0754
62.6581 -25.0854
62.6582 -25.0954
62.6582 -25.1054
62.6583 -25.1154
62.6583 -25.1254
62.6584 -25.1354
62.6584 -25.1454
62.6585 -25.1554
62.6585 -25.1654
62.6586 -25.1754
62.6586 -25.1854
62.6587 -25.1954
62.6587 -25.2054
62.6588 -25.2154
62.6588 -25.2254
62.6589 -25.2354
62.6589 -25.2454
62.659 -25.2554
62.659 -25.2654
62.6591 -25.2754
62.6591 -25.2854
62.6592 -25.2954
62.6592 -25.3054
62.6593 -25.3154
62.6593 -25.3254
62.6594 -25.3354
62.6594 -25.3454
62.6595 -25.3554
62.6595 -25.3654
62.6596 -25.3754
62.6596 -25.3854
62.6597 -25.3954
62.6597 -25.4054
62.6598 -25.4154
62.6599 -25.4254
62.6599 -25.4354
62.66 -25.4454
62.66 -25.4554
62.6601 -25.4654
62.6601 -25.4754
62.6602 -25.4854
62.6602 -25.4954
62.6603 -25.5054
62.6603 -25.5154
62.6604 -25.5254
62.6605 -25.5354
62.6605 -25.5454
62.6606 -25.5554
62.6606 -25.5654
62.6607 -25.5754
62.6607 -25.5854
62.6608 -25.5954
62.6608 -25.6054
62.6609 -25.6154
62.6609 -25.6254
62.661 -25.6354
62.6611 -25.6454
62.6611 -25.6554
62.6612 -25.6654
62.6612 -25.6754
62.6613 -25.6854
62.6613 -25.6954
62.6614 -25.7054
62.6615 -25.7154
62.6615 -25.7254
62.6616 -25.7354
62.6616 -25.7454
62.6617 -25.7554
62.6617 -25.7654
62.6618 -25.7754
62.6619 -25.7854
62.6619 -25.7954
62.662 -25.8054
62.662 -25.8154
62.6621 -25.8254
62.6621 -25.8354
62.6622 -25.8454
62.6623 -25.8554
62.6623 -25.8654
62.6624 -25.8754
62.6624 -25.8854
62.6625 -25.8954
62.6626 -25.9054
62.6626 -25.9154
62.6627 -25.9254
62.6627 -25.9354
62.6628 -25.9454
62.6628 -25.9554
62.6629 -25.9654
62.663 -25.9754
62.663 -25.9854
62.6631 -25.9954
62.6631 -26.0054
62.6632 -26.0154
62.6633 -26.0254
62.6633 -26.0354
62.6634 -26.0454
62.6634 -26.0554
62.6635 -26.0654
62.6636 -26.0754
62.6636 -26.0854
62.6637 -26.0954
62.6638 -26.1054
62.6638 -26.1154
62.6639 -26.1254
62.6639 -26.1354
62.664 -26.1454
62.6641 -26.1554
62.6641 -26.1654
62.6642 -26.1754
62.6642 -26.1854
62.6643 -26.1954
62.6644 -26.2054
62.6644 -26.2154
62.6645 -26.2254
62.6646 -26.2354
62.6646 -26.2454
62.6647 -26.2554
62.6647 -26.2654
62.6648 -26.2754
62.6649 -26.2854
62.6649 -26.2954
62.665 -26.3054
62.6651 -26.3154
62.6651 -26.3254
62.6652 -26.3354
62.6652 -26.3454
62.6653 -26.3554
62.6654 -26.3654
62.6654 -26.3754
62.6655 -26.3854
62.6656 -26.3954
62.6656 -26.4054
62.6657 -26.4154
62.6658 -26.4254
62.6658 -26.4354
62.6659 -26.4454
62.666 -26.4554
62.666 -26.4654
62.6661 -26.4754
62.6662 -26.4854
62.6662 -26.4954
62.6663 -26.5054
62.6663 -26.5154
62.6664 -26.5254
62.6665 -26.5354
62.6665 -26.5454
62.6666 -26.5554
62.6667 -26.5654
62.6667 -26.5754
62.6668 -26.5854
62.6669 -26.5954
62.6669 -26.6054
62.667 -26.6154
62.6671 -26.6254
62.6671 -26.6354
62.6672 -26.6454
62.6673 -26.6554
62.6673 -26.6654
62.6674 -26.6754
62.6675 -26.6854
62.6675 -26.6954
62.6676 -26.7054
62.6677 -26.7154
62.6678 -26.7254
62.6678 -26.7354
62.6679 -26.7454
62.668 -26.7554
62.668 -26.7654
62.6681 -26.7754
62.6682 -26.7854
62.6682 -26.7954
62.6683 -26.8054
62.6684 -26.8154
62.6684 -26.8254
62.6685 -26.8354
62.6686 -26.8454
62.6686 -26.8554
62.6687 -26.8654
62.6688 -26.8754
62.6689 -26.8854
62.6689 -26.8954
62.669 -26.9054
62.6691 -26.9154
62.6691 -26.9254
62.6692 -26.9354
62.6693 -26.9454
62.6693 -26.9554
62.6694 -26.9654
62.6695 -26.9754
62.6696 -26.9854
62.6696 -26.9954
62.6697 -27.0054
62.6698 -27.0154
62.6698 -27.0254
62.6699 -27.0354
62.67 -27.0454
62.6701 -27.0554
62.6701 -27.0654
62.6702 -27.0754
62.6703 -27.0854
62.6703 -27.0954
62.6704 -27.1054
62.6705 -27.1154
62.6706 -27.1254
62.6706 -27.1354
62.6707 -27.1454
62.6708 -27.1554
62.6708 -27.1654
62.6709 -27.1754
62.671 -27.1854
62.6711 -27.1954
62.6711 -27.2054
62.6712 -27.2154
62.6713 -27.2254
62.6714 -27.2354
62.6714 -27.2454
62.6715 -27.2554
62.6716 -27.2654
62.6717 -27.2754
62.6717 -27.2854
62.6718 -27.2954
62.6719 -27.3054
62.672 -27.3154
62.672 -27.3254
62.6721 -27.3354
62.6722 -27.3454
62.6723 -27.3554
62.6723 -27.3654
62.6724 -27.3754
62.6725 -27.3854
62.6726 -27.3954
62.6726 -27.4054
62.6727 -27.4154
62.6728 -27.4254
62.6729 -27.4354
62.6729 -27.4454
62.673 -27.4554
62.6731 -27.4654
62.6732 -27.4754
62.6732 -27.4854
62.6733 -27.4954
62.6734 -27.5054
62.6735 -27.5154
62.6735 -27.5254
62.6736 -27.5354
62.6737 -27.5454
62.6738 -27.5554
62.6739 -27.5654
62.6739 -27.5754
62.674 -27.5854
62.6741 -27.5954
62.6742 -27.6054
62.6742 -27.6154
62.6743 -27.6254
62.6744 -27.6354
62.6745 -27.6454
62.6746 -27.6554
62.6746 -27.6654
62.6747 -27.6754
62.6748 -27.6854
62.6749 -27.6954
62.6749 -27.7054
62.675 -27.7154
62.6751 -27.7254
62.6752 -27.7354
62.6753 -27.7454
62.6753 -27.7554
62.6754 -27.7654
62.6755 -27.7754
62.6756 -27.7854
62.6757 -27.7954
62.6757 -27.8054
62.6758 -27.8154
62.6759 -27.8254
62.676 -27.8354
62.6761 -27.8454
62.6761 -27.8554
62.6762 -27.8654
62.6763 -27.8754
62.6764 -27.8854
62.6765 -27.8954
62.6765 -27.9054
62.6766 -27.9154
62.6767 -27.9254
62.6768 -27.9354
62.6769 -27.9454
62.677 -27.9554
62.677 -27.9654
62.6771 -27.9754
62.6772 -27.9854
62.6773 -27.9954
62.6774 -28.0054
62.6774 -28.0154
62.6775 -28.0254
62.6776 -28.0354
62.6777 -28.0454
62.6778 -28.0554
62.6779 -28.0654
62.6779 -28.0754
62.678 -28.0854
62.6781 -28.0954
62.6782 -28.1054
62.6783 -28.1154
62.6784 -28.1254
62.6784 -28.1354
62.6785 -28.1454
62.6786 -28.1554
62.6787 -28.1654
62.6788 -28.1754
62.6789 -28.1854
62.6789 -28.1954
62.679 -28.2054
62.6791 -28.2154
62.6792 -28.2254
62.6793 -28.2354
62.6794 -28.2454
62.6795 -28.2554
62.6795 -28.2654
62.6796 -28.2754
62.6797 -28.2854
62.6798 -28.2954
62.6799 -28.3054
62.68 -28.3154
62.6801 -28.3254
62.6801 -28.3354
62.6802 -28.3454
62.6803 -28.3554
62.6804 -28.3654
62.6805 -28.3754
62.6806 -28.3854
62.6807 -28.3954
62.6807 -28.4054
62.6808 -28.4154
62.6809 -28.4254
62.681 -28.4354
62.6811 -28.4454
62.6812 -28.4554
62.6813 -28.4654
62.6814 -28.4754
62.6814 -28.4854
62.6815 -28.4954
62.6816 -28.5054
62.6817 -28.5154
62.6818 -28.5254
62.6819 -28.5354
62.682 -28.5454
62.6821 -28.5554
62.6821 -28.5654
62.6822 -28.5754
62.6823 -28.5854
62.6824 -28.5954
62.6825 -28.6054
62.6826 -28.6154
62.6827 -28.6254
62.6828 -28.6354
62.6829 -28.6454
62.6829 -28.6554
62.683 -28.6654
62.6831 -28.6754
62.6832 -28.6854
62.6833 -28.6954
62.6834 -28.7054
62.6835 -28.7154
62.6836 -28.7254
62.6837 -28.7354
62.6838 -28.7454
62.6838 -28.7554
62.6839 -28.7654
62.684 -28.7754
62.6841 -28.7854
62.6842 -28.7954
62.6843 -28.8054
62.6844 -28.8154
62.6845 -28.8254
62.6846 -28.8354
62.6847 -28.8454
62.6848 -28.8554
62.6848 -28.8654
62.6849 -28.8754
62.685 -28.8854
62.6851 -28.8954
62.6852 -28.9054
62.6853 -28.9154
62.6854 -28.9254
62.6855 -28.9354
62.6856 -28.9454
62.6857 -28.9554
62.6858 -28.9654
62.6859 -28.9754
62.686 -28.9854
62.686 -28.9954
62.6861 -29.0054
62.6862 -29.0154
62.6863 -29.0254
62.6864 -29.0354
62.6865 -29.0454
62.6866 -29.0554
62.6867 -29.0654
62.6868 -29.0754
62.6869 -29.0854
62.687 -29.0954
62.6871 -29.1054
62.6872 -29.1154
62.6873 -29.1254
62.6874 -29.1354
62.6875 -29.1454
62.6876 -29.1554
62.6877 -29.1654
62.6877 -29.1754
62.6878 -29.1854
62.6879 -29.1954
62.688 -29.2054
62.6881 -29.2154
62.6882 -29.2254
62.6883 -29.2354
62.6884 -29.2454
62.6885 -29.2554
62.6886 -29.2654
62.6887 -29.2754
62.6888 -29.2854
62.6889 -29.2954
62.689 -29.3054
62.6891 -29.3154
62.6892 -29.3254
62.6893 -29.3354
62.6894 -29.3454
62.6895 -29.3554
62.6896 -29.3654
62.6897 -29.3754
62.6898 -29.3854
62.6899 -29.3954
62.69 -29.4054
62.6901 -29.4154
62.6902 -29.4254
62.6903 -29.4354
62.6904 -29.4454
62.6905 -29.4554
62.6906 -29.4654
62.6907 -29.4754
62.6908 -29.4854
62.6909 -29.4954
62.691 -29.5054
62.6911 -29.5154
62.6911 -29.5254
62.6912 -29.5354
62.6913 -29.5454
62.6914 -29.5554
62.6915 -29.5654
62.6916 -29.5754
62.6917 -29.5854
62.6918 -29.5954
62.6919 -29.6054
62.692 -29.6154
62.6921 -29.6254
62.6922 -29.6354
62.6923 -29.6454
62.6924 -29.6554
62.6925 -29.6654
62.6926 -29.6754
62.6928 -29.6854
62.6929 -29.6954
62.693 -29.7054
62.6931 -29.7154
62.6932 -29.7254
62.6933 -29.7354
62.6934 -29.7454
62.6935 -29.7554
62.6936 -29.7654
62.6937 -29.7754
62.6938 -29.7854
62.6939 -29.7954
62.694 -29.8054
62.6941 -29.8154
62.6942 -29.8254
62.6943 -29.8354
62.6944 -29.8454
62.6945 -29.8554
62.6946 -29.8654
62.6947 -29.8754
62.6948 -29.8854
62.6949 -29.8954
62.695 -29.9054
62.6951 -29.9154
62.6952 -29.9254
62.6953 -29.9354
62.6954 -29.9454
62.6955 -29.9554
62.6956 -29.9654
62.6957 -29.9754
62.6958 -29.9854
62.6959 -29.9954
62.696 -30.0054
62.6961 -30.0154
62.6962 -30.0254
62.6964 -30.0354
62.6965 -30.0454
62.6966 -30.0554
62.6967 -30.0654
62.6968 -30.0754
62.6969 -30.0854
62.697 -30.0954
62.6971 -30.1054
62.6972 -30.1154
62.6973 -30.1254
62.6974 -30.1354
62.6975 -30.1454
62.6976 -30.1554
62.6977 -30.1654
62.6978 -30.1754
62.6979 -30.1854
62.698 -30.1954
62.6982 -30.2054
62.6983 -30.2154
62.6984 -30.2254
62.6985 -30.2354
62.6986 -30.2454
62.6987 -30.2554
62.6988 -30.2654
62.6989 -30.2754
62.699 -30.2854
62.6991 -30.2954
62.6992 -30.3054
62.6993 -30.3154
62.6994 -30.3254
62.6995 -30.3354
62.6997 -30.3454
62.6998 -30.3554
62.6999 -30.3654
62.7 -30.3754
62.7001 -30.3854
62.7002 -30.3954
62.7003 -30.4054
62.7004 -30.4154
62.7005 -30.4254
62.7006 -30.4354
62.7007 -30.4454
62.7009 -30.4554
62.701 -30.4654
62.7011 -30.4754
62.7012 -30.4854
62.7013 -30.4954
62.7014 -30.5054
62.7015 -30.5154
62.7016 -30.5254
62.7017 -30.5354
62.7018 -30.5454
62.702 -30.5554
62.7021 -30.5654
62.7022 -30.5754
62.7023 -30.5854
62.7024 -30.5954
62.7025 -30.6054
62.7026 -30.6154
62.7027 -30.6254
62.7028 -30.6354
62.703 -30.6454
62.7031 -30.6554
62.7032 -30.6654
62.7033 -30.6754
62.7034 -30.6854
62.7035 -30.6954
62.7036 -30.7054
62.7037 -30.7154
62.7039 -30.7254
62.704 -30.7354
62.7041 -30.7454
62.7042 -30.7554
62.7043 -30.7654
62.7044 -30.7754
62.7045 -30.7854
62.7046 -30.7954
62.7048 -30.8054
62.7049 -30.8154
62.705 -30.8254
62.7051 -30.8354
62.7052 -30.8454
62.7053 -30.8554
62.7054 -30.8654
62.7056 -30.8754
62.7057 -30.8854
62.7058 -30.8954
62.7059 -30.9054
62.706 -30.9154
62.7061 -30.9254
62.7062 -30.9354
62.7064 -30.9454
62.7065 -30.9554
62.7066 -30.9654
62.7067 -30.9754
62.7068 -30.9854
62.7069 -30.9954
62.707 -31.0054
62.7072 -31.0154
62.7073 -31.0254
62.7074 -31.0354
62.7075 -31.0454
62.7076 -31.0554
62.7077 -31.0654
62.7079 -31.0754
62.708 -31.0854
62.7081 -31.0954
62.7082 -31.1054
62.7083 -31.1154
62.7084 -31.1254
62.7086 -31.1354
62.7087 -31.1454
62.7088 -31.1554
62.7089 -31.1654
62.709 -31.1754
62.7091 -31.1854
62.7093 -31.1954
62.7094 -31.2054
62.7095 -31.2154
62.7096 -31.2254
62.7097 -31.2354
62.7099 -31.2454
62.71 -31.2554
62.7101 -31.2654
62.7102 -31.2754
62.7103 -31.2854
62.7105 -31.2954
62.7106 -31.3054
62.7107 -31.3154
62.7108 -31.3254
62.7109 -31.3354
62.711 -31.3454
62.7112 -31.3554
62.7113 -31.3654
62.7114 -31.3754
62.7115 -31.3854
62.7116 -31.3954
62.7118 -31.4054
62.7119 -31.4154
62.712 -31.4254
62.7121 -31.4354
62.7122 -31.4454
62.7124 -31.4554
62.7125 -31.4654
62.7126 -31.4754
62.7127 -31.4854
62.7129 -31.4954
62.713 -31.5054
62.7131 -31.5154
62.7132 -31.5254
62.7133 -31.5354
62.7135 -31.5454
62.7136 -31.5554
62.7137 -31.5654
62.7138 -31.5754
62.7139 -31.5854
62.7141 -31.5954
62.7142 -31.6054
62.7143 -31.6154
62.7144 -31.6254
62.7146 -31.6354
62.7147 -31.6454
62.7148 -31.6554
62.7149 -31.6654
62.7151 -31.6754
62.7152 -31.6854
62.7153 -31.6954
62.7154 -31.7054
62.7155 -31.7154
62.7157 -31.7254
62.7158 -31.7354
62.7159 -31.7454
62.716 -31.7554
62.7162 -31.7654
62.7163 -31.7754
62.7164 -31.7854
62.7165 -31.7954
62.7167 -31.8054
62.7168 -31.8154
62.7169 -31.8254
62.717 -31.8354
62.7172 -31.8454
62.7173 -31.8554
62.7174 -31.8654
62.7175 -31.8754
62.7177 -31.8854
62.7178 -31.8954
62.7179 -31.9054
62.718 -31.9154
62.7182 -31.9254
62.7183 -31.9354
62.7184 -31.9454
62.7185 -31.9554
62.7187 -31.9654
62.7188 -31.9754
62.7189 -31.9854
62.7191 -31.9954
62.7192 -32.0054
62.7193 -32.0154
62.7194 -32.0254
62.7196 -32.0354
62.7197 -32.0454
62.7198 -32.0554
62.7199 -32.0654
62.7201 -32.0754
62.7202 -32.0854
62.7203 -32.0954
62.7205 -32.1054
62.7206 -32.1154
62.7207 -32.1254
62.7208 -32.1354
62.721 -32.1454
62.7211 -32.1554
62.7212 -32.1654
62.7214 -32.1754
62.7215 -32.1854
62.7216 -32.1954
62.7217 -32.2054
62.7219 -32.2154
62.722 -32.2254
62.7221 -32.2354
62.7223 -32.2454
62.7224 -32.2554
62.7225 -32.2654
62.7226 -32.2754
62.7228 -32.2854
62.7229 -32.2954
62.723 -32.3054
62.7232 -32.3154
62.7233 -32.3254
62.7234 -32.3354
62.7236 -32.3454
62.7237 -32.3554
62.7238 -32.3654
62.7239 -32.3754
62.7241 -32.3854
62.7242 -32.3954
62.7243 -32.4054
62.7245 -32.4154
62.7246 -32.4254
62.7247 -32.4354
62.7249 -32.4454
62.725 -32.4554
62.7251 -32.4654
62.7253 -32.4754
62.7254 -32.4854
62.7255 -32.4954
62.7257 -32.5054
62.7258 -32.5154
62.7259 -32.5254
62.7261 -32.5354
62.7262 -32.5454
62.7263 -32.5554
62.7265 -32.5654
62.7266 -32.5754
62.7267 -32.5854
62.7269 -32.5954
62.727 -32.6054
62.7271 -32.6154
62.7273 -32.6254
62.7274 -32.6354
62.7275 -32.6454
62.7277 -32.6554
62.7278 -32.6654
62.7279 -32.6754
62.7281 -32.6854
62.7282 -32.6954
62.7283 -32.7054
62.7285 -32.7154
62.7286 -32.7254
62.7287 -32.7354
62.7289 -32.7454
62.729 -32.7554
62.7291 -32.7654
62.7293 -32.7754
62.7294 -32.7854
62.7296 -32.7954
62.7297 -32.8054
62.7298 -32.8154
62.73 -32.8254
62.7301 -32.8354
62.7302 -32.8454
62.7304 -32.8554
62.7305 -32.8654
62.7306 -32.8754
62.7308 -32.8854
62.7309 -32.8954
62.7311 -32.9054
62.7312 -32.9154
62.7313 -32.9254
62.7315 -32.9354
62.7316 -32.9454
62.7317 -32.9554
62.7319 -32.9654
62.732 -32.9754
62.7322 -32.9854
62.7323 -32.9954
62.7324 -33.0054
62.7326 -33.0154
62.7327 -33.0254
62.7328 -33.0354
62.733 -33.0454
62.7331 -33.0554
62.7333 -33.0654
62.7334 -33.0754
62.7335 -33.0854
62.7337 -33.0954
62.7338 -33.1054
62.734 -33.1154
62.7341 -33.1254
62.7342 -33.1354
62.7344 -33.1454
62.7345 -33.1554
62.7347 -33.1654
62.7348 -33.1754
62.7349 -33.1854
62.7351 -33.1954
62.7352 -33.2054
62.7354 -33.2154
62.7355 -33.2254
62.7356 -33.2354
62.7358 -33.2454
62.7359 -33.2554
62.7361 -33.2654
62.7362 -33.2754
62.7363 -33.2854
62.7365 -33.2954
62.7366 -33.3054
62.7368 -33.3154
62.7369 -33.3254
62.737 -33.3354
62.7372 -33.3454
62.7373 -33.3554
62.7375 -33.3654
62.7376 -33.3754
62.7378 -33.3854
62.7379 -33.3954
62.738 -33.4054
62.7382 -33.4154
62.7383 -33.4254
62.7385 -33.4354
62.7386 -33.4454
62.7388 -33.4554
62.7389 -33.4654
62.739 -33.4754
62.7392 -33.4854
62.7393 -33.4954
62.7395 -33.5054
62.7396 -33.5154
62.7398 -33.5254
62.7399 -33.5354
62.74 -33.5454
62.7402 -33.5554
62.7403 -33.5654
62.7405 -33.5754
62.7406 -33.5854
62.7408 -33.5954
62.7409 -33.6054
62.7411 -33.6154
62.7412 -33.6254
62.7413 -33.6354
62.7415 -33.6454
62.7416 -33.6554
62.7418 -33.6654
62.7419 -33.6754
62.7421 -33.6854
62.7422 -33.6954
62.7424 -33.7054
62.7425 -33.7154
62.7427 -33.7254
62.7428 -33.7354
62.743 -33.7454
62.7431 -33.7554
62.7432 -33.7654
62.7434 -33.7754
62.7435 -33.7854
62.7437 -33.7954
62.7438 -33.8054
62.744 -33.8154
62.7441 -33.8254
62.7443 -33.8354
62.7444 -33.8454
62.7446 -33.8554
62.7447 -33.8654
62.7449 -33.8754
62.745 -33.8854
62.7452 -33.8954
62.7453 -33.9054
62.7455 -33.9154
62.7456 -33.9254
62.7458 -33.9354
62.7459 -33.9454
62.7461 -33.9554
62.7462 -33.9654
62.7463 -33.9754
62.7465 -33.9854
62.7466 -33.9954
62.7468 -34.0054
62.7469 -34.0154
62.7471 -34.0254
62.7472 -34.0354
62.7474 -34.0454
62.7475 -34.0554
62.7477 -34.0654
62.7478 -34.0754
62.748 -34.0854
62.7481 -34.0954
62.7483 -34.1054
62.7484 -34.1154
62.7486 -34.1254
62.7487 -34.1354
62.7489 -34.1454
62.749 -34.1554
62.7492 -34.1654
62.7494 -34.1754
62.7495 -34.1854
62.7497 -34.1954
62.7498 -34.2054
62.75 -34.2154
62.7501 -34.2254
62.7503 -34.2354
62.7504 -34.2454
62.7506 -34.2554
62.7507 -34.2654
62.7509 -34.2754
62.751 -34.2854
62.7512 -34.2954
62.7513 -34.3054
62.7515 -34.3154
62.7516 -34.3254
62.7518 -34.3354
62.7519 -34.3454
62.7521 -34.3554
62.7522 -34.3654
62.7524 -34.3754
62.7526 -34.3854
62.7527 -34.3954
62.7529 -34.4054
62.753 -34.4154
62.7532 -34.4254
62.7533 -34.4354
62.7535 -34.4454
62.7536 -34.4554
62.7538 -34.4654
62.7539 -34.4754
62.7541 -34.4854
62.7542 -34.4954
62.7544 -34.5054
62.7546 -34.5154
62.7547 -34.5254
62.7549 -34.5354
62.755 -34.5454
62.7552 -34.5554
62.7553 -34.5654
62.7555 -34.5754
62.7556 -34.5854
62.7558 -34.5954
62.756 -34.6054
62.7561 -34.6154
62.7563 -34.6254
62.7564 -34.6354
62.7566 -34.6454
62.7567 -34.6554
62.7569 -34.6654
62.7571 -34.6754
62.7572 -34.6854
62.7574 -34.6954
62.7575 -34.7054
62.7577 -34.7154
62.7578 -34.7254
62.758 -34.7354
62.7582 -34.7454
62.7583 -34.7554
62.7585 -34.7654
62.7586 -34.7754
62.7588 -34.7854
62.7589 -34.7954
62.7591 -34.8054
62.7593 -34.8154
62.7594 -34.8254
62.7596 -34.8354
62.7597 -34.8454
62.7599 -34.8554
62.7601 -34.8654
62.7602 -34.8754
62.7604 -34.8854
62.7605 -34.8954
62.7607 -34.9054
62.7608 -34.9154
62.761 -34.9254
62.7612 -34.9354
62.7613 -34.9454
62.7615 -34.9554
62.7616 -34.9654
62.7618 -34.9754
62.762 -34.9854
62.7621 -34.9954
62.7623 -35.0054
62.7624 -35.0154
62.7626 -35.0254
62.7628 -35.0354
62.7629 -35.0454
62.7631 -35.0554
62.7633 -35.0654
62.7634 -35.0754
62.7636 -35.0854
62.7637 -35.0954
62.7639 -35.1054
62.7641 -35.1154
62.7642 -35.1254
62.7644 -35.1354
62.7645 -35.1454
62.7647 -35.1554
62.7649 -35.1654
62.765 -35.1754
62.7652 -35.1854
62.7654 -35.1954
62.7655 -35.2054
62.7657 -35.2154
62.7658 -35.2254
62.766 -35.2354
62.7662 -35.2454
62.7663 -35.2554
62.7665 -35.2654
62.7667 -35.2754
62.7668 -35.2854
62.767 -35.2954
62.7672 -35.3054
62.7673 -35.3154
62.7675 -35.3254
62.7676 -35.3354
62.7678 -35.3454
62.768 -35.3554
62.7681 -35.3654
62.7683 -35.3754
62.7685 -35.3854
62.7686 -35.3954
62.7688 -35.4054
62.769 -35.4154
62.7691 -35.4254
62.7693 -35.4354
62.7695 -35.4454
62.7696 -35.4554
62.7698 -35.4654
62.77 -35.4754
62.7701 -35.4854
62.7703 -35.4954
62.7705 -35.5054
62.7706 -35.5154
62.7708 -35.5254
62.771 -35.5354
62.7711 -35.5454
62.7713 -35.5554
62.7715 -35.5654
62.7716 -35.5754
62.7718 -35.5854
62.772 -35.5954
62.7721 -35.6054
62.7723 -35.6154
62.7725 -35.6254
62.7726 -35.6354
62.7728 -35.6454
62.773 -35.6554
62.7731 -35.6654
62.7733 -35.6754
62.7735 -35.6854
62.7736 -35.6954
62.7738 -35.7054
62.774 -35.7154
62.7741 -35.7254
62.7743 -35.7354
62.7745 -35.7454
62.7746 -35.7554
62.7748 -35.7654
62.775 -35.7754
62.7752 -35.7854
62.7753 -35.7954
62.7755 -35.8054
62.7757 -35.8154
62.7758 -35.8254
62.776 -35.8354
62.7762 -35.8454
62.7763 -35.8554
62.7765 -35.8654
62.7767 -35.8754
62.7769 -35.8854
62.777 -35.8954
62.7772 -35.9054
62.7774 -35.9154
62.7775 -35.9254
62.7777 -35.9354
62.7779 -35.9454
62.778 -35.9554
62.7782 -35.9654
62.7784 -35.9754
62.7786 -35.9854
62.7787 -35.9954
62.7789 -36.0054
62.7791 -36.0154
62.7792 -36.0254
62.7794 -36.0354
62.7796 -36.0454
62.7798 -36.0554
62.7799 -36.0654
62.7801 -36.0754
62.7803 -36.0854
62.7805 -36.0954
62.7806 -36.1054
62.7808 -36.1154
62.781 -36.1254
62.7811 -36.1354
62.7813 -36.1454
62.7815 -36.1554
62.7817 -36.1654
62.7818 -36.1754
62.782 -36.1854
62.7822 -36.1954
62.7824 -36.2054
62.7825 -36.2154
62.7827 -36.2254
62.7829 -36.2354
62.7831 -36.2454
62.7832 -36.2554
62.7834 -36.2654
62.7836 -36.2754
62.7838 -36.2854
62.7839 -36.2954
62.7841 -36.3054
62.7843 -36.3154
62.7845 -36.3254
62.7846 -36.3354
62.7848 -36.3454
62.785 -36.3554
62.7852 -36.3654
62.7853 -36.3754
62.7855 -36.3854
62.7857 -36.3954
62.7859 -36.4054
62.786 -36.4154
62.7862 -36.4254
62.7864 -36.4354
62.7866 -36.4454
62.7867 -36.4554
62.7869 -36.4654
62.7871 -36.4754
62.7873 -36.4854
62.7875 -36.4954
62.7876 -36.5054
62.7878 -36.5154
62.788 -36.5254
62.7882 -36.5354
62.7883 -36.5454
62.7885 -36.5554
62.7887 -36.5654
62.7889 -36.5754
62.7891 -36.5854
62.7892 -36.5954
62.7894 -36.6054
62.7896 -36.6154
62.7898 -36.6254
62.79 -36.6354
62.7901 -36.6454
62.7903 -36.6554
62.7905 -36.6654
62.7907 -36.6754
62.7908 -36.6854
62.791 -36.6954
62.7912 -36.7054
62.7914 -36.7154
62.7916 -36.7254
62.7917 -36.7354
62.7919 -36.7454
62.7921 -36.7554
62.7923 -36.7654
62.7925 -36.7754
62.7926 -36.7854
62.7928 -36.7954
62.793 -36.8054
62.7932 -36.8154
62.7934 -36.8254
62.7936 -36.8354
62.7937 -36.8454
62.7939 -36.8554
62.7941 -36.8654
62.7943 -36.8754
62.7945 -36.8854
62.7946 -36.8954
62.7948 -36.9054
62.795 -36.9154
62.7952 -36.9254
62.7954 -36.9354
62.7956 -36.9454
62.7957 -36.9554
62.7959 -36.9654
62.7961 -36.9754
62.7963 -36.9854
62.7965 -36.9954
62.7966 -37.0054
62.7968 -37.0154
62.797 -37.0254
62.7972 -37.0354
62.7974 -37.0454
62.7976 -37.0554
62.7977 -37.0654
62.7979 -37.0754
62.7981 -37.0854
62.7983 -37.0954
62.7985 -37.1054
62.7987 -37.1154
62.7989 -37.1254
62.799 -37.1354
62.7992 -37.1454
62.7994 -37.1554
62.7996 -37.1654
62.7998 -37.1754
62.8 -37.1854
62.8001 -37.1954
62.8003 -37.2054
62.8005 -37.2154
62.8007 -37.2254
62.8009 -37.2354
62.8011 -37.2454
62.8013 -37.2554
62.8014 -37.2654
62.8016 -37.2754
62.8018 -37.2854
62.802 -37.2954
62.8022 -37.3054
62.8024 -37.3154
62.8026 -37.3254
62.8028 -37.3354
62.8029 -37.3454
62.8031 -37.3554
62.8033 -37.3654
62.8035 -37.3754
62.8037 -37.3854
62.8039 -37.3954
62.8041 -37.4054
62.8042 -37.4154
62.8044 -37.4254
62.8046 -37.4354
62.8048 -37.4454
62.805 -37.4554
62.8052 -37.4654
62.8054 -37.4754
62.8056 -37.4854
62.8058 -37.4954
62.8059 -37.5054
62.8061 -37.5154
62.8063 -37.5254
62.8065 -37.5354
62.8067 -37.5454
62.8069 -37.5554
62.8071 -37.5654
62.8073 -37.5754
62.8075 -37.5854
62.8076 -37.5954
62.8078 -37.6054
62.808 -37.6154
62.8082 -37.6254
62.8084 -37.6354
62.8086 -37.6454
62.8088 -37.6554
62.809 -37.6654
62.8092 -37.6754
62.8094 -37.6854
62.8095 -37.6954
62.8097 -37.7054
62.8099 -37.7154
62.8101 -37.7254
62.8103 -37.7354
62.8105 -37.7454
62.8107 -37.7554
62.8109 -37.7654
62.8111 -37.7754
62.8113 -37.7854
62.8115 -37.7954
62.8117 -37.8054
62.8118 -37.8154
62.812 -37.8254
62.8122 -37.8354
62.8124 -37.8454
62.8126 -37.8554
62.8128 -37.8654
62.813 -37.8754
62.8132 -37.8854
62.8134 -37.8954
62.8136 -37.9054
62.8138 -37.9154
62.814 -37.9254
62.8142 -37.9354
62.8144 -37.9454
62.8145 -37.9554
62.8147 -37.9654
62.8149 -37.9754
62.8151 -37.9854
62.8153 -37.9954
62.8155 -38.0054
62.8157 -38.0154
62.8159 -38.0254
62.8161 -38.0354
62.8163 -38.0454
62.8165 -38.0554
62.8167 -38.0654
62.8169 -38.0754
62.8171 -38.0854
62.8173 -38.0954
62.8175 -38.1054
62.8177 -38.1154
62.8179 -38.1254
62.8181 -38.1354
62.8183 -38.1454
62.8184 -38.1554
62.8186 -38.1654
62.8188 -38.1754
62.819 -38.1854
62.8192 -38.1954
62.8194 -38.2054
62.8196 -38.2154
62.8198 -38.2254
62.82 -38.2354
62.8202 -38.2454
62.8204 -38.2554
62.8206 -38.2654
62.8208 -38.2754
62.821 -38.2854
62.8212 -38.2954
62.8214 -38.3054
62.8216 -38.3154
62.8218 -38.3254
62.822 -38.3354
62.8222 -38.3454
62.8224 -38.3554
62.8226 -38.3654
62.8228 -38.3754
62.823 -38.3854
62.8232 -38.3954
62.8234 -38.4054
62.8236 -38.4154
62.8238 -38.4254
62.824 -38.4354
62.8242 -38.4454
62.8244 -38.4554
62.8246 -38.4654
62.8248 -38.4754
62.825 -38.4854
62.8252 -38.4954
62.8254 -38.5054
62.8256 -38.5154
62.8258 -38.5254
62.826 -38.5354
62.8262 -38.5454
62.8264 -38.5554
62.8266 -38.5654
62.8268 -38.5754
62.827 -38.5854
62.8272 -38.5954
62.8274 -38.6054
62.8276 -38.6154
62.8278 -38.6254
62.828 -38.6354
62.8282 -38.6454
62.8284 -38.6554
62.8286 -38.6654
62.8288 -38.6754
62.829 -38.6854
62.8292 -38.6954
62.8294 -38.7054
62.8296 -38.7154
62.8298 -38.7254
62.83 -38.7354
62.8302 -38.7454
62.8304 -38.7554
62.8306 -38.7654
62.8308 -38.7754
62.831 -38.7854
62.8312 -38.7954
62.8314 -38.8054
62.8316 -38.8154
62.8318 -38.8254
62.832 -38.8354
62.8322 -38.8454
62.8325 -38.8554
62.8327 -38.8654
62.8329 -38.8754
62.8331 -38.8854
62.8333 -38.8954
62.8335 -38.9054
62.8337 -38.9154
62.8339 -38.9254
62.8341 -38.9354
62.8343 -38.9454
62.8345 -38.9554
62.8347 -38.9654
62.8349 -38.9754
62.8351 -38.9854
62.8353 -38.9954
62.8355 -39.0054
62.8357 -39.0154
62.8359 -39.0254
62.8361 -39.0354
62.8363 -39.0454
62.8366 -39.0554
62.8368 -39.0654
62.837 -39.0754
62.8372 -39.0854
62.8374 -39.0954
62.8376 -39.1054
62.8378 -39.1154
62.838 -39.1254
62.8382 -39.1354
62.8384 -39.1454
62.8386 -39.1554
62.8388 -39.1654
62.839 -39.1754
62.8392 -39.1854
62.8395 -39.1954
62.8397 -39.2054
62.8399 -39.2154
62.8401 -39.2254
62.8403 -39.2354
62.8405 -39.2454
62.8407 -39.2554
62.8409 -39.2654
62.8411 -39.2754
62.8413 -39.2854
62.8415 -39.2954
62.8417 -39.3054
62.842 -39.3154
62.8422 -39.3254
62.8424 -39.3354
62.8426 -39.3454
62.8428 -39.3554
62.843 -39.3654
62.8432 -39.3754
62.8434 -39.3854
62.8436 -39.3954
62.8438 -39.4054
62.8441 -39.4154
62.8443 -39.4254
62.8445 -39.4354
62.8447 -39.4454
62.8449 -39.4554
62.8451 -39.4654
62.8453 -39.4754
62.8455 -39.4854
62.8457 -39.4954
62.846 -39.5054
62.8462 -39.5154
62.8464 -39.5254
62.8466 -39.5354
62.8468 -39.5454
62.847 -39.5554
62.8472 -39.5654
62.8474 -39.5754
62.8476 -39.5854
62.8479 -39.5954
62.8481 -39.6054
62.8483 -39.6154
62.8485 -39.6254
62.8487 -39.6354
62.8489 -39.6454
62.8491 -39.6554
62.8493 -39.6654
62.8496 -39.6754
62.8498 -39.6854
62.85 -39.6954
62.8502 -39.7054
62.8504 -39.7154
62.8506 -39.7254
62.8508 -39.7354
62.8511 -39.7454
62.8513 -39.7554
62.8515 -39.7654
62.8517 -39.7754
62.8519 -39.7854
62.8521 -39.7954
62.8523 -39.8054
62.8526 -39.8154
62.8528 -39.8254
62.853 -39.8354
62.8532 -39.8454
62.8534 -39.8554
62.8536 -39.8654
62.8539 -39.8754
62.8541 -39.8854
62.8543 -39.8954
62.8545 -39.9054
62.8547 -39.9154
62.8549 -39.9254
62.8551 -39.9354
62.8554 -39.9454
62.8556 -39.9554
62.8558 -39.9654
62.856 -39.9754
62.8562 -39.9854
62.8564 -39.9954
62.8567 -40.0054
62.8569 -40.0154
62.8571 -40.0254
62.8573 -40.0354
62.8575 -40.0454
62.8577 -40.0554
62.858 -40.0654
62.8582 -40.0754
62.8584 -40.0854
62.8586 -40.0954
62.8588 -40.1054
62.8591 -40.1154
62.8593 -40.1254
62.8595 -40.1354
62.8597 -40.1454
62.8599 -40.1554
62.8602 -40.1654
62.8604 -40.1754
62.8606 -40.1854
62.8608 -40.1954
62.861 -40.2054
62.8612 -40.2154
62.8615 -40.2254
