0.1 -0.328034
0.2 -0.584213
0.3 -0.878189
0.4 -1.17343
0.5 -1.46995
0.6 -1.76776
0.7 -2.06689
0.8 -2.36733
0.9 -2.66911
1 -2.97225
0.427675 -3.07267
0.855088 -3.17312
1.28236 -3.27368
1.70957 -3.37441
2.13688 -3.47548
2.56417 -3.57676
2.99136 -3.67821
3.41849 -3.77985
3.84549 -3.88161
4.27236 -3.9835
4.69908 -4.08552
5.12569 -4.18768
5.55216 -4.28996
5.97848 -4.39236
6.40466 -4.49489
6.83072 -4.59756
7.25663 -4.70035
7.68242 -4.80327
8.10806 -4.90633
8.53352 -5.00946
8.95884 -5.11271
9.38401 -5.21609
9.80904 -5.31959
10.2339 -5.4232
10.6586 -5.52694
11.0832 -5.63074
11.5075 -5.73464
11.9317 -5.83864
12.3558 -5.94276
12.7797 -6.04703
13.2035 -6.15143
13.6271 -6.25596
14.0506 -6.36062
14.474 -6.46543
14.8972 -6.57034
15.3203 -6.6754
15.7432 -6.78062
16.166 -6.88598
16.5886 -6.99149
17.0112 -7.09714
17.4335 -7.20295
17.8558 -7.30891
18.2779 -7.41501
18.6998 -7.52126
19.1216 -7.62763
19.5433 -7.73411
19.9648 -7.84073
20.3861 -7.94751
20.8074 -8.05444
21.2284 -8.16151
21.6493 -8.26873
22.0701 -8.37608
22.4907 -8.48357
22.9112 -8.5912
23.3315 -8.69899
23.7517 -8.8069
24.1717 -8.91492
24.5915 -9.02309
25.0112 -9.1314
25.4308 -9.23982
25.8502 -9.3484
26.2694 -9.45712
26.6885 -9.566
27.1074 -9.67504
27.5262 -9.78422
27.9448 -9.89357
28.3633 -10.0031
28.7816 -10.1127
29.1998 -10.2225
29.6179 -10.3325
30.0357 -10.4427
30.4535 -10.553
30.8711 -10.6634
31.2885 -10.7741
31.7058 -10.8849
32.1229 -10.9958
32.5398 -11.1069
32.9567 -11.2182
33.3733 -11.3296
33.7898 -11.4412
34.2062 -11.553
34.6223 -11.6649
35.0384 -11.777
35.4543 -11.8893
35.87 -12.0017
36.2855 -12.1143
36.7009 -12.2271
37.1162 -12.34
37.5313 -12.4531
37.9462 -12.5664
38.361 -12.6798
38.7756 -12.7935
39.19 -12.9073
39.6043 -13.0212
40.0184 -13.1354
40.4324 -13.2497
40.8462 -13.3642
41.2598 -13.4789
41.6733 -13.5937
42.0866 -13.7088
42.4998 -13.824
42.9128 -13.9394
43.3256 -14.055
43.7382 -14.1707
44.1507 -14.2867
44.5631 -14.4028
44.9752 -14.5191
45.3872 -14.6356
45.7991 -14.7523
46.2107 -14.8691
46.6222 -14.9862
47.0335 -15.1034
47.4447 -15.2209
47.8557 -15.3385
48.2665 -15.4563
48.6771 -15.5743
49.0876 -15.6925
49.4979 -15.8109
49.9081 -15.9295
50.318 -16.0483
50.7278 -16.1673
51.1375 -16.2865
51.5469 -16.4059
51.9562 -16.5254
52.3653 -16.6452
52.7742 -16.7652
53.1829 -16.8854
53.5915 -17.0058
53.9999 -17.1264
54.4081 -17.2472
54.8162 -17.3682
55.2241 -17.4894
55.6318 -17.6108
56.0393 -17.7325
56.4466 -17.8543
56.8538 -17.9764
57.2607 -18.0986
57.6661 -18.2298
58.0632 -18.3998
58.4454 -18.6198
58.7836 -18.8825
58.983 -19.0269
59.1579 -19.1445
59.3324 -19.2634
59.5054 -19.3857
59.6763 -19.5102
59.8454 -19.6323
60.0129 -19.7523
60.1782 -19.8621
60.3421 -19.9651
60.5041 -20.0742
60.6623 -20.1911
60.8151 -20.3138
60.9628 -20.4252
61.1058 -20.5266
61.242 -20.589
61.3728 -20.614
61.5013 -20.6231
61.6298 -20.633
61.7582 -20.6437
61.8869 -20.6551
62.0159 -20.6674
62.1447 -20.6805
62.2737 -20.6944
62.4024 -20.7091
62.5309 -20.7246
62.6592 -20.741
62.7877 -20.7583
62.916 -20.7763
63.044 -20.7953
63.1717 -20.8151
63.2992 -20.8358
63.426 -20.8573
63.5512 -20.8797
63.673 -20.9027
63.7927 -20.9264
63.9027 -20.9502
63.9998 -20.9737
64.044 -20.9932
64.0805 -21.0125
64.1169 -21.0324
64.1531 -21.0528
64.1892 -21.0738
64.2251 -21.0953
64.2608 -21.1174
64.2963 -21.14
64.3316 -21.1632
64.3667 -21.1869
64.4013 -21.2111
64.4349 -21.2359
64.4682 -21.2611
64.5004 -21.2869
64.5323 -21.3132
64.5632 -21.3399
64.5935 -21.3672
64.6234 -21.3951
64.6532 -21.4235
64.6828 -21.4526
64.7122 -21.4822
64.7402 -21.5122
64.7671 -21.5427
64.7916 -21.5735
64.8158 -21.6049
64.8359 -21.6363
64.8558 -21.6682
64.8728 -21.7004
64.888 -21.7329
64.9014 -21.7656
64.9146 -21.799
64.9277 -21.8329
64.9407 -21.8675
64.9535 -21.9026
64.966 -21.9424
64.9782 -21.9846
64.9904 -22.0273
65.0024 -22.0705
65.0137 -22.1225
65.0249 -22.1753
65.0359 -22.2284
65.0469 -22.2818
65.0577 -22.3355
65.0681 -22.3908
65.078 -22.449
65.0878 -22.5073
65.0975 -22.5659
65.1071 -22.6247
65.1166 -22.6837
65.1257 -22.742
65.1344 -22.799
65.143 -22.8562
65.1515 -22.9138
65.1598 -22.9707
65.1678 -23.0255
65.1757 -23.0806
65.1835 -23.136
65.1912 -23.1918
65.1986 -23.2532
65.206 -23.3149
65.2132 -23.3771
65.2204 -23.4396
65.2274 -23.5024
65.2344 -23.5656
65.2412 -23.6292
65.2479 -23.6932
65.2546 -23.7575
65.2611 -23.8222
65.2675 -23.8873
65.2737 -23.954
65.2796 -24.0249
65.2853 -24.0962
65.291 -24.168
65.2965 -24.2401
65.302 -24.3126
65.3073 -24.3856
65.3125 -24.4608
65.3175 -24.5369
65.3224 -24.6157
65.3271 -24.696
65.3317 -24.7766
65.3362 -24.8576
65.3406 -24.939
65.3449 -25.0213
65.3489 -25.108
65.3525 -25.1949
65.356 -25.2821
65.3594 -25.3695
65.3622 -25.4556
65.3644 -25.5379
65.3666 -25.6205
65.3686 -25.7033
65.3706 -25.7866
65.3716 -25.8766
65.3724 -25.968
65.3732 -26.0595
65.3739 -26.1513
65.3745 -26.2432
65.3745 -26.3352
65.3745 -26.4273
65.3741 -26.5278
65.3735 -26.6286
65.3727 -26.7293
65.3719 -26.8301
65.371 -26.9309
65.3701 -27.0317
65.369 -27.132
65.3679 -27.2314
65.3667 -27.3309
65.3655 -27.4305
65.3642 -27.5301
65.3628 -27.6297
65.3614 -27.7301
65.3596 -27.8328
65.3578 -27.9354
65.356 -28.0381
65.3541 -28.1402
65.3521 -28.2407
65.35 -28.3399
65.3479 -28.4392
65.3457 -28.5385
65.3435 -28.6378
65.3412 -28.7372
65.3389 -28.8365
65.3366 -28.9358
65.3342 -29.0352
65.3317 -29.1346
65.3292 -29.2249
65.3265 -29.3101
65.3236 -29.394
65.3206 -29.4767
65.3175 -29.5594
65.3144 -29.6422
65.311 -29.725
65.3076 -29.8078
65.3042 -29.8907
65.3007 -29.9736
65.2972 -30.0566
65.2936 -30.1396
65.2899 -30.2226
65.2861 -30.3057
65.2822 -30.3887
65.2782 -30.4716
65.2741 -30.5515
65.2698 -30.6314
65.2655 -30.7115
65.2611 -30.7915
65.2565 -30.8717
65.2517 -30.9519
65.2468 -31.0321
65.2418 -31.1124
65.2368 -31.1928
65.2317 -31.2733
65.2265 -31.3538
65.2214 -31.4345
65.216 -31.5152
65.2104 -31.596
65.2048 -31.6768
65.1992 -31.7578
65.1936 -31.8388
65.188 -31.92
65.1823 -32.0013
65.1766 -32.0826
65.1706 -32.164
65.1646 -32.2454
65.1586 -32.327
65.1525 -32.4087
65.1464 -32.4904
65.1401 -32.5723
65.1339 -32.6542
65.1276 -32.7362
65.1213 -32.8184
65.115 -32.9006
65.1088 -32.983
65.1025 -33.0655
65.0961 -33.1481
65.0898 -33.2237
65.0834 -33.294
65.0771 -33.3643
65.0707 -33.4348
65.0643 -33.5054
65.0579 -33.5762
65.0515 -33.647
65.045 -33.718
65.0386 -33.7891
65.0322 -33.8603
65.0257 -33.9301
65.0193 -33.9951
65.0128 -34.0603
65.0063 -34.1257
64.9998 -34.1911
64.9933 -34.2567
64.9867 -34.3224
64.9801 -34.3882
64.9735 -34.4541
64.9669 -34.5202
64.9603 -34.5864
64.9537 -34.6528
64.9471 -34.7193
64.9404 -34.7859
64.9338 -34.8526
64.9271 -34.9195
64.9205 -34.9865
64.9138 -35.0537
64.9071 -35.121
64.9004 -35.1884
64.8938 -35.256
64.8871 -35.3237
64.8804 -35.3916
64.8736 -35.4596
64.8669 -35.5277
64.8602 -35.5959
64.8535 -35.6643
64.8467 -35.7329
64.84 -35.8016
64.8332 -35.8704
64.8264 -35.9394
64.8197 -36.0085
64.8129 -36.0778
64.8061 -36.1472
64.7993 -36.2167
64.7925 -36.2864
64.7857 -36.3562
64.7789 -36.4262
64.772 -36.4964
64.7652 -36.5666
64.7583 -36.637
64.7515 -36.7076
64.7446 -36.7783
64.7377 -36.8492
64.7308 -36.9202
64.7239 -36.9914
64.717 -37.0627
64.7101 -37.1341
64.7032 -37.2058
64.6962 -37.2775
64.6892 -37.3494
64.6822 -37.4214
64.6752 -37.4936
64.6682 -37.566
64.6611 -37.6385
64.6541 -37.7112
64.6471 -37.784
64.64 -37.857
64.6329 -37.9301
64.6259 -38.0034
64.6187 -38.081
64.6116 -38.1612
64.6045 -38.2415
64.5973 -38.3219
64.5902 -38.4024
64.583 -38.483
64.5758 -38.5636
64.5686 -38.642
64.5615 -38.7192
64.5543 -38.7966
64.5471 -38.874
64.5398 -38.9516
64.5326 -39.0293
64.5254 -39.1071
64.5181 -39.185
64.5109 -39.263
64.5036 -39.3412
64.4963 -39.4194
64.489 -39.4978
64.4817 -39.5763
64.4744 -39.6549
64.4671 -39.7336
64.4598 -39.8125
64.4525 -39.8914
64.4452 -39.9705
64.4378 -40.0569
64.4303 -40.1476
64.4229 -40.2383
64.4154 -40.329
64.4078 -40.4197
64.4003 -40.5104
64.3928 -40.6011
64.3852 -40.6918
64.3777 -40.7825
64.3701 -40.8732
64.3626 -40.9639
64.355 -41.0546
64.3474 -41.1454
64.3399 -41.2361
64.3323 -41.3268
64.3246 -41.4175
64.3169 -41.5082
64.3091 -41.5989
64.3014 -41.6896
64.2937 -41.7803
64.2859 -41.871
64.2782 -41.9617
64.2704 -42.0524
64.2627 -42.1431
64.2549 -42.2338
64.2471 -42.3246
64.2394 -42.4153
64.2316 -42.506
64.2238 -42.5968
64.216 -42.6875
64.2082 -42.7782
64.2005 -42.869
64.1927 -42.9597
64.1849 -43.0505
64.1771 -43.1413
64.1692 -43.232
64.1614 -43.3227
64.1534 -43.4134
64.1455 -43.5042
64.1375 -43.5961
64.1294 -43.6922
64.1213 -43.7882
64.1133 -43.8842
64.1052 -43.9801
64.0971 -44.076
64.0891 -44.1718
64.081 -44.2675
64.0729 -44.3632
64.0648 -44.4588
64.0567 -44.5544
64.0487 -44.6499
64.0406 -44.7454
64.0325 -44.8408
64.0244 -44.9361
64.0163 -45.0314
64.0082 -45.1266
64.0001 -45.2218
63.992 -45.3169
63.9839 -45.4119
63.9758 -45.5069
63.9677 -45.6018
63.9598 -45.6771
63.9519 -45.7458
63.9441 -45.8146
63.9362 -45.8832
63.9283 -45.9518
63.9204 -46.0203
63.9126 -46.0887
63.9047 -46.1571
63.8968 -46.2254
63.8889 -46.2937
63.881 -46.3619
63.8731 -46.43
63.8652 -46.498
63.8577 -46.5455
63.8505 -46.5823
63.8432 -46.6191
63.8359 -46.6558
63.8286 -46.6925
63.8213 -46.7291
63.814 -46.7656
63.8066 -46.802
63.7993 -46.8383
63.7919 -46.8726
63.7844 -46.9062
63.7769 -46.9397
63.7695 -46.9731
63.762 -47.0065
63.7546 -47.0399
63.7471 -47.0731
63.7397 -47.1064
63.7322 -47.1396
63.7247 -47.1727
63.7174 -47.2034
63.7107 -47.2248
63.704 -47.2461
63.6972 -47.2673
63.6905 -47.2886
63.6838 -47.3097
63.6771 -47.3308
63.6703 -47.3519
63.6636 -47.3729
63.6569 -47.3939
63.6502 -47.4148
63.6439 -47.4358
63.6375 -47.4567
63.6312 -47.4776
63.6248 -47.4984
63.6185 -47.5187
63.6121 -47.5352
63.6057 -47.5518
63.5996 -47.5752
63.5943 -47.6034
63.5893 -47.6316
63.5842 -47.6599
63.5792 -47.6881
63.5741 -47.7164
63.5691 -47.7446
63.5641 -47.7729
63.559 -47.8011
63.554 -47.8294
63.549 -47.8577
63.5439 -47.8859
63.5392 -47.9253
63.5344 -47.9651
63.5305 -48.005
63.5266 -48.045
63.5227 -48.085
63.5187 -48.1249
63.5148 -48.1649
63.5109 -48.2049
63.507 -48.2448
63.5031 -48.2848
63.4992 -48.3248
63.4953 -48.3648
63.4914 -48.4047
63.4875 -48.4447
63.484 -48.4848
63.4808 -48.5249
63.4775 -48.565
63.4741 -48.6052
63.4708 -48.6453
63.4675 -48.6854
63.4642 -48.7255
63.4608 -48.7656
63.4575 -48.8058
63.4545 -48.8459
63.4514 -48.8861
63.4484 -48.9263
63.4454 -48.9665
63.4424 -49.0067
63.4393 -49.0469
63.4363 -49.0871
63.4333 -49.1273
63.4302 -49.1675
63.4272 -49.2077
63.4242 -49.2478
63.4212 -49.288
63.4181 -49.3282
63.4151 -49.3684
63.4121 -49.4086
63.409 -49.4488
63.406 -49.489
63.403 -49.5292
63.3999 -49.5694
63.3969 -49.6095
63.3939 -49.6497
63.3909 -49.6899
63.3878 -49.7301
63.3848 -49.7703
63.3818 -49.8105
63.3788 -49.8507
63.3757 -49.8909
63.3727 -49.9311
63.3697 -49.9712
63.3666 -50.0114
63.3636 -50.0516
63.3606 -50.0918
63.3576 -50.132
63.3545 -50.1722
63.3515 -50.2124
63.3485 -50.2526
63.3455 -50.2927
63.3424 -50.3329
63.3394 -50.3731
63.3364 -50.4133
63.3334 -50.4535
63.3303 -50.4937
63.3273 -50.5339
63.3243 -50.5741
63.3213 -50.6142
63.3182 -50.6544
63.3152 -50.6946
63.3121 -50.7348
63.3091 -50.775
63.306 -50.8151
63.303 -50.8553
63.2999 -50.8955
63.2968 -50.9357
63.2938 -50.9759
63.2907 -51.016
63.2877 -51.0562
63.2846 -51.0964
63.2815 -51.1366
63.2785 -51.1767
63.2754 -51.2169
63.2724 -51.2571
63.2693 -51.2973
63.2662 -51.3375
63.2632 -51.3776
63.2601 -51.4178
63.2571 -51.458
63.254 -51.4982
63.2509 -51.5383
63.2479 -51.5785
63.2448 -51.6187
63.2418 -51.6589
63.2387 -51.6991
63.2356 -51.7392
63.2326 -51.7794
63.2295 -51.8196
63.2265 -51.8598
63.2234 -51.8999
63.2204 -51.9401
63.2173 -51.9803
63.2142 -52.0205
63.2112 -52.0606
63.2081 -52.1008
63.2051 -52.141
63.202 -52.1812
63.199 -52.2213
63.1959 -52.2601
63.1929 -52.2929
63.1899 -52.3257
63.187 -52.3585
63.184 -52.3913
63.181 -52.4241
63.178 -52.4569
63.175 -52.4897
63.172 -52.5225
63.169 -52.5553
63.166 -52.5881
63.163 -52.6209
63.16 -52.6537
63.157 -52.6865
63.154 -52.7193
63.151 -52.7521
63.148 -52.7849
63.1451 -52.8087
63.1422 -52.8318
63.1394 -52.8549
63.1365 -52.8779
63.1337 -52.901
63.1309 -52.9241
63.1281 -52.9472
63.1253 -52.9703
63.1225 -52.9933
63.1198 -53.0164
63.117 -53.0395
63.1142 -53.0626
63.1114 -53.0857
63.1087 -53.1087
63.1059 -53.1318
63.1031 -53.1549
63.1003 -53.178
63.0976 -53.2011
63.0948 -53.2241
63.0922 -53.2473
63.0896 -53.2704
63.0869 -53.2935
63.0843 -53.3166
63.0818 -53.3381
63.0793 -53.3573
63.0769 -53.3764
63.0744 -53.3955
63.072 -53.4147
63.0695 -53.4338
63.0671 -53.4529
63.0646 -53.4721
63.0622 -53.4912
63.0597 -53.5103
63.0573 -53.5295
63.0548 -53.5486
63.0524 -53.5677
63.05 -53.5869
63.0475 -53.606
63.0451 -53.6251
63.0429 -53.6443
63.0406 -53.6635
63.0383 -53.6826
63.0361 -53.7018
63.0338 -53.721
63.0316 -53.7401
63.0293 -53.7594
63.0272 -53.7815
63.0251 -53.8036
63.023 -53.8257
63.0209 -53.8478
63.0187 -53.8699
63.0166 -53.892
63.0145 -53.9141
63.0124 -53.9362
63.0103 -53.9565
63.0083 -53.9688
63.0063 -53.9812
63.0044 -53.9936
63.0025 -54.006
63.0007 -54.0184
62.9988 -54.0311
62.997 -54.0468
62.9952 -54.0625
62.9934 -54.0782
62.9916 -54.0939
62.9898 -54.1096
62.9881 -54.1252
62.9863 -54.1409
62.9845 -54.1566
62.9827 -54.1723
62.981 -54.188
62.9794 -54.2037
62.9778 -54.2141
62.9764 -54.2172
62.9749 -54.2203
62.9735 -54.2234
62.9721 -54.2264
62.9706 -54.2295
62.9692 -54.2326
62.9677 -54.2357
62.9663 -54.2388
62.9648 -54.2419
62.9634 -54.245
62.9619 -54.2481
62.9605 -54.2512
62.9591 -54.2543
62.9579 -54.2574
62.9566 -54.2605
62.9553 -54.2637
62.9541 -54.2668
62.9528 -54.2699
62.9515 -54.273
62.9503 -54.2761
62.949 -54.2792
62.9477 -54.2823
62.9465 -54.2854
62.9452 -54.2886
62.944 -54.2912
62.9429 -54.2891
62.9419 -54.2871
62.9408 -54.285
62.9398 -54.2829
62.9387 -54.2808
62.9377 -54.2787
62.9366 -54.2766
62.9356 -54.2746
62.9346 -54.2725
62.9337 -54.2704
62.9329 -54.2683
62.9321 -54.2663
62.9312 -54.2642
62.9304 -54.2621
62.9296 -54.2601
62.9287 -54.258
62.9279 -54.2559
62.9271 -54.2539
62.9263 -54.2518
62.9254 -54.2497
62.9246 -54.2477
62.9238 -54.2456
62.9229 -54.2435
62.9222 -54.2437
62.9216 -54.2453
62.9209 -54.2468
62.9203 -54.2484
62.9196 -54.2499
62.9191 -54.2515
62.9187 -54.253
62.9182 -54.2546
62.9178 -54.2562
62.9173 -54.2577
62.9168 -54.2593
62.9164 -54.2609
62.9159 -54.2624
62.9155 -54.264
62.915 -54.2656
62.9146 -54.2671
62.9142 -54.2719
62.9138 -54.2777
62.9135 -54.2834
62.9132 -54.2891
62.9129 -54.2948
62.9126 -54.3006
62.9123 -54.3063
62.912 -54.312
62.9117 -54.3177
62.9115 -54.3234
62.9112 -54.3292
62.9109 -54.3349
62.9106 -54.3406
62.9103 -54.3463
62.91 -54.3521
62.9097 -54.3578
62.9094 -54.3635
62.9092 -54.3692
62.9089 -54.375
62.9086 -54.3807
62.9083 -54.3864
62.908 -54.3921
62.9077 -54.3979
62.9074 -54.4036
62.9072 -54.4093
62.9069 -54.415
62.9066 -54.4207
62.9063 -54.4265
62.906 -54.4322
62.9057 -54.4379
62.9054 -54.4436
62.9052 -54.4494
62.9049 -54.4551
62.9046 -54.4608
62.9043 -54.4665
62.904 -54.4723
62.9037 -54.478
62.9034 -54.4837
62.9032 -54.4894
62.9029 -54.4952
62.9026 -54.5009
62.9023 -54.5066
62.902 -54.5123
62.9017 -54.5181
62.9015 -54.5238
62.9012 -54.5295
62.9009 -54.5352
62.9006 -54.5409
62.9003 -54.5467
62.9 -54.5524
62.8998 -54.5581
62.8995 -54.5638
62.8992 -54.5696
62.8989 -54.5753
62.8986 -54.581
62.8983 -54.5867
62.8981 -54.5925
62.8978 -54.5982
62.8975 -54.6039
62.8972 -54.6096
62.8969 -54.6154
62.8966 -54.6211
62.8964 -54.6268
62.8961 -54.6325
62.8958 -54.6382
62.8955 -54.644
62.8952 -54.6497
62.895 -54.6554
62.8947 -54.6611
62.8944 -54.6669
62.8941 -54.6726
62.8938 -54.6783
62.8936 -54.684
62.8933 -54.6898
62.893 -54.6955
62.8927 -54.7012
62.8924 -54.7069
62.8922 -54.7127
62.8919 -54.7184
62.8916 -54.7241
62.8913 -54.7298
62.891 -54.7355
62.8908 -54.7413
62.8905 -54.747
62.8902 -54.7527
62.8899 -54.7584
62.8896 -54.7642
62.8894 -54.7699
62.8891 -54.7756
62.8888 -54.7813
62.8885 -54.7871
62.8882 -54.7928
62.888 -54.7985
62.8877 -54.8042
62.8874 -54.81
62.8871 -54.8157
62.8869 -54.8214
62.8866 -54.8271
62.8863 -54.8328
62.886 -54.8386
62.8857 -54.8443
62.8855 -54.85
62.8852 -54.8557
62.8849 -54.8615
62.8846 -54.8672
62.8844 -54.8729
62.8841 -54.8786
62.8838 -54.8844
62.8835 -54.8901
62.8832 -54.8958
62.883 -54.9015
62.8827 -54.9072
62.8824 -54.913
62.8821 -54.9187
62.8819 -54.9244
62.8816 -54.9301
62.8813 -54.9359
62.881 -54.9416
62.8808 -54.9473
62.8805 -54.953
62.8802 -54.9588
62.8799 -54.9645
62.8797 -54.9702
62.8794 -54.9759
62.8791 -54.9817
62.8788 -54.9874
62.8786 -54.9931
62.8783 -54.9988
62.878 -55.0045
62.8777 -55.0103
62.8775 -55.016
62.8772 -55.0217
62.8769 -55.0274
62.8766 -55.0332
62.8764 -55.0389
62.8761 -55.0446
62.8758 -55.0503
62.8755 -55.0561
62.8753 -55.0618
62.875 -55.0675
62.8747 -55.0732
62.8745 -55.0789
62.8742 -55.0847
62.8739 -55.0904
62.8736 -55.0961
62.8734 -55.1018
62.8731 -55.1076
62.8728 -55.1133
62.8726 -55.119
62.8723 -55.1247
62.872 -55.1305
62.8717 -55.1362
62.8715 -55.1419
62.8712 -55.1476
62.8709 -55.1534
62.8706 -55.1591
62.8704 -55.1648
62.8701 -55.1705
62.8698 -55.1762
62.8696 -55.182
62.8693 -55.1877
62.869 -55.1934
62.8688 -55.1991
62.8685 -55.2049
62.8682 -55.2106
62.8679 -55.2163
62.8677 -55.222
62.8674 -55.2278
62.8671 -55.2335
62.8669 -55.2392
62.8666 -55.2449
62.8663 -55.2506
62.8661 -55.2564
62.8658 -55.2621
62.8655 -55.2678
62.8652 -55.2735
62.865 -55.2793
62.8647 -55.285
62.8644 -55.2907
62.8642 -55.2964
62.8639 -55.3022
62.8636 -55.3079
62.8634 -55.3136
62.8631 -55.3193
62.8628 -55.325
62.8626 -55.3308
62.8623 -55.3365
62.862 -55.3422
62.8618 -55.3479
62.8615 -55.3537
62.8612 -55.3594
62.861 -55.3651
62.8607 -55.3708
62.8604 -55.3766
62.8602 -55.3823
62.8599 -55.388
62.8596 -55.3937
62.8594 -55.3994
62.8591 -55.4052
62.8588 -55.4109
62.8586 -55.4166
62.8583 -55.4223
62.858 -55.4281
62.8578 -55.4338
62.8575 -55.4395
62.8572 -55.4452
62.857 -55.451
62.8567 -55.4567
62.8564 -55.4624
62.8562 -55.4681
62.8559 -55.4738
62.8556 -55.4796
62.8554 -55.4853
62.8551 -55.491
62.8548 -55.4967
62.8546 -55.5025
62.8543 -55.5082
62.854 -55.5139
62.8538 -55.5196
62.8535 -55.5254
62.8533 -55.5311
62.853 -55.5368
62.8527 -55.5425
62.8525 -55.5482
62.8522 -55.554
62.8519 -55.5597
62.8517 -55.5654
62.8514 -55.5711
62.8511 -55.5769
62.8509 -55.5826
62.8506 -55.5883
62.8504 -55.594
62.8501 -55.5998
62.8498 -55.6055
62.8496 -55.6112
62.8493 -55.6169
62.849 -55.6226
62.8488 -55.6284
62.8485 -55.6341
62.8483 -55.6398
62.848 -55.6455
62.8477 -55.6513
62.8475 -55.657
62.8472 -55.6627
62.847 -55.6684
62.8467 -55.6741
62.8464 -55.6799
62.8462 -55.6856
62.8459 -55.6913
62.8456 -55.697
62.8454 -55.7028
62.8451 -55.7085
62.8449 -55.7142
62.8446 -55.7199
62.8443 -55.7257
62.8441 -55.7314
62.8438 -55.7371
62.8436 -55.7428
62.8433 -55.7485
62.843 -55.7543
62.8428 -55.76
62.8425 -55.7657
62.8423 -55.7714
62.842 -55.7772
62.8418 -55.7829
62.8415 -55.7886
62.8412 -55.7943
62.841 -55.8001
62.8407 -55.8058
62.8405 -55.8115
62.8402 -55.8172
62.8399 -55.8229
62.8397 -55.8287
62.8394 -55.8344
62.8392 -55.8401
62.8389 -55.8458
62.8387 -55.8516
62.8384 -55.8573
62.8381 -55.863
62.8379 -55.8687
62.8376 -55.8745
62.8374 -55.8802
62.8371 -55.8859
62.8369 -55.8916
62.8366 -55.8973
62.8363 -55.9031
62.8361 -55.9088
62.8358 -55.9145
62.8356 -55.9202
62.8353 -55.926
62.8351 -55.9317
62.8348 -55.9374
62.8345 -55.9431
62.8343 -55.9488
62.834 -55.9546
62.8338 -55.9603
62.8335 -55.966
62.8333 -55.9717
62.833 -55.9775
62.8328 -55.9832
62.8325 -55.9889
62.8322 -55.9946
62.832 -56.0004
62.8317 -56.0061
62.8315 -56.0118
62.8312 -56.0175
62.831 -56.0232
62.8307 -56.029
62.8305 -56.0347
62.8302 -56.0404
62.83 -56.0461
62.8297 -56.0519
62.8295 -56.0576
62.8292 -56.0633
62.8289 -56.069
62.8287 -56.0747
62.8284 -56.0805
62.8282 -56.0862
62.8279 -56.0919
62.8277 -56.0976
62.8274 -56.1034
62.8272 -56.1091
62.8269 -56.1148
62.8267 -56.1205
62.8264 -56.1263
62.8262 -56.132
62.8259 -56.1377
62.8257 -56.1434
62.8254 -56.1491
62.8252 -56.1549
62.8249 -56.1606
62.8247 -56.1663
62.8244 -56.172
62.8242 -56.1778
62.8239 -56.1835
62.8237 -56.1892
62.8234 -56.1949
62.8232 -56.2007
62.8229 -56.2064
62.8226 -56.2121
62.8224 -56.2178
62.8221 -56.2235
62.8219 -56.2293
62.8216 -56.235
62.8214 -56.2407
62.8211 -56.2464
62.8209 -56.2522
62.8206 -56.2579
62.8204 -56.2636
62.8202 -56.2693
62.8199 -56.275
62.8197 -56.2808
62.8194 -56.2865
62.8192 -56.2922
62.8189 -56.2979
62.8187 -56.3037
62.8184 -56.3094
62.8182 -56.3151
62.8179 -56.3208
62.8177 -56.3265
62.8174 -56.3323
62.8172 -56.338
62.8169 -56.3437
62.8167 -56.3494
62.8164 -56.3552
62.8162 -56.3609
62.8159 -56.3666
62.8157 -56.3723
62.8154 -56.3781
62.8152 -56.3838
62.8149 -56.3895
62.8147 -56.3952
62.8144 -56.4009
62.8142 -56.4067
62.814 -56.4124
62.8137 -56.4181
62.8135 -56.4238
62.8132 -56.4296
62.813 -56.4353
62.8127 -56.441
62.8125 -56.4467
62.8122 -56.4524
62.812 -56.4582
62.8117 -56.4639
62.8115 -56.4696
62.8112 -56.4753
62.811 -56.4811
62.8108 -56.4868
62.8105 -56.4925
62.8103 -56.4982
62.81 -56.504
62.8098 -56.5097
62.8095 -56.5154
62.8093 -56.5211
62.809 -56.5268
62.8088 -56.5326
62.8086 -56.5383
62.8083 -56.544
62.8081 -56.5497
62.8078 -56.5555
62.8076 -56.5612
62.8073 -56.5669
62.8071 -56.5726
62.8068 -56.5783
62.8066 -56.5841
62.8064 -56.5898
62.8061 -56.5955
62.8059 -56.6012
62.8056 -56.607
62.8054 -56.6127
62.8051 -56.6184
62.8049 -56.6241
62.8047 -56.6299
62.8044 -56.6356
62.8042 -56.6413
62.8039 -56.647
62.8037 -56.6527
62.8035 -56.6585
62.8032 -56.6642
62.803 -56.6699
62.8027 -56.6756
62.8025 -56.6814
62.8022 -56.6871
62.802 -56.6928
62.8018 -56.6985
62.8015 -56.7042
62.8013 -56.71
62.801 -56.7157
62.8008 -56.7214
62.8006 -56.7271
62.8003 -56.7329
62.8001 -56.7386
62.7998 -56.7443
62.7996 -56.75
62.7994 -56.7557
62.7991 -56.7615
62.7989 -56.7672
62.7986 -56.7729
62.7984 -56.7786
62.7982 -56.7844
62.7979 -56.7901
62.7977 -56.7958
62.7974 -56.8015
62.7972 -56.8073
62.797 -56.813
62.7967 -56.8187
62.7965 -56.8244
62.7963 -56.8301
62.796 -56.8359
62.7958 -56.8416
62.7955 -56.8473
62.7953 -56.853
62.7951 -56.8588
62.7948 -56.8645
62.7946 -56.8702
62.7944 -56.8759
62.7941 -56.8816
62.7939 -56.8874
62.7936 -56.8931
62.7934 -56.8988
62.7932 -56.9045
62.7929 -56.9103
62.7927 -56.916
62.7925 -56.9217
62.7922 -56.9274
62.792 -56.9331
62.7917 -56.9389
62.7915 -56.9446
62.7913 -56.9503
62.791 -56.956
62.7908 -56.9618
62.7906 -56.9675
62.7903 -56.9732
62.7901 -56.9789
62.7899 -56.9847
62.7896 -56.9904
62.7894 -56.9961
62.7892 -57.0018
62.7889 -57.0075
62.7887 -57.0133
62.7885 -57.019
62.7882 -57.0247
62.788 -57.0304
62.7877 -57.0362
62.7875 -57.0419
62.7873 -57.0476
62.787 -57.0533
62.7868 -57.059
62.7866 -57.0648
62.7863 -57.0705
62.7861 -57.0762
62.7859 -57.0819
62.7856 -57.0877
62.7854 -57.0934
62.7852 -57.0991
62.7849 -57.1048
62.7847 -57.1105
62.7845 -57.1163
62.7842 -57.122
62.784 -57.1277
62.7838 -57.1334
62.7835 -57.1392
62.7833 -57.1449
62.7831 -57.1506
62.7829 -57.1563
62.7826 -57.1621
62.7824 -57.1678
62.7822 -57.1735
62.7819 -57.1792
62.7817 -57.1849
62.7815 -57.1907
62.7812 -57.1964
62.781 -57.2021
62.7808 -57.2078
62.7805 -57.2136
62.7803 -57.2193
62.7801 -57.225
62.7798 -57.2307
62.7796 -57.2364
62.7794 -57.2422
62.7792 -57.2479
62.7789 -57.2536
62.7787 -57.2593
62.7785 -57.2651
62.7782 -57.2708
62.778 -57.2765
62.7778 -57.2822
62.7775 -57.2879
62.7773 -57.2937
62.7771 -57.2994
62.7769 -57.3051
62.7766 -57.3108
62.7764 -57.3166
62.7762 -57.3223
62.7759 -57.328
62.7757 -57.3337
62.7755 -57.3394
62.7753 -57.3452
62.775 -57.3509
62.7748 -57.3566
62.7746 -57.3623
62.7743 -57.3681
62.7741 -57.3738
62.7739 -57.3795
62.7737 -57.3852
62.7734 -57.391
62.7732 -57.3967
62.773 -57.4024
62.7728 -57.4081
62.7725 -57.4138
62.7723 -57.4196
62.7721 -57.4253
62.7718 -57.431
62.7716 -57.4367
62.7714 -57.4425
62.7712 -57.4482
62.7709 -57.4539
62.7707 -57.4596
62.7705 -57.4653
62.7703 -57.4711
62.77 -57.4768
62.7698 -57.4825
62.7696 -57.4882
62.7694 -57.494
62.7691 -57.4997
62.7689 -57.5054
62.7687 -57.5111
62.7685 -57.5168
62.7682 -57.5226
62.768 -57.5283
62.7678 -57.534
62.7676 -57.5397
62.7673 -57.5455
62.7671 -57.5512
62.7669 -57.5569
62.7667 -57.5626
62.7664 -57.5684
62.7662 -57.5741
62.766 -57.5798
62.7658 -57.5855
62.7655 -57.5912
62.7653 -57.597
62.7651 -57.6027
62.7649 -57.6084
62.7647 -57.6141
62.7644 -57.6199
62.7642 -57.6256
62.764 -57.6313
62.7638 -57.637
62.7635 -57.6427
62.7633 -57.6485
62.7631 -57.6542
62.7629 -57.6599
62.7627 -57.6656
62.7624 -57.6714
62.7622 -57.6771
62.762 -57.6828
62.7618 -57.6885
62.7615 -57.6942
62.7613 -57.7
62.7611 -57.7057
62.7609 -57.7114
62.7607 -57.7171
62.7604 -57.7229
62.7602 -57.7286
62.76 -57.7343
62.7598 -57.74
62.7596 -57.7458
62.7593 -57.7515
62.7591 -57.7572
62.7589 -57.7629
62.7587 -57.7686
62.7585 -57.7744
62.7582 -57.7801
62.758 -57.7858
62.7578 -57.7915
62.7576 -57.7973
62.7574 -57.803
62.7571 -57.8087
62.7569 -57.8144
62.7567 -57.8201
62.7565 -57.8259
62.7563 -57.8316
62.756 -57.8373
62.7558 -57.843
62.7556 -57.8488
62.7554 -57.8545
62.7552 -57.8602
62.755 -57.8659
62.7547 -57.8716
62.7545 -57.8774
62.7543 -57.8831
62.7541 -57.8888
62.7539 -57.8945
62.7536 -57.9003
62.7534 -57.906
62.7532 -57.9117
62.753 -57.9174
62.7528 -57.9231
62.7526 -57.9289
62.7523 -57.9346
62.7521 -57.9403
62.7519 -57.946
62.7517 -57.9518
62.7515 -57.9575
62.7513 -57.9632
62.751 -57.9689
62.7508 -57.9747
62.7506 -57.9804
62.7504 -57.9861
62.7502 -57.9918
62.75 -57.9975
62.7498 -58.0033
62.7495 -58.009
62.7493 -58.0147
62.7491 -58.0204
62.7489 -58.0262
62.7487 -58.0319
62.7485 -58.0376
62.7483 -58.0433
62.748 -58.049
62.7478 -58.0548
62.7476 -58.0605
62.7474 -58.0662
62.7472 -58.0719
62.747 -58.0777
62.7468 -58.0834
62.7465 -58.0891
62.7463 -58.0948
62.7461 -58.1006
62.7459 -58.1063
62.7457 -58.112
62.7455 -58.1177
62.7453 -58.1234
62.745 -58.1292
62.7448 -58.1349
62.7446 -58.1406
62.7444 -58.1463
62.7442 -58.1521
62.744 -58.1578
62.7438 -58.1635
62.7436 -58.1692
62.7433 -58.1749
62.7431 -58.1807
62.7429 -58.1864
62.7427 -58.1921
62.7425 -58.1978
62.7423 -58.2036
62.7421 -58.2093
62.7419 -58.215
62.7417 -58.2207
62.7414 -58.2264
62.7412 -58.2322
62.741 -58.2379
62.7408 -58.2436
62.7406 -58.2493
62.7404 -58.2551
62.7402 -58.2608
62.74 -58.2665
62.7398 -58.2722
62.7395 -58.278
62.7393 -58.2837
62.7391 -58.2894
62.7389 -58.2951
62.7387 -58.3008
62.7385 -58.3066
62.7383 -58.3123
62.7381 -58.318
62.7379 -58.3237
62.7377 -58.3295
62.7375 -58.3352
62.7372 -58.3409
62.737 -58.3466
62.7368 -58.3523
62.7366 -58.3581
62.7364 -58.3638
62.7362 -58.3695
62.736 -58.3752
62.7358 -58.381
62.7356 -58.3867
62.7354 -58.3924
62.7352 -58.3981
62.735 -58.4038
62.7347 -58.4096
62.7345 -58.4153
62.7343 -58.421
62.7341 -58.4267
62.7339 -58.4325
62.7337 -58.4382
62.7335 -58.4439
62.7333 -58.4496
62.7331 -58.4554
62.7329 -58.4611
62.7327 -58.4668
62.7325 -58.4725
62.7323 -58.4782
62.7321 -58.484
62.7319 -58.4897
62.7317 -58.4954
62.7314 -58.5011
62.7312 -58.5069
62.731 -58.5126
62.7308 -58.5183
62.7306 -58.524
62.7304 -58.5297
62.7302 -58.5355
62.73 -58.5412
62.7298 -58.5469
62.7296 -58.5526
62.7294 -58.5584
62.7292 -58.5641
62.729 -58.5698
62.7288 -58.5755
62.7286 -58.5813
62.7284 -58.587
62.7282 -58.5927
62.728 -58.5984
62.7278 -58.6041
62.7276 -58.6099
62.7274 -58.6156
62.7272 -58.6213
62.7269 -58.627
62.7267 -58.6328
62.7265 -58.6385
62.7263 -58.6442
62.7261 -58.6499
62.7259 -58.6556
62.7257 -58.6614
62.7255 -58.6671
62.7253 -58.6728
62.7251 -58.6785
62.7249 -58.6843
62.7247 -58.69
62.7245 -58.6957
62.7243 -58.7014
62.7241 -58.7072
62.7239 -58.7129
62.7237 -58.7186
62.7235 -58.7243
62.7233 -58.73
62.7231 -58.7358
62.7229 -58.7415
62.7227 -58.7472
62.7225 -58.7529
62.7223 -58.7587
62.7221 -58.7644
62.7219 -58.7701
62.7217 -58.7758
62.7215 -58.7815
62.7213 -58.7873
62.7211 -58.793
62.7209 -58.7987
62.7207 -58.8044
62.7205 -58.8102
62.7203 -58.8159
62.7201 -58.8216
62.7199 -58.8273
62.7197 -58.8331
62.7195 -58.8388
62.7193 -58.8445
62.7191 -58.8502
62.7189 -58.8559
62.7187 -58.8617
62.7185 -58.8674
62.7183 -58.8731
62.7181 -58.8788
62.7179 -58.8846
62.7177 -58.8903
62.7175 -58.896
62.7173 -58.9017
62.7171 -58.9075
62.7169 -58.9132
62.7167 -58.9189
62.7165 -58.9246
62.7163 -58.9303
62.7161 -58.9361
62.7159 -58.9418
62.7157 -58.9475
62.7156 -58.9532
62.7154 -58.959
62.7152 -58.9647
62.715 -58.9704
62.7148 -58.9761
62.7146 -58.9818
62.7144 -58.9876
62.7142 -58.9933
62.714 -58.999
62.7138 -59.0047
62.7136 -59.0105
62.7134 -59.0162
62.7132 -59.0219
62.713 -59.0276
62.7128 -59.0334
62.7126 -59.0391
62.7124 -59.0448
62.7122 -59.0505
62.712 -59.0562
62.7118 -59.062
62.7116 -59.0677
62.7114 -59.0734
62.7113 -59.0791
62.7111 -59.0849
62.7109 -59.0906
62.7107 -59.0963
62.7105 -59.102
62.7103 -59.1078
62.7101 -59.1135
62.7099 -59.1192
62.7097 -59.1249
62.7095 -59.1306
62.7093 -59.1364
62.7091 -59.1421
62.7089 -59.1478
62.7087 -59.1535
62.7085 -59.1593
62.7083 -59.165
62.7082 -59.1707
62.708 -59.1764
62.7078 -59.1821
62.7076 -59.1879
62.7074 -59.1936
62.7072 -59.1993
62.707 -59.205
62.7068 -59.2108
62.7066 -59.2165
62.7064 -59.2222
62.7062 -59.2279
62.706 -59.2337
62.7059 -59.2394
62.7057 -59.2451
62.7055 -59.2508
62.7053 -59.2565
62.7051 -59.2623
62.7049 -59.268
62.7047 -59.2737
62.7045 -59.2794
62.7043 -59.2852
62.7041 -59.2909
62.7039 -59.2966
62.7038 -59.3023
62.7036 -59.3081
62.7034 -59.3138
62.7032 -59.3195
62.703 -59.3252
62.7028 -59.3309
62.7026 -59.3367
62.7024 -59.3424
62.7022 -59.3481
62.7021 -59.3538
62.7019 -59.3596
62.7017 -59.3653
62.7015 -59.371
62.7013 -59.3767
62.7011 -59.3825
62.7009 -59.3882
62.7007 -59.3939
62.7005 -59.3996
62.7004 -59.4053
62.7002 -59.4111
62.7 -59.4168
62.6998 -59.4225
62.6996 -59.4282
62.6994 -59.434
62.6992 -59.4397
62.699 -59.4454
62.6989 -59.4511
62.6987 -59.4569
62.6985 -59.4626
62.6983 -59.4683
62.6981 -59.474
62.6979 -59.4797
62.6977 -59.4855
62.6975 -59.4912
62.6974 -59.4969
62.6972 -59.5026
62.697 -59.5084
62.6968 -59.5141
62.6966 -59.5198
62.6964 -59.5255
62.6962 -59.5313
62.6961 -59.537
62.6959 -59.5427
62.6957 -59.5484
62.6955 -59.5541
62.6953 -59.5599
62.6951 -59.5656
62.695 -59.5713
62.6948 -59.577
62.6946 -59.5828
62.6944 -59.5885
62.6942 -59.5942
62.694 -59.5999
62.6938 -59.6057
62.6937 -59.6114
62.6935 -59.6171
62.6933 -59.6228
62.6931 -59.6285
62.6929 -59.6343
62.6927 -59.64
62.6926 -59.6457
62.6924 -59.6514
62.6922 -59.6572
62.692 -59.6629
62.6918 -59.6686
62.6916 -59.6743
62.6915 -59.6801
62.6913 -59.6858
62.6911 -59.6915
62.6909 -59.6972
62.6907 -59.7029
62.6906 -59.7087
62.6904 -59.7144
62.6902 -59.7201
62.69 -59.7258
62.6898 -59.7316
62.6896 -59.7373
62.6895 -59.743
62.6893 -59.7487
62.6891 -59.7545
62.6889 -59.7602
62.6887 -59.7659
62.6886 -59.7716
62.6884 -59.7774
62.6882 -59.7831
62.688 -59.7888
62.6878 -59.7945
62.6877 -59.8002
62.6875 -59.806
62.6873 -59.8117
62.6871 -59.8174
62.6869 -59.8231
62.6868 -59.8289
62.6866 -59.8346
62.6864 -59.8403
62.6862 -59.846
62.686 -59.8518
62.6859 -59.8575
62.6857 -59.8632
62.6855 -59.8689
62.6853 -59.8746
62.6851 -59.8804
62.685 -59.8861
62.6848 -59.8918
62.6846 -59.8975
62.6844 -59.9033
62.6842 -59.909
62.6841 -59.9147
62.6839 -59.9204
62.6837 -59.9262
62.6835 -59.9319
62.6834 -59.9376
62.6832 -59.9433
62.683 -59.949
62.6828 -59.9548
62.6826 -59.9605
62.6825 -59.9662
62.6823 -59.9719
62.6821 -59.9777
62.6819 -59.9834
62.6818 -59.9891
62.6816 -59.9948
62.6814 -60.0006
62.6812 -60.0063
62.6811 -60.012
62.6809 -60.0177
62.6807 -60.0235
62.6805 -60.0292
62.6804 -60.0349
62.6802 -60.0406
62.68 -60.0463
62.6798 -60.0521
62.6797 -60.0578
62.6795 -60.0635
62.6793 -60.0692
62.6791 -60.075
62.679 -60.0807
62.6788 -60.0864
62.6786 -60.0921
62.6784 -60.0979
62.6783 -60.1036
62.6781 -60.1093
62.6779 -60.115
62.6777 -60.1208
62.6776 -60.1265
62.6774 -60.1322
62.6772 -60.1379
62.677 -60.1436
62.6769 -60.1494
62.6767 -60.1551
62.6765 -60.1608
62.6763 -60.1665
62.6762 -60.1723
62.676 -60.178
62.6758 -60.1837
62.6757 -60.1894
62.6755 -60.1952
62.6753 -60.2009
62.6751 -60.2066
62.675 -60.2123
62.6748 -60.2181
62.6746 -60.2238
62.6744 -60.2295
62.6743 -60.2352
62.6741 -60.2409
62.6739 -60.2467
62.6738 -60.2524
62.6736 -60.2581
62.6734 -60.2638
62.6732 -60.2696
62.6731 -60.2753
62.6729 -60.281
62.6727 -60.2867
62.6726 -60.2925
62.6724 -60.2982
62.6722 -60.3039
62.6721 -60.3096
62.6719 -60.3154
62.6717 -60.3211
62.6715 -60.3268
62.6714 -60.3325
62.6712 -60.3382
62.671 -60.344
62.6709 -60.3497
62.6707 -60.3554
62.6705 -60.3611
62.6704 -60.3669
62.6702 -60.3726
62.67 -60.3783
62.6698 -60.384
62.6697 -60.3898
62.6695 -60.3955
62.6693 -60.4012
62.6692 -60.4069
62.669 -60.4127
62.6688 -60.4184
62.6687 -60.4241
62.6685 -60.4298
62.6684 -60.4356
62.6682 -60.4413
62.668 -60.447
62.6679 -60.4527
62.6677 -60.4585
62.6676 -60.4642
62.6674 -60.4699
62.6672 -60.4756
62.6671 -60.4814
62.6669 -60.4871
62.6668 -60.4928
62.6666 -60.4985
62.6665 -60.5042
62.6663 -60.51
62.6662 -60.5157
62.666 -60.5214
62.6658 -60.5271
62.6657 -60.5329
62.6655 -60.5386
62.6654 -60.5443
62.6652 -60.55
62.6651 -60.5558
62.6649 -60.5615
62.6647 -60.5672
62.6646 -60.5729
62.6644 -60.5787
62.6643 -60.5844
62.6641 -60.5901
62.664 -60.5958
62.6638 -60.6016
62.6637 -60.6073
62.6635 -60.613
62.6633 -60.6187
62.6632 -60.6245
62.663 -60.6302
62.6629 -60.6359
62.6627 -60.6416
62.6626 -60.6474
62.6625 -60.6531
62.6623 -60.6588
62.6622 -60.6646
62.6621 -60.6703
62.6619 -60.676
62.6618 -60.6817
62.6617 -60.6875
62.6615 -60.6932
62.6614 -60.6989
62.6613 -60.7046
62.6611 -60.7104
62.661 -60.7161
62.6609 -60.7218
62.6607 -60.7275
62.6606 -60.7333
62.6605 -60.739
62.6603 -60.7447
62.6602 -60.7505
62.6601 -60.7562
62.6599 -60.7619
62.6598 -60.7676
62.6597 -60.7734
62.6595 -60.7791
62.6594 -60.7848
62.6593 -60.7905
62.6591 -60.7963
62.659 -60.802
62.6589 -60.8077
62.6587 -60.8135
62.6586 -60.8192
62.6585 -60.8249
62.6583 -60.8306
62.6582 -60.8364
62.6581 -60.8418
62.6579 -60.8449
62.6578 -60.8481
62.6577 -60.8512
62.6576 -60.8543
62.6575 -60.8575
62.6573 -60.8606
62.6572 -60.8637
62.6571 -60.8668
62.657 -60.87
62.6568 -60.8731
62.6567 -60.8762
62.6566 -60.8794
62.6565 -60.8825
62.6564 -60.8856
62.6562 -60.8887
62.6561 -60.8919
62.656 -60.895
62.6559 -60.8981
62.6558 -60.9013
62.6557 -60.9044
62.6556 -60.9075
62.6555 -60.9107
62.6554 -60.9138
62.6553 -60.9169
62.6552 -60.9201
62.6551 -60.9232
62.655 -60.9263
62.6549 -60.9295
62.6548 -60.9326
62.6547 -60.9357
62.6546 -60.9389
62.6545 -60.942
62.6544 -60.9451
62.6543 -60.9482
62.6542 -60.9514
62.6541 -60.9545
62.654 -60.9576
62.6539 -60.9608
62.6538 -60.9639
62.6537 -60.967
62.6536 -60.9702
62.6535 -60.9733
62.6535 -60.9764
62.6534 -60.9796
62.6533 -60.9827
62.6532 -60.9833
62.6531 -60.983
62.653 -60.9827
62.6529 -60.9824
62.6529 -60.9821
62.6528 -60.9818
62.6527 -60.9815
62.6526 -60.9811
62.6526 -60.9808
62.6525 -60.9805
62.6524 -60.9802
62.6523 -60.9799
62.6523 -60.9796
62.6522 -60.9793
62.6521 -60.979
62.652 -60.9787
62.652 -60.9784
62.6519 -60.9781
62.6518 -60.9778
62.6517 -60.9775
62.6517 -60.9772
62.6516 -60.9769
62.6515 -60.9766
62.6514 -60.9763
62.6514 -60.976
62.6513 -60.9757
62.6513 -60.9754
62.6512 -60.9751
62.6511 -60.9748
62.6511 -60.9745
62.651 -60.9742
62.651 -60.9739
62.6509 -60.9736
62.6509 -60.9733
62.6508 -60.9729
62.6508 -60.9726
62.6507 -60.9723
62.6506 -60.972
62.6506 -60.9717
62.6505 -60.9714
62.6505 -60.9711
62.6504 -60.9708
62.6504 -60.9705
62.6503 -60.9702
62.6503 -60.9699
62.6502 -60.9696
62.6502 -60.9693
62.6501 -60.969
62.6501 -60.9687
62.65 -60.9684
62.65 -60.9681
62.6499 -60.9678
62.6498 -60.9675
62.6498 -60.9672
62.6497 -60.9669
62.6497 -60.9666
62.6496 -60.9663
62.6496 -60.966
62.6495 -60.9657
62.6495 -60.9654
62.6494 -60.9651
62.6494 -60.9648
62.6494 -60.9645
62.6493 -60.9642
62.6493 -60.9639
62.6492 -60.9636
62.6492 -60.9622
62.6492 -60.9604
62.6492 -60.9585
62.6491 -60.9567
62.6491 -60.9549
62.6491 -60.953
62.6491 -60.9512
62.6491 -60.9494
62.649 -60.9476
62.649 -60.9457
62.649 -60.9439
62.649 -60.9421
62.649 -60.9402
62.6489 -60.9384
62.6489 -60.9366
62.6489 -60.9347
62.6489 -60.9329
62.6489 -60.9311
62.6488 -60.9293
62.6488 -60.9274
62.6488 -60.9256
62.6488 -60.9238
62.6488 -60.9219
62.6488 -60.9201
62.6487 -60.9183
62.6487 -60.9164
62.6487 -60.9146
62.6487 -60.9128
62.6487 -60.911
62.6486 -60.9091
62.6486 -60.9073
62.6486 -60.9055
62.6486 -60.9036
62.6486 -60.9018
62.6486 -60.9
62.6485 -60.8981
62.6485 -60.8963
62.6485 -60.8945
62.6485 -60.8927
62.6485 -60.8908
62.6485 -60.889
62.6484 -60.8872
62.6484 -60.8853
62.6484 -60.8835
62.6484 -60.8817
62.6484 -60.8799
62.6484 -60.878
62.6483 -60.8762
62.6483 -60.8744
62.6483 -60.8725
62.6483 -60.8707
62.6483 -60.8689
62.6483 -60.867
62.6483 -60.8652
62.6482 -60.8634
62.6482 -60.8616
62.6482 -60.8597
62.6482 -60.8579
62.6482 -60.8561
62.6482 -60.8542
62.6482 -60.8524
62.6481 -60.8506
62.6481 -60.8487
62.6481 -60.8475
62.6481 -60.8465
62.6481 -60.8455
62.6481 -60.8444
62.6482 -60.8434
62.6482 -60.8423
62.6482 -60.8413
62.6482 -60.8402
62.6482 -60.8392
62.6482 -60.8381
62.6482 -60.8371
62.6482 -60.836
62.6482 -60.835
62.6482 -60.834
62.6482 -60.8329
62.6482 -60.8319
62.6482 -60.8308
62.6482 -60.8298
62.6482 -60.8287
62.6482 -60.8277
62.6482 -60.8266
62.6483 -60.8256
62.6483 -60.8246
62.6483 -60.8235
62.6483 -60.8225
62.6483 -60.8214
62.6483 -60.8204
62.6483 -60.8193
62.6483 -60.8183
62.6483 -60.8172
62.6483 -60.8162
62.6483 -60.8151
62.6483 -60.8141
62.6483 -60.8131
62.6484 -60.812
62.6484 -60.811
62.6484 -60.8099
62.6484 -60.8089
62.6484 -60.8078
62.6484 -60.8068
62.6484 -60.8057
62.6484 -60.8047
62.6484 -60.8037
62.6484 -60.8035
62.6485 -60.8035
62.6485 -60.8035
62.6485 -60.8035
62.6485 -60.8034
62.6485 -60.8034
62.6486 -60.8034
62.6486 -60.8034
62.6486 -60.8033
62.6486 -60.8033
62.6486 -60.8033
62.6487 -60.8033
62.6487 -60.8032
62.6487 -60.8032
62.6487 -60.8032
62.6487 -60.8031
62.6487 -60.8031
62.6488 -60.8031
62.6488 -60.8031
62.6488 -60.803
62.6488 -60.803
62.6488 -60.803
62.6489 -60.803
62.6489 -60.8029
62.6489 -60.8029
62.6489 -60.8029
62.649 -60.8029
62.649 -60.8028
62.649 -60.8028
62.649 -60.8028
62.649 -60.8028
62.6491 -60.8027
62.6491 -60.8027
62.6491 -60.8027
62.6491 -60.8026
62.6491 -60.8026
62.6492 -60.8026
62.6492 -60.8026
62.6492 -60.8025
62.6492 -60.8025
62.6493 -60.8025
62.6493 -60.8025
62.6493 -60.8024
62.6493 -60.8024
62.6493 -60.8024
62.6494 -60.8024
62.6494 -60.8023
62.6494 -60.8023
62.6494 -60.8023
62.6495 -60.8023
62.6495 -60.8022
62.6495 -60.8022
62.6495 -60.8022
62.6496 -60.8021
62.6496 -60.8021
62.6496 -60.8021
62.6496 -60.8021
62.6497 -60.802
62.6497 -60.802
62.6497 -60.802
62.6497 -60.802
62.6498 -60.8019
62.6498 -60.8019
62.6498 -60.8019
62.6498 -60.8019
62.6499 -60.8018
62.6499 -60.8018
62.6499 -60.8018
62.6499 -60.8018
62.65 -60.8017
62.65 -60.8017
62.65 -60.8017
62.65 -60.8017
62.6501 -60.8016
62.6501 -60.8016
62.6501 -60.8016
62.6501 -60.8015
62.6502 -60.8015
62.6502 -60.8015
62.6502 -60.8015
62.6502 -60.8014
62.6503 -60.8014
62.6503 -60.8014
62.6503 -60.8014
62.6504 -60.8013
62.6504 -60.8013
62.6504 -60.8013
62.6504 -60.8013
62.6505 -60.8012
62.6505 -60.8012
62.6505 -60.8012
62.6505 -60.8012
62.6506 -60.8011
62.6506 -60.8011
62.6506 -60.8011
62.6507 -60.8011
62.6507 -60.801
62.6507 -60.801
62.6507 -60.801
62.6508 -60.8009
62.6508 -60.8009
62.6508 -60.8009
62.6509 -60.8009
62.6509 -60.8008
62.6509 -60.8008
62.651 -60.8008
62.651 -60.8008
62.651 -60.8007
62.651 -60.8007
62.6511 -60.8007
62.6511 -60.8007
62.6511 -60.8006
62.6512 -60.8006
62.6512 -60.8006
62.6512 -60.8006
62.6513 -60.8005
62.6513 -60.8005
62.6513 -60.8005
62.6513 -60.8005
62.6514 -60.8004
62.6514 -60.8004
62.6514 -60.8004
62.6515 -60.8004
62.6515 -60.8003
62.6515 -60.8003
62.6516 -60.8003
62.6516 -60.8002
62.6516 -60.8002
62.6517 -60.8002
62.6517 -60.8002
62.6517 -60.8001
62.6518 -60.8001
62.6518 -60.8001
62.6518 -60.8001
62.6519 -60.8
62.6519 -60.8
62.6519 -60.8
62.652 -60.8
62.652 -60.7999
62.652 -60.7999
62.6521 -60.7999
62.6521 -60.7999
62.6521 -60.7998
62.6522 -60.7998
62.6522 -60.7998
62.6522 -60.7998
62.6523 -60.7997
62.6523 -60.7997
62.6523 -60.7997
62.6524 -60.7997
62.6524 -60.7996
62.6524 -60.7996
62.6525 -60.7996
62.6525 -60.7996
62.6525 -60.7995
62.6526 -60.7995
62.6526 -60.7995
62.6526 -60.7994
62.6527 -60.7994
62.6527 -60.7994
62.6528 -60.7994
62.6528 -60.7993
62.6528 -60.7993
62.6529 -60.7993
62.6529 -60.7993
62.6529 -60.7992
62.653 -60.7992
62.653 -60.7992
62.653 -60.7992
62.6531 -60.7991
62.6531 -60.7991
62.6532 -60.7991
62.6532 -60.7991
62.6532 -60.799
62.6533 -60.799
62.6533 -60.799
62.6533 -60.799
62.6534 -60.7989
62.6534 -60.7989
62.6535 -60.7989
62.6535 -60.7989
62.6535 -60.7988
62.6536 -60.7988
62.6536 -60.7988
62.6536 -60.7988
62.6537 -60.7987
62.6537 -60.7987
62.6538 -60.7987
62.6538 -60.7987
62.6538 -60.7986
62.6539 -60.7986
62.6539 -60.7986
62.654 -60.7986
62.654 -60.7985
62.654 -60.7985
62.6541 -60.7985
62.6541 -60.7985
62.6542 -60.7984
62.6542 -60.7984
62.6542 -60.7984
62.6543 -60.7983
62.6543 -60.7983
62.6544 -60.7983
62.6544 -60.7983
62.6544 -60.7982
62.6545 -60.7982
62.6545 -60.7982
62.6546 -60.7982
62.6546 -60.7981
62.6546 -60.7981
62.6547 -60.7981
62.6547 -60.7981
62.6548 -60.798
62.6548 -60.798
62.6549 -60.798
62.6549 -60.798
62.6549 -60.7979
62.655 -60.7979
62.655 -60.7979
62.6551 -60.7979
62.6551 -60.7978
62.6551 -60.7978
62.6552 -60.7978
62.6552 -60.7978
62.6553 -60.7977
62.6553 -60.7977
62.6554 -60.7977
62.6554 -60.7977
62.6554 -60.7976
62.6555 -60.7976
62.6555 -60.7976
62.6556 -60.7976
62.6556 -60.7975
62.6557 -60.7975
62.6557 -60.7975
62.6558 -60.7975
62.6558 -60.7974
62.6558 -60.7974
62.6559 -60.7974
62.6559 -60.7974
62.656 -60.7973
62.656 -60.7973
62.6561 -60.7973
62.6561 -60.7973
62.6562 -60.7972
62.6562 -60.7972
62.6562 -60.7972
62.6563 -60.7972
62.6563 -60.7971
62.6564 -60.7971
62.6564 -60.7971
62.6565 -60.7971
62.6565 -60.797
62.6566 -60.797
62.6566 -60.797
62.6567 -60.797
62.6567 -60.7969
62.6568 -60.7969
62.6568 -60.7969
62.6568 -60.7969
62.6569 -60.7968
62.6569 -60.7968
62.657 -60.7968
62.657 -60.7968
62.6571 -60.7967
62.6571 -60.7967
62.6572 -60.7967
62.6572 -60.7967
62.6573 -60.7966
62.6573 -60.7966
62.6574 -60.7966
62.6574 -60.7965
62.6575 -60.7965
62.6575 -60.7965
62.6576 -60.7965
62.6576 -60.7964
62.6577 -60.7964
62.6577 -60.7964
62.6578 -60.7964
62.6578 -60.7963
62.6579 -60.7963
62.6579 -60.7963
62.658 -60.7963
62.658 -60.7962
62.6581 -60.7962
62.6581 -60.7962
62.6582 -60.7962
62.6582 -60.7961
62.6583 -60.7961
62.6583 -60.7961
62.6584 -60.7961
62.6584 -60.796
62.6585 -60.796
62.6585 -60.796
62.6586 -60.796
62.6586 -60.7959
62.6587 -60.7959
62.6587 -60.7959
62.6588 -60.7959
62.6588 -60.7958
62.6589 -60.7958
62.6589 -60.7958
62.659 -60.7958
62.659 -60.7957
62.6591 -60.7957
62.6591 -60.7957
62.6592 -60.7957
62.6592 -60.7956
62.6593 -60.7956
62.6593 -60.7956
62.6594 -60.7956
62.6594 -60.7955
62.6595 -60.7955
62.6595 -60.7955
62.6596 -60.7955
62.6596 -60.7954
62.6597 -60.7954
62.6597 -60.7954
62.6598 -60.7954
62.6599 -60.7953
62.6599 -60.7953
62.66 -60.7953
62.66 -60.7953
62.6601 -60.7952
62.6601 -60.7952
62.6602 -60.7952
62.6602 -60.7952
62.6603 -60.7951
62.6603 -60.7951
62.6604 -60.7951
62.6605 -60.7951
62.6605 -60.795
62.6606 -60.795
62.6606 -60.795
62.6607 -60.795
62.6607 -60.7949
62.6608 -60.7949
62.6608 -60.7949
62.6609 -60.7949
62.6609 -60.7948
62.661 -60.7948
62.6611 -60.7948
62.6611 -60.7948
62.6612 -60.7948
62.6612 -60.7947
62.6613 -60.7947
62.6613 -60.7947
62.6614 -60.7947
62.6615 -60.7946
62.6615 -60.7946
62.6616 -60.7946
62.6616 -60.7946
62.6617 -60.7945
62.6617 -60.7945
62.6618 -60.7945
62.6619 -60.7945
62.6619 -60.7944
62.662 -60.7944
62.662 -60.7944
62.6621 -60.7944
62.6621 -60.7943
62.6622 -60.7943
62.6623 -60.7943
62.6623 -60.7943
62.6624 -60.7942
62.6624 -60.7942
62.6625 -60.7942
62.6626 -60.7942
62.6626 -60.7941
62.6627 -60.7941
62.6627 -60.7941
62.6628 -60.7941
62.6628 -60.794
62.6629 -60.794
62.663 -60.794
62.663 -60.794
62.6631 -60.7939
62.6631 -60.7939
62.6632 -60.7939
62.6633 -60.7939
62.6633 -60.7938
62.6634 -60.7938
62.6634 -60.7938
62.6635 -60.7938
62.6636 -60.7937
62.6636 -60.7937
62.6637 -60.7937
62.6638 -60.7937
62.6638 -60.7936
62.6639 -60.7936
62.6639 -60.7936
62.664 -60.7936
62.6641 -60.7935
62.6641 -60.7935
62.6642 -60.7935
62.6642 -60.7935
62.6643 -60.7934
62.6644 -60.7934
62.6644 -60.7934
62.6645 -60.7934
62.6646 -60.7933
62.6646 -60.7933
62.6647 -60.7933
62.6647 -60.7933
62.6648 -60.7932
62.6649 -60.7932
62.6649 -60.7932
62.665 -60.7932
62.6651 -60.7931
62.6651 -60.7931
62.6652 -60.7931
62.6652 -60.7931
62.6653 -60.793
62.6654 -60.793
62.6654 -60.793
62.6655 -60.793
62.6656 -60.793
62.6656 -60.7929
62.6657 -60.7929
62.6658 -60.7929
62.6658 -60.7929
62.6659 -60.7928
62.666 -60.7928
62.666 -60.7928
62.6661 -60.7928
62.6662 -60.7927
62.6662 -60.7927
62.6663 -60.7927
62.6663 -60.7927
62.6664 -60.7926
62.6665 -60.7926
62.6665 -60.7926
62.6666 -60.7926
62.6667 -60.7925
62.6667 -60.7925
62.6668 -60.7925
62.6669 -60.7925
62.6669 -60.7924
62.667 -60.7924
62.6671 -60.7924
62.6671 -60.7924
62.6672 -60.7923
62.6673 -60.7923
62.6673 -60.7923
62.6674 -60.7923
62.6675 -60.7922
62.6675 -60.7922
62.6676 -60.7922
62.6677 -60.7922
62.6678 -60.7921
62.6678 -60.7921
62.6679 -60.7921
62.668 -60.7921
62.668 -60.792
62.6681 -60.792
62.6682 -60.792
62.6682 -60.792
62.6683 -60.792
62.6684 -60.7919
62.6684 -60.7919
62.6685 -60.7919
62.6686 -60.7919
62.6686 -60.7918
62.6687 -60.7918
62.6688 -60.7918
62.6689 -60.7918
62.6689 -60.7917
62.669 -60.7917
62.6691 -60.7917
62.6691 -60.7917
62.6692 -60.7916
62.6693 -60.7916
62.6693 -60.7916
62.6694 -60.7916
62.6695 -60.7915
62.6696 -60.7915
62.6696 -60.7915
62.6697 -60.7915
62.6698 -60.7914
62.6698 -60.7914
62.6699 -60.7914
62.67 -60.7914
62.6701 -60.7913
62.6701 -60.7913
62.6702 -60.7913
62.6703 -60.7913
62.6703 -60.7912
62.6704 -60.7912
62.6705 -60.7912
62.6706 -60.7912
62.6706 -60.7912
62.6707 -60.7911
62.6708 -60.7911
62.6708 -60.7911
62.6709 -60.7911
62.671 -60.791
62.6711 -60.791
62.6711 -60.791
62.6712 -60.791
62.6713 -60.7909
62.6714 -60.7909
62.6714 -60.7909
62.6715 -60.7909
62.6716 -60.7908
62.6717 -60.7908
62.6717 -60.7908
62.6718 -60.7908
62.6719 -60.7907
62.672 -60.7907
62.672 -60.7907
62.6721 -60.7907
62.6722 -60.7906
62.6723 -60.7906
62.6723 -60.7906
62.6724 -60.7906
62.6725 -60.7906
62.6726 -60.7905
62.6726 -60.7905
62.6727 -60.7905
62.6728 -60.7905
62.6729 -60.7904
62.6729 -60.7904
62.673 -60.7904
62.6731 -60.7904
62.6732 -60.7903
62.6732 -60.7903
62.6733 -60.7903
62.6734 -60.7903
62.6735 -60.7902
62.6735 -60.7902
62.6736 -60.7902
62.6737 -60.7902
62.6738 -60.7901
62.6739 -60.7901
62.6739 -60.7901
62.674 -60.7901
62.6741 -60.79
62.6742 -60.79
62.6742 -60.79
62.6743 -60.79
62.6744 -60.79
62.6745 -60.7899
62.6746 -60.7899
62.6746 -60.7899
62.6747 -60.7899
62.6748 -60.7898
62.6749 -60.7898
62.6749 -60.7898
62.675 -60.7898
62.6751 -60.7897
62.6752 -60.7897
62.6753 -60.7897
62.6753 -60.7897
62.6754 -60.7896
62.6755 -60.7896
62.6756 -60.7896
62.6757 -60.7896
62.6757 -60.7895
62.6758 -60.7895
62.6759 -60.7895
62.676 -60.7895
62.6761 -60.7895
62.6761 -60.7894
62.6762 -60.7894
62.6763 -60.7894
62.6764 -60.7894
62.6765 -60.7893
62.6765 -60.7893
62.6766 -60.7893
62.6767 -60.7893
62.6768 -60.7892
62.6769 -60.7892
62.677 -60.7892
62.677 -60.7892
62.6771 -60.7891
62.6772 -60.7891
62.6773 -60.7891
62.6774 -60.7891
62.6774 -60.789
62.6775 -60.789
62.6776 -60.789
62.6777 -60.789
62.6778 -60.789
62.6779 -60.7889
62.6779 -60.7889
62.678 -60.7889
62.6781 -60.7889
62.6782 -60.7888
62.6783 -60.7888
62.6784 -60.7888
62.6784 -60.7888
62.6785 -60.7887
62.6786 -60.7887
62.6787 -60.7887
62.6788 -60.7887
62.6789 -60.7886
62.6789 -60.7886
62.679 -60.7886
62.6791 -60.7886
62.6792 -60.7886
62.6793 -60.7885
62.6794 -60.7885
62.6795 -60.7885
62.6795 -60.7885
62.6796 -60.7884
62.6797 -60.7884
62.6798 -60.7884
62.6799 -60.7884
62.68 -60.7883
62.6801 -60.7883
62.6801 -60.7883
62.6802 -60.7883
62.6803 -60.7882
62.6804 -60.7882
62.6805 -60.7882
62.6806 -60.7882
62.6807 -60.7882
62.6807 -60.7881
62.6808 -60.7881
62.6809 -60.7881
62.681 -60.7881
62.6811 -60.788
62.6812 -60.788
62.6813 -60.788
62.6814 -60.788
62.6814 -60.7879
62.6815 -60.7879
62.6816 -60.7879
62.6817 -60.7879
62.6818 -60.7878
62.6819 -60.7878
62.682 -60.7878
62.6821 -60.7878
62.6821 -60.7878
62.6822 -60.7877
62.6823 -60.7877
62.6824 -60.7877
62.6825 -60.7877
62.6826 -60.7876
62.6827 -60.7876
62.6828 -60.7876
62.6829 -60.7876
62.6829 -60.7875
62.683 -60.7875
62.6831 -60.7875
62.6832 -60.7875
62.6833 -60.7874
62.6834 -60.7874
62.6835 -60.7874
62.6836 -60.7874
62.6837 -60.7874
62.6838 -60.7873
62.6838 -60.7873
62.6839 -60.7873
62.684 -60.7873
62.6841 -60.7872
62.6842 -60.7872
62.6843 -60.7872
62.6844 -60.7872
62.6845 -60.7871
62.6846 -60.7871
62.6847 -60.7871
62.6848 -60.7871
62.6848 -60.787
62.6849 -60.787
62.685 -60.787
62.6851 -60.787
62.6852 -60.787
62.6853 -60.7869
62.6854 -60.7869
62.6855 -60.7869
62.6856 -60.7869
62.6857 -60.7868
62.6858 -60.7868
62.6859 -60.7868
62.686 -60.7868
62.686 -60.7867
62.6861 -60.7867
62.6862 -60.7867
62.6863 -60.7867
62.6864 -60.7867
62.6865 -60.7866
62.6866 -60.7866
62.6867 -60.7866
62.6868 -60.7866
62.6869 -60.7865
62.687 -60.7865
62.6871 -60.7865
62.6872 -60.7865
62.6873 -60.7864
62.6874 -60.7864
62.6875 -60.7864
62.6876 -60.7864
62.6877 -60.7864
62.6877 -60.7863
62.6878 -60.7863
62.6879 -60.7863
62.688 -60.7863
62.6881 -60.7862
62.6882 -60.7862
62.6883 -60.7862
62.6884 -60.7862
62.6885 -60.7861
62.6886 -60.7861
62.6887 -60.7861
62.6888 -60.7861
62.6889 -60.7861
62.689 -60.786
62.6891 -60.786
62.6892 -60.786
62.6893 -60.786
62.6894 -60.7859
62.6895 -60.7859
62.6896 -60.7859
62.6897 -60.7859
62.6898 -60.7858
62.6899 -60.7858
62.69 -60.7858
62.6901 -60.7858
62.6902 -60.7858
62.6903 -60.7857
62.6904 -60.7857
62.6905 -60.7857
62.6906 -60.7857
62.6907 -60.7856
62.6908 -60.7856
62.6909 -60.7856
62.691 -60.7856
62.6911 -60.7855
62.6911 -60.7855
62.6912 -60.7855
62.6913 -60.7855
62.6914 -60.7855
62.6915 -60.7854
62.6916 -60.7854
62.6917 -60.7854
62.6918 -60.7854
62.6919 -60.7853
62.692 -60.7853
62.6921 -60.7853
62.6922 -60.7853
62.6923 -60.7852
62.6924 -60.7852
62.6925 -60.7852
62.6926 -60.7852
62.6928 -60.7852
62.6929 -60.7851
62.693 -60.7851
62.6931 -60.7851
62.6932 -60.7851
62.6933 -60.785
62.6934 -60.785
62.6935 -60.785
62.6936 -60.785
62.6937 -60.7849
62.6938 -60.7849
62.6939 -60.7849
62.694 -60.7849
62.6941 -60.7849
62.6942 -60.7848
62.6943 -60.7848
62.6944 -60.7848
62.6945 -60.7848
62.6946 -60.7847
62.6947 -60.7847
62.6948 -60.7847
62.6949 -60.7847
62.695 -60.7846
62.6951 -60.7846
62.6952 -60.7846
62.6953 -60.7846
62.6954 -60.7846
62.6955 -60.7845
62.6956 -60.7845
62.6957 -60.7845
62.6958 -60.7845
62.6959 -60.7844
62.696 -60.7844
62.6961 -60.7844
62.6962 -60.7844
62.6964 -60.7844
62.6965 -60.7843
62.6966 -60.7843
62.6967 -60.7843
62.6968 -60.7843
62.6969 -60.7842
62.697 -60.7842
62.6971 -60.7842
62.6972 -60.7842
62.6973 -60.7841
62.6974 -60.7841
62.6975 -60.7841
62.6976 -60.7841
62.6977 -60.7841
62.6978 -60.784
62.6979 -60.784
62.698 -60.784
62.6982 -60.784
62.6983 -60.7839
62.6984 -60.7839
62.6985 -60.7839
62.6986 -60.7839
62.6987 -60.7839
62.6988 -60.7838
62.6989 -60.7838
62.699 -60.7838
62.6991 -60.7838
62.6992 -60.7837
62.6993 -60.7837
62.6994 -60.7837
62.6995 -60.7837
62.6997 -60.7836
62.6998 -60.7836
62.6999 -60.7836
62.7 -60.7836
62.7001 -60.7836
62.7002 -60.7835
62.7003 -60.7835
62.7004 -60.7835
62.7005 -60.7835
62.7006 -60.7834
62.7007 -60.7834
62.7009 -60.7834
62.701 -60.7834
62.7011 -60.7834
62.7012 -60.7833
62.7013 -60.7833
62.7014 -60.7833
62.7015 -60.7833
62.7016 -60.7832
62.7017 -60.7832
62.7018 -60.7832
62.702 -60.7832
62.7021 -60.7832
62.7022 -60.7831
62.7023 -60.7831
62.7024 -60.7831
62.7025 -60.7831
62.7026 -60.783
62.7027 -60.783
62.7028 -60.783
62.703 -60.783
62.7031 -60.783
62.7032 -60.7829
62.7033 -60.7829
62.7034 -60.7829
62.7035 -60.7829
62.7036 -60.7828
62.7037 -60.7828
62.7039 -60.7828
62.704 -60.7828
62.7041 -60.7827
62.7042 -60.7827
62.7043 -60.7827
62.7044 -60.7827
62.7045 -60.7827
62.7046 -60.7826
62.7048 -60.7826
62.7049 -60.7826
62.705 -60.7826
62.7051 -60.7825
62.7052 -60.7825
62.7053 -60.7825
62.7054 -60.7825
62.7056 -60.7825
62.7057 -60.7824
62.7058 -60.7824
62.7059 -60.7824
62.706 -60.7824
62.7061 -60.7823
62.7062 -60.7823
62.7064 -60.7823
62.7065 -60.7823
62.7066 -60.7823
62.7067 -60.7822
62.7068 -60.7822
62.7069 -60.7822
62.707 -60.7822
62.7072 -60.7821
62.7073 -60.7821
62.7074 -60.7821
62.7075 -60.7821
62.7076 -60.7821
62.7077 -60.782
62.7079 -60.782
62.708 -60.782
62.7081 -60.782
62.7082 -60.7819
62.7083 -60.7819
62.7084 -60.7819
62.7086 -60.7819
62.7087 -60.7819
62.7088 -60.7818
62.7089 -60.7818
62.709 -60.7818
62.7091 -60.7818
62.7093 -60.7817
62.7094 -60.7817
62.7095 -60.7817
62.7096 -60.7817
62.7097 -60.7817
62.7099 -60.7816
62.71 -60.7816
62.7101 -60.7816
62.7102 -60.7816
62.7103 -60.7815
62.7105 -60.7815
62.7106 -60.7815
62.7107 -60.7815
62.7108 -60.7815
62.7109 -60.7814
62.711 -60.7814
62.7112 -60.7814
62.7113 -60.7814
62.7114 -60.7813
62.7115 -60.7813
62.7116 -60.7813
62.7118 -60.7813
62.7119 -60.7813
62.712 -60.7812
62.7121 -60.7812
62.7122 -60.7812
62.7124 -60.7812
62.7125 -60.7811
62.7126 -60.7811
62.7127 -60.7811
62.7129 -60.7811
62.713 -60.7811
62.7131 -60.781
62.7132 -60.781
62.7133 -60.781
62.7135 -60.781
62.7136 -60.7809
62.7137 -60.7809
62.7138 -60.7809
62.7139 -60.7809
62.7141 -60.7809
62.7142 -60.7808
62.7143 -60.7808
62.7144 -60.7808
62.7146 -60.7808
62.7147 -60.7807
62.7148 -60.7807
62.7149 -60.7807
62.7151 -60.7807
62.7152 -60.7807
62.7153 -60.7806
62.7154 -60.7806
62.7155 -60.7806
62.7157 -60.7806
62.7158 -60.7805
62.7159 -60.7805
62.716 -60.7805
62.7162 -60.7805
62.7163 -60.7805
62.7164 -60.7804
62.7165 -60.7804
62.7167 -60.7804
62.7168 -60.7804
62.7169 -60.7804
62.717 -60.7803
62.7172 -60.7803
62.7173 -60.7803
62.7174 -60.7803
62.7175 -60.7802
62.7177 -60.7802
62.7178 -60.7802
62.7179 -60.7802
62.718 -60.7802
62.7182 -60.7801
62.7183 -60.7801
62.7184 -60.7801
62.7185 -60.7801
62.7187 -60.78
62.7188 -60.78
62.7189 -60.78
62.7191 -60.78
62.7192 -60.78
62.7193 -60.7799
62.7194 -60.7799
62.7196 -60.7799
62.7197 -60.7799
62.7198 -60.7798
62.7199 -60.7798
62.7201 -60.7798
62.7202 -60.7798
62.7203 -60.7798
62.7205 -60.7797
62.7206 -60.7797
62.7207 -60.7797
62.7208 -60.7797
62.721 -60.7797
62.7211 -60.7796
62.7212 -60.7796
62.7214 -60.7796
62.7215 -60.7796
62.7216 -60.7795
62.7217 -60.7795
62.7219 -60.7795
62.722 -60.7795
62.7221 -60.7795
62.7223 -60.7794
62.7224 -60.7794
62.7225 -60.7794
62.7226 -60.7794
62.7228 -60.7793
62.7229 -60.7793
62.723 -60.7793
62.7232 -60.7793
62.7233 -60.7793
62.7234 -60.7792
62.7236 -60.7792
62.7237 -60.7792
62.7238 -60.7792
62.7239 -60.7792
62.7241 -60.7791
62.7242 -60.7791
62.7243 -60.7791
62.7245 -60.7791
62.7246 -60.779
62.7247 -60.779
62.7249 -60.779
62.725 -60.779
62.7251 -60.779
62.7253 -60.7789
62.7254 -60.7789
62.7255 -60.7789
62.7257 -60.7789
62.7258 -60.7788
62.7259 -60.7788
62.7261 -60.7788
62.7262 -60.7788
62.7263 -60.7788
62.7265 -60.7787
62.7266 -60.7787
62.7267 -60.7787
62.7269 -60.7787
62.727 -60.7787
62.7271 -60.7786
62.7273 -60.7786
62.7274 -60.7786
62.7275 -60.7786
62.7277 -60.7785
62.7278 -60.7785
62.7279 -60.7785
62.7281 -60.7785
62.7282 -60.7785
62.7283 -60.7784
62.7285 -60.7784
62.7286 -60.7784
62.7287 -60.7784
62.7289 -60.7784
62.729 -60.7783
62.7291 -60.7783
62.7293 -60.7783
62.7294 -60.7783
62.7296 -60.7782
62.7297 -60.7782
62.7298 -60.7782
62.73 -60.7782
62.7301 -60.7782
62.7302 -60.7781
62.7304 -60.7781
62.7305 -60.7781
62.7306 -60.7781
62.7308 -60.7781
62.7309 -60.778
62.7311 -60.778
62.7312 -60.778
62.7313 -60.778
62.7315 -60.7779
62.7316 -60.7779
62.7317 -60.7779
62.7319 -60.7779
62.732 -60.7779
62.7322 -60.7778
62.7323 -60.7778
62.7324 -60.7778
62.7326 -60.7778
62.7327 -60.7778
62.7328 -60.7777
62.733 -60.7777
62.7331 -60.7777
62.7333 -60.7777
62.7334 -60.7776
62.7335 -60.7776
62.7337 -60.7776
62.7338 -60.7776
62.734 -60.7776
62.7341 -60.7775
62.7342 -60.7775
62.7344 -60.7775
62.7345 -60.7775
62.7347 -60.7775
62.7348 -60.7774
62.7349 -60.7774
62.7351 -60.7774
62.7352 -60.7774
62.7354 -60.7773
62.7355 -60.7773
62.7356 -60.7773
62.7358 -60.7773
62.7359 -60.7773
62.7361 -60.7772
62.7362 -60.7772
62.7363 -60.7772
62.7365 -60.7772
62.7366 -60.7772
62.7368 -60.7771
62.7369 -60.7771
62.737 -60.7771
62.7372 -60.7771
62.7373 -60.777
62.7375 -60.777
62.7376 -60.777
62.7378 -60.777
62.7379 -60.777
62.738 -60.7769
62.7382 -60.7769
62.7383 -60.7769
62.7385 -60.7769
62.7386 -60.7769
62.7388 -60.7768
62.7389 -60.7768
62.739 -60.7768
62.7392 -60.7768
62.7393 -60.7767
62.7395 -60.7767
62.7396 -60.7767
62.7398 -60.7767
62.7399 -60.7767
62.74 -60.7766
62.7402 -60.7766
62.7403 -60.7766
62.7405 -60.7766
62.7406 -60.7766
62.7408 -60.7765
62.7409 -60.7765
62.7411 -60.7765
62.7412 -60.7765
62.7413 -60.7765
62.7415 -60.7764
62.7416 -60.7764
62.7418 -60.7764
62.7419 -60.7764
62.7421 -60.7763
62.7422 -60.7763
62.7424 -60.7763
62.7425 -60.7763
62.7427 -60.7763
62.7428 -60.7762
62.743 -60.7762
62.7431 -60.7762
62.7432 -60.7762
62.7434 -60.7762
62.7435 -60.7761
62.7437 -60.7761
62.7438 -60.7761
62.744 -60.7761
62.7441 -60.7761
62.7443 -60.776
62.7444 -60.776
62.7446 -60.776
62.7447 -60.776
62.7449 -60.7759
62.745 -60.7759
62.7452 -60.7759
62.7453 -60.7759
62.7455 -60.7759
62.7456 -60.7758
62.7458 -60.7758
62.7459 -60.7758
62.7461 -60.7758
62.7462 -60.7758
62.7463 -60.7757
62.7465 -60.7757
62.7466 -60.7757
62.7468 -60.7757
62.7469 -60.7757
62.7471 -60.7756
62.7472 -60.7756
62.7474 -60.7756
62.7475 -60.7756
62.7477 -60.7755
62.7478 -60.7755
62.748 -60.7755
62.7481 -60.7755
62.7483 -60.7755
62.7484 -60.7754
62.7486 -60.7754
62.7487 -60.7754
62.7489 -60.7754
62.749 -60.7754
62.7492 -60.7753
62.7494 -60.7753
62.7495 -60.7753
62.7497 -60.7753
62.7498 -60.7753
62.75 -60.7752
62.7501 -60.7752
62.7503 -60.7752
62.7504 -60.7752
62.7506 -60.7752
62.7507 -60.7751
62.7509 -60.7751
62.751 -60.7751
62.7512 -60.7751
62.7513 -60.775
62.7515 -60.775
62.7516 -60.775
62.7518 -60.775
62.7519 -60.775
62.7521 -60.7749
62.7522 -60.7749
62.7524 -60.7749
62.7526 -60.7749
62.7527 -60.7749
62.7529 -60.7748
62.753 -60.7748
62.7532 -60.7748
62.7533 -60.7748
62.7535 -60.7748
62.7536 -60.7747
62.7538 -60.7747
62.7539 -60.7747
62.7541 -60.7747
62.7542 -60.7747
62.7544 -60.7746
62.7546 -60.7746
62.7547 -60.7746
62.7549 -60.7746
62.755 -60.7746
62.7552 -60.7745
62.7553 -60.7745
62.7555 -60.7745
62.7556 -60.7745
62.7558 -60.7744
62.756 -60.7744
62.7561 -60.7744
62.7563 -60.7744
62.7564 -60.7744
62.7566 -60.7743
62.7567 -60.7743
62.7569 -60.7743
62.7571 -60.7743
62.7572 -60.7743
62.7574 -60.7742
62.7575 -60.7742
62.7577 -60.7742
62.7578 -60.7742
62.758 -60.7742
62.7582 -60.7741
62.7583 -60.7741
62.7585 -60.7741
62.7586 -60.7741
62.7588 -60.7741
62.7589 -60.774
62.7591 -60.774
62.7593 -60.774
62.7594 -60.774
62.7596 -60.774
62.7597 -60.7739
62.7599 -60.7739
62.7601 -60.7739
62.7602 -60.7739
62.7604 -60.7738
62.7605 -60.7738
62.7607 -60.7738
62.7608 -60.7738
62.761 -60.7738
62.7612 -60.7737
62.7613 -60.7737
62.7615 -60.7737
62.7616 -60.7737
62.7618 -60.7737
62.762 -60.7736
62.7621 -60.7736
62.7623 -60.7736
62.7624 -60.7736
62.7626 -60.7736
62.7628 -60.7735
62.7629 -60.7735
62.7631 -60.7735
62.7633 -60.7735
62.7634 -60.7735
62.7636 -60.7734
62.7637 -60.7734
62.7639 -60.7734
62.7641 -60.7734
62.7642 -60.7734
62.7644 -60.7733
62.7645 -60.7733
62.7647 -60.7733
62.7649 -60.7733
62.765 -60.7733
62.7652 -60.7732
62.7654 -60.7732
62.7655 -60.7732
62.7657 -60.7732
62.7658 -60.7732
62.766 -60.7731
62.7662 -60.7731
62.7663 -60.7731
62.7665 -60.7731
62.7667 -60.7731
62.7668 -60.773
62.767 -60.773
62.7672 -60.773
62.7673 -60.773
62.7675 -60.7729
62.7676 -60.7729
62.7678 -60.7729
62.768 -60.7729
62.7681 -60.7729
62.7683 -60.7728
62.7685 -60.7728
62.7686 -60.7728
62.7688 -60.7728
62.769 -60.7728
62.7691 -60.7727
62.7693 -60.7727
62.7695 -60.7727
62.7696 -60.7727
62.7698 -60.7727
62.77 -60.7726
62.7701 -60.7726
62.7703 -60.7726
62.7705 -60.7726
62.7706 -60.7726
62.7708 -60.7725
62.771 -60.7725
62.7711 -60.7725
62.7713 -60.7725
62.7715 -60.7725
62.7716 -60.7724
62.7718 -60.7724
62.772 -60.7724
62.7721 -60.7724
62.7723 -60.7724
62.7725 -60.7723
62.7726 -60.7723
62.7728 -60.7723
62.773 -60.7723
62.7731 -60.7723
62.7733 -60.7722
62.7735 -60.7722
62.7736 -60.7722
62.7738 -60.7722
62.774 -60.7722
62.7741 -60.7721
62.7743 -60.7721
62.7745 -60.7721
62.7746 -60.7721
62.7748 -60.7721
62.775 -60.772
62.7752 -60.772
62.7753 -60.772
62.7755 -60.772
62.7757 -60.772
62.7758 -60.7719
62.776 -60.7719
62.7762 -60.7719
62.7763 -60.7719
62.7765 -60.7719
62.7767 -60.7718
62.7769 -60.7718
62.777 -60.7718
62.7772 -60.7718
62.7774 -60.7718
62.7775 -60.7717
62.7777 -60.7717
62.7779 -60.7717
62.778 -60.7717
62.7782 -60.7717
62.7784 -60.7716
62.7786 -60.7716
62.7787 -60.7716
62.7789 -60.7716
62.7791 -60.7716
62.7792 -60.7715
62.7794 -60.7715
62.7796 -60.7715
62.7798 -60.7715
62.7799 -60.7715
62.7801 -60.7714
62.7803 -60.7714
62.7805 -60.7714
62.7806 -60.7714
62.7808 -60.7714
62.781 -60.7713
62.7811 -60.7713
62.7813 -60.7713
62.7815 -60.7713
62.7817 -60.7713
62.7818 -60.7712
62.782 -60.7712
62.7822 -60.7712
62.7824 -60.7712
62.7825 -60.7712
62.7827 -60.7711
62.7829 -60.7711
62.7831 -60.7711
62.7832 -60.7711
62.7834 -60.7711
62.7836 -60.771
62.7838 -60.771
62.7839 -60.771
62.7841 -60.771
62.7843 -60.771
62.7845 -60.7709
62.7846 -60.7709
62.7848 -60.7709
62.785 -60.7709
62.7852 -60.7709
62.7853 -60.7708
62.7855 -60.7708
62.7857 -60.7708
62.7859 -60.7708
62.786 -60.7708
62.7862 -60.7707
62.7864 -60.7707
62.7866 -60.7707
62.7867 -60.7707
62.7869 -60.7707
62.7871 -60.7706
62.7873 -60.7706
62.7875 -60.7706
62.7876 -60.7706
62.7878 -60.7706
62.788 -60.7705
62.7882 -60.7705
62.7883 -60.7705
62.7885 -60.7705
62.7887 -60.7705
62.7889 -60.7704
62.7891 -60.7704
62.7892 -60.7704
62.7894 -60.7704
62.7896 -60.7704
62.7898 -60.7703
62.79 -60.7703
62.7901 -60.7703
62.7903 -60.7703
62.7905 -60.7703
62.7907 -60.7702
62.7908 -60.7702
62.791 -60.7702
62.7912 -60.7702
62.7914 -60.7702
62.7916 -60.7701
62.7917 -60.7701
62.7919 -60.7701
62.7921 -60.7701
62.7923 -60.7701
62.7925 -60.77
62.7926 -60.77
62.7928 -60.77
62.793 -60.77
62.7932 -60.77
62.7934 -60.7699
62.7936 -60.7699
62.7937 -60.7699
62.7939 -60.7699
62.7941 -60.7699
62.7943 -60.7698
62.7945 -60.7698
62.7946 -60.7698
62.7948 -60.7698
62.795 -60.7698
62.7952 -60.7697
62.7954 -60.7697
62.7956 -60.7697
62.7957 -60.7697
62.7959 -60.7697
62.7961 -60.7697
62.7963 -60.7696
62.7965 -60.7696
62.7966 -60.7696
62.7968 -60.7696
62.797 -60.7696
62.7972 -60.7695
62.7974 -60.7695
62.7976 -60.7695
62.7977 -60.7695
62.7979 -60.7695
62.7981 -60.7694
62.7983 -60.7694
62.7985 -60.7694
62.7987 -60.7694
62.7989 -60.7694
62.799 -60.7693
62.7992 -60.7693
62.7994 -60.7693
62.7996 -60.7693
62.7998 -60.7693
62.8 -60.7692
62.8001 -60.7692
62.8003 -60.7692
62.8005 -60.7692
62.8007 -60.7692
62.8009 -60.7691
62.8011 -60.7691
62.8013 -60.7691
62.8014 -60.7691
62.8016 -60.7691
62.8018 -60.769
62.802 -60.769
62.8022 -60.769
62.8024 -60.769
62.8026 -60.769
62.8028 -60.7689
62.8029 -60.7689
62.8031 -60.7689
62.8033 -60.7689
62.8035 -60.7689
62.8037 -60.7689
62.8039 -60.7688
62.8041 -60.7688
62.8042 -60.7688
62.8044 -60.7688
62.8046 -60.7688
62.8048 -60.7687
62.805 -60.7687
62.8052 -60.7687
62.8054 -60.7687
62.8056 -60.7687
62.8058 -60.7686
62.8059 -60.7686
62.8061 -60.7686
62.8063 -60.7686
62.8065 -60.7686
62.8067 -60.7685
62.8069 -60.7685
62.8071 -60.7685
62.8073 -60.7685
62.8075 -60.7685
62.8076 -60.7684
62.8078 -60.7684
62.808 -60.7684
62.8082 -60.7684
62.8084 -60.7684
62.8086 -60.7683
62.8088 -60.7683
62.809 -60.7683
62.8092 -60.7683
62.8094 -60.7683
62.8095 -60.7682
62.8097 -60.7682
62.8099 -60.7682
62.8101 -60.7682
62.8103 -60.7682
62.8105 -60.7682
62.8107 -60.7681
62.8109 -60.7681
62.8111 -60.7681
62.8113 -60.7681
62.8115 -60.7681
62.8117 -60.768
62.8118 -60.768
62.812 -60.768
62.8122 -60.768
62.8124 -60.768
62.8126 -60.7679
62.8128 -60.7679
62.813 -60.7679
62.8132 -60.7679
62.8134 -60.7679
62.8136 -60.7678
62.8138 -60.7678
62.814 -60.7678
62.8142 -60.7678
62.8144 -60.7678
62.8145 -60.7677
62.8147 -60.7677
62.8149 -60.7677
62.8151 -60.7677
62.8153 -60.7677
62.8155 -60.7677
62.8157 -60.7676
62.8159 -60.7676
62.8161 -60.7676
62.8163 -60.7676
62.8165 -60.7676
62.8167 -60.7675
62.8169 -60.7675
62.8171 -60.7675
62.8173 -60.7675
62.8175 -60.7675
62.8177 -60.7674
62.8179 -60.7674
62.8181 -60.7674
62.8183 -60.7674
62.8184 -60.7674
62.8186 -60.7673
62.8188 -60.7673
62.819 -60.7673
62.8192 -60.7673
62.8194 -60.7673
62.8196 -60.7673
62.8198 -60.7672
62.82 -60.7672
62.8202 -60.7672
62.8204 -60.7672
62.8206 -60.7672
62.8208 -60.7671
62.821 -60.7671
62.8212 -60.7671
62.8214 -60.7671
62.8216 -60.7671
62.8218 -60.767
62.822 -60.767
62.8222 -60.767
62.8224 -60.767
62.8226 -60.767
62.8228 -60.7669
62.823 -60.7669
62.8232 -60.7669
62.8234 -60.7669
62.8236 -60.7669
62.8238 -60.7669
62.824 -60.7668
62.8242 -60.7668
62.8244 -60.7668
62.8246 -60.7668
62.8248 -60.7668
62.825 -60.7667
62.8252 -60.7667
62.8254 -60.7667
62.8256 -60.7667
62.8258 -60.7667
62.826 -60.7666
62.8262 -60.7666
62.8264 -60.7666
62.8266 -60.7666
62.8268 -60.7666
62.827 -60.7665
62.8272 -60.7665
62.8274 -60.7665
62.8276 -60.7665
62.8278 -60.7665
62.828 -60.7665
62.8282 -60.7664
62.8284 -60.7664
62.8286 -60.7664
62.8288 -60.7664
62.829 -60.7664
62.8292 -60.7663
62.8294 -60.7663
62.8296 -60.7663
62.8298 -60.7663
62.83 -60.7663
62.8302 -60.7662
62.8304 -60.7662
62.8306 -60.7662
62.8308 -60.7662
62.831 -60.7662
62.8312 -60.7662
62.8314 -60.7661
62.8316 -60.7661
62.8318 -60.7661
62.832 -60.7661
62.8322 -60.7661
62.8325 -60.766
62.8327 -60.766
62.8329 -60.766
62.8331 -60.766
62.8333 -60.766
62.8335 -60.7659
62.8337 -60.7659
62.8339 -60.7659
62.8341 -60.7659
62.8343 -60.7659
62.8345 -60.7659
62.8347 -60.7658
62.8349 -60.7658
62.8351 -60.7658
62.8353 -60.7658
62.8355 -60.7658
62.8357 -60.7657
62.8359 -60.7657
62.8361 -60.7657
62.8363 -60.7657
62.8366 -60.7657
62.8368 -60.7656
62.837 -60.7656
62.8372 -60.7656
62.8374 -60.7656
62.8376 -60.7656
62.8378 -60.7656
62.838 -60.7655
62.8382 -60.7655
62.8384 -60.7655
62.8386 -60.7655
62.8388 -60.7655
62.839 -60.7654
62.8392 -60.7654
62.8395 -60.7654
62.8397 -60.7654
62.8399 -60.7654
62.8401 -60.7653
62.8403 -60.7653
62.8405 -60.7653
62.8407 -60.7653
62.8409 -60.7653
62.8411 -60.7653
62.8413 -60.7652
62.8415 -60.7652
62.8417 -60.7652
62.842 -60.7652
62.8422 -60.7652
62.8424 -60.7651
62.8426 -60.7651
62.8428 -60.7651
62.843 -60.7651
62.8432 -60.7651
62.8434 -60.7651
62.8436 -60.765
62.8438 -60.765
62.8441 -60.765
62.8443 -60.765
62.8445 -60.765
62.8447 -60.7649
62.8449 -60.7649
62.8451 -60.7649
62.8453 -60.7649
62.8455 -60.7649
62.8457 -60.7648
62.846 -60.7648
62.8462 -60.7648
62.8464 -60.7648
62.8466 -60.7648
62.8468 -60.7648
62.847 -60.7647
62.8472 -60.7647
62.8474 -60.7647
62.8476 -60.7647
62.8479 -60.7647
62.8481 -60.7646
62.8483 -60.7646
62.8485 -60.7646
62.8487 -60.7646
62.8489 -60.7646
62.8491 -60.7646
62.8493 -60.7645
62.8496 -60.7645
62.8498 -60.7645
62.85 -60.7645
62.8502 -60.7645
62.8504 -60.7644
62.8506 -60.7644
62.8508 -60.7644
62.8511 -60.7644
62.8513 -60.7644
62.8515 -60.7643
62.8517 -60.7643
62.8519 -60.7643
62.8521 -60.7643
62.8523 -60.7643
62.8526 -60.7643
62.8528 -60.7642
62.853 -60.7642
62.8532 -60.7642
62.8534 -60.7642
62.8536 -60.7642
62.8539 -60.7641
62.8541 -60.7641
62.8543 -60.7641
62.8545 -60.7641
62.8547 -60.7641
62.8549 -60.7641
62.8551 -60.764
62.8554 -60.764
62.8556 -60.764
62.8558 -60.764
62.856 -60.764
62.8562 -60.7639
62.8564 -60.7639
62.8567 -60.7639
62.8569 -60.7639
62.8571 -60.7639
62.8573 -60.7639
62.8575 -60.7638
62.8577 -60.7638
62.858 -60.7638
62.8582 -60.7638
62.8584 -60.7638
62.8586 -60.7637
62.8588 -60.7637
62.8591 -60.7637
62.8593 -60.7637
62.8595 -60.7637
62.8597 -60.7637
62.8599 -60.7636
62.8602 -60.7636
62.8604 -60.7636
62.8606 -60.7636
62.8608 -60.7636
62.861 -60.7635
62.8612 -60.7635
62.8615 -60.7635
