0.1 1.14058
0.2 2.45886
0.3 3.68905
0.4 4.91975
0.5 6.15096
0.6 7.38269
0.7 8.61494
0.8 9.84772
0.9 11.081
1 12.3149
0.427675 12.7309
0.855088 13.1463
1.28236 13.5617
1.70957 13.9773
2.13688 14.3936
2.56417 14.8103
2.99136 15.2271
3.41849 15.6441
3.84549 16.061
4.27236 16.4778
4.69908 16.8946
5.12569 17.3114
5.55216 17.7281
5.97848 18.1447
6.40466 18.5612
6.83072 18.9777
7.25663 19.3941
7.68242 19.8105
8.10806 20.2267
8.53352 20.6427
8.95884 21.0586
9.38401 21.4744
9.80904 21.8901
10.2339 22.3056
10.6586 22.721
11.0832 23.1361
11.5075 23.551
11.9317 23.9656
12.3558 24.3801
12.7797 24.7946
13.2035 25.209
13.6271 25.6234
14.0506 26.0376
14.474 26.4519
14.8972 26.8659
15.3203 27.2798
15.7432 27.6938
16.166 28.1078
16.5886 28.5217
17.0112 28.9356
17.4335 29.3494
17.8558 29.7632
18.2779 30.177
18.6998 30.5907
19.1216 31.0043
19.5433 31.4176
19.9648 31.8309
20.3861 32.2441
20.8074 32.6573
21.2284 33.0705
21.6493 33.4836
22.0701 33.8965
22.4907 34.3093
22.9112 34.7221
23.3315 35.1348
23.7517 35.5473
24.1717 35.9596
24.5915 36.3719
25.0112 36.784
25.4308 37.1959
25.8502 37.6078
26.2694 38.0195
26.6885 38.4312
27.1074 38.8429
27.5262 39.2544
27.9448 39.666
28.3633 40.0774
28.7816 40.4888
29.1998 40.9001
29.6179 41.3114
30.0357 41.7226
30.4535 42.1338
30.8711 42.5449
31.2885 42.956
31.7058 43.3669
32.1229 43.7778
32.5398 44.1887
32.9567 44.5994
33.3733 45.0101
33.7898 45.4208
34.2062 45.8313
34.6223 46.2418
35.0384 46.6522
35.4543 47.0626
35.87 47.4729
36.2855 47.8831
36.7009 48.2932
37.1162 48.7033
37.5313 49.1133
37.9462 49.5233
38.361 49.9331
38.7756 50.3429
39.19 50.7527
39.6043 51.1623
40.0184 51.5719
40.4324 51.9814
40.8462 52.3909
41.2598 52.8003
41.6733 53.2096
42.0866 53.6188
42.4998 54.028
42.9128 54.4371
43.3256 54.8461
43.7382 55.2551
44.1507 55.664
44.5631 56.0728
44.9752 56.4816
45.3872 56.8903
45.7991 57.2989
46.2107 57.7074
46.6222 58.1159
47.0335 58.5243
47.4447 58.9326
47.8557 59.3409
48.2665 59.7491
48.6771 60.1572
49.0876 60.5652
49.4979 60.9732
49.9081 61.3811
50.318 61.7889
50.7278 62.1967
51.1375 62.6044
51.5469 63.012
51.9562 63.4195
52.3653 63.827
52.7742 64.2344
53.1829 64.6417
53.5915 65.049
53.9999 65.4562
54.4081 65.8633
54.8162 66.2703
55.2241 66.6773
55.6318 67.0842
56.0393 67.491
56.4466 67.8977
56.8538 68.3044
57.2607 68.711
57.6661 69
58.0632 69
58.4454 69
58.7836 69
58.983 69
59.1579 69
59.3324 69
59.5054 69
59.6763 69
59.8454 69
60.0129 69
60.1782 69
60.3421 69
60.5041 69
60.6623 69
60.8151 69
60.9628 69
61.1058 69
61.242 69
61.3728 69
61.5013 69
61.6298 69
61.7582 69
61.8869 69
62.0159 69
62.1447 69
62.2737 69
62.4024 69
62.5309 69
62.6592 69
62.7877 69
62.916 69
63.044 69
63.1717 69
63.2992 69
63.426 69
63.5512 69
63.673 69
63.7927 69
63.9027 69
63.9998 69
64.044 69
64.0805 69
64.1169 69
64.1531 69
64.1892 69
64.2251 69
64.2608 69
64.2963 69
64.3316 69
64.3667 69
64.4013 69
64.4349 69
64.4682 69
64.5004 69
64.5323 69
64.5632 69
64.5935 69
64.6234 69
64.6532 69
64.6828 69
64.7122 69
64.7402 69
64.7671 69
64.7916 69
64.8158 69
64.8359 69
64.8558 69
64.8728 69
64.888 69
64.9014 69
64.9146 69
64.9277 69
64.9407 69
64.9535 69
64.966 69
64.9782 69
64.9904 69
65.0024 69
65.0137 69
65.0249 69
65.0359 69
65.0469 69
65.0577 69
65.0681 69
65.078 69
65.0878 69
65.0975 69
65.1071 69
65.1166 69
65.1257 69
65.1344 69
65.143 69
65.1515 69
65.1598 69
65.1678 69
65.1757 69
65.1835 69
65.1912 69
65.1986 69
65.206 69
65.2132 69
65.2204 69
65.2274 69
65.2344 69
65.2412 69
65.2479 69
65.2546 69
65.2611 69
65.2675 69
65.2737 69
65.2796 69
65.2853 69
65.291 69
65.2965 69
65.302 69
65.3073 69
65.3125 69
65.3175 69
65.3224 69
65.3271 69
65.3317 69
65.3362 69
65.3406 69
65.3449 69
65.3489 69
65.3525 69
65.356 69
65.3594 69
65.3622 69
65.3644 69
65.3666 69
65.3686 69
65.3706 69
65.3716 69
65.3724 69
65.3732 69
65.3739 69
65.3745 69
65.3745 69
65.3745 69
65.3741 69
65.3735 69
65.3727 69
65.3719 69
65.371 69
65.3701 69
65.369 69
65.3679 69
65.3667 69
65.3655 69
65.3642 69
65.3628 69
65.3614 69
65.3596 69
65.3578 69
65.356 69
65.3541 69
65.3521 69
65.35 69
65.3479 69
65.3457 69
65.3435 69
65.3412 69
65.3389 69
65.3366 69
65.3342 69
65.3317 69
65.3292 69
65.3265 69
65.3236 69
65.3206 69
65.3175 69
65.3144 69
65.311 69
65.3076 69
65.3042 69
65.3007 69
65.2972 69
65.2936 69
65.2899 69
65.2861 69
65.2822 69
65.2782 69
65.2741 69
65.2698 69
65.2655 69
65.2611 69
65.2565 69
65.2517 69
65.2468 69
65.2418 69
65.2368 69
65.2317 69
65.2265 69
65.2214 69
65.216 69
65.2104 69
65.2048 69
65.1992 69
65.1936 69
65.188 69
65.1823 69
65.1766 69
65.1706 69
65.1646 69
65.1586 69
65.1525 69
65.1464 69
65.1401 69
65.1339 69
65.1276 69
65.1213 69
65.115 69
65.1088 69
65.1025 69
65.0961 69
65.0898 69
65.0834 69
65.0771 69
65.0707 69
65.0643 69
65.0579 69
65.0515 69
65.045 69
65.0386 69
65.0322 69
65.0257 69
65.0193 69
65.0128 69
65.0063 69
64.9998 69
64.9933 69
64.9867 69
64.9801 69
64.9735 69
64.9669 69
64.9603 69
64.9537 69
64.9471 69
64.9404 69
64.9338 69
64.9271 69
64.9205 69
64.9138 69
64.9071 69
64.9004 69
64.8938 69
64.8871 69
64.8804 69
64.8736 69
64.8669 69
64.8602 69
64.8535 69
64.8467 69
64.84 69
64.8332 69
64.8264 69
64.8197 69
64.8129 69
64.8061 69
64.7993 69
64.7925 69
64.7857 69
64.7789 69
64.772 69
64.7652 69
64.7583 69
64.7515 69
64.7446 69
64.7377 69
64.7308 69
64.7239 69
64.717 69
64.7101 69
64.7032 69
64.6962 69
64.6892 69
64.6822 69
64.6752 69
64.6682 69
64.6611 69
64.6541 69
64.6471 69
64.64 69
64.6329 69
64.6259 69
64.6187 69
64.6116 69
64.6045 69
64.5973 69
64.5902 69
64.583 69
64.5758 69
64.5686 69
64.5615 69
64.5543 69
64.5471 69
64.5398 69
64.5326 69
64.5254 69
64.5181 69
64.5109 69
64.5036 69
64.4963 69
64.489 69
64.4817 69
64.4744 69
64.4671 69
64.4598 69
64.4525 69
64.4452 69
64.4378 69
64.4303 69
64.4229 69
64.4154 69
64.4078 69
64.4003 69
64.3928 69
64.3852 69
64.3777 69
64.3701 69
64.3626 69
64.355 69
64.3474 69
64.3399 69
64.3323 69
64.3246 69
64.3169 69
64.3091 69
64.3014 69
64.2937 69
64.2859 69
64.2782 69
64.2704 69
64.2627 69
64.2549 69
64.2471 69
64.2394 69
64.2316 69
64.2238 69
64.216 69
64.2082 69
64.2005 69
64.1927 69
64.1849 69
64.1771 69
64.1692 69
64.1614 69
64.1534 69
64.1455 69
64.1375 69
64.1294 69
64.1213 69
64.1133 69
64.1052 69
64.0971 69
64.0891 69
64.081 69
64.0729 69
64.0648 69
64.0567 69
64.0487 69
64.0406 69
64.0325 69
64.0244 69
64.0163 69
64.0082 69
64.0001 69
63.992 69
63.9839 69
63.9758 69
63.9677 69
63.9598 69
63.9519 69
63.9441 69
63.9362 69
63.9283 69
63.9204 69
63.9126 69
63.9047 69
63.8968 69
63.8889 69
63.881 69
63.8731 69
63.8652 69
63.8577 69
63.8505 69
63.8432 69
63.8359 69
63.8286 69
63.8213 69
63.814 69
63.8066 69
63.7993 69
63.7919 69
63.7844 69
63.7769 69
63.7695 69
63.762 69
63.7546 69
63.7471 69
63.7397 69
63.7322 69
63.7247 69
63.7174 69
63.7107 69
63.704 69
63.6972 69
63.6905 69
63.6838 69
63.6771 69
63.6703 69
63.6636 69
63.6569 69
63.6502 69
63.6439 69
63.6375 69
63.6312 69
63.6248 69
63.6185 69
63.6121 69
63.6057 69
63.5996 69
63.5943 69
63.5893 69
63.5842 69
63.5792 69
63.5741 69
63.5691 69
63.5641 69
63.559 69
63.554 69
63.549 69
63.5439 69
63.5392 69
63.5344 69
63.5305 69
63.5266 69
63.5227 69
63.5187 69
63.5148 69
63.5109 69
63.507 69
63.5031 69
63.4992 69
63.4953 69
63.4914 69
63.4875 69
63.484 69
63.4808 69
63.4775 69
63.4741 69
63.4708 69
63.4675 69
63.4642 69
63.4608 69
63.4575 69
63.4545 69
63.4514 69
63.4484 69
63.4454 69
63.4424 69
63.4393 69
63.4363 69
63.4333 69
63.4302 69
63.4272 69
63.4242 69
63.4212 69
63.4181 69
63.4151 69
63.4121 69
63.409 69
63.406 69
63.403 69
63.3999 69
63.3969 69
63.3939 69
63.3909 69
63.3878 69
63.3848 69
63.3818 69
63.3788 69
63.3757 69
63.3727 69
63.3697 69
63.3666 69
63.3636 69
63.3606 69
63.3576 69
63.3545 69
63.3515 69
63.3485 69
63.3455 69
63.3424 69
63.3394 69
63.3364 69
63.3334 69
63.3303 69
63.3273 69
63.3243 69
63.3213 69
63.3182 69
63.3152 69
63.3121 69
63.3091 69
63.306 69
63.303 69
63.2999 69
63.2968 69
63.2938 69
63.2907 69
63.2877 69
63.2846 69
63.2815 69
63.2785 69
63.2754 69
63.2724 69
63.2693 69
63.2662 69
63.2632 69
63.2601 69
63.2571 69
63.254 69
63.2509 69
63.2479 69
63.2448 69
63.2418 69
63.2387 69
63.2356 69
63.2326 69
63.2295 69
63.2265 69
63.2234 69
63.2204 69
63.2173 69
63.2142 69
63.2112 69
63.2081 69
63.2051 69
63.202 69
63.199 69
63.1959 69
63.1929 69
63.1899 69
63.187 69
63.184 69
63.181 69
63.178 69
63.175 69
63.172 69
63.169 69
63.166 69
63.163 69
63.16 69
63.157 69
63.154 69
63.151 69
63.148 69
63.1451 69
63.1422 69
63.1394 69
63.1365 69
63.1337 69
63.1309 69
63.1281 69
63.1253 69
63.1225 69
63.1198 69
63.117 69
63.1142 69
63.1114 69
63.1087 69
63.1059 69
63.1031 69
63.1003 69
63.0976 69
63.0948 69
63.0922 69
63.0896 69
63.0869 69
63.0843 69
63.0818 69
63.0793 69
63.0769 69
63.0744 69
63.072 69
63.0695 69
63.0671 69
63.0646 69
63.0622 69
63.0597 69
63.0573 69
63.0548 69
63.0524 69
63.05 69
63.0475 69
63.0451 69
63.0429 69
63.0406 69
63.0383 69
63.0361 69
63.0338 69
63.0316 69
63.0293 69
63.0272 69
63.0251 69
63.023 69
63.0209 69
63.0187 69
63.0166 69
63.0145 69
63.0124 69
63.0103 69
63.0083 69
63.0063 69
63.0044 69
63.0025 69
63.0007 69
62.9988 69
62.997 69
62.9952 69
62.9934 69
62.9916 69
62.9898 69
62.9881 69
62.9863 69
62.9845 69
62.9827 69
62.981 69
62.9794 69
62.9778 69
62.9764 69
62.9749 69
62.9735 69
62.9721 69
62.9706 69
62.9692 69
62.9677 69
62.9663 69
62.9648 69
62.9634 69
62.9619 69
62.9605 69
62.9591 69
62.9579 69
62.9566 69
62.9553 69
62.9541 69
62.9528 69
62.9515 69
62.9503 69
62.949 69
62.9477 69
62.9465 69
62.9452 69
62.944 69
62.9429 69
62.9419 69
62.9408 69
62.9398 69
62.9387 69
62.9377 69
62.9366 69
62.9356 69
62.9346 69
62.9337 69
62.9329 69
62.9321 69
62.9312 69
62.9304 69
62.9296 69
62.9287 69
62.9279 69
62.9271 69
62.9263 69
62.9254 69
62.9246 69
62.9238 69
62.9229 69
62.9222 69
62.9216 69
62.9209 69
62.9203 69
62.9196 69
62.9191 69
62.9187 69
62.9182 69
62.9178 69
62.9173 69
62.9168 69
62.9164 69
62.9159 69
62.9155 69
62.915 69
62.9146 69
62.9142 69
62.9138 69
62.9135 69
62.9132 69
62.9129 69
62.9126 69
62.9123 69
62.912 69
62.9117 69
62.9115 69
62.9112 69
62.9109 69
62.9106 69
62.9103 69
62.91 69
62.9097 69
62.9094 69
62.9092 69
62.9089 69
62.9086 69
62.9083 69
62.908 69
62.9077 69
62.9074 69
62.9072 69
62.9069 69
62.9066 69
62.9063 69
62.906 69
62.9057 69
62.9054 69
62.9052 69
62.9049 69
62.9046 69
62.9043 69
62.904 69
62.9037 69
62.9034 69
62.9032 69
62.9029 69
62.9026 69
62.9023 69
62.902 69
62.9017 69
62.9015 69
62.9012 69
62.9009 69
62.9006 69
62.9003 69
62.9 69
62.8998 69
62.8995 69
62.8992 69
62.8989 69
62.8986 69
62.8983 69
62.8981 69
62.8978 69
62.8975 69
62.8972 69
62.8969 69
62.8966 69
62.8964 69
62.8961 69
62.8958 69
62.8955 69
62.8952 69
62.895 69
62.8947 69
62.8944 69
62.8941 69
62.8938 69
62.8936 69
62.8933 69
62.893 69
62.8927 69
62.8924 69
62.8922 69
62.8919 69
62.8916 69
62.8913 69
62.891 69
62.8908 69
62.8905 69
62.8902 69
62.8899 69
62.8896 69
62.8894 69
62.8891 69
62.8888 69
62.8885 69
62.8882 69
62.888 69
62.8877 69
62.8874 69
62.8871 69
62.8869 69
62.8866 69
62.8863 69
62.886 69
62.8857 69
62.8855 69
62.8852 69
62.8849 69
62.8846 69
62.8844 69
62.8841 69
62.8838 69
62.8835 69
62.8832 69
62.883 69
62.8827 69
62.8824 69
62.8821 69
62.8819 69
62.8816 69
62.8813 69
62.881 69
62.8808 69
62.8805 69
62.8802 69
62.8799 69
62.8797 69
62.8794 69
62.8791 69
62.8788 69
62.8786 69
62.8783 69
62.878 69
62.8777 69
62.8775 69
62.8772 69
62.8769 69
62.8766 69
62.8764 69
62.8761 69
62.8758 69
62.8755 69
62.8753 69
62.875 69
62.8747 69
62.8745 69
62.8742 69
62.8739 69
62.8736 69
62.8734 69
62.8731 69
62.8728 69
62.8726 69
62.8723 69
62.872 69
62.8717 69
62.8715 69
62.8712 69
62.8709 69
62.8706 69
62.8704 69
62.8701 69
62.8698 69
62.8696 69
62.8693 69
62.869 69
62.8688 69
62.8685 69
62.8682 69
62.8679 69
62.8677 69
62.8674 69
62.8671 69
62.8669 69
62.8666 69
62.8663 69
62.8661 69
62.8658 69
62.8655 69
62.8652 69
62.865 69
62.8647 69
62.8644 69
62.8642 69
62.8639 69
62.8636 69
62.8634 69
62.8631 69
62.8628 69
62.8626 69
62.8623 69
62.862 69
62.8618 69
62.8615 69
62.8612 69
62.861 69
62.8607 69
62.8604 69
62.8602 69
62.8599 69
62.8596 69
62.8594 69
62.8591 69
62.8588 69
62.8586 69
62.8583 69
62.858 69
62.8578 69
62.8575 69
62.8572 69
62.857 69
62.8567 69
62.8564 69
62.8562 69
62.8559 69
62.8556 69
62.8554 69
62.8551 69
62.8548 69
62.8546 69
62.8543 69
62.854 69
62.8538 69
62.8535 69
62.8533 69
62.853 69
62.8527 69
62.8525 69
62.8522 69
62.8519 69
62.8517 69
62.8514 69
62.8511 69
62.8509 69
62.8506 69
62.8504 69
62.8501 69
62.8498 69
62.8496 69
62.8493 69
62.849 69
62.8488 69
62.8485 69
62.8483 69
62.848 69
62.8477 69
62.8475 69
62.8472 69
62.847 69
62.8467 69
62.8464 69
62.8462 69
62.8459 69
62.8456 69
62.8454 69
62.8451 69
62.8449 69
62.8446 69
62.8443 69
62.8441 69
62.8438 69
62.8436 69
62.8433 69
62.843 69
62.8428 69
62.8425 69
62.8423 69
62.842 69
62.8418 69
62.8415 69
62.8412 69
62.841 69
62.8407 69
62.8405 69
62.8402 69
62.8399 69
62.8397 69
62.8394 69
62.8392 69
62.8389 69
62.8387 69
62.8384 69
62.8381 69
62.8379 69
62.8376 69
62.8374 69
62.8371 69
62.8369 69
62.8366 69
62.8363 69
62.8361 69
62.8358 69
62.8356 69
62.8353 69
62.8351 69
62.8348 69
62.8345 69
62.8343 69
62.834 69
62.8338 69
62.8335 69
62.8333 69
62.833 69
62.8328 69
62.8325 69
62.8322 69
62.832 69
62.8317 69
62.8315 69
62.8312 69
62.831 69
62.8307 69
62.8305 69
62.8302 69
62.83 69
62.8297 69
62.8295 69
62.8292 69
62.8289 69
62.8287 69
62.8284 69
62.8282 69
62.8279 69
62.8277 69
62.8274 69
62.8272 69
62.8269 69
62.8267 69
62.8264 69
62.8262 69
62.8259 69
62.8257 69
62.8254 69
62.8252 69
62.8249 69
62.8247 69
62.8244 69
62.8242 69
62.8239 69
62.8237 69
62.8234 69
62.8232 69
62.8229 69
62.8226 69
62.8224 69
62.8221 69
62.8219 69
62.8216 69
62.8214 69
62.8211 69
62.8209 69
62.8206 69
62.8204 69
62.8202 69
62.8199 69
62.8197 69
62.8194 69
62.8192 69
62.8189 69
62.8187 69
62.8184 69
62.8182 69
62.8179 69
62.8177 69
62.8174 69
62.8172 69
62.8169 69
62.8167 69
62.8164 69
62.8162 69
62.8159 69
62.8157 69
62.8154 69
62.8152 69
62.8149 69
62.8147 69
62.8144 69
62.8142 69
62.814 69
62.8137 69
62.8135 69
62.8132 69
62.813 69
62.8127 69
62.8125 69
62.8122 69
62.812 69
62.8117 69
62.8115 69
62.8112 69
62.811 69
62.8108 69
62.8105 69
62.8103 69
62.81 69
62.8098 69
62.8095 69
62.8093 69
62.809 69
62.8088 69
62.8086 69
62.8083 69
62.8081 69
62.8078 69
62.8076 69
62.8073 69
62.8071 69
62.8068 69
62.8066 69
62.8064 69
62.8061 69
62.8059 69
62.8056 69
62.8054 69
62.8051 69
62.8049 69
62.8047 69
62.8044 69
62.8042 69
62.8039 69
62.8037 69
62.8035 69
62.8032 69
62.803 69
62.8027 69
62.8025 69
62.8022 69
62.802 69
62.8018 69
62.8015 69
62.8013 69
62.801 69
62.8008 69
62.8006 69
62.8003 69
62.8001 69
62.7998 69
62.7996 69
62.7994 69
62.7991 69
62.7989 69
62.7986 69
62.7984 69
62.7982 69
62.7979 69
62.7977 69
62.7974 69
62.7972 69
62.797 69
62.7967 69
62.7965 69
62.7963 69
62.796 69
62.7958 69
62.7955 69
62.7953 69
62.7951 69
62.7948 69
62.7946 69
62.7944 69
62.7941 69
62.7939 69
62.7936 69
62.7934 69
62.7932 69
62.7929 69
62.7927 69
62.7925 69
62.7922 69
62.792 69
62.7917 69
62.7915 69
62.7913 69
62.791 69
62.7908 69
62.7906 69
62.7903 69
62.7901 69
62.7899 69
62.7896 69
62.7894 69
62.7892 69
62.7889 69
62.7887 69
62.7885 69
62.7882 69
62.788 69
62.7877 69
62.7875 69
62.7873 69
62.787 69
62.7868 69
62.7866 69
62.7863 69
62.7861 69
62.7859 69
62.7856 69
62.7854 69
62.7852 69
62.7849 69
62.7847 69
62.7845 69
62.7842 69
62.784 69
62.7838 69
62.7835 69
62.7833 69
62.7831 69
62.7829 69
62.7826 69
62.7824 69
62.7822 69
62.7819 69
62.7817 69
62.7815 69
62.7812 69
62.781 69
62.7808 69
62.7805 69
62.7803 69
62.7801 69
62.7798 69
62.7796 69
62.7794 69
62.7792 69
62.7789 69
62.7787 69
62.7785 69
62.7782 69
62.778 69
62.7778 69
62.7775 69
62.7773 69
62.7771 69
62.7769 69
62.7766 69
62.7764 69
62.7762 69
62.7759 69
62.7757 69
62.7755 69
62.7753 69
62.775 69
62.7748 69
62.7746 69
62.7743 69
62.7741 69
62.7739 69
62.7737 69
62.7734 69
62.7732 69
62.773 69
62.7728 69
62.7725 69
62.7723 69
62.7721 69
62.7718 69
62.7716 69
62.7714 69
62.7712 69
62.7709 69
62.7707 69
62.7705 69
62.7703 69
62.77 69
62.7698 69
62.7696 69
62.7694 69
62.7691 69
62.7689 69
62.7687 69
62.7685 69
62.7682 69
62.768 69
62.7678 69
62.7676 69
62.7673 69
62.7671 69
62.7669 69
62.7667 69
62.7664 69
62.7662 69
62.766 69
62.7658 69
62.7655 69
62.7653 69
62.7651 69
62.7649 69
62.7647 69
62.7644 69
62.7642 69
62.764 69
62.7638 69
62.7635 69
62.7633 69
62.7631 69
62.7629 69
62.7627 69
62.7624 69
62.7622 69
62.762 69
62.7618 69
62.7615 69
62.7613 69
62.7611 69
62.7609 69
62.7607 69
62.7604 69
62.7602 69
62.76 69
62.7598 69
62.7596 69
62.7593 69
62.7591 69
62.7589 69
62.7587 69
62.7585 69
62.7582 69
62.758 69
62.7578 69
62.7576 69
62.7574 69
62.7571 69
62.7569 69
62.7567 69
62.7565 69
62.7563 69
62.756 69
62.7558 69
62.7556 69
62.7554 69
62.7552 69
62.755 69
62.7547 69
62.7545 69
62.7543 69
62.7541 69
62.7539 69
62.7536 69
62.7534 69
62.7532 69
62.753 69
62.7528 69
62.7526 69
62.7523 69
62.7521 69
62.7519 69
62.7517 69
62.7515 69
62.7513 69
62.751 69
62.7508 69
62.7506 69
62.7504 69
62.7502 69
62.75 69
62.7498 69
62.7495 69
62.7493 69
62.7491 69
62.7489 69
62.7487 69
62.7485 69
62.7483 69
62.748 69
62.7478 69
62.7476 69
62.7474 69
62.7472 69
62.747 69
62.7468 69
62.7465 69
62.7463 69
62.7461 69
62.7459 69
62.7457 69
62.7455 69
62.7453 69
62.745 69
62.7448 69
62.7446 69
62.7444 69
62.7442 69
62.744 69
62.7438 69
62.7436 69
62.7433 69
62.7431 69
62.7429 69
62.7427 69
62.7425 69
62.7423 69
62.7421 69
62.7419 69
62.7417 69
62.7414 69
62.7412 69
62.741 69
62.7408 69
62.7406 69
62.7404 69
62.7402 69
62.74 69
62.7398 69
62.7395 69
62.7393 69
62.7391 69
62.7389 69
62.7387 69
62.7385 69
62.7383 69
62.7381 69
62.7379 69
62.7377 69
62.7375 69
62.7372 69
62.737 69
62.7368 69
62.7366 69
62.7364 69
62.7362 69
62.736 69
62.7358 69
62.7356 69
62.7354 69
62.7352 69
62.735 69
62.7347 69
62.7345 69
62.7343 69
62.7341 69
62.7339 69
62.7337 69
62.7335 69
62.7333 69
62.7331 69
62.7329 69
62.7327 69
62.7325 69
62.7323 69
62.7321 69
62.7319 69
62.7317 69
62.7314 69
62.7312 69
62.731 69
62.7308 69
62.7306 69
62.7304 69
62.7302 69
62.73 69
62.7298 69
62.7296 69
62.7294 69
62.7292 69
62.729 69
62.7288 69
62.7286 69
62.7284 69
62.7282 69
62.728 69
62.7278 69
62.7276 69
62.7274 69
62.7272 69
62.7269 69
62.7267 69
62.7265 69
62.7263 69
62.7261 69
62.7259 69
62.7257 69
62.7255 69
62.7253 69
62.7251 69
62.7249 69
62.7247 69
62.7245 69
62.7243 69
62.7241 69
62.7239 69
62.7237 69
62.7235 69
62.7233 69
62.7231 69
62.7229 69
62.7227 69
62.7225 69
62.7223 69
62.7221 69
62.7219 69
62.7217 69
62.7215 69
62.7213 69
62.7211 69
62.7209 69
62.7207 69
62.7205 69
62.7203 69
62.7201 69
62.7199 69
62.7197 69
62.7195 69
62.7193 69
62.7191 69
62.7189 69
62.7187 69
62.7185 69
62.7183 69
62.7181 69
62.7179 69
62.7177 69
62.7175 69
62.7173 69
62.7171 69
62.7169 69
62.7167 69
62.7165 69
62.7163 69
62.7161 69
62.7159 69
62.7157 69
62.7156 69
62.7154 69
62.7152 69
62.715 69
62.7148 69
62.7146 69
62.7144 69
62.7142 69
62.714 69
62.7138 69
62.7136 69
62.7134 69
62.7132 69
62.713 69
62.7128 69
62.7126 69
62.7124 69
62.7122 69
62.712 69
62.7118 69
62.7116 69
62.7114 69
62.7113 69
62.7111 69
62.7109 69
62.7107 69
62.7105 69
62.7103 69
62.7101 69
62.7099 69
62.7097 69
62.7095 69
62.7093 69
62.7091 69
62.7089 69
62.7087 69
62.7085 69
62.7083 69
62.7082 69
62.708 69
62.7078 69
62.7076 69
62.7074 69
62.7072 69
62.707 69
62.7068 69
62.7066 69
62.7064 69
62.7062 69
62.706 69
62.7059 69
62.7057 69
62.7055 69
62.7053 69
62.7051 69
62.7049 69
62.7047 69
62.7045 69
62.7043 69
62.7041 69
62.7039 69
62.7038 69
62.7036 69
62.7034 69
62.7032 69
62.703 69
62.7028 69
62.7026 69
62.7024 69
62.7022 69
62.7021 69
62.7019 69
62.7017 69
62.7015 69
62.7013 69
62.7011 69
62.7009 69
62.7007 69
62.7005 69
62.7004 69
62.7002 69
62.7 69
62.6998 69
62.6996 69
62.6994 69
62.6992 69
62.699 69
62.6989 69
62.6987 69
62.6985 69
62.6983 69
62.6981 69
62.6979 69
62.6977 69
62.6975 69
62.6974 69
62.6972 69
62.697 69
62.6968 69
62.6966 69
62.6964 69
62.6962 69
62.6961 69
62.6959 69
62.6957 69
62.6955 69
62.6953 69
62.6951 69
62.695 69
62.6948 69
62.6946 69
62.6944 69
62.6942 69
62.694 69
62.6938 69
62.6937 69
62.6935 69
62.6933 69
62.6931 69
62.6929 69
62.6927 69
62.6926 69
62.6924 69
62.6922 69
62.692 69
62.6918 69
62.6916 69
62.6915 69
62.6913 69
62.6911 69
62.6909 69
62.6907 69
62.6906 69
62.6904 69
62.6902 69
62.69 69
62.6898 69
62.6896 69
62.6895 69
62.6893 69
62.6891 69
62.6889 69
62.6887 69
62.6886 69
62.6884 69
62.6882 69
62.688 69
62.6878 69
62.6877 69
62.6875 69
62.6873 69
62.6871 69
62.6869 69
62.6868 69
62.6866 69
62.6864 69
62.6862 69
62.686 69
62.6859 69
62.6857 69
62.6855 69
62.6853 69
62.6851 69
62.685 69
62.6848 69
62.6846 69
62.6844 69
62.6842 69
62.6841 69
62.6839 69
62.6837 69
62.6835 69
62.6834 69
62.6832 69
62.683 69
62.6828 69
62.6826 69
62.6825 69
62.6823 69
62.6821 69
62.6819 69
62.6818 69
62.6816 69
62.6814 69
62.6812 69
62.6811 69
62.6809 69
62.6807 69
62.6805 69
62.6804 69
62.6802 69
62.68 69
62.6798 69
62.6797 69
62.6795 69
62.6793 69
62.6791 69
62.679 69
62.6788 69
62.6786 69
62.6784 69
62.6783 69
62.6781 69
62.6779 69
62.6777 69
62.6776 69
62.6774 69
62.6772 69
62.677 69
62.6769 69
62.6767 69
62.6765 69
62.6763 69
62.6762 69
62.676 69
62.6758 69
62.6757 69
62.6755 69
62.6753 69
62.6751 69
62.675 69
62.6748 69
62.6746 69
62.6744 69
62.6743 69
62.6741 69
62.6739 69
62.6738 69
62.6736 69
62.6734 69
62.6732 69
62.6731 69
62.6729 69
62.6727 69
62.6726 69
62.6724 69
62.6722 69
62.6721 69
62.6719 69
62.6717 69
62.6715 69
62.6714 69
62.6712 69
62.671 69
62.6709 69
62.6707 69
62.6705 69
62.6704 69
62.6702 69
62.67 69
62.6698 69
62.6697 69
62.6695 69
62.6693 69
62.6692 69
62.669 69
62.6688 69
62.6687 69
62.6685 69
62.6684 69
62.6682 69
62.668 69
62.6679 69
62.6677 69
62.6676 69
62.6674 69
62.6672 69
62.6671 69
62.6669 69
62.6668 69
62.6666 69
62.6665 69
62.6663 69
62.6662 69
62.666 69
62.6658 69
62.6657 69
62.6655 69
62.6654 69
62.6652 69
62.6651 69
62.6649 69
62.6647 69
62.6646 69
62.6644 69
62.6643 69
62.6641 69
62.664 69
62.6638 69
62.6637 69
62.6635 69
62.6633 69
62.6632 69
62.663 69
62.6629 69
62.6627 69
62.6626 69
62.6625 69
62.6623 69
62.6622 69
62.6621 69
62.6619 69
62.6618 69
62.6617 69
62.6615 69
62.6614 69
62.6613 69
62.6611 69
62.661 69
62.6609 69
62.6607 69
62.6606 69
62.6605 69
62.6603 69
62.6602 69
62.6601 69
62.6599 69
62.6598 69
62.6597 69
62.6595 69
62.6594 69
62.6593 69
62.6591 69
62.659 69
62.6589 69
62.6587 69
62.6586 69
62.6585 69
62.6583 69
62.6582 69
62.6581 69
62.6579 69
62.6578 69
62.6577 69
62.6576 69
62.6575 69
62.6573 69
62.6572 69
62.6571 69
62.657 69
62.6568 69
62.6567 69
62.6566 69
62.6565 69
62.6564 69
62.6562 69
62.6561 69
62.656 69
62.6559 69
62.6558 69
62.6557 69
62.6556 69
62.6555 69
62.6554 69
62.6553 69
62.6552 69
62.6551 69
62.655 69
62.6549 69
62.6548 69
62.6547 69
62.6546 69
62.6545 69
62.6544 69
62.6543 69
62.6542 69
62.6541 69
62.654 69
62.6539 69
62.6538 69
62.6537 69
62.6536 69
62.6535 69
62.6535 69
62.6534 69
62.6533 69
62.6532 69
62.6531 69
62.653 69
62.6529 69
62.6529 69
62.6528 69
62.6527 69
62.6526 69
62.6526 69
62.6525 69
62.6524 69
62.6523 69
62.6523 69
62.6522 69
62.6521 69
62.652 69
62.652 69
62.6519 69
62.6518 69
62.6517 69
62.6517 69
62.6516 69
62.6515 69
62.6514 69
62.6514 69
62.6513 69
62.6513 69
62.6512 69
62.6511 69
62.6511 69
62.651 69
62.651 69
62.6509 69
62.6509 69
62.6508 69
62.6508 69
62.6507 69
62.6506 69
62.6506 69
62.6505 69
62.6505 69
62.6504 69
62.6504 69
62.6503 69
62.6503 69
62.6502 69
62.6502 69
62.6501 69
62.6501 69
62.65 69
62.65 69
62.6499 69
62.6498 69
62.6498 69
62.6497 69
62.6497 69
62.6496 69
62.6496 69
62.6495 69
62.6495 69
62.6494 69
62.6494 69
62.6494 69
62.6493 69
62.6493 69
62.6492 69
62.6492 69
62.6492 69
62.6492 69
62.6491 69
62.6491 69
62.6491 69
62.6491 69
62.6491 69
62.649 69
62.649 69
62.649 69
62.649 69
62.649 69
62.6489 69
62.6489 69
62.6489 69
62.6489 69
62.6489 69
62.6488 69
62.6488 69
62.6488 69
62.6488 69
62.6488 69
62.6488 69
62.6487 69
62.6487 69
62.6487 69
62.6487 69
62.6487 69
62.6486 69
62.6486 69
62.6486 69
62.6486 69
62.6486 69
62.6486 69
62.6485 69
62.6485 69
62.6485 69
62.6485 69
62.6485 69
62.6485 69
62.6484 69
62.6484 69
62.6484 69
62.6484 69
62.6484 69
62.6484 69
62.6483 69
62.6483 69
62.6483 69
62.6483 69
62.6483 69
62.6483 69
62.6483 69
62.6482 69
62.6482 69
62.6482 69
62.6482 69
62.6482 69
62.6482 69
62.6482 69
62.6481 69
62.6481 69
62.6481 69
62.6481 69
62.6481 69
62.6481 69
62.6482 69
62.6482 69
62.6482 69
62.6482 69
62.6482 69
62.6482 69
62.6482 69
62.6482 69
62.6482 69
62.6482 69
62.6482 69
62.6482 69
62.6482 69
62.6482 69
62.6482 69
62.6482 69
62.6482 69
62.6483 69
62.6483 69
62.6483 69
62.6483 69
62.6483 69
62.6483 69
62.6483 69
62.6483 69
62.6483 69
62.6483 69
62.6483 69
62.6483 69
62.6483 69
62.6484 69
62.6484 69
62.6484 69
62.6484 69
62.6484 69
62.6484 69
62.6484 69
62.6484 69
62.6484 69
62.6484 69
62.6485 69
62.6485 69
62.6485 69
62.6485 69
62.6485 69
62.6486 69
62.6486 69
62.6486 69
62.6486 69
62.6486 69
62.6487 69
62.6487 69
62.6487 69
62.6487 69
62.6487 69
62.6487 69
62.6488 69
62.6488 69
62.6488 69
62.6488 69
62.6488 69
62.6489 69
62.6489 69
62.6489 69
62.6489 69
62.649 69
62.649 69
62.649 69
62.649 69
62.649 69
62.6491 69
62.6491 69
62.6491 69
62.6491 69
62.6491 69
62.6492 69
62.6492 69
62.6492 69
62.6492 69
62.6493 69
62.6493 69
62.6493 69
62.6493 69
62.6493 69
62.6494 69
62.6494 69
62.6494 69
62.6494 69
62.6495 69
62.6495 69
62.6495 69
62.6495 69
62.6496 69
62.6496 69
62.6496 69
62.6496 69
62.6497 69
62.6497 69
62.6497 69
62.6497 69
62.6498 69
62.6498 69
62.6498 69
62.6498 69
62.6499 69
62.6499 69
62.6499 69
62.6499 69
62.65 69
62.65 69
62.65 69
62.65 69
62.6501 69
62.6501 69
62.6501 69
62.6501 69
62.6502 69
62.6502 69
62.6502 69
62.6502 69
62.6503 69
62.6503 69
62.6503 69
62.6504 69
62.6504 69
62.6504 69
62.6504 69
62.6505 69
62.6505 69
62.6505 69
62.6505 69
62.6506 69
62.6506 69
62.6506 69
62.6507 69
62.6507 69
62.6507 69
62.6507 69
62.6508 69
62.6508 69
62.6508 69
62.6509 69
62.6509 69
62.6509 69
62.651 69
62.651 69
62.651 69
62.651 69
62.6511 69
62.6511 69
62.6511 69
62.6512 69
62.6512 69
62.6512 69
62.6513 69
62.6513 69
62.6513 69
62.6513 69
62.6514 69
62.6514 69
62.6514 69
62.6515 69
62.6515 69
62.6515 69
62.6516 69
62.6516 69
62.6516 69
62.6517 69
62.6517 69
62.6517 69
62.6518 69
62.6518 69
62.6518 69
62.6519 69
62.6519 69
62.6519 69
62.652 69
62.652 69
62.652 69
62.6521 69
62.6521 69
62.6521 69
62.6522 69
62.6522 69
62.6522 69
62.6523 69
62.6523 69
62.6523 69
62.6524 69
62.6524 69
62.6524 69
62.6525 69
62.6525 69
62.6525 69
62.6526 69
62.6526 69
62.6526 69
62.6527 69
62.6527 69
62.6528 69
62.6528 69
62.6528 69
62.6529 69
62.6529 69
62.6529 69
62.653 69
62.653 69
62.653 69
62.6531 69
62.6531 69
62.6532 69
62.6532 69
62.6532 69
62.6533 69
62.6533 69
62.6533 69
62.6534 69
62.6534 69
62.6535 69
62.6535 69
62.6535 69
62.6536 69
62.6536 69
62.6536 69
62.6537 69
62.6537 69
62.6538 69
62.6538 69
62.6538 69
62.6539 69
62.6539 69
62.654 69
62.654 69
62.654 69
62.6541 69
62.6541 69
62.6542 69
62.6542 69
62.6542 69
62.6543 69
62.6543 69
62.6544 69
62.6544 69
62.6544 69
62.6545 69
62.6545 69
62.6546 69
62.6546 69
62.6546 69
62.6547 69
62.6547 69
62.6548 69
62.6548 69
62.6549 69
62.6549 69
62.6549 69
62.655 69
62.655 69
62.6551 69
62.6551 69
62.6551 69
62.6552 69
62.6552 69
62.6553 69
62.6553 69
62.6554 69
62.6554 69
62.6554 69
62.6555 69
62.6555 69
62.6556 69
62.6556 69
62.6557 69
62.6557 69
62.6558 69
62.6558 69
62.6558 69
62.6559 69
62.6559 69
62.656 69
62.656 69
62.6561 69
62.6561 69
62.6562 69
62.6562 69
62.6562 69
62.6563 69
62.6563 69
62.6564 69
62.6564 69
62.6565 69
62.6565 69
62.6566 69
62.6566 69
62.6567 69
62.6567 69
62.6568 69
62.6568 69
62.6568 69
62.6569 69
62.6569 69
62.657 69
62.657 69
62.6571 69
62.6571 69
62.6572 69
62.6572 69
62.6573 69
62.6573 69
62.6574 69
62.6574 69
62.6575 69
62.6575 69
62.6576 69
62.6576 69
62.6577 69
62.6577 69
62.6578 69
62.6578 69
62.6579 69
62.6579 69
62.658 69
62.658 69
62.6581 69
62.6581 69
62.6582 69
62.6582 69
62.6583 69
62.6583 69
62.6584 69
62.6584 69
62.6585 69
62.6585 69
62.6586 69
62.6586 69
62.6587 69
62.6587 69
62.6588 69
62.6588 69
62.6589 69
62.6589 69
62.659 69
62.659 69
62.6591 69
62.6591 69
62.6592 69
62.6592 69
62.6593 69
62.6593 69
62.6594 69
62.6594 69
62.6595 69
62.6595 69
62.6596 69
62.6596 69
62.6597 69
62.6597 69
62.6598 69
62.6599 69
62.6599 69
62.66 69
62.66 69
62.6601 69
62.6601 69
62.6602 69
62.6602 69
62.6603 69
62.6603 69
62.6604 69
62.6605 69
62.6605 69
62.6606 69
62.6606 69
62.6607 69
62.6607 69
62.6608 69
62.6608 69
62.6609 69
62.6609 69
62.661 69
62.6611 69
62.6611 69
62.6612 69
62.6612 69
62.6613 69
62.6613 69
62.6614 69
62.6615 69
62.6615 69
62.6616 69
62.6616 69
62.6617 69
62.6617 69
62.6618 69
62.6619 69
62.6619 69
62.662 69
62.662 69
62.6621 69
62.6621 69
62.6622 69
62.6623 69
62.6623 69
62.6624 69
62.6624 69
62.6625 69
62.6626 69
62.6626 69
62.6627 69
62.6627 69
62.6628 69
62.6628 69
62.6629 69
62.663 69
62.663 69
62.6631 69
62.6631 69
62.6632 69
62.6633 69
62.6633 69
62.6634 69
62.6634 69
62.6635 69
62.6636 69
62.6636 69
62.6637 69
62.6638 69
62.6638 69
62.6639 69
62.6639 69
62.664 69
62.6641 69
62.6641 69
62.6642 69
62.6642 69
62.6643 69
62.6644 69
62.6644 69
62.6645 69
62.6646 69
62.6646 69
62.6647 69
62.6647 69
62.6648 69
62.6649 69
62.6649 69
62.665 69
62.6651 69
62.6651 69
62.6652 69
62.6652 69
62.6653 69
62.6654 69
62.6654 69
62.6655 69
62.6656 69
62.6656 69
62.6657 69
62.6658 69
62.6658 69
62.6659 69
62.666 69
62.666 69
62.6661 69
62.6662 69
62.6662 69
62.6663 69
62.6663 69
62.6664 69
62.6665 69
62.6665 69
62.6666 69
62.6667 69
62.6667 69
62.6668 69
62.6669 69
62.6669 69
62.667 69
62.6671 69
62.6671 69
62.6672 69
62.6673 69
62.6673 69
62.6674 69
62.6675 69
62.6675 69
62.6676 69
62.6677 69
62.6678 69
62.6678 69
62.6679 69
62.668 69
62.668 69
62.6681 69
62.6682 69
62.6682 69
62.6683 69
62.6684 69
62.6684 69
62.6685 69
62.6686 69
62.6686 69
62.6687 69
62.6688 69
62.6689 69
62.6689 69
62.669 69
62.6691 69
62.6691 69
62.6692 69
62.6693 69
62.6693 69
62.6694 69
62.6695 69
62.6696 69
62.6696 69
62.6697 69
62.6698 69
62.6698 69
62.6699 69
62.67 69
62.6701 69
62.6701 69
62.6702 69
62.6703 69
62.6703 69
62.6704 69
62.6705 69
62.6706 69
62.6706 69
62.6707 69
62.6708 69
62.6708 69
62.6709 69
62.671 69
62.6711 69
62.6711 69
62.6712 69
62.6713 69
62.6714 69
62.6714 69
62.6715 69
62.6716 69
62.6717 69
62.6717 69
62.6718 69
62.6719 69
62.672 69
62.672 69
62.6721 69
62.6722 69
62.6723 69
62.6723 69
62.6724 69
62.6725 69
62.6726 69
62.6726 69
62.6727 69
62.6728 69
62.6729 69
62.6729 69
62.673 69
62.6731 69
62.6732 69
62.6732 69
62.6733 69
62.6734 69
62.6735 69
62.6735 69
62.6736 69
62.6737 69
62.6738 69
62.6739 69
62.6739 69
62.674 69
62.6741 69
62.6742 69
62.6742 69
62.6743 69
62.6744 69
62.6745 69
62.6746 69
62.6746 69
62.6747 69
62.6748 69
62.6749 69
62.6749 69
62.675 69
62.6751 69
62.6752 69
62.6753 69
62.6753 69
62.6754 69
62.6755 69
62.6756 69
62.6757 69
62.6757 69
62.6758 69
62.6759 69
62.676 69
62.6761 69
62.6761 69
62.6762 69
62.6763 69
62.6764 69
62.6765 69
62.6765 69
62.6766 69
62.6767 69
62.6768 69
62.6769 69
62.677 69
62.677 69
62.6771 69
62.6772 69
62.6773 69
62.6774 69
62.6774 69
62.6775 69
62.6776 69
62.6777 69
62.6778 69
62.6779 69
62.6779 69
62.678 69
62.6781 69
62.6782 69
62.6783 69
62.6784 69
62.6784 69
62.6785 69
62.6786 69
62.6787 69
62.6788 69
62.6789 69
62.6789 69
62.679 69
62.6791 69
62.6792 69
62.6793 69
62.6794 69
62.6795 69
62.6795 69
62.6796 69
62.6797 69
62.6798 69
62.6799 69
62.68 69
62.6801 69
62.6801 69
62.6802 69
62.6803 69
62.6804 69
62.6805 69
62.6806 69
62.6807 69
62.6807 69
62.6808 69
62.6809 69
62.681 69
62.6811 69
62.6812 69
62.6813 69
62.6814 69
62.6814 69
62.6815 69
62.6816 69
62.6817 69
62.6818 69
62.6819 69
62.682 69
62.6821 69
62.6821 69
62.6822 69
62.6823 69
62.6824 69
62.6825 69
62.6826 69
62.6827 69
62.6828 69
62.6829 69
62.6829 69
62.683 69
62.6831 69
62.6832 69
62.6833 69
62.6834 69
62.6835 69
62.6836 69
62.6837 69
62.6838 69
62.6838 69
62.6839 69
62.684 69
62.6841 69
62.6842 69
62.6843 69
62.6844 69
62.6845 69
62.6846 69
62.6847 69
62.6848 69
62.6848 69
62.6849 69
62.685 69
62.6851 69
62.6852 69
62.6853 69
62.6854 69
62.6855 69
62.6856 69
62.6857 69
62.6858 69
62.6859 69
62.686 69
62.686 69
62.6861 69
62.6862 69
62.6863 69
62.6864 69
62.6865 69
62.6866 69
62.6867 69
62.6868 69
62.6869 69
62.687 69
62.6871 69
62.6872 69
62.6873 69
62.6874 69
62.6875 69
62.6876 69
62.6877 69
62.6877 69
62.6878 69
62.6879 69
62.688 69
62.6881 69
62.6882 69
62.6883 69
62.6884 69
62.6885 69
62.6886 69
62.6887 69
62.6888 69
62.6889 69
62.689 69
62.6891 69
62.6892 69
62.6893 69
62.6894 69
62.6895 69
62.6896 69
62.6897 69
62.6898 69
62.6899 69
62.69 69
62.6901 69
62.6902 69
62.6903 69
62.6904 69
62.6905 69
62.6906 69
62.6907 69
62.6908 69
62.6909 69
62.691 69
62.6911 69
62.6911 69
62.6912 69
62.6913 69
62.6914 69
62.6915 69
62.6916 69
62.6917 69
62.6918 69
62.6919 69
62.692 69
62.6921 69
62.6922 69
62.6923 69
62.6924 69
62.6925 69
62.6926 69
62.6928 69
62.6929 69
62.693 69
62.6931 69
62.6932 69
62.6933 69
62.6934 69
62.6935 69
62.6936 69
62.6937 69
62.6938 69
62.6939 69
62.694 69
62.6941 69
62.6942 69
62.6943 69
62.6944 69
62.6945 69
62.6946 69
62.6947 69
62.6948 69
62.6949 69
62.695 69
62.6951 69
62.6952 69
62.6953 69
62.6954 69
62.6955 69
62.6956 69
62.6957 69
62.6958 69
62.6959 69
62.696 69
62.6961 69
62.6962 69
62.6964 69
62.6965 69
62.6966 69
62.6967 69
62.6968 69
62.6969 69
62.697 69
62.6971 69
62.6972 69
62.6973 69
62.6974 69
62.6975 69
62.6976 69
62.6977 69
62.6978 69
62.6979 69
62.698 69
62.6982 69
62.6983 69
62.6984 69
62.6985 69
62.6986 69
62.6987 69
62.6988 69
62.6989 69
62.699 69
62.6991 69
62.6992 69
62.6993 69
62.6994 69
62.6995 69
62.6997 69
62.6998 69
62.6999 69
62.7 69
62.7001 69
62.7002 69
62.7003 69
62.7004 69
62.7005 69
62.7006 69
62.7007 69
62.7009 69
62.701 69
62.7011 69
62.7012 69
62.7013 69
62.7014 69
62.7015 69
62.7016 69
62.7017 69
62.7018 69
62.702 69
62.7021 69
62.7022 69
62.7023 69
62.7024 69
62.7025 69
62.7026 69
62.7027 69
62.7028 69
62.703 69
62.7031 69
62.7032 69
62.7033 69
62.7034 69
62.7035 69
62.7036 69
62.7037 69
62.7039 69
62.704 69
62.7041 69
62.7042 69
62.7043 69
62.7044 69
62.7045 69
62.7046 69
62.7048 69
62.7049 69
62.705 69
62.7051 69
62.7052 69
62.7053 69
62.7054 69
62.7056 69
62.7057 69
62.7058 69
62.7059 69
62.706 69
62.7061 69
62.7062 69
62.7064 69
62.7065 69
62.7066 69
62.7067 69
62.7068 69
62.7069 69
62.707 69
62.7072 69
62.7073 69
62.7074 69
62.7075 69
62.7076 69
62.7077 69
62.7079 69
62.708 69
62.7081 69
62.7082 69
62.7083 69
62.7084 69
62.7086 69
62.7087 69
62.7088 69
62.7089 69
62.709 69
62.7091 69
62.7093 69
62.7094 69
62.7095 69
62.7096 69
62.7097 69
62.7099 69
62.71 69
62.7101 69
62.7102 69
62.7103 69
62.7105 69
62.7106 69
62.7107 69
62.7108 69
62.7109 69
62.711 69
62.7112 69
62.7113 69
62.7114 69
62.7115 69
62.7116 69
62.7118 69
62.7119 69
62.712 69
62.7121 69
62.7122 69
62.7124 69
62.7125 69
62.7126 69
62.7127 69
62.7129 69
62.713 69
62.7131 69
62.7132 69
62.7133 69
62.7135 69
62.7136 69
62.7137 69
62.7138 69
62.7139 69
62.7141 69
62.7142 69
62.7143 69
62.7144 69
62.7146 69
62.7147 69
62.7148 69
62.7149 69
62.7151 69
62.7152 69
62.7153 69
62.7154 69
62.7155 69
62.7157 69
62.7158 69
62.7159 69
62.716 69
62.7162 69
62.7163 69
62.7164 69
62.7165 69
62.7167 69
62.7168 69
62.7169 69
62.717 69
62.7172 69
62.7173 69
62.7174 69
62.7175 69
62.7177 69
62.7178 69
62.7179 69
62.718 69
62.7182 69
62.7183 69
62.7184 69
62.7185 69
62.7187 69
62.7188 69
62.7189 69
62.7191 69
62.7192 69
62.7193 69
62.7194 69
62.7196 69
62.7197 69
62.7198 69
62.7199 69
62.7201 69
62.7202 69
62.7203 69
62.7205 69
62.7206 69
62.7207 69
62.7208 69
62.721 69
62.7211 69
62.7212 69
62.7214 69
62.7215 69
62.7216 69
62.7217 69
62.7219 69
62.722 69
62.7221 69
62.7223 69
62.7224 69
62.7225 69
62.7226 69
62.7228 69
62.7229 69
62.723 69
62.7232 69
62.7233 69
62.7234 69
62.7236 69
62.7237 69
62.7238 69
62.7239 69
62.7241 69
62.7242 69
62.7243 69
62.7245 69
62.7246 69
62.7247 69
62.7249 69
62.725 69
62.7251 69
62.7253 69
62.7254 69
62.7255 69
62.7257 69
62.7258 69
62.7259 69
62.7261 69
62.7262 69
62.7263 69
62.7265 69
62.7266 69
62.7267 69
62.7269 69
62.727 69
62.7271 69
62.7273 69
62.7274 69
62.7275 69
62.7277 69
62.7278 69
62.7279 69
62.7281 69
62.7282 69
62.7283 69
62.7285 69
62.7286 69
62.7287 69
62.7289 69
62.729 69
62.7291 69
62.7293 69
62.7294 69
62.7296 69
62.7297 69
62.7298 69
62.73 69
62.7301 69
62.7302 69
62.7304 69
62.7305 69
62.7306 69
62.7308 69
62.7309 69
62.7311 69
62.7312 69
62.7313 69
62.7315 69
62.7316 69
62.7317 69
62.7319 69
62.732 69
62.7322 69
62.7323 69
62.7324 69
62.7326 69
62.7327 69
62.7328 69
62.733 69
62.7331 69
62.7333 69
62.7334 69
62.7335 69
62.7337 69
62.7338 69
62.734 69
62.7341 69
62.7342 69
62.7344 69
62.7345 69
62.7347 69
62.7348 69
62.7349 69
62.7351 69
62.7352 69
62.7354 69
62.7355 69
62.7356 69
62.7358 69
62.7359 69
62.7361 69
62.7362 69
62.7363 69
62.7365 69
62.7366 69
62.7368 69
62.7369 69
62.737 69
62.7372 69
62.7373 69
62.7375 69
62.7376 69
62.7378 69
62.7379 69
62.738 69
62.7382 69
62.7383 69
62.7385 69
62.7386 69
62.7388 69
62.7389 69
62.739 69
62.7392 69
62.7393 69
62.7395 69
62.7396 69
62.7398 69
62.7399 69
62.74 69
62.7402 69
62.7403 69
62.7405 69
62.7406 69
62.7408 69
62.7409 69
62.7411 69
62.7412 69
62.7413 69
62.7415 69
62.7416 69
62.7418 69
62.7419 69
62.7421 69
62.7422 69
62.7424 69
62.7425 69
62.7427 69
62.7428 69
62.743 69
62.7431 69
62.7432 69
62.7434 69
62.7435 69
62.7437 69
62.7438 69
62.744 69
62.7441 69
62.7443 69
62.7444 69
62.7446 69
62.7447 69
62.7449 69
62.745 69
62.7452 69
62.7453 69
62.7455 69
62.7456 69
62.7458 69
62.7459 69
62.7461 69
62.7462 69
62.7463 69
62.7465 69
62.7466 69
62.7468 69
62.7469 69
62.7471 69
62.7472 69
62.7474 69
62.7475 69
62.7477 69
62.7478 69
62.748 69
62.7481 69
62.7483 69
62.7484 69
62.7486 69
62.7487 69
62.7489 69
62.749 69
62.7492 69
62.7494 69
62.7495 69
62.7497 69
62.7498 69
62.75 69
62.7501 69
62.7503 69
62.7504 69
62.7506 69
62.7507 69
62.7509 69
62.751 69
62.7512 69
62.7513 69
62.7515 69
62.7516 69
62.7518 69
62.7519 69
62.7521 69
62.7522 69
62.7524 69
62.7526 69
62.7527 69
62.7529 69
62.753 69
62.7532 69
62.7533 69
62.7535 69
62.7536 69
62.7538 69
62.7539 69
62.7541 69
62.7542 69
62.7544 69
62.7546 69
62.7547 69
62.7549 69
62.755 69
62.7552 69
62.7553 69
62.7555 69
62.7556 69
62.7558 69
62.756 69
62.7561 69
62.7563 69
62.7564 69
62.7566 69
62.7567 69
62.7569 69
62.7571 69
62.7572 69
62.7574 69
62.7575 69
62.7577 69
62.7578 69
62.758 69
62.7582 69
62.7583 69
62.7585 69
62.7586 69
62.7588 69
62.7589 69
62.7591 69
62.7593 69
62.7594 69
62.7596 69
62.7597 69
62.7599 69
62.7601 69
62.7602 69
62.7604 69
62.7605 69
62.7607 69
62.7608 69
62.761 69
62.7612 69
62.7613 69
62.7615 69
62.7616 69
62.7618 69
62.762 69
62.7621 69
62.7623 69
62.7624 69
62.7626 69
62.7628 69
62.7629 69
62.7631 69
62.7633 69
62.7634 69
62.7636 69
62.7637 69
62.7639 69
62.7641 69
62.7642 69
62.7644 69
62.7645 69
62.7647 69
62.7649 69
62.765 69
62.7652 69
62.7654 69
62.7655 69
62.7657 69
62.7658 69
62.766 69
62.7662 69
62.7663 69
62.7665 69
62.7667 69
62.7668 69
62.767 69
62.7672 69
62.7673 69
62.7675 69
62.7676 69
62.7678 69
62.768 69
62.7681 69
62.7683 69
62.7685 69
62.7686 69
62.7688 69
62.769 69
62.7691 69
62.7693 69
62.7695 69
62.7696 69
62.7698 69
62.77 69
62.7701 69
62.7703 69
62.7705 69
62.7706 69
62.7708 69
62.771 69
62.7711 69
62.7713 69
62.7715 69
62.7716 69
62.7718 69
62.772 69
62.7721 69
62.7723 69
62.7725 69
62.7726 69
62.7728 69
62.773 69
62.7731 69
62.7733 69
62.7735 69
62.7736 69
62.7738 69
62.774 69
62.7741 69
62.7743 69
62.7745 69
62.7746 69
62.7748 69
62.775 69
62.7752 69
62.7753 69
62.7755 69
62.7757 69
62.7758 69
62.776 69
62.7762 69
62.7763 69
62.7765 69
62.7767 69
62.7769 69
62.777 69
62.7772 69
62.7774 69
62.7775 69
62.7777 69
62.7779 69
62.778 69
62.7782 69
62.7784 69
62.7786 69
62.7787 69
62.7789 69
62.7791 69
62.7792 69
62.7794 69
62.7796 69
62.7798 69
62.7799 69
62.7801 69
62.7803 69
62.7805 69
62.7806 69
62.7808 69
62.781 69
62.7811 69
62.7813 69
62.7815 69
62.7817 69
62.7818 69
62.782 69
62.7822 69
62.7824 69
62.7825 69
62.7827 69
62.7829 69
62.7831 69
62.7832 69
62.7834 69
62.7836 69
62.7838 69
62.7839 69
62.7841 69
62.7843 69
62.7845 69
62.7846 69
62.7848 69
62.785 69
62.7852 69
62.7853 69
62.7855 69
62.7857 69
62.7859 69
62.786 69
62.7862 69
62.7864 69
62.7866 69
62.7867 69
62.7869 69
62.7871 69
62.7873 69
62.7875 69
62.7876 69
62.7878 69
62.788 69
62.7882 69
62.7883 69
62.7885 69
62.7887 69
62.7889 69
62.7891 69
62.7892 69
62.7894 69
62.7896 69
62.7898 69
62.79 69
62.7901 69
62.7903 69
62.7905 69
62.7907 69
62.7908 69
62.791 69
62.7912 69
62.7914 69
62.7916 69
62.7917 69
62.7919 69
62.7921 69
62.7923 69
62.7925 69
62.7926 69
62.7928 69
62.793 69
62.7932 69
62.7934 69
62.7936 69
62.7937 69
62.7939 69
62.7941 69
62.7943 69
62.7945 69
62.7946 69
62.7948 69
62.795 69
62.7952 69
62.7954 69
62.7956 69
62.7957 69
62.7959 69
62.7961 69
62.7963 69
62.7965 69
62.7966 69
62.7968 69
62.797 69
62.7972 69
62.7974 69
62.7976 69
62.7977 69
62.7979 69
62.7981 69
62.7983 69
62.7985 69
62.7987 69
62.7989 69
62.799 69
62.7992 69
62.7994 69
62.7996 69
62.7998 69
62.8 69
62.8001 69
62.8003 69
62.8005 69
62.8007 69
62.8009 69
62.8011 69
62.8013 69
62.8014 69
62.8016 69
62.8018 69
62.802 69
62.8022 69
62.8024 69
62.8026 69
62.8028 69
62.8029 69
62.8031 69
62.8033 69
62.8035 69
62.8037 69
62.8039 69
62.8041 69
62.8042 69
62.8044 69
62.8046 69
62.8048 69
62.805 69
62.8052 69
62.8054 69
62.8056 69
62.8058 69
62.8059 69
62.8061 69
62.8063 69
62.8065 69
62.8067 69
62.8069 69
62.8071 69
62.8073 69
62.8075 69
62.8076 69
62.8078 69
62.808 69
62.8082 69
62.8084 69
62.8086 69
62.8088 69
62.809 69
62.8092 69
62.8094 69
62.8095 69
62.8097 69
62.8099 69
62.8101 69
62.8103 69
62.8105 69
62.8107 69
62.8109 69
62.8111 69
62.8113 69
62.8115 69
62.8117 69
62.8118 69
62.812 69
62.8122 69
62.8124 69
62.8126 69
62.8128 69
62.813 69
62.8132 69
62.8134 69
62.8136 69
62.8138 69
62.814 69
62.8142 69
62.8144 69
62.8145 69
62.8147 69
62.8149 69
62.8151 69
62.8153 69
62.8155 69
62.8157 69
62.8159 69
62.8161 69
62.8163 69
62.8165 69
62.8167 69
62.8169 69
62.8171 69
62.8173 69
62.8175 69
62.8177 69
62.8179 69
62.8181 69
62.8183 69
62.8184 69
62.8186 69
62.8188 69
62.819 69
62.8192 69
62.8194 69
62.8196 69
62.8198 69
62.82 69
62.8202 69
62.8204 69
62.8206 69
62.8208 69
62.821 69
62.8212 69
62.8214 69
62.8216 69
62.8218 69
62.822 69
62.8222 69
62.8224 69
62.8226 69
62.8228 69
62.823 69
62.8232 69
62.8234 69
62.8236 69
62.8238 69
62.824 69
62.8242 69
62.8244 69
62.8246 69
62.8248 69
62.825 69
62.8252 69
62.8254 69
62.8256 69
62.8258 69
62.826 69
62.8262 69
62.8264 69
62.8266 69
62.8268 69
62.827 69
62.8272 69
62.8274 69
62.8276 69
62.8278 69
62.828 69
62.8282 69
62.8284 69
62.8286 69
62.8288 69
62.829 69
62.8292 69
62.8294 69
62.8296 69
62.8298 69
62.83 69
62.8302 69
62.8304 69
62.8306 69
62.8308 69
62.831 69
62.8312 69
62.8314 69
62.8316 69
62.8318 69
62.832 69
62.8322 69
62.8325 69
62.8327 69
62.8329 69
62.8331 69
62.8333 69
62.8335 69
62.8337 69
62.8339 69
62.8341 69
62.8343 69
62.8345 69
62.8347 69
62.8349 69
62.8351 69
62.8353 69
62.8355 69
62.8357 69
62.8359 69
62.8361 69
62.8363 69
62.8366 69
62.8368 69
62.837 69
62.8372 69
62.8374 69
62.8376 69
62.8378 69
62.838 69
62.8382 69
62.8384 69
62.8386 69
62.8388 69
62.839 69
62.8392 69
62.8395 69
62.8397 69
62.8399 69
62.8401 69
62.8403 69
62.8405 69
62.8407 69
62.8409 69
62.8411 69
62.8413 69
62.8415 69
62.8417 69
62.842 69
62.8422 69
62.8424 69
62.8426 69
62.8428 69
62.843 69
62.8432 69
62.8434 69
62.8436 69
62.8438 69
62.8441 69
62.8443 69
62.8445 69
62.8447 69
62.8449 69
62.8451 69
62.8453 69
62.8455 69
62.8457 69
62.846 69
62.8462 69
62.8464 69
62.8466 69
62.8468 69
62.847 69
62.8472 69
62.8474 69
62.8476 69
62.8479 69
62.8481 69
62.8483 69
62.8485 69
62.8487 69
62.8489 69
62.8491 69
62.8493 69
62.8496 69
62.8498 69
62.85 69
62.8502 69
62.8504 69
62.8506 69
62.8508 69
62.8511 69
62.8513 69
62.8515 69
62.8517 69
62.8519 69
62.8521 69
62.8523 69
62.8526 69
62.8528 69
62.853 69
62.8532 69
62.8534 69
62.8536 69
62.8539 69
62.8541 69
62.8543 69
62.8545 69
62.8547 69
62.8549 69
62.8551 69
62.8554 69
62.8556 69
62.8558 69
62.856 69
62.8562 69
62.8564 69
62.8567 69
62.8569 69
62.8571 69
62.8573 69
62.8575 69
62.8577 69
62.858 69
62.8582 69
62.8584 69
62.8586 69
62.8588 69
62.8591 69
62.8593 69
62.8595 69
62.8597 69
62.8599 69
62.8602 69
62.8604 69
62.8606 69
62.8608 69
62.861 69
62.8612 69
62.8615 69
