0.1 -0.356007
0.2 1.27187e-006
0.3 1.54216e-006
0.4 1.53799e-006
0.5 1.5451e-006
0.6 1.55219e-006
0.7 1.55916e-006
0.8 1.56627e-006
0.9 1.57367e-006
1 1.58065e-006
0.920191 3.09266e-009
1.84002 2.8879e-009
2.75964 3.17685e-009
3.67877 4.63234e-009
4.59734 4.944e-009
5.51554 3.17728e-009
6.43335 3.25534e-009
7.35075 3.14614e-009
8.26774 3.41522e-009
9.18435 1.96433e-009
10.1008 2.53916e-009
11.0168 2.30859e-009
11.9325 3.8721e-009
12.8477 3.64287e-009
13.7624 3.50647e-009
14.6768 3.39383e-009
15.5907 3.38341e-009
16.5043 3.25176e-009
17.4175 3.70724e-009
18.3302 3.1742e-009
19.2426 3.6554e-009
20.1545 3.5532e-009
21.066 2.99147e-009
21.9771 4.10361e-009
22.8877 3.74357e-009
23.7979 3.87287e-009
24.7077 4.10339e-009
25.617 3.9023e-009
26.5259 3.8973e-009
27.4344 3.76232e-009
28.3424 4.07852e-009
29.2499 4.09341e-009
30.1571 4.03124e-009
31.0637 4.09152e-009
31.97 4.22569e-009
32.8757 4.2291e-009
33.7811 4.31118e-009
34.6859 4.3017e-009
35.5903 4.20314e-009
36.4943 4.53013e-009
37.3978 4.59792e-009
38.3009 4.47877e-009
39.2034 4.33196e-009
40.1056 4.77961e-009
41.0072 4.56242e-009
41.9084 4.53406e-009
42.8091 4.71027e-009
43.7094 4.77616e-009
44.6092 4.65368e-009
45.5085 4.6834e-009
46.4073 4.75408e-009
47.3057 4.84743e-009
48.2036 4.98047e-009
49.101 5.21806e-009
49.998 5.31592e-009
50.8944 5.32644e-009
51.7904 5.16701e-009
52.6859 5.1552e-009
53.5809 5.28971e-009
54.4754 5.28184e-009
55.3695 5.32759e-009
56.263 5.19541e-009
57.156 5.60356e-009
58.0486 5.28798e-009
58.9406 5.62294e-009
59.8322 5.77679e-009
60.7233 5.70253e-009
61.6138 5.86988e-009
62.5039 5.93006e-009
63.3934 5.69679e-009
64.2825 5.91655e-009
65.171 5.90521e-009
66.059 6.0633e-009
66.9465 6.15503e-009
67.8335 6.08242e-009
68.72 6.51189e-009
69.6059 6.17371e-009
70.4914 6.54261e-009
71.3763 6.30851e-009
72.2607 6.51652e-009
73.1445 6.58552e-009
74.0279 6.51323e-009
74.9107 6.65918e-009
75.793 6.72298e-009
76.6747 7.15156e-009
77.5559 6.8613e-009
78.4366 6.93657e-009
79.3167 7.05592e-009
80.1963 6.94081e-009
81.0753 7.5119e-009
81.9538 7.36313e-009
82.8317 7.37703e-009
83.7091 7.2995e-009
84.5859 7.72284e-009
85.4622 7.83992e-009
86.3379 7.75311e-009
87.213 8.02289e-009
88.0876 8.15407e-009
88.9617 8.16784e-009
89.8351 8.28023e-009
90.708 8.52403e-009
91.5803 8.37873e-009
92.452 8.52843e-009
93.3232 8.53118e-009
94.1938 8.74148e-009
95.0638 8.91004e-009
95.9332 8.93496e-009
96.802 9.16748e-009
97.6702 9.27648e-009
98.5379 9.39101e-009
99.4049 9.63638e-009
100.266 3.4998e-005
101.093 0.00664493
101.836 0.0131907
102.253 -0.00206638
102.59 3.01255e-007
102.898 1.96185e-005
103.168 1.43032e-005
103.306 2.51946e-007
103.413 3.09642e-008
103.518 1.59683e-008
103.621 2.98083e-007
103.723 1.62886e-008
103.823 1.67445e-008
103.92 1.33518e-005
104.014 5.16993e-006
104.103 1.82296e-008
104.189 1.3148e-006
104.267 9.57785e-009
104.342 4.4351e-008
104.41 1.39695e-008
104.472 1.8302e-005
104.532 1.19292e-008
104.591 6.18509e-009
104.649 1.21607e-008
104.706 5.88801e-009
104.76 1.6984e-008
104.813 1.22722e-008
104.863 9.39731e-008
104.91 1.20882e-008
104.956 1.21263e-008
104.998 2.43316e-007
105.036 1.20916e-008
105.074 1.23414e-008
105.108 2.14268e-007
105.138 1.22419e-008
105.166 7.08713e-008
105.191 1.25087e-008
105.217 1.25394e-008
105.242 1.28017e-008
105.267 1.28943e-008
105.292 1.31662e-008
105.317 1.31618e-008
105.341 1.33176e-008
105.365 1.345e-008
105.388 1.38505e-008
105.412 1.38446e-008
105.435 1.40551e-008
105.458 1.41551e-008
105.48 1.42272e-008
105.502 1.46279e-008
105.524 1.46921e-008
105.546 1.47943e-008
105.567 1.5132e-008
105.588 1.52966e-008
105.609 1.56029e-008
105.629 1.57887e-008
105.649 1.58522e-008
105.669 1.6035e-008
105.689 1.62349e-008
105.708 1.6562e-008
105.727 1.6753e-008
105.745 1.6927e-008
105.764 1.71527e-008
105.782 1.73532e-008
105.799 1.03255e-008
105.816 1.81205e-008
105.832 1.84525e-008
105.848 1.85335e-008
105.863 5.7328e-009
105.877 1.92835e-008
105.891 1.95844e-008
105.905 1.89901e-008
105.917 1.58267e-008
105.93 1.6147e-008
105.941 6.05968e-009
105.951 3.21546e-006
105.96 1.10564e-008
105.968 1.1308e-008
105.977 1.14261e-008
105.985 1.15389e-008
105.992 2.49893e-006
105.997 7.54034e-009
106.002 7.60597e-009
106.007 7.72525e-009
106.012 7.93262e-009
106.015 2.03001e-006
106.018 5.94054e-009
106.02 5.94517e-009
106.023 5.93095e-009
106.024 2.2386e-006
106.026 5.97198e-009
106.027 5.97074e-009
106.028 6.08115e-009
106.029 6.09572e-009
106.029 6.20298e-009
106.03 5.56195e-009
106.03 6.27874e-009
106.03 6.26391e-009
106.03 6.30424e-009
106.03 4.93339e-007
106.029 6.63308e-009
106.028 2.96505e-009
106.026 6.75722e-009
106.025 6.87123e-009
106.023 6.91988e-009
106.021 7.03572e-009
106.019 5.63453e-009
106.016 7.08569e-009
106.013 1.31067e-007
106.01 2.58967e-009
106.006 6.10369e-009
106.001 1.53742e-005
105.996 2.64449e-009
105.99 7.76684e-007
105.984 5.0053e-009
105.978 5.01129e-009
105.972 4.97006e-009
105.965 2.48391e-007
105.958 5.13117e-009
105.951 5.20428e-009
105.944 1.85549e-007
105.935 2.30455e-009
105.925 2.99487e-009
105.916 3.02347e-009
105.907 2.1176e-009
105.897 3.1214e-009
105.886 1.47662e-006
105.876 1.98143e-009
105.865 1.97125e-009
105.854 1.51117e-007
105.843 7.45088e-008
105.831 2.56127e-006
105.818 1.66827e-009
105.806 1.64138e-009
105.793 1.68435e-009
105.781 8.40059e-007
105.767 8.27519e-010
105.754 5.76728e-008
105.74 7.07151e-010
105.726 6.63039e-010
105.712 6.35981e-010
105.698 7.54131e-010
105.684 7.35945e-010
105.67 7.87794e-010
105.656 7.32679e-010
105.642 8.06496e-010
105.628 8.33332e-010
105.613 1.53645e-006
105.599 5.0963e-010
105.584 5.10584e-010
105.569 4.73605e-010
105.555 5.57287e-010
105.54 5.58838e-010
105.525 5.38269e-010
105.51 5.22145e-010
105.495 4.90359e-010
105.481 7.18954e-008
105.465 5.92911e-010
105.45 5.84049e-010
105.435 5.92744e-010
105.42 6.16064e-010
105.405 6.46362e-010
105.389 6.25151e-010
105.374 6.9309e-010
105.359 5.68358e-010
105.343 5.98403e-010
105.328 6.24587e-010
105.313 6.03474e-010
105.297 5.69853e-010
105.282 6.24791e-010
105.267 6.28021e-010
105.251 6.12323e-010
105.236 5.31188e-010
105.22 6.34389e-010
105.205 5.5287e-010
105.189 6.03715e-010
105.173 6.34441e-010
105.158 6.3991e-010
105.142 6.86007e-010
105.126 6.26486e-010
105.111 5.97225e-010
105.095 6.49505e-010
105.079 6.19273e-010
105.063 6.7311e-010
105.048 6.67799e-010
105.032 6.26085e-010
105.016 1.00389e-006
105 7.01072e-010
104.984 7.48905e-010
104.968 7.04946e-010
104.952 6.81753e-010
104.936 6.97918e-010
104.92 7.5355e-010
104.904 7.66049e-010
104.888 7.31829e-010
104.872 7.42444e-010
104.855 7.42812e-010
104.839 6.41068e-010
104.823 7.56341e-010
104.807 6.95795e-010
104.79 6.83719e-010
104.774 7.12451e-010
104.758 7.19126e-010
104.741 7.71028e-010
104.724 7.42194e-010
104.708 6.97157e-010
104.691 7.07284e-010
104.675 7.58181e-010
104.658 7.48807e-010
104.642 7.38057e-010
104.625 7.41561e-010
104.608 7.3118e-010
104.591 8.08067e-010
104.574 7.83346e-010
104.557 7.98178e-010
104.54 7.50561e-010
104.523 7.86512e-010
104.506 7.98536e-010
104.488 7.64077e-010
104.471 7.55955e-010
104.454 7.52806e-010
104.437 7.90308e-010
104.42 7.1887e-010
104.403 7.95999e-010
104.385 7.91183e-010
104.368 7.87161e-010
104.35 1.03353e-009
104.333 7.85857e-010
104.315 7.93108e-010
104.297 8.04651e-010
104.28 1.98629e-008
104.262 3.73427e-010
104.244 3.39679e-010
104.226 3.78719e-010
104.208 3.55837e-010
104.19 3.35842e-010
104.172 3.36386e-010
104.154 3.68392e-010
104.137 3.61928e-010
104.119 3.82409e-010
104.101 3.36371e-010
104.083 3.82166e-010
104.065 4.231e-010
104.046 3.73594e-010
104.028 4.132e-010
104.01 3.18447e-010
103.991 3.92035e-010
103.973 1.83567e-008
103.954 4.4758e-011
103.936 1.03603e-010
103.917 5.18954e-011
103.898 7.71978e-011
103.88 4.97824e-010
103.862 7.84652e-011
103.844 1.89866e-011
103.827 2.93934e-011
103.809 3.63407e-011
103.791 1.20711e-010
103.774 3.84573e-009
103.758 4.97646e-011
103.741 6.41229e-011
103.725 6.97007e-011
103.709 2.95e-011
103.693 1.24569e-006
103.678 7.92113e-011
103.662 7.71063e-011
103.648 1.40803e-009
103.634 9.42268e-011
103.621 4.96723e-011
103.607 9.58789e-011
103.594 1.02053e-010
103.58 1.14644e-010
103.568 8.57902e-007
103.556 5.75948e-011
103.545 4.17541e-007
103.535 7.79661e-011
103.524 2.22579e-007
103.514 -5.57954e-012
103.503 3.01625e-012
103.493 -3.27297e-010
103.483 3.63194e-011
103.473 3.23883e-011
103.463 2.07603e-011
103.453 -2.699e-011
103.444 -3.61666e-012
103.434 -1.22853e-011
103.425 1.94396e-006
103.417 -3.92131e-011
103.409 7.26708e-012
103.401 -4.31228e-011
103.393 -3.62821e-011
103.385 1.63975e-011
103.376 4.31353e-011
103.368 3.61826e-011
103.36 -1.62892e-012
103.352 2.28493e-011
103.344 3.55111e-011
103.335 4.75264e-011
103.327 -2.6219e-012
103.319 1.17292e-008
103.312 1.01089e-010
103.305 6.04139e-011
103.298 4.44462e-011
103.291 1.56817e-011
103.284 5.18927e-011
103.277 5.08145e-011
103.27 6.09859e-011
103.263 4.4972e-011
103.256 5.91935e-011
103.25 1.47962e-007
103.243 8.03819e-011
103.237 3.13971e-011
103.23 1.10457e-010
103.224 6.84359e-011
103.217 3.69536e-011
103.211 5.61986e-011
103.204 6.05755e-011
103.198 1.05413e-010
103.191 7.02993e-011
103.185 5.7506e-011
103.178 8.00249e-011
103.172 7.87495e-011
103.166 9.04787e-011
103.159 5.38414e-011
103.153 9.22888e-011
103.146 1.06827e-010
103.14 8.37801e-011
103.133 8.8102e-011
103.127 3.79305e-011
103.12 7.27738e-011
103.114 4.54818e-011
103.107 6.27409e-011
103.101 5.7522e-011
103.094 7.29443e-011
103.088 9.01714e-011
103.081 3.55591e-011
103.075 7.058e-011
103.068 7.42464e-011
103.062 -5.95149e-010
103.055 -3.17186e-011
103.049 -2.65263e-011
103.042 -1.62663e-010
103.036 -1.07505e-011
103.03 -1.56035e-011
103.023 -3.0532e-011
103.017 -4.03695e-011
103.011 1.11324e-011
103.005 1.06581e-011
102.998 1.32552e-011
102.992 -4.88688e-010
102.986 -9.83391e-012
102.981 -2.72173e-011
102.975 -4.1851e-012
102.969 -2.65388e-012
102.963 1.45803e-011
102.957 -1.50315e-011
102.952 -2.18332e-011
102.946 3.35838e-011
102.94 -9.00613e-012
102.934 2.07017e-011
102.928 -3.2367e-011
102.923 -6.18627e-010
102.918 3.16422e-011
102.912 2.60069e-010
102.907 -8.64553e-012
102.901 6.52811e-012
102.896 1.08198e-011
102.891 -3.85896e-011
102.885 1.38911e-012
102.88 -1.69038e-011
102.874 -4.6807e-012
102.869 -1.42347e-009
102.864 -2.1755e-011
102.858 -2.50111e-012
102.854 -6.91026e-010
102.849 3.21823e-011
102.844 -1.13971e-011
102.84 4.15454e-011
102.835 2.72085e-011
102.831 -1.93623e-012
102.826 -8.36842e-012
102.822 -3.89839e-011
102.817 1.59748e-011
102.813 -2.60041e-011
102.809 -9.49301e-010
102.806 -1.0403e-008
102.802 1.19176e-011
102.799 -2.1064e-011
102.795 1.56017e-011
102.792 2.24958e-011
102.789 -5.84066e-012
102.785 -3.8332e-011
102.782 2.16289e-011
102.778 -2.19416e-011
102.775 -4.29132e-011
102.772 -5.74119e-012
102.768 -6.61871e-012
102.765 -1.35767e-011
102.761 -2.73292e-011
102.758 -8.24086e-010
102.756 -1.28253e-012
102.753 1.49781e-010
102.75 2.37943e-011
102.747 1.54863e-011
102.745 -3.43134e-010
102.742 -4.25278e-011
102.74 -9.14113e-012
102.737 7.43228e-012
102.735 2.31992e-012
102.733 -8.24052e-012
102.73 4.14412e-010
102.727 -3.25642e-011
102.724 -2.55636e-011
102.721 2.75406e-011
102.719 -1.03277e-011
102.716 -3.08553e-012
102.713 -2.3635e-010
102.711 -1.19549e-012
102.709 -1.06454e-008
102.707 -1.36016e-011
102.704 2.66702e-011
102.702 1.336e-011
102.7 -7.37197e-010
102.698 8.64553e-012
102.696 2.84395e-012
102.695 -1.81686e-011
102.693 2.52207e-011
102.691 -7.00773e-012
102.689 3.14593e-012
102.687 1.90941e-011
102.686 2.23892e-011
102.684 -3.00279e-010
102.682 1.24771e-011
102.681 -1.60653e-008
102.68 -1.16888e-009
102.679 4.43734e-012
102.678 -1.10667e-012
102.676 1.11969e-010
102.675 8.84501e-011
102.674 -4.5965e-011
102.672 -2.6537e-011
102.671 2.52758e-011
102.669 -4.5338e-011
102.667 -5.22959e-012
102.666 -1.20099e-011
102.664 -4.28635e-012
102.663 2.78177e-012
102.661 -7.0326e-012
102.66 -3.0731e-013
102.658 -2.91251e-011
102.657 -3.29603e-011
102.655 -1.33369e-011
102.654 7.52287e-012
102.652 -6.97664e-011
102.651 -2.24674e-011
102.65 -5.22355e-011
102.649 5.14788e-012
102.648 2.31104e-012
102.647 -1.76925e-011
102.646 -5.35234e-011
102.645 5.18714e-011
102.644 -9.45555e-012
102.643 -2.87947e-011
102.642 4.64961e-011
102.641 -1.99485e-012
102.64 -5.83178e-012
102.639 -2.09717e-011
102.638 -3.11484e-011
102.637 -2.21299e-011
102.636 -5.05516e-011
102.635 7.89377e-011
102.634 1.52145e-011
102.633 -1.68315e-010
102.632 1.79412e-012
102.631 -8.05755e-012
102.631 -2.56062e-011
102.63 1.56197e-010
102.629 -5.66462e-011
102.628 6.71285e-012
102.627 6.29008e-012
102.627 1.16298e-011
102.626 -2.73026e-011
102.625 4.46505e-011
102.624 -1.59215e-011
102.623 -1.25731e-011
102.623 -5.84937e-010
102.622 -4.02842e-011
102.621 4.37161e-012
102.621 3.36478e-011
102.62 5.13598e-011
102.619 -2.42135e-011
102.619 1.30882e-011
102.618 1.13651e-011
102.618 -2.84075e-011
102.617 -5.67137e-011
102.616 1.30296e-011
102.616 -1.33689e-011
102.615 3.60618e-011
102.614 -3.01164e-011
102.614 3.776e-011
102.613 5.13385e-011
102.613 -1.93712e-011
102.612 -3.95577e-011
102.611 8.63309e-013
102.611 1.83853e-012
102.61 3.84457e-011
102.609 4.56524e-013
102.609 1.58948e-011
102.608 6.4837e-013
102.607 -3.28146e-011
102.607 -2.71623e-011
102.606 -1.43245e-011
102.605 3.40759e-011
102.604 -3.33458e-011
102.604 -3.15996e-011
102.603 1.48166e-011
102.602 9.77352e-012
102.602 7.94032e-012
102.601 -2.76579e-012
102.6 -3.33955e-012
102.6 -1.05604e-011
102.599 -1.58096e-012
102.598 1.33547e-011
102.597 -2.84146e-011
102.597 -1.42997e-011
102.596 -7.81597e-014
102.595 -3.79448e-011
102.595 -1.78559e-011
102.594 7.25286e-012
102.593 -1.37366e-011
102.593 -6.94378e-012
102.592 -2.44444e-011
102.591 -3.5552e-011
102.59 -1.6307e-012
102.59 2.96474e-011
102.589 -3.40137e-011
102.588 -2.81339e-011
102.588 3.4996e-011
102.587 -2.34834e-012
102.586 -2.78195e-011
102.586 2.97007e-012
102.585 4.33804e-011
102.584 -2.74571e-011
102.584 3.14841e-011
102.583 -1.47971e-011
102.582 -4.95497e-011
102.581 -2.44516e-011
102.581 1.55378e-011
102.58 -4.74287e-013
102.579 1.21076e-011
102.579 1.67599e-011
102.578 -2.16662e-011
102.577 -1.20739e-011
102.577 1.2319e-011
102.576 1.68434e-011
102.575 1.29816e-011
102.575 1.19229e-011
102.574 2.10392e-011
102.573 1.31948e-011
102.573 3.76108e-011
102.572 -1.21876e-011
102.571 4.48406e-011
102.57 -2.7363e-011
102.57 -9.21219e-012
102.569 -6.17995e-012
102.568 -2.80664e-013
102.568 -1.75326e-011
102.567 4.03944e-012
102.566 -4.07212e-011
102.566 -8.71125e-012
102.565 -4.39826e-012
102.564 3.44116e-011
102.564 1.15072e-011
102.563 2.78106e-011
102.562 2.37286e-011
102.562 -5.2772e-011
102.561 1.98277e-011
102.56 -1.32054e-011
102.559 -4.51408e-011
102.559 -9.73088e-012
102.558 -2.4869e-013
102.557 1.14575e-011
102.557 -6.67519e-011
102.556 -5.83e-012
102.555 2.8038e-011
102.555 -1.5195e-011
102.554 8.73968e-012
102.553 -1.81473e-011
102.553 -3.07701e-011
102.552 1.42109e-011
102.551 2.24638e-011
102.551 -1.0477e-011
102.55 -2.42295e-012
102.549 3.70406e-011
102.549 -4.98339e-011
102.548 -2.96794e-011
102.547 1.57137e-011
102.547 1.18412e-011
102.546 -8.13927e-012
102.545 4.17444e-012
102.545 -3.89768e-011
102.544 3.21663e-011
102.543 1.94689e-011
102.543 -3.58718e-011
102.542 3.05533e-011
102.541 -1.48113e-011
102.54 -3.68772e-012
102.54 -1.57172e-011
102.539 3.90763e-011
102.538 1.03704e-011
102.538 -1.11555e-011
102.537 1.76534e-011
102.536 -1.17986e-011
102.536 3.23581e-011
102.535 -7.21734e-011
102.534 3.32712e-011
102.534 -2.60627e-011
102.533 -3.82983e-012
102.532 1.97176e-012
102.532 -5.64881e-012
102.531 4.04228e-011
102.53 -4.86118e-011
102.53 -1.67262e-011
102.529 -6.45528e-012
102.528 4.49312e-011
102.528 3.14095e-011
102.527 -2.29718e-011
102.526 2.19025e-011
102.526 -1.57918e-011
102.525 -3.31291e-011
102.524 3.45537e-011
102.524 9.27258e-012
102.523 -2.4194e-012
102.522 1.74154e-011
102.522 -1.94049e-011
102.521 -8.3098e-012
102.52 3.65112e-011
102.52 2.43574e-011
102.519 -1.94831e-011
102.518 1.73692e-011
102.518 -7.42517e-013
102.517 1.21503e-012
102.516 1.46194e-011
102.516 2.58424e-011
102.515 -8.86402e-012
102.514 -5.53797e-011
102.514 -7.14095e-013
102.513 4.83524e-011
102.512 -2.78924e-011
102.511 2.31175e-011
102.51 -1.74936e-011
102.51 6.10356e-012
102.509 -1.24132e-011
102.508 -1.77849e-011
102.507 3.89591e-011
102.506 7.43938e-012
102.505 -1.7355e-011
102.504 2.61871e-011
102.504 -1.11875e-011
102.503 -2.0961e-013
102.502 4.64908e-011
102.501 -2.06235e-011
102.5 -2.10143e-011
102.499 2.24603e-011
102.498 -3.2049e-011
102.498 -4.00249e-011
102.497 1.21894e-011
102.496 -1.08784e-011
102.495 -1.11662e-011
102.494 -3.68061e-011
102.493 5.09104e-012
102.492 -1.40865e-011
102.492 5.66658e-012
102.491 4.74571e-011
102.49 2.27764e-011
102.489 -3.10152e-012
102.488 2.78426e-011
102.487 -4.69136e-011
102.486 -1.4424e-012
102.486 -4.57412e-011
102.485 5.52802e-012
102.484 -9.36495e-012
102.483 -3.09761e-011
102.482 -5.37241e-011
102.481 2.18527e-011
102.48 -8.30624e-012
102.48 1.41185e-011
102.479 1.45661e-013
102.478 2.33769e-011
102.477 3.17968e-012
102.476 1.21751e-011
102.475 5.25802e-012
102.475 -1.27152e-011
102.474 -9.38272e-012
102.473 -2.66525e-011
102.472 1.71489e-011
102.471 4.01457e-013
102.47 -3.26352e-011
102.469 -2.40163e-012
102.469 1.60547e-011
102.468 2.04778e-011
102.467 6.26912e-011
102.466 -1.11342e-011
102.465 -2.90541e-011
102.465 -2.27658e-010
102.464 4.59842e-010
102.464 8.1517e-011
102.463 3.47903e-010
102.462 3.71234e-010
102.462 4.29537e-010
102.461 4.66446e-010
102.46 5.55389e-010
102.46 6.41304e-010
102.459 6.14868e-010
102.458 6.70088e-010
102.457 8.43748e-010
102.456 9.4963e-010
102.456 1.03961e-009
102.455 1.20849e-009
102.454 1.45281e-009
102.453 1.57047e-009
102.452 1.8911e-009
102.451 2.28571e-009
102.45 2.86762e-009
102.448 3.29693e-009
102.447 3.85096e-009
102.446 4.8074e-009
102.444 5.17218e-009
102.443 5.035e-009
102.442 5.55577e-009
102.44 6.1384e-009
102.439 6.95549e-009
102.437 7.7205e-009
102.385 -1.87812e-006
102.352 -1.07111e-006
102.352 2.41618e-007
102.066 -6.72625e-006
102.2 1.12978e-006
102.321 -6.03251e-012
102.383 3.44293e-011
102.384 2.68194e-011
102.384 2.08701e-010
102.384 3.17577e-011
102.384 1.46578e-010
102.385 -1.93907e-011
102.385 3.95133e-011
102.385 -1.02673e-012
102.385 2.90257e-012
102.385 4.81002e-011
102.385 1.80833e-012
102.385 2.38174e-011
102.385 -1.39231e-011
102.385 -6.5512e-012
102.385 -5.05338e-011
102.386 -2.65246e-011
102.386 2.50822e-012
102.386 1.4321e-011
102.386 -3.06493e-011
102.386 -2.6823e-012
102.386 -1.32907e-011
102.386 -1.64384e-011
102.386 -4.16733e-012
102.386 -4.3336e-011
102.386 -7.15872e-012
102.386 3.57474e-011
102.386 1.49498e-011
102.386 -3.29514e-011
102.386 -1.84173e-011
102.386 8.26752e-011
102.386 9.09633e-010
102.385 -1.3614e-011
102.384 1.28502e-011
102.384 -1.28715e-011
102.383 2.80664e-012
102.382 -3.41451e-011
102.382 -4.02167e-011
102.381 1.26121e-012
102.38 4.35598e-011
102.38 -2.75442e-011
102.379 -5.55644e-012
102.379 -7.84084e-012
102.378 -3.01519e-011
102.377 2.43645e-011
102.377 -1.02744e-011
102.376 -3.51008e-011
102.375 -5.10987e-011
102.375 -3.35376e-012
102.374 -4.55174e-011
102.373 -3.5314e-012
102.373 -2.32632e-011
102.372 1.64846e-011
102.371 3.0127e-012
102.371 3.84404e-012
102.37 -1.23279e-011
102.369 1.21396e-011
102.369 -2.45493e-012
102.368 1.2303e-011
102.367 2.7697e-011
102.367 -1.91704e-011
102.366 3.24007e-012
102.365 -4.84555e-011
102.365 -2.64215e-011
102.364 -3.80886e-011
102.363 -2.14442e-011
102.363 3.89093e-011
102.362 8.78941e-012
102.361 1.95186e-011
102.361 -2.21156e-011
102.36 -8.54783e-012
102.36 -1.42819e-012
102.359 1.75753e-011
102.358 -3.98792e-011
102.358 4.56168e-012
102.357 1.83853e-011
102.356 -2.16929e-011
102.356 8.89955e-012
102.355 1.14007e-011
102.354 -3.9762e-011
102.354 -1.95577e-011
102.353 -8.49099e-013
102.352 2.33946e-011
102.352 5.94369e-012
102.351 -1.12976e-012
102.35 -2.81943e-011
102.35 -2.69473e-011
102.349 2.92388e-011
102.349 1.53584e-011
102.348 -9.66338e-012
102.347 -6.00195e-011
102.347 4.21174e-011
102.346 -2.15252e-010
102.346 2.78142e-011
102.345 -3.37224e-011
102.345 -1.31806e-011
102.344 -2.30571e-012
102.344 -3.20668e-011
102.343 -5.41469e-011
102.343 2.53202e-011
102.342 -9.03455e-012
102.342 -9.04166e-012
102.341 -5.857e-011
102.341 -1.5195e-011
102.34 -1.10809e-011
102.34 2.52136e-011
102.339 4.95319e-011
102.339 2.15294e-012
102.338 -7.67386e-013
102.338 3.29443e-011
102.338 2.27338e-011
102.337 3.53246e-011
102.337 -1.81686e-011
102.336 -2.089e-011
102.336 -5.16671e-011
102.335 -4.29381e-011
102.335 3.39675e-011
102.334 -4.80327e-012
102.334 2.09717e-011
102.333 1.00115e-011
102.333 -3.1747e-011
102.332 -3.65112e-011
102.332 -1.4122e-011
102.331 -9.28679e-012
102.331 2.53664e-011
102.331 5.57066e-012
102.33 -2.18634e-011
102.33 -1.80904e-011
102.329 -2.48761e-011
102.329 9.86944e-012
102.328 6.27765e-012
102.328 6.92069e-012
102.327 -1.0683e-011
102.327 -2.16431e-011
102.326 3.44933e-011
102.326 -4.53824e-011
102.325 1.53122e-012
102.325 1.77991e-011
102.324 -2.60059e-012
102.324 -3.48663e-011
102.324 5.11875e-011
102.323 1.07008e-011
102.323 2.26947e-011
102.322 -5.61968e-011
102.322 -1.52909e-011
102.321 -1.14504e-011
102.321 -1.30456e-011
102.32 8.39506e-012
102.32 1.48148e-012
102.319 2.17319e-011
102.319 -4.63061e-011
102.318 -1.40226e-011
102.318 -2.88267e-011
102.318 2.8102e-012
102.317 1.71561e-011
102.317 -4.40892e-012
102.316 3.87033e-011
102.316 2.62546e-012
102.315 -1.39337e-011
102.315 -3.20064e-011
102.314 -2.70148e-011
102.314 2.49081e-011
102.313 1.58025e-011
102.313 6.86029e-012
102.313 -7.60636e-012
102.312 -5.60618e-012
102.312 2.43077e-011
102.311 4.2661e-011
102.311 -1.58629e-011
102.31 -5.06972e-012
102.31 -6.83542e-012
102.309 -1.73657e-011
102.309 1.21787e-011
102.308 -2.60343e-011
102.308 -1.27294e-011
102.308 -3.71898e-011
102.307 2.98037e-011
102.307 4.13181e-012
102.306 1.5568e-011
102.306 -7.61347e-012
102.305 -4.88178e-011
102.305 1.9984e-011
102.304 5.75895e-011
102.304 -2.28653e-011
102.303 2.14762e-011
102.303 1.34648e-011
102.303 1.41043e-012
102.302 5.05054e-011
102.302 2.94094e-011
102.301 1.45661e-013
102.301 1.47118e-011
102.3 4.67537e-012
102.3 4.39826e-012
102.299 2.43006e-012
102.299 -2.47091e-011
102.299 3.17648e-011
102.298 1.4289e-011
102.298 -3.74492e-011
102.297 8.17124e-014
102.297 2.3519e-011
102.296 -3.50155e-011
102.296 2.54019e-012
102.295 2.58638e-012
102.295 -9.3543e-012
102.294 -1.2939e-011
102.294 -2.41833e-011
102.294 -6.21725e-012
102.293 4.78195e-012
102.293 2.01261e-011
102.292 -3.88667e-012
102.292 4.86722e-013
102.291 -2.02895e-011
102.291 -3.87779e-011
102.29 -2.16751e-011
102.29 -3.02549e-011
102.29 2.60982e-011
102.289 -5.46763e-012
102.289 -4.16271e-011
102.288 -6.25491e-011
102.288 -1.06013e-011
102.287 3.97904e-011
102.287 -1.24061e-011
102.286 -4.86722e-013
102.286 4.31051e-011
102.286 -1.29639e-011
102.285 4.96243e-011
102.285 -1.46052e-011
102.284 -5.32907e-012
102.284 3.85469e-012
102.283 1.88827e-011
102.283 4.31939e-011
102.283 2.8205e-011
102.282 -3.33813e-011
102.282 5.61329e-012
102.281 -5.09885e-011
102.281 -1.39764e-011
102.28 7.81597e-012
102.28 1.45484e-011
102.279 -2.54694e-011
102.279 -1.82894e-011
102.279 9.9476e-013
102.278 3.75984e-011
102.278 1.7085e-011
102.277 -2.74021e-011
102.277 -4.9706e-011
102.276 -2.94733e-011
102.276 -1.0953e-011
102.276 1.0381e-011
102.275 8.10019e-012
102.275 -1.36069e-011
102.274 1.95826e-011
102.274 -1.72875e-011
102.273 -1.34825e-011
102.273 -2.57572e-011
102.272 -2.49258e-011
102.272 -1.51523e-011
102.272 2.85638e-011
102.271 -1.95577e-011
102.271 -1.24807e-011
102.27 1.52376e-011
102.27 -2.19913e-012
102.269 -8.20677e-012
102.269 -2.61657e-011
102.269 -1.97069e-011
102.268 -2.81339e-011
102.268 -1.58629e-011
102.267 1.45839e-011
102.267 1.2502e-011
102.266 -3.32143e-011
102.266 -1.74829e-011
102.266 -5.53868e-012
102.265 2.07478e-012
102.265 1.95222e-011
102.264 2.57572e-011
102.264 1.07931e-011
102.263 2.41833e-011
102.263 9.37206e-012
102.263 3.96199e-011
102.262 -5.4392e-012
102.262 -2.8308e-011
102.261 -4.33147e-011
102.261 4.29878e-013
102.26 2.4091e-011
102.26 -4.47997e-012
102.26 -4.45155e-012
102.259 1.96501e-011
102.259 -2.57288e-011
102.258 -1.93339e-011
102.258 -7.70584e-012
102.257 2.68621e-011
102.257 -4.1581e-011
102.257 1.70282e-011
102.256 -5.58487e-012
102.256 3.08908e-011
102.255 -3.5314e-012
102.255 -3.76978e-011
102.254 1.92237e-011
102.254 -5.23315e-012
102.254 3.75522e-011
102.253 1.45661e-013
102.253 1.18767e-011
102.252 4.9134e-012
102.252 -1.48503e-012
102.252 -1.00968e-011
102.251 1.53761e-011
102.251 -1.23848e-011
102.25 2.03002e-011
102.25 -3.87423e-011
102.249 2.56506e-011
102.249 2.83364e-011
102.249 -6.33449e-012
102.248 2.1334e-011
102.248 -3.55982e-012
102.247 1.87903e-011
102.247 -5.79092e-012
102.246 2.36646e-011
102.246 3.89591e-011
102.246 -4.76064e-013
102.245 1.96039e-011
102.245 1.99272e-011
102.244 7.48202e-012
102.244 -2.15437e-011
102.244 -9.49996e-012
102.243 -1.79412e-011
102.243 -1.40936e-011
102.242 2.02611e-011
102.242 -1.86979e-011
102.241 -4.38654e-011
102.241 3.77689e-011
102.241 -3.70228e-011
102.24 -2.53308e-011
102.24 1.14575e-011
102.239 -2.59277e-011
102.239 2.52527e-011
102.239 -1.38023e-011
102.238 -3.363e-011
102.238 -3.76232e-012
102.237 -1.72733e-011
102.237 7.8515e-013
102.236 -1.68363e-011
102.236 -1.3916e-011
102.236 -5.58842e-012
102.235 -1.30171e-011
102.235 -2.80274e-011
102.234 7.08411e-012
102.234 6.28937e-011
102.234 3.30758e-012
102.233 -2.4464e-011
102.233 3.39071e-011
102.232 -6.45528e-012
102.232 9.42286e-011
102.231 7.26885e-012
102.231 -3.33564e-011
102.23 1.21787e-011
102.23 -2.28084e-011
102.229 5.07718e-011
102.229 -9.82325e-012
102.229 4.34639e-011
102.228 -7.80531e-012
102.228 8.7006e-012
102.227 3.61666e-012
102.227 2.51639e-011
102.226 -1.97531e-011
102.226 -2.1636e-012
102.225 -1.17097e-011
102.225 3.19744e-012
102.224 3.94493e-011
102.224 1.97389e-011
102.223 -2.24638e-011
102.223 2.92033e-012
102.222 -1.62679e-011
102.222 2.59703e-012
102.221 5.11235e-012
102.221 -4.2867e-011
102.221 1.12941e-011
102.22 -2.59348e-012
102.22 7.70228e-012
102.219 -2.82867e-011
102.219 1.61293e-011
102.219 -3.80247e-011
102.218 -3.69909e-011
102.218 2.20055e-011
102.217 -5.8062e-011
102.217 2.33058e-012
102.217 1.67901e-011
102.216 7.54241e-012
102.216 -9.37916e-013
102.216 2.0119e-011
102.215 -1.84777e-011
102.215 -4.22595e-011
102.214 1.78986e-011
102.214 -9.19087e-012
102.214 -1.08464e-011
102.213 -1.13616e-011
102.213 2.70362e-011
102.213 4.53007e-011
102.212 2.85389e-011
102.212 -1.22107e-011
102.211 2.07763e-011
102.211 -1.81295e-011
102.211 6.95266e-012
102.21 2.39311e-011
102.21 -2.61871e-011
102.21 4.07141e-011
102.209 -1.89075e-011
102.209 -4.556e-011
102.208 3.7943e-012
102.208 2.43716e-011
102.208 -3.37259e-011
102.207 2.27374e-013
102.207 -5.44631e-012
102.207 -3.64295e-011
102.206 -3.12284e-012
102.206 -4.06004e-011
102.205 -3.25038e-011
102.205 -1.2097e-011
102.205 2.089e-012
102.204 -3.41736e-011
102.204 -3.66782e-011
102.204 -1.91314e-011
102.203 -2.56293e-011
102.203 3.973e-011
102.203 2.95657e-011
102.202 2.91962e-011
102.202 1.54152e-011
102.201 8.86757e-012
102.201 -7.80531e-012
102.201 9.09495e-013
102.2 -1.99023e-011
102.2 -1.95399e-012
102.2 4.51195e-013
102.199 -2.30926e-011
102.199 1.80584e-011
102.198 2.03926e-011
102.198 -9.95826e-012
102.198 6.17462e-012
102.197 -8.98126e-012
102.197 -5.81011e-011
102.197 4.74607e-011
102.196 3.80425e-011
102.196 -5.13403e-011
102.196 -4.40679e-011
102.195 -1.3074e-012
102.195 8.18545e-012
102.194 1.75469e-011
102.194 -2.85176e-011
102.194 -3.45217e-011
102.193 1.34754e-011
102.193 -1.52092e-011
102.193 4.20854e-011
102.192 1.94937e-011
102.192 -1.61293e-012
102.192 -4.71587e-011
102.191 -6.11635e-011
102.191 2.07265e-011
102.19 -8.97771e-012
102.19 -3.21982e-011
102.19 -4.19504e-011
102.189 -4.76064e-012
102.189 2.05809e-011
102.189 4.3709e-011
102.188 3.57048e-011
102.188 1.09708e-011
102.188 -1.57172e-011
102.187 -3.7268e-012
102.187 -1.22355e-011
102.186 -8.45546e-012
102.186 -2.59917e-011
102.186 -1.18163e-011
102.185 1.27898e-012
102.185 -2.29079e-011
102.185 -3.17613e-012
102.184 6.74305e-012
102.184 -5.20828e-011
102.184 -2.72777e-011
102.183 -3.03118e-011
102.183 -1.19869e-011
102.183 -1.49569e-011
102.182 2.06768e-012
102.182 2.69367e-011
102.181 -1.75788e-011
102.181 -7.81597e-012
102.181 -2.92104e-011
102.18 6.84253e-012
102.18 2.8848e-011
102.18 -4.67679e-011
102.179 -5.33618e-012
102.179 -3.03331e-011
102.179 -1.56177e-011
102.178 -8.04334e-012
102.178 -4.04654e-011
102.178 -3.9023e-011
102.177 -2.18279e-011
102.177 -1.62146e-011
102.177 -2.29079e-011
102.176 -1.38556e-011
102.176 1.28964e-011
102.175 2.16431e-011
102.175 3.37366e-011
102.175 -7.26068e-010
102.174 -1.42961e-011
102.174 -1.58309e-011
102.174 -1.99663e-011
102.173 2.6283e-011
102.173 1.68043e-011
102.173 -1.10845e-012
102.172 -3.21165e-012
102.172 -4.63274e-012
102.172 -1.36922e-011
102.171 -5.86908e-012
102.171 -2.15294e-012
102.171 -3.19176e-011
102.171 3.07168e-011
102.17 1.39337e-011
102.17 3.68772e-012
102.17 -3.58114e-012
102.169 2.00657e-011
102.169 -7.60281e-013
102.169 -2.98428e-012
102.168 -2.78959e-011
102.168 3.52856e-011
102.168 2.75548e-011
102.167 -3.05178e-011
102.167 -1.40332e-011
102.167 -2.55795e-011
102.166 1.08216e-011
102.166 -6.16254e-011
102.166 1.20295e-011
102.165 -1.36495e-011
102.165 -2.48264e-011
102.165 -1.74367e-011
102.164 4.34852e-012
102.164 6.77147e-012
102.164 -5.32552e-011
102.163 -3.15126e-011
102.163 -2.25548e-010
102.163 2.77112e-013
102.163 -5.32054e-011
102.162 -4.22702e-011
102.162 -4.56097e-011
102.162 -1.09353e-011
102.161 3.39355e-011
102.161 -1.13616e-011
102.161 2.97078e-011
102.161 -2.359e-011
102.16 2.76117e-011
102.16 -3.94778e-011
102.16 -1.27898e-011
102.159 -2.5949e-011
102.159 -1.70601e-011
102.159 -1.8872e-011
102.159 -2.09539e-011
102.158 -2.14584e-011
102.158 -2.98215e-011
102.158 5.00933e-012
102.158 -2.91323e-012
102.157 -4.19931e-012
102.157 5.29354e-012
102.157 -2.4535e-011
102.156 -1.84741e-011
102.156 -2.0087e-011
102.156 -2.05347e-012
102.156 1.18661e-012
102.155 9.14469e-012
102.155 -1.76001e-011
102.155 7.2319e-011
102.154 3.84404e-011
102.154 -2.93312e-011
102.154 -8.56204e-012
102.154 -5.33831e-011
102.153 3.55271e-013
102.153 -6.04601e-011
102.153 1.74296e-011
102.153 3.11928e-011
102.152 -5.76676e-011
102.152 -5.67013e-012
102.152 -6.12417e-011
102.152 2.58638e-012
102.151 3.20242e-011
102.151 2.67164e-011
102.151 -1.13189e-011
102.15 3.51008e-011
102.15 -1.65912e-011
102.15 2.1906e-011
102.15 7.81597e-012
102.149 -9.94049e-012
102.149 -5.2367e-011
102.149 7.78044e-012
102.149 -5.73621e-011
102.148 -3.12923e-011
102.148 2.05063e-011
102.148 1.7053e-013
102.148 -4.59295e-011
102.147 -1.46514e-011
102.147 3.09015e-011
102.147 -7.99361e-012
102.147 2.43006e-012
102.147 -1.0111e-011
102.146 2.47979e-012
102.146 -2.28582e-011
102.146 -2.95515e-011
102.146 -2.18066e-011
102.145 -3.7673e-011
102.145 -9.46443e-012
102.145 -2.48335e-011
102.145 -4.77485e-012
102.145 1.52554e-011
102.144 2.35687e-011
102.144 2.17852e-011
102.144 1.55111e-011
102.144 -7.38254e-012
102.143 3.48237e-011
102.143 -5.20188e-011
102.143 6.16041e-012
102.143 -2.88694e-011
102.143 1.06297e-011
102.142 -4.0508e-011
102.142 3.1406e-012
102.142 -2.42935e-011
102.142 -3.60956e-012
102.142 3.09086e-011
102.141 -1.22924e-011
102.141 -1.88578e-011
102.141 4.34568e-011
102.141 -2.47269e-011
102.14 -2.87415e-011
102.14 -5.73408e-012
102.14 -5.44915e-011
102.14 -3.19744e-013
102.14 -1.21929e-011
102.139 -2.67235e-011
102.139 -1.51061e-011
102.139 -7.04858e-012
102.139 2.57856e-011
102.139 8.2494e-012
102.138 -2.68869e-011
102.138 -2.74909e-011
102.138 -7.10543e-013
102.138 -2.00174e-010
102.138 -1.7998e-011
102.137 -4.21423e-011
102.137 -1.7728e-011
102.137 7.18359e-012
102.137 5.07399e-011
102.137 5.98988e-012
102.137 -1.19229e-011
102.136 2.3924e-011
102.136 1.29248e-011
102.136 -3.86606e-011
102.136 -9.52127e-013
102.136 -3.55413e-011
102.136 -1.5703e-011
102.135 1.76001e-011
102.135 -6.0183e-012
102.135 4.61853e-012
102.135 -7.95097e-012
102.135 1.69322e-011
102.135 -7.76197e-011
102.134 -4.94538e-012
102.134 3.1541e-011
102.134 -2.45493e-011
102.134 3.15623e-011
102.134 2.93454e-012
102.134 -2.19487e-011
102.133 -8.42704e-012
102.133 -3.33955e-013
102.133 -3.0056e-012
102.133 -2.98641e-011
102.133 -1.14895e-011
102.133 -5.0278e-011
102.132 3.91864e-011
102.132 6.94911e-012
102.132 -1.29795e-010
102.132 -1.26974e-011
102.132 2.64322e-011
102.132 -1.51772e-011
102.132 1.82894e-011
102.131 -2.49543e-011
102.131 -1.96749e-011
102.131 -7.89413e-012
102.131 2.89901e-012
102.131 -1.97531e-011
102.131 -5.32197e-012
102.131 1.81615e-011
102.13 1.62146e-011
102.13 -5.69855e-012
102.13 1.37845e-011
102.13 -1.10489e-011
102.13 6.3288e-011
102.13 -1.82965e-011
102.13 1.17026e-011
102.129 1.08074e-011
102.129 -3.62732e-011
102.129 -2.68585e-012
102.129 2.98428e-013
102.129 3.46105e-011
102.129 -2.57714e-011
102.129 -2.08757e-011
102.128 -1.38911e-011
102.128 -6.88871e-011
102.128 1.37916e-011
102.128 6.41123e-011
102.128 1.166e-011
102.128 3.29692e-011
102.128 9.28679e-012
102.128 -6.98464e-012
102.127 5.11591e-013
102.127 -3.74172e-011
102.127 3.54774e-011
102.127 -9.61364e-012
102.127 -1.32303e-011
102.127 3.16049e-011
102.127 4.88072e-011
102.126 -8.02913e-012
102.126 -4.45439e-011
102.126 -1.85523e-011
102.126 2.65032e-011
102.126 -1.75078e-011
102.126 7.81597e-013
102.126 1.60014e-011
102.126 2.22755e-011
102.125 5.04912e-011
102.125 1.6243e-011
102.125 3.38716e-011
102.125 4.15952e-011
102.125 -4.91553e-011
102.125 -5.0008e-011
102.125 4.57945e-011
102.124 -3.75167e-012
102.124 -1.30385e-011
102.124 -5.40723e-012
102.124 -3.80851e-012
102.124 -4.40536e-012
102.124 -4.9873e-011
102.124 3.498e-011
102.124 1.0175e-011
102.124 -1.71241e-011
102.123 -2.11742e-012
102.123 -2.32632e-011
102.123 -5.28644e-012
102.123 -1.02318e-011
102.123 -2.27374e-013
102.123 -4.58087e-011
102.123 1.94404e-011
102.123 -2.09681e-011
102.123 3.01981e-012
102.122 -1.355e-011
102.122 -4.43947e-011
102.122 1.86091e-011
102.122 4.57518e-011
102.122 3.09797e-012
102.122 -1.85807e-011
102.122 -1.87157e-011
102.122 7.90124e-012
102.122 -3.50298e-011
102.122 -2.72991e-011
102.121 4.47642e-012
102.121 -3.87246e-011
102.121 5.33618e-012
102.121 5.12301e-012
102.121 1.63425e-013
102.121 -1.62927e-011
102.121 -2.22329e-011
102.121 -4.74643e-012
102.121 3.98757e-011
102.12 -2.41442e-011
102.12 1.89928e-011
102.12 -3.14131e-011
102.12 3.57474e-011
102.12 -3.6394e-011
102.12 -3.80851e-011
102.12 -1.92344e-011
102.12 -2.14584e-012
102.12 -2.09184e-011
102.12 -2.32845e-011
102.119 -1.55396e-011
102.119 1.74083e-011
102.119 2.30287e-011
102.119 -5.74616e-011
102.119 -2.29647e-011
102.119 8.93152e-012
102.119 9.37916e-012
102.119 2.08189e-011
102.119 1.79554e-011
102.119 -6.13198e-012
102.118 2.32916e-011
102.118 -3.18749e-011
102.118 -1.95186e-011
102.118 1.41469e-011
102.118 1.67688e-012
102.118 5.25802e-012
102.118 -4.29168e-012
102.118 8.1144e-012
102.118 1.77067e-011
102.118 7.52465e-012
102.117 -4.1851e-012
102.117 1.03171e-011
102.117 2.60059e-012
102.117 3.58824e-012
102.117 -1.14753e-011
102.117 -1.25624e-011
102.117 2.359e-011
102.117 6.4766e-011
102.117 2.38032e-011
102.117 -8.61178e-012
102.117 -7.33849e-011
102.116 -3.63087e-012
102.116 1.09566e-011
102.116 -6.4091e-012
102.116 8.75389e-012
102.116 -2.9317e-011
102.116 -2.67164e-011
102.116 -2.55511e-011
102.116 6.64357e-012
102.116 2.1835e-011
102.116 -7.93037e-011
102.116 -2.17923e-011
102.115 5.52092e-012
102.115 1.8396e-011
102.115 5.07612e-011
102.115 3.81704e-011
102.115 -1.91989e-011
102.115 -1.80123e-011
102.115 -2.84075e-011
102.115 9.47153e-012
102.115 1.75788e-011
102.115 -1.63141e-011
102.115 6.54126e-011
102.114 -2.24816e-011
102.114 -2.33555e-011
102.114 -8.78941e-012
102.114 -1.39053e-011
102.114 3.13634e-011
102.114 1.43885e-011
102.114 6.18741e-011
102.114 8.34888e-012
102.114 3.82272e-012
102.114 1.6982e-012
102.114 1.2669e-011
102.113 -6.36646e-012
102.113 -3.59179e-011
102.113 -1.36353e-011
102.113 -7.61986e-011
102.113 -5.37455e-011
102.113 -2.03926e-011
102.113 -1.15818e-012
102.113 -1.05445e-011
102.113 -3.73745e-012
102.113 5.87619e-011
102.113 1.74651e-011
102.113 -1.99449e-011
102.112 -4.448e-012
102.112 1.52767e-011
102.112 1.57314e-011
102.112 -1.41327e-011
102.112 -5.3177e-011
102.112 -3.34168e-011
102.112 -4.79901e-011
102.112 3.70903e-011
102.112 -1.2129e-011
102.112 3.66427e-011
102.112 1.70672e-011
102.112 -2.12452e-012
102.112 4.9738e-014
102.111 3.73817e-011
102.111 -2.20908e-011
102.111 -3.23013e-011
102.111 3.69482e-013
102.111 -2.08615e-011
102.111 -1.05018e-011
102.111 9.38627e-012
102.111 -4.68958e-012
102.111 4.21068e-011
102.111 -2.22684e-011
102.111 8.96705e-012
102.111 -1.21503e-011
102.111 3.51221e-011
102.11 4.25899e-011
102.11 -2.99352e-011
102.11 -2.71001e-011
102.11 2.43219e-011
102.11 -3.83764e-011
102.11 -1.50635e-011
102.11 -4.90985e-012
102.11 -3.80567e-011
102.11 -2.6219e-011
102.11 -3.31468e-011
102.11 2.17426e-011
102.11 -1.42109e-011
102.11 -3.10934e-011
102.109 -8.59757e-012
102.109 5.70566e-012
102.109 2.91323e-011
102.109 1.70672e-011
102.109 -2.49187e-011
102.109 -6.60094e-012
102.109 7.90124e-012
102.109 -1.60867e-011
102.109 -2.78746e-011
102.109 4.68745e-011
102.109 -4.1247e-011
102.109 -1.73372e-012
102.109 -3.58895e-011
102.109 -1.21432e-011
102.108 -8.75389e-012
102.108 1.58309e-011
102.108 -3.35802e-011
102.108 1.15392e-011
102.108 -2.66098e-011
102.108 2.16289e-011
102.108 2.08757e-011
102.108 2.48832e-011
102.108 -5.52163e-011
102.108 1.39764e-011
102.108 -2.87343e-011
102.108 4.10694e-012
102.108 9.13758e-012
102.108 -1.54046e-011
102.108 -1.54188e-012
102.107 -5.96856e-012
102.107 3.21378e-011
102.107 4.05294e-011
102.107 -3.11218e-011
102.107 -1.81899e-011
102.107 2.09965e-011
102.107 4.17728e-011
102.107 -2.28084e-011
102.107 -3.7069e-011
102.107 4.36273e-012
102.107 8.92442e-012
102.107 -7.04574e-011
102.107 -2.60769e-012
102.107 5.97566e-012
102.107 -4.00036e-012
102.107 -5.30278e-011
102.106 -4.9809e-012
102.106 3.18323e-011
102.106 2.83222e-011
102.106 -2.65032e-011
102.106 6.06803e-012
102.106 3.77725e-011
102.106 3.02549e-011
102.106 -6.70752e-012
102.106 -4.99583e-011
102.106 -6.73239e-011
102.106 -1.56177e-011
102.106 -2.3384e-011
102.106 1.6783e-011
102.106 -4.76135e-011
102.106 -5.47118e-012
102.106 2.69011e-011
102.106 -4.53397e-011
102.105 -2.91891e-011
102.105 9.74154e-012
102.105 -2.24958e-011
102.105 -4.72369e-011
102.105 -8.72546e-012
102.105 -1.21574e-011
102.105 -7.81597e-014
102.105 -2.25455e-011
102.105 2.61338e-011
102.105 -3.0461e-011
102.105 3.1477e-012
102.105 -5.32197e-012
102.105 3.08589e-011
102.105 -3.45395e-011
102.105 -1.98668e-011
102.105 1.7792e-011
102.105 -7.38964e-011
102.105 9.59233e-012
102.104 -4.33005e-011
102.104 -2.23892e-011
102.104 -2.79314e-011
102.104 -2.88054e-011
102.104 -1.42961e-011
102.104 -1.09281e-011
102.104 1.40545e-011
102.104 2.02789e-011
102.104 -3.15481e-011
102.104 -4.4416e-011
102.104 6.84537e-011
102.104 2.89333e-011
102.104 7.37543e-012
102.104 -1.4829e-011
102.104 -2.14726e-011
102.104 -3.07736e-011
102.104 1.32019e-011
102.104 1.7998e-011
102.104 -7.35412e-012
102.104 -1.60867e-011
102.103 -4.24123e-011
102.103 2.54232e-011
102.103 -3.309e-011
102.103 -5.73479e-011
102.103 -3.65219e-011
102.103 1.37845e-011
102.103 -2.24674e-011
102.103 1.71383e-011
102.103 -5.61258e-011
102.103 6.46594e-013
102.103 5.44986e-011
102.103 -8.62599e-012
102.103 1.89715e-012
102.103 -1.42322e-011
102.103 2.36398e-011
102.103 -5.31699e-011
102.103 -2.69793e-011
102.103 -2.47198e-011
102.103 1.36353e-011
102.103 1.45661e-012
102.103 3.41842e-011
102.102 -8.38298e-011
102.102 -3.57829e-011
102.102 -1.05373e-011
102.102 -8.25651e-012
102.102 2.02434e-011
102.102 3.03402e-011
102.102 -1.52482e-011
102.102 -1.60796e-011
102.102 -1.65272e-011
102.102 1.12124e-011
102.102 -1.73657e-011
102.102 -3.29834e-011
102.102 -2.03855e-011
102.102 -4.61e-011
102.102 4.64198e-011
102.102 2.91749e-011
102.102 -3.51719e-012
102.102 -3.45608e-011
102.102 -1.80478e-011
102.102 -2.05134e-011
102.102 7.66676e-012
102.102 -3.29763e-011
102.102 5.14788e-011
102.102 1.03739e-011
102.102 5.68434e-012
102.101 1.6172e-011
102.101 -2.03926e-012
102.101 -3.37792e-011
102.101 -3.29337e-011
102.101 -5.78737e-011
102.101 2.06271e-011
102.101 -1.80194e-011
102.101 -4.89422e-011
102.101 -2.32774e-011
102.101 -2.04281e-011
102.101 6.672e-012
102.101 -2.73985e-011
102.101 3.10862e-011
102.101 3.81561e-012
102.101 1.02816e-011
102.101 -2.31353e-011
102.101 3.87246e-012
102.101 -9.6918e-012
102.101 -1.85452e-012
102.101 -7.88489e-011
102.101 -3.3701e-011
102.101 -5.53371e-011
102.101 3.336e-011
102.101 2.78462e-011
102.101 -1.7927e-011
102.101 1.6783e-011
102.101 -1.12976e-012
102.101 -3.23581e-011
102.101 -1.34364e-011
102.101 3.2685e-012
102.101 2.78746e-011
102.1 -1.14468e-011
102.1 2.68372e-011
102.1 2.24887e-011
102.1 -5.53513e-011
102.1 3.37508e-012
102.1 7.22693e-011
102.1 -5.27223e-012
102.1 -1.12976e-012
102.1 -2.05347e-012
102.1 3.98472e-011
102.1 7.83729e-012
102.1 1.92557e-012
102.1 -3.04112e-012
102.1 4.81037e-011
102.1 9.37916e-012
102.1 -3.23865e-011
102.1 6.16609e-011
102.1 -5.33333e-011
102.1 -2.01226e-011
102.1 3.73035e-011
102.1 -3.1477e-012
102.1 9.44311e-012
102.1 -9.17311e-012
102.1 1.65414e-011
102.1 6.0794e-011
102.1 -3.80496e-011
102.1 -3.00133e-011
102.1 -1.59517e-011
102.1 -2.39666e-011
102.1 8.3844e-013
102.1 -2.46629e-011
102.1 2.54374e-012
102.1 -1.53833e-011
102.1 -5.23244e-011
102.1 -4.86011e-011
102.1 3.64935e-011
102.1 -1.6982e-011
102.1 1.94689e-011
102.1 -2.63256e-011
102.1 -4.56879e-012
102.1 -4.06004e-011
102.099 1.3614e-011
102.099 -2.20979e-012
102.099 -2.44214e-011
102.099 -3.37792e-011
102.099 3.8014e-012
102.099 1.26761e-011
102.099 2.74838e-011
102.099 -1.09424e-011
102.099 -2.03713e-011
102.099 -5.82006e-011
102.099 3.62235e-011
102.099 -3.78719e-011
102.099 -2.31495e-011
102.099 -3.51719e-012
102.099 -6.79705e-011
102.099 6.72884e-012
102.099 1.06439e-011
102.099 8.0945e-011
102.099 1.31024e-011
102.099 -6.31744e-011
102.099 2.35829e-011
102.099 -2.6418e-011
102.099 -1.6648e-011
102.099 2.48832e-011
102.099 -6.10356e-012
102.099 -3.28271e-011
102.099 -3.74669e-011
102.099 2.61622e-011
102.099 5.76961e-012
102.099 -6.35438e-011
102.099 3.5584e-011
102.099 -7.43228e-012
102.099 -2.06768e-011
102.099 -4.81108e-011
102.099 9.13047e-012
102.099 -3.40137e-011
102.099 -7.22409e-011
102.099 -4.92406e-012
102.099 -5.12514e-011
102.099 3.60885e-011
102.099 -3.05533e-013
102.099 -9.89075e-012
102.099 -5.63531e-011
102.099 -2.50893e-011
102.099 -2.59277e-011
102.099 6.03251e-012
102.099 -2.03713e-011
102.099 9.34364e-012
102.099 -2.11742e-012
102.099 -2.14797e-011
102.099 -4.26326e-013
102.099 -3.57332e-011
102.099 -1.09424e-012
102.099 2.50751e-011
102.099 -4.99512e-012
102.099 -3.39639e-011
102.099 -1.7387e-011
102.099 1.70175e-011
102.099 -5.25233e-011
102.099 -2.74412e-011
102.099 4.04299e-012
102.099 -5.67368e-011
102.099 -1.88507e-011
102.099 -3.04397e-011
102.099 -1.90852e-011
102.099 -5.4392e-011
102.099 -5.70282e-011
102.099 -3.37508e-011
102.099 1.89004e-012
102.099 -2.07478e-012
102.099 -5.19975e-011
102.099 -5.56781e-011
102.099 2.78106e-011
102.099 -3.77582e-011
102.099 -4.72653e-011
102.099 1.55751e-011
102.099 -2.01226e-011
102.099 -5.11591e-012
102.099 -8.96705e-012
102.099 -3.27347e-011
102.099 -4.13465e-011
102.099 -3.06173e-011
102.099 -1.13616e-011
102.099 -7.58149e-012
102.099 4.8388e-012
102.099 -3.06599e-011
102.099 4.73079e-011
102.099 9.83391e-012
102.099 1.83533e-011
102.099 3.36442e-011
102.099 -5.53015e-011
102.099 3.8483e-011
102.099 -1.35145e-011
102.099 -7.55307e-011
102.099 5.14433e-012
102.099 -4.98517e-011
102.099 9.32943e-012
102.099 3.09797e-012
102.099 -5.35039e-011
102.099 -1.29035e-011
102.099 -3.29266e-011
102.099 -3.74172e-011
102.099 -2.51745e-011
102.099 4.41958e-012
102.099 -3.0667e-011
102.099 4.86367e-011
102.099 6.75016e-013
102.099 -1.35856e-011
102.099 5.41789e-011
102.099 -3.81348e-011
102.099 2.73062e-011
102.099 -2.47553e-011
102.099 -7.70939e-012
102.099 -2.32134e-011
102.099 -1.35856e-011
102.099 -5.48681e-011
102.099 -1.51203e-011
102.099 3.80567e-011
102.099 -2.52882e-011
102.099 -4.98801e-012
102.099 -1.86802e-011
102.099 -4.15881e-011
102.099 -1.73443e-011
102.099 1.06581e-013
102.099 3.33884e-011
102.099 2.11244e-011
102.099 -4.52403e-011
102.099 -1.49925e-012
102.099 5.15854e-012
102.099 -1.83107e-011
102.099 4.16378e-012
102.099 -1.99307e-011
102.099 1.92557e-012
102.099 2.04921e-011
102.099 8.59757e-012
102.099 7.03437e-012
102.099 3.24931e-011
102.099 -3.97122e-011
102.099 6.31246e-011
102.099 -3.67635e-011
102.099 3.90372e-011
102.099 3.75309e-011
102.099 2.24318e-011
102.099 -1.22995e-011
102.099 2.91891e-011
102.099 1.1191e-011
102.099 -3.57758e-011
102.099 1.14539e-011
102.099 4.13536e-012
102.099 -6.22862e-011
102.099 -7.48202e-012
102.099 2.45279e-011
102.099 3.34879e-011
102.099 3.35447e-011
102.099 1.50493e-011
102.099 -1.41682e-011
102.099 -3.4774e-011
102.099 -4.40181e-011
102.099 -2.39311e-011
102.1 3.89591e-011
102.1 -1.63354e-011
102.1 8.22098e-012
102.1 8.81073e-013
102.1 3.15055e-011
102.1 -1.22711e-011
102.1 4.09628e-011
102.1 4.27818e-011
102.1 -2.60698e-011
102.1 5.42073e-011
102.1 9.57812e-012
102.1 9.38627e-012
102.1 5.59766e-011
102.1 1.35074e-011
102.1 1.67262e-011
102.1 2.6894e-011
102.1 4.34639e-011
102.1 -4.56168e-012
102.1 1.91918e-011
102.1 3.55271e-012
102.1 -2.59348e-012
102.1 2.67661e-011
102.1 1.97602e-011
102.1 3.69624e-011
102.1 1.85807e-011
102.1 -1.16174e-011
102.1 2.30216e-011
102.1 -3.13349e-011
102.1 -4.90488e-011
102.1 1.12692e-011
102.1 -7.12674e-012
102.1 3.94778e-011
102.1 -3.7538e-011
102.1 -2.06271e-011
102.1 -3.02052e-011
102.1 -3.14415e-011
102.1 3.8554e-011
102.1 3.88667e-012
102.1 -4.25757e-011
102.1 1.12905e-011
102.1 -5.13865e-011
102.101 -2.45777e-011
102.101 5.0747e-011
102.101 3.0532e-011
102.101 -2.23324e-011
102.101 5.11022e-011
102.101 7.17648e-012
102.101 1.56604e-011
102.101 2.13305e-011
102.101 5.45697e-012
102.101 -2.89901e-011
102.101 3.16831e-011
102.101 1.70814e-011
102.101 8.18545e-012
102.101 -2.95515e-011
102.101 -2.02647e-011
102.101 -3.54916e-011
102.101 -2.50111e-011
102.101 1.78062e-011
102.101 1.92628e-011
102.101 -1.37774e-011
102.101 -1.328e-011
102.101 3.48308e-011
102.101 -3.11786e-011
102.101 -2.4869e-013
102.101 -3.41629e-011
102.101 -6.01261e-011
102.101 -2.25242e-012
102.101 -8.88178e-012
102.101 -2.10321e-012
102.101 8.3844e-012
102.102 -2.16787e-011
102.102 -1.81899e-011
102.102 -2.49472e-011
102.102 6.60805e-013
102.102 -1.83462e-011
102.102 -2.67164e-012
102.102 2.19202e-011
102.102 1.09992e-011
102.102 2.10107e-011
102.102 2.67164e-011
102.102 -1.39835e-011
102.102 -2.6013e-011
102.102 -2.76401e-012
102.102 5.06475e-011
102.102 4.68958e-012
102.102 -1.44738e-011
102.102 -2.74696e-011
102.102 4.33928e-011
102.102 -4.04086e-011
102.102 2.89049e-011
102.102 6.19238e-011
102.102 -4.23483e-011
102.102 -9.31522e-012
102.102 2.15366e-011
102.102 8.55493e-012
102.103 -5.00435e-011
102.103 -7.07701e-012
102.103 -3.17613e-012
102.103 -1.30242e-011
102.103 -3.66072e-011
102.103 3.78506e-011
102.103 5.00933e-012
102.103 1.78346e-012
102.103 -2.6283e-011
102.103 -6.12559e-011
102.103 1.43743e-011
102.103 -2.87059e-012
102.103 -3.1612e-011
102.103 -4.34852e-012
102.103 -1.20153e-011
102.103 -1.70957e-011
102.103 4.4551e-011
102.103 5.97566e-012
102.103 -6.03251e-012
102.103 -3.21805e-011
102.103 1.39835e-011
102.103 4.4551e-012
102.104 -5.90887e-011
102.104 1.22355e-011
102.104 -3.07452e-011
102.104 -8.896e-012
102.104 -3.46176e-011
102.104 -2.07478e-012
102.104 6.37783e-011
102.104 3.30402e-012
102.104 1.84954e-011
102.104 -3.71543e-011
102.104 -1.26619e-011
102.104 -8.88178e-013
102.104 -1.89857e-011
102.104 3.86535e-012
102.104 2.44569e-011
102.104 4.15596e-011
102.104 3.78719e-011
102.104 1.56959e-011
102.104 2.96509e-011
102.104 -5.98348e-011
102.105 -3.09015e-011
102.105 5.3717e-012
102.105 4.63984e-012
102.105 -2.35687e-011
102.105 -1.8197e-011
102.105 3.3495e-011
102.105 1.77778e-011
102.105 -4.88356e-011
102.105 -5.52092e-012
102.105 -4.7919e-011
102.105 -2.62261e-011
102.105 -3.79572e-011
102.105 -1.84457e-011
102.105 3.82059e-011
102.105 1.50706e-011
102.105 9.86873e-011
102.105 -1.58451e-012
102.105 -3.36087e-012
102.106 -1.11484e-011
102.106 3.11644e-011
102.106 -1.33014e-011
102.106 -2.47979e-012
102.106 -1.75078e-011
102.106 3.65716e-011
102.106 3.85967e-011
102.106 9.41469e-012
102.106 -3.04112e-012
102.106 -1.08784e-011
102.106 -4.21352e-012
102.106 2.28084e-012
102.106 2.04352e-011
102.106 -1.36424e-012
102.106 1.85025e-011
102.106 -3.83551e-011
102.106 4.40181e-011
102.107 -5.58842e-011
102.107 1.42322e-011
102.107 -1.7792e-011
102.107 -6.91998e-011
102.107 3.54561e-012
102.107 -3.89946e-011
102.107 -2.51532e-012
102.107 2.88622e-011
102.107 -3.42411e-011
102.107 1.26477e-011
102.107 -6.32667e-011
102.107 4.61853e-013
102.107 1.93765e-011
102.107 2.44214e-011
102.107 -1.2875e-011
102.108 2.39027e-011
102.108 -3.04397e-011
102.108 3.22586e-012
102.108 1.00044e-011
102.108 -2.53593e-011
102.108 -2.44782e-011
102.108 1.01039e-011
102.108 -2.09326e-011
102.108 9.44311e-012
102.108 -3.63443e-011
102.108 2.9182e-011
102.108 -7.31362e-011
102.108 2.88622e-011
102.108 2.37392e-011
102.108 5.67013e-012
102.109 -1.58522e-011
102.109 -2.02007e-011
102.109 7.05569e-012
102.109 -1.6783e-011
102.109 -2.10179e-011
102.109 1.50706e-011
102.109 2.04068e-011
102.109 -6.17533e-011
102.109 1.15179e-011
102.109 4.95533e-011
102.109 3.90159e-011
102.109 6.21441e-011
102.109 1.2129e-011
102.109 2.49827e-011
102.11 -1.12976e-012
102.11 -5.85203e-011
102.11 2.50964e-011
102.11 -2.55724e-011
102.11 3.72538e-011
102.11 6.55973e-011
102.11 3.52216e-011
102.11 -7.48202e-012
102.11 -1.9611e-012
102.11 2.7967e-011
102.11 4.67324e-011
102.11 2.78035e-011
102.11 -3.73745e-012
102.11 -7.38183e-011
102.111 -1.5234e-011
102.111 1.24842e-011
102.111 3.96909e-011
102.111 1.56462e-011
102.111 5.45555e-011
102.111 -3.47882e-011
102.111 -7.3527e-011
102.111 -1.69749e-011
102.111 -4.77485e-012
102.111 1.49925e-012
102.111 6.29541e-012
102.111 -3.56764e-011
102.111 2.86846e-011
102.112 1.60583e-011
102.112 -1.95115e-011
102.112 3.86038e-011
102.112 -3.54348e-011
102.112 1.11413e-011
102.112 4.40608e-011
102.112 6.19664e-011
102.112 -1.83817e-011
102.112 -2.75122e-011
102.112 -3.63087e-011
102.112 -5.31983e-011
102.112 -5.31131e-011
102.113 -4.37694e-011
102.113 1.02247e-011
102.113 -3.10649e-011
102.113 -2.45137e-012
102.113 -2.48193e-011
102.113 1.70886e-011
102.113 4.49063e-012
102.113 -2.49969e-011
102.113 -1.25624e-011
102.113 -4.88072e-011
102.113 -2.92601e-011
102.113 -2.55937e-011
102.114 6.27409e-012
102.114 -3.74811e-011
102.114 3.30331e-011
102.114 1.16458e-011
102.114 -2.29576e-011
102.114 -1.51772e-011
102.114 2.30713e-011
102.114 -1.55325e-011
102.114 -5.7554e-012
102.114 -1.37206e-011
102.114 -3.91012e-011
102.114 -2.67875e-012
102.115 -5.8975e-013
102.115 -1.1724e-012
102.115 -3.30047e-011
102.115 2.80664e-011
102.115 8.07887e-012
102.115 -4.3741e-011
102.115 -2.61551e-011
102.115 2.00231e-011
102.115 1.61862e-011
102.115 -2.41087e-011
102.115 8.57625e-012
102.116 4.10409e-011
102.116 -6.01119e-012
102.116 -6.94911e-012
102.116 8.97415e-012
102.116 -1.88507e-011
102.116 -1.40261e-011
102.116 4.18225e-011
102.116 1.67404e-011
102.116 1.97673e-011
102.116 -4.19718e-011
102.116 1.4218e-011
102.117 -6.04672e-012
102.117 -1.59304e-011
102.117 -4.7109e-012
102.117 2.24176e-011
102.117 -1.70743e-011
102.117 -3.91296e-011
102.117 -5.60902e-011
102.117 1.82752e-011
102.117 -3.9833e-011
102.117 7.52465e-011
102.118 8.49809e-012
102.118 1.02887e-011
102.118 5.39657e-011
102.118 6.90363e-011
102.118 -4.63984e-012
102.118 3.56408e-011
102.118 5.03562e-011
102.118 -7.82734e-011
102.118 6.77858e-012
102.118 2.74269e-011
102.118 1.95399e-011
102.119 -2.49685e-011
102.119 -2.07834e-011
102.119 -1.37845e-012
102.119 2.42295e-011
102.119 1.72378e-011
102.119 3.29479e-011
102.119 -2.17071e-011
102.119 -4.26326e-011
102.119 -1.23279e-011
102.119 -1.48717e-011
102.12 -2.84217e-011
102.12 5.35465e-011
102.12 -7.20917e-011
102.12 -6.57963e-012
102.12 -6.60094e-012
102.12 -1.93268e-012
102.12 -5.15854e-012
102.12 -3.11715e-011
102.12 -8.81073e-013
102.12 -1.56746e-011
102.121 -4.29736e-011
102.121 6.2073e-011
102.121 -4.51195e-012
102.121 1.18661e-011
102.121 4.65405e-012
102.121 2.47482e-011
102.121 -1.25056e-011
102.121 -1.43388e-011
102.121 4.20854e-011
102.122 -3.64864e-011
102.122 2.91323e-012
102.122 -3.4035e-012
102.122 -1.7053e-013
102.122 -1.36495e-011
102.122 -1.26406e-011
102.122 -2.99565e-011
102.122 5.46692e-011
102.122 -4.63984e-012
102.122 8.76099e-012
102.123 2.84928e-011
102.123 9.52127e-013
102.123 -3.9023e-011
102.123 -4.36984e-012
102.123 -4.583e-011
102.123 -1.29887e-011
102.123 3.16902e-011
102.123 3.75877e-012
102.123 -6.08225e-012
102.124 2.11102e-011
102.124 -1.7387e-011
102.124 -7.31859e-012
102.124 -3.41132e-011
102.124 8.21387e-012
102.124 -4.38476e-011
102.124 8.68994e-012
102.124 -3.12639e-013
102.124 -2.98428e-012
102.125 3.36229e-011
102.125 3.38432e-011
102.125 3.23297e-011
102.125 -8.50733e-011
102.125 -4.13252e-011
102.125 3.78719e-012
102.125 -3.48166e-012
102.125 2.11529e-011
102.125 -1.77565e-011
102.126 2.55085e-011
102.126 4.57021e-011
102.126 -2.12452e-012
102.126 -1.44382e-011
102.126 -3.17115e-011
102.126 -5.16565e-012
102.126 -1.63212e-011
102.126 1.92557e-012
102.127 5.5465e-011
102.127 -1.7387e-011
102.127 -2.3924e-011
102.127 -2.07621e-011
102.127 2.84217e-012
102.127 -2.13305e-011
102.127 -5.03064e-012
102.127 -2.06413e-011
102.127 5.22959e-012
102.128 -2.92886e-011
102.128 6.05525e-011
102.128 1.42677e-011
102.128 -5.98277e-011
102.128 6.942e-012
102.128 -2.06484e-011
102.128 6.04672e-012
102.128 3.29194e-011
102.129 -1.39124e-011
102.129 -6.92779e-012
102.129 2.33058e-011
102.129 4.48779e-011
102.129 -2.54303e-011
102.129 1.62217e-011
102.129 -4.77414e-011
102.129 2.7967e-011
102.13 -4.76632e-011
102.13 -2.61409e-011
102.13 -2.2581e-011
102.13 1.21503e-012
102.13 -3.55698e-011
102.13 1.05302e-011
102.13 -2.79954e-011
102.13 -6.69331e-012
102.131 7.45359e-012
102.131 8.58336e-012
102.131 4.9198e-011
102.131 -1.48503e-011
102.131 -4.59011e-012
102.131 4.3535e-011
102.131 8.15135e-011
102.131 8.0874e-011
102.132 -1.28324e-011
102.132 -3.29337e-011
102.132 2.27871e-011
102.132 -1.10845e-011
102.132 1.8062e-011
102.132 -4.53184e-011
102.132 -5.26512e-012
102.132 -2.16431e-011
102.133 -1.89502e-011
102.133 -2.05063e-011
102.133 5.93516e-011
102.133 7.97229e-012
102.133 -3.44471e-011
102.133 2.50111e-012
102.133 3.26494e-011
102.133 2.82725e-011
102.134 -4.08846e-011
102.134 6.48726e-012
102.134 2.03144e-011
102.134 -3.10294e-011
102.134 -7.25464e-012
102.134 -4.60432e-012
102.134 -3.35021e-011
102.134 -2.25953e-011
102.135 1.45235e-011
102.135 -1.06439e-011
102.135 2.4265e-011
102.135 -5.12301e-012
102.135 9.97602e-012
102.135 -3.99183e-011
102.135 5.79803e-012
102.136 4.04725e-011
102.136 -4.81037e-012
102.136 -4.50129e-011
102.136 4.82032e-011
102.136 2.50111e-011
102.136 1.6648e-011
102.136 -2.71854e-011
102.137 -1.10347e-011
102.137 -3.60174e-011
102.137 -1.22213e-012
102.137 3.24789e-011
102.137 -4.73932e-012
102.137 2.01794e-011
102.137 -6.06022e-011
102.137 -9.15179e-012
102.138 6.77147e-012
102.138 -2.24532e-012
102.138 2.36611e-011
102.138 -3.08873e-011
102.138 -2.6219e-012
102.138 -4.76064e-013
102.138 -2.86846e-011
102.139 2.0222e-011
102.139 2.59774e-011
102.139 -3.62306e-011
102.139 1.62643e-011
102.139 3.50369e-011
102.139 -3.91651e-011
102.139 6.8006e-011
102.14 -2.38316e-011
102.14 1.62004e-011
102.14 -4.39115e-011
102.14 2.65601e-011
102.14 -2.4869e-012
102.14 1.97957e-011
102.14 -4.61071e-011
102.141 5.71418e-011
102.141 -4.70521e-011
102.141 -5.19407e-011
102.141 5.72697e-012
102.141 8.66862e-012
102.141 -2.10818e-011
102.141 3.02407e-011
102.142 4.66969e-011
102.142 1.65912e-011
102.142 -3.83551e-011
102.142 4.84732e-011
102.142 -4.22915e-011
102.142 2.85212e-011
102.142 -1.36779e-011
102.143 7.58149e-012
102.143 3.28697e-011
102.143 -1.75646e-011
102.143 -1.99947e-011
102.143 -7.80176e-012
102.143 1.68114e-011
102.143 1.57385e-011
102.144 -4.73079e-011
102.144 1.68825e-011
102.144 -1.05302e-011
102.144 2.34905e-011
102.144 4.55103e-011
102.144 -5.85487e-011
102.145 -1.39266e-012
102.145 -3.92291e-011
102.145 -5.3646e-012
102.145 -5.71205e-011
102.145 2.58495e-011
102.145 -1.57314e-011
102.145 -8.43414e-012
102.146 -9.166e-012
102.146 -1.86375e-011
102.146 -1.18661e-012
102.146 3.03402e-011
102.146 -2.28582e-011
102.146 -3.73035e-012
102.146 -2.80806e-011
102.147 2.30926e-011
102.147 -7.65255e-012
102.147 -1.91847e-012
102.147 -4.43734e-011
102.147 7.89413e-012
102.147 2.69154e-011
102.148 3.64224e-011
102.148 -5.28644e-011
102.148 -1.71241e-011
102.148 1.85736e-011
102.148 -1.66693e-011
102.148 -9.91918e-012
102.148 3.25286e-011
102.149 -5.17275e-012
102.149 -4.61142e-011
102.149 -4.44089e-012
102.149 -3.83693e-011
102.149 3.40705e-011
102.149 -2.48903e-011
102.15 1.29745e-011
102.15 1.22569e-011
102.15 1.16174e-011
102.15 2.10321e-012
102.15 1.75078e-011
102.15 -6.1867e-011
102.151 3.36726e-011
102.151 -3.07168e-011
102.151 -4.74145e-011
102.151 -1.23634e-011
102.151 -3.36016e-011
102.151 4.421e-011
102.151 -5.41434e-012
102.152 -5.11591e-012
102.152 2.36966e-011
102.152 -4.73577e-011
102.152 -3.43263e-011
102.152 4.60858e-011
102.152 7.47349e-011
102.153 -4.43592e-011
102.153 -3.91083e-011
102.153 -5.91172e-012
102.153 -1.50351e-011
102.153 -4.36202e-011
102.153 -2.6759e-011
102.154 2.08047e-011
102.154 -2.36327e-011
102.154 5.11591e-013
102.154 7.8515e-012
102.154 1.71241e-011
102.154 6.46381e-011
102.155 -5.41718e-011
102.155 3.7808e-011
102.155 -3.6664e-012
102.155 -7.09406e-011
102.155 -5.47118e-012
102.155 -3.33955e-012
102.156 -2.0421e-011
102.156 -3.45466e-011
102.156 -4.80327e-012
102.156 6.67626e-011
102.156 -6.68621e-011
102.156 -3.84119e-011
102.157 -6.09219e-011
102.157 -6.01972e-011
102.157 2.20695e-011
102.157 3.49587e-012
102.157 -1.0175e-011
102.157 -3.31966e-011
102.158 -7.50333e-012
102.158 -1.1255e-011
102.158 -2.31353e-011
102.158 3.31113e-012
102.158 1.77351e-011
102.158 4.97664e-011
102.159 3.60529e-011
102.159 -2.81801e-011
102.159 -1.92131e-011
102.159 4.14957e-012
102.159 5.60902e-011
102.159 4.20641e-011
102.16 -2.79101e-011
102.16 -2.51674e-011
102.16 -3.3225e-011
102.16 5.54223e-013
102.16 -3.9222e-011
102.161 -4.81748e-012
102.161 -1.00329e-011
102.161 -5.36744e-011
102.161 -4.55316e-011
102.161 -8.06324e-011
102.161 -5.94866e-011
102.162 -2.04778e-011
102.162 -8.12861e-012
102.162 -2.89191e-011
102.162 2.65743e-012
102.162 2.89901e-011
102.162 -2.07336e-011
102.163 7.21911e-012
102.163 -1.00897e-012
102.163 2.16431e-011
102.163 -1.27187e-011
102.163 -1.41966e-011
102.164 -3.85114e-012
102.164 -8.02913e-012
102.164 -2.14584e-012
102.164 2.88622e-011
102.164 -1.0175e-011
102.164 -8.41283e-012
102.165 1.28182e-011
102.165 5.65592e-012
102.165 1.53619e-011
102.165 -2.09326e-011
102.165 -3.79288e-011
102.165 -7.43512e-011
102.166 -1.5433e-011
102.166 3.28129e-011
102.166 -3.28271e-011
102.166 -4.31584e-011
102.166 -5.09885e-011
102.167 2.01368e-011
102.167 -1.08145e-011
102.167 -2.12594e-011
102.167 -3.29692e-012
102.167 -1.31024e-011
102.167 5.25802e-011
102.168 -4.29026e-011
102.168 -1.50067e-011
102.168 5.84066e-012
102.168 4.73221e-012
102.168 -4.65405e-011
102.169 3.5854e-011
102.169 -3.57403e-011
102.169 -2.64606e-011
102.169 1.0246e-011
102.169 -3.47313e-011
102.17 -6.5512e-012
102.17 -4.44516e-011
102.17 4.82316e-011
102.17 -6.22151e-011
102.17 2.04636e-011
102.17 5.82787e-011
102.171 3.64793e-011
102.171 -1.77636e-012
102.171 6.63363e-011
102.171 1.59162e-011
102.171 -2.87912e-011
102.172 -1.09139e-011
102.172 -2.72991e-011
102.172 -2.71427e-011
102.172 -6.58531e-011
102.172 -4.87432e-012
102.173 -7.30438e-012
102.173 5.06901e-011
102.173 -3.23013e-011
102.173 -1.55609e-011
102.173 -8.82494e-012
102.173 -1.0516e-011
102.174 -1.79199e-011
102.174 0
102.174 1.40972e-011
102.174 1.32587e-011
102.174 2.13589e-011
102.175 4.33431e-012
102.175 3.42908e-011
102.175 1.0715e-011
102.175 -1.19513e-011
102.175 -7.16227e-012
102.176 -6.46168e-011
102.176 -2.13873e-011
102.176 9.9476e-012
102.176 1.14113e-011
102.176 -1.77636e-012
102.177 1.10418e-011
102.177 5.99272e-011
102.177 -3.70619e-011
102.177 3.69198e-011
102.177 2.90328e-011
102.178 -1.9682e-011
102.178 -1.66835e-011
102.178 1.79483e-011
102.178 1.70104e-011
102.178 -4.60858e-011
102.179 -2.10463e-011
102.179 -3.5385e-011
102.179 -1.02176e-011
102.179 -1.08002e-012
102.179 3.10365e-011
102.18 -4.38121e-011
102.18 2.83507e-011
102.18 -6.2613e-011
102.18 -1.93552e-011
102.18 -7.77334e-012
102.181 -1.82894e-011
102.181 8.36451e-011
102.181 -1.66835e-011
102.181 -3.54987e-011
102.181 -2.01936e-011
102.182 -2.10321e-012
102.182 -1.44098e-011
102.182 -5.84919e-011
102.182 -1.97531e-012
102.182 -4.20926e-011
102.183 8.18545e-012
102.183 5.17417e-011
102.183 -5.65166e-011
102.183 -2.26805e-011
102.183 -1.29319e-011
102.184 -2.95159e-011
102.184 -4.79901e-011
102.184 5.96856e-013
102.184 -6.06377e-011
102.184 2.66738e-011
102.185 2.79954e-011
102.185 1.79057e-012
102.185 3.91083e-011
102.185 -4.45226e-011
102.185 -2.54943e-011
102.186 1.97247e-011
102.186 -1.11982e-011
102.186 -2.70006e-011
102.186 -5.03206e-011
102.186 -1.67688e-011
102.187 -3.15623e-011
102.187 -2.17284e-011
102.187 2.9118e-011
102.187 -3.35234e-011
102.187 -3.50724e-011
102.188 3.03402e-011
102.188 -2.18279e-011
102.188 -2.52953e-012
102.188 -9.56391e-012
102.189 -1.83462e-011
102.189 1.90141e-011
102.189 5.79803e-011
102.189 2.41869e-011
102.189 -1.84173e-011
102.19 3.85398e-011
102.19 -3.58966e-011
102.19 1.04876e-011
102.19 1.20366e-011
102.19 -2.94023e-011
102.191 5.7554e-012
102.191 4.96954e-011
102.191 3.52429e-011
102.191 -4.96669e-011
102.191 7.30864e-011
102.192 4.29168e-012
102.192 -2.63753e-011
102.192 -5.81935e-011
102.192 -6.5242e-011
102.193 -4.41105e-011
102.193 9.0381e-012
102.193 -9.05231e-012
102.193 2.23963e-011
102.193 -1.1795e-012
102.194 -2.16858e-011
102.194 -4.07425e-011
102.194 4.20641e-012
102.194 2.36469e-011
102.194 2.5679e-011
102.195 1.32871e-011
102.195 3.29123e-011
102.195 3.68345e-011
102.195 7.54596e-011
102.196 -1.32161e-012
102.196 8.62599e-012
102.196 -2.42153e-011
102.196 -1.03029e-011
102.196 1.20082e-011
102.197 3.79714e-011
102.197 -1.36282e-011
102.197 -3.91225e-011
102.197 4.10694e-012
102.198 1.4893e-011
102.198 -1.78915e-011
102.198 -2.9388e-011
102.198 -7.36549e-011
102.198 5.27933e-011
102.199 -4.27605e-011
102.199 5.82645e-012
102.199 -9.20579e-011
102.199 -8.24798e-011
102.2 1.32161e-012
102.2 -4.448e-012
102.2 -4.78622e-011
102.2 4.54179e-011
102.2 4.44373e-011
102.201 -1.46514e-011
102.201 1.36424e-012
102.201 -4.18652e-011
102.201 -4.20357e-011
102.202 4.53326e-012
102.202 -1.8332e-012
102.202 -5.13154e-011
102.202 -2.27516e-011
102.202 -2.78817e-011
102.203 2.60911e-011
102.203 1.69962e-011
102.203 1.73372e-011
102.203 2.69864e-011
102.204 2.04636e-012
102.204 1.73941e-011
102.204 1.36993e-011
102.204 4.83737e-011
102.204 8.40288e-011
102.205 -1.98952e-013
102.205 -8.34177e-012
102.205 -1.67972e-011
102.205 -3.49445e-011
102.206 2.49401e-011
102.206 -2.78959e-011
102.206 -4.51195e-011
102.206 1.5234e-011
102.207 -6.07798e-011
102.207 -5.76961e-011
102.207 -2.84359e-011
102.207 1.67546e-011
102.207 1.62004e-011
102.208 -2.84217e-014
102.208 -1.2264e-011
102.208 3.93925e-011
102.208 1.49498e-011
102.209 3.34524e-011
102.209 -1.45377e-011
102.209 1.99236e-011
102.209 -1.85594e-011
102.21 -7.88702e-012
102.21 6.32667e-011
102.21 -2.72138e-011
102.21 -3.52429e-012
102.21 -4.64695e-012
102.211 -6.6791e-012
102.211 -5.83498e-011
102.211 -1.45945e-011
102.211 -4.64695e-012
102.212 -4.88427e-011
102.212 -3.85114e-011
102.212 -7.95808e-012
102.212 3.36513e-011
102.213 1.39977e-011
102.213 -6.35083e-011
102.213 6.15046e-011
102.213 -2.96865e-011
102.214 -2.94875e-011
102.214 1.67546e-011
102.214 -1.68114e-011
102.214 3.32534e-011
102.214 -9.8197e-012
102.215 -5.60618e-011
102.215 1.06724e-011
102.215 -3.78861e-011
102.215 3.21165e-011
102.216 -2.16005e-012
102.216 -3.81561e-011
102.216 4.67963e-011
102.216 -4.9738e-012
102.217 -1.05018e-011
102.217 -3.38645e-011
102.217 4.86011e-012
102.217 2.13447e-011
102.218 1.60298e-011
102.218 -3.00275e-011
102.218 -6.56684e-011
102.218 -2.5878e-011
102.219 1.73372e-011
102.219 -5.4726e-011
102.219 -4.28173e-011
102.219 -6.4091e-012
102.22 -3.97335e-011
102.22 4.61284e-011
102.22 1.1724e-011
102.22 -1.56604e-011
102.221 -9.52127e-013
102.221 -1.84315e-011
102.221 1.29603e-011
102.221 2.95159e-011
102.221 3.2685e-011
102.222 -1.39266e-012
102.222 -3.27418e-011
102.222 -6.2812e-012
102.222 -1.25766e-011
102.223 5.02638e-011
102.223 -1.14255e-011
102.223 -5.74403e-011
102.223 -2.64322e-011
102.224 -1.38698e-011
102.224 2.57643e-011
102.224 1.53619e-011
102.224 1.54472e-011
102.225 -1.33724e-011
102.225 5.09743e-011
102.225 -8.19824e-011
102.225 6.45173e-011
102.226 -3.43618e-011
102.226 -1.05018e-011
102.226 8.22808e-012
102.226 1.39835e-011
102.227 -3.24007e-011
102.227 -1.25908e-011
102.227 1.90852e-011
102.227 1.03455e-011
102.228 -3.16902e-011
102.228 2.05773e-011
102.228 -4.13536e-012
102.228 -5.59766e-011
102.229 -1.62146e-011
102.229 2.01084e-011
102.229 7.0699e-011
102.229 -1.23208e-011
102.23 -3.30402e-011
102.23 -9.23279e-011
102.23 3.8483e-011
102.23 8.04334e-012
102.231 -5.69855e-011
102.231 -1.41966e-011
102.231 -5.52802e-011
102.231 -1.13261e-011
102.232 2.64464e-011
102.232 -3.38787e-011
102.232 4.49063e-012
102.233 2.7967e-011
102.233 1.46372e-012
102.233 9.21148e-011
102.233 1.58451e-011
102.234 -4.21494e-011
102.234 4.41531e-011
102.234 -1.31166e-011
102.234 -1.32175e-010
102.235 3.71614e-011
102.235 1.11839e-011
102.235 5.61329e-012
102.235 -5.31486e-012
102.236 3.30971e-011
102.236 -4.62137e-011
102.236 2.20126e-011
102.236 2.80096e-011
102.237 2.97149e-011
102.237 -6.93348e-011
102.237 2.57216e-011
102.237 3.92504e-011
102.238 2.17852e-011
102.238 1.37135e-011
102.238 -6.84253e-011
102.238 -2.70433e-011
102.239 1.09139e-011
102.239 2.93028e-011
102.239 1.57883e-011
102.24 9.44169e-011
102.24 3.09228e-011
102.24 6.36504e-011
102.24 4.27747e-011
102.241 -3.14344e-011
102.241 -2.36753e-011
102.241 3.09655e-011
102.241 1.85736e-011
102.242 -5.05764e-011
102.242 -9.56391e-012
102.242 9.24274e-011
102.242 -1.91562e-011
102.243 -2.29363e-011
102.243 -4.90274e-012
102.243 2.305e-011
102.243 9.18021e-012
102.244 -1.9952e-011
102.244 8.01919e-011
102.244 -1.46798e-011
102.245 1.98952e-013
102.245 -8.72831e-011
102.245 -2.413e-011
102.245 -1.33724e-011
102.246 -1.53904e-011
102.246 2.75975e-011
102.246 5.40581e-011
102.246 -6.27125e-011
102.247 6.76437e-012
102.247 2.0421e-011
102.247 -5.13438e-011
102.248 -2.52953e-012
102.248 -3.48592e-011
102.248 -1.31024e-011
102.248 3.93925e-011
102.249 -8.83915e-012
102.249 -6.09646e-011
102.249 -2.91323e-012
102.249 4.30447e-011
102.25 8.09592e-011
102.25 -5.05054e-011
102.25 -6.16325e-011
102.251 1.06866e-011
102.251 -5.30065e-012
102.251 -7.07701e-012
102.251 -2.93738e-011
102.252 -1.24345e-011
102.252 4.09131e-011
102.252 6.77858e-012
102.252 1.08997e-011
102.253 1.02318e-012
102.253 8.93863e-012
102.253 4.76348e-011
102.254 -4.63274e-012
102.254 5.56071e-011
102.254 2.73701e-011
102.254 2.64748e-011
102.255 1.01323e-011
102.255 2.02078e-011
102.255 -2.04778e-011
102.255 4.04725e-011
102.256 -7.05143e-011
102.256 -1.36708e-011
102.256 -4.25757e-011
102.257 -5.18696e-011
102.257 -1.98384e-011
102.257 2.75833e-011
102.257 -1.53619e-011
102.258 -6.46594e-012
102.258 -4.62421e-011
102.258 5.85345e-011
102.259 7.82308e-011
102.259 -1.48077e-011
102.259 -3.7744e-011
102.259 -4.79048e-011
102.26 -5.5806e-011
102.26 -3.12639e-012
102.26 -1.63993e-011
102.26 -2.54232e-011
102.261 4.12683e-011
102.261 -3.15765e-011
102.261 2.91323e-012
102.262 1.75078e-011
102.262 5.06191e-011
102.262 1.47793e-011
102.262 6.79421e-011
102.263 5.45128e-011
102.263 -4.70379e-011
102.263 3.8483e-011
102.264 -2.2581e-011
102.264 7.41807e-012
102.264 -1.59019e-011
102.264 -1.35998e-011
102.265 -5.29496e-011
102.265 2.79954e-011
102.265 -5.92451e-011
102.266 1.63425e-012
102.266 -7.06848e-011
102.266 2.63469e-011
102.266 2.82512e-011
102.267 -2.60059e-012
102.267 -8.22808e-012
102.267 2.71143e-011
102.268 3.85114e-012
102.268 -2.12452e-011
102.268 2.24532e-012
102.268 5.55644e-011
102.269 -1.12692e-011
102.269 2.38032e-011
102.269 -1.69535e-011
102.27 -8.48388e-012
102.27 -9.80549e-012
102.27 -3.09086e-011
102.27 -7.69234e-011
102.271 9.86233e-012
102.271 2.51106e-011
102.271 2.36184e-011
102.272 -4.00746e-011
102.272 -1.24345e-011
102.272 -5.12159e-011
102.273 3.98614e-011
102.273 -1.30882e-011
102.273 -4.71516e-011
102.273 2.16858e-011
102.274 -1.98384e-011
102.274 1.04905e-010
102.274 1.2335e-011
102.275 4.51905e-011
102.275 -3.58682e-011
102.275 1.39124e-011
102.275 -6.28262e-011
102.276 4.17799e-012
102.276 1.87441e-011
102.276 -2.45421e-011
102.277 -3.71756e-011
102.277 -4.14673e-011
102.277 2.6958e-011
102.278 -2.01652e-011
102.278 -1.05302e-011
102.278 -2.2311e-011
102.278 -5.46123e-011
102.279 4.92975e-011
102.279 1.34577e-011
102.279 -2.09042e-011
102.28 -5.12586e-011
102.28 1.14824e-011
102.28 3.07381e-011
102.281 -2.20695e-011
102.281 2.61906e-011
102.281 -1.92557e-011
102.281 -6.807e-012
102.282 -8.81073e-012
102.282 5.27933e-011
102.282 -4.11262e-011
102.283 3.51719e-011
102.283 2.95302e-011
102.283 4.66116e-011
102.284 6.75016e-012
102.284 3.28129e-011
102.284 -1.38272e-011
102.284 -1.22355e-011
102.285 -4.06146e-011
102.285 5.21965e-011
102.285 -9.66338e-012
102.286 1.13118e-011
102.286 5.7625e-011
102.286 5.83356e-011
102.287 2.86633e-011
102.287 3.4504e-011
102.287 1.20792e-012
102.287 -1.21076e-011
102.288 2.35048e-011
102.288 -9.06368e-011
102.288 9.09495e-013
102.289 -4.92975e-011
102.289 1.60725e-011
102.289 -1.50067e-011
102.29 -5.40865e-011
102.29 5.20401e-011
102.29 3.88525e-011
102.291 2.72706e-011
102.291 -5.9984e-011
102.291 1.88294e-011
102.291 -5.50386e-011
102.292 -4.98659e-011
102.292 -5.45555e-011
102.292 5.11591e-011
102.293 1.40687e-012
102.293 4.64269e-011
102.293 1.3074e-011
102.294 -5.21538e-012
102.294 -5.30207e-011
102.294 -3.79998e-011
102.295 5.00222e-012
102.295 -2.81801e-011
102.295 -4.94964e-011
102.295 1.81473e-011
102.296 5.04201e-011
102.296 3.98757e-011
102.296 4.88853e-012
102.297 -6.78568e-011
102.297 -8.63736e-011
102.297 -3.30829e-011
102.298 -7.33706e-011
102.298 -9.54969e-012
102.298 4.90132e-011
102.299 5.31628e-011
102.299 1.63709e-011
102.299 1.53619e-011
102.3 4.24194e-011
102.3 1.80478e-011
102.3 -4.05294e-011
102.3 5.56071e-011
102.301 -4.41815e-011
102.301 1.40119e-011
102.301 -2.27658e-011
102.302 3.19176e-011
102.302 1.42109e-013
102.302 2.17e-011
102.303 7.80176e-011
102.303 6.29541e-012
102.303 -6.86242e-011
102.304 -5.01075e-011
102.304 -1.50919e-011
102.304 -7.81171e-011
102.305 7.82308e-011
102.305 -1.68683e-011
102.305 1.31877e-011
102.306 6.84111e-011
102.306 -1.04606e-010
102.306 2.12594e-011
102.306 -7.97229e-012
102.307 1.82467e-011
102.307 4.04725e-011
102.307 -3.22729e-011
102.308 -5.42855e-012
102.308 -1.68114e-011
102.308 -2.11742e-011
102.309 3.76446e-011
102.309 6.96048e-011
102.309 -1.88578e-011
102.31 7.25606e-011
102.31 -5.5465e-011
102.31 5.27933e-011
102.311 -5.4186e-011
102.311 -5.85345e-011
102.311 4.06573e-011
102.312 5.81366e-011
102.312 -1.07576e-011
102.312 -2.11742e-012
102.313 2.87059e-012
102.313 4.53753e-011
102.313 4.40252e-011
102.314 -3.37366e-011
102.314 -5.61045e-011
102.314 4.73506e-011
102.315 7.3328e-011
102.315 3.41771e-011
102.315 -4.93117e-011
102.316 -1.0445e-011
102.316 3.2685e-011
102.316 -5.29639e-011
102.317 -1.04606e-010
102.317 5.17559e-011
102.317 -7.13385e-012
102.317 1.56177e-011
102.318 -3.5584e-011
102.318 -1.23777e-011
102.318 -5.29354e-011
102.319 8.91589e-011
102.319 -2.53095e-011
102.319 -1.60014e-011
102.32 3.49161e-011
102.32 -2.86491e-011
102.32 9.38627e-011
102.321 3.86535e-011
102.321 -5.88614e-011
102.321 2.78106e-011
102.322 -5.02354e-011
102.322 -5.85061e-011
102.322 2.19842e-011
102.323 5.52802e-012
102.323 3.31823e-011
102.323 -3.99041e-011
102.324 3.89377e-012
102.324 -2.16858e-011
102.324 2.54659e-011
102.325 -3.12781e-011
102.325 1.07789e-010
102.325 -9.28964e-011
102.326 1.63709e-011
102.326 -2.09326e-011
102.326 -9.57954e-011
102.327 7.24754e-012
102.327 -1.41824e-011
102.327 -9.59233e-011
102.328 -1.27315e-010
102.328 1.45661e-011
102.328 1.67972e-011
102.329 3.96767e-011
102.329 8.42988e-011
102.329 -1.88436e-011
102.33 2.99707e-011
102.33 -1.78062e-011
102.33 -1.05928e-010
102.331 -2.44427e-011
102.331 1.67972e-011
102.331 -4.68106e-011
102.332 -1.22213e-012
102.332 4.27178e-011
102.333 -5.38734e-011
102.333 4.89848e-011
102.333 1.0985e-011
102.334 9.00826e-011
102.334 3.59961e-011
102.334 3.35092e-011
102.335 -1.74083e-011
102.335 -8.6402e-012
102.335 -2.32205e-011
102.336 4.65974e-011
102.336 -4.2462e-011
102.336 3.59535e-011
102.337 2.42011e-011
102.337 3.28839e-011
102.337 5.32907e-012
102.338 1.58025e-011
102.338 1.71951e-012
102.338 3.53424e-011
102.339 -1.32729e-011
102.339 -5.05622e-011
102.339 3.66498e-011
102.34 7.05001e-011
102.34 -2.27089e-011
102.34 -8.3233e-011
102.341 -5.49534e-011
102.341 3.76303e-011
102.341 -6.726e-011
102.342 -5.25802e-011
102.342 3.93641e-012
102.342 -1.82894e-011
102.343 1.39977e-011
102.343 -2.92033e-011
102.343 -1.92557e-011
102.344 -2.72138e-011
102.344 6.14193e-011
102.345 4.13536e-011
102.345 6.63505e-011
102.345 3.48166e-012
102.346 -2.48264e-011
102.346 -5.23954e-011
102.346 -5.89324e-011
102.347 -1.01821e-010
102.347 1.95115e-011
102.347 2.71854e-011
102.348 1.96252e-011
102.348 1.06581e-012
102.348 -9.13758e-012
102.349 6.90221e-011
102.349 -2.77112e-012
102.349 -1.48646e-011
102.35 2.98428e-013
102.35 -1.62146e-011
102.35 1.13118e-011
102.351 4.40963e-011
102.351 1.35856e-011
102.352 -5.55644e-011
102.352 -2.57216e-012
102.352 -2.57359e-011
102.353 2.37037e-011
102.353 -4.8729e-011
102.353 1.66125e-011
102.354 -2.66169e-011
102.354 4.71232e-011
102.354 4.61142e-011
102.355 1.19655e-011
102.355 -7.28875e-011
102.355 -3.9293e-011
102.356 4.12115e-012
102.356 5.32765e-011
102.356 2.05915e-011
102.357 -3.80851e-012
102.357 -3.92646e-011
102.358 -7.07701e-012
102.358 -7.77334e-012
102.358 1.29887e-011
102.359 2.8848e-011
102.359 -3.64508e-011
102.359 -7.38254e-011
102.36 -5.7554e-012
102.36 2.72848e-011
102.36 -8.43841e-011
102.361 8.48388e-012
102.361 5.77955e-011
102.362 -7.13385e-012
102.362 3.2415e-011
102.362 3.99183e-011
102.363 2.7029e-011
102.363 -6.71463e-011
102.363 -2.08047e-011
102.364 2.13447e-011
102.364 4.54889e-011
102.364 -2.53237e-011
102.365 2.00373e-012
102.365 -1.55609e-011
102.365 3.19744e-012
102.366 -1.07178e-010
102.366 1.07704e-010
102.367 -2.5878e-011
102.367 -7.20206e-011
102.367 1.8062e-011
102.368 -4.85159e-011
102.368 5.65166e-011
102.368 4.61995e-011
102.369 4.69385e-011
102.369 3.45324e-011
102.369 3.35376e-012
102.37 -6.52562e-011
102.37 1.47224e-011
102.371 1.23208e-011
102.371 4.8729e-011
102.371 4.73932e-011
102.372 7.0159e-011
102.372 -2.04352e-011
102.372 4.583e-011
102.373 -2.27942e-011
102.373 -1.06795e-010
102.374 2.23679e-011
102.374 -5.54934e-011
102.374 4.2391e-011
102.375 -9.81544e-011
102.375 4.29736e-011
102.375 5.74829e-011
102.376 6.25135e-011
102.376 1.41114e-011
102.376 5.51097e-011
102.377 2.75264e-011
102.377 -4.21352e-011
102.378 -1.30171e-011
102.378 -6.81695e-011
102.378 -6.96332e-012
102.379 -4.17941e-011
102.379 -7.78755e-012
102.379 1.07008e-011
102.38 9.08074e-012
102.38 -4.41531e-011
102.381 7.19211e-011
102.381 -1.14142e-010
102.381 -6.0524e-011
102.382 8.95e-011
102.382 6.807e-012
102.382 -3.28981e-011
102.383 -1.30598e-011
102.383 -3.2685e-013
102.384 -7.06279e-012
102.384 1.59872e-011
102.384 1.89004e-012
102.385 -5.43707e-011
102.385 -2.16858e-011
102.385 -2.60627e-011
102.386 1.85025e-011
102.386 -5.37739e-011
102.387 1.89715e-011
102.387 -8.66862e-013
102.387 -5.85345e-011
102.388 -5.44276e-012
102.388 -7.2049e-012
102.388 -1.19371e-012
102.389 2.10463e-011
102.389 7.11964e-012
102.39 -4.34568e-011
102.39 -2.14015e-011
102.39 1.24928e-010
102.391 -8.0874e-011
102.391 3.97904e-011
102.391 -6.86384e-011
102.392 -3.58824e-011
102.392 -3.05818e-011
102.393 2.84217e-014
102.393 -1.36851e-011
102.393 2.60201e-011
102.394 -3.14628e-011
102.394 7.38964e-013
102.395 -1.21929e-011
102.395 -1.08159e-010
102.395 3.2145e-011
102.396 -6.58957e-011
102.396 1.19798e-011
102.396 -4.01457e-011
102.397 -5.17986e-011
102.397 -5.77813e-011
102.398 -1.93126e-011
102.398 -1.45519e-011
102.398 -2.89333e-011
102.399 -2.28084e-011
102.399 3.93641e-011
102.399 -2.22826e-011
102.4 4.33431e-011
102.4 -3.86535e-011
102.401 3.41061e-011
102.401 7.90124e-011
102.401 1.80052e-011
102.402 -8.61178e-012
102.402 -5.1557e-011
102.403 4.81748e-012
102.403 8.923e-011
102.403 -8.04761e-011
102.404 -8.47677e-011
102.404 -3.2685e-011
102.405 -4.637e-011
102.405 -2.18137e-011
102.405 8.94715e-011
102.406 -3.57261e-011
102.406 4.67821e-011
102.406 -3.68061e-012
102.407 8.25935e-011
102.407 2.56506e-011
102.408 7.38964e-013
102.408 8.17408e-011
102.408 1.09424e-012
102.409 -1.50209e-011
102.409 -3.36229e-011
102.41 7.71649e-011
102.41 4.43237e-011
102.41 9.166e-012
102.411 5.71134e-011
102.411 3.97478e-011
102.412 4.02025e-011
102.412 -3.41061e-011
102.412 3.79146e-011
102.413 4.1382e-011
102.413 -6.60805e-011
102.414 -1.35728e-010
102.414 -6.10356e-011
102.414 -8.32756e-012
102.415 -1.31877e-011
102.415 -1.00329e-011
102.415 3.65787e-011
102.416 -3.1946e-011
102.416 3.03402e-011
102.417 8.95e-011
102.417 1.39266e-012
102.417 -2.74838e-011
102.418 2.40163e-012
102.418 -4.07141e-011
102.419 2.66027e-011
102.419 -1.17424e-010
102.419 4.24905e-011
102.42 -2.19842e-011
102.42 3.18323e-012
102.421 6.6521e-011
102.421 -5.53797e-011
102.421 1.78346e-011
102.422 1.04308e-011
102.422 -1.6442e-011
102.423 2.36611e-011
102.423 -2.20695e-011
102.423 -3.35234e-011
102.424 -7.23333e-012
102.424 -3.64508e-011
102.425 1.80052e-011
102.425 -3.52998e-011
102.425 -8.46967e-011
102.426 -4.35421e-011
102.426 -2.44995e-011
102.427 -2.5139e-011
102.427 -2.20268e-011
102.427 1.76783e-011
102.428 -8.26077e-011
102.428 -6.16183e-011
102.429 -2.48406e-011
102.429 1.35287e-011
102.429 3.57545e-011
102.43 7.95808e-013
102.43 -1.05587e-011
102.431 4.01457e-011
102.431 8.33325e-011
102.432 5.25802e-011
102.432 -3.80851e-011
102.432 5.55644e-011
102.433 -1.4424e-011
102.433 -6.26557e-011
102.434 2.44853e-011
102.434 1.03455e-011
102.434 2.53806e-011
102.435 -1.79057e-012
102.435 -2.34479e-011
102.436 -9.41611e-011
102.436 -2.99707e-011
102.436 -2.55653e-011
102.437 9.33227e-011
102.437 2.09184e-011
102.438 1.82752e-011
102.438 7.7307e-012
102.438 3.87814e-011
102.439 2.89333e-011
102.439 -4.05578e-011
102.44 -2.47127e-011
102.44 5.25802e-012
102.44 -7.83729e-011
102.441 7.83018e-012
102.441 8.37304e-011
102.442 -2.9388e-011
102.442 -8.71978e-011
102.443 6.94911e-012
102.443 2.04352e-011
102.443 -9.6918e-012
102.444 -8.28351e-011
102.444 3.36513e-011
102.445 1.62146e-011
102.445 3.32676e-011
102.445 -5.95435e-011
102.446 -5.23244e-011
102.446 -2.68443e-011
102.447 4.1382e-011
102.447 -5.05622e-011
102.448 3.88951e-011
102.448 2.6759e-011
102.448 -7.24185e-011
102.449 2.00941e-011
102.449 4.00888e-011
102.45 4.29594e-011
102.45 1.84031e-011
102.45 -7.88702e-011
102.451 -8.96563e-011
102.451 -5.48681e-011
102.452 -9.64491e-011
102.452 -1.63141e-011
102.453 -2.45279e-011
102.453 -1.07136e-010
102.453 2.47269e-011
102.454 -5.01359e-011
102.454 1.04876e-011
102.455 6.68336e-011
102.455 3.48734e-011
102.455 1.72093e-011
102.456 -9.9476e-013
102.456 -2.50537e-011
102.457 5.05054e-011
102.457 2.43148e-011
102.458 -7.02016e-012
102.458 -1.00343e-010
102.458 3.72324e-012
102.459 -3.09228e-011
102.459 -2.38458e-011
102.46 2.28653e-011
102.46 -3.0397e-011
102.461 4.21068e-011
102.461 4.691e-011
102.461 -1.64846e-011
102.462 8.54072e-012
102.462 1.36282e-011
102.463 7.20064e-011
102.463 1.04876e-010
102.463 7.3328e-012
102.464 -6.5711e-011
102.464 -2.31353e-011
102.465 -9.26832e-011
102.465 2.224e-011
102.466 -4.09131e-011
102.466 6.915e-011
102.466 -3.72324e-012
102.467 -3.9833e-011
102.467 5.91598e-011
102.468 6.0254e-011
102.468 -3.83693e-012
102.469 -1.60583e-011
102.469 -2.54374e-011
102.469 1.59446e-011
102.47 -3.34666e-011
102.47 -4.12257e-011
102.471 -1.02361e-010
102.471 8.80647e-011
102.472 -4.23341e-011
102.472 5.6545e-011
102.472 -3.12781e-011
102.473 2.48406e-011
102.473 -5.67724e-011
102.474 1.63851e-011
102.474 -4.53753e-011
102.475 1.53477e-012
102.475 -6.90363e-011
102.475 5.71987e-011
102.476 -1.41824e-011
102.476 -2.64322e-012
102.477 5.44702e-011
102.477 -4.04157e-011
102.478 5.61755e-011
102.478 -7.60991e-011
102.478 -1.98668e-011
102.479 -1.5703e-011
102.479 -6.2542e-011
102.48 4.29452e-011
102.48 -9.37774e-011
102.481 -2.83649e-011
102.481 -4.2121e-011
102.482 -3.44897e-011
102.482 4.43805e-011
102.482 2.40306e-011
102.483 9.80549e-012
102.483 -1.39266e-012
102.484 -1.60583e-011
102.484 -3.23013e-011
102.485 -7.14806e-012
102.485 -6.0183e-011
102.485 5.73408e-011
102.486 -7.62981e-011
102.486 -5.4726e-011
102.487 -1.07576e-011
102.487 -1.39693e-011
102.488 5.88329e-011
102.488 -9.38343e-011
102.489 -5.57918e-011
102.489 6.09788e-011
102.489 5.05622e-011
102.49 -7.95524e-011
102.49 -1.98384e-011
102.491 -8.06892e-011
102.491 -2.98854e-011
102.492 8.54357e-011
102.492 -5.18412e-011
102.492 -1.0462e-010
102.493 -1.24629e-011
102.493 -6.90505e-011
102.494 6.22435e-012
102.494 -7.70939e-011
102.495 4.20215e-011
102.495 -2.53806e-011
102.496 -2.95017e-011
102.496 -3.57687e-011
102.496 -2.59774e-011
102.497 -2.99423e-011
102.497 5.64881e-011
102.498 -1.36282e-011
102.498 -3.61666e-011
102.499 -1.30598e-011
102.499 -7.14522e-011
102.5 -9.9476e-012
102.5 -5.0008e-011
102.5 7.19069e-012
102.501 -6.25278e-012
102.501 -1.04066e-010
102.502 -1.27329e-011
102.502 -1.05899e-010
102.503 4.49347e-011
102.503 -1.84741e-013
102.504 7.75913e-011
102.504 9.34364e-011
102.504 2.99565e-011
102.505 -9.23706e-012
102.505 -1.03228e-010
102.506 -7.6497e-011
102.506 3.86251e-011
102.507 3.43334e-011
102.507 -8.81357e-011
102.508 2.17852e-011
102.508 4.29168e-012
102.509 3.62945e-011
102.509 3.62377e-012
102.509 -8.01634e-011
102.51 -1.22071e-011
102.51 -6.20588e-011
102.511 -4.21778e-011
102.511 -1.44112e-010
102.512 9.31664e-011
102.512 2.6489e-011
102.513 -1.92131e-011
102.513 5.9373e-011
102.514 -5.22107e-011
102.514 2.67164e-011
102.514 -6.49862e-011
102.515 -1.55893e-011
102.515 4.73648e-011
102.516 3.9222e-012
102.516 -4.51905e-012
102.517 -6.86526e-011
102.517 2.45848e-012
102.518 7.29159e-011
102.518 6.87805e-012
102.519 1.87867e-011
102.519 -7.60281e-012
102.519 2.44995e-011
102.52 -2.55795e-012
102.52 -5.78382e-012
102.521 -1.11129e-011
102.521 8.52936e-011
102.522 1.2605e-011
102.522 2.99849e-011
102.523 2.5949e-011
102.523 1.12692e-011
102.524 8.29345e-011
102.524 -2.97149e-011
102.524 -6.05098e-011
102.525 4.18368e-011
102.525 7.4948e-011
102.526 -5.77529e-011
102.526 -2.53522e-011
102.527 -1.11541e-010
102.527 2.04636e-011
102.528 4.55032e-011
102.528 -5.93445e-011
102.529 -1.57883e-011
102.529 -3.68061e-011
102.53 3.92077e-011
102.53 -4.4011e-011
102.53 -2.59348e-011
102.531 -2.17e-011
102.531 6.30962e-012
102.532 2.51816e-011
102.532 4.60574e-011
102.533 1.09395e-010
102.533 6.08367e-011
102.534 4.95248e-011
102.534 1.64277e-011
102.535 -1.76357e-011
102.535 -1.10617e-010
102.536 -1.41256e-011
102.536 -6.30109e-011
102.536 -4.32578e-011
102.537 2.14442e-011
102.537 -1.43672e-011
102.538 -3.08518e-011
102.538 7.31859e-012
102.539 -7.9865e-011
102.539 1.44098e-011
102.54 -4.0643e-012
102.54 7.78755e-012
102.541 -9.20863e-011
102.541 5.08038e-011
102.542 -6.57963e-012
102.542 2.00373e-011
102.543 -1.73799e-011
102.543 -2.95586e-012
102.544 3.40492e-011
102.544 9.83817e-011
102.544 -5.89893e-011
102.545 2.54374e-012
102.545 -2.02078e-011
102.546 -4.03588e-012
102.546 3.47171e-011
102.547 -5.75682e-011
102.547 3.38218e-012
102.548 5.71276e-012
102.548 -3.69482e-011
102.549 4.84448e-011
102.549 -1.65556e-011
102.55 6.57678e-011
102.55 1.84457e-011
102.551 8.54214e-011
102.551 4.15525e-011
102.552 1.7522e-011
102.552 1.22213e-011
102.552 -4.367e-011
102.553 3.47313e-011
102.553 2.18705e-011
102.554 1.10916e-010
102.554 -2.0222e-011
102.555 2.50822e-011
102.555 -8.21387e-012
102.556 -3.85683e-011
102.556 4.9269e-011
102.557 -3.96625e-011
102.557 -5.29496e-011
102.558 4.11831e-011
102.558 -9.49285e-011
102.559 1.54472e-011
102.559 5.23386e-011
102.56 4.75637e-011
102.56 5.7625e-011
102.561 -1.43388e-011
102.561 4.41105e-011
102.562 6.40057e-011
102.562 3.76019e-011
102.562 2.22258e-011
102.563 -1.15392e-011
102.563 -1.87299e-011
102.564 -2.86491e-011
102.564 -9.247e-011
102.565 1.64704e-011
102.565 -4.89564e-011
102.566 -5.8975e-011
102.566 -2.78959e-011
102.567 -3.49587e-012
102.567 6.21014e-012
102.568 6.86384e-012
102.568 2.41442e-011
102.569 6.05667e-011
102.569 3.29266e-011
102.57 -5.92593e-012
102.57 5.94724e-011
102.571 4.78479e-011
102.571 -4.39258e-011
102.572 9.74012e-011
