0.1 0.337509
0.2 0.705144
0.3 1.05781
0.4 1.41054
0.5 1.76333
0.6 2.11618
0.7 2.46909
0.8 2.82207
0.9 3.17511
1 3.52822
0.920191 4.12386
1.84002 4.71933
2.75964 5.31446
3.67877 5.90955
4.59734 6.50472
5.51554 7.09971
6.43335 7.69453
7.35075 8.28922
8.26774 8.88377
9.18435 9.47811
10.1008 10.0718
11.0168 10.6653
11.9325 11.2585
12.8477 11.8517
13.7624 12.4448
14.6768 13.0378
15.5907 13.6305
16.5043 14.223
17.4175 14.8152
18.3302 15.4072
19.2426 15.999
20.1545 16.5907
21.066 17.1822
21.9771 17.7735
22.8877 18.3647
23.7979 18.9557
24.7077 19.5466
25.617 20.1374
26.5259 20.728
27.4344 21.3185
28.3424 21.9088
29.2499 22.4991
30.1571 23.0891
31.0637 23.6791
31.97 24.2688
32.8757 24.8585
33.7811 25.448
34.6859 26.0374
35.5903 26.6266
36.4943 27.2157
37.3978 27.8046
38.3009 28.3934
39.2034 28.9821
40.1056 29.5707
41.0072 30.1591
41.9084 30.7474
42.8091 31.3355
43.7094 31.9235
44.6092 32.5113
45.5085 33.099
46.4073 33.6866
47.3057 34.274
48.2036 34.8613
49.101 35.4484
49.998 36.0354
50.8944 36.6222
51.7904 37.2089
52.6859 37.7955
53.5809 38.3819
54.4754 38.9681
55.3695 39.5543
56.263 40.1402
57.156 40.726
58.0486 41.3117
58.9406 41.8972
59.8322 42.4826
60.7233 43.0679
61.6138 43.6529
62.5039 44.2379
63.3934 44.8227
64.2825 45.4073
65.171 45.9918
66.059 46.5761
66.9465 47.1603
67.8335 47.7444
68.72 48.3283
69.6059 48.9121
70.4914 49.4957
71.3763 50.0791
72.2607 50.6625
73.1445 51.2456
74.0279 51.8286
74.9107 52.4115
75.793 52.9942
76.6747 53.5768
77.5559 54.1591
78.4366 54.7414
79.3167 55.3235
80.1963 55.9054
81.0753 56.4872
81.9538 57.0688
82.8317 57.6502
83.7091 58.2315
84.5859 58.8127
85.4622 59.3937
86.3379 59.9745
87.213 60.5552
88.0876 61.1357
88.9617 61.716
89.8351 62.2962
90.708 62.8762
91.5803 63.4561
92.452 64.0358
93.3232 64.6154
94.1938 65.1947
95.0638 65.774
95.9332 66.353
96.802 66.9319
97.6702 67.5107
98.5379 68.0892
99.4049 68.6676
100.266 69
101.093 69
101.836 69
102.253 69
102.59 69
102.898 69
103.168 69
103.306 69
103.413 69
103.518 69
103.621 69
103.723 69
103.823 69
103.92 69
104.014 69
104.103 69
104.189 69
104.267 69
104.342 69
104.41 69
104.472 69
104.532 69
104.591 69
104.649 69
104.706 69
104.76 69
104.813 69
104.863 69
104.91 69
104.956 69
104.998 69
105.036 69
105.074 69
105.108 69
105.138 69
105.166 69
105.191 69
105.217 69
105.242 69
105.267 69
105.292 69
105.317 69
105.341 69
105.365 69
105.388 69
105.412 69
105.435 69
105.458 69
105.48 69
105.502 69
105.524 69
105.546 69
105.567 69
105.588 69
105.609 69
105.629 69
105.649 69
105.669 69
105.689 69
105.708 69
105.727 69
105.745 69
105.764 69
105.782 69
105.799 69
105.816 69
105.832 69
105.848 69
105.863 69
105.877 69
105.891 69
105.905 69
105.917 69
105.93 69
105.941 69
105.951 69
105.96 69
105.968 69
105.977 69
105.985 69
105.992 69
105.997 69
106.002 69
106.007 69
106.012 69
106.015 69
106.018 69
106.02 69
106.023 69
106.024 69
106.026 69
106.027 69
106.028 69
106.029 69
106.029 69
106.03 69
106.03 69
106.03 69
106.03 69
106.03 69
106.029 69
106.028 69
106.026 69
106.025 69
106.023 69
106.021 69
106.019 69
106.016 69
106.013 69
106.01 69
106.006 69
106.001 69
105.996 69
105.99 69
105.984 69
105.978 69
105.972 69
105.965 69
105.958 69
105.951 69
105.944 69
105.935 69
105.925 69
105.916 69
105.907 69
105.897 69
105.886 69
105.876 69
105.865 69
105.854 69
105.843 69
105.831 69
105.818 69
105.806 69
105.793 69
105.781 69
105.767 69
105.754 69
105.74 69
105.726 69
105.712 69
105.698 69
105.684 69
105.67 69
105.656 69
105.642 69
105.628 69
105.613 69
105.599 69
105.584 69
105.569 69
105.555 69
105.54 69
105.525 69
105.51 69
105.495 69
105.481 69
105.465 69
105.45 69
105.435 69
105.42 69
105.405 69
105.389 69
105.374 69
105.359 69
105.343 69
105.328 69
105.313 69
105.297 69
105.282 69
105.267 69
105.251 69
105.236 69
105.22 69
105.205 69
105.189 69
105.173 69
105.158 69
105.142 69
105.126 69
105.111 69
105.095 69
105.079 69
105.063 69
105.048 69
105.032 69
105.016 69
105 69
104.984 69
104.968 69
104.952 69
104.936 69
104.92 69
104.904 69
104.888 69
104.872 69
104.855 69
104.839 69
104.823 69
104.807 69
104.79 69
104.774 69
104.758 69
104.741 69
104.724 69
104.708 69
104.691 69
104.675 69
104.658 69
104.642 69
104.625 69
104.608 69
104.591 69
104.574 69
104.557 69
104.54 69
104.523 69
104.506 69
104.488 69
104.471 69
104.454 69
104.437 69
104.42 69
104.403 69
104.385 69
104.368 69
104.35 69
104.333 69
104.315 69
104.297 69
104.28 69
104.262 69
104.244 69
104.226 69
104.208 69
104.19 69
104.172 69
104.154 69
104.137 69
104.119 69
104.101 69
104.083 69
104.065 69
104.046 69
104.028 69
104.01 69
103.991 69
103.973 69
103.954 69
103.936 69
103.917 69
103.898 69
103.88 69
103.862 69
103.844 69
103.827 69
103.809 69
103.791 69
103.774 69
103.758 69
103.741 69
103.725 69
103.709 69
103.693 69
103.678 69
103.662 69
103.648 69
103.634 69
103.621 69
103.607 69
103.594 69
103.58 69
103.568 69
103.556 69
103.545 69
103.535 69
103.524 69
103.514 69
103.503 69
103.493 69
103.483 69
103.473 69
103.463 69
103.453 69
103.444 69
103.434 69
103.425 69
103.417 69
103.409 69
103.401 69
103.393 69
103.385 69
103.376 69
103.368 69
103.36 69
103.352 69
103.344 69
103.335 69
103.327 69
103.319 69
103.312 69
103.305 69
103.298 69
103.291 69
103.284 69
103.277 69
103.27 69
103.263 69
103.256 69
103.25 69
103.243 69
103.237 69
103.23 69
103.224 69
103.217 69
103.211 69
103.204 69
103.198 69
103.191 69
103.185 69
103.178 69
103.172 69
103.166 69
103.159 69
103.153 69
103.146 69
103.14 69
103.133 69
103.127 69
103.12 69
103.114 69
103.107 69
103.101 69
103.094 69
103.088 69
103.081 69
103.075 69
103.068 69
103.062 69
103.055 69
103.049 69
103.042 69
103.036 69
103.03 69
103.023 69
103.017 69
103.011 69
103.005 69
102.998 69
102.992 69
102.986 69
102.981 69
102.975 69
102.969 69
102.963 69
102.957 69
102.952 69
102.946 69
102.94 69
102.934 69
102.928 69
102.923 69
102.918 69
102.912 69
102.907 69
102.901 69
102.896 69
102.891 69
102.885 69
102.88 69
102.874 69
102.869 69
102.864 69
102.858 69
102.854 69
102.849 69
102.844 69
102.84 69
102.835 69
102.831 69
102.826 69
102.822 69
102.817 69
102.813 69
102.809 69
102.806 69
102.802 69
102.799 69
102.795 69
102.792 69
102.789 69
102.785 69
102.782 69
102.778 69
102.775 69
102.772 69
102.768 69
102.765 69
102.761 69
102.758 69
102.756 69
102.753 69
102.75 69
102.747 69
102.745 69
102.742 69
102.74 69
102.737 69
102.735 69
102.733 69
102.73 69
102.727 69
102.724 69
102.721 69
102.719 69
102.716 69
102.713 69
102.711 69
102.709 69
102.707 69
102.704 69
102.702 69
102.7 69
102.698 69
102.696 69
102.695 69
102.693 69
102.691 69
102.689 69
102.687 69
102.686 69
102.684 69
102.682 69
102.681 69
102.68 69
102.679 69
102.678 69
102.676 69
102.675 69
102.674 69
102.672 69
102.671 69
102.669 69
102.667 69
102.666 69
102.664 69
102.663 69
102.661 69
102.66 69
102.658 69
102.657 69
102.655 69
102.654 69
102.652 69
102.651 69
102.65 69
102.649 69
102.648 69
102.647 69
102.646 69
102.645 69
102.644 69
102.643 69
102.642 69
102.641 69
102.64 69
102.639 69
102.638 69
102.637 69
102.636 69
102.635 69
102.634 69
102.633 69
102.632 69
102.631 69
102.631 69
102.63 69
102.629 69
102.628 69
102.627 69
102.627 69
102.626 69
102.625 69
102.624 69
102.623 69
102.623 69
102.622 69
102.621 69
102.621 69
102.62 69
102.619 69
102.619 69
102.618 69
102.618 69
102.617 69
102.616 69
102.616 69
102.615 69
102.614 69
102.614 69
102.613 69
102.613 69
102.612 69
102.611 69
102.611 69
102.61 69
102.609 69
102.609 69
102.608 69
102.607 69
102.607 69
102.606 69
102.605 69
102.604 69
102.604 69
102.603 69
102.602 69
102.602 69
102.601 69
102.6 69
102.6 69
102.599 69
102.598 69
102.597 69
102.597 69
102.596 69
102.595 69
102.595 69
102.594 69
102.593 69
102.593 69
102.592 69
102.591 69
102.59 69
102.59 69
102.589 69
102.588 69
102.588 69
102.587 69
102.586 69
102.586 69
102.585 69
102.584 69
102.584 69
102.583 69
102.582 69
102.581 69
102.581 69
102.58 69
102.579 69
102.579 69
102.578 69
102.577 69
102.577 69
102.576 69
102.575 69
102.575 69
102.574 69
102.573 69
102.573 69
102.572 69
102.571 69
102.57 69
102.57 69
102.569 69
102.568 69
102.568 69
102.567 69
102.566 69
102.566 69
102.565 69
102.564 69
102.564 69
102.563 69
102.562 69
102.562 69
102.561 69
102.56 69
102.559 69
102.559 69
102.558 69
102.557 69
102.557 69
102.556 69
102.555 69
102.555 69
102.554 69
102.553 69
102.553 69
102.552 69
102.551 69
102.551 69
102.55 69
102.549 69
102.549 69
102.548 69
102.547 69
102.547 69
102.546 69
102.545 69
102.545 69
102.544 69
102.543 69
102.543 69
102.542 69
102.541 69
102.54 69
102.54 69
102.539 69
102.538 69
102.538 69
102.537 69
102.536 69
102.536 69
102.535 69
102.534 69
102.534 69
102.533 69
102.532 69
102.532 69
102.531 69
102.53 69
102.53 69
102.529 69
102.528 69
102.528 69
102.527 69
102.526 69
102.526 69
102.525 69
102.524 69
102.524 69
102.523 69
102.522 69
102.522 69
102.521 69
102.52 69
102.52 69
102.519 69
102.518 69
102.518 69
102.517 69
102.516 69
102.516 69
102.515 69
102.514 69
102.514 69
102.513 69
102.512 69
102.511 69
102.51 69
102.51 69
102.509 69
102.508 69
102.507 69
102.506 69
102.505 69
102.504 69
102.504 69
102.503 69
102.502 69
102.501 69
102.5 69
102.499 69
102.498 69
102.498 69
102.497 69
102.496 69
102.495 69
102.494 69
102.493 69
102.492 69
102.492 69
102.491 69
102.49 69
102.489 69
102.488 69
102.487 69
102.486 69
102.486 69
102.485 69
102.484 69
102.483 69
102.482 69
102.481 69
102.48 69
102.48 69
102.479 69
102.478 69
102.477 69
102.476 69
102.475 69
102.475 69
102.474 69
102.473 69
102.472 69
102.471 69
102.47 69
102.469 69
102.469 69
102.468 69
102.467 69
102.466 69
102.465 69
102.465 69
102.464 69
102.464 69
102.463 69
102.462 69
102.462 69
102.461 69
102.46 69
102.46 69
102.459 69
102.458 69
102.457 69
102.456 69
102.456 69
102.455 69
102.454 69
102.453 69
102.452 69
102.451 69
102.45 69
102.448 69
102.447 69
102.446 69
102.444 69
102.443 69
102.442 69
102.44 69
102.439 69
102.437 69
102.385 69
102.352 69
102.352 69
102.066 69
102.2 69
102.321 69
102.383 69
102.384 69
102.384 69
102.384 69
102.384 69
102.385 69
102.385 69
102.385 69
102.385 69
102.385 69
102.385 69
102.385 69
102.385 69
102.385 69
102.385 69
102.386 69
102.386 69
102.386 69
102.386 69
102.386 69
102.386 69
102.386 69
102.386 69
102.386 69
102.386 69
102.386 69
102.386 69
102.386 69
102.386 69
102.386 69
102.386 69
102.385 69
102.384 69
102.384 69
102.383 69
102.382 69
102.382 69
102.381 69
102.38 69
102.38 69
102.379 69
102.379 69
102.378 69
102.377 69
102.377 69
102.376 69
102.375 69
102.375 69
102.374 69
102.373 69
102.373 69
102.372 69
102.371 69
102.371 69
102.37 69
102.369 69
102.369 69
102.368 69
102.367 69
102.367 69
102.366 69
102.365 69
102.365 69
102.364 69
102.363 69
102.363 69
102.362 69
102.361 69
102.361 69
102.36 69
102.36 69
102.359 69
102.358 69
102.358 69
102.357 69
102.356 69
102.356 69
102.355 69
102.354 69
102.354 69
102.353 69
102.352 69
102.352 69
102.351 69
102.35 69
102.35 69
102.349 69
102.349 69
102.348 69
102.347 69
102.347 69
102.346 69
102.346 69
102.345 69
102.345 69
102.344 69
102.344 69
102.343 69
102.343 69
102.342 69
102.342 69
102.341 69
102.341 69
102.34 69
102.34 69
102.339 69
102.339 69
102.338 69
102.338 69
102.338 69
102.337 69
102.337 69
102.336 69
102.336 69
102.335 69
102.335 69
102.334 69
102.334 69
102.333 69
102.333 69
102.332 69
102.332 69
102.331 69
102.331 69
102.331 69
102.33 69
102.33 69
102.329 69
102.329 69
102.328 69
102.328 69
102.327 69
102.327 69
102.326 69
102.326 69
102.325 69
102.325 69
102.324 69
102.324 69
102.324 69
102.323 69
102.323 69
102.322 69
102.322 69
102.321 69
102.321 69
102.32 69
102.32 69
102.319 69
102.319 69
102.318 69
102.318 69
102.318 69
102.317 69
102.317 69
102.316 69
102.316 69
102.315 69
102.315 69
102.314 69
102.314 69
102.313 69
102.313 69
102.313 69
102.312 69
102.312 69
102.311 69
102.311 69
102.31 69
102.31 69
102.309 69
102.309 69
102.308 69
102.308 69
102.308 69
102.307 69
102.307 69
102.306 69
102.306 69
102.305 69
102.305 69
102.304 69
102.304 69
102.303 69
102.303 69
102.303 69
102.302 69
102.302 69
102.301 69
102.301 69
102.3 69
102.3 69
102.299 69
102.299 69
102.299 69
102.298 69
102.298 69
102.297 69
102.297 69
102.296 69
102.296 69
102.295 69
102.295 69
102.294 69
102.294 69
102.294 69
102.293 69
102.293 69
102.292 69
102.292 69
102.291 69
102.291 69
102.29 69
102.29 69
102.29 69
102.289 69
102.289 69
102.288 69
102.288 69
102.287 69
102.287 69
102.286 69
102.286 69
102.286 69
102.285 69
102.285 69
102.284 69
102.284 69
102.283 69
102.283 69
102.283 69
102.282 69
102.282 69
102.281 69
102.281 69
102.28 69
102.28 69
102.279 69
102.279 69
102.279 69
102.278 69
102.278 69
102.277 69
102.277 69
102.276 69
102.276 69
102.276 69
102.275 69
102.275 69
102.274 69
102.274 69
102.273 69
102.273 69
102.272 69
102.272 69
102.272 69
102.271 69
102.271 69
102.27 69
102.27 69
102.269 69
102.269 69
102.269 69
102.268 69
102.268 69
102.267 69
102.267 69
102.266 69
102.266 69
102.266 69
102.265 69
102.265 69
102.264 69
102.264 69
102.263 69
102.263 69
102.263 69
102.262 69
102.262 69
102.261 69
102.261 69
102.26 69
102.26 69
102.26 69
102.259 69
102.259 69
102.258 69
102.258 69
102.257 69
102.257 69
102.257 69
102.256 69
102.256 69
102.255 69
102.255 69
102.254 69
102.254 69
102.254 69
102.253 69
102.253 69
102.252 69
102.252 69
102.252 69
102.251 69
102.251 69
102.25 69
102.25 69
102.249 69
102.249 69
102.249 69
102.248 69
102.248 69
102.247 69
102.247 69
102.246 69
102.246 69
102.246 69
102.245 69
102.245 69
102.244 69
102.244 69
102.244 69
102.243 69
102.243 69
102.242 69
102.242 69
102.241 69
102.241 69
102.241 69
102.24 69
102.24 69
102.239 69
102.239 69
102.239 69
102.238 69
102.238 69
102.237 69
102.237 69
102.236 69
102.236 69
102.236 69
102.235 69
102.235 69
102.234 69
102.234 69
102.234 69
102.233 69
102.233 69
102.232 69
102.232 69
102.231 69
102.231 69
102.23 69
102.23 69
102.229 69
102.229 69
102.229 69
102.228 69
102.228 69
102.227 69
102.227 69
102.226 69
102.226 69
102.225 69
102.225 69
102.224 69
102.224 69
102.223 69
102.223 69
102.222 69
102.222 69
102.221 69
102.221 69
102.221 69
102.22 69
102.22 69
102.219 69
102.219 69
102.219 69
102.218 69
102.218 69
102.217 69
102.217 69
102.217 69
102.216 69
102.216 69
102.216 69
102.215 69
102.215 69
102.214 69
102.214 69
102.214 69
102.213 69
102.213 69
102.213 69
102.212 69
102.212 69
102.211 69
102.211 69
102.211 69
102.21 69
102.21 69
102.21 69
102.209 69
102.209 69
102.208 69
102.208 69
102.208 69
102.207 69
102.207 69
102.207 69
102.206 69
102.206 69
102.205 69
102.205 69
102.205 69
102.204 69
102.204 69
102.204 69
102.203 69
102.203 69
102.203 69
102.202 69
102.202 69
102.201 69
102.201 69
102.201 69
102.2 69
102.2 69
102.2 69
102.199 69
102.199 69
102.198 69
102.198 69
102.198 69
102.197 69
102.197 69
102.197 69
102.196 69
102.196 69
102.196 69
102.195 69
102.195 69
102.194 69
102.194 69
102.194 69
102.193 69
102.193 69
102.193 69
102.192 69
102.192 69
102.192 69
102.191 69
102.191 69
102.19 69
102.19 69
102.19 69
102.189 69
102.189 69
102.189 69
102.188 69
102.188 69
102.188 69
102.187 69
102.187 69
102.186 69
102.186 69
102.186 69
102.185 69
102.185 69
102.185 69
102.184 69
102.184 69
102.184 69
102.183 69
102.183 69
102.183 69
102.182 69
102.182 69
102.181 69
102.181 69
102.181 69
102.18 69
102.18 69
102.18 69
102.179 69
102.179 69
102.179 69
102.178 69
102.178 69
102.178 69
102.177 69
102.177 69
102.177 69
102.176 69
102.176 69
102.175 69
102.175 69
102.175 69
102.174 69
102.174 69
102.174 69
102.173 69
102.173 69
102.173 69
102.172 69
102.172 69
102.172 69
102.171 69
102.171 69
102.171 69
102.171 69
102.17 69
102.17 69
102.17 69
102.169 69
102.169 69
102.169 69
102.168 69
102.168 69
102.168 69
102.167 69
102.167 69
102.167 69
102.166 69
102.166 69
102.166 69
102.165 69
102.165 69
102.165 69
102.164 69
102.164 69
102.164 69
102.163 69
102.163 69
102.163 69
102.163 69
102.162 69
102.162 69
102.162 69
102.161 69
102.161 69
102.161 69
102.161 69
102.16 69
102.16 69
102.16 69
102.159 69
102.159 69
102.159 69
102.159 69
102.158 69
102.158 69
102.158 69
102.158 69
102.157 69
102.157 69
102.157 69
102.156 69
102.156 69
102.156 69
102.156 69
102.155 69
102.155 69
102.155 69
102.154 69
102.154 69
102.154 69
102.154 69
102.153 69
102.153 69
102.153 69
102.153 69
102.152 69
102.152 69
102.152 69
102.152 69
102.151 69
102.151 69
102.151 69
102.15 69
102.15 69
102.15 69
102.15 69
102.149 69
102.149 69
102.149 69
102.149 69
102.148 69
102.148 69
102.148 69
102.148 69
102.147 69
102.147 69
102.147 69
102.147 69
102.147 69
102.146 69
102.146 69
102.146 69
102.146 69
102.145 69
102.145 69
102.145 69
102.145 69
102.145 69
102.144 69
102.144 69
102.144 69
102.144 69
102.143 69
102.143 69
102.143 69
102.143 69
102.143 69
102.142 69
102.142 69
102.142 69
102.142 69
102.142 69
102.141 69
102.141 69
102.141 69
102.141 69
102.14 69
102.14 69
102.14 69
102.14 69
102.14 69
102.139 69
102.139 69
102.139 69
102.139 69
102.139 69
102.138 69
102.138 69
102.138 69
102.138 69
102.138 69
102.137 69
102.137 69
102.137 69
102.137 69
102.137 69
102.137 69
102.136 69
102.136 69
102.136 69
102.136 69
102.136 69
102.136 69
102.135 69
102.135 69
102.135 69
102.135 69
102.135 69
102.135 69
102.134 69
102.134 69
102.134 69
102.134 69
102.134 69
102.134 69
102.133 69
102.133 69
102.133 69
102.133 69
102.133 69
102.133 69
102.132 69
102.132 69
102.132 69
102.132 69
102.132 69
102.132 69
102.132 69
102.131 69
102.131 69
102.131 69
102.131 69
102.131 69
102.131 69
102.131 69
102.13 69
102.13 69
102.13 69
102.13 69
102.13 69
102.13 69
102.13 69
102.129 69
102.129 69
102.129 69
102.129 69
102.129 69
102.129 69
102.129 69
102.128 69
102.128 69
102.128 69
102.128 69
102.128 69
102.128 69
102.128 69
102.128 69
102.127 69
102.127 69
102.127 69
102.127 69
102.127 69
102.127 69
102.127 69
102.126 69
102.126 69
102.126 69
102.126 69
102.126 69
102.126 69
102.126 69
102.126 69
102.125 69
102.125 69
102.125 69
102.125 69
102.125 69
102.125 69
102.125 69
102.124 69
102.124 69
102.124 69
102.124 69
102.124 69
102.124 69
102.124 69
102.124 69
102.124 69
102.123 69
102.123 69
102.123 69
102.123 69
102.123 69
102.123 69
102.123 69
102.123 69
102.123 69
102.122 69
102.122 69
102.122 69
102.122 69
102.122 69
102.122 69
102.122 69
102.122 69
102.122 69
102.122 69
102.121 69
102.121 69
102.121 69
102.121 69
102.121 69
102.121 69
102.121 69
102.121 69
102.121 69
102.12 69
102.12 69
102.12 69
102.12 69
102.12 69
102.12 69
102.12 69
102.12 69
102.12 69
102.12 69
102.119 69
102.119 69
102.119 69
102.119 69
102.119 69
102.119 69
102.119 69
102.119 69
102.119 69
102.119 69
102.118 69
102.118 69
102.118 69
102.118 69
102.118 69
102.118 69
102.118 69
102.118 69
102.118 69
102.118 69
102.117 69
102.117 69
102.117 69
102.117 69
102.117 69
102.117 69
102.117 69
102.117 69
102.117 69
102.117 69
102.117 69
102.116 69
102.116 69
102.116 69
102.116 69
102.116 69
102.116 69
102.116 69
102.116 69
102.116 69
102.116 69
102.116 69
102.115 69
102.115 69
102.115 69
102.115 69
102.115 69
102.115 69
102.115 69
102.115 69
102.115 69
102.115 69
102.115 69
102.114 69
102.114 69
102.114 69
102.114 69
102.114 69
102.114 69
102.114 69
102.114 69
102.114 69
102.114 69
102.114 69
102.113 69
102.113 69
102.113 69
102.113 69
102.113 69
102.113 69
102.113 69
102.113 69
102.113 69
102.113 69
102.113 69
102.113 69
102.112 69
102.112 69
102.112 69
102.112 69
102.112 69
102.112 69
102.112 69
102.112 69
102.112 69
102.112 69
102.112 69
102.112 69
102.112 69
102.111 69
102.111 69
102.111 69
102.111 69
102.111 69
102.111 69
102.111 69
102.111 69
102.111 69
102.111 69
102.111 69
102.111 69
102.111 69
102.11 69
102.11 69
102.11 69
102.11 69
102.11 69
102.11 69
102.11 69
102.11 69
102.11 69
102.11 69
102.11 69
102.11 69
102.11 69
102.109 69
102.109 69
102.109 69
102.109 69
102.109 69
102.109 69
102.109 69
102.109 69
102.109 69
102.109 69
102.109 69
102.109 69
102.109 69
102.109 69
102.108 69
102.108 69
102.108 69
102.108 69
102.108 69
102.108 69
102.108 69
102.108 69
102.108 69
102.108 69
102.108 69
102.108 69
102.108 69
102.108 69
102.108 69
102.107 69
102.107 69
102.107 69
102.107 69
102.107 69
102.107 69
102.107 69
102.107 69
102.107 69
102.107 69
102.107 69
102.107 69
102.107 69
102.107 69
102.107 69
102.107 69
102.106 69
102.106 69
102.106 69
102.106 69
102.106 69
102.106 69
102.106 69
102.106 69
102.106 69
102.106 69
102.106 69
102.106 69
102.106 69
102.106 69
102.106 69
102.106 69
102.106 69
102.105 69
102.105 69
102.105 69
102.105 69
102.105 69
102.105 69
102.105 69
102.105 69
102.105 69
102.105 69
102.105 69
102.105 69
102.105 69
102.105 69
102.105 69
102.105 69
102.105 69
102.105 69
102.104 69
102.104 69
102.104 69
102.104 69
102.104 69
102.104 69
102.104 69
102.104 69
102.104 69
102.104 69
102.104 69
102.104 69
102.104 69
102.104 69
102.104 69
102.104 69
102.104 69
102.104 69
102.104 69
102.104 69
102.103 69
102.103 69
102.103 69
102.103 69
102.103 69
102.103 69
102.103 69
102.103 69
102.103 69
102.103 69
102.103 69
102.103 69
102.103 69
102.103 69
102.103 69
102.103 69
102.103 69
102.103 69
102.103 69
102.103 69
102.103 69
102.102 69
102.102 69
102.102 69
102.102 69
102.102 69
102.102 69
102.102 69
102.102 69
102.102 69
102.102 69
102.102 69
102.102 69
102.102 69
102.102 69
102.102 69
102.102 69
102.102 69
102.102 69
102.102 69
102.102 69
102.102 69
102.102 69
102.102 69
102.102 69
102.102 69
102.101 69
102.101 69
102.101 69
102.101 69
102.101 69
102.101 69
102.101 69
102.101 69
102.101 69
102.101 69
102.101 69
102.101 69
102.101 69
102.101 69
102.101 69
102.101 69
102.101 69
102.101 69
102.101 69
102.101 69
102.101 69
102.101 69
102.101 69
102.101 69
102.101 69
102.101 69
102.101 69
102.101 69
102.101 69
102.101 69
102.101 69
102.1 69
102.1 69
102.1 69
102.1 69
102.1 69
102.1 69
102.1 69
102.1 69
102.1 69
102.1 69
102.1 69
102.1 69
102.1 69
102.1 69
102.1 69
102.1 69
102.1 69
102.1 69
102.1 69
102.1 69
102.1 69
102.1 69
102.1 69
102.1 69
102.1 69
102.1 69
102.1 69
102.1 69
102.1 69
102.1 69
102.1 69
102.1 69
102.1 69
102.1 69
102.1 69
102.1 69
102.1 69
102.1 69
102.1 69
102.1 69
102.1 69
102.099 69
102.099 69
102.099 69
102.099 69
102.099 69
102.099 69
102.099 69
102.099 69
102.099 69
102.099 69
102.099 69
102.099 69
102.099 69
102.099 69
102.099 69
102.099 69
102.099 69
102.099 69
102.099 69
102.099 69
102.099 69
102.099 69
102.099 69
102.099 69
102.099 69
102.099 69
102.099 69
102.099 69
102.099 69
102.099 69
102.099 69
102.099 69
102.099 69
102.099 69
102.099 69
102.099 69
102.099 69
102.099 69
102.099 69
102.099 69
102.099 69
102.099 69
102.099 69
102.099 69
102.099 69
102.099 69
102.099 69
102.099 69
102.099 69
102.099 69
102.099 69
102.099 69
102.099 69
102.099 69
102.099 69
102.099 69
102.099 69
102.099 69
102.099 69
102.099 69
102.099 69
102.099 69
102.099 69
102.099 69
102.099 69
102.099 69
102.099 69
102.099 69
102.099 69
102.099 69
102.099 69
102.099 69
102.099 69
102.099 69
102.099 69
102.099 69
102.099 69
102.099 69
102.099 69
102.099 69
102.099 69
102.099 69
102.099 69
102.099 69
102.099 69
102.099 69
102.099 69
102.099 69
102.099 69
102.099 69
102.099 69
102.099 69
102.099 69
102.099 69
102.099 69
102.099 69
102.099 69
102.099 69
102.099 69
102.099 69
102.099 69
102.099 69
102.099 69
102.099 69
102.099 69
102.099 69
102.099 69
102.099 69
102.099 69
102.099 69
102.099 69
102.099 69
102.099 69
102.099 69
102.099 69
102.099 69
102.099 69
102.099 69
102.099 69
102.099 69
102.099 69
102.099 69
102.099 69
102.099 69
102.099 69
102.099 69
102.099 69
102.099 69
102.099 69
102.099 69
102.099 69
102.099 69
102.099 69
102.099 69
102.099 69
102.099 69
102.099 69
102.099 69
102.099 69
102.099 69
102.099 69
102.099 69
102.099 69
102.099 69
102.099 69
102.099 69
102.099 69
102.099 69
102.099 69
102.099 69
102.099 69
102.099 69
102.099 69
102.099 69
102.099 69
102.099 69
102.099 69
102.099 69
102.099 69
102.1 69
102.1 69
102.1 69
102.1 69
102.1 69
102.1 69
102.1 69
102.1 69
102.1 69
102.1 69
102.1 69
102.1 69
102.1 69
102.1 69
102.1 69
102.1 69
102.1 69
102.1 69
102.1 69
102.1 69
102.1 69
102.1 69
102.1 69
102.1 69
102.1 69
102.1 69
102.1 69
102.1 69
102.1 69
102.1 69
102.1 69
102.1 69
102.1 69
102.1 69
102.1 69
102.1 69
102.1 69
102.1 69
102.1 69
102.1 69
102.1 69
102.101 69
102.101 69
102.101 69
102.101 69
102.101 69
102.101 69
102.101 69
102.101 69
102.101 69
102.101 69
102.101 69
102.101 69
102.101 69
102.101 69
102.101 69
102.101 69
102.101 69
102.101 69
102.101 69
102.101 69
102.101 69
102.101 69
102.101 69
102.101 69
102.101 69
102.101 69
102.101 69
102.101 69
102.101 69
102.101 69
102.102 69
102.102 69
102.102 69
102.102 69
102.102 69
102.102 69
102.102 69
102.102 69
102.102 69
102.102 69
102.102 69
102.102 69
102.102 69
102.102 69
102.102 69
102.102 69
102.102 69
102.102 69
102.102 69
102.102 69
102.102 69
102.102 69
102.102 69
102.102 69
102.102 69
102.103 69
102.103 69
102.103 69
102.103 69
102.103 69
102.103 69
102.103 69
102.103 69
102.103 69
102.103 69
102.103 69
102.103 69
102.103 69
102.103 69
102.103 69
102.103 69
102.103 69
102.103 69
102.103 69
102.103 69
102.103 69
102.103 69
102.104 69
102.104 69
102.104 69
102.104 69
102.104 69
102.104 69
102.104 69
102.104 69
102.104 69
102.104 69
102.104 69
102.104 69
102.104 69
102.104 69
102.104 69
102.104 69
102.104 69
102.104 69
102.104 69
102.104 69
102.105 69
102.105 69
102.105 69
102.105 69
102.105 69
102.105 69
102.105 69
102.105 69
102.105 69
102.105 69
102.105 69
102.105 69
102.105 69
102.105 69
102.105 69
102.105 69
102.105 69
102.105 69
102.106 69
102.106 69
102.106 69
102.106 69
102.106 69
102.106 69
102.106 69
102.106 69
102.106 69
102.106 69
102.106 69
102.106 69
102.106 69
102.106 69
102.106 69
102.106 69
102.106 69
102.107 69
102.107 69
102.107 69
102.107 69
102.107 69
102.107 69
102.107 69
102.107 69
102.107 69
102.107 69
102.107 69
102.107 69
102.107 69
102.107 69
102.107 69
102.108 69
102.108 69
102.108 69
102.108 69
102.108 69
102.108 69
102.108 69
102.108 69
102.108 69
102.108 69
102.108 69
102.108 69
102.108 69
102.108 69
102.108 69
102.109 69
102.109 69
102.109 69
102.109 69
102.109 69
102.109 69
102.109 69
102.109 69
102.109 69
102.109 69
102.109 69
102.109 69
102.109 69
102.109 69
102.11 69
102.11 69
102.11 69
102.11 69
102.11 69
102.11 69
102.11 69
102.11 69
102.11 69
102.11 69
102.11 69
102.11 69
102.11 69
102.11 69
102.111 69
102.111 69
102.111 69
102.111 69
102.111 69
102.111 69
102.111 69
102.111 69
102.111 69
102.111 69
102.111 69
102.111 69
102.111 69
102.112 69
102.112 69
102.112 69
102.112 69
102.112 69
102.112 69
102.112 69
102.112 69
102.112 69
102.112 69
102.112 69
102.112 69
102.113 69
102.113 69
102.113 69
102.113 69
102.113 69
102.113 69
102.113 69
102.113 69
102.113 69
102.113 69
102.113 69
102.113 69
102.114 69
102.114 69
102.114 69
102.114 69
102.114 69
102.114 69
102.114 69
102.114 69
102.114 69
102.114 69
102.114 69
102.114 69
102.115 69
102.115 69
102.115 69
102.115 69
102.115 69
102.115 69
102.115 69
102.115 69
102.115 69
102.115 69
102.115 69
102.116 69
102.116 69
102.116 69
102.116 69
102.116 69
102.116 69
102.116 69
102.116 69
102.116 69
102.116 69
102.116 69
102.117 69
102.117 69
102.117 69
102.117 69
102.117 69
102.117 69
102.117 69
102.117 69
102.117 69
102.117 69
102.118 69
102.118 69
102.118 69
102.118 69
102.118 69
102.118 69
102.118 69
102.118 69
102.118 69
102.118 69
102.118 69
102.119 69
102.119 69
102.119 69
102.119 69
102.119 69
102.119 69
102.119 69
102.119 69
102.119 69
102.119 69
102.12 69
102.12 69
102.12 69
102.12 69
102.12 69
102.12 69
102.12 69
102.12 69
102.12 69
102.12 69
102.121 69
102.121 69
102.121 69
102.121 69
102.121 69
102.121 69
102.121 69
102.121 69
102.121 69
102.122 69
102.122 69
102.122 69
102.122 69
102.122 69
102.122 69
102.122 69
102.122 69
102.122 69
102.122 69
102.123 69
102.123 69
102.123 69
102.123 69
102.123 69
102.123 69
102.123 69
102.123 69
102.123 69
102.124 69
102.124 69
102.124 69
102.124 69
102.124 69
102.124 69
102.124 69
102.124 69
102.124 69
102.125 69
102.125 69
102.125 69
102.125 69
102.125 69
102.125 69
102.125 69
102.125 69
102.125 69
102.126 69
102.126 69
102.126 69
102.126 69
102.126 69
102.126 69
102.126 69
102.126 69
102.127 69
102.127 69
102.127 69
102.127 69
102.127 69
102.127 69
102.127 69
102.127 69
102.127 69
102.128 69
102.128 69
102.128 69
102.128 69
102.128 69
102.128 69
102.128 69
102.128 69
102.129 69
102.129 69
102.129 69
102.129 69
102.129 69
102.129 69
102.129 69
102.129 69
102.13 69
102.13 69
102.13 69
102.13 69
102.13 69
102.13 69
102.13 69
102.13 69
102.131 69
102.131 69
102.131 69
102.131 69
102.131 69
102.131 69
102.131 69
102.131 69
102.132 69
102.132 69
102.132 69
102.132 69
102.132 69
102.132 69
102.132 69
102.132 69
102.133 69
102.133 69
102.133 69
102.133 69
102.133 69
102.133 69
102.133 69
102.133 69
102.134 69
102.134 69
102.134 69
102.134 69
102.134 69
102.134 69
102.134 69
102.134 69
102.135 69
102.135 69
102.135 69
102.135 69
102.135 69
102.135 69
102.135 69
102.136 69
102.136 69
102.136 69
102.136 69
102.136 69
102.136 69
102.136 69
102.137 69
102.137 69
102.137 69
102.137 69
102.137 69
102.137 69
102.137 69
102.137 69
102.138 69
102.138 69
102.138 69
102.138 69
102.138 69
102.138 69
102.138 69
102.139 69
102.139 69
102.139 69
102.139 69
102.139 69
102.139 69
102.139 69
102.14 69
102.14 69
102.14 69
102.14 69
102.14 69
102.14 69
102.14 69
102.141 69
102.141 69
102.141 69
102.141 69
102.141 69
102.141 69
102.141 69
102.142 69
102.142 69
102.142 69
102.142 69
102.142 69
102.142 69
102.142 69
102.143 69
102.143 69
102.143 69
102.143 69
102.143 69
102.143 69
102.143 69
102.144 69
102.144 69
102.144 69
102.144 69
102.144 69
102.144 69
102.145 69
102.145 69
102.145 69
102.145 69
102.145 69
102.145 69
102.145 69
102.146 69
102.146 69
102.146 69
102.146 69
102.146 69
102.146 69
102.146 69
102.147 69
102.147 69
102.147 69
102.147 69
102.147 69
102.147 69
102.148 69
102.148 69
102.148 69
102.148 69
102.148 69
102.148 69
102.148 69
102.149 69
102.149 69
102.149 69
102.149 69
102.149 69
102.149 69
102.15 69
102.15 69
102.15 69
102.15 69
102.15 69
102.15 69
102.151 69
102.151 69
102.151 69
102.151 69
102.151 69
102.151 69
102.151 69
102.152 69
102.152 69
102.152 69
102.152 69
102.152 69
102.152 69
102.153 69
102.153 69
102.153 69
102.153 69
102.153 69
102.153 69
102.154 69
102.154 69
102.154 69
102.154 69
102.154 69
102.154 69
102.155 69
102.155 69
102.155 69
102.155 69
102.155 69
102.155 69
102.156 69
102.156 69
102.156 69
102.156 69
102.156 69
102.156 69
102.157 69
102.157 69
102.157 69
102.157 69
102.157 69
102.157 69
102.158 69
102.158 69
102.158 69
102.158 69
102.158 69
102.158 69
102.159 69
102.159 69
102.159 69
102.159 69
102.159 69
102.159 69
102.16 69
102.16 69
102.16 69
102.16 69
102.16 69
102.161 69
102.161 69
102.161 69
102.161 69
102.161 69
102.161 69
102.162 69
102.162 69
102.162 69
102.162 69
102.162 69
102.162 69
102.163 69
102.163 69
102.163 69
102.163 69
102.163 69
102.164 69
102.164 69
102.164 69
102.164 69
102.164 69
102.164 69
102.165 69
102.165 69
102.165 69
102.165 69
102.165 69
102.165 69
102.166 69
102.166 69
102.166 69
102.166 69
102.166 69
102.167 69
102.167 69
102.167 69
102.167 69
102.167 69
102.167 69
102.168 69
102.168 69
102.168 69
102.168 69
102.168 69
102.169 69
102.169 69
102.169 69
102.169 69
102.169 69
102.17 69
102.17 69
102.17 69
102.17 69
102.17 69
102.17 69
102.171 69
102.171 69
102.171 69
102.171 69
102.171 69
102.172 69
102.172 69
102.172 69
102.172 69
102.172 69
102.173 69
102.173 69
102.173 69
102.173 69
102.173 69
102.173 69
102.174 69
102.174 69
102.174 69
102.174 69
102.174 69
102.175 69
102.175 69
102.175 69
102.175 69
102.175 69
102.176 69
102.176 69
102.176 69
102.176 69
102.176 69
102.177 69
102.177 69
102.177 69
102.177 69
102.177 69
102.178 69
102.178 69
102.178 69
102.178 69
102.178 69
102.179 69
102.179 69
102.179 69
102.179 69
102.179 69
102.18 69
102.18 69
102.18 69
102.18 69
102.18 69
102.181 69
102.181 69
102.181 69
102.181 69
102.181 69
102.182 69
102.182 69
102.182 69
102.182 69
102.182 69
102.183 69
102.183 69
102.183 69
102.183 69
102.183 69
102.184 69
102.184 69
102.184 69
102.184 69
102.184 69
102.185 69
102.185 69
102.185 69
102.185 69
102.185 69
102.186 69
102.186 69
102.186 69
102.186 69
102.186 69
102.187 69
102.187 69
102.187 69
102.187 69
102.187 69
102.188 69
102.188 69
102.188 69
102.188 69
102.189 69
102.189 69
102.189 69
102.189 69
102.189 69
102.19 69
102.19 69
102.19 69
102.19 69
102.19 69
102.191 69
102.191 69
102.191 69
102.191 69
102.191 69
102.192 69
102.192 69
102.192 69
102.192 69
102.193 69
102.193 69
102.193 69
102.193 69
102.193 69
102.194 69
102.194 69
102.194 69
102.194 69
102.194 69
102.195 69
102.195 69
102.195 69
102.195 69
102.196 69
102.196 69
102.196 69
102.196 69
102.196 69
102.197 69
102.197 69
102.197 69
102.197 69
102.198 69
102.198 69
102.198 69
102.198 69
102.198 69
102.199 69
102.199 69
102.199 69
102.199 69
102.2 69
102.2 69
102.2 69
102.2 69
102.2 69
102.201 69
102.201 69
102.201 69
102.201 69
102.202 69
102.202 69
102.202 69
102.202 69
102.202 69
102.203 69
102.203 69
102.203 69
102.203 69
102.204 69
102.204 69
102.204 69
102.204 69
102.204 69
102.205 69
102.205 69
102.205 69
102.205 69
102.206 69
102.206 69
102.206 69
102.206 69
102.207 69
102.207 69
102.207 69
102.207 69
102.207 69
102.208 69
102.208 69
102.208 69
102.208 69
102.209 69
102.209 69
102.209 69
102.209 69
102.21 69
102.21 69
102.21 69
102.21 69
102.21 69
102.211 69
102.211 69
102.211 69
102.211 69
102.212 69
102.212 69
102.212 69
102.212 69
102.213 69
102.213 69
102.213 69
102.213 69
102.214 69
102.214 69
102.214 69
102.214 69
102.214 69
102.215 69
102.215 69
102.215 69
102.215 69
102.216 69
102.216 69
102.216 69
102.216 69
102.217 69
102.217 69
102.217 69
102.217 69
102.218 69
102.218 69
102.218 69
102.218 69
102.219 69
102.219 69
102.219 69
102.219 69
102.22 69
102.22 69
102.22 69
102.22 69
102.221 69
102.221 69
102.221 69
102.221 69
102.221 69
102.222 69
102.222 69
102.222 69
102.222 69
102.223 69
102.223 69
102.223 69
102.223 69
102.224 69
102.224 69
102.224 69
102.224 69
102.225 69
102.225 69
102.225 69
102.225 69
102.226 69
102.226 69
102.226 69
102.226 69
102.227 69
102.227 69
102.227 69
102.227 69
102.228 69
102.228 69
102.228 69
102.228 69
102.229 69
102.229 69
102.229 69
102.229 69
102.23 69
102.23 69
102.23 69
102.23 69
102.231 69
102.231 69
102.231 69
102.231 69
102.232 69
102.232 69
102.232 69
102.233 69
102.233 69
102.233 69
102.233 69
102.234 69
102.234 69
102.234 69
102.234 69
102.235 69
102.235 69
102.235 69
102.235 69
102.236 69
102.236 69
102.236 69
102.236 69
102.237 69
102.237 69
102.237 69
102.237 69
102.238 69
102.238 69
102.238 69
102.238 69
102.239 69
102.239 69
102.239 69
102.24 69
102.24 69
102.24 69
102.24 69
102.241 69
102.241 69
102.241 69
102.241 69
102.242 69
102.242 69
102.242 69
102.242 69
102.243 69
102.243 69
102.243 69
102.243 69
102.244 69
102.244 69
102.244 69
102.245 69
102.245 69
102.245 69
102.245 69
102.246 69
102.246 69
102.246 69
102.246 69
102.247 69
102.247 69
102.247 69
102.248 69
102.248 69
102.248 69
102.248 69
102.249 69
102.249 69
102.249 69
102.249 69
102.25 69
102.25 69
102.25 69
102.251 69
102.251 69
102.251 69
102.251 69
102.252 69
102.252 69
102.252 69
102.252 69
102.253 69
102.253 69
102.253 69
102.254 69
102.254 69
102.254 69
102.254 69
102.255 69
102.255 69
102.255 69
102.255 69
102.256 69
102.256 69
102.256 69
102.257 69
102.257 69
102.257 69
102.257 69
102.258 69
102.258 69
102.258 69
102.259 69
102.259 69
102.259 69
102.259 69
102.26 69
102.26 69
102.26 69
102.26 69
102.261 69
102.261 69
102.261 69
102.262 69
102.262 69
102.262 69
102.262 69
102.263 69
102.263 69
102.263 69
102.264 69
102.264 69
102.264 69
102.264 69
102.265 69
102.265 69
102.265 69
102.266 69
102.266 69
102.266 69
102.266 69
102.267 69
102.267 69
102.267 69
102.268 69
102.268 69
102.268 69
102.268 69
102.269 69
102.269 69
102.269 69
102.27 69
102.27 69
102.27 69
102.27 69
102.271 69
102.271 69
102.271 69
102.272 69
102.272 69
102.272 69
102.273 69
102.273 69
102.273 69
102.273 69
102.274 69
102.274 69
102.274 69
102.275 69
102.275 69
102.275 69
102.275 69
102.276 69
102.276 69
102.276 69
102.277 69
102.277 69
102.277 69
102.278 69
102.278 69
102.278 69
102.278 69
102.279 69
102.279 69
102.279 69
102.28 69
102.28 69
102.28 69
102.281 69
102.281 69
102.281 69
102.281 69
102.282 69
102.282 69
102.282 69
102.283 69
102.283 69
102.283 69
102.284 69
102.284 69
102.284 69
102.284 69
102.285 69
102.285 69
102.285 69
102.286 69
102.286 69
102.286 69
102.287 69
102.287 69
102.287 69
102.287 69
102.288 69
102.288 69
102.288 69
102.289 69
102.289 69
102.289 69
102.29 69
102.29 69
102.29 69
102.291 69
102.291 69
102.291 69
102.291 69
102.292 69
102.292 69
102.292 69
102.293 69
102.293 69
102.293 69
102.294 69
102.294 69
102.294 69
102.295 69
102.295 69
102.295 69
102.295 69
102.296 69
102.296 69
102.296 69
102.297 69
102.297 69
102.297 69
102.298 69
102.298 69
102.298 69
102.299 69
102.299 69
102.299 69
102.3 69
102.3 69
102.3 69
102.3 69
102.301 69
102.301 69
102.301 69
102.302 69
102.302 69
102.302 69
102.303 69
102.303 69
102.303 69
102.304 69
102.304 69
102.304 69
102.305 69
102.305 69
102.305 69
102.306 69
102.306 69
102.306 69
102.306 69
102.307 69
102.307 69
102.307 69
102.308 69
102.308 69
102.308 69
102.309 69
102.309 69
102.309 69
102.31 69
102.31 69
102.31 69
102.311 69
102.311 69
102.311 69
102.312 69
102.312 69
102.312 69
102.313 69
102.313 69
102.313 69
102.314 69
102.314 69
102.314 69
102.315 69
102.315 69
102.315 69
102.316 69
102.316 69
102.316 69
102.317 69
102.317 69
102.317 69
102.317 69
102.318 69
102.318 69
102.318 69
102.319 69
102.319 69
102.319 69
102.32 69
102.32 69
102.32 69
102.321 69
102.321 69
102.321 69
102.322 69
102.322 69
102.322 69
102.323 69
102.323 69
102.323 69
102.324 69
102.324 69
102.324 69
102.325 69
102.325 69
102.325 69
102.326 69
102.326 69
102.326 69
102.327 69
102.327 69
102.327 69
102.328 69
102.328 69
102.328 69
102.329 69
102.329 69
102.329 69
102.33 69
102.33 69
102.33 69
102.331 69
102.331 69
102.331 69
102.332 69
102.332 69
102.333 69
102.333 69
102.333 69
102.334 69
102.334 69
102.334 69
102.335 69
102.335 69
102.335 69
102.336 69
102.336 69
102.336 69
102.337 69
102.337 69
102.337 69
102.338 69
102.338 69
102.338 69
102.339 69
102.339 69
102.339 69
102.34 69
102.34 69
102.34 69
102.341 69
102.341 69
102.341 69
102.342 69
102.342 69
102.342 69
102.343 69
102.343 69
102.343 69
102.344 69
102.344 69
102.345 69
102.345 69
102.345 69
102.346 69
102.346 69
102.346 69
102.347 69
102.347 69
102.347 69
102.348 69
102.348 69
102.348 69
102.349 69
102.349 69
102.349 69
102.35 69
102.35 69
102.35 69
102.351 69
102.351 69
102.352 69
102.352 69
102.352 69
102.353 69
102.353 69
102.353 69
102.354 69
102.354 69
102.354 69
102.355 69
102.355 69
102.355 69
102.356 69
102.356 69
102.356 69
102.357 69
102.357 69
102.358 69
102.358 69
102.358 69
102.359 69
102.359 69
102.359 69
102.36 69
102.36 69
102.36 69
102.361 69
102.361 69
102.362 69
102.362 69
102.362 69
102.363 69
102.363 69
102.363 69
102.364 69
102.364 69
102.364 69
102.365 69
102.365 69
102.365 69
102.366 69
102.366 69
102.367 69
102.367 69
102.367 69
102.368 69
102.368 69
102.368 69
102.369 69
102.369 69
102.369 69
102.37 69
102.37 69
102.371 69
102.371 69
102.371 69
102.372 69
102.372 69
102.372 69
102.373 69
102.373 69
102.374 69
102.374 69
102.374 69
102.375 69
102.375 69
102.375 69
102.376 69
102.376 69
102.376 69
102.377 69
102.377 69
102.378 69
102.378 69
102.378 69
102.379 69
102.379 69
102.379 69
102.38 69
102.38 69
102.381 69
102.381 69
102.381 69
102.382 69
102.382 69
102.382 69
102.383 69
102.383 69
102.384 69
102.384 69
102.384 69
102.385 69
102.385 69
102.385 69
102.386 69
102.386 69
102.387 69
102.387 69
102.387 69
102.388 69
102.388 69
102.388 69
102.389 69
102.389 69
102.39 69
102.39 69
102.39 69
102.391 69
102.391 69
102.391 69
102.392 69
102.392 69
102.393 69
102.393 69
102.393 69
102.394 69
102.394 69
102.395 69
102.395 69
102.395 69
102.396 69
102.396 69
102.396 69
102.397 69
102.397 69
102.398 69
102.398 69
102.398 69
102.399 69
102.399 69
102.399 69
102.4 69
102.4 69
102.401 69
102.401 69
102.401 69
102.402 69
102.402 69
102.403 69
102.403 69
102.403 69
102.404 69
102.404 69
102.405 69
102.405 69
102.405 69
102.406 69
102.406 69
102.406 69
102.407 69
102.407 69
102.408 69
102.408 69
102.408 69
102.409 69
102.409 69
102.41 69
102.41 69
102.41 69
102.411 69
102.411 69
102.412 69
102.412 69
102.412 69
102.413 69
102.413 69
102.414 69
102.414 69
102.414 69
102.415 69
102.415 69
102.415 69
102.416 69
102.416 69
102.417 69
102.417 69
102.417 69
102.418 69
102.418 69
102.419 69
102.419 69
102.419 69
102.42 69
102.42 69
102.421 69
102.421 69
102.421 69
102.422 69
102.422 69
102.423 69
102.423 69
102.423 69
102.424 69
102.424 69
102.425 69
102.425 69
102.425 69
102.426 69
102.426 69
102.427 69
102.427 69
102.427 69
102.428 69
102.428 69
102.429 69
102.429 69
102.429 69
102.43 69
102.43 69
102.431 69
102.431 69
102.432 69
102.432 69
102.432 69
102.433 69
102.433 69
102.434 69
102.434 69
102.434 69
102.435 69
102.435 69
102.436 69
102.436 69
102.436 69
102.437 69
102.437 69
102.438 69
102.438 69
102.438 69
102.439 69
102.439 69
102.44 69
102.44 69
102.44 69
102.441 69
102.441 69
102.442 69
102.442 69
102.443 69
102.443 69
102.443 69
102.444 69
102.444 69
102.445 69
102.445 69
102.445 69
102.446 69
102.446 69
102.447 69
102.447 69
102.448 69
102.448 69
102.448 69
102.449 69
102.449 69
102.45 69
102.45 69
102.45 69
102.451 69
102.451 69
102.452 69
102.452 69
102.453 69
102.453 69
102.453 69
102.454 69
102.454 69
102.455 69
102.455 69
102.455 69
102.456 69
102.456 69
102.457 69
102.457 69
102.458 69
102.458 69
102.458 69
102.459 69
102.459 69
102.46 69
102.46 69
102.461 69
102.461 69
102.461 69
102.462 69
102.462 69
102.463 69
102.463 69
102.463 69
102.464 69
102.464 69
102.465 69
102.465 69
102.466 69
102.466 69
102.466 69
102.467 69
102.467 69
102.468 69
102.468 69
102.469 69
102.469 69
102.469 69
102.47 69
102.47 69
102.471 69
102.471 69
102.472 69
102.472 69
102.472 69
102.473 69
102.473 69
102.474 69
102.474 69
102.475 69
102.475 69
102.475 69
102.476 69
102.476 69
102.477 69
102.477 69
102.478 69
102.478 69
102.478 69
102.479 69
102.479 69
102.48 69
102.48 69
102.481 69
102.481 69
102.482 69
102.482 69
102.482 69
102.483 69
102.483 69
102.484 69
102.484 69
102.485 69
102.485 69
102.485 69
102.486 69
102.486 69
102.487 69
102.487 69
102.488 69
102.488 69
102.489 69
102.489 69
102.489 69
102.49 69
102.49 69
102.491 69
102.491 69
102.492 69
102.492 69
102.492 69
102.493 69
102.493 69
102.494 69
102.494 69
102.495 69
102.495 69
102.496 69
102.496 69
102.496 69
102.497 69
102.497 69
102.498 69
102.498 69
102.499 69
102.499 69
102.5 69
102.5 69
102.5 69
102.501 69
102.501 69
102.502 69
102.502 69
102.503 69
102.503 69
102.504 69
102.504 69
102.504 69
102.505 69
102.505 69
102.506 69
102.506 69
102.507 69
102.507 69
102.508 69
102.508 69
102.509 69
102.509 69
102.509 69
102.51 69
102.51 69
102.511 69
102.511 69
102.512 69
102.512 69
102.513 69
102.513 69
102.514 69
102.514 69
102.514 69
102.515 69
102.515 69
102.516 69
102.516 69
102.517 69
102.517 69
102.518 69
102.518 69
102.519 69
102.519 69
102.519 69
102.52 69
102.52 69
102.521 69
102.521 69
102.522 69
102.522 69
102.523 69
102.523 69
102.524 69
102.524 69
102.524 69
102.525 69
102.525 69
102.526 69
102.526 69
102.527 69
102.527 69
102.528 69
102.528 69
102.529 69
102.529 69
102.53 69
102.53 69
102.53 69
102.531 69
102.531 69
102.532 69
102.532 69
102.533 69
102.533 69
102.534 69
102.534 69
102.535 69
102.535 69
102.536 69
102.536 69
102.536 69
102.537 69
102.537 69
102.538 69
102.538 69
102.539 69
102.539 69
102.54 69
102.54 69
102.541 69
102.541 69
102.542 69
102.542 69
102.543 69
102.543 69
102.544 69
102.544 69
102.544 69
102.545 69
102.545 69
102.546 69
102.546 69
102.547 69
102.547 69
102.548 69
102.548 69
102.549 69
102.549 69
102.55 69
102.55 69
102.551 69
102.551 69
102.552 69
102.552 69
102.552 69
102.553 69
102.553 69
102.554 69
102.554 69
102.555 69
102.555 69
102.556 69
102.556 69
102.557 69
102.557 69
102.558 69
102.558 69
102.559 69
102.559 69
102.56 69
102.56 69
102.561 69
102.561 69
102.562 69
102.562 69
102.562 69
102.563 69
102.563 69
102.564 69
102.564 69
102.565 69
102.565 69
102.566 69
102.566 69
102.567 69
102.567 69
102.568 69
102.568 69
102.569 69
102.569 69
102.57 69
102.57 69
102.571 69
102.571 69
102.572 69
