0.1 -0.0863102
0.2 -0.160822
0.3 -0.241385
0.4 -0.322051
0.5 -0.40282
0.6 -0.483691
0.7 -0.564666
0.8 -0.645745
0.9 -0.726928
1 -0.808215
0.920191 -0.952318
1.84002 -1.09665
2.75964 -1.24117
3.67877 -1.38596
4.59734 -1.53103
5.51554 -1.67633
6.43335 -1.82187
7.35075 -1.96766
8.26774 -2.11369
9.18435 -2.25995
10.1008 -2.40634
11.0168 -2.55295
11.9325 -2.69979
12.8477 -2.84692
13.7624 -2.99429
14.6768 -3.14191
15.5907 -3.28979
16.5043 -3.43787
17.4175 -3.58618
18.3302 -3.73474
19.2426 -3.88354
20.1545 -4.03261
21.066 -4.18192
21.9771 -4.33148
22.8877 -4.48131
23.7979 -4.6314
24.7077 -4.78176
25.617 -4.93239
26.5259 -5.08329
27.4344 -5.23446
28.3424 -5.3859
29.2499 -5.53762
30.1571 -5.68961
31.0637 -5.84187
31.97 -5.99441
32.8757 -6.14723
33.7811 -6.30033
34.6859 -6.45371
35.5903 -6.60738
36.4943 -6.76133
37.3978 -6.91557
38.3009 -7.0701
39.2034 -7.22492
40.1056 -7.38003
41.0072 -7.53544
41.9084 -7.69114
42.8091 -7.84713
43.7094 -8.00343
44.6092 -8.16002
45.5085 -8.31691
46.4073 -8.4741
47.3057 -8.6316
48.2036 -8.7894
49.101 -8.94752
49.998 -9.10594
50.8944 -9.26467
51.7904 -9.42371
52.6859 -9.58306
53.5809 -9.74274
54.4754 -9.90273
55.3695 -10.063
56.263 -10.2237
57.156 -10.3846
58.0486 -10.5459
58.9406 -10.7075
59.8322 -10.8694
60.7233 -11.0317
61.6138 -11.1943
62.5039 -11.3572
63.3934 -11.5205
64.2825 -11.6841
65.171 -11.848
66.059 -12.0123
66.9465 -12.177
67.8335 -12.3419
68.72 -12.5073
69.6059 -12.6729
70.4914 -12.839
71.3763 -13.0054
72.2607 -13.1721
73.1445 -13.3392
74.0279 -13.5067
74.9107 -13.6745
75.793 -13.8427
76.6747 -14.0113
77.5559 -14.1802
78.4366 -14.3496
79.3167 -14.5192
80.1963 -14.6893
81.0753 -14.8598
81.9538 -15.0306
82.8317 -15.2018
83.7091 -15.3734
84.5859 -15.5454
85.4622 -15.7177
86.3379 -15.8905
87.213 -16.0637
88.0876 -16.2373
88.9617 -16.4112
89.8351 -16.5856
90.708 -16.7604
91.5803 -16.9356
92.452 -17.1112
93.3232 -17.2872
94.1938 -17.4637
95.0638 -17.6406
95.9332 -17.8179
96.802 -17.9956
97.6702 -18.1737
98.5379 -18.3523
99.4049 -18.5313
100.266 -18.7291
101.093 -19.0094
101.836 -19.366
102.253 -19.5695
102.59 -19.7144
102.898 -19.8557
103.168 -19.9951
103.306 -20.1123
103.413 -20.2236
103.518 -20.3317
103.621 -20.4366
103.723 -20.5352
103.823 -20.6283
103.92 -20.7296
104.014 -20.8351
104.103 -20.9456
104.189 -21.0529
104.267 -21.144
104.342 -21.2338
104.41 -21.28
104.472 -21.3028
104.532 -21.3126
104.591 -21.323
104.649 -21.3339
104.706 -21.3455
104.76 -21.3576
104.813 -21.3702
104.863 -21.3834
104.91 -21.397
104.956 -21.4112
104.998 -21.4259
105.036 -21.441
105.074 -21.4567
105.108 -21.4729
105.138 -21.4895
105.166 -21.5065
105.191 -21.5242
105.217 -21.5424
105.242 -21.5612
105.267 -21.5806
105.292 -21.6007
105.317 -21.6213
105.341 -21.6426
105.365 -21.6645
105.388 -21.6871
105.412 -21.7103
105.435 -21.7342
105.458 -21.7587
105.48 -21.7838
105.502 -21.8096
105.524 -21.8361
105.546 -21.8633
105.567 -21.8911
105.588 -21.9196
105.609 -21.9488
105.629 -21.9787
105.649 -22.0093
105.669 -22.0406
105.689 -22.0727
105.708 -22.1054
105.727 -22.1389
105.745 -22.173
105.764 -22.208
105.782 -22.2436
105.799 -22.28
105.816 -22.3171
105.832 -22.355
105.848 -22.3936
105.863 -22.433
105.877 -22.4731
105.891 -22.5139
105.905 -22.5556
105.917 -22.6066
105.93 -22.6583
105.941 -22.7106
105.951 -22.773
105.96 -22.839
105.968 -22.9055
105.977 -22.9723
105.985 -23.0396
105.992 -23.112
105.997 -23.1855
106.002 -23.2592
106.007 -23.3333
106.012 -23.4077
106.015 -23.48
106.018 -23.5514
106.02 -23.6231
106.023 -23.6953
106.024 -23.7631
106.026 -23.8312
106.027 -23.8999
106.028 -23.969
106.029 -24.0386
106.029 -24.1087
106.03 -24.1793
106.03 -24.2504
106.03 -24.322
106.03 -24.394
106.03 -24.4685
106.029 -24.5475
106.028 -24.627
106.026 -24.707
106.025 -24.7875
106.023 -24.8685
106.021 -24.9501
106.019 -25.0323
106.016 -25.1149
106.013 -25.1999
106.01 -25.2881
106.006 -25.3767
106.001 -25.4716
105.996 -25.567
105.99 -25.6684
105.984 -25.7712
105.978 -25.8745
105.972 -25.9781
105.965 -26.0836
105.958 -26.1907
105.951 -26.2982
105.944 -26.4083
105.935 -26.5278
105.925 -26.6475
105.916 -26.7674
105.907 -26.8875
105.897 -27.0079
105.886 -27.1394
105.876 -27.2726
105.865 -27.4057
105.854 -27.5382
105.843 -27.6693
105.831 -27.7976
105.818 -27.923
105.806 -28.0484
105.793 -28.174
105.781 -28.3022
105.767 -28.4322
105.754 -28.5615
105.74 -28.689
105.726 -28.8165
105.712 -28.9441
105.698 -29.0716
105.684 -29.1992
105.67 -29.3269
105.656 -29.4545
105.642 -29.5822
105.628 -29.7099
105.613 -29.835
105.599 -29.9583
105.584 -30.0818
105.569 -30.2052
105.555 -30.3288
105.54 -30.4524
105.525 -30.5761
105.51 -30.6998
105.495 -30.8237
105.481 -30.9465
105.465 -31.0653
105.45 -31.1843
105.435 -31.3035
105.42 -31.4227
105.405 -31.5421
105.389 -31.6617
105.374 -31.7813
105.359 -31.9012
105.343 -32.0211
105.328 -32.1412
105.313 -32.2614
105.297 -32.3818
105.282 -32.5023
105.267 -32.6229
105.251 -32.7437
105.236 -32.8646
105.22 -32.9856
105.205 -33.1067
105.189 -33.227
105.173 -33.3474
105.158 -33.4679
105.142 -33.5886
105.126 -33.7094
105.111 -33.8304
105.095 -33.9515
105.079 -34.0727
105.063 -34.1941
105.048 -34.3156
105.032 -34.4373
105.016 -34.549
105 -34.6584
104.984 -34.7679
104.968 -34.8776
104.952 -34.9875
104.936 -35.0975
104.92 -35.2078
104.904 -35.3182
104.888 -35.4288
104.872 -35.5395
104.855 -35.6505
104.839 -35.7616
104.823 -35.8729
104.807 -35.9844
104.79 -36.096
104.774 -36.2078
104.758 -36.3198
104.741 -36.4319
104.724 -36.5442
104.708 -36.6568
104.691 -36.7695
104.675 -36.8824
104.658 -36.9954
104.642 -37.1087
104.625 -37.2221
104.608 -37.3357
104.591 -37.4494
104.574 -37.5633
104.557 -37.6774
104.54 -37.7917
104.523 -37.9062
104.506 -38.0209
104.488 -38.1358
104.471 -38.2508
104.454 -38.3661
104.437 -38.4815
104.42 -38.5972
104.403 -38.713
104.385 -38.8291
104.368 -38.9453
104.35 -39.0616
104.333 -39.1781
104.315 -39.2949
104.297 -39.4118
104.28 -39.5305
104.262 -39.6556
104.244 -39.7808
104.226 -39.9061
104.208 -40.0316
104.19 -40.1572
104.172 -40.2829
104.154 -40.4087
104.137 -40.5346
104.119 -40.6607
104.101 -40.7869
104.083 -40.9132
104.065 -41.0396
104.046 -41.166
104.028 -41.2926
104.01 -41.4194
103.991 -41.5462
103.973 -41.6764
103.954 -41.8148
103.936 -41.9533
103.917 -42.0917
103.898 -42.2301
103.88 -42.3687
103.862 -42.5074
103.844 -42.6461
103.827 -42.7847
103.809 -42.9234
103.791 -43.062
103.774 -43.2011
103.758 -43.3403
103.741 -43.4795
103.725 -43.6186
103.709 -43.7578
103.693 -43.8731
103.678 -43.9883
103.662 -44.1034
103.648 -44.2188
103.634 -44.3345
103.621 -44.4502
103.607 -44.5658
103.594 -44.6814
103.58 -44.7971
103.568 -44.8875
103.556 -44.9739
103.545 -45.0447
103.535 -45.1114
103.524 -45.1815
103.514 -45.2531
103.503 -45.3245
103.493 -45.396
103.483 -45.4674
103.473 -45.5387
103.463 -45.6099
103.453 -45.681
103.444 -45.752
103.434 -45.8229
103.425 -45.8839
103.417 -45.9406
103.409 -45.9973
103.401 -46.0539
103.393 -46.1103
103.385 -46.1667
103.376 -46.223
103.368 -46.2786
103.36 -46.3248
103.352 -46.3709
103.344 -46.4169
103.335 -46.4628
103.327 -46.5086
103.319 -46.5547
103.312 -46.6136
103.305 -46.6724
103.298 -46.7311
103.291 -46.7898
103.284 -46.8484
103.277 -46.907
103.27 -46.9655
103.263 -47.024
103.256 -47.0824
103.25 -47.1448
103.243 -47.2146
103.237 -47.2844
103.23 -47.3541
103.224 -47.4239
103.217 -47.4936
103.211 -47.5633
103.204 -47.633
103.198 -47.7026
103.191 -47.7722
103.185 -47.8418
103.178 -47.9114
103.172 -47.9809
103.166 -48.0505
103.159 -48.12
103.153 -48.1894
103.146 -48.2589
103.14 -48.3283
103.133 -48.3977
103.127 -48.4671
103.12 -48.5365
103.114 -48.6058
103.107 -48.6751
103.101 -48.7444
103.094 -48.8137
103.088 -48.8829
103.081 -48.9521
103.075 -49.0213
103.068 -49.0905
103.062 -49.1567
103.055 -49.2149
103.049 -49.2731
103.042 -49.3314
103.036 -49.3896
103.03 -49.4479
103.023 -49.5061
103.017 -49.5644
103.011 -49.6226
103.005 -49.6809
102.998 -49.7391
102.992 -49.7974
102.986 -49.8558
102.981 -49.9141
102.975 -49.9724
102.969 -50.0308
102.963 -50.0891
102.957 -50.1475
102.952 -50.2058
102.946 -50.2642
102.94 -50.3225
102.934 -50.3809
102.928 -50.4392
102.923 -50.4976
102.918 -50.5561
102.912 -50.6145
102.907 -50.6729
102.901 -50.7313
102.896 -50.7897
102.891 -50.8481
102.885 -50.9065
102.88 -50.9649
102.874 -51.0233
102.869 -51.0768
102.864 -51.124
102.858 -51.1713
102.854 -51.2187
102.849 -51.266
102.844 -51.3134
102.84 -51.3608
102.835 -51.4082
102.831 -51.4556
102.826 -51.503
102.822 -51.5504
102.817 -51.5978
102.813 -51.6452
102.809 -51.6927
102.806 -51.7263
102.802 -51.7593
102.799 -51.7923
102.795 -51.8252
102.792 -51.8582
102.789 -51.8912
102.785 -51.9242
102.782 -51.9572
102.778 -51.9901
102.775 -52.0231
102.772 -52.0561
102.768 -52.0891
102.765 -52.1221
102.761 -52.155
102.758 -52.1881
102.756 -52.2212
102.753 -52.2542
102.75 -52.2873
102.747 -52.3203
102.745 -52.3502
102.742 -52.3774
102.74 -52.4046
102.737 -52.4318
102.735 -52.459
102.733 -52.4862
102.73 -52.5134
102.727 -52.5405
102.724 -52.5677
102.721 -52.5948
102.719 -52.622
102.716 -52.6491
102.713 -52.6763
102.711 -52.7035
102.709 -52.7179
102.707 -52.7311
102.704 -52.7444
102.702 -52.7577
102.7 -52.7725
102.698 -52.7899
102.696 -52.8074
102.695 -52.8249
102.693 -52.8424
102.691 -52.8599
102.689 -52.8774
102.687 -52.8949
102.686 -52.9123
102.684 -52.9298
102.682 -52.9473
102.681 -52.9485
102.68 -52.9504
102.679 -52.9547
102.678 -52.9589
102.676 -52.9631
102.675 -52.9673
102.674 -52.9715
102.672 -52.9757
102.671 -52.9798
102.669 -52.984
102.667 -52.9882
102.666 -52.9924
102.664 -52.9966
102.663 -53.0008
102.661 -53.005
102.66 -53.0092
102.658 -53.0133
102.657 -53.0175
102.655 -53.0217
102.654 -53.0259
102.652 -53.0294
102.651 -53.0262
102.65 -53.023
102.649 -53.0198
102.648 -53.0166
102.647 -53.0134
102.646 -53.0102
102.645 -53.0071
102.644 -53.0039
102.643 -53.0007
102.642 -52.9975
102.641 -52.9943
102.64 -52.9911
102.639 -52.9879
102.638 -52.9847
102.637 -52.9815
102.636 -52.9783
102.635 -52.9751
102.634 -52.9719
102.633 -52.9692
102.632 -52.9714
102.631 -52.9735
102.631 -52.9756
102.63 -52.9777
102.629 -52.9798
102.628 -52.9819
102.627 -52.984
102.627 -52.9861
102.626 -52.9882
102.625 -52.9904
102.624 -52.9925
102.623 -52.9946
102.623 -52.9983
102.622 -53.0064
102.621 -53.0144
102.621 -53.0225
102.62 -53.0305
102.619 -53.0385
102.619 -53.0466
102.618 -53.0546
102.618 -53.0627
102.617 -53.0707
102.616 -53.0788
102.616 -53.0868
102.615 -53.0949
102.614 -53.1029
102.614 -53.1109
102.613 -53.119
102.613 -53.127
102.612 -53.1351
102.611 -53.1431
102.611 -53.1512
102.61 -53.1592
102.609 -53.1672
102.609 -53.1753
102.608 -53.1833
102.607 -53.1914
102.607 -53.1994
102.606 -53.2074
102.605 -53.2155
102.604 -53.2235
102.604 -53.2316
102.603 -53.2396
102.602 -53.2476
102.602 -53.2557
102.601 -53.2637
102.6 -53.2718
102.6 -53.2798
102.599 -53.2878
102.598 -53.2959
102.597 -53.3039
102.597 -53.312
102.596 -53.32
102.595 -53.328
102.595 -53.3361
102.594 -53.3441
102.593 -53.3522
102.593 -53.3602
102.592 -53.3682
102.591 -53.3763
102.59 -53.3843
102.59 -53.3923
102.589 -53.4004
102.588 -53.4084
102.588 -53.4165
102.587 -53.4245
102.586 -53.4325
102.586 -53.4406
102.585 -53.4486
102.584 -53.4567
102.584 -53.4647
102.583 -53.4727
102.582 -53.4808
102.581 -53.4888
102.581 -53.4969
102.58 -53.5049
102.579 -53.5129
102.579 -53.521
102.578 -53.529
102.577 -53.537
102.577 -53.5451
102.576 -53.5531
102.575 -53.5612
102.575 -53.5692
102.574 -53.5772
102.573 -53.5853
102.573 -53.5933
102.572 -53.6014
102.571 -53.6094
102.57 -53.6174
102.57 -53.6255
102.569 -53.6335
102.568 -53.6416
102.568 -53.6496
102.567 -53.6576
102.566 -53.6657
102.566 -53.6737
102.565 -53.6817
102.564 -53.6898
102.564 -53.6978
102.563 -53.7059
102.562 -53.7139
102.562 -53.7219
102.561 -53.73
102.56 -53.738
102.559 -53.7461
102.559 -53.7541
102.558 -53.7621
102.557 -53.7702
102.557 -53.7782
102.556 -53.7862
102.555 -53.7943
102.555 -53.8023
102.554 -53.8104
102.553 -53.8184
102.553 -53.8264
102.552 -53.8345
102.551 -53.8425
102.551 -53.8506
102.55 -53.8586
102.549 -53.8666
102.549 -53.8747
102.548 -53.8827
102.547 -53.8907
102.547 -53.8988
102.546 -53.9068
102.545 -53.9149
102.545 -53.9229
102.544 -53.9309
102.543 -53.939
102.543 -53.947
102.542 -53.955
102.541 -53.9631
102.54 -53.9711
102.54 -53.9792
102.539 -53.9872
102.538 -53.9952
102.538 -54.0033
102.537 -54.0113
102.536 -54.0194
102.536 -54.0274
102.535 -54.0354
102.534 -54.0435
102.534 -54.0515
102.533 -54.0595
102.532 -54.0676
102.532 -54.0756
102.531 -54.0837
102.53 -54.0917
102.53 -54.0997
102.529 -54.1078
102.528 -54.1158
102.528 -54.1238
102.527 -54.1319
102.526 -54.1399
102.526 -54.148
102.525 -54.156
102.524 -54.164
102.524 -54.1721
102.523 -54.1801
102.522 -54.1881
102.522 -54.1962
102.521 -54.2042
102.52 -54.2123
102.52 -54.2203
102.519 -54.2283
102.518 -54.2364
102.518 -54.2444
102.517 -54.2524
102.516 -54.2605
102.516 -54.2685
102.515 -54.2766
102.514 -54.2846
102.514 -54.2926
102.513 -54.3007
102.512 -54.3087
102.511 -54.3167
102.51 -54.3247
102.51 -54.3327
102.509 -54.3407
102.508 -54.3488
102.507 -54.3568
102.506 -54.3648
102.505 -54.3728
102.504 -54.3808
102.504 -54.3888
102.503 -54.3969
102.502 -54.4049
102.501 -54.4129
102.5 -54.4209
102.499 -54.4289
102.498 -54.4369
102.498 -54.4449
102.497 -54.453
102.496 -54.461
102.495 -54.469
102.494 -54.477
102.493 -54.485
102.492 -54.493
102.492 -54.501
102.491 -54.5091
102.49 -54.5171
102.489 -54.5251
102.488 -54.5331
102.487 -54.5411
102.486 -54.5491
102.486 -54.5571
102.485 -54.5652
102.484 -54.5732
102.483 -54.5812
102.482 -54.5892
102.481 -54.5972
102.48 -54.6052
102.48 -54.6132
102.479 -54.6213
102.478 -54.6293
102.477 -54.6373
102.476 -54.6453
102.475 -54.6533
102.475 -54.6613
102.474 -54.6693
102.473 -54.6774
102.472 -54.6854
102.471 -54.6934
102.47 -54.7014
102.469 -54.7094
102.469 -54.7174
102.468 -54.7255
102.467 -54.7335
102.466 -54.7415
102.465 -54.7495
102.465 -54.7575
102.464 -54.7656
102.464 -54.7736
102.463 -54.7817
102.462 -54.7897
102.462 -54.7977
102.461 -54.8058
102.46 -54.8138
102.46 -54.8218
102.459 -54.8299
102.458 -54.8379
102.457 -54.8459
102.456 -54.8539
102.456 -54.8619
102.455 -54.8699
102.454 -54.8779
102.453 -54.8859
102.452 -54.8939
102.451 -54.9019
102.45 -54.9099
102.448 -54.9179
102.447 -54.9259
102.446 -54.9338
102.444 -54.9418
102.443 -54.9497
102.442 -54.9577
102.44 -54.9657
102.439 -54.9736
102.437 -54.9815
102.385 -54.9858
102.352 -54.9913
102.352 -54.999
102.066 -54.986
102.2 -55.004
102.321 -55.021
102.383 -55.0337
102.384 -55.0418
102.384 -55.0499
102.384 -55.058
102.384 -55.0661
102.385 -55.0742
102.385 -55.0823
102.385 -55.0904
102.385 -55.0985
102.385 -55.1066
102.385 -55.1147
102.385 -55.1228
102.385 -55.1309
102.385 -55.1389
102.385 -55.147
102.386 -55.1551
102.386 -55.1632
102.386 -55.1713
102.386 -55.1794
102.386 -55.1875
102.386 -55.1956
102.386 -55.2036
102.386 -55.2117
102.386 -55.2198
102.386 -55.2279
102.386 -55.236
102.386 -55.2441
102.386 -55.2522
102.386 -55.2603
102.386 -55.2683
102.386 -55.2764
102.385 -55.2844
102.384 -55.2924
102.384 -55.3005
102.383 -55.3085
102.382 -55.3165
102.382 -55.3245
102.381 -55.3326
102.38 -55.3406
102.38 -55.3486
102.379 -55.3567
102.379 -55.3647
102.378 -55.3727
102.377 -55.3808
102.377 -55.3888
102.376 -55.3968
102.375 -55.4049
102.375 -55.4129
102.374 -55.4209
102.373 -55.4289
102.373 -55.437
102.372 -55.445
102.371 -55.453
102.371 -55.4611
102.37 -55.4691
102.369 -55.4771
102.369 -55.4852
102.368 -55.4932
102.367 -55.5012
102.367 -55.5093
102.366 -55.5173
102.365 -55.5253
102.365 -55.5333
102.364 -55.5414
102.363 -55.5494
102.363 -55.5574
102.362 -55.5655
102.361 -55.5735
102.361 -55.5815
102.36 -55.5896
102.36 -55.5976
102.359 -55.6056
102.358 -55.6137
102.358 -55.6217
102.357 -55.6297
102.356 -55.6377
102.356 -55.6458
102.355 -55.6538
102.354 -55.6618
102.354 -55.6699
102.353 -55.6779
102.352 -55.6859
102.352 -55.694
102.351 -55.702
102.35 -55.71
102.35 -55.718
102.349 -55.7261
102.349 -55.7341
102.348 -55.7421
102.347 -55.7502
102.347 -55.7582
102.346 -55.7662
102.346 -55.7743
102.345 -55.7823
102.345 -55.7904
102.344 -55.7984
102.344 -55.8065
102.343 -55.8145
102.343 -55.8225
102.342 -55.8306
102.342 -55.8386
102.341 -55.8467
102.341 -55.8547
102.34 -55.8628
102.34 -55.8708
102.339 -55.8788
102.339 -55.8869
102.338 -55.8949
102.338 -55.903
102.338 -55.911
102.337 -55.9191
102.337 -55.9271
102.336 -55.9351
102.336 -55.9432
102.335 -55.9512
102.335 -55.9593
102.334 -55.9673
102.334 -55.9754
102.333 -55.9834
102.333 -55.9914
102.332 -55.9995
102.332 -56.0075
102.331 -56.0156
102.331 -56.0236
102.331 -56.0317
102.33 -56.0397
102.33 -56.0477
102.329 -56.0558
102.329 -56.0638
102.328 -56.0719
102.328 -56.0799
102.327 -56.088
102.327 -56.096
102.326 -56.104
102.326 -56.1121
102.325 -56.1201
102.325 -56.1282
102.324 -56.1362
102.324 -56.1443
102.324 -56.1523
102.323 -56.1603
102.323 -56.1684
102.322 -56.1764
102.322 -56.1845
102.321 -56.1925
102.321 -56.2006
102.32 -56.2086
102.32 -56.2166
102.319 -56.2247
102.319 -56.2327
102.318 -56.2408
102.318 -56.2488
102.318 -56.2569
102.317 -56.2649
102.317 -56.2729
102.316 -56.281
102.316 -56.289
102.315 -56.2971
102.315 -56.3051
102.314 -56.3132
102.314 -56.3212
102.313 -56.3292
102.313 -56.3373
102.313 -56.3453
102.312 -56.3534
102.312 -56.3614
102.311 -56.3695
102.311 -56.3775
102.31 -56.3855
102.31 -56.3936
102.309 -56.4016
102.309 -56.4097
102.308 -56.4177
102.308 -56.4258
102.308 -56.4338
102.307 -56.4418
102.307 -56.4499
102.306 -56.4579
102.306 -56.466
102.305 -56.474
102.305 -56.4821
102.304 -56.4901
102.304 -56.4981
102.303 -56.5062
102.303 -56.5142
102.303 -56.5223
102.302 -56.5303
102.302 -56.5384
102.301 -56.5464
102.301 -56.5544
102.3 -56.5625
102.3 -56.5705
102.299 -56.5786
102.299 -56.5866
102.299 -56.5947
102.298 -56.6027
102.298 -56.6107
102.297 -56.6188
102.297 -56.6268
102.296 -56.6349
102.296 -56.6429
102.295 -56.6509
102.295 -56.659
102.294 -56.667
102.294 -56.6751
102.294 -56.6831
102.293 -56.6912
102.293 -56.6992
102.292 -56.7072
102.292 -56.7153
102.291 -56.7233
102.291 -56.7314
102.29 -56.7394
102.29 -56.7475
102.29 -56.7555
102.289 -56.7635
102.289 -56.7716
102.288 -56.7796
102.288 -56.7877
102.287 -56.7957
102.287 -56.8038
102.286 -56.8118
102.286 -56.8198
102.286 -56.8279
102.285 -56.8359
102.285 -56.844
102.284 -56.852
102.284 -56.86
102.283 -56.8681
102.283 -56.8761
102.283 -56.8842
102.282 -56.8922
102.282 -56.9003
102.281 -56.9083
102.281 -56.9163
102.28 -56.9244
102.28 -56.9324
102.279 -56.9405
102.279 -56.9485
102.279 -56.9566
102.278 -56.9646
102.278 -56.9726
102.277 -56.9807
102.277 -56.9887
102.276 -56.9968
102.276 -57.0048
102.276 -57.0129
102.275 -57.0209
102.275 -57.0289
102.274 -57.037
102.274 -57.045
102.273 -57.0531
102.273 -57.0611
102.272 -57.0691
102.272 -57.0772
102.272 -57.0852
102.271 -57.0933
102.271 -57.1013
102.27 -57.1094
102.27 -57.1174
102.269 -57.1254
102.269 -57.1335
102.269 -57.1415
102.268 -57.1496
102.268 -57.1576
102.267 -57.1657
102.267 -57.1737
102.266 -57.1817
102.266 -57.1898
102.266 -57.1978
102.265 -57.2059
102.265 -57.2139
102.264 -57.2219
102.264 -57.23
102.263 -57.238
102.263 -57.2461
102.263 -57.2541
102.262 -57.2622
102.262 -57.2702
102.261 -57.2782
102.261 -57.2863
102.26 -57.2943
102.26 -57.3024
102.26 -57.3104
102.259 -57.3184
102.259 -57.3265
102.258 -57.3345
102.258 -57.3426
102.257 -57.3506
102.257 -57.3587
102.257 -57.3667
102.256 -57.3747
102.256 -57.3828
102.255 -57.3908
102.255 -57.3989
102.254 -57.4069
102.254 -57.415
102.254 -57.423
102.253 -57.431
102.253 -57.4391
102.252 -57.4471
102.252 -57.4552
102.252 -57.4632
102.251 -57.4712
102.251 -57.4793
102.25 -57.4873
102.25 -57.4954
102.249 -57.5034
102.249 -57.5115
102.249 -57.5195
102.248 -57.5275
102.248 -57.5356
102.247 -57.5436
102.247 -57.5517
102.246 -57.5597
102.246 -57.5677
102.246 -57.5758
102.245 -57.5838
102.245 -57.5919
102.244 -57.5999
102.244 -57.608
102.244 -57.616
102.243 -57.624
102.243 -57.6321
102.242 -57.6401
102.242 -57.6482
102.241 -57.6562
102.241 -57.6642
102.241 -57.6723
102.24 -57.6803
102.24 -57.6884
102.239 -57.6964
102.239 -57.7045
102.239 -57.7125
102.238 -57.7205
102.238 -57.7286
102.237 -57.7366
102.237 -57.7447
102.236 -57.7527
102.236 -57.7608
102.236 -57.7688
102.235 -57.7768
102.235 -57.7849
102.234 -57.7929
102.234 -57.801
102.234 -57.809
102.233 -57.817
102.233 -57.8251
102.232 -57.8331
102.232 -57.8412
102.231 -57.8492
102.231 -57.8572
102.23 -57.8653
102.23 -57.8733
102.229 -57.8814
102.229 -57.8894
102.229 -57.8974
102.228 -57.9055
102.228 -57.9135
102.227 -57.9215
102.227 -57.9296
102.226 -57.9376
102.226 -57.9457
102.225 -57.9537
102.225 -57.9617
102.224 -57.9698
102.224 -57.9778
102.223 -57.9858
102.223 -57.9939
102.222 -58.0019
102.222 -58.01
102.221 -58.018
102.221 -58.026
102.221 -58.0341
102.22 -58.0421
102.22 -58.0502
102.219 -58.0582
102.219 -58.0662
102.219 -58.0743
102.218 -58.0823
102.218 -58.0904
102.217 -58.0984
102.217 -58.1065
102.217 -58.1145
102.216 -58.1226
102.216 -58.1306
102.216 -58.1386
102.215 -58.1467
102.215 -58.1547
102.214 -58.1628
102.214 -58.1708
102.214 -58.1789
102.213 -58.1869
102.213 -58.1949
102.213 -58.203
102.212 -58.211
102.212 -58.2191
102.211 -58.2271
102.211 -58.2352
102.211 -58.2432
102.21 -58.2513
102.21 -58.2593
102.21 -58.2673
102.209 -58.2754
102.209 -58.2834
102.208 -58.2915
102.208 -58.2995
102.208 -58.3076
102.207 -58.3156
102.207 -58.3236
102.207 -58.3317
102.206 -58.3397
102.206 -58.3478
102.205 -58.3558
102.205 -58.3639
102.205 -58.3719
102.204 -58.38
102.204 -58.388
102.204 -58.396
102.203 -58.4041
102.203 -58.4121
102.203 -58.4202
102.202 -58.4282
102.202 -58.4363
102.201 -58.4443
102.201 -58.4523
102.201 -58.4604
102.2 -58.4684
102.2 -58.4765
102.2 -58.4845
102.199 -58.4926
102.199 -58.5006
102.198 -58.5086
102.198 -58.5167
102.198 -58.5247
102.197 -58.5328
102.197 -58.5408
102.197 -58.5489
102.196 -58.5569
102.196 -58.565
102.196 -58.573
102.195 -58.581
102.195 -58.5891
102.194 -58.5971
102.194 -58.6052
102.194 -58.6132
102.193 -58.6213
102.193 -58.6293
102.193 -58.6373
102.192 -58.6454
102.192 -58.6534
102.192 -58.6615
102.191 -58.6695
102.191 -58.6776
102.19 -58.6856
102.19 -58.6936
102.19 -58.7017
102.189 -58.7097
102.189 -58.7178
102.189 -58.7258
102.188 -58.7339
102.188 -58.7419
102.188 -58.75
102.187 -58.758
102.187 -58.766
102.186 -58.7741
102.186 -58.7821
102.186 -58.7902
102.185 -58.7982
102.185 -58.8063
102.185 -58.8143
102.184 -58.8223
102.184 -58.8304
102.184 -58.8384
102.183 -58.8465
102.183 -58.8545
102.183 -58.8626
102.182 -58.8706
102.182 -58.8786
102.181 -58.8867
102.181 -58.8947
102.181 -58.9028
102.18 -58.9108
102.18 -58.9189
102.18 -58.9269
102.179 -58.935
102.179 -58.943
102.179 -58.951
102.178 -58.9591
102.178 -58.9671
102.178 -58.9752
102.177 -58.9832
102.177 -58.9913
102.177 -58.9993
102.176 -59.0073
102.176 -59.0154
102.175 -59.0234
102.175 -59.0315
102.175 -59.036
102.174 -59.0404
102.174 -59.0448
102.174 -59.0491
102.173 -59.0535
102.173 -59.0578
102.173 -59.0622
102.172 -59.0666
102.172 -59.0709
102.172 -59.0753
102.171 -59.0797
102.171 -59.084
102.171 -59.0884
102.171 -59.0928
102.17 -59.0971
102.17 -59.1015
102.17 -59.1058
102.169 -59.1102
102.169 -59.1146
102.169 -59.1189
102.168 -59.1233
102.168 -59.1277
102.168 -59.132
102.167 -59.1364
102.167 -59.1407
102.167 -59.1451
102.166 -59.1495
102.166 -59.1538
102.166 -59.1582
102.165 -59.1626
102.165 -59.1669
102.165 -59.1713
102.164 -59.1757
102.164 -59.18
102.164 -59.1844
102.163 -59.1888
102.163 -59.1908
102.163 -59.1903
102.163 -59.1899
102.162 -59.1894
102.162 -59.189
102.162 -59.1886
102.161 -59.1881
102.161 -59.1877
102.161 -59.1872
102.161 -59.1868
102.16 -59.1863
102.16 -59.1859
102.16 -59.1854
102.159 -59.185
102.159 -59.1845
102.159 -59.1841
102.159 -59.1836
102.158 -59.1832
102.158 -59.1827
102.158 -59.1823
102.158 -59.1818
102.157 -59.1814
102.157 -59.1809
102.157 -59.1805
102.156 -59.18
102.156 -59.1796
102.156 -59.1792
102.156 -59.1787
102.155 -59.1783
102.155 -59.1778
102.155 -59.1774
102.154 -59.1769
102.154 -59.1765
102.154 -59.176
102.154 -59.1756
102.153 -59.1751
102.153 -59.1747
102.153 -59.1742
102.153 -59.1738
102.152 -59.1733
102.152 -59.1729
102.152 -59.1724
102.152 -59.172
102.151 -59.1715
102.151 -59.1711
102.151 -59.1707
102.15 -59.1702
102.15 -59.1698
102.15 -59.1693
102.15 -59.1689
102.149 -59.1684
102.149 -59.168
102.149 -59.1675
102.149 -59.166
102.148 -59.1634
102.148 -59.1609
102.148 -59.1583
102.148 -59.1557
102.147 -59.1532
102.147 -59.1506
102.147 -59.148
102.147 -59.1454
102.147 -59.1429
102.146 -59.1403
102.146 -59.1377
102.146 -59.1352
102.146 -59.1326
102.145 -59.13
102.145 -59.1275
102.145 -59.1249
102.145 -59.1223
102.145 -59.1197
102.144 -59.1172
102.144 -59.1146
102.144 -59.112
102.144 -59.1095
102.143 -59.1069
102.143 -59.1043
102.143 -59.1018
102.143 -59.0992
102.143 -59.0966
102.142 -59.094
102.142 -59.0915
102.142 -59.0889
102.142 -59.0863
102.142 -59.0838
102.141 -59.0812
102.141 -59.0786
102.141 -59.0761
102.141 -59.0735
102.14 -59.0709
102.14 -59.0684
102.14 -59.0658
102.14 -59.0632
102.14 -59.0606
102.139 -59.0581
102.139 -59.0555
102.139 -59.0529
102.139 -59.0504
102.139 -59.0478
102.138 -59.0452
102.138 -59.0427
102.138 -59.0401
102.138 -59.038
102.138 -59.0366
102.137 -59.0351
102.137 -59.0337
102.137 -59.0322
102.137 -59.0308
102.137 -59.0293
102.137 -59.0278
102.136 -59.0264
102.136 -59.0249
102.136 -59.0235
102.136 -59.022
102.136 -59.0206
102.136 -59.0191
102.135 -59.0176
102.135 -59.0162
102.135 -59.0147
102.135 -59.0133
102.135 -59.0118
102.135 -59.0104
102.134 -59.0089
102.134 -59.0074
102.134 -59.006
102.134 -59.0045
102.134 -59.0031
102.134 -59.0016
102.133 -59.0002
102.133 -58.9987
102.133 -58.9972
102.133 -58.9958
102.133 -58.9943
102.133 -58.9929
102.132 -58.9914
102.132 -58.99
102.132 -58.9891
102.132 -58.989
102.132 -58.989
102.132 -58.9889
102.132 -58.9889
102.131 -58.9889
102.131 -58.9888
102.131 -58.9888
102.131 -58.9888
102.131 -58.9887
102.131 -58.9887
102.131 -58.9886
102.13 -58.9886
102.13 -58.9886
102.13 -58.9885
102.13 -58.9885
102.13 -58.9884
102.13 -58.9884
102.13 -58.9884
102.129 -58.9883
102.129 -58.9883
102.129 -58.9883
102.129 -58.9882
102.129 -58.9882
102.129 -58.9881
102.129 -58.9881
102.128 -58.9881
102.128 -58.988
102.128 -58.988
102.128 -58.9879
102.128 -58.9879
102.128 -58.9879
102.128 -58.9878
102.128 -58.9878
102.127 -58.9877
102.127 -58.9877
102.127 -58.9877
102.127 -58.9876
102.127 -58.9876
102.127 -58.9876
102.127 -58.9875
102.126 -58.9875
102.126 -58.9874
102.126 -58.9874
102.126 -58.9874
102.126 -58.9873
102.126 -58.9873
102.126 -58.9872
102.126 -58.9872
102.125 -58.9872
102.125 -58.9871
102.125 -58.9871
102.125 -58.9871
102.125 -58.987
102.125 -58.987
102.125 -58.9869
102.124 -58.9869
102.124 -58.9869
102.124 -58.9868
102.124 -58.9868
102.124 -58.9868
102.124 -58.9867
102.124 -58.9867
102.124 -58.9866
102.124 -58.9866
102.123 -58.9866
102.123 -58.9865
102.123 -58.9865
102.123 -58.9865
102.123 -58.9864
102.123 -58.9864
102.123 -58.9863
102.123 -58.9863
102.123 -58.9863
102.122 -58.9862
102.122 -58.9862
102.122 -58.9862
102.122 -58.9861
102.122 -58.9861
102.122 -58.986
102.122 -58.986
102.122 -58.986
102.122 -58.9859
102.122 -58.9859
102.121 -58.9859
102.121 -58.9858
102.121 -58.9858
102.121 -58.9857
102.121 -58.9857
102.121 -58.9857
102.121 -58.9856
102.121 -58.9856
102.121 -58.9856
102.12 -58.9855
102.12 -58.9855
102.12 -58.9854
102.12 -58.9854
102.12 -58.9854
102.12 -58.9853
102.12 -58.9853
102.12 -58.9853
102.12 -58.9852
102.12 -58.9852
102.119 -58.9852
102.119 -58.9851
102.119 -58.9851
102.119 -58.985
102.119 -58.985
102.119 -58.985
102.119 -58.9849
102.119 -58.9849
102.119 -58.9849
102.119 -58.9848
102.118 -58.9848
102.118 -58.9847
102.118 -58.9847
102.118 -58.9847
102.118 -58.9846
102.118 -58.9846
102.118 -58.9846
102.118 -58.9845
102.118 -58.9845
102.118 -58.9845
102.117 -58.9844
102.117 -58.9844
102.117 -58.9843
102.117 -58.9843
102.117 -58.9843
102.117 -58.9842
102.117 -58.9842
102.117 -58.9842
102.117 -58.9841
102.117 -58.9841
102.117 -58.984
102.116 -58.984
102.116 -58.984
102.116 -58.9839
102.116 -58.9839
102.116 -58.9839
102.116 -58.9838
102.116 -58.9838
102.116 -58.9838
102.116 -58.9837
102.116 -58.9837
102.116 -58.9836
102.115 -58.9836
102.115 -58.9836
102.115 -58.9835
102.115 -58.9835
102.115 -58.9835
102.115 -58.9834
102.115 -58.9834
102.115 -58.9834
102.115 -58.9833
102.115 -58.9833
102.115 -58.9832
102.114 -58.9832
102.114 -58.9832
102.114 -58.9831
102.114 -58.9831
102.114 -58.9831
102.114 -58.983
102.114 -58.983
102.114 -58.9829
102.114 -58.9829
102.114 -58.9829
102.114 -58.9828
102.113 -58.9828
102.113 -58.9828
102.113 -58.9827
102.113 -58.9827
102.113 -58.9827
102.113 -58.9826
102.113 -58.9826
102.113 -58.9825
102.113 -58.9825
102.113 -58.9825
102.113 -58.9824
102.113 -58.9824
102.112 -58.9824
102.112 -58.9823
102.112 -58.9823
102.112 -58.9823
102.112 -58.9822
102.112 -58.9822
102.112 -58.9821
102.112 -58.9821
102.112 -58.9821
102.112 -58.982
102.112 -58.982
102.112 -58.982
102.112 -58.9819
102.111 -58.9819
102.111 -58.9819
102.111 -58.9818
102.111 -58.9818
102.111 -58.9818
102.111 -58.9817
102.111 -58.9817
102.111 -58.9816
102.111 -58.9816
102.111 -58.9816
102.111 -58.9815
102.111 -58.9815
102.111 -58.9815
102.11 -58.9814
102.11 -58.9814
102.11 -58.9814
102.11 -58.9813
102.11 -58.9813
102.11 -58.9812
102.11 -58.9812
102.11 -58.9812
102.11 -58.9811
102.11 -58.9811
102.11 -58.9811
102.11 -58.981
102.11 -58.981
102.109 -58.981
102.109 -58.9809
102.109 -58.9809
102.109 -58.9808
102.109 -58.9808
102.109 -58.9808
102.109 -58.9807
102.109 -58.9807
102.109 -58.9807
102.109 -58.9806
102.109 -58.9806
102.109 -58.9806
102.109 -58.9805
102.109 -58.9805
102.108 -58.9805
102.108 -58.9804
102.108 -58.9804
102.108 -58.9803
102.108 -58.9803
102.108 -58.9803
102.108 -58.9802
102.108 -58.9802
102.108 -58.9802
102.108 -58.9801
102.108 -58.9801
102.108 -58.9801
102.108 -58.98
102.108 -58.98
102.108 -58.98
102.107 -58.9799
102.107 -58.9799
102.107 -58.9798
102.107 -58.9798
102.107 -58.9798
102.107 -58.9797
102.107 -58.9797
102.107 -58.9797
102.107 -58.9796
102.107 -58.9796
102.107 -58.9796
102.107 -58.9795
102.107 -58.9795
102.107 -58.9795
102.107 -58.9794
102.107 -58.9794
102.106 -58.9793
102.106 -58.9793
102.106 -58.9793
102.106 -58.9792
102.106 -58.9792
102.106 -58.9792
102.106 -58.9791
102.106 -58.9791
102.106 -58.9791
102.106 -58.979
102.106 -58.979
102.106 -58.979
102.106 -58.9789
102.106 -58.9789
102.106 -58.9789
102.106 -58.9788
102.106 -58.9788
102.105 -58.9787
102.105 -58.9787
102.105 -58.9787
102.105 -58.9786
102.105 -58.9786
102.105 -58.9786
102.105 -58.9785
102.105 -58.9785
102.105 -58.9785
102.105 -58.9784
102.105 -58.9784
102.105 -58.9784
102.105 -58.9783
102.105 -58.9783
102.105 -58.9783
102.105 -58.9782
102.105 -58.9782
102.105 -58.9781
102.104 -58.9781
102.104 -58.9781
102.104 -58.978
102.104 -58.978
102.104 -58.978
102.104 -58.9779
102.104 -58.9779
102.104 -58.9779
102.104 -58.9778
102.104 -58.9778
102.104 -58.9778
102.104 -58.9777
102.104 -58.9777
102.104 -58.9777
102.104 -58.9776
102.104 -58.9776
102.104 -58.9775
102.104 -58.9775
102.104 -58.9775
102.104 -58.9774
102.103 -58.9774
102.103 -58.9774
102.103 -58.9773
102.103 -58.9773
102.103 -58.9773
102.103 -58.9772
102.103 -58.9772
102.103 -58.9772
102.103 -58.9771
102.103 -58.9771
102.103 -58.9771
102.103 -58.977
102.103 -58.977
102.103 -58.977
102.103 -58.9769
102.103 -58.9769
102.103 -58.9768
102.103 -58.9768
102.103 -58.9768
102.103 -58.9767
102.103 -58.9767
102.102 -58.9767
102.102 -58.9766
102.102 -58.9766
102.102 -58.9766
102.102 -58.9765
102.102 -58.9765
102.102 -58.9765
102.102 -58.9764
102.102 -58.9764
102.102 -58.9764
102.102 -58.9763
102.102 -58.9763
102.102 -58.9763
102.102 -58.9762
102.102 -58.9762
102.102 -58.9762
102.102 -58.9761
102.102 -58.9761
102.102 -58.976
102.102 -58.976
102.102 -58.976
102.102 -58.9759
102.102 -58.9759
102.102 -58.9759
102.102 -58.9758
102.101 -58.9758
102.101 -58.9758
102.101 -58.9757
102.101 -58.9757
102.101 -58.9757
102.101 -58.9756
102.101 -58.9756
102.101 -58.9756
102.101 -58.9755
102.101 -58.9755
102.101 -58.9755
102.101 -58.9754
102.101 -58.9754
102.101 -58.9754
102.101 -58.9753
102.101 -58.9753
102.101 -58.9753
102.101 -58.9752
102.101 -58.9752
102.101 -58.9752
102.101 -58.9751
102.101 -58.9751
102.101 -58.975
102.101 -58.975
102.101 -58.975
102.101 -58.9749
102.101 -58.9749
102.101 -58.9749
102.101 -58.9748
102.101 -58.9748
102.101 -58.9748
102.1 -58.9747
102.1 -58.9747
102.1 -58.9747
102.1 -58.9746
102.1 -58.9746
102.1 -58.9746
102.1 -58.9745
102.1 -58.9745
102.1 -58.9745
102.1 -58.9744
102.1 -58.9744
102.1 -58.9744
102.1 -58.9743
102.1 -58.9743
102.1 -58.9743
102.1 -58.9742
102.1 -58.9742
102.1 -58.9742
102.1 -58.9741
102.1 -58.9741
102.1 -58.9741
102.1 -58.974
102.1 -58.974
102.1 -58.974
102.1 -58.9739
102.1 -58.9739
102.1 -58.9738
102.1 -58.9738
102.1 -58.9738
102.1 -58.9737
102.1 -58.9737
102.1 -58.9737
102.1 -58.9736
102.1 -58.9736
102.1 -58.9736
102.1 -58.9735
102.1 -58.9735
102.1 -58.9735
102.1 -58.9734
102.1 -58.9734
102.1 -58.9734
102.099 -58.9733
102.099 -58.9733
102.099 -58.9733
102.099 -58.9732
102.099 -58.9732
102.099 -58.9732
102.099 -58.9731
102.099 -58.9731
102.099 -58.9731
102.099 -58.973
102.099 -58.973
102.099 -58.973
102.099 -58.9729
102.099 -58.9729
102.099 -58.9729
102.099 -58.9728
102.099 -58.9728
102.099 -58.9728
102.099 -58.9727
102.099 -58.9727
102.099 -58.9727
102.099 -58.9726
102.099 -58.9726
102.099 -58.9726
102.099 -58.9725
102.099 -58.9725
102.099 -58.9725
102.099 -58.9724
102.099 -58.9724
102.099 -58.9724
102.099 -58.9723
102.099 -58.9723
102.099 -58.9723
102.099 -58.9722
102.099 -58.9722
102.099 -58.9722
102.099 -58.9721
102.099 -58.9721
102.099 -58.9721
102.099 -58.972
102.099 -58.972
102.099 -58.972
102.099 -58.9719
102.099 -58.9719
102.099 -58.9719
102.099 -58.9718
102.099 -58.9718
102.099 -58.9718
102.099 -58.9717
102.099 -58.9717
102.099 -58.9717
102.099 -58.9716
102.099 -58.9716
102.099 -58.9716
102.099 -58.9715
102.099 -58.9715
102.099 -58.9715
102.099 -58.9714
102.099 -58.9714
102.099 -58.9713
102.099 -58.9713
102.099 -58.9713
102.099 -58.9712
102.099 -58.9712
102.099 -58.9712
102.099 -58.9711
102.099 -58.9711
102.099 -58.9711
102.099 -58.971
102.099 -58.971
102.099 -58.971
102.099 -58.9709
102.099 -58.9709
102.099 -58.9709
102.099 -58.9708
102.099 -58.9708
102.099 -58.9708
102.099 -58.9707
102.099 -58.9707
102.099 -58.9707
102.099 -58.9706
102.099 -58.9706
102.099 -58.9706
102.099 -58.9705
102.099 -58.9705
102.099 -58.9705
102.099 -58.9705
102.099 -58.9704
102.099 -58.9704
102.099 -58.9704
102.099 -58.9703
102.099 -58.9703
102.099 -58.9703
102.099 -58.9702
102.099 -58.9702
102.099 -58.9702
102.099 -58.9701
102.099 -58.9701
102.099 -58.9701
102.099 -58.97
102.099 -58.97
102.099 -58.97
102.099 -58.9699
102.099 -58.9699
102.099 -58.9699
102.099 -58.9698
102.099 -58.9698
102.099 -58.9698
102.099 -58.9697
102.099 -58.9697
102.099 -58.9697
102.099 -58.9696
102.099 -58.9696
102.099 -58.9696
102.099 -58.9695
102.099 -58.9695
102.099 -58.9695
102.099 -58.9694
102.099 -58.9694
102.099 -58.9694
102.099 -58.9693
102.099 -58.9693
102.099 -58.9693
102.099 -58.9692
102.099 -58.9692
102.099 -58.9692
102.099 -58.9691
102.099 -58.9691
102.099 -58.9691
102.099 -58.969
102.099 -58.969
102.099 -58.969
102.099 -58.9689
102.099 -58.9689
102.099 -58.9689
102.099 -58.9688
102.099 -58.9688
102.099 -58.9688
102.099 -58.9687
102.099 -58.9687
102.099 -58.9687
102.099 -58.9686
102.099 -58.9686
102.099 -58.9686
102.099 -58.9685
102.099 -58.9685
102.099 -58.9685
102.099 -58.9684
102.099 -58.9684
102.099 -58.9684
102.099 -58.9683
102.099 -58.9683
102.099 -58.9683
102.099 -58.9682
102.099 -58.9682
102.099 -58.9682
102.099 -58.9681
102.099 -58.9681
102.099 -58.9681
102.1 -58.9681
102.1 -58.968
102.1 -58.968
102.1 -58.968
102.1 -58.9679
102.1 -58.9679
102.1 -58.9679
102.1 -58.9678
102.1 -58.9678
102.1 -58.9678
102.1 -58.9677
102.1 -58.9677
102.1 -58.9677
102.1 -58.9676
102.1 -58.9676
102.1 -58.9676
102.1 -58.9675
102.1 -58.9675
102.1 -58.9675
102.1 -58.9674
102.1 -58.9674
102.1 -58.9674
102.1 -58.9673
102.1 -58.9673
102.1 -58.9673
102.1 -58.9672
102.1 -58.9672
102.1 -58.9672
102.1 -58.9671
102.1 -58.9671
102.1 -58.9671
102.1 -58.967
102.1 -58.967
102.1 -58.967
102.1 -58.967
102.1 -58.9669
102.1 -58.9669
102.1 -58.9669
102.1 -58.9668
102.1 -58.9668
102.1 -58.9668
102.101 -58.9667
102.101 -58.9667
102.101 -58.9667
102.101 -58.9666
102.101 -58.9666
102.101 -58.9666
102.101 -58.9665
102.101 -58.9665
102.101 -58.9665
102.101 -58.9664
102.101 -58.9664
102.101 -58.9664
102.101 -58.9663
102.101 -58.9663
102.101 -58.9663
102.101 -58.9662
102.101 -58.9662
102.101 -58.9662
102.101 -58.9661
102.101 -58.9661
102.101 -58.9661
102.101 -58.9661
102.101 -58.966
102.101 -58.966
102.101 -58.966
102.101 -58.9659
102.101 -58.9659
102.101 -58.9659
102.101 -58.9658
102.101 -58.9658
102.102 -58.9658
102.102 -58.9657
102.102 -58.9657
102.102 -58.9657
102.102 -58.9656
102.102 -58.9656
102.102 -58.9656
102.102 -58.9655
102.102 -58.9655
102.102 -58.9655
102.102 -58.9654
102.102 -58.9654
102.102 -58.9654
102.102 -58.9653
102.102 -58.9653
102.102 -58.9653
102.102 -58.9653
102.102 -58.9652
102.102 -58.9652
102.102 -58.9652
102.102 -58.9651
102.102 -58.9651
102.102 -58.9651
102.102 -58.965
102.102 -58.965
102.103 -58.965
102.103 -58.9649
102.103 -58.9649
102.103 -58.9649
102.103 -58.9648
102.103 -58.9648
102.103 -58.9648
102.103 -58.9647
102.103 -58.9647
102.103 -58.9647
102.103 -58.9647
102.103 -58.9646
102.103 -58.9646
102.103 -58.9646
102.103 -58.9645
102.103 -58.9645
102.103 -58.9645
102.103 -58.9644
102.103 -58.9644
102.103 -58.9644
102.103 -58.9643
102.103 -58.9643
102.104 -58.9643
102.104 -58.9642
102.104 -58.9642
102.104 -58.9642
102.104 -58.9641
102.104 -58.9641
102.104 -58.9641
102.104 -58.9641
102.104 -58.964
102.104 -58.964
102.104 -58.964
102.104 -58.9639
102.104 -58.9639
102.104 -58.9639
102.104 -58.9638
102.104 -58.9638
102.104 -58.9638
102.104 -58.9637
102.104 -58.9637
102.104 -58.9637
102.105 -58.9636
102.105 -58.9636
102.105 -58.9636
102.105 -58.9636
102.105 -58.9635
102.105 -58.9635
102.105 -58.9635
102.105 -58.9634
102.105 -58.9634
102.105 -58.9634
102.105 -58.9633
102.105 -58.9633
102.105 -58.9633
102.105 -58.9632
102.105 -58.9632
102.105 -58.9632
102.105 -58.9631
102.105 -58.9631
102.106 -58.9631
102.106 -58.9631
102.106 -58.963
102.106 -58.963
102.106 -58.963
102.106 -58.9629
102.106 -58.9629
102.106 -58.9629
102.106 -58.9628
102.106 -58.9628
102.106 -58.9628
102.106 -58.9627
102.106 -58.9627
102.106 -58.9627
102.106 -58.9626
102.106 -58.9626
102.106 -58.9626
102.107 -58.9626
102.107 -58.9625
102.107 -58.9625
102.107 -58.9625
102.107 -58.9624
102.107 -58.9624
102.107 -58.9624
102.107 -58.9623
102.107 -58.9623
102.107 -58.9623
102.107 -58.9622
102.107 -58.9622
102.107 -58.9622
102.107 -58.9622
102.107 -58.9621
102.108 -58.9621
102.108 -58.9621
102.108 -58.962
102.108 -58.962
102.108 -58.962
102.108 -58.9619
102.108 -58.9619
102.108 -58.9619
102.108 -58.9618
102.108 -58.9618
102.108 -58.9618
102.108 -58.9618
102.108 -58.9617
102.108 -58.9617
102.108 -58.9617
102.109 -58.9616
102.109 -58.9616
102.109 -58.9616
102.109 -58.9615
102.109 -58.9615
102.109 -58.9615
102.109 -58.9614
102.109 -58.9614
102.109 -58.9614
102.109 -58.9614
102.109 -58.9613
102.109 -58.9613
102.109 -58.9613
102.109 -58.9612
102.11 -58.9612
102.11 -58.9612
102.11 -58.9611
102.11 -58.9611
102.11 -58.9611
102.11 -58.961
102.11 -58.961
102.11 -58.961
102.11 -58.961
102.11 -58.9609
102.11 -58.9609
102.11 -58.9609
102.11 -58.9608
102.11 -58.9608
102.111 -58.9608
102.111 -58.9607
102.111 -58.9607
102.111 -58.9607
102.111 -58.9607
102.111 -58.9606
102.111 -58.9606
102.111 -58.9606
102.111 -58.9605
102.111 -58.9605
102.111 -58.9605
102.111 -58.9604
102.111 -58.9604
102.112 -58.9604
102.112 -58.9603
102.112 -58.9603
102.112 -58.9603
102.112 -58.9603
102.112 -58.9602
102.112 -58.9602
102.112 -58.9602
102.112 -58.9601
102.112 -58.9601
102.112 -58.9601
102.112 -58.96
102.113 -58.96
102.113 -58.96
102.113 -58.96
102.113 -58.9599
102.113 -58.9599
102.113 -58.9599
102.113 -58.9598
102.113 -58.9598
102.113 -58.9598
102.113 -58.9597
102.113 -58.9597
102.113 -58.9597
102.114 -58.9597
102.114 -58.9596
102.114 -58.9596
102.114 -58.9596
102.114 -58.9595
102.114 -58.9595
102.114 -58.9595
102.114 -58.9594
102.114 -58.9594
102.114 -58.9594
102.114 -58.9593
102.114 -58.9593
102.115 -58.9593
102.115 -58.9593
102.115 -58.9592
102.115 -58.9592
102.115 -58.9592
102.115 -58.9591
102.115 -58.9591
102.115 -58.9591
102.115 -58.959
102.115 -58.959
102.115 -58.959
102.116 -58.959
102.116 -58.9589
102.116 -58.9589
102.116 -58.9589
102.116 -58.9588
102.116 -58.9588
102.116 -58.9588
102.116 -58.9587
102.116 -58.9587
102.116 -58.9587
102.116 -58.9587
102.117 -58.9586
102.117 -58.9586
102.117 -58.9586
102.117 -58.9585
102.117 -58.9585
102.117 -58.9585
102.117 -58.9585
102.117 -58.9584
102.117 -58.9584
102.117 -58.9584
102.118 -58.9583
102.118 -58.9583
102.118 -58.9583
102.118 -58.9582
102.118 -58.9582
102.118 -58.9582
102.118 -58.9582
102.118 -58.9581
102.118 -58.9581
102.118 -58.9581
102.118 -58.958
102.119 -58.958
102.119 -58.958
102.119 -58.9579
102.119 -58.9579
102.119 -58.9579
102.119 -58.9579
102.119 -58.9578
102.119 -58.9578
102.119 -58.9578
102.119 -58.9577
102.12 -58.9577
102.12 -58.9577
102.12 -58.9576
102.12 -58.9576
102.12 -58.9576
102.12 -58.9576
102.12 -58.9575
102.12 -58.9575
102.12 -58.9575
102.12 -58.9574
102.121 -58.9574
102.121 -58.9574
102.121 -58.9574
102.121 -58.9573
102.121 -58.9573
102.121 -58.9573
102.121 -58.9572
102.121 -58.9572
102.121 -58.9572
102.122 -58.9571
102.122 -58.9571
102.122 -58.9571
102.122 -58.9571
102.122 -58.957
102.122 -58.957
102.122 -58.957
102.122 -58.9569
102.122 -58.9569
102.122 -58.9569
102.123 -58.9569
102.123 -58.9568
102.123 -58.9568
102.123 -58.9568
102.123 -58.9567
102.123 -58.9567
102.123 -58.9567
102.123 -58.9566
102.123 -58.9566
102.124 -58.9566
102.124 -58.9566
102.124 -58.9565
102.124 -58.9565
102.124 -58.9565
102.124 -58.9564
102.124 -58.9564
102.124 -58.9564
102.124 -58.9564
102.125 -58.9563
102.125 -58.9563
102.125 -58.9563
102.125 -58.9562
102.125 -58.9562
102.125 -58.9562
102.125 -58.9562
102.125 -58.9561
102.125 -58.9561
102.126 -58.9561
102.126 -58.956
102.126 -58.956
102.126 -58.956
102.126 -58.9559
102.126 -58.9559
102.126 -58.9559
102.126 -58.9559
102.127 -58.9558
102.127 -58.9558
102.127 -58.9558
102.127 -58.9557
102.127 -58.9557
102.127 -58.9557
102.127 -58.9557
102.127 -58.9556
102.127 -58.9556
102.128 -58.9556
102.128 -58.9555
102.128 -58.9555
102.128 -58.9555
102.128 -58.9555
102.128 -58.9554
102.128 -58.9554
102.128 -58.9554
102.129 -58.9553
102.129 -58.9553
102.129 -58.9553
102.129 -58.9553
102.129 -58.9552
102.129 -58.9552
102.129 -58.9552
102.129 -58.9551
102.13 -58.9551
102.13 -58.9551
102.13 -58.9551
102.13 -58.955
102.13 -58.955
102.13 -58.955
102.13 -58.9549
102.13 -58.9549
102.131 -58.9549
102.131 -58.9548
102.131 -58.9548
102.131 -58.9548
102.131 -58.9548
102.131 -58.9547
102.131 -58.9547
102.131 -58.9547
102.132 -58.9546
102.132 -58.9546
102.132 -58.9546
102.132 -58.9546
102.132 -58.9545
102.132 -58.9545
102.132 -58.9545
102.132 -58.9544
102.133 -58.9544
102.133 -58.9544
102.133 -58.9544
102.133 -58.9543
102.133 -58.9543
102.133 -58.9543
102.133 -58.9542
102.133 -58.9542
102.134 -58.9542
102.134 -58.9542
102.134 -58.9541
102.134 -58.9541
102.134 -58.9541
102.134 -58.954
102.134 -58.954
102.134 -58.954
102.135 -58.954
102.135 -58.9539
102.135 -58.9539
102.135 -58.9539
102.135 -58.9538
102.135 -58.9538
102.135 -58.9538
102.136 -58.9538
102.136 -58.9537
102.136 -58.9537
102.136 -58.9537
102.136 -58.9537
102.136 -58.9536
102.136 -58.9536
102.137 -58.9536
102.137 -58.9535
102.137 -58.9535
102.137 -58.9535
102.137 -58.9535
102.137 -58.9534
102.137 -58.9534
102.137 -58.9534
102.138 -58.9533
102.138 -58.9533
102.138 -58.9533
102.138 -58.9533
102.138 -58.9532
102.138 -58.9532
102.138 -58.9532
102.139 -58.9531
102.139 -58.9531
102.139 -58.9531
102.139 -58.9531
102.139 -58.953
102.139 -58.953
102.139 -58.953
102.14 -58.9529
102.14 -58.9529
102.14 -58.9529
102.14 -58.9529
102.14 -58.9528
102.14 -58.9528
102.14 -58.9528
102.141 -58.9527
102.141 -58.9527
102.141 -58.9527
102.141 -58.9527
102.141 -58.9526
102.141 -58.9526
102.141 -58.9526
102.142 -58.9526
102.142 -58.9525
102.142 -58.9525
102.142 -58.9525
102.142 -58.9524
102.142 -58.9524
102.142 -58.9524
102.143 -58.9524
102.143 -58.9523
102.143 -58.9523
102.143 -58.9523
102.143 -58.9522
102.143 -58.9522
102.143 -58.9522
102.144 -58.9522
102.144 -58.9521
102.144 -58.9521
102.144 -58.9521
102.144 -58.952
102.144 -58.952
102.145 -58.952
102.145 -58.952
102.145 -58.9519
102.145 -58.9519
102.145 -58.9519
102.145 -58.9519
102.145 -58.9518
102.146 -58.9518
102.146 -58.9518
102.146 -58.9517
102.146 -58.9517
102.146 -58.9517
102.146 -58.9517
102.146 -58.9516
102.147 -58.9516
102.147 -58.9516
102.147 -58.9515
102.147 -58.9515
102.147 -58.9515
102.147 -58.9515
102.148 -58.9514
102.148 -58.9514
102.148 -58.9514
102.148 -58.9514
102.148 -58.9513
102.148 -58.9513
102.148 -58.9513
102.149 -58.9512
102.149 -58.9512
102.149 -58.9512
102.149 -58.9512
102.149 -58.9511
102.149 -58.9511
102.15 -58.9511
102.15 -58.951
102.15 -58.951
102.15 -58.951
102.15 -58.951
102.15 -58.9509
102.151 -58.9509
102.151 -58.9509
102.151 -58.9509
102.151 -58.9508
102.151 -58.9508
102.151 -58.9508
102.151 -58.9507
102.152 -58.9507
102.152 -58.9507
102.152 -58.9507
102.152 -58.9506
102.152 -58.9506
102.152 -58.9506
102.153 -58.9506
102.153 -58.9505
102.153 -58.9505
102.153 -58.9505
102.153 -58.9504
102.153 -58.9504
102.154 -58.9504
102.154 -58.9504
102.154 -58.9503
102.154 -58.9503
102.154 -58.9503
102.154 -58.9503
102.155 -58.9502
102.155 -58.9502
102.155 -58.9502
102.155 -58.9501
102.155 -58.9501
102.155 -58.9501
102.156 -58.9501
102.156 -58.95
102.156 -58.95
102.156 -58.95
102.156 -58.95
102.156 -58.9499
102.157 -58.9499
102.157 -58.9499
102.157 -58.9498
102.157 -58.9498
102.157 -58.9498
102.157 -58.9498
102.158 -58.9497
102.158 -58.9497
102.158 -58.9497
102.158 -58.9497
102.158 -58.9496
102.158 -58.9496
102.159 -58.9496
102.159 -58.9495
102.159 -58.9495
102.159 -58.9495
102.159 -58.9495
102.159 -58.9494
102.16 -58.9494
102.16 -58.9494
102.16 -58.9494
102.16 -58.9493
102.16 -58.9493
102.161 -58.9493
102.161 -58.9492
102.161 -58.9492
102.161 -58.9492
102.161 -58.9492
102.161 -58.9491
102.162 -58.9491
102.162 -58.9491
102.162 -58.9491
102.162 -58.949
102.162 -58.949
102.162 -58.949
102.163 -58.949
102.163 -58.9489
102.163 -58.9489
102.163 -58.9489
102.163 -58.9488
102.164 -58.9488
102.164 -58.9488
102.164 -58.9488
102.164 -58.9487
102.164 -58.9487
102.164 -58.9487
102.165 -58.9487
102.165 -58.9486
102.165 -58.9486
102.165 -58.9486
102.165 -58.9485
102.165 -58.9485
102.166 -58.9485
102.166 -58.9485
102.166 -58.9484
102.166 -58.9484
102.166 -58.9484
102.167 -58.9484
102.167 -58.9483
102.167 -58.9483
102.167 -58.9483
102.167 -58.9483
102.167 -58.9482
102.168 -58.9482
102.168 -58.9482
102.168 -58.9481
102.168 -58.9481
102.168 -58.9481
102.169 -58.9481
102.169 -58.948
102.169 -58.948
102.169 -58.948
102.169 -58.948
102.17 -58.9479
102.17 -58.9479
102.17 -58.9479
102.17 -58.9479
102.17 -58.9478
102.17 -58.9478
102.171 -58.9478
102.171 -58.9477
102.171 -58.9477
102.171 -58.9477
102.171 -58.9477
102.172 -58.9476
102.172 -58.9476
102.172 -58.9476
102.172 -58.9476
102.172 -58.9475
102.173 -58.9475
102.173 -58.9475
102.173 -58.9475
102.173 -58.9474
102.173 -58.9474
102.173 -58.9474
102.174 -58.9474
102.174 -58.9473
102.174 -58.9473
102.174 -58.9473
102.174 -58.9472
102.175 -58.9472
102.175 -58.9472
102.175 -58.9472
102.175 -58.9471
102.175 -58.9471
102.176 -58.9471
102.176 -58.9471
102.176 -58.947
102.176 -58.947
102.176 -58.947
102.177 -58.947
102.177 -58.9469
102.177 -58.9469
102.177 -58.9469
102.177 -58.9469
102.178 -58.9468
102.178 -58.9468
102.178 -58.9468
102.178 -58.9467
102.178 -58.9467
102.179 -58.9467
102.179 -58.9467
102.179 -58.9466
102.179 -58.9466
102.179 -58.9466
102.18 -58.9466
102.18 -58.9465
102.18 -58.9465
102.18 -58.9465
102.18 -58.9465
102.181 -58.9464
102.181 -58.9464
102.181 -58.9464
102.181 -58.9464
102.181 -58.9463
102.182 -58.9463
102.182 -58.9463
102.182 -58.9463
102.182 -58.9462
102.182 -58.9462
102.183 -58.9462
102.183 -58.9461
102.183 -58.9461
102.183 -58.9461
102.183 -58.9461
102.184 -58.946
102.184 -58.946
102.184 -58.946
102.184 -58.946
102.184 -58.9459
102.185 -58.9459
102.185 -58.9459
102.185 -58.9459
102.185 -58.9458
102.185 -58.9458
102.186 -58.9458
102.186 -58.9458
102.186 -58.9457
102.186 -58.9457
102.186 -58.9457
102.187 -58.9457
102.187 -58.9456
102.187 -58.9456
102.187 -58.9456
102.187 -58.9456
102.188 -58.9455
102.188 -58.9455
102.188 -58.9455
102.188 -58.9454
102.189 -58.9454
102.189 -58.9454
102.189 -58.9454
102.189 -58.9453
102.189 -58.9453
102.19 -58.9453
102.19 -58.9453
102.19 -58.9452
102.19 -58.9452
102.19 -58.9452
102.191 -58.9452
102.191 -58.9451
102.191 -58.9451
102.191 -58.9451
102.191 -58.9451
102.192 -58.945
102.192 -58.945
102.192 -58.945
102.192 -58.945
102.193 -58.9449
102.193 -58.9449
102.193 -58.9449
102.193 -58.9449
102.193 -58.9448
102.194 -58.9448
102.194 -58.9448
102.194 -58.9448
102.194 -58.9447
102.194 -58.9447
102.195 -58.9447
102.195 -58.9447
102.195 -58.9446
102.195 -58.9446
102.196 -58.9446
102.196 -58.9446
102.196 -58.9445
102.196 -58.9445
102.196 -58.9445
102.197 -58.9444
102.197 -58.9444
102.197 -58.9444
102.197 -58.9444
102.198 -58.9443
102.198 -58.9443
102.198 -58.9443
102.198 -58.9443
102.198 -58.9442
102.199 -58.9442
102.199 -58.9442
102.199 -58.9442
102.199 -58.9441
102.2 -58.9441
102.2 -58.9441
102.2 -58.9441
102.2 -58.944
102.2 -58.944
102.201 -58.944
102.201 -58.944
102.201 -58.9439
102.201 -58.9439
102.202 -58.9439
102.202 -58.9439
102.202 -58.9438
102.202 -58.9438
102.202 -58.9438
102.203 -58.9438
102.203 -58.9437
102.203 -58.9437
102.203 -58.9437
102.204 -58.9437
102.204 -58.9436
102.204 -58.9436
102.204 -58.9436
102.204 -58.9436
102.205 -58.9435
102.205 -58.9435
102.205 -58.9435
102.205 -58.9435
102.206 -58.9434
102.206 -58.9434
102.206 -58.9434
102.206 -58.9434
102.207 -58.9433
102.207 -58.9433
102.207 -58.9433
102.207 -58.9433
102.207 -58.9432
102.208 -58.9432
102.208 -58.9432
102.208 -58.9432
102.208 -58.9431
102.209 -58.9431
102.209 -58.9431
102.209 -58.9431
102.209 -58.943
102.21 -58.943
102.21 -58.943
102.21 -58.943
102.21 -58.9429
102.21 -58.9429
102.211 -58.9429
102.211 -58.9429
102.211 -58.9428
102.211 -58.9428
102.212 -58.9428
102.212 -58.9428
102.212 -58.9427
102.212 -58.9427
102.213 -58.9427
102.213 -58.9427
102.213 -58.9426
102.213 -58.9426
102.214 -58.9426
102.214 -58.9426
102.214 -58.9425
102.214 -58.9425
102.214 -58.9425
102.215 -58.9425
102.215 -58.9424
102.215 -58.9424
102.215 -58.9424
102.216 -58.9424
102.216 -58.9423
102.216 -58.9423
102.216 -58.9423
102.217 -58.9423
102.217 -58.9422
102.217 -58.9422
102.217 -58.9422
102.218 -58.9422
102.218 -58.9421
102.218 -58.9421
102.218 -58.9421
102.219 -58.9421
102.219 -58.942
102.219 -58.942
102.219 -58.942
102.22 -58.942
102.22 -58.9419
102.22 -58.9419
102.22 -58.9419
102.221 -58.9419
102.221 -58.9418
102.221 -58.9418
102.221 -58.9418
102.221 -58.9418
102.222 -58.9418
102.222 -58.9417
102.222 -58.9417
102.222 -58.9417
102.223 -58.9417
102.223 -58.9416
102.223 -58.9416
102.223 -58.9416
102.224 -58.9416
102.224 -58.9415
102.224 -58.9415
102.224 -58.9415
102.225 -58.9415
102.225 -58.9414
102.225 -58.9414
102.225 -58.9414
102.226 -58.9414
102.226 -58.9413
102.226 -58.9413
102.226 -58.9413
102.227 -58.9413
102.227 -58.9412
102.227 -58.9412
102.227 -58.9412
102.228 -58.9412
102.228 -58.9411
102.228 -58.9411
102.228 -58.9411
102.229 -58.9411
102.229 -58.941
102.229 -58.941
102.229 -58.941
102.23 -58.941
102.23 -58.9409
102.23 -58.9409
102.23 -58.9409
102.231 -58.9409
102.231 -58.9408
102.231 -58.9408
102.231 -58.9408
102.232 -58.9408
102.232 -58.9408
102.232 -58.9407
102.233 -58.9407
102.233 -58.9407
102.233 -58.9407
102.233 -58.9406
102.234 -58.9406
102.234 -58.9406
102.234 -58.9406
102.234 -58.9405
102.235 -58.9405
102.235 -58.9405
102.235 -58.9405
102.235 -58.9404
102.236 -58.9404
102.236 -58.9404
102.236 -58.9404
102.236 -58.9403
102.237 -58.9403
102.237 -58.9403
102.237 -58.9403
102.237 -58.9402
102.238 -58.9402
102.238 -58.9402
102.238 -58.9402
102.238 -58.9401
102.239 -58.9401
102.239 -58.9401
102.239 -58.9401
102.24 -58.9401
102.24 -58.94
102.24 -58.94
102.24 -58.94
102.241 -58.94
102.241 -58.9399
102.241 -58.9399
102.241 -58.9399
102.242 -58.9399
102.242 -58.9398
102.242 -58.9398
102.242 -58.9398
102.243 -58.9398
102.243 -58.9397
102.243 -58.9397
102.243 -58.9397
102.244 -58.9397
102.244 -58.9396
102.244 -58.9396
102.245 -58.9396
102.245 -58.9396
102.245 -58.9396
102.245 -58.9395
102.246 -58.9395
102.246 -58.9395
102.246 -58.9395
102.246 -58.9394
102.247 -58.9394
102.247 -58.9394
102.247 -58.9394
102.248 -58.9393
102.248 -58.9393
102.248 -58.9393
102.248 -58.9393
102.249 -58.9392
102.249 -58.9392
102.249 -58.9392
102.249 -58.9392
102.25 -58.9392
102.25 -58.9391
102.25 -58.9391
102.251 -58.9391
102.251 -58.9391
102.251 -58.939
102.251 -58.939
102.252 -58.939
102.252 -58.939
102.252 -58.9389
102.252 -58.9389
102.253 -58.9389
102.253 -58.9389
102.253 -58.9388
102.254 -58.9388
102.254 -58.9388
102.254 -58.9388
102.254 -58.9387
102.255 -58.9387
102.255 -58.9387
102.255 -58.9387
102.255 -58.9387
102.256 -58.9386
102.256 -58.9386
102.256 -58.9386
102.257 -58.9386
102.257 -58.9385
102.257 -58.9385
102.257 -58.9385
102.258 -58.9385
102.258 -58.9384
102.258 -58.9384
102.259 -58.9384
102.259 -58.9384
102.259 -58.9384
102.259 -58.9383
102.26 -58.9383
102.26 -58.9383
102.26 -58.9383
102.26 -58.9382
102.261 -58.9382
102.261 -58.9382
102.261 -58.9382
102.262 -58.9381
102.262 -58.9381
102.262 -58.9381
102.262 -58.9381
102.263 -58.938
102.263 -58.938
102.263 -58.938
102.264 -58.938
102.264 -58.938
102.264 -58.9379
102.264 -58.9379
102.265 -58.9379
102.265 -58.9379
102.265 -58.9378
102.266 -58.9378
102.266 -58.9378
102.266 -58.9378
102.266 -58.9377
102.267 -58.9377
102.267 -58.9377
102.267 -58.9377
102.268 -58.9377
102.268 -58.9376
102.268 -58.9376
102.268 -58.9376
102.269 -58.9376
102.269 -58.9375
102.269 -58.9375
102.27 -58.9375
102.27 -58.9375
102.27 -58.9374
102.27 -58.9374
102.271 -58.9374
102.271 -58.9374
102.271 -58.9374
102.272 -58.9373
102.272 -58.9373
102.272 -58.9373
102.273 -58.9373
102.273 -58.9372
102.273 -58.9372
102.273 -58.9372
102.274 -58.9372
102.274 -58.9371
102.274 -58.9371
102.275 -58.9371
102.275 -58.9371
102.275 -58.9371
102.275 -58.937
102.276 -58.937
102.276 -58.937
102.276 -58.937
102.277 -58.9369
102.277 -58.9369
102.277 -58.9369
102.278 -58.9369
102.278 -58.9369
102.278 -58.9368
102.278 -58.9368
102.279 -58.9368
102.279 -58.9368
102.279 -58.9367
102.28 -58.9367
102.28 -58.9367
102.28 -58.9367
102.281 -58.9366
102.281 -58.9366
102.281 -58.9366
102.281 -58.9366
102.282 -58.9366
102.282 -58.9365
102.282 -58.9365
102.283 -58.9365
102.283 -58.9365
102.283 -58.9364
102.284 -58.9364
102.284 -58.9364
102.284 -58.9364
102.284 -58.9364
102.285 -58.9363
102.285 -58.9363
102.285 -58.9363
102.286 -58.9363
102.286 -58.9362
102.286 -58.9362
102.287 -58.9362
102.287 -58.9362
102.287 -58.9362
102.287 -58.9361
102.288 -58.9361
102.288 -58.9361
102.288 -58.9361
102.289 -58.936
102.289 -58.936
102.289 -58.936
102.29 -58.936
102.29 -58.9359
102.29 -58.9359
102.291 -58.9359
102.291 -58.9359
102.291 -58.9359
102.291 -58.9358
102.292 -58.9358
102.292 -58.9358
102.292 -58.9358
102.293 -58.9357
102.293 -58.9357
102.293 -58.9357
102.294 -58.9357
102.294 -58.9357
102.294 -58.9356
102.295 -58.9356
102.295 -58.9356
102.295 -58.9356
102.295 -58.9355
102.296 -58.9355
102.296 -58.9355
102.296 -58.9355
102.297 -58.9355
102.297 -58.9354
102.297 -58.9354
102.298 -58.9354
102.298 -58.9354
102.298 -58.9353
102.299 -58.9353
102.299 -58.9353
102.299 -58.9353
102.3 -58.9353
102.3 -58.9352
102.3 -58.9352
102.3 -58.9352
102.301 -58.9352
102.301 -58.9351
102.301 -58.9351
102.302 -58.9351
102.302 -58.9351
102.302 -58.9351
102.303 -58.935
102.303 -58.935
102.303 -58.935
102.304 -58.935
102.304 -58.9349
102.304 -58.9349
102.305 -58.9349
102.305 -58.9349
102.305 -58.9349
102.306 -58.9348
102.306 -58.9348
102.306 -58.9348
102.306 -58.9348
102.307 -58.9347
102.307 -58.9347
102.307 -58.9347
102.308 -58.9347
102.308 -58.9347
102.308 -58.9346
102.309 -58.9346
102.309 -58.9346
102.309 -58.9346
102.31 -58.9345
102.31 -58.9345
102.31 -58.9345
102.311 -58.9345
102.311 -58.9345
102.311 -58.9344
102.312 -58.9344
102.312 -58.9344
102.312 -58.9344
102.313 -58.9344
102.313 -58.9343
102.313 -58.9343
102.314 -58.9343
102.314 -58.9343
102.314 -58.9342
102.315 -58.9342
102.315 -58.9342
102.315 -58.9342
102.316 -58.9342
102.316 -58.9341
102.316 -58.9341
102.317 -58.9341
102.317 -58.9341
102.317 -58.934
102.317 -58.934
102.318 -58.934
102.318 -58.934
102.318 -58.934
102.319 -58.9339
102.319 -58.9339
102.319 -58.9339
102.32 -58.9339
102.32 -58.9339
102.32 -58.9338
102.321 -58.9338
102.321 -58.9338
102.321 -58.9338
102.322 -58.9337
102.322 -58.9337
102.322 -58.9337
102.323 -58.9337
102.323 -58.9337
102.323 -58.9336
102.324 -58.9336
102.324 -58.9336
102.324 -58.9336
102.325 -58.9335
102.325 -58.9335
102.325 -58.9335
102.326 -58.9335
102.326 -58.9335
102.326 -58.9334
102.327 -58.9334
102.327 -58.9334
102.327 -58.9334
102.328 -58.9334
102.328 -58.9333
102.328 -58.9333
102.329 -58.9333
102.329 -58.9333
102.329 -58.9332
102.33 -58.9332
102.33 -58.9332
102.33 -58.9332
102.331 -58.9332
102.331 -58.9331
102.331 -58.9331
102.332 -58.9331
102.332 -58.9331
102.333 -58.9331
102.333 -58.933
102.333 -58.933
102.334 -58.933
102.334 -58.933
102.334 -58.9329
102.335 -58.9329
102.335 -58.9329
102.335 -58.9329
102.336 -58.9329
102.336 -58.9328
102.336 -58.9328
102.337 -58.9328
102.337 -58.9328
102.337 -58.9328
102.338 -58.9327
102.338 -58.9327
102.338 -58.9327
102.339 -58.9327
102.339 -58.9327
102.339 -58.9326
102.34 -58.9326
102.34 -58.9326
102.34 -58.9326
102.341 -58.9325
102.341 -58.9325
102.341 -58.9325
102.342 -58.9325
102.342 -58.9325
102.342 -58.9324
102.343 -58.9324
102.343 -58.9324
102.343 -58.9324
102.344 -58.9324
102.344 -58.9323
102.345 -58.9323
102.345 -58.9323
102.345 -58.9323
102.346 -58.9322
102.346 -58.9322
102.346 -58.9322
102.347 -58.9322
102.347 -58.9322
102.347 -58.9321
102.348 -58.9321
102.348 -58.9321
102.348 -58.9321
102.349 -58.9321
102.349 -58.932
102.349 -58.932
102.35 -58.932
102.35 -58.932
102.35 -58.932
102.351 -58.9319
102.351 -58.9319
102.352 -58.9319
102.352 -58.9319
102.352 -58.9319
102.353 -58.9318
102.353 -58.9318
102.353 -58.9318
102.354 -58.9318
102.354 -58.9317
102.354 -58.9317
102.355 -58.9317
102.355 -58.9317
102.355 -58.9317
102.356 -58.9316
102.356 -58.9316
102.356 -58.9316
102.357 -58.9316
102.357 -58.9316
102.358 -58.9315
102.358 -58.9315
102.358 -58.9315
102.359 -58.9315
102.359 -58.9315
102.359 -58.9314
102.36 -58.9314
102.36 -58.9314
102.36 -58.9314
102.361 -58.9314
102.361 -58.9313
102.362 -58.9313
102.362 -58.9313
102.362 -58.9313
102.363 -58.9312
102.363 -58.9312
102.363 -58.9312
102.364 -58.9312
102.364 -58.9312
102.364 -58.9311
102.365 -58.9311
102.365 -58.9311
102.365 -58.9311
102.366 -58.9311
102.366 -58.931
102.367 -58.931
102.367 -58.931
102.367 -58.931
102.368 -58.931
102.368 -58.9309
102.368 -58.9309
102.369 -58.9309
102.369 -58.9309
102.369 -58.9309
102.37 -58.9308
102.37 -58.9308
102.371 -58.9308
102.371 -58.9308
102.371 -58.9308
102.372 -58.9307
102.372 -58.9307
102.372 -58.9307
102.373 -58.9307
102.373 -58.9307
102.374 -58.9306
102.374 -58.9306
102.374 -58.9306
102.375 -58.9306
102.375 -58.9306
102.375 -58.9305
102.376 -58.9305
102.376 -58.9305
102.376 -58.9305
102.377 -58.9305
102.377 -58.9304
102.378 -58.9304
102.378 -58.9304
102.378 -58.9304
102.379 -58.9303
102.379 -58.9303
102.379 -58.9303
102.38 -58.9303
102.38 -58.9303
102.381 -58.9302
102.381 -58.9302
102.381 -58.9302
102.382 -58.9302
102.382 -58.9302
102.382 -58.9301
102.383 -58.9301
102.383 -58.9301
102.384 -58.9301
102.384 -58.9301
102.384 -58.93
102.385 -58.93
102.385 -58.93
102.385 -58.93
102.386 -58.93
102.386 -58.9299
102.387 -58.9299
102.387 -58.9299
102.387 -58.9299
102.388 -58.9299
102.388 -58.9298
102.388 -58.9298
102.389 -58.9298
102.389 -58.9298
102.39 -58.9298
102.39 -58.9297
102.39 -58.9297
102.391 -58.9297
102.391 -58.9297
102.391 -58.9297
102.392 -58.9296
102.392 -58.9296
102.393 -58.9296
102.393 -58.9296
102.393 -58.9296
102.394 -58.9295
102.394 -58.9295
102.395 -58.9295
102.395 -58.9295
102.395 -58.9295
102.396 -58.9294
102.396 -58.9294
102.396 -58.9294
102.397 -58.9294
102.397 -58.9294
102.398 -58.9293
102.398 -58.9293
102.398 -58.9293
102.399 -58.9293
102.399 -58.9293
102.399 -58.9292
102.4 -58.9292
102.4 -58.9292
102.401 -58.9292
102.401 -58.9292
102.401 -58.9291
102.402 -58.9291
102.402 -58.9291
102.403 -58.9291
102.403 -58.9291
102.403 -58.929
102.404 -58.929
102.404 -58.929
102.405 -58.929
102.405 -58.929
102.405 -58.9289
102.406 -58.9289
102.406 -58.9289
102.406 -58.9289
102.407 -58.9289
102.407 -58.9288
102.408 -58.9288
102.408 -58.9288
102.408 -58.9288
102.409 -58.9288
102.409 -58.9288
102.41 -58.9287
102.41 -58.9287
102.41 -58.9287
102.411 -58.9287
102.411 -58.9287
102.412 -58.9286
102.412 -58.9286
102.412 -58.9286
102.413 -58.9286
102.413 -58.9286
102.414 -58.9285
102.414 -58.9285
102.414 -58.9285
102.415 -58.9285
102.415 -58.9285
102.415 -58.9284
102.416 -58.9284
102.416 -58.9284
102.417 -58.9284
102.417 -58.9284
102.417 -58.9283
102.418 -58.9283
102.418 -58.9283
102.419 -58.9283
102.419 -58.9283
102.419 -58.9282
102.42 -58.9282
102.42 -58.9282
102.421 -58.9282
102.421 -58.9282
102.421 -58.9281
102.422 -58.9281
102.422 -58.9281
102.423 -58.9281
102.423 -58.9281
102.423 -58.9281
102.424 -58.928
102.424 -58.928
102.425 -58.928
102.425 -58.928
102.425 -58.928
102.426 -58.9279
102.426 -58.9279
102.427 -58.9279
102.427 -58.9279
102.427 -58.9279
102.428 -58.9278
102.428 -58.9278
102.429 -58.9278
102.429 -58.9278
102.429 -58.9278
102.43 -58.9277
102.43 -58.9277
102.431 -58.9277
102.431 -58.9277
102.432 -58.9277
102.432 -58.9276
102.432 -58.9276
102.433 -58.9276
102.433 -58.9276
102.434 -58.9276
102.434 -58.9276
102.434 -58.9275
102.435 -58.9275
102.435 -58.9275
102.436 -58.9275
102.436 -58.9275
102.436 -58.9274
102.437 -58.9274
102.437 -58.9274
102.438 -58.9274
102.438 -58.9274
102.438 -58.9273
102.439 -58.9273
102.439 -58.9273
102.44 -58.9273
102.44 -58.9273
102.44 -58.9272
102.441 -58.9272
102.441 -58.9272
102.442 -58.9272
102.442 -58.9272
102.443 -58.9272
102.443 -58.9271
102.443 -58.9271
102.444 -58.9271
102.444 -58.9271
102.445 -58.9271
102.445 -58.927
102.445 -58.927
102.446 -58.927
102.446 -58.927
102.447 -58.927
102.447 -58.9269
102.448 -58.9269
102.448 -58.9269
102.448 -58.9269
102.449 -58.9269
102.449 -58.9268
102.45 -58.9268
102.45 -58.9268
102.45 -58.9268
102.451 -58.9268
102.451 -58.9268
102.452 -58.9267
102.452 -58.9267
102.453 -58.9267
102.453 -58.9267
102.453 -58.9267
102.454 -58.9266
102.454 -58.9266
102.455 -58.9266
102.455 -58.9266
102.455 -58.9266
102.456 -58.9265
102.456 -58.9265
102.457 -58.9265
102.457 -58.9265
102.458 -58.9265
102.458 -58.9265
102.458 -58.9264
102.459 -58.9264
102.459 -58.9264
102.46 -58.9264
102.46 -58.9264
102.461 -58.9263
102.461 -58.9263
102.461 -58.9263
102.462 -58.9263
102.462 -58.9263
102.463 -58.9262
102.463 -58.9262
102.463 -58.9262
102.464 -58.9262
102.464 -58.9262
102.465 -58.9262
102.465 -58.9261
102.466 -58.9261
102.466 -58.9261
102.466 -58.9261
102.467 -58.9261
102.467 -58.926
102.468 -58.926
102.468 -58.926
102.469 -58.926
102.469 -58.926
102.469 -58.926
102.47 -58.9259
102.47 -58.9259
102.471 -58.9259
102.471 -58.9259
102.472 -58.9259
102.472 -58.9258
102.472 -58.9258
102.473 -58.9258
102.473 -58.9258
102.474 -58.9258
102.474 -58.9258
102.475 -58.9257
102.475 -58.9257
102.475 -58.9257
102.476 -58.9257
102.476 -58.9257
102.477 -58.9256
102.477 -58.9256
102.478 -58.9256
102.478 -58.9256
102.478 -58.9256
102.479 -58.9256
102.479 -58.9255
102.48 -58.9255
102.48 -58.9255
102.481 -58.9255
102.481 -58.9255
102.482 -58.9254
102.482 -58.9254
102.482 -58.9254
102.483 -58.9254
102.483 -58.9254
102.484 -58.9254
102.484 -58.9253
102.485 -58.9253
102.485 -58.9253
102.485 -58.9253
102.486 -58.9253
102.486 -58.9252
102.487 -58.9252
102.487 -58.9252
102.488 -58.9252
102.488 -58.9252
102.489 -58.9252
102.489 -58.9251
102.489 -58.9251
102.49 -58.9251
102.49 -58.9251
102.491 -58.9251
102.491 -58.925
102.492 -58.925
102.492 -58.925
102.492 -58.925
102.493 -58.925
102.493 -58.925
102.494 -58.9249
102.494 -58.9249
102.495 -58.9249
102.495 -58.9249
102.496 -58.9249
102.496 -58.9248
102.496 -58.9248
102.497 -58.9248
102.497 -58.9248
102.498 -58.9248
102.498 -58.9248
102.499 -58.9247
102.499 -58.9247
102.5 -58.9247
102.5 -58.9247
102.5 -58.9247
102.501 -58.9246
102.501 -58.9246
102.502 -58.9246
102.502 -58.9246
102.503 -58.9246
102.503 -58.9246
102.504 -58.9245
102.504 -58.9245
102.504 -58.9245
102.505 -58.9245
102.505 -58.9245
102.506 -58.9245
102.506 -58.9244
102.507 -58.9244
102.507 -58.9244
102.508 -58.9244
102.508 -58.9244
102.509 -58.9243
102.509 -58.9243
102.509 -58.9243
102.51 -58.9243
102.51 -58.9243
102.511 -58.9243
102.511 -58.9242
102.512 -58.9242
102.512 -58.9242
102.513 -58.9242
102.513 -58.9242
102.514 -58.9242
102.514 -58.9241
102.514 -58.9241
102.515 -58.9241
102.515 -58.9241
102.516 -58.9241
102.516 -58.924
102.517 -58.924
102.517 -58.924
102.518 -58.924
102.518 -58.924
102.519 -58.924
102.519 -58.9239
102.519 -58.9239
102.52 -58.9239
102.52 -58.9239
102.521 -58.9239
102.521 -58.9239
102.522 -58.9238
102.522 -58.9238
102.523 -58.9238
102.523 -58.9238
102.524 -58.9238
102.524 -58.9237
102.524 -58.9237
102.525 -58.9237
102.525 -58.9237
102.526 -58.9237
102.526 -58.9237
102.527 -58.9236
102.527 -58.9236
102.528 -58.9236
102.528 -58.9236
102.529 -58.9236
102.529 -58.9236
102.53 -58.9235
102.53 -58.9235
102.53 -58.9235
102.531 -58.9235
102.531 -58.9235
102.532 -58.9235
102.532 -58.9234
102.533 -58.9234
102.533 -58.9234
102.534 -58.9234
102.534 -58.9234
102.535 -58.9233
102.535 -58.9233
102.536 -58.9233
102.536 -58.9233
102.536 -58.9233
102.537 -58.9233
102.537 -58.9232
102.538 -58.9232
102.538 -58.9232
102.539 -58.9232
102.539 -58.9232
102.54 -58.9232
102.54 -58.9231
102.541 -58.9231
102.541 -58.9231
102.542 -58.9231
102.542 -58.9231
102.543 -58.9231
102.543 -58.923
102.544 -58.923
102.544 -58.923
102.544 -58.923
102.545 -58.923
102.545 -58.923
102.546 -58.9229
102.546 -58.9229
102.547 -58.9229
102.547 -58.9229
102.548 -58.9229
102.548 -58.9229
102.549 -58.9228
102.549 -58.9228
102.55 -58.9228
102.55 -58.9228
102.551 -58.9228
102.551 -58.9228
102.552 -58.9227
102.552 -58.9227
102.552 -58.9227
102.553 -58.9227
102.553 -58.9227
102.554 -58.9226
102.554 -58.9226
102.555 -58.9226
102.555 -58.9226
102.556 -58.9226
102.556 -58.9226
102.557 -58.9225
102.557 -58.9225
102.558 -58.9225
102.558 -58.9225
102.559 -58.9225
102.559 -58.9225
102.56 -58.9224
102.56 -58.9224
102.561 -58.9224
102.561 -58.9224
102.562 -58.9224
102.562 -58.9224
102.562 -58.9223
102.563 -58.9223
102.563 -58.9223
102.564 -58.9223
102.564 -58.9223
102.565 -58.9223
102.565 -58.9222
102.566 -58.9222
102.566 -58.9222
102.567 -58.9222
102.567 -58.9222
102.568 -58.9222
102.568 -58.9221
102.569 -58.9221
102.569 -58.9221
102.57 -58.9221
102.57 -58.9221
102.571 -58.9221
102.571 -58.922
102.572 -58.922
