0.1 -9.42186e-005
0.2 -0.000405537
0.3 -0.000580188
0.4 -0.00077235
0.5 -0.000965494
0.6 -0.00115873
0.7 -0.00135201
0.8 -0.00154533
0.9 -0.00173869
1 -0.0019321
20.2651 -0.0119321
40.2991 -0.0219321
60.1038 -0.0319321
79.676 -0.0419321
99.015 -0.0519321
118.12 -0.0619321
136.99 -0.0719321
155.625 -0.0819321
174.023 -0.0919321
192.183 -0.101932
210.104 -0.111932
227.785 -0.121932
245.225 -0.131932
262.422 -0.141932
279.375 -0.151932
296.083 -0.161932
312.543 -0.171932
328.753 -0.181932
344.713 -0.191932
360.419 -0.201932
375.87 -0.211932
391.062 -0.221932
405.993 -0.231932
420.661 -0.241932
435.061 -0.251932
449.191 -0.261932
463.045 -0.271932
476.62 -0.281932
489.564 -0.291932
501.628 -0.301932
512.685 -0.311932
522.415 -0.321932
531.285 -0.331932
539.191 -0.341932
545.6 -0.351932
549.066 -0.361932
548.745 -0.371932
537.853 -0.381932
525.744 -0.391932
524.249 -0.401932
523.13 -0.411932
518.657 -0.421932
515.087 -0.431932
511.711 -0.441932
510.212 -0.451932
508.568 -0.461932
507.518 -0.471932
506.949 -0.481932
505.925 -0.491932
504.384 -0.501932
502.922 -0.511932
502.115 -0.521932
501.376 -0.531932
500.331 -0.541932
499.216 -0.551932
498.037 -0.561932
497.053 -0.571932
495.999 -0.581932
494.883 -0.591932
493.66 -0.601932
492.394 -0.611932
491.169 -0.621932
489.881 -0.631932
488.394 -0.641932
486.995 -0.651932
485.684 -0.661932
484.479 -0.671932
483.185 -0.681932
481.927 -0.691932
480.743 -0.701932
479.671 -0.711932
478.641 -0.721932
477.622 -0.731932
476.587 -0.741932
475.535 -0.751932
474.47 -0.761932
473.412 -0.771932
472.356 -0.781932
471.19 -0.791932
470.012 -0.801932
468.849 -0.811932
467.667 -0.821932
466.521 -0.831932
465.363 -0.841932
464.194 -0.851932
463.015 -0.861932
461.827 -0.871932
460.645 -0.881932
459.454 -0.891932
458.258 -0.901932
457.088 -0.911932
455.938 -0.921932
454.774 -0.931932
453.573 -0.941932
452.362 -0.951932
451.147 -0.961932
449.955 -0.971932
448.77 -0.981932
447.614 -0.991932
446.439 -1.00193
445.274 -1.01193
444.108 -1.02193
442.935 -1.03193
441.879 -1.04193
440.815 -1.05193
439.741 -1.06193
438.664 -1.07193
437.588 -1.08193
436.509 -1.09193
435.426 -1.10193
434.341 -1.11193
433.252 -1.12193
432.161 -1.13193
431.067 -1.14193
429.973 -1.15193
428.877 -1.16193
427.77 -1.17193
426.672 -1.18193
425.575 -1.19193
424.501 -1.20193
423.443 -1.21193
422.391 -1.22193
421.34 -1.23193
420.29 -1.24193
419.374 -1.25193
418.465 -1.26193
417.558 -1.27193
416.696 -1.28193
415.834 -1.29193
414.97 -1.30193
414.106 -1.31193
413.242 -1.32193
412.373 -1.33193
411.501 -1.34193
410.627 -1.35193
409.751 -1.36193
408.912 -1.37193
408.107 -1.38193
407.3 -1.39193
406.489 -1.40193
405.677 -1.41193
404.869 -1.42193
404.062 -1.43193
403.256 -1.44193
402.449 -1.45193
401.643 -1.46193
400.838 -1.47193
400.037 -1.48193
399.241 -1.49193
398.445 -1.50193
397.65 -1.51193
396.856 -1.52193
396.063 -1.53193
395.269 -1.54193
394.47 -1.55193
393.671 -1.56193
392.94 -1.57193
392.216 -1.58193
391.493 -1.59193
390.77 -1.60193
390.048 -1.61193
389.405 -1.62193
388.791 -1.63193
388.177 -1.64193
387.564 -1.65193
386.952 -1.66193
386.34 -1.67193
385.728 -1.68193
385.117 -1.69193
384.507 -1.70193
383.94 -1.71193
383.374 -1.72193
382.809 -1.73193
382.275 -1.74193
381.742 -1.75193
381.209 -1.76193
380.676 -1.77193
380.144 -1.78193
379.613 -1.79193
379.093 -1.80193
378.576 -1.81193
378.059 -1.82193
377.542 -1.83193
377.025 -1.84193
376.509 -1.85193
375.993 -1.86193
375.478 -1.87193
374.963 -1.88193
374.454 -1.89193
373.946 -1.90193
373.481 -1.91193
373.033 -1.92193
372.586 -1.93193
372.139 -1.94193
371.693 -1.95193
371.247 -1.96193
370.802 -1.97193
370.357 -1.98193
369.913 -1.99193
369.47 -2.00193
369.027 -2.01193
368.584 -2.02193
368.143 -2.03193
367.701 -2.04193
367.261 -2.05193
366.821 -2.06193
366.38 -2.07193
365.94 -2.08193
365.522 -2.09193
365.133 -2.10193
364.743 -2.11193
364.354 -2.12193
363.966 -2.13193
363.584 -2.14193
363.236 -2.15193
362.889 -2.16193
362.543 -2.17193
362.197 -2.18193
361.852 -2.19193
361.507 -2.20193
361.163 -2.21193
360.819 -2.22193
360.477 -2.23193
360.134 -2.24193
359.793 -2.25193
359.452 -2.26193
359.116 -2.27193
358.78 -2.28193
358.445 -2.29193
358.111 -2.30193
357.779 -2.31193
357.45 -2.32193
357.121 -2.33193
356.793 -2.34193
356.465 -2.35193
356.138 -2.36193
355.811 -2.37193
355.486 -2.38193
355.16 -2.39193
354.836 -2.40193
354.511 -2.41193
354.19 -2.42193
353.902 -2.43193
353.614 -2.44193
353.336 -2.45193
353.065 -2.46193
352.826 -2.47193
352.589 -2.48193
352.353 -2.49193
352.117 -2.50193
351.882 -2.51193
351.647 -2.52193
351.413 -2.53193
351.179 -2.54193
350.945 -2.55193
350.712 -2.56193
350.479 -2.57193
350.246 -2.58193
350.013 -2.59193
349.781 -2.60193
349.549 -2.61193
349.318 -2.62193
349.087 -2.63193
348.856 -2.64193
348.626 -2.65193
348.396 -2.66193
348.166 -2.67193
347.937 -2.68193
347.708 -2.69193
347.48 -2.70193
347.252 -2.71193
347.024 -2.72193
346.796 -2.73193
346.569 -2.74193
346.343 -2.75193
346.117 -2.76193
345.891 -2.77193
345.665 -2.78193
345.44 -2.79193
345.22 -2.80193
345.007 -2.81193
344.794 -2.82193
344.581 -2.83193
344.369 -2.84193
344.157 -2.85193
343.946 -2.86193
343.735 -2.87193
343.524 -2.88193
343.314 -2.89193
343.104 -2.90193
342.895 -2.91193
342.685 -2.92193
342.477 -2.93193
342.268 -2.94193
342.06 -2.95193
341.853 -2.96193
341.645 -2.97193
341.438 -2.98193
341.232 -2.99193
341.026 -3.00193
340.82 -3.01193
340.614 -3.02193
340.409 -3.03193
340.205 -3.04193
340 -3.05193
339.796 -3.06193
339.593 -3.07193
339.39 -3.08193
339.187 -3.09193
338.984 -3.10193
338.782 -3.11193
338.58 -3.12193
338.379 -3.13193
338.177 -3.14193
337.976 -3.15193
337.775 -3.16193
337.575 -3.17193
337.374 -3.18193
337.173 -3.19193
336.972 -3.20193
336.772 -3.21193
336.572 -3.22193
336.372 -3.23193
336.173 -3.24193
335.974 -3.25193
335.775 -3.26193
335.587 -3.27193
335.399 -3.28193
335.211 -3.29193
335.023 -3.30193
334.836 -3.31193
334.649 -3.32193
334.462 -3.33193
334.285 -3.34193
334.118 -3.35193
333.95 -3.36193
333.784 -3.37193
333.617 -3.38193
333.451 -3.39193
333.285 -3.40193
333.119 -3.41193
332.953 -3.42193
332.788 -3.43193
332.623 -3.44193
332.459 -3.45193
332.294 -3.46193
332.13 -3.47193
331.979 -3.48193
331.83 -3.49193
331.681 -3.50193
331.532 -3.51193
331.384 -3.52193
331.236 -3.53193
331.088 -3.54193
330.941 -3.55193
330.794 -3.56193
330.651 -3.57193
330.515 -3.58193
330.378 -3.59193
330.242 -3.60193
330.107 -3.61193
329.971 -3.62193
329.836 -3.63193
329.701 -3.64193
329.566 -3.65193
329.432 -3.66193
329.297 -3.67193
329.164 -3.68193
329.03 -3.69193
328.897 -3.70193
328.763 -3.71193
328.631 -3.72193
328.498 -3.73193
328.366 -3.74193
328.234 -3.75193
328.102 -3.76193
327.971 -3.77193
327.84 -3.78193
327.709 -3.79193
327.577 -3.80193
327.445 -3.81193
327.312 -3.82193
327.18 -3.83193
327.049 -3.84193
326.917 -3.85193
326.786 -3.86193
326.655 -3.87193
326.524 -3.88193
326.393 -3.89193
326.263 -3.90193
326.133 -3.91193
326.004 -3.92193
325.874 -3.93193
325.745 -3.94193
325.616 -3.95193
325.488 -3.96193
325.359 -3.97193
325.231 -3.98193
325.104 -3.99193
324.976 -4.00193
324.848 -4.01193
324.72 -4.02193
324.593 -4.03193
324.466 -4.04193
324.339 -4.05193
324.212 -4.06193
324.086 -4.07193
323.96 -4.08193
323.834 -4.09193
323.709 -4.10193
323.584 -4.11193
323.459 -4.12193
323.334 -4.13193
323.21 -4.14193
323.086 -4.15193
322.963 -4.16193
322.839 -4.17193
322.716 -4.18193
322.593 -4.19193
322.471 -4.20193
322.348 -4.21193
322.226 -4.22193
322.105 -4.23193
321.984 -4.24193
321.863 -4.25193
321.742 -4.26193
321.622 -4.27193
321.502 -4.28193
321.382 -4.29193
321.262 -4.30193
321.143 -4.31193
321.025 -4.32193
320.906 -4.33193
320.788 -4.34193
320.67 -4.35193
320.553 -4.36193
320.436 -4.37193
320.319 -4.38193
320.203 -4.39193
320.087 -4.40193
319.971 -4.41193
319.855 -4.42193
319.74 -4.43193
319.623 -4.44193
319.506 -4.45193
319.389 -4.46193
319.273 -4.47193
319.157 -4.48193
319.042 -4.49193
318.933 -4.50193
318.827 -4.51193
318.72 -4.52193
318.614 -4.53193
318.508 -4.54193
318.403 -4.55193
318.298 -4.56193
318.193 -4.57193
318.089 -4.58193
317.985 -4.59193
317.881 -4.60193
317.778 -4.61193
317.675 -4.62193
317.573 -4.63193
317.471 -4.64193
317.368 -4.65193
317.265 -4.66193
317.163 -4.67193
317.061 -4.68193
316.959 -4.69193
316.858 -4.70193
316.757 -4.71193
316.657 -4.72193
316.556 -4.73193
316.457 -4.74193
316.357 -4.75193
316.258 -4.76193
316.159 -4.77193
316.062 -4.78193
315.963 -4.79193
315.864 -4.80193
315.766 -4.81193
315.668 -4.82193
315.571 -4.83193
315.473 -4.84193
315.376 -4.85193
315.28 -4.86193
315.183 -4.87193
315.087 -4.88193
314.991 -4.89193
314.896 -4.90193
314.801 -4.91193
314.706 -4.92193
314.611 -4.93193
314.517 -4.94193
314.423 -4.95193
314.33 -4.96193
314.236 -4.97193
314.143 -4.98193
314.051 -4.99193
313.956 -5.00193
313.859 -5.01193
313.763 -5.02193
313.666 -5.03193
313.57 -5.04193
313.474 -5.05193
313.378 -5.06193
313.293 -5.07193
313.208 -5.08193
313.123 -5.09193
313.038 -5.10193
312.954 -5.11193
312.871 -5.12193
312.786 -5.13193
312.698 -5.14193
312.611 -5.15193
312.524 -5.16193
312.437 -5.17193
312.351 -5.18193
312.266 -5.19193
312.18 -5.20193
312.096 -5.21193
312.011 -5.22193
311.927 -5.23193
311.844 -5.24193
311.761 -5.25193
311.679 -5.26193
311.597 -5.27193
311.515 -5.28193
311.434 -5.29193
311.353 -5.30193
311.272 -5.31193
311.193 -5.32193
311.113 -5.33193
311.034 -5.34193
310.956 -5.35193
310.877 -5.36193
310.799 -5.37193
310.722 -5.38193
310.645 -5.39193
310.569 -5.40193
310.492 -5.41193
310.417 -5.42193
310.342 -5.43193
310.267 -5.44193
310.189 -5.45193
310.109 -5.46193
310.029 -5.47193
309.927 -5.48193
309.827 -5.49193
309.742 -5.50193
309.647 -5.51193
309.551 -5.52193
309.456 -5.53193
309.36 -5.54193
309.265 -5.55193
309.17 -5.56193
309.075 -5.57193
308.98 -5.58193
308.886 -5.59193
308.791 -5.60193
308.697 -5.61193
308.602 -5.62193
308.508 -5.63193
308.414 -5.64193
308.32 -5.65193
308.227 -5.66193
308.133 -5.67193
308.04 -5.68193
307.946 -5.69193
307.853 -5.70193
307.761 -5.71193
307.67 -5.72193
307.579 -5.73193
307.489 -5.74193
307.398 -5.75193
307.308 -5.76193
307.218 -5.77193
307.13 -5.78193
307.045 -5.79193
306.96 -5.80193
306.876 -5.81193
306.791 -5.82193
306.707 -5.83193
306.623 -5.84193
306.539 -5.85193
306.455 -5.86193
306.372 -5.87193
306.289 -5.88193
306.205 -5.89193
306.122 -5.90193
306.04 -5.91193
305.957 -5.92193
305.875 -5.93193
305.792 -5.94193
305.71 -5.95193
305.628 -5.96193
305.547 -5.97193
305.465 -5.98193
305.384 -5.99193
305.303 -6.00193
305.222 -6.01193
305.141 -6.02193
305.06 -6.03193
304.98 -6.04193
304.9 -6.05193
304.82 -6.06193
304.74 -6.07193
304.661 -6.08193
304.581 -6.09193
304.502 -6.10193
304.423 -6.11193
304.345 -6.12193
304.266 -6.13193
304.188 -6.14193
304.11 -6.15193
304.032 -6.16193
303.954 -6.17193
303.877 -6.18193
303.799 -6.19193
303.722 -6.20193
303.645 -6.21193
303.569 -6.22193
303.492 -6.23193
303.416 -6.24193
303.34 -6.25193
303.265 -6.26193
303.189 -6.27193
303.114 -6.28193
303.039 -6.29193
302.964 -6.30193
302.89 -6.31193
302.815 -6.32193
302.741 -6.33193
302.667 -6.34193
302.594 -6.35193
302.52 -6.36193
302.447 -6.37193
302.374 -6.38193
302.301 -6.39193
302.229 -6.40193
302.156 -6.41193
302.084 -6.42193
302.013 -6.43193
301.941 -6.44193
301.87 -6.45193
301.799 -6.46193
301.728 -6.47193
301.657 -6.48193
301.587 -6.49193
301.517 -6.50193
301.447 -6.51193
301.377 -6.52193
301.308 -6.53193
301.239 -6.54193
301.17 -6.55193
301.102 -6.56193
301.034 -6.57193
300.966 -6.58193
300.898 -6.59193
300.83 -6.60193
300.763 -6.61193
300.696 -6.62193
300.63 -6.63193
300.563 -6.64193
300.497 -6.65193
300.431 -6.66193
300.365 -6.67193
300.3 -6.68193
300.235 -6.69193
300.17 -6.70193
300.106 -6.71193
300.041 -6.72193
299.977 -6.73193
299.913 -6.74193
299.85 -6.75193
299.787 -6.76193
299.724 -6.77193
299.661 -6.78193
299.599 -6.79193
299.537 -6.80193
299.475 -6.81193
299.414 -6.82193
299.352 -6.83193
299.291 -6.84193
299.231 -6.85193
299.171 -6.86193
299.111 -6.87193
299.051 -6.88193
298.991 -6.89193
298.932 -6.90193
298.873 -6.91193
298.814 -6.92193
298.756 -6.93193
298.697 -6.94193
298.639 -6.95193
298.582 -6.96193
298.525 -6.97193
298.468 -6.98193
298.411 -6.99193
298.354 -7.00193
298.298 -7.01193
298.243 -7.02193
298.187 -7.03193
298.132 -7.04193
298.074 -7.05193
298.004 -7.06193
297.935 -7.07193
297.865 -7.08193
297.795 -7.09193
297.726 -7.10193
297.657 -7.11193
297.588 -7.12193
297.519 -7.13193
297.45 -7.14193
297.382 -7.15193
297.313 -7.16193
297.245 -7.17193
297.177 -7.18193
297.11 -7.19193
297.042 -7.20193
296.975 -7.21193
296.907 -7.22193
296.84 -7.23193
296.772 -7.24193
296.704 -7.25193
296.637 -7.26193
296.569 -7.27193
296.502 -7.28193
296.435 -7.29193
296.368 -7.30193
296.302 -7.31193
296.235 -7.32193
296.169 -7.33193
296.103 -7.34193
296.037 -7.35193
295.971 -7.36193
295.906 -7.37193
295.841 -7.38193
295.775 -7.39193
295.711 -7.40193
295.646 -7.41193
295.581 -7.42193
295.517 -7.43193
295.453 -7.44193
295.389 -7.45193
295.325 -7.46193
295.261 -7.47193
295.198 -7.48193
295.135 -7.49193
295.072 -7.50193
295.009 -7.51193
294.946 -7.52193
294.884 -7.53193
294.822 -7.54193
294.76 -7.55193
294.698 -7.56193
294.637 -7.57193
294.575 -7.58193
294.514 -7.59193
294.453 -7.60193
294.392 -7.61193
294.332 -7.62193
294.271 -7.63193
294.211 -7.64193
294.151 -7.65193
294.091 -7.66193
294.03 -7.67193
293.97 -7.68193
293.909 -7.69193
293.849 -7.70193
293.789 -7.71193
293.729 -7.72193
293.669 -7.73193
293.61 -7.74193
293.551 -7.75193
293.492 -7.76193
293.433 -7.77193
293.374 -7.78193
293.315 -7.79193
293.257 -7.80193
293.199 -7.81193
293.141 -7.82193
293.082 -7.83193
293.018 -7.84193
292.954 -7.85193
292.891 -7.86193
292.827 -7.87193
292.764 -7.88193
292.701 -7.89193
292.638 -7.90193
292.575 -7.91193
292.513 -7.92193
292.45 -7.93193
292.388 -7.94193
292.326 -7.95193
292.264 -7.96193
292.202 -7.97193
292.14 -7.98193
292.079 -7.99193
292.017 -8.00193
291.956 -8.01193
291.895 -8.02193
291.835 -8.03193
291.774 -8.04193
291.713 -8.05193
291.653 -8.06193
291.593 -8.07193
291.533 -8.08193
291.474 -8.09193
291.415 -8.10193
291.357 -8.11193
291.299 -8.12193
291.241 -8.13193
291.185 -8.14193
291.13 -8.15193
291.075 -8.16193
291.02 -8.17193
290.965 -8.18193
290.91 -8.19193
290.856 -8.20193
290.802 -8.21193
290.748 -8.22193
290.694 -8.23193
290.64 -8.24193
290.589 -8.25193
290.538 -8.26193
290.486 -8.27193
290.435 -8.28193
290.385 -8.29193
290.334 -8.30193
290.284 -8.31193
290.234 -8.32193
290.184 -8.33193
290.134 -8.34193
290.084 -8.35193
290.035 -8.36193
289.986 -8.37193
289.937 -8.38193
289.888 -8.39193
289.839 -8.40193
289.791 -8.41193
289.742 -8.42193
289.694 -8.43193
289.646 -8.44193
289.599 -8.45193
289.551 -8.46193
289.504 -8.47193
289.457 -8.48193
289.41 -8.49193
289.363 -8.50193
289.317 -8.51193
289.271 -8.52193
289.225 -8.53193
289.179 -8.54193
289.133 -8.55193
289.088 -8.56193
289.043 -8.57193
288.998 -8.58193
288.953 -8.59193
288.908 -8.60193
288.864 -8.61193
288.819 -8.62193
288.775 -8.63193
288.731 -8.64193
288.686 -8.65193
288.631 -8.66193
288.576 -8.67193
288.521 -8.68193
288.466 -8.69193
288.411 -8.70193
288.357 -8.71193
288.302 -8.72193
288.248 -8.73193
288.193 -8.74193
288.138 -8.75193
288.083 -8.76193
288.029 -8.77193
287.974 -8.78193
287.92 -8.79193
287.866 -8.80193
287.812 -8.81193
287.758 -8.82193
287.704 -8.83193
287.65 -8.84193
287.597 -8.85193
287.543 -8.86193
287.49 -8.87193
287.437 -8.88193
287.383 -8.89193
287.33 -8.90193
287.278 -8.91193
287.225 -8.92193
287.172 -8.93193
287.12 -8.94193
287.067 -8.95193
287.015 -8.96193
286.963 -8.97193
286.911 -8.98193
286.859 -8.99193
286.807 -9.00193
286.756 -9.01193
286.704 -9.02193
286.653 -9.03193
286.592 -9.04193
286.53 -9.05193
286.467 -9.06193
286.405 -9.07193
286.343 -9.08193
286.282 -9.09193
286.22 -9.10193
286.158 -9.11193
286.096 -9.12193
286.035 -9.13193
285.973 -9.14193
285.911 -9.15193
285.85 -9.16193
285.788 -9.17193
285.727 -9.18193
285.666 -9.19193
285.604 -9.20193
285.543 -9.21193
285.482 -9.22193
285.421 -9.23193
285.36 -9.24193
285.299 -9.25193
285.238 -9.26193
285.177 -9.27193
285.116 -9.28193
285.055 -9.29193
284.994 -9.30193
284.934 -9.31193
284.873 -9.32193
284.813 -9.33193
284.752 -9.34193
284.692 -9.35193
284.631 -9.36193
284.571 -9.37193
284.511 -9.38193
284.451 -9.39193
284.391 -9.40193
284.331 -9.41193
284.271 -9.42193
284.211 -9.43193
284.151 -9.44193
284.091 -9.45193
284.031 -9.46193
283.972 -9.47193
283.912 -9.48193
283.853 -9.49193
283.793 -9.50193
283.734 -9.51193
283.674 -9.52193
283.615 -9.53193
283.556 -9.54193
283.497 -9.55193
283.438 -9.56193
283.379 -9.57193
283.32 -9.58193
283.261 -9.59193
283.202 -9.60193
283.143 -9.61193
283.085 -9.62193
283.026 -9.63193
282.968 -9.64193
282.909 -9.65193
282.851 -9.66193
282.792 -9.67193
282.734 -9.68193
282.676 -9.69193
282.618 -9.70193
282.56 -9.71193
282.502 -9.72193
282.444 -9.73193
282.386 -9.74193
282.328 -9.75193
282.271 -9.76193
282.213 -9.77193
282.156 -9.78193
282.098 -9.79193
282.041 -9.80193
281.983 -9.81193
281.926 -9.82193
281.869 -9.83193
281.812 -9.84193
281.755 -9.85193
281.698 -9.86193
281.641 -9.87193
281.584 -9.88193
281.528 -9.89193
281.471 -9.90193
281.414 -9.91193
281.358 -9.92193
281.302 -9.93193
281.245 -9.94193
281.189 -9.95193
281.133 -9.96193
281.077 -9.97193
281.021 -9.98193
280.965 -9.99193
280.909 -10.0019
280.853 -10.0119
280.797 -10.0219
280.742 -10.0319
280.686 -10.0419
280.631 -10.0519
280.575 -10.0619
280.52 -10.0719
280.465 -10.0819
280.41 -10.0919
280.355 -10.1019
280.3 -10.1119
280.245 -10.1219
280.19 -10.1319
280.135 -10.1419
280.081 -10.1519
280.026 -10.1619
279.972 -10.1719
279.919 -10.1819
279.866 -10.1919
279.813 -10.2019
279.761 -10.2119
279.707 -10.2219
279.653 -10.2319
279.6 -10.2419
279.546 -10.2519
279.492 -10.2619
279.439 -10.2719
279.386 -10.2819
279.332 -10.2919
279.279 -10.3019
279.226 -10.3119
279.173 -10.3219
279.12 -10.3319
279.067 -10.3419
279.014 -10.3519
278.962 -10.3619
278.909 -10.3719
278.856 -10.3819
278.804 -10.3919
278.752 -10.4019
278.699 -10.4119
278.647 -10.4219
278.595 -10.4319
278.543 -10.4419
278.491 -10.4519
278.439 -10.4619
278.387 -10.4719
278.335 -10.4819
278.284 -10.4919
278.232 -10.5019
278.181 -10.5119
278.129 -10.5219
278.078 -10.5319
278.027 -10.5419
277.976 -10.5519
277.925 -10.5619
277.874 -10.5719
277.823 -10.5819
277.772 -10.5919
277.722 -10.6019
277.671 -10.6119
277.62 -10.6219
277.57 -10.6319
277.52 -10.6419
277.47 -10.6519
277.419 -10.6619
277.369 -10.6719
277.319 -10.6819
277.27 -10.6919
277.22 -10.7019
277.17 -10.7119
277.121 -10.7219
277.071 -10.7319
277.022 -10.7419
276.972 -10.7519
276.923 -10.7619
276.874 -10.7719
276.825 -10.7819
276.776 -10.7919
276.728 -10.8019
276.679 -10.8119
276.631 -10.8219
276.582 -10.8319
276.534 -10.8419
276.486 -10.8519
276.438 -10.8619
276.39 -10.8719
276.342 -10.8819
276.294 -10.8919
276.247 -10.9019
276.199 -10.9119
276.152 -10.9219
276.105 -10.9319
276.058 -10.9419
276.011 -10.9519
275.964 -10.9619
275.918 -10.9719
275.871 -10.9819
275.825 -10.9919
275.779 -11.0019
275.733 -11.0119
275.687 -11.0219
275.642 -11.0319
275.596 -11.0419
275.551 -11.0519
275.506 -11.0619
275.461 -11.0719
275.416 -11.0819
275.371 -11.0919
275.327 -11.1019
275.283 -11.1119
275.239 -11.1219
275.195 -11.1319
275.151 -11.1419
275.107 -11.1519
275.064 -11.1619
275.021 -11.1719
274.978 -11.1819
274.935 -11.1919
274.892 -11.2019
274.85 -11.2119
274.805 -11.2219
274.759 -11.2319
274.712 -11.2419
274.666 -11.2519
274.62 -11.2619
274.574 -11.2719
274.529 -11.2819
274.483 -11.2919
274.437 -11.3019
274.392 -11.3119
274.347 -11.3219
274.302 -11.3319
274.257 -11.3419
274.213 -11.3519
274.169 -11.3619
274.125 -11.3719
274.081 -11.3819
274.037 -11.3919
273.994 -11.4019
273.95 -11.4119
273.907 -11.4219
273.865 -11.4319
273.822 -11.4419
273.78 -11.4519
273.737 -11.4619
273.696 -11.4719
273.654 -11.4819
273.612 -11.4919
273.57 -11.5019
273.529 -11.5119
273.487 -11.5219
273.446 -11.5319
273.405 -11.5419
273.364 -11.5519
273.324 -11.5619
273.284 -11.5719
273.243 -11.5819
273.204 -11.5919
273.164 -11.6019
273.125 -11.6119
273.086 -11.6219
273.047 -11.6319
273.008 -11.6419
272.97 -11.6519
272.932 -11.6619
272.894 -11.6719
272.857 -11.6819
272.82 -11.6919
272.783 -11.7019
272.746 -11.7119
272.71 -11.7219
272.674 -11.7319
272.638 -11.7419
272.602 -11.7519
272.567 -11.7619
272.532 -11.7719
272.497 -11.7819
272.463 -11.7919
272.429 -11.8019
272.395 -11.8119
272.361 -11.8219
272.328 -11.8319
272.295 -11.8419
272.263 -11.8519
272.23 -11.8619
272.198 -11.8719
272.165 -11.8819
272.133 -11.8919
272.101 -11.9019
272.07 -11.9119
272.038 -11.9219
272.007 -11.9319
271.977 -11.9419
271.946 -11.9519
271.916 -11.9619
271.887 -11.9719
271.857 -11.9819
271.828 -11.9919
271.799 -12.0019
271.77 -12.0119
271.742 -12.0219
271.714 -12.0319
271.687 -12.0419
271.659 -12.0519
271.632 -12.0619
271.606 -12.0719
271.579 -12.0819
271.553 -12.0919
271.528 -12.1019
271.502 -12.1119
271.477 -12.1219
271.453 -12.1319
271.428 -12.1419
271.404 -12.1519
271.38 -12.1619
271.357 -12.1719
271.334 -12.1819
271.311 -12.1919
271.289 -12.2019
271.266 -12.2119
271.244 -12.2219
271.223 -12.2319
271.202 -12.2419
271.181 -12.2519
271.16 -12.2619
271.14 -12.2719
271.12 -12.2819
271.101 -12.2919
271.081 -12.3019
271.062 -12.3119
271.042 -12.3219
271.023 -12.3319
271.004 -12.3419
270.986 -12.3519
270.968 -12.3619
270.95 -12.3719
270.933 -12.3819
270.916 -12.3919
270.899 -12.4019
270.882 -12.4119
270.866 -12.4219
270.851 -12.4319
270.836 -12.4419
270.821 -12.4519
270.802 -12.4619
270.769 -12.4719
270.737 -12.4819
270.705 -12.4919
270.673 -12.5019
270.641 -12.5119
270.61 -12.5219
270.578 -12.5319
270.547 -12.5419
270.515 -12.5519
270.484 -12.5619
270.453 -12.5719
270.423 -12.5819
270.392 -12.5919
270.361 -12.6019
270.331 -12.6119
270.301 -12.6219
270.271 -12.6319
270.241 -12.6419
270.211 -12.6519
270.182 -12.6619
270.152 -12.6719
270.123 -12.6819
270.094 -12.6919
270.065 -12.7019
270.036 -12.7119
270.007 -12.7219
269.979 -12.7319
269.951 -12.7419
269.923 -12.7519
269.895 -12.7619
269.867 -12.7719
269.839 -12.7819
269.812 -12.7919
269.784 -12.8019
269.757 -12.8119
269.73 -12.8219
269.704 -12.8319
269.677 -12.8419
269.65 -12.8519
269.624 -12.8619
269.598 -12.8719
269.572 -12.8819
269.547 -12.8919
269.521 -12.9019
269.496 -12.9119
269.471 -12.9219
269.446 -12.9319
269.421 -12.9419
269.396 -12.9519
269.372 -12.9619
269.347 -12.9719
269.323 -12.9819
269.3 -12.9919
269.276 -13.0019
269.252 -13.0119
269.229 -13.0219
269.206 -13.0319
269.183 -13.0419
269.16 -13.0519
269.137 -13.0619
269.114 -13.0719
269.091 -13.0819
269.069 -13.0919
269.047 -13.1019
269.025 -13.1119
269.002 -13.1219
268.979 -13.1319
268.956 -13.1419
268.934 -13.1519
268.911 -13.1619
268.889 -13.1719
268.867 -13.1819
268.845 -13.1919
268.824 -13.2019
268.802 -13.2119
268.781 -13.2219
268.76 -13.2319
268.739 -13.2419
268.719 -13.2519
268.699 -13.2619
268.678 -13.2719
268.659 -13.2819
268.639 -13.2919
268.619 -13.3019
268.6 -13.3119
268.581 -13.3219
268.562 -13.3319
268.544 -13.3419
268.525 -13.3519
268.507 -13.3619
268.489 -13.3719
268.472 -13.3819
268.454 -13.3919
268.437 -13.4019
268.42 -13.4119
268.403 -13.4219
268.387 -13.4319
268.37 -13.4419
268.354 -13.4519
268.338 -13.4619
268.323 -13.4719
268.307 -13.4819
268.292 -13.4919
268.277 -13.5019
268.263 -13.5119
268.248 -13.5219
268.234 -13.5319
268.22 -13.5419
268.204 -13.5519
268.189 -13.5619
268.173 -13.5719
268.158 -13.5819
268.144 -13.5919
268.129 -13.6019
268.115 -13.6119
268.101 -13.6219
268.087 -13.6319
268.073 -13.6419
268.06 -13.6519
268.047 -13.6619
268.034 -13.6719
268.022 -13.6819
268.009 -13.6919
267.997 -13.7019
267.986 -13.7119
267.974 -13.7219
267.963 -13.7319
267.952 -13.7419
267.941 -13.7519
267.931 -13.7619
267.921 -13.7719
267.911 -13.7819
267.901 -13.7919
267.892 -13.8019
267.882 -13.8119
267.873 -13.8219
267.865 -13.8319
267.856 -13.8419
267.848 -13.8519
267.841 -13.8619
267.833 -13.8719
267.826 -13.8819
267.819 -13.8919
267.812 -13.9019
267.806 -13.9119
267.8 -13.9219
267.794 -13.9319
267.788 -13.9419
267.783 -13.9519
267.778 -13.9619
267.773 -13.9719
267.769 -13.9819
267.764 -13.9919
267.757 -14.0019
267.735 -14.0119
267.714 -14.0219
267.692 -14.0319
267.671 -14.0419
267.65 -14.0519
267.628 -14.0619
267.607 -14.0719
267.586 -14.0819
267.566 -14.0919
267.545 -14.1019
267.524 -14.1119
267.504 -14.1219
267.484 -14.1319
267.464 -14.1419
267.443 -14.1519
267.424 -14.1619
267.404 -14.1719
267.384 -14.1819
267.365 -14.1919
267.345 -14.2019
267.326 -14.2119
267.307 -14.2219
267.288 -14.2319
267.269 -14.2419
267.25 -14.2519
267.231 -14.2619
267.212 -14.2719
267.194 -14.2819
267.175 -14.2919
267.156 -14.3019
267.138 -14.3119
267.12 -14.3219
267.102 -14.3319
267.084 -14.3419
267.066 -14.3519
267.048 -14.3619
267.031 -14.3719
267.014 -14.3819
266.996 -14.3919
266.979 -14.4019
266.962 -14.4119
266.946 -14.4219
266.929 -14.4319
266.912 -14.4419
266.896 -14.4519
266.88 -14.4619
266.864 -14.4719
266.848 -14.4819
266.832 -14.4919
266.816 -14.5019
266.801 -14.5119
266.786 -14.5219
266.771 -14.5319
266.755 -14.5419
266.741 -14.5519
266.726 -14.5619
266.711 -14.5719
266.696 -14.5819
266.681 -14.5919
266.667 -14.6019
266.652 -14.6119
266.638 -14.6219
266.623 -14.6319
266.609 -14.6419
266.595 -14.6519
266.581 -14.6619
266.568 -14.6719
266.554 -14.6819
266.541 -14.6919
266.527 -14.7019
266.514 -14.7119
266.5 -14.7219
266.487 -14.7319
266.474 -14.7419
266.462 -14.7519
266.449 -14.7619
266.436 -14.7719
266.424 -14.7819
266.412 -14.7919
266.4 -14.8019
266.388 -14.8119
266.376 -14.8219
266.365 -14.8319
266.353 -14.8419
266.342 -14.8519
266.331 -14.8619
266.32 -14.8719
266.309 -14.8819
266.299 -14.8919
266.288 -14.9019
266.278 -14.9119
266.268 -14.9219
266.258 -14.9319
266.248 -14.9419
266.239 -14.9519
266.229 -14.9619
266.22 -14.9719
266.211 -14.9819
266.202 -14.9919
266.192 -15.0019
266.182 -15.0119
266.173 -15.0219
266.164 -15.0319
266.154 -15.0419
266.145 -15.0519
266.137 -15.0619
266.128 -15.0719
266.119 -15.0819
266.111 -15.0919
266.103 -15.1019
266.095 -15.1119
266.087 -15.1219
266.079 -15.1319
266.072 -15.1419
266.064 -15.1519
266.057 -15.1619
266.05 -15.1719
266.043 -15.1819
266.037 -15.1919
266.03 -15.2019
266.024 -15.2119
266.018 -15.2219
266.012 -15.2319
266.006 -15.2419
266 -15.2519
265.995 -15.2619
265.978 -15.2719
265.959 -15.2819
265.94 -15.2919
265.922 -15.3019
265.903 -15.3119
265.884 -15.3219
265.866 -15.3319
265.847 -15.3419
265.829 -15.3519
265.811 -15.3619
265.793 -15.3719
265.774 -15.3819
265.756 -15.3919
265.738 -15.4019
265.721 -15.4119
265.703 -15.4219
265.685 -15.4319
265.667 -15.4419
265.65 -15.4519
265.632 -15.4619
265.615 -15.4719
265.597 -15.4819
265.58 -15.4919
265.563 -15.5019
265.546 -15.5119
265.529 -15.5219
265.512 -15.5319
265.495 -15.5419
265.478 -15.5519
265.461 -15.5619
265.445 -15.5719
265.428 -15.5819
265.411 -15.5919
265.394 -15.6019
265.377 -15.6119
265.36 -15.6219
265.344 -15.6319
265.327 -15.6419
265.311 -15.6519
265.294 -15.6619
265.278 -15.6719
265.261 -15.6819
265.245 -15.6919
265.229 -15.7019
265.213 -15.7119
265.197 -15.7219
265.181 -15.7319
265.165 -15.7419
265.15 -15.7519
265.134 -15.7619
265.118 -15.7719
265.103 -15.7819
265.086 -15.7919
265.069 -15.8019
265.053 -15.8119
265.036 -15.8219
265.019 -15.8319
265.002 -15.8419
264.986 -15.8519
264.969 -15.8619
264.952 -15.8719
264.935 -15.8819
264.919 -15.8919
264.902 -15.9019
264.885 -15.9119
264.869 -15.9219
264.852 -15.9319
264.836 -15.9419
264.819 -15.9519
264.802 -15.9619
264.786 -15.9719
264.763 -15.9819
264.74 -15.9919
264.716 -16.0019
264.692 -16.0119
264.667 -16.0219
264.644 -16.0319
264.631 -16.0419
264.617 -16.0519
264.6 -16.0619
264.584 -16.0719
264.567 -16.0819
264.55 -16.0919
264.534 -16.1019
264.517 -16.1119
264.501 -16.1219
264.484 -16.1319
264.468 -16.1419
264.452 -16.1519
264.436 -16.1619
264.42 -16.1719
264.404 -16.1819
264.388 -16.1919
264.372 -16.2019
264.356 -16.2119
264.341 -16.2219
264.325 -16.2319
264.31 -16.2419
264.294 -16.2519
264.273 -16.2619
264.253 -16.2719
264.232 -16.2819
264.212 -16.2919
264.192 -16.3019
264.171 -16.3119
264.151 -16.3219
264.131 -16.3319
264.111 -16.3419
264.091 -16.3519
264.071 -16.3619
264.092 -16.3719
264.36 -16.3819
264.026 -16.3919
263.866 -16.4019
263.931 -16.4119
263.929 -16.4219
263.91 -16.4319
263.891 -16.4419
263.873 -16.4519
263.854 -16.4619
263.837 -16.4719
263.822 -16.4819
263.807 -16.4919
263.793 -16.5019
263.778 -16.5119
263.763 -16.5219
263.749 -16.5319
263.735 -16.5419
263.72 -16.5519
263.706 -16.5619
263.692 -16.5719
263.677 -16.5819
263.663 -16.5919
263.649 -16.6019
263.635 -16.6119
263.622 -16.6219
263.608 -16.6319
263.594 -16.6419
263.58 -16.6519
263.567 -16.6619
263.553 -16.6719
263.54 -16.6819
263.526 -16.6919
263.513 -16.7019
263.5 -16.7119
263.487 -16.7219
263.473 -16.7319
263.46 -16.7419
263.446 -16.7519
263.428 -16.7619
263.411 -16.7719
263.393 -16.7819
263.375 -16.7919
263.357 -16.8019
263.34 -16.8119
263.322 -16.8219
263.305 -16.8319
263.287 -16.8419
263.27 -16.8519
263.252 -16.8619
263.235 -16.8719
263.218 -16.8819
263.201 -16.8919
263.183 -16.9019
263.166 -16.9119
263.149 -16.9219
263.132 -16.9319
263.115 -16.9419
263.098 -16.9519
263.081 -16.9619
263.064 -16.9719
263.047 -16.9819
263.03 -16.9919
263.013 -17.0019
262.997 -17.0119
262.98 -17.0219
262.963 -17.0319
262.947 -17.0419
262.93 -17.0519
262.914 -17.0619
262.897 -17.0719
262.881 -17.0819
262.865 -17.0919
262.848 -17.1019
262.832 -17.1119
262.816 -17.1219
262.8 -17.1319
262.783 -17.1419
262.767 -17.1519
262.751 -17.1619
262.735 -17.1719
262.719 -17.1819
262.703 -17.1919
262.688 -17.2019
262.672 -17.2119
262.656 -17.2219
262.64 -17.2319
262.625 -17.2419
262.609 -17.2519
262.593 -17.2619
262.578 -17.2719
262.562 -17.2819
262.547 -17.2919
262.532 -17.3019
262.516 -17.3119
262.501 -17.3219
262.486 -17.3319
262.471 -17.3419
262.456 -17.3519
262.441 -17.3619
262.426 -17.3719
262.411 -17.3819
262.396 -17.3919
262.381 -17.4019
262.366 -17.4119
262.351 -17.4219
262.336 -17.4319
262.322 -17.4419
262.307 -17.4519
262.293 -17.4619
262.278 -17.4719
262.264 -17.4819
262.249 -17.4919
262.235 -17.5019
262.221 -17.5119
262.206 -17.5219
262.192 -17.5319
262.178 -17.5419
262.164 -17.5519
262.149 -17.5619
262.135 -17.5719
262.12 -17.5819
262.105 -17.5919
262.09 -17.6019
262.076 -17.6119
262.061 -17.6219
262.047 -17.6319
262.032 -17.6419
262.018 -17.6519
262.003 -17.6619
261.989 -17.6719
261.975 -17.6819
261.961 -17.6919
261.946 -17.7019
261.932 -17.7119
261.918 -17.7219
261.904 -17.7319
261.89 -17.7419
261.876 -17.7519
261.862 -17.7619
261.849 -17.7719
261.834 -17.7819
261.819 -17.7919
261.804 -17.8019
261.789 -17.8119
261.774 -17.8219
261.759 -17.8319
261.744 -17.8419
261.729 -17.8519
261.714 -17.8619
261.7 -17.8719
261.685 -17.8819
261.67 -17.8919
261.656 -17.9019
261.641 -17.9119
261.627 -17.9219
261.612 -17.9319
261.598 -17.9419
261.584 -17.9519
261.569 -17.9619
261.555 -17.9719
261.541 -17.9819
261.527 -17.9919
261.513 -18.0019
261.498 -18.0119
261.482 -18.0219
261.465 -18.0319
261.449 -18.0419
261.433 -18.0519
261.416 -18.0619
261.4 -18.0719
261.383 -18.0819
261.367 -18.0919
261.351 -18.1019
261.335 -18.1119
261.319 -18.1219
261.302 -18.1319
261.286 -18.1419
261.27 -18.1519
261.254 -18.1619
261.238 -18.1719
261.222 -18.1819
261.206 -18.1919
261.191 -18.2019
261.175 -18.2119
261.159 -18.2219
261.143 -18.2319
261.127 -18.2419
261.112 -18.2519
261.096 -18.2619
261.081 -18.2719
261.065 -18.2819
261.049 -18.2919
261.034 -18.3019
261.019 -18.3119
261.003 -18.3219
260.988 -18.3319
260.973 -18.3419
260.957 -18.3519
260.942 -18.3619
260.927 -18.3719
260.912 -18.3819
260.898 -18.3919
260.884 -18.4019
260.87 -18.4119
260.857 -18.4219
260.843 -18.4319
260.829 -18.4419
260.815 -18.4519
260.802 -18.4619
260.788 -18.4719
260.775 -18.4819
260.761 -18.4919
260.748 -18.5019
260.734 -18.5119
260.721 -18.5219
260.708 -18.5319
260.695 -18.5419
260.681 -18.5519
260.668 -18.5619
260.655 -18.5719
260.642 -18.5819
260.629 -18.5919
260.616 -18.6019
260.603 -18.6119
260.59 -18.6219
260.577 -18.6319
260.565 -18.6419
260.552 -18.6519
260.539 -18.6619
260.527 -18.6719
260.514 -18.6819
260.502 -18.6919
260.489 -18.7019
260.477 -18.7119
260.464 -18.7219
260.452 -18.7319
260.44 -18.7419
260.428 -18.7519
260.415 -18.7619
260.403 -18.7719
260.391 -18.7819
260.379 -18.7919
260.367 -18.8019
260.355 -18.8119
260.344 -18.8219
260.332 -18.8319
260.32 -18.8419
260.308 -18.8519
260.297 -18.8619
260.285 -18.8719
260.273 -18.8819
260.262 -18.8919
260.251 -18.9019
260.239 -18.9119
260.228 -18.9219
260.217 -18.9319
260.205 -18.9419
260.194 -18.9519
260.183 -18.9619
260.172 -18.9719
260.161 -18.9819
260.15 -18.9919
260.139 -19.0019
260.128 -19.0119
260.117 -19.0219
260.107 -19.0319
260.096 -19.0419
260.085 -19.0519
260.075 -19.0619
260.064 -19.0719
260.054 -19.0819
260.043 -19.0919
260.033 -19.1019
260.023 -19.1119
260.012 -19.1219
260.002 -19.1319
259.992 -19.1419
259.982 -19.1519
259.972 -19.1619
259.962 -19.1719
259.952 -19.1819
259.942 -19.1919
259.932 -19.2019
259.923 -19.2119
259.913 -19.2219
259.903 -19.2319
259.894 -19.2419
259.884 -19.2519
259.875 -19.2619
259.865 -19.2719
259.856 -19.2819
259.847 -19.2919
259.837 -19.3019
259.828 -19.3119
259.819 -19.3219
259.81 -19.3319
259.801 -19.3419
259.792 -19.3519
259.783 -19.3619
259.774 -19.3719
259.766 -19.3819
259.757 -19.3919
259.748 -19.4019
259.74 -19.4119
259.731 -19.4219
259.723 -19.4319
259.714 -19.4419
259.706 -19.4519
259.698 -19.4619
259.69 -19.4719
259.681 -19.4819
259.673 -19.4919
259.665 -19.5019
259.657 -19.5119
259.649 -19.5219
259.641 -19.5319
259.634 -19.5419
259.626 -19.5519
259.618 -19.5619
259.61 -19.5719
259.602 -19.5819
259.595 -19.5919
259.587 -19.6019
259.58 -19.6119
259.572 -19.6219
259.565 -19.6319
259.557 -19.6419
259.55 -19.6519
259.543 -19.6619
259.535 -19.6719
259.528 -19.6819
259.521 -19.6919
259.514 -19.7019
259.507 -19.7119
259.501 -19.7219
259.494 -19.7319
259.487 -19.7419
259.48 -19.7519
259.472 -19.7619
259.464 -19.7719
259.456 -19.7819
259.449 -19.7919
259.441 -19.8019
259.434 -19.8119
259.426 -19.8219
259.419 -19.8319
259.411 -19.8419
259.404 -19.8519
259.397 -19.8619
259.39 -19.8719
259.383 -19.8819
259.376 -19.8919
259.369 -19.9019
259.362 -19.9119
259.355 -19.9219
259.348 -19.9319
259.341 -19.9419
259.335 -19.9519
259.328 -19.9619
259.321 -19.9719
259.315 -19.9819
259.309 -19.9919
259.302 -20.0019
259.296 -20.0119
259.29 -20.0219
259.284 -20.0319
259.277 -20.0419
259.271 -20.0519
259.265 -20.0619
259.26 -20.0719
259.254 -20.0819
259.247 -20.0919
259.241 -20.1019
259.234 -20.1119
259.228 -20.1219
259.221 -20.1319
259.215 -20.1419
259.208 -20.1519
259.202 -20.1619
259.195 -20.1719
259.188 -20.1819
259.182 -20.1919
259.175 -20.2019
259.168 -20.2119
259.162 -20.2219
259.155 -20.2319
259.149 -20.2419
259.143 -20.2519
259.137 -20.2619
259.13 -20.2719
259.124 -20.2819
259.118 -20.2919
259.112 -20.3019
259.106 -20.3119
259.1 -20.3219
259.095 -20.3319
259.089 -20.3419
259.083 -20.3519
259.078 -20.3619
259.072 -20.3719
259.067 -20.3819
259.061 -20.3919
259.056 -20.4019
259.051 -20.4119
259.046 -20.4219
259.04 -20.4319
259.035 -20.4419
259.03 -20.4519
259.025 -20.4619
259.02 -20.4719
259.016 -20.4819
259.011 -20.4919
259.006 -20.5019
259.002 -20.5119
258.997 -20.5219
258.993 -20.5319
258.988 -20.5419
258.984 -20.5519
258.98 -20.5619
258.975 -20.5719
258.971 -20.5819
258.967 -20.5919
258.963 -20.6019
258.959 -20.6119
258.954 -20.6219
258.947 -20.6319
258.94 -20.6419
258.933 -20.6519
258.927 -20.6619
258.92 -20.6719
258.913 -20.6819
258.907 -20.6919
258.9 -20.7019
258.894 -20.7119
258.888 -20.7219
258.881 -20.7319
258.875 -20.7419
258.869 -20.7519
258.863 -20.7619
258.857 -20.7719
258.851 -20.7819
258.845 -20.7919
258.839 -20.8019
258.833 -20.8119
258.827 -20.8219
258.822 -20.8319
258.816 -20.8419
258.81 -20.8519
258.805 -20.8619
258.799 -20.8719
258.793 -20.8819
258.787 -20.8919
258.781 -20.9019
258.775 -20.9119
258.769 -20.9219
258.763 -20.9319
258.758 -20.9419
258.752 -20.9519
258.746 -20.9619
258.741 -20.9719
258.735 -20.9819
258.73 -20.9919
258.725 -21.0019
258.719 -21.0119
258.714 -21.0219
258.709 -21.0319
258.704 -21.0419
258.699 -21.0519
258.694 -21.0619
258.689 -21.0719
258.684 -21.0819
258.679 -21.0919
258.674 -21.1019
258.67 -21.1119
258.665 -21.1219
258.66 -21.1319
258.656 -21.1419
258.651 -21.1519
258.647 -21.1619
258.643 -21.1719
258.638 -21.1819
258.634 -21.1919
258.63 -21.2019
258.626 -21.2119
258.622 -21.2219
258.618 -21.2319
258.614 -21.2419
258.61 -21.2519
258.606 -21.2619
258.602 -21.2719
258.599 -21.2819
258.595 -21.2919
258.592 -21.3019
258.588 -21.3119
258.585 -21.3219
258.581 -21.3319
258.578 -21.3419
258.575 -21.3519
258.572 -21.3619
258.569 -21.3719
258.565 -21.3819
258.562 -21.3919
258.56 -21.4019
258.557 -21.4119
258.554 -21.4219
258.551 -21.4319
258.549 -21.4419
258.546 -21.4519
258.544 -21.4619
258.541 -21.4719
258.539 -21.4819
258.537 -21.4919
258.534 -21.5019
258.532 -21.5119
258.53 -21.5219
258.529 -21.5319
258.527 -21.5419
258.52 -21.5519
258.514 -21.5619
258.507 -21.5719
258.501 -21.5819
258.495 -21.5919
258.489 -21.6019
258.483 -21.6119
258.477 -21.6219
258.471 -21.6319
258.466 -21.6419
258.46 -21.6519
258.455 -21.6619
258.45 -21.6719
258.445 -21.6819
258.44 -21.6919
258.435 -21.7019
258.43 -21.7119
258.425 -21.7219
258.421 -21.7319
258.417 -21.7419
258.412 -21.7519
258.408 -21.7619
258.404 -21.7719
258.4 -21.7819
258.397 -21.7919
258.393 -21.8019
258.39 -21.8119
258.387 -21.8219
258.384 -21.8319
258.381 -21.8419
258.378 -21.8519
258.375 -21.8619
258.373 -21.8719
258.371 -21.8819
258.369 -21.8919
258.367 -21.9019
258.365 -21.9119
258.363 -21.9219
258.362 -21.9319
258.361 -21.9419
258.36 -21.9519
258.359 -21.9619
258.358 -21.9719
258.358 -21.9819
258.357 -21.9919
258.357 -22.0019
258.357 -22.0119
258.358 -22.0219
258.358 -22.0319
258.359 -22.0419
258.359 -22.0519
258.36 -22.0619
258.362 -22.0719
258.363 -22.0819
258.365 -22.0919
258.367 -22.1019
258.369 -22.1119
258.371 -22.1219
258.373 -22.1319
258.376 -22.1419
258.379 -22.1519
258.382 -22.1619
258.385 -22.1719
258.389 -22.1819
258.392 -22.1919
258.396 -22.2019
258.401 -22.2119
258.405 -22.2219
258.41 -22.2319
258.415 -22.2419
258.42 -22.2519
258.425 -22.2619
258.431 -22.2719
258.437 -22.2819
258.443 -22.2919
258.449 -22.3019
258.456 -22.3119
258.463 -22.3219
258.47 -22.3319
258.477 -22.3419
258.485 -22.3519
258.492 -22.3619
258.501 -22.3719
258.509 -22.3819
258.518 -22.3919
258.526 -22.4019
258.535 -22.4119
258.545 -22.4219
258.554 -22.4319
258.564 -22.4419
258.574 -22.4519
258.585 -22.4619
258.595 -22.4719
258.606 -22.4819
258.617 -22.4919
258.629 -22.5019
258.64 -22.5119
258.652 -22.5219
258.664 -22.5319
258.677 -22.5419
258.69 -22.5519
258.703 -22.5619
258.716 -22.5719
258.73 -22.5819
258.744 -22.5919
258.759 -22.6019
258.773 -22.6119
258.788 -22.6219
258.804 -22.6319
258.819 -22.6419
258.835 -22.6519
258.851 -22.6619
258.868 -22.6719
258.884 -22.6819
258.901 -22.6919
258.919 -22.7019
258.936 -22.7119
258.954 -22.7219
258.973 -22.7319
258.991 -22.7419
259.01 -22.7519
259.029 -22.7619
259.049 -22.7719
259.069 -22.7819
259.089 -22.7919
259.109 -22.8019
259.13 -22.8119
259.152 -22.8219
259.173 -22.8319
259.195 -22.8419
259.217 -22.8519
259.24 -22.8619
259.263 -22.8719
259.286 -22.8819
259.31 -22.8919
259.334 -22.9019
259.359 -22.9119
259.383 -22.9219
259.409 -22.9319
259.434 -22.9419
259.46 -22.9519
259.486 -22.9619
259.513 -22.9719
259.54 -22.9819
259.567 -22.9919
259.595 -23.0019
259.623 -23.0119
259.651 -23.0219
259.68 -23.0319
259.709 -23.0419
259.739 -23.0519
259.769 -23.0619
259.799 -23.0719
259.83 -23.0819
259.861 -23.0919
259.892 -23.1019
259.924 -23.1119
259.956 -23.1219
259.988 -23.1319
260.021 -23.1419
260.054 -23.1519
260.087 -23.1619
260.121 -23.1719
260.155 -23.1819
260.19 -23.1919
260.225 -23.2019
260.26 -23.2119
260.295 -23.2219
260.332 -23.2319
260.368 -23.2419
260.405 -23.2519
260.442 -23.2619
260.48 -23.2719
260.518 -23.2819
260.556 -23.2919
260.595 -23.3019
260.634 -23.3119
260.674 -23.3219
260.714 -23.3319
260.755 -23.3419
260.796 -23.3519
260.837 -23.3619
260.879 -23.3719
260.921 -23.3819
260.964 -23.3919
261.007 -23.4019
261.051 -23.4119
261.095 -23.4219
261.139 -23.4319
261.184 -23.4419
261.229 -23.4519
261.275 -23.4619
261.321 -23.4719
261.368 -23.4819
261.415 -23.4919
261.462 -23.5019
261.51 -23.5119
261.559 -23.5219
261.607 -23.5319
261.657 -23.5419
261.706 -23.5519
261.756 -23.5619
261.807 -23.5719
261.857 -23.5819
261.909 -23.5919
261.96 -23.6019
262.012 -23.6119
262.065 -23.6219
262.118 -23.6319
262.171 -23.6419
262.225 -23.6519
262.279 -23.6619
262.334 -23.6719
262.388 -23.6819
262.444 -23.6919
262.499 -23.7019
262.555 -23.7119
262.612 -23.7219
262.669 -23.7319
262.726 -23.7419
262.784 -23.7519
262.842 -23.7619
262.901 -23.7719
262.96 -23.7819
263.019 -23.7919
263.079 -23.8019
263.139 -23.8119
263.2 -23.8219
263.261 -23.8319
263.322 -23.8419
263.384 -23.8519
263.447 -23.8619
263.51 -23.8719
263.573 -23.8819
263.637 -23.8919
263.701 -23.9019
263.766 -23.9119
263.831 -23.9219
263.897 -23.9319
263.963 -23.9419
264.029 -23.9519
264.095 -23.9619
264.162 -23.9719
264.229 -23.9819
264.297 -23.9919
264.365 -24.0019
264.434 -24.0119
264.503 -24.0219
264.573 -24.0319
264.643 -24.0419
264.714 -24.0519
264.785 -24.0619
264.857 -24.0719
264.929 -24.0819
265.001 -24.0919
265.075 -24.1019
265.149 -24.1119
265.223 -24.1219
265.297 -24.1319
265.373 -24.1419
265.448 -24.1519
265.524 -24.1619
265.601 -24.1719
265.678 -24.1819
265.755 -24.1919
265.833 -24.2019
265.911 -24.2119
265.99 -24.2219
266.069 -24.2319
266.149 -24.2419
266.23 -24.2519
266.31 -24.2619
266.391 -24.2719
266.473 -24.2819
266.555 -24.2919
266.637 -24.3019
266.72 -24.3119
266.803 -24.3219
266.886 -24.3319
266.969 -24.3419
267.053 -24.3519
267.138 -24.3619
267.223 -24.3719
267.308 -24.3819
267.394 -24.3919
267.48 -24.4019
267.567 -24.4119
267.653 -24.4219
267.741 -24.4319
267.828 -24.4419
267.916 -24.4519
268.004 -24.4619
268.093 -24.4719
268.182 -24.4819
268.272 -24.4919
268.362 -24.5019
268.452 -24.5119
268.542 -24.5219
268.632 -24.5319
268.723 -24.5419
268.815 -24.5519
268.907 -24.5619
268.999 -24.5719
269.092 -24.5819
269.186 -24.5919
269.28 -24.6019
269.374 -24.6119
269.469 -24.6219
269.565 -24.6319
269.661 -24.6419
269.758 -24.6519
269.854 -24.6619
269.952 -24.6719
270.05 -24.6819
270.148 -24.6919
270.247 -24.7019
270.347 -24.7119
270.446 -24.7219
270.546 -24.7319
270.646 -24.7419
270.747 -24.7519
270.848 -24.7619
270.95 -24.7719
271.052 -24.7819
271.154 -24.7919
271.257 -24.8019
271.361 -24.8119
271.465 -24.8219
271.569 -24.8319
271.673 -24.8419
271.778 -24.8519
271.883 -24.8619
271.989 -24.8719
272.095 -24.8819
272.202 -24.8919
272.309 -24.9019
272.416 -24.9119
272.524 -24.9219
272.632 -24.9319
272.74 -24.9419
272.847 -24.9519
272.955 -24.9619
273.063 -24.9719
273.172 -24.9819
273.281 -24.9919
273.39 -25.0019
273.5 -25.0119
273.611 -25.0219
273.722 -25.0319
273.833 -25.0419
273.945 -25.0519
274.057 -25.0619
274.168 -25.0719
274.28 -25.0819
274.393 -25.0919
274.507 -25.1019
274.62 -25.1119
274.735 -25.1219
274.85 -25.1319
274.965 -25.1419
275.08 -25.1519
275.196 -25.1619
275.313 -25.1719
275.429 -25.1819
275.545 -25.1919
275.661 -25.2019
275.778 -25.2119
275.895 -25.2219
276.013 -25.2319
276.131 -25.2419
276.25 -25.2519
276.369 -25.2619
276.488 -25.2719
276.608 -25.2819
276.728 -25.2919
276.849 -25.3019
276.968 -25.3119
277.087 -25.3219
277.205 -25.3319
277.325 -25.3419
277.445 -25.3519
277.565 -25.3619
277.686 -25.3719
277.808 -25.3819
277.93 -25.3919
278.052 -25.4019
278.175 -25.4119
278.298 -25.4219
278.421 -25.4319
278.545 -25.4419
278.67 -25.4519
278.794 -25.4619
278.919 -25.4719
279.045 -25.4819
279.171 -25.4919
279.298 -25.5019
279.425 -25.5119
279.553 -25.5219
279.682 -25.5319
279.81 -25.5419
279.939 -25.5519
280.068 -25.5619
280.198 -25.5719
280.328 -25.5819
280.458 -25.5919
280.588 -25.6019
280.719 -25.6119
280.851 -25.6219
280.983 -25.6319
281.116 -25.6419
281.249 -25.6519
281.383 -25.6619
281.517 -25.6719
281.652 -25.6819
281.788 -25.6919
281.924 -25.7019
282.061 -25.7119
282.198 -25.7219
282.336 -25.7319
282.474 -25.7419
282.612 -25.7519
282.75 -25.7619
282.889 -25.7719
283.028 -25.7819
283.167 -25.7919
283.307 -25.8019
283.447 -25.8119
283.587 -25.8219
283.728 -25.8319
283.869 -25.8419
284.01 -25.8519
284.151 -25.8619
284.293 -25.8719
284.436 -25.8819
284.578 -25.8919
284.721 -25.9019
284.865 -25.9119
285.009 -25.9219
285.154 -25.9319
285.299 -25.9419
285.445 -25.9519
285.591 -25.9619
285.738 -25.9719
285.885 -25.9819
286.033 -25.9919
286.182 -26.0019
286.331 -26.0119
286.481 -26.0219
286.631 -26.0319
286.782 -26.0419
286.931 -26.0519
287.081 -26.0619
287.232 -26.0719
287.382 -26.0819
287.532 -26.0919
287.683 -26.1019
287.834 -26.1119
287.986 -26.1219
288.138 -26.1319
288.29 -26.1419
288.443 -26.1519
288.597 -26.1619
288.751 -26.1719
288.906 -26.1819
289.061 -26.1919
289.216 -26.2019
289.372 -26.2119
289.526 -26.2219
289.681 -26.2319
289.836 -26.2419
289.992 -26.2519
290.148 -26.2619
290.305 -26.2719
290.462 -26.2819
290.62 -26.2919
290.778 -26.3019
290.936 -26.3119
291.095 -26.3219
291.255 -26.3319
291.414 -26.3419
291.575 -26.3519
291.735 -26.3619
291.896 -26.3719
292.057 -26.3819
292.218 -26.3919
292.379 -26.4019
292.541 -26.4119
292.704 -26.4219
292.867 -26.4319
293.029 -26.4419
293.191 -26.4519
293.354 -26.4619
293.518 -26.4719
293.682 -26.4819
293.846 -26.4919
294.009 -26.5019
294.173 -26.5119
294.337 -26.5219
294.501 -26.5319
294.665 -26.5419
294.829 -26.5519
294.994 -26.5619
295.159 -26.5719
295.325 -26.5819
295.491 -26.5919
295.657 -26.6019
295.823 -26.6119
295.99 -26.6219
296.155 -26.6319
296.322 -26.6419
296.489 -26.6519
296.656 -26.6619
296.822 -26.6719
296.989 -26.6819
297.156 -26.6919
297.323 -26.7019
297.489 -26.7119
297.656 -26.7219
297.822 -26.7319
297.988 -26.7419
298.155 -26.7519
298.323 -26.7619
298.491 -26.7719
298.66 -26.7819
298.829 -26.7919
298.999 -26.8019
299.169 -26.8119
299.34 -26.8219
299.511 -26.8319
299.683 -26.8419
299.855 -26.8519
300.028 -26.8619
300.201 -26.8719
300.374 -26.8819
300.547 -26.8919
300.721 -26.9019
300.895 -26.9119
301.07 -26.9219
301.245 -26.9319
301.421 -26.9419
301.598 -26.9519
301.775 -26.9619
301.953 -26.9719
302.131 -26.9819
302.309 -26.9919
302.489 -27.0019
302.668 -27.0119
302.848 -27.0219
303.029 -27.0319
303.21 -27.0419
303.392 -27.0519
303.574 -27.0619
303.756 -27.0719
303.94 -27.0819
304.124 -27.0919
304.308 -27.1019
304.493 -27.1119
304.678 -27.1219
304.865 -27.1319
305.051 -27.1419
305.238 -27.1519
305.426 -27.1619
305.615 -27.1719
305.804 -27.1819
305.993 -27.1919
306.183 -27.2019
306.374 -27.2119
306.565 -27.2219
306.757 -27.2319
306.949 -27.2419
307.142 -27.2519
307.335 -27.2619
307.529 -27.2719
307.724 -27.2819
307.919 -27.2919
308.115 -27.3019
308.311 -27.3119
308.508 -27.3219
308.706 -27.3319
308.904 -27.3419
309.103 -27.3519
309.302 -27.3619
309.502 -27.3719
309.702 -27.3819
309.903 -27.3919
310.105 -27.4019
310.307 -27.4119
310.51 -27.4219
310.713 -27.4319
310.917 -27.4419
311.121 -27.4519
311.327 -27.4619
311.532 -27.4719
311.739 -27.4819
311.946 -27.4919
312.153 -27.5019
312.361 -27.5119
312.57 -27.5219
312.779 -27.5319
312.989 -27.5419
313.2 -27.5519
313.411 -27.5619
313.622 -27.5719
313.835 -27.5819
314.048 -27.5919
314.261 -27.6019
314.475 -27.6119
314.69 -27.6219
314.905 -27.6319
315.121 -27.6419
315.338 -27.6519
315.555 -27.6619
315.773 -27.6719
315.99 -27.6819
316.208 -27.6919
316.427 -27.7019
316.646 -27.7119
316.865 -27.7219
317.086 -27.7319
317.307 -27.7419
317.528 -27.7519
317.75 -27.7619
317.973 -27.7719
318.196 -27.7819
318.42 -27.7919
318.645 -27.8019
318.87 -27.8119
319.096 -27.8219
319.323 -27.8319
319.55 -27.8419
319.778 -27.8519
320.006 -27.8619
320.235 -27.8719
320.465 -27.8819
320.695 -27.8919
320.926 -27.9019
321.157 -27.9119
321.39 -27.9219
321.622 -27.9319
321.856 -27.9419
322.09 -27.9519
322.323 -27.9619
322.555 -27.9719
322.785 -27.9819
323.015 -27.9919
323.246 -28.0019
323.477 -28.0119
323.709 -28.0219
323.94 -28.0319
324.171 -28.0419
324.402 -28.0519
324.634 -28.0619
324.867 -28.0719
325.1 -28.0819
325.318 -28.0919
325.523 -28.1019
325.729 -28.1119
325.935 -28.1219
326.142 -28.1319
326.319 -28.1419
326.453 -28.1519
326.587 -28.1619
326.721 -28.1719
326.855 -28.1819
326.99 -28.1919
327.125 -28.2019
327.26 -28.2119
327.395 -28.2219
327.53 -28.2319
327.665 -28.2419
327.801 -28.2519
327.936 -28.2619
328.072 -28.2719
328.208 -28.2819
328.345 -28.2919
328.469 -28.3019
328.588 -28.3119
328.707 -28.3219
328.826 -28.3319
328.945 -28.3419
329.064 -28.3519
329.183 -28.3619
329.302 -28.3719
329.422 -28.3819
329.541 -28.3919
329.661 -28.4019
329.78 -28.4119
329.9 -28.4219
330.02 -28.4319
330.14 -28.4419
330.26 -28.4519
330.38 -28.4619
330.5 -28.4719
330.62 -28.4819
330.74 -28.4919
330.861 -28.5019
330.981 -28.5119
331.102 -28.5219
331.222 -28.5319
331.337 -28.5419
331.452 -28.5519
331.568 -28.5619
331.683 -28.5719
331.798 -28.5819
331.913 -28.5919
332.029 -28.6019
332.144 -28.6119
332.26 -28.6219
332.375 -28.6319
332.491 -28.6419
332.607 -28.6519
332.722 -28.6619
332.838 -28.6719
332.954 -28.6819
333.07 -28.6919
333.186 -28.7019
333.302 -28.7119
333.419 -28.7219
333.535 -28.7319
333.651 -28.7419
333.768 -28.7519
333.884 -28.7619
334.001 -28.7719
334.118 -28.7819
334.235 -28.7919
334.351 -28.8019
334.468 -28.8119
334.585 -28.8219
334.702 -28.8319
334.82 -28.8419
334.937 -28.8519
335.054 -28.8619
335.171 -28.8719
335.289 -28.8819
335.406 -28.8919
335.524 -28.9019
335.642 -28.9119
335.759 -28.9219
335.877 -28.9319
335.995 -28.9419
336.113 -28.9519
336.231 -28.9619
336.349 -28.9719
336.468 -28.9819
336.586 -28.9919
336.704 -29.0019
336.823 -29.0119
336.941 -29.0219
337.06 -29.0319
337.178 -29.0419
337.297 -29.0519
337.416 -29.0619
337.535 -29.0719
337.654 -29.0819
337.773 -29.0919
337.892 -29.1019
338.011 -29.1119
338.13 -29.1219
338.25 -29.1319
338.369 -29.1419
338.489 -29.1519
338.608 -29.1619
338.728 -29.1719
338.848 -29.1819
338.967 -29.1919
339.086 -29.2019
339.203 -29.2119
339.321 -29.2219
339.439 -29.2319
339.557 -29.2419
339.675 -29.2519
339.793 -29.2619
339.911 -29.2719
340.029 -29.2819
340.147 -29.2919
340.266 -29.3019
340.384 -29.3119
340.503 -29.3219
340.621 -29.3319
340.74 -29.3419
340.858 -29.3519
340.977 -29.3619
341.096 -29.3719
341.215 -29.3819
341.334 -29.3919
341.453 -29.4019
341.572 -29.4119
341.691 -29.4219
341.811 -29.4319
341.93 -29.4419
342.049 -29.4519
342.169 -29.4619
342.289 -29.4719
342.408 -29.4819
342.528 -29.4919
342.648 -29.5019
342.768 -29.5119
342.888 -29.5219
343.008 -29.5319
343.128 -29.5419
343.246 -29.5519
343.365 -29.5619
343.484 -29.5719
343.603 -29.5819
343.722 -29.5919
343.841 -29.6019
343.96 -29.6119
344.08 -29.6219
344.199 -29.6319
344.318 -29.6419
344.438 -29.6519
344.557 -29.6619
344.677 -29.6719
344.797 -29.6819
344.916 -29.6919
345.036 -29.7019
345.156 -29.7119
345.276 -29.7219
345.396 -29.7319
345.516 -29.7419
345.637 -29.7519
345.757 -29.7619
345.877 -29.7719
345.998 -29.7819
346.118 -29.7919
346.239 -29.8019
346.359 -29.8119
346.48 -29.8219
346.601 -29.8319
346.722 -29.8419
346.843 -29.8519
346.964 -29.8619
347.085 -29.8719
347.206 -29.8819
347.327 -29.8919
347.448 -29.9019
347.57 -29.9119
347.691 -29.9219
347.813 -29.9319
347.934 -29.9419
348.056 -29.9519
348.178 -29.9619
348.3 -29.9719
348.422 -29.9819
348.544 -29.9919
348.666 -30.0019
348.788 -30.0119
348.91 -30.0219
349.032 -30.0319
349.155 -30.0419
349.277 -30.0519
349.4 -30.0619
349.522 -30.0719
349.645 -30.0819
349.768 -30.0919
349.89 -30.1019
350.013 -30.1119
350.136 -30.1219
350.259 -30.1319
350.382 -30.1419
350.506 -30.1519
350.629 -30.1619
350.752 -30.1719
350.876 -30.1819
350.999 -30.1919
351.123 -30.2019
351.246 -30.2119
351.37 -30.2219
351.494 -30.2319
351.618 -30.2419
351.742 -30.2519
351.866 -30.2619
351.99 -30.2719
352.114 -30.2819
352.238 -30.2919
352.363 -30.3019
352.487 -30.3119
352.612 -30.3219
352.736 -30.3319
352.861 -30.3419
352.986 -30.3519
353.11 -30.3619
353.235 -30.3719
353.36 -30.3819
353.485 -30.3919
353.611 -30.4019
353.736 -30.4119
353.861 -30.4219
353.986 -30.4319
354.112 -30.4419
354.237 -30.4519
354.363 -30.4619
354.489 -30.4719
354.614 -30.4819
354.74 -30.4919
354.865 -30.5019
354.989 -30.5119
355.113 -30.5219
355.237 -30.5319
355.362 -30.5419
355.486 -30.5519
355.61 -30.5619
355.735 -30.5719
355.859 -30.5819
355.984 -30.5919
356.109 -30.6019
356.233 -30.6119
356.358 -30.6219
356.483 -30.6319
356.608 -30.6419
356.733 -30.6519
356.858 -30.6619
356.984 -30.6719
357.109 -30.6819
357.234 -30.6919
357.36 -30.7019
357.485 -30.7119
357.611 -30.7219
357.736 -30.7319
357.862 -30.7419
357.988 -30.7519
358.114 -30.7619
358.24 -30.7719
358.366 -30.7819
358.492 -30.7919
358.618 -30.8019
358.745 -30.8119
358.871 -30.8219
358.997 -30.8319
359.124 -30.8419
359.251 -30.8519
359.377 -30.8619
359.504 -30.8719
359.631 -30.8819
359.758 -30.8919
359.885 -30.9019
360.012 -30.9119
360.139 -30.9219
360.266 -30.9319
360.393 -30.9419
360.521 -30.9519
360.648 -30.9619
360.776 -30.9719
360.903 -30.9819
361.031 -30.9919
361.159 -31.0019
361.286 -31.0119
361.414 -31.0219
361.542 -31.0319
361.67 -31.0419
361.799 -31.0519
361.927 -31.0619
362.055 -31.0719
362.183 -31.0819
362.312 -31.0919
362.44 -31.1019
362.568 -31.1119
362.696 -31.1219
362.824 -31.1319
362.952 -31.1419
363.08 -31.1519
363.208 -31.1619
363.337 -31.1719
363.465 -31.1819
363.594 -31.1919
363.722 -31.2019
363.851 -31.2119
363.98 -31.2219
364.109 -31.2319
364.238 -31.2419
364.367 -31.2519
364.496 -31.2619
364.625 -31.2719
364.754 -31.2819
364.884 -31.2919
365.013 -31.3019
365.143 -31.3119
365.272 -31.3219
365.402 -31.3319
365.531 -31.3419
365.661 -31.3519
365.791 -31.3619
365.921 -31.3719
366.051 -31.3819
366.181 -31.3919
366.312 -31.4019
366.442 -31.4119
366.572 -31.4219
366.703 -31.4319
366.833 -31.4419
366.964 -31.4519
367.094 -31.4619
367.225 -31.4719
367.356 -31.4819
367.487 -31.4919
367.618 -31.5019
367.749 -31.5119
367.88 -31.5219
368.011 -31.5319
368.142 -31.5419
368.272 -31.5519
368.403 -31.5619
368.534 -31.5719
368.665 -31.5819
368.796 -31.5919
368.928 -31.6019
369.059 -31.6119
369.19 -31.6219
369.322 -31.6319
369.453 -31.6419
369.585 -31.6519
369.717 -31.6619
369.848 -31.6719
369.98 -31.6819
370.112 -31.6919
370.244 -31.7019
370.376 -31.7119
370.508 -31.7219
370.641 -31.7319
370.773 -31.7419
370.905 -31.7519
371.038 -31.7619
371.171 -31.7719
371.303 -31.7819
371.436 -31.7919
371.569 -31.8019
371.702 -31.8119
371.835 -31.8219
371.968 -31.8319
372.101 -31.8419
372.234 -31.8519
372.363 -31.8619
372.492 -31.8719
372.62 -31.8819
372.749 -31.8919
372.877 -31.9019
373.006 -31.9119
373.135 -31.9219
373.264 -31.9319
373.393 -31.9419
373.521 -31.9519
373.651 -31.9619
373.78 -31.9719
373.909 -31.9819
374.038 -31.9919
374.167 -32.0019
374.297 -32.0119
374.422 -32.0219
374.547 -32.0319
374.672 -32.0419
374.797 -32.0519
374.923 -32.0619
375.048 -32.0719
375.173 -32.0819
375.299 -32.0919
375.424 -32.1019
375.55 -32.1119
375.676 -32.1219
375.801 -32.1319
375.927 -32.1419
376.053 -32.1519
376.179 -32.1619
376.305 -32.1719
376.431 -32.1819
376.557 -32.1919
376.683 -32.2019
376.809 -32.2119
376.936 -32.2219
377.062 -32.2319
377.189 -32.2419
377.315 -32.2519
377.442 -32.2619
377.568 -32.2719
377.695 -32.2819
377.822 -32.2919
377.948 -32.3019
378.075 -32.3119
378.202 -32.3219
378.329 -32.3319
378.456 -32.3419
378.583 -32.3519
378.711 -32.3619
378.838 -32.3719
378.965 -32.3819
379.092 -32.3919
379.22 -32.4019
379.347 -32.4119
379.475 -32.4219
379.603 -32.4319
379.73 -32.4419
379.858 -32.4519
379.986 -32.4619
380.114 -32.4719
380.242 -32.4819
380.37 -32.4919
380.498 -32.5019
380.626 -32.5119
380.754 -32.5219
380.882 -32.5319
381.011 -32.5419
381.139 -32.5519
381.268 -32.5619
381.396 -32.5719
381.523 -32.5819
381.647 -32.5919
381.77 -32.6019
381.894 -32.6119
382.017 -32.6219
382.141 -32.6319
382.265 -32.6419
382.389 -32.6519
382.513 -32.6619
382.636 -32.6719
382.76 -32.6819
382.884 -32.6919
383.008 -32.7019
383.133 -32.7119
383.257 -32.7219
383.381 -32.7319
383.505 -32.7419
383.63 -32.7519
383.754 -32.7619
383.878 -32.7719
384.003 -32.7819
384.127 -32.7919
384.252 -32.8019
384.377 -32.8119
384.501 -32.8219
384.626 -32.8319
384.751 -32.8419
384.876 -32.8519
385.001 -32.8619
385.126 -32.8719
385.251 -32.8819
385.376 -32.8919
385.501 -32.9019
385.626 -32.9119
385.751 -32.9219
385.877 -32.9319
386.002 -32.9419
386.128 -32.9519
386.253 -32.9619
386.379 -32.9719
386.504 -32.9819
386.63 -32.9919
386.755 -33.0019
386.879 -33.0119
387.002 -33.0219
387.125 -33.0319
387.248 -33.0419
387.371 -33.0519
387.494 -33.0619
387.617 -33.0719
387.741 -33.0819
387.864 -33.0919
387.986 -33.1019
388.108 -33.1119
388.23 -33.1219
388.351 -33.1319
388.473 -33.1419
388.594 -33.1519
388.715 -33.1619
388.836 -33.1719
388.957 -33.1819
389.079 -33.1919
389.2 -33.2019
389.321 -33.2119
389.443 -33.2219
389.564 -33.2319
389.686 -33.2419
389.807 -33.2519
389.929 -33.2619
390.051 -33.2719
390.172 -33.2819
390.294 -33.2919
390.416 -33.3019
390.538 -33.3119
390.66 -33.3219
390.782 -33.3319
390.904 -33.3419
391.026 -33.3519
391.148 -33.3619
391.27 -33.3719
391.392 -33.3819
391.514 -33.3919
391.637 -33.4019
391.759 -33.4119
391.881 -33.4219
392.004 -33.4319
392.126 -33.4419
392.249 -33.4519
392.371 -33.4619
392.494 -33.4719
392.616 -33.4819
392.739 -33.4919
392.862 -33.5019
392.985 -33.5119
393.107 -33.5219
393.23 -33.5319
393.353 -33.5419
393.476 -33.5519
393.599 -33.5619
393.722 -33.5719
393.845 -33.5819
393.969 -33.5919
394.092 -33.6019
394.215 -33.6119
394.338 -33.6219
394.462 -33.6319
394.583 -33.6419
394.702 -33.6519
394.822 -33.6619
394.942 -33.6719
395.062 -33.6819
395.181 -33.6919
395.301 -33.7019
395.421 -33.7119
395.541 -33.7219
395.661 -33.7319
395.781 -33.7419
395.901 -33.7519
396.021 -33.7619
396.141 -33.7719
396.261 -33.7819
396.382 -33.7919
396.502 -33.8019
396.622 -33.8119
396.742 -33.8219
396.863 -33.8319
396.983 -33.8419
397.102 -33.8519
397.22 -33.8619
397.338 -33.8719
397.455 -33.8819
397.573 -33.8919
397.691 -33.9019
397.809 -33.9119
397.927 -33.9219
398.045 -33.9319
398.163 -33.9419
398.281 -33.9519
398.399 -33.9619
398.517 -33.9719
398.635 -33.9819
398.754 -33.9919
398.872 -34.0019
398.99 -34.0119
399.107 -34.0219
399.224 -34.0319
399.341 -34.0419
399.458 -34.0519
399.575 -34.0619
399.692 -34.0719
399.809 -34.0819
399.927 -34.0919
400.044 -34.1019
400.161 -34.1119
400.278 -34.1219
400.396 -34.1319
400.513 -34.1419
400.631 -34.1519
400.748 -34.1619
400.866 -34.1719
400.983 -34.1819
401.101 -34.1919
401.218 -34.2019
401.336 -34.2119
401.454 -34.2219
401.571 -34.2319
401.689 -34.2419
401.807 -34.2519
401.925 -34.2619
402.043 -34.2719
402.16 -34.2819
402.278 -34.2919
402.396 -34.3019
402.514 -34.3119
402.631 -34.3219
402.748 -34.3319
402.866 -34.3419
402.983 -34.3519
403.1 -34.3619
403.218 -34.3719
403.335 -34.3819
403.452 -34.3919
403.57 -34.4019
403.687 -34.4119
403.805 -34.4219
403.922 -34.4319
404.04 -34.4419
404.157 -34.4519
404.275 -34.4619
404.392 -34.4719
404.51 -34.4819
404.628 -34.4919
404.746 -34.5019
404.863 -34.5119
404.981 -34.5219
405.098 -34.5319
405.215 -34.5419
405.332 -34.5519
405.449 -34.5619
405.566 -34.5719
405.683 -34.5819
405.8 -34.5919
405.917 -34.6019
406.035 -34.6119
406.152 -34.6219
406.269 -34.6319
406.387 -34.6419
406.504 -34.6519
406.621 -34.6619
406.739 -34.6719
406.856 -34.6819
406.974 -34.6919
407.091 -34.7019
407.209 -34.7119
407.327 -34.7219
407.444 -34.7319
407.562 -34.7419
407.68 -34.7519
407.797 -34.7619
407.915 -34.7719
408.033 -34.7819
408.151 -34.7919
408.269 -34.8019
408.387 -34.8119
408.505 -34.8219
408.623 -34.8319
408.741 -34.8419
408.859 -34.8519
408.977 -34.8619
409.095 -34.8719
409.213 -34.8819
409.331 -34.8919
409.449 -34.9019
409.567 -34.9119
409.684 -34.9219
409.802 -34.9319
409.919 -34.9419
410.036 -34.9519
410.154 -34.9619
410.271 -34.9719
410.389 -34.9819
410.506 -34.9919
410.624 -35.0019
410.741 -35.0119
410.859 -35.0219
410.977 -35.0319
411.094 -35.0419
411.212 -35.0519
411.33 -35.0619
411.448 -35.0719
411.566 -35.0819
411.683 -35.0919
411.801 -35.1019
411.919 -35.1119
412.037 -35.1219
412.155 -35.1319
412.273 -35.1419
412.391 -35.1519
412.509 -35.1619
412.627 -35.1719
412.746 -35.1819
412.864 -35.1919
412.982 -35.2019
413.1 -35.2119
413.218 -35.2219
413.337 -35.2319
413.455 -35.2419
413.573 -35.2519
413.692 -35.2619
413.81 -35.2719
413.929 -35.2819
414.047 -35.2919
414.166 -35.3019
414.284 -35.3119
414.403 -35.3219
414.522 -35.3319
414.64 -35.3419
414.759 -35.3519
414.878 -35.3619
414.996 -35.3719
415.115 -35.3819
415.234 -35.3919
415.353 -35.4019
415.472 -35.4119
415.591 -35.4219
415.71 -35.4319
415.829 -35.4419
415.948 -35.4519
416.067 -35.4619
416.186 -35.4719
416.305 -35.4819
416.424 -35.4919
416.543 -35.5019
416.663 -35.5119
416.782 -35.5219
416.901 -35.5319
417.02 -35.5419
417.139 -35.5519
417.258 -35.5619
417.377 -35.5719
417.496 -35.5819
417.615 -35.5919
417.734 -35.6019
417.853 -35.6119
417.972 -35.6219
418.091 -35.6319
418.21 -35.6419
418.329 -35.6519
418.449 -35.6619
418.568 -35.6719
418.687 -35.6819
418.807 -35.6919
418.926 -35.7019
419.045 -35.7119
419.165 -35.7219
419.284 -35.7319
419.404 -35.7419
419.523 -35.7519
419.643 -35.7619
419.762 -35.7719
419.882 -35.7819
420.002 -35.7919
420.121 -35.8019
420.241 -35.8119
420.361 -35.8219
420.481 -35.8319
420.6 -35.8419
420.72 -35.8519
420.84 -35.8619
420.96 -35.8719
421.08 -35.8819
421.2 -35.8919
421.32 -35.9019
421.44 -35.9119
421.56 -35.9219
421.68 -35.9319
421.8 -35.9419
421.921 -35.9519
422.041 -35.9619
422.161 -35.9719
422.281 -35.9819
422.402 -35.9919
422.522 -36.0019
422.642 -36.0119
422.763 -36.0219
422.883 -36.0319
423.004 -36.0419
423.124 -36.0519
423.245 -36.0619
423.366 -36.0719
423.486 -36.0819
423.607 -36.0919
423.728 -36.1019
423.848 -36.1119
423.969 -36.1219
424.09 -36.1319
424.211 -36.1419
424.332 -36.1519
424.452 -36.1619
424.573 -36.1719
424.694 -36.1819
424.815 -36.1919
424.936 -36.2019
425.057 -36.2119
425.179 -36.2219
425.3 -36.2319
425.421 -36.2419
425.542 -36.2519
425.663 -36.2619
425.785 -36.2719
425.906 -36.2819
426.027 -36.2919
426.149 -36.3019
426.27 -36.3119
426.391 -36.3219
426.513 -36.3319
426.635 -36.3419
426.756 -36.3519
426.878 -36.3619
426.999 -36.3719
427.121 -36.3819
427.243 -36.3919
427.364 -36.4019
427.486 -36.4119
427.608 -36.4219
427.73 -36.4319
427.852 -36.4419
427.974 -36.4519
428.095 -36.4619
428.217 -36.4719
428.339 -36.4819
428.461 -36.4919
428.584 -36.5019
428.706 -36.5119
428.828 -36.5219
428.95 -36.5319
429.072 -36.5419
429.194 -36.5519
429.317 -36.5619
429.439 -36.5719
429.561 -36.5819
429.684 -36.5919
429.806 -36.6019
429.929 -36.6119
430.051 -36.6219
430.174 -36.6319
430.296 -36.6419
430.419 -36.6519
430.542 -36.6619
430.664 -36.6719
430.787 -36.6819
430.91 -36.6919
431.032 -36.7019
431.155 -36.7119
431.278 -36.7219
431.401 -36.7319
431.524 -36.7419
431.645 -36.7519
431.766 -36.7619
431.887 -36.7719
432.007 -36.7819
432.128 -36.7919
432.249 -36.8019
432.37 -36.8119
432.49 -36.8219
432.611 -36.8319
432.732 -36.8419
432.853 -36.8519
432.974 -36.8619
433.095 -36.8719
433.216 -36.8819
433.337 -36.8919
433.458 -36.9019
433.579 -36.9119
433.7 -36.9219
433.821 -36.9319
433.943 -36.9419
434.064 -36.9519
434.185 -36.9619
434.306 -36.9719
434.428 -36.9819
434.549 -36.9919
434.67 -37.0019
434.79 -37.0119
434.909 -37.0219
435.027 -37.0319
435.145 -37.0419
435.263 -37.0519
435.38 -37.0619
435.498 -37.0719
435.616 -37.0819
435.734 -37.0919
435.851 -37.1019
435.969 -37.1119
436.087 -37.1219
436.205 -37.1319
436.323 -37.1419
436.441 -37.1519
436.559 -37.1619
436.677 -37.1719
436.795 -37.1819
436.913 -37.1919
437.031 -37.2019
437.149 -37.2119
437.267 -37.2219
437.385 -37.2319
437.504 -37.2419
437.622 -37.2519
437.74 -37.2619
437.858 -37.2719
437.977 -37.2819
438.095 -37.2919
438.213 -37.3019
438.332 -37.3119
438.45 -37.3219
438.568 -37.3319
438.687 -37.3419
438.805 -37.3519
438.924 -37.3619
439.042 -37.3719
439.161 -37.3819
439.279 -37.3919
439.398 -37.4019
439.517 -37.4119
439.635 -37.4219
439.754 -37.4319
439.873 -37.4419
439.991 -37.4519
440.11 -37.4619
440.229 -37.4719
440.348 -37.4819
440.466 -37.4919
440.585 -37.5019
440.704 -37.5119
440.822 -37.5219
440.94 -37.5319
441.058 -37.5419
441.176 -37.5519
441.294 -37.5619
441.411 -37.5719
441.529 -37.5819
441.647 -37.5919
441.765 -37.6019
441.883 -37.6119
442.001 -37.6219
442.119 -37.6319
442.237 -37.6419
442.355 -37.6519
442.473 -37.6619
442.591 -37.6719
442.709 -37.6819
442.828 -37.6919
442.946 -37.7019
443.064 -37.7119
443.182 -37.7219
443.3 -37.7319
443.419 -37.7419
443.537 -37.7519
443.655 -37.7619
443.774 -37.7719
443.892 -37.7819
444.011 -37.7919
444.129 -37.8019
444.247 -37.8119
444.366 -37.8219
444.484 -37.8319
444.603 -37.8419
444.721 -37.8519
444.84 -37.8619
444.959 -37.8719
445.077 -37.8819
445.196 -37.8919
445.315 -37.9019
445.433 -37.9119
445.552 -37.9219
445.671 -37.9319
445.789 -37.9419
445.908 -37.9519
446.027 -37.9619
446.146 -37.9719
446.265 -37.9819
446.384 -37.9919
446.503 -38.0019
446.622 -38.0119
446.741 -38.0219
446.86 -38.0319
446.979 -38.0419
447.098 -38.0519
447.217 -38.0619
447.334 -38.0719
447.451 -38.0819
447.568 -38.0919
447.684 -38.1019
447.801 -38.1119
447.917 -38.1219
448.034 -38.1319
448.15 -38.1419
448.267 -38.1519
448.383 -38.1619
448.5 -38.1719
448.616 -38.1819
448.733 -38.1919
448.849 -38.2019
448.966 -38.2119
449.083 -38.2219
449.199 -38.2319
449.316 -38.2419
449.433 -38.2519
449.55 -38.2619
449.666 -38.2719
449.783 -38.2819
449.9 -38.2919
450.017 -38.3019
450.134 -38.3119
450.251 -38.3219
450.367 -38.3319
450.484 -38.3419
450.601 -38.3519
450.718 -38.3619
450.835 -38.3719
450.952 -38.3819
451.069 -38.3919
451.186 -38.4019
451.303 -38.4119
451.42 -38.4219
451.538 -38.4319
451.655 -38.4419
451.772 -38.4519
451.889 -38.4619
452.006 -38.4719
452.123 -38.4819
452.241 -38.4919
452.358 -38.5019
452.475 -38.5119
452.593 -38.5219
452.71 -38.5319
452.827 -38.5419
452.945 -38.5519
453.062 -38.5619
453.179 -38.5719
453.297 -38.5819
453.414 -38.5919
453.532 -38.6019
453.649 -38.6119
453.767 -38.6219
453.884 -38.6319
454.002 -38.6419
454.119 -38.6519
454.237 -38.6619
454.355 -38.6719
454.472 -38.6819
454.59 -38.6919
454.708 -38.7019
454.825 -38.7119
454.943 -38.7219
455.061 -38.7319
455.179 -38.7419
455.296 -38.7519
455.414 -38.7619
455.532 -38.7719
455.65 -38.7819
455.768 -38.7919
455.886 -38.8019
456.004 -38.8119
456.122 -38.8219
456.24 -38.8319
456.358 -38.8419
456.476 -38.8519
456.594 -38.8619
456.712 -38.8719
456.83 -38.8819
456.948 -38.8919
457.066 -38.9019
457.184 -38.9119
457.303 -38.9219
457.421 -38.9319
457.539 -38.9419
457.657 -38.9519
457.775 -38.9619
457.894 -38.9719
458.012 -38.9819
458.13 -38.9919
458.249 -39.0019
458.367 -39.0119
458.486 -39.0219
458.604 -39.0319
458.722 -39.0419
458.841 -39.0519
458.959 -39.0619
459.078 -39.0719
459.196 -39.0819
459.315 -39.0919
459.434 -39.1019
459.552 -39.1119
459.671 -39.1219
459.789 -39.1319
459.908 -39.1419
460.027 -39.1519
460.145 -39.1619
460.264 -39.1719
460.383 -39.1819
460.502 -39.1919
460.621 -39.2019
460.739 -39.2119
460.858 -39.2219
460.977 -39.2319
461.096 -39.2419
461.215 -39.2519
461.334 -39.2619
461.453 -39.2719
461.572 -39.2819
461.691 -39.2919
461.81 -39.3019
461.929 -39.3119
462.048 -39.3219
462.167 -39.3319
462.286 -39.3419
462.405 -39.3519
462.525 -39.3619
462.644 -39.3719
462.763 -39.3819
462.881 -39.3919
462.999 -39.4019
463.116 -39.4119
463.234 -39.4219
463.352 -39.4319
463.469 -39.4419
463.587 -39.4519
463.705 -39.4619
463.823 -39.4719
463.94 -39.4819
464.058 -39.4919
464.176 -39.5019
464.294 -39.5119
464.412 -39.5219
464.53 -39.5319
464.648 -39.5419
464.765 -39.5519
464.883 -39.5619
465.001 -39.5719
465.119 -39.5819
465.237 -39.5919
465.355 -39.6019
465.474 -39.6119
465.592 -39.6219
465.71 -39.6319
465.828 -39.6419
465.946 -39.6519
466.064 -39.6619
466.182 -39.6719
466.301 -39.6819
466.419 -39.6919
466.536 -39.7019
466.653 -39.7119
466.77 -39.7219
466.887 -39.7319
467.005 -39.7419
467.122 -39.7519
467.239 -39.7619
467.356 -39.7719
467.473 -39.7819
467.591 -39.7919
467.708 -39.8019
467.825 -39.8119
467.942 -39.8219
468.06 -39.8319
468.177 -39.8419
468.295 -39.8519
468.412 -39.8619
468.529 -39.8719
468.647 -39.8819
468.764 -39.8919
468.882 -39.9019
468.999 -39.9119
469.117 -39.9219
469.234 -39.9319
469.352 -39.9419
469.469 -39.9519
469.587 -39.9619
469.704 -39.9719
469.822 -39.9819
469.94 -39.9919
470.057 -40.0019
