0.1 -0.0187429
0.2 -0.0601274
0.3 -0.0887073
0.4 -0.11857
0.5 -0.148254
0.6 -0.177942
0.7 -0.207642
0.8 -0.237354
0.9 -0.267078
1 -0.296814
20.2651 -1.53593
40.2991 -2.78434
60.1038 -4.03902
79.676 -5.30085
99.015 -6.57027
118.12 -7.84762
136.99 -9.13326
155.625 -10.4276
174.023 -11.731
192.183 -13.044
210.104 -14.3671
227.785 -15.7007
245.225 -17.0455
262.422 -18.4021
279.375 -19.7711
296.083 -21.1534
312.543 -22.5497
328.753 -23.9608
344.713 -25.3879
360.419 -26.8319
375.87 -28.2941
391.062 -29.7759
405.993 -31.2787
420.661 -32.8042
435.061 -34.3545
449.191 -35.9316
463.045 -37.5382
476.62 -39.1771
489.564 -40.838
501.628 -42.5142
512.685 -44.2055
522.415 -46.006
531.285 -47.953
539.191 -50.2085
545.6 -53.0251
549.066 -57.843
548.745 -66.0989
537.853 -69
525.744 -69
524.249 -69
523.13 -69
518.657 -69
515.087 -69
511.711 -69
510.212 -69
508.568 -69
507.518 -69
506.949 -69
505.925 -69
504.384 -69
502.922 -69
502.115 -69
501.376 -69
500.331 -69
499.216 -69
498.037 -69
497.053 -69
495.999 -69
494.883 -69
493.66 -69
492.394 -69
491.169 -69
489.881 -69
488.394 -69
486.995 -69
485.684 -69
484.479 -69
483.185 -69
481.927 -69
480.743 -69
479.671 -69
478.641 -69
477.622 -69
476.587 -69
475.535 -69
474.47 -69
473.412 -69
472.356 -69
471.19 -69
470.012 -69
468.849 -69
467.667 -69
466.521 -69
465.363 -69
464.194 -69
463.015 -69
461.827 -69
460.645 -69
459.454 -69
458.258 -69
457.088 -69
455.938 -69
454.774 -69
453.573 -69
452.362 -69
451.147 -69
449.955 -69
448.77 -69
447.614 -69
446.439 -69
445.274 -69
444.108 -69
442.935 -69
441.879 -69
440.815 -69
439.741 -69
438.664 -69
437.588 -69
436.509 -69
435.426 -69
434.341 -69
433.252 -69
432.161 -69
431.067 -69
429.973 -69
428.877 -69
427.77 -69
426.672 -69
425.575 -69
424.501 -69
423.443 -69
422.391 -69
421.34 -69
420.29 -69
419.374 -69
418.465 -69
417.558 -69
416.696 -69
415.834 -69
414.97 -69
414.106 -69
413.242 -69
412.373 -69
411.501 -69
410.627 -69
409.751 -69
408.912 -69
408.107 -69
407.3 -69
406.489 -69
405.677 -69
404.869 -69
404.062 -69
403.256 -69
402.449 -69
401.643 -69
400.838 -69
400.037 -69
399.241 -69
398.445 -69
397.65 -69
396.856 -69
396.063 -69
395.269 -69
394.47 -69
393.671 -69
392.94 -69
392.216 -69
391.493 -69
390.77 -69
390.048 -69
389.405 -69
388.791 -69
388.177 -69
387.564 -69
386.952 -69
386.34 -69
385.728 -69
385.117 -69
384.507 -69
383.94 -69
383.374 -69
382.809 -69
382.275 -69
381.742 -69
381.209 -69
380.676 -69
380.144 -69
379.613 -69
379.093 -69
378.576 -69
378.059 -69
377.542 -69
377.025 -69
376.509 -69
375.993 -69
375.478 -69
374.963 -69
374.454 -69
373.946 -69
373.481 -69
373.033 -69
372.586 -69
372.139 -69
371.693 -69
371.247 -69
370.802 -69
370.357 -69
369.913 -69
369.47 -69
369.027 -69
368.584 -69
368.143 -69
367.701 -69
367.261 -69
366.821 -69
366.38 -69
365.94 -69
365.522 -69
365.133 -69
364.743 -69
364.354 -69
363.966 -69
363.584 -69
363.236 -69
362.889 -69
362.543 -69
362.197 -69
361.852 -69
361.507 -69
361.163 -69
360.819 -69
360.477 -69
360.134 -69
359.793 -69
359.452 -69
359.116 -69
358.78 -69
358.445 -69
358.111 -69
357.779 -69
357.45 -69
357.121 -69
356.793 -69
356.465 -69
356.138 -69
355.811 -69
355.486 -69
355.16 -69
354.836 -69
354.511 -69
354.19 -69
353.902 -69
353.614 -69
353.336 -69
353.065 -69
352.826 -69
352.589 -69
352.353 -69
352.117 -69
351.882 -69
351.647 -69
351.413 -69
351.179 -69
350.945 -69
350.712 -69
350.479 -69
350.246 -69
350.013 -69
349.781 -69
349.549 -69
349.318 -69
349.087 -69
348.856 -69
348.626 -69
348.396 -69
348.166 -69
347.937 -69
347.708 -69
347.48 -69
347.252 -69
347.024 -69
346.796 -69
346.569 -69
346.343 -69
346.117 -69
345.891 -69
345.665 -69
345.44 -69
345.22 -69
345.007 -69
344.794 -69
344.581 -69
344.369 -69
344.157 -69
343.946 -69
343.735 -69
343.524 -69
343.314 -69
343.104 -69
342.895 -69
342.685 -69
342.477 -69
342.268 -69
342.06 -69
341.853 -69
341.645 -69
341.438 -69
341.232 -69
341.026 -69
340.82 -69
340.614 -69
340.409 -69
340.205 -69
340 -69
339.796 -69
339.593 -69
339.39 -69
339.187 -69
338.984 -69
338.782 -69
338.58 -69
338.379 -69
338.177 -69
337.976 -69
337.775 -69
337.575 -69
337.374 -69
337.173 -69
336.972 -69
336.772 -69
336.572 -69
336.372 -69
336.173 -69
335.974 -69
335.775 -69
335.587 -69
335.399 -69
335.211 -69
335.023 -69
334.836 -69
334.649 -69
334.462 -69
334.285 -69
334.118 -69
333.95 -69
333.784 -69
333.617 -69
333.451 -69
333.285 -69
333.119 -69
332.953 -69
332.788 -69
332.623 -69
332.459 -69
332.294 -69
332.13 -69
331.979 -69
331.83 -69
331.681 -69
331.532 -69
331.384 -69
331.236 -69
331.088 -69
330.941 -69
330.794 -69
330.651 -69
330.515 -69
330.378 -69
330.242 -69
330.107 -69
329.971 -69
329.836 -69
329.701 -69
329.566 -69
329.432 -69
329.297 -69
329.164 -69
329.03 -69
328.897 -69
328.763 -69
328.631 -69
328.498 -69
328.366 -69
328.234 -69
328.102 -69
327.971 -69
327.84 -69
327.709 -69
327.577 -69
327.445 -69
327.312 -69
327.18 -69
327.049 -69
326.917 -69
326.786 -69
326.655 -69
326.524 -69
326.393 -69
326.263 -69
326.133 -69
326.004 -69
325.874 -69
325.745 -69
325.616 -69
325.488 -69
325.359 -69
325.231 -69
325.104 -69
324.976 -69
324.848 -69
324.72 -69
324.593 -69
324.466 -69
324.339 -69
324.212 -69
324.086 -69
323.96 -69
323.834 -69
323.709 -69
323.584 -69
323.459 -69
323.334 -69
323.21 -69
323.086 -69
322.963 -69
322.839 -69
322.716 -69
322.593 -69
322.471 -69
322.348 -69
322.226 -69
322.105 -69
321.984 -69
321.863 -69
321.742 -69
321.622 -69
321.502 -69
321.382 -69
321.262 -69
321.143 -69
321.025 -69
320.906 -69
320.788 -69
320.67 -69
320.553 -69
320.436 -69
320.319 -69
320.203 -69
320.087 -69
319.971 -69
319.855 -69
319.74 -69
319.623 -69
319.506 -69
319.389 -69
319.273 -69
319.157 -69
319.042 -69
318.933 -69
318.827 -69
318.72 -69
318.614 -69
318.508 -69
318.403 -69
318.298 -69
318.193 -69
318.089 -69
317.985 -69
317.881 -69
317.778 -69
317.675 -69
317.573 -69
317.471 -69
317.368 -69
317.265 -69
317.163 -69
317.061 -69
316.959 -69
316.858 -69
316.757 -69
316.657 -69
316.556 -69
316.457 -69
316.357 -69
316.258 -69
316.159 -69
316.062 -69
315.963 -69
315.864 -69
315.766 -69
315.668 -69
315.571 -69
315.473 -69
315.376 -69
315.28 -69
315.183 -69
315.087 -69
314.991 -69
314.896 -69
314.801 -69
314.706 -69
314.611 -69
314.517 -69
314.423 -69
314.33 -69
314.236 -69
314.143 -69
314.051 -69
313.956 -69
313.859 -69
313.763 -69
313.666 -69
313.57 -69
313.474 -69
313.378 -69
313.293 -69
313.208 -69
313.123 -69
313.038 -69
312.954 -69
312.871 -69
312.786 -69
312.698 -69
312.611 -69
312.524 -69
312.437 -69
312.351 -69
312.266 -69
312.18 -69
312.096 -69
312.011 -69
311.927 -69
311.844 -69
311.761 -69
311.679 -69
311.597 -69
311.515 -69
311.434 -69
311.353 -69
311.272 -69
311.193 -69
311.113 -69
311.034 -69
310.956 -69
310.877 -69
310.799 -69
310.722 -69
310.645 -69
310.569 -69
310.492 -69
310.417 -69
310.342 -69
310.267 -69
310.189 -69
310.109 -69
310.029 -69
309.927 -69
309.827 -69
309.742 -69
309.647 -69
309.551 -69
309.456 -69
309.36 -69
309.265 -69
309.17 -69
309.075 -69
308.98 -69
308.886 -69
308.791 -69
308.697 -69
308.602 -69
308.508 -69
308.414 -69
308.32 -69
308.227 -69
308.133 -69
308.04 -69
307.946 -69
307.853 -69
307.761 -69
307.67 -69
307.579 -69
307.489 -69
307.398 -69
307.308 -69
307.218 -69
307.13 -69
307.045 -69
306.96 -69
306.876 -69
306.791 -69
306.707 -69
306.623 -69
306.539 -69
306.455 -69
306.372 -69
306.289 -69
306.205 -69
306.122 -69
306.04 -69
305.957 -69
305.875 -69
305.792 -69
305.71 -69
305.628 -69
305.547 -69
305.465 -69
305.384 -69
305.303 -69
305.222 -69
305.141 -69
305.06 -69
304.98 -69
304.9 -69
304.82 -69
304.74 -69
304.661 -69
304.581 -69
304.502 -69
304.423 -69
304.345 -69
304.266 -69
304.188 -69
304.11 -69
304.032 -69
303.954 -69
303.877 -69
303.799 -69
303.722 -69
303.645 -69
303.569 -69
303.492 -69
303.416 -69
303.34 -69
303.265 -69
303.189 -69
303.114 -69
303.039 -69
302.964 -69
302.89 -69
302.815 -69
302.741 -69
302.667 -69
302.594 -69
302.52 -69
302.447 -69
302.374 -69
302.301 -69
302.229 -69
302.156 -69
302.084 -69
302.013 -69
301.941 -69
301.87 -69
301.799 -69
301.728 -69
301.657 -69
301.587 -69
301.517 -69
301.447 -69
301.377 -69
301.308 -69
301.239 -69
301.17 -69
301.102 -69
301.034 -69
300.966 -69
300.898 -69
300.83 -69
300.763 -69
300.696 -69
300.63 -69
300.563 -69
300.497 -69
300.431 -69
300.365 -69
300.3 -69
300.235 -69
300.17 -69
300.106 -69
300.041 -69
299.977 -69
299.913 -69
299.85 -69
299.787 -69
299.724 -69
299.661 -69
299.599 -69
299.537 -69
299.475 -69
299.414 -69
299.352 -69
299.291 -69
299.231 -69
299.171 -69
299.111 -69
299.051 -69
298.991 -69
298.932 -69
298.873 -69
298.814 -69
298.756 -69
298.697 -69
298.639 -69
298.582 -69
298.525 -69
298.468 -69
298.411 -69
298.354 -69
298.298 -69
298.243 -69
298.187 -69
298.132 -69
298.074 -69
298.004 -69
297.935 -69
297.865 -69
297.795 -69
297.726 -69
297.657 -69
297.588 -69
297.519 -69
297.45 -69
297.382 -69
297.313 -69
297.245 -69
297.177 -69
297.11 -69
297.042 -69
296.975 -69
296.907 -69
296.84 -69
296.772 -69
296.704 -69
296.637 -69
296.569 -69
296.502 -69
296.435 -69
296.368 -69
296.302 -69
296.235 -69
296.169 -69
296.103 -69
296.037 -69
295.971 -69
295.906 -69
295.841 -69
295.775 -69
295.711 -69
295.646 -69
295.581 -69
295.517 -69
295.453 -69
295.389 -69
295.325 -69
295.261 -69
295.198 -69
295.135 -69
295.072 -69
295.009 -69
294.946 -69
294.884 -69
294.822 -69
294.76 -69
294.698 -69
294.637 -69
294.575 -69
294.514 -69
294.453 -69
294.392 -69
294.332 -69
294.271 -69
294.211 -69
294.151 -69
294.091 -69
294.03 -69
293.97 -69
293.909 -69
293.849 -69
293.789 -69
293.729 -69
293.669 -69
293.61 -69
293.551 -69
293.492 -69
293.433 -69
293.374 -69
293.315 -69
293.257 -69
293.199 -69
293.141 -69
293.082 -69
293.018 -69
292.954 -69
292.891 -69
292.827 -69
292.764 -69
292.701 -69
292.638 -69
292.575 -69
292.513 -69
292.45 -69
292.388 -69
292.326 -69
292.264 -69
292.202 -69
292.14 -69
292.079 -69
292.017 -69
291.956 -69
291.895 -69
291.835 -69
291.774 -69
291.713 -69
291.653 -69
291.593 -69
291.533 -69
291.474 -69
291.415 -69
291.357 -69
291.299 -69
291.241 -69
291.185 -69
291.13 -69
291.075 -69
291.02 -69
290.965 -69
290.91 -69
290.856 -69
290.802 -69
290.748 -69
290.694 -69
290.64 -69
290.589 -69
290.538 -69
290.486 -69
290.435 -69
290.385 -69
290.334 -69
290.284 -69
290.234 -69
290.184 -69
290.134 -69
290.084 -69
290.035 -69
289.986 -69
289.937 -69
289.888 -69
289.839 -69
289.791 -69
289.742 -69
289.694 -69
289.646 -69
289.599 -69
289.551 -69
289.504 -69
289.457 -69
289.41 -69
289.363 -69
289.317 -69
289.271 -69
289.225 -69
289.179 -69
289.133 -69
289.088 -69
289.043 -69
288.998 -69
288.953 -69
288.908 -69
288.864 -69
288.819 -69
288.775 -69
288.731 -69
288.686 -69
288.631 -69
288.576 -69
288.521 -69
288.466 -69
288.411 -69
288.357 -69
288.302 -69
288.248 -69
288.193 -69
288.138 -69
288.083 -69
288.029 -69
287.974 -69
287.92 -69
287.866 -69
287.812 -69
287.758 -69
287.704 -69
287.65 -69
287.597 -69
287.543 -69
287.49 -69
287.437 -69
287.383 -69
287.33 -69
287.278 -69
287.225 -69
287.172 -69
287.12 -69
287.067 -69
287.015 -69
286.963 -69
286.911 -69
286.859 -69
286.807 -69
286.756 -69
286.704 -69
286.653 -69
286.592 -69
286.53 -69
286.467 -69
286.405 -69
286.343 -69
286.282 -69
286.22 -69
286.158 -69
286.096 -69
286.035 -69
285.973 -69
285.911 -69
285.85 -69
285.788 -69
285.727 -69
285.666 -69
285.604 -69
285.543 -69
285.482 -69
285.421 -69
285.36 -69
285.299 -69
285.238 -69
285.177 -69
285.116 -69
285.055 -69
284.994 -69
284.934 -69
284.873 -69
284.813 -69
284.752 -69
284.692 -69
284.631 -69
284.571 -69
284.511 -69
284.451 -69
284.391 -69
284.331 -69
284.271 -69
284.211 -69
284.151 -69
284.091 -69
284.031 -69
283.972 -69
283.912 -69
283.853 -69
283.793 -69
283.734 -69
283.674 -69
283.615 -69
283.556 -69
283.497 -69
283.438 -69
283.379 -69
283.32 -69
283.261 -69
283.202 -69
283.143 -69
283.085 -69
283.026 -69
282.968 -69
282.909 -69
282.851 -69
282.792 -69
282.734 -69
282.676 -69
282.618 -69
282.56 -69
282.502 -69
282.444 -69
282.386 -69
282.328 -69
282.271 -69
282.213 -69
282.156 -69
282.098 -69
282.041 -69
281.983 -69
281.926 -69
281.869 -69
281.812 -69
281.755 -69
281.698 -69
281.641 -69
281.584 -69
281.528 -69
281.471 -69
281.414 -69
281.358 -69
281.302 -69
281.245 -69
281.189 -69
281.133 -69
281.077 -69
281.021 -69
280.965 -69
280.909 -69
280.853 -69
280.797 -69
280.742 -69
280.686 -69
280.631 -69
280.575 -69
280.52 -69
280.465 -69
280.41 -69
280.355 -69
280.3 -69
280.245 -69
280.19 -69
280.135 -69
280.081 -69
280.026 -69
279.972 -69
279.919 -69
279.866 -69
279.813 -69
279.761 -69
279.707 -69
279.653 -69
279.6 -69
279.546 -69
279.492 -69
279.439 -69
279.386 -69
279.332 -69
279.279 -69
279.226 -69
279.173 -69
279.12 -69
279.067 -69
279.014 -69
278.962 -69
278.909 -69
278.856 -69
278.804 -69
278.752 -69
278.699 -69
278.647 -69
278.595 -69
278.543 -69
278.491 -69
278.439 -69
278.387 -69
278.335 -69
278.284 -69
278.232 -69
278.181 -69
278.129 -69
278.078 -69
278.027 -69
277.976 -69
277.925 -69
277.874 -69
277.823 -69
277.772 -69
277.722 -69
277.671 -69
277.62 -69
277.57 -69
277.52 -69
277.47 -69
277.419 -69
277.369 -69
277.319 -69
277.27 -69
277.22 -69
277.17 -69
277.121 -69
277.071 -69
277.022 -69
276.972 -69
276.923 -69
276.874 -69
276.825 -69
276.776 -69
276.728 -69
276.679 -69
276.631 -69
276.582 -69
276.534 -69
276.486 -69
276.438 -69
276.39 -69
276.342 -69
276.294 -69
276.247 -69
276.199 -69
276.152 -69
276.105 -69
276.058 -69
276.011 -69
275.964 -69
275.918 -69
275.871 -69
275.825 -69
275.779 -69
275.733 -69
275.687 -69
275.642 -69
275.596 -69
275.551 -69
275.506 -69
275.461 -69
275.416 -69
275.371 -69
275.327 -69
275.283 -69
275.239 -69
275.195 -69
275.151 -69
275.107 -69
275.064 -69
275.021 -69
274.978 -69
274.935 -69
274.892 -69
274.85 -69
274.805 -69
274.759 -69
274.712 -69
274.666 -69
274.62 -69
274.574 -69
274.529 -69
274.483 -69
274.437 -69
274.392 -69
274.347 -69
274.302 -69
274.257 -69
274.213 -69
274.169 -69
274.125 -69
274.081 -69
274.037 -69
273.994 -69
273.95 -69
273.907 -69
273.865 -69
273.822 -69
273.78 -69
273.737 -69
273.696 -69
273.654 -69
273.612 -69
273.57 -69
273.529 -69
273.487 -69
273.446 -69
273.405 -69
273.364 -69
273.324 -69
273.284 -69
273.243 -69
273.204 -69
273.164 -69
273.125 -69
273.086 -69
273.047 -69
273.008 -69
272.97 -69
272.932 -69
272.894 -69
272.857 -69
272.82 -69
272.783 -69
272.746 -69
272.71 -69
272.674 -69
272.638 -69
272.602 -69
272.567 -69
272.532 -69
272.497 -69
272.463 -69
272.429 -69
272.395 -69
272.361 -69
272.328 -69
272.295 -69
272.263 -69
272.23 -69
272.198 -69
272.165 -69
272.133 -69
272.101 -69
272.07 -69
272.038 -69
272.007 -69
271.977 -69
271.946 -69
271.916 -69
271.887 -69
271.857 -69
271.828 -69
271.799 -69
271.77 -69
271.742 -69
271.714 -69
271.687 -69
271.659 -69
271.632 -69
271.606 -69
271.579 -69
271.553 -69
271.528 -69
271.502 -69
271.477 -69
271.453 -69
271.428 -69
271.404 -69
271.38 -69
271.357 -69
271.334 -69
271.311 -69
271.289 -69
271.266 -69
271.244 -69
271.223 -69
271.202 -69
271.181 -69
271.16 -69
271.14 -69
271.12 -69
271.101 -69
271.081 -69
271.062 -69
271.042 -69
271.023 -69
271.004 -69
270.986 -69
270.968 -69
270.95 -69
270.933 -69
270.916 -69
270.899 -69
270.882 -69
270.866 -69
270.851 -69
270.836 -69
270.821 -69
270.802 -69
270.769 -69
270.737 -69
270.705 -69
270.673 -69
270.641 -69
270.61 -69
270.578 -69
270.547 -69
270.515 -69
270.484 -69
270.453 -69
270.423 -69
270.392 -69
270.361 -69
270.331 -69
270.301 -69
270.271 -69
270.241 -69
270.211 -69
270.182 -69
270.152 -69
270.123 -69
270.094 -69
270.065 -69
270.036 -69
270.007 -69
269.979 -69
269.951 -69
269.923 -69
269.895 -69
269.867 -69
269.839 -69
269.812 -69
269.784 -69
269.757 -69
269.73 -69
269.704 -69
269.677 -69
269.65 -69
269.624 -69
269.598 -69
269.572 -69
269.547 -69
269.521 -69
269.496 -69
269.471 -69
269.446 -69
269.421 -69
269.396 -69
269.372 -69
269.347 -69
269.323 -69
269.3 -69
269.276 -69
269.252 -69
269.229 -69
269.206 -69
269.183 -69
269.16 -69
269.137 -69
269.114 -69
269.091 -69
269.069 -69
269.047 -69
269.025 -69
269.002 -69
268.979 -69
268.956 -69
268.934 -69
268.911 -69
268.889 -69
268.867 -69
268.845 -69
268.824 -69
268.802 -69
268.781 -69
268.76 -69
268.739 -69
268.719 -69
268.699 -69
268.678 -69
268.659 -69
268.639 -69
268.619 -69
268.6 -69
268.581 -69
268.562 -69
268.544 -69
268.525 -69
268.507 -69
268.489 -69
268.472 -69
268.454 -69
268.437 -69
268.42 -69
268.403 -69
268.387 -69
268.37 -69
268.354 -69
268.338 -69
268.323 -69
268.307 -69
268.292 -69
268.277 -69
268.263 -69
268.248 -69
268.234 -69
268.22 -69
268.204 -69
268.189 -69
268.173 -69
268.158 -69
268.144 -69
268.129 -69
268.115 -69
268.101 -69
268.087 -69
268.073 -69
268.06 -69
268.047 -69
268.034 -69
268.022 -69
268.009 -69
267.997 -69
267.986 -69
267.974 -69
267.963 -69
267.952 -69
267.941 -69
267.931 -69
267.921 -69
267.911 -69
267.901 -69
267.892 -69
267.882 -69
267.873 -69
267.865 -69
267.856 -69
267.848 -69
267.841 -69
267.833 -69
267.826 -69
267.819 -69
267.812 -69
267.806 -69
267.8 -69
267.794 -69
267.788 -69
267.783 -69
267.778 -69
267.773 -69
267.769 -69
267.764 -69
267.757 -69
267.735 -69
267.714 -69
267.692 -69
267.671 -69
267.65 -69
267.628 -69
267.607 -69
267.586 -69
267.566 -69
267.545 -69
267.524 -69
267.504 -69
267.484 -69
267.464 -69
267.443 -69
267.424 -69
267.404 -69
267.384 -69
267.365 -69
267.345 -69
267.326 -69
267.307 -69
267.288 -69
267.269 -69
267.25 -69
267.231 -69
267.212 -69
267.194 -69
267.175 -69
267.156 -69
267.138 -69
267.12 -69
267.102 -69
267.084 -69
267.066 -69
267.048 -69
267.031 -69
267.014 -69
266.996 -69
266.979 -69
266.962 -69
266.946 -69
266.929 -69
266.912 -69
266.896 -69
266.88 -69
266.864 -69
266.848 -69
266.832 -69
266.816 -69
266.801 -69
266.786 -69
266.771 -69
266.755 -69
266.741 -69
266.726 -69
266.711 -69
266.696 -69
266.681 -69
266.667 -69
266.652 -69
266.638 -69
266.623 -69
266.609 -69
266.595 -69
266.581 -69
266.568 -69
266.554 -69
266.541 -69
266.527 -69
266.514 -69
266.5 -69
266.487 -69
266.474 -69
266.462 -69
266.449 -69
266.436 -69
266.424 -69
266.412 -69
266.4 -69
266.388 -69
266.376 -69
266.365 -69
266.353 -69
266.342 -69
266.331 -69
266.32 -69
266.309 -69
266.299 -69
266.288 -69
266.278 -69
266.268 -69
266.258 -69
266.248 -69
266.239 -69
266.229 -69
266.22 -69
266.211 -69
266.202 -69
266.192 -69
266.182 -69
266.173 -69
266.164 -69
266.154 -69
266.145 -69
266.137 -69
266.128 -69
266.119 -69
266.111 -69
266.103 -69
266.095 -69
266.087 -69
266.079 -69
266.072 -69
266.064 -69
266.057 -69
266.05 -69
266.043 -69
266.037 -69
266.03 -69
266.024 -69
266.018 -69
266.012 -69
266.006 -69
266 -69
265.995 -69
265.978 -69
265.959 -69
265.94 -69
265.922 -69
265.903 -69
265.884 -69
265.866 -69
265.847 -69
265.829 -69
265.811 -69
265.793 -69
265.774 -69
265.756 -69
265.738 -69
265.721 -69
265.703 -69
265.685 -69
265.667 -69
265.65 -69
265.632 -69
265.615 -69
265.597 -69
265.58 -69
265.563 -69
265.546 -69
265.529 -69
265.512 -69
265.495 -69
265.478 -69
265.461 -69
265.445 -69
265.428 -69
265.411 -69
265.394 -69
265.377 -69
265.36 -69
265.344 -69
265.327 -69
265.311 -69
265.294 -69
265.278 -69
265.261 -69
265.245 -69
265.229 -69
265.213 -69
265.197 -69
265.181 -69
265.165 -69
265.15 -69
265.134 -69
265.118 -69
265.103 -69
265.086 -69
265.069 -69
265.053 -69
265.036 -69
265.019 -69
265.002 -69
264.986 -69
264.969 -69
264.952 -69
264.935 -69
264.919 -69
264.902 -69
264.885 -69
264.869 -69
264.852 -69
264.836 -69
264.819 -69
264.802 -69
264.786 -69
264.763 -69
264.74 -69
264.716 -69
264.692 -69
264.667 -69
264.644 -69
264.631 -69
264.617 -69
264.6 -69
264.584 -69
264.567 -69
264.55 -69
264.534 -69
264.517 -69
264.501 -69
264.484 -69
264.468 -69
264.452 -69
264.436 -69
264.42 -69
264.404 -69
264.388 -69
264.372 -69
264.356 -69
264.341 -69
264.325 -69
264.31 -69
264.294 -69
264.273 -69
264.253 -69
264.232 -69
264.212 -69
264.192 -69
264.171 -69
264.151 -69
264.131 -69
264.111 -69
264.091 -69
264.071 -69
264.092 -69
264.36 -69
264.026 -68.6303
263.866 -67.7732
263.931 -68.7712
263.929 -69
263.91 -69
263.891 -69
263.873 -69
263.854 -69
263.837 -69
263.822 -69
263.807 -69
263.793 -69
263.778 -69
263.763 -69
263.749 -69
263.735 -69
263.72 -69
263.706 -69
263.692 -69
263.677 -69
263.663 -69
263.649 -69
263.635 -69
263.622 -69
263.608 -69
263.594 -69
263.58 -69
263.567 -69
263.553 -69
263.54 -69
263.526 -69
263.513 -69
263.5 -69
263.487 -69
263.473 -69
263.46 -69
263.446 -69
263.428 -69
263.411 -69
263.393 -69
263.375 -69
263.357 -69
263.34 -69
263.322 -69
263.305 -69
263.287 -69
263.27 -69
263.252 -69
263.235 -69
263.218 -69
263.201 -69
263.183 -69
263.166 -69
263.149 -69
263.132 -69
263.115 -69
263.098 -69
263.081 -69
263.064 -69
263.047 -69
263.03 -69
263.013 -69
262.997 -69
262.98 -69
262.963 -69
262.947 -69
262.93 -69
262.914 -69
262.897 -69
262.881 -69
262.865 -69
262.848 -69
262.832 -69
262.816 -69
262.8 -69
262.783 -69
262.767 -69
262.751 -69
262.735 -69
262.719 -69
262.703 -69
262.688 -69
262.672 -69
262.656 -69
262.64 -69
262.625 -69
262.609 -69
262.593 -69
262.578 -69
262.562 -69
262.547 -69
262.532 -69
262.516 -69
262.501 -69
262.486 -69
262.471 -69
262.456 -69
262.441 -69
262.426 -69
262.411 -69
262.396 -69
262.381 -69
262.366 -69
262.351 -69
262.336 -69
262.322 -69
262.307 -69
262.293 -69
262.278 -69
262.264 -69
262.249 -69
262.235 -69
262.221 -69
262.206 -69
262.192 -69
262.178 -69
262.164 -69
262.149 -69
262.135 -69
262.12 -69
262.105 -69
262.09 -69
262.076 -69
262.061 -69
262.047 -69
262.032 -69
262.018 -69
262.003 -69
261.989 -69
261.975 -69
261.961 -69
261.946 -69
261.932 -69
261.918 -69
261.904 -69
261.89 -69
261.876 -69
261.862 -69
261.849 -69
261.834 -69
261.819 -69
261.804 -69
261.789 -69
261.774 -69
261.759 -69
261.744 -69
261.729 -69
261.714 -69
261.7 -69
261.685 -69
261.67 -69
261.656 -69
261.641 -69
261.627 -69
261.612 -69
261.598 -69
261.584 -69
261.569 -69
261.555 -69
261.541 -69
261.527 -69
261.513 -69
261.498 -69
261.482 -69
261.465 -69
261.449 -69
261.433 -69
261.416 -69
261.4 -69
261.383 -69
261.367 -69
261.351 -69
261.335 -69
261.319 -69
261.302 -69
261.286 -69
261.27 -69
261.254 -69
261.238 -69
261.222 -69
261.206 -69
261.191 -69
261.175 -69
261.159 -69
261.143 -69
261.127 -69
261.112 -69
261.096 -69
261.081 -69
261.065 -69
261.049 -69
261.034 -69
261.019 -69
261.003 -69
260.988 -69
260.973 -69
260.957 -69
260.942 -69
260.927 -69
260.912 -69
260.898 -69
260.884 -69
260.87 -69
260.857 -69
260.843 -69
260.829 -69
260.815 -69
260.802 -69
260.788 -69
260.775 -69
260.761 -69
260.748 -69
260.734 -69
260.721 -69
260.708 -69
260.695 -69
260.681 -69
260.668 -69
260.655 -69
260.642 -69
260.629 -69
260.616 -69
260.603 -69
260.59 -69
260.577 -69
260.565 -69
260.552 -69
260.539 -69
260.527 -69
260.514 -69
260.502 -69
260.489 -69
260.477 -69
260.464 -69
260.452 -69
260.44 -69
260.428 -69
260.415 -69
260.403 -69
260.391 -69
260.379 -69
260.367 -69
260.355 -69
260.344 -69
260.332 -69
260.32 -69
260.308 -69
260.297 -69
260.285 -69
260.273 -69
260.262 -69
260.251 -69
260.239 -69
260.228 -69
260.217 -69
260.205 -69
260.194 -69
260.183 -69
260.172 -69
260.161 -69
260.15 -69
260.139 -69
260.128 -69
260.117 -69
260.107 -69
260.096 -69
260.085 -69
260.075 -69
260.064 -69
260.054 -69
260.043 -69
260.033 -69
260.023 -69
260.012 -69
260.002 -69
259.992 -69
259.982 -69
259.972 -69
259.962 -69
259.952 -69
259.942 -69
259.932 -69
259.923 -69
259.913 -69
259.903 -69
259.894 -69
259.884 -69
259.875 -69
259.865 -69
259.856 -69
259.847 -69
259.837 -69
259.828 -69
259.819 -69
259.81 -69
259.801 -69
259.792 -69
259.783 -69
259.774 -69
259.766 -69
259.757 -69
259.748 -69
259.74 -69
259.731 -69
259.723 -69
259.714 -69
259.706 -69
259.698 -69
259.69 -69
259.681 -69
259.673 -69
259.665 -69
259.657 -69
259.649 -69
259.641 -69
259.634 -69
259.626 -69
259.618 -69
259.61 -69
259.602 -69
259.595 -69
259.587 -69
259.58 -69
259.572 -69
259.565 -69
259.557 -69
259.55 -69
259.543 -69
259.535 -69
259.528 -69
259.521 -69
259.514 -69
259.507 -69
259.501 -69
259.494 -69
259.487 -69
259.48 -69
259.472 -69
259.464 -69
259.456 -69
259.449 -69
259.441 -69
259.434 -69
259.426 -69
259.419 -69
259.411 -69
259.404 -69
259.397 -69
259.39 -69
259.383 -69
259.376 -69
259.369 -69
259.362 -69
259.355 -69
259.348 -69
259.341 -69
259.335 -69
259.328 -69
259.321 -69
259.315 -69
259.309 -69
259.302 -69
259.296 -69
259.29 -69
259.284 -69
259.277 -69
259.271 -69
259.265 -69
259.26 -69
259.254 -69
259.247 -69
259.241 -69
259.234 -69
259.228 -69
259.221 -69
259.215 -69
259.208 -69
259.202 -69
259.195 -69
259.188 -69
259.182 -69
259.175 -69
259.168 -69
259.162 -69
259.155 -69
259.149 -69
259.143 -69
259.137 -69
259.13 -69
259.124 -69
259.118 -69
259.112 -69
259.106 -69
259.1 -69
259.095 -69
259.089 -69
259.083 -69
259.078 -69
259.072 -69
259.067 -69
259.061 -69
259.056 -69
259.051 -69
259.046 -69
259.04 -69
259.035 -69
259.03 -69
259.025 -69
259.02 -69
259.016 -69
259.011 -69
259.006 -69
259.002 -69
258.997 -69
258.993 -69
258.988 -69
258.984 -69
258.98 -69
258.975 -69
258.971 -69
258.967 -69
258.963 -69
258.959 -69
258.954 -69
258.947 -69
258.94 -69
258.933 -69
258.927 -69
258.92 -69
258.913 -69
258.907 -69
258.9 -69
258.894 -69
258.888 -69
258.881 -69
258.875 -69
258.869 -69
258.863 -69
258.857 -69
258.851 -69
258.845 -69
258.839 -69
258.833 -69
258.827 -69
258.822 -69
258.816 -69
258.81 -69
258.805 -69
258.799 -69
258.793 -69
258.787 -69
258.781 -69
258.775 -69
258.769 -69
258.763 -69
258.758 -69
258.752 -69
258.746 -69
258.741 -69
258.735 -69
258.73 -69
258.725 -69
258.719 -69
258.714 -69
258.709 -69
258.704 -69
258.699 -69
258.694 -69
258.689 -69
258.684 -69
258.679 -69
258.674 -69
258.67 -69
258.665 -69
258.66 -69
258.656 -69
258.651 -69
258.647 -69
258.643 -69
258.638 -69
258.634 -69
258.63 -69
258.626 -69
258.622 -69
258.618 -69
258.614 -69
258.61 -69
258.606 -69
258.602 -69
258.599 -69
258.595 -69
258.592 -69
258.588 -69
258.585 -69
258.581 -69
258.578 -69
258.575 -69
258.572 -69
258.569 -69
258.565 -69
258.562 -69
258.56 -69
258.557 -68.9989
258.554 -68.9967
258.551 -68.9934
258.549 -68.989
258.546 -68.9835
258.544 -68.9768
258.541 -68.9691
258.539 -68.9602
258.537 -68.9503
258.534 -68.9392
258.532 -68.927
258.53 -68.9137
258.529 -68.8994
258.527 -68.8836
258.52 -68.8611
258.514 -68.8376
258.507 -68.8129
258.501 -68.7872
258.495 -68.7603
258.489 -68.7323
258.483 -68.7032
258.477 -68.673
258.471 -68.6416
258.466 -68.6092
258.46 -68.5758
258.455 -68.5413
258.45 -68.5057
258.445 -68.469
258.44 -68.4316
258.435 -68.393
258.43 -68.3534
258.425 -68.3126
258.421 -68.2708
258.417 -68.2279
258.412 -68.1838
258.408 -68.1387
258.404 -68.0924
258.4 -68.0451
258.397 -67.9968
258.393 -67.9475
258.39 -67.8973
258.387 -67.8459
258.384 -67.7935
258.381 -67.74
258.378 -67.6854
258.375 -67.6297
258.373 -67.5729
258.371 -67.515
258.369 -67.4561
258.367 -67.3961
258.365 -67.335
258.363 -67.2728
258.362 -67.2095
258.361 -67.1451
258.36 -67.0797
258.359 -67.0131
258.358 -66.9455
258.358 -66.8768
258.357 -66.807
258.357 -66.7364
258.357 -66.6648
258.358 -66.5922
258.358 -66.5186
258.359 -66.4438
258.359 -66.3682
258.36 -66.2919
258.362 -66.2148
258.363 -66.1367
258.365 -66.0576
258.367 -65.9774
258.369 -65.8961
258.371 -65.8138
258.373 -65.731
258.376 -65.6472
258.379 -65.5622
258.382 -65.4762
258.385 -65.3892
258.389 -65.301
258.392 -65.2118
258.396 -65.1215
258.401 -65.0303
258.405 -64.9381
258.41 -64.8453
258.415 -64.7517
258.42 -64.6572
258.425 -64.5616
258.431 -64.465
258.437 -64.3673
258.443 -64.2686
258.449 -64.1688
258.456 -64.0679
258.463 -63.9662
258.47 -63.8636
258.477 -63.7599
258.485 -63.6554
258.492 -63.5498
258.501 -63.4432
258.509 -63.3355
258.518 -63.2271
258.526 -63.1183
258.535 -63.009
258.545 -62.8989
258.554 -62.788
258.564 -62.6763
258.574 -62.5641
258.585 -62.4509
258.595 -62.3366
258.606 -62.2219
258.617 -62.1063
258.629 -61.9898
258.64 -61.8722
258.652 -61.7536
258.664 -61.6339
258.677 -61.5133
258.69 -61.3916
258.703 -61.269
258.716 -61.1454
258.73 -61.0208
258.744 -60.8951
258.759 -60.7685
258.773 -60.6408
258.788 -60.512
258.804 -60.3823
258.819 -60.2518
258.835 -60.1202
258.851 -59.9877
258.868 -59.8549
258.884 -59.7216
258.901 -59.5875
258.919 -59.4526
258.936 -59.3171
258.954 -59.1807
258.973 -59.0434
258.991 -58.9053
259.01 -58.7663
259.029 -58.6264
259.049 -58.4854
259.069 -58.3434
259.089 -58.2005
259.109 -58.0565
259.13 -57.9115
259.152 -57.7655
259.173 -57.6185
259.195 -57.4706
259.217 -57.3217
259.24 -57.1718
259.263 -57.0209
259.286 -56.869
259.31 -56.7161
259.334 -56.5622
259.359 -56.4073
259.383 -56.2518
259.409 -56.0954
259.434 -55.938
259.46 -55.7799
259.486 -55.621
259.513 -55.4611
259.54 -55.3002
259.567 -55.1383
259.595 -54.9754
259.623 -54.8115
259.651 -54.6467
259.68 -54.4809
259.709 -54.3142
259.739 -54.1467
259.769 -53.9783
259.799 -53.809
259.83 -53.6389
259.861 -53.4689
259.892 -53.2984
259.924 -53.1272
259.956 -52.9551
259.988 -52.782
260.021 -52.6079
260.054 -52.4331
260.087 -52.2581
260.121 -52.082
260.155 -51.9053
260.19 -51.7292
260.225 -51.5522
260.26 -51.3743
260.295 -51.1955
260.332 -51.0158
260.368 -50.8353
260.405 -50.6538
260.442 -50.4715
260.48 -50.2881
260.518 -50.1038
260.556 -49.919
260.595 -49.7333
260.634 -49.5467
260.674 -49.3593
260.714 -49.1709
260.755 -48.9817
260.796 -48.7914
260.837 -48.6002
260.879 -48.4081
260.921 -48.2153
260.964 -48.0216
261.007 -47.8268
261.051 -47.6314
261.095 -47.435
261.139 -47.2377
261.184 -47.04
261.229 -46.8414
261.275 -46.6417
261.321 -46.4412
261.368 -46.2401
261.415 -46.0381
261.462 -45.8352
261.51 -45.6315
261.559 -45.427
261.607 -45.2222
261.657 -45.0165
261.706 -44.8101
261.756 -44.6027
261.807 -44.3954
261.857 -44.1878
261.909 -43.9794
261.96 -43.7699
262.012 -43.5606
262.065 -43.3509
262.118 -43.1402
262.171 -42.9286
262.225 -42.7162
262.279 -42.5028
262.334 -42.289
262.388 -42.0768
262.444 -41.864
262.499 -41.6507
262.555 -41.4364
262.612 -41.2218
262.669 -41.0069
262.726 -40.7912
262.784 -40.5745
262.842 -40.3571
262.901 -40.1397
262.96 -39.9214
263.019 -39.7031
263.079 -39.4844
263.139 -39.2656
263.2 -39.0467
263.261 -38.827
263.322 -38.6063
263.384 -38.3847
263.447 -38.1622
263.51 -37.9388
263.573 -37.7146
263.637 -37.4897
263.701 -37.264
263.766 -37.0382
263.831 -36.8121
263.897 -36.5869
263.963 -36.361
264.029 -36.1353
264.095 -35.9097
264.162 -35.6837
264.229 -35.4568
264.297 -35.2293
264.365 -35.001
264.434 -34.7718
264.503 -34.5426
264.573 -34.3127
264.643 -34.0825
264.714 -33.8514
264.785 -33.6194
264.857 -33.3866
264.929 -33.1528
265.001 -32.9182
265.075 -32.6828
265.149 -32.4464
265.223 -32.2094
265.297 -31.9723
265.373 -31.7344
265.448 -31.4956
265.524 -31.2563
265.601 -31.0169
265.678 -30.7772
265.755 -30.5372
265.833 -30.2971
265.911 -30.0562
265.99 -29.8146
266.069 -29.5724
266.149 -29.3293
266.23 -29.0858
266.31 -28.8423
266.391 -28.5979
266.473 -28.3527
266.555 -28.109
266.637 -27.8659
266.72 -27.6224
266.803 -27.3783
266.886 -27.1352
266.969 -26.8917
267.053 -26.648
267.138 -26.4039
267.223 -26.1592
267.308 -25.9144
267.394 -25.6689
267.48 -25.4228
267.567 -25.1766
267.653 -24.9309
267.741 -24.6846
267.828 -24.4384
267.916 -24.193
268.004 -23.9468
268.093 -23.7003
268.182 -23.4542
268.272 -23.2075
268.362 -22.9616
268.452 -22.7168
268.542 -22.4711
268.632 -22.2266
268.723 -21.9815
268.815 -21.7361
268.907 -21.4906
268.999 -21.2442
269.092 -20.9971
269.186 -20.7491
269.28 -20.5007
269.374 -20.2515
269.469 -20.0015
269.565 -19.7507
269.661 -19.5006
269.758 -19.2498
269.854 -18.9986
269.952 -18.747
270.05 -18.4946
270.148 -18.2415
270.247 -17.9875
270.347 -17.7346
270.446 -17.4821
270.546 -17.2302
270.646 -16.9783
270.747 -16.7257
270.848 -16.4722
270.95 -16.2185
271.052 -15.9648
271.154 -15.7104
271.257 -15.4554
271.361 -15.2005
271.465 -14.9461
271.569 -14.6915
271.673 -14.4379
271.778 -14.1846
271.883 -13.9305
271.989 -13.6756
272.095 -13.4201
272.202 -13.1647
272.309 -12.9094
272.416 -12.6541
272.524 -12.399
272.632 -12.146
272.74 -11.8935
272.847 -11.6438
272.955 -11.3939
273.063 -11.1437
273.172 -10.8938
273.281 -10.6446
273.39 -10.3949
273.5 -10.1444
273.611 -9.89327
273.722 -9.64175
273.833 -9.39018
273.945 -9.13806
274.057 -8.88938
274.168 -8.64076
274.28 -8.39146
274.393 -8.14147
274.507 -7.89112
274.62 -7.64032
274.735 -7.38884
274.85 -7.13693
274.965 -6.88542
275.08 -6.63339
275.196 -6.38105
275.313 -6.1292
275.429 -5.87974
275.545 -5.63186
275.661 -5.38358
275.778 -5.13563
275.895 -4.88702
276.013 -4.63786
276.131 -4.38898
276.25 -4.14047
276.369 -3.89149
276.488 -3.64185
276.608 -3.39195
276.728 -3.14193
276.849 -2.89131
276.968 -2.63639
277.087 -2.38259
277.205 -2.12819
277.325 -1.87329
277.445 -1.61794
277.565 -1.36194
277.686 -1.1053
277.808 -0.848106
277.93 -0.590523
278.052 -0.334475
278.175 -0.0781123
278.298 0.178632
278.421 0.436017
278.545 0.694042
278.67 0.952097
278.794 1.20898
278.919 1.46649
279.045 1.72465
279.171 1.98343
279.298 2.24285
279.425 2.50291
279.553 2.7636
279.682 3.02492
279.81 3.28456
279.939 3.54477
280.068 3.80463
280.198 4.0643
280.328 4.32406
280.458 4.58273
280.588 4.8419
280.719 5.10156
280.851 5.36184
280.983 5.62273
281.116 5.88425
281.249 6.14638
281.383 6.40912
281.517 6.67233
281.652 6.93617
281.788 7.20062
281.924 7.46569
282.061 7.7313
282.198 7.99678
282.336 8.26289
282.474 8.52939
282.612 8.79625
282.75 9.05914
282.889 9.3226
283.028 9.58666
283.167 9.85132
283.307 10.1163
283.447 10.3825
283.587 10.6485
283.728 10.9151
283.869 11.1824
284.01 11.4478
284.151 11.7128
284.293 11.9783
284.436 12.2443
284.578 12.5096
284.721 12.7747
284.865 13.0403
285.009 13.3065
285.154 13.5733
285.299 13.8407
285.445 14.1087
285.591 14.3771
285.738 14.6458
285.885 14.9151
286.033 15.1849
286.182 15.4554
286.331 15.7264
286.481 15.9979
286.631 16.2696
286.782 16.5419
286.931 16.8099
287.081 17.0778
287.232 17.3448
287.382 17.6105
287.532 17.8767
287.683 18.1426
287.834 18.4069
287.986 18.6718
288.138 18.9373
288.29 19.2033
288.443 19.4693
288.597 19.7355
288.751 20.0024
288.906 20.2698
289.061 20.5378
289.216 20.8059
289.372 21.0719
289.526 21.3338
289.681 21.5955
289.836 21.8576
289.992 22.1201
290.148 22.3833
290.305 22.6469
290.462 22.911
290.62 23.1744
290.778 23.4383
290.936 23.7021
291.095 23.9662
291.255 24.2308
291.414 24.4947
291.575 24.7591
291.735 25.0232
291.896 25.2874
292.057 25.5503
292.218 25.8125
292.379 26.0753
292.541 26.3382
292.704 26.6016
292.867 26.8652
293.029 27.1244
293.191 27.3842
293.354 27.6445
293.518 27.9053
293.682 28.1664
293.846 28.4259
294.009 28.6828
294.173 28.9397
294.337 29.197
294.501 29.4523
294.665 29.7076
294.829 29.9626
294.994 30.2173
295.159 30.472
295.325 30.7272
295.491 30.9821
295.657 31.2354
295.823 31.489
295.99 31.7426
296.155 31.993
296.322 32.2438
296.489 32.4951
296.656 32.7467
296.822 32.9936
296.989 33.241
297.156 33.4889
297.323 33.7363
297.489 33.98
297.656 34.2241
297.822 34.4654
297.988 34.7069
298.155 34.9488
298.323 35.1913
298.491 35.4341
298.66 35.6775
298.829 35.9213
298.999 36.1655
299.169 36.4103
299.34 36.6554
299.511 36.9011
299.683 37.1472
299.855 37.3937
300.028 37.6407
300.201 37.888
300.374 38.135
300.547 38.3825
300.721 38.6305
300.895 38.8789
301.07 39.1278
301.245 39.3771
301.421 39.6269
301.598 39.8772
301.775 40.1279
301.953 40.379
302.131 40.6306
302.309 40.8827
302.489 41.1352
302.668 41.3882
302.848 41.6415
303.029 41.8952
303.21 42.1494
303.392 42.4041
303.574 42.6592
303.756 42.9148
303.94 43.1708
304.124 43.4273
304.308 43.6843
304.493 43.9417
304.678 44.1995
304.865 44.4578
305.051 44.7166
305.238 44.9758
305.426 45.2355
305.615 45.4957
305.804 45.7563
305.993 46.0173
306.183 46.2788
306.374 46.5408
306.565 46.8032
306.757 47.0661
306.949 47.3294
307.142 47.5932
307.335 47.8575
307.529 48.1222
307.724 48.3873
307.919 48.6529
308.115 48.919
308.311 49.1855
308.508 49.4525
308.706 49.72
308.904 49.9879
309.103 50.2562
309.302 50.525
309.502 50.7943
309.702 51.064
309.903 51.3342
310.105 51.6048
310.307 51.8759
310.51 52.1474
310.713 52.4194
310.917 52.6919
311.121 52.9648
311.327 53.2381
311.532 53.5119
311.739 53.7862
311.946 54.0609
312.153 54.3361
312.361 54.6118
312.57 54.8879
312.779 55.1644
312.989 55.4414
313.2 55.7189
313.411 55.9968
313.622 56.2752
313.835 56.554
314.048 56.8333
314.261 57.113
314.475 57.3932
314.69 57.6738
314.905 57.9549
315.121 58.2365
315.338 58.5185
315.555 58.801
315.773 59.0839
315.99 59.3691
316.208 59.6556
316.427 59.9426
316.646 60.23
316.865 60.5178
317.086 60.8062
317.307 61.0949
317.528 61.3842
317.75 61.6738
317.973 61.964
318.196 62.2546
318.42 62.5456
318.645 62.8371
318.87 63.1291
319.096 63.4215
319.323 63.7143
319.55 64.0077
319.778 64.3014
320.006 64.5957
320.235 64.8904
320.465 65.1855
320.695 65.4811
320.926 65.7772
321.157 66.0737
321.39 66.3706
321.622 66.668
321.856 66.9659
322.09 67.2642
322.323 67.559
322.555 67.8524
322.785 68.0696
323.015 68.281
323.246 68.4928
323.477 68.7049
323.709 68.9172
323.94 69
324.171 69
324.402 69
324.634 69
324.867 69
325.1 69
325.318 69
325.523 69
325.729 69
325.935 69
326.142 69
326.319 69
326.453 69
326.587 69
326.721 69
326.855 69
326.99 69
327.125 69
327.26 69
327.395 69
327.53 69
327.665 69
327.801 69
327.936 69
328.072 69
328.208 69
328.345 69
328.469 69
328.588 69
328.707 69
328.826 69
328.945 69
329.064 69
329.183 69
329.302 69
329.422 69
329.541 69
329.661 69
329.78 69
329.9 69
330.02 69
330.14 69
330.26 69
330.38 69
330.5 69
330.62 69
330.74 69
330.861 69
330.981 69
331.102 69
331.222 69
331.337 69
331.452 69
331.568 69
331.683 69
331.798 69
331.913 69
332.029 69
332.144 69
332.26 69
332.375 69
332.491 69
332.607 69
332.722 69
332.838 69
332.954 69
333.07 69
333.186 69
333.302 69
333.419 69
333.535 69
333.651 69
333.768 69
333.884 69
334.001 69
334.118 69
334.235 69
334.351 69
334.468 69
334.585 69
334.702 69
334.82 69
334.937 69
335.054 69
335.171 69
335.289 69
335.406 69
335.524 69
335.642 69
335.759 69
335.877 69
335.995 69
336.113 69
336.231 69
336.349 69
336.468 69
336.586 69
336.704 69
336.823 69
336.941 69
337.06 69
337.178 69
337.297 69
337.416 69
337.535 69
337.654 69
337.773 69
337.892 69
338.011 69
338.13 69
338.25 69
338.369 69
338.489 69
338.608 69
338.728 69
338.848 69
338.967 69
339.086 69
339.203 69
339.321 69
339.439 69
339.557 69
339.675 69
339.793 69
339.911 69
340.029 69
340.147 69
340.266 69
340.384 69
340.503 69
340.621 69
340.74 69
340.858 69
340.977 69
341.096 69
341.215 69
341.334 69
341.453 69
341.572 69
341.691 69
341.811 69
341.93 69
342.049 69
342.169 69
342.289 69
342.408 69
342.528 69
342.648 69
342.768 69
342.888 69
343.008 69
343.128 69
343.246 69
343.365 69
343.484 69
343.603 69
343.722 69
343.841 69
343.96 69
344.08 69
344.199 69
344.318 69
344.438 69
344.557 69
344.677 69
344.797 69
344.916 69
345.036 69
345.156 69
345.276 69
345.396 69
345.516 69
345.637 69
345.757 69
345.877 69
345.998 69
346.118 69
346.239 69
346.359 69
346.48 69
346.601 69
346.722 69
346.843 69
346.964 69
347.085 69
347.206 69
347.327 69
347.448 69
347.57 69
347.691 69
347.813 69
347.934 69
348.056 69
348.178 69
348.3 69
348.422 69
348.544 69
348.666 69
348.788 69
348.91 69
349.032 69
349.155 69
349.277 69
349.4 69
349.522 69
349.645 69
349.768 69
349.89 69
350.013 69
350.136 69
350.259 69
350.382 69
350.506 69
350.629 69
350.752 69
350.876 69
350.999 69
351.123 69
351.246 69
351.37 69
351.494 69
351.618 69
351.742 69
351.866 69
351.99 69
352.114 69
352.238 69
352.363 69
352.487 69
352.612 69
352.736 69
352.861 69
352.986 69
353.11 69
353.235 69
353.36 69
353.485 69
353.611 69
353.736 69
353.861 69
353.986 69
354.112 69
354.237 69
354.363 69
354.489 69
354.614 69
354.74 69
354.865 69
354.989 69
355.113 69
355.237 69
355.362 69
355.486 69
355.61 69
355.735 69
355.859 69
355.984 69
356.109 69
356.233 69
356.358 69
356.483 69
356.608 69
356.733 69
356.858 69
356.984 69
357.109 69
357.234 69
357.36 69
357.485 69
357.611 69
357.736 69
357.862 69
357.988 69
358.114 69
358.24 69
358.366 69
358.492 69
358.618 69
358.745 69
358.871 69
358.997 69
359.124 69
359.251 69
359.377 69
359.504 69
359.631 69
359.758 69
359.885 69
360.012 69
360.139 69
360.266 69
360.393 69
360.521 69
360.648 69
360.776 69
360.903 69
361.031 69
361.159 69
361.286 69
361.414 69
361.542 69
361.67 69
361.799 69
361.927 69
362.055 69
362.183 69
362.312 69
362.44 69
362.568 69
362.696 69
362.824 69
362.952 69
363.08 69
363.208 69
363.337 69
363.465 69
363.594 69
363.722 69
363.851 69
363.98 69
364.109 69
364.238 69
364.367 69
364.496 69
364.625 69
364.754 69
364.884 69
365.013 69
365.143 69
365.272 69
365.402 69
365.531 69
365.661 69
365.791 69
365.921 69
366.051 69
366.181 69
366.312 69
366.442 69
366.572 69
366.703 69
366.833 69
366.964 69
367.094 69
367.225 69
367.356 69
367.487 69
367.618 69
367.749 69
367.88 69
368.011 69
368.142 69
368.272 69
368.403 69
368.534 69
368.665 69
368.796 69
368.928 69
369.059 69
369.19 69
369.322 69
369.453 69
369.585 69
369.717 69
369.848 69
369.98 69
370.112 69
370.244 69
370.376 69
370.508 69
370.641 69
370.773 69
370.905 69
371.038 69
371.171 69
371.303 69
371.436 69
371.569 69
371.702 69
371.835 69
371.968 69
372.101 69
372.234 69
372.363 69
372.492 69
372.62 69
372.749 69
372.877 69
373.006 69
373.135 69
373.264 69
373.393 69
373.521 69
373.651 69
373.78 69
373.909 69
374.038 69
374.167 69
374.297 69
374.422 69
374.547 69
374.672 69
374.797 69
374.923 69
375.048 69
375.173 69
375.299 69
375.424 69
375.55 69
375.676 69
375.801 69
375.927 69
376.053 69
376.179 69
376.305 69
376.431 69
376.557 69
376.683 69
376.809 69
376.936 69
377.062 69
377.189 69
377.315 69
377.442 69
377.568 69
377.695 69
377.822 69
377.948 69
378.075 69
378.202 69
378.329 69
378.456 69
378.583 69
378.711 69
378.838 69
378.965 69
379.092 69
379.22 69
379.347 69
379.475 69
379.603 69
379.73 69
379.858 69
379.986 69
380.114 69
380.242 69
380.37 69
380.498 69
380.626 69
380.754 69
380.882 69
381.011 69
381.139 69
381.268 69
381.396 69
381.523 69
381.647 69
381.77 69
381.894 69
382.017 69
382.141 69
382.265 69
382.389 69
382.513 69
382.636 69
382.76 69
382.884 69
383.008 69
383.133 69
383.257 69
383.381 69
383.505 69
383.63 69
383.754 69
383.878 69
384.003 69
384.127 69
384.252 69
384.377 69
384.501 69
384.626 69
384.751 69
384.876 69
385.001 69
385.126 69
385.251 69
385.376 69
385.501 69
385.626 69
385.751 69
385.877 69
386.002 69
386.128 69
386.253 69
386.379 69
386.504 69
386.63 69
386.755 69
386.879 69
387.002 69
387.125 69
387.248 69
387.371 69
387.494 69
387.617 69
387.741 69
387.864 69
387.986 69
388.108 69
388.23 69
388.351 69
388.473 69
388.594 69
388.715 69
388.836 69
388.957 69
389.079 69
389.2 69
389.321 69
389.443 69
389.564 69
389.686 69
389.807 69
389.929 69
390.051 69
390.172 69
390.294 69
390.416 69
390.538 69
390.66 69
390.782 69
390.904 69
391.026 69
391.148 69
391.27 69
391.392 69
391.514 69
391.637 69
391.759 69
391.881 69
392.004 69
392.126 69
392.249 69
392.371 69
392.494 69
392.616 69
392.739 69
392.862 69
392.985 69
393.107 69
393.23 69
393.353 69
393.476 69
393.599 69
393.722 69
393.845 69
393.969 69
394.092 69
394.215 69
394.338 69
394.462 69
394.583 69
394.702 69
394.822 69
394.942 69
395.062 69
395.181 69
395.301 69
395.421 69
395.541 69
395.661 69
395.781 69
395.901 69
396.021 69
396.141 69
396.261 69
396.382 69
396.502 69
396.622 69
396.742 69
396.863 69
396.983 69
397.102 69
397.22 69
397.338 69
397.455 69
397.573 69
397.691 69
397.809 69
397.927 69
398.045 69
398.163 69
398.281 69
398.399 69
398.517 69
398.635 69
398.754 69
398.872 69
398.99 69
399.107 69
399.224 69
399.341 69
399.458 69
399.575 69
399.692 69
399.809 69
399.927 69
400.044 69
400.161 69
400.278 69
400.396 69
400.513 69
400.631 69
400.748 69
400.866 69
400.983 69
401.101 69
401.218 69
401.336 69
401.454 69
401.571 69
401.689 69
401.807 69
401.925 69
402.043 69
402.16 69
402.278 69
402.396 69
402.514 69
402.631 69
402.748 69
402.866 69
402.983 69
403.1 69
403.218 69
403.335 69
403.452 69
403.57 69
403.687 69
403.805 69
403.922 69
404.04 69
404.157 69
404.275 69
404.392 69
404.51 69
404.628 69
404.746 69
404.863 69
404.981 69
405.098 69
405.215 69
405.332 69
405.449 69
405.566 69
405.683 69
405.8 69
405.917 69
406.035 69
406.152 69
406.269 69
406.387 69
406.504 69
406.621 69
406.739 69
406.856 69
406.974 69
407.091 69
407.209 69
407.327 69
407.444 69
407.562 69
407.68 69
407.797 69
407.915 69
408.033 69
408.151 69
408.269 69
408.387 69
408.505 69
408.623 69
408.741 69
408.859 69
408.977 69
409.095 69
409.213 69
409.331 69
409.449 69
409.567 69
409.684 69
409.802 69
409.919 69
410.036 69
410.154 69
410.271 69
410.389 69
410.506 69
410.624 69
410.741 69
410.859 69
410.977 69
411.094 69
411.212 69
411.33 69
411.448 69
411.566 69
411.683 69
411.801 69
411.919 69
412.037 69
412.155 69
412.273 69
412.391 69
412.509 69
412.627 69
412.746 69
412.864 69
412.982 69
413.1 69
413.218 69
413.337 69
413.455 69
413.573 69
413.692 69
413.81 69
413.929 69
414.047 69
414.166 69
414.284 69
414.403 69
414.522 69
414.64 69
414.759 69
414.878 69
414.996 69
415.115 69
415.234 69
415.353 69
415.472 69
415.591 69
415.71 69
415.829 69
415.948 69
416.067 69
416.186 69
416.305 69
416.424 69
416.543 69
416.663 69
416.782 69
416.901 69
417.02 69
417.139 69
417.258 69
417.377 69
417.496 69
417.615 69
417.734 69
417.853 69
417.972 69
418.091 69
418.21 69
418.329 69
418.449 69
418.568 69
418.687 69
418.807 69
418.926 69
419.045 69
419.165 69
419.284 69
419.404 69
419.523 69
419.643 69
419.762 69
419.882 69
420.002 69
420.121 69
420.241 69
420.361 69
420.481 69
420.6 69
420.72 69
420.84 69
420.96 69
421.08 69
421.2 69
421.32 69
421.44 69
421.56 69
421.68 69
421.8 69
421.921 69
422.041 69
422.161 69
422.281 69
422.402 69
422.522 69
422.642 69
422.763 69
422.883 69
423.004 69
423.124 69
423.245 69
423.366 69
423.486 69
423.607 69
423.728 69
423.848 69
423.969 69
424.09 69
424.211 69
424.332 69
424.452 69
424.573 69
424.694 69
424.815 69
424.936 69
425.057 69
425.179 69
425.3 69
425.421 69
425.542 69
425.663 69
425.785 69
425.906 69
426.027 69
426.149 69
426.27 69
426.391 69
426.513 69
426.635 69
426.756 69
426.878 69
426.999 69
427.121 69
427.243 69
427.364 69
427.486 69
427.608 69
427.73 69
427.852 69
427.974 69
428.095 69
428.217 69
428.339 69
428.461 69
428.584 69
428.706 69
428.828 69
428.95 69
429.072 69
429.194 69
429.317 69
429.439 69
429.561 69
429.684 69
429.806 69
429.929 69
430.051 69
430.174 69
430.296 69
430.419 69
430.542 69
430.664 69
430.787 69
430.91 69
431.032 69
431.155 69
431.278 69
431.401 69
431.524 69
431.645 69
431.766 69
431.887 69
432.007 69
432.128 69
432.249 69
432.37 69
432.49 69
432.611 69
432.732 69
432.853 69
432.974 69
433.095 69
433.216 69
433.337 69
433.458 69
433.579 69
433.7 69
433.821 69
433.943 69
434.064 69
434.185 69
434.306 69
434.428 69
434.549 69
434.67 69
434.79 69
434.909 69
435.027 69
435.145 69
435.263 69
435.38 69
435.498 69
435.616 69
435.734 69
435.851 69
435.969 69
436.087 69
436.205 69
436.323 69
436.441 69
436.559 69
436.677 69
436.795 69
436.913 69
437.031 69
437.149 69
437.267 69
437.385 69
437.504 69
437.622 69
437.74 69
437.858 69
437.977 69
438.095 69
438.213 69
438.332 69
438.45 69
438.568 69
438.687 69
438.805 69
438.924 69
439.042 69
439.161 69
439.279 69
439.398 69
439.517 69
439.635 69
439.754 69
439.873 69
439.991 69
440.11 69
440.229 69
440.348 69
440.466 69
440.585 69
440.704 69
440.822 69
440.94 69
441.058 69
441.176 69
441.294 69
441.411 69
441.529 69
441.647 69
441.765 69
441.883 69
442.001 69
442.119 69
442.237 69
442.355 69
442.473 69
442.591 69
442.709 69
442.828 69
442.946 69
443.064 69
443.182 69
443.3 69
443.419 69
443.537 69
443.655 69
443.774 69
443.892 69
444.011 69
444.129 69
444.247 69
444.366 69
444.484 69
444.603 69
444.721 69
444.84 69
444.959 69
445.077 69
445.196 69
445.315 69
445.433 69
445.552 69
445.671 69
445.789 69
445.908 69
446.027 69
446.146 69
446.265 69
446.384 69
446.503 69
446.622 69
446.741 69
446.86 69
446.979 69
447.098 69
447.217 69
447.334 69
447.451 69
447.568 69
447.684 69
447.801 69
447.917 69
448.034 69
448.15 69
448.267 69
448.383 69
448.5 69
448.616 69
448.733 69
448.849 69
448.966 69
449.083 69
449.199 69
449.316 69
449.433 69
449.55 69
449.666 69
449.783 69
449.9 69
450.017 69
450.134 69
450.251 69
450.367 69
450.484 69
450.601 69
450.718 69
450.835 69
450.952 69
451.069 69
451.186 69
451.303 69
451.42 69
451.538 69
451.655 69
451.772 69
451.889 69
452.006 69
452.123 69
452.241 69
452.358 69
452.475 69
452.593 69
452.71 69
452.827 69
452.945 69
453.062 69
453.179 69
453.297 69
453.414 69
453.532 69
453.649 69
453.767 69
453.884 69
454.002 69
454.119 69
454.237 69
454.355 69
454.472 69
454.59 69
454.708 69
454.825 69
454.943 69
455.061 69
455.179 69
455.296 69
455.414 69
455.532 69
455.65 69
455.768 69
455.886 69
456.004 69
456.122 69
456.24 69
456.358 69
456.476 69
456.594 69
456.712 69
456.83 69
456.948 69
457.066 69
457.184 69
457.303 69
457.421 69
457.539 69
457.657 69
457.775 69
457.894 69
458.012 69
458.13 69
458.249 69
458.367 69
458.486 69
458.604 69
458.722 69
458.841 69
458.959 69
459.078 69
459.196 69
459.315 69
459.434 69
459.552 69
459.671 69
459.789 69
459.908 69
460.027 69
460.145 69
460.264 69
460.383 69
460.502 69
460.621 69
460.739 69
460.858 69
460.977 69
461.096 69
461.215 69
461.334 69
461.453 69
461.572 69
461.691 69
461.81 69
461.929 69
462.048 69
462.167 69
462.286 69
462.405 69
462.525 69
462.644 69
462.763 69
462.881 69
462.999 69
463.116 69
463.234 69
463.352 69
463.469 69
463.587 69
463.705 69
463.823 69
463.94 69
464.058 69
464.176 69
464.294 69
464.412 69
464.53 69
464.648 69
464.765 69
464.883 69
465.001 69
465.119 69
465.237 69
465.355 69
465.474 69
465.592 69
465.71 69
465.828 69
465.946 69
466.064 69
466.182 69
466.301 69
466.419 69
466.536 69
466.653 69
466.77 69
466.887 69
467.005 69
467.122 69
467.239 69
467.356 69
467.473 69
467.591 69
467.708 69
467.825 69
467.942 69
468.06 69
468.177 69
468.295 69
468.412 69
468.529 69
468.647 69
468.764 69
468.882 69
468.999 69
469.117 69
469.234 69
469.352 69
469.469 69
469.587 69
469.704 69
469.822 69
469.94 69
470.057 69
