0.1 -0.00924642
0.2 -0.0342809
0.3 -0.0523164
0.4 -0.0697166
0.5 -0.0871548
0.6 -0.104598
0.7 -0.122045
0.8 -0.139497
0.9 -0.156952
1 -0.174411
20.2651 -1.36072
40.2991 -2.54955
60.1038 -3.74479
79.676 -4.94615
99.015 -6.15376
118.12 -7.36785
136.99 -8.58869
155.625 -9.81657
174.023 -11.0518
192.183 -12.2946
210.104 -13.5456
227.785 -14.8049
245.225 -16.0731
262.422 -17.3504
279.375 -18.6374
296.083 -19.9346
312.543 -21.2425
328.753 -22.5616
344.713 -23.8927
360.419 -25.2364
375.87 -26.5934
391.062 -27.9646
405.993 -29.3508
420.661 -30.7531
435.061 -32.1724
449.191 -33.6101
463.045 -35.0673
476.62 -36.5455
489.564 -38.2392
501.628 -40.1687
512.685 -42.1931
522.415 -44.2083
531.285 -46.4105
539.191 -49.1168
545.6 -52.5203
549.066 -56.5583
548.745 -60.0441
537.853 -69
525.744 -67.5387
524.249 -68.0827
523.13 -69
518.657 -69
515.087 -69
511.711 -69
510.212 -69
508.568 -69
507.518 -69
506.949 -69
505.925 -69
504.384 -69
502.922 -69
502.115 -69
501.376 -69
500.331 -69
499.216 -69
498.037 -69
497.053 -69
495.999 -69
494.883 -69
493.66 -69
492.394 -69
491.169 -69
489.881 -69
488.394 -69
486.995 -69
485.684 -69
484.479 -69
483.185 -69
481.927 -69
480.743 -69
479.671 -69
478.641 -69
477.622 -69
476.587 -69
475.535 -69
474.47 -69
473.412 -69
472.356 -69
471.19 -69
470.012 -69
468.849 -69
467.667 -69
466.521 -69
465.363 -69
464.194 -69
463.015 -69
461.827 -69
460.645 -69
459.454 -69
458.258 -69
457.088 -69
455.938 -69
454.774 -69
453.573 -69
452.362 -69
451.147 -69
449.955 -69
448.77 -69
447.614 -69
446.439 -69
445.274 -69
444.108 -69
442.935 -69
441.879 -69
440.815 -69
439.741 -69
438.664 -69
437.588 -69
436.509 -69
435.426 -69
434.341 -69
433.252 -69
432.161 -69
431.067 -69
429.973 -69
428.877 -69
427.77 -69
426.672 -69
425.575 -69
424.501 -69
423.443 -69
422.391 -69
421.34 -69
420.29 -69
419.374 -69
418.465 -69
417.558 -69
416.696 -69
415.834 -69
414.97 -69
414.106 -69
413.242 -69
412.373 -69
411.501 -69
410.627 -69
409.751 -69
408.912 -69
408.107 -69
407.3 -69
406.489 -69
405.677 -69
404.869 -69
404.062 -69
403.256 -69
402.449 -69
401.643 -69
400.838 -69
400.037 -69
399.241 -69
398.445 -69
397.65 -69
396.856 -69
396.063 -69
395.269 -69
394.47 -69
393.671 -69
392.94 -69
392.216 -69
391.493 -69
390.77 -69
390.048 -69
389.405 -69
388.791 -69
388.177 -69
387.564 -69
386.952 -69
386.34 -69
385.728 -69
385.117 -69
384.507 -69
383.94 -69
383.374 -69
382.809 -69
382.275 -69
381.742 -69
381.209 -69
380.676 -69
380.144 -69
379.613 -69
379.093 -69
378.576 -69
378.059 -69
377.542 -69
377.025 -69
376.509 -69
375.993 -69
375.478 -69
374.963 -69
374.454 -69
373.946 -69
373.481 -69
373.033 -69
372.586 -69
372.139 -69
371.693 -69
371.247 -69
370.802 -69
370.357 -69
369.913 -69
369.47 -69
369.027 -69
368.584 -69
368.143 -69
367.701 -69
367.261 -69
366.821 -69
366.38 -69
365.94 -69
365.522 -69
365.133 -69
364.743 -69
364.354 -69
363.966 -69
363.584 -69
363.236 -69
362.889 -69
362.543 -69
362.197 -69
361.852 -69
361.507 -69
361.163 -69
360.819 -69
360.477 -69
360.134 -69
359.793 -69
359.452 -69
359.116 -69
358.78 -69
358.445 -69
358.111 -69
357.779 -69
357.45 -69
357.121 -69
356.793 -69
356.465 -69
356.138 -69
355.811 -69
355.486 -69
355.16 -69
354.836 -69
354.511 -69
354.19 -69
353.902 -69
353.614 -69
353.336 -69
353.065 -69
352.826 -69
352.589 -69
352.353 -69
352.117 -69
351.882 -69
351.647 -69
351.413 -69
351.179 -69
350.945 -69
350.712 -69
350.479 -69
350.246 -69
350.013 -69
349.781 -69
349.549 -69
349.318 -69
349.087 -69
348.856 -69
348.626 -69
348.396 -69
348.166 -69
347.937 -69
347.708 -69
347.48 -69
347.252 -69
347.024 -69
346.796 -69
346.569 -69
346.343 -69
346.117 -69
345.891 -69
345.665 -69
345.44 -69
345.22 -69
345.007 -69
344.794 -69
344.581 -69
344.369 -69
344.157 -69
343.946 -69
343.735 -69
343.524 -69
343.314 -69
343.104 -69
342.895 -69
342.685 -69
342.477 -69
342.268 -69
342.06 -69
341.853 -69
341.645 -69
341.438 -69
341.232 -69
341.026 -69
340.82 -69
340.614 -69
340.409 -69
340.205 -69
340 -69
339.796 -69
339.593 -69
339.39 -69
339.187 -69
338.984 -69
338.782 -69
338.58 -69
338.379 -69
338.177 -69
337.976 -69
337.775 -69
337.575 -69
337.374 -69
337.173 -69
336.972 -69
336.772 -69
336.572 -69
336.372 -69
336.173 -69
335.974 -69
335.775 -69
335.587 -69
335.399 -69
335.211 -69
335.023 -69
334.836 -69
334.649 -69
334.462 -69
334.285 -69
334.118 -69
333.95 -69
333.784 -69
333.617 -69
333.451 -69
333.285 -69
333.119 -69
332.953 -69
332.788 -69
332.623 -69
332.459 -69
332.294 -69
332.13 -69
331.979 -69
331.83 -69
331.681 -69
331.532 -69
331.384 -69
331.236 -69
331.088 -69
330.941 -69
330.794 -69
330.651 -69
330.515 -69
330.378 -69
330.242 -69
330.107 -69
329.971 -69
329.836 -69
329.701 -69
329.566 -69
329.432 -69
329.297 -69
329.164 -69
329.03 -69
328.897 -69
328.763 -69
328.631 -69
328.498 -69
328.366 -69
328.234 -69
328.102 -69
327.971 -69
327.84 -69
327.709 -69
327.577 -69
327.445 -69
327.312 -69
327.18 -69
327.049 -69
326.917 -69
326.786 -69
326.655 -69
326.524 -69
326.393 -69
326.263 -69
326.133 -69
326.004 -69
325.874 -69
325.745 -69
325.616 -69
325.488 -69
325.359 -69
325.231 -69
325.104 -69
324.976 -69
324.848 -69
324.72 -69
324.593 -69
324.466 -69
324.339 -69
324.212 -69
324.086 -69
323.96 -69
323.834 -69
323.709 -69
323.584 -69
323.459 -69
323.334 -69
323.21 -69
323.086 -69
322.963 -69
322.839 -69
322.716 -69
322.593 -69
322.471 -69
322.348 -69
322.226 -69
322.105 -69
321.984 -69
321.863 -69
321.742 -69
321.622 -69
321.502 -69
321.382 -69
321.262 -69
321.143 -69
321.025 -69
320.906 -69
320.788 -69
320.67 -69
320.553 -69
320.436 -69
320.319 -69
320.203 -69
320.087 -69
319.971 -69
319.855 -69
319.74 -69
319.623 -69
319.506 -69
319.389 -69
319.273 -69
319.157 -69
319.042 -69
318.933 -69
318.827 -69
318.72 -69
318.614 -69
318.508 -69
318.403 -69
318.298 -69
318.193 -69
318.089 -69
317.985 -69
317.881 -69
317.778 -69
317.675 -69
317.573 -69
317.471 -69
317.368 -69
317.265 -69
317.163 -69
317.061 -69
316.959 -69
316.858 -69
316.757 -69
316.657 -69
316.556 -69
316.457 -69
316.357 -69
316.258 -69
316.159 -69
316.062 -69
315.963 -69
315.864 -69
315.766 -69
315.668 -69
315.571 -69
315.473 -69
315.376 -69
315.28 -69
315.183 -69
315.087 -69
314.991 -69
314.896 -69
314.801 -69
314.706 -69
314.611 -69
314.517 -69
314.423 -69
314.33 -69
314.236 -69
314.143 -69
314.051 -69
313.956 -69
313.859 -69
313.763 -69
313.666 -69
313.57 -69
313.474 -69
313.378 -69
313.293 -69
313.208 -69
313.123 -69
313.038 -69
312.954 -69
312.871 -69
312.786 -69
312.698 -69
312.611 -69
312.524 -69
312.437 -69
312.351 -69
312.266 -69
312.18 -69
312.096 -69
312.011 -69
311.927 -69
311.844 -69
311.761 -69
311.679 -69
311.597 -69
311.515 -69
311.434 -69
311.353 -69
311.272 -69
311.193 -69
311.113 -69
311.034 -69
310.956 -69
310.877 -69
310.799 -69
310.722 -69
310.645 -69
310.569 -69
310.492 -69
310.417 -69
310.342 -69
310.267 -69
310.189 -69
310.109 -69
310.029 -69
309.927 -69
309.827 -69
309.742 -69
309.647 -69
309.551 -69
309.456 -69
309.36 -69
309.265 -69
309.17 -69
309.075 -69
308.98 -69
308.886 -69
308.791 -69
308.697 -69
308.602 -69
308.508 -69
308.414 -69
308.32 -69
308.227 -69
308.133 -69
308.04 -69
307.946 -69
307.853 -69
307.761 -69
307.67 -69
307.579 -69
307.489 -69
307.398 -69
307.308 -69
307.218 -69
307.13 -69
307.045 -69
306.96 -69
306.876 -69
306.791 -69
306.707 -69
306.623 -69
306.539 -69
306.455 -69
306.372 -69
306.289 -69
306.205 -69
306.122 -69
306.04 -69
305.957 -69
305.875 -69
305.792 -69
305.71 -69
305.628 -69
305.547 -69
305.465 -69
305.384 -69
305.303 -69
305.222 -69
305.141 -69
305.06 -69
304.98 -69
304.9 -69
304.82 -69
304.74 -69
304.661 -69
304.581 -69
304.502 -69
304.423 -69
304.345 -69
304.266 -69
304.188 -69
304.11 -69
304.032 -69
303.954 -69
303.877 -69
303.799 -69
303.722 -69
303.645 -69
303.569 -69
303.492 -69
303.416 -69
303.34 -69
303.265 -69
303.189 -69
303.114 -69
303.039 -69
302.964 -69
302.89 -69
302.815 -69
302.741 -69
302.667 -69
302.594 -69
302.52 -69
302.447 -69
302.374 -69
302.301 -69
302.229 -69
302.156 -69
302.084 -69
302.013 -69
301.941 -69
301.87 -69
301.799 -69
301.728 -69
301.657 -69
301.587 -69
301.517 -69
301.447 -69
301.377 -69
301.308 -69
301.239 -69
301.17 -69
301.102 -69
301.034 -69
300.966 -69
300.898 -69
300.83 -69
300.763 -69
300.696 -69
300.63 -69
300.563 -69
300.497 -69
300.431 -69
300.365 -69
300.3 -69
300.235 -69
300.17 -69
300.106 -69
300.041 -69
299.977 -69
299.913 -69
299.85 -69
299.787 -69
299.724 -69
299.661 -69
299.599 -69
299.537 -69
299.475 -69
299.414 -69
299.352 -69
299.291 -69
299.231 -69
299.171 -69
299.111 -69
299.051 -69
298.991 -69
298.932 -69
298.873 -69
298.814 -69
298.756 -69
298.697 -69
298.639 -69
298.582 -69
298.525 -69
298.468 -69
298.411 -69
298.354 -69
298.298 -69
298.243 -69
298.187 -69
298.132 -69
298.074 -69
298.004 -69
297.935 -69
297.865 -69
297.795 -69
297.726 -69
297.657 -69
297.588 -69
297.519 -69
297.45 -69
297.382 -69
297.313 -69
297.245 -69
297.177 -69
297.11 -69
297.042 -69
296.975 -69
296.907 -69
296.84 -69
296.772 -69
296.704 -69
296.637 -69
296.569 -69
296.502 -69
296.435 -69
296.368 -69
296.302 -69
296.235 -69
296.169 -69
296.103 -69
296.037 -69
295.971 -69
295.906 -69
295.841 -69
295.775 -69
295.711 -69
295.646 -69
295.581 -69
295.517 -69
295.453 -69
295.389 -69
295.325 -69
295.261 -69
295.198 -69
295.135 -69
295.072 -69
295.009 -69
294.946 -69
294.884 -69
294.822 -69
294.76 -69
294.698 -69
294.637 -69
294.575 -69
294.514 -69
294.453 -69
294.392 -69
294.332 -69
294.271 -69
294.211 -69
294.151 -69
294.091 -69
294.03 -69
293.97 -69
293.909 -69
293.849 -69
293.789 -69
293.729 -69
293.669 -69
293.61 -69
293.551 -69
293.492 -69
293.433 -69
293.374 -69
293.315 -69
293.257 -69
293.199 -69
293.141 -69
293.082 -69
293.018 -69
292.954 -69
292.891 -69
292.827 -69
292.764 -69
292.701 -69
292.638 -69
292.575 -69
292.513 -69
292.45 -69
292.388 -69
292.326 -69
292.264 -69
292.202 -69
292.14 -69
292.079 -69
292.017 -69
291.956 -69
291.895 -69
291.835 -69
291.774 -69
291.713 -69
291.653 -69
291.593 -69
291.533 -69
291.474 -69
291.415 -69
291.357 -69
291.299 -69
291.241 -69
291.185 -69
291.13 -69
291.075 -69
291.02 -69
290.965 -69
290.91 -69
290.856 -69
290.802 -69
290.748 -69
290.694 -69
290.64 -69
290.589 -69
290.538 -69
290.486 -69
290.435 -69
290.385 -69
290.334 -69
290.284 -69
290.234 -69
290.184 -69
290.134 -69
290.084 -69
290.035 -69
289.986 -69
289.937 -69
289.888 -69
289.839 -69
289.791 -69
289.742 -69
289.694 -69
289.646 -69
289.599 -69
289.551 -69
289.504 -69
289.457 -69
289.41 -69
289.363 -69
289.317 -69
289.271 -69
289.225 -69
289.179 -69
289.133 -69
289.088 -69
289.043 -69
288.998 -69
288.953 -69
288.908 -69
288.864 -69
288.819 -69
288.775 -69
288.731 -69
288.686 -69
288.631 -69
288.576 -69
288.521 -69
288.466 -69
288.411 -69
288.357 -69
288.302 -69
288.248 -69
288.193 -69
288.138 -69
288.083 -69
288.029 -69
287.974 -69
287.92 -69
287.866 -69
287.812 -69
287.758 -69
287.704 -69
287.65 -69
287.597 -69
287.543 -69
287.49 -69
287.437 -69
287.383 -69
287.33 -69
287.278 -69
287.225 -69
287.172 -69
287.12 -69
287.067 -69
287.015 -69
286.963 -69
286.911 -69
286.859 -69
286.807 -69
286.756 -69
286.704 -69
286.653 -69
286.592 -69
286.53 -69
286.467 -69
286.405 -69
286.343 -69
286.282 -69
286.22 -69
286.158 -69
286.096 -69
286.035 -69
285.973 -69
285.911 -69
285.85 -69
285.788 -69
285.727 -69
285.666 -69
285.604 -69
285.543 -69
285.482 -69
285.421 -69
285.36 -69
285.299 -69
285.238 -69
285.177 -69
285.116 -69
285.055 -69
284.994 -69
284.934 -69
284.873 -69
284.813 -69
284.752 -69
284.692 -69
284.631 -69
284.571 -69
284.511 -69
284.451 -69
284.391 -69
284.331 -69
284.271 -69
284.211 -69
284.151 -69
284.091 -69
284.031 -69
283.972 -69
283.912 -69
283.853 -69
283.793 -69
283.734 -69
283.674 -69
283.615 -69
283.556 -69
283.497 -69
283.438 -69
283.379 -69
283.32 -69
283.261 -69
283.202 -69
283.143 -69
283.085 -69
283.026 -69
282.968 -69
282.909 -69
282.851 -69
282.792 -69
282.734 -69
282.676 -69
282.618 -69
282.56 -69
282.502 -69
282.444 -69
282.386 -69
282.328 -69
282.271 -69
282.213 -69
282.156 -69
282.098 -69
282.041 -69
281.983 -69
281.926 -69
281.869 -69
281.812 -69
281.755 -69
281.698 -69
281.641 -69
281.584 -69
281.528 -69
281.471 -69
281.414 -69
281.358 -69
281.302 -69
281.245 -69
281.189 -69
281.133 -69
281.077 -69
281.021 -69
280.965 -69
280.909 -69
280.853 -69
280.797 -69
280.742 -69
280.686 -69
280.631 -69
280.575 -69
280.52 -69
280.465 -69
280.41 -69
280.355 -69
280.3 -69
280.245 -69
280.19 -69
280.135 -69
280.081 -69
280.026 -69
279.972 -69
279.919 -69
279.866 -69
279.813 -69
279.761 -69
279.707 -69
279.653 -69
279.6 -69
279.546 -69
279.492 -69
279.439 -69
279.386 -69
279.332 -69
279.279 -69
279.226 -69
279.173 -69
279.12 -69
279.067 -69
279.014 -69
278.962 -69
278.909 -69
278.856 -69
278.804 -69
278.752 -69
278.699 -69
278.647 -69
278.595 -69
278.543 -69
278.491 -69
278.439 -69
278.387 -69
278.335 -69
278.284 -69
278.232 -69
278.181 -69
278.129 -69
278.078 -69
278.027 -69
277.976 -69
277.925 -69
277.874 -69
277.823 -69
277.772 -69
277.722 -69
277.671 -69
277.62 -69
277.57 -69
277.52 -69
277.47 -69
277.419 -69
277.369 -69
277.319 -69
277.27 -69
277.22 -69
277.17 -69
277.121 -69
277.071 -69
277.022 -69
276.972 -69
276.923 -69
276.874 -69
276.825 -68.9996
276.776 -68.9984
276.728 -68.9966
276.679 -68.9941
276.631 -68.991
276.582 -68.9873
276.534 -68.983
276.486 -68.9781
276.438 -68.9725
276.39 -68.9664
276.342 -68.9596
276.294 -68.9521
276.247 -68.944
276.199 -68.9352
276.152 -68.9258
276.105 -68.9157
276.058 -68.905
276.011 -68.8936
275.964 -68.8816
275.918 -68.8689
275.871 -68.8557
275.825 -68.8419
275.779 -68.8275
275.733 -68.8124
275.687 -68.7967
275.642 -68.7803
275.596 -68.7633
275.551 -68.7457
275.506 -68.7274
275.461 -68.7085
275.416 -68.6889
275.371 -68.6686
275.327 -68.6478
275.283 -68.6262
275.239 -68.604
275.195 -68.5813
275.151 -68.5582
275.107 -68.5345
275.064 -68.5101
275.021 -68.485
274.978 -68.4594
274.935 -68.433
274.892 -68.4061
274.85 -68.3786
274.805 -68.3451
274.759 -68.3055
274.712 -68.2654
274.666 -68.2247
274.62 -68.1833
274.574 -68.1424
274.529 -68.1034
274.483 -68.0639
274.437 -68.0237
274.392 -67.983
274.347 -67.9417
274.302 -67.8997
274.257 -67.8574
274.213 -67.8147
274.169 -67.7713
274.125 -67.7274
274.081 -67.6829
274.037 -67.6378
273.994 -67.5921
273.95 -67.5459
273.907 -67.499
273.865 -67.4516
273.822 -67.4036
273.78 -67.3549
273.737 -67.3059
273.696 -67.2564
273.654 -67.2062
273.612 -67.1548
273.57 -67.1022
273.529 -67.049
273.487 -66.9953
273.446 -66.941
273.405 -66.8865
273.364 -66.832
273.324 -66.7769
273.284 -66.7211
273.243 -66.6647
273.204 -66.6076
273.164 -66.5499
273.125 -66.4916
273.086 -66.4326
273.047 -66.373
273.008 -66.3127
272.97 -66.2518
272.932 -66.1903
272.894 -66.1281
272.857 -66.0652
272.82 -66.0018
272.783 -65.9377
272.746 -65.8729
272.71 -65.8075
272.674 -65.7415
272.638 -65.6748
272.602 -65.6077
272.567 -65.5399
272.532 -65.4715
272.497 -65.4025
272.463 -65.3328
272.429 -65.2625
272.395 -65.1916
272.361 -65.12
272.328 -65.0478
272.295 -64.9749
272.263 -64.9014
272.23 -64.8273
272.198 -64.755
272.165 -64.6842
272.133 -64.6128
272.101 -64.5407
272.07 -64.4681
272.038 -64.395
272.007 -64.3214
271.977 -64.2471
271.946 -64.1723
271.916 -64.097
271.887 -64.0211
271.857 -63.9446
271.828 -63.8676
271.799 -63.7899
271.77 -63.7116
271.742 -63.6331
271.714 -63.554
271.687 -63.4744
271.659 -63.3941
271.632 -63.3133
271.606 -63.232
271.579 -63.1501
271.553 -63.0675
271.528 -62.9845
271.502 -62.9009
271.477 -62.8167
271.453 -62.7319
271.428 -62.6466
271.404 -62.5608
271.38 -62.4749
271.357 -62.3884
271.334 -62.3013
271.311 -62.2139
271.289 -62.1268
271.266 -62.0391
271.244 -61.9509
271.223 -61.862
271.202 -61.7726
271.181 -61.6826
271.16 -61.592
271.14 -61.5014
271.12 -61.4104
271.101 -61.3189
271.081 -61.2268
271.062 -61.1371
271.042 -61.0487
271.023 -60.9597
271.004 -60.8703
270.986 -60.7805
270.968 -60.6902
270.95 -60.5993
270.933 -60.5079
270.916 -60.4159
270.899 -60.3235
270.882 -60.2306
270.866 -60.1373
270.851 -60.0435
270.836 -59.9493
270.821 -59.8546
270.802 -59.7776
270.769 -59.754
270.737 -59.7307
270.705 -59.707
270.673 -59.683
270.641 -59.6587
270.61 -59.6341
270.578 -59.6091
270.547 -59.5839
270.515 -59.5583
270.484 -59.5324
270.453 -59.5062
270.423 -59.4797
270.392 -59.4528
270.361 -59.4256
270.331 -59.3981
270.301 -59.3703
270.271 -59.3422
270.241 -59.3138
270.211 -59.285
270.182 -59.2559
270.152 -59.2265
270.123 -59.1968
270.094 -59.1668
270.065 -59.1364
270.036 -59.1057
270.007 -59.0748
269.979 -59.0434
269.951 -59.0118
269.923 -58.9799
269.895 -58.9476
269.867 -58.9151
269.839 -58.8822
269.812 -58.849
269.784 -58.8155
269.757 -58.7816
269.73 -58.7475
269.704 -58.7131
269.677 -58.6783
269.65 -58.6432
269.624 -58.6078
269.598 -58.5721
269.572 -58.5361
269.547 -58.4998
269.521 -58.4631
269.496 -58.4261
269.471 -58.3889
269.446 -58.3512
269.421 -58.3133
269.396 -58.2751
269.372 -58.2365
269.347 -58.1976
269.323 -58.1585
269.3 -58.1191
269.276 -58.0794
269.252 -58.0394
269.229 -57.9991
269.206 -57.9585
269.183 -57.9183
269.16 -57.8782
269.137 -57.8377
269.114 -57.7969
269.091 -57.7558
269.069 -57.7147
269.047 -57.6733
269.025 -57.6316
269.002 -57.5874
268.979 -57.5405
268.956 -57.4932
268.934 -57.4457
268.911 -57.3978
268.889 -57.3496
268.867 -57.3011
268.845 -57.2523
268.824 -57.2032
268.802 -57.1537
268.781 -57.1039
268.76 -57.0538
268.739 -57.0034
268.719 -56.9526
268.699 -56.9016
268.678 -56.8502
268.659 -56.7985
268.639 -56.7465
268.619 -56.6942
268.6 -56.6415
268.581 -56.5886
268.562 -56.5353
268.544 -56.4817
268.525 -56.4278
268.507 -56.3736
268.489 -56.3191
268.472 -56.2643
268.454 -56.2092
268.437 -56.1538
268.42 -56.098
268.403 -56.0419
268.387 -55.9855
268.37 -55.9288
268.354 -55.8718
268.338 -55.8145
268.323 -55.7568
268.307 -55.6988
268.292 -55.6405
268.277 -55.5819
268.263 -55.523
268.248 -55.4637
268.234 -55.4042
268.22 -55.3433
268.204 -55.2785
268.189 -55.2134
268.173 -55.148
268.158 -55.0824
268.144 -55.0167
268.129 -54.9506
268.115 -54.8842
268.101 -54.8175
268.087 -54.7504
268.073 -54.6831
268.06 -54.6155
268.047 -54.5475
268.034 -54.4792
268.022 -54.4107
268.009 -54.3418
267.997 -54.2726
267.986 -54.203
267.974 -54.1332
267.963 -54.063
267.952 -53.9925
267.941 -53.9217
267.931 -53.8506
267.921 -53.7792
267.911 -53.7074
267.901 -53.6354
267.892 -53.5632
267.882 -53.4906
267.873 -53.4176
267.865 -53.3444
267.856 -53.2709
267.848 -53.197
267.841 -53.1228
267.833 -53.0483
267.826 -52.9735
267.819 -52.8984
267.812 -52.8229
267.806 -52.7472
267.8 -52.6711
267.794 -52.5947
267.788 -52.518
267.783 -52.441
267.778 -52.3637
267.773 -52.286
267.769 -52.2081
267.764 -52.1298
267.757 -52.0602
267.735 -52.0318
267.714 -52.0033
267.692 -51.9746
267.671 -51.9457
267.65 -51.9166
267.628 -51.8874
267.607 -51.858
267.586 -51.8284
267.566 -51.7987
267.545 -51.7687
267.524 -51.7386
267.504 -51.7084
267.484 -51.6779
267.464 -51.6473
267.443 -51.6165
267.424 -51.5855
267.404 -51.5544
267.384 -51.5231
267.365 -51.4916
267.345 -51.4599
267.326 -51.4281
267.307 -51.3961
267.288 -51.3639
267.269 -51.3316
267.25 -51.2986
267.231 -51.2649
267.212 -51.231
267.194 -51.197
267.175 -51.1627
267.156 -51.1284
267.138 -51.0938
267.12 -51.059
267.102 -51.0241
267.084 -50.989
267.066 -50.9538
267.048 -50.9184
267.031 -50.8827
267.014 -50.847
266.996 -50.811
266.979 -50.7749
266.962 -50.7386
266.946 -50.7021
266.929 -50.6655
266.912 -50.6287
266.896 -50.5918
266.88 -50.5546
266.864 -50.5173
266.848 -50.4799
266.832 -50.4422
266.816 -50.4044
266.801 -50.3665
266.786 -50.3283
266.771 -50.29
266.755 -50.2516
266.741 -50.2129
266.726 -50.1741
266.711 -50.1352
266.696 -50.0975
266.681 -50.0601
266.667 -50.0225
266.652 -49.9847
266.638 -49.9468
266.623 -49.9086
266.609 -49.8704
266.595 -49.8319
266.581 -49.7932
266.568 -49.7544
266.554 -49.7155
266.541 -49.6765
266.527 -49.6379
266.514 -49.5993
266.5 -49.5604
266.487 -49.5214
266.474 -49.4822
266.462 -49.4429
266.449 -49.4034
266.436 -49.3637
266.424 -49.3239
266.412 -49.2839
266.4 -49.2438
266.388 -49.2036
266.376 -49.1632
266.365 -49.1226
266.353 -49.0819
266.342 -49.041
266.331 -49
266.32 -48.9588
266.309 -48.9174
266.299 -48.8759
266.288 -48.8342
266.278 -48.7924
266.268 -48.7504
266.258 -48.7083
266.248 -48.666
266.239 -48.6236
266.229 -48.581
266.22 -48.5382
266.211 -48.4953
266.202 -48.4522
266.192 -48.4113
266.182 -48.3702
266.173 -48.329
266.164 -48.2877
266.154 -48.2461
266.145 -48.2045
266.137 -48.1626
266.128 -48.1206
266.119 -48.0785
266.111 -48.0362
266.103 -47.9937
266.095 -47.9512
266.087 -47.9084
266.079 -47.8655
266.072 -47.8224
266.064 -47.7792
266.057 -47.7359
266.05 -47.6924
266.043 -47.6488
266.037 -47.605
266.03 -47.561
266.024 -47.5169
266.018 -47.4727
266.012 -47.4282
266.006 -47.3837
266 -47.3389
265.995 -47.294
265.978 -47.2761
265.959 -47.2629
265.94 -47.2496
265.922 -47.2362
265.903 -47.2228
265.884 -47.2092
265.866 -47.1956
265.847 -47.1819
265.829 -47.1682
265.811 -47.1543
265.793 -47.1404
265.774 -47.1263
265.756 -47.1122
265.738 -47.098
265.721 -47.0837
265.703 -47.0694
265.685 -47.0549
265.667 -47.0404
265.65 -47.0258
265.632 -47.0111
265.615 -46.9963
265.597 -46.9814
265.58 -46.9665
265.563 -46.9514
265.546 -46.9363
265.529 -46.9211
265.512 -46.9058
265.495 -46.8904
265.478 -46.875
265.461 -46.8594
265.445 -46.8439
265.428 -46.8291
265.411 -46.8141
265.394 -46.7991
265.377 -46.7841
265.36 -46.7689
265.344 -46.7537
265.327 -46.7384
265.311 -46.723
265.294 -46.7076
265.278 -46.692
265.261 -46.6764
265.245 -46.6608
265.229 -46.645
265.213 -46.6292
265.197 -46.6133
265.181 -46.5973
265.165 -46.5813
265.15 -46.5651
265.134 -46.5489
265.118 -46.5327
265.103 -46.5163
265.086 -46.5018
265.069 -46.4879
265.053 -46.4739
265.036 -46.46
265.019 -46.4461
265.002 -46.4322
264.986 -46.4183
264.969 -46.4044
264.952 -46.3905
264.935 -46.3766
264.919 -46.3628
264.902 -46.349
264.885 -46.3352
264.869 -46.3215
264.852 -46.3078
264.836 -46.2942
264.819 -46.2806
264.802 -46.2671
264.786 -46.2536
264.763 -46.2495
264.74 -46.2467
264.716 -46.2447
264.692 -46.2438
264.667 -46.2441
264.644 -46.2412
264.631 -46.2219
264.617 -46.2039
264.6 -46.1912
264.584 -46.1784
264.567 -46.1655
264.55 -46.1526
264.534 -46.1396
264.517 -46.1265
264.501 -46.1133
264.484 -46.1
264.468 -46.0867
264.452 -46.0733
264.436 -46.0598
264.42 -46.0462
264.404 -46.0326
264.388 -46.0189
264.372 -46.0051
264.356 -45.9912
264.341 -45.9773
264.325 -45.9632
264.31 -45.9491
264.294 -45.9354
264.273 -45.9322
264.253 -45.929
264.232 -45.9257
264.212 -45.9223
264.192 -45.9189
264.171 -45.9155
264.151 -45.912
264.131 -45.9084
264.111 -45.9048
264.091 -45.9012
264.071 -45.8975
264.092 -45.8329
264.36 -45.4618
264.026 -45.8636
263.866 -45.7284
263.931 -45.8682
263.929 -45.9016
263.91 -45.897
263.891 -45.8919
263.873 -45.8867
263.854 -45.8815
263.837 -45.8737
263.822 -45.8627
263.807 -45.8517
263.793 -45.8407
263.778 -45.8293
263.763 -45.818
263.749 -45.8065
263.735 -45.795
263.72 -45.7832
263.706 -45.7713
263.692 -45.7594
263.677 -45.7474
263.663 -45.7353
263.649 -45.7232
263.635 -45.7111
263.622 -45.6988
263.608 -45.6865
263.594 -45.6741
263.58 -45.6617
263.567 -45.6492
263.553 -45.6367
263.54 -45.624
263.526 -45.6113
263.513 -45.5986
263.5 -45.5858
263.487 -45.5729
263.473 -45.56
263.46 -45.547
263.446 -45.5365
263.428 -45.5329
263.411 -45.5292
263.393 -45.5254
263.375 -45.5216
263.357 -45.5177
263.34 -45.5138
263.322 -45.5099
263.305 -45.5059
263.287 -45.5019
263.27 -45.4978
263.252 -45.4937
263.235 -45.4896
263.218 -45.4854
263.201 -45.4811
263.183 -45.4769
263.166 -45.4725
263.149 -45.4681
263.132 -45.4637
263.115 -45.4593
263.098 -45.4548
263.081 -45.4502
263.064 -45.4456
263.047 -45.441
263.03 -45.4363
263.013 -45.4316
262.997 -45.4268
262.98 -45.422
262.963 -45.4172
262.947 -45.4123
262.93 -45.4073
262.914 -45.4023
262.897 -45.3973
262.881 -45.3922
262.865 -45.3871
262.848 -45.382
262.832 -45.3768
262.816 -45.3715
262.8 -45.3662
262.783 -45.3609
262.767 -45.3555
262.751 -45.3501
262.735 -45.3446
262.719 -45.3391
262.703 -45.3336
262.688 -45.328
262.672 -45.3224
262.656 -45.3167
262.64 -45.3109
262.625 -45.3052
262.609 -45.2993
262.593 -45.2935
262.578 -45.2876
262.562 -45.2816
262.547 -45.2756
262.532 -45.2695
262.516 -45.2634
262.501 -45.2573
262.486 -45.2511
262.471 -45.2448
262.456 -45.2386
262.441 -45.2322
262.426 -45.2259
262.411 -45.2194
262.396 -45.213
262.381 -45.2065
262.366 -45.1999
262.351 -45.1933
262.336 -45.1867
262.322 -45.18
262.307 -45.1733
262.293 -45.1665
262.278 -45.1596
262.264 -45.1528
262.249 -45.1458
262.235 -45.1389
262.221 -45.1319
262.206 -45.1248
262.192 -45.1177
262.178 -45.1105
262.164 -45.1033
262.149 -45.0968
262.135 -45.0907
262.12 -45.0845
262.105 -45.0782
262.09 -45.0719
262.076 -45.0656
262.061 -45.0592
262.047 -45.0527
262.032 -45.0462
262.018 -45.0397
262.003 -45.0331
261.989 -45.0265
261.975 -45.0198
261.961 -45.0131
261.946 -45.0063
261.932 -44.9995
261.918 -44.9926
261.904 -44.9857
261.89 -44.9788
261.876 -44.9718
261.862 -44.9647
261.849 -44.9576
261.834 -44.952
261.819 -44.9469
261.804 -44.9418
261.789 -44.9366
261.774 -44.9314
261.759 -44.9261
261.744 -44.9209
261.729 -44.9155
261.714 -44.9101
261.7 -44.9047
261.685 -44.8992
261.67 -44.8937
261.656 -44.8882
261.641 -44.8826
261.627 -44.8769
261.612 -44.8712
261.598 -44.8655
261.584 -44.8597
261.569 -44.8539
261.555 -44.848
261.541 -44.8421
261.527 -44.8362
261.513 -44.8302
261.498 -44.8243
261.482 -44.8223
261.465 -44.8202
261.449 -44.8181
261.433 -44.816
261.416 -44.8138
261.4 -44.8116
261.383 -44.8093
261.367 -44.8071
261.351 -44.8048
261.335 -44.8024
261.319 -44.8
261.302 -44.7976
261.286 -44.7951
261.27 -44.7926
261.254 -44.79
261.238 -44.7875
261.222 -44.7848
261.206 -44.7822
261.191 -44.7795
261.175 -44.7767
261.159 -44.7739
261.143 -44.7711
261.127 -44.7683
261.112 -44.7654
261.096 -44.7624
261.081 -44.7595
261.065 -44.7564
261.049 -44.7534
261.034 -44.7503
261.019 -44.7472
261.003 -44.744
260.988 -44.7408
260.973 -44.7375
260.957 -44.7342
260.942 -44.7309
260.927 -44.7275
260.912 -44.7237
260.898 -44.7189
260.884 -44.7141
260.87 -44.7092
260.857 -44.7043
260.843 -44.6993
260.829 -44.6943
260.815 -44.6893
260.802 -44.6842
260.788 -44.679
260.775 -44.6739
260.761 -44.6687
260.748 -44.6634
260.734 -44.6581
260.721 -44.6528
260.708 -44.6474
260.695 -44.642
260.681 -44.6365
260.668 -44.631
260.655 -44.6255
260.642 -44.6199
260.629 -44.6143
260.616 -44.6087
260.603 -44.603
260.59 -44.5972
260.577 -44.5915
260.565 -44.5856
260.552 -44.5798
260.539 -44.5739
260.527 -44.5679
260.514 -44.562
260.502 -44.5559
260.489 -44.5499
260.477 -44.5438
260.464 -44.5376
260.452 -44.5314
260.44 -44.5252
260.428 -44.519
260.415 -44.5126
260.403 -44.5063
260.391 -44.4999
260.379 -44.4935
260.367 -44.487
260.355 -44.4805
260.344 -44.474
260.332 -44.4674
260.32 -44.4607
260.308 -44.4541
260.297 -44.4474
260.285 -44.4406
260.273 -44.4338
260.262 -44.427
260.251 -44.4201
260.239 -44.4132
260.228 -44.4062
260.217 -44.3992
260.205 -44.3922
260.194 -44.3851
260.183 -44.378
260.172 -44.3708
260.161 -44.3636
260.15 -44.3564
260.139 -44.3491
260.128 -44.3418
260.117 -44.3344
260.107 -44.327
260.096 -44.3196
260.085 -44.3121
260.075 -44.3045
260.064 -44.297
260.054 -44.2894
260.043 -44.2817
260.033 -44.274
260.023 -44.2663
260.012 -44.2585
260.002 -44.2506
259.992 -44.2428
259.982 -44.2348
259.972 -44.2269
259.962 -44.2189
259.952 -44.2108
259.942 -44.2027
259.932 -44.1946
259.923 -44.1864
259.913 -44.1782
259.903 -44.1699
259.894 -44.1616
259.884 -44.1532
259.875 -44.1448
259.865 -44.1364
259.856 -44.1279
259.847 -44.1193
259.837 -44.1108
259.828 -44.1021
259.819 -44.0935
259.81 -44.0848
259.801 -44.076
259.792 -44.0672
259.783 -44.0584
259.774 -44.0495
259.766 -44.0405
259.757 -44.0316
259.748 -44.0225
259.74 -44.0135
259.731 -44.0044
259.723 -43.9952
259.714 -43.986
259.706 -43.9768
259.698 -43.9675
259.69 -43.9581
259.681 -43.9488
259.673 -43.9393
259.665 -43.9299
259.657 -43.9204
259.649 -43.9108
259.641 -43.9012
259.634 -43.8916
259.626 -43.8812
259.618 -43.8706
259.61 -43.8598
259.602 -43.8491
259.595 -43.8383
259.587 -43.8274
259.58 -43.8166
259.572 -43.8056
259.565 -43.7946
259.557 -43.7836
259.55 -43.7725
259.543 -43.7614
259.535 -43.7503
259.528 -43.739
259.521 -43.7278
259.514 -43.7165
259.507 -43.7052
259.501 -43.6938
259.494 -43.6823
259.487 -43.6709
259.48 -43.6601
259.472 -43.65
259.464 -43.6399
259.456 -43.6298
259.449 -43.6196
259.441 -43.6094
259.434 -43.5991
259.426 -43.5888
259.419 -43.5784
259.411 -43.5681
259.404 -43.5576
259.397 -43.5471
259.39 -43.5366
259.383 -43.526
259.376 -43.5154
259.369 -43.5048
259.362 -43.4941
259.355 -43.4834
259.348 -43.4726
259.341 -43.4617
259.335 -43.4509
259.328 -43.44
259.321 -43.429
259.315 -43.418
259.309 -43.407
259.302 -43.3959
259.296 -43.3848
259.29 -43.3736
259.284 -43.3624
259.277 -43.3511
259.271 -43.3398
259.265 -43.3285
259.26 -43.3171
259.254 -43.3057
259.247 -43.2951
259.241 -43.2846
259.234 -43.2741
259.228 -43.2636
259.221 -43.253
259.215 -43.2424
259.208 -43.2317
259.202 -43.2182
259.195 -43.204
259.188 -43.1897
259.182 -43.1753
259.175 -43.161
259.168 -43.1466
259.162 -43.1321
259.155 -43.1176
259.149 -43.1031
259.143 -43.0885
259.137 -43.0739
259.13 -43.0592
259.124 -43.0445
259.118 -43.0297
259.112 -43.0149
259.106 -43.0001
259.1 -42.9852
259.095 -42.9703
259.089 -42.9554
259.083 -42.9403
259.078 -42.9253
259.072 -42.9102
259.067 -42.8951
259.061 -42.8799
259.056 -42.8647
259.051 -42.8494
259.046 -42.8341
259.04 -42.8188
259.035 -42.8034
259.03 -42.7879
259.025 -42.7724
259.02 -42.7569
259.016 -42.7413
259.011 -42.7257
259.006 -42.7101
259.002 -42.6944
258.997 -42.6787
258.993 -42.6629
258.988 -42.6471
258.984 -42.6312
258.98 -42.6153
258.975 -42.5994
258.971 -42.5834
258.967 -42.5674
258.963 -42.5513
258.959 -42.5352
258.954 -42.5212
258.947 -42.5088
258.94 -42.4964
258.933 -42.484
258.927 -42.4716
258.92 -42.4591
258.913 -42.4465
258.907 -42.434
258.9 -42.4214
258.894 -42.4087
258.888 -42.396
258.881 -42.3833
258.875 -42.3705
258.869 -42.3577
258.863 -42.3448
258.857 -42.3319
258.851 -42.319
258.845 -42.306
258.839 -42.293
258.833 -42.28
258.827 -42.2669
258.822 -42.2537
258.816 -42.2406
258.81 -42.2273
258.805 -42.2141
258.799 -42.2012
258.793 -42.1886
258.787 -42.1759
258.781 -42.1632
258.775 -42.1504
258.769 -42.1376
258.763 -42.1248
258.758 -42.1119
258.752 -42.0989
258.746 -42.086
258.741 -42.073
258.735 -42.0599
258.73 -42.0469
258.725 -42.0337
258.719 -42.0206
258.714 -42.0074
258.709 -41.9941
258.704 -41.9808
258.699 -41.9675
258.694 -41.9541
258.689 -41.9407
258.684 -41.9273
258.679 -41.9138
258.674 -41.9002
258.67 -41.8867
258.665 -41.873
258.66 -41.8594
258.656 -41.8457
258.651 -41.8319
258.647 -41.8182
258.643 -41.8043
258.638 -41.7905
258.634 -41.7766
258.63 -41.7626
258.626 -41.7486
258.622 -41.7346
258.618 -41.7205
258.614 -41.7064
258.61 -41.6923
258.606 -41.6781
258.602 -41.6639
258.599 -41.6496
258.595 -41.6353
258.592 -41.6209
258.588 -41.6065
258.585 -41.5921
258.581 -41.5776
258.578 -41.5631
258.575 -41.5485
258.572 -41.5339
258.569 -41.5192
258.565 -41.5044
258.562 -41.4896
258.56 -41.4741
258.557 -41.458
258.554 -41.4412
258.551 -41.4236
258.549 -41.4054
258.546 -41.3864
258.544 -41.3667
258.541 -41.3463
258.539 -41.3252
258.537 -41.3033
258.534 -41.2808
258.532 -41.2575
258.53 -41.2335
258.529 -41.2089
258.527 -41.1836
258.52 -41.1594
258.514 -41.1346
258.507 -41.109
258.501 -41.0827
258.495 -41.0557
258.489 -41.0279
258.483 -40.9995
258.477 -40.9703
258.471 -40.9405
258.466 -40.9099
258.46 -40.8787
258.455 -40.8468
258.45 -40.8142
258.445 -40.7809
258.44 -40.7471
258.435 -40.7126
258.43 -40.6774
258.425 -40.6415
258.421 -40.6049
258.417 -40.5676
258.412 -40.5296
258.408 -40.4909
258.404 -40.4514
258.4 -40.4113
258.397 -40.3706
258.393 -40.3292
258.39 -40.2872
258.387 -40.2445
258.384 -40.2011
258.381 -40.157
258.378 -40.1122
258.375 -40.0667
258.373 -40.0205
258.371 -39.9736
258.369 -39.926
258.367 -39.8778
258.365 -39.8288
258.363 -39.7791
258.362 -39.7288
258.361 -39.6777
258.36 -39.6259
258.359 -39.5735
258.358 -39.5203
258.358 -39.4665
258.357 -39.412
258.357 -39.3569
258.357 -39.3013
258.358 -39.2449
258.358 -39.1879
258.359 -39.1302
258.359 -39.0719
258.36 -39.0132
258.362 -38.954
258.363 -38.8942
258.365 -38.8336
258.367 -38.7724
258.369 -38.7105
258.371 -38.648
258.373 -38.5851
258.376 -38.5216
258.379 -38.4573
258.382 -38.3924
258.385 -38.3268
258.389 -38.2605
258.392 -38.1935
258.396 -38.1258
258.401 -38.0576
258.405 -37.9887
258.41 -37.9194
258.415 -37.8496
258.42 -37.7792
258.425 -37.7082
258.431 -37.6365
258.437 -37.5641
258.443 -37.491
258.449 -37.4172
258.456 -37.3428
258.463 -37.2677
258.47 -37.1922
258.477 -37.1159
258.485 -37.0391
258.492 -36.9617
258.501 -36.8836
258.509 -36.8048
258.518 -36.7255
258.526 -36.646
258.535 -36.5661
258.545 -36.4858
258.554 -36.4049
258.564 -36.3235
258.574 -36.2418
258.585 -36.1595
258.595 -36.0765
258.606 -35.9932
258.617 -35.9094
258.629 -35.8249
258.64 -35.7398
258.652 -35.654
258.664 -35.5675
258.677 -35.4804
258.69 -35.3926
258.703 -35.3043
258.716 -35.2153
258.73 -35.1256
258.744 -35.0353
258.759 -34.9444
258.773 -34.8528
258.788 -34.7605
258.804 -34.6676
258.819 -34.5741
258.835 -34.48
258.851 -34.3854
258.868 -34.2905
258.884 -34.1953
258.901 -34.0995
258.919 -34.0033
258.936 -33.9067
258.954 -33.8095
258.973 -33.7117
258.991 -33.6134
259.01 -33.5146
259.029 -33.4151
259.049 -33.315
259.069 -33.2142
259.089 -33.1128
259.109 -33.0108
259.13 -32.9081
259.152 -32.8048
259.173 -32.7008
259.195 -32.5962
259.217 -32.491
259.24 -32.3852
259.263 -32.2787
259.286 -32.1716
259.31 -32.0638
259.334 -31.9554
259.359 -31.8464
259.383 -31.7369
259.409 -31.6269
259.434 -31.5162
259.46 -31.4051
259.486 -31.2935
259.513 -31.1812
259.54 -31.0683
259.567 -30.9548
259.595 -30.8406
259.623 -30.7259
259.651 -30.6105
259.68 -30.4945
259.709 -30.3779
259.739 -30.2608
259.769 -30.1432
259.799 -30.0249
259.83 -29.9062
259.861 -29.7871
259.892 -29.6676
259.924 -29.5477
259.956 -29.4272
259.988 -29.306
260.021 -29.1842
260.054 -29.062
260.087 -28.9395
260.121 -28.8165
260.155 -28.6931
260.19 -28.57
260.225 -28.4463
260.26 -28.3221
260.295 -28.1974
260.332 -28.072
260.368 -27.9461
260.405 -27.8197
260.442 -27.6926
260.48 -27.565
260.518 -27.4367
260.556 -27.3081
260.595 -27.1789
260.634 -27.0492
260.674 -26.9189
260.714 -26.7881
260.755 -26.6566
260.796 -26.5246
260.837 -26.3919
260.879 -26.2587
260.921 -26.125
260.964 -25.9907
261.007 -25.8558
261.051 -25.7205
261.095 -25.5845
261.139 -25.448
261.184 -25.3112
261.229 -25.1738
261.275 -25.0358
261.321 -24.8973
261.368 -24.7583
261.415 -24.6188
261.462 -24.4787
261.51 -24.3381
261.559 -24.197
261.607 -24.0558
261.657 -23.9139
261.706 -23.7716
261.756 -23.6287
261.807 -23.4858
261.857 -23.3427
261.909 -23.1991
261.96 -23.0549
262.012 -22.9107
262.065 -22.7663
262.118 -22.6213
262.171 -22.4758
262.225 -22.3296
262.279 -22.1829
262.334 -22.0359
262.388 -21.89
262.444 -21.7436
262.499 -21.5969
262.555 -21.4497
262.612 -21.3022
262.669 -21.1545
262.726 -21.0062
262.784 -20.8574
262.842 -20.7081
262.901 -20.5588
262.96 -20.409
263.019 -20.2591
263.079 -20.1091
263.139 -19.9589
263.2 -19.8087
263.261 -19.658
263.322 -19.5066
263.384 -19.3547
263.447 -19.2023
263.51 -19.0492
263.573 -18.8956
263.637 -18.7416
263.701 -18.5873
263.766 -18.4328
263.831 -18.2782
263.897 -18.1242
263.963 -17.9697
264.029 -17.8154
264.095 -17.6611
264.162 -17.5066
264.229 -17.3515
264.297 -17.196
264.365 -17.04
264.434 -16.8835
264.503 -16.7269
264.573 -16.5699
264.643 -16.4127
264.714 -16.2549
264.785 -16.0966
264.857 -15.9377
264.929 -15.7783
265.001 -15.6183
265.075 -15.4577
265.149 -15.2966
265.223 -15.135
265.297 -14.9735
265.373 -14.8114
265.448 -14.6487
265.524 -14.4858
265.601 -14.3228
265.678 -14.1595
265.755 -13.9961
265.833 -13.8327
265.911 -13.6687
265.99 -13.5042
266.069 -13.3394
266.149 -13.1741
266.23 -13.0085
266.31 -12.8428
266.391 -12.6766
266.473 -12.5099
266.555 -12.3441
266.637 -12.1788
266.72 -12.0131
266.803 -11.8471
266.886 -11.6818
266.969 -11.5161
267.053 -11.3504
267.138 -11.1844
267.223 -11.0179
267.308 -10.8515
267.394 -10.6846
267.48 -10.5173
267.567 -10.3484
267.653 -10.1794
267.741 -10.0101
267.828 -9.84078
267.916 -9.672
268.004 -9.5027
268.093 -9.33318
268.182 -9.16397
268.272 -8.99431
268.362 -8.82522
268.452 -8.65679
268.542 -8.48785
268.632 -8.31964
268.723 -8.15107
268.815 -7.98231
268.907 -7.81344
268.999 -7.64408
269.092 -7.47421
269.186 -7.30384
269.28 -7.13312
269.374 -6.96194
269.469 -6.79026
269.565 -6.61808
269.661 -6.44634
269.758 -6.27413
269.854 -6.10164
269.952 -5.92893
270.05 -5.75573
270.148 -5.58203
270.247 -5.40784
270.347 -5.23429
270.446 -5.06104
270.546 -4.88817
270.646 -4.71528
270.747 -4.54191
270.848 -4.36805
270.95 -4.19402
271.052 -4.01999
271.154 -3.8455
271.257 -3.67067
271.361 -3.49586
271.465 -3.32141
271.569 -3.14678
271.673 -2.97283
271.778 -2.799
271.883 -2.6247
271.989 -2.44992
272.095 -2.27476
272.202 -2.09959
272.309 -1.92455
272.416 -1.7495
272.524 -1.57453
272.632 -1.401
272.74 -1.22769
272.847 -1.0562
272.955 -0.884569
273.063 -0.712726
273.172 -0.541098
273.281 -0.369939
273.39 -0.198401
273.5 -0.0264137
273.611 0.146023
273.722 0.318684
273.833 0.491372
273.945 0.664414
274.057 0.835244
274.168 1.00602
274.28 1.17725
274.393 1.34891
274.507 1.52079
274.62 1.69297
274.735 1.86558
274.85 2.03845
274.965 2.21107
275.08 2.38403
275.196 2.55718
275.313 2.73003
275.429 2.90134
275.545 3.07165
275.661 3.24221
275.778 3.41257
275.895 3.58336
276.013 3.75449
276.131 3.92545
276.25 4.09617
276.369 4.26719
276.488 4.43863
276.608 4.61024
276.728 4.78193
276.849 4.95399
276.968 5.12548
277.087 5.29557
277.205 5.46603
277.325 5.63682
277.445 5.80789
277.565 5.97937
277.686 6.15126
277.808 6.3235
277.93 6.49598
278.052 6.66748
278.175 6.83919
278.298 7.01113
278.421 7.18349
278.545 7.35625
278.67 7.52903
278.794 7.70108
278.919 7.87353
279.045 8.04639
279.171 8.21965
279.298 8.39331
279.425 8.56738
279.553 8.74184
279.682 8.91671
279.81 9.09053
279.939 9.2647
280.068 9.43866
280.198 9.6125
280.328 9.78641
280.458 9.95963
280.588 10.1332
280.719 10.307
280.851 10.4813
280.983 10.6559
281.116 10.8309
281.249 11.0063
281.383 11.1821
281.517 11.3582
281.652 11.5347
281.788 11.7116
281.924 11.8889
282.061 12.0665
282.198 12.2441
282.336 12.422
282.474 12.6002
282.612 12.7787
282.75 12.9546
282.889 13.1309
283.028 13.3076
283.167 13.4846
283.307 13.6618
283.447 13.839
283.587 14.0161
283.728 14.1936
283.869 14.3715
284.01 14.5482
284.151 14.7247
284.293 14.9014
284.436 15.0786
284.578 15.2552
284.721 15.4317
284.865 15.6086
285.009 15.7859
285.154 15.9635
285.299 16.1415
285.445 16.3199
285.591 16.4985
285.738 16.6773
285.885 16.8565
286.033 17.0361
286.182 17.2161
286.331 17.3964
286.481 17.577
286.631 17.7577
286.782 17.9388
286.931 18.1172
287.081 18.2956
287.232 18.4734
287.382 18.6504
287.532 18.8276
287.683 19.0048
287.834 19.1809
287.986 19.3573
288.138 19.5342
288.29 19.7114
288.443 19.8885
288.597 20.0659
288.751 20.2436
288.906 20.4217
289.061 20.6002
289.216 20.7787
289.372 20.9559
289.526 21.1305
289.681 21.3051
289.836 21.4798
289.992 21.6548
290.148 21.8302
290.305 22.006
290.462 22.182
290.62 22.3576
290.778 22.5335
290.936 22.7094
291.095 22.8854
291.255 23.0617
291.414 23.2377
291.575 23.4139
291.735 23.59
291.896 23.7661
292.057 23.9414
292.218 24.1162
292.379 24.2914
292.541 24.4667
292.704 24.6424
292.867 24.8181
293.029 24.9911
293.191 25.1645
293.354 25.3382
293.518 25.5122
293.682 25.6864
293.846 25.8596
294.009 26.0311
294.173 26.2026
294.337 26.3745
294.501 26.545
294.665 26.7156
294.829 26.886
294.994 27.0561
295.159 27.2263
295.325 27.3969
295.491 27.5672
295.657 27.7365
295.823 27.906
295.99 28.0755
296.155 28.243
296.322 28.4108
296.489 28.5788
296.656 28.7471
296.822 28.9124
296.989 29.078
297.156 29.2439
297.323 29.4095
297.489 29.5728
297.656 29.7364
297.822 29.8982
297.988 30.0601
298.155 30.2223
298.323 30.3848
298.491 30.5476
298.66 30.7107
298.829 30.8741
298.999 31.0378
299.169 31.2018
299.34 31.366
299.511 31.5305
299.683 31.6954
299.855 31.8605
300.028 32.0259
300.201 32.1915
300.374 32.357
300.547 32.5228
300.721 32.6888
300.895 32.8552
301.07 33.0219
301.245 33.1888
301.421 33.356
301.598 33.5235
301.775 33.6913
301.953 33.8594
302.131 34.0278
302.309 34.1965
302.489 34.3654
302.668 34.5347
302.848 34.7041
303.029 34.8738
303.21 35.0438
303.392 35.2141
303.574 35.3846
303.756 35.5555
303.94 35.7266
304.124 35.8981
304.308 36.0698
304.493 36.2418
304.678 36.4141
304.865 36.5867
305.051 36.7596
305.238 36.9328
305.426 37.1062
305.615 37.28
305.804 37.454
305.993 37.6283
306.183 37.8029
306.374 37.9778
306.565 38.153
306.757 38.3285
306.949 38.5043
307.142 38.6804
307.335 38.8567
307.529 39.0333
307.724 39.2103
307.919 39.3875
308.115 39.565
308.311 39.7428
308.508 39.9209
308.706 40.0992
308.904 40.2779
309.103 40.4569
309.302 40.6361
309.502 40.8156
309.702 40.9954
309.903 41.1755
310.105 41.3559
310.307 41.5366
310.51 41.7176
310.713 41.8988
310.917 42.0804
311.121 42.2622
311.327 42.4443
311.532 42.6267
311.739 42.8094
311.946 42.9924
312.153 43.1757
312.361 43.3593
312.57 43.5431
312.779 43.7272
312.989 43.9117
313.2 44.0964
313.411 44.2814
313.622 44.4667
313.835 44.6523
314.048 44.8381
314.261 45.0243
314.475 45.2107
314.69 45.3975
314.905 45.5845
315.121 45.7718
315.338 45.9594
315.555 46.1473
315.773 46.3354
315.99 46.5237
316.208 46.7122
316.427 46.901
316.646 47.09
316.865 47.2794
317.086 47.469
317.307 47.6589
317.528 47.8491
317.75 48.0396
317.973 48.2304
318.196 48.4215
318.42 48.6128
318.645 48.8045
318.87 48.9964
319.096 49.1887
319.323 49.3812
319.55 49.574
319.778 49.767
320.006 49.9604
320.235 50.1541
320.465 50.348
320.695 50.5422
320.926 50.7368
321.157 50.9316
321.39 51.1267
321.622 51.322
321.856 51.5177
322.09 51.7137
322.323 51.8712
322.555 52.0112
322.785 52.1478
323.015 52.2844
323.246 52.4211
323.477 52.5581
323.709 52.6953
323.94 52.831
324.171 52.9658
324.402 53.1008
324.634 53.236
324.867 53.3714
325.1 53.507
325.318 53.6265
325.523 53.7321
325.729 53.8375
325.935 53.943
326.142 54.0487
326.319 54.1234
326.453 54.1536
326.587 54.1839
326.721 54.2141
326.855 54.2445
326.99 54.2749
327.125 54.3053
327.26 54.3357
327.395 54.3662
327.53 54.3968
327.665 54.4274
327.801 54.458
327.936 54.4887
328.072 54.5194
328.208 54.5502
328.345 54.581
328.469 54.6002
328.588 54.6137
328.707 54.6273
328.826 54.6409
328.945 54.6546
329.064 54.6682
329.183 54.6819
329.302 54.6955
329.422 54.7092
329.541 54.723
329.661 54.7367
329.78 54.7505
329.9 54.7643
330.02 54.7781
330.14 54.7919
330.26 54.8057
330.38 54.8196
330.5 54.8335
330.62 54.8474
330.74 54.8613
330.861 54.8752
330.981 54.8892
331.102 54.9032
331.222 54.9172
331.337 54.9284
331.452 54.9395
331.568 54.9506
331.683 54.9617
331.798 54.9728
331.913 54.984
332.029 54.9952
332.144 55.0063
332.26 55.0176
332.375 55.0288
332.491 55.04
332.607 55.0513
332.722 55.0626
332.838 55.0739
332.954 55.0852
333.07 55.0965
333.186 55.1079
333.302 55.1192
333.419 55.1306
333.535 55.142
333.651 55.1534
333.768 55.1649
333.884 55.1763
334.001 55.1878
334.118 55.1993
334.235 55.2108
334.351 55.2223
334.468 55.2339
334.585 55.2455
334.702 55.257
334.82 55.2686
334.937 55.2803
335.054 55.2919
335.171 55.3035
335.289 55.3152
335.406 55.3269
335.524 55.3386
335.642 55.3503
335.759 55.3621
335.877 55.3738
335.995 55.3856
336.113 55.3973
336.231 55.409
336.349 55.4208
336.468 55.4324
336.586 55.4441
336.704 55.4558
336.823 55.4675
336.941 55.4791
337.06 55.4908
337.178 55.5025
337.297 55.5143
337.416 55.526
337.535 55.5379
337.654 55.5498
337.773 55.5617
337.892 55.5737
338.011 55.5857
338.13 55.5982
338.25 55.6107
338.369 55.6233
338.489 55.6358
338.608 55.6484
338.728 55.6609
338.848 55.6735
338.967 55.6862
339.086 55.698
339.203 55.7095
339.321 55.721
339.439 55.7326
339.557 55.7441
339.675 55.7557
339.793 55.7673
339.911 55.7789
340.029 55.7905
340.147 55.8021
340.266 55.8138
340.384 55.8255
340.503 55.8372
340.621 55.8489
340.74 55.8606
340.858 55.8723
340.977 55.8841
341.096 55.8958
341.215 55.9076
341.334 55.9194
341.453 55.9313
341.572 55.9431
341.691 55.9549
341.811 55.9668
341.93 55.9787
342.049 55.9906
342.169 56.0025
342.289 56.0144
342.408 56.0264
342.528 56.0384
342.648 56.0503
342.768 56.0623
342.888 56.0744
343.008 56.0864
343.128 56.0984
343.246 56.1098
343.365 56.1212
343.484 56.1326
343.603 56.1441
343.722 56.1555
343.841 56.167
343.96 56.1785
344.08 56.19
344.199 56.2015
344.318 56.2131
344.438 56.2246
344.557 56.2362
344.677 56.2478
344.797 56.2594
344.916 56.271
345.036 56.2826
345.156 56.2943
345.276 56.3059
345.396 56.3176
345.516 56.3293
345.637 56.341
345.757 56.3527
345.877 56.3645
345.998 56.3762
346.118 56.388
346.239 56.3998
346.359 56.4116
346.48 56.4234
346.601 56.4353
346.722 56.4471
346.843 56.459
346.964 56.4709
347.085 56.4828
347.206 56.4947
347.327 56.5066
347.448 56.5186
347.57 56.5305
347.691 56.5425
347.813 56.5545
347.934 56.5665
348.056 56.5786
348.178 56.5906
348.3 56.6027
348.422 56.6147
348.544 56.6268
348.666 56.6389
348.788 56.6511
348.91 56.6632
349.032 56.6754
349.155 56.6875
349.277 56.6997
349.4 56.7119
349.522 56.7241
349.645 56.7364
349.768 56.7486
349.89 56.7609
350.013 56.7732
350.136 56.7855
350.259 56.7978
350.382 56.8101
350.506 56.8224
350.629 56.8348
350.752 56.8472
350.876 56.8596
350.999 56.872
351.123 56.8844
351.246 56.8968
351.37 56.9093
351.494 56.9217
351.618 56.9342
351.742 56.9467
351.866 56.9593
351.99 56.9718
352.114 56.9843
352.238 56.9969
352.363 57.0095
352.487 57.0221
352.612 57.0347
352.736 57.0473
352.861 57.06
352.986 57.0726
353.11 57.0853
353.235 57.098
353.36 57.1107
353.485 57.1234
353.611 57.1361
353.736 57.1489
353.861 57.1617
353.986 57.1744
354.112 57.1872
354.237 57.2001
354.363 57.2129
354.489 57.2257
354.614 57.2386
354.74 57.2515
354.865 57.2638
354.989 57.2759
355.113 57.2879
355.237 57.2999
355.362 57.312
355.486 57.324
355.61 57.3361
355.735 57.3482
355.859 57.3603
355.984 57.3724
356.109 57.3846
356.233 57.3967
356.358 57.4089
356.483 57.4211
356.608 57.4332
356.733 57.4455
356.858 57.4577
356.984 57.4699
357.109 57.4822
357.234 57.4944
357.36 57.5067
357.485 57.519
357.611 57.5313
357.736 57.5437
357.862 57.556
357.988 57.5684
358.114 57.5808
358.24 57.5931
358.366 57.6055
358.492 57.618
358.618 57.6304
358.745 57.6429
358.871 57.6553
358.997 57.6678
359.124 57.6803
359.251 57.6928
359.377 57.7053
359.504 57.7179
359.631 57.7304
359.758 57.743
359.885 57.7556
360.012 57.7682
360.139 57.7808
360.266 57.7934
360.393 57.806
360.521 57.8187
360.648 57.8314
360.776 57.844
360.903 57.8567
361.031 57.8695
361.159 57.8822
361.286 57.8949
361.414 57.9077
361.542 57.9205
361.67 57.9333
361.799 57.9461
361.927 57.9589
362.055 57.9717
362.183 57.9846
362.312 57.9974
362.44 58.01
362.568 58.0226
362.696 58.0352
362.824 58.0478
362.952 58.0604
363.08 58.0731
363.208 58.0858
363.337 58.0984
363.465 58.1111
363.594 58.1239
363.722 58.1366
363.851 58.1493
363.98 58.1621
364.109 58.1749
364.238 58.1876
364.367 58.2004
364.496 58.2133
364.625 58.2261
364.754 58.2389
364.884 58.2518
365.013 58.2647
365.143 58.2776
365.272 58.2905
365.402 58.3034
365.531 58.3163
365.661 58.3293
365.791 58.3422
365.921 58.3552
366.051 58.3682
366.181 58.3812
366.312 58.3942
366.442 58.4073
366.572 58.4203
366.703 58.4334
366.833 58.4465
366.964 58.4595
367.094 58.4727
367.225 58.4858
367.356 58.4989
367.487 58.5121
367.618 58.5252
367.749 58.5384
367.88 58.5516
368.011 58.5256
368.142 58.4973
368.272 58.4684
368.403 58.4395
368.534 58.4105
368.665 58.3816
368.796 58.3526
368.928 58.3236
369.059 58.2946
369.19 58.2656
369.322 58.2366
369.453 58.2075
369.585 58.1784
369.717 58.1493
369.848 58.1202
369.98 58.091
370.112 58.0619
370.244 58.0327
370.376 58.0035
370.508 57.9743
370.641 57.9451
370.773 57.9158
370.905 57.8865
371.038 57.8573
371.171 57.8279
371.303 57.7986
371.436 57.7693
371.569 57.7399
371.702 57.7105
371.835 57.6811
371.968 57.6517
372.101 57.6223
372.234 57.5928
372.363 57.5652
372.492 57.538
372.62 57.5108
372.749 57.4836
372.877 57.4563
373.006 57.4291
373.135 57.4018
373.264 57.3745
373.393 57.3472
373.521 57.3199
373.651 57.2925
373.78 57.2652
373.909 57.2378
374.038 57.2104
374.167 57.183
374.297 57.1537
374.422 57.0242
374.547 56.8947
374.672 56.765
374.797 56.6353
374.923 56.5055
375.048 56.3756
375.173 56.2456
375.299 56.1156
375.424 55.9854
375.55 55.8552
375.676 55.7248
375.801 55.5944
375.927 55.4639
376.053 55.3333
376.179 55.2027
376.305 55.0719
376.431 54.9411
376.557 54.8101
376.683 54.6791
376.809 54.548
376.936 54.4168
377.062 54.2856
377.189 54.1542
377.315 54.0228
377.442 53.8912
377.568 53.7596
377.695 53.6279
377.822 53.4961
377.948 53.3642
378.075 53.2323
378.202 53.1002
378.329 52.9681
378.456 52.8359
378.583 52.7035
378.711 52.5712
378.838 52.4387
378.965 52.3061
379.092 52.1734
379.22 52.0407
379.347 51.9079
379.475 51.775
379.603 51.642
379.73 51.5089
379.858 51.3757
379.986 51.2425
380.114 51.1091
380.242 50.9757
380.37 50.8422
380.498 50.7086
380.626 50.5749
380.754 50.4411
380.882 50.3072
381.011 50.1733
381.139 50.0392
381.268 49.9051
381.396 49.7709
381.523 49.6825
381.647 49.7237
381.77 49.7649
381.894 49.8062
382.017 49.8476
382.141 49.889
382.265 49.9304
382.389 49.9719
382.513 50.0134
382.636 50.055
382.76 50.0966
382.884 50.1383
383.008 50.1799
383.133 50.2217
383.257 50.2635
383.381 50.3053
383.505 50.3472
383.63 50.3891
383.754 50.431
383.878 50.473
384.003 50.5151
384.127 50.5572
384.252 50.5993
384.377 50.6415
384.501 50.6837
384.626 50.7259
384.751 50.7682
384.876 50.8106
385.001 50.853
385.126 50.8954
385.251 50.9379
385.376 50.9804
385.501 51.0229
385.626 51.0655
385.751 51.1082
385.877 51.1509
386.002 51.1936
386.128 51.2364
386.253 51.2792
386.379 51.322
386.504 51.3649
386.63 51.4079
386.755 51.4509
386.879 51.4891
387.002 51.5274
387.125 51.5656
387.248 51.6039
387.371 51.6422
387.494 51.6806
387.617 51.719
387.741 51.7575
387.864 51.796
387.986 51.842
388.108 51.8882
388.23 51.9345
388.351 51.9809
388.473 52.026
388.594 52.0708
388.715 52.1156
388.836 52.1604
388.957 52.2053
389.079 52.2502
389.2 52.2951
389.321 52.3401
389.443 52.3852
389.564 52.4303
389.686 52.4754
389.807 52.5206
389.929 52.5658
390.051 52.6111
390.172 52.6564
390.294 52.7017
390.416 52.7471
390.538 52.7925
390.66 52.838
390.782 52.8835
390.904 52.9291
391.026 52.9747
391.148 53.0204
391.27 53.066
391.392 53.1118
391.514 53.1576
391.637 53.2034
391.759 53.2492
391.881 53.2951
392.004 53.3411
392.126 53.3871
392.249 53.4331
392.371 53.4792
392.494 53.5253
392.616 53.5715
392.739 53.6177
392.862 53.6639
392.985 53.7102
393.107 53.7565
393.23 53.8029
393.353 53.8493
393.476 53.8958
393.599 53.9423
393.722 53.9889
393.845 54.0354
393.969 54.0821
394.092 54.1288
394.215 54.1755
394.338 54.2222
394.462 54.269
394.583 54.3052
394.702 54.3353
394.822 54.3653
394.942 54.3955
395.062 54.4256
395.181 54.4558
395.301 54.486
395.421 54.5162
395.541 54.5465
395.661 54.5768
395.781 54.6071
395.901 54.6375
396.021 54.6679
396.141 54.6983
396.261 54.7288
396.382 54.7593
396.502 54.7898
396.622 54.8203
396.742 54.8509
396.863 54.8815
396.983 54.9122
397.102 54.9403
397.22 54.9666
397.338 54.993
397.455 55.0194
397.573 55.0458
397.691 55.0722
397.809 55.0987
397.927 55.1252
398.045 55.1517
398.163 55.1783
398.281 55.2048
398.399 55.2315
398.517 55.2581
398.635 55.2848
398.754 55.3115
398.872 55.3382
398.99 55.3645
399.107 55.3892
399.224 55.4139
399.341 55.4386
399.458 55.4634
399.575 55.4883
399.692 55.5131
399.809 55.538
399.927 55.5629
400.044 55.5878
400.161 55.6127
400.278 55.6377
400.396 55.6627
400.513 55.6878
400.631 55.7128
400.748 55.7379
400.866 55.763
400.983 55.7882
401.101 55.8134
401.218 55.8386
401.336 55.8638
401.454 55.889
401.571 55.9143
401.689 55.9396
401.807 55.965
401.925 55.9903
402.043 56.0157
402.16 56.0411
402.278 56.0666
402.396 56.0921
402.514 56.1174
402.631 56.1415
402.748 56.1657
402.866 56.19
402.983 56.2142
403.1 56.2385
403.218 56.2628
403.335 56.2872
403.452 56.3115
403.57 56.3359
403.687 56.3603
403.805 56.3848
403.922 56.4092
404.04 56.4337
404.157 56.4583
404.275 56.4828
404.392 56.5074
404.51 56.532
404.628 56.5566
404.746 56.5813
404.863 56.6059
404.981 56.6297
405.098 56.6531
405.215 56.6765
405.332 56.7
405.449 56.7235
405.566 56.747
405.683 56.7706
405.8 56.7942
405.917 56.8178
406.035 56.8414
406.152 56.865
406.269 56.8887
406.387 56.9124
406.504 56.9361
406.621 56.9599
406.739 56.9837
406.856 57.0075
406.974 57.0313
407.091 57.0552
407.209 57.0791
407.327 57.103
407.444 57.1269
407.562 57.1509
407.68 57.1748
407.797 57.1988
407.915 57.2229
408.033 57.2469
408.151 57.271
408.269 57.2951
408.387 57.3193
408.505 57.3434
408.623 57.3676
408.741 57.3918
408.859 57.4161
408.977 57.4404
409.095 57.4646
409.213 57.489
409.331 57.5133
409.449 57.5377
409.567 57.5611
409.684 57.5841
409.802 57.6071
409.919 57.6301
410.036 57.6531
410.154 57.6761
410.271 57.6992
410.389 57.7223
410.506 57.7454
410.624 57.7686
410.741 57.7918
410.859 57.815
410.977 57.8382
411.094 57.8614
411.212 57.8847
411.33 57.908
411.448 57.9313
411.566 57.9547
411.683 57.9781
411.801 58.0015
411.919 58.0249
412.037 58.0483
412.155 58.0718
412.273 58.0953
412.391 58.1188
412.509 58.1424
412.627 58.1659
412.746 58.1895
412.864 58.2131
412.982 58.2368
413.1 58.2604
413.218 58.2841
413.337 58.3079
413.455 58.3316
413.573 58.3554
413.692 58.3791
413.81 58.403
413.929 58.4268
414.047 58.4507
414.166 58.4746
414.284 58.4985
414.403 58.5224
414.522 58.5464
414.64 58.5703
414.759 58.5944
414.878 58.6184
414.996 58.6425
415.115 58.6665
415.234 58.6906
415.353 58.7148
415.472 58.7389
415.591 58.7631
415.71 58.7873
415.829 58.8116
415.948 58.8358
416.067 58.8601
416.186 58.8844
416.305 58.9087
416.424 58.9331
416.543 58.9575
416.663 58.9819
416.782 59.0063
416.901 59.0307
417.02 59.0563
417.139 59.0824
417.258 59.1085
417.377 59.1347
417.496 59.1608
417.615 59.187
417.734 59.2133
417.853 59.2395
417.972 59.2658
418.091 59.2921
418.21 59.3184
418.329 59.3448
418.449 59.3712
418.568 59.3976
418.687 59.424
418.807 59.4505
418.926 59.477
419.045 59.5035
419.165 59.53
419.284 59.5566
419.404 59.5831
419.523 59.6098
419.643 59.6364
419.762 59.663
419.882 59.6897
420.002 59.7164
420.121 59.7432
420.241 59.7699
420.361 59.7967
420.481 59.8235
420.6 59.8504
420.72 59.8772
420.84 59.9041
420.96 59.931
421.08 59.958
421.2 59.9849
421.32 60.0119
421.44 60.0389
421.56 60.066
421.68 60.093
421.8 60.1201
421.921 60.1472
422.041 60.1744
422.161 60.2015
422.281 60.2287
422.402 60.2559
422.522 60.2832
422.642 60.3104
422.763 60.3377
422.883 60.365
423.004 60.3924
423.124 60.4197
423.245 60.4471
423.366 60.4745
423.486 60.502
423.607 60.5295
423.728 60.5569
423.848 60.5845
423.969 60.612
424.09 60.6396
424.211 60.6672
424.332 60.6948
424.452 60.7224
424.573 60.7501
424.694 60.7778
424.815 60.8055
424.936 60.8332
425.057 60.861
425.179 60.8888
425.3 60.9166
425.421 60.9444
425.542 60.9723
425.663 61.0002
425.785 61.0281
425.906 61.0561
426.027 61.084
426.149 61.112
426.27 61.14
426.391 61.1681
426.513 61.1962
426.635 61.2242
426.756 61.2524
426.878 61.2805
426.999 61.3087
427.121 61.3369
427.243 61.3651
427.364 61.3933
427.486 61.4216
427.608 61.4499
427.73 61.4782
427.852 61.5066
427.974 61.5349
428.095 61.5633
428.217 61.5917
428.339 61.6202
428.461 61.6486
428.584 61.6771
428.706 61.7057
428.828 61.7342
428.95 61.7628
429.072 61.7914
429.194 61.82
429.317 61.8486
429.439 61.8773
429.561 61.906
429.684 61.9347
429.806 61.9635
429.929 61.9922
430.051 62.021
430.174 62.0498
430.296 62.0787
430.419 62.1076
430.542 62.1364
430.664 62.1654
430.787 62.1943
430.91 62.2233
431.032 62.2523
431.155 62.2813
431.278 62.3103
431.401 62.3394
431.524 62.3685
431.645 62.3954
431.766 62.421
431.887 62.4467
432.007 62.4723
432.128 62.498
432.249 62.5237
432.37 62.5494
432.49 62.5752
432.611 62.6009
432.732 62.6267
432.853 62.6525
432.974 62.6783
433.095 62.7042
433.216 62.7301
433.337 62.756
433.458 62.7819
433.579 62.8078
433.7 62.8338
433.821 62.8598
433.943 62.8858
434.064 62.9118
434.185 62.9379
434.306 62.964
434.428 62.9901
434.549 63.0162
434.67 63.0424
434.79 63.0645
434.909 63.0864
435.027 63.1022
435.145 63.116
435.263 63.1298
435.38 63.1437
435.498 63.1576
435.616 63.1715
435.734 63.1854
435.851 63.1993
435.969 63.2133
436.087 63.2272
436.205 63.2412
436.323 63.2552
436.441 63.2692
436.559 63.2832
436.677 63.2973
436.795 63.3113
436.913 63.3254
437.031 63.3395
437.149 63.3536
437.267 63.3677
437.385 63.3818
437.504 63.396
437.622 63.4101
437.74 63.4243
437.858 63.4385
437.977 63.4527
438.095 63.4669
438.213 63.4812
438.332 63.4954
438.45 63.5097
438.568 63.524
438.687 63.5383
438.805 63.5526
438.924 63.567
439.042 63.5813
439.161 63.5957
439.279 63.6101
439.398 63.6245
439.517 63.6389
439.635 63.6533
439.754 63.6678
439.873 63.6822
439.991 63.6967
440.11 63.7112
440.229 63.7257
440.348 63.7402
440.466 63.7548
440.585 63.7693
440.704 63.7839
440.822 63.7956
440.94 63.8049
441.058 63.8142
441.176 63.8236
441.294 63.833
441.411 63.8423
441.529 63.8517
441.647 63.8611
441.765 63.8705
441.883 63.88
442.001 63.8894
442.119 63.8988
442.237 63.9083
442.355 63.9178
442.473 63.9273
442.591 63.9368
442.709 63.9463
442.828 63.9558
442.946 63.9654
443.064 63.9749
443.182 63.9845
443.3 63.9941
443.419 64.0037
443.537 64.0133
443.655 64.0229
443.774 64.0325
443.892 64.0421
444.011 64.0518
444.129 64.0615
444.247 64.0711
444.366 64.0808
444.484 64.0905
444.603 64.1003
444.721 64.11
444.84 64.1197
444.959 64.1295
445.077 64.1393
445.196 64.149
445.315 64.1588
445.433 64.1686
445.552 64.1785
445.671 64.1883
445.789 64.1981
445.908 64.208
446.027 64.2179
446.146 64.2278
446.265 64.2377
446.384 64.2476
446.503 64.2575
446.622 64.2674
446.741 64.2774
446.86 64.2873
446.979 64.2973
447.098 64.3073
447.217 64.3173
447.334 64.3257
447.451 64.3333
447.568 64.3409
447.684 64.3483
447.801 64.3556
447.917 64.3629
448.034 64.3702
448.15 64.3776
448.267 64.3849
448.383 64.3923
448.5 64.3997
448.616 64.407
448.733 64.4144
448.849 64.4218
448.966 64.4292
449.083 64.4367
449.199 64.4441
449.316 64.4515
449.433 64.459
449.55 64.4665
449.666 64.4739
449.783 64.4814
449.9 64.4889
450.017 64.4965
450.134 64.504
450.251 64.5115
450.367 64.5191
450.484 64.5266
450.601 64.5342
450.718 64.5418
450.835 64.5494
450.952 64.557
451.069 64.5646
451.186 64.5722
451.303 64.5799
451.42 64.5875
451.538 64.5952
451.655 64.6028
451.772 64.6105
451.889 64.6182
452.006 64.6259
452.123 64.6336
452.241 64.6414
452.358 64.6491
452.475 64.6568
452.593 64.6646
452.71 64.6724
452.827 64.6802
452.945 64.688
453.062 64.6958
453.179 64.7036
453.297 64.7114
453.414 64.7193
453.532 64.7271
453.649 64.735
453.767 64.7428
453.884 64.7507
454.002 64.7586
454.119 64.7665
454.237 64.7744
454.355 64.7824
454.472 64.7903
454.59 64.7983
454.708 64.8062
454.825 64.8142
454.943 64.8222
455.061 64.8302
455.179 64.8382
455.296 64.8462
455.414 64.8542
455.532 64.8623
455.65 64.8703
455.768 64.8784
455.886 64.8865
456.004 64.8946
456.122 64.9027
456.24 64.9108
456.358 64.9189
456.476 64.927
456.594 64.9352
456.712 64.9433
456.83 64.9515
456.948 64.9596
457.066 64.9678
457.184 64.976
457.303 64.9842
457.421 64.9925
457.539 65.0007
457.657 65.0089
457.775 65.0172
457.894 65.0255
458.012 65.0337
458.13 65.042
458.249 65.0503
458.367 65.0586
458.486 65.0669
458.604 65.0753
458.722 65.0836
458.841 65.092
458.959 65.1003
459.078 65.1087
459.196 65.1171
459.315 65.1255
459.434 65.1339
459.552 65.1423
459.671 65.1508
459.789 65.1592
459.908 65.1677
460.027 65.1761
460.145 65.1846
460.264 65.1931
460.383 65.2016
460.502 65.2101
460.621 65.2186
460.739 65.2272
460.858 65.2357
460.977 65.2442
461.096 65.2528
461.215 65.2614
461.334 65.27
461.453 65.2786
461.572 65.2872
461.691 65.2958
461.81 65.3044
461.929 65.3131
462.048 65.3217
462.167 65.3304
462.286 65.3391
462.405 65.3478
462.525 65.3565
462.644 65.3652
462.763 65.3739
462.881 65.3765
462.999 65.3772
463.116 65.378
463.234 65.3788
463.352 65.3796
463.469 65.3804
463.587 65.3812
463.705 65.3821
463.823 65.3829
463.94 65.3837
464.058 65.3846
464.176 65.3854
464.294 65.3863
464.412 65.3871
464.53 65.388
464.648 65.3889
464.765 65.3898
464.883 65.3906
465.001 65.3915
465.119 65.3924
465.237 65.3934
465.355 65.3943
465.474 65.3952
465.592 65.3961
465.71 65.3971
465.828 65.398
465.946 65.399
466.064 65.3999
466.182 65.4009
466.301 65.4019
466.419 65.4028
466.536 65.4031
466.653 65.4033
466.77 65.4035
466.887 65.4037
467.005 65.4039
467.122 65.4041
467.239 65.4044
467.356 65.4046
467.473 65.4048
467.591 65.4051
467.708 65.4053
467.825 65.4056
467.942 65.4058
468.06 65.4061
468.177 65.4064
468.295 65.4067
468.412 65.4069
468.529 65.4072
468.647 65.4075
468.764 65.4078
468.882 65.4082
468.999 65.4085
469.117 65.4088
469.234 65.4091
469.352 65.4095
469.469 65.4098
469.587 65.4102
469.704 65.4105
469.822 65.4109
469.94 65.4113
470.057 65.4117
